2023-11-06 06:40:04,012 - root - INFO - Initiating present weather
2023-11-06 06:40:04,017 - urllib3.connectionpool - DEBUG - Starting new HTTPS connection (1): radar.bmkg.go.id:8060
2023-11-06 06:40:09,095 - urllib3.connectionpool - DEBUG - https://radar.bmkg.go.id:8060 "GET /getRadarGeotif?token=19387e71e78522ae4172ec0fda640983b8438c9cfa0ca571623cb69d8327&radar=amandemenForecast&type=latest HTTP/1.1" 200 90
2023-11-06 06:40:09,098 - rasterio.env - DEBUG - Entering env context: <rasterio.env.Env object at 0x7f3d54885fa0>
2023-11-06 06:40:09,099 - rasterio.env - DEBUG - Starting outermost env
2023-11-06 06:40:09,099 - rasterio.env - DEBUG - No GDAL environment exists
2023-11-06 06:40:09,099 - rasterio.env - DEBUG - New GDAL environment <rasterio._env.GDALEnv object at 0x7f3d022aa0e0> created
2023-11-06 06:40:09,104 - rasterio._filepath - DEBUG - Installing FilePath filesystem handler plugin...
2023-11-06 06:40:09,104 - rasterio._env - DEBUG - GDAL data found in package: path='/home/swx/miniconda3/envs/present_weather/lib/python3.12/site-packages/rasterio/gdal_data'.
2023-11-06 06:40:09,104 - rasterio._env - DEBUG - PROJ_LIB found in environment.
2023-11-06 06:40:09,105 - rasterio._env - DEBUG - Started GDALEnv: self=<rasterio._env.GDALEnv object at 0x7f3d022aa0e0>.
2023-11-06 06:40:09,105 - rasterio.env - DEBUG - Entered env context: <rasterio.env.Env object at 0x7f3d54885fa0>
2023-11-06 06:40:09,105 - rasterio._base - DEBUG - Sharing flag: 0
2023-11-06 06:40:09,276 - rasterio._base - DEBUG - Nodata success: 1, Nodata value: nan
2023-11-06 06:40:09,276 - rasterio._base - DEBUG - Dataset <open DatasetReader name='https://radar.bmkg.go.id/raster/radarsatelit_202311060620.tif' mode='r'> is started.
2023-11-06 06:40:09,276 - rasterio.env - DEBUG - Exiting env context: <rasterio.env.Env object at 0x7f3d54885fa0>
2023-11-06 06:40:09,276 - rasterio.env - DEBUG - Cleared existing <rasterio._env.GDALEnv object at 0x7f3d022aa0e0> options
2023-11-06 06:40:09,277 - rasterio._env - DEBUG - Stopped GDALEnv <rasterio._env.GDALEnv object at 0x7f3d022aa0e0>.
2023-11-06 06:40:09,277 - rasterio.env - DEBUG - Exiting outermost env
2023-11-06 06:40:09,277 - rasterio.env - DEBUG - Exited env context: <rasterio.env.Env object at 0x7f3d54885fa0>
2023-11-06 06:40:09,277 - rasterio.env - DEBUG - Entering env context: <rasterio.env.Env object at 0x7f3d5d5880e0>
2023-11-06 06:40:09,277 - rasterio.env - DEBUG - Starting outermost env
2023-11-06 06:40:09,277 - rasterio.env - DEBUG - No GDAL environment exists
2023-11-06 06:40:09,277 - rasterio.env - DEBUG - New GDAL environment <rasterio._env.GDALEnv object at 0x7f3d0240f700> created
2023-11-06 06:40:09,278 - rasterio._env - DEBUG - GDAL data found in package: path='/home/swx/miniconda3/envs/present_weather/lib/python3.12/site-packages/rasterio/gdal_data'.
2023-11-06 06:40:09,278 - rasterio._env - DEBUG - PROJ_LIB found in environment.
2023-11-06 06:40:09,278 - rasterio._env - DEBUG - Started GDALEnv: self=<rasterio._env.GDALEnv object at 0x7f3d0240f700>.
2023-11-06 06:40:09,278 - rasterio.env - DEBUG - Entered env context: <rasterio.env.Env object at 0x7f3d5d5880e0>
2023-11-06 06:40:09,279 - rasterio.env - DEBUG - Got a copy of environment <rasterio._env.GDALEnv object at 0x7f3d0240f700> options
2023-11-06 06:40:09,279 - rasterio.env - DEBUG - Entering env context: <rasterio.env.Env object at 0x7f3d023b5730>
2023-11-06 06:40:09,279 - rasterio.env - DEBUG - Got a copy of environment <rasterio._env.GDALEnv object at 0x7f3d0240f700> options
2023-11-06 06:40:09,279 - rasterio.env - DEBUG - Entered env context: <rasterio.env.Env object at 0x7f3d023b5730>
2023-11-06 06:40:09,279 - rasterio._base - DEBUG - Sharing flag: 0
2023-11-06 06:40:09,280 - rasterio._base - DEBUG - Nodata success: 1, Nodata value: nan
2023-11-06 06:40:09,280 - rasterio._base - DEBUG - Dataset <open DatasetReader name='https://radar.bmkg.go.id/raster/radarsatelit_202311060620.tif' mode='r'> is started.
2023-11-06 06:40:09,280 - rasterio.env - DEBUG - Exiting env context: <rasterio.env.Env object at 0x7f3d023b5730>
2023-11-06 06:40:09,280 - rasterio.env - DEBUG - Cleared existing <rasterio._env.GDALEnv object at 0x7f3d0240f700> options
2023-11-06 06:40:09,280 - rasterio._env - DEBUG - Stopped GDALEnv <rasterio._env.GDALEnv object at 0x7f3d0240f700>.
2023-11-06 06:40:09,280 - rasterio.env - DEBUG - No GDAL environment exists
2023-11-06 06:40:09,280 - rasterio.env - DEBUG - New GDAL environment <rasterio._env.GDALEnv object at 0x7f3d0240f700> created
2023-11-06 06:40:09,281 - rasterio._env - DEBUG - GDAL data found in package: path='/home/swx/miniconda3/envs/present_weather/lib/python3.12/site-packages/rasterio/gdal_data'.
2023-11-06 06:40:09,281 - rasterio._env - DEBUG - PROJ_LIB found in environment.
2023-11-06 06:40:09,281 - rasterio._env - DEBUG - Started GDALEnv: self=<rasterio._env.GDALEnv object at 0x7f3d0240f700>.
2023-11-06 06:40:09,281 - rasterio.env - DEBUG - Exited env context: <rasterio.env.Env object at 0x7f3d023b5730>
2023-11-06 06:40:09,308 - rasterio._io - DEBUG - Output nodata value read from file: nan
2023-11-06 06:40:09,308 - rasterio._io - DEBUG - Output nodata values: [nan]
2023-11-06 06:40:09,308 - rasterio._io - DEBUG - all_valid: False
2023-11-06 06:40:09,308 - rasterio._io - DEBUG - mask_flags: ([<MaskFlags.nodata: 8>],)
2023-11-06 06:40:09,309 - rasterio._io - DEBUG - Jump straight to _read()
2023-11-06 06:40:09,309 - rasterio._io - DEBUG - Window: Window(col_off=0, row_off=0, width=10215, height=3792)
2023-11-06 06:40:09,309 - rasterio._io - DEBUG - IO window xoff=0.0 yoff=0.0 width=10215.0 height=3792.0
2023-11-06 06:40:10,102 - rasterio.env - DEBUG - Exiting env context: <rasterio.env.Env object at 0x7f3d5d5880e0>
2023-11-06 06:40:10,102 - rasterio.env - DEBUG - Cleared existing <rasterio._env.GDALEnv object at 0x7f3d0240f700> options
2023-11-06 06:40:10,102 - rasterio._env - DEBUG - Stopped GDALEnv <rasterio._env.GDALEnv object at 0x7f3d0240f700>.
2023-11-06 06:40:10,102 - rasterio.env - DEBUG - Exiting outermost env
2023-11-06 06:40:10,102 - rasterio.env - DEBUG - Exited env context: <rasterio.env.Env object at 0x7f3d5d5880e0>
2023-11-06 06:40:10,105 - urllib3.connectionpool - DEBUG - Starting new HTTPS connection (1): radar.bmkg.go.id:8060
2023-11-06 06:40:15,273 - urllib3.connectionpool - DEBUG - https://radar.bmkg.go.id:8060 "GET /getLatestLD?typeData=1 HTTP/1.1" 200 513374
2023-11-06 06:40:15,423 - asyncio - DEBUG - Using selector: EpollSelector
2023-11-06 06:40:22,159 - root - INFO - dask.bag<lambda, npartitions=34>
2023-11-06 06:50:28,340 - root - INFO - Total elapsed time: 0:10:24.329189
