2023-11-05 20:00:03,847 - root - INFO - Initiating present weather
2023-11-05 20:00:03,852 - urllib3.connectionpool - DEBUG - Starting new HTTPS connection (1): radar.bmkg.go.id:8060
2023-11-05 20:00:03,921 - urllib3.connectionpool - DEBUG - https://radar.bmkg.go.id:8060 "GET /getRadarGeotif?token=19387e71e78522ae4172ec0fda640983b8438c9cfa0ca571623cb69d8327&radar=amandemenForecast&type=latest HTTP/1.1" 200 90
2023-11-05 20:00:03,924 - rasterio.env - DEBUG - Entering env context: <rasterio.env.Env object at 0x7fdeab104680>
2023-11-05 20:00:03,924 - rasterio.env - DEBUG - Starting outermost env
2023-11-05 20:00:03,925 - rasterio.env - DEBUG - No GDAL environment exists
2023-11-05 20:00:03,925 - rasterio.env - DEBUG - New GDAL environment <rasterio._env.GDALEnv object at 0x7fdeab14a800> created
2023-11-05 20:00:03,929 - rasterio._filepath - DEBUG - Installing FilePath filesystem handler plugin...
2023-11-05 20:00:03,929 - rasterio._env - DEBUG - GDAL data found in package: path='/home/swx/miniconda3/envs/present_weather/lib/python3.12/site-packages/rasterio/gdal_data'.
2023-11-05 20:00:03,930 - rasterio._env - DEBUG - PROJ_LIB found in environment.
2023-11-05 20:00:03,930 - rasterio._env - DEBUG - Started GDALEnv: self=<rasterio._env.GDALEnv object at 0x7fdeab14a800>.
2023-11-05 20:00:03,930 - rasterio.env - DEBUG - Entered env context: <rasterio.env.Env object at 0x7fdeab104680>
2023-11-05 20:00:03,930 - rasterio._base - DEBUG - Sharing flag: 0
2023-11-05 20:00:04,089 - rasterio._base - DEBUG - Nodata success: 1, Nodata value: nan
2023-11-05 20:00:04,089 - rasterio._base - DEBUG - Dataset <open DatasetReader name='https://radar.bmkg.go.id/raster/radarsatelit_202311051940.tif' mode='r'> is started.
2023-11-05 20:00:04,089 - rasterio.env - DEBUG - Exiting env context: <rasterio.env.Env object at 0x7fdeab104680>
2023-11-05 20:00:04,089 - rasterio.env - DEBUG - Cleared existing <rasterio._env.GDALEnv object at 0x7fdeab14a800> options
2023-11-05 20:00:04,090 - rasterio._env - DEBUG - Stopped GDALEnv <rasterio._env.GDALEnv object at 0x7fdeab14a800>.
2023-11-05 20:00:04,090 - rasterio.env - DEBUG - Exiting outermost env
2023-11-05 20:00:04,090 - rasterio.env - DEBUG - Exited env context: <rasterio.env.Env object at 0x7fdeab104680>
2023-11-05 20:00:04,090 - rasterio.env - DEBUG - Entering env context: <rasterio.env.Env object at 0x7fdecc00e4e0>
2023-11-05 20:00:04,090 - rasterio.env - DEBUG - Starting outermost env
2023-11-05 20:00:04,090 - rasterio.env - DEBUG - No GDAL environment exists
2023-11-05 20:00:04,090 - rasterio.env - DEBUG - New GDAL environment <rasterio._env.GDALEnv object at 0x7fdeab14a800> created
2023-11-05 20:00:04,091 - rasterio._env - DEBUG - GDAL data found in package: path='/home/swx/miniconda3/envs/present_weather/lib/python3.12/site-packages/rasterio/gdal_data'.
2023-11-05 20:00:04,091 - rasterio._env - DEBUG - PROJ_LIB found in environment.
2023-11-05 20:00:04,091 - rasterio._env - DEBUG - Started GDALEnv: self=<rasterio._env.GDALEnv object at 0x7fdeab14a800>.
2023-11-05 20:00:04,091 - rasterio.env - DEBUG - Entered env context: <rasterio.env.Env object at 0x7fdecc00e4e0>
2023-11-05 20:00:04,091 - rasterio.env - DEBUG - Got a copy of environment <rasterio._env.GDALEnv object at 0x7fdeab14a800> options
2023-11-05 20:00:04,092 - rasterio.env - DEBUG - Entering env context: <rasterio.env.Env object at 0x7fdecc04b3e0>
2023-11-05 20:00:04,092 - rasterio.env - DEBUG - Got a copy of environment <rasterio._env.GDALEnv object at 0x7fdeab14a800> options
2023-11-05 20:00:04,092 - rasterio.env - DEBUG - Entered env context: <rasterio.env.Env object at 0x7fdecc04b3e0>
2023-11-05 20:00:04,092 - rasterio._base - DEBUG - Sharing flag: 0
2023-11-05 20:00:04,093 - rasterio._base - DEBUG - Nodata success: 1, Nodata value: nan
2023-11-05 20:00:04,093 - rasterio._base - DEBUG - Dataset <open DatasetReader name='https://radar.bmkg.go.id/raster/radarsatelit_202311051940.tif' mode='r'> is started.
2023-11-05 20:00:04,093 - rasterio.env - DEBUG - Exiting env context: <rasterio.env.Env object at 0x7fdecc04b3e0>
2023-11-05 20:00:04,093 - rasterio.env - DEBUG - Cleared existing <rasterio._env.GDALEnv object at 0x7fdeab14a800> options
2023-11-05 20:00:04,093 - rasterio._env - DEBUG - Stopped GDALEnv <rasterio._env.GDALEnv object at 0x7fdeab14a800>.
2023-11-05 20:00:04,093 - rasterio.env - DEBUG - No GDAL environment exists
2023-11-05 20:00:04,093 - rasterio.env - DEBUG - New GDAL environment <rasterio._env.GDALEnv object at 0x7fdeab14a800> created
2023-11-05 20:00:04,094 - rasterio._env - DEBUG - GDAL data found in package: path='/home/swx/miniconda3/envs/present_weather/lib/python3.12/site-packages/rasterio/gdal_data'.
2023-11-05 20:00:04,094 - rasterio._env - DEBUG - PROJ_LIB found in environment.
2023-11-05 20:00:04,094 - rasterio._env - DEBUG - Started GDALEnv: self=<rasterio._env.GDALEnv object at 0x7fdeab14a800>.
2023-11-05 20:00:04,094 - rasterio.env - DEBUG - Exited env context: <rasterio.env.Env object at 0x7fdecc04b3e0>
2023-11-05 20:00:04,119 - rasterio._io - DEBUG - Output nodata value read from file: nan
2023-11-05 20:00:04,120 - rasterio._io - DEBUG - Output nodata values: [nan]
2023-11-05 20:00:04,120 - rasterio._io - DEBUG - all_valid: False
2023-11-05 20:00:04,120 - rasterio._io - DEBUG - mask_flags: ([<MaskFlags.nodata: 8>],)
2023-11-05 20:00:04,120 - rasterio._io - DEBUG - Jump straight to _read()
2023-11-05 20:00:04,121 - rasterio._io - DEBUG - Window: Window(col_off=0, row_off=0, width=10215, height=3792)
2023-11-05 20:00:04,121 - rasterio._io - DEBUG - IO window xoff=0.0 yoff=0.0 width=10215.0 height=3792.0
2023-11-05 20:00:04,798 - rasterio.env - DEBUG - Exiting env context: <rasterio.env.Env object at 0x7fdecc00e4e0>
2023-11-05 20:00:04,799 - rasterio.env - DEBUG - Cleared existing <rasterio._env.GDALEnv object at 0x7fdeab14a800> options
2023-11-05 20:00:04,799 - rasterio._env - DEBUG - Stopped GDALEnv <rasterio._env.GDALEnv object at 0x7fdeab14a800>.
2023-11-05 20:00:04,799 - rasterio.env - DEBUG - Exiting outermost env
2023-11-05 20:00:04,799 - rasterio.env - DEBUG - Exited env context: <rasterio.env.Env object at 0x7fdecc00e4e0>
2023-11-05 20:00:04,801 - urllib3.connectionpool - DEBUG - Starting new HTTPS connection (1): radar.bmkg.go.id:8060
2023-11-05 20:00:04,877 - urllib3.connectionpool - DEBUG - https://radar.bmkg.go.id:8060 "GET /getLatestLD?typeData=1 HTTP/1.1" 200 140460
2023-11-05 20:00:04,923 - asyncio - DEBUG - Using selector: EpollSelector
2023-11-05 20:06:39,057 - root - INFO - Total elapsed time: 0:06:35.210677
