2023-11-30 14:16:30,412 - root - INFO - Initiating present weather
2023-11-30 14:16:30,413 - asyncio - DEBUG - Using selector: KqueueSelector
2023-11-30 14:16:32,124 - urllib3.connectionpool - DEBUG - Starting new HTTPS connection (1): radar.bmkg.go.id:8060
2023-11-30 14:16:32,185 - urllib3.connectionpool - DEBUG - https://radar.bmkg.go.id:8060 "GET /getRadarGeotif?token=19387e71e78522ae4172ec0fda640983b8438c9cfa0ca571623cb69d8327&radar=amandemenForecast&type=latest HTTP/1.1" 200 90
2023-11-30 14:16:32,186 - rasterio.env - DEBUG - Entering env context: <rasterio.env.Env object at 0x151798b00>
2023-11-30 14:16:32,187 - rasterio.env - DEBUG - Starting outermost env
2023-11-30 14:16:32,187 - rasterio.env - DEBUG - No GDAL environment exists
2023-11-30 14:16:32,187 - rasterio.env - DEBUG - New GDAL environment <rasterio._env.GDALEnv object at 0x1517997e0> created
2023-11-30 14:16:32,206 - rasterio._filepath - DEBUG - Installing FilePath filesystem handler plugin...
2023-11-30 14:16:32,206 - rasterio._env - DEBUG - GDAL_DATA found in environment.
2023-11-30 14:16:32,206 - rasterio._env - DEBUG - PROJ_DATA found in environment.
2023-11-30 14:16:32,206 - rasterio._env - DEBUG - Started GDALEnv: self=<rasterio._env.GDALEnv object at 0x1517997e0>.
2023-11-30 14:16:32,206 - rasterio.env - DEBUG - Entered env context: <rasterio.env.Env object at 0x151798b00>
2023-11-30 14:16:32,206 - rasterio._base - DEBUG - Sharing flag: 0
2023-11-30 14:16:32,486 - rasterio._base - DEBUG - Nodata success: 1, Nodata value: nan
2023-11-30 14:16:32,487 - rasterio._base - DEBUG - Dataset <open DatasetReader name='https://radar.bmkg.go.id/raster/radarsatelit_202311300710.tif' mode='r'> is started.
2023-11-30 14:16:32,488 - rasterio.env - DEBUG - Exiting env context: <rasterio.env.Env object at 0x151798b00>
2023-11-30 14:16:32,488 - rasterio.env - DEBUG - Cleared existing <rasterio._env.GDALEnv object at 0x1517997e0> options
2023-11-30 14:16:32,488 - rasterio._env - DEBUG - Stopped GDALEnv <rasterio._env.GDALEnv object at 0x1517997e0>.
2023-11-30 14:16:32,488 - rasterio.env - DEBUG - Exiting outermost env
2023-11-30 14:16:32,488 - rasterio.env - DEBUG - Exited env context: <rasterio.env.Env object at 0x151798b00>
2023-11-30 14:16:32,488 - rasterio.env - DEBUG - Entering env context: <rasterio.env.Env object at 0x1550ca450>
2023-11-30 14:16:32,488 - rasterio.env - DEBUG - Starting outermost env
2023-11-30 14:16:32,488 - rasterio.env - DEBUG - No GDAL environment exists
2023-11-30 14:16:32,488 - rasterio.env - DEBUG - New GDAL environment <rasterio._env.GDALEnv object at 0x151798af0> created
2023-11-30 14:16:32,489 - rasterio._env - DEBUG - GDAL_DATA found in environment.
2023-11-30 14:16:32,489 - rasterio._env - DEBUG - PROJ_DATA found in environment.
2023-11-30 14:16:32,489 - rasterio._env - DEBUG - Started GDALEnv: self=<rasterio._env.GDALEnv object at 0x151798af0>.
2023-11-30 14:16:32,489 - rasterio.env - DEBUG - Entered env context: <rasterio.env.Env object at 0x1550ca450>
2023-11-30 14:16:32,489 - rasterio.env - DEBUG - Got a copy of environment <rasterio._env.GDALEnv object at 0x151798af0> options
2023-11-30 14:16:32,489 - rasterio.env - DEBUG - Entering env context: <rasterio.env.Env object at 0x155052c90>
2023-11-30 14:16:32,489 - rasterio.env - DEBUG - Got a copy of environment <rasterio._env.GDALEnv object at 0x151798af0> options
2023-11-30 14:16:32,489 - rasterio.env - DEBUG - Entered env context: <rasterio.env.Env object at 0x155052c90>
2023-11-30 14:16:32,489 - rasterio._base - DEBUG - Sharing flag: 0
2023-11-30 14:16:32,490 - rasterio._base - DEBUG - Nodata success: 1, Nodata value: nan
2023-11-30 14:16:32,490 - rasterio._base - DEBUG - Dataset <open DatasetReader name='https://radar.bmkg.go.id/raster/radarsatelit_202311300710.tif' mode='r'> is started.
2023-11-30 14:16:32,490 - rasterio.env - DEBUG - Exiting env context: <rasterio.env.Env object at 0x155052c90>
2023-11-30 14:16:32,490 - rasterio.env - DEBUG - Cleared existing <rasterio._env.GDALEnv object at 0x151798af0> options
2023-11-30 14:16:32,490 - rasterio._env - DEBUG - Stopped GDALEnv <rasterio._env.GDALEnv object at 0x151798af0>.
2023-11-30 14:16:32,490 - rasterio.env - DEBUG - No GDAL environment exists
2023-11-30 14:16:32,490 - rasterio.env - DEBUG - New GDAL environment <rasterio._env.GDALEnv object at 0x151798af0> created
2023-11-30 14:16:32,491 - rasterio._env - DEBUG - GDAL_DATA found in environment.
2023-11-30 14:16:32,491 - rasterio._env - DEBUG - PROJ_DATA found in environment.
2023-11-30 14:16:32,491 - rasterio._env - DEBUG - Started GDALEnv: self=<rasterio._env.GDALEnv object at 0x151798af0>.
2023-11-30 14:16:32,491 - rasterio.env - DEBUG - Exited env context: <rasterio.env.Env object at 0x155052c90>
2023-11-30 14:16:32,504 - rasterio._io - DEBUG - Output nodata value read from file: nan
2023-11-30 14:16:32,504 - rasterio._io - DEBUG - Output nodata values: [nan]
2023-11-30 14:16:32,504 - rasterio._io - DEBUG - all_valid: False
2023-11-30 14:16:32,504 - rasterio._io - DEBUG - mask_flags: ([<MaskFlags.nodata: 8>],)
2023-11-30 14:16:32,505 - rasterio._io - DEBUG - Jump straight to _read()
2023-11-30 14:16:32,505 - rasterio._io - DEBUG - Window: Window(col_off=0, row_off=0, width=10215, height=3792)
2023-11-30 14:16:32,505 - rasterio._io - DEBUG - IO window xoff=0.0 yoff=0.0 width=10215.0 height=3792.0
2023-11-30 14:16:33,663 - rasterio.env - DEBUG - Exiting env context: <rasterio.env.Env object at 0x1550ca450>
2023-11-30 14:16:33,663 - rasterio.env - DEBUG - Cleared existing <rasterio._env.GDALEnv object at 0x151798af0> options
2023-11-30 14:16:33,663 - rasterio._env - DEBUG - Stopped GDALEnv <rasterio._env.GDALEnv object at 0x151798af0>.
2023-11-30 14:16:33,663 - rasterio.env - DEBUG - Exiting outermost env
2023-11-30 14:16:33,663 - rasterio.env - DEBUG - Exited env context: <rasterio.env.Env object at 0x1550ca450>
2023-11-30 14:16:33,666 - urllib3.connectionpool - DEBUG - Starting new HTTPS connection (1): radar.bmkg.go.id:8060
2023-11-30 14:16:33,698 - urllib3.connectionpool - DEBUG - https://radar.bmkg.go.id:8060 "GET /getLatestLD?typeData=1 HTTP/1.1" 200 62
2023-11-30 14:16:35,302 - rasterio.env - DEBUG - Entering env context: <rasterio.env.Env object at 0x154fb35f0>
2023-11-30 14:16:35,303 - rasterio.env - DEBUG - Starting outermost env
2023-11-30 14:16:35,303 - rasterio.env - DEBUG - No GDAL environment exists
2023-11-30 14:16:35,303 - rasterio.env - DEBUG - New GDAL environment <rasterio._env.GDALEnv object at 0x1550b1c90> created
2023-11-30 14:16:35,304 - rasterio._env - DEBUG - GDAL_DATA found in environment.
2023-11-30 14:16:35,304 - rasterio._env - DEBUG - PROJ_DATA found in environment.
2023-11-30 14:16:35,305 - rasterio._env - DEBUG - Started GDALEnv: self=<rasterio._env.GDALEnv object at 0x1550b1c90>.
2023-11-30 14:16:35,305 - rasterio.env - DEBUG - Entered env context: <rasterio.env.Env object at 0x154fb35f0>
2023-11-30 14:16:35,305 - rasterio._base - DEBUG - Sharing flag: 0
2023-11-30 14:16:35,306 - rasterio._base - DEBUG - Nodata success: 0, Nodata value: 0.000000
2023-11-30 14:16:35,306 - rasterio._base - DEBUG - Dataset <open DatasetReader name='/Users/abidinz/Projects/present_weather/src/H09_B13_Indonesia_20231130.Z0700.cor.tiff' mode='r'> is started.
2023-11-30 14:16:35,306 - rasterio.env - DEBUG - Exiting env context: <rasterio.env.Env object at 0x154fb35f0>
2023-11-30 14:16:35,306 - rasterio.env - DEBUG - Cleared existing <rasterio._env.GDALEnv object at 0x1550b1c90> options
2023-11-30 14:16:35,307 - rasterio._env - DEBUG - Stopped GDALEnv <rasterio._env.GDALEnv object at 0x1550b1c90>.
2023-11-30 14:16:35,307 - rasterio.env - DEBUG - Exiting outermost env
2023-11-30 14:16:35,307 - rasterio.env - DEBUG - Exited env context: <rasterio.env.Env object at 0x154fb35f0>
2023-11-30 14:16:35,307 - rasterio.env - DEBUG - Entering env context: <rasterio.env.Env object at 0x15570a780>
2023-11-30 14:16:35,307 - rasterio.env - DEBUG - Starting outermost env
2023-11-30 14:16:35,307 - rasterio.env - DEBUG - No GDAL environment exists
2023-11-30 14:16:35,307 - rasterio.env - DEBUG - New GDAL environment <rasterio._env.GDALEnv object at 0x1557092d0> created
2023-11-30 14:16:35,308 - rasterio._env - DEBUG - GDAL_DATA found in environment.
2023-11-30 14:16:35,308 - rasterio._env - DEBUG - PROJ_DATA found in environment.
2023-11-30 14:16:35,308 - rasterio._env - DEBUG - Started GDALEnv: self=<rasterio._env.GDALEnv object at 0x1557092d0>.
2023-11-30 14:16:35,308 - rasterio.env - DEBUG - Entered env context: <rasterio.env.Env object at 0x15570a780>
2023-11-30 14:16:35,308 - rasterio._base - DEBUG - Sharing flag: 0
2023-11-30 14:16:35,309 - rasterio._base - DEBUG - Nodata success: 0, Nodata value: 0.000000
2023-11-30 14:16:35,309 - rasterio._base - DEBUG - Dataset <open DatasetReader name='/Users/abidinz/Projects/present_weather/src/H09_B13_Indonesia_20231130.Z0700.cor.tiff' mode='r'> is started.
2023-11-30 14:16:35,309 - rasterio.env - DEBUG - Exiting env context: <rasterio.env.Env object at 0x15570a780>
2023-11-30 14:16:35,309 - rasterio.env - DEBUG - Cleared existing <rasterio._env.GDALEnv object at 0x1557092d0> options
2023-11-30 14:16:35,309 - rasterio._env - DEBUG - Stopped GDALEnv <rasterio._env.GDALEnv object at 0x1557092d0>.
2023-11-30 14:16:35,309 - rasterio.env - DEBUG - Exiting outermost env
2023-11-30 14:16:35,309 - rasterio.env - DEBUG - Exited env context: <rasterio.env.Env object at 0x15570a780>
2023-11-30 14:16:35,315 - root - INFO - Generating present weather using SATELITE data
2023-11-30 14:16:57,275 - root - INFO - Total elapsed time: 0:00:26.863271
