2023-12-06 00:13:03,010 - root - INFO - Initiating present weather
2023-12-06 00:13:03,012 - asyncio - DEBUG - Using selector: EpollSelector
2023-12-06 00:13:04,528 - urllib3.connectionpool - DEBUG - Starting new HTTPS connection (1): radar.bmkg.go.id:8060
2023-12-06 00:13:04,541 - urllib3.connectionpool - DEBUG - https://radar.bmkg.go.id:8060 "GET /getLatestLD?typeData=1 HTTP/1.1" 200 62
2023-12-06 00:13:04,543 - urllib3.connectionpool - DEBUG - Starting new HTTPS connection (1): radar.bmkg.go.id:8060
2023-12-06 00:13:04,560 - urllib3.connectionpool - DEBUG - https://radar.bmkg.go.id:8060 "GET /getRadarGeotif?token=19387e71e78522ae4172ec0fda640983b8438c9cfa0ca571623cb69d8327&radar=amandemenForecast&type=latest HTTP/1.1" 200 53
2023-12-06 00:13:04,813 - rasterio.env - DEBUG - Entering env context: <rasterio.env.Env object at 0x7f81e53c45e0>
2023-12-06 00:13:04,813 - rasterio.env - DEBUG - Starting outermost env
2023-12-06 00:13:04,813 - rasterio.env - DEBUG - No GDAL environment exists
2023-12-06 00:13:04,813 - rasterio.env - DEBUG - New GDAL environment <rasterio._env.GDALEnv object at 0x7f81e53c47c0> created
2023-12-06 00:13:04,816 - rasterio._filepath - DEBUG - Installing FilePath filesystem handler plugin...
2023-12-06 00:13:04,817 - rasterio._env - DEBUG - GDAL data found in package: path='/home/metpublic/PYTHON_VENV/present_weather/lib/python3.10/site-packages/rasterio/gdal_data'.
2023-12-06 00:13:04,817 - rasterio._env - DEBUG - PROJ data found in package: path='/home/metpublic/PYTHON_VENV/present_weather/lib/python3.10/site-packages/rasterio/proj_data'.
2023-12-06 00:13:04,817 - rasterio._env - DEBUG - Started GDALEnv: self=<rasterio._env.GDALEnv object at 0x7f81e53c47c0>.
2023-12-06 00:13:04,817 - rasterio.env - DEBUG - Entered env context: <rasterio.env.Env object at 0x7f81e53c45e0>
2023-12-06 00:13:04,817 - rasterio._base - DEBUG - Sharing flag: 0
2023-12-06 00:13:04,829 - rasterio._base - DEBUG - Nodata success: 0, Nodata value: 0.000000
2023-12-06 00:13:04,830 - rasterio._base - DEBUG - Dataset <open DatasetReader name='/home/metpublic/TASK_RELEASE/EFAN/present_weather/src/H09_B13_Indonesia_20231206.Z0000.cor.tiff' mode='r'> is started.
2023-12-06 00:13:04,830 - rasterio.env - DEBUG - Exiting env context: <rasterio.env.Env object at 0x7f81e53c45e0>
2023-12-06 00:13:04,830 - rasterio.env - DEBUG - Cleared existing <rasterio._env.GDALEnv object at 0x7f81e53c47c0> options
2023-12-06 00:13:04,830 - rasterio._env - DEBUG - Stopped GDALEnv <rasterio._env.GDALEnv object at 0x7f81e53c47c0>.
2023-12-06 00:13:04,830 - rasterio.env - DEBUG - Exiting outermost env
2023-12-06 00:13:04,830 - rasterio.env - DEBUG - Exited env context: <rasterio.env.Env object at 0x7f81e53c45e0>
2023-12-06 00:13:04,830 - rasterio.env - DEBUG - Entering env context: <rasterio.env.Env object at 0x7f81e5cfd870>
2023-12-06 00:13:04,830 - rasterio.env - DEBUG - Starting outermost env
2023-12-06 00:13:04,830 - rasterio.env - DEBUG - No GDAL environment exists
2023-12-06 00:13:04,831 - rasterio.env - DEBUG - New GDAL environment <rasterio._env.GDALEnv object at 0x7f81e5cfeef0> created
2023-12-06 00:13:04,831 - rasterio._env - DEBUG - GDAL data found in package: path='/home/metpublic/PYTHON_VENV/present_weather/lib/python3.10/site-packages/rasterio/gdal_data'.
2023-12-06 00:13:04,831 - rasterio._env - DEBUG - PROJ data found in package: path='/home/metpublic/PYTHON_VENV/present_weather/lib/python3.10/site-packages/rasterio/proj_data'.
2023-12-06 00:13:04,831 - rasterio._env - DEBUG - Started GDALEnv: self=<rasterio._env.GDALEnv object at 0x7f81e5cfeef0>.
2023-12-06 00:13:04,831 - rasterio.env - DEBUG - Entered env context: <rasterio.env.Env object at 0x7f81e5cfd870>
2023-12-06 00:13:04,831 - rasterio._base - DEBUG - Sharing flag: 0
2023-12-06 00:13:04,832 - rasterio._base - DEBUG - Nodata success: 0, Nodata value: 0.000000
2023-12-06 00:13:04,832 - rasterio._base - DEBUG - Dataset <open DatasetReader name='/home/metpublic/TASK_RELEASE/EFAN/present_weather/src/H09_B13_Indonesia_20231206.Z0000.cor.tiff' mode='r'> is started.
2023-12-06 00:13:04,832 - rasterio.env - DEBUG - Exiting env context: <rasterio.env.Env object at 0x7f81e5cfd870>
2023-12-06 00:13:04,832 - rasterio.env - DEBUG - Cleared existing <rasterio._env.GDALEnv object at 0x7f81e5cfeef0> options
2023-12-06 00:13:04,832 - rasterio._env - DEBUG - Stopped GDALEnv <rasterio._env.GDALEnv object at 0x7f81e5cfeef0>.
2023-12-06 00:13:04,832 - rasterio.env - DEBUG - Exiting outermost env
2023-12-06 00:13:04,832 - rasterio.env - DEBUG - Exited env context: <rasterio.env.Env object at 0x7f81e5cfd870>
2023-12-06 00:13:04,842 - root - INFO - Generating present weather using SATELITE data
2023-12-06 00:13:56,972 - root - INFO - Total elapsed time: 0:00:53.962080
