2023-11-28 11:13:02,997 - root - INFO - Initiating present weather
2023-11-28 11:13:02,999 - asyncio - DEBUG - Using selector: EpollSelector
2023-11-28 11:13:04,511 - urllib3.connectionpool - DEBUG - Starting new HTTPS connection (1): radar.bmkg.go.id:8060
2023-11-28 11:13:04,535 - urllib3.connectionpool - DEBUG - https://radar.bmkg.go.id:8060 "GET /getRadarGeotif?token=19387e71e78522ae4172ec0fda640983b8438c9cfa0ca571623cb69d8327&radar=amandemenForecast&type=latest HTTP/1.1" 200 90
2023-11-28 11:13:04,537 - rasterio.env - DEBUG - Entering env context: <rasterio.env.Env object at 0x7f716a4db730>
2023-11-28 11:13:04,537 - rasterio.env - DEBUG - Starting outermost env
2023-11-28 11:13:04,537 - rasterio.env - DEBUG - No GDAL environment exists
2023-11-28 11:13:04,538 - rasterio.env - DEBUG - New GDAL environment <rasterio._env.GDALEnv object at 0x7f716a4478b0> created
2023-11-28 11:13:04,540 - rasterio._filepath - DEBUG - Installing FilePath filesystem handler plugin...
2023-11-28 11:13:04,540 - rasterio._env - DEBUG - GDAL data found in package: path='/home/metpublic/PYTHON_VENV/present_weather/lib/python3.10/site-packages/rasterio/gdal_data'.
2023-11-28 11:13:04,541 - rasterio._env - DEBUG - PROJ data found in package: path='/home/metpublic/PYTHON_VENV/present_weather/lib/python3.10/site-packages/rasterio/proj_data'.
2023-11-28 11:13:04,541 - rasterio._env - DEBUG - Started GDALEnv: self=<rasterio._env.GDALEnv object at 0x7f716a4478b0>.
2023-11-28 11:13:04,541 - rasterio.env - DEBUG - Entered env context: <rasterio.env.Env object at 0x7f716a4db730>
2023-11-28 11:13:04,541 - rasterio._base - DEBUG - Sharing flag: 0
2023-11-28 11:13:04,744 - rasterio._base - DEBUG - Nodata success: 1, Nodata value: nan
2023-11-28 11:13:04,744 - rasterio._base - DEBUG - Dataset <open DatasetReader name='https://radar.bmkg.go.id/raster/radarsatelit_202311281110.tif' mode='r'> is started.
2023-11-28 11:13:04,745 - rasterio.env - DEBUG - Exiting env context: <rasterio.env.Env object at 0x7f716a4db730>
2023-11-28 11:13:04,745 - rasterio.env - DEBUG - Cleared existing <rasterio._env.GDALEnv object at 0x7f716a4478b0> options
2023-11-28 11:13:04,745 - rasterio._env - DEBUG - Stopped GDALEnv <rasterio._env.GDALEnv object at 0x7f716a4478b0>.
2023-11-28 11:13:04,745 - rasterio.env - DEBUG - Exiting outermost env
2023-11-28 11:13:04,745 - rasterio.env - DEBUG - Exited env context: <rasterio.env.Env object at 0x7f716a4db730>
2023-11-28 11:13:04,745 - rasterio.env - DEBUG - Entering env context: <rasterio.env.Env object at 0x7f716a3e7a00>
2023-11-28 11:13:04,745 - rasterio.env - DEBUG - Starting outermost env
2023-11-28 11:13:04,745 - rasterio.env - DEBUG - No GDAL environment exists
2023-11-28 11:13:04,745 - rasterio.env - DEBUG - New GDAL environment <rasterio._env.GDALEnv object at 0x7f716a4db6d0> created
2023-11-28 11:13:04,746 - rasterio._env - DEBUG - GDAL data found in package: path='/home/metpublic/PYTHON_VENV/present_weather/lib/python3.10/site-packages/rasterio/gdal_data'.
2023-11-28 11:13:04,746 - rasterio._env - DEBUG - PROJ data found in package: path='/home/metpublic/PYTHON_VENV/present_weather/lib/python3.10/site-packages/rasterio/proj_data'.
2023-11-28 11:13:04,747 - rasterio._env - DEBUG - Started GDALEnv: self=<rasterio._env.GDALEnv object at 0x7f716a4db6d0>.
2023-11-28 11:13:04,747 - rasterio.env - DEBUG - Entered env context: <rasterio.env.Env object at 0x7f716a3e7a00>
2023-11-28 11:13:04,747 - rasterio.env - DEBUG - Got a copy of environment <rasterio._env.GDALEnv object at 0x7f716a4db6d0> options
2023-11-28 11:13:04,747 - rasterio.env - DEBUG - Entering env context: <rasterio.env.Env object at 0x7f716832ca00>
2023-11-28 11:13:04,747 - rasterio.env - DEBUG - Got a copy of environment <rasterio._env.GDALEnv object at 0x7f716a4db6d0> options
2023-11-28 11:13:04,747 - rasterio.env - DEBUG - Entered env context: <rasterio.env.Env object at 0x7f716832ca00>
2023-11-28 11:13:04,747 - rasterio._base - DEBUG - Sharing flag: 0
2023-11-28 11:13:04,748 - rasterio._base - DEBUG - Nodata success: 1, Nodata value: nan
2023-11-28 11:13:04,749 - rasterio._base - DEBUG - Dataset <open DatasetReader name='https://radar.bmkg.go.id/raster/radarsatelit_202311281110.tif' mode='r'> is started.
2023-11-28 11:13:04,749 - rasterio.env - DEBUG - Exiting env context: <rasterio.env.Env object at 0x7f716832ca00>
2023-11-28 11:13:04,749 - rasterio.env - DEBUG - Cleared existing <rasterio._env.GDALEnv object at 0x7f716a4db6d0> options
2023-11-28 11:13:04,749 - rasterio._env - DEBUG - Stopped GDALEnv <rasterio._env.GDALEnv object at 0x7f716a4db6d0>.
2023-11-28 11:13:04,749 - rasterio.env - DEBUG - No GDAL environment exists
2023-11-28 11:13:04,749 - rasterio.env - DEBUG - New GDAL environment <rasterio._env.GDALEnv object at 0x7f716a4db6d0> created
2023-11-28 11:13:04,750 - rasterio._env - DEBUG - GDAL data found in package: path='/home/metpublic/PYTHON_VENV/present_weather/lib/python3.10/site-packages/rasterio/gdal_data'.
2023-11-28 11:13:04,750 - rasterio._env - DEBUG - PROJ data found in package: path='/home/metpublic/PYTHON_VENV/present_weather/lib/python3.10/site-packages/rasterio/proj_data'.
2023-11-28 11:13:04,750 - rasterio._env - DEBUG - Started GDALEnv: self=<rasterio._env.GDALEnv object at 0x7f716a4db6d0>.
2023-11-28 11:13:04,750 - rasterio.env - DEBUG - Exited env context: <rasterio.env.Env object at 0x7f716832ca00>
2023-11-28 11:13:04,765 - rasterio._io - DEBUG - Output nodata value read from file: nan
2023-11-28 11:13:04,765 - rasterio._io - DEBUG - Output nodata values: [nan]
2023-11-28 11:13:04,765 - rasterio._io - DEBUG - all_valid: False
2023-11-28 11:13:04,765 - rasterio._io - DEBUG - mask_flags: ([<MaskFlags.nodata: 8>],)
2023-11-28 11:13:04,765 - rasterio._io - DEBUG - Jump straight to _read()
2023-11-28 11:13:04,765 - rasterio._io - DEBUG - Window: Window(col_off=0, row_off=0, width=10178, height=3732)
2023-11-28 11:13:04,766 - rasterio._io - DEBUG - IO window xoff=0.0 yoff=0.0 width=10178.0 height=3732.0
2023-11-28 11:13:05,377 - rasterio.env - DEBUG - Exiting env context: <rasterio.env.Env object at 0x7f716a3e7a00>
2023-11-28 11:13:05,377 - rasterio.env - DEBUG - Cleared existing <rasterio._env.GDALEnv object at 0x7f716a4db6d0> options
2023-11-28 11:13:05,377 - rasterio._env - DEBUG - Stopped GDALEnv <rasterio._env.GDALEnv object at 0x7f716a4db6d0>.
2023-11-28 11:13:05,377 - rasterio.env - DEBUG - Exiting outermost env
2023-11-28 11:13:05,377 - rasterio.env - DEBUG - Exited env context: <rasterio.env.Env object at 0x7f716a3e7a00>
2023-11-28 11:13:05,379 - urllib3.connectionpool - DEBUG - Starting new HTTPS connection (1): radar.bmkg.go.id:8060
2023-11-28 11:13:05,392 - urllib3.connectionpool - DEBUG - https://radar.bmkg.go.id:8060 "GET /getLatestLD?typeData=1 HTTP/1.1" 200 62
2023-11-28 11:13:07,133 - rasterio.env - DEBUG - Entering env context: <rasterio.env.Env object at 0x7f716ada1f60>
2023-11-28 11:13:07,134 - rasterio.env - DEBUG - Starting outermost env
2023-11-28 11:13:07,134 - rasterio.env - DEBUG - No GDAL environment exists
2023-11-28 11:13:07,134 - rasterio.env - DEBUG - New GDAL environment <rasterio._env.GDALEnv object at 0x7f716a3e7a00> created
2023-11-28 11:13:07,134 - rasterio._env - DEBUG - GDAL data found in package: path='/home/metpublic/PYTHON_VENV/present_weather/lib/python3.10/site-packages/rasterio/gdal_data'.
2023-11-28 11:13:07,135 - rasterio._env - DEBUG - PROJ data found in package: path='/home/metpublic/PYTHON_VENV/present_weather/lib/python3.10/site-packages/rasterio/proj_data'.
2023-11-28 11:13:07,135 - rasterio._env - DEBUG - Started GDALEnv: self=<rasterio._env.GDALEnv object at 0x7f716a3e7a00>.
2023-11-28 11:13:07,135 - rasterio.env - DEBUG - Entered env context: <rasterio.env.Env object at 0x7f716ada1f60>
2023-11-28 11:13:07,135 - rasterio._base - DEBUG - Sharing flag: 0
2023-11-28 11:13:07,136 - rasterio._base - DEBUG - Nodata success: 0, Nodata value: 0.000000
2023-11-28 11:13:07,136 - rasterio._base - DEBUG - Dataset <open DatasetReader name='/home/metpublic/TASK_RELEASE/EFAN/present_weather/src/H09_B13_Indonesia_20231128.Z1100.cor.tiff' mode='r'> is started.
2023-11-28 11:13:07,137 - rasterio.env - DEBUG - Exiting env context: <rasterio.env.Env object at 0x7f716ada1f60>
2023-11-28 11:13:07,137 - rasterio.env - DEBUG - Cleared existing <rasterio._env.GDALEnv object at 0x7f716a3e7a00> options
2023-11-28 11:13:07,137 - rasterio._env - DEBUG - Stopped GDALEnv <rasterio._env.GDALEnv object at 0x7f716a3e7a00>.
2023-11-28 11:13:07,137 - rasterio.env - DEBUG - Exiting outermost env
2023-11-28 11:13:07,137 - rasterio.env - DEBUG - Exited env context: <rasterio.env.Env object at 0x7f716ada1f60>
2023-11-28 11:13:07,137 - rasterio.env - DEBUG - Entering env context: <rasterio.env.Env object at 0x7f71683c01c0>
2023-11-28 11:13:07,137 - rasterio.env - DEBUG - Starting outermost env
2023-11-28 11:13:07,137 - rasterio.env - DEBUG - No GDAL environment exists
2023-11-28 11:13:07,137 - rasterio.env - DEBUG - New GDAL environment <rasterio._env.GDALEnv object at 0x7f71683c0610> created
2023-11-28 11:13:07,137 - rasterio._env - DEBUG - GDAL data found in package: path='/home/metpublic/PYTHON_VENV/present_weather/lib/python3.10/site-packages/rasterio/gdal_data'.
2023-11-28 11:13:07,137 - rasterio._env - DEBUG - PROJ data found in package: path='/home/metpublic/PYTHON_VENV/present_weather/lib/python3.10/site-packages/rasterio/proj_data'.
2023-11-28 11:13:07,138 - rasterio._env - DEBUG - Started GDALEnv: self=<rasterio._env.GDALEnv object at 0x7f71683c0610>.
2023-11-28 11:13:07,138 - rasterio.env - DEBUG - Entered env context: <rasterio.env.Env object at 0x7f71683c01c0>
2023-11-28 11:13:07,138 - rasterio._base - DEBUG - Sharing flag: 0
2023-11-28 11:13:07,139 - rasterio._base - DEBUG - Nodata success: 0, Nodata value: 0.000000
2023-11-28 11:13:07,139 - rasterio._base - DEBUG - Dataset <open DatasetReader name='/home/metpublic/TASK_RELEASE/EFAN/present_weather/src/H09_B13_Indonesia_20231128.Z1100.cor.tiff' mode='r'> is started.
2023-11-28 11:13:07,139 - rasterio.env - DEBUG - Exiting env context: <rasterio.env.Env object at 0x7f71683c01c0>
2023-11-28 11:13:07,139 - rasterio.env - DEBUG - Cleared existing <rasterio._env.GDALEnv object at 0x7f71683c0610> options
2023-11-28 11:13:07,139 - rasterio._env - DEBUG - Stopped GDALEnv <rasterio._env.GDALEnv object at 0x7f71683c0610>.
2023-11-28 11:13:07,139 - rasterio.env - DEBUG - Exiting outermost env
2023-11-28 11:13:07,139 - rasterio.env - DEBUG - Exited env context: <rasterio.env.Env object at 0x7f71683c01c0>
2023-11-28 11:13:07,149 - root - INFO - Generating present weather using SATELITE data
2023-11-28 11:14:02,196 - root - INFO - Total elapsed time: 0:00:59.199711
