2023-11-27 01:33:02,965 - root - INFO - Initiating present weather
2023-11-27 01:33:02,967 - asyncio - DEBUG - Using selector: EpollSelector
2023-11-27 01:33:04,413 - urllib3.connectionpool - DEBUG - Starting new HTTPS connection (1): radar.bmkg.go.id:8060
2023-11-27 01:33:04,436 - urllib3.connectionpool - DEBUG - https://radar.bmkg.go.id:8060 "GET /getRadarGeotif?token=19387e71e78522ae4172ec0fda640983b8438c9cfa0ca571623cb69d8327&radar=amandemenForecast&type=latest HTTP/1.1" 200 90
2023-11-27 01:33:04,438 - rasterio.env - DEBUG - Entering env context: <rasterio.env.Env object at 0x7f45a7791930>
2023-11-27 01:33:04,438 - rasterio.env - DEBUG - Starting outermost env
2023-11-27 01:33:04,438 - rasterio.env - DEBUG - No GDAL environment exists
2023-11-27 01:33:04,438 - rasterio.env - DEBUG - New GDAL environment <rasterio._env.GDALEnv object at 0x7f45a7791e70> created
2023-11-27 01:33:04,441 - rasterio._filepath - DEBUG - Installing FilePath filesystem handler plugin...
2023-11-27 01:33:04,442 - rasterio._env - DEBUG - GDAL data found in package: path='/home/metpublic/PYTHON_VENV/present_weather/lib/python3.10/site-packages/rasterio/gdal_data'.
2023-11-27 01:33:04,442 - rasterio._env - DEBUG - PROJ data found in package: path='/home/metpublic/PYTHON_VENV/present_weather/lib/python3.10/site-packages/rasterio/proj_data'.
2023-11-27 01:33:04,442 - rasterio._env - DEBUG - Started GDALEnv: self=<rasterio._env.GDALEnv object at 0x7f45a7791e70>.
2023-11-27 01:33:04,442 - rasterio.env - DEBUG - Entered env context: <rasterio.env.Env object at 0x7f45a7791930>
2023-11-27 01:33:04,442 - rasterio._base - DEBUG - Sharing flag: 0
2023-11-27 01:33:04,618 - rasterio._base - DEBUG - Nodata success: 1, Nodata value: nan
2023-11-27 01:33:04,618 - rasterio._base - DEBUG - Dataset <open DatasetReader name='https://radar.bmkg.go.id/raster/radarsatelit_202311270130.tif' mode='r'> is started.
2023-11-27 01:33:04,619 - rasterio.env - DEBUG - Exiting env context: <rasterio.env.Env object at 0x7f45a7791930>
2023-11-27 01:33:04,619 - rasterio.env - DEBUG - Cleared existing <rasterio._env.GDALEnv object at 0x7f45a7791e70> options
2023-11-27 01:33:04,619 - rasterio._env - DEBUG - Stopped GDALEnv <rasterio._env.GDALEnv object at 0x7f45a7791e70>.
2023-11-27 01:33:04,619 - rasterio.env - DEBUG - Exiting outermost env
2023-11-27 01:33:04,619 - rasterio.env - DEBUG - Exited env context: <rasterio.env.Env object at 0x7f45a7791930>
2023-11-27 01:33:04,619 - rasterio.env - DEBUG - Entering env context: <rasterio.env.Env object at 0x7f45a6dcfa00>
2023-11-27 01:33:04,619 - rasterio.env - DEBUG - Starting outermost env
2023-11-27 01:33:04,620 - rasterio.env - DEBUG - No GDAL environment exists
2023-11-27 01:33:04,620 - rasterio.env - DEBUG - New GDAL environment <rasterio._env.GDALEnv object at 0x7f45a7791e70> created
2023-11-27 01:33:04,620 - rasterio._env - DEBUG - GDAL data found in package: path='/home/metpublic/PYTHON_VENV/present_weather/lib/python3.10/site-packages/rasterio/gdal_data'.
2023-11-27 01:33:04,620 - rasterio._env - DEBUG - PROJ data found in package: path='/home/metpublic/PYTHON_VENV/present_weather/lib/python3.10/site-packages/rasterio/proj_data'.
2023-11-27 01:33:04,620 - rasterio._env - DEBUG - Started GDALEnv: self=<rasterio._env.GDALEnv object at 0x7f45a7791e70>.
2023-11-27 01:33:04,620 - rasterio.env - DEBUG - Entered env context: <rasterio.env.Env object at 0x7f45a6dcfa00>
2023-11-27 01:33:04,621 - rasterio.env - DEBUG - Got a copy of environment <rasterio._env.GDALEnv object at 0x7f45a7791e70> options
2023-11-27 01:33:04,621 - rasterio.env - DEBUG - Entering env context: <rasterio.env.Env object at 0x7f45a44110c0>
2023-11-27 01:33:04,621 - rasterio.env - DEBUG - Got a copy of environment <rasterio._env.GDALEnv object at 0x7f45a7791e70> options
2023-11-27 01:33:04,621 - rasterio.env - DEBUG - Entered env context: <rasterio.env.Env object at 0x7f45a44110c0>
2023-11-27 01:33:04,621 - rasterio._base - DEBUG - Sharing flag: 0
2023-11-27 01:33:04,622 - rasterio._base - DEBUG - Nodata success: 1, Nodata value: nan
2023-11-27 01:33:04,622 - rasterio._base - DEBUG - Dataset <open DatasetReader name='https://radar.bmkg.go.id/raster/radarsatelit_202311270130.tif' mode='r'> is started.
2023-11-27 01:33:04,622 - rasterio.env - DEBUG - Exiting env context: <rasterio.env.Env object at 0x7f45a44110c0>
2023-11-27 01:33:04,622 - rasterio.env - DEBUG - Cleared existing <rasterio._env.GDALEnv object at 0x7f45a7791e70> options
2023-11-27 01:33:04,622 - rasterio._env - DEBUG - Stopped GDALEnv <rasterio._env.GDALEnv object at 0x7f45a7791e70>.
2023-11-27 01:33:04,622 - rasterio.env - DEBUG - No GDAL environment exists
2023-11-27 01:33:04,622 - rasterio.env - DEBUG - New GDAL environment <rasterio._env.GDALEnv object at 0x7f45a7791e70> created
2023-11-27 01:33:04,623 - rasterio._env - DEBUG - GDAL data found in package: path='/home/metpublic/PYTHON_VENV/present_weather/lib/python3.10/site-packages/rasterio/gdal_data'.
2023-11-27 01:33:04,623 - rasterio._env - DEBUG - PROJ data found in package: path='/home/metpublic/PYTHON_VENV/present_weather/lib/python3.10/site-packages/rasterio/proj_data'.
2023-11-27 01:33:04,623 - rasterio._env - DEBUG - Started GDALEnv: self=<rasterio._env.GDALEnv object at 0x7f45a7791e70>.
2023-11-27 01:33:04,623 - rasterio.env - DEBUG - Exited env context: <rasterio.env.Env object at 0x7f45a44110c0>
2023-11-27 01:33:04,641 - rasterio._io - DEBUG - Output nodata value read from file: nan
2023-11-27 01:33:04,641 - rasterio._io - DEBUG - Output nodata values: [nan]
2023-11-27 01:33:04,641 - rasterio._io - DEBUG - all_valid: False
2023-11-27 01:33:04,641 - rasterio._io - DEBUG - mask_flags: ([<MaskFlags.nodata: 8>],)
2023-11-27 01:33:04,642 - rasterio._io - DEBUG - Jump straight to _read()
2023-11-27 01:33:04,642 - rasterio._io - DEBUG - Window: Window(col_off=0, row_off=0, width=10215, height=3792)
2023-11-27 01:33:04,642 - rasterio._io - DEBUG - IO window xoff=0.0 yoff=0.0 width=10215.0 height=3792.0
2023-11-27 01:33:05,180 - rasterio.env - DEBUG - Exiting env context: <rasterio.env.Env object at 0x7f45a6dcfa00>
2023-11-27 01:33:05,181 - rasterio.env - DEBUG - Cleared existing <rasterio._env.GDALEnv object at 0x7f45a7791e70> options
2023-11-27 01:33:05,181 - rasterio._env - DEBUG - Stopped GDALEnv <rasterio._env.GDALEnv object at 0x7f45a7791e70>.
2023-11-27 01:33:05,181 - rasterio.env - DEBUG - Exiting outermost env
2023-11-27 01:33:05,181 - rasterio.env - DEBUG - Exited env context: <rasterio.env.Env object at 0x7f45a6dcfa00>
2023-11-27 01:33:05,183 - urllib3.connectionpool - DEBUG - Starting new HTTPS connection (1): radar.bmkg.go.id:8060
2023-11-27 01:33:05,198 - urllib3.connectionpool - DEBUG - https://radar.bmkg.go.id:8060 "GET /getLatestLD?typeData=1 HTTP/1.1" 200 2489
2023-11-27 01:33:05,202 - root - INFO - Generating present weather using RADAR data
2023-11-27 01:33:09,120 - root - INFO - dask.bag<lambda, npartitions=34>
2023-11-27 01:39:50,104 - root - INFO - Total elapsed time: 0:06:47.138482
