2023-12-10 17:33:03,146 - root - INFO - Initiating present weather
2023-12-10 17:33:03,147 - asyncio - DEBUG - Using selector: EpollSelector
2023-12-10 17:33:04,741 - urllib3.connectionpool - DEBUG - Starting new HTTPS connection (1): radar.bmkg.go.id:8060
2023-12-10 17:33:04,755 - urllib3.connectionpool - DEBUG - https://radar.bmkg.go.id:8060 "GET /getLatestLD?typeData=1 HTTP/1.1" 200 62
2023-12-10 17:33:04,757 - urllib3.connectionpool - DEBUG - Starting new HTTPS connection (1): radar.bmkg.go.id:8060
2023-12-10 17:33:04,779 - urllib3.connectionpool - DEBUG - https://radar.bmkg.go.id:8060 "GET /getRadarGeotif?token=19387e71e78522ae4172ec0fda640983b8438c9cfa0ca571623cb69d8327&radar=amandemenForecast&type=latest HTTP/1.1" 200 90
2023-12-10 17:33:04,779 - rasterio.env - DEBUG - Entering env context: <rasterio.env.Env object at 0x7f1d83024ac0>
2023-12-10 17:33:04,780 - rasterio.env - DEBUG - Starting outermost env
2023-12-10 17:33:04,780 - rasterio.env - DEBUG - No GDAL environment exists
2023-12-10 17:33:04,780 - rasterio.env - DEBUG - New GDAL environment <rasterio._env.GDALEnv object at 0x7f1d83999840> created
2023-12-10 17:33:04,783 - rasterio._filepath - DEBUG - Installing FilePath filesystem handler plugin...
2023-12-10 17:33:04,783 - rasterio._env - DEBUG - GDAL data found in package: path='/home/metpublic/PYTHON_VENV/present_weather/lib/python3.10/site-packages/rasterio/gdal_data'.
2023-12-10 17:33:04,783 - rasterio._env - DEBUG - PROJ data found in package: path='/home/metpublic/PYTHON_VENV/present_weather/lib/python3.10/site-packages/rasterio/proj_data'.
2023-12-10 17:33:04,783 - rasterio._env - DEBUG - Started GDALEnv: self=<rasterio._env.GDALEnv object at 0x7f1d83999840>.
2023-12-10 17:33:04,783 - rasterio.env - DEBUG - Entered env context: <rasterio.env.Env object at 0x7f1d83024ac0>
2023-12-10 17:33:04,784 - rasterio._base - DEBUG - Sharing flag: 0
2023-12-10 17:33:05,052 - rasterio._base - DEBUG - Nodata success: 1, Nodata value: nan
2023-12-10 17:33:05,053 - rasterio._base - DEBUG - Dataset <open DatasetReader name='https://radar.bmkg.go.id/raster/radarsatelit_202312101730.tif' mode='r'> is started.
2023-12-10 17:33:05,053 - rasterio.env - DEBUG - Exiting env context: <rasterio.env.Env object at 0x7f1d83024ac0>
2023-12-10 17:33:05,054 - rasterio.env - DEBUG - Cleared existing <rasterio._env.GDALEnv object at 0x7f1d83999840> options
2023-12-10 17:33:05,054 - rasterio._env - DEBUG - Stopped GDALEnv <rasterio._env.GDALEnv object at 0x7f1d83999840>.
2023-12-10 17:33:05,054 - rasterio.env - DEBUG - Exiting outermost env
2023-12-10 17:33:05,054 - rasterio.env - DEBUG - Exited env context: <rasterio.env.Env object at 0x7f1d83024ac0>
2023-12-10 17:33:05,054 - rasterio.env - DEBUG - Entering env context: <rasterio.env.Env object at 0x7f1d806e3790>
2023-12-10 17:33:05,054 - rasterio.env - DEBUG - Starting outermost env
2023-12-10 17:33:05,054 - rasterio.env - DEBUG - No GDAL environment exists
2023-12-10 17:33:05,054 - rasterio.env - DEBUG - New GDAL environment <rasterio._env.GDALEnv object at 0x7f1d83999840> created
2023-12-10 17:33:05,055 - rasterio._env - DEBUG - GDAL data found in package: path='/home/metpublic/PYTHON_VENV/present_weather/lib/python3.10/site-packages/rasterio/gdal_data'.
2023-12-10 17:33:05,055 - rasterio._env - DEBUG - PROJ data found in package: path='/home/metpublic/PYTHON_VENV/present_weather/lib/python3.10/site-packages/rasterio/proj_data'.
2023-12-10 17:33:05,055 - rasterio._env - DEBUG - Started GDALEnv: self=<rasterio._env.GDALEnv object at 0x7f1d83999840>.
2023-12-10 17:33:05,055 - rasterio.env - DEBUG - Entered env context: <rasterio.env.Env object at 0x7f1d806e3790>
2023-12-10 17:33:05,056 - rasterio.env - DEBUG - Got a copy of environment <rasterio._env.GDALEnv object at 0x7f1d83999840> options
2023-12-10 17:33:05,056 - rasterio.env - DEBUG - Entering env context: <rasterio.env.Env object at 0x7f1d80621fc0>
2023-12-10 17:33:05,056 - rasterio.env - DEBUG - Got a copy of environment <rasterio._env.GDALEnv object at 0x7f1d83999840> options
2023-12-10 17:33:05,056 - rasterio.env - DEBUG - Entered env context: <rasterio.env.Env object at 0x7f1d80621fc0>
2023-12-10 17:33:05,056 - rasterio._base - DEBUG - Sharing flag: 0
2023-12-10 17:33:05,057 - rasterio._base - DEBUG - Nodata success: 1, Nodata value: nan
2023-12-10 17:33:05,057 - rasterio._base - DEBUG - Dataset <open DatasetReader name='https://radar.bmkg.go.id/raster/radarsatelit_202312101730.tif' mode='r'> is started.
2023-12-10 17:33:05,057 - rasterio.env - DEBUG - Exiting env context: <rasterio.env.Env object at 0x7f1d80621fc0>
2023-12-10 17:33:05,057 - rasterio.env - DEBUG - Cleared existing <rasterio._env.GDALEnv object at 0x7f1d83999840> options
2023-12-10 17:33:05,057 - rasterio._env - DEBUG - Stopped GDALEnv <rasterio._env.GDALEnv object at 0x7f1d83999840>.
2023-12-10 17:33:05,057 - rasterio.env - DEBUG - No GDAL environment exists
2023-12-10 17:33:05,057 - rasterio.env - DEBUG - New GDAL environment <rasterio._env.GDALEnv object at 0x7f1d83999840> created
2023-12-10 17:33:05,058 - rasterio._env - DEBUG - GDAL data found in package: path='/home/metpublic/PYTHON_VENV/present_weather/lib/python3.10/site-packages/rasterio/gdal_data'.
2023-12-10 17:33:05,058 - rasterio._env - DEBUG - PROJ data found in package: path='/home/metpublic/PYTHON_VENV/present_weather/lib/python3.10/site-packages/rasterio/proj_data'.
2023-12-10 17:33:05,058 - rasterio._env - DEBUG - Started GDALEnv: self=<rasterio._env.GDALEnv object at 0x7f1d83999840>.
2023-12-10 17:33:05,058 - rasterio.env - DEBUG - Exited env context: <rasterio.env.Env object at 0x7f1d80621fc0>
2023-12-10 17:33:05,077 - rasterio._io - DEBUG - Output nodata value read from file: nan
2023-12-10 17:33:05,077 - rasterio._io - DEBUG - Output nodata values: [nan]
2023-12-10 17:33:05,077 - rasterio._io - DEBUG - all_valid: False
2023-12-10 17:33:05,077 - rasterio._io - DEBUG - mask_flags: ([<MaskFlags.nodata: 8>],)
2023-12-10 17:33:05,078 - rasterio._io - DEBUG - Jump straight to _read()
2023-12-10 17:33:05,078 - rasterio._io - DEBUG - Window: Window(col_off=0, row_off=0, width=10177, height=3692)
2023-12-10 17:33:05,078 - rasterio._io - DEBUG - IO window xoff=0.0 yoff=0.0 width=10177.0 height=3692.0
2023-12-10 17:33:05,631 - rasterio.env - DEBUG - Exiting env context: <rasterio.env.Env object at 0x7f1d806e3790>
2023-12-10 17:33:05,631 - rasterio.env - DEBUG - Cleared existing <rasterio._env.GDALEnv object at 0x7f1d83999840> options
2023-12-10 17:33:05,632 - rasterio._env - DEBUG - Stopped GDALEnv <rasterio._env.GDALEnv object at 0x7f1d83999840>.
2023-12-10 17:33:05,632 - rasterio.env - DEBUG - Exiting outermost env
2023-12-10 17:33:05,632 - rasterio.env - DEBUG - Exited env context: <rasterio.env.Env object at 0x7f1d806e3790>
2023-12-10 17:37:49,177 - rasterio.env - DEBUG - Entering env context: <rasterio.env.Env object at 0x7f1d8052c250>
2023-12-10 17:37:49,177 - rasterio.env - DEBUG - Starting outermost env
2023-12-10 17:37:49,177 - rasterio.env - DEBUG - No GDAL environment exists
2023-12-10 17:37:49,177 - rasterio.env - DEBUG - New GDAL environment <rasterio._env.GDALEnv object at 0x7f1d8052d7e0> created
2023-12-10 17:37:49,179 - rasterio._env - DEBUG - GDAL data found in package: path='/home/metpublic/PYTHON_VENV/present_weather/lib/python3.10/site-packages/rasterio/gdal_data'.
2023-12-10 17:37:49,179 - rasterio._env - DEBUG - PROJ data found in package: path='/home/metpublic/PYTHON_VENV/present_weather/lib/python3.10/site-packages/rasterio/proj_data'.
2023-12-10 17:37:49,179 - rasterio._env - DEBUG - Started GDALEnv: self=<rasterio._env.GDALEnv object at 0x7f1d8052d7e0>.
2023-12-10 17:37:49,179 - rasterio.env - DEBUG - Entered env context: <rasterio.env.Env object at 0x7f1d8052c250>
2023-12-10 17:37:49,179 - rasterio._base - DEBUG - Sharing flag: 0
2023-12-10 17:37:49,181 - rasterio._base - DEBUG - Nodata success: 0, Nodata value: 0.000000
2023-12-10 17:37:49,181 - rasterio._base - DEBUG - Dataset <open DatasetReader name='/home/metpublic/TASK_RELEASE/EFAN/present_weather/src/H09_B13_Indonesia_20231210.Z1710.cor.tiff' mode='r'> is started.
2023-12-10 17:37:49,181 - rasterio.env - DEBUG - Exiting env context: <rasterio.env.Env object at 0x7f1d8052c250>
2023-12-10 17:37:49,182 - rasterio.env - DEBUG - Cleared existing <rasterio._env.GDALEnv object at 0x7f1d8052d7e0> options
2023-12-10 17:37:49,182 - rasterio._env - DEBUG - Stopped GDALEnv <rasterio._env.GDALEnv object at 0x7f1d8052d7e0>.
2023-12-10 17:37:49,182 - rasterio.env - DEBUG - Exiting outermost env
2023-12-10 17:37:49,182 - rasterio.env - DEBUG - Exited env context: <rasterio.env.Env object at 0x7f1d8052c250>
2023-12-10 17:37:49,182 - rasterio.env - DEBUG - Entering env context: <rasterio.env.Env object at 0x7f1d8052d690>
2023-12-10 17:37:49,182 - rasterio.env - DEBUG - Starting outermost env
2023-12-10 17:37:49,182 - rasterio.env - DEBUG - No GDAL environment exists
2023-12-10 17:37:49,182 - rasterio.env - DEBUG - New GDAL environment <rasterio._env.GDALEnv object at 0x7f1d8052c7f0> created
2023-12-10 17:37:49,183 - rasterio._env - DEBUG - GDAL data found in package: path='/home/metpublic/PYTHON_VENV/present_weather/lib/python3.10/site-packages/rasterio/gdal_data'.
2023-12-10 17:37:49,183 - rasterio._env - DEBUG - PROJ data found in package: path='/home/metpublic/PYTHON_VENV/present_weather/lib/python3.10/site-packages/rasterio/proj_data'.
2023-12-10 17:37:49,184 - rasterio._env - DEBUG - Started GDALEnv: self=<rasterio._env.GDALEnv object at 0x7f1d8052c7f0>.
2023-12-10 17:37:49,184 - rasterio.env - DEBUG - Entered env context: <rasterio.env.Env object at 0x7f1d8052d690>
2023-12-10 17:37:49,184 - rasterio._base - DEBUG - Sharing flag: 0
2023-12-10 17:37:49,186 - rasterio._base - DEBUG - Nodata success: 0, Nodata value: 0.000000
2023-12-10 17:37:49,186 - rasterio._base - DEBUG - Dataset <open DatasetReader name='/home/metpublic/TASK_RELEASE/EFAN/present_weather/src/H09_B13_Indonesia_20231210.Z1710.cor.tiff' mode='r'> is started.
2023-12-10 17:37:49,186 - rasterio.env - DEBUG - Exiting env context: <rasterio.env.Env object at 0x7f1d8052d690>
2023-12-10 17:37:49,187 - rasterio.env - DEBUG - Cleared existing <rasterio._env.GDALEnv object at 0x7f1d8052c7f0> options
2023-12-10 17:37:49,187 - rasterio._env - DEBUG - Stopped GDALEnv <rasterio._env.GDALEnv object at 0x7f1d8052c7f0>.
2023-12-10 17:37:49,187 - rasterio.env - DEBUG - Exiting outermost env
2023-12-10 17:37:49,187 - rasterio.env - DEBUG - Exited env context: <rasterio.env.Env object at 0x7f1d8052d690>
2023-12-10 17:37:49,201 - root - INFO - Generating present weather using SATELITE data
2023-12-10 17:39:01,042 - root - INFO - Total elapsed time: 0:05:57.896802
