2023-12-05 17:43:03,002 - root - INFO - Initiating present weather
2023-12-05 17:43:03,004 - asyncio - DEBUG - Using selector: EpollSelector
2023-12-05 17:43:04,541 - urllib3.connectionpool - DEBUG - Starting new HTTPS connection (1): radar.bmkg.go.id:8060
2023-12-05 17:43:04,554 - urllib3.connectionpool - DEBUG - https://radar.bmkg.go.id:8060 "GET /getLatestLD?typeData=1 HTTP/1.1" 200 62
2023-12-05 17:43:04,556 - urllib3.connectionpool - DEBUG - Starting new HTTPS connection (1): radar.bmkg.go.id:8060
2023-12-05 17:43:04,578 - urllib3.connectionpool - DEBUG - https://radar.bmkg.go.id:8060 "GET /getRadarGeotif?token=19387e71e78522ae4172ec0fda640983b8438c9cfa0ca571623cb69d8327&radar=amandemenForecast&type=latest HTTP/1.1" 200 90
2023-12-05 17:43:04,578 - rasterio.env - DEBUG - Entering env context: <rasterio.env.Env object at 0x7f47764b07c0>
2023-12-05 17:43:04,579 - rasterio.env - DEBUG - Starting outermost env
2023-12-05 17:43:04,579 - rasterio.env - DEBUG - No GDAL environment exists
2023-12-05 17:43:04,579 - rasterio.env - DEBUG - New GDAL environment <rasterio._env.GDALEnv object at 0x7f47764b3af0> created
2023-12-05 17:43:04,581 - rasterio._filepath - DEBUG - Installing FilePath filesystem handler plugin...
2023-12-05 17:43:04,581 - rasterio._env - DEBUG - GDAL data found in package: path='/home/metpublic/PYTHON_VENV/present_weather/lib/python3.10/site-packages/rasterio/gdal_data'.
2023-12-05 17:43:04,582 - rasterio._env - DEBUG - PROJ data found in package: path='/home/metpublic/PYTHON_VENV/present_weather/lib/python3.10/site-packages/rasterio/proj_data'.
2023-12-05 17:43:04,582 - rasterio._env - DEBUG - Started GDALEnv: self=<rasterio._env.GDALEnv object at 0x7f47764b3af0>.
2023-12-05 17:43:04,582 - rasterio.env - DEBUG - Entered env context: <rasterio.env.Env object at 0x7f47764b07c0>
2023-12-05 17:43:04,582 - rasterio._base - DEBUG - Sharing flag: 0
2023-12-05 17:43:04,819 - rasterio._base - DEBUG - Nodata success: 1, Nodata value: nan
2023-12-05 17:43:04,819 - rasterio._base - DEBUG - Dataset <open DatasetReader name='https://radar.bmkg.go.id/raster/radarsatelit_202312051740.tif' mode='r'> is started.
2023-12-05 17:43:04,819 - rasterio.env - DEBUG - Exiting env context: <rasterio.env.Env object at 0x7f47764b07c0>
2023-12-05 17:43:04,820 - rasterio.env - DEBUG - Cleared existing <rasterio._env.GDALEnv object at 0x7f47764b3af0> options
2023-12-05 17:43:04,820 - rasterio._env - DEBUG - Stopped GDALEnv <rasterio._env.GDALEnv object at 0x7f47764b3af0>.
2023-12-05 17:43:04,820 - rasterio.env - DEBUG - Exiting outermost env
2023-12-05 17:43:04,820 - rasterio.env - DEBUG - Exited env context: <rasterio.env.Env object at 0x7f47764b07c0>
2023-12-05 17:43:04,820 - rasterio.env - DEBUG - Entering env context: <rasterio.env.Env object at 0x7f4776474a90>
2023-12-05 17:43:04,820 - rasterio.env - DEBUG - Starting outermost env
2023-12-05 17:43:04,820 - rasterio.env - DEBUG - No GDAL environment exists
2023-12-05 17:43:04,820 - rasterio.env - DEBUG - New GDAL environment <rasterio._env.GDALEnv object at 0x7f47764b3af0> created
2023-12-05 17:43:04,820 - rasterio._env - DEBUG - GDAL data found in package: path='/home/metpublic/PYTHON_VENV/present_weather/lib/python3.10/site-packages/rasterio/gdal_data'.
2023-12-05 17:43:04,820 - rasterio._env - DEBUG - PROJ data found in package: path='/home/metpublic/PYTHON_VENV/present_weather/lib/python3.10/site-packages/rasterio/proj_data'.
2023-12-05 17:43:04,821 - rasterio._env - DEBUG - Started GDALEnv: self=<rasterio._env.GDALEnv object at 0x7f47764b3af0>.
2023-12-05 17:43:04,821 - rasterio.env - DEBUG - Entered env context: <rasterio.env.Env object at 0x7f4776474a90>
2023-12-05 17:43:04,821 - rasterio.env - DEBUG - Got a copy of environment <rasterio._env.GDALEnv object at 0x7f47764b3af0> options
2023-12-05 17:43:04,821 - rasterio.env - DEBUG - Entering env context: <rasterio.env.Env object at 0x7f477427a0e0>
2023-12-05 17:43:04,821 - rasterio.env - DEBUG - Got a copy of environment <rasterio._env.GDALEnv object at 0x7f47764b3af0> options
2023-12-05 17:43:04,821 - rasterio.env - DEBUG - Entered env context: <rasterio.env.Env object at 0x7f477427a0e0>
2023-12-05 17:43:04,821 - rasterio._base - DEBUG - Sharing flag: 0
2023-12-05 17:43:04,822 - rasterio._base - DEBUG - Nodata success: 1, Nodata value: nan
2023-12-05 17:43:04,822 - rasterio._base - DEBUG - Dataset <open DatasetReader name='https://radar.bmkg.go.id/raster/radarsatelit_202312051740.tif' mode='r'> is started.
2023-12-05 17:43:04,822 - rasterio.env - DEBUG - Exiting env context: <rasterio.env.Env object at 0x7f477427a0e0>
2023-12-05 17:43:04,822 - rasterio.env - DEBUG - Cleared existing <rasterio._env.GDALEnv object at 0x7f47764b3af0> options
2023-12-05 17:43:04,822 - rasterio._env - DEBUG - Stopped GDALEnv <rasterio._env.GDALEnv object at 0x7f47764b3af0>.
2023-12-05 17:43:04,823 - rasterio.env - DEBUG - No GDAL environment exists
2023-12-05 17:43:04,823 - rasterio.env - DEBUG - New GDAL environment <rasterio._env.GDALEnv object at 0x7f47764b3af0> created
2023-12-05 17:43:04,823 - rasterio._env - DEBUG - GDAL data found in package: path='/home/metpublic/PYTHON_VENV/present_weather/lib/python3.10/site-packages/rasterio/gdal_data'.
2023-12-05 17:43:04,823 - rasterio._env - DEBUG - PROJ data found in package: path='/home/metpublic/PYTHON_VENV/present_weather/lib/python3.10/site-packages/rasterio/proj_data'.
2023-12-05 17:43:04,823 - rasterio._env - DEBUG - Started GDALEnv: self=<rasterio._env.GDALEnv object at 0x7f47764b3af0>.
2023-12-05 17:43:04,823 - rasterio.env - DEBUG - Exited env context: <rasterio.env.Env object at 0x7f477427a0e0>
2023-12-05 17:43:04,839 - rasterio._io - DEBUG - Output nodata value read from file: nan
2023-12-05 17:43:04,839 - rasterio._io - DEBUG - Output nodata values: [nan]
2023-12-05 17:43:04,840 - rasterio._io - DEBUG - all_valid: False
2023-12-05 17:43:04,840 - rasterio._io - DEBUG - mask_flags: ([<MaskFlags.nodata: 8>],)
2023-12-05 17:43:04,840 - rasterio._io - DEBUG - Jump straight to _read()
2023-12-05 17:43:04,840 - rasterio._io - DEBUG - Window: Window(col_off=0, row_off=0, width=10177, height=3732)
2023-12-05 17:43:04,840 - rasterio._io - DEBUG - IO window xoff=0.0 yoff=0.0 width=10177.0 height=3732.0
2023-12-05 17:43:05,378 - rasterio.env - DEBUG - Exiting env context: <rasterio.env.Env object at 0x7f4776474a90>
2023-12-05 17:43:05,378 - rasterio.env - DEBUG - Cleared existing <rasterio._env.GDALEnv object at 0x7f47764b3af0> options
2023-12-05 17:43:05,378 - rasterio._env - DEBUG - Stopped GDALEnv <rasterio._env.GDALEnv object at 0x7f47764b3af0>.
2023-12-05 17:43:05,378 - rasterio.env - DEBUG - Exiting outermost env
2023-12-05 17:43:05,378 - rasterio.env - DEBUG - Exited env context: <rasterio.env.Env object at 0x7f4776474a90>
2023-12-05 17:47:32,929 - rasterio.env - DEBUG - Entering env context: <rasterio.env.Env object at 0x7f4774193010>
2023-12-05 17:47:32,929 - rasterio.env - DEBUG - Starting outermost env
2023-12-05 17:47:32,929 - rasterio.env - DEBUG - No GDAL environment exists
2023-12-05 17:47:32,930 - rasterio.env - DEBUG - New GDAL environment <rasterio._env.GDALEnv object at 0x7f4774191c00> created
2023-12-05 17:47:32,930 - rasterio._env - DEBUG - GDAL data found in package: path='/home/metpublic/PYTHON_VENV/present_weather/lib/python3.10/site-packages/rasterio/gdal_data'.
2023-12-05 17:47:32,931 - rasterio._env - DEBUG - PROJ data found in package: path='/home/metpublic/PYTHON_VENV/present_weather/lib/python3.10/site-packages/rasterio/proj_data'.
2023-12-05 17:47:32,931 - rasterio._env - DEBUG - Started GDALEnv: self=<rasterio._env.GDALEnv object at 0x7f4774191c00>.
2023-12-05 17:47:32,931 - rasterio.env - DEBUG - Entered env context: <rasterio.env.Env object at 0x7f4774193010>
2023-12-05 17:47:32,931 - rasterio._base - DEBUG - Sharing flag: 0
2023-12-05 17:47:32,933 - rasterio._base - DEBUG - Nodata success: 0, Nodata value: 0.000000
2023-12-05 17:47:32,933 - rasterio._base - DEBUG - Dataset <open DatasetReader name='/home/metpublic/TASK_RELEASE/EFAN/present_weather/src/H09_B13_Indonesia_20231205.Z1730.cor.tiff' mode='r'> is started.
2023-12-05 17:47:32,933 - rasterio.env - DEBUG - Exiting env context: <rasterio.env.Env object at 0x7f4774193010>
2023-12-05 17:47:32,933 - rasterio.env - DEBUG - Cleared existing <rasterio._env.GDALEnv object at 0x7f4774191c00> options
2023-12-05 17:47:32,933 - rasterio._env - DEBUG - Stopped GDALEnv <rasterio._env.GDALEnv object at 0x7f4774191c00>.
2023-12-05 17:47:32,933 - rasterio.env - DEBUG - Exiting outermost env
2023-12-05 17:47:32,933 - rasterio.env - DEBUG - Exited env context: <rasterio.env.Env object at 0x7f4774193010>
2023-12-05 17:47:32,939 - rasterio.env - DEBUG - Entering env context: <rasterio.env.Env object at 0x7f4774190640>
2023-12-05 17:47:32,940 - rasterio.env - DEBUG - Starting outermost env
2023-12-05 17:47:32,940 - rasterio.env - DEBUG - No GDAL environment exists
2023-12-05 17:47:32,940 - rasterio.env - DEBUG - New GDAL environment <rasterio._env.GDALEnv object at 0x7f47741904c0> created
2023-12-05 17:47:32,940 - rasterio._env - DEBUG - GDAL data found in package: path='/home/metpublic/PYTHON_VENV/present_weather/lib/python3.10/site-packages/rasterio/gdal_data'.
2023-12-05 17:47:32,947 - rasterio._env - DEBUG - PROJ data found in package: path='/home/metpublic/PYTHON_VENV/present_weather/lib/python3.10/site-packages/rasterio/proj_data'.
2023-12-05 17:47:32,947 - rasterio._env - DEBUG - Started GDALEnv: self=<rasterio._env.GDALEnv object at 0x7f47741904c0>.
2023-12-05 17:47:32,947 - rasterio.env - DEBUG - Entered env context: <rasterio.env.Env object at 0x7f4774190640>
2023-12-05 17:47:32,947 - rasterio._base - DEBUG - Sharing flag: 0
2023-12-05 17:47:32,948 - rasterio._base - DEBUG - Nodata success: 0, Nodata value: 0.000000
2023-12-05 17:47:32,949 - rasterio._base - DEBUG - Dataset <open DatasetReader name='/home/metpublic/TASK_RELEASE/EFAN/present_weather/src/H09_B13_Indonesia_20231205.Z1730.cor.tiff' mode='r'> is started.
2023-12-05 17:47:32,949 - rasterio.env - DEBUG - Exiting env context: <rasterio.env.Env object at 0x7f4774190640>
2023-12-05 17:47:32,949 - rasterio.env - DEBUG - Cleared existing <rasterio._env.GDALEnv object at 0x7f47741904c0> options
2023-12-05 17:47:32,949 - rasterio._env - DEBUG - Stopped GDALEnv <rasterio._env.GDALEnv object at 0x7f47741904c0>.
2023-12-05 17:47:32,949 - rasterio.env - DEBUG - Exiting outermost env
2023-12-05 17:47:32,949 - rasterio.env - DEBUG - Exited env context: <rasterio.env.Env object at 0x7f4774190640>
2023-12-05 17:47:32,962 - root - INFO - Generating present weather using SATELITE data
2023-12-05 17:49:03,523 - root - INFO - Total elapsed time: 0:06:00.521418
