2023-12-15 14:13:02,356 - root - INFO - Initiating present weather
2023-12-15 14:13:02,358 - asyncio - DEBUG - Using selector: EpollSelector
2023-12-15 14:13:04,289 - urllib3.connectionpool - DEBUG - Starting new HTTPS connection (1): radar.bmkg.go.id:8060
2023-12-15 14:13:04,306 - urllib3.connectionpool - DEBUG - https://radar.bmkg.go.id:8060 "GET /getLatestLD?typeData=1 HTTP/1.1" 200 62
2023-12-15 14:13:04,307 - urllib3.connectionpool - DEBUG - Starting new HTTPS connection (1): radar.bmkg.go.id:8060
2023-12-15 14:13:04,330 - urllib3.connectionpool - DEBUG - https://radar.bmkg.go.id:8060 "GET /getRadarGeotif?token=19387e71e78522ae4172ec0fda640983b8438c9cfa0ca571623cb69d8327&radar=amandemenForecast&type=latest HTTP/1.1" 200 90
2023-12-15 14:13:04,331 - rasterio.env - DEBUG - Entering env context: <rasterio.env.Env object at 0x7f679f16b700>
2023-12-15 14:13:04,331 - rasterio.env - DEBUG - Starting outermost env
2023-12-15 14:13:04,331 - rasterio.env - DEBUG - No GDAL environment exists
2023-12-15 14:13:04,331 - rasterio.env - DEBUG - New GDAL environment <rasterio._env.GDALEnv object at 0x7f679f16b5e0> created
2023-12-15 14:13:04,334 - rasterio._filepath - DEBUG - Installing FilePath filesystem handler plugin...
2023-12-15 14:13:04,334 - rasterio._env - DEBUG - GDAL data found in package: path='/home/metpublic/PYTHON_VENV/present_weather/lib/python3.10/site-packages/rasterio/gdal_data'.
2023-12-15 14:13:04,334 - rasterio._env - DEBUG - PROJ data found in package: path='/home/metpublic/PYTHON_VENV/present_weather/lib/python3.10/site-packages/rasterio/proj_data'.
2023-12-15 14:13:04,334 - rasterio._env - DEBUG - Started GDALEnv: self=<rasterio._env.GDALEnv object at 0x7f679f16b5e0>.
2023-12-15 14:13:04,334 - rasterio.env - DEBUG - Entered env context: <rasterio.env.Env object at 0x7f679f16b700>
2023-12-15 14:13:04,335 - rasterio._base - DEBUG - Sharing flag: 0
2023-12-15 14:13:04,640 - rasterio._base - DEBUG - Nodata success: 1, Nodata value: nan
2023-12-15 14:13:04,640 - rasterio._base - DEBUG - Dataset <open DatasetReader name='https://radar.bmkg.go.id/raster/radarsatelit_202312151410.tif' mode='r'> is started.
2023-12-15 14:13:04,641 - rasterio.env - DEBUG - Exiting env context: <rasterio.env.Env object at 0x7f679f16b700>
2023-12-15 14:13:04,641 - rasterio.env - DEBUG - Cleared existing <rasterio._env.GDALEnv object at 0x7f679f16b5e0> options
2023-12-15 14:13:04,641 - rasterio._env - DEBUG - Stopped GDALEnv <rasterio._env.GDALEnv object at 0x7f679f16b5e0>.
2023-12-15 14:13:04,641 - rasterio.env - DEBUG - Exiting outermost env
2023-12-15 14:13:04,641 - rasterio.env - DEBUG - Exited env context: <rasterio.env.Env object at 0x7f679f16b700>
2023-12-15 14:13:04,641 - rasterio.env - DEBUG - Entering env context: <rasterio.env.Env object at 0x7f679e7ec970>
2023-12-15 14:13:04,641 - rasterio.env - DEBUG - Starting outermost env
2023-12-15 14:13:04,641 - rasterio.env - DEBUG - No GDAL environment exists
2023-12-15 14:13:04,641 - rasterio.env - DEBUG - New GDAL environment <rasterio._env.GDALEnv object at 0x7f679f16b5e0> created
2023-12-15 14:13:04,641 - rasterio._env - DEBUG - GDAL data found in package: path='/home/metpublic/PYTHON_VENV/present_weather/lib/python3.10/site-packages/rasterio/gdal_data'.
2023-12-15 14:13:04,642 - rasterio._env - DEBUG - PROJ data found in package: path='/home/metpublic/PYTHON_VENV/present_weather/lib/python3.10/site-packages/rasterio/proj_data'.
2023-12-15 14:13:04,642 - rasterio._env - DEBUG - Started GDALEnv: self=<rasterio._env.GDALEnv object at 0x7f679f16b5e0>.
2023-12-15 14:13:04,642 - rasterio.env - DEBUG - Entered env context: <rasterio.env.Env object at 0x7f679e7ec970>
2023-12-15 14:13:04,642 - rasterio.env - DEBUG - Got a copy of environment <rasterio._env.GDALEnv object at 0x7f679f16b5e0> options
2023-12-15 14:13:04,642 - rasterio.env - DEBUG - Entering env context: <rasterio.env.Env object at 0x7f679c6eef50>
2023-12-15 14:13:04,642 - rasterio.env - DEBUG - Got a copy of environment <rasterio._env.GDALEnv object at 0x7f679f16b5e0> options
2023-12-15 14:13:04,642 - rasterio.env - DEBUG - Entered env context: <rasterio.env.Env object at 0x7f679c6eef50>
2023-12-15 14:13:04,643 - rasterio._base - DEBUG - Sharing flag: 0
2023-12-15 14:13:04,644 - rasterio._base - DEBUG - Nodata success: 1, Nodata value: nan
2023-12-15 14:13:04,644 - rasterio._base - DEBUG - Dataset <open DatasetReader name='https://radar.bmkg.go.id/raster/radarsatelit_202312151410.tif' mode='r'> is started.
2023-12-15 14:13:04,644 - rasterio.env - DEBUG - Exiting env context: <rasterio.env.Env object at 0x7f679c6eef50>
2023-12-15 14:13:04,644 - rasterio.env - DEBUG - Cleared existing <rasterio._env.GDALEnv object at 0x7f679f16b5e0> options
2023-12-15 14:13:04,644 - rasterio._env - DEBUG - Stopped GDALEnv <rasterio._env.GDALEnv object at 0x7f679f16b5e0>.
2023-12-15 14:13:04,644 - rasterio.env - DEBUG - No GDAL environment exists
2023-12-15 14:13:04,645 - rasterio.env - DEBUG - New GDAL environment <rasterio._env.GDALEnv object at 0x7f679f16b5e0> created
2023-12-15 14:13:04,645 - rasterio._env - DEBUG - GDAL data found in package: path='/home/metpublic/PYTHON_VENV/present_weather/lib/python3.10/site-packages/rasterio/gdal_data'.
2023-12-15 14:13:04,645 - rasterio._env - DEBUG - PROJ data found in package: path='/home/metpublic/PYTHON_VENV/present_weather/lib/python3.10/site-packages/rasterio/proj_data'.
2023-12-15 14:13:04,645 - rasterio._env - DEBUG - Started GDALEnv: self=<rasterio._env.GDALEnv object at 0x7f679f16b5e0>.
2023-12-15 14:13:04,645 - rasterio.env - DEBUG - Exited env context: <rasterio.env.Env object at 0x7f679c6eef50>
2023-12-15 14:13:04,661 - rasterio._io - DEBUG - Output nodata value read from file: nan
2023-12-15 14:13:04,661 - rasterio._io - DEBUG - Output nodata values: [nan]
2023-12-15 14:13:04,661 - rasterio._io - DEBUG - all_valid: False
2023-12-15 14:13:04,661 - rasterio._io - DEBUG - mask_flags: ([<MaskFlags.nodata: 8>],)
2023-12-15 14:13:04,662 - rasterio._io - DEBUG - Jump straight to _read()
2023-12-15 14:13:04,662 - rasterio._io - DEBUG - Window: Window(col_off=0, row_off=0, width=10177, height=3692)
2023-12-15 14:13:04,662 - rasterio._io - DEBUG - IO window xoff=0.0 yoff=0.0 width=10177.0 height=3692.0
2023-12-15 14:13:05,222 - rasterio.env - DEBUG - Exiting env context: <rasterio.env.Env object at 0x7f679e7ec970>
2023-12-15 14:13:05,222 - rasterio.env - DEBUG - Cleared existing <rasterio._env.GDALEnv object at 0x7f679f16b5e0> options
2023-12-15 14:13:05,222 - rasterio._env - DEBUG - Stopped GDALEnv <rasterio._env.GDALEnv object at 0x7f679f16b5e0>.
2023-12-15 14:13:05,222 - rasterio.env - DEBUG - Exiting outermost env
2023-12-15 14:13:05,222 - rasterio.env - DEBUG - Exited env context: <rasterio.env.Env object at 0x7f679e7ec970>
2023-12-15 14:17:11,885 - rasterio.env - DEBUG - Entering env context: <rasterio.env.Env object at 0x7f679c783340>
2023-12-15 14:17:11,885 - rasterio.env - DEBUG - Starting outermost env
2023-12-15 14:17:11,886 - rasterio.env - DEBUG - No GDAL environment exists
2023-12-15 14:17:11,886 - rasterio.env - DEBUG - New GDAL environment <rasterio._env.GDALEnv object at 0x7f679c781c90> created
2023-12-15 14:17:11,886 - rasterio._env - DEBUG - GDAL data found in package: path='/home/metpublic/PYTHON_VENV/present_weather/lib/python3.10/site-packages/rasterio/gdal_data'.
2023-12-15 14:17:11,887 - rasterio._env - DEBUG - PROJ data found in package: path='/home/metpublic/PYTHON_VENV/present_weather/lib/python3.10/site-packages/rasterio/proj_data'.
2023-12-15 14:17:11,887 - rasterio._env - DEBUG - Started GDALEnv: self=<rasterio._env.GDALEnv object at 0x7f679c781c90>.
2023-12-15 14:17:11,887 - rasterio.env - DEBUG - Entered env context: <rasterio.env.Env object at 0x7f679c783340>
2023-12-15 14:17:11,887 - rasterio._base - DEBUG - Sharing flag: 0
2023-12-15 14:17:11,890 - rasterio._base - DEBUG - Nodata success: 0, Nodata value: 0.000000
2023-12-15 14:17:11,890 - rasterio._base - DEBUG - Dataset <open DatasetReader name='/home/metpublic/TASK_RELEASE/EFAN/present_weather/src/H09_B13_Indonesia_20231215.Z1400.cor.tiff' mode='r'> is started.
2023-12-15 14:17:11,890 - rasterio.env - DEBUG - Exiting env context: <rasterio.env.Env object at 0x7f679c783340>
2023-12-15 14:17:11,890 - rasterio.env - DEBUG - Cleared existing <rasterio._env.GDALEnv object at 0x7f679c781c90> options
2023-12-15 14:17:11,890 - rasterio._env - DEBUG - Stopped GDALEnv <rasterio._env.GDALEnv object at 0x7f679c781c90>.
2023-12-15 14:17:11,891 - rasterio.env - DEBUG - Exiting outermost env
2023-12-15 14:17:11,891 - rasterio.env - DEBUG - Exited env context: <rasterio.env.Env object at 0x7f679c783340>
2023-12-15 14:17:11,891 - rasterio.env - DEBUG - Entering env context: <rasterio.env.Env object at 0x7f679c65a260>
2023-12-15 14:17:11,891 - rasterio.env - DEBUG - Starting outermost env
2023-12-15 14:17:11,891 - rasterio.env - DEBUG - No GDAL environment exists
2023-12-15 14:17:11,891 - rasterio.env - DEBUG - New GDAL environment <rasterio._env.GDALEnv object at 0x7f679c65bc40> created
2023-12-15 14:17:11,892 - rasterio._env - DEBUG - GDAL data found in package: path='/home/metpublic/PYTHON_VENV/present_weather/lib/python3.10/site-packages/rasterio/gdal_data'.
2023-12-15 14:17:11,892 - rasterio._env - DEBUG - PROJ data found in package: path='/home/metpublic/PYTHON_VENV/present_weather/lib/python3.10/site-packages/rasterio/proj_data'.
2023-12-15 14:17:11,893 - rasterio._env - DEBUG - Started GDALEnv: self=<rasterio._env.GDALEnv object at 0x7f679c65bc40>.
2023-12-15 14:17:11,894 - rasterio.env - DEBUG - Entered env context: <rasterio.env.Env object at 0x7f679c65a260>
2023-12-15 14:17:11,894 - rasterio._base - DEBUG - Sharing flag: 0
2023-12-15 14:17:11,896 - rasterio._base - DEBUG - Nodata success: 0, Nodata value: 0.000000
2023-12-15 14:17:11,896 - rasterio._base - DEBUG - Dataset <open DatasetReader name='/home/metpublic/TASK_RELEASE/EFAN/present_weather/src/H09_B13_Indonesia_20231215.Z1400.cor.tiff' mode='r'> is started.
2023-12-15 14:17:11,896 - rasterio.env - DEBUG - Exiting env context: <rasterio.env.Env object at 0x7f679c65a260>
2023-12-15 14:17:11,897 - rasterio.env - DEBUG - Cleared existing <rasterio._env.GDALEnv object at 0x7f679c65bc40> options
2023-12-15 14:17:11,897 - rasterio._env - DEBUG - Stopped GDALEnv <rasterio._env.GDALEnv object at 0x7f679c65bc40>.
2023-12-15 14:17:11,897 - rasterio.env - DEBUG - Exiting outermost env
2023-12-15 14:17:11,897 - rasterio.env - DEBUG - Exited env context: <rasterio.env.Env object at 0x7f679c65a260>
2023-12-15 14:17:11,916 - root - INFO - Generating present weather using SATELITE data
2023-12-15 14:19:14,847 - root - INFO - Total elapsed time: 0:06:12.491156
