2023-11-28 13:33:02,229 - root - INFO - Initiating present weather
2023-11-28 13:33:02,231 - asyncio - DEBUG - Using selector: EpollSelector
2023-11-28 13:33:03,783 - urllib3.connectionpool - DEBUG - Starting new HTTPS connection (1): radar.bmkg.go.id:8060
2023-11-28 13:33:03,799 - urllib3.connectionpool - DEBUG - https://radar.bmkg.go.id:8060 "GET /getLatestLD?typeData=1 HTTP/1.1" 200 62
2023-11-28 13:33:03,802 - urllib3.connectionpool - DEBUG - Starting new HTTPS connection (1): radar.bmkg.go.id:8060
2023-11-28 13:33:03,819 - urllib3.connectionpool - DEBUG - https://radar.bmkg.go.id:8060 "GET /getRadarGeotif?token=19387e71e78522ae4172ec0fda640983b8438c9cfa0ca571623cb69d8327&radar=amandemenForecast&type=latest HTTP/1.1" 200 90
2023-11-28 13:33:03,820 - rasterio.env - DEBUG - Entering env context: <rasterio.env.Env object at 0x7f1fc53e2740>
2023-11-28 13:33:03,820 - rasterio.env - DEBUG - Starting outermost env
2023-11-28 13:33:03,821 - rasterio.env - DEBUG - No GDAL environment exists
2023-11-28 13:33:03,821 - rasterio.env - DEBUG - New GDAL environment <rasterio._env.GDALEnv object at 0x7f1fc53e2410> created
2023-11-28 13:33:03,824 - rasterio._filepath - DEBUG - Installing FilePath filesystem handler plugin...
2023-11-28 13:33:03,824 - rasterio._env - DEBUG - GDAL data found in package: path='/home/metpublic/PYTHON_VENV/present_weather/lib/python3.10/site-packages/rasterio/gdal_data'.
2023-11-28 13:33:03,824 - rasterio._env - DEBUG - PROJ data found in package: path='/home/metpublic/PYTHON_VENV/present_weather/lib/python3.10/site-packages/rasterio/proj_data'.
2023-11-28 13:33:03,824 - rasterio._env - DEBUG - Started GDALEnv: self=<rasterio._env.GDALEnv object at 0x7f1fc53e2410>.
2023-11-28 13:33:03,824 - rasterio.env - DEBUG - Entered env context: <rasterio.env.Env object at 0x7f1fc53e2740>
2023-11-28 13:33:03,824 - rasterio._base - DEBUG - Sharing flag: 0
2023-11-28 13:33:04,015 - rasterio._base - DEBUG - Nodata success: 1, Nodata value: nan
2023-11-28 13:33:04,016 - rasterio._base - DEBUG - Dataset <open DatasetReader name='https://radar.bmkg.go.id/raster/radarsatelit_202311281330.tif' mode='r'> is started.
2023-11-28 13:33:04,016 - rasterio.env - DEBUG - Exiting env context: <rasterio.env.Env object at 0x7f1fc53e2740>
2023-11-28 13:33:04,016 - rasterio.env - DEBUG - Cleared existing <rasterio._env.GDALEnv object at 0x7f1fc53e2410> options
2023-11-28 13:33:04,016 - rasterio._env - DEBUG - Stopped GDALEnv <rasterio._env.GDALEnv object at 0x7f1fc53e2410>.
2023-11-28 13:33:04,016 - rasterio.env - DEBUG - Exiting outermost env
2023-11-28 13:33:04,016 - rasterio.env - DEBUG - Exited env context: <rasterio.env.Env object at 0x7f1fc53e2740>
2023-11-28 13:33:04,016 - rasterio.env - DEBUG - Entering env context: <rasterio.env.Env object at 0x7f1fc4a2fd90>
2023-11-28 13:33:04,017 - rasterio.env - DEBUG - Starting outermost env
2023-11-28 13:33:04,017 - rasterio.env - DEBUG - No GDAL environment exists
2023-11-28 13:33:04,017 - rasterio.env - DEBUG - New GDAL environment <rasterio._env.GDALEnv object at 0x7f1fc53e2410> created
2023-11-28 13:33:04,017 - rasterio._env - DEBUG - GDAL data found in package: path='/home/metpublic/PYTHON_VENV/present_weather/lib/python3.10/site-packages/rasterio/gdal_data'.
2023-11-28 13:33:04,018 - rasterio._env - DEBUG - PROJ data found in package: path='/home/metpublic/PYTHON_VENV/present_weather/lib/python3.10/site-packages/rasterio/proj_data'.
2023-11-28 13:33:04,018 - rasterio._env - DEBUG - Started GDALEnv: self=<rasterio._env.GDALEnv object at 0x7f1fc53e2410>.
2023-11-28 13:33:04,018 - rasterio.env - DEBUG - Entered env context: <rasterio.env.Env object at 0x7f1fc4a2fd90>
2023-11-28 13:33:04,019 - rasterio.env - DEBUG - Got a copy of environment <rasterio._env.GDALEnv object at 0x7f1fc53e2410> options
2023-11-28 13:33:04,019 - rasterio.env - DEBUG - Entering env context: <rasterio.env.Env object at 0x7f1fc40898a0>
2023-11-28 13:33:04,019 - rasterio.env - DEBUG - Got a copy of environment <rasterio._env.GDALEnv object at 0x7f1fc53e2410> options
2023-11-28 13:33:04,019 - rasterio.env - DEBUG - Entered env context: <rasterio.env.Env object at 0x7f1fc40898a0>
2023-11-28 13:33:04,019 - rasterio._base - DEBUG - Sharing flag: 0
2023-11-28 13:33:04,020 - rasterio._base - DEBUG - Nodata success: 1, Nodata value: nan
2023-11-28 13:33:04,020 - rasterio._base - DEBUG - Dataset <open DatasetReader name='https://radar.bmkg.go.id/raster/radarsatelit_202311281330.tif' mode='r'> is started.
2023-11-28 13:33:04,020 - rasterio.env - DEBUG - Exiting env context: <rasterio.env.Env object at 0x7f1fc40898a0>
2023-11-28 13:33:04,020 - rasterio.env - DEBUG - Cleared existing <rasterio._env.GDALEnv object at 0x7f1fc53e2410> options
2023-11-28 13:33:04,020 - rasterio._env - DEBUG - Stopped GDALEnv <rasterio._env.GDALEnv object at 0x7f1fc53e2410>.
2023-11-28 13:33:04,020 - rasterio.env - DEBUG - No GDAL environment exists
2023-11-28 13:33:04,020 - rasterio.env - DEBUG - New GDAL environment <rasterio._env.GDALEnv object at 0x7f1fc53e2410> created
2023-11-28 13:33:04,020 - rasterio._env - DEBUG - GDAL data found in package: path='/home/metpublic/PYTHON_VENV/present_weather/lib/python3.10/site-packages/rasterio/gdal_data'.
2023-11-28 13:33:04,020 - rasterio._env - DEBUG - PROJ data found in package: path='/home/metpublic/PYTHON_VENV/present_weather/lib/python3.10/site-packages/rasterio/proj_data'.
2023-11-28 13:33:04,021 - rasterio._env - DEBUG - Started GDALEnv: self=<rasterio._env.GDALEnv object at 0x7f1fc53e2410>.
2023-11-28 13:33:04,021 - rasterio.env - DEBUG - Exited env context: <rasterio.env.Env object at 0x7f1fc40898a0>
2023-11-28 13:33:04,040 - rasterio._io - DEBUG - Output nodata value read from file: nan
2023-11-28 13:33:04,040 - rasterio._io - DEBUG - Output nodata values: [nan]
2023-11-28 13:33:04,040 - rasterio._io - DEBUG - all_valid: False
2023-11-28 13:33:04,041 - rasterio._io - DEBUG - mask_flags: ([<MaskFlags.nodata: 8>],)
2023-11-28 13:33:04,041 - rasterio._io - DEBUG - Jump straight to _read()
2023-11-28 13:33:04,041 - rasterio._io - DEBUG - Window: Window(col_off=0, row_off=0, width=10177, height=3732)
2023-11-28 13:33:04,041 - rasterio._io - DEBUG - IO window xoff=0.0 yoff=0.0 width=10177.0 height=3732.0
2023-11-28 13:33:04,664 - rasterio.env - DEBUG - Exiting env context: <rasterio.env.Env object at 0x7f1fc4a2fd90>
2023-11-28 13:33:04,664 - rasterio.env - DEBUG - Cleared existing <rasterio._env.GDALEnv object at 0x7f1fc53e2410> options
2023-11-28 13:33:04,664 - rasterio._env - DEBUG - Stopped GDALEnv <rasterio._env.GDALEnv object at 0x7f1fc53e2410>.
2023-11-28 13:33:04,664 - rasterio.env - DEBUG - Exiting outermost env
2023-11-28 13:33:04,664 - rasterio.env - DEBUG - Exited env context: <rasterio.env.Env object at 0x7f1fc4a2fd90>
2023-11-28 13:37:40,887 - rasterio.env - DEBUG - Entering env context: <rasterio.env.Env object at 0x7f1fbc6f8100>
2023-11-28 13:37:40,887 - rasterio.env - DEBUG - Starting outermost env
2023-11-28 13:37:40,887 - rasterio.env - DEBUG - No GDAL environment exists
2023-11-28 13:37:40,887 - rasterio.env - DEBUG - New GDAL environment <rasterio._env.GDALEnv object at 0x7f1fbc6fa980> created
2023-11-28 13:37:40,888 - rasterio._env - DEBUG - GDAL data found in package: path='/home/metpublic/PYTHON_VENV/present_weather/lib/python3.10/site-packages/rasterio/gdal_data'.
2023-11-28 13:37:40,888 - rasterio._env - DEBUG - PROJ data found in package: path='/home/metpublic/PYTHON_VENV/present_weather/lib/python3.10/site-packages/rasterio/proj_data'.
2023-11-28 13:37:40,888 - rasterio._env - DEBUG - Started GDALEnv: self=<rasterio._env.GDALEnv object at 0x7f1fbc6fa980>.
2023-11-28 13:37:40,888 - rasterio.env - DEBUG - Entered env context: <rasterio.env.Env object at 0x7f1fbc6f8100>
2023-11-28 13:37:40,889 - rasterio._base - DEBUG - Sharing flag: 0
2023-11-28 13:37:40,890 - rasterio._base - DEBUG - Nodata success: 0, Nodata value: 0.000000
2023-11-28 13:37:40,890 - rasterio._base - DEBUG - Dataset <open DatasetReader name='/home/metpublic/TASK_RELEASE/EFAN/present_weather/src/H09_B13_Indonesia_20231128.Z1320.cor.tiff' mode='r'> is started.
2023-11-28 13:37:40,890 - rasterio.env - DEBUG - Exiting env context: <rasterio.env.Env object at 0x7f1fbc6f8100>
2023-11-28 13:37:40,890 - rasterio.env - DEBUG - Cleared existing <rasterio._env.GDALEnv object at 0x7f1fbc6fa980> options
2023-11-28 13:37:40,890 - rasterio._env - DEBUG - Stopped GDALEnv <rasterio._env.GDALEnv object at 0x7f1fbc6fa980>.
2023-11-28 13:37:40,890 - rasterio.env - DEBUG - Exiting outermost env
2023-11-28 13:37:40,890 - rasterio.env - DEBUG - Exited env context: <rasterio.env.Env object at 0x7f1fbc6f8100>
2023-11-28 13:37:40,890 - rasterio.env - DEBUG - Entering env context: <rasterio.env.Env object at 0x7f1fbc758e50>
2023-11-28 13:37:40,891 - rasterio.env - DEBUG - Starting outermost env
2023-11-28 13:37:40,891 - rasterio.env - DEBUG - No GDAL environment exists
2023-11-28 13:37:40,891 - rasterio.env - DEBUG - New GDAL environment <rasterio._env.GDALEnv object at 0x7f1fbc758f70> created
2023-11-28 13:37:40,891 - rasterio._env - DEBUG - GDAL data found in package: path='/home/metpublic/PYTHON_VENV/present_weather/lib/python3.10/site-packages/rasterio/gdal_data'.
2023-11-28 13:37:40,891 - rasterio._env - DEBUG - PROJ data found in package: path='/home/metpublic/PYTHON_VENV/present_weather/lib/python3.10/site-packages/rasterio/proj_data'.
2023-11-28 13:37:40,891 - rasterio._env - DEBUG - Started GDALEnv: self=<rasterio._env.GDALEnv object at 0x7f1fbc758f70>.
2023-11-28 13:37:40,892 - rasterio.env - DEBUG - Entered env context: <rasterio.env.Env object at 0x7f1fbc758e50>
2023-11-28 13:37:40,892 - rasterio._base - DEBUG - Sharing flag: 0
2023-11-28 13:37:40,892 - rasterio._base - DEBUG - Nodata success: 0, Nodata value: 0.000000
2023-11-28 13:37:40,893 - rasterio._base - DEBUG - Dataset <open DatasetReader name='/home/metpublic/TASK_RELEASE/EFAN/present_weather/src/H09_B13_Indonesia_20231128.Z1320.cor.tiff' mode='r'> is started.
2023-11-28 13:37:40,893 - rasterio.env - DEBUG - Exiting env context: <rasterio.env.Env object at 0x7f1fbc758e50>
2023-11-28 13:37:40,893 - rasterio.env - DEBUG - Cleared existing <rasterio._env.GDALEnv object at 0x7f1fbc758f70> options
2023-11-28 13:37:40,893 - rasterio._env - DEBUG - Stopped GDALEnv <rasterio._env.GDALEnv object at 0x7f1fbc758f70>.
2023-11-28 13:37:40,893 - rasterio.env - DEBUG - Exiting outermost env
2023-11-28 13:37:40,893 - rasterio.env - DEBUG - Exited env context: <rasterio.env.Env object at 0x7f1fbc758e50>
2023-11-28 13:37:40,903 - root - INFO - Generating present weather using SATELITE data
2023-11-28 13:40:13,810 - root - INFO - Total elapsed time: 0:07:11.581206
