2023-11-28 05:03:02,685 - root - INFO - Initiating present weather
2023-11-28 05:03:02,687 - asyncio - DEBUG - Using selector: EpollSelector
2023-11-28 05:03:04,139 - urllib3.connectionpool - DEBUG - Starting new HTTPS connection (1): radar.bmkg.go.id:8060
2023-11-28 05:03:04,167 - urllib3.connectionpool - DEBUG - https://radar.bmkg.go.id:8060 "GET /getRadarGeotif?token=19387e71e78522ae4172ec0fda640983b8438c9cfa0ca571623cb69d8327&radar=amandemenForecast&type=latest HTTP/1.1" 200 90
2023-11-28 05:03:04,169 - rasterio.env - DEBUG - Entering env context: <rasterio.env.Env object at 0x7fe2583dfb20>
2023-11-28 05:03:04,170 - rasterio.env - DEBUG - Starting outermost env
2023-11-28 05:03:04,170 - rasterio.env - DEBUG - No GDAL environment exists
2023-11-28 05:03:04,170 - rasterio.env - DEBUG - New GDAL environment <rasterio._env.GDALEnv object at 0x7fe2583df2e0> created
2023-11-28 05:03:04,172 - rasterio._filepath - DEBUG - Installing FilePath filesystem handler plugin...
2023-11-28 05:03:04,173 - rasterio._env - DEBUG - GDAL data found in package: path='/home/metpublic/PYTHON_VENV/present_weather/lib/python3.10/site-packages/rasterio/gdal_data'.
2023-11-28 05:03:04,173 - rasterio._env - DEBUG - PROJ data found in package: path='/home/metpublic/PYTHON_VENV/present_weather/lib/python3.10/site-packages/rasterio/proj_data'.
2023-11-28 05:03:04,173 - rasterio._env - DEBUG - Started GDALEnv: self=<rasterio._env.GDALEnv object at 0x7fe2583df2e0>.
2023-11-28 05:03:04,173 - rasterio.env - DEBUG - Entered env context: <rasterio.env.Env object at 0x7fe2583dfb20>
2023-11-28 05:03:04,173 - rasterio._base - DEBUG - Sharing flag: 0
2023-11-28 05:03:04,349 - rasterio._base - DEBUG - Nodata success: 1, Nodata value: nan
2023-11-28 05:03:04,349 - rasterio._base - DEBUG - Dataset <open DatasetReader name='https://radar.bmkg.go.id/raster/radarsatelit_202311280500.tif' mode='r'> is started.
2023-11-28 05:03:04,349 - rasterio.env - DEBUG - Exiting env context: <rasterio.env.Env object at 0x7fe2583dfb20>
2023-11-28 05:03:04,349 - rasterio.env - DEBUG - Cleared existing <rasterio._env.GDALEnv object at 0x7fe2583df2e0> options
2023-11-28 05:03:04,349 - rasterio._env - DEBUG - Stopped GDALEnv <rasterio._env.GDALEnv object at 0x7fe2583df2e0>.
2023-11-28 05:03:04,349 - rasterio.env - DEBUG - Exiting outermost env
2023-11-28 05:03:04,350 - rasterio.env - DEBUG - Exited env context: <rasterio.env.Env object at 0x7fe2583dfb20>
2023-11-28 05:03:04,350 - rasterio.env - DEBUG - Entering env context: <rasterio.env.Env object at 0x7fe25b4eb880>
2023-11-28 05:03:04,350 - rasterio.env - DEBUG - Starting outermost env
2023-11-28 05:03:04,350 - rasterio.env - DEBUG - No GDAL environment exists
2023-11-28 05:03:04,350 - rasterio.env - DEBUG - New GDAL environment <rasterio._env.GDALEnv object at 0x7fe2583df2e0> created
2023-11-28 05:03:04,351 - rasterio._env - DEBUG - GDAL data found in package: path='/home/metpublic/PYTHON_VENV/present_weather/lib/python3.10/site-packages/rasterio/gdal_data'.
2023-11-28 05:03:04,351 - rasterio._env - DEBUG - PROJ data found in package: path='/home/metpublic/PYTHON_VENV/present_weather/lib/python3.10/site-packages/rasterio/proj_data'.
2023-11-28 05:03:04,351 - rasterio._env - DEBUG - Started GDALEnv: self=<rasterio._env.GDALEnv object at 0x7fe2583df2e0>.
2023-11-28 05:03:04,351 - rasterio.env - DEBUG - Entered env context: <rasterio.env.Env object at 0x7fe25b4eb880>
2023-11-28 05:03:04,351 - rasterio.env - DEBUG - Got a copy of environment <rasterio._env.GDALEnv object at 0x7fe2583df2e0> options
2023-11-28 05:03:04,351 - rasterio.env - DEBUG - Entering env context: <rasterio.env.Env object at 0x7fe2584312d0>
2023-11-28 05:03:04,351 - rasterio.env - DEBUG - Got a copy of environment <rasterio._env.GDALEnv object at 0x7fe2583df2e0> options
2023-11-28 05:03:04,351 - rasterio.env - DEBUG - Entered env context: <rasterio.env.Env object at 0x7fe2584312d0>
2023-11-28 05:03:04,351 - rasterio._base - DEBUG - Sharing flag: 0
2023-11-28 05:03:04,353 - rasterio._base - DEBUG - Nodata success: 1, Nodata value: nan
2023-11-28 05:03:04,353 - rasterio._base - DEBUG - Dataset <open DatasetReader name='https://radar.bmkg.go.id/raster/radarsatelit_202311280500.tif' mode='r'> is started.
2023-11-28 05:03:04,353 - rasterio.env - DEBUG - Exiting env context: <rasterio.env.Env object at 0x7fe2584312d0>
2023-11-28 05:03:04,353 - rasterio.env - DEBUG - Cleared existing <rasterio._env.GDALEnv object at 0x7fe2583df2e0> options
2023-11-28 05:03:04,353 - rasterio._env - DEBUG - Stopped GDALEnv <rasterio._env.GDALEnv object at 0x7fe2583df2e0>.
2023-11-28 05:03:04,353 - rasterio.env - DEBUG - No GDAL environment exists
2023-11-28 05:03:04,354 - rasterio.env - DEBUG - New GDAL environment <rasterio._env.GDALEnv object at 0x7fe2583df2e0> created
2023-11-28 05:03:04,354 - rasterio._env - DEBUG - GDAL data found in package: path='/home/metpublic/PYTHON_VENV/present_weather/lib/python3.10/site-packages/rasterio/gdal_data'.
2023-11-28 05:03:04,354 - rasterio._env - DEBUG - PROJ data found in package: path='/home/metpublic/PYTHON_VENV/present_weather/lib/python3.10/site-packages/rasterio/proj_data'.
2023-11-28 05:03:04,354 - rasterio._env - DEBUG - Started GDALEnv: self=<rasterio._env.GDALEnv object at 0x7fe2583df2e0>.
2023-11-28 05:03:04,354 - rasterio.env - DEBUG - Exited env context: <rasterio.env.Env object at 0x7fe2584312d0>
2023-11-28 05:03:04,370 - rasterio._io - DEBUG - Output nodata value read from file: nan
2023-11-28 05:03:04,370 - rasterio._io - DEBUG - Output nodata values: [nan]
2023-11-28 05:03:04,370 - rasterio._io - DEBUG - all_valid: False
2023-11-28 05:03:04,370 - rasterio._io - DEBUG - mask_flags: ([<MaskFlags.nodata: 8>],)
2023-11-28 05:03:04,371 - rasterio._io - DEBUG - Jump straight to _read()
2023-11-28 05:03:04,371 - rasterio._io - DEBUG - Window: Window(col_off=0, row_off=0, width=10215, height=3792)
2023-11-28 05:03:04,371 - rasterio._io - DEBUG - IO window xoff=0.0 yoff=0.0 width=10215.0 height=3792.0
2023-11-28 05:03:04,931 - rasterio.env - DEBUG - Exiting env context: <rasterio.env.Env object at 0x7fe25b4eb880>
2023-11-28 05:03:04,931 - rasterio.env - DEBUG - Cleared existing <rasterio._env.GDALEnv object at 0x7fe2583df2e0> options
2023-11-28 05:03:04,931 - rasterio._env - DEBUG - Stopped GDALEnv <rasterio._env.GDALEnv object at 0x7fe2583df2e0>.
2023-11-28 05:03:04,931 - rasterio.env - DEBUG - Exiting outermost env
2023-11-28 05:03:04,931 - rasterio.env - DEBUG - Exited env context: <rasterio.env.Env object at 0x7fe25b4eb880>
2023-11-28 05:03:04,933 - urllib3.connectionpool - DEBUG - Starting new HTTPS connection (1): radar.bmkg.go.id:8060
2023-11-28 05:03:04,944 - urllib3.connectionpool - DEBUG - https://radar.bmkg.go.id:8060 "GET /getLatestLD?typeData=1 HTTP/1.1" 200 62
2023-11-28 05:03:06,633 - rasterio.env - DEBUG - Entering env context: <rasterio.env.Env object at 0x7fe25beb5cf0>
2023-11-28 05:03:06,633 - rasterio.env - DEBUG - Starting outermost env
2023-11-28 05:03:06,633 - rasterio.env - DEBUG - No GDAL environment exists
2023-11-28 05:03:06,633 - rasterio.env - DEBUG - New GDAL environment <rasterio._env.GDALEnv object at 0x7fe25beb5960> created
2023-11-28 05:03:06,634 - rasterio._env - DEBUG - GDAL data found in package: path='/home/metpublic/PYTHON_VENV/present_weather/lib/python3.10/site-packages/rasterio/gdal_data'.
2023-11-28 05:03:06,634 - rasterio._env - DEBUG - PROJ data found in package: path='/home/metpublic/PYTHON_VENV/present_weather/lib/python3.10/site-packages/rasterio/proj_data'.
2023-11-28 05:03:06,634 - rasterio._env - DEBUG - Started GDALEnv: self=<rasterio._env.GDALEnv object at 0x7fe25beb5960>.
2023-11-28 05:03:06,634 - rasterio.env - DEBUG - Entered env context: <rasterio.env.Env object at 0x7fe25beb5cf0>
2023-11-28 05:03:06,634 - rasterio._base - DEBUG - Sharing flag: 0
2023-11-28 05:03:06,635 - rasterio._base - DEBUG - Nodata success: 0, Nodata value: 0.000000
2023-11-28 05:03:06,635 - rasterio._base - DEBUG - Dataset <open DatasetReader name='/home/metpublic/TASK_RELEASE/EFAN/present_weather/src/H09_B13_Indonesia_20231128.Z0450.cor.tiff' mode='r'> is started.
2023-11-28 05:03:06,635 - rasterio.env - DEBUG - Exiting env context: <rasterio.env.Env object at 0x7fe25beb5cf0>
2023-11-28 05:03:06,635 - rasterio.env - DEBUG - Cleared existing <rasterio._env.GDALEnv object at 0x7fe25beb5960> options
2023-11-28 05:03:06,635 - rasterio._env - DEBUG - Stopped GDALEnv <rasterio._env.GDALEnv object at 0x7fe25beb5960>.
2023-11-28 05:03:06,636 - rasterio.env - DEBUG - Exiting outermost env
2023-11-28 05:03:06,636 - rasterio.env - DEBUG - Exited env context: <rasterio.env.Env object at 0x7fe25beb5cf0>
2023-11-28 05:03:06,636 - rasterio.env - DEBUG - Entering env context: <rasterio.env.Env object at 0x7fe258431c30>
2023-11-28 05:03:06,636 - rasterio.env - DEBUG - Starting outermost env
2023-11-28 05:03:06,636 - rasterio.env - DEBUG - No GDAL environment exists
2023-11-28 05:03:06,636 - rasterio.env - DEBUG - New GDAL environment <rasterio._env.GDALEnv object at 0x7fe258431180> created
2023-11-28 05:03:06,636 - rasterio._env - DEBUG - GDAL data found in package: path='/home/metpublic/PYTHON_VENV/present_weather/lib/python3.10/site-packages/rasterio/gdal_data'.
2023-11-28 05:03:06,636 - rasterio._env - DEBUG - PROJ data found in package: path='/home/metpublic/PYTHON_VENV/present_weather/lib/python3.10/site-packages/rasterio/proj_data'.
2023-11-28 05:03:06,637 - rasterio._env - DEBUG - Started GDALEnv: self=<rasterio._env.GDALEnv object at 0x7fe258431180>.
2023-11-28 05:03:06,637 - rasterio.env - DEBUG - Entered env context: <rasterio.env.Env object at 0x7fe258431c30>
2023-11-28 05:03:06,637 - rasterio._base - DEBUG - Sharing flag: 0
2023-11-28 05:03:06,638 - rasterio._base - DEBUG - Nodata success: 0, Nodata value: 0.000000
2023-11-28 05:03:06,638 - rasterio._base - DEBUG - Dataset <open DatasetReader name='/home/metpublic/TASK_RELEASE/EFAN/present_weather/src/H09_B13_Indonesia_20231128.Z0450.cor.tiff' mode='r'> is started.
2023-11-28 05:03:06,638 - rasterio.env - DEBUG - Exiting env context: <rasterio.env.Env object at 0x7fe258431c30>
2023-11-28 05:03:06,638 - rasterio.env - DEBUG - Cleared existing <rasterio._env.GDALEnv object at 0x7fe258431180> options
2023-11-28 05:03:06,638 - rasterio._env - DEBUG - Stopped GDALEnv <rasterio._env.GDALEnv object at 0x7fe258431180>.
2023-11-28 05:03:06,638 - rasterio.env - DEBUG - Exiting outermost env
2023-11-28 05:03:06,638 - rasterio.env - DEBUG - Exited env context: <rasterio.env.Env object at 0x7fe258431c30>
2023-11-28 05:03:06,647 - root - INFO - Generating present weather using SATELITE data
2023-11-28 05:04:04,402 - root - INFO - Total elapsed time: 0:01:01.716681
