2023-11-19 09:40:03,648 - root - INFO - Initiating present weather
2023-11-19 09:40:03,652 - urllib3.connectionpool - DEBUG - Starting new HTTPS connection (1): radar.bmkg.go.id:8060
2023-11-19 09:40:03,725 - urllib3.connectionpool - DEBUG - https://radar.bmkg.go.id:8060 "GET /getRadarGeotif?token=19387e71e78522ae4172ec0fda640983b8438c9cfa0ca571623cb69d8327&radar=amandemenForecast&type=latest HTTP/1.1" 200 90
2023-11-19 09:40:03,728 - rasterio.env - DEBUG - Entering env context: <rasterio.env.Env object at 0x7fa06c31b080>
2023-11-19 09:40:03,729 - rasterio.env - DEBUG - Starting outermost env
2023-11-19 09:40:03,729 - rasterio.env - DEBUG - No GDAL environment exists
2023-11-19 09:40:03,729 - rasterio.env - DEBUG - New GDAL environment <rasterio._env.GDALEnv object at 0x7fa0b7e85780> created
2023-11-19 09:40:03,734 - rasterio._filepath - DEBUG - Installing FilePath filesystem handler plugin...
2023-11-19 09:40:03,734 - rasterio._env - DEBUG - GDAL data found in package: path='/home/swx/miniconda3/envs/present_weather/lib/python3.12/site-packages/rasterio/gdal_data'.
2023-11-19 09:40:03,734 - rasterio._env - DEBUG - PROJ_LIB found in environment.
2023-11-19 09:40:03,734 - rasterio._env - DEBUG - Started GDALEnv: self=<rasterio._env.GDALEnv object at 0x7fa0b7e85780>.
2023-11-19 09:40:03,734 - rasterio.env - DEBUG - Entered env context: <rasterio.env.Env object at 0x7fa06c31b080>
2023-11-19 09:40:03,735 - rasterio._base - DEBUG - Sharing flag: 0
2023-11-19 09:40:03,927 - rasterio._base - DEBUG - Nodata success: 1, Nodata value: nan
2023-11-19 09:40:03,927 - rasterio._base - DEBUG - Dataset <open DatasetReader name='https://radar.bmkg.go.id/raster/radarsatelit_202311190930.tif' mode='r'> is started.
2023-11-19 09:40:03,928 - rasterio.env - DEBUG - Exiting env context: <rasterio.env.Env object at 0x7fa06c31b080>
2023-11-19 09:40:03,928 - rasterio.env - DEBUG - Cleared existing <rasterio._env.GDALEnv object at 0x7fa0b7e85780> options
2023-11-19 09:40:03,928 - rasterio._env - DEBUG - Stopped GDALEnv <rasterio._env.GDALEnv object at 0x7fa0b7e85780>.
2023-11-19 09:40:03,928 - rasterio.env - DEBUG - Exiting outermost env
2023-11-19 09:40:03,928 - rasterio.env - DEBUG - Exited env context: <rasterio.env.Env object at 0x7fa06c31b080>
2023-11-19 09:40:03,928 - rasterio.env - DEBUG - Entering env context: <rasterio.env.Env object at 0x7fa06c31b080>
2023-11-19 09:40:03,928 - rasterio.env - DEBUG - Starting outermost env
2023-11-19 09:40:03,929 - rasterio.env - DEBUG - No GDAL environment exists
2023-11-19 09:40:03,929 - rasterio.env - DEBUG - New GDAL environment <rasterio._env.GDALEnv object at 0x7fa030511c00> created
2023-11-19 09:40:03,929 - rasterio._env - DEBUG - GDAL data found in package: path='/home/swx/miniconda3/envs/present_weather/lib/python3.12/site-packages/rasterio/gdal_data'.
2023-11-19 09:40:03,929 - rasterio._env - DEBUG - PROJ_LIB found in environment.
2023-11-19 09:40:03,930 - rasterio._env - DEBUG - Started GDALEnv: self=<rasterio._env.GDALEnv object at 0x7fa030511c00>.
2023-11-19 09:40:03,930 - rasterio.env - DEBUG - Entered env context: <rasterio.env.Env object at 0x7fa06c31b080>
2023-11-19 09:40:03,930 - rasterio.env - DEBUG - Got a copy of environment <rasterio._env.GDALEnv object at 0x7fa030511c00> options
2023-11-19 09:40:03,930 - rasterio.env - DEBUG - Entering env context: <rasterio.env.Env object at 0x7fa06c3f2f00>
2023-11-19 09:40:03,931 - rasterio.env - DEBUG - Got a copy of environment <rasterio._env.GDALEnv object at 0x7fa030511c00> options
2023-11-19 09:40:03,931 - rasterio.env - DEBUG - Entered env context: <rasterio.env.Env object at 0x7fa06c3f2f00>
2023-11-19 09:40:03,931 - rasterio._base - DEBUG - Sharing flag: 0
2023-11-19 09:40:03,932 - rasterio._base - DEBUG - Nodata success: 1, Nodata value: nan
2023-11-19 09:40:03,932 - rasterio._base - DEBUG - Dataset <open DatasetReader name='https://radar.bmkg.go.id/raster/radarsatelit_202311190930.tif' mode='r'> is started.
2023-11-19 09:40:03,932 - rasterio.env - DEBUG - Exiting env context: <rasterio.env.Env object at 0x7fa06c3f2f00>
2023-11-19 09:40:03,932 - rasterio.env - DEBUG - Cleared existing <rasterio._env.GDALEnv object at 0x7fa030511c00> options
2023-11-19 09:40:03,932 - rasterio._env - DEBUG - Stopped GDALEnv <rasterio._env.GDALEnv object at 0x7fa030511c00>.
2023-11-19 09:40:03,933 - rasterio.env - DEBUG - No GDAL environment exists
2023-11-19 09:40:03,933 - rasterio.env - DEBUG - New GDAL environment <rasterio._env.GDALEnv object at 0x7fa030511c00> created
2023-11-19 09:40:03,933 - rasterio._env - DEBUG - GDAL data found in package: path='/home/swx/miniconda3/envs/present_weather/lib/python3.12/site-packages/rasterio/gdal_data'.
2023-11-19 09:40:03,933 - rasterio._env - DEBUG - PROJ_LIB found in environment.
2023-11-19 09:40:03,934 - rasterio._env - DEBUG - Started GDALEnv: self=<rasterio._env.GDALEnv object at 0x7fa030511c00>.
2023-11-19 09:40:03,934 - rasterio.env - DEBUG - Exited env context: <rasterio.env.Env object at 0x7fa06c3f2f00>
2023-11-19 09:40:03,964 - rasterio._io - DEBUG - Output nodata value read from file: nan
2023-11-19 09:40:03,965 - rasterio._io - DEBUG - Output nodata values: [nan]
2023-11-19 09:40:03,965 - rasterio._io - DEBUG - all_valid: False
2023-11-19 09:40:03,965 - rasterio._io - DEBUG - mask_flags: ([<MaskFlags.nodata: 8>],)
2023-11-19 09:40:03,966 - rasterio._io - DEBUG - Jump straight to _read()
2023-11-19 09:40:03,966 - rasterio._io - DEBUG - Window: Window(col_off=0, row_off=0, width=10215, height=3789)
2023-11-19 09:40:03,966 - rasterio._io - DEBUG - IO window xoff=0.0 yoff=0.0 width=10215.0 height=3789.0
2023-11-19 09:40:04,677 - rasterio.env - DEBUG - Exiting env context: <rasterio.env.Env object at 0x7fa06c31b080>
2023-11-19 09:40:04,677 - rasterio.env - DEBUG - Cleared existing <rasterio._env.GDALEnv object at 0x7fa030511c00> options
2023-11-19 09:40:04,677 - rasterio._env - DEBUG - Stopped GDALEnv <rasterio._env.GDALEnv object at 0x7fa030511c00>.
2023-11-19 09:40:04,677 - rasterio.env - DEBUG - Exiting outermost env
2023-11-19 09:40:04,677 - rasterio.env - DEBUG - Exited env context: <rasterio.env.Env object at 0x7fa06c31b080>
2023-11-19 09:40:04,679 - urllib3.connectionpool - DEBUG - Starting new HTTPS connection (1): radar.bmkg.go.id:8060
2023-11-19 09:40:04,806 - urllib3.connectionpool - DEBUG - https://radar.bmkg.go.id:8060 "GET /getLatestLD?typeData=1 HTTP/1.1" 200 134148
2023-11-19 09:40:04,883 - asyncio - DEBUG - Using selector: EpollSelector
2023-11-19 09:40:11,572 - root - INFO - dask.bag<lambda, npartitions=34>
2023-11-19 09:55:58,183 - root - INFO - Total elapsed time: 0:15:54.535989
