2023-12-10 17:03:02,616 - root - INFO - Initiating present weather
2023-12-10 17:03:02,618 - asyncio - DEBUG - Using selector: EpollSelector
2023-12-10 17:03:04,237 - urllib3.connectionpool - DEBUG - Starting new HTTPS connection (1): radar.bmkg.go.id:8060
2023-12-10 17:03:04,249 - urllib3.connectionpool - DEBUG - https://radar.bmkg.go.id:8060 "GET /getLatestLD?typeData=1 HTTP/1.1" 200 62
2023-12-10 17:03:04,251 - urllib3.connectionpool - DEBUG - Starting new HTTPS connection (1): radar.bmkg.go.id:8060
2023-12-10 17:03:04,272 - urllib3.connectionpool - DEBUG - https://radar.bmkg.go.id:8060 "GET /getRadarGeotif?token=19387e71e78522ae4172ec0fda640983b8438c9cfa0ca571623cb69d8327&radar=amandemenForecast&type=latest HTTP/1.1" 200 90
2023-12-10 17:03:04,273 - rasterio.env - DEBUG - Entering env context: <rasterio.env.Env object at 0x7f0bda216d10>
2023-12-10 17:03:04,274 - rasterio.env - DEBUG - Starting outermost env
2023-12-10 17:03:04,274 - rasterio.env - DEBUG - No GDAL environment exists
2023-12-10 17:03:04,274 - rasterio.env - DEBUG - New GDAL environment <rasterio._env.GDALEnv object at 0x7f0bda216aa0> created
2023-12-10 17:03:04,276 - rasterio._filepath - DEBUG - Installing FilePath filesystem handler plugin...
2023-12-10 17:03:04,277 - rasterio._env - DEBUG - GDAL data found in package: path='/home/metpublic/PYTHON_VENV/present_weather/lib/python3.10/site-packages/rasterio/gdal_data'.
2023-12-10 17:03:04,277 - rasterio._env - DEBUG - PROJ data found in package: path='/home/metpublic/PYTHON_VENV/present_weather/lib/python3.10/site-packages/rasterio/proj_data'.
2023-12-10 17:03:04,277 - rasterio._env - DEBUG - Started GDALEnv: self=<rasterio._env.GDALEnv object at 0x7f0bda216aa0>.
2023-12-10 17:03:04,277 - rasterio.env - DEBUG - Entered env context: <rasterio.env.Env object at 0x7f0bda216d10>
2023-12-10 17:03:04,278 - rasterio._base - DEBUG - Sharing flag: 0
2023-12-10 17:03:04,557 - rasterio._base - DEBUG - Nodata success: 1, Nodata value: nan
2023-12-10 17:03:04,557 - rasterio._base - DEBUG - Dataset <open DatasetReader name='https://radar.bmkg.go.id/raster/radarsatelit_202312101700.tif' mode='r'> is started.
2023-12-10 17:03:04,557 - rasterio.env - DEBUG - Exiting env context: <rasterio.env.Env object at 0x7f0bda216d10>
2023-12-10 17:03:04,558 - rasterio.env - DEBUG - Cleared existing <rasterio._env.GDALEnv object at 0x7f0bda216aa0> options
2023-12-10 17:03:04,558 - rasterio._env - DEBUG - Stopped GDALEnv <rasterio._env.GDALEnv object at 0x7f0bda216aa0>.
2023-12-10 17:03:04,558 - rasterio.env - DEBUG - Exiting outermost env
2023-12-10 17:03:04,558 - rasterio.env - DEBUG - Exited env context: <rasterio.env.Env object at 0x7f0bda216d10>
2023-12-10 17:03:04,558 - rasterio.env - DEBUG - Entering env context: <rasterio.env.Env object at 0x7f0bd98e07f0>
2023-12-10 17:03:04,558 - rasterio.env - DEBUG - Starting outermost env
2023-12-10 17:03:04,558 - rasterio.env - DEBUG - No GDAL environment exists
2023-12-10 17:03:04,558 - rasterio.env - DEBUG - New GDAL environment <rasterio._env.GDALEnv object at 0x7f0bda216aa0> created
2023-12-10 17:03:04,558 - rasterio._env - DEBUG - GDAL data found in package: path='/home/metpublic/PYTHON_VENV/present_weather/lib/python3.10/site-packages/rasterio/gdal_data'.
2023-12-10 17:03:04,558 - rasterio._env - DEBUG - PROJ data found in package: path='/home/metpublic/PYTHON_VENV/present_weather/lib/python3.10/site-packages/rasterio/proj_data'.
2023-12-10 17:03:04,558 - rasterio._env - DEBUG - Started GDALEnv: self=<rasterio._env.GDALEnv object at 0x7f0bda216aa0>.
2023-12-10 17:03:04,559 - rasterio.env - DEBUG - Entered env context: <rasterio.env.Env object at 0x7f0bd98e07f0>
2023-12-10 17:03:04,559 - rasterio.env - DEBUG - Got a copy of environment <rasterio._env.GDALEnv object at 0x7f0bda216aa0> options
2023-12-10 17:03:04,559 - rasterio.env - DEBUG - Entering env context: <rasterio.env.Env object at 0x7f0bc8f721d0>
2023-12-10 17:03:04,559 - rasterio.env - DEBUG - Got a copy of environment <rasterio._env.GDALEnv object at 0x7f0bda216aa0> options
2023-12-10 17:03:04,559 - rasterio.env - DEBUG - Entered env context: <rasterio.env.Env object at 0x7f0bc8f721d0>
2023-12-10 17:03:04,559 - rasterio._base - DEBUG - Sharing flag: 0
2023-12-10 17:03:04,560 - rasterio._base - DEBUG - Nodata success: 1, Nodata value: nan
2023-12-10 17:03:04,560 - rasterio._base - DEBUG - Dataset <open DatasetReader name='https://radar.bmkg.go.id/raster/radarsatelit_202312101700.tif' mode='r'> is started.
2023-12-10 17:03:04,561 - rasterio.env - DEBUG - Exiting env context: <rasterio.env.Env object at 0x7f0bc8f721d0>
2023-12-10 17:03:04,561 - rasterio.env - DEBUG - Cleared existing <rasterio._env.GDALEnv object at 0x7f0bda216aa0> options
2023-12-10 17:03:04,561 - rasterio._env - DEBUG - Stopped GDALEnv <rasterio._env.GDALEnv object at 0x7f0bda216aa0>.
2023-12-10 17:03:04,561 - rasterio.env - DEBUG - No GDAL environment exists
2023-12-10 17:03:04,561 - rasterio.env - DEBUG - New GDAL environment <rasterio._env.GDALEnv object at 0x7f0bda216aa0> created
2023-12-10 17:03:04,561 - rasterio._env - DEBUG - GDAL data found in package: path='/home/metpublic/PYTHON_VENV/present_weather/lib/python3.10/site-packages/rasterio/gdal_data'.
2023-12-10 17:03:04,561 - rasterio._env - DEBUG - PROJ data found in package: path='/home/metpublic/PYTHON_VENV/present_weather/lib/python3.10/site-packages/rasterio/proj_data'.
2023-12-10 17:03:04,561 - rasterio._env - DEBUG - Started GDALEnv: self=<rasterio._env.GDALEnv object at 0x7f0bda216aa0>.
2023-12-10 17:03:04,561 - rasterio.env - DEBUG - Exited env context: <rasterio.env.Env object at 0x7f0bc8f721d0>
2023-12-10 17:03:04,579 - rasterio._io - DEBUG - Output nodata value read from file: nan
2023-12-10 17:03:04,579 - rasterio._io - DEBUG - Output nodata values: [nan]
2023-12-10 17:03:04,579 - rasterio._io - DEBUG - all_valid: False
2023-12-10 17:03:04,579 - rasterio._io - DEBUG - mask_flags: ([<MaskFlags.nodata: 8>],)
2023-12-10 17:03:04,580 - rasterio._io - DEBUG - Jump straight to _read()
2023-12-10 17:03:04,580 - rasterio._io - DEBUG - Window: Window(col_off=0, row_off=0, width=10177, height=3692)
2023-12-10 17:03:04,580 - rasterio._io - DEBUG - IO window xoff=0.0 yoff=0.0 width=10177.0 height=3692.0
2023-12-10 17:03:05,134 - rasterio.env - DEBUG - Exiting env context: <rasterio.env.Env object at 0x7f0bd98e07f0>
2023-12-10 17:03:05,135 - rasterio.env - DEBUG - Cleared existing <rasterio._env.GDALEnv object at 0x7f0bda216aa0> options
2023-12-10 17:03:05,135 - rasterio._env - DEBUG - Stopped GDALEnv <rasterio._env.GDALEnv object at 0x7f0bda216aa0>.
2023-12-10 17:03:05,135 - rasterio.env - DEBUG - Exiting outermost env
2023-12-10 17:03:05,135 - rasterio.env - DEBUG - Exited env context: <rasterio.env.Env object at 0x7f0bd98e07f0>
2023-12-10 17:07:49,761 - rasterio.env - DEBUG - Entering env context: <rasterio.env.Env object at 0x7f0bc8f70220>
2023-12-10 17:07:49,761 - rasterio.env - DEBUG - Starting outermost env
2023-12-10 17:07:49,762 - rasterio.env - DEBUG - No GDAL environment exists
2023-12-10 17:07:49,762 - rasterio.env - DEBUG - New GDAL environment <rasterio._env.GDALEnv object at 0x7f0bc8f71030> created
2023-12-10 17:07:49,762 - rasterio._env - DEBUG - GDAL data found in package: path='/home/metpublic/PYTHON_VENV/present_weather/lib/python3.10/site-packages/rasterio/gdal_data'.
2023-12-10 17:07:49,762 - rasterio._env - DEBUG - PROJ data found in package: path='/home/metpublic/PYTHON_VENV/present_weather/lib/python3.10/site-packages/rasterio/proj_data'.
2023-12-10 17:07:49,763 - rasterio._env - DEBUG - Started GDALEnv: self=<rasterio._env.GDALEnv object at 0x7f0bc8f71030>.
2023-12-10 17:07:49,763 - rasterio.env - DEBUG - Entered env context: <rasterio.env.Env object at 0x7f0bc8f70220>
2023-12-10 17:07:49,763 - rasterio._base - DEBUG - Sharing flag: 0
2023-12-10 17:07:49,764 - rasterio._base - DEBUG - Nodata success: 0, Nodata value: 0.000000
2023-12-10 17:07:49,764 - rasterio._base - DEBUG - Dataset <open DatasetReader name='/home/metpublic/TASK_RELEASE/EFAN/present_weather/src/H09_B13_Indonesia_20231210.Z1650.cor.tiff' mode='r'> is started.
2023-12-10 17:07:49,765 - rasterio.env - DEBUG - Exiting env context: <rasterio.env.Env object at 0x7f0bc8f70220>
2023-12-10 17:07:49,765 - rasterio.env - DEBUG - Cleared existing <rasterio._env.GDALEnv object at 0x7f0bc8f71030> options
2023-12-10 17:07:49,765 - rasterio._env - DEBUG - Stopped GDALEnv <rasterio._env.GDALEnv object at 0x7f0bc8f71030>.
2023-12-10 17:07:49,765 - rasterio.env - DEBUG - Exiting outermost env
2023-12-10 17:07:49,765 - rasterio.env - DEBUG - Exited env context: <rasterio.env.Env object at 0x7f0bc8f70220>
2023-12-10 17:07:49,765 - rasterio.env - DEBUG - Entering env context: <rasterio.env.Env object at 0x7f0bc85f6170>
2023-12-10 17:07:49,765 - rasterio.env - DEBUG - Starting outermost env
2023-12-10 17:07:49,765 - rasterio.env - DEBUG - No GDAL environment exists
2023-12-10 17:07:49,766 - rasterio.env - DEBUG - New GDAL environment <rasterio._env.GDALEnv object at 0x7f0bc85f4bb0> created
2023-12-10 17:07:49,766 - rasterio._env - DEBUG - GDAL data found in package: path='/home/metpublic/PYTHON_VENV/present_weather/lib/python3.10/site-packages/rasterio/gdal_data'.
2023-12-10 17:07:49,766 - rasterio._env - DEBUG - PROJ data found in package: path='/home/metpublic/PYTHON_VENV/present_weather/lib/python3.10/site-packages/rasterio/proj_data'.
2023-12-10 17:07:49,766 - rasterio._env - DEBUG - Started GDALEnv: self=<rasterio._env.GDALEnv object at 0x7f0bc85f4bb0>.
2023-12-10 17:07:49,766 - rasterio.env - DEBUG - Entered env context: <rasterio.env.Env object at 0x7f0bc85f6170>
2023-12-10 17:07:49,766 - rasterio._base - DEBUG - Sharing flag: 0
2023-12-10 17:07:49,767 - rasterio._base - DEBUG - Nodata success: 0, Nodata value: 0.000000
2023-12-10 17:07:49,767 - rasterio._base - DEBUG - Dataset <open DatasetReader name='/home/metpublic/TASK_RELEASE/EFAN/present_weather/src/H09_B13_Indonesia_20231210.Z1650.cor.tiff' mode='r'> is started.
2023-12-10 17:07:49,767 - rasterio.env - DEBUG - Exiting env context: <rasterio.env.Env object at 0x7f0bc85f6170>
2023-12-10 17:07:49,767 - rasterio.env - DEBUG - Cleared existing <rasterio._env.GDALEnv object at 0x7f0bc85f4bb0> options
2023-12-10 17:07:49,767 - rasterio._env - DEBUG - Stopped GDALEnv <rasterio._env.GDALEnv object at 0x7f0bc85f4bb0>.
2023-12-10 17:07:49,767 - rasterio.env - DEBUG - Exiting outermost env
2023-12-10 17:07:49,767 - rasterio.env - DEBUG - Exited env context: <rasterio.env.Env object at 0x7f0bc85f6170>
2023-12-10 17:07:49,777 - root - INFO - Generating present weather using SATELITE data
2023-12-10 17:09:14,588 - root - INFO - Total elapsed time: 0:06:11.971994
