2023-12-05 15:33:02,159 - root - INFO - Initiating present weather
2023-12-05 15:33:02,161 - asyncio - DEBUG - Using selector: EpollSelector
2023-12-05 15:33:03,671 - urllib3.connectionpool - DEBUG - Starting new HTTPS connection (1): radar.bmkg.go.id:8060
2023-12-05 15:33:03,685 - urllib3.connectionpool - DEBUG - https://radar.bmkg.go.id:8060 "GET /getLatestLD?typeData=1 HTTP/1.1" 200 62
2023-12-05 15:33:03,687 - urllib3.connectionpool - DEBUG - Starting new HTTPS connection (1): radar.bmkg.go.id:8060
2023-12-05 15:33:03,706 - urllib3.connectionpool - DEBUG - https://radar.bmkg.go.id:8060 "GET /getRadarGeotif?token=19387e71e78522ae4172ec0fda640983b8438c9cfa0ca571623cb69d8327&radar=amandemenForecast&type=latest HTTP/1.1" 200 90
2023-12-05 15:33:03,707 - rasterio.env - DEBUG - Entering env context: <rasterio.env.Env object at 0x7fcf462debc0>
2023-12-05 15:33:03,707 - rasterio.env - DEBUG - Starting outermost env
2023-12-05 15:33:03,707 - rasterio.env - DEBUG - No GDAL environment exists
2023-12-05 15:33:03,707 - rasterio.env - DEBUG - New GDAL environment <rasterio._env.GDALEnv object at 0x7fcf462def50> created
2023-12-05 15:33:03,710 - rasterio._filepath - DEBUG - Installing FilePath filesystem handler plugin...
2023-12-05 15:33:03,711 - rasterio._env - DEBUG - GDAL data found in package: path='/home/metpublic/PYTHON_VENV/present_weather/lib/python3.10/site-packages/rasterio/gdal_data'.
2023-12-05 15:33:03,711 - rasterio._env - DEBUG - PROJ data found in package: path='/home/metpublic/PYTHON_VENV/present_weather/lib/python3.10/site-packages/rasterio/proj_data'.
2023-12-05 15:33:03,711 - rasterio._env - DEBUG - Started GDALEnv: self=<rasterio._env.GDALEnv object at 0x7fcf462def50>.
2023-12-05 15:33:03,711 - rasterio.env - DEBUG - Entered env context: <rasterio.env.Env object at 0x7fcf462debc0>
2023-12-05 15:33:03,711 - rasterio._base - DEBUG - Sharing flag: 0
2023-12-05 15:33:03,947 - rasterio._base - DEBUG - Nodata success: 1, Nodata value: nan
2023-12-05 15:33:03,947 - rasterio._base - DEBUG - Dataset <open DatasetReader name='https://radar.bmkg.go.id/raster/radarsatelit_202312051520.tif' mode='r'> is started.
2023-12-05 15:33:03,947 - rasterio.env - DEBUG - Exiting env context: <rasterio.env.Env object at 0x7fcf462debc0>
2023-12-05 15:33:03,947 - rasterio.env - DEBUG - Cleared existing <rasterio._env.GDALEnv object at 0x7fcf462def50> options
2023-12-05 15:33:03,948 - rasterio._env - DEBUG - Stopped GDALEnv <rasterio._env.GDALEnv object at 0x7fcf462def50>.
2023-12-05 15:33:03,948 - rasterio.env - DEBUG - Exiting outermost env
2023-12-05 15:33:03,948 - rasterio.env - DEBUG - Exited env context: <rasterio.env.Env object at 0x7fcf462debc0>
2023-12-05 15:33:03,948 - rasterio.env - DEBUG - Entering env context: <rasterio.env.Env object at 0x7fcf459645e0>
2023-12-05 15:33:03,948 - rasterio.env - DEBUG - Starting outermost env
2023-12-05 15:33:03,948 - rasterio.env - DEBUG - No GDAL environment exists
2023-12-05 15:33:03,948 - rasterio.env - DEBUG - New GDAL environment <rasterio._env.GDALEnv object at 0x7fcf462def50> created
2023-12-05 15:33:03,948 - rasterio._env - DEBUG - GDAL data found in package: path='/home/metpublic/PYTHON_VENV/present_weather/lib/python3.10/site-packages/rasterio/gdal_data'.
2023-12-05 15:33:03,948 - rasterio._env - DEBUG - PROJ data found in package: path='/home/metpublic/PYTHON_VENV/present_weather/lib/python3.10/site-packages/rasterio/proj_data'.
2023-12-05 15:33:03,948 - rasterio._env - DEBUG - Started GDALEnv: self=<rasterio._env.GDALEnv object at 0x7fcf462def50>.
2023-12-05 15:33:03,949 - rasterio.env - DEBUG - Entered env context: <rasterio.env.Env object at 0x7fcf459645e0>
2023-12-05 15:33:03,949 - rasterio.env - DEBUG - Got a copy of environment <rasterio._env.GDALEnv object at 0x7fcf462def50> options
2023-12-05 15:33:03,949 - rasterio.env - DEBUG - Entering env context: <rasterio.env.Env object at 0x7fcf34746170>
2023-12-05 15:33:03,949 - rasterio.env - DEBUG - Got a copy of environment <rasterio._env.GDALEnv object at 0x7fcf462def50> options
2023-12-05 15:33:03,949 - rasterio.env - DEBUG - Entered env context: <rasterio.env.Env object at 0x7fcf34746170>
2023-12-05 15:33:03,949 - rasterio._base - DEBUG - Sharing flag: 0
2023-12-05 15:33:03,950 - rasterio._base - DEBUG - Nodata success: 1, Nodata value: nan
2023-12-05 15:33:03,950 - rasterio._base - DEBUG - Dataset <open DatasetReader name='https://radar.bmkg.go.id/raster/radarsatelit_202312051520.tif' mode='r'> is started.
2023-12-05 15:33:03,950 - rasterio.env - DEBUG - Exiting env context: <rasterio.env.Env object at 0x7fcf34746170>
2023-12-05 15:33:03,950 - rasterio.env - DEBUG - Cleared existing <rasterio._env.GDALEnv object at 0x7fcf462def50> options
2023-12-05 15:33:03,950 - rasterio._env - DEBUG - Stopped GDALEnv <rasterio._env.GDALEnv object at 0x7fcf462def50>.
2023-12-05 15:33:03,950 - rasterio.env - DEBUG - No GDAL environment exists
2023-12-05 15:33:03,951 - rasterio.env - DEBUG - New GDAL environment <rasterio._env.GDALEnv object at 0x7fcf462def50> created
2023-12-05 15:33:03,951 - rasterio._env - DEBUG - GDAL data found in package: path='/home/metpublic/PYTHON_VENV/present_weather/lib/python3.10/site-packages/rasterio/gdal_data'.
2023-12-05 15:33:03,951 - rasterio._env - DEBUG - PROJ data found in package: path='/home/metpublic/PYTHON_VENV/present_weather/lib/python3.10/site-packages/rasterio/proj_data'.
2023-12-05 15:33:03,951 - rasterio._env - DEBUG - Started GDALEnv: self=<rasterio._env.GDALEnv object at 0x7fcf462def50>.
2023-12-05 15:33:03,951 - rasterio.env - DEBUG - Exited env context: <rasterio.env.Env object at 0x7fcf34746170>
2023-12-05 15:33:03,967 - rasterio._io - DEBUG - Output nodata value read from file: nan
2023-12-05 15:33:03,967 - rasterio._io - DEBUG - Output nodata values: [nan]
2023-12-05 15:33:03,968 - rasterio._io - DEBUG - all_valid: False
2023-12-05 15:33:03,968 - rasterio._io - DEBUG - mask_flags: ([<MaskFlags.nodata: 8>],)
2023-12-05 15:33:03,968 - rasterio._io - DEBUG - Jump straight to _read()
2023-12-05 15:33:03,968 - rasterio._io - DEBUG - Window: Window(col_off=0, row_off=0, width=10177, height=3732)
2023-12-05 15:33:03,968 - rasterio._io - DEBUG - IO window xoff=0.0 yoff=0.0 width=10177.0 height=3732.0
2023-12-05 15:33:04,512 - rasterio.env - DEBUG - Exiting env context: <rasterio.env.Env object at 0x7fcf459645e0>
2023-12-05 15:33:04,512 - rasterio.env - DEBUG - Cleared existing <rasterio._env.GDALEnv object at 0x7fcf462def50> options
2023-12-05 15:33:04,512 - rasterio._env - DEBUG - Stopped GDALEnv <rasterio._env.GDALEnv object at 0x7fcf462def50>.
2023-12-05 15:33:04,512 - rasterio.env - DEBUG - Exiting outermost env
2023-12-05 15:33:04,512 - rasterio.env - DEBUG - Exited env context: <rasterio.env.Env object at 0x7fcf459645e0>
2023-12-05 15:37:16,932 - rasterio.env - DEBUG - Entering env context: <rasterio.env.Env object at 0x7fcf347d53c0>
2023-12-05 15:37:16,932 - rasterio.env - DEBUG - Starting outermost env
2023-12-05 15:37:16,932 - rasterio.env - DEBUG - No GDAL environment exists
2023-12-05 15:37:16,932 - rasterio.env - DEBUG - New GDAL environment <rasterio._env.GDALEnv object at 0x7fcf347d57e0> created
2023-12-05 15:37:16,933 - rasterio._env - DEBUG - GDAL data found in package: path='/home/metpublic/PYTHON_VENV/present_weather/lib/python3.10/site-packages/rasterio/gdal_data'.
2023-12-05 15:37:16,933 - rasterio._env - DEBUG - PROJ data found in package: path='/home/metpublic/PYTHON_VENV/present_weather/lib/python3.10/site-packages/rasterio/proj_data'.
2023-12-05 15:37:16,933 - rasterio._env - DEBUG - Started GDALEnv: self=<rasterio._env.GDALEnv object at 0x7fcf347d57e0>.
2023-12-05 15:37:16,933 - rasterio.env - DEBUG - Entered env context: <rasterio.env.Env object at 0x7fcf347d53c0>
2023-12-05 15:37:16,934 - rasterio._base - DEBUG - Sharing flag: 0
2023-12-05 15:37:16,935 - rasterio._base - DEBUG - Nodata success: 0, Nodata value: 0.000000
2023-12-05 15:37:16,935 - rasterio._base - DEBUG - Dataset <open DatasetReader name='/home/metpublic/TASK_RELEASE/EFAN/present_weather/src/H09_B13_Indonesia_20231205.Z1500.cor.tiff' mode='r'> is started.
2023-12-05 15:37:16,935 - rasterio.env - DEBUG - Exiting env context: <rasterio.env.Env object at 0x7fcf347d53c0>
2023-12-05 15:37:16,935 - rasterio.env - DEBUG - Cleared existing <rasterio._env.GDALEnv object at 0x7fcf347d57e0> options
2023-12-05 15:37:16,935 - rasterio._env - DEBUG - Stopped GDALEnv <rasterio._env.GDALEnv object at 0x7fcf347d57e0>.
2023-12-05 15:37:16,936 - rasterio.env - DEBUG - Exiting outermost env
2023-12-05 15:37:16,936 - rasterio.env - DEBUG - Exited env context: <rasterio.env.Env object at 0x7fcf347d53c0>
2023-12-05 15:37:16,936 - rasterio.env - DEBUG - Entering env context: <rasterio.env.Env object at 0x7fcf34745de0>
2023-12-05 15:37:16,936 - rasterio.env - DEBUG - Starting outermost env
2023-12-05 15:37:16,936 - rasterio.env - DEBUG - No GDAL environment exists
2023-12-05 15:37:16,936 - rasterio.env - DEBUG - New GDAL environment <rasterio._env.GDALEnv object at 0x7fcf347440d0> created
2023-12-05 15:37:16,937 - rasterio._env - DEBUG - GDAL data found in package: path='/home/metpublic/PYTHON_VENV/present_weather/lib/python3.10/site-packages/rasterio/gdal_data'.
2023-12-05 15:37:16,937 - rasterio._env - DEBUG - PROJ data found in package: path='/home/metpublic/PYTHON_VENV/present_weather/lib/python3.10/site-packages/rasterio/proj_data'.
2023-12-05 15:37:16,937 - rasterio._env - DEBUG - Started GDALEnv: self=<rasterio._env.GDALEnv object at 0x7fcf347440d0>.
2023-12-05 15:37:16,937 - rasterio.env - DEBUG - Entered env context: <rasterio.env.Env object at 0x7fcf34745de0>
2023-12-05 15:37:16,937 - rasterio._base - DEBUG - Sharing flag: 0
2023-12-05 15:37:16,938 - rasterio._base - DEBUG - Nodata success: 0, Nodata value: 0.000000
2023-12-05 15:37:16,939 - rasterio._base - DEBUG - Dataset <open DatasetReader name='/home/metpublic/TASK_RELEASE/EFAN/present_weather/src/H09_B13_Indonesia_20231205.Z1500.cor.tiff' mode='r'> is started.
2023-12-05 15:37:16,939 - rasterio.env - DEBUG - Exiting env context: <rasterio.env.Env object at 0x7fcf34745de0>
2023-12-05 15:37:16,939 - rasterio.env - DEBUG - Cleared existing <rasterio._env.GDALEnv object at 0x7fcf347440d0> options
2023-12-05 15:37:16,939 - rasterio._env - DEBUG - Stopped GDALEnv <rasterio._env.GDALEnv object at 0x7fcf347440d0>.
2023-12-05 15:37:16,939 - rasterio.env - DEBUG - Exiting outermost env
2023-12-05 15:37:16,939 - rasterio.env - DEBUG - Exited env context: <rasterio.env.Env object at 0x7fcf34745de0>
2023-12-05 15:37:16,951 - root - INFO - Generating present weather using SATELITE data
2023-12-05 15:39:26,079 - root - INFO - Total elapsed time: 0:06:23.919657
