2023-11-17 10:40:03,621 - root - INFO - Initiating present weather
2023-11-17 10:40:03,626 - urllib3.connectionpool - DEBUG - Starting new HTTPS connection (1): radar.bmkg.go.id:8060
2023-11-17 10:40:03,730 - urllib3.connectionpool - DEBUG - https://radar.bmkg.go.id:8060 "GET /getRadarGeotif?token=19387e71e78522ae4172ec0fda640983b8438c9cfa0ca571623cb69d8327&radar=amandemenForecast&type=latest HTTP/1.1" 200 90
2023-11-17 10:40:03,734 - rasterio.env - DEBUG - Entering env context: <rasterio.env.Env object at 0x7f6a8609dac0>
2023-11-17 10:40:03,735 - rasterio.env - DEBUG - Starting outermost env
2023-11-17 10:40:03,735 - rasterio.env - DEBUG - No GDAL environment exists
2023-11-17 10:40:03,736 - rasterio.env - DEBUG - New GDAL environment <rasterio._env.GDALEnv object at 0x7f6a96476170> created
2023-11-17 10:40:03,740 - rasterio._filepath - DEBUG - Installing FilePath filesystem handler plugin...
2023-11-17 10:40:03,741 - rasterio._env - DEBUG - GDAL data found in package: path='/home/swx/miniconda3/envs/present_weather/lib/python3.12/site-packages/rasterio/gdal_data'.
2023-11-17 10:40:03,741 - rasterio._env - DEBUG - PROJ_LIB found in environment.
2023-11-17 10:40:03,741 - rasterio._env - DEBUG - Started GDALEnv: self=<rasterio._env.GDALEnv object at 0x7f6a96476170>.
2023-11-17 10:40:03,741 - rasterio.env - DEBUG - Entered env context: <rasterio.env.Env object at 0x7f6a8609dac0>
2023-11-17 10:40:03,742 - rasterio._base - DEBUG - Sharing flag: 0
2023-11-17 10:40:03,993 - rasterio._base - DEBUG - Nodata success: 1, Nodata value: nan
2023-11-17 10:40:03,993 - rasterio._base - DEBUG - Dataset <open DatasetReader name='https://radar.bmkg.go.id/raster/radarsatelit_202311171030.tif' mode='r'> is started.
2023-11-17 10:40:03,994 - rasterio.env - DEBUG - Exiting env context: <rasterio.env.Env object at 0x7f6a8609dac0>
2023-11-17 10:40:03,994 - rasterio.env - DEBUG - Cleared existing <rasterio._env.GDALEnv object at 0x7f6a96476170> options
2023-11-17 10:40:03,994 - rasterio._env - DEBUG - Stopped GDALEnv <rasterio._env.GDALEnv object at 0x7f6a96476170>.
2023-11-17 10:40:03,994 - rasterio.env - DEBUG - Exiting outermost env
2023-11-17 10:40:03,994 - rasterio.env - DEBUG - Exited env context: <rasterio.env.Env object at 0x7f6a8609dac0>
2023-11-17 10:40:03,994 - rasterio.env - DEBUG - Entering env context: <rasterio.env.Env object at 0x7f6a85e15a00>
2023-11-17 10:40:03,994 - rasterio.env - DEBUG - Starting outermost env
2023-11-17 10:40:03,995 - rasterio.env - DEBUG - No GDAL environment exists
2023-11-17 10:40:03,995 - rasterio.env - DEBUG - New GDAL environment <rasterio._env.GDALEnv object at 0x7f6a96476170> created
2023-11-17 10:40:03,995 - rasterio._env - DEBUG - GDAL data found in package: path='/home/swx/miniconda3/envs/present_weather/lib/python3.12/site-packages/rasterio/gdal_data'.
2023-11-17 10:40:03,995 - rasterio._env - DEBUG - PROJ_LIB found in environment.
2023-11-17 10:40:03,996 - rasterio._env - DEBUG - Started GDALEnv: self=<rasterio._env.GDALEnv object at 0x7f6a96476170>.
2023-11-17 10:40:03,996 - rasterio.env - DEBUG - Entered env context: <rasterio.env.Env object at 0x7f6a85e15a00>
2023-11-17 10:40:03,996 - rasterio.env - DEBUG - Got a copy of environment <rasterio._env.GDALEnv object at 0x7f6a96476170> options
2023-11-17 10:40:03,997 - rasterio.env - DEBUG - Entering env context: <rasterio.env.Env object at 0x7f6aa79de4b0>
2023-11-17 10:40:03,997 - rasterio.env - DEBUG - Got a copy of environment <rasterio._env.GDALEnv object at 0x7f6a96476170> options
2023-11-17 10:40:03,997 - rasterio.env - DEBUG - Entered env context: <rasterio.env.Env object at 0x7f6aa79de4b0>
2023-11-17 10:40:03,997 - rasterio._base - DEBUG - Sharing flag: 0
2023-11-17 10:40:03,998 - rasterio._base - DEBUG - Nodata success: 1, Nodata value: nan
2023-11-17 10:40:03,998 - rasterio._base - DEBUG - Dataset <open DatasetReader name='https://radar.bmkg.go.id/raster/radarsatelit_202311171030.tif' mode='r'> is started.
2023-11-17 10:40:03,998 - rasterio.env - DEBUG - Exiting env context: <rasterio.env.Env object at 0x7f6aa79de4b0>
2023-11-17 10:40:03,998 - rasterio.env - DEBUG - Cleared existing <rasterio._env.GDALEnv object at 0x7f6a96476170> options
2023-11-17 10:40:03,999 - rasterio._env - DEBUG - Stopped GDALEnv <rasterio._env.GDALEnv object at 0x7f6a96476170>.
2023-11-17 10:40:03,999 - rasterio.env - DEBUG - No GDAL environment exists
2023-11-17 10:40:03,999 - rasterio.env - DEBUG - New GDAL environment <rasterio._env.GDALEnv object at 0x7f6a96476170> created
2023-11-17 10:40:03,999 - rasterio._env - DEBUG - GDAL data found in package: path='/home/swx/miniconda3/envs/present_weather/lib/python3.12/site-packages/rasterio/gdal_data'.
2023-11-17 10:40:03,999 - rasterio._env - DEBUG - PROJ_LIB found in environment.
2023-11-17 10:40:04,000 - rasterio._env - DEBUG - Started GDALEnv: self=<rasterio._env.GDALEnv object at 0x7f6a96476170>.
2023-11-17 10:40:04,000 - rasterio.env - DEBUG - Exited env context: <rasterio.env.Env object at 0x7f6aa79de4b0>
2023-11-17 10:40:04,030 - rasterio._io - DEBUG - Output nodata value read from file: nan
2023-11-17 10:40:04,030 - rasterio._io - DEBUG - Output nodata values: [nan]
2023-11-17 10:40:04,031 - rasterio._io - DEBUG - all_valid: False
2023-11-17 10:40:04,031 - rasterio._io - DEBUG - mask_flags: ([<MaskFlags.nodata: 8>],)
2023-11-17 10:40:04,031 - rasterio._io - DEBUG - Jump straight to _read()
2023-11-17 10:40:04,031 - rasterio._io - DEBUG - Window: Window(col_off=0, row_off=0, width=10215, height=3792)
2023-11-17 10:40:04,032 - rasterio._io - DEBUG - IO window xoff=0.0 yoff=0.0 width=10215.0 height=3792.0
2023-11-17 10:40:05,034 - rasterio.env - DEBUG - Exiting env context: <rasterio.env.Env object at 0x7f6a85e15a00>
2023-11-17 10:40:05,034 - rasterio.env - DEBUG - Cleared existing <rasterio._env.GDALEnv object at 0x7f6a96476170> options
2023-11-17 10:40:05,034 - rasterio._env - DEBUG - Stopped GDALEnv <rasterio._env.GDALEnv object at 0x7f6a96476170>.
2023-11-17 10:40:05,034 - rasterio.env - DEBUG - Exiting outermost env
2023-11-17 10:40:05,034 - rasterio.env - DEBUG - Exited env context: <rasterio.env.Env object at 0x7f6a85e15a00>
2023-11-17 10:40:05,036 - urllib3.connectionpool - DEBUG - Starting new HTTPS connection (1): radar.bmkg.go.id:8060
2023-11-17 10:40:05,165 - urllib3.connectionpool - DEBUG - https://radar.bmkg.go.id:8060 "GET /getLatestLD?typeData=1 HTTP/1.1" 200 317812
2023-11-17 10:40:05,271 - asyncio - DEBUG - Using selector: EpollSelector
2023-11-17 10:40:12,051 - root - INFO - dask.bag<lambda, npartitions=34>
2023-11-17 10:53:46,937 - root - INFO - Total elapsed time: 0:13:43.316689
