2023-12-22 18:13:03,170 - root - INFO - Initiating present weather
2023-12-22 18:13:03,172 - asyncio - DEBUG - Using selector: EpollSelector
2023-12-22 18:13:04,808 - urllib3.connectionpool - DEBUG - Starting new HTTPS connection (1): radar.bmkg.go.id:8060
2023-12-22 18:13:04,828 - urllib3.connectionpool - DEBUG - https://radar.bmkg.go.id:8060 "GET /getLatestLD?typeData=1 HTTP/1.1" 200 62
2023-12-22 18:13:04,830 - urllib3.connectionpool - DEBUG - Starting new HTTPS connection (1): radar.bmkg.go.id:8060
2023-12-22 18:13:04,849 - urllib3.connectionpool - DEBUG - https://radar.bmkg.go.id:8060 "GET /getRadarGeotif?token=19387e71e78522ae4172ec0fda640983b8438c9cfa0ca571623cb69d8327&radar=amandemenForecast&type=latest HTTP/1.1" 200 90
2023-12-22 18:13:04,850 - rasterio.env - DEBUG - Entering env context: <rasterio.env.Env object at 0x7fac0649baf0>
2023-12-22 18:13:04,851 - rasterio.env - DEBUG - Starting outermost env
2023-12-22 18:13:04,851 - rasterio.env - DEBUG - No GDAL environment exists
2023-12-22 18:13:04,851 - rasterio.env - DEBUG - New GDAL environment <rasterio._env.GDALEnv object at 0x7fac0649ba00> created
2023-12-22 18:13:04,854 - rasterio._filepath - DEBUG - Installing FilePath filesystem handler plugin...
2023-12-22 18:13:04,854 - rasterio._env - DEBUG - GDAL data found in package: path='/home/metpublic/PYTHON_VENV/present_weather/lib/python3.10/site-packages/rasterio/gdal_data'.
2023-12-22 18:13:04,854 - rasterio._env - DEBUG - PROJ data found in package: path='/home/metpublic/PYTHON_VENV/present_weather/lib/python3.10/site-packages/rasterio/proj_data'.
2023-12-22 18:13:04,854 - rasterio._env - DEBUG - Started GDALEnv: self=<rasterio._env.GDALEnv object at 0x7fac0649ba00>.
2023-12-22 18:13:04,854 - rasterio.env - DEBUG - Entered env context: <rasterio.env.Env object at 0x7fac0649baf0>
2023-12-22 18:13:04,854 - rasterio._base - DEBUG - Sharing flag: 0
2023-12-22 18:13:05,189 - rasterio._base - DEBUG - Nodata success: 1, Nodata value: nan
2023-12-22 18:13:05,190 - rasterio._base - DEBUG - Dataset <open DatasetReader name='https://radar.bmkg.go.id/raster/radarsatelit_202312221750.tif' mode='r'> is started.
2023-12-22 18:13:05,190 - rasterio.env - DEBUG - Exiting env context: <rasterio.env.Env object at 0x7fac0649baf0>
2023-12-22 18:13:05,190 - rasterio.env - DEBUG - Cleared existing <rasterio._env.GDALEnv object at 0x7fac0649ba00> options
2023-12-22 18:13:05,190 - rasterio._env - DEBUG - Stopped GDALEnv <rasterio._env.GDALEnv object at 0x7fac0649ba00>.
2023-12-22 18:13:05,190 - rasterio.env - DEBUG - Exiting outermost env
2023-12-22 18:13:05,190 - rasterio.env - DEBUG - Exited env context: <rasterio.env.Env object at 0x7fac0649baf0>
2023-12-22 18:13:05,190 - rasterio.env - DEBUG - Entering env context: <rasterio.env.Env object at 0x7fac05b194e0>
2023-12-22 18:13:05,190 - rasterio.env - DEBUG - Starting outermost env
2023-12-22 18:13:05,190 - rasterio.env - DEBUG - No GDAL environment exists
2023-12-22 18:13:05,190 - rasterio.env - DEBUG - New GDAL environment <rasterio._env.GDALEnv object at 0x7fac0649ba00> created
2023-12-22 18:13:05,191 - rasterio._env - DEBUG - GDAL data found in package: path='/home/metpublic/PYTHON_VENV/present_weather/lib/python3.10/site-packages/rasterio/gdal_data'.
2023-12-22 18:13:05,191 - rasterio._env - DEBUG - PROJ data found in package: path='/home/metpublic/PYTHON_VENV/present_weather/lib/python3.10/site-packages/rasterio/proj_data'.
2023-12-22 18:13:05,191 - rasterio._env - DEBUG - Started GDALEnv: self=<rasterio._env.GDALEnv object at 0x7fac0649ba00>.
2023-12-22 18:13:05,191 - rasterio.env - DEBUG - Entered env context: <rasterio.env.Env object at 0x7fac05b194e0>
2023-12-22 18:13:05,192 - rasterio.env - DEBUG - Got a copy of environment <rasterio._env.GDALEnv object at 0x7fac0649ba00> options
2023-12-22 18:13:05,192 - rasterio.env - DEBUG - Entering env context: <rasterio.env.Env object at 0x7fac0421f0d0>
2023-12-22 18:13:05,192 - rasterio.env - DEBUG - Got a copy of environment <rasterio._env.GDALEnv object at 0x7fac0649ba00> options
2023-12-22 18:13:05,192 - rasterio.env - DEBUG - Entered env context: <rasterio.env.Env object at 0x7fac0421f0d0>
2023-12-22 18:13:05,192 - rasterio._base - DEBUG - Sharing flag: 0
2023-12-22 18:13:05,193 - rasterio._base - DEBUG - Nodata success: 1, Nodata value: nan
2023-12-22 18:13:05,193 - rasterio._base - DEBUG - Dataset <open DatasetReader name='https://radar.bmkg.go.id/raster/radarsatelit_202312221750.tif' mode='r'> is started.
2023-12-22 18:13:05,193 - rasterio.env - DEBUG - Exiting env context: <rasterio.env.Env object at 0x7fac0421f0d0>
2023-12-22 18:13:05,193 - rasterio.env - DEBUG - Cleared existing <rasterio._env.GDALEnv object at 0x7fac0649ba00> options
2023-12-22 18:13:05,193 - rasterio._env - DEBUG - Stopped GDALEnv <rasterio._env.GDALEnv object at 0x7fac0649ba00>.
2023-12-22 18:13:05,193 - rasterio.env - DEBUG - No GDAL environment exists
2023-12-22 18:13:05,193 - rasterio.env - DEBUG - New GDAL environment <rasterio._env.GDALEnv object at 0x7fac0649ba00> created
2023-12-22 18:13:05,194 - rasterio._env - DEBUG - GDAL data found in package: path='/home/metpublic/PYTHON_VENV/present_weather/lib/python3.10/site-packages/rasterio/gdal_data'.
2023-12-22 18:13:05,194 - rasterio._env - DEBUG - PROJ data found in package: path='/home/metpublic/PYTHON_VENV/present_weather/lib/python3.10/site-packages/rasterio/proj_data'.
2023-12-22 18:13:05,194 - rasterio._env - DEBUG - Started GDALEnv: self=<rasterio._env.GDALEnv object at 0x7fac0649ba00>.
2023-12-22 18:13:05,194 - rasterio.env - DEBUG - Exited env context: <rasterio.env.Env object at 0x7fac0421f0d0>
2023-12-22 18:13:05,211 - rasterio._io - DEBUG - Output nodata value read from file: nan
2023-12-22 18:13:05,212 - rasterio._io - DEBUG - Output nodata values: [nan]
2023-12-22 18:13:05,212 - rasterio._io - DEBUG - all_valid: False
2023-12-22 18:13:05,212 - rasterio._io - DEBUG - mask_flags: ([<MaskFlags.nodata: 8>],)
2023-12-22 18:13:05,213 - rasterio._io - DEBUG - Jump straight to _read()
2023-12-22 18:13:05,213 - rasterio._io - DEBUG - Window: Window(col_off=0, row_off=0, width=10176, height=3732)
2023-12-22 18:13:05,213 - rasterio._io - DEBUG - IO window xoff=0.0 yoff=0.0 width=10176.0 height=3732.0
2023-12-22 18:13:05,820 - rasterio.env - DEBUG - Exiting env context: <rasterio.env.Env object at 0x7fac05b194e0>
2023-12-22 18:13:05,820 - rasterio.env - DEBUG - Cleared existing <rasterio._env.GDALEnv object at 0x7fac0649ba00> options
2023-12-22 18:13:05,820 - rasterio._env - DEBUG - Stopped GDALEnv <rasterio._env.GDALEnv object at 0x7fac0649ba00>.
2023-12-22 18:13:05,820 - rasterio.env - DEBUG - Exiting outermost env
2023-12-22 18:13:05,821 - rasterio.env - DEBUG - Exited env context: <rasterio.env.Env object at 0x7fac05b194e0>
2023-12-22 18:17:38,817 - rasterio.env - DEBUG - Entering env context: <rasterio.env.Env object at 0x7fabf458ccd0>
2023-12-22 18:17:38,817 - rasterio.env - DEBUG - Starting outermost env
2023-12-22 18:17:38,817 - rasterio.env - DEBUG - No GDAL environment exists
2023-12-22 18:17:38,817 - rasterio.env - DEBUG - New GDAL environment <rasterio._env.GDALEnv object at 0x7fabf458f190> created
2023-12-22 18:17:38,818 - rasterio._env - DEBUG - GDAL data found in package: path='/home/metpublic/PYTHON_VENV/present_weather/lib/python3.10/site-packages/rasterio/gdal_data'.
2023-12-22 18:17:38,818 - rasterio._env - DEBUG - PROJ data found in package: path='/home/metpublic/PYTHON_VENV/present_weather/lib/python3.10/site-packages/rasterio/proj_data'.
2023-12-22 18:17:38,818 - rasterio._env - DEBUG - Started GDALEnv: self=<rasterio._env.GDALEnv object at 0x7fabf458f190>.
2023-12-22 18:17:38,818 - rasterio.env - DEBUG - Entered env context: <rasterio.env.Env object at 0x7fabf458ccd0>
2023-12-22 18:17:38,819 - rasterio._base - DEBUG - Sharing flag: 0
2023-12-22 18:17:38,820 - rasterio._base - DEBUG - Nodata success: 0, Nodata value: 0.000000
2023-12-22 18:17:38,820 - rasterio._base - DEBUG - Dataset <open DatasetReader name='/home/metpublic/TASK_RELEASE/EFAN/present_weather/src/H09_B13_Indonesia_20231222.Z1730.cor.tiff' mode='r'> is started.
2023-12-22 18:17:38,820 - rasterio.env - DEBUG - Exiting env context: <rasterio.env.Env object at 0x7fabf458ccd0>
2023-12-22 18:17:38,820 - rasterio.env - DEBUG - Cleared existing <rasterio._env.GDALEnv object at 0x7fabf458f190> options
2023-12-22 18:17:38,820 - rasterio._env - DEBUG - Stopped GDALEnv <rasterio._env.GDALEnv object at 0x7fabf458f190>.
2023-12-22 18:17:38,820 - rasterio.env - DEBUG - Exiting outermost env
2023-12-22 18:17:38,820 - rasterio.env - DEBUG - Exited env context: <rasterio.env.Env object at 0x7fabf458ccd0>
2023-12-22 18:17:38,821 - rasterio.env - DEBUG - Entering env context: <rasterio.env.Env object at 0x7fabf458c6d0>
2023-12-22 18:17:38,821 - rasterio.env - DEBUG - Starting outermost env
2023-12-22 18:17:38,821 - rasterio.env - DEBUG - No GDAL environment exists
2023-12-22 18:17:38,821 - rasterio.env - DEBUG - New GDAL environment <rasterio._env.GDALEnv object at 0x7fabf44ffdc0> created
2023-12-22 18:17:38,821 - rasterio._env - DEBUG - GDAL data found in package: path='/home/metpublic/PYTHON_VENV/present_weather/lib/python3.10/site-packages/rasterio/gdal_data'.
2023-12-22 18:17:38,821 - rasterio._env - DEBUG - PROJ data found in package: path='/home/metpublic/PYTHON_VENV/present_weather/lib/python3.10/site-packages/rasterio/proj_data'.
2023-12-22 18:17:38,822 - rasterio._env - DEBUG - Started GDALEnv: self=<rasterio._env.GDALEnv object at 0x7fabf44ffdc0>.
2023-12-22 18:17:38,822 - rasterio.env - DEBUG - Entered env context: <rasterio.env.Env object at 0x7fabf458c6d0>
2023-12-22 18:17:38,822 - rasterio._base - DEBUG - Sharing flag: 0
2023-12-22 18:17:38,823 - rasterio._base - DEBUG - Nodata success: 0, Nodata value: 0.000000
2023-12-22 18:17:38,823 - rasterio._base - DEBUG - Dataset <open DatasetReader name='/home/metpublic/TASK_RELEASE/EFAN/present_weather/src/H09_B13_Indonesia_20231222.Z1730.cor.tiff' mode='r'> is started.
2023-12-22 18:17:38,823 - rasterio.env - DEBUG - Exiting env context: <rasterio.env.Env object at 0x7fabf458c6d0>
2023-12-22 18:17:38,823 - rasterio.env - DEBUG - Cleared existing <rasterio._env.GDALEnv object at 0x7fabf44ffdc0> options
2023-12-22 18:17:38,823 - rasterio._env - DEBUG - Stopped GDALEnv <rasterio._env.GDALEnv object at 0x7fabf44ffdc0>.
2023-12-22 18:17:38,823 - rasterio.env - DEBUG - Exiting outermost env
2023-12-22 18:17:38,823 - rasterio.env - DEBUG - Exited env context: <rasterio.env.Env object at 0x7fabf458c6d0>
2023-12-22 18:17:38,834 - root - INFO - Generating present weather using SATELITE data
2023-12-22 18:19:04,100 - root - INFO - Total elapsed time: 0:06:00.930163
