2023-12-22 22:23:02,966 - root - INFO - Initiating present weather
2023-12-22 22:23:02,968 - asyncio - DEBUG - Using selector: EpollSelector
2023-12-22 22:23:04,573 - urllib3.connectionpool - DEBUG - Starting new HTTPS connection (1): radar.bmkg.go.id:8060
2023-12-22 22:23:04,585 - urllib3.connectionpool - DEBUG - https://radar.bmkg.go.id:8060 "GET /getLatestLD?typeData=1 HTTP/1.1" 200 62
2023-12-22 22:23:04,587 - urllib3.connectionpool - DEBUG - Starting new HTTPS connection (1): radar.bmkg.go.id:8060
2023-12-22 22:23:04,604 - urllib3.connectionpool - DEBUG - https://radar.bmkg.go.id:8060 "GET /getRadarGeotif?token=19387e71e78522ae4172ec0fda640983b8438c9cfa0ca571623cb69d8327&radar=amandemenForecast&type=latest HTTP/1.1" 200 90
2023-12-22 22:23:04,604 - rasterio.env - DEBUG - Entering env context: <rasterio.env.Env object at 0x7f31baa679a0>
2023-12-22 22:23:04,605 - rasterio.env - DEBUG - Starting outermost env
2023-12-22 22:23:04,605 - rasterio.env - DEBUG - No GDAL environment exists
2023-12-22 22:23:04,605 - rasterio.env - DEBUG - New GDAL environment <rasterio._env.GDALEnv object at 0x7f31baa67ca0> created
2023-12-22 22:23:04,608 - rasterio._filepath - DEBUG - Installing FilePath filesystem handler plugin...
2023-12-22 22:23:04,608 - rasterio._env - DEBUG - GDAL data found in package: path='/home/metpublic/PYTHON_VENV/present_weather/lib/python3.10/site-packages/rasterio/gdal_data'.
2023-12-22 22:23:04,608 - rasterio._env - DEBUG - PROJ data found in package: path='/home/metpublic/PYTHON_VENV/present_weather/lib/python3.10/site-packages/rasterio/proj_data'.
2023-12-22 22:23:04,609 - rasterio._env - DEBUG - Started GDALEnv: self=<rasterio._env.GDALEnv object at 0x7f31baa67ca0>.
2023-12-22 22:23:04,609 - rasterio.env - DEBUG - Entered env context: <rasterio.env.Env object at 0x7f31baa679a0>
2023-12-22 22:23:04,609 - rasterio._base - DEBUG - Sharing flag: 0
2023-12-22 22:23:04,935 - rasterio._base - DEBUG - Nodata success: 1, Nodata value: nan
2023-12-22 22:23:04,935 - rasterio._base - DEBUG - Dataset <open DatasetReader name='https://radar.bmkg.go.id/raster/radarsatelit_202312222210.tif' mode='r'> is started.
2023-12-22 22:23:04,936 - rasterio.env - DEBUG - Exiting env context: <rasterio.env.Env object at 0x7f31baa679a0>
2023-12-22 22:23:04,936 - rasterio.env - DEBUG - Cleared existing <rasterio._env.GDALEnv object at 0x7f31baa67ca0> options
2023-12-22 22:23:04,936 - rasterio._env - DEBUG - Stopped GDALEnv <rasterio._env.GDALEnv object at 0x7f31baa67ca0>.
2023-12-22 22:23:04,936 - rasterio.env - DEBUG - Exiting outermost env
2023-12-22 22:23:04,936 - rasterio.env - DEBUG - Exited env context: <rasterio.env.Env object at 0x7f31baa679a0>
2023-12-22 22:23:04,936 - rasterio.env - DEBUG - Entering env context: <rasterio.env.Env object at 0x7f31ba0e14e0>
2023-12-22 22:23:04,936 - rasterio.env - DEBUG - Starting outermost env
2023-12-22 22:23:04,936 - rasterio.env - DEBUG - No GDAL environment exists
2023-12-22 22:23:04,937 - rasterio.env - DEBUG - New GDAL environment <rasterio._env.GDALEnv object at 0x7f31baa67ca0> created
2023-12-22 22:23:04,937 - rasterio._env - DEBUG - GDAL data found in package: path='/home/metpublic/PYTHON_VENV/present_weather/lib/python3.10/site-packages/rasterio/gdal_data'.
2023-12-22 22:23:04,937 - rasterio._env - DEBUG - PROJ data found in package: path='/home/metpublic/PYTHON_VENV/present_weather/lib/python3.10/site-packages/rasterio/proj_data'.
2023-12-22 22:23:04,937 - rasterio._env - DEBUG - Started GDALEnv: self=<rasterio._env.GDALEnv object at 0x7f31baa67ca0>.
2023-12-22 22:23:04,937 - rasterio.env - DEBUG - Entered env context: <rasterio.env.Env object at 0x7f31ba0e14e0>
2023-12-22 22:23:04,938 - rasterio.env - DEBUG - Got a copy of environment <rasterio._env.GDALEnv object at 0x7f31baa67ca0> options
2023-12-22 22:23:04,938 - rasterio.env - DEBUG - Entering env context: <rasterio.env.Env object at 0x7f31a0736d70>
2023-12-22 22:23:04,938 - rasterio.env - DEBUG - Got a copy of environment <rasterio._env.GDALEnv object at 0x7f31baa67ca0> options
2023-12-22 22:23:04,938 - rasterio.env - DEBUG - Entered env context: <rasterio.env.Env object at 0x7f31a0736d70>
2023-12-22 22:23:04,938 - rasterio._base - DEBUG - Sharing flag: 0
2023-12-22 22:23:04,939 - rasterio._base - DEBUG - Nodata success: 1, Nodata value: nan
2023-12-22 22:23:04,939 - rasterio._base - DEBUG - Dataset <open DatasetReader name='https://radar.bmkg.go.id/raster/radarsatelit_202312222210.tif' mode='r'> is started.
2023-12-22 22:23:04,939 - rasterio.env - DEBUG - Exiting env context: <rasterio.env.Env object at 0x7f31a0736d70>
2023-12-22 22:23:04,939 - rasterio.env - DEBUG - Cleared existing <rasterio._env.GDALEnv object at 0x7f31baa67ca0> options
2023-12-22 22:23:04,939 - rasterio._env - DEBUG - Stopped GDALEnv <rasterio._env.GDALEnv object at 0x7f31baa67ca0>.
2023-12-22 22:23:04,939 - rasterio.env - DEBUG - No GDAL environment exists
2023-12-22 22:23:04,939 - rasterio.env - DEBUG - New GDAL environment <rasterio._env.GDALEnv object at 0x7f31baa67ca0> created
2023-12-22 22:23:04,940 - rasterio._env - DEBUG - GDAL data found in package: path='/home/metpublic/PYTHON_VENV/present_weather/lib/python3.10/site-packages/rasterio/gdal_data'.
2023-12-22 22:23:04,940 - rasterio._env - DEBUG - PROJ data found in package: path='/home/metpublic/PYTHON_VENV/present_weather/lib/python3.10/site-packages/rasterio/proj_data'.
2023-12-22 22:23:04,940 - rasterio._env - DEBUG - Started GDALEnv: self=<rasterio._env.GDALEnv object at 0x7f31baa67ca0>.
2023-12-22 22:23:04,940 - rasterio.env - DEBUG - Exited env context: <rasterio.env.Env object at 0x7f31a0736d70>
2023-12-22 22:23:04,958 - rasterio._io - DEBUG - Output nodata value read from file: nan
2023-12-22 22:23:04,958 - rasterio._io - DEBUG - Output nodata values: [nan]
2023-12-22 22:23:04,959 - rasterio._io - DEBUG - all_valid: False
2023-12-22 22:23:04,959 - rasterio._io - DEBUG - mask_flags: ([<MaskFlags.nodata: 8>],)
2023-12-22 22:23:04,959 - rasterio._io - DEBUG - Jump straight to _read()
2023-12-22 22:23:04,959 - rasterio._io - DEBUG - Window: Window(col_off=0, row_off=0, width=10176, height=3732)
2023-12-22 22:23:04,959 - rasterio._io - DEBUG - IO window xoff=0.0 yoff=0.0 width=10176.0 height=3732.0
2023-12-22 22:23:05,535 - rasterio.env - DEBUG - Exiting env context: <rasterio.env.Env object at 0x7f31ba0e14e0>
2023-12-22 22:23:05,536 - rasterio.env - DEBUG - Cleared existing <rasterio._env.GDALEnv object at 0x7f31baa67ca0> options
2023-12-22 22:23:05,536 - rasterio._env - DEBUG - Stopped GDALEnv <rasterio._env.GDALEnv object at 0x7f31baa67ca0>.
2023-12-22 22:23:05,536 - rasterio.env - DEBUG - Exiting outermost env
2023-12-22 22:23:05,536 - rasterio.env - DEBUG - Exited env context: <rasterio.env.Env object at 0x7f31ba0e14e0>
2023-12-22 22:27:36,788 - rasterio.env - DEBUG - Entering env context: <rasterio.env.Env object at 0x7f31a07c5f60>
2023-12-22 22:27:36,788 - rasterio.env - DEBUG - Starting outermost env
2023-12-22 22:27:36,788 - rasterio.env - DEBUG - No GDAL environment exists
2023-12-22 22:27:36,788 - rasterio.env - DEBUG - New GDAL environment <rasterio._env.GDALEnv object at 0x7f31a07c7760> created
2023-12-22 22:27:36,789 - rasterio._env - DEBUG - GDAL data found in package: path='/home/metpublic/PYTHON_VENV/present_weather/lib/python3.10/site-packages/rasterio/gdal_data'.
2023-12-22 22:27:36,789 - rasterio._env - DEBUG - PROJ data found in package: path='/home/metpublic/PYTHON_VENV/present_weather/lib/python3.10/site-packages/rasterio/proj_data'.
2023-12-22 22:27:36,789 - rasterio._env - DEBUG - Started GDALEnv: self=<rasterio._env.GDALEnv object at 0x7f31a07c7760>.
2023-12-22 22:27:36,789 - rasterio.env - DEBUG - Entered env context: <rasterio.env.Env object at 0x7f31a07c5f60>
2023-12-22 22:27:36,790 - rasterio._base - DEBUG - Sharing flag: 0
2023-12-22 22:27:36,791 - rasterio._base - DEBUG - Nodata success: 0, Nodata value: 0.000000
2023-12-22 22:27:36,791 - rasterio._base - DEBUG - Dataset <open DatasetReader name='/home/metpublic/TASK_RELEASE/EFAN/present_weather/src/H09_B13_Indonesia_20231222.Z2150.cor.tiff' mode='r'> is started.
2023-12-22 22:27:36,791 - rasterio.env - DEBUG - Exiting env context: <rasterio.env.Env object at 0x7f31a07c5f60>
2023-12-22 22:27:36,791 - rasterio.env - DEBUG - Cleared existing <rasterio._env.GDALEnv object at 0x7f31a07c7760> options
2023-12-22 22:27:36,791 - rasterio._env - DEBUG - Stopped GDALEnv <rasterio._env.GDALEnv object at 0x7f31a07c7760>.
2023-12-22 22:27:36,791 - rasterio.env - DEBUG - Exiting outermost env
2023-12-22 22:27:36,791 - rasterio.env - DEBUG - Exited env context: <rasterio.env.Env object at 0x7f31a07c5f60>
2023-12-22 22:27:36,792 - rasterio.env - DEBUG - Entering env context: <rasterio.env.Env object at 0x7f31a05def80>
2023-12-22 22:27:36,792 - rasterio.env - DEBUG - Starting outermost env
2023-12-22 22:27:36,792 - rasterio.env - DEBUG - No GDAL environment exists
2023-12-22 22:27:36,792 - rasterio.env - DEBUG - New GDAL environment <rasterio._env.GDALEnv object at 0x7f31a05de320> created
2023-12-22 22:27:36,792 - rasterio._env - DEBUG - GDAL data found in package: path='/home/metpublic/PYTHON_VENV/present_weather/lib/python3.10/site-packages/rasterio/gdal_data'.
2023-12-22 22:27:36,793 - rasterio._env - DEBUG - PROJ data found in package: path='/home/metpublic/PYTHON_VENV/present_weather/lib/python3.10/site-packages/rasterio/proj_data'.
2023-12-22 22:27:36,793 - rasterio._env - DEBUG - Started GDALEnv: self=<rasterio._env.GDALEnv object at 0x7f31a05de320>.
2023-12-22 22:27:36,793 - rasterio.env - DEBUG - Entered env context: <rasterio.env.Env object at 0x7f31a05def80>
2023-12-22 22:27:36,793 - rasterio._base - DEBUG - Sharing flag: 0
2023-12-22 22:27:36,794 - rasterio._base - DEBUG - Nodata success: 0, Nodata value: 0.000000
2023-12-22 22:27:36,794 - rasterio._base - DEBUG - Dataset <open DatasetReader name='/home/metpublic/TASK_RELEASE/EFAN/present_weather/src/H09_B13_Indonesia_20231222.Z2150.cor.tiff' mode='r'> is started.
2023-12-22 22:27:36,794 - rasterio.env - DEBUG - Exiting env context: <rasterio.env.Env object at 0x7f31a05def80>
2023-12-22 22:27:36,794 - rasterio.env - DEBUG - Cleared existing <rasterio._env.GDALEnv object at 0x7f31a05de320> options
2023-12-22 22:27:36,794 - rasterio._env - DEBUG - Stopped GDALEnv <rasterio._env.GDALEnv object at 0x7f31a05de320>.
2023-12-22 22:27:36,794 - rasterio.env - DEBUG - Exiting outermost env
2023-12-22 22:27:36,794 - rasterio.env - DEBUG - Exited env context: <rasterio.env.Env object at 0x7f31a05def80>
2023-12-22 22:27:36,804 - root - INFO - Generating present weather using SATELITE data
2023-12-22 22:30:07,035 - root - INFO - Total elapsed time: 0:07:04.069675
