2023-11-12 04:41:11,295 - root - INFO - Initiating present weather
2023-11-12 04:41:11,300 - urllib3.connectionpool - DEBUG - Starting new HTTPS connection (1): radar.bmkg.go.id:8060
2023-11-12 04:41:11,368 - urllib3.connectionpool - DEBUG - https://radar.bmkg.go.id:8060 "GET /getRadarGeotif?token=19387e71e78522ae4172ec0fda640983b8438c9cfa0ca571623cb69d8327&radar=amandemenForecast&type=latest HTTP/1.1" 200 90
2023-11-12 04:41:11,371 - rasterio.env - DEBUG - Entering env context: <rasterio.env.Env object at 0x7ff9fcb43500>
2023-11-12 04:41:11,371 - rasterio.env - DEBUG - Starting outermost env
2023-11-12 04:41:11,372 - rasterio.env - DEBUG - No GDAL environment exists
2023-11-12 04:41:11,372 - rasterio.env - DEBUG - New GDAL environment <rasterio._env.GDALEnv object at 0x7ff9fd02e470> created
2023-11-12 04:41:11,376 - rasterio._filepath - DEBUG - Installing FilePath filesystem handler plugin...
2023-11-12 04:41:11,376 - rasterio._env - DEBUG - GDAL data found in package: path='/home/swx/miniconda3/envs/present_weather/lib/python3.12/site-packages/rasterio/gdal_data'.
2023-11-12 04:41:11,376 - rasterio._env - DEBUG - PROJ_LIB found in environment.
2023-11-12 04:41:11,376 - rasterio._env - DEBUG - Started GDALEnv: self=<rasterio._env.GDALEnv object at 0x7ff9fd02e470>.
2023-11-12 04:41:11,376 - rasterio.env - DEBUG - Entered env context: <rasterio.env.Env object at 0x7ff9fcb43500>
2023-11-12 04:41:11,377 - rasterio._base - DEBUG - Sharing flag: 0
2023-11-12 04:41:11,577 - rasterio._base - DEBUG - Nodata success: 1, Nodata value: nan
2023-11-12 04:41:11,577 - rasterio._base - DEBUG - Dataset <open DatasetReader name='https://radar.bmkg.go.id/raster/radarsatelit_202311120440.tif' mode='r'> is started.
2023-11-12 04:41:11,578 - rasterio.env - DEBUG - Exiting env context: <rasterio.env.Env object at 0x7ff9fcb43500>
2023-11-12 04:41:11,578 - rasterio.env - DEBUG - Cleared existing <rasterio._env.GDALEnv object at 0x7ff9fd02e470> options
2023-11-12 04:41:11,578 - rasterio._env - DEBUG - Stopped GDALEnv <rasterio._env.GDALEnv object at 0x7ff9fd02e470>.
2023-11-12 04:41:11,578 - rasterio.env - DEBUG - Exiting outermost env
2023-11-12 04:41:11,578 - rasterio.env - DEBUG - Exited env context: <rasterio.env.Env object at 0x7ff9fcb43500>
2023-11-12 04:41:11,578 - rasterio.env - DEBUG - Entering env context: <rasterio.env.Env object at 0x7ffa4eb38110>
2023-11-12 04:41:11,579 - rasterio.env - DEBUG - Starting outermost env
2023-11-12 04:41:11,579 - rasterio.env - DEBUG - No GDAL environment exists
2023-11-12 04:41:11,579 - rasterio.env - DEBUG - New GDAL environment <rasterio._env.GDALEnv object at 0x7ffa5f03b5e0> created
2023-11-12 04:41:11,579 - rasterio._env - DEBUG - GDAL data found in package: path='/home/swx/miniconda3/envs/present_weather/lib/python3.12/site-packages/rasterio/gdal_data'.
2023-11-12 04:41:11,580 - rasterio._env - DEBUG - PROJ_LIB found in environment.
2023-11-12 04:41:11,580 - rasterio._env - DEBUG - Started GDALEnv: self=<rasterio._env.GDALEnv object at 0x7ffa5f03b5e0>.
2023-11-12 04:41:11,580 - rasterio.env - DEBUG - Entered env context: <rasterio.env.Env object at 0x7ffa4eb38110>
2023-11-12 04:41:11,581 - rasterio.env - DEBUG - Got a copy of environment <rasterio._env.GDALEnv object at 0x7ffa5f03b5e0> options
2023-11-12 04:41:11,581 - rasterio.env - DEBUG - Entering env context: <rasterio.env.Env object at 0x7ff9fcbed250>
2023-11-12 04:41:11,581 - rasterio.env - DEBUG - Got a copy of environment <rasterio._env.GDALEnv object at 0x7ffa5f03b5e0> options
2023-11-12 04:41:11,581 - rasterio.env - DEBUG - Entered env context: <rasterio.env.Env object at 0x7ff9fcbed250>
2023-11-12 04:41:11,581 - rasterio._base - DEBUG - Sharing flag: 0
2023-11-12 04:41:11,583 - rasterio._base - DEBUG - Nodata success: 1, Nodata value: nan
2023-11-12 04:41:11,583 - rasterio._base - DEBUG - Dataset <open DatasetReader name='https://radar.bmkg.go.id/raster/radarsatelit_202311120440.tif' mode='r'> is started.
2023-11-12 04:41:11,583 - rasterio.env - DEBUG - Exiting env context: <rasterio.env.Env object at 0x7ff9fcbed250>
2023-11-12 04:41:11,583 - rasterio.env - DEBUG - Cleared existing <rasterio._env.GDALEnv object at 0x7ffa5f03b5e0> options
2023-11-12 04:41:11,583 - rasterio._env - DEBUG - Stopped GDALEnv <rasterio._env.GDALEnv object at 0x7ffa5f03b5e0>.
2023-11-12 04:41:11,583 - rasterio.env - DEBUG - No GDAL environment exists
2023-11-12 04:41:11,583 - rasterio.env - DEBUG - New GDAL environment <rasterio._env.GDALEnv object at 0x7ffa5f03b5e0> created
2023-11-12 04:41:11,584 - rasterio._env - DEBUG - GDAL data found in package: path='/home/swx/miniconda3/envs/present_weather/lib/python3.12/site-packages/rasterio/gdal_data'.
2023-11-12 04:41:11,584 - rasterio._env - DEBUG - PROJ_LIB found in environment.
2023-11-12 04:41:11,584 - rasterio._env - DEBUG - Started GDALEnv: self=<rasterio._env.GDALEnv object at 0x7ffa5f03b5e0>.
2023-11-12 04:41:11,584 - rasterio.env - DEBUG - Exited env context: <rasterio.env.Env object at 0x7ff9fcbed250>
2023-11-12 04:41:11,617 - rasterio._io - DEBUG - Output nodata value read from file: nan
2023-11-12 04:41:11,617 - rasterio._io - DEBUG - Output nodata values: [nan]
2023-11-12 04:41:11,618 - rasterio._io - DEBUG - all_valid: False
2023-11-12 04:41:11,618 - rasterio._io - DEBUG - mask_flags: ([<MaskFlags.nodata: 8>],)
2023-11-12 04:41:11,618 - rasterio._io - DEBUG - Jump straight to _read()
2023-11-12 04:41:11,618 - rasterio._io - DEBUG - Window: Window(col_off=0, row_off=0, width=10215, height=3792)
2023-11-12 04:41:11,619 - rasterio._io - DEBUG - IO window xoff=0.0 yoff=0.0 width=10215.0 height=3792.0
2023-11-12 04:41:12,296 - rasterio.env - DEBUG - Exiting env context: <rasterio.env.Env object at 0x7ffa4eb38110>
2023-11-12 04:41:12,297 - rasterio.env - DEBUG - Cleared existing <rasterio._env.GDALEnv object at 0x7ffa5f03b5e0> options
2023-11-12 04:41:12,297 - rasterio._env - DEBUG - Stopped GDALEnv <rasterio._env.GDALEnv object at 0x7ffa5f03b5e0>.
2023-11-12 04:41:12,297 - rasterio.env - DEBUG - Exiting outermost env
2023-11-12 04:41:12,297 - rasterio.env - DEBUG - Exited env context: <rasterio.env.Env object at 0x7ffa4eb38110>
2023-11-12 04:41:12,299 - urllib3.connectionpool - DEBUG - Starting new HTTPS connection (1): radar.bmkg.go.id:8060
2023-11-12 04:41:12,377 - urllib3.connectionpool - DEBUG - https://radar.bmkg.go.id:8060 "GET /getLatestLD?typeData=1 HTTP/1.1" 200 73879
2023-11-12 04:41:12,411 - asyncio - DEBUG - Using selector: EpollSelector
2023-11-12 04:41:19,028 - root - INFO - dask.bag<lambda, npartitions=34>
2023-11-12 04:41:31,927 - root - INFO - Total elapsed time: 0:00:20.633203
