2023-11-25 07:03:03,403 - root - INFO - Initiating present weather
2023-11-25 07:03:03,407 - asyncio - DEBUG - Using selector: EpollSelector
2023-11-25 07:03:06,730 - urllib3.connectionpool - DEBUG - Starting new HTTPS connection (1): radar.bmkg.go.id:8060
2023-11-25 07:03:11,805 - urllib3.connectionpool - DEBUG - https://radar.bmkg.go.id:8060 "GET /getRadarGeotif?token=19387e71e78522ae4172ec0fda640983b8438c9cfa0ca571623cb69d8327&radar=amandemenForecast&type=latest HTTP/1.1" 200 90
2023-11-25 07:03:11,808 - rasterio.env - DEBUG - Entering env context: <rasterio.env.Env object at 0x7f6d6128a150>
2023-11-25 07:03:11,809 - rasterio.env - DEBUG - Starting outermost env
2023-11-25 07:03:11,809 - rasterio.env - DEBUG - No GDAL environment exists
2023-11-25 07:03:11,809 - rasterio.env - DEBUG - New GDAL environment <rasterio._env.GDALEnv object at 0x7f6d612894b0> created
2023-11-25 07:03:11,813 - rasterio._filepath - DEBUG - Installing FilePath filesystem handler plugin...
2023-11-25 07:03:11,814 - rasterio._env - DEBUG - GDAL data found in package: path='/home/swx/miniconda3/envs/present_weather/lib/python3.12/site-packages/rasterio/gdal_data'.
2023-11-25 07:03:11,814 - rasterio._env - DEBUG - PROJ_LIB found in environment.
2023-11-25 07:03:11,814 - rasterio._env - DEBUG - Started GDALEnv: self=<rasterio._env.GDALEnv object at 0x7f6d612894b0>.
2023-11-25 07:03:11,814 - rasterio.env - DEBUG - Entered env context: <rasterio.env.Env object at 0x7f6d6128a150>
2023-11-25 07:03:11,814 - rasterio._base - DEBUG - Sharing flag: 0
2023-11-25 07:03:12,021 - rasterio._base - DEBUG - Nodata success: 1, Nodata value: nan
2023-11-25 07:03:12,021 - rasterio._base - DEBUG - Dataset <open DatasetReader name='https://radar.bmkg.go.id/raster/radarsatelit_202311250700.tif' mode='r'> is started.
2023-11-25 07:03:12,022 - rasterio.env - DEBUG - Exiting env context: <rasterio.env.Env object at 0x7f6d6128a150>
2023-11-25 07:03:12,022 - rasterio.env - DEBUG - Cleared existing <rasterio._env.GDALEnv object at 0x7f6d612894b0> options
2023-11-25 07:03:12,022 - rasterio._env - DEBUG - Stopped GDALEnv <rasterio._env.GDALEnv object at 0x7f6d612894b0>.
2023-11-25 07:03:12,022 - rasterio.env - DEBUG - Exiting outermost env
2023-11-25 07:03:12,022 - rasterio.env - DEBUG - Exited env context: <rasterio.env.Env object at 0x7f6d6128a150>
2023-11-25 07:03:12,022 - rasterio.env - DEBUG - Entering env context: <rasterio.env.Env object at 0x7f6d61289fa0>
2023-11-25 07:03:12,022 - rasterio.env - DEBUG - Starting outermost env
2023-11-25 07:03:12,022 - rasterio.env - DEBUG - No GDAL environment exists
2023-11-25 07:03:12,023 - rasterio.env - DEBUG - New GDAL environment <rasterio._env.GDALEnv object at 0x7f6d612894b0> created
2023-11-25 07:03:12,023 - rasterio._env - DEBUG - GDAL data found in package: path='/home/swx/miniconda3/envs/present_weather/lib/python3.12/site-packages/rasterio/gdal_data'.
2023-11-25 07:03:12,023 - rasterio._env - DEBUG - PROJ_LIB found in environment.
2023-11-25 07:03:12,024 - rasterio._env - DEBUG - Started GDALEnv: self=<rasterio._env.GDALEnv object at 0x7f6d612894b0>.
2023-11-25 07:03:12,024 - rasterio.env - DEBUG - Entered env context: <rasterio.env.Env object at 0x7f6d61289fa0>
2023-11-25 07:03:12,024 - rasterio.env - DEBUG - Got a copy of environment <rasterio._env.GDALEnv object at 0x7f6d612894b0> options
2023-11-25 07:03:12,024 - rasterio.env - DEBUG - Entering env context: <rasterio.env.Env object at 0x7f6d6026b380>
2023-11-25 07:03:12,024 - rasterio.env - DEBUG - Got a copy of environment <rasterio._env.GDALEnv object at 0x7f6d612894b0> options
2023-11-25 07:03:12,025 - rasterio.env - DEBUG - Entered env context: <rasterio.env.Env object at 0x7f6d6026b380>
2023-11-25 07:03:12,025 - rasterio._base - DEBUG - Sharing flag: 0
2023-11-25 07:03:12,026 - rasterio._base - DEBUG - Nodata success: 1, Nodata value: nan
2023-11-25 07:03:12,026 - rasterio._base - DEBUG - Dataset <open DatasetReader name='https://radar.bmkg.go.id/raster/radarsatelit_202311250700.tif' mode='r'> is started.
2023-11-25 07:03:12,026 - rasterio.env - DEBUG - Exiting env context: <rasterio.env.Env object at 0x7f6d6026b380>
2023-11-25 07:03:12,026 - rasterio.env - DEBUG - Cleared existing <rasterio._env.GDALEnv object at 0x7f6d612894b0> options
2023-11-25 07:03:12,026 - rasterio._env - DEBUG - Stopped GDALEnv <rasterio._env.GDALEnv object at 0x7f6d612894b0>.
2023-11-25 07:03:12,027 - rasterio.env - DEBUG - No GDAL environment exists
2023-11-25 07:03:12,027 - rasterio.env - DEBUG - New GDAL environment <rasterio._env.GDALEnv object at 0x7f6d612894b0> created
2023-11-25 07:03:12,027 - rasterio._env - DEBUG - GDAL data found in package: path='/home/swx/miniconda3/envs/present_weather/lib/python3.12/site-packages/rasterio/gdal_data'.
2023-11-25 07:03:12,028 - rasterio._env - DEBUG - PROJ_LIB found in environment.
2023-11-25 07:03:12,028 - rasterio._env - DEBUG - Started GDALEnv: self=<rasterio._env.GDALEnv object at 0x7f6d612894b0>.
2023-11-25 07:03:12,028 - rasterio.env - DEBUG - Exited env context: <rasterio.env.Env object at 0x7f6d6026b380>
2023-11-25 07:03:12,057 - rasterio._io - DEBUG - Output nodata value read from file: nan
2023-11-25 07:03:12,058 - rasterio._io - DEBUG - Output nodata values: [nan]
2023-11-25 07:03:12,058 - rasterio._io - DEBUG - all_valid: False
2023-11-25 07:03:12,058 - rasterio._io - DEBUG - mask_flags: ([<MaskFlags.nodata: 8>],)
2023-11-25 07:03:12,058 - rasterio._io - DEBUG - Jump straight to _read()
2023-11-25 07:03:12,058 - rasterio._io - DEBUG - Window: Window(col_off=0, row_off=0, width=10215, height=3789)
2023-11-25 07:03:12,059 - rasterio._io - DEBUG - IO window xoff=0.0 yoff=0.0 width=10215.0 height=3789.0
2023-11-25 07:03:12,881 - rasterio.env - DEBUG - Exiting env context: <rasterio.env.Env object at 0x7f6d61289fa0>
2023-11-25 07:03:12,881 - rasterio.env - DEBUG - Cleared existing <rasterio._env.GDALEnv object at 0x7f6d612894b0> options
2023-11-25 07:03:12,881 - rasterio._env - DEBUG - Stopped GDALEnv <rasterio._env.GDALEnv object at 0x7f6d612894b0>.
2023-11-25 07:03:12,882 - rasterio.env - DEBUG - Exiting outermost env
2023-11-25 07:03:12,882 - rasterio.env - DEBUG - Exited env context: <rasterio.env.Env object at 0x7f6d61289fa0>
2023-11-25 07:03:12,884 - urllib3.connectionpool - DEBUG - Starting new HTTPS connection (1): radar.bmkg.go.id:8060
2023-11-25 07:03:12,940 - urllib3.connectionpool - DEBUG - https://radar.bmkg.go.id:8060 "GET /getLatestLD?typeData=1 HTTP/1.1" 200 8050
2023-11-25 07:03:12,950 - root - INFO - Generating present weather using RADAR data
2023-11-25 07:03:16,301 - root - INFO - dask.bag<lambda, npartitions=20>
2023-11-25 07:16:11,256 - root - INFO - Total elapsed time: 0:13:07.853346
