2023-11-18 00:20:03,259 - root - INFO - Initiating present weather
2023-11-18 00:20:03,263 - urllib3.connectionpool - DEBUG - Starting new HTTPS connection (1): radar.bmkg.go.id:8060
2023-11-18 00:20:03,331 - urllib3.connectionpool - DEBUG - https://radar.bmkg.go.id:8060 "GET /getRadarGeotif?token=19387e71e78522ae4172ec0fda640983b8438c9cfa0ca571623cb69d8327&radar=amandemenForecast&type=latest HTTP/1.1" 200 90
2023-11-18 00:20:03,334 - rasterio.env - DEBUG - Entering env context: <rasterio.env.Env object at 0x7f2237663b00>
2023-11-18 00:20:03,335 - rasterio.env - DEBUG - Starting outermost env
2023-11-18 00:20:03,335 - rasterio.env - DEBUG - No GDAL environment exists
2023-11-18 00:20:03,335 - rasterio.env - DEBUG - New GDAL environment <rasterio._env.GDALEnv object at 0x7f2258fb9210> created
2023-11-18 00:20:03,340 - rasterio._filepath - DEBUG - Installing FilePath filesystem handler plugin...
2023-11-18 00:20:03,340 - rasterio._env - DEBUG - GDAL data found in package: path='/home/swx/miniconda3/envs/present_weather/lib/python3.12/site-packages/rasterio/gdal_data'.
2023-11-18 00:20:03,340 - rasterio._env - DEBUG - PROJ_LIB found in environment.
2023-11-18 00:20:03,341 - rasterio._env - DEBUG - Started GDALEnv: self=<rasterio._env.GDALEnv object at 0x7f2258fb9210>.
2023-11-18 00:20:03,341 - rasterio.env - DEBUG - Entered env context: <rasterio.env.Env object at 0x7f2237663b00>
2023-11-18 00:20:03,341 - rasterio._base - DEBUG - Sharing flag: 0
2023-11-18 00:20:03,537 - rasterio._base - DEBUG - Nodata success: 1, Nodata value: nan
2023-11-18 00:20:03,537 - rasterio._base - DEBUG - Dataset <open DatasetReader name='https://radar.bmkg.go.id/raster/radarsatelit_202311180010.tif' mode='r'> is started.
2023-11-18 00:20:03,538 - rasterio.env - DEBUG - Exiting env context: <rasterio.env.Env object at 0x7f2237663b00>
2023-11-18 00:20:03,538 - rasterio.env - DEBUG - Cleared existing <rasterio._env.GDALEnv object at 0x7f2258fb9210> options
2023-11-18 00:20:03,538 - rasterio._env - DEBUG - Stopped GDALEnv <rasterio._env.GDALEnv object at 0x7f2258fb9210>.
2023-11-18 00:20:03,538 - rasterio.env - DEBUG - Exiting outermost env
2023-11-18 00:20:03,538 - rasterio.env - DEBUG - Exited env context: <rasterio.env.Env object at 0x7f2237663b00>
2023-11-18 00:20:03,538 - rasterio.env - DEBUG - Entering env context: <rasterio.env.Env object at 0x7f2237778fe0>
2023-11-18 00:20:03,538 - rasterio.env - DEBUG - Starting outermost env
2023-11-18 00:20:03,539 - rasterio.env - DEBUG - No GDAL environment exists
2023-11-18 00:20:03,539 - rasterio.env - DEBUG - New GDAL environment <rasterio._env.GDALEnv object at 0x7f2258fb9210> created
2023-11-18 00:20:03,539 - rasterio._env - DEBUG - GDAL data found in package: path='/home/swx/miniconda3/envs/present_weather/lib/python3.12/site-packages/rasterio/gdal_data'.
2023-11-18 00:20:03,539 - rasterio._env - DEBUG - PROJ_LIB found in environment.
2023-11-18 00:20:03,540 - rasterio._env - DEBUG - Started GDALEnv: self=<rasterio._env.GDALEnv object at 0x7f2258fb9210>.
2023-11-18 00:20:03,540 - rasterio.env - DEBUG - Entered env context: <rasterio.env.Env object at 0x7f2237778fe0>
2023-11-18 00:20:03,540 - rasterio.env - DEBUG - Got a copy of environment <rasterio._env.GDALEnv object at 0x7f2258fb9210> options
2023-11-18 00:20:03,541 - rasterio.env - DEBUG - Entering env context: <rasterio.env.Env object at 0x7f22376c0ec0>
2023-11-18 00:20:03,541 - rasterio.env - DEBUG - Got a copy of environment <rasterio._env.GDALEnv object at 0x7f2258fb9210> options
2023-11-18 00:20:03,541 - rasterio.env - DEBUG - Entered env context: <rasterio.env.Env object at 0x7f22376c0ec0>
2023-11-18 00:20:03,541 - rasterio._base - DEBUG - Sharing flag: 0
2023-11-18 00:20:03,542 - rasterio._base - DEBUG - Nodata success: 1, Nodata value: nan
2023-11-18 00:20:03,542 - rasterio._base - DEBUG - Dataset <open DatasetReader name='https://radar.bmkg.go.id/raster/radarsatelit_202311180010.tif' mode='r'> is started.
2023-11-18 00:20:03,542 - rasterio.env - DEBUG - Exiting env context: <rasterio.env.Env object at 0x7f22376c0ec0>
2023-11-18 00:20:03,542 - rasterio.env - DEBUG - Cleared existing <rasterio._env.GDALEnv object at 0x7f2258fb9210> options
2023-11-18 00:20:03,542 - rasterio._env - DEBUG - Stopped GDALEnv <rasterio._env.GDALEnv object at 0x7f2258fb9210>.
2023-11-18 00:20:03,542 - rasterio.env - DEBUG - No GDAL environment exists
2023-11-18 00:20:03,542 - rasterio.env - DEBUG - New GDAL environment <rasterio._env.GDALEnv object at 0x7f2258fb9210> created
2023-11-18 00:20:03,543 - rasterio._env - DEBUG - GDAL data found in package: path='/home/swx/miniconda3/envs/present_weather/lib/python3.12/site-packages/rasterio/gdal_data'.
2023-11-18 00:20:03,543 - rasterio._env - DEBUG - PROJ_LIB found in environment.
2023-11-18 00:20:03,543 - rasterio._env - DEBUG - Started GDALEnv: self=<rasterio._env.GDALEnv object at 0x7f2258fb9210>.
2023-11-18 00:20:03,543 - rasterio.env - DEBUG - Exited env context: <rasterio.env.Env object at 0x7f22376c0ec0>
2023-11-18 00:20:03,573 - rasterio._io - DEBUG - Output nodata value read from file: nan
2023-11-18 00:20:03,574 - rasterio._io - DEBUG - Output nodata values: [nan]
2023-11-18 00:20:03,574 - rasterio._io - DEBUG - all_valid: False
2023-11-18 00:20:03,574 - rasterio._io - DEBUG - mask_flags: ([<MaskFlags.nodata: 8>],)
2023-11-18 00:20:03,574 - rasterio._io - DEBUG - Jump straight to _read()
2023-11-18 00:20:03,575 - rasterio._io - DEBUG - Window: Window(col_off=0, row_off=0, width=10215, height=3789)
2023-11-18 00:20:03,575 - rasterio._io - DEBUG - IO window xoff=0.0 yoff=0.0 width=10215.0 height=3789.0
2023-11-18 00:20:04,237 - rasterio.env - DEBUG - Exiting env context: <rasterio.env.Env object at 0x7f2237778fe0>
2023-11-18 00:20:04,238 - rasterio.env - DEBUG - Cleared existing <rasterio._env.GDALEnv object at 0x7f2258fb9210> options
2023-11-18 00:20:04,238 - rasterio._env - DEBUG - Stopped GDALEnv <rasterio._env.GDALEnv object at 0x7f2258fb9210>.
2023-11-18 00:20:04,238 - rasterio.env - DEBUG - Exiting outermost env
2023-11-18 00:20:04,238 - rasterio.env - DEBUG - Exited env context: <rasterio.env.Env object at 0x7f2237778fe0>
2023-11-18 00:20:04,240 - urllib3.connectionpool - DEBUG - Starting new HTTPS connection (1): radar.bmkg.go.id:8060
2023-11-18 00:20:04,309 - urllib3.connectionpool - DEBUG - https://radar.bmkg.go.id:8060 "GET /getLatestLD?typeData=1 HTTP/1.1" 200 48995
2023-11-18 00:20:04,336 - asyncio - DEBUG - Using selector: EpollSelector
2023-11-18 00:20:11,066 - root - INFO - dask.bag<lambda, npartitions=34>
2023-11-18 00:36:28,432 - root - INFO - Total elapsed time: 0:16:25.174830
