2023-11-27 02:23:02,514 - root - INFO - Initiating present weather
2023-11-27 02:23:02,516 - asyncio - DEBUG - Using selector: EpollSelector
2023-11-27 02:23:03,984 - urllib3.connectionpool - DEBUG - Starting new HTTPS connection (1): radar.bmkg.go.id:8060
2023-11-27 02:23:04,004 - urllib3.connectionpool - DEBUG - https://radar.bmkg.go.id:8060 "GET /getRadarGeotif?token=19387e71e78522ae4172ec0fda640983b8438c9cfa0ca571623cb69d8327&radar=amandemenForecast&type=latest HTTP/1.1" 200 90
2023-11-27 02:23:04,006 - rasterio.env - DEBUG - Entering env context: <rasterio.env.Env object at 0x7f3b9683d9c0>
2023-11-27 02:23:04,006 - rasterio.env - DEBUG - Starting outermost env
2023-11-27 02:23:04,006 - rasterio.env - DEBUG - No GDAL environment exists
2023-11-27 02:23:04,006 - rasterio.env - DEBUG - New GDAL environment <rasterio._env.GDALEnv object at 0x7f3b9683dc60> created
2023-11-27 02:23:04,009 - rasterio._filepath - DEBUG - Installing FilePath filesystem handler plugin...
2023-11-27 02:23:04,010 - rasterio._env - DEBUG - GDAL data found in package: path='/home/metpublic/PYTHON_VENV/present_weather/lib/python3.10/site-packages/rasterio/gdal_data'.
2023-11-27 02:23:04,010 - rasterio._env - DEBUG - PROJ data found in package: path='/home/metpublic/PYTHON_VENV/present_weather/lib/python3.10/site-packages/rasterio/proj_data'.
2023-11-27 02:23:04,010 - rasterio._env - DEBUG - Started GDALEnv: self=<rasterio._env.GDALEnv object at 0x7f3b9683dc60>.
2023-11-27 02:23:04,010 - rasterio.env - DEBUG - Entered env context: <rasterio.env.Env object at 0x7f3b9683d9c0>
2023-11-27 02:23:04,010 - rasterio._base - DEBUG - Sharing flag: 0
2023-11-27 02:23:04,186 - rasterio._base - DEBUG - Nodata success: 1, Nodata value: nan
2023-11-27 02:23:04,186 - rasterio._base - DEBUG - Dataset <open DatasetReader name='https://radar.bmkg.go.id/raster/radarsatelit_202311270220.tif' mode='r'> is started.
2023-11-27 02:23:04,187 - rasterio.env - DEBUG - Exiting env context: <rasterio.env.Env object at 0x7f3b9683d9c0>
2023-11-27 02:23:04,187 - rasterio.env - DEBUG - Cleared existing <rasterio._env.GDALEnv object at 0x7f3b9683dc60> options
2023-11-27 02:23:04,187 - rasterio._env - DEBUG - Stopped GDALEnv <rasterio._env.GDALEnv object at 0x7f3b9683dc60>.
2023-11-27 02:23:04,187 - rasterio.env - DEBUG - Exiting outermost env
2023-11-27 02:23:04,187 - rasterio.env - DEBUG - Exited env context: <rasterio.env.Env object at 0x7f3b9683d9c0>
2023-11-27 02:23:04,187 - rasterio.env - DEBUG - Entering env context: <rasterio.env.Env object at 0x7f3b95e7ae00>
2023-11-27 02:23:04,187 - rasterio.env - DEBUG - Starting outermost env
2023-11-27 02:23:04,187 - rasterio.env - DEBUG - No GDAL environment exists
2023-11-27 02:23:04,187 - rasterio.env - DEBUG - New GDAL environment <rasterio._env.GDALEnv object at 0x7f3b95efa170> created
2023-11-27 02:23:04,188 - rasterio._env - DEBUG - GDAL data found in package: path='/home/metpublic/PYTHON_VENV/present_weather/lib/python3.10/site-packages/rasterio/gdal_data'.
2023-11-27 02:23:04,188 - rasterio._env - DEBUG - PROJ data found in package: path='/home/metpublic/PYTHON_VENV/present_weather/lib/python3.10/site-packages/rasterio/proj_data'.
2023-11-27 02:23:04,188 - rasterio._env - DEBUG - Started GDALEnv: self=<rasterio._env.GDALEnv object at 0x7f3b95efa170>.
2023-11-27 02:23:04,188 - rasterio.env - DEBUG - Entered env context: <rasterio.env.Env object at 0x7f3b95e7ae00>
2023-11-27 02:23:04,188 - rasterio.env - DEBUG - Got a copy of environment <rasterio._env.GDALEnv object at 0x7f3b95efa170> options
2023-11-27 02:23:04,188 - rasterio.env - DEBUG - Entering env context: <rasterio.env.Env object at 0x7f3b945d0f40>
2023-11-27 02:23:04,188 - rasterio.env - DEBUG - Got a copy of environment <rasterio._env.GDALEnv object at 0x7f3b95efa170> options
2023-11-27 02:23:04,189 - rasterio.env - DEBUG - Entered env context: <rasterio.env.Env object at 0x7f3b945d0f40>
2023-11-27 02:23:04,189 - rasterio._base - DEBUG - Sharing flag: 0
2023-11-27 02:23:04,189 - rasterio._base - DEBUG - Nodata success: 1, Nodata value: nan
2023-11-27 02:23:04,189 - rasterio._base - DEBUG - Dataset <open DatasetReader name='https://radar.bmkg.go.id/raster/radarsatelit_202311270220.tif' mode='r'> is started.
2023-11-27 02:23:04,190 - rasterio.env - DEBUG - Exiting env context: <rasterio.env.Env object at 0x7f3b945d0f40>
2023-11-27 02:23:04,190 - rasterio.env - DEBUG - Cleared existing <rasterio._env.GDALEnv object at 0x7f3b95efa170> options
2023-11-27 02:23:04,190 - rasterio._env - DEBUG - Stopped GDALEnv <rasterio._env.GDALEnv object at 0x7f3b95efa170>.
2023-11-27 02:23:04,190 - rasterio.env - DEBUG - No GDAL environment exists
2023-11-27 02:23:04,190 - rasterio.env - DEBUG - New GDAL environment <rasterio._env.GDALEnv object at 0x7f3b95efa170> created
2023-11-27 02:23:04,190 - rasterio._env - DEBUG - GDAL data found in package: path='/home/metpublic/PYTHON_VENV/present_weather/lib/python3.10/site-packages/rasterio/gdal_data'.
2023-11-27 02:23:04,190 - rasterio._env - DEBUG - PROJ data found in package: path='/home/metpublic/PYTHON_VENV/present_weather/lib/python3.10/site-packages/rasterio/proj_data'.
2023-11-27 02:23:04,190 - rasterio._env - DEBUG - Started GDALEnv: self=<rasterio._env.GDALEnv object at 0x7f3b95efa170>.
2023-11-27 02:23:04,190 - rasterio.env - DEBUG - Exited env context: <rasterio.env.Env object at 0x7f3b945d0f40>
2023-11-27 02:23:04,206 - rasterio._io - DEBUG - Output nodata value read from file: nan
2023-11-27 02:23:04,206 - rasterio._io - DEBUG - Output nodata values: [nan]
2023-11-27 02:23:04,206 - rasterio._io - DEBUG - all_valid: False
2023-11-27 02:23:04,207 - rasterio._io - DEBUG - mask_flags: ([<MaskFlags.nodata: 8>],)
2023-11-27 02:23:04,207 - rasterio._io - DEBUG - Jump straight to _read()
2023-11-27 02:23:04,207 - rasterio._io - DEBUG - Window: Window(col_off=0, row_off=0, width=10215, height=3792)
2023-11-27 02:23:04,207 - rasterio._io - DEBUG - IO window xoff=0.0 yoff=0.0 width=10215.0 height=3792.0
2023-11-27 02:23:04,720 - rasterio.env - DEBUG - Exiting env context: <rasterio.env.Env object at 0x7f3b95e7ae00>
2023-11-27 02:23:04,720 - rasterio.env - DEBUG - Cleared existing <rasterio._env.GDALEnv object at 0x7f3b95efa170> options
2023-11-27 02:23:04,720 - rasterio._env - DEBUG - Stopped GDALEnv <rasterio._env.GDALEnv object at 0x7f3b95efa170>.
2023-11-27 02:23:04,720 - rasterio.env - DEBUG - Exiting outermost env
2023-11-27 02:23:04,720 - rasterio.env - DEBUG - Exited env context: <rasterio.env.Env object at 0x7f3b95e7ae00>
2023-11-27 02:23:04,722 - urllib3.connectionpool - DEBUG - Starting new HTTPS connection (1): radar.bmkg.go.id:8060
2023-11-27 02:23:04,737 - urllib3.connectionpool - DEBUG - https://radar.bmkg.go.id:8060 "GET /getLatestLD?typeData=1 HTTP/1.1" 200 4605
2023-11-27 02:23:04,742 - root - INFO - Generating present weather using RADAR data
2023-11-27 02:23:08,674 - root - INFO - dask.bag<lambda, npartitions=34>
2023-11-27 02:29:56,195 - root - INFO - Total elapsed time: 0:06:53.681558
