2023-11-26 10:43:03,830 - root - INFO - Initiating present weather
2023-11-26 10:43:03,833 - asyncio - DEBUG - Using selector: EpollSelector
2023-11-26 10:43:07,124 - urllib3.connectionpool - DEBUG - Starting new HTTPS connection (1): radar.bmkg.go.id:8060
2023-11-26 10:43:07,202 - urllib3.connectionpool - DEBUG - https://radar.bmkg.go.id:8060 "GET /getRadarGeotif?token=19387e71e78522ae4172ec0fda640983b8438c9cfa0ca571623cb69d8327&radar=amandemenForecast&type=latest HTTP/1.1" 200 90
2023-11-26 10:43:07,204 - rasterio.env - DEBUG - Entering env context: <rasterio.env.Env object at 0x7f91f1c62030>
2023-11-26 10:43:07,205 - rasterio.env - DEBUG - Starting outermost env
2023-11-26 10:43:07,205 - rasterio.env - DEBUG - No GDAL environment exists
2023-11-26 10:43:07,205 - rasterio.env - DEBUG - New GDAL environment <rasterio._env.GDALEnv object at 0x7f91f0e62830> created
2023-11-26 10:43:07,209 - rasterio._filepath - DEBUG - Installing FilePath filesystem handler plugin...
2023-11-26 10:43:07,209 - rasterio._env - DEBUG - GDAL data found in package: path='/home/swx/miniconda3/envs/present_weather/lib/python3.12/site-packages/rasterio/gdal_data'.
2023-11-26 10:43:07,209 - rasterio._env - DEBUG - PROJ_LIB found in environment.
2023-11-26 10:43:07,209 - rasterio._env - DEBUG - Started GDALEnv: self=<rasterio._env.GDALEnv object at 0x7f91f0e62830>.
2023-11-26 10:43:07,210 - rasterio.env - DEBUG - Entered env context: <rasterio.env.Env object at 0x7f91f1c62030>
2023-11-26 10:43:07,210 - rasterio._base - DEBUG - Sharing flag: 0
2023-11-26 10:43:07,423 - rasterio._base - DEBUG - Nodata success: 1, Nodata value: nan
2023-11-26 10:43:07,423 - rasterio._base - DEBUG - Dataset <open DatasetReader name='https://radar.bmkg.go.id/raster/radarsatelit_202311261040.tif' mode='r'> is started.
2023-11-26 10:43:07,423 - rasterio.env - DEBUG - Exiting env context: <rasterio.env.Env object at 0x7f91f1c62030>
2023-11-26 10:43:07,423 - rasterio.env - DEBUG - Cleared existing <rasterio._env.GDALEnv object at 0x7f91f0e62830> options
2023-11-26 10:43:07,424 - rasterio._env - DEBUG - Stopped GDALEnv <rasterio._env.GDALEnv object at 0x7f91f0e62830>.
2023-11-26 10:43:07,424 - rasterio.env - DEBUG - Exiting outermost env
2023-11-26 10:43:07,424 - rasterio.env - DEBUG - Exited env context: <rasterio.env.Env object at 0x7f91f1c62030>
2023-11-26 10:43:07,424 - rasterio.env - DEBUG - Entering env context: <rasterio.env.Env object at 0x7f91f0e62840>
2023-11-26 10:43:07,424 - rasterio.env - DEBUG - Starting outermost env
2023-11-26 10:43:07,424 - rasterio.env - DEBUG - No GDAL environment exists
2023-11-26 10:43:07,424 - rasterio.env - DEBUG - New GDAL environment <rasterio._env.GDALEnv object at 0x7f91f10dbe80> created
2023-11-26 10:43:07,425 - rasterio._env - DEBUG - GDAL data found in package: path='/home/swx/miniconda3/envs/present_weather/lib/python3.12/site-packages/rasterio/gdal_data'.
2023-11-26 10:43:07,425 - rasterio._env - DEBUG - PROJ_LIB found in environment.
2023-11-26 10:43:07,425 - rasterio._env - DEBUG - Started GDALEnv: self=<rasterio._env.GDALEnv object at 0x7f91f10dbe80>.
2023-11-26 10:43:07,425 - rasterio.env - DEBUG - Entered env context: <rasterio.env.Env object at 0x7f91f0e62840>
2023-11-26 10:43:07,425 - rasterio.env - DEBUG - Got a copy of environment <rasterio._env.GDALEnv object at 0x7f91f10dbe80> options
2023-11-26 10:43:07,425 - rasterio.env - DEBUG - Entering env context: <rasterio.env.Env object at 0x7f91f0d95f70>
2023-11-26 10:43:07,426 - rasterio.env - DEBUG - Got a copy of environment <rasterio._env.GDALEnv object at 0x7f91f10dbe80> options
2023-11-26 10:43:07,426 - rasterio.env - DEBUG - Entered env context: <rasterio.env.Env object at 0x7f91f0d95f70>
2023-11-26 10:43:07,426 - rasterio._base - DEBUG - Sharing flag: 0
2023-11-26 10:43:07,427 - rasterio._base - DEBUG - Nodata success: 1, Nodata value: nan
2023-11-26 10:43:07,427 - rasterio._base - DEBUG - Dataset <open DatasetReader name='https://radar.bmkg.go.id/raster/radarsatelit_202311261040.tif' mode='r'> is started.
2023-11-26 10:43:07,427 - rasterio.env - DEBUG - Exiting env context: <rasterio.env.Env object at 0x7f91f0d95f70>
2023-11-26 10:43:07,427 - rasterio.env - DEBUG - Cleared existing <rasterio._env.GDALEnv object at 0x7f91f10dbe80> options
2023-11-26 10:43:07,428 - rasterio._env - DEBUG - Stopped GDALEnv <rasterio._env.GDALEnv object at 0x7f91f10dbe80>.
2023-11-26 10:43:07,428 - rasterio.env - DEBUG - No GDAL environment exists
2023-11-26 10:43:07,428 - rasterio.env - DEBUG - New GDAL environment <rasterio._env.GDALEnv object at 0x7f91f10dbe80> created
2023-11-26 10:43:07,428 - rasterio._env - DEBUG - GDAL data found in package: path='/home/swx/miniconda3/envs/present_weather/lib/python3.12/site-packages/rasterio/gdal_data'.
2023-11-26 10:43:07,428 - rasterio._env - DEBUG - PROJ_LIB found in environment.
2023-11-26 10:43:07,428 - rasterio._env - DEBUG - Started GDALEnv: self=<rasterio._env.GDALEnv object at 0x7f91f10dbe80>.
2023-11-26 10:43:07,428 - rasterio.env - DEBUG - Exited env context: <rasterio.env.Env object at 0x7f91f0d95f70>
2023-11-26 10:43:07,450 - rasterio._io - DEBUG - Output nodata value read from file: nan
2023-11-26 10:43:07,451 - rasterio._io - DEBUG - Output nodata values: [nan]
2023-11-26 10:43:07,451 - rasterio._io - DEBUG - all_valid: False
2023-11-26 10:43:07,451 - rasterio._io - DEBUG - mask_flags: ([<MaskFlags.nodata: 8>],)
2023-11-26 10:43:07,451 - rasterio._io - DEBUG - Jump straight to _read()
2023-11-26 10:43:07,451 - rasterio._io - DEBUG - Window: Window(col_off=0, row_off=0, width=10215, height=3792)
2023-11-26 10:43:07,452 - rasterio._io - DEBUG - IO window xoff=0.0 yoff=0.0 width=10215.0 height=3792.0
2023-11-26 10:43:08,387 - rasterio.env - DEBUG - Exiting env context: <rasterio.env.Env object at 0x7f91f0e62840>
2023-11-26 10:43:08,387 - rasterio.env - DEBUG - Cleared existing <rasterio._env.GDALEnv object at 0x7f91f10dbe80> options
2023-11-26 10:43:08,387 - rasterio._env - DEBUG - Stopped GDALEnv <rasterio._env.GDALEnv object at 0x7f91f10dbe80>.
2023-11-26 10:43:08,387 - rasterio.env - DEBUG - Exiting outermost env
2023-11-26 10:43:08,387 - rasterio.env - DEBUG - Exited env context: <rasterio.env.Env object at 0x7f91f0e62840>
2023-11-26 10:43:08,390 - urllib3.connectionpool - DEBUG - Starting new HTTPS connection (1): radar.bmkg.go.id:8060
2023-11-26 10:43:08,454 - urllib3.connectionpool - DEBUG - https://radar.bmkg.go.id:8060 "GET /getLatestLD?typeData=1 HTTP/1.1" 200 22612
2023-11-26 10:43:08,472 - root - INFO - Generating present weather using RADAR data
2023-11-26 10:43:11,875 - root - INFO - dask.bag<lambda, npartitions=20>
2023-11-26 10:54:00,568 - root - INFO - Total elapsed time: 0:10:56.738621
