2023-12-05 13:33:02,236 - root - INFO - Initiating present weather
2023-12-05 13:33:02,238 - asyncio - DEBUG - Using selector: EpollSelector
2023-12-05 13:33:03,750 - urllib3.connectionpool - DEBUG - Starting new HTTPS connection (1): radar.bmkg.go.id:8060
2023-12-05 13:33:03,762 - urllib3.connectionpool - DEBUG - https://radar.bmkg.go.id:8060 "GET /getLatestLD?typeData=1 HTTP/1.1" 200 62
2023-12-05 13:33:03,764 - urllib3.connectionpool - DEBUG - Starting new HTTPS connection (1): radar.bmkg.go.id:8060
2023-12-05 13:33:03,785 - urllib3.connectionpool - DEBUG - https://radar.bmkg.go.id:8060 "GET /getRadarGeotif?token=19387e71e78522ae4172ec0fda640983b8438c9cfa0ca571623cb69d8327&radar=amandemenForecast&type=latest HTTP/1.1" 200 90
2023-12-05 13:33:03,786 - rasterio.env - DEBUG - Entering env context: <rasterio.env.Env object at 0x7f57ff07c0a0>
2023-12-05 13:33:03,787 - rasterio.env - DEBUG - Starting outermost env
2023-12-05 13:33:03,787 - rasterio.env - DEBUG - No GDAL environment exists
2023-12-05 13:33:03,787 - rasterio.env - DEBUG - New GDAL environment <rasterio._env.GDALEnv object at 0x7f57ff992a40> created
2023-12-05 13:33:03,789 - rasterio._filepath - DEBUG - Installing FilePath filesystem handler plugin...
2023-12-05 13:33:03,790 - rasterio._env - DEBUG - GDAL data found in package: path='/home/metpublic/PYTHON_VENV/present_weather/lib/python3.10/site-packages/rasterio/gdal_data'.
2023-12-05 13:33:03,790 - rasterio._env - DEBUG - PROJ data found in package: path='/home/metpublic/PYTHON_VENV/present_weather/lib/python3.10/site-packages/rasterio/proj_data'.
2023-12-05 13:33:03,790 - rasterio._env - DEBUG - Started GDALEnv: self=<rasterio._env.GDALEnv object at 0x7f57ff992a40>.
2023-12-05 13:33:03,790 - rasterio.env - DEBUG - Entered env context: <rasterio.env.Env object at 0x7f57ff07c0a0>
2023-12-05 13:33:03,790 - rasterio._base - DEBUG - Sharing flag: 0
2023-12-05 13:33:04,020 - rasterio._base - DEBUG - Nodata success: 1, Nodata value: nan
2023-12-05 13:33:04,020 - rasterio._base - DEBUG - Dataset <open DatasetReader name='https://radar.bmkg.go.id/raster/radarsatelit_202312051330.tif' mode='r'> is started.
2023-12-05 13:33:04,020 - rasterio.env - DEBUG - Exiting env context: <rasterio.env.Env object at 0x7f57ff07c0a0>
2023-12-05 13:33:04,020 - rasterio.env - DEBUG - Cleared existing <rasterio._env.GDALEnv object at 0x7f57ff992a40> options
2023-12-05 13:33:04,020 - rasterio._env - DEBUG - Stopped GDALEnv <rasterio._env.GDALEnv object at 0x7f57ff992a40>.
2023-12-05 13:33:04,020 - rasterio.env - DEBUG - Exiting outermost env
2023-12-05 13:33:04,020 - rasterio.env - DEBUG - Exited env context: <rasterio.env.Env object at 0x7f57ff07c0a0>
2023-12-05 13:33:04,021 - rasterio.env - DEBUG - Entering env context: <rasterio.env.Env object at 0x7f57ff01c5b0>
2023-12-05 13:33:04,021 - rasterio.env - DEBUG - Starting outermost env
2023-12-05 13:33:04,021 - rasterio.env - DEBUG - No GDAL environment exists
2023-12-05 13:33:04,021 - rasterio.env - DEBUG - New GDAL environment <rasterio._env.GDALEnv object at 0x7f57ff992a40> created
2023-12-05 13:33:04,021 - rasterio._env - DEBUG - GDAL data found in package: path='/home/metpublic/PYTHON_VENV/present_weather/lib/python3.10/site-packages/rasterio/gdal_data'.
2023-12-05 13:33:04,021 - rasterio._env - DEBUG - PROJ data found in package: path='/home/metpublic/PYTHON_VENV/present_weather/lib/python3.10/site-packages/rasterio/proj_data'.
2023-12-05 13:33:04,021 - rasterio._env - DEBUG - Started GDALEnv: self=<rasterio._env.GDALEnv object at 0x7f57ff992a40>.
2023-12-05 13:33:04,022 - rasterio.env - DEBUG - Entered env context: <rasterio.env.Env object at 0x7f57ff01c5b0>
2023-12-05 13:33:04,022 - rasterio.env - DEBUG - Got a copy of environment <rasterio._env.GDALEnv object at 0x7f57ff992a40> options
2023-12-05 13:33:04,022 - rasterio.env - DEBUG - Entering env context: <rasterio.env.Env object at 0x7f57fc715420>
2023-12-05 13:33:04,022 - rasterio.env - DEBUG - Got a copy of environment <rasterio._env.GDALEnv object at 0x7f57ff992a40> options
2023-12-05 13:33:04,022 - rasterio.env - DEBUG - Entered env context: <rasterio.env.Env object at 0x7f57fc715420>
2023-12-05 13:33:04,022 - rasterio._base - DEBUG - Sharing flag: 0
2023-12-05 13:33:04,023 - rasterio._base - DEBUG - Nodata success: 1, Nodata value: nan
2023-12-05 13:33:04,023 - rasterio._base - DEBUG - Dataset <open DatasetReader name='https://radar.bmkg.go.id/raster/radarsatelit_202312051330.tif' mode='r'> is started.
2023-12-05 13:33:04,024 - rasterio.env - DEBUG - Exiting env context: <rasterio.env.Env object at 0x7f57fc715420>
2023-12-05 13:33:04,024 - rasterio.env - DEBUG - Cleared existing <rasterio._env.GDALEnv object at 0x7f57ff992a40> options
2023-12-05 13:33:04,024 - rasterio._env - DEBUG - Stopped GDALEnv <rasterio._env.GDALEnv object at 0x7f57ff992a40>.
2023-12-05 13:33:04,024 - rasterio.env - DEBUG - No GDAL environment exists
2023-12-05 13:33:04,024 - rasterio.env - DEBUG - New GDAL environment <rasterio._env.GDALEnv object at 0x7f57ff992a40> created
2023-12-05 13:33:04,024 - rasterio._env - DEBUG - GDAL data found in package: path='/home/metpublic/PYTHON_VENV/present_weather/lib/python3.10/site-packages/rasterio/gdal_data'.
2023-12-05 13:33:04,024 - rasterio._env - DEBUG - PROJ data found in package: path='/home/metpublic/PYTHON_VENV/present_weather/lib/python3.10/site-packages/rasterio/proj_data'.
2023-12-05 13:33:04,024 - rasterio._env - DEBUG - Started GDALEnv: self=<rasterio._env.GDALEnv object at 0x7f57ff992a40>.
2023-12-05 13:33:04,024 - rasterio.env - DEBUG - Exited env context: <rasterio.env.Env object at 0x7f57fc715420>
2023-12-05 13:33:04,041 - rasterio._io - DEBUG - Output nodata value read from file: nan
2023-12-05 13:33:04,042 - rasterio._io - DEBUG - Output nodata values: [nan]
2023-12-05 13:33:04,042 - rasterio._io - DEBUG - all_valid: False
2023-12-05 13:33:04,042 - rasterio._io - DEBUG - mask_flags: ([<MaskFlags.nodata: 8>],)
2023-12-05 13:33:04,042 - rasterio._io - DEBUG - Jump straight to _read()
2023-12-05 13:33:04,042 - rasterio._io - DEBUG - Window: Window(col_off=0, row_off=0, width=10177, height=3732)
2023-12-05 13:33:04,043 - rasterio._io - DEBUG - IO window xoff=0.0 yoff=0.0 width=10177.0 height=3732.0
2023-12-05 13:33:04,591 - rasterio.env - DEBUG - Exiting env context: <rasterio.env.Env object at 0x7f57ff01c5b0>
2023-12-05 13:33:04,591 - rasterio.env - DEBUG - Cleared existing <rasterio._env.GDALEnv object at 0x7f57ff992a40> options
2023-12-05 13:33:04,591 - rasterio._env - DEBUG - Stopped GDALEnv <rasterio._env.GDALEnv object at 0x7f57ff992a40>.
2023-12-05 13:33:04,591 - rasterio.env - DEBUG - Exiting outermost env
2023-12-05 13:33:04,591 - rasterio.env - DEBUG - Exited env context: <rasterio.env.Env object at 0x7f57ff01c5b0>
2023-12-05 13:37:32,657 - rasterio.env - DEBUG - Entering env context: <rasterio.env.Env object at 0x7f57fc403ac0>
2023-12-05 13:37:32,658 - rasterio.env - DEBUG - Starting outermost env
2023-12-05 13:37:32,658 - rasterio.env - DEBUG - No GDAL environment exists
2023-12-05 13:37:32,658 - rasterio.env - DEBUG - New GDAL environment <rasterio._env.GDALEnv object at 0x7f57fc403790> created
2023-12-05 13:37:32,658 - rasterio._env - DEBUG - GDAL data found in package: path='/home/metpublic/PYTHON_VENV/present_weather/lib/python3.10/site-packages/rasterio/gdal_data'.
2023-12-05 13:37:32,659 - rasterio._env - DEBUG - PROJ data found in package: path='/home/metpublic/PYTHON_VENV/present_weather/lib/python3.10/site-packages/rasterio/proj_data'.
2023-12-05 13:37:32,659 - rasterio._env - DEBUG - Started GDALEnv: self=<rasterio._env.GDALEnv object at 0x7f57fc403790>.
2023-12-05 13:37:32,659 - rasterio.env - DEBUG - Entered env context: <rasterio.env.Env object at 0x7f57fc403ac0>
2023-12-05 13:37:32,659 - rasterio._base - DEBUG - Sharing flag: 0
2023-12-05 13:37:32,661 - rasterio._base - DEBUG - Nodata success: 0, Nodata value: 0.000000
2023-12-05 13:37:32,661 - rasterio._base - DEBUG - Dataset <open DatasetReader name='/home/metpublic/TASK_RELEASE/EFAN/present_weather/src/H09_B13_Indonesia_20231205.Z1320.cor.tiff' mode='r'> is started.
2023-12-05 13:37:32,661 - rasterio.env - DEBUG - Exiting env context: <rasterio.env.Env object at 0x7f57fc403ac0>
2023-12-05 13:37:32,661 - rasterio.env - DEBUG - Cleared existing <rasterio._env.GDALEnv object at 0x7f57fc403790> options
2023-12-05 13:37:32,661 - rasterio._env - DEBUG - Stopped GDALEnv <rasterio._env.GDALEnv object at 0x7f57fc403790>.
2023-12-05 13:37:32,661 - rasterio.env - DEBUG - Exiting outermost env
2023-12-05 13:37:32,661 - rasterio.env - DEBUG - Exited env context: <rasterio.env.Env object at 0x7f57fc403ac0>
2023-12-05 13:37:32,662 - rasterio.env - DEBUG - Entering env context: <rasterio.env.Env object at 0x7f57fc5216c0>
2023-12-05 13:37:32,662 - rasterio.env - DEBUG - Starting outermost env
2023-12-05 13:37:32,662 - rasterio.env - DEBUG - No GDAL environment exists
2023-12-05 13:37:32,662 - rasterio.env - DEBUG - New GDAL environment <rasterio._env.GDALEnv object at 0x7f57fc520af0> created
2023-12-05 13:37:32,662 - rasterio._env - DEBUG - GDAL data found in package: path='/home/metpublic/PYTHON_VENV/present_weather/lib/python3.10/site-packages/rasterio/gdal_data'.
2023-12-05 13:37:32,662 - rasterio._env - DEBUG - PROJ data found in package: path='/home/metpublic/PYTHON_VENV/present_weather/lib/python3.10/site-packages/rasterio/proj_data'.
2023-12-05 13:37:32,663 - rasterio._env - DEBUG - Started GDALEnv: self=<rasterio._env.GDALEnv object at 0x7f57fc520af0>.
2023-12-05 13:37:32,663 - rasterio.env - DEBUG - Entered env context: <rasterio.env.Env object at 0x7f57fc5216c0>
2023-12-05 13:37:32,663 - rasterio._base - DEBUG - Sharing flag: 0
2023-12-05 13:37:32,664 - rasterio._base - DEBUG - Nodata success: 0, Nodata value: 0.000000
2023-12-05 13:37:32,664 - rasterio._base - DEBUG - Dataset <open DatasetReader name='/home/metpublic/TASK_RELEASE/EFAN/present_weather/src/H09_B13_Indonesia_20231205.Z1320.cor.tiff' mode='r'> is started.
2023-12-05 13:37:32,665 - rasterio.env - DEBUG - Exiting env context: <rasterio.env.Env object at 0x7f57fc5216c0>
2023-12-05 13:37:32,665 - rasterio.env - DEBUG - Cleared existing <rasterio._env.GDALEnv object at 0x7f57fc520af0> options
2023-12-05 13:37:32,665 - rasterio._env - DEBUG - Stopped GDALEnv <rasterio._env.GDALEnv object at 0x7f57fc520af0>.
2023-12-05 13:37:32,665 - rasterio.env - DEBUG - Exiting outermost env
2023-12-05 13:37:32,665 - rasterio.env - DEBUG - Exited env context: <rasterio.env.Env object at 0x7f57fc5216c0>
2023-12-05 13:37:32,678 - root - INFO - Generating present weather using SATELITE data
2023-12-05 13:39:39,547 - root - INFO - Total elapsed time: 0:06:37.311526
