2023-11-15 10:40:03,760 - root - INFO - Initiating present weather
2023-11-15 10:40:03,764 - urllib3.connectionpool - DEBUG - Starting new HTTPS connection (1): radar.bmkg.go.id:8060
2023-11-15 10:40:03,841 - urllib3.connectionpool - DEBUG - https://radar.bmkg.go.id:8060 "GET /getRadarGeotif?token=19387e71e78522ae4172ec0fda640983b8438c9cfa0ca571623cb69d8327&radar=amandemenForecast&type=latest HTTP/1.1" 200 90
2023-11-15 10:40:03,843 - rasterio.env - DEBUG - Entering env context: <rasterio.env.Env object at 0x7f3cd218acc0>
2023-11-15 10:40:03,844 - rasterio.env - DEBUG - Starting outermost env
2023-11-15 10:40:03,845 - rasterio.env - DEBUG - No GDAL environment exists
2023-11-15 10:40:03,845 - rasterio.env - DEBUG - New GDAL environment <rasterio._env.GDALEnv object at 0x7f3c90f6e560> created
2023-11-15 10:40:03,849 - rasterio._filepath - DEBUG - Installing FilePath filesystem handler plugin...
2023-11-15 10:40:03,849 - rasterio._env - DEBUG - GDAL data found in package: path='/home/swx/miniconda3/envs/present_weather/lib/python3.12/site-packages/rasterio/gdal_data'.
2023-11-15 10:40:03,849 - rasterio._env - DEBUG - PROJ_LIB found in environment.
2023-11-15 10:40:03,849 - rasterio._env - DEBUG - Started GDALEnv: self=<rasterio._env.GDALEnv object at 0x7f3c90f6e560>.
2023-11-15 10:40:03,850 - rasterio.env - DEBUG - Entered env context: <rasterio.env.Env object at 0x7f3cd218acc0>
2023-11-15 10:40:03,850 - rasterio._base - DEBUG - Sharing flag: 0
2023-11-15 10:40:04,046 - rasterio._base - DEBUG - Nodata success: 1, Nodata value: nan
2023-11-15 10:40:04,047 - rasterio._base - DEBUG - Dataset <open DatasetReader name='https://radar.bmkg.go.id/raster/radarsatelit_202311151030.tif' mode='r'> is started.
2023-11-15 10:40:04,047 - rasterio.env - DEBUG - Exiting env context: <rasterio.env.Env object at 0x7f3cd218acc0>
2023-11-15 10:40:04,047 - rasterio.env - DEBUG - Cleared existing <rasterio._env.GDALEnv object at 0x7f3c90f6e560> options
2023-11-15 10:40:04,047 - rasterio._env - DEBUG - Stopped GDALEnv <rasterio._env.GDALEnv object at 0x7f3c90f6e560>.
2023-11-15 10:40:04,047 - rasterio.env - DEBUG - Exiting outermost env
2023-11-15 10:40:04,048 - rasterio.env - DEBUG - Exited env context: <rasterio.env.Env object at 0x7f3cd218acc0>
2023-11-15 10:40:04,048 - rasterio.env - DEBUG - Entering env context: <rasterio.env.Env object at 0x7f3cd25e7e00>
2023-11-15 10:40:04,048 - rasterio.env - DEBUG - Starting outermost env
2023-11-15 10:40:04,048 - rasterio.env - DEBUG - No GDAL environment exists
2023-11-15 10:40:04,048 - rasterio.env - DEBUG - New GDAL environment <rasterio._env.GDALEnv object at 0x7f3c90f6e560> created
2023-11-15 10:40:04,049 - rasterio._env - DEBUG - GDAL data found in package: path='/home/swx/miniconda3/envs/present_weather/lib/python3.12/site-packages/rasterio/gdal_data'.
2023-11-15 10:40:04,049 - rasterio._env - DEBUG - PROJ_LIB found in environment.
2023-11-15 10:40:04,049 - rasterio._env - DEBUG - Started GDALEnv: self=<rasterio._env.GDALEnv object at 0x7f3c90f6e560>.
2023-11-15 10:40:04,049 - rasterio.env - DEBUG - Entered env context: <rasterio.env.Env object at 0x7f3cd25e7e00>
2023-11-15 10:40:04,050 - rasterio.env - DEBUG - Got a copy of environment <rasterio._env.GDALEnv object at 0x7f3c90f6e560> options
2023-11-15 10:40:04,050 - rasterio.env - DEBUG - Entering env context: <rasterio.env.Env object at 0x7f3cf3ad8950>
2023-11-15 10:40:04,050 - rasterio.env - DEBUG - Got a copy of environment <rasterio._env.GDALEnv object at 0x7f3c90f6e560> options
2023-11-15 10:40:04,050 - rasterio.env - DEBUG - Entered env context: <rasterio.env.Env object at 0x7f3cf3ad8950>
2023-11-15 10:40:04,050 - rasterio._base - DEBUG - Sharing flag: 0
2023-11-15 10:40:04,051 - rasterio._base - DEBUG - Nodata success: 1, Nodata value: nan
2023-11-15 10:40:04,051 - rasterio._base - DEBUG - Dataset <open DatasetReader name='https://radar.bmkg.go.id/raster/radarsatelit_202311151030.tif' mode='r'> is started.
2023-11-15 10:40:04,052 - rasterio.env - DEBUG - Exiting env context: <rasterio.env.Env object at 0x7f3cf3ad8950>
2023-11-15 10:40:04,052 - rasterio.env - DEBUG - Cleared existing <rasterio._env.GDALEnv object at 0x7f3c90f6e560> options
2023-11-15 10:40:04,052 - rasterio._env - DEBUG - Stopped GDALEnv <rasterio._env.GDALEnv object at 0x7f3c90f6e560>.
2023-11-15 10:40:04,052 - rasterio.env - DEBUG - No GDAL environment exists
2023-11-15 10:40:04,052 - rasterio.env - DEBUG - New GDAL environment <rasterio._env.GDALEnv object at 0x7f3c90f6e560> created
2023-11-15 10:40:04,053 - rasterio._env - DEBUG - GDAL data found in package: path='/home/swx/miniconda3/envs/present_weather/lib/python3.12/site-packages/rasterio/gdal_data'.
2023-11-15 10:40:04,053 - rasterio._env - DEBUG - PROJ_LIB found in environment.
2023-11-15 10:40:04,053 - rasterio._env - DEBUG - Started GDALEnv: self=<rasterio._env.GDALEnv object at 0x7f3c90f6e560>.
2023-11-15 10:40:04,053 - rasterio.env - DEBUG - Exited env context: <rasterio.env.Env object at 0x7f3cf3ad8950>
2023-11-15 10:40:04,084 - rasterio._io - DEBUG - Output nodata value read from file: nan
2023-11-15 10:40:04,084 - rasterio._io - DEBUG - Output nodata values: [nan]
2023-11-15 10:40:04,084 - rasterio._io - DEBUG - all_valid: False
2023-11-15 10:40:04,084 - rasterio._io - DEBUG - mask_flags: ([<MaskFlags.nodata: 8>],)
2023-11-15 10:40:04,085 - rasterio._io - DEBUG - Jump straight to _read()
2023-11-15 10:40:04,085 - rasterio._io - DEBUG - Window: Window(col_off=0, row_off=0, width=10215, height=3792)
2023-11-15 10:40:04,085 - rasterio._io - DEBUG - IO window xoff=0.0 yoff=0.0 width=10215.0 height=3792.0
2023-11-15 10:40:04,819 - rasterio.env - DEBUG - Exiting env context: <rasterio.env.Env object at 0x7f3cd25e7e00>
2023-11-15 10:40:04,819 - rasterio.env - DEBUG - Cleared existing <rasterio._env.GDALEnv object at 0x7f3c90f6e560> options
2023-11-15 10:40:04,819 - rasterio._env - DEBUG - Stopped GDALEnv <rasterio._env.GDALEnv object at 0x7f3c90f6e560>.
2023-11-15 10:40:04,819 - rasterio.env - DEBUG - Exiting outermost env
2023-11-15 10:40:04,819 - rasterio.env - DEBUG - Exited env context: <rasterio.env.Env object at 0x7f3cd25e7e00>
2023-11-15 10:40:04,822 - urllib3.connectionpool - DEBUG - Starting new HTTPS connection (1): radar.bmkg.go.id:8060
2023-11-15 10:40:04,929 - urllib3.connectionpool - DEBUG - https://radar.bmkg.go.id:8060 "GET /getLatestLD?typeData=1 HTTP/1.1" 200 97566
2023-11-15 10:40:04,982 - asyncio - DEBUG - Using selector: EpollSelector
2023-11-15 10:40:11,668 - root - INFO - dask.bag<lambda, npartitions=34>
2023-11-15 10:59:34,432 - root - INFO - Total elapsed time: 0:19:30.673122
