2023-12-23 12:23:02,573 - root - INFO - Initiating present weather
2023-12-23 12:23:02,575 - asyncio - DEBUG - Using selector: EpollSelector
2023-12-23 12:23:04,256 - urllib3.connectionpool - DEBUG - Starting new HTTPS connection (1): radar.bmkg.go.id:8060
2023-12-23 12:23:04,269 - urllib3.connectionpool - DEBUG - https://radar.bmkg.go.id:8060 "GET /getLatestLD?typeData=1 HTTP/1.1" 200 62
2023-12-23 12:23:04,271 - urllib3.connectionpool - DEBUG - Starting new HTTPS connection (1): radar.bmkg.go.id:8060
2023-12-23 12:23:04,291 - urllib3.connectionpool - DEBUG - https://radar.bmkg.go.id:8060 "GET /getRadarGeotif?token=19387e71e78522ae4172ec0fda640983b8438c9cfa0ca571623cb69d8327&radar=amandemenForecast&type=latest HTTP/1.1" 200 90
2023-12-23 12:23:04,292 - rasterio.env - DEBUG - Entering env context: <rasterio.env.Env object at 0x7fb0c65d5600>
2023-12-23 12:23:04,292 - rasterio.env - DEBUG - Starting outermost env
2023-12-23 12:23:04,292 - rasterio.env - DEBUG - No GDAL environment exists
2023-12-23 12:23:04,293 - rasterio.env - DEBUG - New GDAL environment <rasterio._env.GDALEnv object at 0x7fb0c65d6b60> created
2023-12-23 12:23:04,295 - rasterio._filepath - DEBUG - Installing FilePath filesystem handler plugin...
2023-12-23 12:23:04,295 - rasterio._env - DEBUG - GDAL data found in package: path='/home/metpublic/PYTHON_VENV/present_weather/lib/python3.10/site-packages/rasterio/gdal_data'.
2023-12-23 12:23:04,296 - rasterio._env - DEBUG - PROJ data found in package: path='/home/metpublic/PYTHON_VENV/present_weather/lib/python3.10/site-packages/rasterio/proj_data'.
2023-12-23 12:23:04,296 - rasterio._env - DEBUG - Started GDALEnv: self=<rasterio._env.GDALEnv object at 0x7fb0c65d6b60>.
2023-12-23 12:23:04,296 - rasterio.env - DEBUG - Entered env context: <rasterio.env.Env object at 0x7fb0c65d5600>
2023-12-23 12:23:04,296 - rasterio._base - DEBUG - Sharing flag: 0
2023-12-23 12:23:04,642 - rasterio._base - DEBUG - Nodata success: 1, Nodata value: nan
2023-12-23 12:23:04,642 - rasterio._base - DEBUG - Dataset <open DatasetReader name='https://radar.bmkg.go.id/raster/radarsatelit_202312231150.tif' mode='r'> is started.
2023-12-23 12:23:04,643 - rasterio.env - DEBUG - Exiting env context: <rasterio.env.Env object at 0x7fb0c65d5600>
2023-12-23 12:23:04,643 - rasterio.env - DEBUG - Cleared existing <rasterio._env.GDALEnv object at 0x7fb0c65d6b60> options
2023-12-23 12:23:04,643 - rasterio._env - DEBUG - Stopped GDALEnv <rasterio._env.GDALEnv object at 0x7fb0c65d6b60>.
2023-12-23 12:23:04,643 - rasterio.env - DEBUG - Exiting outermost env
2023-12-23 12:23:04,643 - rasterio.env - DEBUG - Exited env context: <rasterio.env.Env object at 0x7fb0c65d5600>
2023-12-23 12:23:04,643 - rasterio.env - DEBUG - Entering env context: <rasterio.env.Env object at 0x7fb0c65d5510>
2023-12-23 12:23:04,643 - rasterio.env - DEBUG - Starting outermost env
2023-12-23 12:23:04,643 - rasterio.env - DEBUG - No GDAL environment exists
2023-12-23 12:23:04,643 - rasterio.env - DEBUG - New GDAL environment <rasterio._env.GDALEnv object at 0x7fb0c65d6b60> created
2023-12-23 12:23:04,644 - rasterio._env - DEBUG - GDAL data found in package: path='/home/metpublic/PYTHON_VENV/present_weather/lib/python3.10/site-packages/rasterio/gdal_data'.
2023-12-23 12:23:04,644 - rasterio._env - DEBUG - PROJ data found in package: path='/home/metpublic/PYTHON_VENV/present_weather/lib/python3.10/site-packages/rasterio/proj_data'.
2023-12-23 12:23:04,644 - rasterio._env - DEBUG - Started GDALEnv: self=<rasterio._env.GDALEnv object at 0x7fb0c65d6b60>.
2023-12-23 12:23:04,645 - rasterio.env - DEBUG - Entered env context: <rasterio.env.Env object at 0x7fb0c65d5510>
2023-12-23 12:23:04,645 - rasterio.env - DEBUG - Got a copy of environment <rasterio._env.GDALEnv object at 0x7fb0c65d6b60> options
2023-12-23 12:23:04,645 - rasterio.env - DEBUG - Entering env context: <rasterio.env.Env object at 0x7fb0c4397250>
2023-12-23 12:23:04,645 - rasterio.env - DEBUG - Got a copy of environment <rasterio._env.GDALEnv object at 0x7fb0c65d6b60> options
2023-12-23 12:23:04,645 - rasterio.env - DEBUG - Entered env context: <rasterio.env.Env object at 0x7fb0c4397250>
2023-12-23 12:23:04,645 - rasterio._base - DEBUG - Sharing flag: 0
2023-12-23 12:23:04,646 - rasterio._base - DEBUG - Nodata success: 1, Nodata value: nan
2023-12-23 12:23:04,646 - rasterio._base - DEBUG - Dataset <open DatasetReader name='https://radar.bmkg.go.id/raster/radarsatelit_202312231150.tif' mode='r'> is started.
2023-12-23 12:23:04,646 - rasterio.env - DEBUG - Exiting env context: <rasterio.env.Env object at 0x7fb0c4397250>
2023-12-23 12:23:04,646 - rasterio.env - DEBUG - Cleared existing <rasterio._env.GDALEnv object at 0x7fb0c65d6b60> options
2023-12-23 12:23:04,646 - rasterio._env - DEBUG - Stopped GDALEnv <rasterio._env.GDALEnv object at 0x7fb0c65d6b60>.
2023-12-23 12:23:04,647 - rasterio.env - DEBUG - No GDAL environment exists
2023-12-23 12:23:04,647 - rasterio.env - DEBUG - New GDAL environment <rasterio._env.GDALEnv object at 0x7fb0c65d6b60> created
2023-12-23 12:23:04,647 - rasterio._env - DEBUG - GDAL data found in package: path='/home/metpublic/PYTHON_VENV/present_weather/lib/python3.10/site-packages/rasterio/gdal_data'.
2023-12-23 12:23:04,647 - rasterio._env - DEBUG - PROJ data found in package: path='/home/metpublic/PYTHON_VENV/present_weather/lib/python3.10/site-packages/rasterio/proj_data'.
2023-12-23 12:23:04,647 - rasterio._env - DEBUG - Started GDALEnv: self=<rasterio._env.GDALEnv object at 0x7fb0c65d6b60>.
2023-12-23 12:23:04,647 - rasterio.env - DEBUG - Exited env context: <rasterio.env.Env object at 0x7fb0c4397250>
2023-12-23 12:23:04,663 - rasterio._io - DEBUG - Output nodata value read from file: nan
2023-12-23 12:23:04,663 - rasterio._io - DEBUG - Output nodata values: [nan]
2023-12-23 12:23:04,664 - rasterio._io - DEBUG - all_valid: False
2023-12-23 12:23:04,664 - rasterio._io - DEBUG - mask_flags: ([<MaskFlags.nodata: 8>],)
2023-12-23 12:23:04,664 - rasterio._io - DEBUG - Jump straight to _read()
2023-12-23 12:23:04,664 - rasterio._io - DEBUG - Window: Window(col_off=0, row_off=0, width=10215, height=3792)
2023-12-23 12:23:04,664 - rasterio._io - DEBUG - IO window xoff=0.0 yoff=0.0 width=10215.0 height=3792.0
2023-12-23 12:23:05,241 - rasterio.env - DEBUG - Exiting env context: <rasterio.env.Env object at 0x7fb0c65d5510>
2023-12-23 12:23:05,242 - rasterio.env - DEBUG - Cleared existing <rasterio._env.GDALEnv object at 0x7fb0c65d6b60> options
2023-12-23 12:23:05,242 - rasterio._env - DEBUG - Stopped GDALEnv <rasterio._env.GDALEnv object at 0x7fb0c65d6b60>.
2023-12-23 12:23:05,242 - rasterio.env - DEBUG - Exiting outermost env
2023-12-23 12:23:05,242 - rasterio.env - DEBUG - Exited env context: <rasterio.env.Env object at 0x7fb0c65d5510>
2023-12-23 12:23:05,244 - urllib3.connectionpool - DEBUG - Starting new HTTPS connection (1): radar.bmkg.go.id:8060
2023-12-23 12:23:05,365 - urllib3.connectionpool - DEBUG - https://radar.bmkg.go.id:8060 "GET /getRadarGeotif?token=19387e71e78522ae4172ec0fda640983b8438c9cfa0ca571623cb69d8327&radar=amandemenForecastRadarMosaic&type=latest HTTP/1.1" 200 84
2023-12-23 12:23:05,365 - rasterio.env - DEBUG - Entering env context: <rasterio.env.Env object at 0x7fb0c65fcc70>
2023-12-23 12:23:05,366 - rasterio.env - DEBUG - Starting outermost env
2023-12-23 12:23:05,366 - rasterio.env - DEBUG - No GDAL environment exists
2023-12-23 12:23:05,366 - rasterio.env - DEBUG - New GDAL environment <rasterio._env.GDALEnv object at 0x7fb0c65d5510> created
2023-12-23 12:23:05,366 - rasterio._env - DEBUG - GDAL data found in package: path='/home/metpublic/PYTHON_VENV/present_weather/lib/python3.10/site-packages/rasterio/gdal_data'.
2023-12-23 12:23:05,366 - rasterio._env - DEBUG - PROJ data found in package: path='/home/metpublic/PYTHON_VENV/present_weather/lib/python3.10/site-packages/rasterio/proj_data'.
2023-12-23 12:23:05,366 - rasterio._env - DEBUG - Started GDALEnv: self=<rasterio._env.GDALEnv object at 0x7fb0c65d5510>.
2023-12-23 12:23:05,367 - rasterio.env - DEBUG - Entered env context: <rasterio.env.Env object at 0x7fb0c65fcc70>
2023-12-23 12:23:05,367 - rasterio._base - DEBUG - Sharing flag: 0
2023-12-23 12:23:05,372 - rasterio._base - DEBUG - Nodata success: 1, Nodata value: nan
2023-12-23 12:23:05,372 - rasterio._base - DEBUG - Dataset <open DatasetReader name='https://radar.bmkg.go.id/raster/mosaic_202312231220.tif' mode='r'> is started.
2023-12-23 12:23:05,372 - rasterio.env - DEBUG - Exiting env context: <rasterio.env.Env object at 0x7fb0c65fcc70>
2023-12-23 12:23:05,372 - rasterio.env - DEBUG - Cleared existing <rasterio._env.GDALEnv object at 0x7fb0c65d5510> options
2023-12-23 12:23:05,372 - rasterio._env - DEBUG - Stopped GDALEnv <rasterio._env.GDALEnv object at 0x7fb0c65d5510>.
2023-12-23 12:23:05,372 - rasterio.env - DEBUG - Exiting outermost env
2023-12-23 12:23:05,372 - rasterio.env - DEBUG - Exited env context: <rasterio.env.Env object at 0x7fb0c65fcc70>
2023-12-23 12:23:05,372 - rasterio.env - DEBUG - Entering env context: <rasterio.env.Env object at 0x7fb0c65fc6d0>
2023-12-23 12:23:05,372 - rasterio.env - DEBUG - Starting outermost env
2023-12-23 12:23:05,372 - rasterio.env - DEBUG - No GDAL environment exists
2023-12-23 12:23:05,372 - rasterio.env - DEBUG - New GDAL environment <rasterio._env.GDALEnv object at 0x7fb0c65d5510> created
2023-12-23 12:23:05,373 - rasterio._env - DEBUG - GDAL data found in package: path='/home/metpublic/PYTHON_VENV/present_weather/lib/python3.10/site-packages/rasterio/gdal_data'.
2023-12-23 12:23:05,373 - rasterio._env - DEBUG - PROJ data found in package: path='/home/metpublic/PYTHON_VENV/present_weather/lib/python3.10/site-packages/rasterio/proj_data'.
2023-12-23 12:23:05,373 - rasterio._env - DEBUG - Started GDALEnv: self=<rasterio._env.GDALEnv object at 0x7fb0c65d5510>.
2023-12-23 12:23:05,373 - rasterio.env - DEBUG - Entered env context: <rasterio.env.Env object at 0x7fb0c65fc6d0>
2023-12-23 12:23:05,373 - rasterio.env - DEBUG - Got a copy of environment <rasterio._env.GDALEnv object at 0x7fb0c65d5510> options
2023-12-23 12:23:05,373 - rasterio.env - DEBUG - Entering env context: <rasterio.env.Env object at 0x7fb0c4396500>
2023-12-23 12:23:05,373 - rasterio.env - DEBUG - Got a copy of environment <rasterio._env.GDALEnv object at 0x7fb0c65d5510> options
2023-12-23 12:23:05,374 - rasterio.env - DEBUG - Entered env context: <rasterio.env.Env object at 0x7fb0c4396500>
2023-12-23 12:23:05,374 - rasterio._base - DEBUG - Sharing flag: 0
2023-12-23 12:23:05,374 - rasterio._base - DEBUG - Nodata success: 1, Nodata value: nan
2023-12-23 12:23:05,374 - rasterio._base - DEBUG - Dataset <open DatasetReader name='https://radar.bmkg.go.id/raster/mosaic_202312231220.tif' mode='r'> is started.
2023-12-23 12:23:05,374 - rasterio.env - DEBUG - Exiting env context: <rasterio.env.Env object at 0x7fb0c4396500>
2023-12-23 12:23:05,374 - rasterio.env - DEBUG - Cleared existing <rasterio._env.GDALEnv object at 0x7fb0c65d5510> options
2023-12-23 12:23:05,375 - rasterio._env - DEBUG - Stopped GDALEnv <rasterio._env.GDALEnv object at 0x7fb0c65d5510>.
2023-12-23 12:23:05,375 - rasterio.env - DEBUG - No GDAL environment exists
2023-12-23 12:23:05,375 - rasterio.env - DEBUG - New GDAL environment <rasterio._env.GDALEnv object at 0x7fb0c65d5510> created
2023-12-23 12:23:05,375 - rasterio._env - DEBUG - GDAL data found in package: path='/home/metpublic/PYTHON_VENV/present_weather/lib/python3.10/site-packages/rasterio/gdal_data'.
2023-12-23 12:23:05,375 - rasterio._env - DEBUG - PROJ data found in package: path='/home/metpublic/PYTHON_VENV/present_weather/lib/python3.10/site-packages/rasterio/proj_data'.
2023-12-23 12:23:05,375 - rasterio._env - DEBUG - Started GDALEnv: self=<rasterio._env.GDALEnv object at 0x7fb0c65d5510>.
2023-12-23 12:23:05,375 - rasterio.env - DEBUG - Exited env context: <rasterio.env.Env object at 0x7fb0c4396500>
2023-12-23 12:23:05,384 - rasterio._io - DEBUG - Output nodata value read from file: nan
2023-12-23 12:23:05,384 - rasterio._io - DEBUG - Output nodata values: [nan]
2023-12-23 12:23:05,385 - rasterio._io - DEBUG - all_valid: False
2023-12-23 12:23:05,385 - rasterio._io - DEBUG - mask_flags: ([<MaskFlags.nodata: 8>],)
2023-12-23 12:23:05,385 - rasterio._io - DEBUG - Jump straight to _read()
2023-12-23 12:23:05,385 - rasterio._io - DEBUG - Window: Window(col_off=0, row_off=0, width=10215, height=3792)
2023-12-23 12:23:05,385 - rasterio._io - DEBUG - IO window xoff=0.0 yoff=0.0 width=10215.0 height=3792.0
2023-12-23 12:23:10,209 - rasterio.env - DEBUG - Exiting env context: <rasterio.env.Env object at 0x7fb0c65fc6d0>
2023-12-23 12:23:10,209 - rasterio.env - DEBUG - Cleared existing <rasterio._env.GDALEnv object at 0x7fb0c65d5510> options
2023-12-23 12:23:10,209 - rasterio._env - DEBUG - Stopped GDALEnv <rasterio._env.GDALEnv object at 0x7fb0c65d5510>.
2023-12-23 12:23:10,209 - rasterio.env - DEBUG - Exiting outermost env
2023-12-23 12:23:10,209 - rasterio.env - DEBUG - Exited env context: <rasterio.env.Env object at 0x7fb0c65fc6d0>
2023-12-23 12:30:10,693 - root - INFO - Total elapsed time: 0:07:08.121184
