2023-12-05 19:23:02,397 - root - INFO - Initiating present weather
2023-12-05 19:23:02,400 - asyncio - DEBUG - Using selector: EpollSelector
2023-12-05 19:23:03,936 - urllib3.connectionpool - DEBUG - Starting new HTTPS connection (1): radar.bmkg.go.id:8060
2023-12-05 19:23:03,952 - urllib3.connectionpool - DEBUG - https://radar.bmkg.go.id:8060 "GET /getLatestLD?typeData=1 HTTP/1.1" 200 62
2023-12-05 19:23:03,954 - urllib3.connectionpool - DEBUG - Starting new HTTPS connection (1): radar.bmkg.go.id:8060
2023-12-05 19:23:03,972 - urllib3.connectionpool - DEBUG - https://radar.bmkg.go.id:8060 "GET /getRadarGeotif?token=19387e71e78522ae4172ec0fda640983b8438c9cfa0ca571623cb69d8327&radar=amandemenForecast&type=latest HTTP/1.1" 200 90
2023-12-05 19:23:03,973 - rasterio.env - DEBUG - Entering env context: <rasterio.env.Env object at 0x7f5ad38a8610>
2023-12-05 19:23:03,973 - rasterio.env - DEBUG - Starting outermost env
2023-12-05 19:23:03,974 - rasterio.env - DEBUG - No GDAL environment exists
2023-12-05 19:23:03,974 - rasterio.env - DEBUG - New GDAL environment <rasterio._env.GDALEnv object at 0x7f5ad421ea10> created
2023-12-05 19:23:03,977 - rasterio._filepath - DEBUG - Installing FilePath filesystem handler plugin...
2023-12-05 19:23:03,977 - rasterio._env - DEBUG - GDAL data found in package: path='/home/metpublic/PYTHON_VENV/present_weather/lib/python3.10/site-packages/rasterio/gdal_data'.
2023-12-05 19:23:03,978 - rasterio._env - DEBUG - PROJ data found in package: path='/home/metpublic/PYTHON_VENV/present_weather/lib/python3.10/site-packages/rasterio/proj_data'.
2023-12-05 19:23:03,978 - rasterio._env - DEBUG - Started GDALEnv: self=<rasterio._env.GDALEnv object at 0x7f5ad421ea10>.
2023-12-05 19:23:03,978 - rasterio.env - DEBUG - Entered env context: <rasterio.env.Env object at 0x7f5ad38a8610>
2023-12-05 19:23:03,978 - rasterio._base - DEBUG - Sharing flag: 0
2023-12-05 19:23:04,216 - rasterio._base - DEBUG - Nodata success: 1, Nodata value: nan
2023-12-05 19:23:04,216 - rasterio._base - DEBUG - Dataset <open DatasetReader name='https://radar.bmkg.go.id/raster/radarsatelit_202312051910.tif' mode='r'> is started.
2023-12-05 19:23:04,217 - rasterio.env - DEBUG - Exiting env context: <rasterio.env.Env object at 0x7f5ad38a8610>
2023-12-05 19:23:04,217 - rasterio.env - DEBUG - Cleared existing <rasterio._env.GDALEnv object at 0x7f5ad421ea10> options
2023-12-05 19:23:04,217 - rasterio._env - DEBUG - Stopped GDALEnv <rasterio._env.GDALEnv object at 0x7f5ad421ea10>.
2023-12-05 19:23:04,217 - rasterio.env - DEBUG - Exiting outermost env
2023-12-05 19:23:04,217 - rasterio.env - DEBUG - Exited env context: <rasterio.env.Env object at 0x7f5ad38a8610>
2023-12-05 19:23:04,217 - rasterio.env - DEBUG - Entering env context: <rasterio.env.Env object at 0x7f5ab0f1b9a0>
2023-12-05 19:23:04,217 - rasterio.env - DEBUG - Starting outermost env
2023-12-05 19:23:04,217 - rasterio.env - DEBUG - No GDAL environment exists
2023-12-05 19:23:04,217 - rasterio.env - DEBUG - New GDAL environment <rasterio._env.GDALEnv object at 0x7f5ad421ea10> created
2023-12-05 19:23:04,218 - rasterio._env - DEBUG - GDAL data found in package: path='/home/metpublic/PYTHON_VENV/present_weather/lib/python3.10/site-packages/rasterio/gdal_data'.
2023-12-05 19:23:04,218 - rasterio._env - DEBUG - PROJ data found in package: path='/home/metpublic/PYTHON_VENV/present_weather/lib/python3.10/site-packages/rasterio/proj_data'.
2023-12-05 19:23:04,218 - rasterio._env - DEBUG - Started GDALEnv: self=<rasterio._env.GDALEnv object at 0x7f5ad421ea10>.
2023-12-05 19:23:04,218 - rasterio.env - DEBUG - Entered env context: <rasterio.env.Env object at 0x7f5ab0f1b9a0>
2023-12-05 19:23:04,219 - rasterio.env - DEBUG - Got a copy of environment <rasterio._env.GDALEnv object at 0x7f5ad421ea10> options
2023-12-05 19:23:04,219 - rasterio.env - DEBUG - Entering env context: <rasterio.env.Env object at 0x7f5ab0659ea0>
2023-12-05 19:23:04,219 - rasterio.env - DEBUG - Got a copy of environment <rasterio._env.GDALEnv object at 0x7f5ad421ea10> options
2023-12-05 19:23:04,219 - rasterio.env - DEBUG - Entered env context: <rasterio.env.Env object at 0x7f5ab0659ea0>
2023-12-05 19:23:04,219 - rasterio._base - DEBUG - Sharing flag: 0
2023-12-05 19:23:04,220 - rasterio._base - DEBUG - Nodata success: 1, Nodata value: nan
2023-12-05 19:23:04,220 - rasterio._base - DEBUG - Dataset <open DatasetReader name='https://radar.bmkg.go.id/raster/radarsatelit_202312051910.tif' mode='r'> is started.
2023-12-05 19:23:04,220 - rasterio.env - DEBUG - Exiting env context: <rasterio.env.Env object at 0x7f5ab0659ea0>
2023-12-05 19:23:04,220 - rasterio.env - DEBUG - Cleared existing <rasterio._env.GDALEnv object at 0x7f5ad421ea10> options
2023-12-05 19:23:04,220 - rasterio._env - DEBUG - Stopped GDALEnv <rasterio._env.GDALEnv object at 0x7f5ad421ea10>.
2023-12-05 19:23:04,220 - rasterio.env - DEBUG - No GDAL environment exists
2023-12-05 19:23:04,220 - rasterio.env - DEBUG - New GDAL environment <rasterio._env.GDALEnv object at 0x7f5ad421ea10> created
2023-12-05 19:23:04,221 - rasterio._env - DEBUG - GDAL data found in package: path='/home/metpublic/PYTHON_VENV/present_weather/lib/python3.10/site-packages/rasterio/gdal_data'.
2023-12-05 19:23:04,221 - rasterio._env - DEBUG - PROJ data found in package: path='/home/metpublic/PYTHON_VENV/present_weather/lib/python3.10/site-packages/rasterio/proj_data'.
2023-12-05 19:23:04,221 - rasterio._env - DEBUG - Started GDALEnv: self=<rasterio._env.GDALEnv object at 0x7f5ad421ea10>.
2023-12-05 19:23:04,221 - rasterio.env - DEBUG - Exited env context: <rasterio.env.Env object at 0x7f5ab0659ea0>
2023-12-05 19:23:04,238 - rasterio._io - DEBUG - Output nodata value read from file: nan
2023-12-05 19:23:04,239 - rasterio._io - DEBUG - Output nodata values: [nan]
2023-12-05 19:23:04,239 - rasterio._io - DEBUG - all_valid: False
2023-12-05 19:23:04,239 - rasterio._io - DEBUG - mask_flags: ([<MaskFlags.nodata: 8>],)
2023-12-05 19:23:04,239 - rasterio._io - DEBUG - Jump straight to _read()
2023-12-05 19:23:04,239 - rasterio._io - DEBUG - Window: Window(col_off=0, row_off=0, width=10177, height=3732)
2023-12-05 19:23:04,240 - rasterio._io - DEBUG - IO window xoff=0.0 yoff=0.0 width=10177.0 height=3732.0
2023-12-05 19:23:04,805 - rasterio.env - DEBUG - Exiting env context: <rasterio.env.Env object at 0x7f5ab0f1b9a0>
2023-12-05 19:23:04,806 - rasterio.env - DEBUG - Cleared existing <rasterio._env.GDALEnv object at 0x7f5ad421ea10> options
2023-12-05 19:23:04,806 - rasterio._env - DEBUG - Stopped GDALEnv <rasterio._env.GDALEnv object at 0x7f5ad421ea10>.
2023-12-05 19:23:04,806 - rasterio.env - DEBUG - Exiting outermost env
2023-12-05 19:23:04,806 - rasterio.env - DEBUG - Exited env context: <rasterio.env.Env object at 0x7f5ab0f1b9a0>
2023-12-05 19:27:50,946 - rasterio.env - DEBUG - Entering env context: <rasterio.env.Env object at 0x7f5ab06f2260>
2023-12-05 19:27:50,947 - rasterio.env - DEBUG - Starting outermost env
2023-12-05 19:27:50,947 - rasterio.env - DEBUG - No GDAL environment exists
2023-12-05 19:27:50,947 - rasterio.env - DEBUG - New GDAL environment <rasterio._env.GDALEnv object at 0x7f5ab06f1cc0> created
2023-12-05 19:27:50,948 - rasterio._env - DEBUG - GDAL data found in package: path='/home/metpublic/PYTHON_VENV/present_weather/lib/python3.10/site-packages/rasterio/gdal_data'.
2023-12-05 19:27:50,948 - rasterio._env - DEBUG - PROJ data found in package: path='/home/metpublic/PYTHON_VENV/present_weather/lib/python3.10/site-packages/rasterio/proj_data'.
2023-12-05 19:27:50,948 - rasterio._env - DEBUG - Started GDALEnv: self=<rasterio._env.GDALEnv object at 0x7f5ab06f1cc0>.
2023-12-05 19:27:50,948 - rasterio.env - DEBUG - Entered env context: <rasterio.env.Env object at 0x7f5ab06f2260>
2023-12-05 19:27:50,948 - rasterio._base - DEBUG - Sharing flag: 0
2023-12-05 19:27:50,950 - rasterio._base - DEBUG - Nodata success: 0, Nodata value: 0.000000
2023-12-05 19:27:50,950 - rasterio._base - DEBUG - Dataset <open DatasetReader name='/home/metpublic/TASK_RELEASE/EFAN/present_weather/src/H09_B13_Indonesia_20231205.Z1910.cor.tiff' mode='r'> is started.
2023-12-05 19:27:50,950 - rasterio.env - DEBUG - Exiting env context: <rasterio.env.Env object at 0x7f5ab06f2260>
2023-12-05 19:27:50,950 - rasterio.env - DEBUG - Cleared existing <rasterio._env.GDALEnv object at 0x7f5ab06f1cc0> options
2023-12-05 19:27:50,950 - rasterio._env - DEBUG - Stopped GDALEnv <rasterio._env.GDALEnv object at 0x7f5ab06f1cc0>.
2023-12-05 19:27:50,950 - rasterio.env - DEBUG - Exiting outermost env
2023-12-05 19:27:50,950 - rasterio.env - DEBUG - Exited env context: <rasterio.env.Env object at 0x7f5ab06f2260>
2023-12-05 19:27:50,950 - rasterio.env - DEBUG - Entering env context: <rasterio.env.Env object at 0x7f5ab040d780>
2023-12-05 19:27:50,951 - rasterio.env - DEBUG - Starting outermost env
2023-12-05 19:27:50,951 - rasterio.env - DEBUG - No GDAL environment exists
2023-12-05 19:27:50,951 - rasterio.env - DEBUG - New GDAL environment <rasterio._env.GDALEnv object at 0x7f5ab040c280> created
2023-12-05 19:27:50,952 - rasterio._env - DEBUG - GDAL data found in package: path='/home/metpublic/PYTHON_VENV/present_weather/lib/python3.10/site-packages/rasterio/gdal_data'.
2023-12-05 19:27:50,952 - rasterio._env - DEBUG - PROJ data found in package: path='/home/metpublic/PYTHON_VENV/present_weather/lib/python3.10/site-packages/rasterio/proj_data'.
2023-12-05 19:27:50,952 - rasterio._env - DEBUG - Started GDALEnv: self=<rasterio._env.GDALEnv object at 0x7f5ab040c280>.
2023-12-05 19:27:50,952 - rasterio.env - DEBUG - Entered env context: <rasterio.env.Env object at 0x7f5ab040d780>
2023-12-05 19:27:50,952 - rasterio._base - DEBUG - Sharing flag: 0
2023-12-05 19:27:50,953 - rasterio._base - DEBUG - Nodata success: 0, Nodata value: 0.000000
2023-12-05 19:27:50,953 - rasterio._base - DEBUG - Dataset <open DatasetReader name='/home/metpublic/TASK_RELEASE/EFAN/present_weather/src/H09_B13_Indonesia_20231205.Z1910.cor.tiff' mode='r'> is started.
2023-12-05 19:27:50,953 - rasterio.env - DEBUG - Exiting env context: <rasterio.env.Env object at 0x7f5ab040d780>
2023-12-05 19:27:50,953 - rasterio.env - DEBUG - Cleared existing <rasterio._env.GDALEnv object at 0x7f5ab040c280> options
2023-12-05 19:27:50,953 - rasterio._env - DEBUG - Stopped GDALEnv <rasterio._env.GDALEnv object at 0x7f5ab040c280>.
2023-12-05 19:27:50,953 - rasterio.env - DEBUG - Exiting outermost env
2023-12-05 19:27:50,953 - rasterio.env - DEBUG - Exited env context: <rasterio.env.Env object at 0x7f5ab040d780>
2023-12-05 19:27:50,965 - root - INFO - Generating present weather using SATELITE data
2023-12-05 19:29:00,112 - root - INFO - Total elapsed time: 0:05:57.714986
