2023-12-10 20:23:02,324 - root - INFO - Initiating present weather
2023-12-10 20:23:02,326 - asyncio - DEBUG - Using selector: EpollSelector
2023-12-10 20:23:03,883 - urllib3.connectionpool - DEBUG - Starting new HTTPS connection (1): radar.bmkg.go.id:8060
2023-12-10 20:23:03,895 - urllib3.connectionpool - DEBUG - https://radar.bmkg.go.id:8060 "GET /getLatestLD?typeData=1 HTTP/1.1" 200 62
2023-12-10 20:23:03,897 - urllib3.connectionpool - DEBUG - Starting new HTTPS connection (1): radar.bmkg.go.id:8060
2023-12-10 20:23:03,921 - urllib3.connectionpool - DEBUG - https://radar.bmkg.go.id:8060 "GET /getRadarGeotif?token=19387e71e78522ae4172ec0fda640983b8438c9cfa0ca571623cb69d8327&radar=amandemenForecast&type=latest HTTP/1.1" 200 90
2023-12-10 20:23:03,923 - rasterio.env - DEBUG - Entering env context: <rasterio.env.Env object at 0x7f2d8ac5ed70>
2023-12-10 20:23:03,923 - rasterio.env - DEBUG - Starting outermost env
2023-12-10 20:23:03,923 - rasterio.env - DEBUG - No GDAL environment exists
2023-12-10 20:23:03,923 - rasterio.env - DEBUG - New GDAL environment <rasterio._env.GDALEnv object at 0x7f2d8ac5ecb0> created
2023-12-10 20:23:03,926 - rasterio._filepath - DEBUG - Installing FilePath filesystem handler plugin...
2023-12-10 20:23:03,926 - rasterio._env - DEBUG - GDAL data found in package: path='/home/metpublic/PYTHON_VENV/present_weather/lib/python3.10/site-packages/rasterio/gdal_data'.
2023-12-10 20:23:03,926 - rasterio._env - DEBUG - PROJ data found in package: path='/home/metpublic/PYTHON_VENV/present_weather/lib/python3.10/site-packages/rasterio/proj_data'.
2023-12-10 20:23:03,926 - rasterio._env - DEBUG - Started GDALEnv: self=<rasterio._env.GDALEnv object at 0x7f2d8ac5ecb0>.
2023-12-10 20:23:03,926 - rasterio.env - DEBUG - Entered env context: <rasterio.env.Env object at 0x7f2d8ac5ed70>
2023-12-10 20:23:03,926 - rasterio._base - DEBUG - Sharing flag: 0
2023-12-10 20:23:04,191 - rasterio._base - DEBUG - Nodata success: 1, Nodata value: nan
2023-12-10 20:23:04,191 - rasterio._base - DEBUG - Dataset <open DatasetReader name='https://radar.bmkg.go.id/raster/radarsatelit_202312102020.tif' mode='r'> is started.
2023-12-10 20:23:04,192 - rasterio.env - DEBUG - Exiting env context: <rasterio.env.Env object at 0x7f2d8ac5ed70>
2023-12-10 20:23:04,192 - rasterio.env - DEBUG - Cleared existing <rasterio._env.GDALEnv object at 0x7f2d8ac5ecb0> options
2023-12-10 20:23:04,192 - rasterio._env - DEBUG - Stopped GDALEnv <rasterio._env.GDALEnv object at 0x7f2d8ac5ecb0>.
2023-12-10 20:23:04,192 - rasterio.env - DEBUG - Exiting outermost env
2023-12-10 20:23:04,192 - rasterio.env - DEBUG - Exited env context: <rasterio.env.Env object at 0x7f2d8ac5ed70>
2023-12-10 20:23:04,192 - rasterio.env - DEBUG - Entering env context: <rasterio.env.Env object at 0x7f2d8a2ec370>
2023-12-10 20:23:04,192 - rasterio.env - DEBUG - Starting outermost env
2023-12-10 20:23:04,192 - rasterio.env - DEBUG - No GDAL environment exists
2023-12-10 20:23:04,192 - rasterio.env - DEBUG - New GDAL environment <rasterio._env.GDALEnv object at 0x7f2d8ac5ecb0> created
2023-12-10 20:23:04,193 - rasterio._env - DEBUG - GDAL data found in package: path='/home/metpublic/PYTHON_VENV/present_weather/lib/python3.10/site-packages/rasterio/gdal_data'.
2023-12-10 20:23:04,193 - rasterio._env - DEBUG - PROJ data found in package: path='/home/metpublic/PYTHON_VENV/present_weather/lib/python3.10/site-packages/rasterio/proj_data'.
2023-12-10 20:23:04,193 - rasterio._env - DEBUG - Started GDALEnv: self=<rasterio._env.GDALEnv object at 0x7f2d8ac5ecb0>.
2023-12-10 20:23:04,193 - rasterio.env - DEBUG - Entered env context: <rasterio.env.Env object at 0x7f2d8a2ec370>
2023-12-10 20:23:04,194 - rasterio.env - DEBUG - Got a copy of environment <rasterio._env.GDALEnv object at 0x7f2d8ac5ecb0> options
2023-12-10 20:23:04,194 - rasterio.env - DEBUG - Entering env context: <rasterio.env.Env object at 0x7f2d881f5810>
2023-12-10 20:23:04,194 - rasterio.env - DEBUG - Got a copy of environment <rasterio._env.GDALEnv object at 0x7f2d8ac5ecb0> options
2023-12-10 20:23:04,194 - rasterio.env - DEBUG - Entered env context: <rasterio.env.Env object at 0x7f2d881f5810>
2023-12-10 20:23:04,194 - rasterio._base - DEBUG - Sharing flag: 0
2023-12-10 20:23:04,195 - rasterio._base - DEBUG - Nodata success: 1, Nodata value: nan
2023-12-10 20:23:04,195 - rasterio._base - DEBUG - Dataset <open DatasetReader name='https://radar.bmkg.go.id/raster/radarsatelit_202312102020.tif' mode='r'> is started.
2023-12-10 20:23:04,195 - rasterio.env - DEBUG - Exiting env context: <rasterio.env.Env object at 0x7f2d881f5810>
2023-12-10 20:23:04,195 - rasterio.env - DEBUG - Cleared existing <rasterio._env.GDALEnv object at 0x7f2d8ac5ecb0> options
2023-12-10 20:23:04,196 - rasterio._env - DEBUG - Stopped GDALEnv <rasterio._env.GDALEnv object at 0x7f2d8ac5ecb0>.
2023-12-10 20:23:04,196 - rasterio.env - DEBUG - No GDAL environment exists
2023-12-10 20:23:04,196 - rasterio.env - DEBUG - New GDAL environment <rasterio._env.GDALEnv object at 0x7f2d8ac5ecb0> created
2023-12-10 20:23:04,196 - rasterio._env - DEBUG - GDAL data found in package: path='/home/metpublic/PYTHON_VENV/present_weather/lib/python3.10/site-packages/rasterio/gdal_data'.
2023-12-10 20:23:04,196 - rasterio._env - DEBUG - PROJ data found in package: path='/home/metpublic/PYTHON_VENV/present_weather/lib/python3.10/site-packages/rasterio/proj_data'.
2023-12-10 20:23:04,196 - rasterio._env - DEBUG - Started GDALEnv: self=<rasterio._env.GDALEnv object at 0x7f2d8ac5ecb0>.
2023-12-10 20:23:04,196 - rasterio.env - DEBUG - Exited env context: <rasterio.env.Env object at 0x7f2d881f5810>
2023-12-10 20:23:04,214 - rasterio._io - DEBUG - Output nodata value read from file: nan
2023-12-10 20:23:04,214 - rasterio._io - DEBUG - Output nodata values: [nan]
2023-12-10 20:23:04,214 - rasterio._io - DEBUG - all_valid: False
2023-12-10 20:23:04,214 - rasterio._io - DEBUG - mask_flags: ([<MaskFlags.nodata: 8>],)
2023-12-10 20:23:04,215 - rasterio._io - DEBUG - Jump straight to _read()
2023-12-10 20:23:04,215 - rasterio._io - DEBUG - Window: Window(col_off=0, row_off=0, width=10177, height=3692)
2023-12-10 20:23:04,215 - rasterio._io - DEBUG - IO window xoff=0.0 yoff=0.0 width=10177.0 height=3692.0
2023-12-10 20:23:04,763 - rasterio.env - DEBUG - Exiting env context: <rasterio.env.Env object at 0x7f2d8a2ec370>
2023-12-10 20:23:04,763 - rasterio.env - DEBUG - Cleared existing <rasterio._env.GDALEnv object at 0x7f2d8ac5ecb0> options
2023-12-10 20:23:04,763 - rasterio._env - DEBUG - Stopped GDALEnv <rasterio._env.GDALEnv object at 0x7f2d8ac5ecb0>.
2023-12-10 20:23:04,763 - rasterio.env - DEBUG - Exiting outermost env
2023-12-10 20:23:04,763 - rasterio.env - DEBUG - Exited env context: <rasterio.env.Env object at 0x7f2d8a2ec370>
2023-12-10 20:27:47,226 - rasterio.env - DEBUG - Entering env context: <rasterio.env.Env object at 0x7f2d88275090>
2023-12-10 20:27:47,227 - rasterio.env - DEBUG - Starting outermost env
2023-12-10 20:27:47,227 - rasterio.env - DEBUG - No GDAL environment exists
2023-12-10 20:27:47,227 - rasterio.env - DEBUG - New GDAL environment <rasterio._env.GDALEnv object at 0x7f2d707d1660> created
2023-12-10 20:27:47,227 - rasterio._env - DEBUG - GDAL data found in package: path='/home/metpublic/PYTHON_VENV/present_weather/lib/python3.10/site-packages/rasterio/gdal_data'.
2023-12-10 20:27:47,228 - rasterio._env - DEBUG - PROJ data found in package: path='/home/metpublic/PYTHON_VENV/present_weather/lib/python3.10/site-packages/rasterio/proj_data'.
2023-12-10 20:27:47,228 - rasterio._env - DEBUG - Started GDALEnv: self=<rasterio._env.GDALEnv object at 0x7f2d707d1660>.
2023-12-10 20:27:47,228 - rasterio.env - DEBUG - Entered env context: <rasterio.env.Env object at 0x7f2d88275090>
2023-12-10 20:27:47,228 - rasterio._base - DEBUG - Sharing flag: 0
2023-12-10 20:27:47,229 - rasterio._base - DEBUG - Nodata success: 0, Nodata value: 0.000000
2023-12-10 20:27:47,229 - rasterio._base - DEBUG - Dataset <open DatasetReader name='/home/metpublic/TASK_RELEASE/EFAN/present_weather/src/H09_B13_Indonesia_20231210.Z2010.cor.tiff' mode='r'> is started.
2023-12-10 20:27:47,229 - rasterio.env - DEBUG - Exiting env context: <rasterio.env.Env object at 0x7f2d88275090>
2023-12-10 20:27:47,229 - rasterio.env - DEBUG - Cleared existing <rasterio._env.GDALEnv object at 0x7f2d707d1660> options
2023-12-10 20:27:47,229 - rasterio._env - DEBUG - Stopped GDALEnv <rasterio._env.GDALEnv object at 0x7f2d707d1660>.
2023-12-10 20:27:47,229 - rasterio.env - DEBUG - Exiting outermost env
2023-12-10 20:27:47,230 - rasterio.env - DEBUG - Exited env context: <rasterio.env.Env object at 0x7f2d88275090>
2023-12-10 20:27:47,230 - rasterio.env - DEBUG - Entering env context: <rasterio.env.Env object at 0x7f2d70771450>
2023-12-10 20:27:47,230 - rasterio.env - DEBUG - Starting outermost env
2023-12-10 20:27:47,230 - rasterio.env - DEBUG - No GDAL environment exists
2023-12-10 20:27:47,230 - rasterio.env - DEBUG - New GDAL environment <rasterio._env.GDALEnv object at 0x7f2d707701f0> created
2023-12-10 20:27:47,230 - rasterio._env - DEBUG - GDAL data found in package: path='/home/metpublic/PYTHON_VENV/present_weather/lib/python3.10/site-packages/rasterio/gdal_data'.
2023-12-10 20:27:47,231 - rasterio._env - DEBUG - PROJ data found in package: path='/home/metpublic/PYTHON_VENV/present_weather/lib/python3.10/site-packages/rasterio/proj_data'.
2023-12-10 20:27:47,231 - rasterio._env - DEBUG - Started GDALEnv: self=<rasterio._env.GDALEnv object at 0x7f2d707701f0>.
2023-12-10 20:27:47,231 - rasterio.env - DEBUG - Entered env context: <rasterio.env.Env object at 0x7f2d70771450>
2023-12-10 20:27:47,231 - rasterio._base - DEBUG - Sharing flag: 0
2023-12-10 20:27:47,232 - rasterio._base - DEBUG - Nodata success: 0, Nodata value: 0.000000
2023-12-10 20:27:47,232 - rasterio._base - DEBUG - Dataset <open DatasetReader name='/home/metpublic/TASK_RELEASE/EFAN/present_weather/src/H09_B13_Indonesia_20231210.Z2010.cor.tiff' mode='r'> is started.
2023-12-10 20:27:47,232 - rasterio.env - DEBUG - Exiting env context: <rasterio.env.Env object at 0x7f2d70771450>
2023-12-10 20:27:47,233 - rasterio.env - DEBUG - Cleared existing <rasterio._env.GDALEnv object at 0x7f2d707701f0> options
2023-12-10 20:27:47,233 - rasterio._env - DEBUG - Stopped GDALEnv <rasterio._env.GDALEnv object at 0x7f2d707701f0>.
2023-12-10 20:27:47,233 - rasterio.env - DEBUG - Exiting outermost env
2023-12-10 20:27:47,233 - rasterio.env - DEBUG - Exited env context: <rasterio.env.Env object at 0x7f2d70771450>
2023-12-10 20:27:47,243 - root - INFO - Generating present weather using SATELITE data
2023-12-10 20:29:36,798 - root - INFO - Total elapsed time: 0:06:34.474351
