2023-12-12 07:13:03,119 - root - INFO - Initiating present weather
2023-12-12 07:13:03,122 - asyncio - DEBUG - Using selector: EpollSelector
2023-12-12 07:13:04,733 - urllib3.connectionpool - DEBUG - Starting new HTTPS connection (1): radar.bmkg.go.id:8060
2023-12-12 07:13:04,747 - urllib3.connectionpool - DEBUG - https://radar.bmkg.go.id:8060 "GET /getLatestLD?typeData=1 HTTP/1.1" 200 62
2023-12-12 07:13:04,749 - urllib3.connectionpool - DEBUG - Starting new HTTPS connection (1): radar.bmkg.go.id:8060
2023-12-12 07:13:04,769 - urllib3.connectionpool - DEBUG - https://radar.bmkg.go.id:8060 "GET /getRadarGeotif?token=19387e71e78522ae4172ec0fda640983b8438c9cfa0ca571623cb69d8327&radar=amandemenForecast&type=latest HTTP/1.1" 200 90
2023-12-12 07:13:04,770 - rasterio.env - DEBUG - Entering env context: <rasterio.env.Env object at 0x7f30af9cd2a0>
2023-12-12 07:13:04,770 - rasterio.env - DEBUG - Starting outermost env
2023-12-12 07:13:04,771 - rasterio.env - DEBUG - No GDAL environment exists
2023-12-12 07:13:04,771 - rasterio.env - DEBUG - New GDAL environment <rasterio._env.GDALEnv object at 0x7f30af9cd180> created
2023-12-12 07:13:04,773 - rasterio._filepath - DEBUG - Installing FilePath filesystem handler plugin...
2023-12-12 07:13:04,773 - rasterio._env - DEBUG - GDAL data found in package: path='/home/metpublic/PYTHON_VENV/present_weather/lib/python3.10/site-packages/rasterio/gdal_data'.
2023-12-12 07:13:04,774 - rasterio._env - DEBUG - PROJ data found in package: path='/home/metpublic/PYTHON_VENV/present_weather/lib/python3.10/site-packages/rasterio/proj_data'.
2023-12-12 07:13:04,774 - rasterio._env - DEBUG - Started GDALEnv: self=<rasterio._env.GDALEnv object at 0x7f30af9cd180>.
2023-12-12 07:13:04,774 - rasterio.env - DEBUG - Entered env context: <rasterio.env.Env object at 0x7f30af9cd2a0>
2023-12-12 07:13:04,774 - rasterio._base - DEBUG - Sharing flag: 0
2023-12-12 07:13:05,056 - rasterio._base - DEBUG - Nodata success: 1, Nodata value: nan
2023-12-12 07:13:05,056 - rasterio._base - DEBUG - Dataset <open DatasetReader name='https://radar.bmkg.go.id/raster/radarsatelit_202312120710.tif' mode='r'> is started.
2023-12-12 07:13:05,056 - rasterio.env - DEBUG - Exiting env context: <rasterio.env.Env object at 0x7f30af9cd2a0>
2023-12-12 07:13:05,057 - rasterio.env - DEBUG - Cleared existing <rasterio._env.GDALEnv object at 0x7f30af9cd180> options
2023-12-12 07:13:05,057 - rasterio._env - DEBUG - Stopped GDALEnv <rasterio._env.GDALEnv object at 0x7f30af9cd180>.
2023-12-12 07:13:05,057 - rasterio.env - DEBUG - Exiting outermost env
2023-12-12 07:13:05,057 - rasterio.env - DEBUG - Exited env context: <rasterio.env.Env object at 0x7f30af9cd2a0>
2023-12-12 07:13:05,057 - rasterio.env - DEBUG - Entering env context: <rasterio.env.Env object at 0x7f30af9cd060>
2023-12-12 07:13:05,057 - rasterio.env - DEBUG - Starting outermost env
2023-12-12 07:13:05,057 - rasterio.env - DEBUG - No GDAL environment exists
2023-12-12 07:13:05,058 - rasterio.env - DEBUG - New GDAL environment <rasterio._env.GDALEnv object at 0x7f30af9cd180> created
2023-12-12 07:13:05,058 - rasterio._env - DEBUG - GDAL data found in package: path='/home/metpublic/PYTHON_VENV/present_weather/lib/python3.10/site-packages/rasterio/gdal_data'.
2023-12-12 07:13:05,058 - rasterio._env - DEBUG - PROJ data found in package: path='/home/metpublic/PYTHON_VENV/present_weather/lib/python3.10/site-packages/rasterio/proj_data'.
2023-12-12 07:13:05,058 - rasterio._env - DEBUG - Started GDALEnv: self=<rasterio._env.GDALEnv object at 0x7f30af9cd180>.
2023-12-12 07:13:05,059 - rasterio.env - DEBUG - Entered env context: <rasterio.env.Env object at 0x7f30af9cd060>
2023-12-12 07:13:05,059 - rasterio.env - DEBUG - Got a copy of environment <rasterio._env.GDALEnv object at 0x7f30af9cd180> options
2023-12-12 07:13:05,059 - rasterio.env - DEBUG - Entering env context: <rasterio.env.Env object at 0x7f308c73ed70>
2023-12-12 07:13:05,059 - rasterio.env - DEBUG - Got a copy of environment <rasterio._env.GDALEnv object at 0x7f30af9cd180> options
2023-12-12 07:13:05,060 - rasterio.env - DEBUG - Entered env context: <rasterio.env.Env object at 0x7f308c73ed70>
2023-12-12 07:13:05,060 - rasterio._base - DEBUG - Sharing flag: 0
2023-12-12 07:13:05,061 - rasterio._base - DEBUG - Nodata success: 1, Nodata value: nan
2023-12-12 07:13:05,061 - rasterio._base - DEBUG - Dataset <open DatasetReader name='https://radar.bmkg.go.id/raster/radarsatelit_202312120710.tif' mode='r'> is started.
2023-12-12 07:13:05,061 - rasterio.env - DEBUG - Exiting env context: <rasterio.env.Env object at 0x7f308c73ed70>
2023-12-12 07:13:05,061 - rasterio.env - DEBUG - Cleared existing <rasterio._env.GDALEnv object at 0x7f30af9cd180> options
2023-12-12 07:13:05,061 - rasterio._env - DEBUG - Stopped GDALEnv <rasterio._env.GDALEnv object at 0x7f30af9cd180>.
2023-12-12 07:13:05,061 - rasterio.env - DEBUG - No GDAL environment exists
2023-12-12 07:13:05,062 - rasterio.env - DEBUG - New GDAL environment <rasterio._env.GDALEnv object at 0x7f30af9cd180> created
2023-12-12 07:13:05,062 - rasterio._env - DEBUG - GDAL data found in package: path='/home/metpublic/PYTHON_VENV/present_weather/lib/python3.10/site-packages/rasterio/gdal_data'.
2023-12-12 07:13:05,062 - rasterio._env - DEBUG - PROJ data found in package: path='/home/metpublic/PYTHON_VENV/present_weather/lib/python3.10/site-packages/rasterio/proj_data'.
2023-12-12 07:13:05,062 - rasterio._env - DEBUG - Started GDALEnv: self=<rasterio._env.GDALEnv object at 0x7f30af9cd180>.
2023-12-12 07:13:05,062 - rasterio.env - DEBUG - Exited env context: <rasterio.env.Env object at 0x7f308c73ed70>
2023-12-12 07:13:05,081 - rasterio._io - DEBUG - Output nodata value read from file: nan
2023-12-12 07:13:05,082 - rasterio._io - DEBUG - Output nodata values: [nan]
2023-12-12 07:13:05,082 - rasterio._io - DEBUG - all_valid: False
2023-12-12 07:13:05,082 - rasterio._io - DEBUG - mask_flags: ([<MaskFlags.nodata: 8>],)
2023-12-12 07:13:05,082 - rasterio._io - DEBUG - Jump straight to _read()
2023-12-12 07:13:05,082 - rasterio._io - DEBUG - Window: Window(col_off=0, row_off=0, width=10176, height=3692)
2023-12-12 07:13:05,083 - rasterio._io - DEBUG - IO window xoff=0.0 yoff=0.0 width=10176.0 height=3692.0
2023-12-12 07:13:05,628 - rasterio.env - DEBUG - Exiting env context: <rasterio.env.Env object at 0x7f30af9cd060>
2023-12-12 07:13:05,628 - rasterio.env - DEBUG - Cleared existing <rasterio._env.GDALEnv object at 0x7f30af9cd180> options
2023-12-12 07:13:05,628 - rasterio._env - DEBUG - Stopped GDALEnv <rasterio._env.GDALEnv object at 0x7f30af9cd180>.
2023-12-12 07:13:05,628 - rasterio.env - DEBUG - Exiting outermost env
2023-12-12 07:13:05,628 - rasterio.env - DEBUG - Exited env context: <rasterio.env.Env object at 0x7f30af9cd060>
2023-12-12 07:17:03,719 - rasterio.env - DEBUG - Entering env context: <rasterio.env.Env object at 0x7f308c4fd000>
2023-12-12 07:17:03,720 - rasterio.env - DEBUG - Starting outermost env
2023-12-12 07:17:03,720 - rasterio.env - DEBUG - No GDAL environment exists
2023-12-12 07:17:03,720 - rasterio.env - DEBUG - New GDAL environment <rasterio._env.GDALEnv object at 0x7f308c4ff2e0> created
2023-12-12 07:17:03,720 - rasterio._env - DEBUG - GDAL data found in package: path='/home/metpublic/PYTHON_VENV/present_weather/lib/python3.10/site-packages/rasterio/gdal_data'.
2023-12-12 07:17:03,721 - rasterio._env - DEBUG - PROJ data found in package: path='/home/metpublic/PYTHON_VENV/present_weather/lib/python3.10/site-packages/rasterio/proj_data'.
2023-12-12 07:17:03,721 - rasterio._env - DEBUG - Started GDALEnv: self=<rasterio._env.GDALEnv object at 0x7f308c4ff2e0>.
2023-12-12 07:17:03,721 - rasterio.env - DEBUG - Entered env context: <rasterio.env.Env object at 0x7f308c4fd000>
2023-12-12 07:17:03,721 - rasterio._base - DEBUG - Sharing flag: 0
2023-12-12 07:17:03,722 - rasterio._base - DEBUG - Nodata success: 0, Nodata value: 0.000000
2023-12-12 07:17:03,723 - rasterio._base - DEBUG - Dataset <open DatasetReader name='/home/metpublic/TASK_RELEASE/EFAN/present_weather/src/H09_B13_Indonesia_20231212.Z0700.cor.tiff' mode='r'> is started.
2023-12-12 07:17:03,723 - rasterio.env - DEBUG - Exiting env context: <rasterio.env.Env object at 0x7f308c4fd000>
2023-12-12 07:17:03,723 - rasterio.env - DEBUG - Cleared existing <rasterio._env.GDALEnv object at 0x7f308c4ff2e0> options
2023-12-12 07:17:03,723 - rasterio._env - DEBUG - Stopped GDALEnv <rasterio._env.GDALEnv object at 0x7f308c4ff2e0>.
2023-12-12 07:17:03,723 - rasterio.env - DEBUG - Exiting outermost env
2023-12-12 07:17:03,723 - rasterio.env - DEBUG - Exited env context: <rasterio.env.Env object at 0x7f308c4fd000>
2023-12-12 07:17:03,725 - rasterio.env - DEBUG - Entering env context: <rasterio.env.Env object at 0x7f308c4ce440>
2023-12-12 07:17:03,725 - rasterio.env - DEBUG - Starting outermost env
2023-12-12 07:17:03,725 - rasterio.env - DEBUG - No GDAL environment exists
2023-12-12 07:17:03,725 - rasterio.env - DEBUG - New GDAL environment <rasterio._env.GDALEnv object at 0x7f308c4cd060> created
2023-12-12 07:17:03,726 - rasterio._env - DEBUG - GDAL data found in package: path='/home/metpublic/PYTHON_VENV/present_weather/lib/python3.10/site-packages/rasterio/gdal_data'.
2023-12-12 07:17:03,727 - rasterio._env - DEBUG - PROJ data found in package: path='/home/metpublic/PYTHON_VENV/present_weather/lib/python3.10/site-packages/rasterio/proj_data'.
2023-12-12 07:17:03,727 - rasterio._env - DEBUG - Started GDALEnv: self=<rasterio._env.GDALEnv object at 0x7f308c4cd060>.
2023-12-12 07:17:03,727 - rasterio.env - DEBUG - Entered env context: <rasterio.env.Env object at 0x7f308c4ce440>
2023-12-12 07:17:03,727 - rasterio._base - DEBUG - Sharing flag: 0
2023-12-12 07:17:03,729 - rasterio._base - DEBUG - Nodata success: 0, Nodata value: 0.000000
2023-12-12 07:17:03,729 - rasterio._base - DEBUG - Dataset <open DatasetReader name='/home/metpublic/TASK_RELEASE/EFAN/present_weather/src/H09_B13_Indonesia_20231212.Z0700.cor.tiff' mode='r'> is started.
2023-12-12 07:17:03,730 - rasterio.env - DEBUG - Exiting env context: <rasterio.env.Env object at 0x7f308c4ce440>
2023-12-12 07:17:03,730 - rasterio.env - DEBUG - Cleared existing <rasterio._env.GDALEnv object at 0x7f308c4cd060> options
2023-12-12 07:17:03,730 - rasterio._env - DEBUG - Stopped GDALEnv <rasterio._env.GDALEnv object at 0x7f308c4cd060>.
2023-12-12 07:17:03,730 - rasterio.env - DEBUG - Exiting outermost env
2023-12-12 07:17:03,730 - rasterio.env - DEBUG - Exited env context: <rasterio.env.Env object at 0x7f308c4ce440>
2023-12-12 07:17:03,745 - root - INFO - Generating present weather using SATELITE data
2023-12-12 07:18:30,495 - root - INFO - Total elapsed time: 0:05:27.376227
