2023-12-05 21:33:02,413 - root - INFO - Initiating present weather
2023-12-05 21:33:02,416 - asyncio - DEBUG - Using selector: EpollSelector
2023-12-05 21:33:03,980 - urllib3.connectionpool - DEBUG - Starting new HTTPS connection (1): radar.bmkg.go.id:8060
2023-12-05 21:33:03,996 - urllib3.connectionpool - DEBUG - https://radar.bmkg.go.id:8060 "GET /getLatestLD?typeData=1 HTTP/1.1" 200 62
2023-12-05 21:33:03,999 - urllib3.connectionpool - DEBUG - Starting new HTTPS connection (1): radar.bmkg.go.id:8060
2023-12-05 21:33:04,024 - urllib3.connectionpool - DEBUG - https://radar.bmkg.go.id:8060 "GET /getRadarGeotif?token=19387e71e78522ae4172ec0fda640983b8438c9cfa0ca571623cb69d8327&radar=amandemenForecast&type=latest HTTP/1.1" 200 90
2023-12-05 21:33:04,025 - rasterio.env - DEBUG - Entering env context: <rasterio.env.Env object at 0x7f7ec7fcec80>
2023-12-05 21:33:04,025 - rasterio.env - DEBUG - Starting outermost env
2023-12-05 21:33:04,026 - rasterio.env - DEBUG - No GDAL environment exists
2023-12-05 21:33:04,026 - rasterio.env - DEBUG - New GDAL environment <rasterio._env.GDALEnv object at 0x7f7ec7fce9b0> created
2023-12-05 21:33:04,029 - rasterio._filepath - DEBUG - Installing FilePath filesystem handler plugin...
2023-12-05 21:33:04,029 - rasterio._env - DEBUG - GDAL data found in package: path='/home/metpublic/PYTHON_VENV/present_weather/lib/python3.10/site-packages/rasterio/gdal_data'.
2023-12-05 21:33:04,029 - rasterio._env - DEBUG - PROJ data found in package: path='/home/metpublic/PYTHON_VENV/present_weather/lib/python3.10/site-packages/rasterio/proj_data'.
2023-12-05 21:33:04,029 - rasterio._env - DEBUG - Started GDALEnv: self=<rasterio._env.GDALEnv object at 0x7f7ec7fce9b0>.
2023-12-05 21:33:04,029 - rasterio.env - DEBUG - Entered env context: <rasterio.env.Env object at 0x7f7ec7fcec80>
2023-12-05 21:33:04,030 - rasterio._base - DEBUG - Sharing flag: 0
2023-12-05 21:33:04,264 - rasterio._base - DEBUG - Nodata success: 1, Nodata value: nan
2023-12-05 21:33:04,266 - rasterio._base - DEBUG - Dataset <open DatasetReader name='https://radar.bmkg.go.id/raster/radarsatelit_202312052130.tif' mode='r'> is started.
2023-12-05 21:33:04,266 - rasterio.env - DEBUG - Exiting env context: <rasterio.env.Env object at 0x7f7ec7fcec80>
2023-12-05 21:33:04,266 - rasterio.env - DEBUG - Cleared existing <rasterio._env.GDALEnv object at 0x7f7ec7fce9b0> options
2023-12-05 21:33:04,266 - rasterio._env - DEBUG - Stopped GDALEnv <rasterio._env.GDALEnv object at 0x7f7ec7fce9b0>.
2023-12-05 21:33:04,266 - rasterio.env - DEBUG - Exiting outermost env
2023-12-05 21:33:04,266 - rasterio.env - DEBUG - Exited env context: <rasterio.env.Env object at 0x7f7ec7fcec80>
2023-12-05 21:33:04,267 - rasterio.env - DEBUG - Entering env context: <rasterio.env.Env object at 0x7f7ec76545b0>
2023-12-05 21:33:04,267 - rasterio.env - DEBUG - Starting outermost env
2023-12-05 21:33:04,267 - rasterio.env - DEBUG - No GDAL environment exists
2023-12-05 21:33:04,267 - rasterio.env - DEBUG - New GDAL environment <rasterio._env.GDALEnv object at 0x7f7ec7fce9b0> created
2023-12-05 21:33:04,267 - rasterio._env - DEBUG - GDAL data found in package: path='/home/metpublic/PYTHON_VENV/present_weather/lib/python3.10/site-packages/rasterio/gdal_data'.
2023-12-05 21:33:04,267 - rasterio._env - DEBUG - PROJ data found in package: path='/home/metpublic/PYTHON_VENV/present_weather/lib/python3.10/site-packages/rasterio/proj_data'.
2023-12-05 21:33:04,267 - rasterio._env - DEBUG - Started GDALEnv: self=<rasterio._env.GDALEnv object at 0x7f7ec7fce9b0>.
2023-12-05 21:33:04,268 - rasterio.env - DEBUG - Entered env context: <rasterio.env.Env object at 0x7f7ec76545b0>
2023-12-05 21:33:04,268 - rasterio.env - DEBUG - Got a copy of environment <rasterio._env.GDALEnv object at 0x7f7ec7fce9b0> options
2023-12-05 21:33:04,268 - rasterio.env - DEBUG - Entering env context: <rasterio.env.Env object at 0x7f7ec4430910>
2023-12-05 21:33:04,268 - rasterio.env - DEBUG - Got a copy of environment <rasterio._env.GDALEnv object at 0x7f7ec7fce9b0> options
2023-12-05 21:33:04,268 - rasterio.env - DEBUG - Entered env context: <rasterio.env.Env object at 0x7f7ec4430910>
2023-12-05 21:33:04,268 - rasterio._base - DEBUG - Sharing flag: 0
2023-12-05 21:33:04,269 - rasterio._base - DEBUG - Nodata success: 1, Nodata value: nan
2023-12-05 21:33:04,269 - rasterio._base - DEBUG - Dataset <open DatasetReader name='https://radar.bmkg.go.id/raster/radarsatelit_202312052130.tif' mode='r'> is started.
2023-12-05 21:33:04,269 - rasterio.env - DEBUG - Exiting env context: <rasterio.env.Env object at 0x7f7ec4430910>
2023-12-05 21:33:04,270 - rasterio.env - DEBUG - Cleared existing <rasterio._env.GDALEnv object at 0x7f7ec7fce9b0> options
2023-12-05 21:33:04,270 - rasterio._env - DEBUG - Stopped GDALEnv <rasterio._env.GDALEnv object at 0x7f7ec7fce9b0>.
2023-12-05 21:33:04,270 - rasterio.env - DEBUG - No GDAL environment exists
2023-12-05 21:33:04,270 - rasterio.env - DEBUG - New GDAL environment <rasterio._env.GDALEnv object at 0x7f7ec7fce9b0> created
2023-12-05 21:33:04,270 - rasterio._env - DEBUG - GDAL data found in package: path='/home/metpublic/PYTHON_VENV/present_weather/lib/python3.10/site-packages/rasterio/gdal_data'.
2023-12-05 21:33:04,270 - rasterio._env - DEBUG - PROJ data found in package: path='/home/metpublic/PYTHON_VENV/present_weather/lib/python3.10/site-packages/rasterio/proj_data'.
2023-12-05 21:33:04,270 - rasterio._env - DEBUG - Started GDALEnv: self=<rasterio._env.GDALEnv object at 0x7f7ec7fce9b0>.
2023-12-05 21:33:04,270 - rasterio.env - DEBUG - Exited env context: <rasterio.env.Env object at 0x7f7ec4430910>
2023-12-05 21:33:04,287 - rasterio._io - DEBUG - Output nodata value read from file: nan
2023-12-05 21:33:04,287 - rasterio._io - DEBUG - Output nodata values: [nan]
2023-12-05 21:33:04,287 - rasterio._io - DEBUG - all_valid: False
2023-12-05 21:33:04,287 - rasterio._io - DEBUG - mask_flags: ([<MaskFlags.nodata: 8>],)
2023-12-05 21:33:04,288 - rasterio._io - DEBUG - Jump straight to _read()
2023-12-05 21:33:04,288 - rasterio._io - DEBUG - Window: Window(col_off=0, row_off=0, width=10177, height=3732)
2023-12-05 21:33:04,288 - rasterio._io - DEBUG - IO window xoff=0.0 yoff=0.0 width=10177.0 height=3732.0
2023-12-05 21:33:04,821 - rasterio.env - DEBUG - Exiting env context: <rasterio.env.Env object at 0x7f7ec76545b0>
2023-12-05 21:33:04,821 - rasterio.env - DEBUG - Cleared existing <rasterio._env.GDALEnv object at 0x7f7ec7fce9b0> options
2023-12-05 21:33:04,821 - rasterio._env - DEBUG - Stopped GDALEnv <rasterio._env.GDALEnv object at 0x7f7ec7fce9b0>.
2023-12-05 21:33:04,821 - rasterio.env - DEBUG - Exiting outermost env
2023-12-05 21:33:04,821 - rasterio.env - DEBUG - Exited env context: <rasterio.env.Env object at 0x7f7ec76545b0>
2023-12-05 21:37:14,469 - rasterio.env - DEBUG - Entering env context: <rasterio.env.Env object at 0x7f7ec44c6830>
2023-12-05 21:37:14,469 - rasterio.env - DEBUG - Starting outermost env
2023-12-05 21:37:14,469 - rasterio.env - DEBUG - No GDAL environment exists
2023-12-05 21:37:14,470 - rasterio.env - DEBUG - New GDAL environment <rasterio._env.GDALEnv object at 0x7f7ec44c5030> created
2023-12-05 21:37:14,471 - rasterio._env - DEBUG - GDAL data found in package: path='/home/metpublic/PYTHON_VENV/present_weather/lib/python3.10/site-packages/rasterio/gdal_data'.
2023-12-05 21:37:14,471 - rasterio._env - DEBUG - PROJ data found in package: path='/home/metpublic/PYTHON_VENV/present_weather/lib/python3.10/site-packages/rasterio/proj_data'.
2023-12-05 21:37:14,472 - rasterio._env - DEBUG - Started GDALEnv: self=<rasterio._env.GDALEnv object at 0x7f7ec44c5030>.
2023-12-05 21:37:14,472 - rasterio.env - DEBUG - Entered env context: <rasterio.env.Env object at 0x7f7ec44c6830>
2023-12-05 21:37:14,473 - rasterio._base - DEBUG - Sharing flag: 0
2023-12-05 21:37:14,475 - rasterio._base - DEBUG - Nodata success: 0, Nodata value: 0.000000
2023-12-05 21:37:14,476 - rasterio._base - DEBUG - Dataset <open DatasetReader name='/home/metpublic/TASK_RELEASE/EFAN/present_weather/src/H09_B13_Indonesia_20231205.Z2120.cor.tiff' mode='r'> is started.
2023-12-05 21:37:14,476 - rasterio.env - DEBUG - Exiting env context: <rasterio.env.Env object at 0x7f7ec44c6830>
2023-12-05 21:37:14,476 - rasterio.env - DEBUG - Cleared existing <rasterio._env.GDALEnv object at 0x7f7ec44c5030> options
2023-12-05 21:37:14,476 - rasterio._env - DEBUG - Stopped GDALEnv <rasterio._env.GDALEnv object at 0x7f7ec44c5030>.
2023-12-05 21:37:14,476 - rasterio.env - DEBUG - Exiting outermost env
2023-12-05 21:37:14,477 - rasterio.env - DEBUG - Exited env context: <rasterio.env.Env object at 0x7f7ec44c6830>
2023-12-05 21:37:14,478 - rasterio.env - DEBUG - Entering env context: <rasterio.env.Env object at 0x7f7ec43bcb20>
2023-12-05 21:37:14,478 - rasterio.env - DEBUG - Starting outermost env
2023-12-05 21:37:14,478 - rasterio.env - DEBUG - No GDAL environment exists
2023-12-05 21:37:14,478 - rasterio.env - DEBUG - New GDAL environment <rasterio._env.GDALEnv object at 0x7f7ec7712ce0> created
2023-12-05 21:37:14,479 - rasterio._env - DEBUG - GDAL data found in package: path='/home/metpublic/PYTHON_VENV/present_weather/lib/python3.10/site-packages/rasterio/gdal_data'.
2023-12-05 21:37:14,480 - rasterio._env - DEBUG - PROJ data found in package: path='/home/metpublic/PYTHON_VENV/present_weather/lib/python3.10/site-packages/rasterio/proj_data'.
2023-12-05 21:37:14,480 - rasterio._env - DEBUG - Started GDALEnv: self=<rasterio._env.GDALEnv object at 0x7f7ec7712ce0>.
2023-12-05 21:37:14,480 - rasterio.env - DEBUG - Entered env context: <rasterio.env.Env object at 0x7f7ec43bcb20>
2023-12-05 21:37:14,481 - rasterio._base - DEBUG - Sharing flag: 0
2023-12-05 21:37:14,482 - rasterio._base - DEBUG - Nodata success: 0, Nodata value: 0.000000
2023-12-05 21:37:14,483 - rasterio._base - DEBUG - Dataset <open DatasetReader name='/home/metpublic/TASK_RELEASE/EFAN/present_weather/src/H09_B13_Indonesia_20231205.Z2120.cor.tiff' mode='r'> is started.
2023-12-05 21:37:14,483 - rasterio.env - DEBUG - Exiting env context: <rasterio.env.Env object at 0x7f7ec43bcb20>
2023-12-05 21:37:14,484 - rasterio.env - DEBUG - Cleared existing <rasterio._env.GDALEnv object at 0x7f7ec7712ce0> options
2023-12-05 21:37:14,484 - rasterio._env - DEBUG - Stopped GDALEnv <rasterio._env.GDALEnv object at 0x7f7ec7712ce0>.
2023-12-05 21:37:14,484 - rasterio.env - DEBUG - Exiting outermost env
2023-12-05 21:37:14,484 - rasterio.env - DEBUG - Exited env context: <rasterio.env.Env object at 0x7f7ec43bcb20>
2023-12-05 21:37:14,501 - root - INFO - Generating present weather using SATELITE data
2023-12-05 21:39:14,860 - root - INFO - Total elapsed time: 0:06:12.447335
