2023-11-15 11:40:03,293 - root - INFO - Initiating present weather
2023-11-15 11:40:03,297 - urllib3.connectionpool - DEBUG - Starting new HTTPS connection (1): radar.bmkg.go.id:8060
2023-11-15 11:40:08,375 - urllib3.connectionpool - DEBUG - https://radar.bmkg.go.id:8060 "GET /getRadarGeotif?token=19387e71e78522ae4172ec0fda640983b8438c9cfa0ca571623cb69d8327&radar=amandemenForecast&type=latest HTTP/1.1" 200 90
2023-11-15 11:40:08,378 - rasterio.env - DEBUG - Entering env context: <rasterio.env.Env object at 0x7f80cbd7b5c0>
2023-11-15 11:40:08,380 - rasterio.env - DEBUG - Starting outermost env
2023-11-15 11:40:08,380 - rasterio.env - DEBUG - No GDAL environment exists
2023-11-15 11:40:08,380 - rasterio.env - DEBUG - New GDAL environment <rasterio._env.GDALEnv object at 0x7f812f02a320> created
2023-11-15 11:40:08,385 - rasterio._filepath - DEBUG - Installing FilePath filesystem handler plugin...
2023-11-15 11:40:08,386 - rasterio._env - DEBUG - GDAL data found in package: path='/home/swx/miniconda3/envs/present_weather/lib/python3.12/site-packages/rasterio/gdal_data'.
2023-11-15 11:40:08,386 - rasterio._env - DEBUG - PROJ_LIB found in environment.
2023-11-15 11:40:08,386 - rasterio._env - DEBUG - Started GDALEnv: self=<rasterio._env.GDALEnv object at 0x7f812f02a320>.
2023-11-15 11:40:08,386 - rasterio.env - DEBUG - Entered env context: <rasterio.env.Env object at 0x7f80cbd7b5c0>
2023-11-15 11:40:08,386 - rasterio._base - DEBUG - Sharing flag: 0
2023-11-15 11:40:08,582 - rasterio._base - DEBUG - Nodata success: 1, Nodata value: nan
2023-11-15 11:40:08,582 - rasterio._base - DEBUG - Dataset <open DatasetReader name='https://radar.bmkg.go.id/raster/radarsatelit_202311151130.tif' mode='r'> is started.
2023-11-15 11:40:08,583 - rasterio.env - DEBUG - Exiting env context: <rasterio.env.Env object at 0x7f80cbd7b5c0>
2023-11-15 11:40:08,583 - rasterio.env - DEBUG - Cleared existing <rasterio._env.GDALEnv object at 0x7f812f02a320> options
2023-11-15 11:40:08,583 - rasterio._env - DEBUG - Stopped GDALEnv <rasterio._env.GDALEnv object at 0x7f812f02a320>.
2023-11-15 11:40:08,583 - rasterio.env - DEBUG - Exiting outermost env
2023-11-15 11:40:08,583 - rasterio.env - DEBUG - Exited env context: <rasterio.env.Env object at 0x7f80cbd7b5c0>
2023-11-15 11:40:08,583 - rasterio.env - DEBUG - Entering env context: <rasterio.env.Env object at 0x7f812ebad0a0>
2023-11-15 11:40:08,583 - rasterio.env - DEBUG - Starting outermost env
2023-11-15 11:40:08,584 - rasterio.env - DEBUG - No GDAL environment exists
2023-11-15 11:40:08,584 - rasterio.env - DEBUG - New GDAL environment <rasterio._env.GDALEnv object at 0x7f812f02a320> created
2023-11-15 11:40:08,584 - rasterio._env - DEBUG - GDAL data found in package: path='/home/swx/miniconda3/envs/present_weather/lib/python3.12/site-packages/rasterio/gdal_data'.
2023-11-15 11:40:08,584 - rasterio._env - DEBUG - PROJ_LIB found in environment.
2023-11-15 11:40:08,585 - rasterio._env - DEBUG - Started GDALEnv: self=<rasterio._env.GDALEnv object at 0x7f812f02a320>.
2023-11-15 11:40:08,585 - rasterio.env - DEBUG - Entered env context: <rasterio.env.Env object at 0x7f812ebad0a0>
2023-11-15 11:40:08,586 - rasterio.env - DEBUG - Got a copy of environment <rasterio._env.GDALEnv object at 0x7f812f02a320> options
2023-11-15 11:40:08,586 - rasterio.env - DEBUG - Entering env context: <rasterio.env.Env object at 0x7f8115e72360>
2023-11-15 11:40:08,586 - rasterio.env - DEBUG - Got a copy of environment <rasterio._env.GDALEnv object at 0x7f812f02a320> options
2023-11-15 11:40:08,586 - rasterio.env - DEBUG - Entered env context: <rasterio.env.Env object at 0x7f8115e72360>
2023-11-15 11:40:08,586 - rasterio._base - DEBUG - Sharing flag: 0
2023-11-15 11:40:08,587 - rasterio._base - DEBUG - Nodata success: 1, Nodata value: nan
2023-11-15 11:40:08,587 - rasterio._base - DEBUG - Dataset <open DatasetReader name='https://radar.bmkg.go.id/raster/radarsatelit_202311151130.tif' mode='r'> is started.
2023-11-15 11:40:08,587 - rasterio.env - DEBUG - Exiting env context: <rasterio.env.Env object at 0x7f8115e72360>
2023-11-15 11:40:08,588 - rasterio.env - DEBUG - Cleared existing <rasterio._env.GDALEnv object at 0x7f812f02a320> options
2023-11-15 11:40:08,588 - rasterio._env - DEBUG - Stopped GDALEnv <rasterio._env.GDALEnv object at 0x7f812f02a320>.
2023-11-15 11:40:08,588 - rasterio.env - DEBUG - No GDAL environment exists
2023-11-15 11:40:08,588 - rasterio.env - DEBUG - New GDAL environment <rasterio._env.GDALEnv object at 0x7f812f02a320> created
2023-11-15 11:40:08,588 - rasterio._env - DEBUG - GDAL data found in package: path='/home/swx/miniconda3/envs/present_weather/lib/python3.12/site-packages/rasterio/gdal_data'.
2023-11-15 11:40:08,588 - rasterio._env - DEBUG - PROJ_LIB found in environment.
2023-11-15 11:40:08,589 - rasterio._env - DEBUG - Started GDALEnv: self=<rasterio._env.GDALEnv object at 0x7f812f02a320>.
2023-11-15 11:40:08,589 - rasterio.env - DEBUG - Exited env context: <rasterio.env.Env object at 0x7f8115e72360>
2023-11-15 11:40:08,622 - rasterio._io - DEBUG - Output nodata value read from file: nan
2023-11-15 11:40:08,623 - rasterio._io - DEBUG - Output nodata values: [nan]
2023-11-15 11:40:08,623 - rasterio._io - DEBUG - all_valid: False
2023-11-15 11:40:08,623 - rasterio._io - DEBUG - mask_flags: ([<MaskFlags.nodata: 8>],)
2023-11-15 11:40:08,624 - rasterio._io - DEBUG - Jump straight to _read()
2023-11-15 11:40:08,624 - rasterio._io - DEBUG - Window: Window(col_off=0, row_off=0, width=10215, height=3792)
2023-11-15 11:40:08,624 - rasterio._io - DEBUG - IO window xoff=0.0 yoff=0.0 width=10215.0 height=3792.0
2023-11-15 11:40:09,324 - rasterio.env - DEBUG - Exiting env context: <rasterio.env.Env object at 0x7f812ebad0a0>
2023-11-15 11:40:09,324 - rasterio.env - DEBUG - Cleared existing <rasterio._env.GDALEnv object at 0x7f812f02a320> options
2023-11-15 11:40:09,325 - rasterio._env - DEBUG - Stopped GDALEnv <rasterio._env.GDALEnv object at 0x7f812f02a320>.
2023-11-15 11:40:09,325 - rasterio.env - DEBUG - Exiting outermost env
2023-11-15 11:40:09,325 - rasterio.env - DEBUG - Exited env context: <rasterio.env.Env object at 0x7f812ebad0a0>
2023-11-15 11:40:09,327 - urllib3.connectionpool - DEBUG - Starting new HTTPS connection (1): radar.bmkg.go.id:8060
2023-11-15 11:40:09,375 - urllib3.connectionpool - DEBUG - https://radar.bmkg.go.id:8060 "GET /getLatestLD?typeData=1 HTTP/1.1" 200 8332
2023-11-15 11:40:09,388 - asyncio - DEBUG - Using selector: EpollSelector
2023-11-15 11:40:16,009 - root - INFO - dask.bag<lambda, npartitions=34>
2023-11-15 11:56:42,464 - root - INFO - Total elapsed time: 0:16:39.172137
