2023-12-22 19:43:03,210 - root - INFO - Initiating present weather
2023-12-22 19:43:03,212 - asyncio - DEBUG - Using selector: EpollSelector
2023-12-22 19:43:04,967 - urllib3.connectionpool - DEBUG - Starting new HTTPS connection (1): radar.bmkg.go.id:8060
2023-12-22 19:43:04,985 - urllib3.connectionpool - DEBUG - https://radar.bmkg.go.id:8060 "GET /getLatestLD?typeData=1 HTTP/1.1" 200 62
2023-12-22 19:43:04,986 - urllib3.connectionpool - DEBUG - Starting new HTTPS connection (1): radar.bmkg.go.id:8060
2023-12-22 19:43:05,008 - urllib3.connectionpool - DEBUG - https://radar.bmkg.go.id:8060 "GET /getRadarGeotif?token=19387e71e78522ae4172ec0fda640983b8438c9cfa0ca571623cb69d8327&radar=amandemenForecast&type=latest HTTP/1.1" 200 90
2023-12-22 19:43:05,009 - rasterio.env - DEBUG - Entering env context: <rasterio.env.Env object at 0x7fed754c55a0>
2023-12-22 19:43:05,009 - rasterio.env - DEBUG - Starting outermost env
2023-12-22 19:43:05,009 - rasterio.env - DEBUG - No GDAL environment exists
2023-12-22 19:43:05,009 - rasterio.env - DEBUG - New GDAL environment <rasterio._env.GDALEnv object at 0x7fed754c5570> created
2023-12-22 19:43:05,012 - rasterio._filepath - DEBUG - Installing FilePath filesystem handler plugin...
2023-12-22 19:43:05,012 - rasterio._env - DEBUG - GDAL data found in package: path='/home/metpublic/PYTHON_VENV/present_weather/lib/python3.10/site-packages/rasterio/gdal_data'.
2023-12-22 19:43:05,013 - rasterio._env - DEBUG - PROJ data found in package: path='/home/metpublic/PYTHON_VENV/present_weather/lib/python3.10/site-packages/rasterio/proj_data'.
2023-12-22 19:43:05,013 - rasterio._env - DEBUG - Started GDALEnv: self=<rasterio._env.GDALEnv object at 0x7fed754c5570>.
2023-12-22 19:43:05,013 - rasterio.env - DEBUG - Entered env context: <rasterio.env.Env object at 0x7fed754c55a0>
2023-12-22 19:43:05,013 - rasterio._base - DEBUG - Sharing flag: 0
2023-12-22 19:43:05,347 - rasterio._base - DEBUG - Nodata success: 1, Nodata value: nan
2023-12-22 19:43:05,347 - rasterio._base - DEBUG - Dataset <open DatasetReader name='https://radar.bmkg.go.id/raster/radarsatelit_202312221940.tif' mode='r'> is started.
2023-12-22 19:43:05,347 - rasterio.env - DEBUG - Exiting env context: <rasterio.env.Env object at 0x7fed754c55a0>
2023-12-22 19:43:05,347 - rasterio.env - DEBUG - Cleared existing <rasterio._env.GDALEnv object at 0x7fed754c5570> options
2023-12-22 19:43:05,348 - rasterio._env - DEBUG - Stopped GDALEnv <rasterio._env.GDALEnv object at 0x7fed754c5570>.
2023-12-22 19:43:05,348 - rasterio.env - DEBUG - Exiting outermost env
2023-12-22 19:43:05,348 - rasterio.env - DEBUG - Exited env context: <rasterio.env.Env object at 0x7fed754c55a0>
2023-12-22 19:43:05,348 - rasterio.env - DEBUG - Entering env context: <rasterio.env.Env object at 0x7fed75480cd0>
2023-12-22 19:43:05,348 - rasterio.env - DEBUG - Starting outermost env
2023-12-22 19:43:05,348 - rasterio.env - DEBUG - No GDAL environment exists
2023-12-22 19:43:05,348 - rasterio.env - DEBUG - New GDAL environment <rasterio._env.GDALEnv object at 0x7fed754c5570> created
2023-12-22 19:43:05,348 - rasterio._env - DEBUG - GDAL data found in package: path='/home/metpublic/PYTHON_VENV/present_weather/lib/python3.10/site-packages/rasterio/gdal_data'.
2023-12-22 19:43:05,348 - rasterio._env - DEBUG - PROJ data found in package: path='/home/metpublic/PYTHON_VENV/present_weather/lib/python3.10/site-packages/rasterio/proj_data'.
2023-12-22 19:43:05,349 - rasterio._env - DEBUG - Started GDALEnv: self=<rasterio._env.GDALEnv object at 0x7fed754c5570>.
2023-12-22 19:43:05,349 - rasterio.env - DEBUG - Entered env context: <rasterio.env.Env object at 0x7fed75480cd0>
2023-12-22 19:43:05,349 - rasterio.env - DEBUG - Got a copy of environment <rasterio._env.GDALEnv object at 0x7fed754c5570> options
2023-12-22 19:43:05,349 - rasterio.env - DEBUG - Entering env context: <rasterio.env.Env object at 0x7fed743834f0>
2023-12-22 19:43:05,349 - rasterio.env - DEBUG - Got a copy of environment <rasterio._env.GDALEnv object at 0x7fed754c5570> options
2023-12-22 19:43:05,349 - rasterio.env - DEBUG - Entered env context: <rasterio.env.Env object at 0x7fed743834f0>
2023-12-22 19:43:05,349 - rasterio._base - DEBUG - Sharing flag: 0
2023-12-22 19:43:05,350 - rasterio._base - DEBUG - Nodata success: 1, Nodata value: nan
2023-12-22 19:43:05,350 - rasterio._base - DEBUG - Dataset <open DatasetReader name='https://radar.bmkg.go.id/raster/radarsatelit_202312221940.tif' mode='r'> is started.
2023-12-22 19:43:05,351 - rasterio.env - DEBUG - Exiting env context: <rasterio.env.Env object at 0x7fed743834f0>
2023-12-22 19:43:05,351 - rasterio.env - DEBUG - Cleared existing <rasterio._env.GDALEnv object at 0x7fed754c5570> options
2023-12-22 19:43:05,351 - rasterio._env - DEBUG - Stopped GDALEnv <rasterio._env.GDALEnv object at 0x7fed754c5570>.
2023-12-22 19:43:05,351 - rasterio.env - DEBUG - No GDAL environment exists
2023-12-22 19:43:05,351 - rasterio.env - DEBUG - New GDAL environment <rasterio._env.GDALEnv object at 0x7fed754c5570> created
2023-12-22 19:43:05,351 - rasterio._env - DEBUG - GDAL data found in package: path='/home/metpublic/PYTHON_VENV/present_weather/lib/python3.10/site-packages/rasterio/gdal_data'.
2023-12-22 19:43:05,351 - rasterio._env - DEBUG - PROJ data found in package: path='/home/metpublic/PYTHON_VENV/present_weather/lib/python3.10/site-packages/rasterio/proj_data'.
2023-12-22 19:43:05,351 - rasterio._env - DEBUG - Started GDALEnv: self=<rasterio._env.GDALEnv object at 0x7fed754c5570>.
2023-12-22 19:43:05,351 - rasterio.env - DEBUG - Exited env context: <rasterio.env.Env object at 0x7fed743834f0>
2023-12-22 19:43:05,367 - rasterio._io - DEBUG - Output nodata value read from file: nan
2023-12-22 19:43:05,367 - rasterio._io - DEBUG - Output nodata values: [nan]
2023-12-22 19:43:05,367 - rasterio._io - DEBUG - all_valid: False
2023-12-22 19:43:05,367 - rasterio._io - DEBUG - mask_flags: ([<MaskFlags.nodata: 8>],)
2023-12-22 19:43:05,368 - rasterio._io - DEBUG - Jump straight to _read()
2023-12-22 19:43:05,368 - rasterio._io - DEBUG - Window: Window(col_off=0, row_off=0, width=10176, height=3732)
2023-12-22 19:43:05,368 - rasterio._io - DEBUG - IO window xoff=0.0 yoff=0.0 width=10176.0 height=3732.0
2023-12-22 19:43:05,940 - rasterio.env - DEBUG - Exiting env context: <rasterio.env.Env object at 0x7fed75480cd0>
2023-12-22 19:43:05,940 - rasterio.env - DEBUG - Cleared existing <rasterio._env.GDALEnv object at 0x7fed754c5570> options
2023-12-22 19:43:05,940 - rasterio._env - DEBUG - Stopped GDALEnv <rasterio._env.GDALEnv object at 0x7fed754c5570>.
2023-12-22 19:43:05,940 - rasterio.env - DEBUG - Exiting outermost env
2023-12-22 19:43:05,940 - rasterio.env - DEBUG - Exited env context: <rasterio.env.Env object at 0x7fed75480cd0>
2023-12-22 19:47:38,757 - rasterio.env - DEBUG - Entering env context: <rasterio.env.Env object at 0x7fed743823e0>
2023-12-22 19:47:38,757 - rasterio.env - DEBUG - Starting outermost env
2023-12-22 19:47:38,757 - rasterio.env - DEBUG - No GDAL environment exists
2023-12-22 19:47:38,757 - rasterio.env - DEBUG - New GDAL environment <rasterio._env.GDALEnv object at 0x7fed74382800> created
2023-12-22 19:47:38,759 - rasterio._env - DEBUG - GDAL data found in package: path='/home/metpublic/PYTHON_VENV/present_weather/lib/python3.10/site-packages/rasterio/gdal_data'.
2023-12-22 19:47:38,759 - rasterio._env - DEBUG - PROJ data found in package: path='/home/metpublic/PYTHON_VENV/present_weather/lib/python3.10/site-packages/rasterio/proj_data'.
2023-12-22 19:47:38,759 - rasterio._env - DEBUG - Started GDALEnv: self=<rasterio._env.GDALEnv object at 0x7fed74382800>.
2023-12-22 19:47:38,759 - rasterio.env - DEBUG - Entered env context: <rasterio.env.Env object at 0x7fed743823e0>
2023-12-22 19:47:38,759 - rasterio._base - DEBUG - Sharing flag: 0
2023-12-22 19:47:38,760 - rasterio._base - DEBUG - Nodata success: 0, Nodata value: 0.000000
2023-12-22 19:47:38,761 - rasterio._base - DEBUG - Dataset <open DatasetReader name='/home/metpublic/TASK_RELEASE/EFAN/present_weather/src/H09_B13_Indonesia_20231222.Z1930.cor.tiff' mode='r'> is started.
2023-12-22 19:47:38,761 - rasterio.env - DEBUG - Exiting env context: <rasterio.env.Env object at 0x7fed743823e0>
2023-12-22 19:47:38,761 - rasterio.env - DEBUG - Cleared existing <rasterio._env.GDALEnv object at 0x7fed74382800> options
2023-12-22 19:47:38,761 - rasterio._env - DEBUG - Stopped GDALEnv <rasterio._env.GDALEnv object at 0x7fed74382800>.
2023-12-22 19:47:38,761 - rasterio.env - DEBUG - Exiting outermost env
2023-12-22 19:47:38,761 - rasterio.env - DEBUG - Exited env context: <rasterio.env.Env object at 0x7fed743823e0>
2023-12-22 19:47:38,762 - rasterio.env - DEBUG - Entering env context: <rasterio.env.Env object at 0x7fed741725f0>
2023-12-22 19:47:38,762 - rasterio.env - DEBUG - Starting outermost env
2023-12-22 19:47:38,762 - rasterio.env - DEBUG - No GDAL environment exists
2023-12-22 19:47:38,762 - rasterio.env - DEBUG - New GDAL environment <rasterio._env.GDALEnv object at 0x7fed741717e0> created
2023-12-22 19:47:38,762 - rasterio._env - DEBUG - GDAL data found in package: path='/home/metpublic/PYTHON_VENV/present_weather/lib/python3.10/site-packages/rasterio/gdal_data'.
2023-12-22 19:47:38,763 - rasterio._env - DEBUG - PROJ data found in package: path='/home/metpublic/PYTHON_VENV/present_weather/lib/python3.10/site-packages/rasterio/proj_data'.
2023-12-22 19:47:38,763 - rasterio._env - DEBUG - Started GDALEnv: self=<rasterio._env.GDALEnv object at 0x7fed741717e0>.
2023-12-22 19:47:38,763 - rasterio.env - DEBUG - Entered env context: <rasterio.env.Env object at 0x7fed741725f0>
2023-12-22 19:47:38,763 - rasterio._base - DEBUG - Sharing flag: 0
2023-12-22 19:47:38,764 - rasterio._base - DEBUG - Nodata success: 0, Nodata value: 0.000000
2023-12-22 19:47:38,765 - rasterio._base - DEBUG - Dataset <open DatasetReader name='/home/metpublic/TASK_RELEASE/EFAN/present_weather/src/H09_B13_Indonesia_20231222.Z1930.cor.tiff' mode='r'> is started.
2023-12-22 19:47:38,765 - rasterio.env - DEBUG - Exiting env context: <rasterio.env.Env object at 0x7fed741725f0>
2023-12-22 19:47:38,765 - rasterio.env - DEBUG - Cleared existing <rasterio._env.GDALEnv object at 0x7fed741717e0> options
2023-12-22 19:47:38,765 - rasterio._env - DEBUG - Stopped GDALEnv <rasterio._env.GDALEnv object at 0x7fed741717e0>.
2023-12-22 19:47:38,765 - rasterio.env - DEBUG - Exiting outermost env
2023-12-22 19:47:38,765 - rasterio.env - DEBUG - Exited env context: <rasterio.env.Env object at 0x7fed741725f0>
2023-12-22 19:47:38,777 - root - INFO - Generating present weather using SATELITE data
2023-12-22 19:49:07,952 - root - INFO - Total elapsed time: 0:06:04.742466
