2023-11-24 06:43:03,850 - root - INFO - Initiating present weather
2023-11-24 06:43:03,853 - asyncio - DEBUG - Using selector: EpollSelector
2023-11-24 06:43:07,244 - urllib3.connectionpool - DEBUG - Starting new HTTPS connection (1): radar.bmkg.go.id:8060
2023-11-24 06:43:07,315 - urllib3.connectionpool - DEBUG - https://radar.bmkg.go.id:8060 "GET /getRadarGeotif?token=19387e71e78522ae4172ec0fda640983b8438c9cfa0ca571623cb69d8327&radar=amandemenForecast&type=latest HTTP/1.1" 200 90
2023-11-24 06:43:07,317 - rasterio.env - DEBUG - Entering env context: <rasterio.env.Env object at 0x7fac6de76c60>
2023-11-24 06:43:07,318 - rasterio.env - DEBUG - Starting outermost env
2023-11-24 06:43:07,318 - rasterio.env - DEBUG - No GDAL environment exists
2023-11-24 06:43:07,318 - rasterio.env - DEBUG - New GDAL environment <rasterio._env.GDALEnv object at 0x7fac6e1c1420> created
2023-11-24 06:43:07,322 - rasterio._filepath - DEBUG - Installing FilePath filesystem handler plugin...
2023-11-24 06:43:07,322 - rasterio._env - DEBUG - GDAL data found in package: path='/home/swx/miniconda3/envs/present_weather/lib/python3.12/site-packages/rasterio/gdal_data'.
2023-11-24 06:43:07,323 - rasterio._env - DEBUG - PROJ_LIB found in environment.
2023-11-24 06:43:07,323 - rasterio._env - DEBUG - Started GDALEnv: self=<rasterio._env.GDALEnv object at 0x7fac6e1c1420>.
2023-11-24 06:43:07,323 - rasterio.env - DEBUG - Entered env context: <rasterio.env.Env object at 0x7fac6de76c60>
2023-11-24 06:43:07,323 - rasterio._base - DEBUG - Sharing flag: 0
2023-11-24 06:43:07,527 - rasterio._base - DEBUG - Nodata success: 1, Nodata value: nan
2023-11-24 06:43:07,527 - rasterio._base - DEBUG - Dataset <open DatasetReader name='https://radar.bmkg.go.id/raster/radarsatelit_202311240640.tif' mode='r'> is started.
2023-11-24 06:43:07,527 - rasterio.env - DEBUG - Exiting env context: <rasterio.env.Env object at 0x7fac6de76c60>
2023-11-24 06:43:07,528 - rasterio.env - DEBUG - Cleared existing <rasterio._env.GDALEnv object at 0x7fac6e1c1420> options
2023-11-24 06:43:07,528 - rasterio._env - DEBUG - Stopped GDALEnv <rasterio._env.GDALEnv object at 0x7fac6e1c1420>.
2023-11-24 06:43:07,528 - rasterio.env - DEBUG - Exiting outermost env
2023-11-24 06:43:07,528 - rasterio.env - DEBUG - Exited env context: <rasterio.env.Env object at 0x7fac6de76c60>
2023-11-24 06:43:07,528 - rasterio.env - DEBUG - Entering env context: <rasterio.env.Env object at 0x7fac6e1c1430>
2023-11-24 06:43:07,528 - rasterio.env - DEBUG - Starting outermost env
2023-11-24 06:43:07,528 - rasterio.env - DEBUG - No GDAL environment exists
2023-11-24 06:43:07,528 - rasterio.env - DEBUG - New GDAL environment <rasterio._env.GDALEnv object at 0x7fac6dea4a60> created
2023-11-24 06:43:07,529 - rasterio._env - DEBUG - GDAL data found in package: path='/home/swx/miniconda3/envs/present_weather/lib/python3.12/site-packages/rasterio/gdal_data'.
2023-11-24 06:43:07,529 - rasterio._env - DEBUG - PROJ_LIB found in environment.
2023-11-24 06:43:07,529 - rasterio._env - DEBUG - Started GDALEnv: self=<rasterio._env.GDALEnv object at 0x7fac6dea4a60>.
2023-11-24 06:43:07,529 - rasterio.env - DEBUG - Entered env context: <rasterio.env.Env object at 0x7fac6e1c1430>
2023-11-24 06:43:07,530 - rasterio.env - DEBUG - Got a copy of environment <rasterio._env.GDALEnv object at 0x7fac6dea4a60> options
2023-11-24 06:43:07,530 - rasterio.env - DEBUG - Entering env context: <rasterio.env.Env object at 0x7fac6df6fa10>
2023-11-24 06:43:07,530 - rasterio.env - DEBUG - Got a copy of environment <rasterio._env.GDALEnv object at 0x7fac6dea4a60> options
2023-11-24 06:43:07,530 - rasterio.env - DEBUG - Entered env context: <rasterio.env.Env object at 0x7fac6df6fa10>
2023-11-24 06:43:07,530 - rasterio._base - DEBUG - Sharing flag: 0
2023-11-24 06:43:07,532 - rasterio._base - DEBUG - Nodata success: 1, Nodata value: nan
2023-11-24 06:43:07,532 - rasterio._base - DEBUG - Dataset <open DatasetReader name='https://radar.bmkg.go.id/raster/radarsatelit_202311240640.tif' mode='r'> is started.
2023-11-24 06:43:07,532 - rasterio.env - DEBUG - Exiting env context: <rasterio.env.Env object at 0x7fac6df6fa10>
2023-11-24 06:43:07,532 - rasterio.env - DEBUG - Cleared existing <rasterio._env.GDALEnv object at 0x7fac6dea4a60> options
2023-11-24 06:43:07,533 - rasterio._env - DEBUG - Stopped GDALEnv <rasterio._env.GDALEnv object at 0x7fac6dea4a60>.
2023-11-24 06:43:07,533 - rasterio.env - DEBUG - No GDAL environment exists
2023-11-24 06:43:07,533 - rasterio.env - DEBUG - New GDAL environment <rasterio._env.GDALEnv object at 0x7fac6dea4a60> created
2023-11-24 06:43:07,533 - rasterio._env - DEBUG - GDAL data found in package: path='/home/swx/miniconda3/envs/present_weather/lib/python3.12/site-packages/rasterio/gdal_data'.
2023-11-24 06:43:07,533 - rasterio._env - DEBUG - PROJ_LIB found in environment.
2023-11-24 06:43:07,534 - rasterio._env - DEBUG - Started GDALEnv: self=<rasterio._env.GDALEnv object at 0x7fac6dea4a60>.
2023-11-24 06:43:07,534 - rasterio.env - DEBUG - Exited env context: <rasterio.env.Env object at 0x7fac6df6fa10>
2023-11-24 06:43:07,560 - rasterio._io - DEBUG - Output nodata value read from file: nan
2023-11-24 06:43:07,561 - rasterio._io - DEBUG - Output nodata values: [nan]
2023-11-24 06:43:07,561 - rasterio._io - DEBUG - all_valid: False
2023-11-24 06:43:07,561 - rasterio._io - DEBUG - mask_flags: ([<MaskFlags.nodata: 8>],)
2023-11-24 06:43:07,561 - rasterio._io - DEBUG - Jump straight to _read()
2023-11-24 06:43:07,561 - rasterio._io - DEBUG - Window: Window(col_off=0, row_off=0, width=10178, height=3732)
2023-11-24 06:43:07,562 - rasterio._io - DEBUG - IO window xoff=0.0 yoff=0.0 width=10178.0 height=3732.0
2023-11-24 06:43:08,462 - rasterio.env - DEBUG - Exiting env context: <rasterio.env.Env object at 0x7fac6e1c1430>
2023-11-24 06:43:08,462 - rasterio.env - DEBUG - Cleared existing <rasterio._env.GDALEnv object at 0x7fac6dea4a60> options
2023-11-24 06:43:08,462 - rasterio._env - DEBUG - Stopped GDALEnv <rasterio._env.GDALEnv object at 0x7fac6dea4a60>.
2023-11-24 06:43:08,462 - rasterio.env - DEBUG - Exiting outermost env
2023-11-24 06:43:08,462 - rasterio.env - DEBUG - Exited env context: <rasterio.env.Env object at 0x7fac6e1c1430>
2023-11-24 06:43:08,465 - urllib3.connectionpool - DEBUG - Starting new HTTPS connection (1): radar.bmkg.go.id:8060
2023-11-24 06:43:08,527 - urllib3.connectionpool - DEBUG - https://radar.bmkg.go.id:8060 "GET /getLatestLD?typeData=1 HTTP/1.1" 200 66632
2023-11-24 06:43:08,550 - root - INFO - Generating present weather using RADAR data
2023-11-24 06:43:11,860 - root - INFO - dask.bag<lambda, npartitions=20>
2023-11-24 06:43:30,288 - root - INFO - Total elapsed time: 0:00:26.439867
