2023-11-28 11:48:15,840 - root - INFO - Initiating present weather
2023-11-28 11:48:15,841 - asyncio - DEBUG - Using selector: EpollSelector
2023-11-28 11:48:17,276 - urllib3.connectionpool - DEBUG - Starting new HTTPS connection (1): radar.bmkg.go.id:8060
2023-11-28 11:48:17,290 - urllib3.connectionpool - DEBUG - https://radar.bmkg.go.id:8060 "GET /getLatestLD?typeData=1 HTTP/1.1" 200 62
2023-11-28 11:48:17,292 - urllib3.connectionpool - DEBUG - Starting new HTTPS connection (1): radar.bmkg.go.id:8060
2023-11-28 11:48:17,309 - urllib3.connectionpool - DEBUG - https://radar.bmkg.go.id:8060 "GET /getRadarGeotif?token=19387e71e78522ae4172ec0fda640983b8438c9cfa0ca571623cb69d8327&radar=amandemenForecast&type=latest HTTP/1.1" 200 90
2023-11-28 11:48:17,309 - rasterio.env - DEBUG - Entering env context: <rasterio.env.Env object at 0x7f4e1ece6830>
2023-11-28 11:48:17,310 - rasterio.env - DEBUG - Starting outermost env
2023-11-28 11:48:17,310 - rasterio.env - DEBUG - No GDAL environment exists
2023-11-28 11:48:17,310 - rasterio.env - DEBUG - New GDAL environment <rasterio._env.GDALEnv object at 0x7f4e1ece68c0> created
2023-11-28 11:48:17,312 - rasterio._filepath - DEBUG - Installing FilePath filesystem handler plugin...
2023-11-28 11:48:17,313 - rasterio._env - DEBUG - GDAL data found in package: path='/home/metpublic/PYTHON_VENV/present_weather/lib/python3.10/site-packages/rasterio/gdal_data'.
2023-11-28 11:48:17,313 - rasterio._env - DEBUG - PROJ data found in package: path='/home/metpublic/PYTHON_VENV/present_weather/lib/python3.10/site-packages/rasterio/proj_data'.
2023-11-28 11:48:17,313 - rasterio._env - DEBUG - Started GDALEnv: self=<rasterio._env.GDALEnv object at 0x7f4e1ece68c0>.
2023-11-28 11:48:17,313 - rasterio.env - DEBUG - Entered env context: <rasterio.env.Env object at 0x7f4e1ece6830>
2023-11-28 11:48:17,313 - rasterio._base - DEBUG - Sharing flag: 0
2023-11-28 11:48:17,487 - rasterio._base - DEBUG - Nodata success: 1, Nodata value: nan
2023-11-28 11:48:17,488 - rasterio._base - DEBUG - Dataset <open DatasetReader name='https://radar.bmkg.go.id/raster/radarsatelit_202311281140.tif' mode='r'> is started.
2023-11-28 11:48:17,488 - rasterio.env - DEBUG - Exiting env context: <rasterio.env.Env object at 0x7f4e1ece6830>
2023-11-28 11:48:17,488 - rasterio.env - DEBUG - Cleared existing <rasterio._env.GDALEnv object at 0x7f4e1ece68c0> options
2023-11-28 11:48:17,488 - rasterio._env - DEBUG - Stopped GDALEnv <rasterio._env.GDALEnv object at 0x7f4e1ece68c0>.
2023-11-28 11:48:17,488 - rasterio.env - DEBUG - Exiting outermost env
2023-11-28 11:48:17,488 - rasterio.env - DEBUG - Exited env context: <rasterio.env.Env object at 0x7f4e1ece6830>
2023-11-28 11:48:17,488 - rasterio.env - DEBUG - Entering env context: <rasterio.env.Env object at 0x7f4e1ece6890>
2023-11-28 11:48:17,488 - rasterio.env - DEBUG - Starting outermost env
2023-11-28 11:48:17,489 - rasterio.env - DEBUG - No GDAL environment exists
2023-11-28 11:48:17,489 - rasterio.env - DEBUG - New GDAL environment <rasterio._env.GDALEnv object at 0x7f4e1ece68c0> created
2023-11-28 11:48:17,489 - rasterio._env - DEBUG - GDAL data found in package: path='/home/metpublic/PYTHON_VENV/present_weather/lib/python3.10/site-packages/rasterio/gdal_data'.
2023-11-28 11:48:17,489 - rasterio._env - DEBUG - PROJ data found in package: path='/home/metpublic/PYTHON_VENV/present_weather/lib/python3.10/site-packages/rasterio/proj_data'.
2023-11-28 11:48:17,489 - rasterio._env - DEBUG - Started GDALEnv: self=<rasterio._env.GDALEnv object at 0x7f4e1ece68c0>.
2023-11-28 11:48:17,489 - rasterio.env - DEBUG - Entered env context: <rasterio.env.Env object at 0x7f4e1ece6890>
2023-11-28 11:48:17,490 - rasterio.env - DEBUG - Got a copy of environment <rasterio._env.GDALEnv object at 0x7f4e1ece68c0> options
2023-11-28 11:48:17,490 - rasterio.env - DEBUG - Entering env context: <rasterio.env.Env object at 0x7f4e1c279f00>
2023-11-28 11:48:17,490 - rasterio.env - DEBUG - Got a copy of environment <rasterio._env.GDALEnv object at 0x7f4e1ece68c0> options
2023-11-28 11:48:17,490 - rasterio.env - DEBUG - Entered env context: <rasterio.env.Env object at 0x7f4e1c279f00>
2023-11-28 11:48:17,490 - rasterio._base - DEBUG - Sharing flag: 0
2023-11-28 11:48:17,491 - rasterio._base - DEBUG - Nodata success: 1, Nodata value: nan
2023-11-28 11:48:17,491 - rasterio._base - DEBUG - Dataset <open DatasetReader name='https://radar.bmkg.go.id/raster/radarsatelit_202311281140.tif' mode='r'> is started.
2023-11-28 11:48:17,491 - rasterio.env - DEBUG - Exiting env context: <rasterio.env.Env object at 0x7f4e1c279f00>
2023-11-28 11:48:17,491 - rasterio.env - DEBUG - Cleared existing <rasterio._env.GDALEnv object at 0x7f4e1ece68c0> options
2023-11-28 11:48:17,491 - rasterio._env - DEBUG - Stopped GDALEnv <rasterio._env.GDALEnv object at 0x7f4e1ece68c0>.
2023-11-28 11:48:17,491 - rasterio.env - DEBUG - No GDAL environment exists
2023-11-28 11:48:17,491 - rasterio.env - DEBUG - New GDAL environment <rasterio._env.GDALEnv object at 0x7f4e1ece68c0> created
2023-11-28 11:48:17,492 - rasterio._env - DEBUG - GDAL data found in package: path='/home/metpublic/PYTHON_VENV/present_weather/lib/python3.10/site-packages/rasterio/gdal_data'.
2023-11-28 11:48:17,492 - rasterio._env - DEBUG - PROJ data found in package: path='/home/metpublic/PYTHON_VENV/present_weather/lib/python3.10/site-packages/rasterio/proj_data'.
2023-11-28 11:48:17,492 - rasterio._env - DEBUG - Started GDALEnv: self=<rasterio._env.GDALEnv object at 0x7f4e1ece68c0>.
2023-11-28 11:48:17,493 - rasterio.env - DEBUG - Exited env context: <rasterio.env.Env object at 0x7f4e1c279f00>
2023-11-28 11:48:17,510 - rasterio._io - DEBUG - Output nodata value read from file: nan
2023-11-28 11:48:17,510 - rasterio._io - DEBUG - Output nodata values: [nan]
2023-11-28 11:48:17,511 - rasterio._io - DEBUG - all_valid: False
2023-11-28 11:48:17,511 - rasterio._io - DEBUG - mask_flags: ([<MaskFlags.nodata: 8>],)
2023-11-28 11:48:17,511 - rasterio._io - DEBUG - Jump straight to _read()
2023-11-28 11:48:17,511 - rasterio._io - DEBUG - Window: Window(col_off=0, row_off=0, width=10178, height=3732)
2023-11-28 11:48:17,511 - rasterio._io - DEBUG - IO window xoff=0.0 yoff=0.0 width=10178.0 height=3732.0
2023-11-28 11:48:18,101 - rasterio.env - DEBUG - Exiting env context: <rasterio.env.Env object at 0x7f4e1ece6890>
2023-11-28 11:48:18,101 - rasterio.env - DEBUG - Cleared existing <rasterio._env.GDALEnv object at 0x7f4e1ece68c0> options
2023-11-28 11:48:18,102 - rasterio._env - DEBUG - Stopped GDALEnv <rasterio._env.GDALEnv object at 0x7f4e1ece68c0>.
2023-11-28 11:48:18,102 - rasterio.env - DEBUG - Exiting outermost env
2023-11-28 11:48:18,102 - rasterio.env - DEBUG - Exited env context: <rasterio.env.Env object at 0x7f4e1ece6890>
2023-11-28 11:48:29,168 - root - INFO - Total elapsed time: 0:00:13.328712
