2023-11-04 20:00:03,208 - root - INFO - Initiating present weather
2023-11-04 20:00:03,213 - urllib3.connectionpool - DEBUG - Starting new HTTPS connection (1): radar.bmkg.go.id:8060
2023-11-04 20:00:03,278 - urllib3.connectionpool - DEBUG - https://radar.bmkg.go.id:8060 "GET /getRadarGeotif?token=19387e71e78522ae4172ec0fda640983b8438c9cfa0ca571623cb69d8327&radar=amandemenForecast&type=latest HTTP/1.1" 200 90
2023-11-04 20:00:03,280 - rasterio.env - DEBUG - Entering env context: <rasterio.env.Env object at 0x7fc4494eb650>
2023-11-04 20:00:03,280 - rasterio.env - DEBUG - Starting outermost env
2023-11-04 20:00:03,281 - rasterio.env - DEBUG - No GDAL environment exists
2023-11-04 20:00:03,281 - rasterio.env - DEBUG - New GDAL environment <rasterio._env.GDALEnv object at 0x7fc45a3ffac0> created
2023-11-04 20:00:03,284 - rasterio._filepath - DEBUG - Installing FilePath filesystem handler plugin...
2023-11-04 20:00:03,284 - rasterio._env - DEBUG - GDAL data found in package: path='/home/swx/miniconda3/envs/present_weather/lib/python3.12/site-packages/rasterio/gdal_data'.
2023-11-04 20:00:03,284 - rasterio._env - DEBUG - PROJ_LIB found in environment.
2023-11-04 20:00:03,284 - rasterio._env - DEBUG - Started GDALEnv: self=<rasterio._env.GDALEnv object at 0x7fc45a3ffac0>.
2023-11-04 20:00:03,285 - rasterio.env - DEBUG - Entered env context: <rasterio.env.Env object at 0x7fc4494eb650>
2023-11-04 20:00:03,285 - rasterio._base - DEBUG - Sharing flag: 0
2023-11-04 20:00:03,434 - rasterio._base - DEBUG - Nodata success: 1, Nodata value: nan
2023-11-04 20:00:03,435 - rasterio._base - DEBUG - Dataset <open DatasetReader name='https://radar.bmkg.go.id/raster/radarsatelit_202311041940.tif' mode='r'> is started.
2023-11-04 20:00:03,435 - rasterio.env - DEBUG - Exiting env context: <rasterio.env.Env object at 0x7fc4494eb650>
2023-11-04 20:00:03,435 - rasterio.env - DEBUG - Cleared existing <rasterio._env.GDALEnv object at 0x7fc45a3ffac0> options
2023-11-04 20:00:03,435 - rasterio._env - DEBUG - Stopped GDALEnv <rasterio._env.GDALEnv object at 0x7fc45a3ffac0>.
2023-11-04 20:00:03,435 - rasterio.env - DEBUG - Exiting outermost env
2023-11-04 20:00:03,436 - rasterio.env - DEBUG - Exited env context: <rasterio.env.Env object at 0x7fc4494eb650>
2023-11-04 20:00:03,436 - rasterio.env - DEBUG - Entering env context: <rasterio.env.Env object at 0x7fc3f798e450>
2023-11-04 20:00:03,436 - rasterio.env - DEBUG - Starting outermost env
2023-11-04 20:00:03,436 - rasterio.env - DEBUG - No GDAL environment exists
2023-11-04 20:00:03,436 - rasterio.env - DEBUG - New GDAL environment <rasterio._env.GDALEnv object at 0x7fc45a3ffac0> created
2023-11-04 20:00:03,436 - rasterio._env - DEBUG - GDAL data found in package: path='/home/swx/miniconda3/envs/present_weather/lib/python3.12/site-packages/rasterio/gdal_data'.
2023-11-04 20:00:03,437 - rasterio._env - DEBUG - PROJ_LIB found in environment.
2023-11-04 20:00:03,437 - rasterio._env - DEBUG - Started GDALEnv: self=<rasterio._env.GDALEnv object at 0x7fc45a3ffac0>.
2023-11-04 20:00:03,437 - rasterio.env - DEBUG - Entered env context: <rasterio.env.Env object at 0x7fc3f798e450>
2023-11-04 20:00:03,437 - rasterio.env - DEBUG - Got a copy of environment <rasterio._env.GDALEnv object at 0x7fc45a3ffac0> options
2023-11-04 20:00:03,437 - rasterio.env - DEBUG - Entering env context: <rasterio.env.Env object at 0x7fc449870050>
2023-11-04 20:00:03,437 - rasterio.env - DEBUG - Got a copy of environment <rasterio._env.GDALEnv object at 0x7fc45a3ffac0> options
2023-11-04 20:00:03,438 - rasterio.env - DEBUG - Entered env context: <rasterio.env.Env object at 0x7fc449870050>
2023-11-04 20:00:03,438 - rasterio._base - DEBUG - Sharing flag: 0
2023-11-04 20:00:03,439 - rasterio._base - DEBUG - Nodata success: 1, Nodata value: nan
2023-11-04 20:00:03,439 - rasterio._base - DEBUG - Dataset <open DatasetReader name='https://radar.bmkg.go.id/raster/radarsatelit_202311041940.tif' mode='r'> is started.
2023-11-04 20:00:03,439 - rasterio.env - DEBUG - Exiting env context: <rasterio.env.Env object at 0x7fc449870050>
2023-11-04 20:00:03,439 - rasterio.env - DEBUG - Cleared existing <rasterio._env.GDALEnv object at 0x7fc45a3ffac0> options
2023-11-04 20:00:03,439 - rasterio._env - DEBUG - Stopped GDALEnv <rasterio._env.GDALEnv object at 0x7fc45a3ffac0>.
2023-11-04 20:00:03,439 - rasterio.env - DEBUG - No GDAL environment exists
2023-11-04 20:00:03,439 - rasterio.env - DEBUG - New GDAL environment <rasterio._env.GDALEnv object at 0x7fc45a3ffac0> created
2023-11-04 20:00:03,439 - rasterio._env - DEBUG - GDAL data found in package: path='/home/swx/miniconda3/envs/present_weather/lib/python3.12/site-packages/rasterio/gdal_data'.
2023-11-04 20:00:03,440 - rasterio._env - DEBUG - PROJ_LIB found in environment.
2023-11-04 20:00:03,440 - rasterio._env - DEBUG - Started GDALEnv: self=<rasterio._env.GDALEnv object at 0x7fc45a3ffac0>.
2023-11-04 20:00:03,440 - rasterio.env - DEBUG - Exited env context: <rasterio.env.Env object at 0x7fc449870050>
2023-11-04 20:00:03,463 - rasterio._io - DEBUG - Output nodata value read from file: nan
2023-11-04 20:00:03,463 - rasterio._io - DEBUG - Output nodata values: [nan]
2023-11-04 20:00:03,464 - rasterio._io - DEBUG - all_valid: False
2023-11-04 20:00:03,464 - rasterio._io - DEBUG - mask_flags: ([<MaskFlags.nodata: 8>],)
2023-11-04 20:00:03,464 - rasterio._io - DEBUG - Jump straight to _read()
2023-11-04 20:00:03,464 - rasterio._io - DEBUG - Window: Window(col_off=0, row_off=0, width=10215, height=3792)
2023-11-04 20:00:03,465 - rasterio._io - DEBUG - IO window xoff=0.0 yoff=0.0 width=10215.0 height=3792.0
2023-11-04 20:00:04,150 - rasterio.env - DEBUG - Exiting env context: <rasterio.env.Env object at 0x7fc3f798e450>
2023-11-04 20:00:04,150 - rasterio.env - DEBUG - Cleared existing <rasterio._env.GDALEnv object at 0x7fc45a3ffac0> options
2023-11-04 20:00:04,150 - rasterio._env - DEBUG - Stopped GDALEnv <rasterio._env.GDALEnv object at 0x7fc45a3ffac0>.
2023-11-04 20:00:04,150 - rasterio.env - DEBUG - Exiting outermost env
2023-11-04 20:00:04,150 - rasterio.env - DEBUG - Exited env context: <rasterio.env.Env object at 0x7fc3f798e450>
2023-11-04 20:00:04,152 - urllib3.connectionpool - DEBUG - Starting new HTTPS connection (1): radar.bmkg.go.id:8060
2023-11-04 20:00:09,255 - urllib3.connectionpool - DEBUG - https://radar.bmkg.go.id:8060 "GET /getLatestLD?typeData=1 HTTP/1.1" 200 218527
2023-11-04 20:00:09,327 - asyncio - DEBUG - Using selector: EpollSelector
2023-11-04 20:16:39,421 - root - INFO - Total elapsed time: 0:16:36.213481
