2023-11-20 10:43:03,632 - root - INFO - Initiating present weather
2023-11-20 10:43:03,637 - urllib3.connectionpool - DEBUG - Starting new HTTPS connection (1): radar.bmkg.go.id:8060
2023-11-20 10:43:03,699 - urllib3.connectionpool - DEBUG - https://radar.bmkg.go.id:8060 "GET /getRadarGeotif?token=19387e71e78522ae4172ec0fda640983b8438c9cfa0ca571623cb69d8327&radar=amandemenForecast&type=latest HTTP/1.1" 200 90
2023-11-20 10:43:03,702 - rasterio.env - DEBUG - Entering env context: <rasterio.env.Env object at 0x7f81e16fb110>
2023-11-20 10:43:03,703 - rasterio.env - DEBUG - Starting outermost env
2023-11-20 10:43:03,703 - rasterio.env - DEBUG - No GDAL environment exists
2023-11-20 10:43:03,703 - rasterio.env - DEBUG - New GDAL environment <rasterio._env.GDALEnv object at 0x7f820c574c10> created
2023-11-20 10:43:03,707 - rasterio._filepath - DEBUG - Installing FilePath filesystem handler plugin...
2023-11-20 10:43:03,707 - rasterio._env - DEBUG - GDAL data found in package: path='/home/swx/miniconda3/envs/present_weather/lib/python3.12/site-packages/rasterio/gdal_data'.
2023-11-20 10:43:03,707 - rasterio._env - DEBUG - PROJ_LIB found in environment.
2023-11-20 10:43:03,707 - rasterio._env - DEBUG - Started GDALEnv: self=<rasterio._env.GDALEnv object at 0x7f820c574c10>.
2023-11-20 10:43:03,707 - rasterio.env - DEBUG - Entered env context: <rasterio.env.Env object at 0x7f81e16fb110>
2023-11-20 10:43:03,708 - rasterio._base - DEBUG - Sharing flag: 0
2023-11-20 10:43:03,898 - rasterio._base - DEBUG - Nodata success: 1, Nodata value: nan
2023-11-20 10:43:03,899 - rasterio._base - DEBUG - Dataset <open DatasetReader name='https://radar.bmkg.go.id/raster/radarsatelit_202311201040.tif' mode='r'> is started.
2023-11-20 10:43:03,899 - rasterio.env - DEBUG - Exiting env context: <rasterio.env.Env object at 0x7f81e16fb110>
2023-11-20 10:43:03,899 - rasterio.env - DEBUG - Cleared existing <rasterio._env.GDALEnv object at 0x7f820c574c10> options
2023-11-20 10:43:03,899 - rasterio._env - DEBUG - Stopped GDALEnv <rasterio._env.GDALEnv object at 0x7f820c574c10>.
2023-11-20 10:43:03,900 - rasterio.env - DEBUG - Exiting outermost env
2023-11-20 10:43:03,900 - rasterio.env - DEBUG - Exited env context: <rasterio.env.Env object at 0x7f81e16fb110>
2023-11-20 10:43:03,900 - rasterio.env - DEBUG - Entering env context: <rasterio.env.Env object at 0x7f817f1c7d40>
2023-11-20 10:43:03,900 - rasterio.env - DEBUG - Starting outermost env
2023-11-20 10:43:03,900 - rasterio.env - DEBUG - No GDAL environment exists
2023-11-20 10:43:03,900 - rasterio.env - DEBUG - New GDAL environment <rasterio._env.GDALEnv object at 0x7f820c574c10> created
2023-11-20 10:43:03,901 - rasterio._env - DEBUG - GDAL data found in package: path='/home/swx/miniconda3/envs/present_weather/lib/python3.12/site-packages/rasterio/gdal_data'.
2023-11-20 10:43:03,901 - rasterio._env - DEBUG - PROJ_LIB found in environment.
2023-11-20 10:43:03,901 - rasterio._env - DEBUG - Started GDALEnv: self=<rasterio._env.GDALEnv object at 0x7f820c574c10>.
2023-11-20 10:43:03,901 - rasterio.env - DEBUG - Entered env context: <rasterio.env.Env object at 0x7f817f1c7d40>
2023-11-20 10:43:03,902 - rasterio.env - DEBUG - Got a copy of environment <rasterio._env.GDALEnv object at 0x7f820c574c10> options
2023-11-20 10:43:03,902 - rasterio.env - DEBUG - Entering env context: <rasterio.env.Env object at 0x7f817f5187d0>
2023-11-20 10:43:03,902 - rasterio.env - DEBUG - Got a copy of environment <rasterio._env.GDALEnv object at 0x7f820c574c10> options
2023-11-20 10:43:03,902 - rasterio.env - DEBUG - Entered env context: <rasterio.env.Env object at 0x7f817f5187d0>
2023-11-20 10:43:03,903 - rasterio._base - DEBUG - Sharing flag: 0
2023-11-20 10:43:03,904 - rasterio._base - DEBUG - Nodata success: 1, Nodata value: nan
2023-11-20 10:43:03,904 - rasterio._base - DEBUG - Dataset <open DatasetReader name='https://radar.bmkg.go.id/raster/radarsatelit_202311201040.tif' mode='r'> is started.
2023-11-20 10:43:03,904 - rasterio.env - DEBUG - Exiting env context: <rasterio.env.Env object at 0x7f817f5187d0>
2023-11-20 10:43:03,904 - rasterio.env - DEBUG - Cleared existing <rasterio._env.GDALEnv object at 0x7f820c574c10> options
2023-11-20 10:43:03,904 - rasterio._env - DEBUG - Stopped GDALEnv <rasterio._env.GDALEnv object at 0x7f820c574c10>.
2023-11-20 10:43:03,904 - rasterio.env - DEBUG - No GDAL environment exists
2023-11-20 10:43:03,904 - rasterio.env - DEBUG - New GDAL environment <rasterio._env.GDALEnv object at 0x7f820c574c10> created
2023-11-20 10:43:03,905 - rasterio._env - DEBUG - GDAL data found in package: path='/home/swx/miniconda3/envs/present_weather/lib/python3.12/site-packages/rasterio/gdal_data'.
2023-11-20 10:43:03,905 - rasterio._env - DEBUG - PROJ_LIB found in environment.
2023-11-20 10:43:03,905 - rasterio._env - DEBUG - Started GDALEnv: self=<rasterio._env.GDALEnv object at 0x7f820c574c10>.
2023-11-20 10:43:03,905 - rasterio.env - DEBUG - Exited env context: <rasterio.env.Env object at 0x7f817f5187d0>
2023-11-20 10:43:03,937 - rasterio._io - DEBUG - Output nodata value read from file: nan
2023-11-20 10:43:03,937 - rasterio._io - DEBUG - Output nodata values: [nan]
2023-11-20 10:43:03,938 - rasterio._io - DEBUG - all_valid: False
2023-11-20 10:43:03,938 - rasterio._io - DEBUG - mask_flags: ([<MaskFlags.nodata: 8>],)
2023-11-20 10:43:03,938 - rasterio._io - DEBUG - Jump straight to _read()
2023-11-20 10:43:03,938 - rasterio._io - DEBUG - Window: Window(col_off=0, row_off=0, width=10215, height=3792)
2023-11-20 10:43:03,939 - rasterio._io - DEBUG - IO window xoff=0.0 yoff=0.0 width=10215.0 height=3792.0
2023-11-20 10:43:04,626 - rasterio.env - DEBUG - Exiting env context: <rasterio.env.Env object at 0x7f817f1c7d40>
2023-11-20 10:43:04,626 - rasterio.env - DEBUG - Cleared existing <rasterio._env.GDALEnv object at 0x7f820c574c10> options
2023-11-20 10:43:04,626 - rasterio._env - DEBUG - Stopped GDALEnv <rasterio._env.GDALEnv object at 0x7f820c574c10>.
2023-11-20 10:43:04,626 - rasterio.env - DEBUG - Exiting outermost env
2023-11-20 10:43:04,626 - rasterio.env - DEBUG - Exited env context: <rasterio.env.Env object at 0x7f817f1c7d40>
2023-11-20 10:43:04,628 - urllib3.connectionpool - DEBUG - Starting new HTTPS connection (1): radar.bmkg.go.id:8060
2023-11-20 10:43:04,696 - urllib3.connectionpool - DEBUG - https://radar.bmkg.go.id:8060 "GET /getLatestLD?typeData=1 HTTP/1.1" 200 96763
2023-11-20 10:43:04,729 - asyncio - DEBUG - Using selector: EpollSelector
2023-11-20 10:43:11,420 - root - INFO - dask.bag<lambda, npartitions=34>
2023-11-20 10:57:15,496 - root - INFO - Total elapsed time: 0:14:11.864270
