2023-11-27 11:43:02,495 - root - INFO - Initiating present weather
2023-11-27 11:43:02,497 - asyncio - DEBUG - Using selector: EpollSelector
2023-11-27 11:43:03,955 - urllib3.connectionpool - DEBUG - Starting new HTTPS connection (1): radar.bmkg.go.id:8060
2023-11-27 11:43:03,976 - urllib3.connectionpool - DEBUG - https://radar.bmkg.go.id:8060 "GET /getRadarGeotif?token=19387e71e78522ae4172ec0fda640983b8438c9cfa0ca571623cb69d8327&radar=amandemenForecast&type=latest HTTP/1.1" 200 90
2023-11-27 11:43:03,977 - rasterio.env - DEBUG - Entering env context: <rasterio.env.Env object at 0x7fb5cc1ed690>
2023-11-27 11:43:03,978 - rasterio.env - DEBUG - Starting outermost env
2023-11-27 11:43:03,978 - rasterio.env - DEBUG - No GDAL environment exists
2023-11-27 11:43:03,978 - rasterio.env - DEBUG - New GDAL environment <rasterio._env.GDALEnv object at 0x7fb5cc1ee530> created
2023-11-27 11:43:03,981 - rasterio._filepath - DEBUG - Installing FilePath filesystem handler plugin...
2023-11-27 11:43:03,981 - rasterio._env - DEBUG - GDAL data found in package: path='/home/metpublic/PYTHON_VENV/present_weather/lib/python3.10/site-packages/rasterio/gdal_data'.
2023-11-27 11:43:03,981 - rasterio._env - DEBUG - PROJ data found in package: path='/home/metpublic/PYTHON_VENV/present_weather/lib/python3.10/site-packages/rasterio/proj_data'.
2023-11-27 11:43:03,981 - rasterio._env - DEBUG - Started GDALEnv: self=<rasterio._env.GDALEnv object at 0x7fb5cc1ee530>.
2023-11-27 11:43:03,981 - rasterio.env - DEBUG - Entered env context: <rasterio.env.Env object at 0x7fb5cc1ed690>
2023-11-27 11:43:03,982 - rasterio._base - DEBUG - Sharing flag: 0
2023-11-27 11:43:04,160 - rasterio._base - DEBUG - Nodata success: 1, Nodata value: nan
2023-11-27 11:43:04,160 - rasterio._base - DEBUG - Dataset <open DatasetReader name='https://radar.bmkg.go.id/raster/radarsatelit_202311271140.tif' mode='r'> is started.
2023-11-27 11:43:04,161 - rasterio.env - DEBUG - Exiting env context: <rasterio.env.Env object at 0x7fb5cc1ed690>
2023-11-27 11:43:04,161 - rasterio.env - DEBUG - Cleared existing <rasterio._env.GDALEnv object at 0x7fb5cc1ee530> options
2023-11-27 11:43:04,161 - rasterio._env - DEBUG - Stopped GDALEnv <rasterio._env.GDALEnv object at 0x7fb5cc1ee530>.
2023-11-27 11:43:04,161 - rasterio.env - DEBUG - Exiting outermost env
2023-11-27 11:43:04,161 - rasterio.env - DEBUG - Exited env context: <rasterio.env.Env object at 0x7fb5cc1ed690>
2023-11-27 11:43:04,161 - rasterio.env - DEBUG - Entering env context: <rasterio.env.Env object at 0x7fb5ceb03670>
2023-11-27 11:43:04,161 - rasterio.env - DEBUG - Starting outermost env
2023-11-27 11:43:04,161 - rasterio.env - DEBUG - No GDAL environment exists
2023-11-27 11:43:04,161 - rasterio.env - DEBUG - New GDAL environment <rasterio._env.GDALEnv object at 0x7fb5cc1ee530> created
2023-11-27 11:43:04,162 - rasterio._env - DEBUG - GDAL data found in package: path='/home/metpublic/PYTHON_VENV/present_weather/lib/python3.10/site-packages/rasterio/gdal_data'.
2023-11-27 11:43:04,162 - rasterio._env - DEBUG - PROJ data found in package: path='/home/metpublic/PYTHON_VENV/present_weather/lib/python3.10/site-packages/rasterio/proj_data'.
2023-11-27 11:43:04,162 - rasterio._env - DEBUG - Started GDALEnv: self=<rasterio._env.GDALEnv object at 0x7fb5cc1ee530>.
2023-11-27 11:43:04,162 - rasterio.env - DEBUG - Entered env context: <rasterio.env.Env object at 0x7fb5ceb03670>
2023-11-27 11:43:04,162 - rasterio.env - DEBUG - Got a copy of environment <rasterio._env.GDALEnv object at 0x7fb5cc1ee530> options
2023-11-27 11:43:04,162 - rasterio.env - DEBUG - Entering env context: <rasterio.env.Env object at 0x7fb5cc23ca00>
2023-11-27 11:43:04,162 - rasterio.env - DEBUG - Got a copy of environment <rasterio._env.GDALEnv object at 0x7fb5cc1ee530> options
2023-11-27 11:43:04,162 - rasterio.env - DEBUG - Entered env context: <rasterio.env.Env object at 0x7fb5cc23ca00>
2023-11-27 11:43:04,163 - rasterio._base - DEBUG - Sharing flag: 0
2023-11-27 11:43:04,163 - rasterio._base - DEBUG - Nodata success: 1, Nodata value: nan
2023-11-27 11:43:04,163 - rasterio._base - DEBUG - Dataset <open DatasetReader name='https://radar.bmkg.go.id/raster/radarsatelit_202311271140.tif' mode='r'> is started.
2023-11-27 11:43:04,163 - rasterio.env - DEBUG - Exiting env context: <rasterio.env.Env object at 0x7fb5cc23ca00>
2023-11-27 11:43:04,164 - rasterio.env - DEBUG - Cleared existing <rasterio._env.GDALEnv object at 0x7fb5cc1ee530> options
2023-11-27 11:43:04,164 - rasterio._env - DEBUG - Stopped GDALEnv <rasterio._env.GDALEnv object at 0x7fb5cc1ee530>.
2023-11-27 11:43:04,164 - rasterio.env - DEBUG - No GDAL environment exists
2023-11-27 11:43:04,164 - rasterio.env - DEBUG - New GDAL environment <rasterio._env.GDALEnv object at 0x7fb5cc1ee530> created
2023-11-27 11:43:04,164 - rasterio._env - DEBUG - GDAL data found in package: path='/home/metpublic/PYTHON_VENV/present_weather/lib/python3.10/site-packages/rasterio/gdal_data'.
2023-11-27 11:43:04,164 - rasterio._env - DEBUG - PROJ data found in package: path='/home/metpublic/PYTHON_VENV/present_weather/lib/python3.10/site-packages/rasterio/proj_data'.
2023-11-27 11:43:04,164 - rasterio._env - DEBUG - Started GDALEnv: self=<rasterio._env.GDALEnv object at 0x7fb5cc1ee530>.
2023-11-27 11:43:04,164 - rasterio.env - DEBUG - Exited env context: <rasterio.env.Env object at 0x7fb5cc23ca00>
2023-11-27 11:43:04,180 - rasterio._io - DEBUG - Output nodata value read from file: nan
2023-11-27 11:43:04,180 - rasterio._io - DEBUG - Output nodata values: [nan]
2023-11-27 11:43:04,181 - rasterio._io - DEBUG - all_valid: False
2023-11-27 11:43:04,181 - rasterio._io - DEBUG - mask_flags: ([<MaskFlags.nodata: 8>],)
2023-11-27 11:43:04,183 - rasterio._io - DEBUG - Jump straight to _read()
2023-11-27 11:43:04,183 - rasterio._io - DEBUG - Window: Window(col_off=0, row_off=0, width=10215, height=3792)
2023-11-27 11:43:04,183 - rasterio._io - DEBUG - IO window xoff=0.0 yoff=0.0 width=10215.0 height=3792.0
2023-11-27 11:43:04,738 - rasterio.env - DEBUG - Exiting env context: <rasterio.env.Env object at 0x7fb5ceb03670>
2023-11-27 11:43:04,738 - rasterio.env - DEBUG - Cleared existing <rasterio._env.GDALEnv object at 0x7fb5cc1ee530> options
2023-11-27 11:43:04,738 - rasterio._env - DEBUG - Stopped GDALEnv <rasterio._env.GDALEnv object at 0x7fb5cc1ee530>.
2023-11-27 11:43:04,738 - rasterio.env - DEBUG - Exiting outermost env
2023-11-27 11:43:04,738 - rasterio.env - DEBUG - Exited env context: <rasterio.env.Env object at 0x7fb5ceb03670>
2023-11-27 11:43:04,740 - urllib3.connectionpool - DEBUG - Starting new HTTPS connection (1): radar.bmkg.go.id:8060
2023-11-27 11:43:04,773 - urllib3.connectionpool - DEBUG - https://radar.bmkg.go.id:8060 "GET /getLatestLD?typeData=1 HTTP/1.1" 200 27652
2023-11-27 11:43:04,779 - root - INFO - Generating present weather using RADAR data
2023-11-27 11:43:08,635 - root - INFO - dask.bag<lambda, npartitions=34>
2023-11-27 11:50:00,333 - root - INFO - Total elapsed time: 0:06:57.838757
