2023-11-19 05:00:04,072 - root - INFO - Initiating present weather
2023-11-19 05:00:04,076 - urllib3.connectionpool - DEBUG - Starting new HTTPS connection (1): radar.bmkg.go.id:8060
2023-11-19 05:00:15,791 - rasterio.env - DEBUG - Entering env context: <rasterio.env.Env object at 0x7f3c42f145f0>
2023-11-19 05:00:15,791 - rasterio.env - DEBUG - Starting outermost env
2023-11-19 05:00:15,791 - rasterio.env - DEBUG - No GDAL environment exists
2023-11-19 05:00:15,792 - rasterio.env - DEBUG - New GDAL environment <rasterio._env.GDALEnv object at 0x7f3c43136140> created
2023-11-19 05:00:15,797 - rasterio._filepath - DEBUG - Installing FilePath filesystem handler plugin...
2023-11-19 05:00:15,798 - rasterio._env - DEBUG - GDAL data found in package: path='/home/swx/miniconda3/envs/present_weather/lib/python3.12/site-packages/rasterio/gdal_data'.
2023-11-19 05:00:15,798 - rasterio._env - DEBUG - PROJ_LIB found in environment.
2023-11-19 05:00:15,798 - rasterio._env - DEBUG - Started GDALEnv: self=<rasterio._env.GDALEnv object at 0x7f3c43136140>.
2023-11-19 05:00:15,798 - rasterio.env - DEBUG - Entered env context: <rasterio.env.Env object at 0x7f3c42f145f0>
2023-11-19 05:00:15,798 - rasterio._base - DEBUG - Sharing flag: 0
2023-11-19 05:00:15,818 - rasterio._base - DEBUG - Nodata success: 0, Nodata value: 0.000000
2023-11-19 05:00:15,819 - rasterio._base - DEBUG - Dataset <open DatasetReader name='/home/swx/present_weather/src/H09_B13_Indonesia_20231119.Z0450.cor.tiff' mode='r'> is started.
2023-11-19 05:00:15,819 - rasterio.env - DEBUG - Exiting env context: <rasterio.env.Env object at 0x7f3c42f145f0>
2023-11-19 05:00:15,819 - rasterio.env - DEBUG - Cleared existing <rasterio._env.GDALEnv object at 0x7f3c43136140> options
2023-11-19 05:00:15,819 - rasterio._env - DEBUG - Stopped GDALEnv <rasterio._env.GDALEnv object at 0x7f3c43136140>.
2023-11-19 05:00:15,820 - rasterio.env - DEBUG - Exiting outermost env
2023-11-19 05:00:15,820 - rasterio.env - DEBUG - Exited env context: <rasterio.env.Env object at 0x7f3c42f145f0>
2023-11-19 05:00:15,820 - rasterio.env - DEBUG - Entering env context: <rasterio.env.Env object at 0x7f3c42de0dd0>
2023-11-19 05:00:15,820 - rasterio.env - DEBUG - Starting outermost env
2023-11-19 05:00:15,820 - rasterio.env - DEBUG - No GDAL environment exists
2023-11-19 05:00:15,820 - rasterio.env - DEBUG - New GDAL environment <rasterio._env.GDALEnv object at 0x7f3ca6045f00> created
2023-11-19 05:00:15,821 - rasterio._env - DEBUG - GDAL data found in package: path='/home/swx/miniconda3/envs/present_weather/lib/python3.12/site-packages/rasterio/gdal_data'.
2023-11-19 05:00:15,821 - rasterio._env - DEBUG - PROJ_LIB found in environment.
2023-11-19 05:00:15,821 - rasterio._env - DEBUG - Started GDALEnv: self=<rasterio._env.GDALEnv object at 0x7f3ca6045f00>.
2023-11-19 05:00:15,821 - rasterio.env - DEBUG - Entered env context: <rasterio.env.Env object at 0x7f3c42de0dd0>
2023-11-19 05:00:15,822 - rasterio._base - DEBUG - Sharing flag: 0
2023-11-19 05:00:15,823 - rasterio._base - DEBUG - Nodata success: 0, Nodata value: 0.000000
2023-11-19 05:00:15,823 - rasterio._base - DEBUG - Dataset <open DatasetReader name='/home/swx/present_weather/src/H09_B13_Indonesia_20231119.Z0450.cor.tiff' mode='r'> is started.
2023-11-19 05:00:15,823 - rasterio.env - DEBUG - Exiting env context: <rasterio.env.Env object at 0x7f3c42de0dd0>
2023-11-19 05:00:15,823 - rasterio.env - DEBUG - Cleared existing <rasterio._env.GDALEnv object at 0x7f3ca6045f00> options
2023-11-19 05:00:15,823 - rasterio._env - DEBUG - Stopped GDALEnv <rasterio._env.GDALEnv object at 0x7f3ca6045f00>.
2023-11-19 05:00:15,823 - rasterio.env - DEBUG - Exiting outermost env
2023-11-19 05:00:15,823 - rasterio.env - DEBUG - Exited env context: <rasterio.env.Env object at 0x7f3c42de0dd0>
2023-11-19 05:00:15,844 - asyncio - DEBUG - Using selector: EpollSelector
2023-11-19 05:00:19,090 - root - INFO - dask.bag<lambda, npartitions=34>
2023-11-19 05:01:32,169 - root - INFO - Total elapsed time: 0:01:28.098098
