2023-11-22 03:23:03,881 - root - INFO - Initiating present weather
2023-11-22 03:23:03,886 - urllib3.connectionpool - DEBUG - Starting new HTTPS connection (1): radar.bmkg.go.id:8060
2023-11-22 03:23:03,965 - urllib3.connectionpool - DEBUG - https://radar.bmkg.go.id:8060 "GET /getRadarGeotif?token=19387e71e78522ae4172ec0fda640983b8438c9cfa0ca571623cb69d8327&radar=amandemenForecast&type=latest HTTP/1.1" 200 90
2023-11-22 03:23:03,969 - rasterio.env - DEBUG - Entering env context: <rasterio.env.Env object at 0x7f706f118fb0>
2023-11-22 03:23:03,970 - rasterio.env - DEBUG - Starting outermost env
2023-11-22 03:23:03,970 - rasterio.env - DEBUG - No GDAL environment exists
2023-11-22 03:23:03,970 - rasterio.env - DEBUG - New GDAL environment <rasterio._env.GDALEnv object at 0x7f706e1c8160> created
2023-11-22 03:23:03,975 - rasterio._filepath - DEBUG - Installing FilePath filesystem handler plugin...
2023-11-22 03:23:03,975 - rasterio._env - DEBUG - GDAL data found in package: path='/home/swx/miniconda3/envs/present_weather/lib/python3.12/site-packages/rasterio/gdal_data'.
2023-11-22 03:23:03,975 - rasterio._env - DEBUG - PROJ_LIB found in environment.
2023-11-22 03:23:03,975 - rasterio._env - DEBUG - Started GDALEnv: self=<rasterio._env.GDALEnv object at 0x7f706e1c8160>.
2023-11-22 03:23:03,975 - rasterio.env - DEBUG - Entered env context: <rasterio.env.Env object at 0x7f706f118fb0>
2023-11-22 03:23:03,976 - rasterio._base - DEBUG - Sharing flag: 0
2023-11-22 03:23:04,167 - rasterio._base - DEBUG - Nodata success: 1, Nodata value: nan
2023-11-22 03:23:04,167 - rasterio._base - DEBUG - Dataset <open DatasetReader name='https://radar.bmkg.go.id/raster/radarsatelit_202311220320.tif' mode='r'> is started.
2023-11-22 03:23:04,167 - rasterio.env - DEBUG - Exiting env context: <rasterio.env.Env object at 0x7f706f118fb0>
2023-11-22 03:23:04,168 - rasterio.env - DEBUG - Cleared existing <rasterio._env.GDALEnv object at 0x7f706e1c8160> options
2023-11-22 03:23:04,168 - rasterio._env - DEBUG - Stopped GDALEnv <rasterio._env.GDALEnv object at 0x7f706e1c8160>.
2023-11-22 03:23:04,168 - rasterio.env - DEBUG - Exiting outermost env
2023-11-22 03:23:04,168 - rasterio.env - DEBUG - Exited env context: <rasterio.env.Env object at 0x7f706f118fb0>
2023-11-22 03:23:04,168 - rasterio.env - DEBUG - Entering env context: <rasterio.env.Env object at 0x7f706dce2fc0>
2023-11-22 03:23:04,168 - rasterio.env - DEBUG - Starting outermost env
2023-11-22 03:23:04,168 - rasterio.env - DEBUG - No GDAL environment exists
2023-11-22 03:23:04,168 - rasterio.env - DEBUG - New GDAL environment <rasterio._env.GDALEnv object at 0x7f706e1c8160> created
2023-11-22 03:23:04,169 - rasterio._env - DEBUG - GDAL data found in package: path='/home/swx/miniconda3/envs/present_weather/lib/python3.12/site-packages/rasterio/gdal_data'.
2023-11-22 03:23:04,169 - rasterio._env - DEBUG - PROJ_LIB found in environment.
2023-11-22 03:23:04,169 - rasterio._env - DEBUG - Started GDALEnv: self=<rasterio._env.GDALEnv object at 0x7f706e1c8160>.
2023-11-22 03:23:04,169 - rasterio.env - DEBUG - Entered env context: <rasterio.env.Env object at 0x7f706dce2fc0>
2023-11-22 03:23:04,170 - rasterio.env - DEBUG - Got a copy of environment <rasterio._env.GDALEnv object at 0x7f706e1c8160> options
2023-11-22 03:23:04,170 - rasterio.env - DEBUG - Entering env context: <rasterio.env.Env object at 0x7f706daf6000>
2023-11-22 03:23:04,170 - rasterio.env - DEBUG - Got a copy of environment <rasterio._env.GDALEnv object at 0x7f706e1c8160> options
2023-11-22 03:23:04,170 - rasterio.env - DEBUG - Entered env context: <rasterio.env.Env object at 0x7f706daf6000>
2023-11-22 03:23:04,170 - rasterio._base - DEBUG - Sharing flag: 0
2023-11-22 03:23:04,171 - rasterio._base - DEBUG - Nodata success: 1, Nodata value: nan
2023-11-22 03:23:04,171 - rasterio._base - DEBUG - Dataset <open DatasetReader name='https://radar.bmkg.go.id/raster/radarsatelit_202311220320.tif' mode='r'> is started.
2023-11-22 03:23:04,172 - rasterio.env - DEBUG - Exiting env context: <rasterio.env.Env object at 0x7f706daf6000>
2023-11-22 03:23:04,172 - rasterio.env - DEBUG - Cleared existing <rasterio._env.GDALEnv object at 0x7f706e1c8160> options
2023-11-22 03:23:04,172 - rasterio._env - DEBUG - Stopped GDALEnv <rasterio._env.GDALEnv object at 0x7f706e1c8160>.
2023-11-22 03:23:04,172 - rasterio.env - DEBUG - No GDAL environment exists
2023-11-22 03:23:04,172 - rasterio.env - DEBUG - New GDAL environment <rasterio._env.GDALEnv object at 0x7f706e1c8160> created
2023-11-22 03:23:04,172 - rasterio._env - DEBUG - GDAL data found in package: path='/home/swx/miniconda3/envs/present_weather/lib/python3.12/site-packages/rasterio/gdal_data'.
2023-11-22 03:23:04,172 - rasterio._env - DEBUG - PROJ_LIB found in environment.
2023-11-22 03:23:04,173 - rasterio._env - DEBUG - Started GDALEnv: self=<rasterio._env.GDALEnv object at 0x7f706e1c8160>.
2023-11-22 03:23:04,173 - rasterio.env - DEBUG - Exited env context: <rasterio.env.Env object at 0x7f706daf6000>
2023-11-22 03:23:04,202 - rasterio._io - DEBUG - Output nodata value read from file: nan
2023-11-22 03:23:04,202 - rasterio._io - DEBUG - Output nodata values: [nan]
2023-11-22 03:23:04,202 - rasterio._io - DEBUG - all_valid: False
2023-11-22 03:23:04,203 - rasterio._io - DEBUG - mask_flags: ([<MaskFlags.nodata: 8>],)
2023-11-22 03:23:04,203 - rasterio._io - DEBUG - Jump straight to _read()
2023-11-22 03:23:04,203 - rasterio._io - DEBUG - Window: Window(col_off=0, row_off=0, width=10215, height=3792)
2023-11-22 03:23:04,203 - rasterio._io - DEBUG - IO window xoff=0.0 yoff=0.0 width=10215.0 height=3792.0
2023-11-22 03:23:04,868 - rasterio.env - DEBUG - Exiting env context: <rasterio.env.Env object at 0x7f706dce2fc0>
2023-11-22 03:23:04,868 - rasterio.env - DEBUG - Cleared existing <rasterio._env.GDALEnv object at 0x7f706e1c8160> options
2023-11-22 03:23:04,868 - rasterio._env - DEBUG - Stopped GDALEnv <rasterio._env.GDALEnv object at 0x7f706e1c8160>.
2023-11-22 03:23:04,868 - rasterio.env - DEBUG - Exiting outermost env
2023-11-22 03:23:04,868 - rasterio.env - DEBUG - Exited env context: <rasterio.env.Env object at 0x7f706dce2fc0>
2023-11-22 03:23:04,870 - urllib3.connectionpool - DEBUG - Starting new HTTPS connection (1): radar.bmkg.go.id:8060
2023-11-22 03:23:04,946 - urllib3.connectionpool - DEBUG - https://radar.bmkg.go.id:8060 "GET /getLatestLD?typeData=1 HTTP/1.1" 200 129233
2023-11-22 03:23:04,990 - asyncio - DEBUG - Using selector: EpollSelector
2023-11-22 03:23:11,687 - root - INFO - dask.bag<lambda, npartitions=34>
2023-11-22 03:39:10,680 - root - INFO - Total elapsed time: 0:16:06.800338
