2023-12-06 01:33:02,967 - root - INFO - Initiating present weather
2023-12-06 01:33:02,969 - asyncio - DEBUG - Using selector: EpollSelector
2023-12-06 01:33:04,481 - urllib3.connectionpool - DEBUG - Starting new HTTPS connection (1): radar.bmkg.go.id:8060
2023-12-06 01:33:04,498 - urllib3.connectionpool - DEBUG - https://radar.bmkg.go.id:8060 "GET /getLatestLD?typeData=1 HTTP/1.1" 200 62
2023-12-06 01:33:04,500 - urllib3.connectionpool - DEBUG - Starting new HTTPS connection (1): radar.bmkg.go.id:8060
2023-12-06 01:33:04,524 - urllib3.connectionpool - DEBUG - https://radar.bmkg.go.id:8060 "GET /getRadarGeotif?token=19387e71e78522ae4172ec0fda640983b8438c9cfa0ca571623cb69d8327&radar=amandemenForecast&type=latest HTTP/1.1" 200 90
2023-12-06 01:33:04,524 - rasterio.env - DEBUG - Entering env context: <rasterio.env.Env object at 0x7f5ff98f45e0>
2023-12-06 01:33:04,525 - rasterio.env - DEBUG - Starting outermost env
2023-12-06 01:33:04,525 - rasterio.env - DEBUG - No GDAL environment exists
2023-12-06 01:33:04,525 - rasterio.env - DEBUG - New GDAL environment <rasterio._env.GDALEnv object at 0x7f5ff99540d0> created
2023-12-06 01:33:04,528 - rasterio._filepath - DEBUG - Installing FilePath filesystem handler plugin...
2023-12-06 01:33:04,528 - rasterio._env - DEBUG - GDAL data found in package: path='/home/metpublic/PYTHON_VENV/present_weather/lib/python3.10/site-packages/rasterio/gdal_data'.
2023-12-06 01:33:04,529 - rasterio._env - DEBUG - PROJ data found in package: path='/home/metpublic/PYTHON_VENV/present_weather/lib/python3.10/site-packages/rasterio/proj_data'.
2023-12-06 01:33:04,529 - rasterio._env - DEBUG - Started GDALEnv: self=<rasterio._env.GDALEnv object at 0x7f5ff99540d0>.
2023-12-06 01:33:04,529 - rasterio.env - DEBUG - Entered env context: <rasterio.env.Env object at 0x7f5ff98f45e0>
2023-12-06 01:33:04,529 - rasterio._base - DEBUG - Sharing flag: 0
2023-12-06 01:33:04,759 - rasterio._base - DEBUG - Nodata success: 1, Nodata value: nan
2023-12-06 01:33:04,760 - rasterio._base - DEBUG - Dataset <open DatasetReader name='https://radar.bmkg.go.id/raster/radarsatelit_202312060130.tif' mode='r'> is started.
2023-12-06 01:33:04,761 - rasterio.env - DEBUG - Exiting env context: <rasterio.env.Env object at 0x7f5ff98f45e0>
2023-12-06 01:33:04,761 - rasterio.env - DEBUG - Cleared existing <rasterio._env.GDALEnv object at 0x7f5ff99540d0> options
2023-12-06 01:33:04,761 - rasterio._env - DEBUG - Stopped GDALEnv <rasterio._env.GDALEnv object at 0x7f5ff99540d0>.
2023-12-06 01:33:04,761 - rasterio.env - DEBUG - Exiting outermost env
2023-12-06 01:33:04,761 - rasterio.env - DEBUG - Exited env context: <rasterio.env.Env object at 0x7f5ff98f45e0>
2023-12-06 01:33:04,761 - rasterio.env - DEBUG - Entering env context: <rasterio.env.Env object at 0x7f5fe870eb00>
2023-12-06 01:33:04,761 - rasterio.env - DEBUG - Starting outermost env
2023-12-06 01:33:04,761 - rasterio.env - DEBUG - No GDAL environment exists
2023-12-06 01:33:04,761 - rasterio.env - DEBUG - New GDAL environment <rasterio._env.GDALEnv object at 0x7f5ffa266d10> created
2023-12-06 01:33:04,762 - rasterio._env - DEBUG - GDAL data found in package: path='/home/metpublic/PYTHON_VENV/present_weather/lib/python3.10/site-packages/rasterio/gdal_data'.
2023-12-06 01:33:04,762 - rasterio._env - DEBUG - PROJ data found in package: path='/home/metpublic/PYTHON_VENV/present_weather/lib/python3.10/site-packages/rasterio/proj_data'.
2023-12-06 01:33:04,762 - rasterio._env - DEBUG - Started GDALEnv: self=<rasterio._env.GDALEnv object at 0x7f5ffa266d10>.
2023-12-06 01:33:04,762 - rasterio.env - DEBUG - Entered env context: <rasterio.env.Env object at 0x7f5fe870eb00>
2023-12-06 01:33:04,762 - rasterio.env - DEBUG - Got a copy of environment <rasterio._env.GDALEnv object at 0x7f5ffa266d10> options
2023-12-06 01:33:04,763 - rasterio.env - DEBUG - Entering env context: <rasterio.env.Env object at 0x7f5fe8749870>
2023-12-06 01:33:04,763 - rasterio.env - DEBUG - Got a copy of environment <rasterio._env.GDALEnv object at 0x7f5ffa266d10> options
2023-12-06 01:33:04,763 - rasterio.env - DEBUG - Entered env context: <rasterio.env.Env object at 0x7f5fe8749870>
2023-12-06 01:33:04,763 - rasterio._base - DEBUG - Sharing flag: 0
2023-12-06 01:33:04,764 - rasterio._base - DEBUG - Nodata success: 1, Nodata value: nan
2023-12-06 01:33:04,764 - rasterio._base - DEBUG - Dataset <open DatasetReader name='https://radar.bmkg.go.id/raster/radarsatelit_202312060130.tif' mode='r'> is started.
2023-12-06 01:33:04,764 - rasterio.env - DEBUG - Exiting env context: <rasterio.env.Env object at 0x7f5fe8749870>
2023-12-06 01:33:04,764 - rasterio.env - DEBUG - Cleared existing <rasterio._env.GDALEnv object at 0x7f5ffa266d10> options
2023-12-06 01:33:04,764 - rasterio._env - DEBUG - Stopped GDALEnv <rasterio._env.GDALEnv object at 0x7f5ffa266d10>.
2023-12-06 01:33:04,764 - rasterio.env - DEBUG - No GDAL environment exists
2023-12-06 01:33:04,764 - rasterio.env - DEBUG - New GDAL environment <rasterio._env.GDALEnv object at 0x7f5ffa266d10> created
2023-12-06 01:33:04,765 - rasterio._env - DEBUG - GDAL data found in package: path='/home/metpublic/PYTHON_VENV/present_weather/lib/python3.10/site-packages/rasterio/gdal_data'.
2023-12-06 01:33:04,765 - rasterio._env - DEBUG - PROJ data found in package: path='/home/metpublic/PYTHON_VENV/present_weather/lib/python3.10/site-packages/rasterio/proj_data'.
2023-12-06 01:33:04,765 - rasterio._env - DEBUG - Started GDALEnv: self=<rasterio._env.GDALEnv object at 0x7f5ffa266d10>.
2023-12-06 01:33:04,765 - rasterio.env - DEBUG - Exited env context: <rasterio.env.Env object at 0x7f5fe8749870>
2023-12-06 01:33:04,783 - rasterio._io - DEBUG - Output nodata value read from file: nan
2023-12-06 01:33:04,784 - rasterio._io - DEBUG - Output nodata values: [nan]
2023-12-06 01:33:04,784 - rasterio._io - DEBUG - all_valid: False
2023-12-06 01:33:04,784 - rasterio._io - DEBUG - mask_flags: ([<MaskFlags.nodata: 8>],)
2023-12-06 01:33:04,784 - rasterio._io - DEBUG - Jump straight to _read()
2023-12-06 01:33:04,784 - rasterio._io - DEBUG - Window: Window(col_off=0, row_off=0, width=10177, height=3732)
2023-12-06 01:33:04,785 - rasterio._io - DEBUG - IO window xoff=0.0 yoff=0.0 width=10177.0 height=3732.0
2023-12-06 01:33:05,335 - rasterio.env - DEBUG - Exiting env context: <rasterio.env.Env object at 0x7f5fe870eb00>
2023-12-06 01:33:05,335 - rasterio.env - DEBUG - Cleared existing <rasterio._env.GDALEnv object at 0x7f5ffa266d10> options
2023-12-06 01:33:05,335 - rasterio._env - DEBUG - Stopped GDALEnv <rasterio._env.GDALEnv object at 0x7f5ffa266d10>.
2023-12-06 01:33:05,335 - rasterio.env - DEBUG - Exiting outermost env
2023-12-06 01:33:05,335 - rasterio.env - DEBUG - Exited env context: <rasterio.env.Env object at 0x7f5fe870eb00>
2023-12-06 01:37:34,796 - rasterio.env - DEBUG - Entering env context: <rasterio.env.Env object at 0x7f5fe8559ae0>
2023-12-06 01:37:34,796 - rasterio.env - DEBUG - Starting outermost env
2023-12-06 01:37:34,796 - rasterio.env - DEBUG - No GDAL environment exists
2023-12-06 01:37:34,796 - rasterio.env - DEBUG - New GDAL environment <rasterio._env.GDALEnv object at 0x7f5fe8558d00> created
2023-12-06 01:37:34,797 - rasterio._env - DEBUG - GDAL data found in package: path='/home/metpublic/PYTHON_VENV/present_weather/lib/python3.10/site-packages/rasterio/gdal_data'.
2023-12-06 01:37:34,797 - rasterio._env - DEBUG - PROJ data found in package: path='/home/metpublic/PYTHON_VENV/present_weather/lib/python3.10/site-packages/rasterio/proj_data'.
2023-12-06 01:37:34,797 - rasterio._env - DEBUG - Started GDALEnv: self=<rasterio._env.GDALEnv object at 0x7f5fe8558d00>.
2023-12-06 01:37:34,797 - rasterio.env - DEBUG - Entered env context: <rasterio.env.Env object at 0x7f5fe8559ae0>
2023-12-06 01:37:34,797 - rasterio._base - DEBUG - Sharing flag: 0
2023-12-06 01:37:34,799 - rasterio._base - DEBUG - Nodata success: 0, Nodata value: 0.000000
2023-12-06 01:37:34,799 - rasterio._base - DEBUG - Dataset <open DatasetReader name='/home/metpublic/TASK_RELEASE/EFAN/present_weather/src/H09_B13_Indonesia_20231206.Z0120.cor.tiff' mode='r'> is started.
2023-12-06 01:37:34,799 - rasterio.env - DEBUG - Exiting env context: <rasterio.env.Env object at 0x7f5fe8559ae0>
2023-12-06 01:37:34,800 - rasterio.env - DEBUG - Cleared existing <rasterio._env.GDALEnv object at 0x7f5fe8558d00> options
2023-12-06 01:37:34,800 - rasterio._env - DEBUG - Stopped GDALEnv <rasterio._env.GDALEnv object at 0x7f5fe8558d00>.
2023-12-06 01:37:34,800 - rasterio.env - DEBUG - Exiting outermost env
2023-12-06 01:37:34,800 - rasterio.env - DEBUG - Exited env context: <rasterio.env.Env object at 0x7f5fe8559ae0>
2023-12-06 01:37:34,800 - rasterio.env - DEBUG - Entering env context: <rasterio.env.Env object at 0x7f5fe85584f0>
2023-12-06 01:37:34,800 - rasterio.env - DEBUG - Starting outermost env
2023-12-06 01:37:34,800 - rasterio.env - DEBUG - No GDAL environment exists
2023-12-06 01:37:34,800 - rasterio.env - DEBUG - New GDAL environment <rasterio._env.GDALEnv object at 0x7f5fe855baf0> created
2023-12-06 01:37:34,801 - rasterio._env - DEBUG - GDAL data found in package: path='/home/metpublic/PYTHON_VENV/present_weather/lib/python3.10/site-packages/rasterio/gdal_data'.
2023-12-06 01:37:34,801 - rasterio._env - DEBUG - PROJ data found in package: path='/home/metpublic/PYTHON_VENV/present_weather/lib/python3.10/site-packages/rasterio/proj_data'.
2023-12-06 01:37:34,801 - rasterio._env - DEBUG - Started GDALEnv: self=<rasterio._env.GDALEnv object at 0x7f5fe855baf0>.
2023-12-06 01:37:34,801 - rasterio.env - DEBUG - Entered env context: <rasterio.env.Env object at 0x7f5fe85584f0>
2023-12-06 01:37:34,801 - rasterio._base - DEBUG - Sharing flag: 0
2023-12-06 01:37:34,802 - rasterio._base - DEBUG - Nodata success: 0, Nodata value: 0.000000
2023-12-06 01:37:34,802 - rasterio._base - DEBUG - Dataset <open DatasetReader name='/home/metpublic/TASK_RELEASE/EFAN/present_weather/src/H09_B13_Indonesia_20231206.Z0120.cor.tiff' mode='r'> is started.
2023-12-06 01:37:34,802 - rasterio.env - DEBUG - Exiting env context: <rasterio.env.Env object at 0x7f5fe85584f0>
2023-12-06 01:37:34,802 - rasterio.env - DEBUG - Cleared existing <rasterio._env.GDALEnv object at 0x7f5fe855baf0> options
2023-12-06 01:37:34,802 - rasterio._env - DEBUG - Stopped GDALEnv <rasterio._env.GDALEnv object at 0x7f5fe855baf0>.
2023-12-06 01:37:34,802 - rasterio.env - DEBUG - Exiting outermost env
2023-12-06 01:37:34,803 - rasterio.env - DEBUG - Exited env context: <rasterio.env.Env object at 0x7f5fe85584f0>
2023-12-06 01:37:34,814 - root - INFO - Generating present weather using SATELITE data
2023-12-06 01:39:04,616 - root - INFO - Total elapsed time: 0:06:01.649221
