2023-12-07 12:13:02,357 - root - INFO - Initiating present weather
2023-12-07 12:13:02,358 - asyncio - DEBUG - Using selector: EpollSelector
2023-12-07 12:13:03,951 - urllib3.connectionpool - DEBUG - Starting new HTTPS connection (1): radar.bmkg.go.id:8060
2023-12-07 12:13:03,964 - urllib3.connectionpool - DEBUG - https://radar.bmkg.go.id:8060 "GET /getLatestLD?typeData=1 HTTP/1.1" 200 62
2023-12-07 12:13:03,966 - urllib3.connectionpool - DEBUG - Starting new HTTPS connection (1): radar.bmkg.go.id:8060
2023-12-07 12:13:03,992 - urllib3.connectionpool - DEBUG - https://radar.bmkg.go.id:8060 "GET /getRadarGeotif?token=19387e71e78522ae4172ec0fda640983b8438c9cfa0ca571623cb69d8327&radar=amandemenForecast&type=latest HTTP/1.1" 200 90
2023-12-07 12:13:03,993 - rasterio.env - DEBUG - Entering env context: <rasterio.env.Env object at 0x7efbfe7da980>
2023-12-07 12:13:03,993 - rasterio.env - DEBUG - Starting outermost env
2023-12-07 12:13:03,993 - rasterio.env - DEBUG - No GDAL environment exists
2023-12-07 12:13:03,993 - rasterio.env - DEBUG - New GDAL environment <rasterio._env.GDALEnv object at 0x7efbfe7dabc0> created
2023-12-07 12:13:03,996 - rasterio._filepath - DEBUG - Installing FilePath filesystem handler plugin...
2023-12-07 12:13:03,996 - rasterio._env - DEBUG - GDAL data found in package: path='/home/metpublic/PYTHON_VENV/present_weather/lib/python3.10/site-packages/rasterio/gdal_data'.
2023-12-07 12:13:03,997 - rasterio._env - DEBUG - PROJ data found in package: path='/home/metpublic/PYTHON_VENV/present_weather/lib/python3.10/site-packages/rasterio/proj_data'.
2023-12-07 12:13:03,997 - rasterio._env - DEBUG - Started GDALEnv: self=<rasterio._env.GDALEnv object at 0x7efbfe7dabc0>.
2023-12-07 12:13:03,997 - rasterio.env - DEBUG - Entered env context: <rasterio.env.Env object at 0x7efbfe7da980>
2023-12-07 12:13:03,997 - rasterio._base - DEBUG - Sharing flag: 0
2023-12-07 12:13:04,253 - rasterio._base - DEBUG - Nodata success: 1, Nodata value: nan
2023-12-07 12:13:04,254 - rasterio._base - DEBUG - Dataset <open DatasetReader name='https://radar.bmkg.go.id/raster/radarsatelit_202312071210.tif' mode='r'> is started.
2023-12-07 12:13:04,254 - rasterio.env - DEBUG - Exiting env context: <rasterio.env.Env object at 0x7efbfe7da980>
2023-12-07 12:13:04,254 - rasterio.env - DEBUG - Cleared existing <rasterio._env.GDALEnv object at 0x7efbfe7dabc0> options
2023-12-07 12:13:04,254 - rasterio._env - DEBUG - Stopped GDALEnv <rasterio._env.GDALEnv object at 0x7efbfe7dabc0>.
2023-12-07 12:13:04,254 - rasterio.env - DEBUG - Exiting outermost env
2023-12-07 12:13:04,254 - rasterio.env - DEBUG - Exited env context: <rasterio.env.Env object at 0x7efbfe7da980>
2023-12-07 12:13:04,254 - rasterio.env - DEBUG - Entering env context: <rasterio.env.Env object at 0x7efbfc527d30>
2023-12-07 12:13:04,254 - rasterio.env - DEBUG - Starting outermost env
2023-12-07 12:13:04,255 - rasterio.env - DEBUG - No GDAL environment exists
2023-12-07 12:13:04,255 - rasterio.env - DEBUG - New GDAL environment <rasterio._env.GDALEnv object at 0x7efbfe7dabc0> created
2023-12-07 12:13:04,255 - rasterio._env - DEBUG - GDAL data found in package: path='/home/metpublic/PYTHON_VENV/present_weather/lib/python3.10/site-packages/rasterio/gdal_data'.
2023-12-07 12:13:04,255 - rasterio._env - DEBUG - PROJ data found in package: path='/home/metpublic/PYTHON_VENV/present_weather/lib/python3.10/site-packages/rasterio/proj_data'.
2023-12-07 12:13:04,255 - rasterio._env - DEBUG - Started GDALEnv: self=<rasterio._env.GDALEnv object at 0x7efbfe7dabc0>.
2023-12-07 12:13:04,255 - rasterio.env - DEBUG - Entered env context: <rasterio.env.Env object at 0x7efbfc527d30>
2023-12-07 12:13:04,256 - rasterio.env - DEBUG - Got a copy of environment <rasterio._env.GDALEnv object at 0x7efbfe7dabc0> options
2023-12-07 12:13:04,256 - rasterio.env - DEBUG - Entering env context: <rasterio.env.Env object at 0x7efbfc576140>
2023-12-07 12:13:04,256 - rasterio.env - DEBUG - Got a copy of environment <rasterio._env.GDALEnv object at 0x7efbfe7dabc0> options
2023-12-07 12:13:04,256 - rasterio.env - DEBUG - Entered env context: <rasterio.env.Env object at 0x7efbfc576140>
2023-12-07 12:13:04,256 - rasterio._base - DEBUG - Sharing flag: 0
2023-12-07 12:13:04,257 - rasterio._base - DEBUG - Nodata success: 1, Nodata value: nan
2023-12-07 12:13:04,257 - rasterio._base - DEBUG - Dataset <open DatasetReader name='https://radar.bmkg.go.id/raster/radarsatelit_202312071210.tif' mode='r'> is started.
2023-12-07 12:13:04,257 - rasterio.env - DEBUG - Exiting env context: <rasterio.env.Env object at 0x7efbfc576140>
2023-12-07 12:13:04,257 - rasterio.env - DEBUG - Cleared existing <rasterio._env.GDALEnv object at 0x7efbfe7dabc0> options
2023-12-07 12:13:04,257 - rasterio._env - DEBUG - Stopped GDALEnv <rasterio._env.GDALEnv object at 0x7efbfe7dabc0>.
2023-12-07 12:13:04,257 - rasterio.env - DEBUG - No GDAL environment exists
2023-12-07 12:13:04,257 - rasterio.env - DEBUG - New GDAL environment <rasterio._env.GDALEnv object at 0x7efbfe7dabc0> created
2023-12-07 12:13:04,257 - rasterio._env - DEBUG - GDAL data found in package: path='/home/metpublic/PYTHON_VENV/present_weather/lib/python3.10/site-packages/rasterio/gdal_data'.
2023-12-07 12:13:04,258 - rasterio._env - DEBUG - PROJ data found in package: path='/home/metpublic/PYTHON_VENV/present_weather/lib/python3.10/site-packages/rasterio/proj_data'.
2023-12-07 12:13:04,258 - rasterio._env - DEBUG - Started GDALEnv: self=<rasterio._env.GDALEnv object at 0x7efbfe7dabc0>.
2023-12-07 12:13:04,258 - rasterio.env - DEBUG - Exited env context: <rasterio.env.Env object at 0x7efbfc576140>
2023-12-07 12:13:04,274 - rasterio._io - DEBUG - Output nodata value read from file: nan
2023-12-07 12:13:04,274 - rasterio._io - DEBUG - Output nodata values: [nan]
2023-12-07 12:13:04,275 - rasterio._io - DEBUG - all_valid: False
2023-12-07 12:13:04,275 - rasterio._io - DEBUG - mask_flags: ([<MaskFlags.nodata: 8>],)
2023-12-07 12:13:04,276 - rasterio._io - DEBUG - Jump straight to _read()
2023-12-07 12:13:04,276 - rasterio._io - DEBUG - Window: Window(col_off=0, row_off=0, width=10215, height=3792)
2023-12-07 12:13:04,277 - rasterio._io - DEBUG - IO window xoff=0.0 yoff=0.0 width=10215.0 height=3792.0
2023-12-07 12:13:04,851 - rasterio.env - DEBUG - Exiting env context: <rasterio.env.Env object at 0x7efbfc527d30>
2023-12-07 12:13:04,852 - rasterio.env - DEBUG - Cleared existing <rasterio._env.GDALEnv object at 0x7efbfe7dabc0> options
2023-12-07 12:13:04,852 - rasterio._env - DEBUG - Stopped GDALEnv <rasterio._env.GDALEnv object at 0x7efbfe7dabc0>.
2023-12-07 12:13:04,852 - rasterio.env - DEBUG - Exiting outermost env
2023-12-07 12:13:04,852 - rasterio.env - DEBUG - Exited env context: <rasterio.env.Env object at 0x7efbfc527d30>
2023-12-07 12:19:38,058 - root - INFO - Total elapsed time: 0:06:35.701108
