2023-12-22 22:33:02,970 - root - INFO - Initiating present weather
2023-12-22 22:33:02,972 - asyncio - DEBUG - Using selector: EpollSelector
2023-12-22 22:33:04,619 - urllib3.connectionpool - DEBUG - Starting new HTTPS connection (1): radar.bmkg.go.id:8060
2023-12-22 22:33:04,632 - urllib3.connectionpool - DEBUG - https://radar.bmkg.go.id:8060 "GET /getLatestLD?typeData=1 HTTP/1.1" 200 62
2023-12-22 22:33:04,634 - urllib3.connectionpool - DEBUG - Starting new HTTPS connection (1): radar.bmkg.go.id:8060
2023-12-22 22:33:04,651 - urllib3.connectionpool - DEBUG - https://radar.bmkg.go.id:8060 "GET /getRadarGeotif?token=19387e71e78522ae4172ec0fda640983b8438c9cfa0ca571623cb69d8327&radar=amandemenForecast&type=latest HTTP/1.1" 200 90
2023-12-22 22:33:04,652 - rasterio.env - DEBUG - Entering env context: <rasterio.env.Env object at 0x7fbf2ca29630>
2023-12-22 22:33:04,652 - rasterio.env - DEBUG - Starting outermost env
2023-12-22 22:33:04,652 - rasterio.env - DEBUG - No GDAL environment exists
2023-12-22 22:33:04,652 - rasterio.env - DEBUG - New GDAL environment <rasterio._env.GDALEnv object at 0x7fbf2ca29660> created
2023-12-22 22:33:04,655 - rasterio._filepath - DEBUG - Installing FilePath filesystem handler plugin...
2023-12-22 22:33:04,655 - rasterio._env - DEBUG - GDAL data found in package: path='/home/metpublic/PYTHON_VENV/present_weather/lib/python3.10/site-packages/rasterio/gdal_data'.
2023-12-22 22:33:04,655 - rasterio._env - DEBUG - PROJ data found in package: path='/home/metpublic/PYTHON_VENV/present_weather/lib/python3.10/site-packages/rasterio/proj_data'.
2023-12-22 22:33:04,655 - rasterio._env - DEBUG - Started GDALEnv: self=<rasterio._env.GDALEnv object at 0x7fbf2ca29660>.
2023-12-22 22:33:04,655 - rasterio.env - DEBUG - Entered env context: <rasterio.env.Env object at 0x7fbf2ca29630>
2023-12-22 22:33:04,655 - rasterio._base - DEBUG - Sharing flag: 0
2023-12-22 22:33:05,005 - rasterio._base - DEBUG - Nodata success: 1, Nodata value: nan
2023-12-22 22:33:05,006 - rasterio._base - DEBUG - Dataset <open DatasetReader name='https://radar.bmkg.go.id/raster/radarsatelit_202312222210.tif' mode='r'> is started.
2023-12-22 22:33:05,006 - rasterio.env - DEBUG - Exiting env context: <rasterio.env.Env object at 0x7fbf2ca29630>
2023-12-22 22:33:05,006 - rasterio.env - DEBUG - Cleared existing <rasterio._env.GDALEnv object at 0x7fbf2ca29660> options
2023-12-22 22:33:05,006 - rasterio._env - DEBUG - Stopped GDALEnv <rasterio._env.GDALEnv object at 0x7fbf2ca29660>.
2023-12-22 22:33:05,006 - rasterio.env - DEBUG - Exiting outermost env
2023-12-22 22:33:05,006 - rasterio.env - DEBUG - Exited env context: <rasterio.env.Env object at 0x7fbf2ca29630>
2023-12-22 22:33:05,006 - rasterio.env - DEBUG - Entering env context: <rasterio.env.Env object at 0x7fbf2c9e1360>
2023-12-22 22:33:05,006 - rasterio.env - DEBUG - Starting outermost env
2023-12-22 22:33:05,007 - rasterio.env - DEBUG - No GDAL environment exists
2023-12-22 22:33:05,007 - rasterio.env - DEBUG - New GDAL environment <rasterio._env.GDALEnv object at 0x7fbf2d367a90> created
2023-12-22 22:33:05,007 - rasterio._env - DEBUG - GDAL data found in package: path='/home/metpublic/PYTHON_VENV/present_weather/lib/python3.10/site-packages/rasterio/gdal_data'.
2023-12-22 22:33:05,007 - rasterio._env - DEBUG - PROJ data found in package: path='/home/metpublic/PYTHON_VENV/present_weather/lib/python3.10/site-packages/rasterio/proj_data'.
2023-12-22 22:33:05,007 - rasterio._env - DEBUG - Started GDALEnv: self=<rasterio._env.GDALEnv object at 0x7fbf2d367a90>.
2023-12-22 22:33:05,007 - rasterio.env - DEBUG - Entered env context: <rasterio.env.Env object at 0x7fbf2c9e1360>
2023-12-22 22:33:05,008 - rasterio.env - DEBUG - Got a copy of environment <rasterio._env.GDALEnv object at 0x7fbf2d367a90> options
2023-12-22 22:33:05,008 - rasterio.env - DEBUG - Entering env context: <rasterio.env.Env object at 0x7fbf2c0e7100>
2023-12-22 22:33:05,008 - rasterio.env - DEBUG - Got a copy of environment <rasterio._env.GDALEnv object at 0x7fbf2d367a90> options
2023-12-22 22:33:05,008 - rasterio.env - DEBUG - Entered env context: <rasterio.env.Env object at 0x7fbf2c0e7100>
2023-12-22 22:33:05,008 - rasterio._base - DEBUG - Sharing flag: 0
2023-12-22 22:33:05,009 - rasterio._base - DEBUG - Nodata success: 1, Nodata value: nan
2023-12-22 22:33:05,009 - rasterio._base - DEBUG - Dataset <open DatasetReader name='https://radar.bmkg.go.id/raster/radarsatelit_202312222210.tif' mode='r'> is started.
2023-12-22 22:33:05,009 - rasterio.env - DEBUG - Exiting env context: <rasterio.env.Env object at 0x7fbf2c0e7100>
2023-12-22 22:33:05,009 - rasterio.env - DEBUG - Cleared existing <rasterio._env.GDALEnv object at 0x7fbf2d367a90> options
2023-12-22 22:33:05,009 - rasterio._env - DEBUG - Stopped GDALEnv <rasterio._env.GDALEnv object at 0x7fbf2d367a90>.
2023-12-22 22:33:05,009 - rasterio.env - DEBUG - No GDAL environment exists
2023-12-22 22:33:05,009 - rasterio.env - DEBUG - New GDAL environment <rasterio._env.GDALEnv object at 0x7fbf2d367a90> created
2023-12-22 22:33:05,010 - rasterio._env - DEBUG - GDAL data found in package: path='/home/metpublic/PYTHON_VENV/present_weather/lib/python3.10/site-packages/rasterio/gdal_data'.
2023-12-22 22:33:05,010 - rasterio._env - DEBUG - PROJ data found in package: path='/home/metpublic/PYTHON_VENV/present_weather/lib/python3.10/site-packages/rasterio/proj_data'.
2023-12-22 22:33:05,010 - rasterio._env - DEBUG - Started GDALEnv: self=<rasterio._env.GDALEnv object at 0x7fbf2d367a90>.
2023-12-22 22:33:05,010 - rasterio.env - DEBUG - Exited env context: <rasterio.env.Env object at 0x7fbf2c0e7100>
2023-12-22 22:33:05,026 - rasterio._io - DEBUG - Output nodata value read from file: nan
2023-12-22 22:33:05,026 - rasterio._io - DEBUG - Output nodata values: [nan]
2023-12-22 22:33:05,026 - rasterio._io - DEBUG - all_valid: False
2023-12-22 22:33:05,026 - rasterio._io - DEBUG - mask_flags: ([<MaskFlags.nodata: 8>],)
2023-12-22 22:33:05,027 - rasterio._io - DEBUG - Jump straight to _read()
2023-12-22 22:33:05,027 - rasterio._io - DEBUG - Window: Window(col_off=0, row_off=0, width=10176, height=3732)
2023-12-22 22:33:05,027 - rasterio._io - DEBUG - IO window xoff=0.0 yoff=0.0 width=10176.0 height=3732.0
2023-12-22 22:33:05,550 - rasterio.env - DEBUG - Exiting env context: <rasterio.env.Env object at 0x7fbf2c9e1360>
2023-12-22 22:33:05,550 - rasterio.env - DEBUG - Cleared existing <rasterio._env.GDALEnv object at 0x7fbf2d367a90> options
2023-12-22 22:33:05,550 - rasterio._env - DEBUG - Stopped GDALEnv <rasterio._env.GDALEnv object at 0x7fbf2d367a90>.
2023-12-22 22:33:05,550 - rasterio.env - DEBUG - Exiting outermost env
2023-12-22 22:33:05,550 - rasterio.env - DEBUG - Exited env context: <rasterio.env.Env object at 0x7fbf2c9e1360>
2023-12-22 22:37:53,845 - rasterio.env - DEBUG - Entering env context: <rasterio.env.Env object at 0x7fbf2c17db40>
2023-12-22 22:37:53,846 - rasterio.env - DEBUG - Starting outermost env
2023-12-22 22:37:53,846 - rasterio.env - DEBUG - No GDAL environment exists
2023-12-22 22:37:53,846 - rasterio.env - DEBUG - New GDAL environment <rasterio._env.GDALEnv object at 0x7fbf2caa7af0> created
2023-12-22 22:37:53,847 - rasterio._env - DEBUG - GDAL data found in package: path='/home/metpublic/PYTHON_VENV/present_weather/lib/python3.10/site-packages/rasterio/gdal_data'.
2023-12-22 22:37:53,847 - rasterio._env - DEBUG - PROJ data found in package: path='/home/metpublic/PYTHON_VENV/present_weather/lib/python3.10/site-packages/rasterio/proj_data'.
2023-12-22 22:37:53,847 - rasterio._env - DEBUG - Started GDALEnv: self=<rasterio._env.GDALEnv object at 0x7fbf2caa7af0>.
2023-12-22 22:37:53,847 - rasterio.env - DEBUG - Entered env context: <rasterio.env.Env object at 0x7fbf2c17db40>
2023-12-22 22:37:53,847 - rasterio._base - DEBUG - Sharing flag: 0
2023-12-22 22:37:53,849 - rasterio._base - DEBUG - Nodata success: 0, Nodata value: 0.000000
2023-12-22 22:37:53,849 - rasterio._base - DEBUG - Dataset <open DatasetReader name='/home/metpublic/TASK_RELEASE/EFAN/present_weather/src/H09_B13_Indonesia_20231222.Z2200.cor.tiff' mode='r'> is started.
2023-12-22 22:37:53,850 - rasterio.env - DEBUG - Exiting env context: <rasterio.env.Env object at 0x7fbf2c17db40>
2023-12-22 22:37:53,850 - rasterio.env - DEBUG - Cleared existing <rasterio._env.GDALEnv object at 0x7fbf2caa7af0> options
2023-12-22 22:37:53,850 - rasterio._env - DEBUG - Stopped GDALEnv <rasterio._env.GDALEnv object at 0x7fbf2caa7af0>.
2023-12-22 22:37:53,850 - rasterio.env - DEBUG - Exiting outermost env
2023-12-22 22:37:53,850 - rasterio.env - DEBUG - Exited env context: <rasterio.env.Env object at 0x7fbf2c17db40>
2023-12-22 22:37:53,850 - rasterio.env - DEBUG - Entering env context: <rasterio.env.Env object at 0x7fbf2464e230>
2023-12-22 22:37:53,850 - rasterio.env - DEBUG - Starting outermost env
2023-12-22 22:37:53,850 - rasterio.env - DEBUG - No GDAL environment exists
2023-12-22 22:37:53,850 - rasterio.env - DEBUG - New GDAL environment <rasterio._env.GDALEnv object at 0x7fbf2464dc00> created
2023-12-22 22:37:53,851 - rasterio._env - DEBUG - GDAL data found in package: path='/home/metpublic/PYTHON_VENV/present_weather/lib/python3.10/site-packages/rasterio/gdal_data'.
2023-12-22 22:37:53,851 - rasterio._env - DEBUG - PROJ data found in package: path='/home/metpublic/PYTHON_VENV/present_weather/lib/python3.10/site-packages/rasterio/proj_data'.
2023-12-22 22:37:53,851 - rasterio._env - DEBUG - Started GDALEnv: self=<rasterio._env.GDALEnv object at 0x7fbf2464dc00>.
2023-12-22 22:37:53,851 - rasterio.env - DEBUG - Entered env context: <rasterio.env.Env object at 0x7fbf2464e230>
2023-12-22 22:37:53,851 - rasterio._base - DEBUG - Sharing flag: 0
2023-12-22 22:37:53,853 - rasterio._base - DEBUG - Nodata success: 0, Nodata value: 0.000000
2023-12-22 22:37:53,853 - rasterio._base - DEBUG - Dataset <open DatasetReader name='/home/metpublic/TASK_RELEASE/EFAN/present_weather/src/H09_B13_Indonesia_20231222.Z2200.cor.tiff' mode='r'> is started.
2023-12-22 22:37:53,853 - rasterio.env - DEBUG - Exiting env context: <rasterio.env.Env object at 0x7fbf2464e230>
2023-12-22 22:37:53,853 - rasterio.env - DEBUG - Cleared existing <rasterio._env.GDALEnv object at 0x7fbf2464dc00> options
2023-12-22 22:37:53,854 - rasterio._env - DEBUG - Stopped GDALEnv <rasterio._env.GDALEnv object at 0x7fbf2464dc00>.
2023-12-22 22:37:53,854 - rasterio.env - DEBUG - Exiting outermost env
2023-12-22 22:37:53,854 - rasterio.env - DEBUG - Exited env context: <rasterio.env.Env object at 0x7fbf2464e230>
2023-12-22 22:37:53,866 - root - INFO - Generating present weather using SATELITE data
2023-12-22 22:39:10,656 - root - INFO - Total elapsed time: 0:06:07.686429
