2023-11-24 10:23:03,427 - root - INFO - Initiating present weather
2023-11-24 10:23:03,431 - asyncio - DEBUG - Using selector: EpollSelector
2023-11-24 10:23:06,734 - urllib3.connectionpool - DEBUG - Starting new HTTPS connection (1): radar.bmkg.go.id:8060
2023-11-24 10:23:06,807 - urllib3.connectionpool - DEBUG - https://radar.bmkg.go.id:8060 "GET /getRadarGeotif?token=19387e71e78522ae4172ec0fda640983b8438c9cfa0ca571623cb69d8327&radar=amandemenForecast&type=latest HTTP/1.1" 200 90
2023-11-24 10:23:06,809 - rasterio.env - DEBUG - Entering env context: <rasterio.env.Env object at 0x7fe69ac18e30>
2023-11-24 10:23:06,810 - rasterio.env - DEBUG - Starting outermost env
2023-11-24 10:23:06,810 - rasterio.env - DEBUG - No GDAL environment exists
2023-11-24 10:23:06,810 - rasterio.env - DEBUG - New GDAL environment <rasterio._env.GDALEnv object at 0x7fe69ad83460> created
2023-11-24 10:23:06,815 - rasterio._filepath - DEBUG - Installing FilePath filesystem handler plugin...
2023-11-24 10:23:06,815 - rasterio._env - DEBUG - GDAL data found in package: path='/home/swx/miniconda3/envs/present_weather/lib/python3.12/site-packages/rasterio/gdal_data'.
2023-11-24 10:23:06,815 - rasterio._env - DEBUG - PROJ_LIB found in environment.
2023-11-24 10:23:06,815 - rasterio._env - DEBUG - Started GDALEnv: self=<rasterio._env.GDALEnv object at 0x7fe69ad83460>.
2023-11-24 10:23:06,816 - rasterio.env - DEBUG - Entered env context: <rasterio.env.Env object at 0x7fe69ac18e30>
2023-11-24 10:23:06,816 - rasterio._base - DEBUG - Sharing flag: 0
2023-11-24 10:23:07,014 - rasterio._base - DEBUG - Nodata success: 1, Nodata value: nan
2023-11-24 10:23:07,014 - rasterio._base - DEBUG - Dataset <open DatasetReader name='https://radar.bmkg.go.id/raster/radarsatelit_202311241020.tif' mode='r'> is started.
2023-11-24 10:23:07,015 - rasterio.env - DEBUG - Exiting env context: <rasterio.env.Env object at 0x7fe69ac18e30>
2023-11-24 10:23:07,015 - rasterio.env - DEBUG - Cleared existing <rasterio._env.GDALEnv object at 0x7fe69ad83460> options
2023-11-24 10:23:07,015 - rasterio._env - DEBUG - Stopped GDALEnv <rasterio._env.GDALEnv object at 0x7fe69ad83460>.
2023-11-24 10:23:07,015 - rasterio.env - DEBUG - Exiting outermost env
2023-11-24 10:23:07,015 - rasterio.env - DEBUG - Exited env context: <rasterio.env.Env object at 0x7fe69ac18e30>
2023-11-24 10:23:07,016 - rasterio.env - DEBUG - Entering env context: <rasterio.env.Env object at 0x7fe69ac1a720>
2023-11-24 10:23:07,016 - rasterio.env - DEBUG - Starting outermost env
2023-11-24 10:23:07,016 - rasterio.env - DEBUG - No GDAL environment exists
2023-11-24 10:23:07,016 - rasterio.env - DEBUG - New GDAL environment <rasterio._env.GDALEnv object at 0x7fe69ad83460> created
2023-11-24 10:23:07,017 - rasterio._env - DEBUG - GDAL data found in package: path='/home/swx/miniconda3/envs/present_weather/lib/python3.12/site-packages/rasterio/gdal_data'.
2023-11-24 10:23:07,017 - rasterio._env - DEBUG - PROJ_LIB found in environment.
2023-11-24 10:23:07,017 - rasterio._env - DEBUG - Started GDALEnv: self=<rasterio._env.GDALEnv object at 0x7fe69ad83460>.
2023-11-24 10:23:07,018 - rasterio.env - DEBUG - Entered env context: <rasterio.env.Env object at 0x7fe69ac1a720>
2023-11-24 10:23:07,018 - rasterio.env - DEBUG - Got a copy of environment <rasterio._env.GDALEnv object at 0x7fe69ad83460> options
2023-11-24 10:23:07,018 - rasterio.env - DEBUG - Entering env context: <rasterio.env.Env object at 0x7fe69872ffb0>
2023-11-24 10:23:07,018 - rasterio.env - DEBUG - Got a copy of environment <rasterio._env.GDALEnv object at 0x7fe69ad83460> options
2023-11-24 10:23:07,018 - rasterio.env - DEBUG - Entered env context: <rasterio.env.Env object at 0x7fe69872ffb0>
2023-11-24 10:23:07,019 - rasterio._base - DEBUG - Sharing flag: 0
2023-11-24 10:23:07,020 - rasterio._base - DEBUG - Nodata success: 1, Nodata value: nan
2023-11-24 10:23:07,020 - rasterio._base - DEBUG - Dataset <open DatasetReader name='https://radar.bmkg.go.id/raster/radarsatelit_202311241020.tif' mode='r'> is started.
2023-11-24 10:23:07,020 - rasterio.env - DEBUG - Exiting env context: <rasterio.env.Env object at 0x7fe69872ffb0>
2023-11-24 10:23:07,020 - rasterio.env - DEBUG - Cleared existing <rasterio._env.GDALEnv object at 0x7fe69ad83460> options
2023-11-24 10:23:07,021 - rasterio._env - DEBUG - Stopped GDALEnv <rasterio._env.GDALEnv object at 0x7fe69ad83460>.
2023-11-24 10:23:07,021 - rasterio.env - DEBUG - No GDAL environment exists
2023-11-24 10:23:07,021 - rasterio.env - DEBUG - New GDAL environment <rasterio._env.GDALEnv object at 0x7fe69ad83460> created
2023-11-24 10:23:07,021 - rasterio._env - DEBUG - GDAL data found in package: path='/home/swx/miniconda3/envs/present_weather/lib/python3.12/site-packages/rasterio/gdal_data'.
2023-11-24 10:23:07,022 - rasterio._env - DEBUG - PROJ_LIB found in environment.
2023-11-24 10:23:07,022 - rasterio._env - DEBUG - Started GDALEnv: self=<rasterio._env.GDALEnv object at 0x7fe69ad83460>.
2023-11-24 10:23:07,022 - rasterio.env - DEBUG - Exited env context: <rasterio.env.Env object at 0x7fe69872ffb0>
2023-11-24 10:23:07,052 - rasterio._io - DEBUG - Output nodata value read from file: nan
2023-11-24 10:23:07,053 - rasterio._io - DEBUG - Output nodata values: [nan]
2023-11-24 10:23:07,053 - rasterio._io - DEBUG - all_valid: False
2023-11-24 10:23:07,053 - rasterio._io - DEBUG - mask_flags: ([<MaskFlags.nodata: 8>],)
2023-11-24 10:23:07,053 - rasterio._io - DEBUG - Jump straight to _read()
2023-11-24 10:23:07,054 - rasterio._io - DEBUG - Window: Window(col_off=0, row_off=0, width=10178, height=3732)
2023-11-24 10:23:07,054 - rasterio._io - DEBUG - IO window xoff=0.0 yoff=0.0 width=10178.0 height=3732.0
2023-11-24 10:23:07,988 - rasterio.env - DEBUG - Exiting env context: <rasterio.env.Env object at 0x7fe69ac1a720>
2023-11-24 10:23:07,988 - rasterio.env - DEBUG - Cleared existing <rasterio._env.GDALEnv object at 0x7fe69ad83460> options
2023-11-24 10:23:07,988 - rasterio._env - DEBUG - Stopped GDALEnv <rasterio._env.GDALEnv object at 0x7fe69ad83460>.
2023-11-24 10:23:07,988 - rasterio.env - DEBUG - Exiting outermost env
2023-11-24 10:23:07,988 - rasterio.env - DEBUG - Exited env context: <rasterio.env.Env object at 0x7fe69ac1a720>
2023-11-24 10:23:07,991 - urllib3.connectionpool - DEBUG - Starting new HTTPS connection (1): radar.bmkg.go.id:8060
2023-11-24 10:23:08,051 - urllib3.connectionpool - DEBUG - https://radar.bmkg.go.id:8060 "GET /getLatestLD?typeData=1 HTTP/1.1" 200 41692
2023-11-24 10:23:08,082 - root - INFO - Generating present weather using RADAR data
2023-11-24 10:23:11,246 - root - INFO - dask.bag<lambda, npartitions=20>
2023-11-24 10:23:28,654 - root - INFO - Total elapsed time: 0:00:25.228565
