2023-11-21 02:43:03,172 - root - INFO - Initiating present weather
2023-11-21 02:43:03,177 - urllib3.connectionpool - DEBUG - Starting new HTTPS connection (1): radar.bmkg.go.id:8060
2023-11-21 02:43:03,238 - urllib3.connectionpool - DEBUG - https://radar.bmkg.go.id:8060 "GET /getRadarGeotif?token=19387e71e78522ae4172ec0fda640983b8438c9cfa0ca571623cb69d8327&radar=amandemenForecast&type=latest HTTP/1.1" 200 90
2023-11-21 02:43:03,240 - rasterio.env - DEBUG - Entering env context: <rasterio.env.Env object at 0x7f8c201f6510>
2023-11-21 02:43:03,241 - rasterio.env - DEBUG - Starting outermost env
2023-11-21 02:43:03,241 - rasterio.env - DEBUG - No GDAL environment exists
2023-11-21 02:43:03,241 - rasterio.env - DEBUG - New GDAL environment <rasterio._env.GDALEnv object at 0x7f8bfd5df970> created
2023-11-21 02:43:03,244 - rasterio._filepath - DEBUG - Installing FilePath filesystem handler plugin...
2023-11-21 02:43:03,244 - rasterio._env - DEBUG - GDAL data found in package: path='/home/swx/miniconda3/envs/present_weather/lib/python3.12/site-packages/rasterio/gdal_data'.
2023-11-21 02:43:03,245 - rasterio._env - DEBUG - PROJ_LIB found in environment.
2023-11-21 02:43:03,245 - rasterio._env - DEBUG - Started GDALEnv: self=<rasterio._env.GDALEnv object at 0x7f8bfd5df970>.
2023-11-21 02:43:03,245 - rasterio.env - DEBUG - Entered env context: <rasterio.env.Env object at 0x7f8c201f6510>
2023-11-21 02:43:03,245 - rasterio._base - DEBUG - Sharing flag: 0
2023-11-21 02:43:03,445 - rasterio._base - DEBUG - Nodata success: 1, Nodata value: nan
2023-11-21 02:43:03,445 - rasterio._base - DEBUG - Dataset <open DatasetReader name='https://radar.bmkg.go.id/raster/radarsatelit_202311210240.tif' mode='r'> is started.
2023-11-21 02:43:03,446 - rasterio.env - DEBUG - Exiting env context: <rasterio.env.Env object at 0x7f8c201f6510>
2023-11-21 02:43:03,446 - rasterio.env - DEBUG - Cleared existing <rasterio._env.GDALEnv object at 0x7f8bfd5df970> options
2023-11-21 02:43:03,446 - rasterio._env - DEBUG - Stopped GDALEnv <rasterio._env.GDALEnv object at 0x7f8bfd5df970>.
2023-11-21 02:43:03,446 - rasterio.env - DEBUG - Exiting outermost env
2023-11-21 02:43:03,446 - rasterio.env - DEBUG - Exited env context: <rasterio.env.Env object at 0x7f8c201f6510>
2023-11-21 02:43:03,446 - rasterio.env - DEBUG - Entering env context: <rasterio.env.Env object at 0x7f8b9824d430>
2023-11-21 02:43:03,446 - rasterio.env - DEBUG - Starting outermost env
2023-11-21 02:43:03,446 - rasterio.env - DEBUG - No GDAL environment exists
2023-11-21 02:43:03,446 - rasterio.env - DEBUG - New GDAL environment <rasterio._env.GDALEnv object at 0x7f8bfd5df970> created
2023-11-21 02:43:03,447 - rasterio._env - DEBUG - GDAL data found in package: path='/home/swx/miniconda3/envs/present_weather/lib/python3.12/site-packages/rasterio/gdal_data'.
2023-11-21 02:43:03,447 - rasterio._env - DEBUG - PROJ_LIB found in environment.
2023-11-21 02:43:03,447 - rasterio._env - DEBUG - Started GDALEnv: self=<rasterio._env.GDALEnv object at 0x7f8bfd5df970>.
2023-11-21 02:43:03,447 - rasterio.env - DEBUG - Entered env context: <rasterio.env.Env object at 0x7f8b9824d430>
2023-11-21 02:43:03,448 - rasterio.env - DEBUG - Got a copy of environment <rasterio._env.GDALEnv object at 0x7f8bfd5df970> options
2023-11-21 02:43:03,448 - rasterio.env - DEBUG - Entering env context: <rasterio.env.Env object at 0x7f8bfd975610>
2023-11-21 02:43:03,448 - rasterio.env - DEBUG - Got a copy of environment <rasterio._env.GDALEnv object at 0x7f8bfd5df970> options
2023-11-21 02:43:03,449 - rasterio.env - DEBUG - Entered env context: <rasterio.env.Env object at 0x7f8bfd975610>
2023-11-21 02:43:03,449 - rasterio._base - DEBUG - Sharing flag: 0
2023-11-21 02:43:03,450 - rasterio._base - DEBUG - Nodata success: 1, Nodata value: nan
2023-11-21 02:43:03,450 - rasterio._base - DEBUG - Dataset <open DatasetReader name='https://radar.bmkg.go.id/raster/radarsatelit_202311210240.tif' mode='r'> is started.
2023-11-21 02:43:03,450 - rasterio.env - DEBUG - Exiting env context: <rasterio.env.Env object at 0x7f8bfd975610>
2023-11-21 02:43:03,450 - rasterio.env - DEBUG - Cleared existing <rasterio._env.GDALEnv object at 0x7f8bfd5df970> options
2023-11-21 02:43:03,450 - rasterio._env - DEBUG - Stopped GDALEnv <rasterio._env.GDALEnv object at 0x7f8bfd5df970>.
2023-11-21 02:43:03,450 - rasterio.env - DEBUG - No GDAL environment exists
2023-11-21 02:43:03,450 - rasterio.env - DEBUG - New GDAL environment <rasterio._env.GDALEnv object at 0x7f8bfd5df970> created
2023-11-21 02:43:03,451 - rasterio._env - DEBUG - GDAL data found in package: path='/home/swx/miniconda3/envs/present_weather/lib/python3.12/site-packages/rasterio/gdal_data'.
2023-11-21 02:43:03,451 - rasterio._env - DEBUG - PROJ_LIB found in environment.
2023-11-21 02:43:03,451 - rasterio._env - DEBUG - Started GDALEnv: self=<rasterio._env.GDALEnv object at 0x7f8bfd5df970>.
2023-11-21 02:43:03,451 - rasterio.env - DEBUG - Exited env context: <rasterio.env.Env object at 0x7f8bfd975610>
2023-11-21 02:43:03,482 - rasterio._io - DEBUG - Output nodata value read from file: nan
2023-11-21 02:43:03,482 - rasterio._io - DEBUG - Output nodata values: [nan]
2023-11-21 02:43:03,483 - rasterio._io - DEBUG - all_valid: False
2023-11-21 02:43:03,483 - rasterio._io - DEBUG - mask_flags: ([<MaskFlags.nodata: 8>],)
2023-11-21 02:43:03,483 - rasterio._io - DEBUG - Jump straight to _read()
2023-11-21 02:43:03,483 - rasterio._io - DEBUG - Window: Window(col_off=0, row_off=0, width=10215, height=3792)
2023-11-21 02:43:03,484 - rasterio._io - DEBUG - IO window xoff=0.0 yoff=0.0 width=10215.0 height=3792.0
2023-11-21 02:43:04,172 - rasterio.env - DEBUG - Exiting env context: <rasterio.env.Env object at 0x7f8b9824d430>
2023-11-21 02:43:04,173 - rasterio.env - DEBUG - Cleared existing <rasterio._env.GDALEnv object at 0x7f8bfd5df970> options
2023-11-21 02:43:04,173 - rasterio._env - DEBUG - Stopped GDALEnv <rasterio._env.GDALEnv object at 0x7f8bfd5df970>.
2023-11-21 02:43:04,173 - rasterio.env - DEBUG - Exiting outermost env
2023-11-21 02:43:04,173 - rasterio.env - DEBUG - Exited env context: <rasterio.env.Env object at 0x7f8b9824d430>
2023-11-21 02:43:04,175 - urllib3.connectionpool - DEBUG - Starting new HTTPS connection (1): radar.bmkg.go.id:8060
2023-11-21 02:43:04,231 - urllib3.connectionpool - DEBUG - https://radar.bmkg.go.id:8060 "GET /getLatestLD?typeData=1 HTTP/1.1" 200 11471
2023-11-21 02:43:04,249 - asyncio - DEBUG - Using selector: EpollSelector
2023-11-21 02:43:10,973 - root - INFO - dask.bag<lambda, npartitions=34>
2023-11-21 02:59:17,661 - root - INFO - Total elapsed time: 0:16:14.490344
