2023-11-14 17:40:04,053 - root - INFO - Initiating present weather
2023-11-14 17:40:04,058 - urllib3.connectionpool - DEBUG - Starting new HTTPS connection (1): radar.bmkg.go.id:8060
2023-11-14 17:40:09,135 - urllib3.connectionpool - DEBUG - https://radar.bmkg.go.id:8060 "GET /getRadarGeotif?token=19387e71e78522ae4172ec0fda640983b8438c9cfa0ca571623cb69d8327&radar=amandemenForecast&type=latest HTTP/1.1" 200 90
2023-11-14 17:40:09,137 - rasterio.env - DEBUG - Entering env context: <rasterio.env.Env object at 0x7f255c2ef500>
2023-11-14 17:40:09,138 - rasterio.env - DEBUG - Starting outermost env
2023-11-14 17:40:09,139 - rasterio.env - DEBUG - No GDAL environment exists
2023-11-14 17:40:09,139 - rasterio.env - DEBUG - New GDAL environment <rasterio._env.GDALEnv object at 0x7f255c46dea0> created
2023-11-14 17:40:09,143 - rasterio._filepath - DEBUG - Installing FilePath filesystem handler plugin...
2023-11-14 17:40:09,143 - rasterio._env - DEBUG - GDAL data found in package: path='/home/swx/miniconda3/envs/present_weather/lib/python3.12/site-packages/rasterio/gdal_data'.
2023-11-14 17:40:09,144 - rasterio._env - DEBUG - PROJ_LIB found in environment.
2023-11-14 17:40:09,144 - rasterio._env - DEBUG - Started GDALEnv: self=<rasterio._env.GDALEnv object at 0x7f255c46dea0>.
2023-11-14 17:40:09,144 - rasterio.env - DEBUG - Entered env context: <rasterio.env.Env object at 0x7f255c2ef500>
2023-11-14 17:40:09,144 - rasterio._base - DEBUG - Sharing flag: 0
2023-11-14 17:40:14,670 - rasterio._base - DEBUG - Nodata success: 1, Nodata value: nan
2023-11-14 17:40:14,670 - rasterio._base - DEBUG - Dataset <open DatasetReader name='https://radar.bmkg.go.id/raster/radarsatelit_202311141730.tif' mode='r'> is started.
2023-11-14 17:40:14,670 - rasterio.env - DEBUG - Exiting env context: <rasterio.env.Env object at 0x7f255c2ef500>
2023-11-14 17:40:14,671 - rasterio.env - DEBUG - Cleared existing <rasterio._env.GDALEnv object at 0x7f255c46dea0> options
2023-11-14 17:40:14,671 - rasterio._env - DEBUG - Stopped GDALEnv <rasterio._env.GDALEnv object at 0x7f255c46dea0>.
2023-11-14 17:40:14,671 - rasterio.env - DEBUG - Exiting outermost env
2023-11-14 17:40:14,671 - rasterio.env - DEBUG - Exited env context: <rasterio.env.Env object at 0x7f255c2ef500>
2023-11-14 17:40:14,671 - rasterio.env - DEBUG - Entering env context: <rasterio.env.Env object at 0x7f25bf029940>
2023-11-14 17:40:14,671 - rasterio.env - DEBUG - Starting outermost env
2023-11-14 17:40:14,671 - rasterio.env - DEBUG - No GDAL environment exists
2023-11-14 17:40:14,671 - rasterio.env - DEBUG - New GDAL environment <rasterio._env.GDALEnv object at 0x7f255c46dea0> created
2023-11-14 17:40:14,672 - rasterio._env - DEBUG - GDAL data found in package: path='/home/swx/miniconda3/envs/present_weather/lib/python3.12/site-packages/rasterio/gdal_data'.
2023-11-14 17:40:14,672 - rasterio._env - DEBUG - PROJ_LIB found in environment.
2023-11-14 17:40:14,672 - rasterio._env - DEBUG - Started GDALEnv: self=<rasterio._env.GDALEnv object at 0x7f255c46dea0>.
2023-11-14 17:40:14,672 - rasterio.env - DEBUG - Entered env context: <rasterio.env.Env object at 0x7f25bf029940>
2023-11-14 17:40:14,673 - rasterio.env - DEBUG - Got a copy of environment <rasterio._env.GDALEnv object at 0x7f255c46dea0> options
2023-11-14 17:40:14,673 - rasterio.env - DEBUG - Entering env context: <rasterio.env.Env object at 0x7f255c3835c0>
2023-11-14 17:40:14,673 - rasterio.env - DEBUG - Got a copy of environment <rasterio._env.GDALEnv object at 0x7f255c46dea0> options
2023-11-14 17:40:14,673 - rasterio.env - DEBUG - Entered env context: <rasterio.env.Env object at 0x7f255c3835c0>
2023-11-14 17:40:14,674 - rasterio._base - DEBUG - Sharing flag: 0
2023-11-14 17:40:14,675 - rasterio._base - DEBUG - Nodata success: 1, Nodata value: nan
2023-11-14 17:40:14,675 - rasterio._base - DEBUG - Dataset <open DatasetReader name='https://radar.bmkg.go.id/raster/radarsatelit_202311141730.tif' mode='r'> is started.
2023-11-14 17:40:14,675 - rasterio.env - DEBUG - Exiting env context: <rasterio.env.Env object at 0x7f255c3835c0>
2023-11-14 17:40:14,675 - rasterio.env - DEBUG - Cleared existing <rasterio._env.GDALEnv object at 0x7f255c46dea0> options
2023-11-14 17:40:14,675 - rasterio._env - DEBUG - Stopped GDALEnv <rasterio._env.GDALEnv object at 0x7f255c46dea0>.
2023-11-14 17:40:14,675 - rasterio.env - DEBUG - No GDAL environment exists
2023-11-14 17:40:14,675 - rasterio.env - DEBUG - New GDAL environment <rasterio._env.GDALEnv object at 0x7f255c46dea0> created
2023-11-14 17:40:14,676 - rasterio._env - DEBUG - GDAL data found in package: path='/home/swx/miniconda3/envs/present_weather/lib/python3.12/site-packages/rasterio/gdal_data'.
2023-11-14 17:40:14,676 - rasterio._env - DEBUG - PROJ_LIB found in environment.
2023-11-14 17:40:14,676 - rasterio._env - DEBUG - Started GDALEnv: self=<rasterio._env.GDALEnv object at 0x7f255c46dea0>.
2023-11-14 17:40:14,676 - rasterio.env - DEBUG - Exited env context: <rasterio.env.Env object at 0x7f255c3835c0>
2023-11-14 17:40:14,706 - rasterio._io - DEBUG - Output nodata value read from file: nan
2023-11-14 17:40:14,707 - rasterio._io - DEBUG - Output nodata values: [nan]
2023-11-14 17:40:14,707 - rasterio._io - DEBUG - all_valid: False
2023-11-14 17:40:14,707 - rasterio._io - DEBUG - mask_flags: ([<MaskFlags.nodata: 8>],)
2023-11-14 17:40:14,707 - rasterio._io - DEBUG - Jump straight to _read()
2023-11-14 17:40:14,708 - rasterio._io - DEBUG - Window: Window(col_off=0, row_off=0, width=10215, height=3792)
2023-11-14 17:40:14,708 - rasterio._io - DEBUG - IO window xoff=0.0 yoff=0.0 width=10215.0 height=3792.0
2023-11-14 17:40:15,349 - rasterio.env - DEBUG - Exiting env context: <rasterio.env.Env object at 0x7f25bf029940>
2023-11-14 17:40:15,349 - rasterio.env - DEBUG - Cleared existing <rasterio._env.GDALEnv object at 0x7f255c46dea0> options
2023-11-14 17:40:15,350 - rasterio._env - DEBUG - Stopped GDALEnv <rasterio._env.GDALEnv object at 0x7f255c46dea0>.
2023-11-14 17:40:15,350 - rasterio.env - DEBUG - Exiting outermost env
2023-11-14 17:40:15,350 - rasterio.env - DEBUG - Exited env context: <rasterio.env.Env object at 0x7f25bf029940>
2023-11-14 17:40:15,352 - urllib3.connectionpool - DEBUG - Starting new HTTPS connection (1): radar.bmkg.go.id:8060
2023-11-14 17:40:15,411 - urllib3.connectionpool - DEBUG - https://radar.bmkg.go.id:8060 "GET /getLatestLD?typeData=1 HTTP/1.1" 200 43787
2023-11-14 17:40:15,433 - asyncio - DEBUG - Using selector: EpollSelector
2023-11-14 17:40:22,151 - root - INFO - dask.bag<lambda, npartitions=34>
2023-11-14 17:55:58,139 - root - INFO - Total elapsed time: 0:15:54.087782
