2023-11-28 09:53:02,797 - root - INFO - Initiating present weather
2023-11-28 09:53:02,799 - asyncio - DEBUG - Using selector: EpollSelector
2023-11-28 09:53:04,395 - urllib3.connectionpool - DEBUG - Starting new HTTPS connection (1): radar.bmkg.go.id:8060
2023-11-28 09:53:04,414 - urllib3.connectionpool - DEBUG - https://radar.bmkg.go.id:8060 "GET /getRadarGeotif?token=19387e71e78522ae4172ec0fda640983b8438c9cfa0ca571623cb69d8327&radar=amandemenForecast&type=latest HTTP/1.1" 200 90
2023-11-28 09:53:04,415 - rasterio.env - DEBUG - Entering env context: <rasterio.env.Env object at 0x7fd30c3a3bb0>
2023-11-28 09:53:04,416 - rasterio.env - DEBUG - Starting outermost env
2023-11-28 09:53:04,416 - rasterio.env - DEBUG - No GDAL environment exists
2023-11-28 09:53:04,416 - rasterio.env - DEBUG - New GDAL environment <rasterio._env.GDALEnv object at 0x7fd30c3a37c0> created
2023-11-28 09:53:04,419 - rasterio._filepath - DEBUG - Installing FilePath filesystem handler plugin...
2023-11-28 09:53:04,419 - rasterio._env - DEBUG - GDAL data found in package: path='/home/metpublic/PYTHON_VENV/present_weather/lib/python3.10/site-packages/rasterio/gdal_data'.
2023-11-28 09:53:04,419 - rasterio._env - DEBUG - PROJ data found in package: path='/home/metpublic/PYTHON_VENV/present_weather/lib/python3.10/site-packages/rasterio/proj_data'.
2023-11-28 09:53:04,419 - rasterio._env - DEBUG - Started GDALEnv: self=<rasterio._env.GDALEnv object at 0x7fd30c3a37c0>.
2023-11-28 09:53:04,419 - rasterio.env - DEBUG - Entered env context: <rasterio.env.Env object at 0x7fd30c3a3bb0>
2023-11-28 09:53:04,419 - rasterio._base - DEBUG - Sharing flag: 0
2023-11-28 09:53:04,599 - rasterio._base - DEBUG - Nodata success: 1, Nodata value: nan
2023-11-28 09:53:04,600 - rasterio._base - DEBUG - Dataset <open DatasetReader name='https://radar.bmkg.go.id/raster/radarsatelit_202311280950.tif' mode='r'> is started.
2023-11-28 09:53:04,600 - rasterio.env - DEBUG - Exiting env context: <rasterio.env.Env object at 0x7fd30c3a3bb0>
2023-11-28 09:53:04,600 - rasterio.env - DEBUG - Cleared existing <rasterio._env.GDALEnv object at 0x7fd30c3a37c0> options
2023-11-28 09:53:04,600 - rasterio._env - DEBUG - Stopped GDALEnv <rasterio._env.GDALEnv object at 0x7fd30c3a37c0>.
2023-11-28 09:53:04,600 - rasterio.env - DEBUG - Exiting outermost env
2023-11-28 09:53:04,600 - rasterio.env - DEBUG - Exited env context: <rasterio.env.Env object at 0x7fd30c3a3bb0>
2023-11-28 09:53:04,601 - rasterio.env - DEBUG - Entering env context: <rasterio.env.Env object at 0x7fd30ccab850>
2023-11-28 09:53:04,601 - rasterio.env - DEBUG - Starting outermost env
2023-11-28 09:53:04,601 - rasterio.env - DEBUG - No GDAL environment exists
2023-11-28 09:53:04,601 - rasterio.env - DEBUG - New GDAL environment <rasterio._env.GDALEnv object at 0x7fd30c3a37c0> created
2023-11-28 09:53:04,601 - rasterio._env - DEBUG - GDAL data found in package: path='/home/metpublic/PYTHON_VENV/present_weather/lib/python3.10/site-packages/rasterio/gdal_data'.
2023-11-28 09:53:04,601 - rasterio._env - DEBUG - PROJ data found in package: path='/home/metpublic/PYTHON_VENV/present_weather/lib/python3.10/site-packages/rasterio/proj_data'.
2023-11-28 09:53:04,601 - rasterio._env - DEBUG - Started GDALEnv: self=<rasterio._env.GDALEnv object at 0x7fd30c3a37c0>.
2023-11-28 09:53:04,601 - rasterio.env - DEBUG - Entered env context: <rasterio.env.Env object at 0x7fd30ccab850>
2023-11-28 09:53:04,602 - rasterio.env - DEBUG - Got a copy of environment <rasterio._env.GDALEnv object at 0x7fd30c3a37c0> options
2023-11-28 09:53:04,602 - rasterio.env - DEBUG - Entering env context: <rasterio.env.Env object at 0x7fd30c1fd090>
2023-11-28 09:53:04,602 - rasterio.env - DEBUG - Got a copy of environment <rasterio._env.GDALEnv object at 0x7fd30c3a37c0> options
2023-11-28 09:53:04,602 - rasterio.env - DEBUG - Entered env context: <rasterio.env.Env object at 0x7fd30c1fd090>
2023-11-28 09:53:04,602 - rasterio._base - DEBUG - Sharing flag: 0
2023-11-28 09:53:04,603 - rasterio._base - DEBUG - Nodata success: 1, Nodata value: nan
2023-11-28 09:53:04,603 - rasterio._base - DEBUG - Dataset <open DatasetReader name='https://radar.bmkg.go.id/raster/radarsatelit_202311280950.tif' mode='r'> is started.
2023-11-28 09:53:04,603 - rasterio.env - DEBUG - Exiting env context: <rasterio.env.Env object at 0x7fd30c1fd090>
2023-11-28 09:53:04,603 - rasterio.env - DEBUG - Cleared existing <rasterio._env.GDALEnv object at 0x7fd30c3a37c0> options
2023-11-28 09:53:04,603 - rasterio._env - DEBUG - Stopped GDALEnv <rasterio._env.GDALEnv object at 0x7fd30c3a37c0>.
2023-11-28 09:53:04,603 - rasterio.env - DEBUG - No GDAL environment exists
2023-11-28 09:53:04,603 - rasterio.env - DEBUG - New GDAL environment <rasterio._env.GDALEnv object at 0x7fd30c3a37c0> created
2023-11-28 09:53:04,604 - rasterio._env - DEBUG - GDAL data found in package: path='/home/metpublic/PYTHON_VENV/present_weather/lib/python3.10/site-packages/rasterio/gdal_data'.
2023-11-28 09:53:04,604 - rasterio._env - DEBUG - PROJ data found in package: path='/home/metpublic/PYTHON_VENV/present_weather/lib/python3.10/site-packages/rasterio/proj_data'.
2023-11-28 09:53:04,604 - rasterio._env - DEBUG - Started GDALEnv: self=<rasterio._env.GDALEnv object at 0x7fd30c3a37c0>.
2023-11-28 09:53:04,604 - rasterio.env - DEBUG - Exited env context: <rasterio.env.Env object at 0x7fd30c1fd090>
2023-11-28 09:53:04,618 - rasterio._io - DEBUG - Output nodata value read from file: nan
2023-11-28 09:53:04,619 - rasterio._io - DEBUG - Output nodata values: [nan]
2023-11-28 09:53:04,619 - rasterio._io - DEBUG - all_valid: False
2023-11-28 09:53:04,619 - rasterio._io - DEBUG - mask_flags: ([<MaskFlags.nodata: 8>],)
2023-11-28 09:53:04,619 - rasterio._io - DEBUG - Jump straight to _read()
2023-11-28 09:53:04,619 - rasterio._io - DEBUG - Window: Window(col_off=0, row_off=0, width=10215, height=3792)
2023-11-28 09:53:04,620 - rasterio._io - DEBUG - IO window xoff=0.0 yoff=0.0 width=10215.0 height=3792.0
2023-11-28 09:53:05,220 - rasterio.env - DEBUG - Exiting env context: <rasterio.env.Env object at 0x7fd30ccab850>
2023-11-28 09:53:05,220 - rasterio.env - DEBUG - Cleared existing <rasterio._env.GDALEnv object at 0x7fd30c3a37c0> options
2023-11-28 09:53:05,220 - rasterio._env - DEBUG - Stopped GDALEnv <rasterio._env.GDALEnv object at 0x7fd30c3a37c0>.
2023-11-28 09:53:05,220 - rasterio.env - DEBUG - Exiting outermost env
2023-11-28 09:53:05,220 - rasterio.env - DEBUG - Exited env context: <rasterio.env.Env object at 0x7fd30ccab850>
2023-11-28 09:53:05,222 - urllib3.connectionpool - DEBUG - Starting new HTTPS connection (1): radar.bmkg.go.id:8060
2023-11-28 09:53:05,235 - urllib3.connectionpool - DEBUG - https://radar.bmkg.go.id:8060 "GET /getLatestLD?typeData=1 HTTP/1.1" 200 62
2023-11-28 09:53:06,980 - rasterio.env - DEBUG - Entering env context: <rasterio.env.Env object at 0x7fd30c3a2b00>
2023-11-28 09:53:06,980 - rasterio.env - DEBUG - Starting outermost env
2023-11-28 09:53:06,981 - rasterio.env - DEBUG - No GDAL environment exists
2023-11-28 09:53:06,981 - rasterio.env - DEBUG - New GDAL environment <rasterio._env.GDALEnv object at 0x7fd30c3a3370> created
2023-11-28 09:53:06,981 - rasterio._env - DEBUG - GDAL data found in package: path='/home/metpublic/PYTHON_VENV/present_weather/lib/python3.10/site-packages/rasterio/gdal_data'.
2023-11-28 09:53:06,981 - rasterio._env - DEBUG - PROJ data found in package: path='/home/metpublic/PYTHON_VENV/present_weather/lib/python3.10/site-packages/rasterio/proj_data'.
2023-11-28 09:53:06,981 - rasterio._env - DEBUG - Started GDALEnv: self=<rasterio._env.GDALEnv object at 0x7fd30c3a3370>.
2023-11-28 09:53:06,981 - rasterio.env - DEBUG - Entered env context: <rasterio.env.Env object at 0x7fd30c3a2b00>
2023-11-28 09:53:06,981 - rasterio._base - DEBUG - Sharing flag: 0
2023-11-28 09:53:06,983 - rasterio._base - DEBUG - Nodata success: 0, Nodata value: 0.000000
2023-11-28 09:53:06,983 - rasterio._base - DEBUG - Dataset <open DatasetReader name='/home/metpublic/TASK_RELEASE/EFAN/present_weather/src/H09_B13_Indonesia_20231128.Z0940.cor.tiff' mode='r'> is started.
2023-11-28 09:53:06,983 - rasterio.env - DEBUG - Exiting env context: <rasterio.env.Env object at 0x7fd30c3a2b00>
2023-11-28 09:53:06,983 - rasterio.env - DEBUG - Cleared existing <rasterio._env.GDALEnv object at 0x7fd30c3a3370> options
2023-11-28 09:53:06,983 - rasterio._env - DEBUG - Stopped GDALEnv <rasterio._env.GDALEnv object at 0x7fd30c3a3370>.
2023-11-28 09:53:06,983 - rasterio.env - DEBUG - Exiting outermost env
2023-11-28 09:53:06,983 - rasterio.env - DEBUG - Exited env context: <rasterio.env.Env object at 0x7fd30c3a2b00>
2023-11-28 09:53:06,983 - rasterio.env - DEBUG - Entering env context: <rasterio.env.Env object at 0x7fd30c1fda50>
2023-11-28 09:53:06,983 - rasterio.env - DEBUG - Starting outermost env
2023-11-28 09:53:06,983 - rasterio.env - DEBUG - No GDAL environment exists
2023-11-28 09:53:06,983 - rasterio.env - DEBUG - New GDAL environment <rasterio._env.GDALEnv object at 0x7fd30c1fc220> created
2023-11-28 09:53:06,984 - rasterio._env - DEBUG - GDAL data found in package: path='/home/metpublic/PYTHON_VENV/present_weather/lib/python3.10/site-packages/rasterio/gdal_data'.
2023-11-28 09:53:06,984 - rasterio._env - DEBUG - PROJ data found in package: path='/home/metpublic/PYTHON_VENV/present_weather/lib/python3.10/site-packages/rasterio/proj_data'.
2023-11-28 09:53:06,984 - rasterio._env - DEBUG - Started GDALEnv: self=<rasterio._env.GDALEnv object at 0x7fd30c1fc220>.
2023-11-28 09:53:06,984 - rasterio.env - DEBUG - Entered env context: <rasterio.env.Env object at 0x7fd30c1fda50>
2023-11-28 09:53:06,984 - rasterio._base - DEBUG - Sharing flag: 0
2023-11-28 09:53:06,985 - rasterio._base - DEBUG - Nodata success: 0, Nodata value: 0.000000
2023-11-28 09:53:06,985 - rasterio._base - DEBUG - Dataset <open DatasetReader name='/home/metpublic/TASK_RELEASE/EFAN/present_weather/src/H09_B13_Indonesia_20231128.Z0940.cor.tiff' mode='r'> is started.
2023-11-28 09:53:06,985 - rasterio.env - DEBUG - Exiting env context: <rasterio.env.Env object at 0x7fd30c1fda50>
2023-11-28 09:53:06,985 - rasterio.env - DEBUG - Cleared existing <rasterio._env.GDALEnv object at 0x7fd30c1fc220> options
2023-11-28 09:53:06,985 - rasterio._env - DEBUG - Stopped GDALEnv <rasterio._env.GDALEnv object at 0x7fd30c1fc220>.
2023-11-28 09:53:06,985 - rasterio.env - DEBUG - Exiting outermost env
2023-11-28 09:53:06,985 - rasterio.env - DEBUG - Exited env context: <rasterio.env.Env object at 0x7fd30c1fda50>
2023-11-28 09:53:06,994 - root - INFO - Generating present weather using SATELITE data
2023-11-28 09:54:05,453 - root - INFO - Total elapsed time: 0:01:02.655808
