2023-11-06 01:20:03,995 - root - INFO - Initiating present weather
2023-11-06 01:20:03,999 - urllib3.connectionpool - DEBUG - Starting new HTTPS connection (1): radar.bmkg.go.id:8060
2023-11-06 01:20:04,074 - urllib3.connectionpool - DEBUG - https://radar.bmkg.go.id:8060 "GET /getRadarGeotif?token=19387e71e78522ae4172ec0fda640983b8438c9cfa0ca571623cb69d8327&radar=amandemenForecast&type=latest HTTP/1.1" 200 90
2023-11-06 01:20:04,077 - rasterio.env - DEBUG - Entering env context: <rasterio.env.Env object at 0x7fac8786d2e0>
2023-11-06 01:20:04,078 - rasterio.env - DEBUG - Starting outermost env
2023-11-06 01:20:04,079 - rasterio.env - DEBUG - No GDAL environment exists
2023-11-06 01:20:04,079 - rasterio.env - DEBUG - New GDAL environment <rasterio._env.GDALEnv object at 0x7facc91fdd20> created
2023-11-06 01:20:04,083 - rasterio._filepath - DEBUG - Installing FilePath filesystem handler plugin...
2023-11-06 01:20:04,083 - rasterio._env - DEBUG - GDAL data found in package: path='/home/swx/miniconda3/envs/present_weather/lib/python3.12/site-packages/rasterio/gdal_data'.
2023-11-06 01:20:04,084 - rasterio._env - DEBUG - PROJ_LIB found in environment.
2023-11-06 01:20:04,084 - rasterio._env - DEBUG - Started GDALEnv: self=<rasterio._env.GDALEnv object at 0x7facc91fdd20>.
2023-11-06 01:20:04,084 - rasterio.env - DEBUG - Entered env context: <rasterio.env.Env object at 0x7fac8786d2e0>
2023-11-06 01:20:04,084 - rasterio._base - DEBUG - Sharing flag: 0
2023-11-06 01:20:04,259 - rasterio._base - DEBUG - Nodata success: 1, Nodata value: nan
2023-11-06 01:20:04,259 - rasterio._base - DEBUG - Dataset <open DatasetReader name='https://radar.bmkg.go.id/raster/radarsatelit_202311060100.tif' mode='r'> is started.
2023-11-06 01:20:04,260 - rasterio.env - DEBUG - Exiting env context: <rasterio.env.Env object at 0x7fac8786d2e0>
2023-11-06 01:20:04,260 - rasterio.env - DEBUG - Cleared existing <rasterio._env.GDALEnv object at 0x7facc91fdd20> options
2023-11-06 01:20:04,260 - rasterio._env - DEBUG - Stopped GDALEnv <rasterio._env.GDALEnv object at 0x7facc91fdd20>.
2023-11-06 01:20:04,260 - rasterio.env - DEBUG - Exiting outermost env
2023-11-06 01:20:04,260 - rasterio.env - DEBUG - Exited env context: <rasterio.env.Env object at 0x7fac8786d2e0>
2023-11-06 01:20:04,260 - rasterio.env - DEBUG - Entering env context: <rasterio.env.Env object at 0x7fac87d3cd40>
2023-11-06 01:20:04,261 - rasterio.env - DEBUG - Starting outermost env
2023-11-06 01:20:04,261 - rasterio.env - DEBUG - No GDAL environment exists
2023-11-06 01:20:04,261 - rasterio.env - DEBUG - New GDAL environment <rasterio._env.GDALEnv object at 0x7facd99046d0> created
2023-11-06 01:20:04,261 - rasterio._env - DEBUG - GDAL data found in package: path='/home/swx/miniconda3/envs/present_weather/lib/python3.12/site-packages/rasterio/gdal_data'.
2023-11-06 01:20:04,262 - rasterio._env - DEBUG - PROJ_LIB found in environment.
2023-11-06 01:20:04,262 - rasterio._env - DEBUG - Started GDALEnv: self=<rasterio._env.GDALEnv object at 0x7facd99046d0>.
2023-11-06 01:20:04,262 - rasterio.env - DEBUG - Entered env context: <rasterio.env.Env object at 0x7fac87d3cd40>
2023-11-06 01:20:04,263 - rasterio.env - DEBUG - Got a copy of environment <rasterio._env.GDALEnv object at 0x7facd99046d0> options
2023-11-06 01:20:04,263 - rasterio.env - DEBUG - Entering env context: <rasterio.env.Env object at 0x7face2a8f410>
2023-11-06 01:20:04,263 - rasterio.env - DEBUG - Got a copy of environment <rasterio._env.GDALEnv object at 0x7facd99046d0> options
2023-11-06 01:20:04,263 - rasterio.env - DEBUG - Entered env context: <rasterio.env.Env object at 0x7face2a8f410>
2023-11-06 01:20:04,263 - rasterio._base - DEBUG - Sharing flag: 0
2023-11-06 01:20:04,264 - rasterio._base - DEBUG - Nodata success: 1, Nodata value: nan
2023-11-06 01:20:04,265 - rasterio._base - DEBUG - Dataset <open DatasetReader name='https://radar.bmkg.go.id/raster/radarsatelit_202311060100.tif' mode='r'> is started.
2023-11-06 01:20:04,265 - rasterio.env - DEBUG - Exiting env context: <rasterio.env.Env object at 0x7face2a8f410>
2023-11-06 01:20:04,265 - rasterio.env - DEBUG - Cleared existing <rasterio._env.GDALEnv object at 0x7facd99046d0> options
2023-11-06 01:20:04,265 - rasterio._env - DEBUG - Stopped GDALEnv <rasterio._env.GDALEnv object at 0x7facd99046d0>.
2023-11-06 01:20:04,265 - rasterio.env - DEBUG - No GDAL environment exists
2023-11-06 01:20:04,265 - rasterio.env - DEBUG - New GDAL environment <rasterio._env.GDALEnv object at 0x7facd99046d0> created
2023-11-06 01:20:04,266 - rasterio._env - DEBUG - GDAL data found in package: path='/home/swx/miniconda3/envs/present_weather/lib/python3.12/site-packages/rasterio/gdal_data'.
2023-11-06 01:20:04,266 - rasterio._env - DEBUG - PROJ_LIB found in environment.
2023-11-06 01:20:04,266 - rasterio._env - DEBUG - Started GDALEnv: self=<rasterio._env.GDALEnv object at 0x7facd99046d0>.
2023-11-06 01:20:04,266 - rasterio.env - DEBUG - Exited env context: <rasterio.env.Env object at 0x7face2a8f410>
2023-11-06 01:20:04,297 - rasterio._io - DEBUG - Output nodata value read from file: nan
2023-11-06 01:20:04,298 - rasterio._io - DEBUG - Output nodata values: [nan]
2023-11-06 01:20:04,298 - rasterio._io - DEBUG - all_valid: False
2023-11-06 01:20:04,298 - rasterio._io - DEBUG - mask_flags: ([<MaskFlags.nodata: 8>],)
2023-11-06 01:20:04,299 - rasterio._io - DEBUG - Jump straight to _read()
2023-11-06 01:20:04,299 - rasterio._io - DEBUG - Window: Window(col_off=0, row_off=0, width=10215, height=3792)
2023-11-06 01:20:04,299 - rasterio._io - DEBUG - IO window xoff=0.0 yoff=0.0 width=10215.0 height=3792.0
2023-11-06 01:20:04,938 - rasterio.env - DEBUG - Exiting env context: <rasterio.env.Env object at 0x7fac87d3cd40>
2023-11-06 01:20:04,938 - rasterio.env - DEBUG - Cleared existing <rasterio._env.GDALEnv object at 0x7facd99046d0> options
2023-11-06 01:20:04,939 - rasterio._env - DEBUG - Stopped GDALEnv <rasterio._env.GDALEnv object at 0x7facd99046d0>.
2023-11-06 01:20:04,939 - rasterio.env - DEBUG - Exiting outermost env
2023-11-06 01:20:04,939 - rasterio.env - DEBUG - Exited env context: <rasterio.env.Env object at 0x7fac87d3cd40>
2023-11-06 01:20:04,941 - urllib3.connectionpool - DEBUG - Starting new HTTPS connection (1): radar.bmkg.go.id:8060
2023-11-06 01:20:04,999 - urllib3.connectionpool - DEBUG - https://radar.bmkg.go.id:8060 "GET /getLatestLD?typeData=1 HTTP/1.1" 200 50089
2023-11-06 01:20:05,026 - asyncio - DEBUG - Using selector: EpollSelector
2023-11-06 01:37:38,726 - root - INFO - Total elapsed time: 0:17:34.732907
