2023-11-09 15:20:06,278 - root - INFO - Initiating present weather
2023-11-09 15:20:06,291 - urllib3.connectionpool - DEBUG - Starting new HTTPS connection (1): radar.bmkg.go.id:8060
2023-11-09 15:20:06,387 - urllib3.connectionpool - DEBUG - https://radar.bmkg.go.id:8060 "GET /getRadarGeotif?token=19387e71e78522ae4172ec0fda640983b8438c9cfa0ca571623cb69d8327&radar=amandemenForecast&type=latest HTTP/1.1" 200 90
2023-11-09 15:20:06,393 - rasterio.env - DEBUG - Entering env context: <rasterio.env.Env object at 0x7ffa091f26c0>
2023-11-09 15:20:06,395 - rasterio.env - DEBUG - Starting outermost env
2023-11-09 15:20:06,395 - rasterio.env - DEBUG - No GDAL environment exists
2023-11-09 15:20:06,396 - rasterio.env - DEBUG - New GDAL environment <rasterio._env.GDALEnv object at 0x7ffa720b9f00> created
2023-11-09 15:20:06,403 - rasterio._filepath - DEBUG - Installing FilePath filesystem handler plugin...
2023-11-09 15:20:06,403 - rasterio._env - DEBUG - GDAL data found in package: path='/home/swx/miniconda3/envs/present_weather/lib/python3.12/site-packages/rasterio/gdal_data'.
2023-11-09 15:20:06,403 - rasterio._env - DEBUG - PROJ_LIB found in environment.
2023-11-09 15:20:06,404 - rasterio._env - DEBUG - Started GDALEnv: self=<rasterio._env.GDALEnv object at 0x7ffa720b9f00>.
2023-11-09 15:20:06,404 - rasterio.env - DEBUG - Entered env context: <rasterio.env.Env object at 0x7ffa091f26c0>
2023-11-09 15:20:06,404 - rasterio._base - DEBUG - Sharing flag: 0
2023-11-09 15:20:06,647 - rasterio._base - DEBUG - Nodata success: 1, Nodata value: nan
2023-11-09 15:20:06,647 - rasterio._base - DEBUG - Dataset <open DatasetReader name='https://radar.bmkg.go.id/raster/radarsatelit_202311091510.tif' mode='r'> is started.
2023-11-09 15:20:06,649 - rasterio.env - DEBUG - Exiting env context: <rasterio.env.Env object at 0x7ffa091f26c0>
2023-11-09 15:20:06,650 - rasterio.env - DEBUG - Cleared existing <rasterio._env.GDALEnv object at 0x7ffa720b9f00> options
2023-11-09 15:20:06,650 - rasterio._env - DEBUG - Stopped GDALEnv <rasterio._env.GDALEnv object at 0x7ffa720b9f00>.
2023-11-09 15:20:06,651 - rasterio.env - DEBUG - Exiting outermost env
2023-11-09 15:20:06,651 - rasterio.env - DEBUG - Exited env context: <rasterio.env.Env object at 0x7ffa091f26c0>
2023-11-09 15:20:06,651 - rasterio.env - DEBUG - Entering env context: <rasterio.env.Env object at 0x7ffa722e5880>
2023-11-09 15:20:06,651 - rasterio.env - DEBUG - Starting outermost env
2023-11-09 15:20:06,651 - rasterio.env - DEBUG - No GDAL environment exists
2023-11-09 15:20:06,652 - rasterio.env - DEBUG - New GDAL environment <rasterio._env.GDALEnv object at 0x7ffa720b9f00> created
2023-11-09 15:20:06,652 - rasterio._env - DEBUG - GDAL data found in package: path='/home/swx/miniconda3/envs/present_weather/lib/python3.12/site-packages/rasterio/gdal_data'.
2023-11-09 15:20:06,652 - rasterio._env - DEBUG - PROJ_LIB found in environment.
2023-11-09 15:20:06,653 - rasterio._env - DEBUG - Started GDALEnv: self=<rasterio._env.GDALEnv object at 0x7ffa720b9f00>.
2023-11-09 15:20:06,653 - rasterio.env - DEBUG - Entered env context: <rasterio.env.Env object at 0x7ffa722e5880>
2023-11-09 15:20:06,654 - rasterio.env - DEBUG - Got a copy of environment <rasterio._env.GDALEnv object at 0x7ffa720b9f00> options
2023-11-09 15:20:06,654 - rasterio.env - DEBUG - Entering env context: <rasterio.env.Env object at 0x7ffa088bd4c0>
2023-11-09 15:20:06,654 - rasterio.env - DEBUG - Got a copy of environment <rasterio._env.GDALEnv object at 0x7ffa720b9f00> options
2023-11-09 15:20:06,654 - rasterio.env - DEBUG - Entered env context: <rasterio.env.Env object at 0x7ffa088bd4c0>
2023-11-09 15:20:06,655 - rasterio._base - DEBUG - Sharing flag: 0
2023-11-09 15:20:06,658 - rasterio._base - DEBUG - Nodata success: 1, Nodata value: nan
2023-11-09 15:20:06,658 - rasterio._base - DEBUG - Dataset <open DatasetReader name='https://radar.bmkg.go.id/raster/radarsatelit_202311091510.tif' mode='r'> is started.
2023-11-09 15:20:06,658 - rasterio.env - DEBUG - Exiting env context: <rasterio.env.Env object at 0x7ffa088bd4c0>
2023-11-09 15:20:06,659 - rasterio.env - DEBUG - Cleared existing <rasterio._env.GDALEnv object at 0x7ffa720b9f00> options
2023-11-09 15:20:06,659 - rasterio._env - DEBUG - Stopped GDALEnv <rasterio._env.GDALEnv object at 0x7ffa720b9f00>.
2023-11-09 15:20:06,659 - rasterio.env - DEBUG - No GDAL environment exists
2023-11-09 15:20:06,659 - rasterio.env - DEBUG - New GDAL environment <rasterio._env.GDALEnv object at 0x7ffa720b9f00> created
2023-11-09 15:20:06,660 - rasterio._env - DEBUG - GDAL data found in package: path='/home/swx/miniconda3/envs/present_weather/lib/python3.12/site-packages/rasterio/gdal_data'.
2023-11-09 15:20:06,660 - rasterio._env - DEBUG - PROJ_LIB found in environment.
2023-11-09 15:20:06,661 - rasterio._env - DEBUG - Started GDALEnv: self=<rasterio._env.GDALEnv object at 0x7ffa720b9f00>.
2023-11-09 15:20:06,661 - rasterio.env - DEBUG - Exited env context: <rasterio.env.Env object at 0x7ffa088bd4c0>
2023-11-09 15:20:06,714 - rasterio._io - DEBUG - Output nodata value read from file: nan
2023-11-09 15:20:06,715 - rasterio._io - DEBUG - Output nodata values: [nan]
2023-11-09 15:20:06,715 - rasterio._io - DEBUG - all_valid: False
2023-11-09 15:20:06,715 - rasterio._io - DEBUG - mask_flags: ([<MaskFlags.nodata: 8>],)
2023-11-09 15:20:06,716 - rasterio._io - DEBUG - Jump straight to _read()
2023-11-09 15:20:06,717 - rasterio._io - DEBUG - Window: Window(col_off=0, row_off=0, width=10215, height=3792)
2023-11-09 15:20:06,717 - rasterio._io - DEBUG - IO window xoff=0.0 yoff=0.0 width=10215.0 height=3792.0
2023-11-09 15:20:08,151 - rasterio.env - DEBUG - Exiting env context: <rasterio.env.Env object at 0x7ffa722e5880>
2023-11-09 15:20:08,152 - rasterio.env - DEBUG - Cleared existing <rasterio._env.GDALEnv object at 0x7ffa720b9f00> options
2023-11-09 15:20:08,152 - rasterio._env - DEBUG - Stopped GDALEnv <rasterio._env.GDALEnv object at 0x7ffa720b9f00>.
2023-11-09 15:20:08,152 - rasterio.env - DEBUG - Exiting outermost env
2023-11-09 15:20:08,152 - rasterio.env - DEBUG - Exited env context: <rasterio.env.Env object at 0x7ffa722e5880>
2023-11-09 15:20:08,155 - urllib3.connectionpool - DEBUG - Starting new HTTPS connection (1): radar.bmkg.go.id:8060
2023-11-09 15:20:08,282 - urllib3.connectionpool - DEBUG - https://radar.bmkg.go.id:8060 "GET /getLatestLD?typeData=1 HTTP/1.1" 200 15456
2023-11-09 15:20:08,315 - asyncio - DEBUG - Using selector: EpollSelector
2023-11-09 15:20:24,025 - root - INFO - dask.bag<lambda, npartitions=34>
2023-11-09 16:00:31,258 - root - INFO - Total elapsed time: 0:40:24.981348
