2023-11-28 07:13:02,888 - root - INFO - Initiating present weather
2023-11-28 07:13:02,890 - asyncio - DEBUG - Using selector: EpollSelector
2023-11-28 07:13:04,287 - urllib3.connectionpool - DEBUG - Starting new HTTPS connection (1): radar.bmkg.go.id:8060
2023-11-28 07:13:04,311 - urllib3.connectionpool - DEBUG - https://radar.bmkg.go.id:8060 "GET /getRadarGeotif?token=19387e71e78522ae4172ec0fda640983b8438c9cfa0ca571623cb69d8327&radar=amandemenForecast&type=latest HTTP/1.1" 200 90
2023-11-28 07:13:04,313 - rasterio.env - DEBUG - Entering env context: <rasterio.env.Env object at 0x7f1c13ce1c00>
2023-11-28 07:13:04,313 - rasterio.env - DEBUG - Starting outermost env
2023-11-28 07:13:04,314 - rasterio.env - DEBUG - No GDAL environment exists
2023-11-28 07:13:04,314 - rasterio.env - DEBUG - New GDAL environment <rasterio._env.GDALEnv object at 0x7f1c13ce1cf0> created
2023-11-28 07:13:04,316 - rasterio._filepath - DEBUG - Installing FilePath filesystem handler plugin...
2023-11-28 07:13:04,316 - rasterio._env - DEBUG - GDAL data found in package: path='/home/metpublic/PYTHON_VENV/present_weather/lib/python3.10/site-packages/rasterio/gdal_data'.
2023-11-28 07:13:04,316 - rasterio._env - DEBUG - PROJ data found in package: path='/home/metpublic/PYTHON_VENV/present_weather/lib/python3.10/site-packages/rasterio/proj_data'.
2023-11-28 07:13:04,316 - rasterio._env - DEBUG - Started GDALEnv: self=<rasterio._env.GDALEnv object at 0x7f1c13ce1cf0>.
2023-11-28 07:13:04,316 - rasterio.env - DEBUG - Entered env context: <rasterio.env.Env object at 0x7f1c13ce1c00>
2023-11-28 07:13:04,317 - rasterio._base - DEBUG - Sharing flag: 0
2023-11-28 07:13:04,497 - rasterio._base - DEBUG - Nodata success: 1, Nodata value: nan
2023-11-28 07:13:04,497 - rasterio._base - DEBUG - Dataset <open DatasetReader name='https://radar.bmkg.go.id/raster/radarsatelit_202311280710.tif' mode='r'> is started.
2023-11-28 07:13:04,497 - rasterio.env - DEBUG - Exiting env context: <rasterio.env.Env object at 0x7f1c13ce1c00>
2023-11-28 07:13:04,497 - rasterio.env - DEBUG - Cleared existing <rasterio._env.GDALEnv object at 0x7f1c13ce1cf0> options
2023-11-28 07:13:04,497 - rasterio._env - DEBUG - Stopped GDALEnv <rasterio._env.GDALEnv object at 0x7f1c13ce1cf0>.
2023-11-28 07:13:04,498 - rasterio.env - DEBUG - Exiting outermost env
2023-11-28 07:13:04,498 - rasterio.env - DEBUG - Exited env context: <rasterio.env.Env object at 0x7f1c13ce1c00>
2023-11-28 07:13:04,498 - rasterio.env - DEBUG - Entering env context: <rasterio.env.Env object at 0x7f1c13ce1c90>
2023-11-28 07:13:04,498 - rasterio.env - DEBUG - Starting outermost env
2023-11-28 07:13:04,498 - rasterio.env - DEBUG - No GDAL environment exists
2023-11-28 07:13:04,498 - rasterio.env - DEBUG - New GDAL environment <rasterio._env.GDALEnv object at 0x7f1c1339f010> created
2023-11-28 07:13:04,498 - rasterio._env - DEBUG - GDAL data found in package: path='/home/metpublic/PYTHON_VENV/present_weather/lib/python3.10/site-packages/rasterio/gdal_data'.
2023-11-28 07:13:04,498 - rasterio._env - DEBUG - PROJ data found in package: path='/home/metpublic/PYTHON_VENV/present_weather/lib/python3.10/site-packages/rasterio/proj_data'.
2023-11-28 07:13:04,498 - rasterio._env - DEBUG - Started GDALEnv: self=<rasterio._env.GDALEnv object at 0x7f1c1339f010>.
2023-11-28 07:13:04,498 - rasterio.env - DEBUG - Entered env context: <rasterio.env.Env object at 0x7f1c13ce1c90>
2023-11-28 07:13:04,499 - rasterio.env - DEBUG - Got a copy of environment <rasterio._env.GDALEnv object at 0x7f1c1339f010> options
2023-11-28 07:13:04,499 - rasterio.env - DEBUG - Entering env context: <rasterio.env.Env object at 0x7f1c10269000>
2023-11-28 07:13:04,499 - rasterio.env - DEBUG - Got a copy of environment <rasterio._env.GDALEnv object at 0x7f1c1339f010> options
2023-11-28 07:13:04,499 - rasterio.env - DEBUG - Entered env context: <rasterio.env.Env object at 0x7f1c10269000>
2023-11-28 07:13:04,499 - rasterio._base - DEBUG - Sharing flag: 0
2023-11-28 07:13:04,500 - rasterio._base - DEBUG - Nodata success: 1, Nodata value: nan
2023-11-28 07:13:04,500 - rasterio._base - DEBUG - Dataset <open DatasetReader name='https://radar.bmkg.go.id/raster/radarsatelit_202311280710.tif' mode='r'> is started.
2023-11-28 07:13:04,500 - rasterio.env - DEBUG - Exiting env context: <rasterio.env.Env object at 0x7f1c10269000>
2023-11-28 07:13:04,500 - rasterio.env - DEBUG - Cleared existing <rasterio._env.GDALEnv object at 0x7f1c1339f010> options
2023-11-28 07:13:04,500 - rasterio._env - DEBUG - Stopped GDALEnv <rasterio._env.GDALEnv object at 0x7f1c1339f010>.
2023-11-28 07:13:04,500 - rasterio.env - DEBUG - No GDAL environment exists
2023-11-28 07:13:04,500 - rasterio.env - DEBUG - New GDAL environment <rasterio._env.GDALEnv object at 0x7f1c1339f010> created
2023-11-28 07:13:04,501 - rasterio._env - DEBUG - GDAL data found in package: path='/home/metpublic/PYTHON_VENV/present_weather/lib/python3.10/site-packages/rasterio/gdal_data'.
2023-11-28 07:13:04,501 - rasterio._env - DEBUG - PROJ data found in package: path='/home/metpublic/PYTHON_VENV/present_weather/lib/python3.10/site-packages/rasterio/proj_data'.
2023-11-28 07:13:04,501 - rasterio._env - DEBUG - Started GDALEnv: self=<rasterio._env.GDALEnv object at 0x7f1c1339f010>.
2023-11-28 07:13:04,501 - rasterio.env - DEBUG - Exited env context: <rasterio.env.Env object at 0x7f1c10269000>
2023-11-28 07:13:04,517 - rasterio._io - DEBUG - Output nodata value read from file: nan
2023-11-28 07:13:04,517 - rasterio._io - DEBUG - Output nodata values: [nan]
2023-11-28 07:13:04,517 - rasterio._io - DEBUG - all_valid: False
2023-11-28 07:13:04,517 - rasterio._io - DEBUG - mask_flags: ([<MaskFlags.nodata: 8>],)
2023-11-28 07:13:04,518 - rasterio._io - DEBUG - Jump straight to _read()
2023-11-28 07:13:04,518 - rasterio._io - DEBUG - Window: Window(col_off=0, row_off=0, width=10215, height=3792)
2023-11-28 07:13:04,518 - rasterio._io - DEBUG - IO window xoff=0.0 yoff=0.0 width=10215.0 height=3792.0
2023-11-28 07:13:05,109 - rasterio.env - DEBUG - Exiting env context: <rasterio.env.Env object at 0x7f1c13ce1c90>
2023-11-28 07:13:05,109 - rasterio.env - DEBUG - Cleared existing <rasterio._env.GDALEnv object at 0x7f1c1339f010> options
2023-11-28 07:13:05,109 - rasterio._env - DEBUG - Stopped GDALEnv <rasterio._env.GDALEnv object at 0x7f1c1339f010>.
2023-11-28 07:13:05,109 - rasterio.env - DEBUG - Exiting outermost env
2023-11-28 07:13:05,109 - rasterio.env - DEBUG - Exited env context: <rasterio.env.Env object at 0x7f1c13ce1c90>
2023-11-28 07:13:05,111 - urllib3.connectionpool - DEBUG - Starting new HTTPS connection (1): radar.bmkg.go.id:8060
2023-11-28 07:13:05,124 - urllib3.connectionpool - DEBUG - https://radar.bmkg.go.id:8060 "GET /getLatestLD?typeData=1 HTTP/1.1" 200 62
2023-11-28 07:13:06,843 - rasterio.env - DEBUG - Entering env context: <rasterio.env.Env object at 0x7f1c13ce1cf0>
2023-11-28 07:13:06,843 - rasterio.env - DEBUG - Starting outermost env
2023-11-28 07:13:06,843 - rasterio.env - DEBUG - No GDAL environment exists
2023-11-28 07:13:06,843 - rasterio.env - DEBUG - New GDAL environment <rasterio._env.GDALEnv object at 0x7f1c13ce1c90> created
2023-11-28 07:13:06,844 - rasterio._env - DEBUG - GDAL data found in package: path='/home/metpublic/PYTHON_VENV/present_weather/lib/python3.10/site-packages/rasterio/gdal_data'.
2023-11-28 07:13:06,844 - rasterio._env - DEBUG - PROJ data found in package: path='/home/metpublic/PYTHON_VENV/present_weather/lib/python3.10/site-packages/rasterio/proj_data'.
2023-11-28 07:13:06,844 - rasterio._env - DEBUG - Started GDALEnv: self=<rasterio._env.GDALEnv object at 0x7f1c13ce1c90>.
2023-11-28 07:13:06,844 - rasterio.env - DEBUG - Entered env context: <rasterio.env.Env object at 0x7f1c13ce1cf0>
2023-11-28 07:13:06,844 - rasterio._base - DEBUG - Sharing flag: 0
2023-11-28 07:13:06,845 - rasterio._base - DEBUG - Nodata success: 0, Nodata value: 0.000000
2023-11-28 07:13:06,845 - rasterio._base - DEBUG - Dataset <open DatasetReader name='/home/metpublic/TASK_RELEASE/EFAN/present_weather/src/H09_B13_Indonesia_20231128.Z0700.cor.tiff' mode='r'> is started.
2023-11-28 07:13:06,846 - rasterio.env - DEBUG - Exiting env context: <rasterio.env.Env object at 0x7f1c13ce1cf0>
2023-11-28 07:13:06,846 - rasterio.env - DEBUG - Cleared existing <rasterio._env.GDALEnv object at 0x7f1c13ce1c90> options
2023-11-28 07:13:06,846 - rasterio._env - DEBUG - Stopped GDALEnv <rasterio._env.GDALEnv object at 0x7f1c13ce1c90>.
2023-11-28 07:13:06,846 - rasterio.env - DEBUG - Exiting outermost env
2023-11-28 07:13:06,846 - rasterio.env - DEBUG - Exited env context: <rasterio.env.Env object at 0x7f1c13ce1cf0>
2023-11-28 07:13:06,846 - rasterio.env - DEBUG - Entering env context: <rasterio.env.Env object at 0x7f1c102688b0>
2023-11-28 07:13:06,846 - rasterio.env - DEBUG - Starting outermost env
2023-11-28 07:13:06,846 - rasterio.env - DEBUG - No GDAL environment exists
2023-11-28 07:13:06,846 - rasterio.env - DEBUG - New GDAL environment <rasterio._env.GDALEnv object at 0x7f1c102690f0> created
2023-11-28 07:13:06,846 - rasterio._env - DEBUG - GDAL data found in package: path='/home/metpublic/PYTHON_VENV/present_weather/lib/python3.10/site-packages/rasterio/gdal_data'.
2023-11-28 07:13:06,846 - rasterio._env - DEBUG - PROJ data found in package: path='/home/metpublic/PYTHON_VENV/present_weather/lib/python3.10/site-packages/rasterio/proj_data'.
2023-11-28 07:13:06,847 - rasterio._env - DEBUG - Started GDALEnv: self=<rasterio._env.GDALEnv object at 0x7f1c102690f0>.
2023-11-28 07:13:06,847 - rasterio.env - DEBUG - Entered env context: <rasterio.env.Env object at 0x7f1c102688b0>
2023-11-28 07:13:06,847 - rasterio._base - DEBUG - Sharing flag: 0
2023-11-28 07:13:06,847 - rasterio._base - DEBUG - Nodata success: 0, Nodata value: 0.000000
2023-11-28 07:13:06,847 - rasterio._base - DEBUG - Dataset <open DatasetReader name='/home/metpublic/TASK_RELEASE/EFAN/present_weather/src/H09_B13_Indonesia_20231128.Z0700.cor.tiff' mode='r'> is started.
2023-11-28 07:13:06,847 - rasterio.env - DEBUG - Exiting env context: <rasterio.env.Env object at 0x7f1c102688b0>
2023-11-28 07:13:06,848 - rasterio.env - DEBUG - Cleared existing <rasterio._env.GDALEnv object at 0x7f1c102690f0> options
2023-11-28 07:13:06,848 - rasterio._env - DEBUG - Stopped GDALEnv <rasterio._env.GDALEnv object at 0x7f1c102690f0>.
2023-11-28 07:13:06,848 - rasterio.env - DEBUG - Exiting outermost env
2023-11-28 07:13:06,848 - rasterio.env - DEBUG - Exited env context: <rasterio.env.Env object at 0x7f1c102688b0>
2023-11-28 07:13:06,855 - root - INFO - Generating present weather using SATELITE data
2023-11-28 07:13:58,632 - root - INFO - Total elapsed time: 0:00:55.744187
