2023-12-29 17:23:02,878 - root - INFO - Initiating present weather
2023-12-29 17:23:02,880 - asyncio - DEBUG - Using selector: EpollSelector
2023-12-29 17:23:04,661 - urllib3.connectionpool - DEBUG - Starting new HTTPS connection (1): radar.bmkg.go.id:8060
2023-12-29 17:23:04,675 - urllib3.connectionpool - DEBUG - https://radar.bmkg.go.id:8060 "GET /getLatestLD?typeData=1 HTTP/1.1" 200 62
2023-12-29 17:23:04,677 - urllib3.connectionpool - DEBUG - Starting new HTTPS connection (1): radar.bmkg.go.id:8060
2023-12-29 17:23:04,696 - urllib3.connectionpool - DEBUG - https://radar.bmkg.go.id:8060 "GET /getRadarGeotif?token=19387e71e78522ae4172ec0fda640983b8438c9cfa0ca571623cb69d8327&radar=amandemenForecast&type=latest HTTP/1.1" 200 90
2023-12-29 17:23:04,698 - rasterio.env - DEBUG - Entering env context: <rasterio.env.Env object at 0x7f47a17a0100>
2023-12-29 17:23:04,699 - rasterio.env - DEBUG - Starting outermost env
2023-12-29 17:23:04,699 - rasterio.env - DEBUG - No GDAL environment exists
2023-12-29 17:23:04,699 - rasterio.env - DEBUG - New GDAL environment <rasterio._env.GDALEnv object at 0x7f47a17318a0> created
2023-12-29 17:23:04,702 - rasterio._filepath - DEBUG - Installing FilePath filesystem handler plugin...
2023-12-29 17:23:04,702 - rasterio._env - DEBUG - GDAL data found in package: path='/home/metpublic/PYTHON_VENV/present_weather/lib/python3.10/site-packages/rasterio/gdal_data'.
2023-12-29 17:23:04,702 - rasterio._env - DEBUG - PROJ data found in package: path='/home/metpublic/PYTHON_VENV/present_weather/lib/python3.10/site-packages/rasterio/proj_data'.
2023-12-29 17:23:04,702 - rasterio._env - DEBUG - Started GDALEnv: self=<rasterio._env.GDALEnv object at 0x7f47a17318a0>.
2023-12-29 17:23:04,702 - rasterio.env - DEBUG - Entered env context: <rasterio.env.Env object at 0x7f47a17a0100>
2023-12-29 17:23:04,702 - rasterio._base - DEBUG - Sharing flag: 0
2023-12-29 17:23:05,093 - rasterio._base - DEBUG - Nodata success: 1, Nodata value: nan
2023-12-29 17:23:05,093 - rasterio._base - DEBUG - Dataset <open DatasetReader name='https://radar.bmkg.go.id/raster/radarsatelit_202312291650.tif' mode='r'> is started.
2023-12-29 17:23:05,094 - rasterio.env - DEBUG - Exiting env context: <rasterio.env.Env object at 0x7f47a17a0100>
2023-12-29 17:23:05,094 - rasterio.env - DEBUG - Cleared existing <rasterio._env.GDALEnv object at 0x7f47a17318a0> options
2023-12-29 17:23:05,094 - rasterio._env - DEBUG - Stopped GDALEnv <rasterio._env.GDALEnv object at 0x7f47a17318a0>.
2023-12-29 17:23:05,094 - rasterio.env - DEBUG - Exiting outermost env
2023-12-29 17:23:05,094 - rasterio.env - DEBUG - Exited env context: <rasterio.env.Env object at 0x7f47a17a0100>
2023-12-29 17:23:05,094 - rasterio.env - DEBUG - Entering env context: <rasterio.env.Env object at 0x7f47a17a0a90>
2023-12-29 17:23:05,094 - rasterio.env - DEBUG - Starting outermost env
2023-12-29 17:23:05,094 - rasterio.env - DEBUG - No GDAL environment exists
2023-12-29 17:23:05,094 - rasterio.env - DEBUG - New GDAL environment <rasterio._env.GDALEnv object at 0x7f47a20b3b20> created
2023-12-29 17:23:05,095 - rasterio._env - DEBUG - GDAL data found in package: path='/home/metpublic/PYTHON_VENV/present_weather/lib/python3.10/site-packages/rasterio/gdal_data'.
2023-12-29 17:23:05,095 - rasterio._env - DEBUG - PROJ data found in package: path='/home/metpublic/PYTHON_VENV/present_weather/lib/python3.10/site-packages/rasterio/proj_data'.
2023-12-29 17:23:05,095 - rasterio._env - DEBUG - Started GDALEnv: self=<rasterio._env.GDALEnv object at 0x7f47a20b3b20>.
2023-12-29 17:23:05,095 - rasterio.env - DEBUG - Entered env context: <rasterio.env.Env object at 0x7f47a17a0a90>
2023-12-29 17:23:05,095 - rasterio.env - DEBUG - Got a copy of environment <rasterio._env.GDALEnv object at 0x7f47a20b3b20> options
2023-12-29 17:23:05,095 - rasterio.env - DEBUG - Entering env context: <rasterio.env.Env object at 0x7f47a0637940>
2023-12-29 17:23:05,095 - rasterio.env - DEBUG - Got a copy of environment <rasterio._env.GDALEnv object at 0x7f47a20b3b20> options
2023-12-29 17:23:05,095 - rasterio.env - DEBUG - Entered env context: <rasterio.env.Env object at 0x7f47a0637940>
2023-12-29 17:23:05,096 - rasterio._base - DEBUG - Sharing flag: 0
2023-12-29 17:23:05,096 - rasterio._base - DEBUG - Nodata success: 1, Nodata value: nan
2023-12-29 17:23:05,097 - rasterio._base - DEBUG - Dataset <open DatasetReader name='https://radar.bmkg.go.id/raster/radarsatelit_202312291650.tif' mode='r'> is started.
2023-12-29 17:23:05,097 - rasterio.env - DEBUG - Exiting env context: <rasterio.env.Env object at 0x7f47a0637940>
2023-12-29 17:23:05,097 - rasterio.env - DEBUG - Cleared existing <rasterio._env.GDALEnv object at 0x7f47a20b3b20> options
2023-12-29 17:23:05,097 - rasterio._env - DEBUG - Stopped GDALEnv <rasterio._env.GDALEnv object at 0x7f47a20b3b20>.
2023-12-29 17:23:05,098 - rasterio.env - DEBUG - No GDAL environment exists
2023-12-29 17:23:05,098 - rasterio.env - DEBUG - New GDAL environment <rasterio._env.GDALEnv object at 0x7f47a20b3b20> created
2023-12-29 17:23:05,098 - rasterio._env - DEBUG - GDAL data found in package: path='/home/metpublic/PYTHON_VENV/present_weather/lib/python3.10/site-packages/rasterio/gdal_data'.
2023-12-29 17:23:05,098 - rasterio._env - DEBUG - PROJ data found in package: path='/home/metpublic/PYTHON_VENV/present_weather/lib/python3.10/site-packages/rasterio/proj_data'.
2023-12-29 17:23:05,098 - rasterio._env - DEBUG - Started GDALEnv: self=<rasterio._env.GDALEnv object at 0x7f47a20b3b20>.
2023-12-29 17:23:05,098 - rasterio.env - DEBUG - Exited env context: <rasterio.env.Env object at 0x7f47a0637940>
2023-12-29 17:23:05,119 - rasterio._io - DEBUG - Output nodata value read from file: nan
2023-12-29 17:23:05,120 - rasterio._io - DEBUG - Output nodata values: [nan]
2023-12-29 17:23:05,120 - rasterio._io - DEBUG - all_valid: False
2023-12-29 17:23:05,120 - rasterio._io - DEBUG - mask_flags: ([<MaskFlags.nodata: 8>],)
2023-12-29 17:23:05,121 - rasterio._io - DEBUG - Jump straight to _read()
2023-12-29 17:23:05,121 - rasterio._io - DEBUG - Window: Window(col_off=0, row_off=0, width=10215, height=3792)
2023-12-29 17:23:05,121 - rasterio._io - DEBUG - IO window xoff=0.0 yoff=0.0 width=10215.0 height=3792.0
2023-12-29 17:23:05,677 - rasterio.env - DEBUG - Exiting env context: <rasterio.env.Env object at 0x7f47a17a0a90>
2023-12-29 17:23:05,677 - rasterio.env - DEBUG - Cleared existing <rasterio._env.GDALEnv object at 0x7f47a20b3b20> options
2023-12-29 17:23:05,678 - rasterio._env - DEBUG - Stopped GDALEnv <rasterio._env.GDALEnv object at 0x7f47a20b3b20>.
2023-12-29 17:23:05,678 - rasterio.env - DEBUG - Exiting outermost env
2023-12-29 17:23:05,678 - rasterio.env - DEBUG - Exited env context: <rasterio.env.Env object at 0x7f47a17a0a90>
2023-12-29 17:23:05,679 - urllib3.connectionpool - DEBUG - Starting new HTTPS connection (1): radar.bmkg.go.id:8060
2023-12-29 17:23:05,803 - urllib3.connectionpool - DEBUG - https://radar.bmkg.go.id:8060 "GET /getRadarGeotif?token=19387e71e78522ae4172ec0fda640983b8438c9cfa0ca571623cb69d8327&radar=amandemenForecastRadarMosaic&type=latest HTTP/1.1" 200 84
2023-12-29 17:23:05,804 - rasterio.env - DEBUG - Entering env context: <rasterio.env.Env object at 0x7f47a17a0970>
2023-12-29 17:23:05,804 - rasterio.env - DEBUG - Starting outermost env
2023-12-29 17:23:05,804 - rasterio.env - DEBUG - No GDAL environment exists
2023-12-29 17:23:05,804 - rasterio.env - DEBUG - New GDAL environment <rasterio._env.GDALEnv object at 0x7f47a20b3820> created
2023-12-29 17:23:05,805 - rasterio._env - DEBUG - GDAL data found in package: path='/home/metpublic/PYTHON_VENV/present_weather/lib/python3.10/site-packages/rasterio/gdal_data'.
2023-12-29 17:23:05,805 - rasterio._env - DEBUG - PROJ data found in package: path='/home/metpublic/PYTHON_VENV/present_weather/lib/python3.10/site-packages/rasterio/proj_data'.
2023-12-29 17:23:05,805 - rasterio._env - DEBUG - Started GDALEnv: self=<rasterio._env.GDALEnv object at 0x7f47a20b3820>.
2023-12-29 17:23:05,805 - rasterio.env - DEBUG - Entered env context: <rasterio.env.Env object at 0x7f47a17a0970>
2023-12-29 17:23:05,805 - rasterio._base - DEBUG - Sharing flag: 0
2023-12-29 17:23:05,810 - rasterio._base - DEBUG - Nodata success: 1, Nodata value: nan
2023-12-29 17:23:05,811 - rasterio._base - DEBUG - Dataset <open DatasetReader name='https://radar.bmkg.go.id/raster/mosaic_202312291720.tif' mode='r'> is started.
2023-12-29 17:23:05,811 - rasterio.env - DEBUG - Exiting env context: <rasterio.env.Env object at 0x7f47a17a0970>
2023-12-29 17:23:05,811 - rasterio.env - DEBUG - Cleared existing <rasterio._env.GDALEnv object at 0x7f47a20b3820> options
2023-12-29 17:23:05,811 - rasterio._env - DEBUG - Stopped GDALEnv <rasterio._env.GDALEnv object at 0x7f47a20b3820>.
2023-12-29 17:23:05,811 - rasterio.env - DEBUG - Exiting outermost env
2023-12-29 17:23:05,811 - rasterio.env - DEBUG - Exited env context: <rasterio.env.Env object at 0x7f47a17a0970>
2023-12-29 17:23:05,811 - rasterio.env - DEBUG - Entering env context: <rasterio.env.Env object at 0x7f47a17a0100>
2023-12-29 17:23:05,811 - rasterio.env - DEBUG - Starting outermost env
2023-12-29 17:23:05,812 - rasterio.env - DEBUG - No GDAL environment exists
2023-12-29 17:23:05,812 - rasterio.env - DEBUG - New GDAL environment <rasterio._env.GDALEnv object at 0x7f47a20b3820> created
2023-12-29 17:23:05,812 - rasterio._env - DEBUG - GDAL data found in package: path='/home/metpublic/PYTHON_VENV/present_weather/lib/python3.10/site-packages/rasterio/gdal_data'.
2023-12-29 17:23:05,812 - rasterio._env - DEBUG - PROJ data found in package: path='/home/metpublic/PYTHON_VENV/present_weather/lib/python3.10/site-packages/rasterio/proj_data'.
2023-12-29 17:23:05,812 - rasterio._env - DEBUG - Started GDALEnv: self=<rasterio._env.GDALEnv object at 0x7f47a20b3820>.
2023-12-29 17:23:05,812 - rasterio.env - DEBUG - Entered env context: <rasterio.env.Env object at 0x7f47a17a0100>
2023-12-29 17:23:05,812 - rasterio.env - DEBUG - Got a copy of environment <rasterio._env.GDALEnv object at 0x7f47a20b3820> options
2023-12-29 17:23:05,812 - rasterio.env - DEBUG - Entering env context: <rasterio.env.Env object at 0x7f47a06368c0>
2023-12-29 17:23:05,813 - rasterio.env - DEBUG - Got a copy of environment <rasterio._env.GDALEnv object at 0x7f47a20b3820> options
2023-12-29 17:23:05,813 - rasterio.env - DEBUG - Entered env context: <rasterio.env.Env object at 0x7f47a06368c0>
2023-12-29 17:23:05,813 - rasterio._base - DEBUG - Sharing flag: 0
2023-12-29 17:23:05,813 - rasterio._base - DEBUG - Nodata success: 1, Nodata value: nan
2023-12-29 17:23:05,813 - rasterio._base - DEBUG - Dataset <open DatasetReader name='https://radar.bmkg.go.id/raster/mosaic_202312291720.tif' mode='r'> is started.
2023-12-29 17:23:05,813 - rasterio.env - DEBUG - Exiting env context: <rasterio.env.Env object at 0x7f47a06368c0>
2023-12-29 17:23:05,813 - rasterio.env - DEBUG - Cleared existing <rasterio._env.GDALEnv object at 0x7f47a20b3820> options
2023-12-29 17:23:05,813 - rasterio._env - DEBUG - Stopped GDALEnv <rasterio._env.GDALEnv object at 0x7f47a20b3820>.
2023-12-29 17:23:05,813 - rasterio.env - DEBUG - No GDAL environment exists
2023-12-29 17:23:05,814 - rasterio.env - DEBUG - New GDAL environment <rasterio._env.GDALEnv object at 0x7f47a20b3820> created
2023-12-29 17:23:05,814 - rasterio._env - DEBUG - GDAL data found in package: path='/home/metpublic/PYTHON_VENV/present_weather/lib/python3.10/site-packages/rasterio/gdal_data'.
2023-12-29 17:23:05,814 - rasterio._env - DEBUG - PROJ data found in package: path='/home/metpublic/PYTHON_VENV/present_weather/lib/python3.10/site-packages/rasterio/proj_data'.
2023-12-29 17:23:05,814 - rasterio._env - DEBUG - Started GDALEnv: self=<rasterio._env.GDALEnv object at 0x7f47a20b3820>.
2023-12-29 17:23:05,814 - rasterio.env - DEBUG - Exited env context: <rasterio.env.Env object at 0x7f47a06368c0>
2023-12-29 17:23:05,823 - rasterio._io - DEBUG - Output nodata value read from file: nan
2023-12-29 17:23:05,824 - rasterio._io - DEBUG - Output nodata values: [nan]
2023-12-29 17:23:05,824 - rasterio._io - DEBUG - all_valid: False
2023-12-29 17:23:05,824 - rasterio._io - DEBUG - mask_flags: ([<MaskFlags.nodata: 8>],)
2023-12-29 17:23:05,824 - rasterio._io - DEBUG - Jump straight to _read()
2023-12-29 17:23:05,824 - rasterio._io - DEBUG - Window: Window(col_off=0, row_off=0, width=10215, height=3792)
2023-12-29 17:23:05,824 - rasterio._io - DEBUG - IO window xoff=0.0 yoff=0.0 width=10215.0 height=3792.0
2023-12-29 17:23:11,608 - rasterio.env - DEBUG - Exiting env context: <rasterio.env.Env object at 0x7f47a17a0100>
2023-12-29 17:23:11,608 - rasterio.env - DEBUG - Cleared existing <rasterio._env.GDALEnv object at 0x7f47a20b3820> options
2023-12-29 17:23:11,608 - rasterio._env - DEBUG - Stopped GDALEnv <rasterio._env.GDALEnv object at 0x7f47a20b3820>.
2023-12-29 17:23:11,608 - rasterio.env - DEBUG - Exiting outermost env
2023-12-29 17:23:11,608 - rasterio.env - DEBUG - Exited env context: <rasterio.env.Env object at 0x7f47a17a0100>
2023-12-29 17:29:49,217 - root - INFO - Total elapsed time: 0:06:46.338855
