2023-11-22 22:23:03,421 - root - INFO - Initiating present weather
2023-11-22 22:23:03,424 - asyncio - DEBUG - Using selector: EpollSelector
2023-11-22 22:23:06,681 - urllib3.connectionpool - DEBUG - Starting new HTTPS connection (1): radar.bmkg.go.id:8060
2023-11-22 22:23:06,758 - urllib3.connectionpool - DEBUG - https://radar.bmkg.go.id:8060 "GET /getRadarGeotif?token=19387e71e78522ae4172ec0fda640983b8438c9cfa0ca571623cb69d8327&radar=amandemenForecast&type=latest HTTP/1.1" 200 90
2023-11-22 22:23:06,760 - rasterio.env - DEBUG - Entering env context: <rasterio.env.Env object at 0x7f22bf382540>
2023-11-22 22:23:06,761 - rasterio.env - DEBUG - Starting outermost env
2023-11-22 22:23:06,762 - rasterio.env - DEBUG - No GDAL environment exists
2023-11-22 22:23:06,762 - rasterio.env - DEBUG - New GDAL environment <rasterio._env.GDALEnv object at 0x7f22c41a3d90> created
2023-11-22 22:23:06,766 - rasterio._filepath - DEBUG - Installing FilePath filesystem handler plugin...
2023-11-22 22:23:06,767 - rasterio._env - DEBUG - GDAL data found in package: path='/home/swx/miniconda3/envs/present_weather/lib/python3.12/site-packages/rasterio/gdal_data'.
2023-11-22 22:23:06,767 - rasterio._env - DEBUG - PROJ_LIB found in environment.
2023-11-22 22:23:06,767 - rasterio._env - DEBUG - Started GDALEnv: self=<rasterio._env.GDALEnv object at 0x7f22c41a3d90>.
2023-11-22 22:23:06,767 - rasterio.env - DEBUG - Entered env context: <rasterio.env.Env object at 0x7f22bf382540>
2023-11-22 22:23:06,767 - rasterio._base - DEBUG - Sharing flag: 0
2023-11-22 22:23:06,971 - rasterio._base - DEBUG - Nodata success: 1, Nodata value: nan
2023-11-22 22:23:06,972 - rasterio._base - DEBUG - Dataset <open DatasetReader name='https://radar.bmkg.go.id/raster/radarsatelit_202311222220.tif' mode='r'> is started.
2023-11-22 22:23:06,972 - rasterio.env - DEBUG - Exiting env context: <rasterio.env.Env object at 0x7f22bf382540>
2023-11-22 22:23:06,972 - rasterio.env - DEBUG - Cleared existing <rasterio._env.GDALEnv object at 0x7f22c41a3d90> options
2023-11-22 22:23:06,972 - rasterio._env - DEBUG - Stopped GDALEnv <rasterio._env.GDALEnv object at 0x7f22c41a3d90>.
2023-11-22 22:23:06,973 - rasterio.env - DEBUG - Exiting outermost env
2023-11-22 22:23:06,973 - rasterio.env - DEBUG - Exited env context: <rasterio.env.Env object at 0x7f22bf382540>
2023-11-22 22:23:06,973 - rasterio.env - DEBUG - Entering env context: <rasterio.env.Env object at 0x7f22bf30a2d0>
2023-11-22 22:23:06,973 - rasterio.env - DEBUG - Starting outermost env
2023-11-22 22:23:06,973 - rasterio.env - DEBUG - No GDAL environment exists
2023-11-22 22:23:06,973 - rasterio.env - DEBUG - New GDAL environment <rasterio._env.GDALEnv object at 0x7f22bc733820> created
2023-11-22 22:23:06,974 - rasterio._env - DEBUG - GDAL data found in package: path='/home/swx/miniconda3/envs/present_weather/lib/python3.12/site-packages/rasterio/gdal_data'.
2023-11-22 22:23:06,974 - rasterio._env - DEBUG - PROJ_LIB found in environment.
2023-11-22 22:23:06,974 - rasterio._env - DEBUG - Started GDALEnv: self=<rasterio._env.GDALEnv object at 0x7f22bc733820>.
2023-11-22 22:23:06,974 - rasterio.env - DEBUG - Entered env context: <rasterio.env.Env object at 0x7f22bf30a2d0>
2023-11-22 22:23:06,975 - rasterio.env - DEBUG - Got a copy of environment <rasterio._env.GDALEnv object at 0x7f22bc733820> options
2023-11-22 22:23:06,975 - rasterio.env - DEBUG - Entering env context: <rasterio.env.Env object at 0x7f22c41a3fe0>
2023-11-22 22:23:06,975 - rasterio.env - DEBUG - Got a copy of environment <rasterio._env.GDALEnv object at 0x7f22bc733820> options
2023-11-22 22:23:06,975 - rasterio.env - DEBUG - Entered env context: <rasterio.env.Env object at 0x7f22c41a3fe0>
2023-11-22 22:23:06,976 - rasterio._base - DEBUG - Sharing flag: 0
2023-11-22 22:23:06,977 - rasterio._base - DEBUG - Nodata success: 1, Nodata value: nan
2023-11-22 22:23:06,977 - rasterio._base - DEBUG - Dataset <open DatasetReader name='https://radar.bmkg.go.id/raster/radarsatelit_202311222220.tif' mode='r'> is started.
2023-11-22 22:23:06,977 - rasterio.env - DEBUG - Exiting env context: <rasterio.env.Env object at 0x7f22c41a3fe0>
2023-11-22 22:23:06,977 - rasterio.env - DEBUG - Cleared existing <rasterio._env.GDALEnv object at 0x7f22bc733820> options
2023-11-22 22:23:06,977 - rasterio._env - DEBUG - Stopped GDALEnv <rasterio._env.GDALEnv object at 0x7f22bc733820>.
2023-11-22 22:23:06,977 - rasterio.env - DEBUG - No GDAL environment exists
2023-11-22 22:23:06,978 - rasterio.env - DEBUG - New GDAL environment <rasterio._env.GDALEnv object at 0x7f22bc733820> created
2023-11-22 22:23:06,978 - rasterio._env - DEBUG - GDAL data found in package: path='/home/swx/miniconda3/envs/present_weather/lib/python3.12/site-packages/rasterio/gdal_data'.
2023-11-22 22:23:06,978 - rasterio._env - DEBUG - PROJ_LIB found in environment.
2023-11-22 22:23:06,978 - rasterio._env - DEBUG - Started GDALEnv: self=<rasterio._env.GDALEnv object at 0x7f22bc733820>.
2023-11-22 22:23:06,979 - rasterio.env - DEBUG - Exited env context: <rasterio.env.Env object at 0x7f22c41a3fe0>
2023-11-22 22:23:07,009 - rasterio._io - DEBUG - Output nodata value read from file: nan
2023-11-22 22:23:07,009 - rasterio._io - DEBUG - Output nodata values: [nan]
2023-11-22 22:23:07,009 - rasterio._io - DEBUG - all_valid: False
2023-11-22 22:23:07,010 - rasterio._io - DEBUG - mask_flags: ([<MaskFlags.nodata: 8>],)
2023-11-22 22:23:07,010 - rasterio._io - DEBUG - Jump straight to _read()
2023-11-22 22:23:07,010 - rasterio._io - DEBUG - Window: Window(col_off=0, row_off=0, width=10215, height=3792)
2023-11-22 22:23:07,010 - rasterio._io - DEBUG - IO window xoff=0.0 yoff=0.0 width=10215.0 height=3792.0
2023-11-22 22:23:07,702 - rasterio.env - DEBUG - Exiting env context: <rasterio.env.Env object at 0x7f22bf30a2d0>
2023-11-22 22:23:07,703 - rasterio.env - DEBUG - Cleared existing <rasterio._env.GDALEnv object at 0x7f22bc733820> options
2023-11-22 22:23:07,703 - rasterio._env - DEBUG - Stopped GDALEnv <rasterio._env.GDALEnv object at 0x7f22bc733820>.
2023-11-22 22:23:07,703 - rasterio.env - DEBUG - Exiting outermost env
2023-11-22 22:23:07,703 - rasterio.env - DEBUG - Exited env context: <rasterio.env.Env object at 0x7f22bf30a2d0>
2023-11-22 22:23:07,705 - urllib3.connectionpool - DEBUG - Starting new HTTPS connection (1): radar.bmkg.go.id:8060
2023-11-22 22:23:07,817 - urllib3.connectionpool - DEBUG - https://radar.bmkg.go.id:8060 "GET /getLatestLD?typeData=1 HTTP/1.1" 200 243777
2023-11-22 22:23:11,272 - root - INFO - dask.bag<lambda, npartitions=34>
2023-11-22 22:28:25,741 - root - INFO - Total elapsed time: 0:05:22.320654
