2023-11-12 05:08:37,119 - root - INFO - Initiating present weather
2023-11-12 05:08:37,124 - urllib3.connectionpool - DEBUG - Starting new HTTPS connection (1): radar.bmkg.go.id:8060
2023-11-12 05:08:42,200 - urllib3.connectionpool - DEBUG - https://radar.bmkg.go.id:8060 "GET /getRadarGeotif?token=19387e71e78522ae4172ec0fda640983b8438c9cfa0ca571623cb69d8327&radar=amandemenForecast&type=latest HTTP/1.1" 200 90
2023-11-12 05:08:42,203 - rasterio.env - DEBUG - Entering env context: <rasterio.env.Env object at 0x7f67cbc1fec0>
2023-11-12 05:08:42,204 - rasterio.env - DEBUG - Starting outermost env
2023-11-12 05:08:42,204 - rasterio.env - DEBUG - No GDAL environment exists
2023-11-12 05:08:42,204 - rasterio.env - DEBUG - New GDAL environment <rasterio._env.GDALEnv object at 0x7f67cc081030> created
2023-11-12 05:08:42,209 - rasterio._filepath - DEBUG - Installing FilePath filesystem handler plugin...
2023-11-12 05:08:42,209 - rasterio._env - DEBUG - GDAL data found in package: path='/home/swx/miniconda3/envs/present_weather/lib/python3.12/site-packages/rasterio/gdal_data'.
2023-11-12 05:08:42,209 - rasterio._env - DEBUG - PROJ_LIB found in environment.
2023-11-12 05:08:42,209 - rasterio._env - DEBUG - Started GDALEnv: self=<rasterio._env.GDALEnv object at 0x7f67cc081030>.
2023-11-12 05:08:42,209 - rasterio.env - DEBUG - Entered env context: <rasterio.env.Env object at 0x7f67cbc1fec0>
2023-11-12 05:08:42,210 - rasterio._base - DEBUG - Sharing flag: 0
2023-11-12 05:08:42,388 - rasterio._base - DEBUG - Nodata success: 1, Nodata value: nan
2023-11-12 05:08:42,388 - rasterio._base - DEBUG - Dataset <open DatasetReader name='https://radar.bmkg.go.id/raster/radarsatelit_202311120500.tif' mode='r'> is started.
2023-11-12 05:08:42,389 - rasterio.env - DEBUG - Exiting env context: <rasterio.env.Env object at 0x7f67cbc1fec0>
2023-11-12 05:08:42,389 - rasterio.env - DEBUG - Cleared existing <rasterio._env.GDALEnv object at 0x7f67cc081030> options
2023-11-12 05:08:42,389 - rasterio._env - DEBUG - Stopped GDALEnv <rasterio._env.GDALEnv object at 0x7f67cc081030>.
2023-11-12 05:08:42,389 - rasterio.env - DEBUG - Exiting outermost env
2023-11-12 05:08:42,389 - rasterio.env - DEBUG - Exited env context: <rasterio.env.Env object at 0x7f67cbc1fec0>
2023-11-12 05:08:42,389 - rasterio.env - DEBUG - Entering env context: <rasterio.env.Env object at 0x7f67cbcdf800>
2023-11-12 05:08:42,389 - rasterio.env - DEBUG - Starting outermost env
2023-11-12 05:08:42,389 - rasterio.env - DEBUG - No GDAL environment exists
2023-11-12 05:08:42,390 - rasterio.env - DEBUG - New GDAL environment <rasterio._env.GDALEnv object at 0x7f67cbc1feb0> created
2023-11-12 05:08:42,390 - rasterio._env - DEBUG - GDAL data found in package: path='/home/swx/miniconda3/envs/present_weather/lib/python3.12/site-packages/rasterio/gdal_data'.
2023-11-12 05:08:42,390 - rasterio._env - DEBUG - PROJ_LIB found in environment.
2023-11-12 05:08:42,390 - rasterio._env - DEBUG - Started GDALEnv: self=<rasterio._env.GDALEnv object at 0x7f67cbc1feb0>.
2023-11-12 05:08:42,391 - rasterio.env - DEBUG - Entered env context: <rasterio.env.Env object at 0x7f67cbcdf800>
2023-11-12 05:08:42,391 - rasterio.env - DEBUG - Got a copy of environment <rasterio._env.GDALEnv object at 0x7f67cbc1feb0> options
2023-11-12 05:08:42,391 - rasterio.env - DEBUG - Entering env context: <rasterio.env.Env object at 0x7f68596a0d40>
2023-11-12 05:08:42,392 - rasterio.env - DEBUG - Got a copy of environment <rasterio._env.GDALEnv object at 0x7f67cbc1feb0> options
2023-11-12 05:08:42,392 - rasterio.env - DEBUG - Entered env context: <rasterio.env.Env object at 0x7f68596a0d40>
2023-11-12 05:08:42,392 - rasterio._base - DEBUG - Sharing flag: 0
2023-11-12 05:08:42,393 - rasterio._base - DEBUG - Nodata success: 1, Nodata value: nan
2023-11-12 05:08:42,393 - rasterio._base - DEBUG - Dataset <open DatasetReader name='https://radar.bmkg.go.id/raster/radarsatelit_202311120500.tif' mode='r'> is started.
2023-11-12 05:08:42,393 - rasterio.env - DEBUG - Exiting env context: <rasterio.env.Env object at 0x7f68596a0d40>
2023-11-12 05:08:42,393 - rasterio.env - DEBUG - Cleared existing <rasterio._env.GDALEnv object at 0x7f67cbc1feb0> options
2023-11-12 05:08:42,393 - rasterio._env - DEBUG - Stopped GDALEnv <rasterio._env.GDALEnv object at 0x7f67cbc1feb0>.
2023-11-12 05:08:42,393 - rasterio.env - DEBUG - No GDAL environment exists
2023-11-12 05:08:42,393 - rasterio.env - DEBUG - New GDAL environment <rasterio._env.GDALEnv object at 0x7f67cbc1feb0> created
2023-11-12 05:08:42,394 - rasterio._env - DEBUG - GDAL data found in package: path='/home/swx/miniconda3/envs/present_weather/lib/python3.12/site-packages/rasterio/gdal_data'.
2023-11-12 05:08:42,394 - rasterio._env - DEBUG - PROJ_LIB found in environment.
2023-11-12 05:08:42,394 - rasterio._env - DEBUG - Started GDALEnv: self=<rasterio._env.GDALEnv object at 0x7f67cbc1feb0>.
2023-11-12 05:08:42,394 - rasterio.env - DEBUG - Exited env context: <rasterio.env.Env object at 0x7f68596a0d40>
2023-11-12 05:08:42,424 - rasterio._io - DEBUG - Output nodata value read from file: nan
2023-11-12 05:08:42,425 - rasterio._io - DEBUG - Output nodata values: [nan]
2023-11-12 05:08:42,425 - rasterio._io - DEBUG - all_valid: False
2023-11-12 05:08:42,425 - rasterio._io - DEBUG - mask_flags: ([<MaskFlags.nodata: 8>],)
2023-11-12 05:08:42,426 - rasterio._io - DEBUG - Jump straight to _read()
2023-11-12 05:08:42,426 - rasterio._io - DEBUG - Window: Window(col_off=0, row_off=0, width=10215, height=3792)
2023-11-12 05:08:42,426 - rasterio._io - DEBUG - IO window xoff=0.0 yoff=0.0 width=10215.0 height=3792.0
2023-11-12 05:08:43,116 - rasterio.env - DEBUG - Exiting env context: <rasterio.env.Env object at 0x7f67cbcdf800>
2023-11-12 05:08:43,116 - rasterio.env - DEBUG - Cleared existing <rasterio._env.GDALEnv object at 0x7f67cbc1feb0> options
2023-11-12 05:08:43,116 - rasterio._env - DEBUG - Stopped GDALEnv <rasterio._env.GDALEnv object at 0x7f67cbc1feb0>.
2023-11-12 05:08:43,116 - rasterio.env - DEBUG - Exiting outermost env
2023-11-12 05:08:43,116 - rasterio.env - DEBUG - Exited env context: <rasterio.env.Env object at 0x7f67cbcdf800>
2023-11-12 05:08:43,119 - urllib3.connectionpool - DEBUG - Starting new HTTPS connection (1): radar.bmkg.go.id:8060
2023-11-12 05:08:43,186 - urllib3.connectionpool - DEBUG - https://radar.bmkg.go.id:8060 "GET /getLatestLD?typeData=1 HTTP/1.1" 200 100086
2023-11-12 05:08:43,219 - asyncio - DEBUG - Using selector: EpollSelector
2023-11-12 05:08:49,866 - root - INFO - dask.bag<lambda, npartitions=34>
2023-11-12 05:09:04,852 - root - INFO - Total elapsed time: 0:00:27.734107
