2023-11-18 05:00:03,229 - root - INFO - Initiating present weather
2023-11-18 05:00:03,234 - urllib3.connectionpool - DEBUG - Starting new HTTPS connection (1): radar.bmkg.go.id:8060
2023-11-18 05:00:08,304 - urllib3.connectionpool - DEBUG - https://radar.bmkg.go.id:8060 "GET /getRadarGeotif?token=19387e71e78522ae4172ec0fda640983b8438c9cfa0ca571623cb69d8327&radar=amandemenForecast&type=latest HTTP/1.1" 200 90
2023-11-18 05:00:08,306 - rasterio.env - DEBUG - Entering env context: <rasterio.env.Env object at 0x7fccb05b1430>
2023-11-18 05:00:08,307 - rasterio.env - DEBUG - Starting outermost env
2023-11-18 05:00:08,307 - rasterio.env - DEBUG - No GDAL environment exists
2023-11-18 05:00:08,307 - rasterio.env - DEBUG - New GDAL environment <rasterio._env.GDALEnv object at 0x7fcd37c7b9a0> created
2023-11-18 05:00:08,312 - rasterio._filepath - DEBUG - Installing FilePath filesystem handler plugin...
2023-11-18 05:00:08,312 - rasterio._env - DEBUG - GDAL data found in package: path='/home/swx/miniconda3/envs/present_weather/lib/python3.12/site-packages/rasterio/gdal_data'.
2023-11-18 05:00:08,312 - rasterio._env - DEBUG - PROJ_LIB found in environment.
2023-11-18 05:00:08,312 - rasterio._env - DEBUG - Started GDALEnv: self=<rasterio._env.GDALEnv object at 0x7fcd37c7b9a0>.
2023-11-18 05:00:08,312 - rasterio.env - DEBUG - Entered env context: <rasterio.env.Env object at 0x7fccb05b1430>
2023-11-18 05:00:08,313 - rasterio._base - DEBUG - Sharing flag: 0
2023-11-18 05:00:08,513 - rasterio._base - DEBUG - Nodata success: 1, Nodata value: nan
2023-11-18 05:00:08,513 - rasterio._base - DEBUG - Dataset <open DatasetReader name='https://radar.bmkg.go.id/raster/radarsatelit_202311180450.tif' mode='r'> is started.
2023-11-18 05:00:08,514 - rasterio.env - DEBUG - Exiting env context: <rasterio.env.Env object at 0x7fccb05b1430>
2023-11-18 05:00:08,514 - rasterio.env - DEBUG - Cleared existing <rasterio._env.GDALEnv object at 0x7fcd37c7b9a0> options
2023-11-18 05:00:08,514 - rasterio._env - DEBUG - Stopped GDALEnv <rasterio._env.GDALEnv object at 0x7fcd37c7b9a0>.
2023-11-18 05:00:08,514 - rasterio.env - DEBUG - Exiting outermost env
2023-11-18 05:00:08,514 - rasterio.env - DEBUG - Exited env context: <rasterio.env.Env object at 0x7fccb05b1430>
2023-11-18 05:00:08,514 - rasterio.env - DEBUG - Entering env context: <rasterio.env.Env object at 0x7fccec0f79e0>
2023-11-18 05:00:08,514 - rasterio.env - DEBUG - Starting outermost env
2023-11-18 05:00:08,514 - rasterio.env - DEBUG - No GDAL environment exists
2023-11-18 05:00:08,514 - rasterio.env - DEBUG - New GDAL environment <rasterio._env.GDALEnv object at 0x7fccb05b1420> created
2023-11-18 05:00:08,515 - rasterio._env - DEBUG - GDAL data found in package: path='/home/swx/miniconda3/envs/present_weather/lib/python3.12/site-packages/rasterio/gdal_data'.
2023-11-18 05:00:08,515 - rasterio._env - DEBUG - PROJ_LIB found in environment.
2023-11-18 05:00:08,515 - rasterio._env - DEBUG - Started GDALEnv: self=<rasterio._env.GDALEnv object at 0x7fccb05b1420>.
2023-11-18 05:00:08,515 - rasterio.env - DEBUG - Entered env context: <rasterio.env.Env object at 0x7fccec0f79e0>
2023-11-18 05:00:08,516 - rasterio.env - DEBUG - Got a copy of environment <rasterio._env.GDALEnv object at 0x7fccb05b1420> options
2023-11-18 05:00:08,516 - rasterio.env - DEBUG - Entering env context: <rasterio.env.Env object at 0x7fccb020b4d0>
2023-11-18 05:00:08,516 - rasterio.env - DEBUG - Got a copy of environment <rasterio._env.GDALEnv object at 0x7fccb05b1420> options
2023-11-18 05:00:08,516 - rasterio.env - DEBUG - Entered env context: <rasterio.env.Env object at 0x7fccb020b4d0>
2023-11-18 05:00:08,516 - rasterio._base - DEBUG - Sharing flag: 0
2023-11-18 05:00:08,517 - rasterio._base - DEBUG - Nodata success: 1, Nodata value: nan
2023-11-18 05:00:08,517 - rasterio._base - DEBUG - Dataset <open DatasetReader name='https://radar.bmkg.go.id/raster/radarsatelit_202311180450.tif' mode='r'> is started.
2023-11-18 05:00:08,518 - rasterio.env - DEBUG - Exiting env context: <rasterio.env.Env object at 0x7fccb020b4d0>
2023-11-18 05:00:08,518 - rasterio.env - DEBUG - Cleared existing <rasterio._env.GDALEnv object at 0x7fccb05b1420> options
2023-11-18 05:00:08,518 - rasterio._env - DEBUG - Stopped GDALEnv <rasterio._env.GDALEnv object at 0x7fccb05b1420>.
2023-11-18 05:00:08,518 - rasterio.env - DEBUG - No GDAL environment exists
2023-11-18 05:00:08,518 - rasterio.env - DEBUG - New GDAL environment <rasterio._env.GDALEnv object at 0x7fccb05b1420> created
2023-11-18 05:00:08,518 - rasterio._env - DEBUG - GDAL data found in package: path='/home/swx/miniconda3/envs/present_weather/lib/python3.12/site-packages/rasterio/gdal_data'.
2023-11-18 05:00:08,518 - rasterio._env - DEBUG - PROJ_LIB found in environment.
2023-11-18 05:00:08,519 - rasterio._env - DEBUG - Started GDALEnv: self=<rasterio._env.GDALEnv object at 0x7fccb05b1420>.
2023-11-18 05:00:08,519 - rasterio.env - DEBUG - Exited env context: <rasterio.env.Env object at 0x7fccb020b4d0>
2023-11-18 05:00:08,545 - rasterio._io - DEBUG - Output nodata value read from file: nan
2023-11-18 05:00:08,546 - rasterio._io - DEBUG - Output nodata values: [nan]
2023-11-18 05:00:08,546 - rasterio._io - DEBUG - all_valid: False
2023-11-18 05:00:08,546 - rasterio._io - DEBUG - mask_flags: ([<MaskFlags.nodata: 8>],)
2023-11-18 05:00:08,546 - rasterio._io - DEBUG - Jump straight to _read()
2023-11-18 05:00:08,546 - rasterio._io - DEBUG - Window: Window(col_off=0, row_off=0, width=10215, height=3792)
2023-11-18 05:00:08,547 - rasterio._io - DEBUG - IO window xoff=0.0 yoff=0.0 width=10215.0 height=3792.0
2023-11-18 05:00:09,210 - rasterio.env - DEBUG - Exiting env context: <rasterio.env.Env object at 0x7fccec0f79e0>
2023-11-18 05:00:09,211 - rasterio.env - DEBUG - Cleared existing <rasterio._env.GDALEnv object at 0x7fccb05b1420> options
2023-11-18 05:00:09,211 - rasterio._env - DEBUG - Stopped GDALEnv <rasterio._env.GDALEnv object at 0x7fccb05b1420>.
2023-11-18 05:00:09,211 - rasterio.env - DEBUG - Exiting outermost env
2023-11-18 05:00:09,211 - rasterio.env - DEBUG - Exited env context: <rasterio.env.Env object at 0x7fccec0f79e0>
2023-11-18 05:00:09,213 - urllib3.connectionpool - DEBUG - Starting new HTTPS connection (1): radar.bmkg.go.id:8060
2023-11-18 05:00:09,267 - urllib3.connectionpool - DEBUG - https://radar.bmkg.go.id:8060 "GET /getLatestLD?typeData=1 HTTP/1.1" 200 41670
2023-11-18 05:00:09,287 - asyncio - DEBUG - Using selector: EpollSelector
2023-11-18 05:00:16,095 - root - INFO - dask.bag<lambda, npartitions=34>
2023-11-18 05:17:08,678 - root - INFO - Total elapsed time: 0:17:05.449137
