2023-12-05 15:13:02,564 - root - INFO - Initiating present weather
2023-12-05 15:13:02,566 - asyncio - DEBUG - Using selector: EpollSelector
2023-12-05 15:13:04,067 - urllib3.connectionpool - DEBUG - Starting new HTTPS connection (1): radar.bmkg.go.id:8060
2023-12-05 15:13:04,080 - urllib3.connectionpool - DEBUG - https://radar.bmkg.go.id:8060 "GET /getLatestLD?typeData=1 HTTP/1.1" 200 62
2023-12-05 15:13:04,083 - urllib3.connectionpool - DEBUG - Starting new HTTPS connection (1): radar.bmkg.go.id:8060
2023-12-05 15:13:04,105 - urllib3.connectionpool - DEBUG - https://radar.bmkg.go.id:8060 "GET /getRadarGeotif?token=19387e71e78522ae4172ec0fda640983b8438c9cfa0ca571623cb69d8327&radar=amandemenForecast&type=latest HTTP/1.1" 200 90
2023-12-05 15:13:04,105 - rasterio.env - DEBUG - Entering env context: <rasterio.env.Env object at 0x7f5329c92e60>
2023-12-05 15:13:04,106 - rasterio.env - DEBUG - Starting outermost env
2023-12-05 15:13:04,106 - rasterio.env - DEBUG - No GDAL environment exists
2023-12-05 15:13:04,106 - rasterio.env - DEBUG - New GDAL environment <rasterio._env.GDALEnv object at 0x7f5329c92bc0> created
2023-12-05 15:13:04,109 - rasterio._filepath - DEBUG - Installing FilePath filesystem handler plugin...
2023-12-05 15:13:04,109 - rasterio._env - DEBUG - GDAL data found in package: path='/home/metpublic/PYTHON_VENV/present_weather/lib/python3.10/site-packages/rasterio/gdal_data'.
2023-12-05 15:13:04,109 - rasterio._env - DEBUG - PROJ data found in package: path='/home/metpublic/PYTHON_VENV/present_weather/lib/python3.10/site-packages/rasterio/proj_data'.
2023-12-05 15:13:04,109 - rasterio._env - DEBUG - Started GDALEnv: self=<rasterio._env.GDALEnv object at 0x7f5329c92bc0>.
2023-12-05 15:13:04,109 - rasterio.env - DEBUG - Entered env context: <rasterio.env.Env object at 0x7f5329c92e60>
2023-12-05 15:13:04,110 - rasterio._base - DEBUG - Sharing flag: 0
2023-12-05 15:13:04,344 - rasterio._base - DEBUG - Nodata success: 1, Nodata value: nan
2023-12-05 15:13:04,344 - rasterio._base - DEBUG - Dataset <open DatasetReader name='https://radar.bmkg.go.id/raster/radarsatelit_202312051510.tif' mode='r'> is started.
2023-12-05 15:13:04,345 - rasterio.env - DEBUG - Exiting env context: <rasterio.env.Env object at 0x7f5329c92e60>
2023-12-05 15:13:04,345 - rasterio.env - DEBUG - Cleared existing <rasterio._env.GDALEnv object at 0x7f5329c92bc0> options
2023-12-05 15:13:04,345 - rasterio._env - DEBUG - Stopped GDALEnv <rasterio._env.GDALEnv object at 0x7f5329c92bc0>.
2023-12-05 15:13:04,345 - rasterio.env - DEBUG - Exiting outermost env
2023-12-05 15:13:04,345 - rasterio.env - DEBUG - Exited env context: <rasterio.env.Env object at 0x7f5329c92e60>
2023-12-05 15:13:04,345 - rasterio.env - DEBUG - Entering env context: <rasterio.env.Env object at 0x7f5329378070>
2023-12-05 15:13:04,345 - rasterio.env - DEBUG - Starting outermost env
2023-12-05 15:13:04,345 - rasterio.env - DEBUG - No GDAL environment exists
2023-12-05 15:13:04,345 - rasterio.env - DEBUG - New GDAL environment <rasterio._env.GDALEnv object at 0x7f5329c92e60> created
2023-12-05 15:13:04,346 - rasterio._env - DEBUG - GDAL data found in package: path='/home/metpublic/PYTHON_VENV/present_weather/lib/python3.10/site-packages/rasterio/gdal_data'.
2023-12-05 15:13:04,346 - rasterio._env - DEBUG - PROJ data found in package: path='/home/metpublic/PYTHON_VENV/present_weather/lib/python3.10/site-packages/rasterio/proj_data'.
2023-12-05 15:13:04,346 - rasterio._env - DEBUG - Started GDALEnv: self=<rasterio._env.GDALEnv object at 0x7f5329c92e60>.
2023-12-05 15:13:04,346 - rasterio.env - DEBUG - Entered env context: <rasterio.env.Env object at 0x7f5329378070>
2023-12-05 15:13:04,346 - rasterio.env - DEBUG - Got a copy of environment <rasterio._env.GDALEnv object at 0x7f5329c92e60> options
2023-12-05 15:13:04,346 - rasterio.env - DEBUG - Entering env context: <rasterio.env.Env object at 0x7f53282260b0>
2023-12-05 15:13:04,346 - rasterio.env - DEBUG - Got a copy of environment <rasterio._env.GDALEnv object at 0x7f5329c92e60> options
2023-12-05 15:13:04,346 - rasterio.env - DEBUG - Entered env context: <rasterio.env.Env object at 0x7f53282260b0>
2023-12-05 15:13:04,347 - rasterio._base - DEBUG - Sharing flag: 0
2023-12-05 15:13:04,348 - rasterio._base - DEBUG - Nodata success: 1, Nodata value: nan
2023-12-05 15:13:04,348 - rasterio._base - DEBUG - Dataset <open DatasetReader name='https://radar.bmkg.go.id/raster/radarsatelit_202312051510.tif' mode='r'> is started.
2023-12-05 15:13:04,348 - rasterio.env - DEBUG - Exiting env context: <rasterio.env.Env object at 0x7f53282260b0>
2023-12-05 15:13:04,348 - rasterio.env - DEBUG - Cleared existing <rasterio._env.GDALEnv object at 0x7f5329c92e60> options
2023-12-05 15:13:04,348 - rasterio._env - DEBUG - Stopped GDALEnv <rasterio._env.GDALEnv object at 0x7f5329c92e60>.
2023-12-05 15:13:04,348 - rasterio.env - DEBUG - No GDAL environment exists
2023-12-05 15:13:04,348 - rasterio.env - DEBUG - New GDAL environment <rasterio._env.GDALEnv object at 0x7f5329c92e60> created
2023-12-05 15:13:04,348 - rasterio._env - DEBUG - GDAL data found in package: path='/home/metpublic/PYTHON_VENV/present_weather/lib/python3.10/site-packages/rasterio/gdal_data'.
2023-12-05 15:13:04,348 - rasterio._env - DEBUG - PROJ data found in package: path='/home/metpublic/PYTHON_VENV/present_weather/lib/python3.10/site-packages/rasterio/proj_data'.
2023-12-05 15:13:04,349 - rasterio._env - DEBUG - Started GDALEnv: self=<rasterio._env.GDALEnv object at 0x7f5329c92e60>.
2023-12-05 15:13:04,349 - rasterio.env - DEBUG - Exited env context: <rasterio.env.Env object at 0x7f53282260b0>
2023-12-05 15:13:04,364 - rasterio._io - DEBUG - Output nodata value read from file: nan
2023-12-05 15:13:04,364 - rasterio._io - DEBUG - Output nodata values: [nan]
2023-12-05 15:13:04,364 - rasterio._io - DEBUG - all_valid: False
2023-12-05 15:13:04,365 - rasterio._io - DEBUG - mask_flags: ([<MaskFlags.nodata: 8>],)
2023-12-05 15:13:04,365 - rasterio._io - DEBUG - Jump straight to _read()
2023-12-05 15:13:04,365 - rasterio._io - DEBUG - Window: Window(col_off=0, row_off=0, width=10177, height=3732)
2023-12-05 15:13:04,365 - rasterio._io - DEBUG - IO window xoff=0.0 yoff=0.0 width=10177.0 height=3732.0
2023-12-05 15:13:04,908 - rasterio.env - DEBUG - Exiting env context: <rasterio.env.Env object at 0x7f5329378070>
2023-12-05 15:13:04,909 - rasterio.env - DEBUG - Cleared existing <rasterio._env.GDALEnv object at 0x7f5329c92e60> options
2023-12-05 15:13:04,909 - rasterio._env - DEBUG - Stopped GDALEnv <rasterio._env.GDALEnv object at 0x7f5329c92e60>.
2023-12-05 15:13:04,909 - rasterio.env - DEBUG - Exiting outermost env
2023-12-05 15:13:04,909 - rasterio.env - DEBUG - Exited env context: <rasterio.env.Env object at 0x7f5329378070>
2023-12-05 15:17:33,637 - rasterio.env - DEBUG - Entering env context: <rasterio.env.Env object at 0x7f5318774a90>
2023-12-05 15:17:33,637 - rasterio.env - DEBUG - Starting outermost env
2023-12-05 15:17:33,637 - rasterio.env - DEBUG - No GDAL environment exists
2023-12-05 15:17:33,638 - rasterio.env - DEBUG - New GDAL environment <rasterio._env.GDALEnv object at 0x7f53187761d0> created
2023-12-05 15:17:33,638 - rasterio._env - DEBUG - GDAL data found in package: path='/home/metpublic/PYTHON_VENV/present_weather/lib/python3.10/site-packages/rasterio/gdal_data'.
2023-12-05 15:17:33,638 - rasterio._env - DEBUG - PROJ data found in package: path='/home/metpublic/PYTHON_VENV/present_weather/lib/python3.10/site-packages/rasterio/proj_data'.
2023-12-05 15:17:33,639 - rasterio._env - DEBUG - Started GDALEnv: self=<rasterio._env.GDALEnv object at 0x7f53187761d0>.
2023-12-05 15:17:33,639 - rasterio.env - DEBUG - Entered env context: <rasterio.env.Env object at 0x7f5318774a90>
2023-12-05 15:17:33,639 - rasterio._base - DEBUG - Sharing flag: 0
2023-12-05 15:17:33,640 - rasterio._base - DEBUG - Nodata success: 0, Nodata value: 0.000000
2023-12-05 15:17:33,641 - rasterio._base - DEBUG - Dataset <open DatasetReader name='/home/metpublic/TASK_RELEASE/EFAN/present_weather/src/H09_B13_Indonesia_20231205.Z1500.cor.tiff' mode='r'> is started.
2023-12-05 15:17:33,641 - rasterio.env - DEBUG - Exiting env context: <rasterio.env.Env object at 0x7f5318774a90>
2023-12-05 15:17:33,641 - rasterio.env - DEBUG - Cleared existing <rasterio._env.GDALEnv object at 0x7f53187761d0> options
2023-12-05 15:17:33,641 - rasterio._env - DEBUG - Stopped GDALEnv <rasterio._env.GDALEnv object at 0x7f53187761d0>.
2023-12-05 15:17:33,641 - rasterio.env - DEBUG - Exiting outermost env
2023-12-05 15:17:33,641 - rasterio.env - DEBUG - Exited env context: <rasterio.env.Env object at 0x7f5318774a90>
2023-12-05 15:17:33,641 - rasterio.env - DEBUG - Entering env context: <rasterio.env.Env object at 0x7f5318774940>
2023-12-05 15:17:33,641 - rasterio.env - DEBUG - Starting outermost env
2023-12-05 15:17:33,641 - rasterio.env - DEBUG - No GDAL environment exists
2023-12-05 15:17:33,642 - rasterio.env - DEBUG - New GDAL environment <rasterio._env.GDALEnv object at 0x7f5318774e50> created
2023-12-05 15:17:33,642 - rasterio._env - DEBUG - GDAL data found in package: path='/home/metpublic/PYTHON_VENV/present_weather/lib/python3.10/site-packages/rasterio/gdal_data'.
2023-12-05 15:17:33,643 - rasterio._env - DEBUG - PROJ data found in package: path='/home/metpublic/PYTHON_VENV/present_weather/lib/python3.10/site-packages/rasterio/proj_data'.
2023-12-05 15:17:33,643 - rasterio._env - DEBUG - Started GDALEnv: self=<rasterio._env.GDALEnv object at 0x7f5318774e50>.
2023-12-05 15:17:33,643 - rasterio.env - DEBUG - Entered env context: <rasterio.env.Env object at 0x7f5318774940>
2023-12-05 15:17:33,643 - rasterio._base - DEBUG - Sharing flag: 0
2023-12-05 15:17:33,644 - rasterio._base - DEBUG - Nodata success: 0, Nodata value: 0.000000
2023-12-05 15:17:33,644 - rasterio._base - DEBUG - Dataset <open DatasetReader name='/home/metpublic/TASK_RELEASE/EFAN/present_weather/src/H09_B13_Indonesia_20231205.Z1500.cor.tiff' mode='r'> is started.
2023-12-05 15:17:33,644 - rasterio.env - DEBUG - Exiting env context: <rasterio.env.Env object at 0x7f5318774940>
2023-12-05 15:17:33,645 - rasterio.env - DEBUG - Cleared existing <rasterio._env.GDALEnv object at 0x7f5318774e50> options
2023-12-05 15:17:33,645 - rasterio._env - DEBUG - Stopped GDALEnv <rasterio._env.GDALEnv object at 0x7f5318774e50>.
2023-12-05 15:17:33,645 - rasterio.env - DEBUG - Exiting outermost env
2023-12-05 15:17:33,645 - rasterio.env - DEBUG - Exited env context: <rasterio.env.Env object at 0x7f5318774940>
2023-12-05 15:17:33,655 - root - INFO - Generating present weather using SATELITE data
2023-12-05 15:19:04,326 - root - INFO - Total elapsed time: 0:06:01.762276
