2023-11-21 20:23:03,262 - root - INFO - Initiating present weather
2023-11-21 20:23:03,267 - urllib3.connectionpool - DEBUG - Starting new HTTPS connection (1): radar.bmkg.go.id:8060
2023-11-21 20:23:03,344 - urllib3.connectionpool - DEBUG - https://radar.bmkg.go.id:8060 "GET /getRadarGeotif?token=19387e71e78522ae4172ec0fda640983b8438c9cfa0ca571623cb69d8327&radar=amandemenForecast&type=latest HTTP/1.1" 200 90
2023-11-21 20:23:03,347 - rasterio.env - DEBUG - Entering env context: <rasterio.env.Env object at 0x7f7daea4f710>
2023-11-21 20:23:03,348 - rasterio.env - DEBUG - Starting outermost env
2023-11-21 20:23:03,348 - rasterio.env - DEBUG - No GDAL environment exists
2023-11-21 20:23:03,348 - rasterio.env - DEBUG - New GDAL environment <rasterio._env.GDALEnv object at 0x7f7d43d8ea70> created
2023-11-21 20:23:03,352 - rasterio._filepath - DEBUG - Installing FilePath filesystem handler plugin...
2023-11-21 20:23:03,353 - rasterio._env - DEBUG - GDAL data found in package: path='/home/swx/miniconda3/envs/present_weather/lib/python3.12/site-packages/rasterio/gdal_data'.
2023-11-21 20:23:03,353 - rasterio._env - DEBUG - PROJ_LIB found in environment.
2023-11-21 20:23:03,353 - rasterio._env - DEBUG - Started GDALEnv: self=<rasterio._env.GDALEnv object at 0x7f7d43d8ea70>.
2023-11-21 20:23:03,353 - rasterio.env - DEBUG - Entered env context: <rasterio.env.Env object at 0x7f7daea4f710>
2023-11-21 20:23:03,354 - rasterio._base - DEBUG - Sharing flag: 0
2023-11-21 20:23:03,544 - rasterio._base - DEBUG - Nodata success: 1, Nodata value: nan
2023-11-21 20:23:03,545 - rasterio._base - DEBUG - Dataset <open DatasetReader name='https://radar.bmkg.go.id/raster/radarsatelit_202311212020.tif' mode='r'> is started.
2023-11-21 20:23:03,545 - rasterio.env - DEBUG - Exiting env context: <rasterio.env.Env object at 0x7f7daea4f710>
2023-11-21 20:23:03,546 - rasterio.env - DEBUG - Cleared existing <rasterio._env.GDALEnv object at 0x7f7d43d8ea70> options
2023-11-21 20:23:03,546 - rasterio._env - DEBUG - Stopped GDALEnv <rasterio._env.GDALEnv object at 0x7f7d43d8ea70>.
2023-11-21 20:23:03,546 - rasterio.env - DEBUG - Exiting outermost env
2023-11-21 20:23:03,546 - rasterio.env - DEBUG - Exited env context: <rasterio.env.Env object at 0x7f7daea4f710>
2023-11-21 20:23:03,546 - rasterio.env - DEBUG - Entering env context: <rasterio.env.Env object at 0x7f7daea4f6e0>
2023-11-21 20:23:03,546 - rasterio.env - DEBUG - Starting outermost env
2023-11-21 20:23:03,546 - rasterio.env - DEBUG - No GDAL environment exists
2023-11-21 20:23:03,546 - rasterio.env - DEBUG - New GDAL environment <rasterio._env.GDALEnv object at 0x7f7d43d8ea70> created
2023-11-21 20:23:03,547 - rasterio._env - DEBUG - GDAL data found in package: path='/home/swx/miniconda3/envs/present_weather/lib/python3.12/site-packages/rasterio/gdal_data'.
2023-11-21 20:23:03,547 - rasterio._env - DEBUG - PROJ_LIB found in environment.
2023-11-21 20:23:03,547 - rasterio._env - DEBUG - Started GDALEnv: self=<rasterio._env.GDALEnv object at 0x7f7d43d8ea70>.
2023-11-21 20:23:03,547 - rasterio.env - DEBUG - Entered env context: <rasterio.env.Env object at 0x7f7daea4f6e0>
2023-11-21 20:23:03,548 - rasterio.env - DEBUG - Got a copy of environment <rasterio._env.GDALEnv object at 0x7f7d43d8ea70> options
2023-11-21 20:23:03,548 - rasterio.env - DEBUG - Entering env context: <rasterio.env.Env object at 0x7f7d853b8d40>
2023-11-21 20:23:03,548 - rasterio.env - DEBUG - Got a copy of environment <rasterio._env.GDALEnv object at 0x7f7d43d8ea70> options
2023-11-21 20:23:03,548 - rasterio.env - DEBUG - Entered env context: <rasterio.env.Env object at 0x7f7d853b8d40>
2023-11-21 20:23:03,548 - rasterio._base - DEBUG - Sharing flag: 0
2023-11-21 20:23:03,549 - rasterio._base - DEBUG - Nodata success: 1, Nodata value: nan
2023-11-21 20:23:03,549 - rasterio._base - DEBUG - Dataset <open DatasetReader name='https://radar.bmkg.go.id/raster/radarsatelit_202311212020.tif' mode='r'> is started.
2023-11-21 20:23:03,550 - rasterio.env - DEBUG - Exiting env context: <rasterio.env.Env object at 0x7f7d853b8d40>
2023-11-21 20:23:03,550 - rasterio.env - DEBUG - Cleared existing <rasterio._env.GDALEnv object at 0x7f7d43d8ea70> options
2023-11-21 20:23:03,550 - rasterio._env - DEBUG - Stopped GDALEnv <rasterio._env.GDALEnv object at 0x7f7d43d8ea70>.
2023-11-21 20:23:03,550 - rasterio.env - DEBUG - No GDAL environment exists
2023-11-21 20:23:03,550 - rasterio.env - DEBUG - New GDAL environment <rasterio._env.GDALEnv object at 0x7f7d43d8ea70> created
2023-11-21 20:23:03,550 - rasterio._env - DEBUG - GDAL data found in package: path='/home/swx/miniconda3/envs/present_weather/lib/python3.12/site-packages/rasterio/gdal_data'.
2023-11-21 20:23:03,551 - rasterio._env - DEBUG - PROJ_LIB found in environment.
2023-11-21 20:23:03,551 - rasterio._env - DEBUG - Started GDALEnv: self=<rasterio._env.GDALEnv object at 0x7f7d43d8ea70>.
2023-11-21 20:23:03,551 - rasterio.env - DEBUG - Exited env context: <rasterio.env.Env object at 0x7f7d853b8d40>
2023-11-21 20:23:03,579 - rasterio._io - DEBUG - Output nodata value read from file: nan
2023-11-21 20:23:03,579 - rasterio._io - DEBUG - Output nodata values: [nan]
2023-11-21 20:23:03,579 - rasterio._io - DEBUG - all_valid: False
2023-11-21 20:23:03,580 - rasterio._io - DEBUG - mask_flags: ([<MaskFlags.nodata: 8>],)
2023-11-21 20:23:03,580 - rasterio._io - DEBUG - Jump straight to _read()
2023-11-21 20:23:03,580 - rasterio._io - DEBUG - Window: Window(col_off=0, row_off=0, width=10215, height=3789)
2023-11-21 20:23:03,580 - rasterio._io - DEBUG - IO window xoff=0.0 yoff=0.0 width=10215.0 height=3789.0
2023-11-21 20:23:04,392 - rasterio.env - DEBUG - Exiting env context: <rasterio.env.Env object at 0x7f7daea4f6e0>
2023-11-21 20:23:04,392 - rasterio.env - DEBUG - Cleared existing <rasterio._env.GDALEnv object at 0x7f7d43d8ea70> options
2023-11-21 20:23:04,392 - rasterio._env - DEBUG - Stopped GDALEnv <rasterio._env.GDALEnv object at 0x7f7d43d8ea70>.
2023-11-21 20:23:04,392 - rasterio.env - DEBUG - Exiting outermost env
2023-11-21 20:23:04,392 - rasterio.env - DEBUG - Exited env context: <rasterio.env.Env object at 0x7f7daea4f6e0>
2023-11-21 20:23:04,394 - urllib3.connectionpool - DEBUG - Starting new HTTPS connection (1): radar.bmkg.go.id:8060
2023-11-21 20:23:04,493 - urllib3.connectionpool - DEBUG - https://radar.bmkg.go.id:8060 "GET /getLatestLD?typeData=1 HTTP/1.1" 200 156156
2023-11-21 20:23:04,547 - asyncio - DEBUG - Using selector: EpollSelector
2023-11-21 20:23:11,320 - root - INFO - dask.bag<lambda, npartitions=34>
2023-11-21 20:36:50,954 - root - INFO - Total elapsed time: 0:13:47.692873
