2023-12-05 19:03:02,713 - root - INFO - Initiating present weather
2023-12-05 19:03:02,715 - asyncio - DEBUG - Using selector: EpollSelector
2023-12-05 19:03:04,211 - urllib3.connectionpool - DEBUG - Starting new HTTPS connection (1): radar.bmkg.go.id:8060
2023-12-05 19:03:04,226 - urllib3.connectionpool - DEBUG - https://radar.bmkg.go.id:8060 "GET /getLatestLD?typeData=1 HTTP/1.1" 200 62
2023-12-05 19:03:04,228 - urllib3.connectionpool - DEBUG - Starting new HTTPS connection (1): radar.bmkg.go.id:8060
2023-12-05 19:03:04,247 - urllib3.connectionpool - DEBUG - https://radar.bmkg.go.id:8060 "GET /getRadarGeotif?token=19387e71e78522ae4172ec0fda640983b8438c9cfa0ca571623cb69d8327&radar=amandemenForecast&type=latest HTTP/1.1" 200 90
2023-12-05 19:03:04,247 - rasterio.env - DEBUG - Entering env context: <rasterio.env.Env object at 0x7faeb3106cb0>
2023-12-05 19:03:04,248 - rasterio.env - DEBUG - Starting outermost env
2023-12-05 19:03:04,248 - rasterio.env - DEBUG - No GDAL environment exists
2023-12-05 19:03:04,248 - rasterio.env - DEBUG - New GDAL environment <rasterio._env.GDALEnv object at 0x7faeb3106d70> created
2023-12-05 19:03:04,251 - rasterio._filepath - DEBUG - Installing FilePath filesystem handler plugin...
2023-12-05 19:03:04,251 - rasterio._env - DEBUG - GDAL data found in package: path='/home/metpublic/PYTHON_VENV/present_weather/lib/python3.10/site-packages/rasterio/gdal_data'.
2023-12-05 19:03:04,251 - rasterio._env - DEBUG - PROJ data found in package: path='/home/metpublic/PYTHON_VENV/present_weather/lib/python3.10/site-packages/rasterio/proj_data'.
2023-12-05 19:03:04,251 - rasterio._env - DEBUG - Started GDALEnv: self=<rasterio._env.GDALEnv object at 0x7faeb3106d70>.
2023-12-05 19:03:04,251 - rasterio.env - DEBUG - Entered env context: <rasterio.env.Env object at 0x7faeb3106cb0>
2023-12-05 19:03:04,251 - rasterio._base - DEBUG - Sharing flag: 0
2023-12-05 19:03:04,487 - rasterio._base - DEBUG - Nodata success: 1, Nodata value: nan
2023-12-05 19:03:04,487 - rasterio._base - DEBUG - Dataset <open DatasetReader name='https://radar.bmkg.go.id/raster/radarsatelit_202312051900.tif' mode='r'> is started.
2023-12-05 19:03:04,487 - rasterio.env - DEBUG - Exiting env context: <rasterio.env.Env object at 0x7faeb3106cb0>
2023-12-05 19:03:04,488 - rasterio.env - DEBUG - Cleared existing <rasterio._env.GDALEnv object at 0x7faeb3106d70> options
2023-12-05 19:03:04,488 - rasterio._env - DEBUG - Stopped GDALEnv <rasterio._env.GDALEnv object at 0x7faeb3106d70>.
2023-12-05 19:03:04,488 - rasterio.env - DEBUG - Exiting outermost env
2023-12-05 19:03:04,488 - rasterio.env - DEBUG - Exited env context: <rasterio.env.Env object at 0x7faeb3106cb0>
2023-12-05 19:03:04,488 - rasterio.env - DEBUG - Entering env context: <rasterio.env.Env object at 0x7faeb27945e0>
2023-12-05 19:03:04,488 - rasterio.env - DEBUG - Starting outermost env
2023-12-05 19:03:04,488 - rasterio.env - DEBUG - No GDAL environment exists
2023-12-05 19:03:04,488 - rasterio.env - DEBUG - New GDAL environment <rasterio._env.GDALEnv object at 0x7faeb3106d70> created
2023-12-05 19:03:04,488 - rasterio._env - DEBUG - GDAL data found in package: path='/home/metpublic/PYTHON_VENV/present_weather/lib/python3.10/site-packages/rasterio/gdal_data'.
2023-12-05 19:03:04,489 - rasterio._env - DEBUG - PROJ data found in package: path='/home/metpublic/PYTHON_VENV/present_weather/lib/python3.10/site-packages/rasterio/proj_data'.
2023-12-05 19:03:04,489 - rasterio._env - DEBUG - Started GDALEnv: self=<rasterio._env.GDALEnv object at 0x7faeb3106d70>.
2023-12-05 19:03:04,489 - rasterio.env - DEBUG - Entered env context: <rasterio.env.Env object at 0x7faeb27945e0>
2023-12-05 19:03:04,489 - rasterio.env - DEBUG - Got a copy of environment <rasterio._env.GDALEnv object at 0x7faeb3106d70> options
2023-12-05 19:03:04,489 - rasterio.env - DEBUG - Entering env context: <rasterio.env.Env object at 0x7faeb0696200>
2023-12-05 19:03:04,489 - rasterio.env - DEBUG - Got a copy of environment <rasterio._env.GDALEnv object at 0x7faeb3106d70> options
2023-12-05 19:03:04,489 - rasterio.env - DEBUG - Entered env context: <rasterio.env.Env object at 0x7faeb0696200>
2023-12-05 19:03:04,490 - rasterio._base - DEBUG - Sharing flag: 0
2023-12-05 19:03:04,490 - rasterio._base - DEBUG - Nodata success: 1, Nodata value: nan
2023-12-05 19:03:04,491 - rasterio._base - DEBUG - Dataset <open DatasetReader name='https://radar.bmkg.go.id/raster/radarsatelit_202312051900.tif' mode='r'> is started.
2023-12-05 19:03:04,491 - rasterio.env - DEBUG - Exiting env context: <rasterio.env.Env object at 0x7faeb0696200>
2023-12-05 19:03:04,491 - rasterio.env - DEBUG - Cleared existing <rasterio._env.GDALEnv object at 0x7faeb3106d70> options
2023-12-05 19:03:04,491 - rasterio._env - DEBUG - Stopped GDALEnv <rasterio._env.GDALEnv object at 0x7faeb3106d70>.
2023-12-05 19:03:04,491 - rasterio.env - DEBUG - No GDAL environment exists
2023-12-05 19:03:04,491 - rasterio.env - DEBUG - New GDAL environment <rasterio._env.GDALEnv object at 0x7faeb3106d70> created
2023-12-05 19:03:04,491 - rasterio._env - DEBUG - GDAL data found in package: path='/home/metpublic/PYTHON_VENV/present_weather/lib/python3.10/site-packages/rasterio/gdal_data'.
2023-12-05 19:03:04,491 - rasterio._env - DEBUG - PROJ data found in package: path='/home/metpublic/PYTHON_VENV/present_weather/lib/python3.10/site-packages/rasterio/proj_data'.
2023-12-05 19:03:04,491 - rasterio._env - DEBUG - Started GDALEnv: self=<rasterio._env.GDALEnv object at 0x7faeb3106d70>.
2023-12-05 19:03:04,491 - rasterio.env - DEBUG - Exited env context: <rasterio.env.Env object at 0x7faeb0696200>
2023-12-05 19:03:04,508 - rasterio._io - DEBUG - Output nodata value read from file: nan
2023-12-05 19:03:04,508 - rasterio._io - DEBUG - Output nodata values: [nan]
2023-12-05 19:03:04,508 - rasterio._io - DEBUG - all_valid: False
2023-12-05 19:03:04,509 - rasterio._io - DEBUG - mask_flags: ([<MaskFlags.nodata: 8>],)
2023-12-05 19:03:04,509 - rasterio._io - DEBUG - Jump straight to _read()
2023-12-05 19:03:04,509 - rasterio._io - DEBUG - Window: Window(col_off=0, row_off=0, width=10177, height=3732)
2023-12-05 19:03:04,509 - rasterio._io - DEBUG - IO window xoff=0.0 yoff=0.0 width=10177.0 height=3732.0
2023-12-05 19:03:05,047 - rasterio.env - DEBUG - Exiting env context: <rasterio.env.Env object at 0x7faeb27945e0>
2023-12-05 19:03:05,047 - rasterio.env - DEBUG - Cleared existing <rasterio._env.GDALEnv object at 0x7faeb3106d70> options
2023-12-05 19:03:05,047 - rasterio._env - DEBUG - Stopped GDALEnv <rasterio._env.GDALEnv object at 0x7faeb3106d70>.
2023-12-05 19:03:05,047 - rasterio.env - DEBUG - Exiting outermost env
2023-12-05 19:03:05,047 - rasterio.env - DEBUG - Exited env context: <rasterio.env.Env object at 0x7faeb27945e0>
2023-12-05 19:07:57,754 - rasterio.env - DEBUG - Entering env context: <rasterio.env.Env object at 0x7faeb0695270>
2023-12-05 19:07:57,754 - rasterio.env - DEBUG - Starting outermost env
2023-12-05 19:07:57,754 - rasterio.env - DEBUG - No GDAL environment exists
2023-12-05 19:07:57,754 - rasterio.env - DEBUG - New GDAL environment <rasterio._env.GDALEnv object at 0x7faeb0695840> created
2023-12-05 19:07:57,755 - rasterio._env - DEBUG - GDAL data found in package: path='/home/metpublic/PYTHON_VENV/present_weather/lib/python3.10/site-packages/rasterio/gdal_data'.
2023-12-05 19:07:57,755 - rasterio._env - DEBUG - PROJ data found in package: path='/home/metpublic/PYTHON_VENV/present_weather/lib/python3.10/site-packages/rasterio/proj_data'.
2023-12-05 19:07:57,755 - rasterio._env - DEBUG - Started GDALEnv: self=<rasterio._env.GDALEnv object at 0x7faeb0695840>.
2023-12-05 19:07:57,755 - rasterio.env - DEBUG - Entered env context: <rasterio.env.Env object at 0x7faeb0695270>
2023-12-05 19:07:57,755 - rasterio._base - DEBUG - Sharing flag: 0
2023-12-05 19:07:57,757 - rasterio._base - DEBUG - Nodata success: 0, Nodata value: 0.000000
2023-12-05 19:07:57,757 - rasterio._base - DEBUG - Dataset <open DatasetReader name='/home/metpublic/TASK_RELEASE/EFAN/present_weather/src/H09_B13_Indonesia_20231205.Z1850.cor.tiff' mode='r'> is started.
2023-12-05 19:07:57,757 - rasterio.env - DEBUG - Exiting env context: <rasterio.env.Env object at 0x7faeb0695270>
2023-12-05 19:07:57,758 - rasterio.env - DEBUG - Cleared existing <rasterio._env.GDALEnv object at 0x7faeb0695840> options
2023-12-05 19:07:57,758 - rasterio._env - DEBUG - Stopped GDALEnv <rasterio._env.GDALEnv object at 0x7faeb0695840>.
2023-12-05 19:07:57,758 - rasterio.env - DEBUG - Exiting outermost env
2023-12-05 19:07:57,758 - rasterio.env - DEBUG - Exited env context: <rasterio.env.Env object at 0x7faeb0695270>
2023-12-05 19:07:57,758 - rasterio.env - DEBUG - Entering env context: <rasterio.env.Env object at 0x7faeb0695510>
2023-12-05 19:07:57,758 - rasterio.env - DEBUG - Starting outermost env
2023-12-05 19:07:57,758 - rasterio.env - DEBUG - No GDAL environment exists
2023-12-05 19:07:57,758 - rasterio.env - DEBUG - New GDAL environment <rasterio._env.GDALEnv object at 0x7faeb05a05e0> created
2023-12-05 19:07:57,759 - rasterio._env - DEBUG - GDAL data found in package: path='/home/metpublic/PYTHON_VENV/present_weather/lib/python3.10/site-packages/rasterio/gdal_data'.
2023-12-05 19:07:57,759 - rasterio._env - DEBUG - PROJ data found in package: path='/home/metpublic/PYTHON_VENV/present_weather/lib/python3.10/site-packages/rasterio/proj_data'.
2023-12-05 19:07:57,759 - rasterio._env - DEBUG - Started GDALEnv: self=<rasterio._env.GDALEnv object at 0x7faeb05a05e0>.
2023-12-05 19:07:57,759 - rasterio.env - DEBUG - Entered env context: <rasterio.env.Env object at 0x7faeb0695510>
2023-12-05 19:07:57,759 - rasterio._base - DEBUG - Sharing flag: 0
2023-12-05 19:07:57,759 - rasterio._base - DEBUG - Nodata success: 0, Nodata value: 0.000000
2023-12-05 19:07:57,760 - rasterio._base - DEBUG - Dataset <open DatasetReader name='/home/metpublic/TASK_RELEASE/EFAN/present_weather/src/H09_B13_Indonesia_20231205.Z1850.cor.tiff' mode='r'> is started.
2023-12-05 19:07:57,760 - rasterio.env - DEBUG - Exiting env context: <rasterio.env.Env object at 0x7faeb0695510>
2023-12-05 19:07:57,760 - rasterio.env - DEBUG - Cleared existing <rasterio._env.GDALEnv object at 0x7faeb05a05e0> options
2023-12-05 19:07:57,760 - rasterio._env - DEBUG - Stopped GDALEnv <rasterio._env.GDALEnv object at 0x7faeb05a05e0>.
2023-12-05 19:07:57,760 - rasterio.env - DEBUG - Exiting outermost env
2023-12-05 19:07:57,760 - rasterio.env - DEBUG - Exited env context: <rasterio.env.Env object at 0x7faeb0695510>
2023-12-05 19:07:57,769 - root - INFO - Generating present weather using SATELITE data
2023-12-05 19:09:19,075 - root - INFO - Total elapsed time: 0:06:16.361612
