2023-11-24 12:04:49,586 - root - INFO - Initiating present weather
2023-11-24 12:04:49,589 - asyncio - DEBUG - Using selector: EpollSelector
2023-11-24 12:04:52,933 - urllib3.connectionpool - DEBUG - Starting new HTTPS connection (1): radar.bmkg.go.id:8060
2023-11-24 12:04:53,000 - urllib3.connectionpool - DEBUG - https://radar.bmkg.go.id:8060 "GET /getRadarGeotif?token=19387e71e78522ae4172ec0fda640983b8438c9cfa0ca571623cb69d8327&radar=amandemenForecast&type=latest HTTP/1.1" 200 90
2023-11-24 12:04:53,002 - rasterio.env - DEBUG - Entering env context: <rasterio.env.Env object at 0x7f883e174860>
2023-11-24 12:04:53,003 - rasterio.env - DEBUG - Starting outermost env
2023-11-24 12:04:53,003 - rasterio.env - DEBUG - No GDAL environment exists
2023-11-24 12:04:53,003 - rasterio.env - DEBUG - New GDAL environment <rasterio._env.GDALEnv object at 0x7f883e174820> created
2023-11-24 12:04:53,007 - rasterio._filepath - DEBUG - Installing FilePath filesystem handler plugin...
2023-11-24 12:04:53,007 - rasterio._env - DEBUG - GDAL data found in package: path='/home/swx/miniconda3/envs/present_weather/lib/python3.12/site-packages/rasterio/gdal_data'.
2023-11-24 12:04:53,007 - rasterio._env - DEBUG - PROJ_LIB found in environment.
2023-11-24 12:04:53,008 - rasterio._env - DEBUG - Started GDALEnv: self=<rasterio._env.GDALEnv object at 0x7f883e174820>.
2023-11-24 12:04:53,008 - rasterio.env - DEBUG - Entered env context: <rasterio.env.Env object at 0x7f883e174860>
2023-11-24 12:04:53,008 - rasterio._base - DEBUG - Sharing flag: 0
2023-11-24 12:04:53,199 - rasterio._base - DEBUG - Nodata success: 1, Nodata value: nan
2023-11-24 12:04:53,199 - rasterio._base - DEBUG - Dataset <open DatasetReader name='https://radar.bmkg.go.id/raster/radarsatelit_202311241200.tif' mode='r'> is started.
2023-11-24 12:04:53,200 - rasterio.env - DEBUG - Exiting env context: <rasterio.env.Env object at 0x7f883e174860>
2023-11-24 12:04:53,200 - rasterio.env - DEBUG - Cleared existing <rasterio._env.GDALEnv object at 0x7f883e174820> options
2023-11-24 12:04:53,200 - rasterio._env - DEBUG - Stopped GDALEnv <rasterio._env.GDALEnv object at 0x7f883e174820>.
2023-11-24 12:04:53,200 - rasterio.env - DEBUG - Exiting outermost env
2023-11-24 12:04:53,201 - rasterio.env - DEBUG - Exited env context: <rasterio.env.Env object at 0x7f883e174860>
2023-11-24 12:04:53,201 - rasterio.env - DEBUG - Entering env context: <rasterio.env.Env object at 0x7f883e1747a0>
2023-11-24 12:04:53,201 - rasterio.env - DEBUG - Starting outermost env
2023-11-24 12:04:53,201 - rasterio.env - DEBUG - No GDAL environment exists
2023-11-24 12:04:53,201 - rasterio.env - DEBUG - New GDAL environment <rasterio._env.GDALEnv object at 0x7f883e174820> created
2023-11-24 12:04:53,202 - rasterio._env - DEBUG - GDAL data found in package: path='/home/swx/miniconda3/envs/present_weather/lib/python3.12/site-packages/rasterio/gdal_data'.
2023-11-24 12:04:53,202 - rasterio._env - DEBUG - PROJ_LIB found in environment.
2023-11-24 12:04:53,202 - rasterio._env - DEBUG - Started GDALEnv: self=<rasterio._env.GDALEnv object at 0x7f883e174820>.
2023-11-24 12:04:53,202 - rasterio.env - DEBUG - Entered env context: <rasterio.env.Env object at 0x7f883e1747a0>
2023-11-24 12:04:53,203 - rasterio.env - DEBUG - Got a copy of environment <rasterio._env.GDALEnv object at 0x7f883e174820> options
2023-11-24 12:04:53,203 - rasterio.env - DEBUG - Entering env context: <rasterio.env.Env object at 0x7f883c17f3b0>
2023-11-24 12:04:53,203 - rasterio.env - DEBUG - Got a copy of environment <rasterio._env.GDALEnv object at 0x7f883e174820> options
2023-11-24 12:04:53,203 - rasterio.env - DEBUG - Entered env context: <rasterio.env.Env object at 0x7f883c17f3b0>
2023-11-24 12:04:53,203 - rasterio._base - DEBUG - Sharing flag: 0
2023-11-24 12:04:53,205 - rasterio._base - DEBUG - Nodata success: 1, Nodata value: nan
2023-11-24 12:04:53,205 - rasterio._base - DEBUG - Dataset <open DatasetReader name='https://radar.bmkg.go.id/raster/radarsatelit_202311241200.tif' mode='r'> is started.
2023-11-24 12:04:53,206 - rasterio.env - DEBUG - Exiting env context: <rasterio.env.Env object at 0x7f883c17f3b0>
2023-11-24 12:04:53,206 - rasterio.env - DEBUG - Cleared existing <rasterio._env.GDALEnv object at 0x7f883e174820> options
2023-11-24 12:04:53,206 - rasterio._env - DEBUG - Stopped GDALEnv <rasterio._env.GDALEnv object at 0x7f883e174820>.
2023-11-24 12:04:53,206 - rasterio.env - DEBUG - No GDAL environment exists
2023-11-24 12:04:53,206 - rasterio.env - DEBUG - New GDAL environment <rasterio._env.GDALEnv object at 0x7f883e174820> created
2023-11-24 12:04:53,207 - rasterio._env - DEBUG - GDAL data found in package: path='/home/swx/miniconda3/envs/present_weather/lib/python3.12/site-packages/rasterio/gdal_data'.
2023-11-24 12:04:53,207 - rasterio._env - DEBUG - PROJ_LIB found in environment.
2023-11-24 12:04:53,207 - rasterio._env - DEBUG - Started GDALEnv: self=<rasterio._env.GDALEnv object at 0x7f883e174820>.
2023-11-24 12:04:53,207 - rasterio.env - DEBUG - Exited env context: <rasterio.env.Env object at 0x7f883c17f3b0>
2023-11-24 12:04:53,236 - rasterio._io - DEBUG - Output nodata value read from file: nan
2023-11-24 12:04:53,237 - rasterio._io - DEBUG - Output nodata values: [nan]
2023-11-24 12:04:53,237 - rasterio._io - DEBUG - all_valid: False
2023-11-24 12:04:53,237 - rasterio._io - DEBUG - mask_flags: ([<MaskFlags.nodata: 8>],)
2023-11-24 12:04:53,237 - rasterio._io - DEBUG - Jump straight to _read()
2023-11-24 12:04:53,238 - rasterio._io - DEBUG - Window: Window(col_off=0, row_off=0, width=10215, height=3792)
2023-11-24 12:04:53,238 - rasterio._io - DEBUG - IO window xoff=0.0 yoff=0.0 width=10215.0 height=3792.0
2023-11-24 12:04:54,141 - rasterio.env - DEBUG - Exiting env context: <rasterio.env.Env object at 0x7f883e1747a0>
2023-11-24 12:04:54,141 - rasterio.env - DEBUG - Cleared existing <rasterio._env.GDALEnv object at 0x7f883e174820> options
2023-11-24 12:04:54,141 - rasterio._env - DEBUG - Stopped GDALEnv <rasterio._env.GDALEnv object at 0x7f883e174820>.
2023-11-24 12:04:54,141 - rasterio.env - DEBUG - Exiting outermost env
2023-11-24 12:04:54,141 - rasterio.env - DEBUG - Exited env context: <rasterio.env.Env object at 0x7f883e1747a0>
2023-11-24 12:04:54,144 - urllib3.connectionpool - DEBUG - Starting new HTTPS connection (1): radar.bmkg.go.id:8060
2023-11-24 12:04:54,206 - urllib3.connectionpool - DEBUG - https://radar.bmkg.go.id:8060 "GET /getLatestLD?typeData=1 HTTP/1.1" 200 10443
2023-11-24 12:04:54,217 - root - INFO - Generating present weather using RADAR data
2023-11-24 12:04:57,616 - root - INFO - dask.bag<lambda, npartitions=20>
2023-11-24 12:18:52,087 - root - INFO - Total elapsed time: 0:14:02.502468
