2023-11-05 04:40:03,251 - root - INFO - Initiating present weather
2023-11-05 04:40:03,256 - urllib3.connectionpool - DEBUG - Starting new HTTPS connection (1): radar.bmkg.go.id:8060
2023-11-05 04:40:03,330 - urllib3.connectionpool - DEBUG - https://radar.bmkg.go.id:8060 "GET /getRadarGeotif?token=19387e71e78522ae4172ec0fda640983b8438c9cfa0ca571623cb69d8327&radar=amandemenForecast&type=latest HTTP/1.1" 200 90
2023-11-05 04:40:03,333 - rasterio.env - DEBUG - Entering env context: <rasterio.env.Env object at 0x7fd1c7869940>
2023-11-05 04:40:03,334 - rasterio.env - DEBUG - Starting outermost env
2023-11-05 04:40:03,334 - rasterio.env - DEBUG - No GDAL environment exists
2023-11-05 04:40:03,334 - rasterio.env - DEBUG - New GDAL environment <rasterio._env.GDALEnv object at 0x7fd1befebbb0> created
2023-11-05 04:40:03,339 - rasterio._filepath - DEBUG - Installing FilePath filesystem handler plugin...
2023-11-05 04:40:03,339 - rasterio._env - DEBUG - GDAL data found in package: path='/home/swx/miniconda3/envs/present_weather/lib/python3.12/site-packages/rasterio/gdal_data'.
2023-11-05 04:40:03,339 - rasterio._env - DEBUG - PROJ_LIB found in environment.
2023-11-05 04:40:03,339 - rasterio._env - DEBUG - Started GDALEnv: self=<rasterio._env.GDALEnv object at 0x7fd1befebbb0>.
2023-11-05 04:40:03,339 - rasterio.env - DEBUG - Entered env context: <rasterio.env.Env object at 0x7fd1c7869940>
2023-11-05 04:40:03,340 - rasterio._base - DEBUG - Sharing flag: 0
2023-11-05 04:40:03,500 - rasterio._base - DEBUG - Nodata success: 1, Nodata value: nan
2023-11-05 04:40:03,500 - rasterio._base - DEBUG - Dataset <open DatasetReader name='https://radar.bmkg.go.id/raster/radarsatelit_202311050420.tif' mode='r'> is started.
2023-11-05 04:40:03,501 - rasterio.env - DEBUG - Exiting env context: <rasterio.env.Env object at 0x7fd1c7869940>
2023-11-05 04:40:03,501 - rasterio.env - DEBUG - Cleared existing <rasterio._env.GDALEnv object at 0x7fd1befebbb0> options
2023-11-05 04:40:03,501 - rasterio._env - DEBUG - Stopped GDALEnv <rasterio._env.GDALEnv object at 0x7fd1befebbb0>.
2023-11-05 04:40:03,501 - rasterio.env - DEBUG - Exiting outermost env
2023-11-05 04:40:03,501 - rasterio.env - DEBUG - Exited env context: <rasterio.env.Env object at 0x7fd1c7869940>
2023-11-05 04:40:03,501 - rasterio.env - DEBUG - Entering env context: <rasterio.env.Env object at 0x7fd1befebbc0>
2023-11-05 04:40:03,501 - rasterio.env - DEBUG - Starting outermost env
2023-11-05 04:40:03,501 - rasterio.env - DEBUG - No GDAL environment exists
2023-11-05 04:40:03,502 - rasterio.env - DEBUG - New GDAL environment <rasterio._env.GDALEnv object at 0x7fd17564e380> created
2023-11-05 04:40:03,502 - rasterio._env - DEBUG - GDAL data found in package: path='/home/swx/miniconda3/envs/present_weather/lib/python3.12/site-packages/rasterio/gdal_data'.
2023-11-05 04:40:03,502 - rasterio._env - DEBUG - PROJ_LIB found in environment.
2023-11-05 04:40:03,502 - rasterio._env - DEBUG - Started GDALEnv: self=<rasterio._env.GDALEnv object at 0x7fd17564e380>.
2023-11-05 04:40:03,503 - rasterio.env - DEBUG - Entered env context: <rasterio.env.Env object at 0x7fd1befebbc0>
2023-11-05 04:40:03,503 - rasterio.env - DEBUG - Got a copy of environment <rasterio._env.GDALEnv object at 0x7fd17564e380> options
2023-11-05 04:40:03,503 - rasterio.env - DEBUG - Entering env context: <rasterio.env.Env object at 0x7fd1c7869220>
2023-11-05 04:40:03,504 - rasterio.env - DEBUG - Got a copy of environment <rasterio._env.GDALEnv object at 0x7fd17564e380> options
2023-11-05 04:40:03,504 - rasterio.env - DEBUG - Entered env context: <rasterio.env.Env object at 0x7fd1c7869220>
2023-11-05 04:40:03,504 - rasterio._base - DEBUG - Sharing flag: 0
2023-11-05 04:40:03,505 - rasterio._base - DEBUG - Nodata success: 1, Nodata value: nan
2023-11-05 04:40:03,505 - rasterio._base - DEBUG - Dataset <open DatasetReader name='https://radar.bmkg.go.id/raster/radarsatelit_202311050420.tif' mode='r'> is started.
2023-11-05 04:40:03,505 - rasterio.env - DEBUG - Exiting env context: <rasterio.env.Env object at 0x7fd1c7869220>
2023-11-05 04:40:03,505 - rasterio.env - DEBUG - Cleared existing <rasterio._env.GDALEnv object at 0x7fd17564e380> options
2023-11-05 04:40:03,505 - rasterio._env - DEBUG - Stopped GDALEnv <rasterio._env.GDALEnv object at 0x7fd17564e380>.
2023-11-05 04:40:03,505 - rasterio.env - DEBUG - No GDAL environment exists
2023-11-05 04:40:03,505 - rasterio.env - DEBUG - New GDAL environment <rasterio._env.GDALEnv object at 0x7fd17564e380> created
2023-11-05 04:40:03,506 - rasterio._env - DEBUG - GDAL data found in package: path='/home/swx/miniconda3/envs/present_weather/lib/python3.12/site-packages/rasterio/gdal_data'.
2023-11-05 04:40:03,506 - rasterio._env - DEBUG - PROJ_LIB found in environment.
2023-11-05 04:40:03,506 - rasterio._env - DEBUG - Started GDALEnv: self=<rasterio._env.GDALEnv object at 0x7fd17564e380>.
2023-11-05 04:40:03,506 - rasterio.env - DEBUG - Exited env context: <rasterio.env.Env object at 0x7fd1c7869220>
2023-11-05 04:40:03,535 - rasterio._io - DEBUG - Output nodata value read from file: nan
2023-11-05 04:40:03,535 - rasterio._io - DEBUG - Output nodata values: [nan]
2023-11-05 04:40:03,535 - rasterio._io - DEBUG - all_valid: False
2023-11-05 04:40:03,535 - rasterio._io - DEBUG - mask_flags: ([<MaskFlags.nodata: 8>],)
2023-11-05 04:40:03,536 - rasterio._io - DEBUG - Jump straight to _read()
2023-11-05 04:40:03,536 - rasterio._io - DEBUG - Window: Window(col_off=0, row_off=0, width=10215, height=3792)
2023-11-05 04:40:03,536 - rasterio._io - DEBUG - IO window xoff=0.0 yoff=0.0 width=10215.0 height=3792.0
2023-11-05 04:40:04,190 - rasterio.env - DEBUG - Exiting env context: <rasterio.env.Env object at 0x7fd1befebbc0>
2023-11-05 04:40:04,191 - rasterio.env - DEBUG - Cleared existing <rasterio._env.GDALEnv object at 0x7fd17564e380> options
2023-11-05 04:40:04,191 - rasterio._env - DEBUG - Stopped GDALEnv <rasterio._env.GDALEnv object at 0x7fd17564e380>.
2023-11-05 04:40:04,191 - rasterio.env - DEBUG - Exiting outermost env
2023-11-05 04:40:04,191 - rasterio.env - DEBUG - Exited env context: <rasterio.env.Env object at 0x7fd1befebbc0>
2023-11-05 04:40:04,193 - urllib3.connectionpool - DEBUG - Starting new HTTPS connection (1): radar.bmkg.go.id:8060
2023-11-05 04:40:09,345 - urllib3.connectionpool - DEBUG - https://radar.bmkg.go.id:8060 "GET /getLatestLD?typeData=1 HTTP/1.1" 200 216915
2023-11-05 04:40:09,420 - asyncio - DEBUG - Using selector: EpollSelector
2023-11-05 04:56:22,984 - root - INFO - Total elapsed time: 0:16:19.734365
