2023-12-22 22:13:02,322 - root - INFO - Initiating present weather
2023-12-22 22:13:02,323 - asyncio - DEBUG - Using selector: EpollSelector
2023-12-22 22:13:03,940 - urllib3.connectionpool - DEBUG - Starting new HTTPS connection (1): radar.bmkg.go.id:8060
2023-12-22 22:13:03,955 - urllib3.connectionpool - DEBUG - https://radar.bmkg.go.id:8060 "GET /getLatestLD?typeData=1 HTTP/1.1" 200 62
2023-12-22 22:13:03,957 - urllib3.connectionpool - DEBUG - Starting new HTTPS connection (1): radar.bmkg.go.id:8060
2023-12-22 22:13:03,981 - urllib3.connectionpool - DEBUG - https://radar.bmkg.go.id:8060 "GET /getRadarGeotif?token=19387e71e78522ae4172ec0fda640983b8438c9cfa0ca571623cb69d8327&radar=amandemenForecast&type=latest HTTP/1.1" 200 90
2023-12-22 22:13:03,982 - rasterio.env - DEBUG - Entering env context: <rasterio.env.Env object at 0x7f979d1c9600>
2023-12-22 22:13:03,982 - rasterio.env - DEBUG - Starting outermost env
2023-12-22 22:13:03,982 - rasterio.env - DEBUG - No GDAL environment exists
2023-12-22 22:13:03,982 - rasterio.env - DEBUG - New GDAL environment <rasterio._env.GDALEnv object at 0x7f979d1c95d0> created
2023-12-22 22:13:03,985 - rasterio._filepath - DEBUG - Installing FilePath filesystem handler plugin...
2023-12-22 22:13:03,985 - rasterio._env - DEBUG - GDAL data found in package: path='/home/metpublic/PYTHON_VENV/present_weather/lib/python3.10/site-packages/rasterio/gdal_data'.
2023-12-22 22:13:03,985 - rasterio._env - DEBUG - PROJ data found in package: path='/home/metpublic/PYTHON_VENV/present_weather/lib/python3.10/site-packages/rasterio/proj_data'.
2023-12-22 22:13:03,985 - rasterio._env - DEBUG - Started GDALEnv: self=<rasterio._env.GDALEnv object at 0x7f979d1c95d0>.
2023-12-22 22:13:03,986 - rasterio.env - DEBUG - Entered env context: <rasterio.env.Env object at 0x7f979d1c9600>
2023-12-22 22:13:03,986 - rasterio._base - DEBUG - Sharing flag: 0
2023-12-22 22:13:04,317 - rasterio._base - DEBUG - Nodata success: 1, Nodata value: nan
2023-12-22 22:13:04,317 - rasterio._base - DEBUG - Dataset <open DatasetReader name='https://radar.bmkg.go.id/raster/radarsatelit_202312222210.tif' mode='r'> is started.
2023-12-22 22:13:04,318 - rasterio.env - DEBUG - Exiting env context: <rasterio.env.Env object at 0x7f979d1c9600>
2023-12-22 22:13:04,318 - rasterio.env - DEBUG - Cleared existing <rasterio._env.GDALEnv object at 0x7f979d1c95d0> options
2023-12-22 22:13:04,318 - rasterio._env - DEBUG - Stopped GDALEnv <rasterio._env.GDALEnv object at 0x7f979d1c95d0>.
2023-12-22 22:13:04,318 - rasterio.env - DEBUG - Exiting outermost env
2023-12-22 22:13:04,318 - rasterio.env - DEBUG - Exited env context: <rasterio.env.Env object at 0x7f979d1c9600>
2023-12-22 22:13:04,318 - rasterio.env - DEBUG - Entering env context: <rasterio.env.Env object at 0x7f979d1858d0>
2023-12-22 22:13:04,318 - rasterio.env - DEBUG - Starting outermost env
2023-12-22 22:13:04,318 - rasterio.env - DEBUG - No GDAL environment exists
2023-12-22 22:13:04,318 - rasterio.env - DEBUG - New GDAL environment <rasterio._env.GDALEnv object at 0x7f979d1c95d0> created
2023-12-22 22:13:04,319 - rasterio._env - DEBUG - GDAL data found in package: path='/home/metpublic/PYTHON_VENV/present_weather/lib/python3.10/site-packages/rasterio/gdal_data'.
2023-12-22 22:13:04,320 - rasterio._env - DEBUG - PROJ data found in package: path='/home/metpublic/PYTHON_VENV/present_weather/lib/python3.10/site-packages/rasterio/proj_data'.
2023-12-22 22:13:04,320 - rasterio._env - DEBUG - Started GDALEnv: self=<rasterio._env.GDALEnv object at 0x7f979d1c95d0>.
2023-12-22 22:13:04,320 - rasterio.env - DEBUG - Entered env context: <rasterio.env.Env object at 0x7f979d1858d0>
2023-12-22 22:13:04,320 - rasterio.env - DEBUG - Got a copy of environment <rasterio._env.GDALEnv object at 0x7f979d1c95d0> options
2023-12-22 22:13:04,321 - rasterio.env - DEBUG - Entering env context: <rasterio.env.Env object at 0x7f978c72e140>
2023-12-22 22:13:04,321 - rasterio.env - DEBUG - Got a copy of environment <rasterio._env.GDALEnv object at 0x7f979d1c95d0> options
2023-12-22 22:13:04,321 - rasterio.env - DEBUG - Entered env context: <rasterio.env.Env object at 0x7f978c72e140>
2023-12-22 22:13:04,321 - rasterio._base - DEBUG - Sharing flag: 0
2023-12-22 22:13:04,322 - rasterio._base - DEBUG - Nodata success: 1, Nodata value: nan
2023-12-22 22:13:04,322 - rasterio._base - DEBUG - Dataset <open DatasetReader name='https://radar.bmkg.go.id/raster/radarsatelit_202312222210.tif' mode='r'> is started.
2023-12-22 22:13:04,322 - rasterio.env - DEBUG - Exiting env context: <rasterio.env.Env object at 0x7f978c72e140>
2023-12-22 22:13:04,322 - rasterio.env - DEBUG - Cleared existing <rasterio._env.GDALEnv object at 0x7f979d1c95d0> options
2023-12-22 22:13:04,322 - rasterio._env - DEBUG - Stopped GDALEnv <rasterio._env.GDALEnv object at 0x7f979d1c95d0>.
2023-12-22 22:13:04,322 - rasterio.env - DEBUG - No GDAL environment exists
2023-12-22 22:13:04,322 - rasterio.env - DEBUG - New GDAL environment <rasterio._env.GDALEnv object at 0x7f979d1c95d0> created
2023-12-22 22:13:04,323 - rasterio._env - DEBUG - GDAL data found in package: path='/home/metpublic/PYTHON_VENV/present_weather/lib/python3.10/site-packages/rasterio/gdal_data'.
2023-12-22 22:13:04,323 - rasterio._env - DEBUG - PROJ data found in package: path='/home/metpublic/PYTHON_VENV/present_weather/lib/python3.10/site-packages/rasterio/proj_data'.
2023-12-22 22:13:04,323 - rasterio._env - DEBUG - Started GDALEnv: self=<rasterio._env.GDALEnv object at 0x7f979d1c95d0>.
2023-12-22 22:13:04,323 - rasterio.env - DEBUG - Exited env context: <rasterio.env.Env object at 0x7f978c72e140>
2023-12-22 22:13:04,339 - rasterio._io - DEBUG - Output nodata value read from file: nan
2023-12-22 22:13:04,339 - rasterio._io - DEBUG - Output nodata values: [nan]
2023-12-22 22:13:04,340 - rasterio._io - DEBUG - all_valid: False
2023-12-22 22:13:04,340 - rasterio._io - DEBUG - mask_flags: ([<MaskFlags.nodata: 8>],)
2023-12-22 22:13:04,340 - rasterio._io - DEBUG - Jump straight to _read()
2023-12-22 22:13:04,340 - rasterio._io - DEBUG - Window: Window(col_off=0, row_off=0, width=10176, height=3732)
2023-12-22 22:13:04,340 - rasterio._io - DEBUG - IO window xoff=0.0 yoff=0.0 width=10176.0 height=3732.0
2023-12-22 22:13:04,929 - rasterio.env - DEBUG - Exiting env context: <rasterio.env.Env object at 0x7f979d1858d0>
2023-12-22 22:13:04,930 - rasterio.env - DEBUG - Cleared existing <rasterio._env.GDALEnv object at 0x7f979d1c95d0> options
2023-12-22 22:13:04,930 - rasterio._env - DEBUG - Stopped GDALEnv <rasterio._env.GDALEnv object at 0x7f979d1c95d0>.
2023-12-22 22:13:04,930 - rasterio.env - DEBUG - Exiting outermost env
2023-12-22 22:13:04,930 - rasterio.env - DEBUG - Exited env context: <rasterio.env.Env object at 0x7f979d1858d0>
2023-12-22 22:17:54,792 - rasterio.env - DEBUG - Entering env context: <rasterio.env.Env object at 0x7f978c5377c0>
2023-12-22 22:17:54,793 - rasterio.env - DEBUG - Starting outermost env
2023-12-22 22:17:54,793 - rasterio.env - DEBUG - No GDAL environment exists
2023-12-22 22:17:54,793 - rasterio.env - DEBUG - New GDAL environment <rasterio._env.GDALEnv object at 0x7f978c535d20> created
2023-12-22 22:17:54,793 - rasterio._env - DEBUG - GDAL data found in package: path='/home/metpublic/PYTHON_VENV/present_weather/lib/python3.10/site-packages/rasterio/gdal_data'.
2023-12-22 22:17:54,793 - rasterio._env - DEBUG - PROJ data found in package: path='/home/metpublic/PYTHON_VENV/present_weather/lib/python3.10/site-packages/rasterio/proj_data'.
2023-12-22 22:17:54,794 - rasterio._env - DEBUG - Started GDALEnv: self=<rasterio._env.GDALEnv object at 0x7f978c535d20>.
2023-12-22 22:17:54,794 - rasterio.env - DEBUG - Entered env context: <rasterio.env.Env object at 0x7f978c5377c0>
2023-12-22 22:17:54,794 - rasterio._base - DEBUG - Sharing flag: 0
2023-12-22 22:17:54,795 - rasterio._base - DEBUG - Nodata success: 0, Nodata value: 0.000000
2023-12-22 22:17:54,796 - rasterio._base - DEBUG - Dataset <open DatasetReader name='/home/metpublic/TASK_RELEASE/EFAN/present_weather/src/H09_B13_Indonesia_20231222.Z2150.cor.tiff' mode='r'> is started.
2023-12-22 22:17:54,796 - rasterio.env - DEBUG - Exiting env context: <rasterio.env.Env object at 0x7f978c5377c0>
2023-12-22 22:17:54,796 - rasterio.env - DEBUG - Cleared existing <rasterio._env.GDALEnv object at 0x7f978c535d20> options
2023-12-22 22:17:54,796 - rasterio._env - DEBUG - Stopped GDALEnv <rasterio._env.GDALEnv object at 0x7f978c535d20>.
2023-12-22 22:17:54,796 - rasterio.env - DEBUG - Exiting outermost env
2023-12-22 22:17:54,796 - rasterio.env - DEBUG - Exited env context: <rasterio.env.Env object at 0x7f978c5377c0>
2023-12-22 22:17:54,796 - rasterio.env - DEBUG - Entering env context: <rasterio.env.Env object at 0x7f978c534610>
2023-12-22 22:17:54,796 - rasterio.env - DEBUG - Starting outermost env
2023-12-22 22:17:54,796 - rasterio.env - DEBUG - No GDAL environment exists
2023-12-22 22:17:54,797 - rasterio.env - DEBUG - New GDAL environment <rasterio._env.GDALEnv object at 0x7f978c5376d0> created
2023-12-22 22:17:54,797 - rasterio._env - DEBUG - GDAL data found in package: path='/home/metpublic/PYTHON_VENV/present_weather/lib/python3.10/site-packages/rasterio/gdal_data'.
2023-12-22 22:17:54,798 - rasterio._env - DEBUG - PROJ data found in package: path='/home/metpublic/PYTHON_VENV/present_weather/lib/python3.10/site-packages/rasterio/proj_data'.
2023-12-22 22:17:54,798 - rasterio._env - DEBUG - Started GDALEnv: self=<rasterio._env.GDALEnv object at 0x7f978c5376d0>.
2023-12-22 22:17:54,798 - rasterio.env - DEBUG - Entered env context: <rasterio.env.Env object at 0x7f978c534610>
2023-12-22 22:17:54,798 - rasterio._base - DEBUG - Sharing flag: 0
2023-12-22 22:17:54,799 - rasterio._base - DEBUG - Nodata success: 0, Nodata value: 0.000000
2023-12-22 22:17:54,799 - rasterio._base - DEBUG - Dataset <open DatasetReader name='/home/metpublic/TASK_RELEASE/EFAN/present_weather/src/H09_B13_Indonesia_20231222.Z2150.cor.tiff' mode='r'> is started.
2023-12-22 22:17:54,799 - rasterio.env - DEBUG - Exiting env context: <rasterio.env.Env object at 0x7f978c534610>
2023-12-22 22:17:54,799 - rasterio.env - DEBUG - Cleared existing <rasterio._env.GDALEnv object at 0x7f978c5376d0> options
2023-12-22 22:17:54,799 - rasterio._env - DEBUG - Stopped GDALEnv <rasterio._env.GDALEnv object at 0x7f978c5376d0>.
2023-12-22 22:17:54,799 - rasterio.env - DEBUG - Exiting outermost env
2023-12-22 22:17:54,799 - rasterio.env - DEBUG - Exited env context: <rasterio.env.Env object at 0x7f978c534610>
2023-12-22 22:17:54,810 - root - INFO - Generating present weather using SATELITE data
2023-12-22 22:19:59,096 - root - INFO - Total elapsed time: 0:06:56.774176
