2023-11-20 19:03:03,681 - root - INFO - Initiating present weather
2023-11-20 19:03:03,686 - urllib3.connectionpool - DEBUG - Starting new HTTPS connection (1): radar.bmkg.go.id:8060
2023-11-20 19:03:08,766 - urllib3.connectionpool - DEBUG - https://radar.bmkg.go.id:8060 "GET /getRadarGeotif?token=19387e71e78522ae4172ec0fda640983b8438c9cfa0ca571623cb69d8327&radar=amandemenForecast&type=latest HTTP/1.1" 200 90
2023-11-20 19:03:08,769 - rasterio.env - DEBUG - Entering env context: <rasterio.env.Env object at 0x7fd091c5cb00>
2023-11-20 19:03:08,769 - rasterio.env - DEBUG - Starting outermost env
2023-11-20 19:03:08,770 - rasterio.env - DEBUG - No GDAL environment exists
2023-11-20 19:03:08,770 - rasterio.env - DEBUG - New GDAL environment <rasterio._env.GDALEnv object at 0x7fd0896410f0> created
2023-11-20 19:03:08,774 - rasterio._filepath - DEBUG - Installing FilePath filesystem handler plugin...
2023-11-20 19:03:08,774 - rasterio._env - DEBUG - GDAL data found in package: path='/home/swx/miniconda3/envs/present_weather/lib/python3.12/site-packages/rasterio/gdal_data'.
2023-11-20 19:03:08,774 - rasterio._env - DEBUG - PROJ_LIB found in environment.
2023-11-20 19:03:08,774 - rasterio._env - DEBUG - Started GDALEnv: self=<rasterio._env.GDALEnv object at 0x7fd0896410f0>.
2023-11-20 19:03:08,775 - rasterio.env - DEBUG - Entered env context: <rasterio.env.Env object at 0x7fd091c5cb00>
2023-11-20 19:03:08,775 - rasterio._base - DEBUG - Sharing flag: 0
2023-11-20 19:03:08,966 - rasterio._base - DEBUG - Nodata success: 1, Nodata value: nan
2023-11-20 19:03:08,966 - rasterio._base - DEBUG - Dataset <open DatasetReader name='https://radar.bmkg.go.id/raster/radarsatelit_202311201900.tif' mode='r'> is started.
2023-11-20 19:03:08,967 - rasterio.env - DEBUG - Exiting env context: <rasterio.env.Env object at 0x7fd091c5cb00>
2023-11-20 19:03:08,967 - rasterio.env - DEBUG - Cleared existing <rasterio._env.GDALEnv object at 0x7fd0896410f0> options
2023-11-20 19:03:08,967 - rasterio._env - DEBUG - Stopped GDALEnv <rasterio._env.GDALEnv object at 0x7fd0896410f0>.
2023-11-20 19:03:08,967 - rasterio.env - DEBUG - Exiting outermost env
2023-11-20 19:03:08,967 - rasterio.env - DEBUG - Exited env context: <rasterio.env.Env object at 0x7fd091c5cb00>
2023-11-20 19:03:08,967 - rasterio.env - DEBUG - Entering env context: <rasterio.env.Env object at 0x7fd0aaa7b980>
2023-11-20 19:03:08,967 - rasterio.env - DEBUG - Starting outermost env
2023-11-20 19:03:08,968 - rasterio.env - DEBUG - No GDAL environment exists
2023-11-20 19:03:08,968 - rasterio.env - DEBUG - New GDAL environment <rasterio._env.GDALEnv object at 0x7fd0896410f0> created
2023-11-20 19:03:08,968 - rasterio._env - DEBUG - GDAL data found in package: path='/home/swx/miniconda3/envs/present_weather/lib/python3.12/site-packages/rasterio/gdal_data'.
2023-11-20 19:03:08,968 - rasterio._env - DEBUG - PROJ_LIB found in environment.
2023-11-20 19:03:08,969 - rasterio._env - DEBUG - Started GDALEnv: self=<rasterio._env.GDALEnv object at 0x7fd0896410f0>.
2023-11-20 19:03:08,969 - rasterio.env - DEBUG - Entered env context: <rasterio.env.Env object at 0x7fd0aaa7b980>
2023-11-20 19:03:08,969 - rasterio.env - DEBUG - Got a copy of environment <rasterio._env.GDALEnv object at 0x7fd0896410f0> options
2023-11-20 19:03:08,969 - rasterio.env - DEBUG - Entering env context: <rasterio.env.Env object at 0x7fd047e623f0>
2023-11-20 19:03:08,969 - rasterio.env - DEBUG - Got a copy of environment <rasterio._env.GDALEnv object at 0x7fd0896410f0> options
2023-11-20 19:03:08,969 - rasterio.env - DEBUG - Entered env context: <rasterio.env.Env object at 0x7fd047e623f0>
2023-11-20 19:03:08,970 - rasterio._base - DEBUG - Sharing flag: 0
2023-11-20 19:03:08,970 - rasterio._base - DEBUG - Nodata success: 1, Nodata value: nan
2023-11-20 19:03:08,971 - rasterio._base - DEBUG - Dataset <open DatasetReader name='https://radar.bmkg.go.id/raster/radarsatelit_202311201900.tif' mode='r'> is started.
2023-11-20 19:03:08,971 - rasterio.env - DEBUG - Exiting env context: <rasterio.env.Env object at 0x7fd047e623f0>
2023-11-20 19:03:08,971 - rasterio.env - DEBUG - Cleared existing <rasterio._env.GDALEnv object at 0x7fd0896410f0> options
2023-11-20 19:03:08,971 - rasterio._env - DEBUG - Stopped GDALEnv <rasterio._env.GDALEnv object at 0x7fd0896410f0>.
2023-11-20 19:03:08,971 - rasterio.env - DEBUG - No GDAL environment exists
2023-11-20 19:03:08,971 - rasterio.env - DEBUG - New GDAL environment <rasterio._env.GDALEnv object at 0x7fd0896410f0> created
2023-11-20 19:03:08,971 - rasterio._env - DEBUG - GDAL data found in package: path='/home/swx/miniconda3/envs/present_weather/lib/python3.12/site-packages/rasterio/gdal_data'.
2023-11-20 19:03:08,972 - rasterio._env - DEBUG - PROJ_LIB found in environment.
2023-11-20 19:03:08,972 - rasterio._env - DEBUG - Started GDALEnv: self=<rasterio._env.GDALEnv object at 0x7fd0896410f0>.
2023-11-20 19:03:08,972 - rasterio.env - DEBUG - Exited env context: <rasterio.env.Env object at 0x7fd047e623f0>
2023-11-20 19:03:09,000 - rasterio._io - DEBUG - Output nodata value read from file: nan
2023-11-20 19:03:09,000 - rasterio._io - DEBUG - Output nodata values: [nan]
2023-11-20 19:03:09,000 - rasterio._io - DEBUG - all_valid: False
2023-11-20 19:03:09,000 - rasterio._io - DEBUG - mask_flags: ([<MaskFlags.nodata: 8>],)
2023-11-20 19:03:09,001 - rasterio._io - DEBUG - Jump straight to _read()
2023-11-20 19:03:09,001 - rasterio._io - DEBUG - Window: Window(col_off=0, row_off=0, width=10215, height=3792)
2023-11-20 19:03:09,001 - rasterio._io - DEBUG - IO window xoff=0.0 yoff=0.0 width=10215.0 height=3792.0
2023-11-20 19:03:09,776 - rasterio.env - DEBUG - Exiting env context: <rasterio.env.Env object at 0x7fd0aaa7b980>
2023-11-20 19:03:09,777 - rasterio.env - DEBUG - Cleared existing <rasterio._env.GDALEnv object at 0x7fd0896410f0> options
2023-11-20 19:03:09,777 - rasterio._env - DEBUG - Stopped GDALEnv <rasterio._env.GDALEnv object at 0x7fd0896410f0>.
2023-11-20 19:03:09,777 - rasterio.env - DEBUG - Exiting outermost env
2023-11-20 19:03:09,777 - rasterio.env - DEBUG - Exited env context: <rasterio.env.Env object at 0x7fd0aaa7b980>
2023-11-20 19:03:09,779 - urllib3.connectionpool - DEBUG - Starting new HTTPS connection (1): radar.bmkg.go.id:8060
2023-11-20 19:03:21,617 - rasterio.env - DEBUG - Entering env context: <rasterio.env.Env object at 0x7fd0890c16d0>
2023-11-20 19:03:21,617 - rasterio.env - DEBUG - Starting outermost env
2023-11-20 19:03:21,617 - rasterio.env - DEBUG - No GDAL environment exists
2023-11-20 19:03:21,617 - rasterio.env - DEBUG - New GDAL environment <rasterio._env.GDALEnv object at 0x7fd0896a20e0> created
2023-11-20 19:03:21,618 - rasterio._env - DEBUG - GDAL data found in package: path='/home/swx/miniconda3/envs/present_weather/lib/python3.12/site-packages/rasterio/gdal_data'.
2023-11-20 19:03:21,618 - rasterio._env - DEBUG - PROJ_LIB found in environment.
2023-11-20 19:03:21,618 - rasterio._env - DEBUG - Started GDALEnv: self=<rasterio._env.GDALEnv object at 0x7fd0896a20e0>.
2023-11-20 19:03:21,618 - rasterio.env - DEBUG - Entered env context: <rasterio.env.Env object at 0x7fd0890c16d0>
2023-11-20 19:03:21,618 - rasterio._base - DEBUG - Sharing flag: 0
2023-11-20 19:03:21,620 - rasterio._base - DEBUG - Nodata success: 0, Nodata value: 0.000000
2023-11-20 19:03:21,620 - rasterio._base - DEBUG - Dataset <open DatasetReader name='/home/swx/present_weather/src/H09_B13_Indonesia_20231120.Z1850.cor.tiff' mode='r'> is started.
2023-11-20 19:03:21,620 - rasterio.env - DEBUG - Exiting env context: <rasterio.env.Env object at 0x7fd0890c16d0>
2023-11-20 19:03:21,620 - rasterio.env - DEBUG - Cleared existing <rasterio._env.GDALEnv object at 0x7fd0896a20e0> options
2023-11-20 19:03:21,620 - rasterio._env - DEBUG - Stopped GDALEnv <rasterio._env.GDALEnv object at 0x7fd0896a20e0>.
2023-11-20 19:03:21,620 - rasterio.env - DEBUG - Exiting outermost env
2023-11-20 19:03:21,620 - rasterio.env - DEBUG - Exited env context: <rasterio.env.Env object at 0x7fd0890c16d0>
2023-11-20 19:03:21,621 - rasterio.env - DEBUG - Entering env context: <rasterio.env.Env object at 0x7fd0476694c0>
2023-11-20 19:03:21,621 - rasterio.env - DEBUG - Starting outermost env
2023-11-20 19:03:21,621 - rasterio.env - DEBUG - No GDAL environment exists
2023-11-20 19:03:21,621 - rasterio.env - DEBUG - New GDAL environment <rasterio._env.GDALEnv object at 0x7fd047669330> created
2023-11-20 19:03:21,622 - rasterio._env - DEBUG - GDAL data found in package: path='/home/swx/miniconda3/envs/present_weather/lib/python3.12/site-packages/rasterio/gdal_data'.
2023-11-20 19:03:21,622 - rasterio._env - DEBUG - PROJ_LIB found in environment.
2023-11-20 19:03:21,622 - rasterio._env - DEBUG - Started GDALEnv: self=<rasterio._env.GDALEnv object at 0x7fd047669330>.
2023-11-20 19:03:21,622 - rasterio.env - DEBUG - Entered env context: <rasterio.env.Env object at 0x7fd0476694c0>
2023-11-20 19:03:21,622 - rasterio._base - DEBUG - Sharing flag: 0
2023-11-20 19:03:21,623 - rasterio._base - DEBUG - Nodata success: 0, Nodata value: 0.000000
2023-11-20 19:03:21,623 - rasterio._base - DEBUG - Dataset <open DatasetReader name='/home/swx/present_weather/src/H09_B13_Indonesia_20231120.Z1850.cor.tiff' mode='r'> is started.
2023-11-20 19:03:21,623 - rasterio.env - DEBUG - Exiting env context: <rasterio.env.Env object at 0x7fd0476694c0>
2023-11-20 19:03:21,623 - rasterio.env - DEBUG - Cleared existing <rasterio._env.GDALEnv object at 0x7fd047669330> options
2023-11-20 19:03:21,624 - rasterio._env - DEBUG - Stopped GDALEnv <rasterio._env.GDALEnv object at 0x7fd047669330>.
2023-11-20 19:03:21,624 - rasterio.env - DEBUG - Exiting outermost env
2023-11-20 19:03:21,624 - rasterio.env - DEBUG - Exited env context: <rasterio.env.Env object at 0x7fd0476694c0>
2023-11-20 19:03:21,638 - asyncio - DEBUG - Using selector: EpollSelector
2023-11-20 19:03:24,957 - root - INFO - dask.bag<lambda, npartitions=34>
2023-11-20 19:04:37,960 - root - INFO - Total elapsed time: 0:01:34.279392
