2023-12-30 01:53:02,898 - root - INFO - Initiating present weather
2023-12-30 01:53:02,900 - asyncio - DEBUG - Using selector: EpollSelector
2023-12-30 01:53:04,625 - urllib3.connectionpool - DEBUG - Starting new HTTPS connection (1): radar.bmkg.go.id:8060
2023-12-30 01:53:04,641 - urllib3.connectionpool - DEBUG - https://radar.bmkg.go.id:8060 "GET /getLatestLD?typeData=1 HTTP/1.1" 200 62
2023-12-30 01:53:04,644 - urllib3.connectionpool - DEBUG - Starting new HTTPS connection (1): radar.bmkg.go.id:8060
2023-12-30 01:53:04,662 - urllib3.connectionpool - DEBUG - https://radar.bmkg.go.id:8060 "GET /getRadarGeotif?token=19387e71e78522ae4172ec0fda640983b8438c9cfa0ca571623cb69d8327&radar=amandemenForecast&type=latest HTTP/1.1" 200 90
2023-12-30 01:53:04,663 - rasterio.env - DEBUG - Entering env context: <rasterio.env.Env object at 0x7efc28f882b0>
2023-12-30 01:53:04,663 - rasterio.env - DEBUG - Starting outermost env
2023-12-30 01:53:04,664 - rasterio.env - DEBUG - No GDAL environment exists
2023-12-30 01:53:04,664 - rasterio.env - DEBUG - New GDAL environment <rasterio._env.GDALEnv object at 0x7efc28f88be0> created
2023-12-30 01:53:04,666 - rasterio._filepath - DEBUG - Installing FilePath filesystem handler plugin...
2023-12-30 01:53:04,666 - rasterio._env - DEBUG - GDAL data found in package: path='/home/metpublic/PYTHON_VENV/present_weather/lib/python3.10/site-packages/rasterio/gdal_data'.
2023-12-30 01:53:04,666 - rasterio._env - DEBUG - PROJ data found in package: path='/home/metpublic/PYTHON_VENV/present_weather/lib/python3.10/site-packages/rasterio/proj_data'.
2023-12-30 01:53:04,667 - rasterio._env - DEBUG - Started GDALEnv: self=<rasterio._env.GDALEnv object at 0x7efc28f88be0>.
2023-12-30 01:53:04,667 - rasterio.env - DEBUG - Entered env context: <rasterio.env.Env object at 0x7efc28f882b0>
2023-12-30 01:53:04,667 - rasterio._base - DEBUG - Sharing flag: 0
2023-12-30 01:53:05,053 - rasterio._base - DEBUG - Nodata success: 1, Nodata value: nan
2023-12-30 01:53:05,054 - rasterio._base - DEBUG - Dataset <open DatasetReader name='https://radar.bmkg.go.id/raster/radarsatelit_202312300150.tif' mode='r'> is started.
2023-12-30 01:53:05,055 - rasterio.env - DEBUG - Exiting env context: <rasterio.env.Env object at 0x7efc28f882b0>
2023-12-30 01:53:05,055 - rasterio.env - DEBUG - Cleared existing <rasterio._env.GDALEnv object at 0x7efc28f88be0> options
2023-12-30 01:53:05,055 - rasterio._env - DEBUG - Stopped GDALEnv <rasterio._env.GDALEnv object at 0x7efc28f88be0>.
2023-12-30 01:53:05,055 - rasterio.env - DEBUG - Exiting outermost env
2023-12-30 01:53:05,055 - rasterio.env - DEBUG - Exited env context: <rasterio.env.Env object at 0x7efc28f882b0>
2023-12-30 01:53:05,055 - rasterio.env - DEBUG - Entering env context: <rasterio.env.Env object at 0x7efc28f198a0>
2023-12-30 01:53:05,055 - rasterio.env - DEBUG - Starting outermost env
2023-12-30 01:53:05,055 - rasterio.env - DEBUG - No GDAL environment exists
2023-12-30 01:53:05,056 - rasterio.env - DEBUG - New GDAL environment <rasterio._env.GDALEnv object at 0x7efc28f88be0> created
2023-12-30 01:53:05,056 - rasterio._env - DEBUG - GDAL data found in package: path='/home/metpublic/PYTHON_VENV/present_weather/lib/python3.10/site-packages/rasterio/gdal_data'.
2023-12-30 01:53:05,057 - rasterio._env - DEBUG - PROJ data found in package: path='/home/metpublic/PYTHON_VENV/present_weather/lib/python3.10/site-packages/rasterio/proj_data'.
2023-12-30 01:53:05,057 - rasterio._env - DEBUG - Started GDALEnv: self=<rasterio._env.GDALEnv object at 0x7efc28f88be0>.
2023-12-30 01:53:05,057 - rasterio.env - DEBUG - Entered env context: <rasterio.env.Env object at 0x7efc28f198a0>
2023-12-30 01:53:05,058 - rasterio.env - DEBUG - Got a copy of environment <rasterio._env.GDALEnv object at 0x7efc28f88be0> options
2023-12-30 01:53:05,058 - rasterio.env - DEBUG - Entering env context: <rasterio.env.Env object at 0x7efc2851bd60>
2023-12-30 01:53:05,058 - rasterio.env - DEBUG - Got a copy of environment <rasterio._env.GDALEnv object at 0x7efc28f88be0> options
2023-12-30 01:53:05,058 - rasterio.env - DEBUG - Entered env context: <rasterio.env.Env object at 0x7efc2851bd60>
2023-12-30 01:53:05,058 - rasterio._base - DEBUG - Sharing flag: 0
2023-12-30 01:53:05,059 - rasterio._base - DEBUG - Nodata success: 1, Nodata value: nan
2023-12-30 01:53:05,059 - rasterio._base - DEBUG - Dataset <open DatasetReader name='https://radar.bmkg.go.id/raster/radarsatelit_202312300150.tif' mode='r'> is started.
2023-12-30 01:53:05,059 - rasterio.env - DEBUG - Exiting env context: <rasterio.env.Env object at 0x7efc2851bd60>
2023-12-30 01:53:05,060 - rasterio.env - DEBUG - Cleared existing <rasterio._env.GDALEnv object at 0x7efc28f88be0> options
2023-12-30 01:53:05,060 - rasterio._env - DEBUG - Stopped GDALEnv <rasterio._env.GDALEnv object at 0x7efc28f88be0>.
2023-12-30 01:53:05,060 - rasterio.env - DEBUG - No GDAL environment exists
2023-12-30 01:53:05,060 - rasterio.env - DEBUG - New GDAL environment <rasterio._env.GDALEnv object at 0x7efc28f88be0> created
2023-12-30 01:53:05,060 - rasterio._env - DEBUG - GDAL data found in package: path='/home/metpublic/PYTHON_VENV/present_weather/lib/python3.10/site-packages/rasterio/gdal_data'.
2023-12-30 01:53:05,061 - rasterio._env - DEBUG - PROJ data found in package: path='/home/metpublic/PYTHON_VENV/present_weather/lib/python3.10/site-packages/rasterio/proj_data'.
2023-12-30 01:53:05,061 - rasterio._env - DEBUG - Started GDALEnv: self=<rasterio._env.GDALEnv object at 0x7efc28f88be0>.
2023-12-30 01:53:05,061 - rasterio.env - DEBUG - Exited env context: <rasterio.env.Env object at 0x7efc2851bd60>
2023-12-30 01:53:05,077 - rasterio._io - DEBUG - Output nodata value read from file: nan
2023-12-30 01:53:05,078 - rasterio._io - DEBUG - Output nodata values: [nan]
2023-12-30 01:53:05,078 - rasterio._io - DEBUG - all_valid: False
2023-12-30 01:53:05,078 - rasterio._io - DEBUG - mask_flags: ([<MaskFlags.nodata: 8>],)
2023-12-30 01:53:05,078 - rasterio._io - DEBUG - Jump straight to _read()
2023-12-30 01:53:05,078 - rasterio._io - DEBUG - Window: Window(col_off=0, row_off=0, width=10215, height=3792)
2023-12-30 01:53:05,079 - rasterio._io - DEBUG - IO window xoff=0.0 yoff=0.0 width=10215.0 height=3792.0
2023-12-30 01:53:05,615 - rasterio.env - DEBUG - Exiting env context: <rasterio.env.Env object at 0x7efc28f198a0>
2023-12-30 01:53:05,615 - rasterio.env - DEBUG - Cleared existing <rasterio._env.GDALEnv object at 0x7efc28f88be0> options
2023-12-30 01:53:05,615 - rasterio._env - DEBUG - Stopped GDALEnv <rasterio._env.GDALEnv object at 0x7efc28f88be0>.
2023-12-30 01:53:05,615 - rasterio.env - DEBUG - Exiting outermost env
2023-12-30 01:53:05,615 - rasterio.env - DEBUG - Exited env context: <rasterio.env.Env object at 0x7efc28f198a0>
2023-12-30 02:00:04,486 - root - INFO - Total elapsed time: 0:07:01.587830
