2023-11-13 01:40:03,263 - root - INFO - Initiating present weather
2023-11-13 01:40:03,267 - urllib3.connectionpool - DEBUG - Starting new HTTPS connection (1): radar.bmkg.go.id:8060
2023-11-13 01:40:03,326 - urllib3.connectionpool - DEBUG - https://radar.bmkg.go.id:8060 "GET /getRadarGeotif?token=19387e71e78522ae4172ec0fda640983b8438c9cfa0ca571623cb69d8327&radar=amandemenForecast&type=latest HTTP/1.1" 200 90
2023-11-13 01:40:03,328 - rasterio.env - DEBUG - Entering env context: <rasterio.env.Env object at 0x7f79e828fe60>
2023-11-13 01:40:03,329 - rasterio.env - DEBUG - Starting outermost env
2023-11-13 01:40:03,329 - rasterio.env - DEBUG - No GDAL environment exists
2023-11-13 01:40:03,329 - rasterio.env - DEBUG - New GDAL environment <rasterio._env.GDALEnv object at 0x7f79ce38df00> created
2023-11-13 01:40:03,333 - rasterio._filepath - DEBUG - Installing FilePath filesystem handler plugin...
2023-11-13 01:40:03,333 - rasterio._env - DEBUG - GDAL data found in package: path='/home/swx/miniconda3/envs/present_weather/lib/python3.12/site-packages/rasterio/gdal_data'.
2023-11-13 01:40:03,333 - rasterio._env - DEBUG - PROJ_LIB found in environment.
2023-11-13 01:40:03,333 - rasterio._env - DEBUG - Started GDALEnv: self=<rasterio._env.GDALEnv object at 0x7f79ce38df00>.
2023-11-13 01:40:03,333 - rasterio.env - DEBUG - Entered env context: <rasterio.env.Env object at 0x7f79e828fe60>
2023-11-13 01:40:03,333 - rasterio._base - DEBUG - Sharing flag: 0
2023-11-13 01:40:03,524 - rasterio._base - DEBUG - Nodata success: 1, Nodata value: nan
2023-11-13 01:40:03,524 - rasterio._base - DEBUG - Dataset <open DatasetReader name='https://radar.bmkg.go.id/raster/radarsatelit_202311130130.tif' mode='r'> is started.
2023-11-13 01:40:03,525 - rasterio.env - DEBUG - Exiting env context: <rasterio.env.Env object at 0x7f79e828fe60>
2023-11-13 01:40:03,525 - rasterio.env - DEBUG - Cleared existing <rasterio._env.GDALEnv object at 0x7f79ce38df00> options
2023-11-13 01:40:03,525 - rasterio._env - DEBUG - Stopped GDALEnv <rasterio._env.GDALEnv object at 0x7f79ce38df00>.
2023-11-13 01:40:03,525 - rasterio.env - DEBUG - Exiting outermost env
2023-11-13 01:40:03,525 - rasterio.env - DEBUG - Exited env context: <rasterio.env.Env object at 0x7f79e828fe60>
2023-11-13 01:40:03,525 - rasterio.env - DEBUG - Entering env context: <rasterio.env.Env object at 0x7f79a457e600>
2023-11-13 01:40:03,525 - rasterio.env - DEBUG - Starting outermost env
2023-11-13 01:40:03,525 - rasterio.env - DEBUG - No GDAL environment exists
2023-11-13 01:40:03,526 - rasterio.env - DEBUG - New GDAL environment <rasterio._env.GDALEnv object at 0x7f79ce38df00> created
2023-11-13 01:40:03,526 - rasterio._env - DEBUG - GDAL data found in package: path='/home/swx/miniconda3/envs/present_weather/lib/python3.12/site-packages/rasterio/gdal_data'.
2023-11-13 01:40:03,526 - rasterio._env - DEBUG - PROJ_LIB found in environment.
2023-11-13 01:40:03,527 - rasterio._env - DEBUG - Started GDALEnv: self=<rasterio._env.GDALEnv object at 0x7f79ce38df00>.
2023-11-13 01:40:03,527 - rasterio.env - DEBUG - Entered env context: <rasterio.env.Env object at 0x7f79a457e600>
2023-11-13 01:40:03,528 - rasterio.env - DEBUG - Got a copy of environment <rasterio._env.GDALEnv object at 0x7f79ce38df00> options
2023-11-13 01:40:03,528 - rasterio.env - DEBUG - Entering env context: <rasterio.env.Env object at 0x7f79632858e0>
2023-11-13 01:40:03,528 - rasterio.env - DEBUG - Got a copy of environment <rasterio._env.GDALEnv object at 0x7f79ce38df00> options
2023-11-13 01:40:03,528 - rasterio.env - DEBUG - Entered env context: <rasterio.env.Env object at 0x7f79632858e0>
2023-11-13 01:40:03,528 - rasterio._base - DEBUG - Sharing flag: 0
2023-11-13 01:40:03,529 - rasterio._base - DEBUG - Nodata success: 1, Nodata value: nan
2023-11-13 01:40:03,529 - rasterio._base - DEBUG - Dataset <open DatasetReader name='https://radar.bmkg.go.id/raster/radarsatelit_202311130130.tif' mode='r'> is started.
2023-11-13 01:40:03,529 - rasterio.env - DEBUG - Exiting env context: <rasterio.env.Env object at 0x7f79632858e0>
2023-11-13 01:40:03,529 - rasterio.env - DEBUG - Cleared existing <rasterio._env.GDALEnv object at 0x7f79ce38df00> options
2023-11-13 01:40:03,529 - rasterio._env - DEBUG - Stopped GDALEnv <rasterio._env.GDALEnv object at 0x7f79ce38df00>.
2023-11-13 01:40:03,529 - rasterio.env - DEBUG - No GDAL environment exists
2023-11-13 01:40:03,530 - rasterio.env - DEBUG - New GDAL environment <rasterio._env.GDALEnv object at 0x7f79ce38df00> created
2023-11-13 01:40:03,530 - rasterio._env - DEBUG - GDAL data found in package: path='/home/swx/miniconda3/envs/present_weather/lib/python3.12/site-packages/rasterio/gdal_data'.
2023-11-13 01:40:03,530 - rasterio._env - DEBUG - PROJ_LIB found in environment.
2023-11-13 01:40:03,530 - rasterio._env - DEBUG - Started GDALEnv: self=<rasterio._env.GDALEnv object at 0x7f79ce38df00>.
2023-11-13 01:40:03,530 - rasterio.env - DEBUG - Exited env context: <rasterio.env.Env object at 0x7f79632858e0>
2023-11-13 01:40:03,561 - rasterio._io - DEBUG - Output nodata value read from file: nan
2023-11-13 01:40:03,561 - rasterio._io - DEBUG - Output nodata values: [nan]
2023-11-13 01:40:03,561 - rasterio._io - DEBUG - all_valid: False
2023-11-13 01:40:03,561 - rasterio._io - DEBUG - mask_flags: ([<MaskFlags.nodata: 8>],)
2023-11-13 01:40:03,562 - rasterio._io - DEBUG - Jump straight to _read()
2023-11-13 01:40:03,562 - rasterio._io - DEBUG - Window: Window(col_off=0, row_off=0, width=10215, height=3792)
2023-11-13 01:40:03,562 - rasterio._io - DEBUG - IO window xoff=0.0 yoff=0.0 width=10215.0 height=3792.0
2023-11-13 01:40:04,177 - rasterio.env - DEBUG - Exiting env context: <rasterio.env.Env object at 0x7f79a457e600>
2023-11-13 01:40:04,177 - rasterio.env - DEBUG - Cleared existing <rasterio._env.GDALEnv object at 0x7f79ce38df00> options
2023-11-13 01:40:04,177 - rasterio._env - DEBUG - Stopped GDALEnv <rasterio._env.GDALEnv object at 0x7f79ce38df00>.
2023-11-13 01:40:04,177 - rasterio.env - DEBUG - Exiting outermost env
2023-11-13 01:40:04,177 - rasterio.env - DEBUG - Exited env context: <rasterio.env.Env object at 0x7f79a457e600>
2023-11-13 01:40:04,179 - urllib3.connectionpool - DEBUG - Starting new HTTPS connection (1): radar.bmkg.go.id:8060
2023-11-13 01:40:04,246 - urllib3.connectionpool - DEBUG - https://radar.bmkg.go.id:8060 "GET /getLatestLD?typeData=1 HTTP/1.1" 200 60120
2023-11-13 01:40:04,273 - asyncio - DEBUG - Using selector: EpollSelector
2023-11-13 01:40:10,970 - root - INFO - dask.bag<lambda, npartitions=34>
2023-11-13 01:56:05,608 - root - INFO - Total elapsed time: 0:16:02.346361
