2023-12-22 15:33:02,818 - root - INFO - Initiating present weather
2023-12-22 15:33:02,820 - asyncio - DEBUG - Using selector: EpollSelector
2023-12-22 15:33:04,439 - urllib3.connectionpool - DEBUG - Starting new HTTPS connection (1): radar.bmkg.go.id:8060
2023-12-22 15:33:04,452 - urllib3.connectionpool - DEBUG - https://radar.bmkg.go.id:8060 "GET /getLatestLD?typeData=1 HTTP/1.1" 200 62
2023-12-22 15:33:04,454 - urllib3.connectionpool - DEBUG - Starting new HTTPS connection (1): radar.bmkg.go.id:8060
2023-12-22 15:33:04,478 - urllib3.connectionpool - DEBUG - https://radar.bmkg.go.id:8060 "GET /getRadarGeotif?token=19387e71e78522ae4172ec0fda640983b8438c9cfa0ca571623cb69d8327&radar=amandemenForecast&type=latest HTTP/1.1" 200 90
2023-12-22 15:33:04,478 - rasterio.env - DEBUG - Entering env context: <rasterio.env.Env object at 0x7fe697b953f0>
2023-12-22 15:33:04,479 - rasterio.env - DEBUG - Starting outermost env
2023-12-22 15:33:04,479 - rasterio.env - DEBUG - No GDAL environment exists
2023-12-22 15:33:04,479 - rasterio.env - DEBUG - New GDAL environment <rasterio._env.GDALEnv object at 0x7fe697b95630> created
2023-12-22 15:33:04,481 - rasterio._filepath - DEBUG - Installing FilePath filesystem handler plugin...
2023-12-22 15:33:04,482 - rasterio._env - DEBUG - GDAL data found in package: path='/home/metpublic/PYTHON_VENV/present_weather/lib/python3.10/site-packages/rasterio/gdal_data'.
2023-12-22 15:33:04,482 - rasterio._env - DEBUG - PROJ data found in package: path='/home/metpublic/PYTHON_VENV/present_weather/lib/python3.10/site-packages/rasterio/proj_data'.
2023-12-22 15:33:04,482 - rasterio._env - DEBUG - Started GDALEnv: self=<rasterio._env.GDALEnv object at 0x7fe697b95630>.
2023-12-22 15:33:04,482 - rasterio.env - DEBUG - Entered env context: <rasterio.env.Env object at 0x7fe697b953f0>
2023-12-22 15:33:04,482 - rasterio._base - DEBUG - Sharing flag: 0
2023-12-22 15:33:04,857 - rasterio._base - DEBUG - Nodata success: 1, Nodata value: nan
2023-12-22 15:33:04,857 - rasterio._base - DEBUG - Dataset <open DatasetReader name='https://radar.bmkg.go.id/raster/radarsatelit_202312221530.tif' mode='r'> is started.
2023-12-22 15:33:04,858 - rasterio.env - DEBUG - Exiting env context: <rasterio.env.Env object at 0x7fe697b953f0>
2023-12-22 15:33:04,858 - rasterio.env - DEBUG - Cleared existing <rasterio._env.GDALEnv object at 0x7fe697b95630> options
2023-12-22 15:33:04,858 - rasterio._env - DEBUG - Stopped GDALEnv <rasterio._env.GDALEnv object at 0x7fe697b95630>.
2023-12-22 15:33:04,858 - rasterio.env - DEBUG - Exiting outermost env
2023-12-22 15:33:04,858 - rasterio.env - DEBUG - Exited env context: <rasterio.env.Env object at 0x7fe697b953f0>
2023-12-22 15:33:04,858 - rasterio.env - DEBUG - Entering env context: <rasterio.env.Env object at 0x7fe697b51690>
2023-12-22 15:33:04,858 - rasterio.env - DEBUG - Starting outermost env
2023-12-22 15:33:04,858 - rasterio.env - DEBUG - No GDAL environment exists
2023-12-22 15:33:04,858 - rasterio.env - DEBUG - New GDAL environment <rasterio._env.GDALEnv object at 0x7fe697b95630> created
2023-12-22 15:33:04,859 - rasterio._env - DEBUG - GDAL data found in package: path='/home/metpublic/PYTHON_VENV/present_weather/lib/python3.10/site-packages/rasterio/gdal_data'.
2023-12-22 15:33:04,859 - rasterio._env - DEBUG - PROJ data found in package: path='/home/metpublic/PYTHON_VENV/present_weather/lib/python3.10/site-packages/rasterio/proj_data'.
2023-12-22 15:33:04,859 - rasterio._env - DEBUG - Started GDALEnv: self=<rasterio._env.GDALEnv object at 0x7fe697b95630>.
2023-12-22 15:33:04,859 - rasterio.env - DEBUG - Entered env context: <rasterio.env.Env object at 0x7fe697b51690>
2023-12-22 15:33:04,859 - rasterio.env - DEBUG - Got a copy of environment <rasterio._env.GDALEnv object at 0x7fe697b95630> options
2023-12-22 15:33:04,859 - rasterio.env - DEBUG - Entering env context: <rasterio.env.Env object at 0x7fe69414b280>
2023-12-22 15:33:04,859 - rasterio.env - DEBUG - Got a copy of environment <rasterio._env.GDALEnv object at 0x7fe697b95630> options
2023-12-22 15:33:04,859 - rasterio.env - DEBUG - Entered env context: <rasterio.env.Env object at 0x7fe69414b280>
2023-12-22 15:33:04,859 - rasterio._base - DEBUG - Sharing flag: 0
2023-12-22 15:33:04,860 - rasterio._base - DEBUG - Nodata success: 1, Nodata value: nan
2023-12-22 15:33:04,860 - rasterio._base - DEBUG - Dataset <open DatasetReader name='https://radar.bmkg.go.id/raster/radarsatelit_202312221530.tif' mode='r'> is started.
2023-12-22 15:33:04,861 - rasterio.env - DEBUG - Exiting env context: <rasterio.env.Env object at 0x7fe69414b280>
2023-12-22 15:33:04,861 - rasterio.env - DEBUG - Cleared existing <rasterio._env.GDALEnv object at 0x7fe697b95630> options
2023-12-22 15:33:04,861 - rasterio._env - DEBUG - Stopped GDALEnv <rasterio._env.GDALEnv object at 0x7fe697b95630>.
2023-12-22 15:33:04,861 - rasterio.env - DEBUG - No GDAL environment exists
2023-12-22 15:33:04,861 - rasterio.env - DEBUG - New GDAL environment <rasterio._env.GDALEnv object at 0x7fe697b95630> created
2023-12-22 15:33:04,861 - rasterio._env - DEBUG - GDAL data found in package: path='/home/metpublic/PYTHON_VENV/present_weather/lib/python3.10/site-packages/rasterio/gdal_data'.
2023-12-22 15:33:04,861 - rasterio._env - DEBUG - PROJ data found in package: path='/home/metpublic/PYTHON_VENV/present_weather/lib/python3.10/site-packages/rasterio/proj_data'.
2023-12-22 15:33:04,861 - rasterio._env - DEBUG - Started GDALEnv: self=<rasterio._env.GDALEnv object at 0x7fe697b95630>.
2023-12-22 15:33:04,861 - rasterio.env - DEBUG - Exited env context: <rasterio.env.Env object at 0x7fe69414b280>
2023-12-22 15:33:04,881 - rasterio._io - DEBUG - Output nodata value read from file: nan
2023-12-22 15:33:04,881 - rasterio._io - DEBUG - Output nodata values: [nan]
2023-12-22 15:33:04,882 - rasterio._io - DEBUG - all_valid: False
2023-12-22 15:33:04,882 - rasterio._io - DEBUG - mask_flags: ([<MaskFlags.nodata: 8>],)
2023-12-22 15:33:04,882 - rasterio._io - DEBUG - Jump straight to _read()
2023-12-22 15:33:04,882 - rasterio._io - DEBUG - Window: Window(col_off=0, row_off=0, width=10177, height=3732)
2023-12-22 15:33:04,883 - rasterio._io - DEBUG - IO window xoff=0.0 yoff=0.0 width=10177.0 height=3732.0
2023-12-22 15:33:05,491 - rasterio.env - DEBUG - Exiting env context: <rasterio.env.Env object at 0x7fe697b51690>
2023-12-22 15:33:05,491 - rasterio.env - DEBUG - Cleared existing <rasterio._env.GDALEnv object at 0x7fe697b95630> options
2023-12-22 15:33:05,492 - rasterio._env - DEBUG - Stopped GDALEnv <rasterio._env.GDALEnv object at 0x7fe697b95630>.
2023-12-22 15:33:05,492 - rasterio.env - DEBUG - Exiting outermost env
2023-12-22 15:33:05,492 - rasterio.env - DEBUG - Exited env context: <rasterio.env.Env object at 0x7fe697b51690>
2023-12-22 15:37:53,280 - rasterio.env - DEBUG - Entering env context: <rasterio.env.Env object at 0x7fe69414b370>
2023-12-22 15:37:53,280 - rasterio.env - DEBUG - Starting outermost env
2023-12-22 15:37:53,280 - rasterio.env - DEBUG - No GDAL environment exists
2023-12-22 15:37:53,280 - rasterio.env - DEBUG - New GDAL environment <rasterio._env.GDALEnv object at 0x7fe69414a7d0> created
2023-12-22 15:37:53,281 - rasterio._env - DEBUG - GDAL data found in package: path='/home/metpublic/PYTHON_VENV/present_weather/lib/python3.10/site-packages/rasterio/gdal_data'.
2023-12-22 15:37:53,281 - rasterio._env - DEBUG - PROJ data found in package: path='/home/metpublic/PYTHON_VENV/present_weather/lib/python3.10/site-packages/rasterio/proj_data'.
2023-12-22 15:37:53,282 - rasterio._env - DEBUG - Started GDALEnv: self=<rasterio._env.GDALEnv object at 0x7fe69414a7d0>.
2023-12-22 15:37:53,282 - rasterio.env - DEBUG - Entered env context: <rasterio.env.Env object at 0x7fe69414b370>
2023-12-22 15:37:53,282 - rasterio._base - DEBUG - Sharing flag: 0
2023-12-22 15:37:53,283 - rasterio._base - DEBUG - Nodata success: 0, Nodata value: 0.000000
2023-12-22 15:37:53,283 - rasterio._base - DEBUG - Dataset <open DatasetReader name='/home/metpublic/TASK_RELEASE/EFAN/present_weather/src/H09_B13_Indonesia_20231222.Z1510.cor.tiff' mode='r'> is started.
2023-12-22 15:37:53,283 - rasterio.env - DEBUG - Exiting env context: <rasterio.env.Env object at 0x7fe69414b370>
2023-12-22 15:37:53,284 - rasterio.env - DEBUG - Cleared existing <rasterio._env.GDALEnv object at 0x7fe69414a7d0> options
2023-12-22 15:37:53,284 - rasterio._env - DEBUG - Stopped GDALEnv <rasterio._env.GDALEnv object at 0x7fe69414a7d0>.
2023-12-22 15:37:53,284 - rasterio.env - DEBUG - Exiting outermost env
2023-12-22 15:37:53,284 - rasterio.env - DEBUG - Exited env context: <rasterio.env.Env object at 0x7fe69414b370>
2023-12-22 15:37:53,284 - rasterio.env - DEBUG - Entering env context: <rasterio.env.Env object at 0x7fe6744b5f90>
2023-12-22 15:37:53,284 - rasterio.env - DEBUG - Starting outermost env
2023-12-22 15:37:53,285 - rasterio.env - DEBUG - No GDAL environment exists
2023-12-22 15:37:53,285 - rasterio.env - DEBUG - New GDAL environment <rasterio._env.GDALEnv object at 0x7fe6744b59f0> created
2023-12-22 15:37:53,285 - rasterio._env - DEBUG - GDAL data found in package: path='/home/metpublic/PYTHON_VENV/present_weather/lib/python3.10/site-packages/rasterio/gdal_data'.
2023-12-22 15:37:53,285 - rasterio._env - DEBUG - PROJ data found in package: path='/home/metpublic/PYTHON_VENV/present_weather/lib/python3.10/site-packages/rasterio/proj_data'.
2023-12-22 15:37:53,285 - rasterio._env - DEBUG - Started GDALEnv: self=<rasterio._env.GDALEnv object at 0x7fe6744b59f0>.
2023-12-22 15:37:53,285 - rasterio.env - DEBUG - Entered env context: <rasterio.env.Env object at 0x7fe6744b5f90>
2023-12-22 15:37:53,286 - rasterio._base - DEBUG - Sharing flag: 0
2023-12-22 15:37:53,287 - rasterio._base - DEBUG - Nodata success: 0, Nodata value: 0.000000
2023-12-22 15:37:53,288 - rasterio._base - DEBUG - Dataset <open DatasetReader name='/home/metpublic/TASK_RELEASE/EFAN/present_weather/src/H09_B13_Indonesia_20231222.Z1510.cor.tiff' mode='r'> is started.
2023-12-22 15:37:53,288 - rasterio.env - DEBUG - Exiting env context: <rasterio.env.Env object at 0x7fe6744b5f90>
2023-12-22 15:37:53,288 - rasterio.env - DEBUG - Cleared existing <rasterio._env.GDALEnv object at 0x7fe6744b59f0> options
2023-12-22 15:37:53,288 - rasterio._env - DEBUG - Stopped GDALEnv <rasterio._env.GDALEnv object at 0x7fe6744b59f0>.
2023-12-22 15:37:53,288 - rasterio.env - DEBUG - Exiting outermost env
2023-12-22 15:37:53,288 - rasterio.env - DEBUG - Exited env context: <rasterio.env.Env object at 0x7fe6744b5f90>
2023-12-22 15:37:53,299 - root - INFO - Generating present weather using SATELITE data
2023-12-22 15:40:13,112 - root - INFO - Total elapsed time: 0:07:10.294718
