2023-12-22 14:43:02,919 - root - INFO - Initiating present weather
2023-12-22 14:43:02,921 - asyncio - DEBUG - Using selector: EpollSelector
2023-12-22 14:43:04,669 - urllib3.connectionpool - DEBUG - Starting new HTTPS connection (1): radar.bmkg.go.id:8060
2023-12-22 14:43:04,685 - urllib3.connectionpool - DEBUG - https://radar.bmkg.go.id:8060 "GET /getLatestLD?typeData=1 HTTP/1.1" 200 62
2023-12-22 14:43:04,687 - urllib3.connectionpool - DEBUG - Starting new HTTPS connection (1): radar.bmkg.go.id:8060
2023-12-22 14:43:04,712 - urllib3.connectionpool - DEBUG - https://radar.bmkg.go.id:8060 "GET /getRadarGeotif?token=19387e71e78522ae4172ec0fda640983b8438c9cfa0ca571623cb69d8327&radar=amandemenForecast&type=latest HTTP/1.1" 200 90
2023-12-22 14:43:04,712 - rasterio.env - DEBUG - Entering env context: <rasterio.env.Env object at 0x7fa2d6fe1510>
2023-12-22 14:43:04,713 - rasterio.env - DEBUG - Starting outermost env
2023-12-22 14:43:04,713 - rasterio.env - DEBUG - No GDAL environment exists
2023-12-22 14:43:04,713 - rasterio.env - DEBUG - New GDAL environment <rasterio._env.GDALEnv object at 0x7fa2d6fe1570> created
2023-12-22 14:43:04,715 - rasterio._filepath - DEBUG - Installing FilePath filesystem handler plugin...
2023-12-22 14:43:04,716 - rasterio._env - DEBUG - GDAL data found in package: path='/home/metpublic/PYTHON_VENV/present_weather/lib/python3.10/site-packages/rasterio/gdal_data'.
2023-12-22 14:43:04,716 - rasterio._env - DEBUG - PROJ data found in package: path='/home/metpublic/PYTHON_VENV/present_weather/lib/python3.10/site-packages/rasterio/proj_data'.
2023-12-22 14:43:04,716 - rasterio._env - DEBUG - Started GDALEnv: self=<rasterio._env.GDALEnv object at 0x7fa2d6fe1570>.
2023-12-22 14:43:04,716 - rasterio.env - DEBUG - Entered env context: <rasterio.env.Env object at 0x7fa2d6fe1510>
2023-12-22 14:43:04,716 - rasterio._base - DEBUG - Sharing flag: 0
2023-12-22 14:43:05,066 - rasterio._base - DEBUG - Nodata success: 1, Nodata value: nan
2023-12-22 14:43:05,067 - rasterio._base - DEBUG - Dataset <open DatasetReader name='https://radar.bmkg.go.id/raster/radarsatelit_202312221430.tif' mode='r'> is started.
2023-12-22 14:43:05,068 - rasterio.env - DEBUG - Exiting env context: <rasterio.env.Env object at 0x7fa2d6fe1510>
2023-12-22 14:43:05,068 - rasterio.env - DEBUG - Cleared existing <rasterio._env.GDALEnv object at 0x7fa2d6fe1570> options
2023-12-22 14:43:05,068 - rasterio._env - DEBUG - Stopped GDALEnv <rasterio._env.GDALEnv object at 0x7fa2d6fe1570>.
2023-12-22 14:43:05,068 - rasterio.env - DEBUG - Exiting outermost env
2023-12-22 14:43:05,068 - rasterio.env - DEBUG - Exited env context: <rasterio.env.Env object at 0x7fa2d6fe1510>
2023-12-22 14:43:05,068 - rasterio.env - DEBUG - Entering env context: <rasterio.env.Env object at 0x7fa2d6f9d810>
2023-12-22 14:43:05,068 - rasterio.env - DEBUG - Starting outermost env
2023-12-22 14:43:05,068 - rasterio.env - DEBUG - No GDAL environment exists
2023-12-22 14:43:05,068 - rasterio.env - DEBUG - New GDAL environment <rasterio._env.GDALEnv object at 0x7fa2d6fe3df0> created
2023-12-22 14:43:05,069 - rasterio._env - DEBUG - GDAL data found in package: path='/home/metpublic/PYTHON_VENV/present_weather/lib/python3.10/site-packages/rasterio/gdal_data'.
2023-12-22 14:43:05,069 - rasterio._env - DEBUG - PROJ data found in package: path='/home/metpublic/PYTHON_VENV/present_weather/lib/python3.10/site-packages/rasterio/proj_data'.
2023-12-22 14:43:05,069 - rasterio._env - DEBUG - Started GDALEnv: self=<rasterio._env.GDALEnv object at 0x7fa2d6fe3df0>.
2023-12-22 14:43:05,069 - rasterio.env - DEBUG - Entered env context: <rasterio.env.Env object at 0x7fa2d6f9d810>
2023-12-22 14:43:05,069 - rasterio.env - DEBUG - Got a copy of environment <rasterio._env.GDALEnv object at 0x7fa2d6fe3df0> options
2023-12-22 14:43:05,069 - rasterio.env - DEBUG - Entering env context: <rasterio.env.Env object at 0x7fa2d469f670>
2023-12-22 14:43:05,069 - rasterio.env - DEBUG - Got a copy of environment <rasterio._env.GDALEnv object at 0x7fa2d6fe3df0> options
2023-12-22 14:43:05,069 - rasterio.env - DEBUG - Entered env context: <rasterio.env.Env object at 0x7fa2d469f670>
2023-12-22 14:43:05,070 - rasterio._base - DEBUG - Sharing flag: 0
2023-12-22 14:43:05,071 - rasterio._base - DEBUG - Nodata success: 1, Nodata value: nan
2023-12-22 14:43:05,071 - rasterio._base - DEBUG - Dataset <open DatasetReader name='https://radar.bmkg.go.id/raster/radarsatelit_202312221430.tif' mode='r'> is started.
2023-12-22 14:43:05,071 - rasterio.env - DEBUG - Exiting env context: <rasterio.env.Env object at 0x7fa2d469f670>
2023-12-22 14:43:05,071 - rasterio.env - DEBUG - Cleared existing <rasterio._env.GDALEnv object at 0x7fa2d6fe3df0> options
2023-12-22 14:43:05,071 - rasterio._env - DEBUG - Stopped GDALEnv <rasterio._env.GDALEnv object at 0x7fa2d6fe3df0>.
2023-12-22 14:43:05,071 - rasterio.env - DEBUG - No GDAL environment exists
2023-12-22 14:43:05,071 - rasterio.env - DEBUG - New GDAL environment <rasterio._env.GDALEnv object at 0x7fa2d6fe3df0> created
2023-12-22 14:43:05,071 - rasterio._env - DEBUG - GDAL data found in package: path='/home/metpublic/PYTHON_VENV/present_weather/lib/python3.10/site-packages/rasterio/gdal_data'.
2023-12-22 14:43:05,071 - rasterio._env - DEBUG - PROJ data found in package: path='/home/metpublic/PYTHON_VENV/present_weather/lib/python3.10/site-packages/rasterio/proj_data'.
2023-12-22 14:43:05,072 - rasterio._env - DEBUG - Started GDALEnv: self=<rasterio._env.GDALEnv object at 0x7fa2d6fe3df0>.
2023-12-22 14:43:05,072 - rasterio.env - DEBUG - Exited env context: <rasterio.env.Env object at 0x7fa2d469f670>
2023-12-22 14:43:05,088 - rasterio._io - DEBUG - Output nodata value read from file: nan
2023-12-22 14:43:05,088 - rasterio._io - DEBUG - Output nodata values: [nan]
2023-12-22 14:43:05,088 - rasterio._io - DEBUG - all_valid: False
2023-12-22 14:43:05,089 - rasterio._io - DEBUG - mask_flags: ([<MaskFlags.nodata: 8>],)
2023-12-22 14:43:05,089 - rasterio._io - DEBUG - Jump straight to _read()
2023-12-22 14:43:05,089 - rasterio._io - DEBUG - Window: Window(col_off=0, row_off=0, width=10177, height=3732)
2023-12-22 14:43:05,089 - rasterio._io - DEBUG - IO window xoff=0.0 yoff=0.0 width=10177.0 height=3732.0
2023-12-22 14:43:05,705 - rasterio.env - DEBUG - Exiting env context: <rasterio.env.Env object at 0x7fa2d6f9d810>
2023-12-22 14:43:05,706 - rasterio.env - DEBUG - Cleared existing <rasterio._env.GDALEnv object at 0x7fa2d6fe3df0> options
2023-12-22 14:43:05,706 - rasterio._env - DEBUG - Stopped GDALEnv <rasterio._env.GDALEnv object at 0x7fa2d6fe3df0>.
2023-12-22 14:43:05,706 - rasterio.env - DEBUG - Exiting outermost env
2023-12-22 14:43:05,706 - rasterio.env - DEBUG - Exited env context: <rasterio.env.Env object at 0x7fa2d6f9d810>
2023-12-22 14:47:15,165 - rasterio.env - DEBUG - Entering env context: <rasterio.env.Env object at 0x7fa2d469eef0>
2023-12-22 14:47:15,166 - rasterio.env - DEBUG - Starting outermost env
2023-12-22 14:47:15,166 - rasterio.env - DEBUG - No GDAL environment exists
2023-12-22 14:47:15,166 - rasterio.env - DEBUG - New GDAL environment <rasterio._env.GDALEnv object at 0x7fa2d469e6b0> created
2023-12-22 14:47:15,167 - rasterio._env - DEBUG - GDAL data found in package: path='/home/metpublic/PYTHON_VENV/present_weather/lib/python3.10/site-packages/rasterio/gdal_data'.
2023-12-22 14:47:15,167 - rasterio._env - DEBUG - PROJ data found in package: path='/home/metpublic/PYTHON_VENV/present_weather/lib/python3.10/site-packages/rasterio/proj_data'.
2023-12-22 14:47:15,167 - rasterio._env - DEBUG - Started GDALEnv: self=<rasterio._env.GDALEnv object at 0x7fa2d469e6b0>.
2023-12-22 14:47:15,167 - rasterio.env - DEBUG - Entered env context: <rasterio.env.Env object at 0x7fa2d469eef0>
2023-12-22 14:47:15,168 - rasterio._base - DEBUG - Sharing flag: 0
2023-12-22 14:47:15,169 - rasterio._base - DEBUG - Nodata success: 0, Nodata value: 0.000000
2023-12-22 14:47:15,169 - rasterio._base - DEBUG - Dataset <open DatasetReader name='/home/metpublic/TASK_RELEASE/EFAN/present_weather/src/H09_B13_Indonesia_20231222.Z1410.cor.tiff' mode='r'> is started.
2023-12-22 14:47:15,169 - rasterio.env - DEBUG - Exiting env context: <rasterio.env.Env object at 0x7fa2d469eef0>
2023-12-22 14:47:15,169 - rasterio.env - DEBUG - Cleared existing <rasterio._env.GDALEnv object at 0x7fa2d469e6b0> options
2023-12-22 14:47:15,170 - rasterio._env - DEBUG - Stopped GDALEnv <rasterio._env.GDALEnv object at 0x7fa2d469e6b0>.
2023-12-22 14:47:15,170 - rasterio.env - DEBUG - Exiting outermost env
2023-12-22 14:47:15,170 - rasterio.env - DEBUG - Exited env context: <rasterio.env.Env object at 0x7fa2d469eef0>
2023-12-22 14:47:15,170 - rasterio.env - DEBUG - Entering env context: <rasterio.env.Env object at 0x7fa2d4567fa0>
2023-12-22 14:47:15,170 - rasterio.env - DEBUG - Starting outermost env
2023-12-22 14:47:15,170 - rasterio.env - DEBUG - No GDAL environment exists
2023-12-22 14:47:15,170 - rasterio.env - DEBUG - New GDAL environment <rasterio._env.GDALEnv object at 0x7fa2d449e6b0> created
2023-12-22 14:47:15,171 - rasterio._env - DEBUG - GDAL data found in package: path='/home/metpublic/PYTHON_VENV/present_weather/lib/python3.10/site-packages/rasterio/gdal_data'.
2023-12-22 14:47:15,171 - rasterio._env - DEBUG - PROJ data found in package: path='/home/metpublic/PYTHON_VENV/present_weather/lib/python3.10/site-packages/rasterio/proj_data'.
2023-12-22 14:47:15,171 - rasterio._env - DEBUG - Started GDALEnv: self=<rasterio._env.GDALEnv object at 0x7fa2d449e6b0>.
2023-12-22 14:47:15,171 - rasterio.env - DEBUG - Entered env context: <rasterio.env.Env object at 0x7fa2d4567fa0>
2023-12-22 14:47:15,172 - rasterio._base - DEBUG - Sharing flag: 0
2023-12-22 14:47:15,174 - rasterio._base - DEBUG - Nodata success: 0, Nodata value: 0.000000
2023-12-22 14:47:15,174 - rasterio._base - DEBUG - Dataset <open DatasetReader name='/home/metpublic/TASK_RELEASE/EFAN/present_weather/src/H09_B13_Indonesia_20231222.Z1410.cor.tiff' mode='r'> is started.
2023-12-22 14:47:15,175 - rasterio.env - DEBUG - Exiting env context: <rasterio.env.Env object at 0x7fa2d4567fa0>
2023-12-22 14:47:15,175 - rasterio.env - DEBUG - Cleared existing <rasterio._env.GDALEnv object at 0x7fa2d449e6b0> options
2023-12-22 14:47:15,175 - rasterio._env - DEBUG - Stopped GDALEnv <rasterio._env.GDALEnv object at 0x7fa2d449e6b0>.
2023-12-22 14:47:15,175 - rasterio.env - DEBUG - Exiting outermost env
2023-12-22 14:47:15,175 - rasterio.env - DEBUG - Exited env context: <rasterio.env.Env object at 0x7fa2d4567fa0>
2023-12-22 14:47:15,196 - root - INFO - Generating present weather using SATELITE data
2023-12-22 14:49:52,895 - root - INFO - Total elapsed time: 0:06:49.975976
