2023-12-05 12:43:03,059 - root - INFO - Initiating present weather
2023-12-05 12:43:03,061 - asyncio - DEBUG - Using selector: EpollSelector
2023-12-05 12:43:04,561 - urllib3.connectionpool - DEBUG - Starting new HTTPS connection (1): radar.bmkg.go.id:8060
2023-12-05 12:43:04,574 - urllib3.connectionpool - DEBUG - https://radar.bmkg.go.id:8060 "GET /getLatestLD?typeData=1 HTTP/1.1" 200 62
2023-12-05 12:43:04,576 - urllib3.connectionpool - DEBUG - Starting new HTTPS connection (1): radar.bmkg.go.id:8060
2023-12-05 12:43:04,598 - urllib3.connectionpool - DEBUG - https://radar.bmkg.go.id:8060 "GET /getRadarGeotif?token=19387e71e78522ae4172ec0fda640983b8438c9cfa0ca571623cb69d8327&radar=amandemenForecast&type=latest HTTP/1.1" 200 90
2023-12-05 12:43:04,600 - rasterio.env - DEBUG - Entering env context: <rasterio.env.Env object at 0x7f76edf2ec50>
2023-12-05 12:43:04,600 - rasterio.env - DEBUG - Starting outermost env
2023-12-05 12:43:04,600 - rasterio.env - DEBUG - No GDAL environment exists
2023-12-05 12:43:04,600 - rasterio.env - DEBUG - New GDAL environment <rasterio._env.GDALEnv object at 0x7f76edf2ec20> created
2023-12-05 12:43:04,603 - rasterio._filepath - DEBUG - Installing FilePath filesystem handler plugin...
2023-12-05 12:43:04,603 - rasterio._env - DEBUG - GDAL data found in package: path='/home/metpublic/PYTHON_VENV/present_weather/lib/python3.10/site-packages/rasterio/gdal_data'.
2023-12-05 12:43:04,603 - rasterio._env - DEBUG - PROJ data found in package: path='/home/metpublic/PYTHON_VENV/present_weather/lib/python3.10/site-packages/rasterio/proj_data'.
2023-12-05 12:43:04,603 - rasterio._env - DEBUG - Started GDALEnv: self=<rasterio._env.GDALEnv object at 0x7f76edf2ec20>.
2023-12-05 12:43:04,603 - rasterio.env - DEBUG - Entered env context: <rasterio.env.Env object at 0x7f76edf2ec50>
2023-12-05 12:43:04,604 - rasterio._base - DEBUG - Sharing flag: 0
2023-12-05 12:43:04,836 - rasterio._base - DEBUG - Nodata success: 1, Nodata value: nan
2023-12-05 12:43:04,836 - rasterio._base - DEBUG - Dataset <open DatasetReader name='https://radar.bmkg.go.id/raster/radarsatelit_202312051240.tif' mode='r'> is started.
2023-12-05 12:43:04,836 - rasterio.env - DEBUG - Exiting env context: <rasterio.env.Env object at 0x7f76edf2ec50>
2023-12-05 12:43:04,837 - rasterio.env - DEBUG - Cleared existing <rasterio._env.GDALEnv object at 0x7f76edf2ec20> options
2023-12-05 12:43:04,837 - rasterio._env - DEBUG - Stopped GDALEnv <rasterio._env.GDALEnv object at 0x7f76edf2ec20>.
2023-12-05 12:43:04,837 - rasterio.env - DEBUG - Exiting outermost env
2023-12-05 12:43:04,837 - rasterio.env - DEBUG - Exited env context: <rasterio.env.Env object at 0x7f76edf2ec50>
2023-12-05 12:43:04,837 - rasterio.env - DEBUG - Entering env context: <rasterio.env.Env object at 0x7f76ed5f07c0>
2023-12-05 12:43:04,837 - rasterio.env - DEBUG - Starting outermost env
2023-12-05 12:43:04,837 - rasterio.env - DEBUG - No GDAL environment exists
2023-12-05 12:43:04,837 - rasterio.env - DEBUG - New GDAL environment <rasterio._env.GDALEnv object at 0x7f76edf2eb90> created
2023-12-05 12:43:04,837 - rasterio._env - DEBUG - GDAL data found in package: path='/home/metpublic/PYTHON_VENV/present_weather/lib/python3.10/site-packages/rasterio/gdal_data'.
2023-12-05 12:43:04,837 - rasterio._env - DEBUG - PROJ data found in package: path='/home/metpublic/PYTHON_VENV/present_weather/lib/python3.10/site-packages/rasterio/proj_data'.
2023-12-05 12:43:04,838 - rasterio._env - DEBUG - Started GDALEnv: self=<rasterio._env.GDALEnv object at 0x7f76edf2eb90>.
2023-12-05 12:43:04,838 - rasterio.env - DEBUG - Entered env context: <rasterio.env.Env object at 0x7f76ed5f07c0>
2023-12-05 12:43:04,838 - rasterio.env - DEBUG - Got a copy of environment <rasterio._env.GDALEnv object at 0x7f76edf2eb90> options
2023-12-05 12:43:04,838 - rasterio.env - DEBUG - Entering env context: <rasterio.env.Env object at 0x7f76ec4ba0e0>
2023-12-05 12:43:04,838 - rasterio.env - DEBUG - Got a copy of environment <rasterio._env.GDALEnv object at 0x7f76edf2eb90> options
2023-12-05 12:43:04,838 - rasterio.env - DEBUG - Entered env context: <rasterio.env.Env object at 0x7f76ec4ba0e0>
2023-12-05 12:43:04,838 - rasterio._base - DEBUG - Sharing flag: 0
2023-12-05 12:43:04,839 - rasterio._base - DEBUG - Nodata success: 1, Nodata value: nan
2023-12-05 12:43:04,840 - rasterio._base - DEBUG - Dataset <open DatasetReader name='https://radar.bmkg.go.id/raster/radarsatelit_202312051240.tif' mode='r'> is started.
2023-12-05 12:43:04,840 - rasterio.env - DEBUG - Exiting env context: <rasterio.env.Env object at 0x7f76ec4ba0e0>
2023-12-05 12:43:04,840 - rasterio.env - DEBUG - Cleared existing <rasterio._env.GDALEnv object at 0x7f76edf2eb90> options
2023-12-05 12:43:04,840 - rasterio._env - DEBUG - Stopped GDALEnv <rasterio._env.GDALEnv object at 0x7f76edf2eb90>.
2023-12-05 12:43:04,840 - rasterio.env - DEBUG - No GDAL environment exists
2023-12-05 12:43:04,840 - rasterio.env - DEBUG - New GDAL environment <rasterio._env.GDALEnv object at 0x7f76edf2eb90> created
2023-12-05 12:43:04,840 - rasterio._env - DEBUG - GDAL data found in package: path='/home/metpublic/PYTHON_VENV/present_weather/lib/python3.10/site-packages/rasterio/gdal_data'.
2023-12-05 12:43:04,840 - rasterio._env - DEBUG - PROJ data found in package: path='/home/metpublic/PYTHON_VENV/present_weather/lib/python3.10/site-packages/rasterio/proj_data'.
2023-12-05 12:43:04,840 - rasterio._env - DEBUG - Started GDALEnv: self=<rasterio._env.GDALEnv object at 0x7f76edf2eb90>.
2023-12-05 12:43:04,840 - rasterio.env - DEBUG - Exited env context: <rasterio.env.Env object at 0x7f76ec4ba0e0>
2023-12-05 12:43:04,856 - rasterio._io - DEBUG - Output nodata value read from file: nan
2023-12-05 12:43:04,856 - rasterio._io - DEBUG - Output nodata values: [nan]
2023-12-05 12:43:04,857 - rasterio._io - DEBUG - all_valid: False
2023-12-05 12:43:04,857 - rasterio._io - DEBUG - mask_flags: ([<MaskFlags.nodata: 8>],)
2023-12-05 12:43:04,857 - rasterio._io - DEBUG - Jump straight to _read()
2023-12-05 12:43:04,857 - rasterio._io - DEBUG - Window: Window(col_off=0, row_off=0, width=10177, height=3732)
2023-12-05 12:43:04,858 - rasterio._io - DEBUG - IO window xoff=0.0 yoff=0.0 width=10177.0 height=3732.0
2023-12-05 12:43:05,433 - rasterio.env - DEBUG - Exiting env context: <rasterio.env.Env object at 0x7f76ed5f07c0>
2023-12-05 12:43:05,433 - rasterio.env - DEBUG - Cleared existing <rasterio._env.GDALEnv object at 0x7f76edf2eb90> options
2023-12-05 12:43:05,433 - rasterio._env - DEBUG - Stopped GDALEnv <rasterio._env.GDALEnv object at 0x7f76edf2eb90>.
2023-12-05 12:43:05,433 - rasterio.env - DEBUG - Exiting outermost env
2023-12-05 12:43:05,433 - rasterio.env - DEBUG - Exited env context: <rasterio.env.Env object at 0x7f76ed5f07c0>
2023-12-05 12:47:04,130 - rasterio.env - DEBUG - Entering env context: <rasterio.env.Env object at 0x7f76ec325a20>
2023-12-05 12:47:04,131 - rasterio.env - DEBUG - Starting outermost env
2023-12-05 12:47:04,131 - rasterio.env - DEBUG - No GDAL environment exists
2023-12-05 12:47:04,131 - rasterio.env - DEBUG - New GDAL environment <rasterio._env.GDALEnv object at 0x7f76ec327520> created
2023-12-05 12:47:04,131 - rasterio._env - DEBUG - GDAL data found in package: path='/home/metpublic/PYTHON_VENV/present_weather/lib/python3.10/site-packages/rasterio/gdal_data'.
2023-12-05 12:47:04,131 - rasterio._env - DEBUG - PROJ data found in package: path='/home/metpublic/PYTHON_VENV/present_weather/lib/python3.10/site-packages/rasterio/proj_data'.
2023-12-05 12:47:04,132 - rasterio._env - DEBUG - Started GDALEnv: self=<rasterio._env.GDALEnv object at 0x7f76ec327520>.
2023-12-05 12:47:04,132 - rasterio.env - DEBUG - Entered env context: <rasterio.env.Env object at 0x7f76ec325a20>
2023-12-05 12:47:04,132 - rasterio._base - DEBUG - Sharing flag: 0
2023-12-05 12:47:04,134 - rasterio._base - DEBUG - Nodata success: 0, Nodata value: 0.000000
2023-12-05 12:47:04,134 - rasterio._base - DEBUG - Dataset <open DatasetReader name='/home/metpublic/TASK_RELEASE/EFAN/present_weather/src/H09_B13_Indonesia_20231205.Z1230.cor.tiff' mode='r'> is started.
2023-12-05 12:47:04,134 - rasterio.env - DEBUG - Exiting env context: <rasterio.env.Env object at 0x7f76ec325a20>
2023-12-05 12:47:04,134 - rasterio.env - DEBUG - Cleared existing <rasterio._env.GDALEnv object at 0x7f76ec327520> options
2023-12-05 12:47:04,134 - rasterio._env - DEBUG - Stopped GDALEnv <rasterio._env.GDALEnv object at 0x7f76ec327520>.
2023-12-05 12:47:04,134 - rasterio.env - DEBUG - Exiting outermost env
2023-12-05 12:47:04,135 - rasterio.env - DEBUG - Exited env context: <rasterio.env.Env object at 0x7f76ec325a20>
2023-12-05 12:47:04,135 - rasterio.env - DEBUG - Entering env context: <rasterio.env.Env object at 0x7f76ec324b80>
2023-12-05 12:47:04,135 - rasterio.env - DEBUG - Starting outermost env
2023-12-05 12:47:04,135 - rasterio.env - DEBUG - No GDAL environment exists
2023-12-05 12:47:04,136 - rasterio.env - DEBUG - New GDAL environment <rasterio._env.GDALEnv object at 0x7f76ec325270> created
2023-12-05 12:47:04,136 - rasterio._env - DEBUG - GDAL data found in package: path='/home/metpublic/PYTHON_VENV/present_weather/lib/python3.10/site-packages/rasterio/gdal_data'.
2023-12-05 12:47:04,136 - rasterio._env - DEBUG - PROJ data found in package: path='/home/metpublic/PYTHON_VENV/present_weather/lib/python3.10/site-packages/rasterio/proj_data'.
2023-12-05 12:47:04,136 - rasterio._env - DEBUG - Started GDALEnv: self=<rasterio._env.GDALEnv object at 0x7f76ec325270>.
2023-12-05 12:47:04,136 - rasterio.env - DEBUG - Entered env context: <rasterio.env.Env object at 0x7f76ec324b80>
2023-12-05 12:47:04,136 - rasterio._base - DEBUG - Sharing flag: 0
2023-12-05 12:47:04,138 - rasterio._base - DEBUG - Nodata success: 0, Nodata value: 0.000000
2023-12-05 12:47:04,138 - rasterio._base - DEBUG - Dataset <open DatasetReader name='/home/metpublic/TASK_RELEASE/EFAN/present_weather/src/H09_B13_Indonesia_20231205.Z1230.cor.tiff' mode='r'> is started.
2023-12-05 12:47:04,138 - rasterio.env - DEBUG - Exiting env context: <rasterio.env.Env object at 0x7f76ec324b80>
2023-12-05 12:47:04,138 - rasterio.env - DEBUG - Cleared existing <rasterio._env.GDALEnv object at 0x7f76ec325270> options
2023-12-05 12:47:04,138 - rasterio._env - DEBUG - Stopped GDALEnv <rasterio._env.GDALEnv object at 0x7f76ec325270>.
2023-12-05 12:47:04,138 - rasterio.env - DEBUG - Exiting outermost env
2023-12-05 12:47:04,138 - rasterio.env - DEBUG - Exited env context: <rasterio.env.Env object at 0x7f76ec324b80>
2023-12-05 12:47:04,149 - root - INFO - Generating present weather using SATELITE data
2023-12-05 12:49:35,487 - root - INFO - Total elapsed time: 0:06:32.427938
