2023-11-28 09:33:02,622 - root - INFO - Initiating present weather
2023-11-28 09:33:02,624 - asyncio - DEBUG - Using selector: EpollSelector
2023-11-28 09:33:04,133 - urllib3.connectionpool - DEBUG - Starting new HTTPS connection (1): radar.bmkg.go.id:8060
2023-11-28 09:33:04,155 - urllib3.connectionpool - DEBUG - https://radar.bmkg.go.id:8060 "GET /getRadarGeotif?token=19387e71e78522ae4172ec0fda640983b8438c9cfa0ca571623cb69d8327&radar=amandemenForecast&type=latest HTTP/1.1" 200 90
2023-11-28 09:33:04,156 - rasterio.env - DEBUG - Entering env context: <rasterio.env.Env object at 0x7f08b6807670>
2023-11-28 09:33:04,156 - rasterio.env - DEBUG - Starting outermost env
2023-11-28 09:33:04,156 - rasterio.env - DEBUG - No GDAL environment exists
2023-11-28 09:33:04,157 - rasterio.env - DEBUG - New GDAL environment <rasterio._env.GDALEnv object at 0x7f08b686b670> created
2023-11-28 09:33:04,159 - rasterio._filepath - DEBUG - Installing FilePath filesystem handler plugin...
2023-11-28 09:33:04,160 - rasterio._env - DEBUG - GDAL data found in package: path='/home/metpublic/PYTHON_VENV/present_weather/lib/python3.10/site-packages/rasterio/gdal_data'.
2023-11-28 09:33:04,160 - rasterio._env - DEBUG - PROJ data found in package: path='/home/metpublic/PYTHON_VENV/present_weather/lib/python3.10/site-packages/rasterio/proj_data'.
2023-11-28 09:33:04,160 - rasterio._env - DEBUG - Started GDALEnv: self=<rasterio._env.GDALEnv object at 0x7f08b686b670>.
2023-11-28 09:33:04,160 - rasterio.env - DEBUG - Entered env context: <rasterio.env.Env object at 0x7f08b6807670>
2023-11-28 09:33:04,160 - rasterio._base - DEBUG - Sharing flag: 0
2023-11-28 09:33:04,344 - rasterio._base - DEBUG - Nodata success: 1, Nodata value: nan
2023-11-28 09:33:04,344 - rasterio._base - DEBUG - Dataset <open DatasetReader name='https://radar.bmkg.go.id/raster/radarsatelit_202311280930.tif' mode='r'> is started.
2023-11-28 09:33:04,344 - rasterio.env - DEBUG - Exiting env context: <rasterio.env.Env object at 0x7f08b6807670>
2023-11-28 09:33:04,344 - rasterio.env - DEBUG - Cleared existing <rasterio._env.GDALEnv object at 0x7f08b686b670> options
2023-11-28 09:33:04,344 - rasterio._env - DEBUG - Stopped GDALEnv <rasterio._env.GDALEnv object at 0x7f08b686b670>.
2023-11-28 09:33:04,344 - rasterio.env - DEBUG - Exiting outermost env
2023-11-28 09:33:04,344 - rasterio.env - DEBUG - Exited env context: <rasterio.env.Env object at 0x7f08b6807670>
2023-11-28 09:33:04,344 - rasterio.env - DEBUG - Entering env context: <rasterio.env.Env object at 0x7f08b46ffd90>
2023-11-28 09:33:04,345 - rasterio.env - DEBUG - Starting outermost env
2023-11-28 09:33:04,345 - rasterio.env - DEBUG - No GDAL environment exists
2023-11-28 09:33:04,345 - rasterio.env - DEBUG - New GDAL environment <rasterio._env.GDALEnv object at 0x7f08b686b670> created
2023-11-28 09:33:04,345 - rasterio._env - DEBUG - GDAL data found in package: path='/home/metpublic/PYTHON_VENV/present_weather/lib/python3.10/site-packages/rasterio/gdal_data'.
2023-11-28 09:33:04,345 - rasterio._env - DEBUG - PROJ data found in package: path='/home/metpublic/PYTHON_VENV/present_weather/lib/python3.10/site-packages/rasterio/proj_data'.
2023-11-28 09:33:04,345 - rasterio._env - DEBUG - Started GDALEnv: self=<rasterio._env.GDALEnv object at 0x7f08b686b670>.
2023-11-28 09:33:04,345 - rasterio.env - DEBUG - Entered env context: <rasterio.env.Env object at 0x7f08b46ffd90>
2023-11-28 09:33:04,346 - rasterio.env - DEBUG - Got a copy of environment <rasterio._env.GDALEnv object at 0x7f08b686b670> options
2023-11-28 09:33:04,346 - rasterio.env - DEBUG - Entering env context: <rasterio.env.Env object at 0x7f08b475d2a0>
2023-11-28 09:33:04,346 - rasterio.env - DEBUG - Got a copy of environment <rasterio._env.GDALEnv object at 0x7f08b686b670> options
2023-11-28 09:33:04,346 - rasterio.env - DEBUG - Entered env context: <rasterio.env.Env object at 0x7f08b475d2a0>
2023-11-28 09:33:04,346 - rasterio._base - DEBUG - Sharing flag: 0
2023-11-28 09:33:04,347 - rasterio._base - DEBUG - Nodata success: 1, Nodata value: nan
2023-11-28 09:33:04,347 - rasterio._base - DEBUG - Dataset <open DatasetReader name='https://radar.bmkg.go.id/raster/radarsatelit_202311280930.tif' mode='r'> is started.
2023-11-28 09:33:04,347 - rasterio.env - DEBUG - Exiting env context: <rasterio.env.Env object at 0x7f08b475d2a0>
2023-11-28 09:33:04,347 - rasterio.env - DEBUG - Cleared existing <rasterio._env.GDALEnv object at 0x7f08b686b670> options
2023-11-28 09:33:04,347 - rasterio._env - DEBUG - Stopped GDALEnv <rasterio._env.GDALEnv object at 0x7f08b686b670>.
2023-11-28 09:33:04,347 - rasterio.env - DEBUG - No GDAL environment exists
2023-11-28 09:33:04,347 - rasterio.env - DEBUG - New GDAL environment <rasterio._env.GDALEnv object at 0x7f08b686b670> created
2023-11-28 09:33:04,348 - rasterio._env - DEBUG - GDAL data found in package: path='/home/metpublic/PYTHON_VENV/present_weather/lib/python3.10/site-packages/rasterio/gdal_data'.
2023-11-28 09:33:04,348 - rasterio._env - DEBUG - PROJ data found in package: path='/home/metpublic/PYTHON_VENV/present_weather/lib/python3.10/site-packages/rasterio/proj_data'.
2023-11-28 09:33:04,348 - rasterio._env - DEBUG - Started GDALEnv: self=<rasterio._env.GDALEnv object at 0x7f08b686b670>.
2023-11-28 09:33:04,348 - rasterio.env - DEBUG - Exited env context: <rasterio.env.Env object at 0x7f08b475d2a0>
2023-11-28 09:33:04,364 - rasterio._io - DEBUG - Output nodata value read from file: nan
2023-11-28 09:33:04,365 - rasterio._io - DEBUG - Output nodata values: [nan]
2023-11-28 09:33:04,365 - rasterio._io - DEBUG - all_valid: False
2023-11-28 09:33:04,365 - rasterio._io - DEBUG - mask_flags: ([<MaskFlags.nodata: 8>],)
2023-11-28 09:33:04,365 - rasterio._io - DEBUG - Jump straight to _read()
2023-11-28 09:33:04,365 - rasterio._io - DEBUG - Window: Window(col_off=0, row_off=0, width=10215, height=3792)
2023-11-28 09:33:04,365 - rasterio._io - DEBUG - IO window xoff=0.0 yoff=0.0 width=10215.0 height=3792.0
2023-11-28 09:33:05,000 - rasterio.env - DEBUG - Exiting env context: <rasterio.env.Env object at 0x7f08b46ffd90>
2023-11-28 09:33:05,001 - rasterio.env - DEBUG - Cleared existing <rasterio._env.GDALEnv object at 0x7f08b686b670> options
2023-11-28 09:33:05,001 - rasterio._env - DEBUG - Stopped GDALEnv <rasterio._env.GDALEnv object at 0x7f08b686b670>.
2023-11-28 09:33:05,001 - rasterio.env - DEBUG - Exiting outermost env
2023-11-28 09:33:05,001 - rasterio.env - DEBUG - Exited env context: <rasterio.env.Env object at 0x7f08b46ffd90>
2023-11-28 09:33:05,003 - urllib3.connectionpool - DEBUG - Starting new HTTPS connection (1): radar.bmkg.go.id:8060
2023-11-28 09:33:05,017 - urllib3.connectionpool - DEBUG - https://radar.bmkg.go.id:8060 "GET /getLatestLD?typeData=1 HTTP/1.1" 200 62
2023-11-28 09:33:07,210 - rasterio.env - DEBUG - Entering env context: <rasterio.env.Env object at 0x7f08b46ffdc0>
2023-11-28 09:33:07,211 - rasterio.env - DEBUG - Starting outermost env
2023-11-28 09:33:07,211 - rasterio.env - DEBUG - No GDAL environment exists
2023-11-28 09:33:07,211 - rasterio.env - DEBUG - New GDAL environment <rasterio._env.GDALEnv object at 0x7f08b46ffd90> created
2023-11-28 09:33:07,211 - rasterio._env - DEBUG - GDAL data found in package: path='/home/metpublic/PYTHON_VENV/present_weather/lib/python3.10/site-packages/rasterio/gdal_data'.
2023-11-28 09:33:07,211 - rasterio._env - DEBUG - PROJ data found in package: path='/home/metpublic/PYTHON_VENV/present_weather/lib/python3.10/site-packages/rasterio/proj_data'.
2023-11-28 09:33:07,211 - rasterio._env - DEBUG - Started GDALEnv: self=<rasterio._env.GDALEnv object at 0x7f08b46ffd90>.
2023-11-28 09:33:07,212 - rasterio.env - DEBUG - Entered env context: <rasterio.env.Env object at 0x7f08b46ffdc0>
2023-11-28 09:33:07,212 - rasterio._base - DEBUG - Sharing flag: 0
2023-11-28 09:33:07,213 - rasterio._base - DEBUG - Nodata success: 0, Nodata value: 0.000000
2023-11-28 09:33:07,213 - rasterio._base - DEBUG - Dataset <open DatasetReader name='/home/metpublic/TASK_RELEASE/EFAN/present_weather/src/H09_B13_Indonesia_20231128.Z0920.cor.tiff' mode='r'> is started.
2023-11-28 09:33:07,213 - rasterio.env - DEBUG - Exiting env context: <rasterio.env.Env object at 0x7f08b46ffdc0>
2023-11-28 09:33:07,213 - rasterio.env - DEBUG - Cleared existing <rasterio._env.GDALEnv object at 0x7f08b46ffd90> options
2023-11-28 09:33:07,213 - rasterio._env - DEBUG - Stopped GDALEnv <rasterio._env.GDALEnv object at 0x7f08b46ffd90>.
2023-11-28 09:33:07,213 - rasterio.env - DEBUG - Exiting outermost env
2023-11-28 09:33:07,213 - rasterio.env - DEBUG - Exited env context: <rasterio.env.Env object at 0x7f08b46ffdc0>
2023-11-28 09:33:07,213 - rasterio.env - DEBUG - Entering env context: <rasterio.env.Env object at 0x7f08b45dc910>
2023-11-28 09:33:07,213 - rasterio.env - DEBUG - Starting outermost env
2023-11-28 09:33:07,213 - rasterio.env - DEBUG - No GDAL environment exists
2023-11-28 09:33:07,213 - rasterio.env - DEBUG - New GDAL environment <rasterio._env.GDALEnv object at 0x7f08b45dcd30> created
2023-11-28 09:33:07,214 - rasterio._env - DEBUG - GDAL data found in package: path='/home/metpublic/PYTHON_VENV/present_weather/lib/python3.10/site-packages/rasterio/gdal_data'.
2023-11-28 09:33:07,214 - rasterio._env - DEBUG - PROJ data found in package: path='/home/metpublic/PYTHON_VENV/present_weather/lib/python3.10/site-packages/rasterio/proj_data'.
2023-11-28 09:33:07,214 - rasterio._env - DEBUG - Started GDALEnv: self=<rasterio._env.GDALEnv object at 0x7f08b45dcd30>.
2023-11-28 09:33:07,214 - rasterio.env - DEBUG - Entered env context: <rasterio.env.Env object at 0x7f08b45dc910>
2023-11-28 09:33:07,214 - rasterio._base - DEBUG - Sharing flag: 0
2023-11-28 09:33:07,215 - rasterio._base - DEBUG - Nodata success: 0, Nodata value: 0.000000
2023-11-28 09:33:07,215 - rasterio._base - DEBUG - Dataset <open DatasetReader name='/home/metpublic/TASK_RELEASE/EFAN/present_weather/src/H09_B13_Indonesia_20231128.Z0920.cor.tiff' mode='r'> is started.
2023-11-28 09:33:07,215 - rasterio.env - DEBUG - Exiting env context: <rasterio.env.Env object at 0x7f08b45dc910>
2023-11-28 09:33:07,215 - rasterio.env - DEBUG - Cleared existing <rasterio._env.GDALEnv object at 0x7f08b45dcd30> options
2023-11-28 09:33:07,215 - rasterio._env - DEBUG - Stopped GDALEnv <rasterio._env.GDALEnv object at 0x7f08b45dcd30>.
2023-11-28 09:33:07,215 - rasterio.env - DEBUG - Exiting outermost env
2023-11-28 09:33:07,215 - rasterio.env - DEBUG - Exited env context: <rasterio.env.Env object at 0x7f08b45dc910>
2023-11-28 09:33:07,224 - root - INFO - Generating present weather using SATELITE data
2023-11-28 09:34:05,556 - root - INFO - Total elapsed time: 0:01:02.934501
