2023-11-17 14:40:03,717 - root - INFO - Initiating present weather
2023-11-17 14:40:03,722 - urllib3.connectionpool - DEBUG - Starting new HTTPS connection (1): radar.bmkg.go.id:8060
2023-11-17 14:40:03,796 - urllib3.connectionpool - DEBUG - https://radar.bmkg.go.id:8060 "GET /getRadarGeotif?token=19387e71e78522ae4172ec0fda640983b8438c9cfa0ca571623cb69d8327&radar=amandemenForecast&type=latest HTTP/1.1" 200 90
2023-11-17 14:40:03,799 - rasterio.env - DEBUG - Entering env context: <rasterio.env.Env object at 0x7fca858a2120>
2023-11-17 14:40:03,801 - rasterio.env - DEBUG - Starting outermost env
2023-11-17 14:40:03,801 - rasterio.env - DEBUG - No GDAL environment exists
2023-11-17 14:40:03,801 - rasterio.env - DEBUG - New GDAL environment <rasterio._env.GDALEnv object at 0x7fca4440e3b0> created
2023-11-17 14:40:03,806 - rasterio._filepath - DEBUG - Installing FilePath filesystem handler plugin...
2023-11-17 14:40:03,806 - rasterio._env - DEBUG - GDAL data found in package: path='/home/swx/miniconda3/envs/present_weather/lib/python3.12/site-packages/rasterio/gdal_data'.
2023-11-17 14:40:03,806 - rasterio._env - DEBUG - PROJ_LIB found in environment.
2023-11-17 14:40:03,806 - rasterio._env - DEBUG - Started GDALEnv: self=<rasterio._env.GDALEnv object at 0x7fca4440e3b0>.
2023-11-17 14:40:03,807 - rasterio.env - DEBUG - Entered env context: <rasterio.env.Env object at 0x7fca858a2120>
2023-11-17 14:40:03,807 - rasterio._base - DEBUG - Sharing flag: 0
2023-11-17 14:40:04,010 - rasterio._base - DEBUG - Nodata success: 1, Nodata value: nan
2023-11-17 14:40:04,011 - rasterio._base - DEBUG - Dataset <open DatasetReader name='https://radar.bmkg.go.id/raster/radarsatelit_202311171430.tif' mode='r'> is started.
2023-11-17 14:40:04,011 - rasterio.env - DEBUG - Exiting env context: <rasterio.env.Env object at 0x7fca858a2120>
2023-11-17 14:40:04,012 - rasterio.env - DEBUG - Cleared existing <rasterio._env.GDALEnv object at 0x7fca4440e3b0> options
2023-11-17 14:40:04,012 - rasterio._env - DEBUG - Stopped GDALEnv <rasterio._env.GDALEnv object at 0x7fca4440e3b0>.
2023-11-17 14:40:04,012 - rasterio.env - DEBUG - Exiting outermost env
2023-11-17 14:40:04,012 - rasterio.env - DEBUG - Exited env context: <rasterio.env.Env object at 0x7fca858a2120>
2023-11-17 14:40:04,012 - rasterio.env - DEBUG - Entering env context: <rasterio.env.Env object at 0x7fca43e8d490>
2023-11-17 14:40:04,012 - rasterio.env - DEBUG - Starting outermost env
2023-11-17 14:40:04,012 - rasterio.env - DEBUG - No GDAL environment exists
2023-11-17 14:40:04,012 - rasterio.env - DEBUG - New GDAL environment <rasterio._env.GDALEnv object at 0x7fca4440e3b0> created
2023-11-17 14:40:04,013 - rasterio._env - DEBUG - GDAL data found in package: path='/home/swx/miniconda3/envs/present_weather/lib/python3.12/site-packages/rasterio/gdal_data'.
2023-11-17 14:40:04,013 - rasterio._env - DEBUG - PROJ_LIB found in environment.
2023-11-17 14:40:04,013 - rasterio._env - DEBUG - Started GDALEnv: self=<rasterio._env.GDALEnv object at 0x7fca4440e3b0>.
2023-11-17 14:40:04,013 - rasterio.env - DEBUG - Entered env context: <rasterio.env.Env object at 0x7fca43e8d490>
2023-11-17 14:40:04,014 - rasterio.env - DEBUG - Got a copy of environment <rasterio._env.GDALEnv object at 0x7fca4440e3b0> options
2023-11-17 14:40:04,014 - rasterio.env - DEBUG - Entering env context: <rasterio.env.Env object at 0x7fca854de270>
2023-11-17 14:40:04,015 - rasterio.env - DEBUG - Got a copy of environment <rasterio._env.GDALEnv object at 0x7fca4440e3b0> options
2023-11-17 14:40:04,015 - rasterio.env - DEBUG - Entered env context: <rasterio.env.Env object at 0x7fca854de270>
2023-11-17 14:40:04,015 - rasterio._base - DEBUG - Sharing flag: 0
2023-11-17 14:40:04,016 - rasterio._base - DEBUG - Nodata success: 1, Nodata value: nan
2023-11-17 14:40:04,016 - rasterio._base - DEBUG - Dataset <open DatasetReader name='https://radar.bmkg.go.id/raster/radarsatelit_202311171430.tif' mode='r'> is started.
2023-11-17 14:40:04,016 - rasterio.env - DEBUG - Exiting env context: <rasterio.env.Env object at 0x7fca854de270>
2023-11-17 14:40:04,016 - rasterio.env - DEBUG - Cleared existing <rasterio._env.GDALEnv object at 0x7fca4440e3b0> options
2023-11-17 14:40:04,016 - rasterio._env - DEBUG - Stopped GDALEnv <rasterio._env.GDALEnv object at 0x7fca4440e3b0>.
2023-11-17 14:40:04,017 - rasterio.env - DEBUG - No GDAL environment exists
2023-11-17 14:40:04,017 - rasterio.env - DEBUG - New GDAL environment <rasterio._env.GDALEnv object at 0x7fca4440e3b0> created
2023-11-17 14:40:04,017 - rasterio._env - DEBUG - GDAL data found in package: path='/home/swx/miniconda3/envs/present_weather/lib/python3.12/site-packages/rasterio/gdal_data'.
2023-11-17 14:40:04,017 - rasterio._env - DEBUG - PROJ_LIB found in environment.
2023-11-17 14:40:04,017 - rasterio._env - DEBUG - Started GDALEnv: self=<rasterio._env.GDALEnv object at 0x7fca4440e3b0>.
2023-11-17 14:40:04,018 - rasterio.env - DEBUG - Exited env context: <rasterio.env.Env object at 0x7fca854de270>
2023-11-17 14:40:04,052 - rasterio._io - DEBUG - Output nodata value read from file: nan
2023-11-17 14:40:04,053 - rasterio._io - DEBUG - Output nodata values: [nan]
2023-11-17 14:40:04,053 - rasterio._io - DEBUG - all_valid: False
2023-11-17 14:40:04,053 - rasterio._io - DEBUG - mask_flags: ([<MaskFlags.nodata: 8>],)
2023-11-17 14:40:04,054 - rasterio._io - DEBUG - Jump straight to _read()
2023-11-17 14:40:04,054 - rasterio._io - DEBUG - Window: Window(col_off=0, row_off=0, width=10215, height=3792)
2023-11-17 14:40:04,054 - rasterio._io - DEBUG - IO window xoff=0.0 yoff=0.0 width=10215.0 height=3792.0
2023-11-17 14:40:04,801 - rasterio.env - DEBUG - Exiting env context: <rasterio.env.Env object at 0x7fca43e8d490>
2023-11-17 14:40:04,801 - rasterio.env - DEBUG - Cleared existing <rasterio._env.GDALEnv object at 0x7fca4440e3b0> options
2023-11-17 14:40:04,802 - rasterio._env - DEBUG - Stopped GDALEnv <rasterio._env.GDALEnv object at 0x7fca4440e3b0>.
2023-11-17 14:40:04,802 - rasterio.env - DEBUG - Exiting outermost env
2023-11-17 14:40:04,802 - rasterio.env - DEBUG - Exited env context: <rasterio.env.Env object at 0x7fca43e8d490>
2023-11-17 14:40:04,804 - urllib3.connectionpool - DEBUG - Starting new HTTPS connection (1): radar.bmkg.go.id:8060
2023-11-17 14:40:04,849 - urllib3.connectionpool - DEBUG - https://radar.bmkg.go.id:8060 "GET /getLatestLD?typeData=1 HTTP/1.1" 200 4596
2023-11-17 14:40:04,859 - asyncio - DEBUG - Using selector: EpollSelector
2023-11-17 14:40:11,582 - root - INFO - dask.bag<lambda, npartitions=34>
2023-11-17 14:55:18,354 - root - INFO - Total elapsed time: 0:15:14.638327
