2023-11-28 13:53:02,636 - root - INFO - Initiating present weather
2023-11-28 13:53:02,638 - asyncio - DEBUG - Using selector: EpollSelector
2023-11-28 13:53:04,137 - urllib3.connectionpool - DEBUG - Starting new HTTPS connection (1): radar.bmkg.go.id:8060
2023-11-28 13:53:04,151 - urllib3.connectionpool - DEBUG - https://radar.bmkg.go.id:8060 "GET /getLatestLD?typeData=1 HTTP/1.1" 200 62
2023-11-28 13:53:04,153 - urllib3.connectionpool - DEBUG - Starting new HTTPS connection (1): radar.bmkg.go.id:8060
2023-11-28 13:53:04,174 - urllib3.connectionpool - DEBUG - https://radar.bmkg.go.id:8060 "GET /getRadarGeotif?token=19387e71e78522ae4172ec0fda640983b8438c9cfa0ca571623cb69d8327&radar=amandemenForecast&type=latest HTTP/1.1" 200 90
2023-11-28 13:53:04,175 - rasterio.env - DEBUG - Entering env context: <rasterio.env.Env object at 0x7fcf8781c520>
2023-11-28 13:53:04,175 - rasterio.env - DEBUG - Starting outermost env
2023-11-28 13:53:04,175 - rasterio.env - DEBUG - No GDAL environment exists
2023-11-28 13:53:04,175 - rasterio.env - DEBUG - New GDAL environment <rasterio._env.GDALEnv object at 0x7fcf8781e6e0> created
2023-11-28 13:53:04,178 - rasterio._filepath - DEBUG - Installing FilePath filesystem handler plugin...
2023-11-28 13:53:04,178 - rasterio._env - DEBUG - GDAL data found in package: path='/home/metpublic/PYTHON_VENV/present_weather/lib/python3.10/site-packages/rasterio/gdal_data'.
2023-11-28 13:53:04,178 - rasterio._env - DEBUG - PROJ data found in package: path='/home/metpublic/PYTHON_VENV/present_weather/lib/python3.10/site-packages/rasterio/proj_data'.
2023-11-28 13:53:04,178 - rasterio._env - DEBUG - Started GDALEnv: self=<rasterio._env.GDALEnv object at 0x7fcf8781e6e0>.
2023-11-28 13:53:04,178 - rasterio.env - DEBUG - Entered env context: <rasterio.env.Env object at 0x7fcf8781c520>
2023-11-28 13:53:04,178 - rasterio._base - DEBUG - Sharing flag: 0
2023-11-28 13:53:04,358 - rasterio._base - DEBUG - Nodata success: 1, Nodata value: nan
2023-11-28 13:53:04,358 - rasterio._base - DEBUG - Dataset <open DatasetReader name='https://radar.bmkg.go.id/raster/radarsatelit_202311281350.tif' mode='r'> is started.
2023-11-28 13:53:04,358 - rasterio.env - DEBUG - Exiting env context: <rasterio.env.Env object at 0x7fcf8781c520>
2023-11-28 13:53:04,358 - rasterio.env - DEBUG - Cleared existing <rasterio._env.GDALEnv object at 0x7fcf8781e6e0> options
2023-11-28 13:53:04,358 - rasterio._env - DEBUG - Stopped GDALEnv <rasterio._env.GDALEnv object at 0x7fcf8781e6e0>.
2023-11-28 13:53:04,358 - rasterio.env - DEBUG - Exiting outermost env
2023-11-28 13:53:04,359 - rasterio.env - DEBUG - Exited env context: <rasterio.env.Env object at 0x7fcf8781c520>
2023-11-28 13:53:04,359 - rasterio.env - DEBUG - Entering env context: <rasterio.env.Env object at 0x7fcf86e67e20>
2023-11-28 13:53:04,359 - rasterio.env - DEBUG - Starting outermost env
2023-11-28 13:53:04,359 - rasterio.env - DEBUG - No GDAL environment exists
2023-11-28 13:53:04,359 - rasterio.env - DEBUG - New GDAL environment <rasterio._env.GDALEnv object at 0x7fcf8781e6e0> created
2023-11-28 13:53:04,359 - rasterio._env - DEBUG - GDAL data found in package: path='/home/metpublic/PYTHON_VENV/present_weather/lib/python3.10/site-packages/rasterio/gdal_data'.
2023-11-28 13:53:04,359 - rasterio._env - DEBUG - PROJ data found in package: path='/home/metpublic/PYTHON_VENV/present_weather/lib/python3.10/site-packages/rasterio/proj_data'.
2023-11-28 13:53:04,359 - rasterio._env - DEBUG - Started GDALEnv: self=<rasterio._env.GDALEnv object at 0x7fcf8781e6e0>.
2023-11-28 13:53:04,359 - rasterio.env - DEBUG - Entered env context: <rasterio.env.Env object at 0x7fcf86e67e20>
2023-11-28 13:53:04,360 - rasterio.env - DEBUG - Got a copy of environment <rasterio._env.GDALEnv object at 0x7fcf8781e6e0> options
2023-11-28 13:53:04,360 - rasterio.env - DEBUG - Entering env context: <rasterio.env.Env object at 0x7fcf86ee4190>
2023-11-28 13:53:04,360 - rasterio.env - DEBUG - Got a copy of environment <rasterio._env.GDALEnv object at 0x7fcf8781e6e0> options
2023-11-28 13:53:04,360 - rasterio.env - DEBUG - Entered env context: <rasterio.env.Env object at 0x7fcf86ee4190>
2023-11-28 13:53:04,360 - rasterio._base - DEBUG - Sharing flag: 0
2023-11-28 13:53:04,362 - rasterio._base - DEBUG - Nodata success: 1, Nodata value: nan
2023-11-28 13:53:04,362 - rasterio._base - DEBUG - Dataset <open DatasetReader name='https://radar.bmkg.go.id/raster/radarsatelit_202311281350.tif' mode='r'> is started.
2023-11-28 13:53:04,362 - rasterio.env - DEBUG - Exiting env context: <rasterio.env.Env object at 0x7fcf86ee4190>
2023-11-28 13:53:04,362 - rasterio.env - DEBUG - Cleared existing <rasterio._env.GDALEnv object at 0x7fcf8781e6e0> options
2023-11-28 13:53:04,362 - rasterio._env - DEBUG - Stopped GDALEnv <rasterio._env.GDALEnv object at 0x7fcf8781e6e0>.
2023-11-28 13:53:04,363 - rasterio.env - DEBUG - No GDAL environment exists
2023-11-28 13:53:04,363 - rasterio.env - DEBUG - New GDAL environment <rasterio._env.GDALEnv object at 0x7fcf8781e6e0> created
2023-11-28 13:53:04,363 - rasterio._env - DEBUG - GDAL data found in package: path='/home/metpublic/PYTHON_VENV/present_weather/lib/python3.10/site-packages/rasterio/gdal_data'.
2023-11-28 13:53:04,363 - rasterio._env - DEBUG - PROJ data found in package: path='/home/metpublic/PYTHON_VENV/present_weather/lib/python3.10/site-packages/rasterio/proj_data'.
2023-11-28 13:53:04,363 - rasterio._env - DEBUG - Started GDALEnv: self=<rasterio._env.GDALEnv object at 0x7fcf8781e6e0>.
2023-11-28 13:53:04,363 - rasterio.env - DEBUG - Exited env context: <rasterio.env.Env object at 0x7fcf86ee4190>
2023-11-28 13:53:04,382 - rasterio._io - DEBUG - Output nodata value read from file: nan
2023-11-28 13:53:04,382 - rasterio._io - DEBUG - Output nodata values: [nan]
2023-11-28 13:53:04,382 - rasterio._io - DEBUG - all_valid: False
2023-11-28 13:53:04,382 - rasterio._io - DEBUG - mask_flags: ([<MaskFlags.nodata: 8>],)
2023-11-28 13:53:04,382 - rasterio._io - DEBUG - Jump straight to _read()
2023-11-28 13:53:04,383 - rasterio._io - DEBUG - Window: Window(col_off=0, row_off=0, width=10177, height=3732)
2023-11-28 13:53:04,383 - rasterio._io - DEBUG - IO window xoff=0.0 yoff=0.0 width=10177.0 height=3732.0
2023-11-28 13:53:04,978 - rasterio.env - DEBUG - Exiting env context: <rasterio.env.Env object at 0x7fcf86e67e20>
2023-11-28 13:53:04,978 - rasterio.env - DEBUG - Cleared existing <rasterio._env.GDALEnv object at 0x7fcf8781e6e0> options
2023-11-28 13:53:04,978 - rasterio._env - DEBUG - Stopped GDALEnv <rasterio._env.GDALEnv object at 0x7fcf8781e6e0>.
2023-11-28 13:53:04,978 - rasterio.env - DEBUG - Exiting outermost env
2023-11-28 13:53:04,978 - rasterio.env - DEBUG - Exited env context: <rasterio.env.Env object at 0x7fcf86e67e20>
2023-11-28 13:57:37,781 - rasterio.env - DEBUG - Entering env context: <rasterio.env.Env object at 0x7fcf8432f0d0>
2023-11-28 13:57:37,782 - rasterio.env - DEBUG - Starting outermost env
2023-11-28 13:57:37,782 - rasterio.env - DEBUG - No GDAL environment exists
2023-11-28 13:57:37,782 - rasterio.env - DEBUG - New GDAL environment <rasterio._env.GDALEnv object at 0x7fcf86ee7520> created
2023-11-28 13:57:37,782 - rasterio._env - DEBUG - GDAL data found in package: path='/home/metpublic/PYTHON_VENV/present_weather/lib/python3.10/site-packages/rasterio/gdal_data'.
2023-11-28 13:57:37,783 - rasterio._env - DEBUG - PROJ data found in package: path='/home/metpublic/PYTHON_VENV/present_weather/lib/python3.10/site-packages/rasterio/proj_data'.
2023-11-28 13:57:37,783 - rasterio._env - DEBUG - Started GDALEnv: self=<rasterio._env.GDALEnv object at 0x7fcf86ee7520>.
2023-11-28 13:57:37,783 - rasterio.env - DEBUG - Entered env context: <rasterio.env.Env object at 0x7fcf8432f0d0>
2023-11-28 13:57:37,783 - rasterio._base - DEBUG - Sharing flag: 0
2023-11-28 13:57:37,784 - rasterio._base - DEBUG - Nodata success: 0, Nodata value: 0.000000
2023-11-28 13:57:37,784 - rasterio._base - DEBUG - Dataset <open DatasetReader name='/home/metpublic/TASK_RELEASE/EFAN/present_weather/src/H09_B13_Indonesia_20231128.Z1340.cor.tiff' mode='r'> is started.
2023-11-28 13:57:37,784 - rasterio.env - DEBUG - Exiting env context: <rasterio.env.Env object at 0x7fcf8432f0d0>
2023-11-28 13:57:37,784 - rasterio.env - DEBUG - Cleared existing <rasterio._env.GDALEnv object at 0x7fcf86ee7520> options
2023-11-28 13:57:37,785 - rasterio._env - DEBUG - Stopped GDALEnv <rasterio._env.GDALEnv object at 0x7fcf86ee7520>.
2023-11-28 13:57:37,785 - rasterio.env - DEBUG - Exiting outermost env
2023-11-28 13:57:37,785 - rasterio.env - DEBUG - Exited env context: <rasterio.env.Env object at 0x7fcf8432f0d0>
2023-11-28 13:57:37,785 - rasterio.env - DEBUG - Entering env context: <rasterio.env.Env object at 0x7fcf843bbfd0>
2023-11-28 13:57:37,785 - rasterio.env - DEBUG - Starting outermost env
2023-11-28 13:57:37,785 - rasterio.env - DEBUG - No GDAL environment exists
2023-11-28 13:57:37,785 - rasterio.env - DEBUG - New GDAL environment <rasterio._env.GDALEnv object at 0x7fcf843bac50> created
2023-11-28 13:57:37,786 - rasterio._env - DEBUG - GDAL data found in package: path='/home/metpublic/PYTHON_VENV/present_weather/lib/python3.10/site-packages/rasterio/gdal_data'.
2023-11-28 13:57:37,786 - rasterio._env - DEBUG - PROJ data found in package: path='/home/metpublic/PYTHON_VENV/present_weather/lib/python3.10/site-packages/rasterio/proj_data'.
2023-11-28 13:57:37,786 - rasterio._env - DEBUG - Started GDALEnv: self=<rasterio._env.GDALEnv object at 0x7fcf843bac50>.
2023-11-28 13:57:37,786 - rasterio.env - DEBUG - Entered env context: <rasterio.env.Env object at 0x7fcf843bbfd0>
2023-11-28 13:57:37,786 - rasterio._base - DEBUG - Sharing flag: 0
2023-11-28 13:57:37,787 - rasterio._base - DEBUG - Nodata success: 0, Nodata value: 0.000000
2023-11-28 13:57:37,787 - rasterio._base - DEBUG - Dataset <open DatasetReader name='/home/metpublic/TASK_RELEASE/EFAN/present_weather/src/H09_B13_Indonesia_20231128.Z1340.cor.tiff' mode='r'> is started.
2023-11-28 13:57:37,787 - rasterio.env - DEBUG - Exiting env context: <rasterio.env.Env object at 0x7fcf843bbfd0>
2023-11-28 13:57:37,787 - rasterio.env - DEBUG - Cleared existing <rasterio._env.GDALEnv object at 0x7fcf843bac50> options
2023-11-28 13:57:37,787 - rasterio._env - DEBUG - Stopped GDALEnv <rasterio._env.GDALEnv object at 0x7fcf843bac50>.
2023-11-28 13:57:37,787 - rasterio.env - DEBUG - Exiting outermost env
2023-11-28 13:57:37,787 - rasterio.env - DEBUG - Exited env context: <rasterio.env.Env object at 0x7fcf843bbfd0>
2023-11-28 13:57:37,797 - root - INFO - Generating present weather using SATELITE data
2023-11-28 13:59:04,337 - root - INFO - Total elapsed time: 0:06:01.700807
