2023-11-28 03:03:02,169 - root - INFO - Initiating present weather
2023-11-28 03:03:02,171 - asyncio - DEBUG - Using selector: EpollSelector
2023-11-28 03:03:03,609 - urllib3.connectionpool - DEBUG - Starting new HTTPS connection (1): radar.bmkg.go.id:8060
2023-11-28 03:03:03,625 - urllib3.connectionpool - DEBUG - https://radar.bmkg.go.id:8060 "GET /getRadarGeotif?token=19387e71e78522ae4172ec0fda640983b8438c9cfa0ca571623cb69d8327&radar=amandemenForecast&type=latest HTTP/1.1" 200 90
2023-11-28 03:03:03,626 - rasterio.env - DEBUG - Entering env context: <rasterio.env.Env object at 0x7f5a27f5b760>
2023-11-28 03:03:03,627 - rasterio.env - DEBUG - Starting outermost env
2023-11-28 03:03:03,627 - rasterio.env - DEBUG - No GDAL environment exists
2023-11-28 03:03:03,627 - rasterio.env - DEBUG - New GDAL environment <rasterio._env.GDALEnv object at 0x7f5a27f5b640> created
2023-11-28 03:03:03,630 - rasterio._filepath - DEBUG - Installing FilePath filesystem handler plugin...
2023-11-28 03:03:03,630 - rasterio._env - DEBUG - GDAL data found in package: path='/home/metpublic/PYTHON_VENV/present_weather/lib/python3.10/site-packages/rasterio/gdal_data'.
2023-11-28 03:03:03,630 - rasterio._env - DEBUG - PROJ data found in package: path='/home/metpublic/PYTHON_VENV/present_weather/lib/python3.10/site-packages/rasterio/proj_data'.
2023-11-28 03:03:03,630 - rasterio._env - DEBUG - Started GDALEnv: self=<rasterio._env.GDALEnv object at 0x7f5a27f5b640>.
2023-11-28 03:03:03,630 - rasterio.env - DEBUG - Entered env context: <rasterio.env.Env object at 0x7f5a27f5b760>
2023-11-28 03:03:03,630 - rasterio._base - DEBUG - Sharing flag: 0
2023-11-28 03:03:03,809 - rasterio._base - DEBUG - Nodata success: 1, Nodata value: nan
2023-11-28 03:03:03,810 - rasterio._base - DEBUG - Dataset <open DatasetReader name='https://radar.bmkg.go.id/raster/radarsatelit_202311280300.tif' mode='r'> is started.
2023-11-28 03:03:03,810 - rasterio.env - DEBUG - Exiting env context: <rasterio.env.Env object at 0x7f5a27f5b760>
2023-11-28 03:03:03,810 - rasterio.env - DEBUG - Cleared existing <rasterio._env.GDALEnv object at 0x7f5a27f5b640> options
2023-11-28 03:03:03,810 - rasterio._env - DEBUG - Stopped GDALEnv <rasterio._env.GDALEnv object at 0x7f5a27f5b640>.
2023-11-28 03:03:03,810 - rasterio.env - DEBUG - Exiting outermost env
2023-11-28 03:03:03,810 - rasterio.env - DEBUG - Exited env context: <rasterio.env.Env object at 0x7f5a27f5b760>
2023-11-28 03:03:03,810 - rasterio.env - DEBUG - Entering env context: <rasterio.env.Env object at 0x7f5a2c977a30>
2023-11-28 03:03:03,810 - rasterio.env - DEBUG - Starting outermost env
2023-11-28 03:03:03,810 - rasterio.env - DEBUG - No GDAL environment exists
2023-11-28 03:03:03,810 - rasterio.env - DEBUG - New GDAL environment <rasterio._env.GDALEnv object at 0x7f5a27f5b640> created
2023-11-28 03:03:03,811 - rasterio._env - DEBUG - GDAL data found in package: path='/home/metpublic/PYTHON_VENV/present_weather/lib/python3.10/site-packages/rasterio/gdal_data'.
2023-11-28 03:03:03,811 - rasterio._env - DEBUG - PROJ data found in package: path='/home/metpublic/PYTHON_VENV/present_weather/lib/python3.10/site-packages/rasterio/proj_data'.
2023-11-28 03:03:03,811 - rasterio._env - DEBUG - Started GDALEnv: self=<rasterio._env.GDALEnv object at 0x7f5a27f5b640>.
2023-11-28 03:03:03,811 - rasterio.env - DEBUG - Entered env context: <rasterio.env.Env object at 0x7f5a2c977a30>
2023-11-28 03:03:03,812 - rasterio.env - DEBUG - Got a copy of environment <rasterio._env.GDALEnv object at 0x7f5a27f5b640> options
2023-11-28 03:03:03,812 - rasterio.env - DEBUG - Entering env context: <rasterio.env.Env object at 0x7f5a24641240>
2023-11-28 03:03:03,812 - rasterio.env - DEBUG - Got a copy of environment <rasterio._env.GDALEnv object at 0x7f5a27f5b640> options
2023-11-28 03:03:03,812 - rasterio.env - DEBUG - Entered env context: <rasterio.env.Env object at 0x7f5a24641240>
2023-11-28 03:03:03,812 - rasterio._base - DEBUG - Sharing flag: 0
2023-11-28 03:03:03,813 - rasterio._base - DEBUG - Nodata success: 1, Nodata value: nan
2023-11-28 03:03:03,813 - rasterio._base - DEBUG - Dataset <open DatasetReader name='https://radar.bmkg.go.id/raster/radarsatelit_202311280300.tif' mode='r'> is started.
2023-11-28 03:03:03,813 - rasterio.env - DEBUG - Exiting env context: <rasterio.env.Env object at 0x7f5a24641240>
2023-11-28 03:03:03,813 - rasterio.env - DEBUG - Cleared existing <rasterio._env.GDALEnv object at 0x7f5a27f5b640> options
2023-11-28 03:03:03,813 - rasterio._env - DEBUG - Stopped GDALEnv <rasterio._env.GDALEnv object at 0x7f5a27f5b640>.
2023-11-28 03:03:03,813 - rasterio.env - DEBUG - No GDAL environment exists
2023-11-28 03:03:03,813 - rasterio.env - DEBUG - New GDAL environment <rasterio._env.GDALEnv object at 0x7f5a27f5b640> created
2023-11-28 03:03:03,814 - rasterio._env - DEBUG - GDAL data found in package: path='/home/metpublic/PYTHON_VENV/present_weather/lib/python3.10/site-packages/rasterio/gdal_data'.
2023-11-28 03:03:03,814 - rasterio._env - DEBUG - PROJ data found in package: path='/home/metpublic/PYTHON_VENV/present_weather/lib/python3.10/site-packages/rasterio/proj_data'.
2023-11-28 03:03:03,814 - rasterio._env - DEBUG - Started GDALEnv: self=<rasterio._env.GDALEnv object at 0x7f5a27f5b640>.
2023-11-28 03:03:03,814 - rasterio.env - DEBUG - Exited env context: <rasterio.env.Env object at 0x7f5a24641240>
2023-11-28 03:03:03,829 - rasterio._io - DEBUG - Output nodata value read from file: nan
2023-11-28 03:03:03,830 - rasterio._io - DEBUG - Output nodata values: [nan]
2023-11-28 03:03:03,830 - rasterio._io - DEBUG - all_valid: False
2023-11-28 03:03:03,830 - rasterio._io - DEBUG - mask_flags: ([<MaskFlags.nodata: 8>],)
2023-11-28 03:03:03,830 - rasterio._io - DEBUG - Jump straight to _read()
2023-11-28 03:03:03,831 - rasterio._io - DEBUG - Window: Window(col_off=0, row_off=0, width=10215, height=3792)
2023-11-28 03:03:03,831 - rasterio._io - DEBUG - IO window xoff=0.0 yoff=0.0 width=10215.0 height=3792.0
2023-11-28 03:03:04,358 - rasterio.env - DEBUG - Exiting env context: <rasterio.env.Env object at 0x7f5a2c977a30>
2023-11-28 03:03:04,358 - rasterio.env - DEBUG - Cleared existing <rasterio._env.GDALEnv object at 0x7f5a27f5b640> options
2023-11-28 03:03:04,358 - rasterio._env - DEBUG - Stopped GDALEnv <rasterio._env.GDALEnv object at 0x7f5a27f5b640>.
2023-11-28 03:03:04,358 - rasterio.env - DEBUG - Exiting outermost env
2023-11-28 03:03:04,358 - rasterio.env - DEBUG - Exited env context: <rasterio.env.Env object at 0x7f5a2c977a30>
2023-11-28 03:03:04,360 - urllib3.connectionpool - DEBUG - Starting new HTTPS connection (1): radar.bmkg.go.id:8060
2023-11-28 03:03:04,371 - urllib3.connectionpool - DEBUG - https://radar.bmkg.go.id:8060 "GET /getLatestLD?typeData=1 HTTP/1.1" 200 62
2023-11-28 03:03:05,920 - rasterio.env - DEBUG - Entering env context: <rasterio.env.Env object at 0x7f5a2c941c00>
2023-11-28 03:03:05,921 - rasterio.env - DEBUG - Starting outermost env
2023-11-28 03:03:05,921 - rasterio.env - DEBUG - No GDAL environment exists
2023-11-28 03:03:05,921 - rasterio.env - DEBUG - New GDAL environment <rasterio._env.GDALEnv object at 0x7f5a2c941c30> created
2023-11-28 03:03:05,921 - rasterio._env - DEBUG - GDAL data found in package: path='/home/metpublic/PYTHON_VENV/present_weather/lib/python3.10/site-packages/rasterio/gdal_data'.
2023-11-28 03:03:05,921 - rasterio._env - DEBUG - PROJ data found in package: path='/home/metpublic/PYTHON_VENV/present_weather/lib/python3.10/site-packages/rasterio/proj_data'.
2023-11-28 03:03:05,922 - rasterio._env - DEBUG - Started GDALEnv: self=<rasterio._env.GDALEnv object at 0x7f5a2c941c30>.
2023-11-28 03:03:05,922 - rasterio.env - DEBUG - Entered env context: <rasterio.env.Env object at 0x7f5a2c941c00>
2023-11-28 03:03:05,922 - rasterio._base - DEBUG - Sharing flag: 0
2023-11-28 03:03:05,923 - rasterio._base - DEBUG - Nodata success: 0, Nodata value: 0.000000
2023-11-28 03:03:05,923 - rasterio._base - DEBUG - Dataset <open DatasetReader name='/home/metpublic/TASK_RELEASE/EFAN/present_weather/src/H09_B13_Indonesia_20231128.Z0240.cor.tiff' mode='r'> is started.
2023-11-28 03:03:05,923 - rasterio.env - DEBUG - Exiting env context: <rasterio.env.Env object at 0x7f5a2c941c00>
2023-11-28 03:03:05,923 - rasterio.env - DEBUG - Cleared existing <rasterio._env.GDALEnv object at 0x7f5a2c941c30> options
2023-11-28 03:03:05,923 - rasterio._env - DEBUG - Stopped GDALEnv <rasterio._env.GDALEnv object at 0x7f5a2c941c30>.
2023-11-28 03:03:05,923 - rasterio.env - DEBUG - Exiting outermost env
2023-11-28 03:03:05,923 - rasterio.env - DEBUG - Exited env context: <rasterio.env.Env object at 0x7f5a2c941c00>
2023-11-28 03:03:05,923 - rasterio.env - DEBUG - Entering env context: <rasterio.env.Env object at 0x7f5a24641000>
2023-11-28 03:03:05,923 - rasterio.env - DEBUG - Starting outermost env
2023-11-28 03:03:05,923 - rasterio.env - DEBUG - No GDAL environment exists
2023-11-28 03:03:05,923 - rasterio.env - DEBUG - New GDAL environment <rasterio._env.GDALEnv object at 0x7f5a24640f40> created
2023-11-28 03:03:05,924 - rasterio._env - DEBUG - GDAL data found in package: path='/home/metpublic/PYTHON_VENV/present_weather/lib/python3.10/site-packages/rasterio/gdal_data'.
2023-11-28 03:03:05,924 - rasterio._env - DEBUG - PROJ data found in package: path='/home/metpublic/PYTHON_VENV/present_weather/lib/python3.10/site-packages/rasterio/proj_data'.
2023-11-28 03:03:05,924 - rasterio._env - DEBUG - Started GDALEnv: self=<rasterio._env.GDALEnv object at 0x7f5a24640f40>.
2023-11-28 03:03:05,924 - rasterio.env - DEBUG - Entered env context: <rasterio.env.Env object at 0x7f5a24641000>
2023-11-28 03:03:05,924 - rasterio._base - DEBUG - Sharing flag: 0
2023-11-28 03:03:05,925 - rasterio._base - DEBUG - Nodata success: 0, Nodata value: 0.000000
2023-11-28 03:03:05,925 - rasterio._base - DEBUG - Dataset <open DatasetReader name='/home/metpublic/TASK_RELEASE/EFAN/present_weather/src/H09_B13_Indonesia_20231128.Z0240.cor.tiff' mode='r'> is started.
2023-11-28 03:03:05,925 - rasterio.env - DEBUG - Exiting env context: <rasterio.env.Env object at 0x7f5a24641000>
2023-11-28 03:03:05,925 - rasterio.env - DEBUG - Cleared existing <rasterio._env.GDALEnv object at 0x7f5a24640f40> options
2023-11-28 03:03:05,925 - rasterio._env - DEBUG - Stopped GDALEnv <rasterio._env.GDALEnv object at 0x7f5a24640f40>.
2023-11-28 03:03:05,925 - rasterio.env - DEBUG - Exiting outermost env
2023-11-28 03:03:05,925 - rasterio.env - DEBUG - Exited env context: <rasterio.env.Env object at 0x7f5a24641000>
2023-11-28 03:03:05,933 - root - INFO - Generating present weather using SATELITE data
2023-11-28 03:04:01,799 - root - INFO - Total elapsed time: 0:00:59.630198
