2023-11-28 03:23:02,955 - root - INFO - Initiating present weather
2023-11-28 03:23:02,957 - asyncio - DEBUG - Using selector: EpollSelector
2023-11-28 03:23:04,497 - urllib3.connectionpool - DEBUG - Starting new HTTPS connection (1): radar.bmkg.go.id:8060
2023-11-28 03:23:04,524 - urllib3.connectionpool - DEBUG - https://radar.bmkg.go.id:8060 "GET /getRadarGeotif?token=19387e71e78522ae4172ec0fda640983b8438c9cfa0ca571623cb69d8327&radar=amandemenForecast&type=latest HTTP/1.1" 200 90
2023-11-28 03:23:04,526 - rasterio.env - DEBUG - Entering env context: <rasterio.env.Env object at 0x7fe32367dc90>
2023-11-28 03:23:04,527 - rasterio.env - DEBUG - Starting outermost env
2023-11-28 03:23:04,527 - rasterio.env - DEBUG - No GDAL environment exists
2023-11-28 03:23:04,527 - rasterio.env - DEBUG - New GDAL environment <rasterio._env.GDALEnv object at 0x7fe32367de40> created
2023-11-28 03:23:04,530 - rasterio._filepath - DEBUG - Installing FilePath filesystem handler plugin...
2023-11-28 03:23:04,530 - rasterio._env - DEBUG - GDAL data found in package: path='/home/metpublic/PYTHON_VENV/present_weather/lib/python3.10/site-packages/rasterio/gdal_data'.
2023-11-28 03:23:04,530 - rasterio._env - DEBUG - PROJ data found in package: path='/home/metpublic/PYTHON_VENV/present_weather/lib/python3.10/site-packages/rasterio/proj_data'.
2023-11-28 03:23:04,531 - rasterio._env - DEBUG - Started GDALEnv: self=<rasterio._env.GDALEnv object at 0x7fe32367de40>.
2023-11-28 03:23:04,531 - rasterio.env - DEBUG - Entered env context: <rasterio.env.Env object at 0x7fe32367dc90>
2023-11-28 03:23:04,531 - rasterio._base - DEBUG - Sharing flag: 0
2023-11-28 03:23:04,711 - rasterio._base - DEBUG - Nodata success: 1, Nodata value: nan
2023-11-28 03:23:04,712 - rasterio._base - DEBUG - Dataset <open DatasetReader name='https://radar.bmkg.go.id/raster/radarsatelit_202311280320.tif' mode='r'> is started.
2023-11-28 03:23:04,712 - rasterio.env - DEBUG - Exiting env context: <rasterio.env.Env object at 0x7fe32367dc90>
2023-11-28 03:23:04,712 - rasterio.env - DEBUG - Cleared existing <rasterio._env.GDALEnv object at 0x7fe32367de40> options
2023-11-28 03:23:04,712 - rasterio._env - DEBUG - Stopped GDALEnv <rasterio._env.GDALEnv object at 0x7fe32367de40>.
2023-11-28 03:23:04,712 - rasterio.env - DEBUG - Exiting outermost env
2023-11-28 03:23:04,712 - rasterio.env - DEBUG - Exited env context: <rasterio.env.Env object at 0x7fe32367dc90>
2023-11-28 03:23:04,713 - rasterio.env - DEBUG - Entering env context: <rasterio.env.Env object at 0x7fe3236b36a0>
2023-11-28 03:23:04,713 - rasterio.env - DEBUG - Starting outermost env
2023-11-28 03:23:04,713 - rasterio.env - DEBUG - No GDAL environment exists
2023-11-28 03:23:04,713 - rasterio.env - DEBUG - New GDAL environment <rasterio._env.GDALEnv object at 0x7fe32367dab0> created
2023-11-28 03:23:04,713 - rasterio._env - DEBUG - GDAL data found in package: path='/home/metpublic/PYTHON_VENV/present_weather/lib/python3.10/site-packages/rasterio/gdal_data'.
2023-11-28 03:23:04,713 - rasterio._env - DEBUG - PROJ data found in package: path='/home/metpublic/PYTHON_VENV/present_weather/lib/python3.10/site-packages/rasterio/proj_data'.
2023-11-28 03:23:04,713 - rasterio._env - DEBUG - Started GDALEnv: self=<rasterio._env.GDALEnv object at 0x7fe32367dab0>.
2023-11-28 03:23:04,713 - rasterio.env - DEBUG - Entered env context: <rasterio.env.Env object at 0x7fe3236b36a0>
2023-11-28 03:23:04,714 - rasterio.env - DEBUG - Got a copy of environment <rasterio._env.GDALEnv object at 0x7fe32367dab0> options
2023-11-28 03:23:04,714 - rasterio.env - DEBUG - Entering env context: <rasterio.env.Env object at 0x7fe3203f4a60>
2023-11-28 03:23:04,714 - rasterio.env - DEBUG - Got a copy of environment <rasterio._env.GDALEnv object at 0x7fe32367dab0> options
2023-11-28 03:23:04,714 - rasterio.env - DEBUG - Entered env context: <rasterio.env.Env object at 0x7fe3203f4a60>
2023-11-28 03:23:04,714 - rasterio._base - DEBUG - Sharing flag: 0
2023-11-28 03:23:04,716 - rasterio._base - DEBUG - Nodata success: 1, Nodata value: nan
2023-11-28 03:23:04,716 - rasterio._base - DEBUG - Dataset <open DatasetReader name='https://radar.bmkg.go.id/raster/radarsatelit_202311280320.tif' mode='r'> is started.
2023-11-28 03:23:04,716 - rasterio.env - DEBUG - Exiting env context: <rasterio.env.Env object at 0x7fe3203f4a60>
2023-11-28 03:23:04,716 - rasterio.env - DEBUG - Cleared existing <rasterio._env.GDALEnv object at 0x7fe32367dab0> options
2023-11-28 03:23:04,716 - rasterio._env - DEBUG - Stopped GDALEnv <rasterio._env.GDALEnv object at 0x7fe32367dab0>.
2023-11-28 03:23:04,716 - rasterio.env - DEBUG - No GDAL environment exists
2023-11-28 03:23:04,716 - rasterio.env - DEBUG - New GDAL environment <rasterio._env.GDALEnv object at 0x7fe32367dab0> created
2023-11-28 03:23:04,716 - rasterio._env - DEBUG - GDAL data found in package: path='/home/metpublic/PYTHON_VENV/present_weather/lib/python3.10/site-packages/rasterio/gdal_data'.
2023-11-28 03:23:04,717 - rasterio._env - DEBUG - PROJ data found in package: path='/home/metpublic/PYTHON_VENV/present_weather/lib/python3.10/site-packages/rasterio/proj_data'.
2023-11-28 03:23:04,717 - rasterio._env - DEBUG - Started GDALEnv: self=<rasterio._env.GDALEnv object at 0x7fe32367dab0>.
2023-11-28 03:23:04,717 - rasterio.env - DEBUG - Exited env context: <rasterio.env.Env object at 0x7fe3203f4a60>
2023-11-28 03:23:04,734 - rasterio._io - DEBUG - Output nodata value read from file: nan
2023-11-28 03:23:04,734 - rasterio._io - DEBUG - Output nodata values: [nan]
2023-11-28 03:23:04,734 - rasterio._io - DEBUG - all_valid: False
2023-11-28 03:23:04,734 - rasterio._io - DEBUG - mask_flags: ([<MaskFlags.nodata: 8>],)
2023-11-28 03:23:04,735 - rasterio._io - DEBUG - Jump straight to _read()
2023-11-28 03:23:04,735 - rasterio._io - DEBUG - Window: Window(col_off=0, row_off=0, width=10215, height=3792)
2023-11-28 03:23:04,735 - rasterio._io - DEBUG - IO window xoff=0.0 yoff=0.0 width=10215.0 height=3792.0
2023-11-28 03:23:05,258 - rasterio.env - DEBUG - Exiting env context: <rasterio.env.Env object at 0x7fe3236b36a0>
2023-11-28 03:23:05,258 - rasterio.env - DEBUG - Cleared existing <rasterio._env.GDALEnv object at 0x7fe32367dab0> options
2023-11-28 03:23:05,258 - rasterio._env - DEBUG - Stopped GDALEnv <rasterio._env.GDALEnv object at 0x7fe32367dab0>.
2023-11-28 03:23:05,259 - rasterio.env - DEBUG - Exiting outermost env
2023-11-28 03:23:05,259 - rasterio.env - DEBUG - Exited env context: <rasterio.env.Env object at 0x7fe3236b36a0>
2023-11-28 03:23:05,260 - urllib3.connectionpool - DEBUG - Starting new HTTPS connection (1): radar.bmkg.go.id:8060
2023-11-28 03:23:05,275 - urllib3.connectionpool - DEBUG - https://radar.bmkg.go.id:8060 "GET /getLatestLD?typeData=1 HTTP/1.1" 200 62
2023-11-28 03:23:06,905 - rasterio.env - DEBUG - Entering env context: <rasterio.env.Env object at 0x7fe3236b36a0>
2023-11-28 03:23:06,905 - rasterio.env - DEBUG - Starting outermost env
2023-11-28 03:23:06,905 - rasterio.env - DEBUG - No GDAL environment exists
2023-11-28 03:23:06,905 - rasterio.env - DEBUG - New GDAL environment <rasterio._env.GDALEnv object at 0x7fe3236b32b0> created
2023-11-28 03:23:06,905 - rasterio._env - DEBUG - GDAL data found in package: path='/home/metpublic/PYTHON_VENV/present_weather/lib/python3.10/site-packages/rasterio/gdal_data'.
2023-11-28 03:23:06,906 - rasterio._env - DEBUG - PROJ data found in package: path='/home/metpublic/PYTHON_VENV/present_weather/lib/python3.10/site-packages/rasterio/proj_data'.
2023-11-28 03:23:06,906 - rasterio._env - DEBUG - Started GDALEnv: self=<rasterio._env.GDALEnv object at 0x7fe3236b32b0>.
2023-11-28 03:23:06,906 - rasterio.env - DEBUG - Entered env context: <rasterio.env.Env object at 0x7fe3236b36a0>
2023-11-28 03:23:06,906 - rasterio._base - DEBUG - Sharing flag: 0
2023-11-28 03:23:06,907 - rasterio._base - DEBUG - Nodata success: 0, Nodata value: 0.000000
2023-11-28 03:23:06,907 - rasterio._base - DEBUG - Dataset <open DatasetReader name='/home/metpublic/TASK_RELEASE/EFAN/present_weather/src/H09_B13_Indonesia_20231128.Z0310.cor.tiff' mode='r'> is started.
2023-11-28 03:23:06,907 - rasterio.env - DEBUG - Exiting env context: <rasterio.env.Env object at 0x7fe3236b36a0>
2023-11-28 03:23:06,907 - rasterio.env - DEBUG - Cleared existing <rasterio._env.GDALEnv object at 0x7fe3236b32b0> options
2023-11-28 03:23:06,907 - rasterio._env - DEBUG - Stopped GDALEnv <rasterio._env.GDALEnv object at 0x7fe3236b32b0>.
2023-11-28 03:23:06,907 - rasterio.env - DEBUG - Exiting outermost env
2023-11-28 03:23:06,907 - rasterio.env - DEBUG - Exited env context: <rasterio.env.Env object at 0x7fe3236b36a0>
2023-11-28 03:23:06,908 - rasterio.env - DEBUG - Entering env context: <rasterio.env.Env object at 0x7fe3203f77f0>
2023-11-28 03:23:06,908 - rasterio.env - DEBUG - Starting outermost env
2023-11-28 03:23:06,908 - rasterio.env - DEBUG - No GDAL environment exists
2023-11-28 03:23:06,908 - rasterio.env - DEBUG - New GDAL environment <rasterio._env.GDALEnv object at 0x7fe3203f5810> created
2023-11-28 03:23:06,908 - rasterio._env - DEBUG - GDAL data found in package: path='/home/metpublic/PYTHON_VENV/present_weather/lib/python3.10/site-packages/rasterio/gdal_data'.
2023-11-28 03:23:06,908 - rasterio._env - DEBUG - PROJ data found in package: path='/home/metpublic/PYTHON_VENV/present_weather/lib/python3.10/site-packages/rasterio/proj_data'.
2023-11-28 03:23:06,908 - rasterio._env - DEBUG - Started GDALEnv: self=<rasterio._env.GDALEnv object at 0x7fe3203f5810>.
2023-11-28 03:23:06,908 - rasterio.env - DEBUG - Entered env context: <rasterio.env.Env object at 0x7fe3203f77f0>
2023-11-28 03:23:06,908 - rasterio._base - DEBUG - Sharing flag: 0
2023-11-28 03:23:06,909 - rasterio._base - DEBUG - Nodata success: 0, Nodata value: 0.000000
2023-11-28 03:23:06,909 - rasterio._base - DEBUG - Dataset <open DatasetReader name='/home/metpublic/TASK_RELEASE/EFAN/present_weather/src/H09_B13_Indonesia_20231128.Z0310.cor.tiff' mode='r'> is started.
2023-11-28 03:23:06,909 - rasterio.env - DEBUG - Exiting env context: <rasterio.env.Env object at 0x7fe3203f77f0>
2023-11-28 03:23:06,909 - rasterio.env - DEBUG - Cleared existing <rasterio._env.GDALEnv object at 0x7fe3203f5810> options
2023-11-28 03:23:06,909 - rasterio._env - DEBUG - Stopped GDALEnv <rasterio._env.GDALEnv object at 0x7fe3203f5810>.
2023-11-28 03:23:06,909 - rasterio.env - DEBUG - Exiting outermost env
2023-11-28 03:23:06,909 - rasterio.env - DEBUG - Exited env context: <rasterio.env.Env object at 0x7fe3203f77f0>
2023-11-28 03:23:06,917 - root - INFO - Generating present weather using SATELITE data
2023-11-28 03:24:05,261 - root - INFO - Total elapsed time: 0:01:02.305392
