2023-11-04 10:40:03,967 - root - INFO - Initiating present weather
2023-11-04 10:40:03,971 - urllib3.connectionpool - DEBUG - Starting new HTTPS connection (1): radar.bmkg.go.id:8060
2023-11-04 10:40:04,033 - urllib3.connectionpool - DEBUG - https://radar.bmkg.go.id:8060 "GET /getRadarGeotif?token=19387e71e78522ae4172ec0fda640983b8438c9cfa0ca571623cb69d8327&radar=amandemenForecast&type=latest HTTP/1.1" 200 90
2023-11-04 10:40:04,035 - rasterio.env - DEBUG - Entering env context: <rasterio.env.Env object at 0x7f1a5881f5c0>
2023-11-04 10:40:04,036 - rasterio.env - DEBUG - Starting outermost env
2023-11-04 10:40:04,036 - rasterio.env - DEBUG - No GDAL environment exists
2023-11-04 10:40:04,037 - rasterio.env - DEBUG - New GDAL environment <rasterio._env.GDALEnv object at 0x7f1a58689810> created
2023-11-04 10:40:04,040 - rasterio._filepath - DEBUG - Installing FilePath filesystem handler plugin...
2023-11-04 10:40:04,040 - rasterio._env - DEBUG - GDAL data found in package: path='/home/swx/miniconda3/envs/present_weather/lib/python3.12/site-packages/rasterio/gdal_data'.
2023-11-04 10:40:04,041 - rasterio._env - DEBUG - PROJ_LIB found in environment.
2023-11-04 10:40:04,041 - rasterio._env - DEBUG - Started GDALEnv: self=<rasterio._env.GDALEnv object at 0x7f1a58689810>.
2023-11-04 10:40:04,041 - rasterio.env - DEBUG - Entered env context: <rasterio.env.Env object at 0x7f1a5881f5c0>
2023-11-04 10:40:04,041 - rasterio._base - DEBUG - Sharing flag: 0
2023-11-04 10:40:09,207 - rasterio._base - DEBUG - Nodata success: 1, Nodata value: nan
2023-11-04 10:40:09,208 - rasterio._base - DEBUG - Dataset <open DatasetReader name='https://radar.bmkg.go.id/raster/radarsatelit_202311041020.tif' mode='r'> is started.
2023-11-04 10:40:09,208 - rasterio.env - DEBUG - Exiting env context: <rasterio.env.Env object at 0x7f1a5881f5c0>
2023-11-04 10:40:09,208 - rasterio.env - DEBUG - Cleared existing <rasterio._env.GDALEnv object at 0x7f1a58689810> options
2023-11-04 10:40:09,209 - rasterio._env - DEBUG - Stopped GDALEnv <rasterio._env.GDALEnv object at 0x7f1a58689810>.
2023-11-04 10:40:09,209 - rasterio.env - DEBUG - Exiting outermost env
2023-11-04 10:40:09,209 - rasterio.env - DEBUG - Exited env context: <rasterio.env.Env object at 0x7f1a5881f5c0>
2023-11-04 10:40:09,209 - rasterio.env - DEBUG - Entering env context: <rasterio.env.Env object at 0x7f1a5881f5c0>
2023-11-04 10:40:09,209 - rasterio.env - DEBUG - Starting outermost env
2023-11-04 10:40:09,209 - rasterio.env - DEBUG - No GDAL environment exists
2023-11-04 10:40:09,209 - rasterio.env - DEBUG - New GDAL environment <rasterio._env.GDALEnv object at 0x7f1a58689810> created
2023-11-04 10:40:09,210 - rasterio._env - DEBUG - GDAL data found in package: path='/home/swx/miniconda3/envs/present_weather/lib/python3.12/site-packages/rasterio/gdal_data'.
2023-11-04 10:40:09,210 - rasterio._env - DEBUG - PROJ_LIB found in environment.
2023-11-04 10:40:09,210 - rasterio._env - DEBUG - Started GDALEnv: self=<rasterio._env.GDALEnv object at 0x7f1a58689810>.
2023-11-04 10:40:09,210 - rasterio.env - DEBUG - Entered env context: <rasterio.env.Env object at 0x7f1a5881f5c0>
2023-11-04 10:40:09,211 - rasterio.env - DEBUG - Got a copy of environment <rasterio._env.GDALEnv object at 0x7f1a58689810> options
2023-11-04 10:40:09,211 - rasterio.env - DEBUG - Entering env context: <rasterio.env.Env object at 0x7f1a99b90800>
2023-11-04 10:40:09,212 - rasterio.env - DEBUG - Got a copy of environment <rasterio._env.GDALEnv object at 0x7f1a58689810> options
2023-11-04 10:40:09,212 - rasterio.env - DEBUG - Entered env context: <rasterio.env.Env object at 0x7f1a99b90800>
2023-11-04 10:40:09,212 - rasterio._base - DEBUG - Sharing flag: 0
2023-11-04 10:40:09,213 - rasterio._base - DEBUG - Nodata success: 1, Nodata value: nan
2023-11-04 10:40:09,213 - rasterio._base - DEBUG - Dataset <open DatasetReader name='https://radar.bmkg.go.id/raster/radarsatelit_202311041020.tif' mode='r'> is started.
2023-11-04 10:40:09,213 - rasterio.env - DEBUG - Exiting env context: <rasterio.env.Env object at 0x7f1a99b90800>
2023-11-04 10:40:09,213 - rasterio.env - DEBUG - Cleared existing <rasterio._env.GDALEnv object at 0x7f1a58689810> options
2023-11-04 10:40:09,213 - rasterio._env - DEBUG - Stopped GDALEnv <rasterio._env.GDALEnv object at 0x7f1a58689810>.
2023-11-04 10:40:09,214 - rasterio.env - DEBUG - No GDAL environment exists
2023-11-04 10:40:09,214 - rasterio.env - DEBUG - New GDAL environment <rasterio._env.GDALEnv object at 0x7f1a58689810> created
2023-11-04 10:40:09,214 - rasterio._env - DEBUG - GDAL data found in package: path='/home/swx/miniconda3/envs/present_weather/lib/python3.12/site-packages/rasterio/gdal_data'.
2023-11-04 10:40:09,214 - rasterio._env - DEBUG - PROJ_LIB found in environment.
2023-11-04 10:40:09,214 - rasterio._env - DEBUG - Started GDALEnv: self=<rasterio._env.GDALEnv object at 0x7f1a58689810>.
2023-11-04 10:40:09,215 - rasterio.env - DEBUG - Exited env context: <rasterio.env.Env object at 0x7f1a99b90800>
2023-11-04 10:40:09,248 - rasterio._io - DEBUG - Output nodata value read from file: nan
2023-11-04 10:40:09,249 - rasterio._io - DEBUG - Output nodata values: [nan]
2023-11-04 10:40:09,249 - rasterio._io - DEBUG - all_valid: False
2023-11-04 10:40:09,249 - rasterio._io - DEBUG - mask_flags: ([<MaskFlags.nodata: 8>],)
2023-11-04 10:40:09,249 - rasterio._io - DEBUG - Jump straight to _read()
2023-11-04 10:40:09,250 - rasterio._io - DEBUG - Window: Window(col_off=0, row_off=0, width=10215, height=3792)
2023-11-04 10:40:09,250 - rasterio._io - DEBUG - IO window xoff=0.0 yoff=0.0 width=10215.0 height=3792.0
2023-11-04 10:40:10,045 - rasterio.env - DEBUG - Exiting env context: <rasterio.env.Env object at 0x7f1a5881f5c0>
2023-11-04 10:40:10,045 - rasterio.env - DEBUG - Cleared existing <rasterio._env.GDALEnv object at 0x7f1a58689810> options
2023-11-04 10:40:10,045 - rasterio._env - DEBUG - Stopped GDALEnv <rasterio._env.GDALEnv object at 0x7f1a58689810>.
2023-11-04 10:40:10,045 - rasterio.env - DEBUG - Exiting outermost env
2023-11-04 10:40:10,045 - rasterio.env - DEBUG - Exited env context: <rasterio.env.Env object at 0x7f1a5881f5c0>
2023-11-04 10:40:10,048 - urllib3.connectionpool - DEBUG - Starting new HTTPS connection (1): radar.bmkg.go.id:8060
2023-11-04 10:40:10,370 - urllib3.connectionpool - DEBUG - https://radar.bmkg.go.id:8060 "GET /getLatestLD?typeData=1 HTTP/1.1" 200 1341518
2023-11-04 10:40:10,753 - asyncio - DEBUG - Using selector: EpollSelector
2023-11-04 10:55:40,713 - root - INFO - Total elapsed time: 0:15:36.747024
