2023-11-22 02:03:13,201 - root - INFO - Initiating present weather
2023-11-22 02:03:13,215 - urllib3.connectionpool - DEBUG - Starting new HTTPS connection (1): radar.bmkg.go.id:8060
2023-11-22 02:03:13,324 - urllib3.connectionpool - DEBUG - https://radar.bmkg.go.id:8060 "GET /getRadarGeotif?token=19387e71e78522ae4172ec0fda640983b8438c9cfa0ca571623cb69d8327&radar=amandemenForecast&type=latest HTTP/1.1" 200 90
2023-11-22 02:03:13,329 - rasterio.env - DEBUG - Entering env context: <rasterio.env.Env object at 0x7f01408dcc80>
2023-11-22 02:03:13,333 - rasterio.env - DEBUG - Starting outermost env
2023-11-22 02:03:13,333 - rasterio.env - DEBUG - No GDAL environment exists
2023-11-22 02:03:13,333 - rasterio.env - DEBUG - New GDAL environment <rasterio._env.GDALEnv object at 0x7f01c1d06710> created
2023-11-22 02:03:13,341 - rasterio._filepath - DEBUG - Installing FilePath filesystem handler plugin...
2023-11-22 02:03:13,342 - rasterio._env - DEBUG - GDAL data found in package: path='/home/swx/miniconda3/envs/present_weather/lib/python3.12/site-packages/rasterio/gdal_data'.
2023-11-22 02:03:13,342 - rasterio._env - DEBUG - PROJ_LIB found in environment.
2023-11-22 02:03:13,343 - rasterio._env - DEBUG - Started GDALEnv: self=<rasterio._env.GDALEnv object at 0x7f01c1d06710>.
2023-11-22 02:03:13,343 - rasterio.env - DEBUG - Entered env context: <rasterio.env.Env object at 0x7f01408dcc80>
2023-11-22 02:03:13,344 - rasterio._base - DEBUG - Sharing flag: 0
2023-11-22 02:03:13,659 - rasterio._base - DEBUG - Nodata success: 1, Nodata value: nan
2023-11-22 02:03:13,660 - rasterio._base - DEBUG - Dataset <open DatasetReader name='https://radar.bmkg.go.id/raster/radarsatelit_202311220200.tif' mode='r'> is started.
2023-11-22 02:03:13,661 - rasterio.env - DEBUG - Exiting env context: <rasterio.env.Env object at 0x7f01408dcc80>
2023-11-22 02:03:13,662 - rasterio.env - DEBUG - Cleared existing <rasterio._env.GDALEnv object at 0x7f01c1d06710> options
2023-11-22 02:03:13,662 - rasterio._env - DEBUG - Stopped GDALEnv <rasterio._env.GDALEnv object at 0x7f01c1d06710>.
2023-11-22 02:03:13,662 - rasterio.env - DEBUG - Exiting outermost env
2023-11-22 02:03:13,663 - rasterio.env - DEBUG - Exited env context: <rasterio.env.Env object at 0x7f01408dcc80>
2023-11-22 02:03:13,663 - rasterio.env - DEBUG - Entering env context: <rasterio.env.Env object at 0x7f0140737920>
2023-11-22 02:03:13,663 - rasterio.env - DEBUG - Starting outermost env
2023-11-22 02:03:13,664 - rasterio.env - DEBUG - No GDAL environment exists
2023-11-22 02:03:13,664 - rasterio.env - DEBUG - New GDAL environment <rasterio._env.GDALEnv object at 0x7f01c1d06710> created
2023-11-22 02:03:13,666 - rasterio._env - DEBUG - GDAL data found in package: path='/home/swx/miniconda3/envs/present_weather/lib/python3.12/site-packages/rasterio/gdal_data'.
2023-11-22 02:03:13,666 - rasterio._env - DEBUG - PROJ_LIB found in environment.
2023-11-22 02:03:13,667 - rasterio._env - DEBUG - Started GDALEnv: self=<rasterio._env.GDALEnv object at 0x7f01c1d06710>.
2023-11-22 02:03:13,668 - rasterio.env - DEBUG - Entered env context: <rasterio.env.Env object at 0x7f0140737920>
2023-11-22 02:03:13,671 - rasterio.env - DEBUG - Got a copy of environment <rasterio._env.GDALEnv object at 0x7f01c1d06710> options
2023-11-22 02:03:13,672 - rasterio.env - DEBUG - Entering env context: <rasterio.env.Env object at 0x7f014050d6d0>
2023-11-22 02:03:13,672 - rasterio.env - DEBUG - Got a copy of environment <rasterio._env.GDALEnv object at 0x7f01c1d06710> options
2023-11-22 02:03:13,672 - rasterio.env - DEBUG - Entered env context: <rasterio.env.Env object at 0x7f014050d6d0>
2023-11-22 02:03:13,674 - rasterio._base - DEBUG - Sharing flag: 0
2023-11-22 02:03:13,681 - rasterio._base - DEBUG - Nodata success: 1, Nodata value: nan
2023-11-22 02:03:13,681 - rasterio._base - DEBUG - Dataset <open DatasetReader name='https://radar.bmkg.go.id/raster/radarsatelit_202311220200.tif' mode='r'> is started.
2023-11-22 02:03:13,682 - rasterio.env - DEBUG - Exiting env context: <rasterio.env.Env object at 0x7f014050d6d0>
2023-11-22 02:03:13,683 - rasterio.env - DEBUG - Cleared existing <rasterio._env.GDALEnv object at 0x7f01c1d06710> options
2023-11-22 02:03:13,684 - rasterio._env - DEBUG - Stopped GDALEnv <rasterio._env.GDALEnv object at 0x7f01c1d06710>.
2023-11-22 02:03:13,686 - rasterio.env - DEBUG - No GDAL environment exists
2023-11-22 02:03:13,687 - rasterio.env - DEBUG - New GDAL environment <rasterio._env.GDALEnv object at 0x7f01c1d06710> created
2023-11-22 02:03:13,690 - rasterio._env - DEBUG - GDAL data found in package: path='/home/swx/miniconda3/envs/present_weather/lib/python3.12/site-packages/rasterio/gdal_data'.
2023-11-22 02:03:13,691 - rasterio._env - DEBUG - PROJ_LIB found in environment.
2023-11-22 02:03:13,692 - rasterio._env - DEBUG - Started GDALEnv: self=<rasterio._env.GDALEnv object at 0x7f01c1d06710>.
2023-11-22 02:03:13,693 - rasterio.env - DEBUG - Exited env context: <rasterio.env.Env object at 0x7f014050d6d0>
2023-11-22 02:03:13,947 - rasterio._io - DEBUG - Output nodata value read from file: nan
2023-11-22 02:03:13,949 - rasterio._io - DEBUG - Output nodata values: [nan]
2023-11-22 02:03:13,951 - rasterio._io - DEBUG - all_valid: False
2023-11-22 02:03:13,951 - rasterio._io - DEBUG - mask_flags: ([<MaskFlags.nodata: 8>],)
2023-11-22 02:03:13,953 - rasterio._io - DEBUG - Jump straight to _read()
2023-11-22 02:03:13,953 - rasterio._io - DEBUG - Window: Window(col_off=0, row_off=0, width=10215, height=3792)
2023-11-22 02:03:13,956 - rasterio._io - DEBUG - IO window xoff=0.0 yoff=0.0 width=10215.0 height=3792.0
2023-11-22 02:03:17,287 - rasterio.env - DEBUG - Exiting env context: <rasterio.env.Env object at 0x7f0140737920>
2023-11-22 02:03:17,289 - rasterio.env - DEBUG - Cleared existing <rasterio._env.GDALEnv object at 0x7f01c1d06710> options
2023-11-22 02:03:17,290 - rasterio._env - DEBUG - Stopped GDALEnv <rasterio._env.GDALEnv object at 0x7f01c1d06710>.
2023-11-22 02:03:17,292 - rasterio.env - DEBUG - Exiting outermost env
2023-11-22 02:03:17,292 - rasterio.env - DEBUG - Exited env context: <rasterio.env.Env object at 0x7f0140737920>
2023-11-22 02:03:17,305 - urllib3.connectionpool - DEBUG - Starting new HTTPS connection (1): radar.bmkg.go.id:8060
2023-11-22 02:03:17,842 - urllib3.connectionpool - DEBUG - https://radar.bmkg.go.id:8060 "GET /getLatestLD?typeData=1 HTTP/1.1" 200 214274
2023-11-22 02:03:18,065 - asyncio - DEBUG - Using selector: EpollSelector
2023-11-22 02:03:56,982 - root - INFO - dask.bag<lambda, npartitions=34>
2023-11-22 02:23:24,073 - root - INFO - Total elapsed time: 0:20:10.873883
