2023-11-24 17:43:03,915 - root - INFO - Initiating present weather
2023-11-24 17:43:03,919 - asyncio - DEBUG - Using selector: EpollSelector
2023-11-24 17:43:07,204 - urllib3.connectionpool - DEBUG - Starting new HTTPS connection (1): radar.bmkg.go.id:8060
2023-11-24 17:43:07,270 - urllib3.connectionpool - DEBUG - https://radar.bmkg.go.id:8060 "GET /getRadarGeotif?token=19387e71e78522ae4172ec0fda640983b8438c9cfa0ca571623cb69d8327&radar=amandemenForecast&type=latest HTTP/1.1" 200 90
2023-11-24 17:43:07,272 - rasterio.env - DEBUG - Entering env context: <rasterio.env.Env object at 0x7f73dd5028d0>
2023-11-24 17:43:07,273 - rasterio.env - DEBUG - Starting outermost env
2023-11-24 17:43:07,273 - rasterio.env - DEBUG - No GDAL environment exists
2023-11-24 17:43:07,274 - rasterio.env - DEBUG - New GDAL environment <rasterio._env.GDALEnv object at 0x7f73dd502d10> created
2023-11-24 17:43:07,278 - rasterio._filepath - DEBUG - Installing FilePath filesystem handler plugin...
2023-11-24 17:43:07,278 - rasterio._env - DEBUG - GDAL data found in package: path='/home/swx/miniconda3/envs/present_weather/lib/python3.12/site-packages/rasterio/gdal_data'.
2023-11-24 17:43:07,278 - rasterio._env - DEBUG - PROJ_LIB found in environment.
2023-11-24 17:43:07,279 - rasterio._env - DEBUG - Started GDALEnv: self=<rasterio._env.GDALEnv object at 0x7f73dd502d10>.
2023-11-24 17:43:07,279 - rasterio.env - DEBUG - Entered env context: <rasterio.env.Env object at 0x7f73dd5028d0>
2023-11-24 17:43:07,279 - rasterio._base - DEBUG - Sharing flag: 0
2023-11-24 17:43:07,501 - rasterio._base - DEBUG - Nodata success: 1, Nodata value: nan
2023-11-24 17:43:07,501 - rasterio._base - DEBUG - Dataset <open DatasetReader name='https://radar.bmkg.go.id/raster/radarsatelit_202311241740.tif' mode='r'> is started.
2023-11-24 17:43:07,501 - rasterio.env - DEBUG - Exiting env context: <rasterio.env.Env object at 0x7f73dd5028d0>
2023-11-24 17:43:07,502 - rasterio.env - DEBUG - Cleared existing <rasterio._env.GDALEnv object at 0x7f73dd502d10> options
2023-11-24 17:43:07,502 - rasterio._env - DEBUG - Stopped GDALEnv <rasterio._env.GDALEnv object at 0x7f73dd502d10>.
2023-11-24 17:43:07,502 - rasterio.env - DEBUG - Exiting outermost env
2023-11-24 17:43:07,502 - rasterio.env - DEBUG - Exited env context: <rasterio.env.Env object at 0x7f73dd5028d0>
2023-11-24 17:43:07,502 - rasterio.env - DEBUG - Entering env context: <rasterio.env.Env object at 0x7f73dd5008c0>
2023-11-24 17:43:07,502 - rasterio.env - DEBUG - Starting outermost env
2023-11-24 17:43:07,502 - rasterio.env - DEBUG - No GDAL environment exists
2023-11-24 17:43:07,502 - rasterio.env - DEBUG - New GDAL environment <rasterio._env.GDALEnv object at 0x7f73dfa89ff0> created
2023-11-24 17:43:07,503 - rasterio._env - DEBUG - GDAL data found in package: path='/home/swx/miniconda3/envs/present_weather/lib/python3.12/site-packages/rasterio/gdal_data'.
2023-11-24 17:43:07,503 - rasterio._env - DEBUG - PROJ_LIB found in environment.
2023-11-24 17:43:07,503 - rasterio._env - DEBUG - Started GDALEnv: self=<rasterio._env.GDALEnv object at 0x7f73dfa89ff0>.
2023-11-24 17:43:07,504 - rasterio.env - DEBUG - Entered env context: <rasterio.env.Env object at 0x7f73dd5008c0>
2023-11-24 17:43:07,504 - rasterio.env - DEBUG - Got a copy of environment <rasterio._env.GDALEnv object at 0x7f73dfa89ff0> options
2023-11-24 17:43:07,504 - rasterio.env - DEBUG - Entering env context: <rasterio.env.Env object at 0x7f73dd537e60>
2023-11-24 17:43:07,504 - rasterio.env - DEBUG - Got a copy of environment <rasterio._env.GDALEnv object at 0x7f73dfa89ff0> options
2023-11-24 17:43:07,505 - rasterio.env - DEBUG - Entered env context: <rasterio.env.Env object at 0x7f73dd537e60>
2023-11-24 17:43:07,505 - rasterio._base - DEBUG - Sharing flag: 0
2023-11-24 17:43:07,506 - rasterio._base - DEBUG - Nodata success: 1, Nodata value: nan
2023-11-24 17:43:07,506 - rasterio._base - DEBUG - Dataset <open DatasetReader name='https://radar.bmkg.go.id/raster/radarsatelit_202311241740.tif' mode='r'> is started.
2023-11-24 17:43:07,506 - rasterio.env - DEBUG - Exiting env context: <rasterio.env.Env object at 0x7f73dd537e60>
2023-11-24 17:43:07,506 - rasterio.env - DEBUG - Cleared existing <rasterio._env.GDALEnv object at 0x7f73dfa89ff0> options
2023-11-24 17:43:07,506 - rasterio._env - DEBUG - Stopped GDALEnv <rasterio._env.GDALEnv object at 0x7f73dfa89ff0>.
2023-11-24 17:43:07,507 - rasterio.env - DEBUG - No GDAL environment exists
2023-11-24 17:43:07,507 - rasterio.env - DEBUG - New GDAL environment <rasterio._env.GDALEnv object at 0x7f73dfa89ff0> created
2023-11-24 17:43:07,508 - rasterio._env - DEBUG - GDAL data found in package: path='/home/swx/miniconda3/envs/present_weather/lib/python3.12/site-packages/rasterio/gdal_data'.
2023-11-24 17:43:07,508 - rasterio._env - DEBUG - PROJ_LIB found in environment.
2023-11-24 17:43:07,508 - rasterio._env - DEBUG - Started GDALEnv: self=<rasterio._env.GDALEnv object at 0x7f73dfa89ff0>.
2023-11-24 17:43:07,509 - rasterio.env - DEBUG - Exited env context: <rasterio.env.Env object at 0x7f73dd537e60>
2023-11-24 17:43:07,539 - rasterio._io - DEBUG - Output nodata value read from file: nan
2023-11-24 17:43:07,539 - rasterio._io - DEBUG - Output nodata values: [nan]
2023-11-24 17:43:07,540 - rasterio._io - DEBUG - all_valid: False
2023-11-24 17:43:07,540 - rasterio._io - DEBUG - mask_flags: ([<MaskFlags.nodata: 8>],)
2023-11-24 17:43:07,540 - rasterio._io - DEBUG - Jump straight to _read()
2023-11-24 17:43:07,540 - rasterio._io - DEBUG - Window: Window(col_off=0, row_off=0, width=10215, height=3789)
2023-11-24 17:43:07,541 - rasterio._io - DEBUG - IO window xoff=0.0 yoff=0.0 width=10215.0 height=3789.0
2023-11-24 17:43:08,347 - rasterio.env - DEBUG - Exiting env context: <rasterio.env.Env object at 0x7f73dd5008c0>
2023-11-24 17:43:08,348 - rasterio.env - DEBUG - Cleared existing <rasterio._env.GDALEnv object at 0x7f73dfa89ff0> options
2023-11-24 17:43:08,348 - rasterio._env - DEBUG - Stopped GDALEnv <rasterio._env.GDALEnv object at 0x7f73dfa89ff0>.
2023-11-24 17:43:08,348 - rasterio.env - DEBUG - Exiting outermost env
2023-11-24 17:43:08,348 - rasterio.env - DEBUG - Exited env context: <rasterio.env.Env object at 0x7f73dd5008c0>
2023-11-24 17:43:08,350 - urllib3.connectionpool - DEBUG - Starting new HTTPS connection (1): radar.bmkg.go.id:8060
2023-11-24 17:43:08,421 - urllib3.connectionpool - DEBUG - https://radar.bmkg.go.id:8060 "GET /getLatestLD?typeData=1 HTTP/1.1" 200 42826
2023-11-24 17:43:08,443 - root - INFO - Generating present weather using RADAR data
2023-11-24 17:43:11,802 - root - INFO - dask.bag<lambda, npartitions=20>
2023-11-24 17:51:35,405 - root - INFO - Total elapsed time: 0:08:31.490315
