2023-12-06 02:53:02,959 - root - INFO - Initiating present weather
2023-12-06 02:53:02,961 - asyncio - DEBUG - Using selector: EpollSelector
2023-12-06 02:53:04,426 - urllib3.connectionpool - DEBUG - Starting new HTTPS connection (1): radar.bmkg.go.id:8060
2023-12-06 02:53:12,449 - urllib3.connectionpool - DEBUG - https://radar.bmkg.go.id:8060 "GET /getLatestLD?typeData=1 HTTP/1.1" 200 62
2023-12-06 02:53:12,452 - urllib3.connectionpool - DEBUG - Starting new HTTPS connection (1): radar.bmkg.go.id:8060
2023-12-06 02:53:12,468 - urllib3.connectionpool - DEBUG - https://radar.bmkg.go.id:8060 "GET /getRadarGeotif?token=19387e71e78522ae4172ec0fda640983b8438c9cfa0ca571623cb69d8327&radar=amandemenForecast&type=latest HTTP/1.1" 200 90
2023-12-06 02:53:12,469 - rasterio.env - DEBUG - Entering env context: <rasterio.env.Env object at 0x7ff0466048b0>
2023-12-06 02:53:12,469 - rasterio.env - DEBUG - Starting outermost env
2023-12-06 02:53:12,469 - rasterio.env - DEBUG - No GDAL environment exists
2023-12-06 02:53:12,469 - rasterio.env - DEBUG - New GDAL environment <rasterio._env.GDALEnv object at 0x7ff046604670> created
2023-12-06 02:53:12,472 - rasterio._filepath - DEBUG - Installing FilePath filesystem handler plugin...
2023-12-06 02:53:12,472 - rasterio._env - DEBUG - GDAL data found in package: path='/home/metpublic/PYTHON_VENV/present_weather/lib/python3.10/site-packages/rasterio/gdal_data'.
2023-12-06 02:53:12,472 - rasterio._env - DEBUG - PROJ data found in package: path='/home/metpublic/PYTHON_VENV/present_weather/lib/python3.10/site-packages/rasterio/proj_data'.
2023-12-06 02:53:12,472 - rasterio._env - DEBUG - Started GDALEnv: self=<rasterio._env.GDALEnv object at 0x7ff046604670>.
2023-12-06 02:53:12,472 - rasterio.env - DEBUG - Entered env context: <rasterio.env.Env object at 0x7ff0466048b0>
2023-12-06 02:53:12,472 - rasterio._base - DEBUG - Sharing flag: 0
2023-12-06 02:53:12,718 - rasterio._base - DEBUG - Nodata success: 1, Nodata value: nan
2023-12-06 02:53:12,718 - rasterio._base - DEBUG - Dataset <open DatasetReader name='https://radar.bmkg.go.id/raster/radarsatelit_202312060250.tif' mode='r'> is started.
2023-12-06 02:53:12,718 - rasterio.env - DEBUG - Exiting env context: <rasterio.env.Env object at 0x7ff0466048b0>
2023-12-06 02:53:12,718 - rasterio.env - DEBUG - Cleared existing <rasterio._env.GDALEnv object at 0x7ff046604670> options
2023-12-06 02:53:12,718 - rasterio._env - DEBUG - Stopped GDALEnv <rasterio._env.GDALEnv object at 0x7ff046604670>.
2023-12-06 02:53:12,718 - rasterio.env - DEBUG - Exiting outermost env
2023-12-06 02:53:12,718 - rasterio.env - DEBUG - Exited env context: <rasterio.env.Env object at 0x7ff0466048b0>
2023-12-06 02:53:12,719 - rasterio.env - DEBUG - Entering env context: <rasterio.env.Env object at 0x7ff0465c8a90>
2023-12-06 02:53:12,719 - rasterio.env - DEBUG - Starting outermost env
2023-12-06 02:53:12,719 - rasterio.env - DEBUG - No GDAL environment exists
2023-12-06 02:53:12,719 - rasterio.env - DEBUG - New GDAL environment <rasterio._env.GDALEnv object at 0x7ff046604670> created
2023-12-06 02:53:12,719 - rasterio._env - DEBUG - GDAL data found in package: path='/home/metpublic/PYTHON_VENV/present_weather/lib/python3.10/site-packages/rasterio/gdal_data'.
2023-12-06 02:53:12,719 - rasterio._env - DEBUG - PROJ data found in package: path='/home/metpublic/PYTHON_VENV/present_weather/lib/python3.10/site-packages/rasterio/proj_data'.
2023-12-06 02:53:12,719 - rasterio._env - DEBUG - Started GDALEnv: self=<rasterio._env.GDALEnv object at 0x7ff046604670>.
2023-12-06 02:53:12,720 - rasterio.env - DEBUG - Entered env context: <rasterio.env.Env object at 0x7ff0465c8a90>
2023-12-06 02:53:12,720 - rasterio.env - DEBUG - Got a copy of environment <rasterio._env.GDALEnv object at 0x7ff046604670> options
2023-12-06 02:53:12,720 - rasterio.env - DEBUG - Entering env context: <rasterio.env.Env object at 0x7ff0444d5690>
2023-12-06 02:53:12,720 - rasterio.env - DEBUG - Got a copy of environment <rasterio._env.GDALEnv object at 0x7ff046604670> options
2023-12-06 02:53:12,720 - rasterio.env - DEBUG - Entered env context: <rasterio.env.Env object at 0x7ff0444d5690>
2023-12-06 02:53:12,721 - rasterio._base - DEBUG - Sharing flag: 0
2023-12-06 02:53:12,722 - rasterio._base - DEBUG - Nodata success: 1, Nodata value: nan
2023-12-06 02:53:12,722 - rasterio._base - DEBUG - Dataset <open DatasetReader name='https://radar.bmkg.go.id/raster/radarsatelit_202312060250.tif' mode='r'> is started.
2023-12-06 02:53:12,722 - rasterio.env - DEBUG - Exiting env context: <rasterio.env.Env object at 0x7ff0444d5690>
2023-12-06 02:53:12,722 - rasterio.env - DEBUG - Cleared existing <rasterio._env.GDALEnv object at 0x7ff046604670> options
2023-12-06 02:53:12,722 - rasterio._env - DEBUG - Stopped GDALEnv <rasterio._env.GDALEnv object at 0x7ff046604670>.
2023-12-06 02:53:12,722 - rasterio.env - DEBUG - No GDAL environment exists
2023-12-06 02:53:12,722 - rasterio.env - DEBUG - New GDAL environment <rasterio._env.GDALEnv object at 0x7ff046604670> created
2023-12-06 02:53:12,722 - rasterio._env - DEBUG - GDAL data found in package: path='/home/metpublic/PYTHON_VENV/present_weather/lib/python3.10/site-packages/rasterio/gdal_data'.
2023-12-06 02:53:12,722 - rasterio._env - DEBUG - PROJ data found in package: path='/home/metpublic/PYTHON_VENV/present_weather/lib/python3.10/site-packages/rasterio/proj_data'.
2023-12-06 02:53:12,722 - rasterio._env - DEBUG - Started GDALEnv: self=<rasterio._env.GDALEnv object at 0x7ff046604670>.
2023-12-06 02:53:12,722 - rasterio.env - DEBUG - Exited env context: <rasterio.env.Env object at 0x7ff0444d5690>
2023-12-06 02:53:12,740 - rasterio._io - DEBUG - Output nodata value read from file: nan
2023-12-06 02:53:12,740 - rasterio._io - DEBUG - Output nodata values: [nan]
2023-12-06 02:53:12,740 - rasterio._io - DEBUG - all_valid: False
2023-12-06 02:53:12,740 - rasterio._io - DEBUG - mask_flags: ([<MaskFlags.nodata: 8>],)
2023-12-06 02:53:12,740 - rasterio._io - DEBUG - Jump straight to _read()
2023-12-06 02:53:12,740 - rasterio._io - DEBUG - Window: Window(col_off=0, row_off=0, width=10177, height=3732)
2023-12-06 02:53:12,742 - rasterio._io - DEBUG - IO window xoff=0.0 yoff=0.0 width=10177.0 height=3732.0
2023-12-06 02:53:13,246 - rasterio.env - DEBUG - Exiting env context: <rasterio.env.Env object at 0x7ff0465c8a90>
2023-12-06 02:53:13,246 - rasterio.env - DEBUG - Cleared existing <rasterio._env.GDALEnv object at 0x7ff046604670> options
2023-12-06 02:53:13,246 - rasterio._env - DEBUG - Stopped GDALEnv <rasterio._env.GDALEnv object at 0x7ff046604670>.
2023-12-06 02:53:13,246 - rasterio.env - DEBUG - Exiting outermost env
2023-12-06 02:53:13,246 - rasterio.env - DEBUG - Exited env context: <rasterio.env.Env object at 0x7ff0465c8a90>
2023-12-06 02:57:39,418 - rasterio.env - DEBUG - Entering env context: <rasterio.env.Env object at 0x7ff044362560>
2023-12-06 02:57:39,418 - rasterio.env - DEBUG - Starting outermost env
2023-12-06 02:57:39,418 - rasterio.env - DEBUG - No GDAL environment exists
2023-12-06 02:57:39,418 - rasterio.env - DEBUG - New GDAL environment <rasterio._env.GDALEnv object at 0x7ff044161540> created
2023-12-06 02:57:39,419 - rasterio._env - DEBUG - GDAL data found in package: path='/home/metpublic/PYTHON_VENV/present_weather/lib/python3.10/site-packages/rasterio/gdal_data'.
2023-12-06 02:57:39,419 - rasterio._env - DEBUG - PROJ data found in package: path='/home/metpublic/PYTHON_VENV/present_weather/lib/python3.10/site-packages/rasterio/proj_data'.
2023-12-06 02:57:39,420 - rasterio._env - DEBUG - Started GDALEnv: self=<rasterio._env.GDALEnv object at 0x7ff044161540>.
2023-12-06 02:57:39,420 - rasterio.env - DEBUG - Entered env context: <rasterio.env.Env object at 0x7ff044362560>
2023-12-06 02:57:39,420 - rasterio._base - DEBUG - Sharing flag: 0
2023-12-06 02:57:39,421 - rasterio._base - DEBUG - Nodata success: 0, Nodata value: 0.000000
2023-12-06 02:57:39,422 - rasterio._base - DEBUG - Dataset <open DatasetReader name='/home/metpublic/TASK_RELEASE/EFAN/present_weather/src/H09_B13_Indonesia_20231206.Z0240.cor.tiff' mode='r'> is started.
2023-12-06 02:57:39,422 - rasterio.env - DEBUG - Exiting env context: <rasterio.env.Env object at 0x7ff044362560>
2023-12-06 02:57:39,422 - rasterio.env - DEBUG - Cleared existing <rasterio._env.GDALEnv object at 0x7ff044161540> options
2023-12-06 02:57:39,422 - rasterio._env - DEBUG - Stopped GDALEnv <rasterio._env.GDALEnv object at 0x7ff044161540>.
2023-12-06 02:57:39,422 - rasterio.env - DEBUG - Exiting outermost env
2023-12-06 02:57:39,422 - rasterio.env - DEBUG - Exited env context: <rasterio.env.Env object at 0x7ff044362560>
2023-12-06 02:57:39,422 - rasterio.env - DEBUG - Entering env context: <rasterio.env.Env object at 0x7ff0442ec4c0>
2023-12-06 02:57:39,422 - rasterio.env - DEBUG - Starting outermost env
2023-12-06 02:57:39,422 - rasterio.env - DEBUG - No GDAL environment exists
2023-12-06 02:57:39,423 - rasterio.env - DEBUG - New GDAL environment <rasterio._env.GDALEnv object at 0x7ff0442ed3f0> created
2023-12-06 02:57:39,423 - rasterio._env - DEBUG - GDAL data found in package: path='/home/metpublic/PYTHON_VENV/present_weather/lib/python3.10/site-packages/rasterio/gdal_data'.
2023-12-06 02:57:39,423 - rasterio._env - DEBUG - PROJ data found in package: path='/home/metpublic/PYTHON_VENV/present_weather/lib/python3.10/site-packages/rasterio/proj_data'.
2023-12-06 02:57:39,423 - rasterio._env - DEBUG - Started GDALEnv: self=<rasterio._env.GDALEnv object at 0x7ff0442ed3f0>.
2023-12-06 02:57:39,424 - rasterio.env - DEBUG - Entered env context: <rasterio.env.Env object at 0x7ff0442ec4c0>
2023-12-06 02:57:39,424 - rasterio._base - DEBUG - Sharing flag: 0
2023-12-06 02:57:39,425 - rasterio._base - DEBUG - Nodata success: 0, Nodata value: 0.000000
2023-12-06 02:57:39,425 - rasterio._base - DEBUG - Dataset <open DatasetReader name='/home/metpublic/TASK_RELEASE/EFAN/present_weather/src/H09_B13_Indonesia_20231206.Z0240.cor.tiff' mode='r'> is started.
2023-12-06 02:57:39,425 - rasterio.env - DEBUG - Exiting env context: <rasterio.env.Env object at 0x7ff0442ec4c0>
2023-12-06 02:57:39,425 - rasterio.env - DEBUG - Cleared existing <rasterio._env.GDALEnv object at 0x7ff0442ed3f0> options
2023-12-06 02:57:39,425 - rasterio._env - DEBUG - Stopped GDALEnv <rasterio._env.GDALEnv object at 0x7ff0442ed3f0>.
2023-12-06 02:57:39,425 - rasterio.env - DEBUG - Exiting outermost env
2023-12-06 02:57:39,425 - rasterio.env - DEBUG - Exited env context: <rasterio.env.Env object at 0x7ff0442ec4c0>
2023-12-06 02:57:39,436 - root - INFO - Generating present weather using SATELITE data
2023-12-06 02:59:02,255 - root - INFO - Total elapsed time: 0:05:59.296549
