2023-11-29 20:54:35,306 - root - INFO - Initiating present weather
2023-11-29 20:54:35,306 - asyncio - DEBUG - Using selector: KqueueSelector
2023-11-29 20:54:37,068 - urllib3.connectionpool - DEBUG - Starting new HTTPS connection (1): radar.bmkg.go.id:8060
2023-11-29 20:54:37,139 - urllib3.connectionpool - DEBUG - https://radar.bmkg.go.id:8060 "GET /getRadarGeotif?token=19387e71e78522ae4172ec0fda640983b8438c9cfa0ca571623cb69d8327&radar=amandemenForecast&type=latest HTTP/1.1" 200 90
2023-11-29 20:54:37,140 - rasterio.env - DEBUG - Entering env context: <rasterio.env.Env object at 0x1515cb980>
2023-11-29 20:54:37,140 - rasterio.env - DEBUG - Starting outermost env
2023-11-29 20:54:37,141 - rasterio.env - DEBUG - No GDAL environment exists
2023-11-29 20:54:37,141 - rasterio.env - DEBUG - New GDAL environment <rasterio._env.GDALEnv object at 0x1515cbee0> created
2023-11-29 20:54:37,163 - rasterio._filepath - DEBUG - Installing FilePath filesystem handler plugin...
2023-11-29 20:54:37,163 - rasterio._env - DEBUG - GDAL_DATA found in environment.
2023-11-29 20:54:37,163 - rasterio._env - DEBUG - PROJ_DATA found in environment.
2023-11-29 20:54:37,163 - rasterio._env - DEBUG - Started GDALEnv: self=<rasterio._env.GDALEnv object at 0x1515cbee0>.
2023-11-29 20:54:37,163 - rasterio.env - DEBUG - Entered env context: <rasterio.env.Env object at 0x1515cb980>
2023-11-29 20:54:37,163 - rasterio._base - DEBUG - Sharing flag: 0
2023-11-29 20:54:37,514 - rasterio._base - DEBUG - Nodata success: 1, Nodata value: nan
2023-11-29 20:54:37,519 - rasterio._base - DEBUG - Dataset <open DatasetReader name='https://radar.bmkg.go.id/raster/radarsatelit_202311291350.tif' mode='r'> is started.
2023-11-29 20:54:37,519 - rasterio.env - DEBUG - Exiting env context: <rasterio.env.Env object at 0x1515cb980>
2023-11-29 20:54:37,520 - rasterio.env - DEBUG - Cleared existing <rasterio._env.GDALEnv object at 0x1515cbee0> options
2023-11-29 20:54:37,520 - rasterio._env - DEBUG - Stopped GDALEnv <rasterio._env.GDALEnv object at 0x1515cbee0>.
2023-11-29 20:54:37,520 - rasterio.env - DEBUG - Exiting outermost env
2023-11-29 20:54:37,521 - rasterio.env - DEBUG - Exited env context: <rasterio.env.Env object at 0x1515cb980>
2023-11-29 20:54:37,521 - rasterio.env - DEBUG - Entering env context: <rasterio.env.Env object at 0x1515cb470>
2023-11-29 20:54:37,521 - rasterio.env - DEBUG - Starting outermost env
2023-11-29 20:54:37,521 - rasterio.env - DEBUG - No GDAL environment exists
2023-11-29 20:54:37,521 - rasterio.env - DEBUG - New GDAL environment <rasterio._env.GDALEnv object at 0x1515cbee0> created
2023-11-29 20:54:37,521 - rasterio._env - DEBUG - GDAL_DATA found in environment.
2023-11-29 20:54:37,521 - rasterio._env - DEBUG - PROJ_DATA found in environment.
2023-11-29 20:54:37,521 - rasterio._env - DEBUG - Started GDALEnv: self=<rasterio._env.GDALEnv object at 0x1515cbee0>.
2023-11-29 20:54:37,521 - rasterio.env - DEBUG - Entered env context: <rasterio.env.Env object at 0x1515cb470>
2023-11-29 20:54:37,522 - rasterio.env - DEBUG - Got a copy of environment <rasterio._env.GDALEnv object at 0x1515cbee0> options
2023-11-29 20:54:37,522 - rasterio.env - DEBUG - Entering env context: <rasterio.env.Env object at 0x150499580>
2023-11-29 20:54:37,522 - rasterio.env - DEBUG - Got a copy of environment <rasterio._env.GDALEnv object at 0x1515cbee0> options
2023-11-29 20:54:37,522 - rasterio.env - DEBUG - Entered env context: <rasterio.env.Env object at 0x150499580>
2023-11-29 20:54:37,522 - rasterio._base - DEBUG - Sharing flag: 0
2023-11-29 20:54:37,522 - rasterio._base - DEBUG - Nodata success: 1, Nodata value: nan
2023-11-29 20:54:37,522 - rasterio._base - DEBUG - Dataset <open DatasetReader name='https://radar.bmkg.go.id/raster/radarsatelit_202311291350.tif' mode='r'> is started.
2023-11-29 20:54:37,523 - rasterio.env - DEBUG - Exiting env context: <rasterio.env.Env object at 0x150499580>
2023-11-29 20:54:37,523 - rasterio.env - DEBUG - Cleared existing <rasterio._env.GDALEnv object at 0x1515cbee0> options
2023-11-29 20:54:37,523 - rasterio._env - DEBUG - Stopped GDALEnv <rasterio._env.GDALEnv object at 0x1515cbee0>.
2023-11-29 20:54:37,523 - rasterio.env - DEBUG - No GDAL environment exists
2023-11-29 20:54:37,523 - rasterio.env - DEBUG - New GDAL environment <rasterio._env.GDALEnv object at 0x1515cbee0> created
2023-11-29 20:54:37,523 - rasterio._env - DEBUG - GDAL_DATA found in environment.
2023-11-29 20:54:37,523 - rasterio._env - DEBUG - PROJ_DATA found in environment.
2023-11-29 20:54:37,523 - rasterio._env - DEBUG - Started GDALEnv: self=<rasterio._env.GDALEnv object at 0x1515cbee0>.
2023-11-29 20:54:37,523 - rasterio.env - DEBUG - Exited env context: <rasterio.env.Env object at 0x150499580>
2023-11-29 20:54:37,536 - rasterio._io - DEBUG - Output nodata value read from file: nan
2023-11-29 20:54:37,536 - rasterio._io - DEBUG - Output nodata values: [nan]
2023-11-29 20:54:37,536 - rasterio._io - DEBUG - all_valid: False
2023-11-29 20:54:37,536 - rasterio._io - DEBUG - mask_flags: ([<MaskFlags.nodata: 8>],)
2023-11-29 20:54:37,537 - rasterio._io - DEBUG - Jump straight to _read()
2023-11-29 20:54:37,537 - rasterio._io - DEBUG - Window: Window(col_off=0, row_off=0, width=10215, height=3792)
2023-11-29 20:54:37,537 - rasterio._io - DEBUG - IO window xoff=0.0 yoff=0.0 width=10215.0 height=3792.0
2023-11-29 20:54:38,303 - rasterio.env - DEBUG - Exiting env context: <rasterio.env.Env object at 0x1515cb470>
2023-11-29 20:54:38,303 - rasterio.env - DEBUG - Cleared existing <rasterio._env.GDALEnv object at 0x1515cbee0> options
2023-11-29 20:54:38,304 - rasterio._env - DEBUG - Stopped GDALEnv <rasterio._env.GDALEnv object at 0x1515cbee0>.
2023-11-29 20:54:38,304 - rasterio.env - DEBUG - Exiting outermost env
2023-11-29 20:54:38,304 - rasterio.env - DEBUG - Exited env context: <rasterio.env.Env object at 0x1515cb470>
2023-11-29 20:54:38,306 - urllib3.connectionpool - DEBUG - Starting new HTTPS connection (1): radar.bmkg.go.id:8060
2023-11-29 20:54:38,371 - urllib3.connectionpool - DEBUG - https://radar.bmkg.go.id:8060 "GET /getLatestLD?typeData=1 HTTP/1.1" 200 62
2023-11-29 20:54:40,142 - rasterio.env - DEBUG - Entering env context: <rasterio.env.Env object at 0x15128eb40>
2023-11-29 20:54:40,142 - rasterio.env - DEBUG - Starting outermost env
2023-11-29 20:54:40,142 - rasterio.env - DEBUG - No GDAL environment exists
2023-11-29 20:54:40,142 - rasterio.env - DEBUG - New GDAL environment <rasterio._env.GDALEnv object at 0x151595f90> created
2023-11-29 20:54:40,144 - rasterio._env - DEBUG - GDAL_DATA found in environment.
2023-11-29 20:54:40,144 - rasterio._env - DEBUG - PROJ_DATA found in environment.
2023-11-29 20:54:40,144 - rasterio._env - DEBUG - Started GDALEnv: self=<rasterio._env.GDALEnv object at 0x151595f90>.
2023-11-29 20:54:40,144 - rasterio.env - DEBUG - Entered env context: <rasterio.env.Env object at 0x15128eb40>
2023-11-29 20:54:40,145 - rasterio._base - DEBUG - Sharing flag: 0
2023-11-29 20:54:40,146 - rasterio._base - DEBUG - Nodata success: 0, Nodata value: 0.000000
2023-11-29 20:54:40,146 - rasterio._base - DEBUG - Dataset <open DatasetReader name='/Users/abidinz/Projects/present_weather/src/H09_B13_Indonesia_20231129.Z1340.cor.tiff' mode='r'> is started.
2023-11-29 20:54:40,147 - rasterio.env - DEBUG - Exiting env context: <rasterio.env.Env object at 0x15128eb40>
2023-11-29 20:54:40,147 - rasterio.env - DEBUG - Cleared existing <rasterio._env.GDALEnv object at 0x151595f90> options
2023-11-29 20:54:40,147 - rasterio._env - DEBUG - Stopped GDALEnv <rasterio._env.GDALEnv object at 0x151595f90>.
2023-11-29 20:54:40,147 - rasterio.env - DEBUG - Exiting outermost env
2023-11-29 20:54:40,147 - rasterio.env - DEBUG - Exited env context: <rasterio.env.Env object at 0x15128eb40>
2023-11-29 20:54:40,147 - rasterio.env - DEBUG - Entering env context: <rasterio.env.Env object at 0x1539070e0>
2023-11-29 20:54:40,147 - rasterio.env - DEBUG - Starting outermost env
2023-11-29 20:54:40,147 - rasterio.env - DEBUG - No GDAL environment exists
2023-11-29 20:54:40,147 - rasterio.env - DEBUG - New GDAL environment <rasterio._env.GDALEnv object at 0x1539052a0> created
2023-11-29 20:54:40,148 - rasterio._env - DEBUG - GDAL_DATA found in environment.
2023-11-29 20:54:40,148 - rasterio._env - DEBUG - PROJ_DATA found in environment.
2023-11-29 20:54:40,148 - rasterio._env - DEBUG - Started GDALEnv: self=<rasterio._env.GDALEnv object at 0x1539052a0>.
2023-11-29 20:54:40,148 - rasterio.env - DEBUG - Entered env context: <rasterio.env.Env object at 0x1539070e0>
2023-11-29 20:54:40,148 - rasterio._base - DEBUG - Sharing flag: 0
2023-11-29 20:54:40,149 - rasterio._base - DEBUG - Nodata success: 0, Nodata value: 0.000000
2023-11-29 20:54:40,149 - rasterio._base - DEBUG - Dataset <open DatasetReader name='/Users/abidinz/Projects/present_weather/src/H09_B13_Indonesia_20231129.Z1340.cor.tiff' mode='r'> is started.
2023-11-29 20:54:40,149 - rasterio.env - DEBUG - Exiting env context: <rasterio.env.Env object at 0x1539070e0>
2023-11-29 20:54:40,149 - rasterio.env - DEBUG - Cleared existing <rasterio._env.GDALEnv object at 0x1539052a0> options
2023-11-29 20:54:40,149 - rasterio._env - DEBUG - Stopped GDALEnv <rasterio._env.GDALEnv object at 0x1539052a0>.
2023-11-29 20:54:40,150 - rasterio.env - DEBUG - Exiting outermost env
2023-11-29 20:54:40,150 - rasterio.env - DEBUG - Exited env context: <rasterio.env.Env object at 0x1539070e0>
2023-11-29 20:54:40,155 - root - INFO - Generating present weather using SATELITE data
2023-11-29 20:55:03,468 - root - INFO - Total elapsed time: 0:00:28.162574
