2023-11-24 11:43:03,461 - root - INFO - Initiating present weather
2023-11-24 11:43:03,463 - asyncio - DEBUG - Using selector: EpollSelector
2023-11-24 11:43:07,165 - urllib3.connectionpool - DEBUG - Starting new HTTPS connection (1): radar.bmkg.go.id:8060
2023-11-24 11:43:07,231 - urllib3.connectionpool - DEBUG - https://radar.bmkg.go.id:8060 "GET /getRadarGeotif?token=19387e71e78522ae4172ec0fda640983b8438c9cfa0ca571623cb69d8327&radar=amandemenForecast&type=latest HTTP/1.1" 200 90
2023-11-24 11:43:07,234 - rasterio.env - DEBUG - Entering env context: <rasterio.env.Env object at 0x7f5f6881ffe0>
2023-11-24 11:43:07,235 - rasterio.env - DEBUG - Starting outermost env
2023-11-24 11:43:07,235 - rasterio.env - DEBUG - No GDAL environment exists
2023-11-24 11:43:07,235 - rasterio.env - DEBUG - New GDAL environment <rasterio._env.GDALEnv object at 0x7f5f6881e860> created
2023-11-24 11:43:07,240 - rasterio._filepath - DEBUG - Installing FilePath filesystem handler plugin...
2023-11-24 11:43:07,240 - rasterio._env - DEBUG - GDAL data found in package: path='/home/swx/miniconda3/envs/present_weather/lib/python3.12/site-packages/rasterio/gdal_data'.
2023-11-24 11:43:07,240 - rasterio._env - DEBUG - PROJ_LIB found in environment.
2023-11-24 11:43:07,240 - rasterio._env - DEBUG - Started GDALEnv: self=<rasterio._env.GDALEnv object at 0x7f5f6881e860>.
2023-11-24 11:43:07,240 - rasterio.env - DEBUG - Entered env context: <rasterio.env.Env object at 0x7f5f6881ffe0>
2023-11-24 11:43:07,241 - rasterio._base - DEBUG - Sharing flag: 0
2023-11-24 11:43:07,443 - rasterio._base - DEBUG - Nodata success: 1, Nodata value: nan
2023-11-24 11:43:07,443 - rasterio._base - DEBUG - Dataset <open DatasetReader name='https://radar.bmkg.go.id/raster/radarsatelit_202311241140.tif' mode='r'> is started.
2023-11-24 11:43:07,444 - rasterio.env - DEBUG - Exiting env context: <rasterio.env.Env object at 0x7f5f6881ffe0>
2023-11-24 11:43:07,444 - rasterio.env - DEBUG - Cleared existing <rasterio._env.GDALEnv object at 0x7f5f6881e860> options
2023-11-24 11:43:07,444 - rasterio._env - DEBUG - Stopped GDALEnv <rasterio._env.GDALEnv object at 0x7f5f6881e860>.
2023-11-24 11:43:07,444 - rasterio.env - DEBUG - Exiting outermost env
2023-11-24 11:43:07,444 - rasterio.env - DEBUG - Exited env context: <rasterio.env.Env object at 0x7f5f6881ffe0>
2023-11-24 11:43:07,444 - rasterio.env - DEBUG - Entering env context: <rasterio.env.Env object at 0x7f5f63aec890>
2023-11-24 11:43:07,444 - rasterio.env - DEBUG - Starting outermost env
2023-11-24 11:43:07,444 - rasterio.env - DEBUG - No GDAL environment exists
2023-11-24 11:43:07,444 - rasterio.env - DEBUG - New GDAL environment <rasterio._env.GDALEnv object at 0x7f5f6881ffd0> created
2023-11-24 11:43:07,445 - rasterio._env - DEBUG - GDAL data found in package: path='/home/swx/miniconda3/envs/present_weather/lib/python3.12/site-packages/rasterio/gdal_data'.
2023-11-24 11:43:07,445 - rasterio._env - DEBUG - PROJ_LIB found in environment.
2023-11-24 11:43:07,446 - rasterio._env - DEBUG - Started GDALEnv: self=<rasterio._env.GDALEnv object at 0x7f5f6881ffd0>.
2023-11-24 11:43:07,446 - rasterio.env - DEBUG - Entered env context: <rasterio.env.Env object at 0x7f5f63aec890>
2023-11-24 11:43:07,446 - rasterio.env - DEBUG - Got a copy of environment <rasterio._env.GDALEnv object at 0x7f5f6881ffd0> options
2023-11-24 11:43:07,446 - rasterio.env - DEBUG - Entering env context: <rasterio.env.Env object at 0x7f5f60d49100>
2023-11-24 11:43:07,446 - rasterio.env - DEBUG - Got a copy of environment <rasterio._env.GDALEnv object at 0x7f5f6881ffd0> options
2023-11-24 11:43:07,447 - rasterio.env - DEBUG - Entered env context: <rasterio.env.Env object at 0x7f5f60d49100>
2023-11-24 11:43:07,447 - rasterio._base - DEBUG - Sharing flag: 0
2023-11-24 11:43:07,448 - rasterio._base - DEBUG - Nodata success: 1, Nodata value: nan
2023-11-24 11:43:07,448 - rasterio._base - DEBUG - Dataset <open DatasetReader name='https://radar.bmkg.go.id/raster/radarsatelit_202311241140.tif' mode='r'> is started.
2023-11-24 11:43:07,448 - rasterio.env - DEBUG - Exiting env context: <rasterio.env.Env object at 0x7f5f60d49100>
2023-11-24 11:43:07,448 - rasterio.env - DEBUG - Cleared existing <rasterio._env.GDALEnv object at 0x7f5f6881ffd0> options
2023-11-24 11:43:07,449 - rasterio._env - DEBUG - Stopped GDALEnv <rasterio._env.GDALEnv object at 0x7f5f6881ffd0>.
2023-11-24 11:43:07,449 - rasterio.env - DEBUG - No GDAL environment exists
2023-11-24 11:43:07,449 - rasterio.env - DEBUG - New GDAL environment <rasterio._env.GDALEnv object at 0x7f5f6881ffd0> created
2023-11-24 11:43:07,449 - rasterio._env - DEBUG - GDAL data found in package: path='/home/swx/miniconda3/envs/present_weather/lib/python3.12/site-packages/rasterio/gdal_data'.
2023-11-24 11:43:07,449 - rasterio._env - DEBUG - PROJ_LIB found in environment.
2023-11-24 11:43:07,450 - rasterio._env - DEBUG - Started GDALEnv: self=<rasterio._env.GDALEnv object at 0x7f5f6881ffd0>.
2023-11-24 11:43:07,450 - rasterio.env - DEBUG - Exited env context: <rasterio.env.Env object at 0x7f5f60d49100>
2023-11-24 11:43:07,475 - rasterio._io - DEBUG - Output nodata value read from file: nan
2023-11-24 11:43:07,476 - rasterio._io - DEBUG - Output nodata values: [nan]
2023-11-24 11:43:07,476 - rasterio._io - DEBUG - all_valid: False
2023-11-24 11:43:07,476 - rasterio._io - DEBUG - mask_flags: ([<MaskFlags.nodata: 8>],)
2023-11-24 11:43:07,477 - rasterio._io - DEBUG - Jump straight to _read()
2023-11-24 11:43:07,477 - rasterio._io - DEBUG - Window: Window(col_off=0, row_off=0, width=10215, height=3792)
2023-11-24 11:43:07,477 - rasterio._io - DEBUG - IO window xoff=0.0 yoff=0.0 width=10215.0 height=3792.0
2023-11-24 11:43:08,430 - rasterio.env - DEBUG - Exiting env context: <rasterio.env.Env object at 0x7f5f63aec890>
2023-11-24 11:43:08,430 - rasterio.env - DEBUG - Cleared existing <rasterio._env.GDALEnv object at 0x7f5f6881ffd0> options
2023-11-24 11:43:08,431 - rasterio._env - DEBUG - Stopped GDALEnv <rasterio._env.GDALEnv object at 0x7f5f6881ffd0>.
2023-11-24 11:43:08,431 - rasterio.env - DEBUG - Exiting outermost env
2023-11-24 11:43:08,431 - rasterio.env - DEBUG - Exited env context: <rasterio.env.Env object at 0x7f5f63aec890>
2023-11-24 11:43:08,434 - urllib3.connectionpool - DEBUG - Starting new HTTPS connection (1): radar.bmkg.go.id:8060
2023-11-24 11:43:08,487 - urllib3.connectionpool - DEBUG - https://radar.bmkg.go.id:8060 "GET /getLatestLD?typeData=1 HTTP/1.1" 200 16527
2023-11-24 11:43:08,501 - root - INFO - Generating present weather using RADAR data
2023-11-24 11:43:11,965 - root - INFO - dask.bag<lambda, npartitions=20>
2023-11-24 11:56:47,721 - root - INFO - Total elapsed time: 0:13:44.260378
