2023-12-10 17:53:02,475 - root - INFO - Initiating present weather
2023-12-10 17:53:02,477 - asyncio - DEBUG - Using selector: EpollSelector
2023-12-10 17:53:04,070 - urllib3.connectionpool - DEBUG - Starting new HTTPS connection (1): radar.bmkg.go.id:8060
2023-12-10 17:53:04,083 - urllib3.connectionpool - DEBUG - https://radar.bmkg.go.id:8060 "GET /getLatestLD?typeData=1 HTTP/1.1" 200 62
2023-12-10 17:53:04,085 - urllib3.connectionpool - DEBUG - Starting new HTTPS connection (1): radar.bmkg.go.id:8060
2023-12-10 17:53:04,105 - urllib3.connectionpool - DEBUG - https://radar.bmkg.go.id:8060 "GET /getRadarGeotif?token=19387e71e78522ae4172ec0fda640983b8438c9cfa0ca571623cb69d8327&radar=amandemenForecast&type=latest HTTP/1.1" 200 90
2023-12-10 17:53:04,106 - rasterio.env - DEBUG - Entering env context: <rasterio.env.Env object at 0x7f7f015b2d10>
2023-12-10 17:53:04,106 - rasterio.env - DEBUG - Starting outermost env
2023-12-10 17:53:04,107 - rasterio.env - DEBUG - No GDAL environment exists
2023-12-10 17:53:04,107 - rasterio.env - DEBUG - New GDAL environment <rasterio._env.GDALEnv object at 0x7f7f015b2c20> created
2023-12-10 17:53:04,109 - rasterio._filepath - DEBUG - Installing FilePath filesystem handler plugin...
2023-12-10 17:53:04,109 - rasterio._env - DEBUG - GDAL data found in package: path='/home/metpublic/PYTHON_VENV/present_weather/lib/python3.10/site-packages/rasterio/gdal_data'.
2023-12-10 17:53:04,109 - rasterio._env - DEBUG - PROJ data found in package: path='/home/metpublic/PYTHON_VENV/present_weather/lib/python3.10/site-packages/rasterio/proj_data'.
2023-12-10 17:53:04,110 - rasterio._env - DEBUG - Started GDALEnv: self=<rasterio._env.GDALEnv object at 0x7f7f015b2c20>.
2023-12-10 17:53:04,110 - rasterio.env - DEBUG - Entered env context: <rasterio.env.Env object at 0x7f7f015b2d10>
2023-12-10 17:53:04,110 - rasterio._base - DEBUG - Sharing flag: 0
2023-12-10 17:53:04,369 - rasterio._base - DEBUG - Nodata success: 1, Nodata value: nan
2023-12-10 17:53:04,370 - rasterio._base - DEBUG - Dataset <open DatasetReader name='https://radar.bmkg.go.id/raster/radarsatelit_202312101750.tif' mode='r'> is started.
2023-12-10 17:53:04,370 - rasterio.env - DEBUG - Exiting env context: <rasterio.env.Env object at 0x7f7f015b2d10>
2023-12-10 17:53:04,370 - rasterio.env - DEBUG - Cleared existing <rasterio._env.GDALEnv object at 0x7f7f015b2c20> options
2023-12-10 17:53:04,370 - rasterio._env - DEBUG - Stopped GDALEnv <rasterio._env.GDALEnv object at 0x7f7f015b2c20>.
2023-12-10 17:53:04,371 - rasterio.env - DEBUG - Exiting outermost env
2023-12-10 17:53:04,371 - rasterio.env - DEBUG - Exited env context: <rasterio.env.Env object at 0x7f7f015b2d10>
2023-12-10 17:53:04,371 - rasterio.env - DEBUG - Entering env context: <rasterio.env.Env object at 0x7f7f00c40a60>
2023-12-10 17:53:04,371 - rasterio.env - DEBUG - Starting outermost env
2023-12-10 17:53:04,371 - rasterio.env - DEBUG - No GDAL environment exists
2023-12-10 17:53:04,371 - rasterio.env - DEBUG - New GDAL environment <rasterio._env.GDALEnv object at 0x7f7f015b2c20> created
2023-12-10 17:53:04,371 - rasterio._env - DEBUG - GDAL data found in package: path='/home/metpublic/PYTHON_VENV/present_weather/lib/python3.10/site-packages/rasterio/gdal_data'.
2023-12-10 17:53:04,371 - rasterio._env - DEBUG - PROJ data found in package: path='/home/metpublic/PYTHON_VENV/present_weather/lib/python3.10/site-packages/rasterio/proj_data'.
2023-12-10 17:53:04,372 - rasterio._env - DEBUG - Started GDALEnv: self=<rasterio._env.GDALEnv object at 0x7f7f015b2c20>.
2023-12-10 17:53:04,372 - rasterio.env - DEBUG - Entered env context: <rasterio.env.Env object at 0x7f7f00c40a60>
2023-12-10 17:53:04,372 - rasterio.env - DEBUG - Got a copy of environment <rasterio._env.GDALEnv object at 0x7f7f015b2c20> options
2023-12-10 17:53:04,372 - rasterio.env - DEBUG - Entering env context: <rasterio.env.Env object at 0x7f7f0034e050>
2023-12-10 17:53:04,372 - rasterio.env - DEBUG - Got a copy of environment <rasterio._env.GDALEnv object at 0x7f7f015b2c20> options
2023-12-10 17:53:04,372 - rasterio.env - DEBUG - Entered env context: <rasterio.env.Env object at 0x7f7f0034e050>
2023-12-10 17:53:04,372 - rasterio._base - DEBUG - Sharing flag: 0
2023-12-10 17:53:04,373 - rasterio._base - DEBUG - Nodata success: 1, Nodata value: nan
2023-12-10 17:53:04,373 - rasterio._base - DEBUG - Dataset <open DatasetReader name='https://radar.bmkg.go.id/raster/radarsatelit_202312101750.tif' mode='r'> is started.
2023-12-10 17:53:04,373 - rasterio.env - DEBUG - Exiting env context: <rasterio.env.Env object at 0x7f7f0034e050>
2023-12-10 17:53:04,373 - rasterio.env - DEBUG - Cleared existing <rasterio._env.GDALEnv object at 0x7f7f015b2c20> options
2023-12-10 17:53:04,373 - rasterio._env - DEBUG - Stopped GDALEnv <rasterio._env.GDALEnv object at 0x7f7f015b2c20>.
2023-12-10 17:53:04,374 - rasterio.env - DEBUG - No GDAL environment exists
2023-12-10 17:53:04,374 - rasterio.env - DEBUG - New GDAL environment <rasterio._env.GDALEnv object at 0x7f7f015b2c20> created
2023-12-10 17:53:04,374 - rasterio._env - DEBUG - GDAL data found in package: path='/home/metpublic/PYTHON_VENV/present_weather/lib/python3.10/site-packages/rasterio/gdal_data'.
2023-12-10 17:53:04,374 - rasterio._env - DEBUG - PROJ data found in package: path='/home/metpublic/PYTHON_VENV/present_weather/lib/python3.10/site-packages/rasterio/proj_data'.
2023-12-10 17:53:04,374 - rasterio._env - DEBUG - Started GDALEnv: self=<rasterio._env.GDALEnv object at 0x7f7f015b2c20>.
2023-12-10 17:53:04,374 - rasterio.env - DEBUG - Exited env context: <rasterio.env.Env object at 0x7f7f0034e050>
2023-12-10 17:53:04,391 - rasterio._io - DEBUG - Output nodata value read from file: nan
2023-12-10 17:53:04,391 - rasterio._io - DEBUG - Output nodata values: [nan]
2023-12-10 17:53:04,391 - rasterio._io - DEBUG - all_valid: False
2023-12-10 17:53:04,391 - rasterio._io - DEBUG - mask_flags: ([<MaskFlags.nodata: 8>],)
2023-12-10 17:53:04,391 - rasterio._io - DEBUG - Jump straight to _read()
2023-12-10 17:53:04,391 - rasterio._io - DEBUG - Window: Window(col_off=0, row_off=0, width=10177, height=3692)
2023-12-10 17:53:04,392 - rasterio._io - DEBUG - IO window xoff=0.0 yoff=0.0 width=10177.0 height=3692.0
2023-12-10 17:53:04,969 - rasterio.env - DEBUG - Exiting env context: <rasterio.env.Env object at 0x7f7f00c40a60>
2023-12-10 17:53:04,969 - rasterio.env - DEBUG - Cleared existing <rasterio._env.GDALEnv object at 0x7f7f015b2c20> options
2023-12-10 17:53:04,969 - rasterio._env - DEBUG - Stopped GDALEnv <rasterio._env.GDALEnv object at 0x7f7f015b2c20>.
2023-12-10 17:53:04,969 - rasterio.env - DEBUG - Exiting outermost env
2023-12-10 17:53:04,969 - rasterio.env - DEBUG - Exited env context: <rasterio.env.Env object at 0x7f7f00c40a60>
2023-12-10 17:57:31,441 - rasterio.env - DEBUG - Entering env context: <rasterio.env.Env object at 0x7f7f003c9660>
2023-12-10 17:57:31,442 - rasterio.env - DEBUG - Starting outermost env
2023-12-10 17:57:31,442 - rasterio.env - DEBUG - No GDAL environment exists
2023-12-10 17:57:31,442 - rasterio.env - DEBUG - New GDAL environment <rasterio._env.GDALEnv object at 0x7f7f003c9120> created
2023-12-10 17:57:31,442 - rasterio._env - DEBUG - GDAL data found in package: path='/home/metpublic/PYTHON_VENV/present_weather/lib/python3.10/site-packages/rasterio/gdal_data'.
2023-12-10 17:57:31,443 - rasterio._env - DEBUG - PROJ data found in package: path='/home/metpublic/PYTHON_VENV/present_weather/lib/python3.10/site-packages/rasterio/proj_data'.
2023-12-10 17:57:31,443 - rasterio._env - DEBUG - Started GDALEnv: self=<rasterio._env.GDALEnv object at 0x7f7f003c9120>.
2023-12-10 17:57:31,443 - rasterio.env - DEBUG - Entered env context: <rasterio.env.Env object at 0x7f7f003c9660>
2023-12-10 17:57:31,443 - rasterio._base - DEBUG - Sharing flag: 0
2023-12-10 17:57:31,445 - rasterio._base - DEBUG - Nodata success: 0, Nodata value: 0.000000
2023-12-10 17:57:31,446 - rasterio._base - DEBUG - Dataset <open DatasetReader name='/home/metpublic/TASK_RELEASE/EFAN/present_weather/src/H09_B13_Indonesia_20231210.Z1740.cor.tiff' mode='r'> is started.
2023-12-10 17:57:31,446 - rasterio.env - DEBUG - Exiting env context: <rasterio.env.Env object at 0x7f7f003c9660>
2023-12-10 17:57:31,446 - rasterio.env - DEBUG - Cleared existing <rasterio._env.GDALEnv object at 0x7f7f003c9120> options
2023-12-10 17:57:31,446 - rasterio._env - DEBUG - Stopped GDALEnv <rasterio._env.GDALEnv object at 0x7f7f003c9120>.
2023-12-10 17:57:31,446 - rasterio.env - DEBUG - Exiting outermost env
2023-12-10 17:57:31,446 - rasterio.env - DEBUG - Exited env context: <rasterio.env.Env object at 0x7f7f003c9660>
2023-12-10 17:57:31,447 - rasterio.env - DEBUG - Entering env context: <rasterio.env.Env object at 0x7f7ef86a1480>
2023-12-10 17:57:31,447 - rasterio.env - DEBUG - Starting outermost env
2023-12-10 17:57:31,447 - rasterio.env - DEBUG - No GDAL environment exists
2023-12-10 17:57:31,447 - rasterio.env - DEBUG - New GDAL environment <rasterio._env.GDALEnv object at 0x7f7ef86a1060> created
2023-12-10 17:57:31,448 - rasterio._env - DEBUG - GDAL data found in package: path='/home/metpublic/PYTHON_VENV/present_weather/lib/python3.10/site-packages/rasterio/gdal_data'.
2023-12-10 17:57:31,448 - rasterio._env - DEBUG - PROJ data found in package: path='/home/metpublic/PYTHON_VENV/present_weather/lib/python3.10/site-packages/rasterio/proj_data'.
2023-12-10 17:57:31,448 - rasterio._env - DEBUG - Started GDALEnv: self=<rasterio._env.GDALEnv object at 0x7f7ef86a1060>.
2023-12-10 17:57:31,449 - rasterio.env - DEBUG - Entered env context: <rasterio.env.Env object at 0x7f7ef86a1480>
2023-12-10 17:57:31,449 - rasterio._base - DEBUG - Sharing flag: 0
2023-12-10 17:57:31,450 - rasterio._base - DEBUG - Nodata success: 0, Nodata value: 0.000000
2023-12-10 17:57:31,450 - rasterio._base - DEBUG - Dataset <open DatasetReader name='/home/metpublic/TASK_RELEASE/EFAN/present_weather/src/H09_B13_Indonesia_20231210.Z1740.cor.tiff' mode='r'> is started.
2023-12-10 17:57:31,451 - rasterio.env - DEBUG - Exiting env context: <rasterio.env.Env object at 0x7f7ef86a1480>
2023-12-10 17:57:31,451 - rasterio.env - DEBUG - Cleared existing <rasterio._env.GDALEnv object at 0x7f7ef86a1060> options
2023-12-10 17:57:31,451 - rasterio._env - DEBUG - Stopped GDALEnv <rasterio._env.GDALEnv object at 0x7f7ef86a1060>.
2023-12-10 17:57:31,451 - rasterio.env - DEBUG - Exiting outermost env
2023-12-10 17:57:31,451 - rasterio.env - DEBUG - Exited env context: <rasterio.env.Env object at 0x7f7ef86a1480>
2023-12-10 17:57:31,464 - root - INFO - Generating present weather using SATELITE data
2023-12-10 17:59:03,179 - root - INFO - Total elapsed time: 0:06:00.704476
