2023-11-05 22:00:03,870 - root - INFO - Initiating present weather
2023-11-05 22:00:03,873 - urllib3.connectionpool - DEBUG - Starting new HTTPS connection (1): radar.bmkg.go.id:8060
2023-11-05 22:00:03,942 - urllib3.connectionpool - DEBUG - https://radar.bmkg.go.id:8060 "GET /getRadarGeotif?token=19387e71e78522ae4172ec0fda640983b8438c9cfa0ca571623cb69d8327&radar=amandemenForecast&type=latest HTTP/1.1" 200 90
2023-11-05 22:00:03,944 - rasterio.env - DEBUG - Entering env context: <rasterio.env.Env object at 0x7fb8eb2c7380>
2023-11-05 22:00:03,946 - rasterio.env - DEBUG - Starting outermost env
2023-11-05 22:00:03,946 - rasterio.env - DEBUG - No GDAL environment exists
2023-11-05 22:00:03,946 - rasterio.env - DEBUG - New GDAL environment <rasterio._env.GDALEnv object at 0x7fb8eb2ff880> created
2023-11-05 22:00:03,950 - rasterio._filepath - DEBUG - Installing FilePath filesystem handler plugin...
2023-11-05 22:00:03,950 - rasterio._env - DEBUG - GDAL data found in package: path='/home/swx/miniconda3/envs/present_weather/lib/python3.12/site-packages/rasterio/gdal_data'.
2023-11-05 22:00:03,950 - rasterio._env - DEBUG - PROJ_LIB found in environment.
2023-11-05 22:00:03,951 - rasterio._env - DEBUG - Started GDALEnv: self=<rasterio._env.GDALEnv object at 0x7fb8eb2ff880>.
2023-11-05 22:00:03,951 - rasterio.env - DEBUG - Entered env context: <rasterio.env.Env object at 0x7fb8eb2c7380>
2023-11-05 22:00:03,951 - rasterio._base - DEBUG - Sharing flag: 0
2023-11-05 22:00:04,124 - rasterio._base - DEBUG - Nodata success: 1, Nodata value: nan
2023-11-05 22:00:04,124 - rasterio._base - DEBUG - Dataset <open DatasetReader name='https://radar.bmkg.go.id/raster/radarsatelit_202311052140.tif' mode='r'> is started.
2023-11-05 22:00:04,125 - rasterio.env - DEBUG - Exiting env context: <rasterio.env.Env object at 0x7fb8eb2c7380>
2023-11-05 22:00:04,125 - rasterio.env - DEBUG - Cleared existing <rasterio._env.GDALEnv object at 0x7fb8eb2ff880> options
2023-11-05 22:00:04,125 - rasterio._env - DEBUG - Stopped GDALEnv <rasterio._env.GDALEnv object at 0x7fb8eb2ff880>.
2023-11-05 22:00:04,125 - rasterio.env - DEBUG - Exiting outermost env
2023-11-05 22:00:04,125 - rasterio.env - DEBUG - Exited env context: <rasterio.env.Env object at 0x7fb8eb2c7380>
2023-11-05 22:00:04,126 - rasterio.env - DEBUG - Entering env context: <rasterio.env.Env object at 0x7fb945b8f9e0>
2023-11-05 22:00:04,126 - rasterio.env - DEBUG - Starting outermost env
2023-11-05 22:00:04,126 - rasterio.env - DEBUG - No GDAL environment exists
2023-11-05 22:00:04,126 - rasterio.env - DEBUG - New GDAL environment <rasterio._env.GDALEnv object at 0x7fb8eb2c7370> created
2023-11-05 22:00:04,127 - rasterio._env - DEBUG - GDAL data found in package: path='/home/swx/miniconda3/envs/present_weather/lib/python3.12/site-packages/rasterio/gdal_data'.
2023-11-05 22:00:04,127 - rasterio._env - DEBUG - PROJ_LIB found in environment.
2023-11-05 22:00:04,127 - rasterio._env - DEBUG - Started GDALEnv: self=<rasterio._env.GDALEnv object at 0x7fb8eb2c7370>.
2023-11-05 22:00:04,127 - rasterio.env - DEBUG - Entered env context: <rasterio.env.Env object at 0x7fb945b8f9e0>
2023-11-05 22:00:04,129 - rasterio.env - DEBUG - Got a copy of environment <rasterio._env.GDALEnv object at 0x7fb8eb2c7370> options
2023-11-05 22:00:04,129 - rasterio.env - DEBUG - Entering env context: <rasterio.env.Env object at 0x7fb92c680680>
2023-11-05 22:00:04,129 - rasterio.env - DEBUG - Got a copy of environment <rasterio._env.GDALEnv object at 0x7fb8eb2c7370> options
2023-11-05 22:00:04,129 - rasterio.env - DEBUG - Entered env context: <rasterio.env.Env object at 0x7fb92c680680>
2023-11-05 22:00:04,129 - rasterio._base - DEBUG - Sharing flag: 0
2023-11-05 22:00:04,130 - rasterio._base - DEBUG - Nodata success: 1, Nodata value: nan
2023-11-05 22:00:04,130 - rasterio._base - DEBUG - Dataset <open DatasetReader name='https://radar.bmkg.go.id/raster/radarsatelit_202311052140.tif' mode='r'> is started.
2023-11-05 22:00:04,130 - rasterio.env - DEBUG - Exiting env context: <rasterio.env.Env object at 0x7fb92c680680>
2023-11-05 22:00:04,130 - rasterio.env - DEBUG - Cleared existing <rasterio._env.GDALEnv object at 0x7fb8eb2c7370> options
2023-11-05 22:00:04,131 - rasterio._env - DEBUG - Stopped GDALEnv <rasterio._env.GDALEnv object at 0x7fb8eb2c7370>.
2023-11-05 22:00:04,131 - rasterio.env - DEBUG - No GDAL environment exists
2023-11-05 22:00:04,131 - rasterio.env - DEBUG - New GDAL environment <rasterio._env.GDALEnv object at 0x7fb8eb2c7370> created
2023-11-05 22:00:04,131 - rasterio._env - DEBUG - GDAL data found in package: path='/home/swx/miniconda3/envs/present_weather/lib/python3.12/site-packages/rasterio/gdal_data'.
2023-11-05 22:00:04,131 - rasterio._env - DEBUG - PROJ_LIB found in environment.
2023-11-05 22:00:04,132 - rasterio._env - DEBUG - Started GDALEnv: self=<rasterio._env.GDALEnv object at 0x7fb8eb2c7370>.
2023-11-05 22:00:04,132 - rasterio.env - DEBUG - Exited env context: <rasterio.env.Env object at 0x7fb92c680680>
2023-11-05 22:00:04,173 - rasterio._io - DEBUG - Output nodata value read from file: nan
2023-11-05 22:00:04,174 - rasterio._io - DEBUG - Output nodata values: [nan]
2023-11-05 22:00:04,174 - rasterio._io - DEBUG - all_valid: False
2023-11-05 22:00:04,174 - rasterio._io - DEBUG - mask_flags: ([<MaskFlags.nodata: 8>],)
2023-11-05 22:00:04,175 - rasterio._io - DEBUG - Jump straight to _read()
2023-11-05 22:00:04,175 - rasterio._io - DEBUG - Window: Window(col_off=0, row_off=0, width=10215, height=3792)
2023-11-05 22:00:04,175 - rasterio._io - DEBUG - IO window xoff=0.0 yoff=0.0 width=10215.0 height=3792.0
2023-11-05 22:00:04,835 - rasterio.env - DEBUG - Exiting env context: <rasterio.env.Env object at 0x7fb945b8f9e0>
2023-11-05 22:00:04,835 - rasterio.env - DEBUG - Cleared existing <rasterio._env.GDALEnv object at 0x7fb8eb2c7370> options
2023-11-05 22:00:04,835 - rasterio._env - DEBUG - Stopped GDALEnv <rasterio._env.GDALEnv object at 0x7fb8eb2c7370>.
2023-11-05 22:00:04,835 - rasterio.env - DEBUG - Exiting outermost env
2023-11-05 22:00:04,835 - rasterio.env - DEBUG - Exited env context: <rasterio.env.Env object at 0x7fb945b8f9e0>
2023-11-05 22:00:04,838 - urllib3.connectionpool - DEBUG - Starting new HTTPS connection (1): radar.bmkg.go.id:8060
2023-11-05 22:00:04,953 - urllib3.connectionpool - DEBUG - https://radar.bmkg.go.id:8060 "GET /getLatestLD?typeData=1 HTTP/1.1" 200 128442
2023-11-05 22:00:05,028 - asyncio - DEBUG - Using selector: EpollSelector
2023-11-05 22:16:31,419 - root - INFO - Total elapsed time: 0:16:27.548902
