2023-11-27 00:23:03,313 - root - INFO - Initiating present weather
2023-11-27 00:23:03,316 - asyncio - DEBUG - Using selector: EpollSelector
2023-11-27 00:23:06,565 - urllib3.connectionpool - DEBUG - Starting new HTTPS connection (1): radar.bmkg.go.id:8060
2023-11-27 00:23:06,618 - urllib3.connectionpool - DEBUG - https://radar.bmkg.go.id:8060 "GET /getRadarGeotif?token=19387e71e78522ae4172ec0fda640983b8438c9cfa0ca571623cb69d8327&radar=amandemenForecast&type=latest HTTP/1.1" 200 90
2023-11-27 00:23:06,620 - rasterio.env - DEBUG - Entering env context: <rasterio.env.Env object at 0x7f915c5ae0c0>
2023-11-27 00:23:06,621 - rasterio.env - DEBUG - Starting outermost env
2023-11-27 00:23:06,621 - rasterio.env - DEBUG - No GDAL environment exists
2023-11-27 00:23:06,621 - rasterio.env - DEBUG - New GDAL environment <rasterio._env.GDALEnv object at 0x7f915c539330> created
2023-11-27 00:23:06,624 - rasterio._filepath - DEBUG - Installing FilePath filesystem handler plugin...
2023-11-27 00:23:06,624 - rasterio._env - DEBUG - GDAL data found in package: path='/home/swx/miniconda3/envs/present_weather/lib/python3.12/site-packages/rasterio/gdal_data'.
2023-11-27 00:23:06,624 - rasterio._env - DEBUG - PROJ_LIB found in environment.
2023-11-27 00:23:06,625 - rasterio._env - DEBUG - Started GDALEnv: self=<rasterio._env.GDALEnv object at 0x7f915c539330>.
2023-11-27 00:23:06,625 - rasterio.env - DEBUG - Entered env context: <rasterio.env.Env object at 0x7f915c5ae0c0>
2023-11-27 00:23:06,625 - rasterio._base - DEBUG - Sharing flag: 0
2023-11-27 00:23:06,831 - rasterio._base - DEBUG - Nodata success: 1, Nodata value: nan
2023-11-27 00:23:06,831 - rasterio._base - DEBUG - Dataset <open DatasetReader name='https://radar.bmkg.go.id/raster/radarsatelit_202311270020.tif' mode='r'> is started.
2023-11-27 00:23:06,832 - rasterio.env - DEBUG - Exiting env context: <rasterio.env.Env object at 0x7f915c5ae0c0>
2023-11-27 00:23:06,832 - rasterio.env - DEBUG - Cleared existing <rasterio._env.GDALEnv object at 0x7f915c539330> options
2023-11-27 00:23:06,832 - rasterio._env - DEBUG - Stopped GDALEnv <rasterio._env.GDALEnv object at 0x7f915c539330>.
2023-11-27 00:23:06,832 - rasterio.env - DEBUG - Exiting outermost env
2023-11-27 00:23:06,832 - rasterio.env - DEBUG - Exited env context: <rasterio.env.Env object at 0x7f915c5ae0c0>
2023-11-27 00:23:06,832 - rasterio.env - DEBUG - Entering env context: <rasterio.env.Env object at 0x7f915c5ae480>
2023-11-27 00:23:06,832 - rasterio.env - DEBUG - Starting outermost env
2023-11-27 00:23:06,833 - rasterio.env - DEBUG - No GDAL environment exists
2023-11-27 00:23:06,833 - rasterio.env - DEBUG - New GDAL environment <rasterio._env.GDALEnv object at 0x7f915c539330> created
2023-11-27 00:23:06,833 - rasterio._env - DEBUG - GDAL data found in package: path='/home/swx/miniconda3/envs/present_weather/lib/python3.12/site-packages/rasterio/gdal_data'.
2023-11-27 00:23:06,833 - rasterio._env - DEBUG - PROJ_LIB found in environment.
2023-11-27 00:23:06,834 - rasterio._env - DEBUG - Started GDALEnv: self=<rasterio._env.GDALEnv object at 0x7f915c539330>.
2023-11-27 00:23:06,834 - rasterio.env - DEBUG - Entered env context: <rasterio.env.Env object at 0x7f915c5ae480>
2023-11-27 00:23:06,834 - rasterio.env - DEBUG - Got a copy of environment <rasterio._env.GDALEnv object at 0x7f915c539330> options
2023-11-27 00:23:06,835 - rasterio.env - DEBUG - Entering env context: <rasterio.env.Env object at 0x7f915c508530>
2023-11-27 00:23:06,835 - rasterio.env - DEBUG - Got a copy of environment <rasterio._env.GDALEnv object at 0x7f915c539330> options
2023-11-27 00:23:06,835 - rasterio.env - DEBUG - Entered env context: <rasterio.env.Env object at 0x7f915c508530>
2023-11-27 00:23:06,835 - rasterio._base - DEBUG - Sharing flag: 0
2023-11-27 00:23:06,837 - rasterio._base - DEBUG - Nodata success: 1, Nodata value: nan
2023-11-27 00:23:06,837 - rasterio._base - DEBUG - Dataset <open DatasetReader name='https://radar.bmkg.go.id/raster/radarsatelit_202311270020.tif' mode='r'> is started.
2023-11-27 00:23:06,837 - rasterio.env - DEBUG - Exiting env context: <rasterio.env.Env object at 0x7f915c508530>
2023-11-27 00:23:06,837 - rasterio.env - DEBUG - Cleared existing <rasterio._env.GDALEnv object at 0x7f915c539330> options
2023-11-27 00:23:06,837 - rasterio._env - DEBUG - Stopped GDALEnv <rasterio._env.GDALEnv object at 0x7f915c539330>.
2023-11-27 00:23:06,838 - rasterio.env - DEBUG - No GDAL environment exists
2023-11-27 00:23:06,838 - rasterio.env - DEBUG - New GDAL environment <rasterio._env.GDALEnv object at 0x7f915c539330> created
2023-11-27 00:23:06,838 - rasterio._env - DEBUG - GDAL data found in package: path='/home/swx/miniconda3/envs/present_weather/lib/python3.12/site-packages/rasterio/gdal_data'.
2023-11-27 00:23:06,838 - rasterio._env - DEBUG - PROJ_LIB found in environment.
2023-11-27 00:23:06,839 - rasterio._env - DEBUG - Started GDALEnv: self=<rasterio._env.GDALEnv object at 0x7f915c539330>.
2023-11-27 00:23:06,839 - rasterio.env - DEBUG - Exited env context: <rasterio.env.Env object at 0x7f915c508530>
2023-11-27 00:23:06,868 - rasterio._io - DEBUG - Output nodata value read from file: nan
2023-11-27 00:23:06,868 - rasterio._io - DEBUG - Output nodata values: [nan]
2023-11-27 00:23:06,869 - rasterio._io - DEBUG - all_valid: False
2023-11-27 00:23:06,869 - rasterio._io - DEBUG - mask_flags: ([<MaskFlags.nodata: 8>],)
2023-11-27 00:23:06,869 - rasterio._io - DEBUG - Jump straight to _read()
2023-11-27 00:23:06,869 - rasterio._io - DEBUG - Window: Window(col_off=0, row_off=0, width=10215, height=3792)
2023-11-27 00:23:06,870 - rasterio._io - DEBUG - IO window xoff=0.0 yoff=0.0 width=10215.0 height=3792.0
2023-11-27 00:23:07,556 - rasterio.env - DEBUG - Exiting env context: <rasterio.env.Env object at 0x7f915c5ae480>
2023-11-27 00:23:07,556 - rasterio.env - DEBUG - Cleared existing <rasterio._env.GDALEnv object at 0x7f915c539330> options
2023-11-27 00:23:07,556 - rasterio._env - DEBUG - Stopped GDALEnv <rasterio._env.GDALEnv object at 0x7f915c539330>.
2023-11-27 00:23:07,556 - rasterio.env - DEBUG - Exiting outermost env
2023-11-27 00:23:07,556 - rasterio.env - DEBUG - Exited env context: <rasterio.env.Env object at 0x7f915c5ae480>
2023-11-27 00:23:07,558 - urllib3.connectionpool - DEBUG - Starting new HTTPS connection (1): radar.bmkg.go.id:8060
2023-11-27 00:23:07,609 - urllib3.connectionpool - DEBUG - https://radar.bmkg.go.id:8060 "GET /getLatestLD?typeData=1 HTTP/1.1" 200 14671
2023-11-27 00:23:07,619 - root - INFO - Generating present weather using RADAR data
2023-11-27 00:23:10,967 - root - INFO - dask.bag<lambda, npartitions=20>
2023-11-27 00:34:25,304 - root - INFO - Total elapsed time: 0:11:21.991959
