2023-12-10 15:53:02,740 - root - INFO - Initiating present weather
2023-12-10 15:53:02,742 - asyncio - DEBUG - Using selector: EpollSelector
2023-12-10 15:53:04,356 - urllib3.connectionpool - DEBUG - Starting new HTTPS connection (1): radar.bmkg.go.id:8060
2023-12-10 15:53:04,370 - urllib3.connectionpool - DEBUG - https://radar.bmkg.go.id:8060 "GET /getLatestLD?typeData=1 HTTP/1.1" 200 62
2023-12-10 15:53:04,372 - urllib3.connectionpool - DEBUG - Starting new HTTPS connection (1): radar.bmkg.go.id:8060
2023-12-10 15:53:04,395 - urllib3.connectionpool - DEBUG - https://radar.bmkg.go.id:8060 "GET /getRadarGeotif?token=19387e71e78522ae4172ec0fda640983b8438c9cfa0ca571623cb69d8327&radar=amandemenForecast&type=latest HTTP/1.1" 200 90
2023-12-10 15:53:04,395 - rasterio.env - DEBUG - Entering env context: <rasterio.env.Env object at 0x7fd6d0443af0>
2023-12-10 15:53:04,396 - rasterio.env - DEBUG - Starting outermost env
2023-12-10 15:53:04,396 - rasterio.env - DEBUG - No GDAL environment exists
2023-12-10 15:53:04,396 - rasterio.env - DEBUG - New GDAL environment <rasterio._env.GDALEnv object at 0x7fd6d0443d30> created
2023-12-10 15:53:04,398 - rasterio._filepath - DEBUG - Installing FilePath filesystem handler plugin...
2023-12-10 15:53:04,399 - rasterio._env - DEBUG - GDAL data found in package: path='/home/metpublic/PYTHON_VENV/present_weather/lib/python3.10/site-packages/rasterio/gdal_data'.
2023-12-10 15:53:04,399 - rasterio._env - DEBUG - PROJ data found in package: path='/home/metpublic/PYTHON_VENV/present_weather/lib/python3.10/site-packages/rasterio/proj_data'.
2023-12-10 15:53:04,399 - rasterio._env - DEBUG - Started GDALEnv: self=<rasterio._env.GDALEnv object at 0x7fd6d0443d30>.
2023-12-10 15:53:04,399 - rasterio.env - DEBUG - Entered env context: <rasterio.env.Env object at 0x7fd6d0443af0>
2023-12-10 15:53:04,399 - rasterio._base - DEBUG - Sharing flag: 0
2023-12-10 15:53:04,669 - rasterio._base - DEBUG - Nodata success: 1, Nodata value: nan
2023-12-10 15:53:04,670 - rasterio._base - DEBUG - Dataset <open DatasetReader name='https://radar.bmkg.go.id/raster/radarsatelit_202312101550.tif' mode='r'> is started.
2023-12-10 15:53:04,670 - rasterio.env - DEBUG - Exiting env context: <rasterio.env.Env object at 0x7fd6d0443af0>
2023-12-10 15:53:04,670 - rasterio.env - DEBUG - Cleared existing <rasterio._env.GDALEnv object at 0x7fd6d0443d30> options
2023-12-10 15:53:04,670 - rasterio._env - DEBUG - Stopped GDALEnv <rasterio._env.GDALEnv object at 0x7fd6d0443d30>.
2023-12-10 15:53:04,670 - rasterio.env - DEBUG - Exiting outermost env
2023-12-10 15:53:04,671 - rasterio.env - DEBUG - Exited env context: <rasterio.env.Env object at 0x7fd6d0443af0>
2023-12-10 15:53:04,671 - rasterio.env - DEBUG - Entering env context: <rasterio.env.Env object at 0x7fd6d3588b20>
2023-12-10 15:53:04,671 - rasterio.env - DEBUG - Starting outermost env
2023-12-10 15:53:04,671 - rasterio.env - DEBUG - No GDAL environment exists
2023-12-10 15:53:04,671 - rasterio.env - DEBUG - New GDAL environment <rasterio._env.GDALEnv object at 0x7fd6d35c8b20> created
2023-12-10 15:53:04,671 - rasterio._env - DEBUG - GDAL data found in package: path='/home/metpublic/PYTHON_VENV/present_weather/lib/python3.10/site-packages/rasterio/gdal_data'.
2023-12-10 15:53:04,671 - rasterio._env - DEBUG - PROJ data found in package: path='/home/metpublic/PYTHON_VENV/present_weather/lib/python3.10/site-packages/rasterio/proj_data'.
2023-12-10 15:53:04,671 - rasterio._env - DEBUG - Started GDALEnv: self=<rasterio._env.GDALEnv object at 0x7fd6d35c8b20>.
2023-12-10 15:53:04,671 - rasterio.env - DEBUG - Entered env context: <rasterio.env.Env object at 0x7fd6d3588b20>
2023-12-10 15:53:04,672 - rasterio.env - DEBUG - Got a copy of environment <rasterio._env.GDALEnv object at 0x7fd6d35c8b20> options
2023-12-10 15:53:04,672 - rasterio.env - DEBUG - Entering env context: <rasterio.env.Env object at 0x7fd6d04921d0>
2023-12-10 15:53:04,672 - rasterio.env - DEBUG - Got a copy of environment <rasterio._env.GDALEnv object at 0x7fd6d35c8b20> options
2023-12-10 15:53:04,672 - rasterio.env - DEBUG - Entered env context: <rasterio.env.Env object at 0x7fd6d04921d0>
2023-12-10 15:53:04,672 - rasterio._base - DEBUG - Sharing flag: 0
2023-12-10 15:53:04,673 - rasterio._base - DEBUG - Nodata success: 1, Nodata value: nan
2023-12-10 15:53:04,673 - rasterio._base - DEBUG - Dataset <open DatasetReader name='https://radar.bmkg.go.id/raster/radarsatelit_202312101550.tif' mode='r'> is started.
2023-12-10 15:53:04,673 - rasterio.env - DEBUG - Exiting env context: <rasterio.env.Env object at 0x7fd6d04921d0>
2023-12-10 15:53:04,673 - rasterio.env - DEBUG - Cleared existing <rasterio._env.GDALEnv object at 0x7fd6d35c8b20> options
2023-12-10 15:53:04,673 - rasterio._env - DEBUG - Stopped GDALEnv <rasterio._env.GDALEnv object at 0x7fd6d35c8b20>.
2023-12-10 15:53:04,673 - rasterio.env - DEBUG - No GDAL environment exists
2023-12-10 15:53:04,673 - rasterio.env - DEBUG - New GDAL environment <rasterio._env.GDALEnv object at 0x7fd6d35c8b20> created
2023-12-10 15:53:04,674 - rasterio._env - DEBUG - GDAL data found in package: path='/home/metpublic/PYTHON_VENV/present_weather/lib/python3.10/site-packages/rasterio/gdal_data'.
2023-12-10 15:53:04,674 - rasterio._env - DEBUG - PROJ data found in package: path='/home/metpublic/PYTHON_VENV/present_weather/lib/python3.10/site-packages/rasterio/proj_data'.
2023-12-10 15:53:04,674 - rasterio._env - DEBUG - Started GDALEnv: self=<rasterio._env.GDALEnv object at 0x7fd6d35c8b20>.
2023-12-10 15:53:04,674 - rasterio.env - DEBUG - Exited env context: <rasterio.env.Env object at 0x7fd6d04921d0>
2023-12-10 15:53:04,691 - rasterio._io - DEBUG - Output nodata value read from file: nan
2023-12-10 15:53:04,691 - rasterio._io - DEBUG - Output nodata values: [nan]
2023-12-10 15:53:04,691 - rasterio._io - DEBUG - all_valid: False
2023-12-10 15:53:04,691 - rasterio._io - DEBUG - mask_flags: ([<MaskFlags.nodata: 8>],)
2023-12-10 15:53:04,691 - rasterio._io - DEBUG - Jump straight to _read()
2023-12-10 15:53:04,691 - rasterio._io - DEBUG - Window: Window(col_off=0, row_off=0, width=10177, height=3692)
2023-12-10 15:53:04,692 - rasterio._io - DEBUG - IO window xoff=0.0 yoff=0.0 width=10177.0 height=3692.0
2023-12-10 15:53:05,278 - rasterio.env - DEBUG - Exiting env context: <rasterio.env.Env object at 0x7fd6d3588b20>
2023-12-10 15:53:05,278 - rasterio.env - DEBUG - Cleared existing <rasterio._env.GDALEnv object at 0x7fd6d35c8b20> options
2023-12-10 15:53:05,279 - rasterio._env - DEBUG - Stopped GDALEnv <rasterio._env.GDALEnv object at 0x7fd6d35c8b20>.
2023-12-10 15:53:05,279 - rasterio.env - DEBUG - Exiting outermost env
2023-12-10 15:53:05,279 - rasterio.env - DEBUG - Exited env context: <rasterio.env.Env object at 0x7fd6d3588b20>
2023-12-10 15:57:31,466 - rasterio.env - DEBUG - Entering env context: <rasterio.env.Env object at 0x7fd6d0491270>
2023-12-10 15:57:31,466 - rasterio.env - DEBUG - Starting outermost env
2023-12-10 15:57:31,466 - rasterio.env - DEBUG - No GDAL environment exists
2023-12-10 15:57:31,466 - rasterio.env - DEBUG - New GDAL environment <rasterio._env.GDALEnv object at 0x7fd6d0443ee0> created
2023-12-10 15:57:31,467 - rasterio._env - DEBUG - GDAL data found in package: path='/home/metpublic/PYTHON_VENV/present_weather/lib/python3.10/site-packages/rasterio/gdal_data'.
2023-12-10 15:57:31,467 - rasterio._env - DEBUG - PROJ data found in package: path='/home/metpublic/PYTHON_VENV/present_weather/lib/python3.10/site-packages/rasterio/proj_data'.
2023-12-10 15:57:31,467 - rasterio._env - DEBUG - Started GDALEnv: self=<rasterio._env.GDALEnv object at 0x7fd6d0443ee0>.
2023-12-10 15:57:31,467 - rasterio.env - DEBUG - Entered env context: <rasterio.env.Env object at 0x7fd6d0491270>
2023-12-10 15:57:31,467 - rasterio._base - DEBUG - Sharing flag: 0
2023-12-10 15:57:31,469 - rasterio._base - DEBUG - Nodata success: 0, Nodata value: 0.000000
2023-12-10 15:57:31,469 - rasterio._base - DEBUG - Dataset <open DatasetReader name='/home/metpublic/TASK_RELEASE/EFAN/present_weather/src/H09_B13_Indonesia_20231210.Z1540.cor.tiff' mode='r'> is started.
2023-12-10 15:57:31,469 - rasterio.env - DEBUG - Exiting env context: <rasterio.env.Env object at 0x7fd6d0491270>
2023-12-10 15:57:31,469 - rasterio.env - DEBUG - Cleared existing <rasterio._env.GDALEnv object at 0x7fd6d0443ee0> options
2023-12-10 15:57:31,469 - rasterio._env - DEBUG - Stopped GDALEnv <rasterio._env.GDALEnv object at 0x7fd6d0443ee0>.
2023-12-10 15:57:31,469 - rasterio.env - DEBUG - Exiting outermost env
2023-12-10 15:57:31,469 - rasterio.env - DEBUG - Exited env context: <rasterio.env.Env object at 0x7fd6d0491270>
2023-12-10 15:57:31,469 - rasterio.env - DEBUG - Entering env context: <rasterio.env.Env object at 0x7fd6d039cb20>
2023-12-10 15:57:31,470 - rasterio.env - DEBUG - Starting outermost env
2023-12-10 15:57:31,470 - rasterio.env - DEBUG - No GDAL environment exists
2023-12-10 15:57:31,470 - rasterio.env - DEBUG - New GDAL environment <rasterio._env.GDALEnv object at 0x7fd6d039ce80> created
2023-12-10 15:57:31,471 - rasterio._env - DEBUG - GDAL data found in package: path='/home/metpublic/PYTHON_VENV/present_weather/lib/python3.10/site-packages/rasterio/gdal_data'.
2023-12-10 15:57:31,471 - rasterio._env - DEBUG - PROJ data found in package: path='/home/metpublic/PYTHON_VENV/present_weather/lib/python3.10/site-packages/rasterio/proj_data'.
2023-12-10 15:57:31,471 - rasterio._env - DEBUG - Started GDALEnv: self=<rasterio._env.GDALEnv object at 0x7fd6d039ce80>.
2023-12-10 15:57:31,471 - rasterio.env - DEBUG - Entered env context: <rasterio.env.Env object at 0x7fd6d039cb20>
2023-12-10 15:57:31,471 - rasterio._base - DEBUG - Sharing flag: 0
2023-12-10 15:57:31,472 - rasterio._base - DEBUG - Nodata success: 0, Nodata value: 0.000000
2023-12-10 15:57:31,472 - rasterio._base - DEBUG - Dataset <open DatasetReader name='/home/metpublic/TASK_RELEASE/EFAN/present_weather/src/H09_B13_Indonesia_20231210.Z1540.cor.tiff' mode='r'> is started.
2023-12-10 15:57:31,472 - rasterio.env - DEBUG - Exiting env context: <rasterio.env.Env object at 0x7fd6d039cb20>
2023-12-10 15:57:31,473 - rasterio.env - DEBUG - Cleared existing <rasterio._env.GDALEnv object at 0x7fd6d039ce80> options
2023-12-10 15:57:31,473 - rasterio._env - DEBUG - Stopped GDALEnv <rasterio._env.GDALEnv object at 0x7fd6d039ce80>.
2023-12-10 15:57:31,473 - rasterio.env - DEBUG - Exiting outermost env
2023-12-10 15:57:31,473 - rasterio.env - DEBUG - Exited env context: <rasterio.env.Env object at 0x7fd6d039cb20>
2023-12-10 15:57:31,485 - root - INFO - Generating present weather using SATELITE data
2023-12-10 15:59:32,205 - root - INFO - Total elapsed time: 0:06:29.465337
