2023-11-27 02:13:02,559 - root - INFO - Initiating present weather
2023-11-27 02:13:02,561 - asyncio - DEBUG - Using selector: EpollSelector
2023-11-27 02:13:04,086 - urllib3.connectionpool - DEBUG - Starting new HTTPS connection (1): radar.bmkg.go.id:8060
2023-11-27 02:13:04,110 - urllib3.connectionpool - DEBUG - https://radar.bmkg.go.id:8060 "GET /getRadarGeotif?token=19387e71e78522ae4172ec0fda640983b8438c9cfa0ca571623cb69d8327&radar=amandemenForecast&type=latest HTTP/1.1" 200 90
2023-11-27 02:13:04,113 - rasterio.env - DEBUG - Entering env context: <rasterio.env.Env object at 0x7f77a76b9990>
2023-11-27 02:13:04,113 - rasterio.env - DEBUG - Starting outermost env
2023-11-27 02:13:04,113 - rasterio.env - DEBUG - No GDAL environment exists
2023-11-27 02:13:04,113 - rasterio.env - DEBUG - New GDAL environment <rasterio._env.GDALEnv object at 0x7f77a76b9c90> created
2023-11-27 02:13:04,117 - rasterio._filepath - DEBUG - Installing FilePath filesystem handler plugin...
2023-11-27 02:13:04,117 - rasterio._env - DEBUG - GDAL data found in package: path='/home/metpublic/PYTHON_VENV/present_weather/lib/python3.10/site-packages/rasterio/gdal_data'.
2023-11-27 02:13:04,117 - rasterio._env - DEBUG - PROJ data found in package: path='/home/metpublic/PYTHON_VENV/present_weather/lib/python3.10/site-packages/rasterio/proj_data'.
2023-11-27 02:13:04,117 - rasterio._env - DEBUG - Started GDALEnv: self=<rasterio._env.GDALEnv object at 0x7f77a76b9c90>.
2023-11-27 02:13:04,117 - rasterio.env - DEBUG - Entered env context: <rasterio.env.Env object at 0x7f77a76b9990>
2023-11-27 02:13:04,117 - rasterio._base - DEBUG - Sharing flag: 0
2023-11-27 02:13:04,297 - rasterio._base - DEBUG - Nodata success: 1, Nodata value: nan
2023-11-27 02:13:04,297 - rasterio._base - DEBUG - Dataset <open DatasetReader name='https://radar.bmkg.go.id/raster/radarsatelit_202311270210.tif' mode='r'> is started.
2023-11-27 02:13:04,298 - rasterio.env - DEBUG - Exiting env context: <rasterio.env.Env object at 0x7f77a76b9990>
2023-11-27 02:13:04,298 - rasterio.env - DEBUG - Cleared existing <rasterio._env.GDALEnv object at 0x7f77a76b9c90> options
2023-11-27 02:13:04,298 - rasterio._env - DEBUG - Stopped GDALEnv <rasterio._env.GDALEnv object at 0x7f77a76b9c90>.
2023-11-27 02:13:04,298 - rasterio.env - DEBUG - Exiting outermost env
2023-11-27 02:13:04,298 - rasterio.env - DEBUG - Exited env context: <rasterio.env.Env object at 0x7f77a76b9990>
2023-11-27 02:13:04,298 - rasterio.env - DEBUG - Entering env context: <rasterio.env.Env object at 0x7f77a6cf79d0>
2023-11-27 02:13:04,298 - rasterio.env - DEBUG - Starting outermost env
2023-11-27 02:13:04,298 - rasterio.env - DEBUG - No GDAL environment exists
2023-11-27 02:13:04,298 - rasterio.env - DEBUG - New GDAL environment <rasterio._env.GDALEnv object at 0x7f77a76b9c90> created
2023-11-27 02:13:04,299 - rasterio._env - DEBUG - GDAL data found in package: path='/home/metpublic/PYTHON_VENV/present_weather/lib/python3.10/site-packages/rasterio/gdal_data'.
2023-11-27 02:13:04,299 - rasterio._env - DEBUG - PROJ data found in package: path='/home/metpublic/PYTHON_VENV/present_weather/lib/python3.10/site-packages/rasterio/proj_data'.
2023-11-27 02:13:04,299 - rasterio._env - DEBUG - Started GDALEnv: self=<rasterio._env.GDALEnv object at 0x7f77a76b9c90>.
2023-11-27 02:13:04,299 - rasterio.env - DEBUG - Entered env context: <rasterio.env.Env object at 0x7f77a6cf79d0>
2023-11-27 02:13:04,299 - rasterio.env - DEBUG - Got a copy of environment <rasterio._env.GDALEnv object at 0x7f77a76b9c90> options
2023-11-27 02:13:04,299 - rasterio.env - DEBUG - Entering env context: <rasterio.env.Env object at 0x7f77a4440fa0>
2023-11-27 02:13:04,299 - rasterio.env - DEBUG - Got a copy of environment <rasterio._env.GDALEnv object at 0x7f77a76b9c90> options
2023-11-27 02:13:04,299 - rasterio.env - DEBUG - Entered env context: <rasterio.env.Env object at 0x7f77a4440fa0>
2023-11-27 02:13:04,300 - rasterio._base - DEBUG - Sharing flag: 0
2023-11-27 02:13:04,300 - rasterio._base - DEBUG - Nodata success: 1, Nodata value: nan
2023-11-27 02:13:04,301 - rasterio._base - DEBUG - Dataset <open DatasetReader name='https://radar.bmkg.go.id/raster/radarsatelit_202311270210.tif' mode='r'> is started.
2023-11-27 02:13:04,301 - rasterio.env - DEBUG - Exiting env context: <rasterio.env.Env object at 0x7f77a4440fa0>
2023-11-27 02:13:04,301 - rasterio.env - DEBUG - Cleared existing <rasterio._env.GDALEnv object at 0x7f77a76b9c90> options
2023-11-27 02:13:04,301 - rasterio._env - DEBUG - Stopped GDALEnv <rasterio._env.GDALEnv object at 0x7f77a76b9c90>.
2023-11-27 02:13:04,301 - rasterio.env - DEBUG - No GDAL environment exists
2023-11-27 02:13:04,301 - rasterio.env - DEBUG - New GDAL environment <rasterio._env.GDALEnv object at 0x7f77a76b9c90> created
2023-11-27 02:13:04,301 - rasterio._env - DEBUG - GDAL data found in package: path='/home/metpublic/PYTHON_VENV/present_weather/lib/python3.10/site-packages/rasterio/gdal_data'.
2023-11-27 02:13:04,301 - rasterio._env - DEBUG - PROJ data found in package: path='/home/metpublic/PYTHON_VENV/present_weather/lib/python3.10/site-packages/rasterio/proj_data'.
2023-11-27 02:13:04,302 - rasterio._env - DEBUG - Started GDALEnv: self=<rasterio._env.GDALEnv object at 0x7f77a76b9c90>.
2023-11-27 02:13:04,302 - rasterio.env - DEBUG - Exited env context: <rasterio.env.Env object at 0x7f77a4440fa0>
2023-11-27 02:13:04,317 - rasterio._io - DEBUG - Output nodata value read from file: nan
2023-11-27 02:13:04,317 - rasterio._io - DEBUG - Output nodata values: [nan]
2023-11-27 02:13:04,317 - rasterio._io - DEBUG - all_valid: False
2023-11-27 02:13:04,317 - rasterio._io - DEBUG - mask_flags: ([<MaskFlags.nodata: 8>],)
2023-11-27 02:13:04,318 - rasterio._io - DEBUG - Jump straight to _read()
2023-11-27 02:13:04,318 - rasterio._io - DEBUG - Window: Window(col_off=0, row_off=0, width=10215, height=3792)
2023-11-27 02:13:04,318 - rasterio._io - DEBUG - IO window xoff=0.0 yoff=0.0 width=10215.0 height=3792.0
2023-11-27 02:13:04,834 - rasterio.env - DEBUG - Exiting env context: <rasterio.env.Env object at 0x7f77a6cf79d0>
2023-11-27 02:13:04,834 - rasterio.env - DEBUG - Cleared existing <rasterio._env.GDALEnv object at 0x7f77a76b9c90> options
2023-11-27 02:13:04,834 - rasterio._env - DEBUG - Stopped GDALEnv <rasterio._env.GDALEnv object at 0x7f77a76b9c90>.
2023-11-27 02:13:04,834 - rasterio.env - DEBUG - Exiting outermost env
2023-11-27 02:13:04,834 - rasterio.env - DEBUG - Exited env context: <rasterio.env.Env object at 0x7f77a6cf79d0>
2023-11-27 02:13:04,836 - urllib3.connectionpool - DEBUG - Starting new HTTPS connection (1): radar.bmkg.go.id:8060
2023-11-27 02:13:04,849 - urllib3.connectionpool - DEBUG - https://radar.bmkg.go.id:8060 "GET /getLatestLD?typeData=1 HTTP/1.1" 200 4874
2023-11-27 02:13:04,853 - root - INFO - Generating present weather using RADAR data
2023-11-27 02:13:08,761 - root - INFO - dask.bag<lambda, npartitions=34>
2023-11-27 02:20:04,278 - root - INFO - Total elapsed time: 0:07:01.718742
