2023-11-21 14:03:05,815 - root - INFO - Initiating present weather
2023-11-21 14:03:05,820 - urllib3.connectionpool - DEBUG - Starting new HTTPS connection (1): radar.bmkg.go.id:8060
2023-11-21 14:03:05,878 - urllib3.connectionpool - DEBUG - https://radar.bmkg.go.id:8060 "GET /getRadarGeotif?token=19387e71e78522ae4172ec0fda640983b8438c9cfa0ca571623cb69d8327&radar=amandemenForecast&type=latest HTTP/1.1" 200 90
2023-11-21 14:03:05,882 - rasterio.env - DEBUG - Entering env context: <rasterio.env.Env object at 0x7f6030156480>
2023-11-21 14:03:05,884 - rasterio.env - DEBUG - Starting outermost env
2023-11-21 14:03:05,884 - rasterio.env - DEBUG - No GDAL environment exists
2023-11-21 14:03:05,884 - rasterio.env - DEBUG - New GDAL environment <rasterio._env.GDALEnv object at 0x7f6030133880> created
2023-11-21 14:03:05,888 - rasterio._filepath - DEBUG - Installing FilePath filesystem handler plugin...
2023-11-21 14:03:05,888 - rasterio._env - DEBUG - GDAL data found in package: path='/home/swx/miniconda3/envs/present_weather/lib/python3.12/site-packages/rasterio/gdal_data'.
2023-11-21 14:03:05,888 - rasterio._env - DEBUG - PROJ_LIB found in environment.
2023-11-21 14:03:05,888 - rasterio._env - DEBUG - Started GDALEnv: self=<rasterio._env.GDALEnv object at 0x7f6030133880>.
2023-11-21 14:03:05,889 - rasterio.env - DEBUG - Entered env context: <rasterio.env.Env object at 0x7f6030156480>
2023-11-21 14:03:05,889 - rasterio._base - DEBUG - Sharing flag: 0
2023-11-21 14:03:06,098 - rasterio._base - DEBUG - Nodata success: 1, Nodata value: nan
2023-11-21 14:03:06,098 - rasterio._base - DEBUG - Dataset <open DatasetReader name='https://radar.bmkg.go.id/raster/radarsatelit_202311211150.tif' mode='r'> is started.
2023-11-21 14:03:06,099 - rasterio.env - DEBUG - Exiting env context: <rasterio.env.Env object at 0x7f6030156480>
2023-11-21 14:03:06,099 - rasterio.env - DEBUG - Cleared existing <rasterio._env.GDALEnv object at 0x7f6030133880> options
2023-11-21 14:03:06,099 - rasterio._env - DEBUG - Stopped GDALEnv <rasterio._env.GDALEnv object at 0x7f6030133880>.
2023-11-21 14:03:06,099 - rasterio.env - DEBUG - Exiting outermost env
2023-11-21 14:03:06,099 - rasterio.env - DEBUG - Exited env context: <rasterio.env.Env object at 0x7f6030156480>
2023-11-21 14:03:06,099 - rasterio.env - DEBUG - Entering env context: <rasterio.env.Env object at 0x7f602ffebb60>
2023-11-21 14:03:06,099 - rasterio.env - DEBUG - Starting outermost env
2023-11-21 14:03:06,100 - rasterio.env - DEBUG - No GDAL environment exists
2023-11-21 14:03:06,100 - rasterio.env - DEBUG - New GDAL environment <rasterio._env.GDALEnv object at 0x7f602fed9780> created
2023-11-21 14:03:06,100 - rasterio._env - DEBUG - GDAL data found in package: path='/home/swx/miniconda3/envs/present_weather/lib/python3.12/site-packages/rasterio/gdal_data'.
2023-11-21 14:03:06,101 - rasterio._env - DEBUG - PROJ_LIB found in environment.
2023-11-21 14:03:06,101 - rasterio._env - DEBUG - Started GDALEnv: self=<rasterio._env.GDALEnv object at 0x7f602fed9780>.
2023-11-21 14:03:06,101 - rasterio.env - DEBUG - Entered env context: <rasterio.env.Env object at 0x7f602ffebb60>
2023-11-21 14:03:06,102 - rasterio.env - DEBUG - Got a copy of environment <rasterio._env.GDALEnv object at 0x7f602fed9780> options
2023-11-21 14:03:06,102 - rasterio.env - DEBUG - Entering env context: <rasterio.env.Env object at 0x7f60815da300>
2023-11-21 14:03:06,102 - rasterio.env - DEBUG - Got a copy of environment <rasterio._env.GDALEnv object at 0x7f602fed9780> options
2023-11-21 14:03:06,102 - rasterio.env - DEBUG - Entered env context: <rasterio.env.Env object at 0x7f60815da300>
2023-11-21 14:03:06,102 - rasterio._base - DEBUG - Sharing flag: 0
2023-11-21 14:03:06,104 - rasterio._base - DEBUG - Nodata success: 1, Nodata value: nan
2023-11-21 14:03:06,105 - rasterio._base - DEBUG - Dataset <open DatasetReader name='https://radar.bmkg.go.id/raster/radarsatelit_202311211150.tif' mode='r'> is started.
2023-11-21 14:03:06,105 - rasterio.env - DEBUG - Exiting env context: <rasterio.env.Env object at 0x7f60815da300>
2023-11-21 14:03:06,105 - rasterio.env - DEBUG - Cleared existing <rasterio._env.GDALEnv object at 0x7f602fed9780> options
2023-11-21 14:03:06,105 - rasterio._env - DEBUG - Stopped GDALEnv <rasterio._env.GDALEnv object at 0x7f602fed9780>.
2023-11-21 14:03:06,105 - rasterio.env - DEBUG - No GDAL environment exists
2023-11-21 14:03:06,105 - rasterio.env - DEBUG - New GDAL environment <rasterio._env.GDALEnv object at 0x7f602fed9780> created
2023-11-21 14:03:06,106 - rasterio._env - DEBUG - GDAL data found in package: path='/home/swx/miniconda3/envs/present_weather/lib/python3.12/site-packages/rasterio/gdal_data'.
2023-11-21 14:03:06,106 - rasterio._env - DEBUG - PROJ_LIB found in environment.
2023-11-21 14:03:06,107 - rasterio._env - DEBUG - Started GDALEnv: self=<rasterio._env.GDALEnv object at 0x7f602fed9780>.
2023-11-21 14:03:06,107 - rasterio.env - DEBUG - Exited env context: <rasterio.env.Env object at 0x7f60815da300>
2023-11-21 14:03:06,152 - rasterio._io - DEBUG - Output nodata value read from file: nan
2023-11-21 14:03:06,154 - rasterio._io - DEBUG - Output nodata values: [nan]
2023-11-21 14:03:06,155 - rasterio._io - DEBUG - all_valid: False
2023-11-21 14:03:06,156 - rasterio._io - DEBUG - mask_flags: ([<MaskFlags.nodata: 8>],)
2023-11-21 14:03:06,158 - rasterio._io - DEBUG - Jump straight to _read()
2023-11-21 14:03:06,158 - rasterio._io - DEBUG - Window: Window(col_off=0, row_off=0, width=10215, height=3792)
2023-11-21 14:03:06,159 - rasterio._io - DEBUG - IO window xoff=0.0 yoff=0.0 width=10215.0 height=3792.0
2023-11-21 14:03:07,971 - rasterio.env - DEBUG - Exiting env context: <rasterio.env.Env object at 0x7f602ffebb60>
2023-11-21 14:03:07,971 - rasterio.env - DEBUG - Cleared existing <rasterio._env.GDALEnv object at 0x7f602fed9780> options
2023-11-21 14:03:07,972 - rasterio._env - DEBUG - Stopped GDALEnv <rasterio._env.GDALEnv object at 0x7f602fed9780>.
2023-11-21 14:03:07,972 - rasterio.env - DEBUG - Exiting outermost env
2023-11-21 14:03:07,972 - rasterio.env - DEBUG - Exited env context: <rasterio.env.Env object at 0x7f602ffebb60>
2023-11-21 14:03:07,980 - urllib3.connectionpool - DEBUG - Starting new HTTPS connection (1): radar.bmkg.go.id:8060
2023-11-21 14:03:08,062 - urllib3.connectionpool - DEBUG - https://radar.bmkg.go.id:8060 "GET /getLatestLD?typeData=1 HTTP/1.1" 200 57050
2023-11-21 14:03:08,115 - asyncio - DEBUG - Using selector: EpollSelector
2023-11-21 14:03:22,249 - root - INFO - dask.bag<lambda, npartitions=34>
2023-11-21 14:14:28,400 - root - INFO - Total elapsed time: 0:11:22.585958
