2023-12-22 17:43:02,375 - root - INFO - Initiating present weather
2023-12-22 17:43:02,376 - asyncio - DEBUG - Using selector: EpollSelector
2023-12-22 17:43:04,011 - urllib3.connectionpool - DEBUG - Starting new HTTPS connection (1): radar.bmkg.go.id:8060
2023-12-22 17:43:04,024 - urllib3.connectionpool - DEBUG - https://radar.bmkg.go.id:8060 "GET /getLatestLD?typeData=1 HTTP/1.1" 200 62
2023-12-22 17:43:04,026 - urllib3.connectionpool - DEBUG - Starting new HTTPS connection (1): radar.bmkg.go.id:8060
2023-12-22 17:43:04,049 - urllib3.connectionpool - DEBUG - https://radar.bmkg.go.id:8060 "GET /getRadarGeotif?token=19387e71e78522ae4172ec0fda640983b8438c9cfa0ca571623cb69d8327&radar=amandemenForecast&type=latest HTTP/1.1" 200 90
2023-12-22 17:43:04,050 - rasterio.env - DEBUG - Entering env context: <rasterio.env.Env object at 0x7f96251d3a00>
2023-12-22 17:43:04,050 - rasterio.env - DEBUG - Starting outermost env
2023-12-22 17:43:04,050 - rasterio.env - DEBUG - No GDAL environment exists
2023-12-22 17:43:04,051 - rasterio.env - DEBUG - New GDAL environment <rasterio._env.GDALEnv object at 0x7f96251d3d00> created
2023-12-22 17:43:04,053 - rasterio._filepath - DEBUG - Installing FilePath filesystem handler plugin...
2023-12-22 17:43:04,053 - rasterio._env - DEBUG - GDAL data found in package: path='/home/metpublic/PYTHON_VENV/present_weather/lib/python3.10/site-packages/rasterio/gdal_data'.
2023-12-22 17:43:04,053 - rasterio._env - DEBUG - PROJ data found in package: path='/home/metpublic/PYTHON_VENV/present_weather/lib/python3.10/site-packages/rasterio/proj_data'.
2023-12-22 17:43:04,053 - rasterio._env - DEBUG - Started GDALEnv: self=<rasterio._env.GDALEnv object at 0x7f96251d3d00>.
2023-12-22 17:43:04,053 - rasterio.env - DEBUG - Entered env context: <rasterio.env.Env object at 0x7f96251d3a00>
2023-12-22 17:43:04,054 - rasterio._base - DEBUG - Sharing flag: 0
2023-12-22 17:43:04,408 - rasterio._base - DEBUG - Nodata success: 1, Nodata value: nan
2023-12-22 17:43:04,408 - rasterio._base - DEBUG - Dataset <open DatasetReader name='https://radar.bmkg.go.id/raster/radarsatelit_202312221740.tif' mode='r'> is started.
2023-12-22 17:43:04,408 - rasterio.env - DEBUG - Exiting env context: <rasterio.env.Env object at 0x7f96251d3a00>
2023-12-22 17:43:04,409 - rasterio.env - DEBUG - Cleared existing <rasterio._env.GDALEnv object at 0x7f96251d3d00> options
2023-12-22 17:43:04,409 - rasterio._env - DEBUG - Stopped GDALEnv <rasterio._env.GDALEnv object at 0x7f96251d3d00>.
2023-12-22 17:43:04,409 - rasterio.env - DEBUG - Exiting outermost env
2023-12-22 17:43:04,409 - rasterio.env - DEBUG - Exited env context: <rasterio.env.Env object at 0x7f96251d3a00>
2023-12-22 17:43:04,409 - rasterio.env - DEBUG - Entering env context: <rasterio.env.Env object at 0x7f962484d540>
2023-12-22 17:43:04,409 - rasterio.env - DEBUG - Starting outermost env
2023-12-22 17:43:04,409 - rasterio.env - DEBUG - No GDAL environment exists
2023-12-22 17:43:04,409 - rasterio.env - DEBUG - New GDAL environment <rasterio._env.GDALEnv object at 0x7f96251d3d00> created
2023-12-22 17:43:04,409 - rasterio._env - DEBUG - GDAL data found in package: path='/home/metpublic/PYTHON_VENV/present_weather/lib/python3.10/site-packages/rasterio/gdal_data'.
2023-12-22 17:43:04,410 - rasterio._env - DEBUG - PROJ data found in package: path='/home/metpublic/PYTHON_VENV/present_weather/lib/python3.10/site-packages/rasterio/proj_data'.
2023-12-22 17:43:04,410 - rasterio._env - DEBUG - Started GDALEnv: self=<rasterio._env.GDALEnv object at 0x7f96251d3d00>.
2023-12-22 17:43:04,410 - rasterio.env - DEBUG - Entered env context: <rasterio.env.Env object at 0x7f962484d540>
2023-12-22 17:43:04,411 - rasterio.env - DEBUG - Got a copy of environment <rasterio._env.GDALEnv object at 0x7f96251d3d00> options
2023-12-22 17:43:04,411 - rasterio.env - DEBUG - Entering env context: <rasterio.env.Env object at 0x7f961c723c70>
2023-12-22 17:43:04,411 - rasterio.env - DEBUG - Got a copy of environment <rasterio._env.GDALEnv object at 0x7f96251d3d00> options
2023-12-22 17:43:04,411 - rasterio.env - DEBUG - Entered env context: <rasterio.env.Env object at 0x7f961c723c70>
2023-12-22 17:43:04,411 - rasterio._base - DEBUG - Sharing flag: 0
2023-12-22 17:43:04,412 - rasterio._base - DEBUG - Nodata success: 1, Nodata value: nan
2023-12-22 17:43:04,412 - rasterio._base - DEBUG - Dataset <open DatasetReader name='https://radar.bmkg.go.id/raster/radarsatelit_202312221740.tif' mode='r'> is started.
2023-12-22 17:43:04,412 - rasterio.env - DEBUG - Exiting env context: <rasterio.env.Env object at 0x7f961c723c70>
2023-12-22 17:43:04,412 - rasterio.env - DEBUG - Cleared existing <rasterio._env.GDALEnv object at 0x7f96251d3d00> options
2023-12-22 17:43:04,412 - rasterio._env - DEBUG - Stopped GDALEnv <rasterio._env.GDALEnv object at 0x7f96251d3d00>.
2023-12-22 17:43:04,412 - rasterio.env - DEBUG - No GDAL environment exists
2023-12-22 17:43:04,412 - rasterio.env - DEBUG - New GDAL environment <rasterio._env.GDALEnv object at 0x7f96251d3d00> created
2023-12-22 17:43:04,413 - rasterio._env - DEBUG - GDAL data found in package: path='/home/metpublic/PYTHON_VENV/present_weather/lib/python3.10/site-packages/rasterio/gdal_data'.
2023-12-22 17:43:04,413 - rasterio._env - DEBUG - PROJ data found in package: path='/home/metpublic/PYTHON_VENV/present_weather/lib/python3.10/site-packages/rasterio/proj_data'.
2023-12-22 17:43:04,413 - rasterio._env - DEBUG - Started GDALEnv: self=<rasterio._env.GDALEnv object at 0x7f96251d3d00>.
2023-12-22 17:43:04,413 - rasterio.env - DEBUG - Exited env context: <rasterio.env.Env object at 0x7f961c723c70>
2023-12-22 17:43:04,430 - rasterio._io - DEBUG - Output nodata value read from file: nan
2023-12-22 17:43:04,430 - rasterio._io - DEBUG - Output nodata values: [nan]
2023-12-22 17:43:04,430 - rasterio._io - DEBUG - all_valid: False
2023-12-22 17:43:04,430 - rasterio._io - DEBUG - mask_flags: ([<MaskFlags.nodata: 8>],)
2023-12-22 17:43:04,431 - rasterio._io - DEBUG - Jump straight to _read()
2023-12-22 17:43:04,431 - rasterio._io - DEBUG - Window: Window(col_off=0, row_off=0, width=10176, height=3732)
2023-12-22 17:43:04,431 - rasterio._io - DEBUG - IO window xoff=0.0 yoff=0.0 width=10176.0 height=3732.0
2023-12-22 17:43:05,012 - rasterio.env - DEBUG - Exiting env context: <rasterio.env.Env object at 0x7f962484d540>
2023-12-22 17:43:05,012 - rasterio.env - DEBUG - Cleared existing <rasterio._env.GDALEnv object at 0x7f96251d3d00> options
2023-12-22 17:43:05,013 - rasterio._env - DEBUG - Stopped GDALEnv <rasterio._env.GDALEnv object at 0x7f96251d3d00>.
2023-12-22 17:43:05,013 - rasterio.env - DEBUG - Exiting outermost env
2023-12-22 17:43:05,013 - rasterio.env - DEBUG - Exited env context: <rasterio.env.Env object at 0x7f962484d540>
2023-12-22 17:47:52,264 - rasterio.env - DEBUG - Entering env context: <rasterio.env.Env object at 0x7f961c723d00>
2023-12-22 17:47:52,264 - rasterio.env - DEBUG - Starting outermost env
2023-12-22 17:47:52,265 - rasterio.env - DEBUG - No GDAL environment exists
2023-12-22 17:47:52,265 - rasterio.env - DEBUG - New GDAL environment <rasterio._env.GDALEnv object at 0x7f961c7228f0> created
2023-12-22 17:47:52,265 - rasterio._env - DEBUG - GDAL data found in package: path='/home/metpublic/PYTHON_VENV/present_weather/lib/python3.10/site-packages/rasterio/gdal_data'.
2023-12-22 17:47:52,265 - rasterio._env - DEBUG - PROJ data found in package: path='/home/metpublic/PYTHON_VENV/present_weather/lib/python3.10/site-packages/rasterio/proj_data'.
2023-12-22 17:47:52,266 - rasterio._env - DEBUG - Started GDALEnv: self=<rasterio._env.GDALEnv object at 0x7f961c7228f0>.
2023-12-22 17:47:52,266 - rasterio.env - DEBUG - Entered env context: <rasterio.env.Env object at 0x7f961c723d00>
2023-12-22 17:47:52,266 - rasterio._base - DEBUG - Sharing flag: 0
2023-12-22 17:47:52,268 - rasterio._base - DEBUG - Nodata success: 0, Nodata value: 0.000000
2023-12-22 17:47:52,268 - rasterio._base - DEBUG - Dataset <open DatasetReader name='/home/metpublic/TASK_RELEASE/EFAN/present_weather/src/H09_B13_Indonesia_20231222.Z1730.cor.tiff' mode='r'> is started.
2023-12-22 17:47:52,268 - rasterio.env - DEBUG - Exiting env context: <rasterio.env.Env object at 0x7f961c723d00>
2023-12-22 17:47:52,268 - rasterio.env - DEBUG - Cleared existing <rasterio._env.GDALEnv object at 0x7f961c7228f0> options
2023-12-22 17:47:52,268 - rasterio._env - DEBUG - Stopped GDALEnv <rasterio._env.GDALEnv object at 0x7f961c7228f0>.
2023-12-22 17:47:52,268 - rasterio.env - DEBUG - Exiting outermost env
2023-12-22 17:47:52,268 - rasterio.env - DEBUG - Exited env context: <rasterio.env.Env object at 0x7f961c723d00>
2023-12-22 17:47:52,268 - rasterio.env - DEBUG - Entering env context: <rasterio.env.Env object at 0x7f961c4fe9b0>
2023-12-22 17:47:52,269 - rasterio.env - DEBUG - Starting outermost env
2023-12-22 17:47:52,269 - rasterio.env - DEBUG - No GDAL environment exists
2023-12-22 17:47:52,269 - rasterio.env - DEBUG - New GDAL environment <rasterio._env.GDALEnv object at 0x7f961c4ffa00> created
2023-12-22 17:47:52,270 - rasterio._env - DEBUG - GDAL data found in package: path='/home/metpublic/PYTHON_VENV/present_weather/lib/python3.10/site-packages/rasterio/gdal_data'.
2023-12-22 17:47:52,270 - rasterio._env - DEBUG - PROJ data found in package: path='/home/metpublic/PYTHON_VENV/present_weather/lib/python3.10/site-packages/rasterio/proj_data'.
2023-12-22 17:47:52,270 - rasterio._env - DEBUG - Started GDALEnv: self=<rasterio._env.GDALEnv object at 0x7f961c4ffa00>.
2023-12-22 17:47:52,270 - rasterio.env - DEBUG - Entered env context: <rasterio.env.Env object at 0x7f961c4fe9b0>
2023-12-22 17:47:52,270 - rasterio._base - DEBUG - Sharing flag: 0
2023-12-22 17:47:52,271 - rasterio._base - DEBUG - Nodata success: 0, Nodata value: 0.000000
2023-12-22 17:47:52,271 - rasterio._base - DEBUG - Dataset <open DatasetReader name='/home/metpublic/TASK_RELEASE/EFAN/present_weather/src/H09_B13_Indonesia_20231222.Z1730.cor.tiff' mode='r'> is started.
2023-12-22 17:47:52,271 - rasterio.env - DEBUG - Exiting env context: <rasterio.env.Env object at 0x7f961c4fe9b0>
2023-12-22 17:47:52,272 - rasterio.env - DEBUG - Cleared existing <rasterio._env.GDALEnv object at 0x7f961c4ffa00> options
2023-12-22 17:47:52,272 - rasterio._env - DEBUG - Stopped GDALEnv <rasterio._env.GDALEnv object at 0x7f961c4ffa00>.
2023-12-22 17:47:52,272 - rasterio.env - DEBUG - Exiting outermost env
2023-12-22 17:47:52,272 - rasterio.env - DEBUG - Exited env context: <rasterio.env.Env object at 0x7f961c4fe9b0>
2023-12-22 17:47:52,283 - root - INFO - Generating present weather using SATELITE data
2023-12-22 17:49:57,671 - root - INFO - Total elapsed time: 0:06:55.296656
