2023-11-14 14:40:03,957 - root - INFO - Initiating present weather
2023-11-14 14:40:03,962 - urllib3.connectionpool - DEBUG - Starting new HTTPS connection (1): radar.bmkg.go.id:8060
2023-11-14 14:40:04,037 - urllib3.connectionpool - DEBUG - https://radar.bmkg.go.id:8060 "GET /getRadarGeotif?token=19387e71e78522ae4172ec0fda640983b8438c9cfa0ca571623cb69d8327&radar=amandemenForecast&type=latest HTTP/1.1" 200 90
2023-11-14 14:40:04,040 - rasterio.env - DEBUG - Entering env context: <rasterio.env.Env object at 0x7f3b4fbf7c80>
2023-11-14 14:40:04,041 - rasterio.env - DEBUG - Starting outermost env
2023-11-14 14:40:04,041 - rasterio.env - DEBUG - No GDAL environment exists
2023-11-14 14:40:04,041 - rasterio.env - DEBUG - New GDAL environment <rasterio._env.GDALEnv object at 0x7f3b915a5db0> created
2023-11-14 14:40:04,045 - rasterio._filepath - DEBUG - Installing FilePath filesystem handler plugin...
2023-11-14 14:40:04,046 - rasterio._env - DEBUG - GDAL data found in package: path='/home/swx/miniconda3/envs/present_weather/lib/python3.12/site-packages/rasterio/gdal_data'.
2023-11-14 14:40:04,046 - rasterio._env - DEBUG - PROJ_LIB found in environment.
2023-11-14 14:40:04,046 - rasterio._env - DEBUG - Started GDALEnv: self=<rasterio._env.GDALEnv object at 0x7f3b915a5db0>.
2023-11-14 14:40:04,046 - rasterio.env - DEBUG - Entered env context: <rasterio.env.Env object at 0x7f3b4fbf7c80>
2023-11-14 14:40:04,046 - rasterio._base - DEBUG - Sharing flag: 0
2023-11-14 14:40:04,247 - rasterio._base - DEBUG - Nodata success: 1, Nodata value: nan
2023-11-14 14:40:04,247 - rasterio._base - DEBUG - Dataset <open DatasetReader name='https://radar.bmkg.go.id/raster/radarsatelit_202311141430.tif' mode='r'> is started.
2023-11-14 14:40:04,248 - rasterio.env - DEBUG - Exiting env context: <rasterio.env.Env object at 0x7f3b4fbf7c80>
2023-11-14 14:40:04,248 - rasterio.env - DEBUG - Cleared existing <rasterio._env.GDALEnv object at 0x7f3b915a5db0> options
2023-11-14 14:40:04,248 - rasterio._env - DEBUG - Stopped GDALEnv <rasterio._env.GDALEnv object at 0x7f3b915a5db0>.
2023-11-14 14:40:04,248 - rasterio.env - DEBUG - Exiting outermost env
2023-11-14 14:40:04,248 - rasterio.env - DEBUG - Exited env context: <rasterio.env.Env object at 0x7f3b4fbf7c80>
2023-11-14 14:40:04,248 - rasterio.env - DEBUG - Entering env context: <rasterio.env.Env object at 0x7f3b4fd45550>
2023-11-14 14:40:04,249 - rasterio.env - DEBUG - Starting outermost env
2023-11-14 14:40:04,249 - rasterio.env - DEBUG - No GDAL environment exists
2023-11-14 14:40:04,249 - rasterio.env - DEBUG - New GDAL environment <rasterio._env.GDALEnv object at 0x7f3b915a5db0> created
2023-11-14 14:40:04,249 - rasterio._env - DEBUG - GDAL data found in package: path='/home/swx/miniconda3/envs/present_weather/lib/python3.12/site-packages/rasterio/gdal_data'.
2023-11-14 14:40:04,249 - rasterio._env - DEBUG - PROJ_LIB found in environment.
2023-11-14 14:40:04,250 - rasterio._env - DEBUG - Started GDALEnv: self=<rasterio._env.GDALEnv object at 0x7f3b915a5db0>.
2023-11-14 14:40:04,250 - rasterio.env - DEBUG - Entered env context: <rasterio.env.Env object at 0x7f3b4fd45550>
2023-11-14 14:40:04,250 - rasterio.env - DEBUG - Got a copy of environment <rasterio._env.GDALEnv object at 0x7f3b915a5db0> options
2023-11-14 14:40:04,251 - rasterio.env - DEBUG - Entering env context: <rasterio.env.Env object at 0x7f3b911f6120>
2023-11-14 14:40:04,251 - rasterio.env - DEBUG - Got a copy of environment <rasterio._env.GDALEnv object at 0x7f3b915a5db0> options
2023-11-14 14:40:04,251 - rasterio.env - DEBUG - Entered env context: <rasterio.env.Env object at 0x7f3b911f6120>
2023-11-14 14:40:04,251 - rasterio._base - DEBUG - Sharing flag: 0
2023-11-14 14:40:04,252 - rasterio._base - DEBUG - Nodata success: 1, Nodata value: nan
2023-11-14 14:40:04,252 - rasterio._base - DEBUG - Dataset <open DatasetReader name='https://radar.bmkg.go.id/raster/radarsatelit_202311141430.tif' mode='r'> is started.
2023-11-14 14:40:04,252 - rasterio.env - DEBUG - Exiting env context: <rasterio.env.Env object at 0x7f3b911f6120>
2023-11-14 14:40:04,252 - rasterio.env - DEBUG - Cleared existing <rasterio._env.GDALEnv object at 0x7f3b915a5db0> options
2023-11-14 14:40:04,252 - rasterio._env - DEBUG - Stopped GDALEnv <rasterio._env.GDALEnv object at 0x7f3b915a5db0>.
2023-11-14 14:40:04,253 - rasterio.env - DEBUG - No GDAL environment exists
2023-11-14 14:40:04,253 - rasterio.env - DEBUG - New GDAL environment <rasterio._env.GDALEnv object at 0x7f3b915a5db0> created
2023-11-14 14:40:04,253 - rasterio._env - DEBUG - GDAL data found in package: path='/home/swx/miniconda3/envs/present_weather/lib/python3.12/site-packages/rasterio/gdal_data'.
2023-11-14 14:40:04,253 - rasterio._env - DEBUG - PROJ_LIB found in environment.
2023-11-14 14:40:04,254 - rasterio._env - DEBUG - Started GDALEnv: self=<rasterio._env.GDALEnv object at 0x7f3b915a5db0>.
2023-11-14 14:40:04,254 - rasterio.env - DEBUG - Exited env context: <rasterio.env.Env object at 0x7f3b911f6120>
2023-11-14 14:40:04,284 - rasterio._io - DEBUG - Output nodata value read from file: nan
2023-11-14 14:40:04,284 - rasterio._io - DEBUG - Output nodata values: [nan]
2023-11-14 14:40:04,285 - rasterio._io - DEBUG - all_valid: False
2023-11-14 14:40:04,285 - rasterio._io - DEBUG - mask_flags: ([<MaskFlags.nodata: 8>],)
2023-11-14 14:40:04,285 - rasterio._io - DEBUG - Jump straight to _read()
2023-11-14 14:40:04,285 - rasterio._io - DEBUG - Window: Window(col_off=0, row_off=0, width=10215, height=3792)
2023-11-14 14:40:04,286 - rasterio._io - DEBUG - IO window xoff=0.0 yoff=0.0 width=10215.0 height=3792.0
2023-11-14 14:40:04,938 - rasterio.env - DEBUG - Exiting env context: <rasterio.env.Env object at 0x7f3b4fd45550>
2023-11-14 14:40:04,938 - rasterio.env - DEBUG - Cleared existing <rasterio._env.GDALEnv object at 0x7f3b915a5db0> options
2023-11-14 14:40:04,938 - rasterio._env - DEBUG - Stopped GDALEnv <rasterio._env.GDALEnv object at 0x7f3b915a5db0>.
2023-11-14 14:40:04,939 - rasterio.env - DEBUG - Exiting outermost env
2023-11-14 14:40:04,939 - rasterio.env - DEBUG - Exited env context: <rasterio.env.Env object at 0x7f3b4fd45550>
2023-11-14 14:40:04,941 - urllib3.connectionpool - DEBUG - Starting new HTTPS connection (1): radar.bmkg.go.id:8060
2023-11-14 14:40:05,001 - urllib3.connectionpool - DEBUG - https://radar.bmkg.go.id:8060 "GET /getLatestLD?typeData=1 HTTP/1.1" 200 33976
2023-11-14 14:40:05,024 - asyncio - DEBUG - Using selector: EpollSelector
2023-11-14 14:40:11,716 - root - INFO - dask.bag<lambda, npartitions=34>
2023-11-14 14:56:12,796 - root - INFO - Total elapsed time: 0:16:08.840805
