2023-12-05 19:13:02,663 - root - INFO - Initiating present weather
2023-12-05 19:13:02,665 - asyncio - DEBUG - Using selector: EpollSelector
2023-12-05 19:13:04,167 - urllib3.connectionpool - DEBUG - Starting new HTTPS connection (1): radar.bmkg.go.id:8060
2023-12-05 19:13:04,180 - urllib3.connectionpool - DEBUG - https://radar.bmkg.go.id:8060 "GET /getLatestLD?typeData=1 HTTP/1.1" 200 62
2023-12-05 19:13:04,183 - urllib3.connectionpool - DEBUG - Starting new HTTPS connection (1): radar.bmkg.go.id:8060
2023-12-05 19:13:04,209 - urllib3.connectionpool - DEBUG - https://radar.bmkg.go.id:8060 "GET /getRadarGeotif?token=19387e71e78522ae4172ec0fda640983b8438c9cfa0ca571623cb69d8327&radar=amandemenForecast&type=latest HTTP/1.1" 200 90
2023-12-05 19:13:04,209 - rasterio.env - DEBUG - Entering env context: <rasterio.env.Env object at 0x7fee9e8b8ac0>
2023-12-05 19:13:04,210 - rasterio.env - DEBUG - Starting outermost env
2023-12-05 19:13:04,210 - rasterio.env - DEBUG - No GDAL environment exists
2023-12-05 19:13:04,210 - rasterio.env - DEBUG - New GDAL environment <rasterio._env.GDALEnv object at 0x7fee9e8bbcd0> created
2023-12-05 19:13:04,212 - rasterio._filepath - DEBUG - Installing FilePath filesystem handler plugin...
2023-12-05 19:13:04,212 - rasterio._env - DEBUG - GDAL data found in package: path='/home/metpublic/PYTHON_VENV/present_weather/lib/python3.10/site-packages/rasterio/gdal_data'.
2023-12-05 19:13:04,213 - rasterio._env - DEBUG - PROJ data found in package: path='/home/metpublic/PYTHON_VENV/present_weather/lib/python3.10/site-packages/rasterio/proj_data'.
2023-12-05 19:13:04,213 - rasterio._env - DEBUG - Started GDALEnv: self=<rasterio._env.GDALEnv object at 0x7fee9e8bbcd0>.
2023-12-05 19:13:04,213 - rasterio.env - DEBUG - Entered env context: <rasterio.env.Env object at 0x7fee9e8b8ac0>
2023-12-05 19:13:04,213 - rasterio._base - DEBUG - Sharing flag: 0
2023-12-05 19:13:04,449 - rasterio._base - DEBUG - Nodata success: 1, Nodata value: nan
2023-12-05 19:13:04,449 - rasterio._base - DEBUG - Dataset <open DatasetReader name='https://radar.bmkg.go.id/raster/radarsatelit_202312051910.tif' mode='r'> is started.
2023-12-05 19:13:04,450 - rasterio.env - DEBUG - Exiting env context: <rasterio.env.Env object at 0x7fee9e8b8ac0>
2023-12-05 19:13:04,450 - rasterio.env - DEBUG - Cleared existing <rasterio._env.GDALEnv object at 0x7fee9e8bbcd0> options
2023-12-05 19:13:04,450 - rasterio._env - DEBUG - Stopped GDALEnv <rasterio._env.GDALEnv object at 0x7fee9e8bbcd0>.
2023-12-05 19:13:04,450 - rasterio.env - DEBUG - Exiting outermost env
2023-12-05 19:13:04,450 - rasterio.env - DEBUG - Exited env context: <rasterio.env.Env object at 0x7fee9e8b8ac0>
2023-12-05 19:13:04,450 - rasterio.env - DEBUG - Entering env context: <rasterio.env.Env object at 0x7fee9e878ac0>
2023-12-05 19:13:04,450 - rasterio.env - DEBUG - Starting outermost env
2023-12-05 19:13:04,450 - rasterio.env - DEBUG - No GDAL environment exists
2023-12-05 19:13:04,450 - rasterio.env - DEBUG - New GDAL environment <rasterio._env.GDALEnv object at 0x7fee9e8bbcd0> created
2023-12-05 19:13:04,451 - rasterio._env - DEBUG - GDAL data found in package: path='/home/metpublic/PYTHON_VENV/present_weather/lib/python3.10/site-packages/rasterio/gdal_data'.
2023-12-05 19:13:04,451 - rasterio._env - DEBUG - PROJ data found in package: path='/home/metpublic/PYTHON_VENV/present_weather/lib/python3.10/site-packages/rasterio/proj_data'.
2023-12-05 19:13:04,451 - rasterio._env - DEBUG - Started GDALEnv: self=<rasterio._env.GDALEnv object at 0x7fee9e8bbcd0>.
2023-12-05 19:13:04,451 - rasterio.env - DEBUG - Entered env context: <rasterio.env.Env object at 0x7fee9e878ac0>
2023-12-05 19:13:04,451 - rasterio.env - DEBUG - Got a copy of environment <rasterio._env.GDALEnv object at 0x7fee9e8bbcd0> options
2023-12-05 19:13:04,451 - rasterio.env - DEBUG - Entering env context: <rasterio.env.Env object at 0x7fee8475a410>
2023-12-05 19:13:04,451 - rasterio.env - DEBUG - Got a copy of environment <rasterio._env.GDALEnv object at 0x7fee9e8bbcd0> options
2023-12-05 19:13:04,451 - rasterio.env - DEBUG - Entered env context: <rasterio.env.Env object at 0x7fee8475a410>
2023-12-05 19:13:04,452 - rasterio._base - DEBUG - Sharing flag: 0
2023-12-05 19:13:04,453 - rasterio._base - DEBUG - Nodata success: 1, Nodata value: nan
2023-12-05 19:13:04,453 - rasterio._base - DEBUG - Dataset <open DatasetReader name='https://radar.bmkg.go.id/raster/radarsatelit_202312051910.tif' mode='r'> is started.
2023-12-05 19:13:04,453 - rasterio.env - DEBUG - Exiting env context: <rasterio.env.Env object at 0x7fee8475a410>
2023-12-05 19:13:04,453 - rasterio.env - DEBUG - Cleared existing <rasterio._env.GDALEnv object at 0x7fee9e8bbcd0> options
2023-12-05 19:13:04,453 - rasterio._env - DEBUG - Stopped GDALEnv <rasterio._env.GDALEnv object at 0x7fee9e8bbcd0>.
2023-12-05 19:13:04,453 - rasterio.env - DEBUG - No GDAL environment exists
2023-12-05 19:13:04,453 - rasterio.env - DEBUG - New GDAL environment <rasterio._env.GDALEnv object at 0x7fee9e8bbcd0> created
2023-12-05 19:13:04,454 - rasterio._env - DEBUG - GDAL data found in package: path='/home/metpublic/PYTHON_VENV/present_weather/lib/python3.10/site-packages/rasterio/gdal_data'.
2023-12-05 19:13:04,454 - rasterio._env - DEBUG - PROJ data found in package: path='/home/metpublic/PYTHON_VENV/present_weather/lib/python3.10/site-packages/rasterio/proj_data'.
2023-12-05 19:13:04,454 - rasterio._env - DEBUG - Started GDALEnv: self=<rasterio._env.GDALEnv object at 0x7fee9e8bbcd0>.
2023-12-05 19:13:04,454 - rasterio.env - DEBUG - Exited env context: <rasterio.env.Env object at 0x7fee8475a410>
2023-12-05 19:13:04,471 - rasterio._io - DEBUG - Output nodata value read from file: nan
2023-12-05 19:13:04,471 - rasterio._io - DEBUG - Output nodata values: [nan]
2023-12-05 19:13:04,471 - rasterio._io - DEBUG - all_valid: False
2023-12-05 19:13:04,471 - rasterio._io - DEBUG - mask_flags: ([<MaskFlags.nodata: 8>],)
2023-12-05 19:13:04,471 - rasterio._io - DEBUG - Jump straight to _read()
2023-12-05 19:13:04,471 - rasterio._io - DEBUG - Window: Window(col_off=0, row_off=0, width=10177, height=3732)
2023-12-05 19:13:04,472 - rasterio._io - DEBUG - IO window xoff=0.0 yoff=0.0 width=10177.0 height=3732.0
2023-12-05 19:13:05,010 - rasterio.env - DEBUG - Exiting env context: <rasterio.env.Env object at 0x7fee9e878ac0>
2023-12-05 19:13:05,010 - rasterio.env - DEBUG - Cleared existing <rasterio._env.GDALEnv object at 0x7fee9e8bbcd0> options
2023-12-05 19:13:05,010 - rasterio._env - DEBUG - Stopped GDALEnv <rasterio._env.GDALEnv object at 0x7fee9e8bbcd0>.
2023-12-05 19:13:05,010 - rasterio.env - DEBUG - Exiting outermost env
2023-12-05 19:13:05,010 - rasterio.env - DEBUG - Exited env context: <rasterio.env.Env object at 0x7fee9e878ac0>
2023-12-05 19:17:49,265 - rasterio.env - DEBUG - Entering env context: <rasterio.env.Env object at 0x7fee844150c0>
2023-12-05 19:17:49,265 - rasterio.env - DEBUG - Starting outermost env
2023-12-05 19:17:49,265 - rasterio.env - DEBUG - No GDAL environment exists
2023-12-05 19:17:49,265 - rasterio.env - DEBUG - New GDAL environment <rasterio._env.GDALEnv object at 0x7fee844140a0> created
2023-12-05 19:17:49,266 - rasterio._env - DEBUG - GDAL data found in package: path='/home/metpublic/PYTHON_VENV/present_weather/lib/python3.10/site-packages/rasterio/gdal_data'.
2023-12-05 19:17:49,266 - rasterio._env - DEBUG - PROJ data found in package: path='/home/metpublic/PYTHON_VENV/present_weather/lib/python3.10/site-packages/rasterio/proj_data'.
2023-12-05 19:17:49,266 - rasterio._env - DEBUG - Started GDALEnv: self=<rasterio._env.GDALEnv object at 0x7fee844140a0>.
2023-12-05 19:17:49,266 - rasterio.env - DEBUG - Entered env context: <rasterio.env.Env object at 0x7fee844150c0>
2023-12-05 19:17:49,266 - rasterio._base - DEBUG - Sharing flag: 0
2023-12-05 19:17:49,268 - rasterio._base - DEBUG - Nodata success: 0, Nodata value: 0.000000
2023-12-05 19:17:49,268 - rasterio._base - DEBUG - Dataset <open DatasetReader name='/home/metpublic/TASK_RELEASE/EFAN/present_weather/src/H09_B13_Indonesia_20231205.Z1900.cor.tiff' mode='r'> is started.
2023-12-05 19:17:49,268 - rasterio.env - DEBUG - Exiting env context: <rasterio.env.Env object at 0x7fee844150c0>
2023-12-05 19:17:49,268 - rasterio.env - DEBUG - Cleared existing <rasterio._env.GDALEnv object at 0x7fee844140a0> options
2023-12-05 19:17:49,269 - rasterio._env - DEBUG - Stopped GDALEnv <rasterio._env.GDALEnv object at 0x7fee844140a0>.
2023-12-05 19:17:49,269 - rasterio.env - DEBUG - Exiting outermost env
2023-12-05 19:17:49,269 - rasterio.env - DEBUG - Exited env context: <rasterio.env.Env object at 0x7fee844150c0>
2023-12-05 19:17:49,269 - rasterio.env - DEBUG - Entering env context: <rasterio.env.Env object at 0x7fee84417280>
2023-12-05 19:17:49,269 - rasterio.env - DEBUG - Starting outermost env
2023-12-05 19:17:49,269 - rasterio.env - DEBUG - No GDAL environment exists
2023-12-05 19:17:49,269 - rasterio.env - DEBUG - New GDAL environment <rasterio._env.GDALEnv object at 0x7fee84759e70> created
2023-12-05 19:17:49,270 - rasterio._env - DEBUG - GDAL data found in package: path='/home/metpublic/PYTHON_VENV/present_weather/lib/python3.10/site-packages/rasterio/gdal_data'.
2023-12-05 19:17:49,270 - rasterio._env - DEBUG - PROJ data found in package: path='/home/metpublic/PYTHON_VENV/present_weather/lib/python3.10/site-packages/rasterio/proj_data'.
2023-12-05 19:17:49,270 - rasterio._env - DEBUG - Started GDALEnv: self=<rasterio._env.GDALEnv object at 0x7fee84759e70>.
2023-12-05 19:17:49,270 - rasterio.env - DEBUG - Entered env context: <rasterio.env.Env object at 0x7fee84417280>
2023-12-05 19:17:49,270 - rasterio._base - DEBUG - Sharing flag: 0
2023-12-05 19:17:49,271 - rasterio._base - DEBUG - Nodata success: 0, Nodata value: 0.000000
2023-12-05 19:17:49,271 - rasterio._base - DEBUG - Dataset <open DatasetReader name='/home/metpublic/TASK_RELEASE/EFAN/present_weather/src/H09_B13_Indonesia_20231205.Z1900.cor.tiff' mode='r'> is started.
2023-12-05 19:17:49,271 - rasterio.env - DEBUG - Exiting env context: <rasterio.env.Env object at 0x7fee84417280>
2023-12-05 19:17:49,271 - rasterio.env - DEBUG - Cleared existing <rasterio._env.GDALEnv object at 0x7fee84759e70> options
2023-12-05 19:17:49,271 - rasterio._env - DEBUG - Stopped GDALEnv <rasterio._env.GDALEnv object at 0x7fee84759e70>.
2023-12-05 19:17:49,271 - rasterio.env - DEBUG - Exiting outermost env
2023-12-05 19:17:49,271 - rasterio.env - DEBUG - Exited env context: <rasterio.env.Env object at 0x7fee84417280>
2023-12-05 19:17:49,282 - root - INFO - Generating present weather using SATELITE data
2023-12-05 19:19:40,762 - root - INFO - Total elapsed time: 0:06:38.099761
