2023-11-28 06:23:02,921 - root - INFO - Initiating present weather
2023-11-28 06:23:02,923 - asyncio - DEBUG - Using selector: EpollSelector
2023-11-28 06:23:04,472 - urllib3.connectionpool - DEBUG - Starting new HTTPS connection (1): radar.bmkg.go.id:8060
2023-11-28 06:23:04,497 - urllib3.connectionpool - DEBUG - https://radar.bmkg.go.id:8060 "GET /getRadarGeotif?token=19387e71e78522ae4172ec0fda640983b8438c9cfa0ca571623cb69d8327&radar=amandemenForecast&type=latest HTTP/1.1" 200 90
2023-11-28 06:23:04,498 - rasterio.env - DEBUG - Entering env context: <rasterio.env.Env object at 0x7f8022566c80>
2023-11-28 06:23:04,499 - rasterio.env - DEBUG - Starting outermost env
2023-11-28 06:23:04,499 - rasterio.env - DEBUG - No GDAL environment exists
2023-11-28 06:23:04,499 - rasterio.env - DEBUG - New GDAL environment <rasterio._env.GDALEnv object at 0x7f8022566ef0> created
2023-11-28 06:23:04,501 - rasterio._filepath - DEBUG - Installing FilePath filesystem handler plugin...
2023-11-28 06:23:04,501 - rasterio._env - DEBUG - GDAL data found in package: path='/home/metpublic/PYTHON_VENV/present_weather/lib/python3.10/site-packages/rasterio/gdal_data'.
2023-11-28 06:23:04,501 - rasterio._env - DEBUG - PROJ data found in package: path='/home/metpublic/PYTHON_VENV/present_weather/lib/python3.10/site-packages/rasterio/proj_data'.
2023-11-28 06:23:04,502 - rasterio._env - DEBUG - Started GDALEnv: self=<rasterio._env.GDALEnv object at 0x7f8022566ef0>.
2023-11-28 06:23:04,502 - rasterio.env - DEBUG - Entered env context: <rasterio.env.Env object at 0x7f8022566c80>
2023-11-28 06:23:04,502 - rasterio._base - DEBUG - Sharing flag: 0
2023-11-28 06:23:04,680 - rasterio._base - DEBUG - Nodata success: 1, Nodata value: nan
2023-11-28 06:23:04,680 - rasterio._base - DEBUG - Dataset <open DatasetReader name='https://radar.bmkg.go.id/raster/radarsatelit_202311280620.tif' mode='r'> is started.
2023-11-28 06:23:04,680 - rasterio.env - DEBUG - Exiting env context: <rasterio.env.Env object at 0x7f8022566c80>
2023-11-28 06:23:04,681 - rasterio.env - DEBUG - Cleared existing <rasterio._env.GDALEnv object at 0x7f8022566ef0> options
2023-11-28 06:23:04,681 - rasterio._env - DEBUG - Stopped GDALEnv <rasterio._env.GDALEnv object at 0x7f8022566ef0>.
2023-11-28 06:23:04,681 - rasterio.env - DEBUG - Exiting outermost env
2023-11-28 06:23:04,681 - rasterio.env - DEBUG - Exited env context: <rasterio.env.Env object at 0x7f8022566c80>
2023-11-28 06:23:04,681 - rasterio.env - DEBUG - Entering env context: <rasterio.env.Env object at 0x7f8022ee7880>
2023-11-28 06:23:04,681 - rasterio.env - DEBUG - Starting outermost env
2023-11-28 06:23:04,681 - rasterio.env - DEBUG - No GDAL environment exists
2023-11-28 06:23:04,681 - rasterio.env - DEBUG - New GDAL environment <rasterio._env.GDALEnv object at 0x7f8022eac7f0> created
2023-11-28 06:23:04,682 - rasterio._env - DEBUG - GDAL data found in package: path='/home/metpublic/PYTHON_VENV/present_weather/lib/python3.10/site-packages/rasterio/gdal_data'.
2023-11-28 06:23:04,683 - rasterio._env - DEBUG - PROJ data found in package: path='/home/metpublic/PYTHON_VENV/present_weather/lib/python3.10/site-packages/rasterio/proj_data'.
2023-11-28 06:23:04,683 - rasterio._env - DEBUG - Started GDALEnv: self=<rasterio._env.GDALEnv object at 0x7f8022eac7f0>.
2023-11-28 06:23:04,683 - rasterio.env - DEBUG - Entered env context: <rasterio.env.Env object at 0x7f8022ee7880>
2023-11-28 06:23:04,683 - rasterio.env - DEBUG - Got a copy of environment <rasterio._env.GDALEnv object at 0x7f8022eac7f0> options
2023-11-28 06:23:04,683 - rasterio.env - DEBUG - Entering env context: <rasterio.env.Env object at 0x7f8020430f70>
2023-11-28 06:23:04,683 - rasterio.env - DEBUG - Got a copy of environment <rasterio._env.GDALEnv object at 0x7f8022eac7f0> options
2023-11-28 06:23:04,684 - rasterio.env - DEBUG - Entered env context: <rasterio.env.Env object at 0x7f8020430f70>
2023-11-28 06:23:04,684 - rasterio._base - DEBUG - Sharing flag: 0
2023-11-28 06:23:04,684 - rasterio._base - DEBUG - Nodata success: 1, Nodata value: nan
2023-11-28 06:23:04,684 - rasterio._base - DEBUG - Dataset <open DatasetReader name='https://radar.bmkg.go.id/raster/radarsatelit_202311280620.tif' mode='r'> is started.
2023-11-28 06:23:04,685 - rasterio.env - DEBUG - Exiting env context: <rasterio.env.Env object at 0x7f8020430f70>
2023-11-28 06:23:04,685 - rasterio.env - DEBUG - Cleared existing <rasterio._env.GDALEnv object at 0x7f8022eac7f0> options
2023-11-28 06:23:04,685 - rasterio._env - DEBUG - Stopped GDALEnv <rasterio._env.GDALEnv object at 0x7f8022eac7f0>.
2023-11-28 06:23:04,685 - rasterio.env - DEBUG - No GDAL environment exists
2023-11-28 06:23:04,685 - rasterio.env - DEBUG - New GDAL environment <rasterio._env.GDALEnv object at 0x7f8022eac7f0> created
2023-11-28 06:23:04,685 - rasterio._env - DEBUG - GDAL data found in package: path='/home/metpublic/PYTHON_VENV/present_weather/lib/python3.10/site-packages/rasterio/gdal_data'.
2023-11-28 06:23:04,685 - rasterio._env - DEBUG - PROJ data found in package: path='/home/metpublic/PYTHON_VENV/present_weather/lib/python3.10/site-packages/rasterio/proj_data'.
2023-11-28 06:23:04,685 - rasterio._env - DEBUG - Started GDALEnv: self=<rasterio._env.GDALEnv object at 0x7f8022eac7f0>.
2023-11-28 06:23:04,685 - rasterio.env - DEBUG - Exited env context: <rasterio.env.Env object at 0x7f8020430f70>
2023-11-28 06:23:04,702 - rasterio._io - DEBUG - Output nodata value read from file: nan
2023-11-28 06:23:04,702 - rasterio._io - DEBUG - Output nodata values: [nan]
2023-11-28 06:23:04,702 - rasterio._io - DEBUG - all_valid: False
2023-11-28 06:23:04,703 - rasterio._io - DEBUG - mask_flags: ([<MaskFlags.nodata: 8>],)
2023-11-28 06:23:04,703 - rasterio._io - DEBUG - Jump straight to _read()
2023-11-28 06:23:04,703 - rasterio._io - DEBUG - Window: Window(col_off=0, row_off=0, width=10215, height=3792)
2023-11-28 06:23:04,703 - rasterio._io - DEBUG - IO window xoff=0.0 yoff=0.0 width=10215.0 height=3792.0
2023-11-28 06:23:05,289 - rasterio.env - DEBUG - Exiting env context: <rasterio.env.Env object at 0x7f8022ee7880>
2023-11-28 06:23:05,290 - rasterio.env - DEBUG - Cleared existing <rasterio._env.GDALEnv object at 0x7f8022eac7f0> options
2023-11-28 06:23:05,290 - rasterio._env - DEBUG - Stopped GDALEnv <rasterio._env.GDALEnv object at 0x7f8022eac7f0>.
2023-11-28 06:23:05,290 - rasterio.env - DEBUG - Exiting outermost env
2023-11-28 06:23:05,290 - rasterio.env - DEBUG - Exited env context: <rasterio.env.Env object at 0x7f8022ee7880>
2023-11-28 06:23:05,292 - urllib3.connectionpool - DEBUG - Starting new HTTPS connection (1): radar.bmkg.go.id:8060
2023-11-28 06:23:05,305 - urllib3.connectionpool - DEBUG - https://radar.bmkg.go.id:8060 "GET /getLatestLD?typeData=1 HTTP/1.1" 200 62
2023-11-28 06:23:09,914 - rasterio.env - DEBUG - Entering env context: <rasterio.env.Env object at 0x7f8022eadc30>
2023-11-28 06:23:09,915 - rasterio.env - DEBUG - Starting outermost env
2023-11-28 06:23:09,915 - rasterio.env - DEBUG - No GDAL environment exists
2023-11-28 06:23:09,915 - rasterio.env - DEBUG - New GDAL environment <rasterio._env.GDALEnv object at 0x7f8022eadba0> created
2023-11-28 06:23:09,915 - rasterio._env - DEBUG - GDAL data found in package: path='/home/metpublic/PYTHON_VENV/present_weather/lib/python3.10/site-packages/rasterio/gdal_data'.
2023-11-28 06:23:09,916 - rasterio._env - DEBUG - PROJ data found in package: path='/home/metpublic/PYTHON_VENV/present_weather/lib/python3.10/site-packages/rasterio/proj_data'.
2023-11-28 06:23:09,916 - rasterio._env - DEBUG - Started GDALEnv: self=<rasterio._env.GDALEnv object at 0x7f8022eadba0>.
2023-11-28 06:23:09,916 - rasterio.env - DEBUG - Entered env context: <rasterio.env.Env object at 0x7f8022eadc30>
2023-11-28 06:23:09,916 - rasterio._base - DEBUG - Sharing flag: 0
2023-11-28 06:23:09,917 - rasterio._base - DEBUG - Nodata success: 0, Nodata value: 0.000000
2023-11-28 06:23:09,917 - rasterio._base - DEBUG - Dataset <open DatasetReader name='/home/metpublic/TASK_RELEASE/EFAN/present_weather/src/H09_B13_Indonesia_20231128.Z0610.cor.tiff' mode='r'> is started.
2023-11-28 06:23:09,917 - rasterio.env - DEBUG - Exiting env context: <rasterio.env.Env object at 0x7f8022eadc30>
2023-11-28 06:23:09,918 - rasterio.env - DEBUG - Cleared existing <rasterio._env.GDALEnv object at 0x7f8022eadba0> options
2023-11-28 06:23:09,918 - rasterio._env - DEBUG - Stopped GDALEnv <rasterio._env.GDALEnv object at 0x7f8022eadba0>.
2023-11-28 06:23:09,918 - rasterio.env - DEBUG - Exiting outermost env
2023-11-28 06:23:09,918 - rasterio.env - DEBUG - Exited env context: <rasterio.env.Env object at 0x7f8022eadc30>
2023-11-28 06:23:09,918 - rasterio.env - DEBUG - Entering env context: <rasterio.env.Env object at 0x7f8020430c70>
2023-11-28 06:23:09,918 - rasterio.env - DEBUG - Starting outermost env
2023-11-28 06:23:09,918 - rasterio.env - DEBUG - No GDAL environment exists
2023-11-28 06:23:09,918 - rasterio.env - DEBUG - New GDAL environment <rasterio._env.GDALEnv object at 0x7f8020430eb0> created
2023-11-28 06:23:09,918 - rasterio._env - DEBUG - GDAL data found in package: path='/home/metpublic/PYTHON_VENV/present_weather/lib/python3.10/site-packages/rasterio/gdal_data'.
2023-11-28 06:23:09,919 - rasterio._env - DEBUG - PROJ data found in package: path='/home/metpublic/PYTHON_VENV/present_weather/lib/python3.10/site-packages/rasterio/proj_data'.
2023-11-28 06:23:09,919 - rasterio._env - DEBUG - Started GDALEnv: self=<rasterio._env.GDALEnv object at 0x7f8020430eb0>.
2023-11-28 06:23:09,919 - rasterio.env - DEBUG - Entered env context: <rasterio.env.Env object at 0x7f8020430c70>
2023-11-28 06:23:09,919 - rasterio._base - DEBUG - Sharing flag: 0
2023-11-28 06:23:09,919 - rasterio._base - DEBUG - Nodata success: 0, Nodata value: 0.000000
2023-11-28 06:23:09,920 - rasterio._base - DEBUG - Dataset <open DatasetReader name='/home/metpublic/TASK_RELEASE/EFAN/present_weather/src/H09_B13_Indonesia_20231128.Z0610.cor.tiff' mode='r'> is started.
2023-11-28 06:23:09,920 - rasterio.env - DEBUG - Exiting env context: <rasterio.env.Env object at 0x7f8020430c70>
2023-11-28 06:23:09,920 - rasterio.env - DEBUG - Cleared existing <rasterio._env.GDALEnv object at 0x7f8020430eb0> options
2023-11-28 06:23:09,920 - rasterio._env - DEBUG - Stopped GDALEnv <rasterio._env.GDALEnv object at 0x7f8020430eb0>.
2023-11-28 06:23:09,920 - rasterio.env - DEBUG - Exiting outermost env
2023-11-28 06:23:09,920 - rasterio.env - DEBUG - Exited env context: <rasterio.env.Env object at 0x7f8020430c70>
2023-11-28 06:23:09,932 - root - INFO - Generating present weather using SATELITE data
2023-11-28 06:24:07,915 - root - INFO - Total elapsed time: 0:01:04.993603
