2023-12-24 13:13:03,138 - root - INFO - Initiating present weather
2023-12-24 13:13:03,141 - asyncio - DEBUG - Using selector: EpollSelector
2023-12-24 13:13:04,791 - urllib3.connectionpool - DEBUG - Starting new HTTPS connection (1): radar.bmkg.go.id:8060
2023-12-24 13:13:04,804 - urllib3.connectionpool - DEBUG - https://radar.bmkg.go.id:8060 "GET /getLatestLD?typeData=1 HTTP/1.1" 200 62
2023-12-24 13:13:04,806 - urllib3.connectionpool - DEBUG - Starting new HTTPS connection (1): radar.bmkg.go.id:8060
2023-12-24 13:13:04,829 - urllib3.connectionpool - DEBUG - https://radar.bmkg.go.id:8060 "GET /getRadarGeotif?token=19387e71e78522ae4172ec0fda640983b8438c9cfa0ca571623cb69d8327&radar=amandemenForecast&type=latest HTTP/1.1" 200 90
2023-12-24 13:13:04,830 - rasterio.env - DEBUG - Entering env context: <rasterio.env.Env object at 0x7f94c3a446a0>
2023-12-24 13:13:04,831 - rasterio.env - DEBUG - Starting outermost env
2023-12-24 13:13:04,831 - rasterio.env - DEBUG - No GDAL environment exists
2023-12-24 13:13:04,831 - rasterio.env - DEBUG - New GDAL environment <rasterio._env.GDALEnv object at 0x7f94c3a44820> created
2023-12-24 13:13:04,834 - rasterio._filepath - DEBUG - Installing FilePath filesystem handler plugin...
2023-12-24 13:13:04,834 - rasterio._env - DEBUG - GDAL data found in package: path='/home/metpublic/PYTHON_VENV/present_weather/lib/python3.10/site-packages/rasterio/gdal_data'.
2023-12-24 13:13:04,834 - rasterio._env - DEBUG - PROJ data found in package: path='/home/metpublic/PYTHON_VENV/present_weather/lib/python3.10/site-packages/rasterio/proj_data'.
2023-12-24 13:13:04,834 - rasterio._env - DEBUG - Started GDALEnv: self=<rasterio._env.GDALEnv object at 0x7f94c3a44820>.
2023-12-24 13:13:04,834 - rasterio.env - DEBUG - Entered env context: <rasterio.env.Env object at 0x7f94c3a446a0>
2023-12-24 13:13:04,834 - rasterio._base - DEBUG - Sharing flag: 0
2023-12-24 13:13:05,213 - rasterio._base - DEBUG - Nodata success: 1, Nodata value: nan
2023-12-24 13:13:05,213 - rasterio._base - DEBUG - Dataset <open DatasetReader name='https://radar.bmkg.go.id/raster/radarsatelit_202312241310.tif' mode='r'> is started.
2023-12-24 13:13:05,213 - rasterio.env - DEBUG - Exiting env context: <rasterio.env.Env object at 0x7f94c3a446a0>
2023-12-24 13:13:05,213 - rasterio.env - DEBUG - Cleared existing <rasterio._env.GDALEnv object at 0x7f94c3a44820> options
2023-12-24 13:13:05,213 - rasterio._env - DEBUG - Stopped GDALEnv <rasterio._env.GDALEnv object at 0x7f94c3a44820>.
2023-12-24 13:13:05,213 - rasterio.env - DEBUG - Exiting outermost env
2023-12-24 13:13:05,213 - rasterio.env - DEBUG - Exited env context: <rasterio.env.Env object at 0x7f94c3a446a0>
2023-12-24 13:13:05,214 - rasterio.env - DEBUG - Entering env context: <rasterio.env.Env object at 0x7f94c39d4cd0>
2023-12-24 13:13:05,214 - rasterio.env - DEBUG - Starting outermost env
2023-12-24 13:13:05,214 - rasterio.env - DEBUG - No GDAL environment exists
2023-12-24 13:13:05,214 - rasterio.env - DEBUG - New GDAL environment <rasterio._env.GDALEnv object at 0x7f94c3a44820> created
2023-12-24 13:13:05,214 - rasterio._env - DEBUG - GDAL data found in package: path='/home/metpublic/PYTHON_VENV/present_weather/lib/python3.10/site-packages/rasterio/gdal_data'.
2023-12-24 13:13:05,214 - rasterio._env - DEBUG - PROJ data found in package: path='/home/metpublic/PYTHON_VENV/present_weather/lib/python3.10/site-packages/rasterio/proj_data'.
2023-12-24 13:13:05,215 - rasterio._env - DEBUG - Started GDALEnv: self=<rasterio._env.GDALEnv object at 0x7f94c3a44820>.
2023-12-24 13:13:05,215 - rasterio.env - DEBUG - Entered env context: <rasterio.env.Env object at 0x7f94c39d4cd0>
2023-12-24 13:13:05,215 - rasterio.env - DEBUG - Got a copy of environment <rasterio._env.GDALEnv object at 0x7f94c3a44820> options
2023-12-24 13:13:05,215 - rasterio.env - DEBUG - Entering env context: <rasterio.env.Env object at 0x7f94c00d3310>
2023-12-24 13:13:05,215 - rasterio.env - DEBUG - Got a copy of environment <rasterio._env.GDALEnv object at 0x7f94c3a44820> options
2023-12-24 13:13:05,215 - rasterio.env - DEBUG - Entered env context: <rasterio.env.Env object at 0x7f94c00d3310>
2023-12-24 13:13:05,215 - rasterio._base - DEBUG - Sharing flag: 0
2023-12-24 13:13:05,216 - rasterio._base - DEBUG - Nodata success: 1, Nodata value: nan
2023-12-24 13:13:05,216 - rasterio._base - DEBUG - Dataset <open DatasetReader name='https://radar.bmkg.go.id/raster/radarsatelit_202312241310.tif' mode='r'> is started.
2023-12-24 13:13:05,216 - rasterio.env - DEBUG - Exiting env context: <rasterio.env.Env object at 0x7f94c00d3310>
2023-12-24 13:13:05,217 - rasterio.env - DEBUG - Cleared existing <rasterio._env.GDALEnv object at 0x7f94c3a44820> options
2023-12-24 13:13:05,217 - rasterio._env - DEBUG - Stopped GDALEnv <rasterio._env.GDALEnv object at 0x7f94c3a44820>.
2023-12-24 13:13:05,217 - rasterio.env - DEBUG - No GDAL environment exists
2023-12-24 13:13:05,217 - rasterio.env - DEBUG - New GDAL environment <rasterio._env.GDALEnv object at 0x7f94c3a44820> created
2023-12-24 13:13:05,217 - rasterio._env - DEBUG - GDAL data found in package: path='/home/metpublic/PYTHON_VENV/present_weather/lib/python3.10/site-packages/rasterio/gdal_data'.
2023-12-24 13:13:05,217 - rasterio._env - DEBUG - PROJ data found in package: path='/home/metpublic/PYTHON_VENV/present_weather/lib/python3.10/site-packages/rasterio/proj_data'.
2023-12-24 13:13:05,217 - rasterio._env - DEBUG - Started GDALEnv: self=<rasterio._env.GDALEnv object at 0x7f94c3a44820>.
2023-12-24 13:13:05,218 - rasterio.env - DEBUG - Exited env context: <rasterio.env.Env object at 0x7f94c00d3310>
2023-12-24 13:13:05,234 - rasterio._io - DEBUG - Output nodata value read from file: nan
2023-12-24 13:13:05,234 - rasterio._io - DEBUG - Output nodata values: [nan]
2023-12-24 13:13:05,235 - rasterio._io - DEBUG - all_valid: False
2023-12-24 13:13:05,235 - rasterio._io - DEBUG - mask_flags: ([<MaskFlags.nodata: 8>],)
2023-12-24 13:13:05,235 - rasterio._io - DEBUG - Jump straight to _read()
2023-12-24 13:13:05,235 - rasterio._io - DEBUG - Window: Window(col_off=0, row_off=0, width=10215, height=3792)
2023-12-24 13:13:05,235 - rasterio._io - DEBUG - IO window xoff=0.0 yoff=0.0 width=10215.0 height=3792.0
2023-12-24 13:13:05,852 - rasterio.env - DEBUG - Exiting env context: <rasterio.env.Env object at 0x7f94c39d4cd0>
2023-12-24 13:13:05,853 - rasterio.env - DEBUG - Cleared existing <rasterio._env.GDALEnv object at 0x7f94c3a44820> options
2023-12-24 13:13:05,853 - rasterio._env - DEBUG - Stopped GDALEnv <rasterio._env.GDALEnv object at 0x7f94c3a44820>.
2023-12-24 13:13:05,853 - rasterio.env - DEBUG - Exiting outermost env
2023-12-24 13:13:05,853 - rasterio.env - DEBUG - Exited env context: <rasterio.env.Env object at 0x7f94c39d4cd0>
2023-12-24 13:19:42,016 - root - INFO - Total elapsed time: 0:06:38.878361
