2023-12-22 13:13:02,662 - root - INFO - Initiating present weather
2023-12-22 13:13:02,664 - asyncio - DEBUG - Using selector: EpollSelector
2023-12-22 13:13:04,319 - urllib3.connectionpool - DEBUG - Starting new HTTPS connection (1): radar.bmkg.go.id:8060
2023-12-22 13:13:04,331 - urllib3.connectionpool - DEBUG - https://radar.bmkg.go.id:8060 "GET /getLatestLD?typeData=1 HTTP/1.1" 200 62
2023-12-22 13:13:04,333 - urllib3.connectionpool - DEBUG - Starting new HTTPS connection (1): radar.bmkg.go.id:8060
2023-12-22 13:13:04,349 - urllib3.connectionpool - DEBUG - https://radar.bmkg.go.id:8060 "GET /getRadarGeotif?token=19387e71e78522ae4172ec0fda640983b8438c9cfa0ca571623cb69d8327&radar=amandemenForecast&type=latest HTTP/1.1" 200 90
2023-12-22 13:13:04,350 - rasterio.env - DEBUG - Entering env context: <rasterio.env.Env object at 0x7fab895e9600>
2023-12-22 13:13:04,350 - rasterio.env - DEBUG - Starting outermost env
2023-12-22 13:13:04,350 - rasterio.env - DEBUG - No GDAL environment exists
2023-12-22 13:13:04,350 - rasterio.env - DEBUG - New GDAL environment <rasterio._env.GDALEnv object at 0x7fab895e95d0> created
2023-12-22 13:13:04,353 - rasterio._filepath - DEBUG - Installing FilePath filesystem handler plugin...
2023-12-22 13:13:04,353 - rasterio._env - DEBUG - GDAL data found in package: path='/home/metpublic/PYTHON_VENV/present_weather/lib/python3.10/site-packages/rasterio/gdal_data'.
2023-12-22 13:13:04,353 - rasterio._env - DEBUG - PROJ data found in package: path='/home/metpublic/PYTHON_VENV/present_weather/lib/python3.10/site-packages/rasterio/proj_data'.
2023-12-22 13:13:04,353 - rasterio._env - DEBUG - Started GDALEnv: self=<rasterio._env.GDALEnv object at 0x7fab895e95d0>.
2023-12-22 13:13:04,353 - rasterio.env - DEBUG - Entered env context: <rasterio.env.Env object at 0x7fab895e9600>
2023-12-22 13:13:04,353 - rasterio._base - DEBUG - Sharing flag: 0
2023-12-22 13:13:04,690 - rasterio._base - DEBUG - Nodata success: 1, Nodata value: nan
2023-12-22 13:13:04,691 - rasterio._base - DEBUG - Dataset <open DatasetReader name='https://radar.bmkg.go.id/raster/radarsatelit_202312221240.tif' mode='r'> is started.
2023-12-22 13:13:04,691 - rasterio.env - DEBUG - Exiting env context: <rasterio.env.Env object at 0x7fab895e9600>
2023-12-22 13:13:04,692 - rasterio.env - DEBUG - Cleared existing <rasterio._env.GDALEnv object at 0x7fab895e95d0> options
2023-12-22 13:13:04,692 - rasterio._env - DEBUG - Stopped GDALEnv <rasterio._env.GDALEnv object at 0x7fab895e95d0>.
2023-12-22 13:13:04,692 - rasterio.env - DEBUG - Exiting outermost env
2023-12-22 13:13:04,692 - rasterio.env - DEBUG - Exited env context: <rasterio.env.Env object at 0x7fab895e9600>
2023-12-22 13:13:04,692 - rasterio.env - DEBUG - Entering env context: <rasterio.env.Env object at 0x7fab895a10c0>
2023-12-22 13:13:04,692 - rasterio.env - DEBUG - Starting outermost env
2023-12-22 13:13:04,692 - rasterio.env - DEBUG - No GDAL environment exists
2023-12-22 13:13:04,692 - rasterio.env - DEBUG - New GDAL environment <rasterio._env.GDALEnv object at 0x7fab89f278e0> created
2023-12-22 13:13:04,693 - rasterio._env - DEBUG - GDAL data found in package: path='/home/metpublic/PYTHON_VENV/present_weather/lib/python3.10/site-packages/rasterio/gdal_data'.
2023-12-22 13:13:04,693 - rasterio._env - DEBUG - PROJ data found in package: path='/home/metpublic/PYTHON_VENV/present_weather/lib/python3.10/site-packages/rasterio/proj_data'.
2023-12-22 13:13:04,693 - rasterio._env - DEBUG - Started GDALEnv: self=<rasterio._env.GDALEnv object at 0x7fab89f278e0>.
2023-12-22 13:13:04,693 - rasterio.env - DEBUG - Entered env context: <rasterio.env.Env object at 0x7fab895a10c0>
2023-12-22 13:13:04,693 - rasterio.env - DEBUG - Got a copy of environment <rasterio._env.GDALEnv object at 0x7fab89f278e0> options
2023-12-22 13:13:04,694 - rasterio.env - DEBUG - Entering env context: <rasterio.env.Env object at 0x7fab884a6770>
2023-12-22 13:13:04,694 - rasterio.env - DEBUG - Got a copy of environment <rasterio._env.GDALEnv object at 0x7fab89f278e0> options
2023-12-22 13:13:04,694 - rasterio.env - DEBUG - Entered env context: <rasterio.env.Env object at 0x7fab884a6770>
2023-12-22 13:13:04,694 - rasterio._base - DEBUG - Sharing flag: 0
2023-12-22 13:13:04,695 - rasterio._base - DEBUG - Nodata success: 1, Nodata value: nan
2023-12-22 13:13:04,695 - rasterio._base - DEBUG - Dataset <open DatasetReader name='https://radar.bmkg.go.id/raster/radarsatelit_202312221240.tif' mode='r'> is started.
2023-12-22 13:13:04,695 - rasterio.env - DEBUG - Exiting env context: <rasterio.env.Env object at 0x7fab884a6770>
2023-12-22 13:13:04,695 - rasterio.env - DEBUG - Cleared existing <rasterio._env.GDALEnv object at 0x7fab89f278e0> options
2023-12-22 13:13:04,695 - rasterio._env - DEBUG - Stopped GDALEnv <rasterio._env.GDALEnv object at 0x7fab89f278e0>.
2023-12-22 13:13:04,695 - rasterio.env - DEBUG - No GDAL environment exists
2023-12-22 13:13:04,695 - rasterio.env - DEBUG - New GDAL environment <rasterio._env.GDALEnv object at 0x7fab89f278e0> created
2023-12-22 13:13:04,696 - rasterio._env - DEBUG - GDAL data found in package: path='/home/metpublic/PYTHON_VENV/present_weather/lib/python3.10/site-packages/rasterio/gdal_data'.
2023-12-22 13:13:04,696 - rasterio._env - DEBUG - PROJ data found in package: path='/home/metpublic/PYTHON_VENV/present_weather/lib/python3.10/site-packages/rasterio/proj_data'.
2023-12-22 13:13:04,696 - rasterio._env - DEBUG - Started GDALEnv: self=<rasterio._env.GDALEnv object at 0x7fab89f278e0>.
2023-12-22 13:13:04,696 - rasterio.env - DEBUG - Exited env context: <rasterio.env.Env object at 0x7fab884a6770>
2023-12-22 13:13:04,715 - rasterio._io - DEBUG - Output nodata value read from file: nan
2023-12-22 13:13:04,715 - rasterio._io - DEBUG - Output nodata values: [nan]
2023-12-22 13:13:04,715 - rasterio._io - DEBUG - all_valid: False
2023-12-22 13:13:04,715 - rasterio._io - DEBUG - mask_flags: ([<MaskFlags.nodata: 8>],)
2023-12-22 13:13:04,716 - rasterio._io - DEBUG - Jump straight to _read()
2023-12-22 13:13:04,716 - rasterio._io - DEBUG - Window: Window(col_off=0, row_off=0, width=10177, height=3732)
2023-12-22 13:13:04,716 - rasterio._io - DEBUG - IO window xoff=0.0 yoff=0.0 width=10177.0 height=3732.0
2023-12-22 13:13:05,312 - rasterio.env - DEBUG - Exiting env context: <rasterio.env.Env object at 0x7fab895a10c0>
2023-12-22 13:13:05,312 - rasterio.env - DEBUG - Cleared existing <rasterio._env.GDALEnv object at 0x7fab89f278e0> options
2023-12-22 13:13:05,312 - rasterio._env - DEBUG - Stopped GDALEnv <rasterio._env.GDALEnv object at 0x7fab89f278e0>.
2023-12-22 13:13:05,312 - rasterio.env - DEBUG - Exiting outermost env
2023-12-22 13:13:05,312 - rasterio.env - DEBUG - Exited env context: <rasterio.env.Env object at 0x7fab895a10c0>
2023-12-22 13:13:05,314 - urllib3.connectionpool - DEBUG - Starting new HTTPS connection (1): radar.bmkg.go.id:8060
2023-12-22 13:13:05,425 - urllib3.connectionpool - DEBUG - https://radar.bmkg.go.id:8060 "GET /getRadarGeotif?token=19387e71e78522ae4172ec0fda640983b8438c9cfa0ca571623cb69d8327&radar=amandemenForecastRadarMosaic&type=latest HTTP/1.1" 200 84
2023-12-22 13:13:05,426 - rasterio.env - DEBUG - Entering env context: <rasterio.env.Env object at 0x7fab895e9660>
2023-12-22 13:13:05,426 - rasterio.env - DEBUG - Starting outermost env
2023-12-22 13:13:05,426 - rasterio.env - DEBUG - No GDAL environment exists
2023-12-22 13:13:05,426 - rasterio.env - DEBUG - New GDAL environment <rasterio._env.GDALEnv object at 0x7fab89f27a60> created
2023-12-22 13:13:05,427 - rasterio._env - DEBUG - GDAL data found in package: path='/home/metpublic/PYTHON_VENV/present_weather/lib/python3.10/site-packages/rasterio/gdal_data'.
2023-12-22 13:13:05,427 - rasterio._env - DEBUG - PROJ data found in package: path='/home/metpublic/PYTHON_VENV/present_weather/lib/python3.10/site-packages/rasterio/proj_data'.
2023-12-22 13:13:05,427 - rasterio._env - DEBUG - Started GDALEnv: self=<rasterio._env.GDALEnv object at 0x7fab89f27a60>.
2023-12-22 13:13:05,427 - rasterio.env - DEBUG - Entered env context: <rasterio.env.Env object at 0x7fab895e9660>
2023-12-22 13:13:05,427 - rasterio._base - DEBUG - Sharing flag: 0
2023-12-22 13:13:05,433 - rasterio._base - DEBUG - Nodata success: 1, Nodata value: nan
2023-12-22 13:13:05,433 - rasterio._base - DEBUG - Dataset <open DatasetReader name='https://radar.bmkg.go.id/raster/mosaic_202312221310.tif' mode='r'> is started.
2023-12-22 13:13:05,433 - rasterio.env - DEBUG - Exiting env context: <rasterio.env.Env object at 0x7fab895e9660>
2023-12-22 13:13:05,433 - rasterio.env - DEBUG - Cleared existing <rasterio._env.GDALEnv object at 0x7fab89f27a60> options
2023-12-22 13:13:05,433 - rasterio._env - DEBUG - Stopped GDALEnv <rasterio._env.GDALEnv object at 0x7fab89f27a60>.
2023-12-22 13:13:05,433 - rasterio.env - DEBUG - Exiting outermost env
2023-12-22 13:13:05,433 - rasterio.env - DEBUG - Exited env context: <rasterio.env.Env object at 0x7fab895e9660>
2023-12-22 13:13:05,433 - rasterio.env - DEBUG - Entering env context: <rasterio.env.Env object at 0x7fab895e9600>
2023-12-22 13:13:05,433 - rasterio.env - DEBUG - Starting outermost env
2023-12-22 13:13:05,433 - rasterio.env - DEBUG - No GDAL environment exists
2023-12-22 13:13:05,433 - rasterio.env - DEBUG - New GDAL environment <rasterio._env.GDALEnv object at 0x7fab89f27a60> created
2023-12-22 13:13:05,434 - rasterio._env - DEBUG - GDAL data found in package: path='/home/metpublic/PYTHON_VENV/present_weather/lib/python3.10/site-packages/rasterio/gdal_data'.
2023-12-22 13:13:05,434 - rasterio._env - DEBUG - PROJ data found in package: path='/home/metpublic/PYTHON_VENV/present_weather/lib/python3.10/site-packages/rasterio/proj_data'.
2023-12-22 13:13:05,434 - rasterio._env - DEBUG - Started GDALEnv: self=<rasterio._env.GDALEnv object at 0x7fab89f27a60>.
2023-12-22 13:13:05,434 - rasterio.env - DEBUG - Entered env context: <rasterio.env.Env object at 0x7fab895e9600>
2023-12-22 13:13:05,434 - rasterio.env - DEBUG - Got a copy of environment <rasterio._env.GDALEnv object at 0x7fab89f27a60> options
2023-12-22 13:13:05,434 - rasterio.env - DEBUG - Entering env context: <rasterio.env.Env object at 0x7fab88537850>
2023-12-22 13:13:05,434 - rasterio.env - DEBUG - Got a copy of environment <rasterio._env.GDALEnv object at 0x7fab89f27a60> options
2023-12-22 13:13:05,434 - rasterio.env - DEBUG - Entered env context: <rasterio.env.Env object at 0x7fab88537850>
2023-12-22 13:13:05,434 - rasterio._base - DEBUG - Sharing flag: 0
2023-12-22 13:13:05,435 - rasterio._base - DEBUG - Nodata success: 1, Nodata value: nan
2023-12-22 13:13:05,435 - rasterio._base - DEBUG - Dataset <open DatasetReader name='https://radar.bmkg.go.id/raster/mosaic_202312221310.tif' mode='r'> is started.
2023-12-22 13:13:05,435 - rasterio.env - DEBUG - Exiting env context: <rasterio.env.Env object at 0x7fab88537850>
2023-12-22 13:13:05,435 - rasterio.env - DEBUG - Cleared existing <rasterio._env.GDALEnv object at 0x7fab89f27a60> options
2023-12-22 13:13:05,435 - rasterio._env - DEBUG - Stopped GDALEnv <rasterio._env.GDALEnv object at 0x7fab89f27a60>.
2023-12-22 13:13:05,435 - rasterio.env - DEBUG - No GDAL environment exists
2023-12-22 13:13:05,435 - rasterio.env - DEBUG - New GDAL environment <rasterio._env.GDALEnv object at 0x7fab89f27a60> created
2023-12-22 13:13:05,436 - rasterio._env - DEBUG - GDAL data found in package: path='/home/metpublic/PYTHON_VENV/present_weather/lib/python3.10/site-packages/rasterio/gdal_data'.
2023-12-22 13:13:05,436 - rasterio._env - DEBUG - PROJ data found in package: path='/home/metpublic/PYTHON_VENV/present_weather/lib/python3.10/site-packages/rasterio/proj_data'.
2023-12-22 13:13:05,436 - rasterio._env - DEBUG - Started GDALEnv: self=<rasterio._env.GDALEnv object at 0x7fab89f27a60>.
2023-12-22 13:13:05,436 - rasterio.env - DEBUG - Exited env context: <rasterio.env.Env object at 0x7fab88537850>
2023-12-22 13:13:05,446 - rasterio._io - DEBUG - Output nodata value read from file: nan
2023-12-22 13:13:05,446 - rasterio._io - DEBUG - Output nodata values: [nan]
2023-12-22 13:13:05,446 - rasterio._io - DEBUG - all_valid: False
2023-12-22 13:13:05,447 - rasterio._io - DEBUG - mask_flags: ([<MaskFlags.nodata: 8>],)
2023-12-22 13:13:05,447 - rasterio._io - DEBUG - Jump straight to _read()
2023-12-22 13:13:05,447 - rasterio._io - DEBUG - Window: Window(col_off=0, row_off=0, width=10121, height=3732)
2023-12-22 13:13:05,447 - rasterio._io - DEBUG - IO window xoff=0.0 yoff=0.0 width=10121.0 height=3732.0
2023-12-22 13:13:09,275 - rasterio.env - DEBUG - Exiting env context: <rasterio.env.Env object at 0x7fab895e9600>
2023-12-22 13:13:09,275 - rasterio.env - DEBUG - Cleared existing <rasterio._env.GDALEnv object at 0x7fab89f27a60> options
2023-12-22 13:13:09,275 - rasterio._env - DEBUG - Stopped GDALEnv <rasterio._env.GDALEnv object at 0x7fab89f27a60>.
2023-12-22 13:13:09,275 - rasterio.env - DEBUG - Exiting outermost env
2023-12-22 13:13:09,275 - rasterio.env - DEBUG - Exited env context: <rasterio.env.Env object at 0x7fab895e9600>
2023-12-22 13:17:54,822 - rasterio.env - DEBUG - Entering env context: <rasterio.env.Env object at 0x7fab88535de0>
2023-12-22 13:17:54,822 - rasterio.env - DEBUG - Starting outermost env
2023-12-22 13:17:54,822 - rasterio.env - DEBUG - No GDAL environment exists
2023-12-22 13:17:54,822 - rasterio.env - DEBUG - New GDAL environment <rasterio._env.GDALEnv object at 0x7fab88537010> created
2023-12-22 13:17:54,823 - rasterio._env - DEBUG - GDAL data found in package: path='/home/metpublic/PYTHON_VENV/present_weather/lib/python3.10/site-packages/rasterio/gdal_data'.
2023-12-22 13:17:54,823 - rasterio._env - DEBUG - PROJ data found in package: path='/home/metpublic/PYTHON_VENV/present_weather/lib/python3.10/site-packages/rasterio/proj_data'.
2023-12-22 13:17:54,823 - rasterio._env - DEBUG - Started GDALEnv: self=<rasterio._env.GDALEnv object at 0x7fab88537010>.
2023-12-22 13:17:54,824 - rasterio.env - DEBUG - Entered env context: <rasterio.env.Env object at 0x7fab88535de0>
2023-12-22 13:17:54,824 - rasterio._base - DEBUG - Sharing flag: 0
2023-12-22 13:17:54,825 - rasterio._base - DEBUG - Nodata success: 0, Nodata value: 0.000000
2023-12-22 13:17:54,825 - rasterio._base - DEBUG - Dataset <open DatasetReader name='/home/metpublic/TASK_RELEASE/EFAN/present_weather/src/H09_B13_Indonesia_20231222.Z1220.cor.tiff' mode='r'> is started.
2023-12-22 13:17:54,825 - rasterio.env - DEBUG - Exiting env context: <rasterio.env.Env object at 0x7fab88535de0>
2023-12-22 13:17:54,825 - rasterio.env - DEBUG - Cleared existing <rasterio._env.GDALEnv object at 0x7fab88537010> options
2023-12-22 13:17:54,825 - rasterio._env - DEBUG - Stopped GDALEnv <rasterio._env.GDALEnv object at 0x7fab88537010>.
2023-12-22 13:17:54,825 - rasterio.env - DEBUG - Exiting outermost env
2023-12-22 13:17:54,825 - rasterio.env - DEBUG - Exited env context: <rasterio.env.Env object at 0x7fab88535de0>
2023-12-22 13:17:54,826 - rasterio.env - DEBUG - Entering env context: <rasterio.env.Env object at 0x7fab882b72b0>
2023-12-22 13:17:54,826 - rasterio.env - DEBUG - Starting outermost env
2023-12-22 13:17:54,826 - rasterio.env - DEBUG - No GDAL environment exists
2023-12-22 13:17:54,826 - rasterio.env - DEBUG - New GDAL environment <rasterio._env.GDALEnv object at 0x7fab882b5ba0> created
2023-12-22 13:17:54,827 - rasterio._env - DEBUG - GDAL data found in package: path='/home/metpublic/PYTHON_VENV/present_weather/lib/python3.10/site-packages/rasterio/gdal_data'.
2023-12-22 13:17:54,827 - rasterio._env - DEBUG - PROJ data found in package: path='/home/metpublic/PYTHON_VENV/present_weather/lib/python3.10/site-packages/rasterio/proj_data'.
2023-12-22 13:17:54,827 - rasterio._env - DEBUG - Started GDALEnv: self=<rasterio._env.GDALEnv object at 0x7fab882b5ba0>.
2023-12-22 13:17:54,827 - rasterio.env - DEBUG - Entered env context: <rasterio.env.Env object at 0x7fab882b72b0>
2023-12-22 13:17:54,827 - rasterio._base - DEBUG - Sharing flag: 0
2023-12-22 13:17:54,828 - rasterio._base - DEBUG - Nodata success: 0, Nodata value: 0.000000
2023-12-22 13:17:54,828 - rasterio._base - DEBUG - Dataset <open DatasetReader name='/home/metpublic/TASK_RELEASE/EFAN/present_weather/src/H09_B13_Indonesia_20231222.Z1220.cor.tiff' mode='r'> is started.
2023-12-22 13:17:54,828 - rasterio.env - DEBUG - Exiting env context: <rasterio.env.Env object at 0x7fab882b72b0>
2023-12-22 13:17:54,829 - rasterio.env - DEBUG - Cleared existing <rasterio._env.GDALEnv object at 0x7fab882b5ba0> options
2023-12-22 13:17:54,829 - rasterio._env - DEBUG - Stopped GDALEnv <rasterio._env.GDALEnv object at 0x7fab882b5ba0>.
2023-12-22 13:17:54,829 - rasterio.env - DEBUG - Exiting outermost env
2023-12-22 13:17:54,829 - rasterio.env - DEBUG - Exited env context: <rasterio.env.Env object at 0x7fab882b72b0>
2023-12-22 13:17:54,839 - root - INFO - Generating present weather using SATELITE data
2023-12-22 13:20:15,802 - root - INFO - Total elapsed time: 0:07:13.139742
