2023-11-23 12:23:03,817 - root - INFO - Initiating present weather
2023-11-23 12:23:03,820 - asyncio - DEBUG - Using selector: EpollSelector
2023-11-23 12:23:07,124 - urllib3.connectionpool - DEBUG - Starting new HTTPS connection (1): radar.bmkg.go.id:8060
2023-11-23 12:23:07,191 - urllib3.connectionpool - DEBUG - https://radar.bmkg.go.id:8060 "GET /getRadarGeotif?token=19387e71e78522ae4172ec0fda640983b8438c9cfa0ca571623cb69d8327&radar=amandemenForecast&type=latest HTTP/1.1" 200 90
2023-11-23 12:23:07,194 - rasterio.env - DEBUG - Entering env context: <rasterio.env.Env object at 0x7fecc89fafc0>
2023-11-23 12:23:07,194 - rasterio.env - DEBUG - Starting outermost env
2023-11-23 12:23:07,195 - rasterio.env - DEBUG - No GDAL environment exists
2023-11-23 12:23:07,195 - rasterio.env - DEBUG - New GDAL environment <rasterio._env.GDALEnv object at 0x7fecc3dcd900> created
2023-11-23 12:23:07,199 - rasterio._filepath - DEBUG - Installing FilePath filesystem handler plugin...
2023-11-23 12:23:07,199 - rasterio._env - DEBUG - GDAL data found in package: path='/home/swx/miniconda3/envs/present_weather/lib/python3.12/site-packages/rasterio/gdal_data'.
2023-11-23 12:23:07,199 - rasterio._env - DEBUG - PROJ_LIB found in environment.
2023-11-23 12:23:07,199 - rasterio._env - DEBUG - Started GDALEnv: self=<rasterio._env.GDALEnv object at 0x7fecc3dcd900>.
2023-11-23 12:23:07,199 - rasterio.env - DEBUG - Entered env context: <rasterio.env.Env object at 0x7fecc89fafc0>
2023-11-23 12:23:07,200 - rasterio._base - DEBUG - Sharing flag: 0
2023-11-23 12:23:07,397 - rasterio._base - DEBUG - Nodata success: 1, Nodata value: nan
2023-11-23 12:23:07,397 - rasterio._base - DEBUG - Dataset <open DatasetReader name='https://radar.bmkg.go.id/raster/radarsatelit_202311231220.tif' mode='r'> is started.
2023-11-23 12:23:07,398 - rasterio.env - DEBUG - Exiting env context: <rasterio.env.Env object at 0x7fecc89fafc0>
2023-11-23 12:23:07,398 - rasterio.env - DEBUG - Cleared existing <rasterio._env.GDALEnv object at 0x7fecc3dcd900> options
2023-11-23 12:23:07,398 - rasterio._env - DEBUG - Stopped GDALEnv <rasterio._env.GDALEnv object at 0x7fecc3dcd900>.
2023-11-23 12:23:07,398 - rasterio.env - DEBUG - Exiting outermost env
2023-11-23 12:23:07,398 - rasterio.env - DEBUG - Exited env context: <rasterio.env.Env object at 0x7fecc89fafc0>
2023-11-23 12:23:07,399 - rasterio.env - DEBUG - Entering env context: <rasterio.env.Env object at 0x7fecc3dcd910>
2023-11-23 12:23:07,399 - rasterio.env - DEBUG - Starting outermost env
2023-11-23 12:23:07,399 - rasterio.env - DEBUG - No GDAL environment exists
2023-11-23 12:23:07,399 - rasterio.env - DEBUG - New GDAL environment <rasterio._env.GDALEnv object at 0x7fecc3bd1180> created
2023-11-23 12:23:07,399 - rasterio._env - DEBUG - GDAL data found in package: path='/home/swx/miniconda3/envs/present_weather/lib/python3.12/site-packages/rasterio/gdal_data'.
2023-11-23 12:23:07,400 - rasterio._env - DEBUG - PROJ_LIB found in environment.
2023-11-23 12:23:07,400 - rasterio._env - DEBUG - Started GDALEnv: self=<rasterio._env.GDALEnv object at 0x7fecc3bd1180>.
2023-11-23 12:23:07,400 - rasterio.env - DEBUG - Entered env context: <rasterio.env.Env object at 0x7fecc3dcd910>
2023-11-23 12:23:07,400 - rasterio.env - DEBUG - Got a copy of environment <rasterio._env.GDALEnv object at 0x7fecc3bd1180> options
2023-11-23 12:23:07,400 - rasterio.env - DEBUG - Entering env context: <rasterio.env.Env object at 0x7fecc3ba21e0>
2023-11-23 12:23:07,401 - rasterio.env - DEBUG - Got a copy of environment <rasterio._env.GDALEnv object at 0x7fecc3bd1180> options
2023-11-23 12:23:07,401 - rasterio.env - DEBUG - Entered env context: <rasterio.env.Env object at 0x7fecc3ba21e0>
2023-11-23 12:23:07,401 - rasterio._base - DEBUG - Sharing flag: 0
2023-11-23 12:23:07,402 - rasterio._base - DEBUG - Nodata success: 1, Nodata value: nan
2023-11-23 12:23:07,402 - rasterio._base - DEBUG - Dataset <open DatasetReader name='https://radar.bmkg.go.id/raster/radarsatelit_202311231220.tif' mode='r'> is started.
2023-11-23 12:23:07,402 - rasterio.env - DEBUG - Exiting env context: <rasterio.env.Env object at 0x7fecc3ba21e0>
2023-11-23 12:23:07,402 - rasterio.env - DEBUG - Cleared existing <rasterio._env.GDALEnv object at 0x7fecc3bd1180> options
2023-11-23 12:23:07,402 - rasterio._env - DEBUG - Stopped GDALEnv <rasterio._env.GDALEnv object at 0x7fecc3bd1180>.
2023-11-23 12:23:07,402 - rasterio.env - DEBUG - No GDAL environment exists
2023-11-23 12:23:07,403 - rasterio.env - DEBUG - New GDAL environment <rasterio._env.GDALEnv object at 0x7fecc3bd1180> created
2023-11-23 12:23:07,403 - rasterio._env - DEBUG - GDAL data found in package: path='/home/swx/miniconda3/envs/present_weather/lib/python3.12/site-packages/rasterio/gdal_data'.
2023-11-23 12:23:07,403 - rasterio._env - DEBUG - PROJ_LIB found in environment.
2023-11-23 12:23:07,403 - rasterio._env - DEBUG - Started GDALEnv: self=<rasterio._env.GDALEnv object at 0x7fecc3bd1180>.
2023-11-23 12:23:07,404 - rasterio.env - DEBUG - Exited env context: <rasterio.env.Env object at 0x7fecc3ba21e0>
2023-11-23 12:23:07,428 - rasterio._io - DEBUG - Output nodata value read from file: nan
2023-11-23 12:23:07,429 - rasterio._io - DEBUG - Output nodata values: [nan]
2023-11-23 12:23:07,429 - rasterio._io - DEBUG - all_valid: False
2023-11-23 12:23:07,429 - rasterio._io - DEBUG - mask_flags: ([<MaskFlags.nodata: 8>],)
2023-11-23 12:23:07,429 - rasterio._io - DEBUG - Jump straight to _read()
2023-11-23 12:23:07,429 - rasterio._io - DEBUG - Window: Window(col_off=0, row_off=0, width=10215, height=3792)
2023-11-23 12:23:07,430 - rasterio._io - DEBUG - IO window xoff=0.0 yoff=0.0 width=10215.0 height=3792.0
2023-11-23 12:23:08,299 - rasterio.env - DEBUG - Exiting env context: <rasterio.env.Env object at 0x7fecc3dcd910>
2023-11-23 12:23:08,299 - rasterio.env - DEBUG - Cleared existing <rasterio._env.GDALEnv object at 0x7fecc3bd1180> options
2023-11-23 12:23:08,299 - rasterio._env - DEBUG - Stopped GDALEnv <rasterio._env.GDALEnv object at 0x7fecc3bd1180>.
2023-11-23 12:23:08,299 - rasterio.env - DEBUG - Exiting outermost env
2023-11-23 12:23:08,299 - rasterio.env - DEBUG - Exited env context: <rasterio.env.Env object at 0x7fecc3dcd910>
2023-11-23 12:23:08,302 - urllib3.connectionpool - DEBUG - Starting new HTTPS connection (1): radar.bmkg.go.id:8060
2023-11-23 12:23:08,357 - urllib3.connectionpool - DEBUG - https://radar.bmkg.go.id:8060 "GET /getLatestLD?typeData=1 HTTP/1.1" 200 1165
2023-11-23 12:23:11,724 - root - INFO - dask.bag<lambda, npartitions=20>
2023-11-23 12:35:33,532 - root - INFO - Total elapsed time: 0:12:29.716151
