2023-11-21 15:43:03,847 - root - INFO - Initiating present weather
2023-11-21 15:43:03,851 - urllib3.connectionpool - DEBUG - Starting new HTTPS connection (1): radar.bmkg.go.id:8060
2023-11-21 15:43:03,925 - urllib3.connectionpool - DEBUG - https://radar.bmkg.go.id:8060 "GET /getRadarGeotif?token=19387e71e78522ae4172ec0fda640983b8438c9cfa0ca571623cb69d8327&radar=amandemenForecast&type=latest HTTP/1.1" 200 90
2023-11-21 15:43:03,928 - rasterio.env - DEBUG - Entering env context: <rasterio.env.Env object at 0x7fea51a43200>
2023-11-21 15:43:03,928 - rasterio.env - DEBUG - Starting outermost env
2023-11-21 15:43:03,929 - rasterio.env - DEBUG - No GDAL environment exists
2023-11-21 15:43:03,929 - rasterio.env - DEBUG - New GDAL environment <rasterio._env.GDALEnv object at 0x7fea1042f5b0> created
2023-11-21 15:43:03,933 - rasterio._filepath - DEBUG - Installing FilePath filesystem handler plugin...
2023-11-21 15:43:03,933 - rasterio._env - DEBUG - GDAL data found in package: path='/home/swx/miniconda3/envs/present_weather/lib/python3.12/site-packages/rasterio/gdal_data'.
2023-11-21 15:43:03,934 - rasterio._env - DEBUG - PROJ_LIB found in environment.
2023-11-21 15:43:03,934 - rasterio._env - DEBUG - Started GDALEnv: self=<rasterio._env.GDALEnv object at 0x7fea1042f5b0>.
2023-11-21 15:43:03,934 - rasterio.env - DEBUG - Entered env context: <rasterio.env.Env object at 0x7fea51a43200>
2023-11-21 15:43:03,934 - rasterio._base - DEBUG - Sharing flag: 0
2023-11-21 15:43:04,127 - rasterio._base - DEBUG - Nodata success: 1, Nodata value: nan
2023-11-21 15:43:04,127 - rasterio._base - DEBUG - Dataset <open DatasetReader name='https://radar.bmkg.go.id/raster/radarsatelit_202311211540.tif' mode='r'> is started.
2023-11-21 15:43:04,128 - rasterio.env - DEBUG - Exiting env context: <rasterio.env.Env object at 0x7fea51a43200>
2023-11-21 15:43:04,128 - rasterio.env - DEBUG - Cleared existing <rasterio._env.GDALEnv object at 0x7fea1042f5b0> options
2023-11-21 15:43:04,128 - rasterio._env - DEBUG - Stopped GDALEnv <rasterio._env.GDALEnv object at 0x7fea1042f5b0>.
2023-11-21 15:43:04,128 - rasterio.env - DEBUG - Exiting outermost env
2023-11-21 15:43:04,128 - rasterio.env - DEBUG - Exited env context: <rasterio.env.Env object at 0x7fea51a43200>
2023-11-21 15:43:04,128 - rasterio.env - DEBUG - Entering env context: <rasterio.env.Env object at 0x7fea6280e390>
2023-11-21 15:43:04,128 - rasterio.env - DEBUG - Starting outermost env
2023-11-21 15:43:04,129 - rasterio.env - DEBUG - No GDAL environment exists
2023-11-21 15:43:04,129 - rasterio.env - DEBUG - New GDAL environment <rasterio._env.GDALEnv object at 0x7fea1042f5b0> created
2023-11-21 15:43:04,129 - rasterio._env - DEBUG - GDAL data found in package: path='/home/swx/miniconda3/envs/present_weather/lib/python3.12/site-packages/rasterio/gdal_data'.
2023-11-21 15:43:04,129 - rasterio._env - DEBUG - PROJ_LIB found in environment.
2023-11-21 15:43:04,130 - rasterio._env - DEBUG - Started GDALEnv: self=<rasterio._env.GDALEnv object at 0x7fea1042f5b0>.
2023-11-21 15:43:04,130 - rasterio.env - DEBUG - Entered env context: <rasterio.env.Env object at 0x7fea6280e390>
2023-11-21 15:43:04,131 - rasterio.env - DEBUG - Got a copy of environment <rasterio._env.GDALEnv object at 0x7fea1042f5b0> options
2023-11-21 15:43:04,131 - rasterio.env - DEBUG - Entering env context: <rasterio.env.Env object at 0x7fea6254ede0>
2023-11-21 15:43:04,131 - rasterio.env - DEBUG - Got a copy of environment <rasterio._env.GDALEnv object at 0x7fea1042f5b0> options
2023-11-21 15:43:04,131 - rasterio.env - DEBUG - Entered env context: <rasterio.env.Env object at 0x7fea6254ede0>
2023-11-21 15:43:04,131 - rasterio._base - DEBUG - Sharing flag: 0
2023-11-21 15:43:04,132 - rasterio._base - DEBUG - Nodata success: 1, Nodata value: nan
2023-11-21 15:43:04,132 - rasterio._base - DEBUG - Dataset <open DatasetReader name='https://radar.bmkg.go.id/raster/radarsatelit_202311211540.tif' mode='r'> is started.
2023-11-21 15:43:04,133 - rasterio.env - DEBUG - Exiting env context: <rasterio.env.Env object at 0x7fea6254ede0>
2023-11-21 15:43:04,133 - rasterio.env - DEBUG - Cleared existing <rasterio._env.GDALEnv object at 0x7fea1042f5b0> options
2023-11-21 15:43:04,133 - rasterio._env - DEBUG - Stopped GDALEnv <rasterio._env.GDALEnv object at 0x7fea1042f5b0>.
2023-11-21 15:43:04,133 - rasterio.env - DEBUG - No GDAL environment exists
2023-11-21 15:43:04,133 - rasterio.env - DEBUG - New GDAL environment <rasterio._env.GDALEnv object at 0x7fea1042f5b0> created
2023-11-21 15:43:04,134 - rasterio._env - DEBUG - GDAL data found in package: path='/home/swx/miniconda3/envs/present_weather/lib/python3.12/site-packages/rasterio/gdal_data'.
2023-11-21 15:43:04,134 - rasterio._env - DEBUG - PROJ_LIB found in environment.
2023-11-21 15:43:04,134 - rasterio._env - DEBUG - Started GDALEnv: self=<rasterio._env.GDALEnv object at 0x7fea1042f5b0>.
2023-11-21 15:43:04,134 - rasterio.env - DEBUG - Exited env context: <rasterio.env.Env object at 0x7fea6254ede0>
2023-11-21 15:43:04,167 - rasterio._io - DEBUG - Output nodata value read from file: nan
2023-11-21 15:43:04,167 - rasterio._io - DEBUG - Output nodata values: [nan]
2023-11-21 15:43:04,168 - rasterio._io - DEBUG - all_valid: False
2023-11-21 15:43:04,168 - rasterio._io - DEBUG - mask_flags: ([<MaskFlags.nodata: 8>],)
2023-11-21 15:43:04,168 - rasterio._io - DEBUG - Jump straight to _read()
2023-11-21 15:43:04,168 - rasterio._io - DEBUG - Window: Window(col_off=0, row_off=0, width=10215, height=3792)
2023-11-21 15:43:04,169 - rasterio._io - DEBUG - IO window xoff=0.0 yoff=0.0 width=10215.0 height=3792.0
2023-11-21 15:43:04,920 - rasterio.env - DEBUG - Exiting env context: <rasterio.env.Env object at 0x7fea6280e390>
2023-11-21 15:43:04,920 - rasterio.env - DEBUG - Cleared existing <rasterio._env.GDALEnv object at 0x7fea1042f5b0> options
2023-11-21 15:43:04,920 - rasterio._env - DEBUG - Stopped GDALEnv <rasterio._env.GDALEnv object at 0x7fea1042f5b0>.
2023-11-21 15:43:04,920 - rasterio.env - DEBUG - Exiting outermost env
2023-11-21 15:43:04,920 - rasterio.env - DEBUG - Exited env context: <rasterio.env.Env object at 0x7fea6280e390>
2023-11-21 15:43:04,923 - urllib3.connectionpool - DEBUG - Starting new HTTPS connection (1): radar.bmkg.go.id:8060
2023-11-21 15:43:04,980 - urllib3.connectionpool - DEBUG - https://radar.bmkg.go.id:8060 "GET /getLatestLD?typeData=1 HTTP/1.1" 200 637
2023-11-21 15:43:04,994 - asyncio - DEBUG - Using selector: EpollSelector
2023-11-21 15:43:11,642 - root - INFO - dask.bag<lambda, npartitions=34>
2023-11-21 15:59:24,375 - root - INFO - Total elapsed time: 0:16:20.529685
