2023-12-23 02:23:03,163 - root - INFO - Initiating present weather
2023-12-23 02:23:03,165 - asyncio - DEBUG - Using selector: EpollSelector
2023-12-23 02:23:04,832 - urllib3.connectionpool - DEBUG - Starting new HTTPS connection (1): radar.bmkg.go.id:8060
2023-12-23 02:23:04,845 - urllib3.connectionpool - DEBUG - https://radar.bmkg.go.id:8060 "GET /getLatestLD?typeData=1 HTTP/1.1" 200 62
2023-12-23 02:23:04,848 - urllib3.connectionpool - DEBUG - Starting new HTTPS connection (1): radar.bmkg.go.id:8060
2023-12-23 02:23:04,866 - urllib3.connectionpool - DEBUG - https://radar.bmkg.go.id:8060 "GET /getRadarGeotif?token=19387e71e78522ae4172ec0fda640983b8438c9cfa0ca571623cb69d8327&radar=amandemenForecast&type=latest HTTP/1.1" 200 90
2023-12-23 02:23:04,867 - rasterio.env - DEBUG - Entering env context: <rasterio.env.Env object at 0x7f01775f4e50>
2023-12-23 02:23:04,867 - rasterio.env - DEBUG - Starting outermost env
2023-12-23 02:23:04,867 - rasterio.env - DEBUG - No GDAL environment exists
2023-12-23 02:23:04,868 - rasterio.env - DEBUG - New GDAL environment <rasterio._env.GDALEnv object at 0x7f01775f4d30> created
2023-12-23 02:23:04,870 - rasterio._filepath - DEBUG - Installing FilePath filesystem handler plugin...
2023-12-23 02:23:04,870 - rasterio._env - DEBUG - GDAL data found in package: path='/home/metpublic/PYTHON_VENV/present_weather/lib/python3.10/site-packages/rasterio/gdal_data'.
2023-12-23 02:23:04,870 - rasterio._env - DEBUG - PROJ data found in package: path='/home/metpublic/PYTHON_VENV/present_weather/lib/python3.10/site-packages/rasterio/proj_data'.
2023-12-23 02:23:04,870 - rasterio._env - DEBUG - Started GDALEnv: self=<rasterio._env.GDALEnv object at 0x7f01775f4d30>.
2023-12-23 02:23:04,871 - rasterio.env - DEBUG - Entered env context: <rasterio.env.Env object at 0x7f01775f4e50>
2023-12-23 02:23:04,871 - rasterio._base - DEBUG - Sharing flag: 0
2023-12-23 02:23:05,207 - rasterio._base - DEBUG - Nodata success: 1, Nodata value: nan
2023-12-23 02:23:05,207 - rasterio._base - DEBUG - Dataset <open DatasetReader name='https://radar.bmkg.go.id/raster/radarsatelit_202312230210.tif' mode='r'> is started.
2023-12-23 02:23:05,208 - rasterio.env - DEBUG - Exiting env context: <rasterio.env.Env object at 0x7f01775f4e50>
2023-12-23 02:23:05,208 - rasterio.env - DEBUG - Cleared existing <rasterio._env.GDALEnv object at 0x7f01775f4d30> options
2023-12-23 02:23:05,208 - rasterio._env - DEBUG - Stopped GDALEnv <rasterio._env.GDALEnv object at 0x7f01775f4d30>.
2023-12-23 02:23:05,208 - rasterio.env - DEBUG - Exiting outermost env
2023-12-23 02:23:05,208 - rasterio.env - DEBUG - Exited env context: <rasterio.env.Env object at 0x7f01775f4e50>
2023-12-23 02:23:05,208 - rasterio.env - DEBUG - Entering env context: <rasterio.env.Env object at 0x7f01775894e0>
2023-12-23 02:23:05,208 - rasterio.env - DEBUG - Starting outermost env
2023-12-23 02:23:05,208 - rasterio.env - DEBUG - No GDAL environment exists
2023-12-23 02:23:05,208 - rasterio.env - DEBUG - New GDAL environment <rasterio._env.GDALEnv object at 0x7f0177f07a90> created
2023-12-23 02:23:05,209 - rasterio._env - DEBUG - GDAL data found in package: path='/home/metpublic/PYTHON_VENV/present_weather/lib/python3.10/site-packages/rasterio/gdal_data'.
2023-12-23 02:23:05,209 - rasterio._env - DEBUG - PROJ data found in package: path='/home/metpublic/PYTHON_VENV/present_weather/lib/python3.10/site-packages/rasterio/proj_data'.
2023-12-23 02:23:05,209 - rasterio._env - DEBUG - Started GDALEnv: self=<rasterio._env.GDALEnv object at 0x7f0177f07a90>.
2023-12-23 02:23:05,209 - rasterio.env - DEBUG - Entered env context: <rasterio.env.Env object at 0x7f01775894e0>
2023-12-23 02:23:05,209 - rasterio.env - DEBUG - Got a copy of environment <rasterio._env.GDALEnv object at 0x7f0177f07a90> options
2023-12-23 02:23:05,210 - rasterio.env - DEBUG - Entering env context: <rasterio.env.Env object at 0x7f01744874c0>
2023-12-23 02:23:05,210 - rasterio.env - DEBUG - Got a copy of environment <rasterio._env.GDALEnv object at 0x7f0177f07a90> options
2023-12-23 02:23:05,210 - rasterio.env - DEBUG - Entered env context: <rasterio.env.Env object at 0x7f01744874c0>
2023-12-23 02:23:05,210 - rasterio._base - DEBUG - Sharing flag: 0
2023-12-23 02:23:05,211 - rasterio._base - DEBUG - Nodata success: 1, Nodata value: nan
2023-12-23 02:23:05,211 - rasterio._base - DEBUG - Dataset <open DatasetReader name='https://radar.bmkg.go.id/raster/radarsatelit_202312230210.tif' mode='r'> is started.
2023-12-23 02:23:05,211 - rasterio.env - DEBUG - Exiting env context: <rasterio.env.Env object at 0x7f01744874c0>
2023-12-23 02:23:05,211 - rasterio.env - DEBUG - Cleared existing <rasterio._env.GDALEnv object at 0x7f0177f07a90> options
2023-12-23 02:23:05,211 - rasterio._env - DEBUG - Stopped GDALEnv <rasterio._env.GDALEnv object at 0x7f0177f07a90>.
2023-12-23 02:23:05,212 - rasterio.env - DEBUG - No GDAL environment exists
2023-12-23 02:23:05,212 - rasterio.env - DEBUG - New GDAL environment <rasterio._env.GDALEnv object at 0x7f0177f07a90> created
2023-12-23 02:23:05,212 - rasterio._env - DEBUG - GDAL data found in package: path='/home/metpublic/PYTHON_VENV/present_weather/lib/python3.10/site-packages/rasterio/gdal_data'.
2023-12-23 02:23:05,212 - rasterio._env - DEBUG - PROJ data found in package: path='/home/metpublic/PYTHON_VENV/present_weather/lib/python3.10/site-packages/rasterio/proj_data'.
2023-12-23 02:23:05,212 - rasterio._env - DEBUG - Started GDALEnv: self=<rasterio._env.GDALEnv object at 0x7f0177f07a90>.
2023-12-23 02:23:05,212 - rasterio.env - DEBUG - Exited env context: <rasterio.env.Env object at 0x7f01744874c0>
2023-12-23 02:23:05,229 - rasterio._io - DEBUG - Output nodata value read from file: nan
2023-12-23 02:23:05,229 - rasterio._io - DEBUG - Output nodata values: [nan]
2023-12-23 02:23:05,230 - rasterio._io - DEBUG - all_valid: False
2023-12-23 02:23:05,230 - rasterio._io - DEBUG - mask_flags: ([<MaskFlags.nodata: 8>],)
2023-12-23 02:23:05,230 - rasterio._io - DEBUG - Jump straight to _read()
2023-12-23 02:23:05,230 - rasterio._io - DEBUG - Window: Window(col_off=0, row_off=0, width=10215, height=3792)
2023-12-23 02:23:05,230 - rasterio._io - DEBUG - IO window xoff=0.0 yoff=0.0 width=10215.0 height=3792.0
2023-12-23 02:23:05,786 - rasterio.env - DEBUG - Exiting env context: <rasterio.env.Env object at 0x7f01775894e0>
2023-12-23 02:23:05,786 - rasterio.env - DEBUG - Cleared existing <rasterio._env.GDALEnv object at 0x7f0177f07a90> options
2023-12-23 02:23:05,786 - rasterio._env - DEBUG - Stopped GDALEnv <rasterio._env.GDALEnv object at 0x7f0177f07a90>.
2023-12-23 02:23:05,787 - rasterio.env - DEBUG - Exiting outermost env
2023-12-23 02:23:05,787 - rasterio.env - DEBUG - Exited env context: <rasterio.env.Env object at 0x7f01775894e0>
2023-12-23 02:29:43,858 - root - INFO - Total elapsed time: 0:06:40.695757
