2023-12-22 21:43:02,626 - root - INFO - Initiating present weather
2023-12-22 21:43:02,627 - asyncio - DEBUG - Using selector: EpollSelector
2023-12-22 21:43:04,263 - urllib3.connectionpool - DEBUG - Starting new HTTPS connection (1): radar.bmkg.go.id:8060
2023-12-22 21:43:04,275 - urllib3.connectionpool - DEBUG - https://radar.bmkg.go.id:8060 "GET /getLatestLD?typeData=1 HTTP/1.1" 200 62
2023-12-22 21:43:04,277 - urllib3.connectionpool - DEBUG - Starting new HTTPS connection (1): radar.bmkg.go.id:8060
2023-12-22 21:43:04,297 - urllib3.connectionpool - DEBUG - https://radar.bmkg.go.id:8060 "GET /getRadarGeotif?token=19387e71e78522ae4172ec0fda640983b8438c9cfa0ca571623cb69d8327&radar=amandemenForecast&type=latest HTTP/1.1" 200 90
2023-12-22 21:43:04,297 - rasterio.env - DEBUG - Entering env context: <rasterio.env.Env object at 0x7ff234919600>
2023-12-22 21:43:04,298 - rasterio.env - DEBUG - Starting outermost env
2023-12-22 21:43:04,298 - rasterio.env - DEBUG - No GDAL environment exists
2023-12-22 21:43:04,298 - rasterio.env - DEBUG - New GDAL environment <rasterio._env.GDALEnv object at 0x7ff2352577c0> created
2023-12-22 21:43:04,300 - rasterio._filepath - DEBUG - Installing FilePath filesystem handler plugin...
2023-12-22 21:43:04,301 - rasterio._env - DEBUG - GDAL data found in package: path='/home/metpublic/PYTHON_VENV/present_weather/lib/python3.10/site-packages/rasterio/gdal_data'.
2023-12-22 21:43:04,301 - rasterio._env - DEBUG - PROJ data found in package: path='/home/metpublic/PYTHON_VENV/present_weather/lib/python3.10/site-packages/rasterio/proj_data'.
2023-12-22 21:43:04,301 - rasterio._env - DEBUG - Started GDALEnv: self=<rasterio._env.GDALEnv object at 0x7ff2352577c0>.
2023-12-22 21:43:04,301 - rasterio.env - DEBUG - Entered env context: <rasterio.env.Env object at 0x7ff234919600>
2023-12-22 21:43:04,302 - rasterio._base - DEBUG - Sharing flag: 0
2023-12-22 21:43:04,645 - rasterio._base - DEBUG - Nodata success: 1, Nodata value: nan
2023-12-22 21:43:04,645 - rasterio._base - DEBUG - Dataset <open DatasetReader name='https://radar.bmkg.go.id/raster/radarsatelit_202312222140.tif' mode='r'> is started.
2023-12-22 21:43:04,645 - rasterio.env - DEBUG - Exiting env context: <rasterio.env.Env object at 0x7ff234919600>
2023-12-22 21:43:04,646 - rasterio.env - DEBUG - Cleared existing <rasterio._env.GDALEnv object at 0x7ff2352577c0> options
2023-12-22 21:43:04,646 - rasterio._env - DEBUG - Stopped GDALEnv <rasterio._env.GDALEnv object at 0x7ff2352577c0>.
2023-12-22 21:43:04,646 - rasterio.env - DEBUG - Exiting outermost env
2023-12-22 21:43:04,646 - rasterio.env - DEBUG - Exited env context: <rasterio.env.Env object at 0x7ff234919600>
2023-12-22 21:43:04,646 - rasterio.env - DEBUG - Entering env context: <rasterio.env.Env object at 0x7ff2348d58d0>
2023-12-22 21:43:04,646 - rasterio.env - DEBUG - Starting outermost env
2023-12-22 21:43:04,646 - rasterio.env - DEBUG - No GDAL environment exists
2023-12-22 21:43:04,646 - rasterio.env - DEBUG - New GDAL environment <rasterio._env.GDALEnv object at 0x7ff2352577c0> created
2023-12-22 21:43:04,647 - rasterio._env - DEBUG - GDAL data found in package: path='/home/metpublic/PYTHON_VENV/present_weather/lib/python3.10/site-packages/rasterio/gdal_data'.
2023-12-22 21:43:04,647 - rasterio._env - DEBUG - PROJ data found in package: path='/home/metpublic/PYTHON_VENV/present_weather/lib/python3.10/site-packages/rasterio/proj_data'.
2023-12-22 21:43:04,647 - rasterio._env - DEBUG - Started GDALEnv: self=<rasterio._env.GDALEnv object at 0x7ff2352577c0>.
2023-12-22 21:43:04,648 - rasterio.env - DEBUG - Entered env context: <rasterio.env.Env object at 0x7ff2348d58d0>
2023-12-22 21:43:04,648 - rasterio.env - DEBUG - Got a copy of environment <rasterio._env.GDALEnv object at 0x7ff2352577c0> options
2023-12-22 21:43:04,648 - rasterio.env - DEBUG - Entering env context: <rasterio.env.Env object at 0x7ff22c612fe0>
2023-12-22 21:43:04,648 - rasterio.env - DEBUG - Got a copy of environment <rasterio._env.GDALEnv object at 0x7ff2352577c0> options
2023-12-22 21:43:04,648 - rasterio.env - DEBUG - Entered env context: <rasterio.env.Env object at 0x7ff22c612fe0>
2023-12-22 21:43:04,648 - rasterio._base - DEBUG - Sharing flag: 0
2023-12-22 21:43:04,649 - rasterio._base - DEBUG - Nodata success: 1, Nodata value: nan
2023-12-22 21:43:04,649 - rasterio._base - DEBUG - Dataset <open DatasetReader name='https://radar.bmkg.go.id/raster/radarsatelit_202312222140.tif' mode='r'> is started.
2023-12-22 21:43:04,649 - rasterio.env - DEBUG - Exiting env context: <rasterio.env.Env object at 0x7ff22c612fe0>
2023-12-22 21:43:04,649 - rasterio.env - DEBUG - Cleared existing <rasterio._env.GDALEnv object at 0x7ff2352577c0> options
2023-12-22 21:43:04,649 - rasterio._env - DEBUG - Stopped GDALEnv <rasterio._env.GDALEnv object at 0x7ff2352577c0>.
2023-12-22 21:43:04,649 - rasterio.env - DEBUG - No GDAL environment exists
2023-12-22 21:43:04,650 - rasterio.env - DEBUG - New GDAL environment <rasterio._env.GDALEnv object at 0x7ff2352577c0> created
2023-12-22 21:43:04,650 - rasterio._env - DEBUG - GDAL data found in package: path='/home/metpublic/PYTHON_VENV/present_weather/lib/python3.10/site-packages/rasterio/gdal_data'.
2023-12-22 21:43:04,650 - rasterio._env - DEBUG - PROJ data found in package: path='/home/metpublic/PYTHON_VENV/present_weather/lib/python3.10/site-packages/rasterio/proj_data'.
2023-12-22 21:43:04,650 - rasterio._env - DEBUG - Started GDALEnv: self=<rasterio._env.GDALEnv object at 0x7ff2352577c0>.
2023-12-22 21:43:04,650 - rasterio.env - DEBUG - Exited env context: <rasterio.env.Env object at 0x7ff22c612fe0>
2023-12-22 21:43:04,671 - rasterio._io - DEBUG - Output nodata value read from file: nan
2023-12-22 21:43:04,671 - rasterio._io - DEBUG - Output nodata values: [nan]
2023-12-22 21:43:04,671 - rasterio._io - DEBUG - all_valid: False
2023-12-22 21:43:04,671 - rasterio._io - DEBUG - mask_flags: ([<MaskFlags.nodata: 8>],)
2023-12-22 21:43:04,672 - rasterio._io - DEBUG - Jump straight to _read()
2023-12-22 21:43:04,672 - rasterio._io - DEBUG - Window: Window(col_off=0, row_off=0, width=10176, height=3732)
2023-12-22 21:43:04,672 - rasterio._io - DEBUG - IO window xoff=0.0 yoff=0.0 width=10176.0 height=3732.0
2023-12-22 21:43:05,280 - rasterio.env - DEBUG - Exiting env context: <rasterio.env.Env object at 0x7ff2348d58d0>
2023-12-22 21:43:05,281 - rasterio.env - DEBUG - Cleared existing <rasterio._env.GDALEnv object at 0x7ff2352577c0> options
2023-12-22 21:43:05,282 - rasterio._env - DEBUG - Stopped GDALEnv <rasterio._env.GDALEnv object at 0x7ff2352577c0>.
2023-12-22 21:43:05,282 - rasterio.env - DEBUG - Exiting outermost env
2023-12-22 21:43:05,282 - rasterio.env - DEBUG - Exited env context: <rasterio.env.Env object at 0x7ff2348d58d0>
2023-12-22 21:47:54,167 - rasterio.env - DEBUG - Entering env context: <rasterio.env.Env object at 0x7ff22c6a4160>
2023-12-22 21:47:54,168 - rasterio.env - DEBUG - Starting outermost env
2023-12-22 21:47:54,168 - rasterio.env - DEBUG - No GDAL environment exists
2023-12-22 21:47:54,168 - rasterio.env - DEBUG - New GDAL environment <rasterio._env.GDALEnv object at 0x7ff22c6a7580> created
2023-12-22 21:47:54,169 - rasterio._env - DEBUG - GDAL data found in package: path='/home/metpublic/PYTHON_VENV/present_weather/lib/python3.10/site-packages/rasterio/gdal_data'.
2023-12-22 21:47:54,169 - rasterio._env - DEBUG - PROJ data found in package: path='/home/metpublic/PYTHON_VENV/present_weather/lib/python3.10/site-packages/rasterio/proj_data'.
2023-12-22 21:47:54,169 - rasterio._env - DEBUG - Started GDALEnv: self=<rasterio._env.GDALEnv object at 0x7ff22c6a7580>.
2023-12-22 21:47:54,169 - rasterio.env - DEBUG - Entered env context: <rasterio.env.Env object at 0x7ff22c6a4160>
2023-12-22 21:47:54,169 - rasterio._base - DEBUG - Sharing flag: 0
2023-12-22 21:47:54,170 - rasterio._base - DEBUG - Nodata success: 0, Nodata value: 0.000000
2023-12-22 21:47:54,170 - rasterio._base - DEBUG - Dataset <open DatasetReader name='/home/metpublic/TASK_RELEASE/EFAN/present_weather/src/H09_B13_Indonesia_20231222.Z2120.cor.tiff' mode='r'> is started.
2023-12-22 21:47:54,170 - rasterio.env - DEBUG - Exiting env context: <rasterio.env.Env object at 0x7ff22c6a4160>
2023-12-22 21:47:54,171 - rasterio.env - DEBUG - Cleared existing <rasterio._env.GDALEnv object at 0x7ff22c6a7580> options
2023-12-22 21:47:54,171 - rasterio._env - DEBUG - Stopped GDALEnv <rasterio._env.GDALEnv object at 0x7ff22c6a7580>.
2023-12-22 21:47:54,171 - rasterio.env - DEBUG - Exiting outermost env
2023-12-22 21:47:54,171 - rasterio.env - DEBUG - Exited env context: <rasterio.env.Env object at 0x7ff22c6a4160>
2023-12-22 21:47:54,171 - rasterio.env - DEBUG - Entering env context: <rasterio.env.Env object at 0x7ff22c5c3070>
2023-12-22 21:47:54,171 - rasterio.env - DEBUG - Starting outermost env
2023-12-22 21:47:54,171 - rasterio.env - DEBUG - No GDAL environment exists
2023-12-22 21:47:54,171 - rasterio.env - DEBUG - New GDAL environment <rasterio._env.GDALEnv object at 0x7ff22c5c3670> created
2023-12-22 21:47:54,172 - rasterio._env - DEBUG - GDAL data found in package: path='/home/metpublic/PYTHON_VENV/present_weather/lib/python3.10/site-packages/rasterio/gdal_data'.
2023-12-22 21:47:54,172 - rasterio._env - DEBUG - PROJ data found in package: path='/home/metpublic/PYTHON_VENV/present_weather/lib/python3.10/site-packages/rasterio/proj_data'.
2023-12-22 21:47:54,173 - rasterio._env - DEBUG - Started GDALEnv: self=<rasterio._env.GDALEnv object at 0x7ff22c5c3670>.
2023-12-22 21:47:54,173 - rasterio.env - DEBUG - Entered env context: <rasterio.env.Env object at 0x7ff22c5c3070>
2023-12-22 21:47:54,173 - rasterio._base - DEBUG - Sharing flag: 0
2023-12-22 21:47:54,174 - rasterio._base - DEBUG - Nodata success: 0, Nodata value: 0.000000
2023-12-22 21:47:54,174 - rasterio._base - DEBUG - Dataset <open DatasetReader name='/home/metpublic/TASK_RELEASE/EFAN/present_weather/src/H09_B13_Indonesia_20231222.Z2120.cor.tiff' mode='r'> is started.
2023-12-22 21:47:54,174 - rasterio.env - DEBUG - Exiting env context: <rasterio.env.Env object at 0x7ff22c5c3070>
2023-12-22 21:47:54,174 - rasterio.env - DEBUG - Cleared existing <rasterio._env.GDALEnv object at 0x7ff22c5c3670> options
2023-12-22 21:47:54,174 - rasterio._env - DEBUG - Stopped GDALEnv <rasterio._env.GDALEnv object at 0x7ff22c5c3670>.
2023-12-22 21:47:54,174 - rasterio.env - DEBUG - Exiting outermost env
2023-12-22 21:47:54,174 - rasterio.env - DEBUG - Exited env context: <rasterio.env.Env object at 0x7ff22c5c3070>
2023-12-22 21:47:54,191 - root - INFO - Generating present weather using SATELITE data
2023-12-22 21:49:49,730 - root - INFO - Total elapsed time: 0:06:47.104866
