2023-11-23 23:43:03,848 - root - INFO - Initiating present weather
2023-11-23 23:43:03,851 - asyncio - DEBUG - Using selector: EpollSelector
2023-11-23 23:43:07,153 - urllib3.connectionpool - DEBUG - Starting new HTTPS connection (1): radar.bmkg.go.id:8060
2023-11-23 23:43:07,231 - urllib3.connectionpool - DEBUG - https://radar.bmkg.go.id:8060 "GET /getRadarGeotif?token=19387e71e78522ae4172ec0fda640983b8438c9cfa0ca571623cb69d8327&radar=amandemenForecast&type=latest HTTP/1.1" 200 90
2023-11-23 23:43:07,233 - rasterio.env - DEBUG - Entering env context: <rasterio.env.Env object at 0x7ff6956105c0>
2023-11-23 23:43:07,234 - rasterio.env - DEBUG - Starting outermost env
2023-11-23 23:43:07,234 - rasterio.env - DEBUG - No GDAL environment exists
2023-11-23 23:43:07,235 - rasterio.env - DEBUG - New GDAL environment <rasterio._env.GDALEnv object at 0x7ff696739330> created
2023-11-23 23:43:07,239 - rasterio._filepath - DEBUG - Installing FilePath filesystem handler plugin...
2023-11-23 23:43:07,239 - rasterio._env - DEBUG - GDAL data found in package: path='/home/swx/miniconda3/envs/present_weather/lib/python3.12/site-packages/rasterio/gdal_data'.
2023-11-23 23:43:07,240 - rasterio._env - DEBUG - PROJ_LIB found in environment.
2023-11-23 23:43:07,240 - rasterio._env - DEBUG - Started GDALEnv: self=<rasterio._env.GDALEnv object at 0x7ff696739330>.
2023-11-23 23:43:07,240 - rasterio.env - DEBUG - Entered env context: <rasterio.env.Env object at 0x7ff6956105c0>
2023-11-23 23:43:07,240 - rasterio._base - DEBUG - Sharing flag: 0
2023-11-23 23:43:07,452 - rasterio._base - DEBUG - Nodata success: 1, Nodata value: nan
2023-11-23 23:43:07,452 - rasterio._base - DEBUG - Dataset <open DatasetReader name='https://radar.bmkg.go.id/raster/radarsatelit_202311232340.tif' mode='r'> is started.
2023-11-23 23:43:07,453 - rasterio.env - DEBUG - Exiting env context: <rasterio.env.Env object at 0x7ff6956105c0>
2023-11-23 23:43:07,453 - rasterio.env - DEBUG - Cleared existing <rasterio._env.GDALEnv object at 0x7ff696739330> options
2023-11-23 23:43:07,453 - rasterio._env - DEBUG - Stopped GDALEnv <rasterio._env.GDALEnv object at 0x7ff696739330>.
2023-11-23 23:43:07,454 - rasterio.env - DEBUG - Exiting outermost env
2023-11-23 23:43:07,454 - rasterio.env - DEBUG - Exited env context: <rasterio.env.Env object at 0x7ff6956105c0>
2023-11-23 23:43:07,454 - rasterio.env - DEBUG - Entering env context: <rasterio.env.Env object at 0x7ff695625f40>
2023-11-23 23:43:07,454 - rasterio.env - DEBUG - Starting outermost env
2023-11-23 23:43:07,454 - rasterio.env - DEBUG - No GDAL environment exists
2023-11-23 23:43:07,454 - rasterio.env - DEBUG - New GDAL environment <rasterio._env.GDALEnv object at 0x7ff696739330> created
2023-11-23 23:43:07,455 - rasterio._env - DEBUG - GDAL data found in package: path='/home/swx/miniconda3/envs/present_weather/lib/python3.12/site-packages/rasterio/gdal_data'.
2023-11-23 23:43:07,455 - rasterio._env - DEBUG - PROJ_LIB found in environment.
2023-11-23 23:43:07,455 - rasterio._env - DEBUG - Started GDALEnv: self=<rasterio._env.GDALEnv object at 0x7ff696739330>.
2023-11-23 23:43:07,455 - rasterio.env - DEBUG - Entered env context: <rasterio.env.Env object at 0x7ff695625f40>
2023-11-23 23:43:07,456 - rasterio.env - DEBUG - Got a copy of environment <rasterio._env.GDALEnv object at 0x7ff696739330> options
2023-11-23 23:43:07,456 - rasterio.env - DEBUG - Entering env context: <rasterio.env.Env object at 0x7ff695663110>
2023-11-23 23:43:07,456 - rasterio.env - DEBUG - Got a copy of environment <rasterio._env.GDALEnv object at 0x7ff696739330> options
2023-11-23 23:43:07,456 - rasterio.env - DEBUG - Entered env context: <rasterio.env.Env object at 0x7ff695663110>
2023-11-23 23:43:07,457 - rasterio._base - DEBUG - Sharing flag: 0
2023-11-23 23:43:07,458 - rasterio._base - DEBUG - Nodata success: 1, Nodata value: nan
2023-11-23 23:43:07,458 - rasterio._base - DEBUG - Dataset <open DatasetReader name='https://radar.bmkg.go.id/raster/radarsatelit_202311232340.tif' mode='r'> is started.
2023-11-23 23:43:07,458 - rasterio.env - DEBUG - Exiting env context: <rasterio.env.Env object at 0x7ff695663110>
2023-11-23 23:43:07,458 - rasterio.env - DEBUG - Cleared existing <rasterio._env.GDALEnv object at 0x7ff696739330> options
2023-11-23 23:43:07,458 - rasterio._env - DEBUG - Stopped GDALEnv <rasterio._env.GDALEnv object at 0x7ff696739330>.
2023-11-23 23:43:07,458 - rasterio.env - DEBUG - No GDAL environment exists
2023-11-23 23:43:07,458 - rasterio.env - DEBUG - New GDAL environment <rasterio._env.GDALEnv object at 0x7ff696739330> created
2023-11-23 23:43:07,459 - rasterio._env - DEBUG - GDAL data found in package: path='/home/swx/miniconda3/envs/present_weather/lib/python3.12/site-packages/rasterio/gdal_data'.
2023-11-23 23:43:07,459 - rasterio._env - DEBUG - PROJ_LIB found in environment.
2023-11-23 23:43:07,459 - rasterio._env - DEBUG - Started GDALEnv: self=<rasterio._env.GDALEnv object at 0x7ff696739330>.
2023-11-23 23:43:07,460 - rasterio.env - DEBUG - Exited env context: <rasterio.env.Env object at 0x7ff695663110>
2023-11-23 23:43:07,489 - rasterio._io - DEBUG - Output nodata value read from file: nan
2023-11-23 23:43:07,489 - rasterio._io - DEBUG - Output nodata values: [nan]
2023-11-23 23:43:07,489 - rasterio._io - DEBUG - all_valid: False
2023-11-23 23:43:07,490 - rasterio._io - DEBUG - mask_flags: ([<MaskFlags.nodata: 8>],)
2023-11-23 23:43:07,490 - rasterio._io - DEBUG - Jump straight to _read()
2023-11-23 23:43:07,490 - rasterio._io - DEBUG - Window: Window(col_off=0, row_off=0, width=10215, height=3792)
2023-11-23 23:43:07,491 - rasterio._io - DEBUG - IO window xoff=0.0 yoff=0.0 width=10215.0 height=3792.0
2023-11-23 23:43:08,200 - rasterio.env - DEBUG - Exiting env context: <rasterio.env.Env object at 0x7ff695625f40>
2023-11-23 23:43:08,201 - rasterio.env - DEBUG - Cleared existing <rasterio._env.GDALEnv object at 0x7ff696739330> options
2023-11-23 23:43:08,201 - rasterio._env - DEBUG - Stopped GDALEnv <rasterio._env.GDALEnv object at 0x7ff696739330>.
2023-11-23 23:43:08,201 - rasterio.env - DEBUG - Exiting outermost env
2023-11-23 23:43:08,201 - rasterio.env - DEBUG - Exited env context: <rasterio.env.Env object at 0x7ff695625f40>
2023-11-23 23:43:08,203 - urllib3.connectionpool - DEBUG - Starting new HTTPS connection (1): radar.bmkg.go.id:8060
2023-11-23 23:43:08,257 - urllib3.connectionpool - DEBUG - https://radar.bmkg.go.id:8060 "GET /getLatestLD?typeData=1 HTTP/1.1" 200 29465
2023-11-23 23:43:11,653 - root - INFO - dask.bag<lambda, npartitions=20>
2023-11-23 23:54:21,604 - root - INFO - Total elapsed time: 0:11:17.757560
