2023-12-19 08:13:02,430 - root - INFO - Initiating present weather
2023-12-19 08:13:02,432 - asyncio - DEBUG - Using selector: EpollSelector
2023-12-19 08:13:04,011 - urllib3.connectionpool - DEBUG - Starting new HTTPS connection (1): radar.bmkg.go.id:8060
2023-12-19 08:13:04,021 - urllib3.connectionpool - DEBUG - https://radar.bmkg.go.id:8060 "GET /getLatestLD?typeData=1 HTTP/1.1" 200 62
2023-12-19 08:13:04,023 - urllib3.connectionpool - DEBUG - Starting new HTTPS connection (1): radar.bmkg.go.id:8060
2023-12-19 08:13:04,048 - urllib3.connectionpool - DEBUG - https://radar.bmkg.go.id:8060 "GET /getRadarGeotif?token=19387e71e78522ae4172ec0fda640983b8438c9cfa0ca571623cb69d8327&radar=amandemenForecast&type=latest HTTP/1.1" 200 90
2023-12-19 08:13:04,049 - rasterio.env - DEBUG - Entering env context: <rasterio.env.Env object at 0x7fe9fe1b51b0>
2023-12-19 08:13:04,050 - rasterio.env - DEBUG - Starting outermost env
2023-12-19 08:13:04,050 - rasterio.env - DEBUG - No GDAL environment exists
2023-12-19 08:13:04,050 - rasterio.env - DEBUG - New GDAL environment <rasterio._env.GDALEnv object at 0x7fe9fe1b51e0> created
2023-12-19 08:13:04,052 - rasterio._filepath - DEBUG - Installing FilePath filesystem handler plugin...
2023-12-19 08:13:04,052 - rasterio._env - DEBUG - GDAL data found in package: path='/home/metpublic/PYTHON_VENV/present_weather/lib/python3.10/site-packages/rasterio/gdal_data'.
2023-12-19 08:13:04,052 - rasterio._env - DEBUG - PROJ data found in package: path='/home/metpublic/PYTHON_VENV/present_weather/lib/python3.10/site-packages/rasterio/proj_data'.
2023-12-19 08:13:04,053 - rasterio._env - DEBUG - Started GDALEnv: self=<rasterio._env.GDALEnv object at 0x7fe9fe1b51e0>.
2023-12-19 08:13:04,053 - rasterio.env - DEBUG - Entered env context: <rasterio.env.Env object at 0x7fe9fe1b51b0>
2023-12-19 08:13:04,053 - rasterio._base - DEBUG - Sharing flag: 0
2023-12-19 08:13:04,383 - rasterio._base - DEBUG - Nodata success: 1, Nodata value: nan
2023-12-19 08:13:04,384 - rasterio._base - DEBUG - Dataset <open DatasetReader name='https://radar.bmkg.go.id/raster/radarsatelit_202312190810.tif' mode='r'> is started.
2023-12-19 08:13:04,384 - rasterio.env - DEBUG - Exiting env context: <rasterio.env.Env object at 0x7fe9fe1b51b0>
2023-12-19 08:13:04,384 - rasterio.env - DEBUG - Cleared existing <rasterio._env.GDALEnv object at 0x7fe9fe1b51e0> options
2023-12-19 08:13:04,384 - rasterio._env - DEBUG - Stopped GDALEnv <rasterio._env.GDALEnv object at 0x7fe9fe1b51e0>.
2023-12-19 08:13:04,385 - rasterio.env - DEBUG - Exiting outermost env
2023-12-19 08:13:04,385 - rasterio.env - DEBUG - Exited env context: <rasterio.env.Env object at 0x7fe9fe1b51b0>
2023-12-19 08:13:04,385 - rasterio.env - DEBUG - Entering env context: <rasterio.env.Env object at 0x7fe9fe170910>
2023-12-19 08:13:04,385 - rasterio.env - DEBUG - Starting outermost env
2023-12-19 08:13:04,385 - rasterio.env - DEBUG - No GDAL environment exists
2023-12-19 08:13:04,385 - rasterio.env - DEBUG - New GDAL environment <rasterio._env.GDALEnv object at 0x7fe9feaf35b0> created
2023-12-19 08:13:04,385 - rasterio._env - DEBUG - GDAL data found in package: path='/home/metpublic/PYTHON_VENV/present_weather/lib/python3.10/site-packages/rasterio/gdal_data'.
2023-12-19 08:13:04,385 - rasterio._env - DEBUG - PROJ data found in package: path='/home/metpublic/PYTHON_VENV/present_weather/lib/python3.10/site-packages/rasterio/proj_data'.
2023-12-19 08:13:04,386 - rasterio._env - DEBUG - Started GDALEnv: self=<rasterio._env.GDALEnv object at 0x7fe9feaf35b0>.
2023-12-19 08:13:04,386 - rasterio.env - DEBUG - Entered env context: <rasterio.env.Env object at 0x7fe9fe170910>
2023-12-19 08:13:04,386 - rasterio.env - DEBUG - Got a copy of environment <rasterio._env.GDALEnv object at 0x7fe9feaf35b0> options
2023-12-19 08:13:04,386 - rasterio.env - DEBUG - Entering env context: <rasterio.env.Env object at 0x7fe9fc06ae30>
2023-12-19 08:13:04,386 - rasterio.env - DEBUG - Got a copy of environment <rasterio._env.GDALEnv object at 0x7fe9feaf35b0> options
2023-12-19 08:13:04,386 - rasterio.env - DEBUG - Entered env context: <rasterio.env.Env object at 0x7fe9fc06ae30>
2023-12-19 08:13:04,386 - rasterio._base - DEBUG - Sharing flag: 0
2023-12-19 08:13:04,387 - rasterio._base - DEBUG - Nodata success: 1, Nodata value: nan
2023-12-19 08:13:04,387 - rasterio._base - DEBUG - Dataset <open DatasetReader name='https://radar.bmkg.go.id/raster/radarsatelit_202312190810.tif' mode='r'> is started.
2023-12-19 08:13:04,387 - rasterio.env - DEBUG - Exiting env context: <rasterio.env.Env object at 0x7fe9fc06ae30>
2023-12-19 08:13:04,387 - rasterio.env - DEBUG - Cleared existing <rasterio._env.GDALEnv object at 0x7fe9feaf35b0> options
2023-12-19 08:13:04,387 - rasterio._env - DEBUG - Stopped GDALEnv <rasterio._env.GDALEnv object at 0x7fe9feaf35b0>.
2023-12-19 08:13:04,387 - rasterio.env - DEBUG - No GDAL environment exists
2023-12-19 08:13:04,388 - rasterio.env - DEBUG - New GDAL environment <rasterio._env.GDALEnv object at 0x7fe9feaf35b0> created
2023-12-19 08:13:04,388 - rasterio._env - DEBUG - GDAL data found in package: path='/home/metpublic/PYTHON_VENV/present_weather/lib/python3.10/site-packages/rasterio/gdal_data'.
2023-12-19 08:13:04,389 - rasterio._env - DEBUG - PROJ data found in package: path='/home/metpublic/PYTHON_VENV/present_weather/lib/python3.10/site-packages/rasterio/proj_data'.
2023-12-19 08:13:04,389 - rasterio._env - DEBUG - Started GDALEnv: self=<rasterio._env.GDALEnv object at 0x7fe9feaf35b0>.
2023-12-19 08:13:04,389 - rasterio.env - DEBUG - Exited env context: <rasterio.env.Env object at 0x7fe9fc06ae30>
2023-12-19 08:13:04,405 - rasterio._io - DEBUG - Output nodata value read from file: nan
2023-12-19 08:13:04,405 - rasterio._io - DEBUG - Output nodata values: [nan]
2023-12-19 08:13:04,406 - rasterio._io - DEBUG - all_valid: False
2023-12-19 08:13:04,406 - rasterio._io - DEBUG - mask_flags: ([<MaskFlags.nodata: 8>],)
2023-12-19 08:13:04,406 - rasterio._io - DEBUG - Jump straight to _read()
2023-12-19 08:13:04,406 - rasterio._io - DEBUG - Window: Window(col_off=0, row_off=0, width=10215, height=3792)
2023-12-19 08:13:04,406 - rasterio._io - DEBUG - IO window xoff=0.0 yoff=0.0 width=10215.0 height=3792.0
2023-12-19 08:13:04,964 - rasterio.env - DEBUG - Exiting env context: <rasterio.env.Env object at 0x7fe9fe170910>
2023-12-19 08:13:04,964 - rasterio.env - DEBUG - Cleared existing <rasterio._env.GDALEnv object at 0x7fe9feaf35b0> options
2023-12-19 08:13:04,964 - rasterio._env - DEBUG - Stopped GDALEnv <rasterio._env.GDALEnv object at 0x7fe9feaf35b0>.
2023-12-19 08:13:04,964 - rasterio.env - DEBUG - Exiting outermost env
2023-12-19 08:13:04,964 - rasterio.env - DEBUG - Exited env context: <rasterio.env.Env object at 0x7fe9fe170910>
2023-12-19 08:19:47,602 - root - INFO - Total elapsed time: 0:06:45.172520
