2023-11-28 12:23:03,066 - root - INFO - Initiating present weather
2023-11-28 12:23:03,069 - asyncio - DEBUG - Using selector: EpollSelector
2023-11-28 12:23:05,110 - urllib3.connectionpool - DEBUG - Starting new HTTPS connection (1): radar.bmkg.go.id:8060
2023-11-28 12:23:05,134 - urllib3.connectionpool - DEBUG - https://radar.bmkg.go.id:8060 "GET /getLatestLD?typeData=1 HTTP/1.1" 200 62
2023-11-28 12:23:05,137 - urllib3.connectionpool - DEBUG - Starting new HTTPS connection (1): radar.bmkg.go.id:8060
2023-11-28 12:23:05,160 - urllib3.connectionpool - DEBUG - https://radar.bmkg.go.id:8060 "GET /getRadarGeotif?token=19387e71e78522ae4172ec0fda640983b8438c9cfa0ca571623cb69d8327&radar=amandemenForecast&type=latest HTTP/1.1" 200 90
2023-11-28 12:23:05,161 - rasterio.env - DEBUG - Entering env context: <rasterio.env.Env object at 0x7f8ad582a410>
2023-11-28 12:23:05,162 - rasterio.env - DEBUG - Starting outermost env
2023-11-28 12:23:05,162 - rasterio.env - DEBUG - No GDAL environment exists
2023-11-28 12:23:05,162 - rasterio.env - DEBUG - New GDAL environment <rasterio._env.GDALEnv object at 0x7f8ad582a260> created
2023-11-28 12:23:05,166 - rasterio._filepath - DEBUG - Installing FilePath filesystem handler plugin...
2023-11-28 12:23:05,168 - rasterio._env - DEBUG - GDAL data found in package: path='/home/metpublic/PYTHON_VENV/present_weather/lib/python3.10/site-packages/rasterio/gdal_data'.
2023-11-28 12:23:05,168 - rasterio._env - DEBUG - PROJ data found in package: path='/home/metpublic/PYTHON_VENV/present_weather/lib/python3.10/site-packages/rasterio/proj_data'.
2023-11-28 12:23:05,168 - rasterio._env - DEBUG - Started GDALEnv: self=<rasterio._env.GDALEnv object at 0x7f8ad582a260>.
2023-11-28 12:23:05,168 - rasterio.env - DEBUG - Entered env context: <rasterio.env.Env object at 0x7f8ad582a410>
2023-11-28 12:23:05,168 - rasterio._base - DEBUG - Sharing flag: 0
2023-11-28 12:23:05,362 - rasterio._base - DEBUG - Nodata success: 1, Nodata value: nan
2023-11-28 12:23:05,362 - rasterio._base - DEBUG - Dataset <open DatasetReader name='https://radar.bmkg.go.id/raster/radarsatelit_202311281220.tif' mode='r'> is started.
2023-11-28 12:23:05,363 - rasterio.env - DEBUG - Exiting env context: <rasterio.env.Env object at 0x7f8ad582a410>
2023-11-28 12:23:05,363 - rasterio.env - DEBUG - Cleared existing <rasterio._env.GDALEnv object at 0x7f8ad582a260> options
2023-11-28 12:23:05,363 - rasterio._env - DEBUG - Stopped GDALEnv <rasterio._env.GDALEnv object at 0x7f8ad582a260>.
2023-11-28 12:23:05,363 - rasterio.env - DEBUG - Exiting outermost env
2023-11-28 12:23:05,363 - rasterio.env - DEBUG - Exited env context: <rasterio.env.Env object at 0x7f8ad582a410>
2023-11-28 12:23:05,363 - rasterio.env - DEBUG - Entering env context: <rasterio.env.Env object at 0x7f8ad4e779a0>
2023-11-28 12:23:05,363 - rasterio.env - DEBUG - Starting outermost env
2023-11-28 12:23:05,363 - rasterio.env - DEBUG - No GDAL environment exists
2023-11-28 12:23:05,363 - rasterio.env - DEBUG - New GDAL environment <rasterio._env.GDALEnv object at 0x7f8ad582a260> created
2023-11-28 12:23:05,364 - rasterio._env - DEBUG - GDAL data found in package: path='/home/metpublic/PYTHON_VENV/present_weather/lib/python3.10/site-packages/rasterio/gdal_data'.
2023-11-28 12:23:05,364 - rasterio._env - DEBUG - PROJ data found in package: path='/home/metpublic/PYTHON_VENV/present_weather/lib/python3.10/site-packages/rasterio/proj_data'.
2023-11-28 12:23:05,364 - rasterio._env - DEBUG - Started GDALEnv: self=<rasterio._env.GDALEnv object at 0x7f8ad582a260>.
2023-11-28 12:23:05,364 - rasterio.env - DEBUG - Entered env context: <rasterio.env.Env object at 0x7f8ad4e779a0>
2023-11-28 12:23:05,365 - rasterio.env - DEBUG - Got a copy of environment <rasterio._env.GDALEnv object at 0x7f8ad582a260> options
2023-11-28 12:23:05,365 - rasterio.env - DEBUG - Entering env context: <rasterio.env.Env object at 0x7f8ad45c1720>
2023-11-28 12:23:05,365 - rasterio.env - DEBUG - Got a copy of environment <rasterio._env.GDALEnv object at 0x7f8ad582a260> options
2023-11-28 12:23:05,365 - rasterio.env - DEBUG - Entered env context: <rasterio.env.Env object at 0x7f8ad45c1720>
2023-11-28 12:23:05,365 - rasterio._base - DEBUG - Sharing flag: 0
2023-11-28 12:23:05,366 - rasterio._base - DEBUG - Nodata success: 1, Nodata value: nan
2023-11-28 12:23:05,366 - rasterio._base - DEBUG - Dataset <open DatasetReader name='https://radar.bmkg.go.id/raster/radarsatelit_202311281220.tif' mode='r'> is started.
2023-11-28 12:23:05,366 - rasterio.env - DEBUG - Exiting env context: <rasterio.env.Env object at 0x7f8ad45c1720>
2023-11-28 12:23:05,367 - rasterio.env - DEBUG - Cleared existing <rasterio._env.GDALEnv object at 0x7f8ad582a260> options
2023-11-28 12:23:05,367 - rasterio._env - DEBUG - Stopped GDALEnv <rasterio._env.GDALEnv object at 0x7f8ad582a260>.
2023-11-28 12:23:05,367 - rasterio.env - DEBUG - No GDAL environment exists
2023-11-28 12:23:05,367 - rasterio.env - DEBUG - New GDAL environment <rasterio._env.GDALEnv object at 0x7f8ad582a260> created
2023-11-28 12:23:05,367 - rasterio._env - DEBUG - GDAL data found in package: path='/home/metpublic/PYTHON_VENV/present_weather/lib/python3.10/site-packages/rasterio/gdal_data'.
2023-11-28 12:23:05,368 - rasterio._env - DEBUG - PROJ data found in package: path='/home/metpublic/PYTHON_VENV/present_weather/lib/python3.10/site-packages/rasterio/proj_data'.
2023-11-28 12:23:05,368 - rasterio._env - DEBUG - Started GDALEnv: self=<rasterio._env.GDALEnv object at 0x7f8ad582a260>.
2023-11-28 12:23:05,368 - rasterio.env - DEBUG - Exited env context: <rasterio.env.Env object at 0x7f8ad45c1720>
2023-11-28 12:23:05,387 - rasterio._io - DEBUG - Output nodata value read from file: nan
2023-11-28 12:23:05,387 - rasterio._io - DEBUG - Output nodata values: [nan]
2023-11-28 12:23:05,387 - rasterio._io - DEBUG - all_valid: False
2023-11-28 12:23:05,387 - rasterio._io - DEBUG - mask_flags: ([<MaskFlags.nodata: 8>],)
2023-11-28 12:23:05,388 - rasterio._io - DEBUG - Jump straight to _read()
2023-11-28 12:23:05,388 - rasterio._io - DEBUG - Window: Window(col_off=0, row_off=0, width=10178, height=3732)
2023-11-28 12:23:05,388 - rasterio._io - DEBUG - IO window xoff=0.0 yoff=0.0 width=10178.0 height=3732.0
2023-11-28 12:23:06,006 - rasterio.env - DEBUG - Exiting env context: <rasterio.env.Env object at 0x7f8ad4e779a0>
2023-11-28 12:23:06,007 - rasterio.env - DEBUG - Cleared existing <rasterio._env.GDALEnv object at 0x7f8ad582a260> options
2023-11-28 12:23:06,007 - rasterio._env - DEBUG - Stopped GDALEnv <rasterio._env.GDALEnv object at 0x7f8ad582a260>.
2023-11-28 12:23:06,007 - rasterio.env - DEBUG - Exiting outermost env
2023-11-28 12:23:06,007 - rasterio.env - DEBUG - Exited env context: <rasterio.env.Env object at 0x7f8ad4e779a0>
2023-11-28 12:29:09,120 - rasterio.env - DEBUG - Entering env context: <rasterio.env.Env object at 0x7f8ad4333580>
2023-11-28 12:29:09,120 - rasterio.env - DEBUG - Starting outermost env
2023-11-28 12:29:09,121 - rasterio.env - DEBUG - No GDAL environment exists
2023-11-28 12:29:09,121 - rasterio.env - DEBUG - New GDAL environment <rasterio._env.GDALEnv object at 0x7f8ad4332320> created
2023-11-28 12:29:09,121 - rasterio._env - DEBUG - GDAL data found in package: path='/home/metpublic/PYTHON_VENV/present_weather/lib/python3.10/site-packages/rasterio/gdal_data'.
2023-11-28 12:29:09,121 - rasterio._env - DEBUG - PROJ data found in package: path='/home/metpublic/PYTHON_VENV/present_weather/lib/python3.10/site-packages/rasterio/proj_data'.
2023-11-28 12:29:09,121 - rasterio._env - DEBUG - Started GDALEnv: self=<rasterio._env.GDALEnv object at 0x7f8ad4332320>.
2023-11-28 12:29:09,121 - rasterio.env - DEBUG - Entered env context: <rasterio.env.Env object at 0x7f8ad4333580>
2023-11-28 12:29:09,122 - rasterio._base - DEBUG - Sharing flag: 0
2023-11-28 12:29:09,123 - rasterio._base - DEBUG - Nodata success: 0, Nodata value: 0.000000
2023-11-28 12:29:09,123 - rasterio._base - DEBUG - Dataset <open DatasetReader name='/home/metpublic/TASK_RELEASE/EFAN/present_weather/src/H09_B13_Indonesia_20231128.Z1210.cor.tiff' mode='r'> is started.
2023-11-28 12:29:09,123 - rasterio.env - DEBUG - Exiting env context: <rasterio.env.Env object at 0x7f8ad4333580>
2023-11-28 12:29:09,123 - rasterio.env - DEBUG - Cleared existing <rasterio._env.GDALEnv object at 0x7f8ad4332320> options
2023-11-28 12:29:09,123 - rasterio._env - DEBUG - Stopped GDALEnv <rasterio._env.GDALEnv object at 0x7f8ad4332320>.
2023-11-28 12:29:09,123 - rasterio.env - DEBUG - Exiting outermost env
2023-11-28 12:29:09,123 - rasterio.env - DEBUG - Exited env context: <rasterio.env.Env object at 0x7f8ad4333580>
2023-11-28 12:29:09,123 - rasterio.env - DEBUG - Entering env context: <rasterio.env.Env object at 0x7f8ad42a2f20>
2023-11-28 12:29:09,124 - rasterio.env - DEBUG - Starting outermost env
2023-11-28 12:29:09,124 - rasterio.env - DEBUG - No GDAL environment exists
2023-11-28 12:29:09,124 - rasterio.env - DEBUG - New GDAL environment <rasterio._env.GDALEnv object at 0x7f8ad42a1cf0> created
2023-11-28 12:29:09,124 - rasterio._env - DEBUG - GDAL data found in package: path='/home/metpublic/PYTHON_VENV/present_weather/lib/python3.10/site-packages/rasterio/gdal_data'.
2023-11-28 12:29:09,124 - rasterio._env - DEBUG - PROJ data found in package: path='/home/metpublic/PYTHON_VENV/present_weather/lib/python3.10/site-packages/rasterio/proj_data'.
2023-11-28 12:29:09,124 - rasterio._env - DEBUG - Started GDALEnv: self=<rasterio._env.GDALEnv object at 0x7f8ad42a1cf0>.
2023-11-28 12:29:09,124 - rasterio.env - DEBUG - Entered env context: <rasterio.env.Env object at 0x7f8ad42a2f20>
2023-11-28 12:29:09,124 - rasterio._base - DEBUG - Sharing flag: 0
2023-11-28 12:29:09,126 - rasterio._base - DEBUG - Nodata success: 0, Nodata value: 0.000000
2023-11-28 12:29:09,126 - rasterio._base - DEBUG - Dataset <open DatasetReader name='/home/metpublic/TASK_RELEASE/EFAN/present_weather/src/H09_B13_Indonesia_20231128.Z1210.cor.tiff' mode='r'> is started.
2023-11-28 12:29:09,126 - rasterio.env - DEBUG - Exiting env context: <rasterio.env.Env object at 0x7f8ad42a2f20>
2023-11-28 12:29:09,126 - rasterio.env - DEBUG - Cleared existing <rasterio._env.GDALEnv object at 0x7f8ad42a1cf0> options
2023-11-28 12:29:09,126 - rasterio._env - DEBUG - Stopped GDALEnv <rasterio._env.GDALEnv object at 0x7f8ad42a1cf0>.
2023-11-28 12:29:09,126 - rasterio.env - DEBUG - Exiting outermost env
2023-11-28 12:29:09,126 - rasterio.env - DEBUG - Exited env context: <rasterio.env.Env object at 0x7f8ad42a2f20>
2023-11-28 12:29:09,134 - root - INFO - Generating present weather using SATELITE data
2023-11-28 12:31:04,986 - root - INFO - Total elapsed time: 0:08:01.919883
