2023-11-17 19:20:04,079 - root - INFO - Initiating present weather
2023-11-17 19:20:04,084 - urllib3.connectionpool - DEBUG - Starting new HTTPS connection (1): radar.bmkg.go.id:8060
2023-11-17 19:20:04,155 - urllib3.connectionpool - DEBUG - https://radar.bmkg.go.id:8060 "GET /getRadarGeotif?token=19387e71e78522ae4172ec0fda640983b8438c9cfa0ca571623cb69d8327&radar=amandemenForecast&type=latest HTTP/1.1" 200 90
2023-11-17 19:20:04,158 - rasterio.env - DEBUG - Entering env context: <rasterio.env.Env object at 0x7fb4dddffb00>
2023-11-17 19:20:04,159 - rasterio.env - DEBUG - Starting outermost env
2023-11-17 19:20:04,159 - rasterio.env - DEBUG - No GDAL environment exists
2023-11-17 19:20:04,159 - rasterio.env - DEBUG - New GDAL environment <rasterio._env.GDALEnv object at 0x7fb49cd041f0> created
2023-11-17 19:20:04,163 - rasterio._filepath - DEBUG - Installing FilePath filesystem handler plugin...
2023-11-17 19:20:04,164 - rasterio._env - DEBUG - GDAL data found in package: path='/home/swx/miniconda3/envs/present_weather/lib/python3.12/site-packages/rasterio/gdal_data'.
2023-11-17 19:20:04,164 - rasterio._env - DEBUG - PROJ_LIB found in environment.
2023-11-17 19:20:04,164 - rasterio._env - DEBUG - Started GDALEnv: self=<rasterio._env.GDALEnv object at 0x7fb49cd041f0>.
2023-11-17 19:20:04,164 - rasterio.env - DEBUG - Entered env context: <rasterio.env.Env object at 0x7fb4dddffb00>
2023-11-17 19:20:04,165 - rasterio._base - DEBUG - Sharing flag: 0
2023-11-17 19:20:04,364 - rasterio._base - DEBUG - Nodata success: 1, Nodata value: nan
2023-11-17 19:20:04,364 - rasterio._base - DEBUG - Dataset <open DatasetReader name='https://radar.bmkg.go.id/raster/radarsatelit_202311171910.tif' mode='r'> is started.
2023-11-17 19:20:04,364 - rasterio.env - DEBUG - Exiting env context: <rasterio.env.Env object at 0x7fb4dddffb00>
2023-11-17 19:20:04,365 - rasterio.env - DEBUG - Cleared existing <rasterio._env.GDALEnv object at 0x7fb49cd041f0> options
2023-11-17 19:20:04,365 - rasterio._env - DEBUG - Stopped GDALEnv <rasterio._env.GDALEnv object at 0x7fb49cd041f0>.
2023-11-17 19:20:04,365 - rasterio.env - DEBUG - Exiting outermost env
2023-11-17 19:20:04,365 - rasterio.env - DEBUG - Exited env context: <rasterio.env.Env object at 0x7fb4dddffb00>
2023-11-17 19:20:04,365 - rasterio.env - DEBUG - Entering env context: <rasterio.env.Env object at 0x7fb4eeced1c0>
2023-11-17 19:20:04,365 - rasterio.env - DEBUG - Starting outermost env
2023-11-17 19:20:04,365 - rasterio.env - DEBUG - No GDAL environment exists
2023-11-17 19:20:04,365 - rasterio.env - DEBUG - New GDAL environment <rasterio._env.GDALEnv object at 0x7fb49c75b310> created
2023-11-17 19:20:04,366 - rasterio._env - DEBUG - GDAL data found in package: path='/home/swx/miniconda3/envs/present_weather/lib/python3.12/site-packages/rasterio/gdal_data'.
2023-11-17 19:20:04,366 - rasterio._env - DEBUG - PROJ_LIB found in environment.
2023-11-17 19:20:04,366 - rasterio._env - DEBUG - Started GDALEnv: self=<rasterio._env.GDALEnv object at 0x7fb49c75b310>.
2023-11-17 19:20:04,367 - rasterio.env - DEBUG - Entered env context: <rasterio.env.Env object at 0x7fb4eeced1c0>
2023-11-17 19:20:04,367 - rasterio.env - DEBUG - Got a copy of environment <rasterio._env.GDALEnv object at 0x7fb49c75b310> options
2023-11-17 19:20:04,367 - rasterio.env - DEBUG - Entering env context: <rasterio.env.Env object at 0x7fb49cc7f050>
2023-11-17 19:20:04,367 - rasterio.env - DEBUG - Got a copy of environment <rasterio._env.GDALEnv object at 0x7fb49c75b310> options
2023-11-17 19:20:04,367 - rasterio.env - DEBUG - Entered env context: <rasterio.env.Env object at 0x7fb49cc7f050>
2023-11-17 19:20:04,368 - rasterio._base - DEBUG - Sharing flag: 0
2023-11-17 19:20:04,369 - rasterio._base - DEBUG - Nodata success: 1, Nodata value: nan
2023-11-17 19:20:04,369 - rasterio._base - DEBUG - Dataset <open DatasetReader name='https://radar.bmkg.go.id/raster/radarsatelit_202311171910.tif' mode='r'> is started.
2023-11-17 19:20:04,369 - rasterio.env - DEBUG - Exiting env context: <rasterio.env.Env object at 0x7fb49cc7f050>
2023-11-17 19:20:04,369 - rasterio.env - DEBUG - Cleared existing <rasterio._env.GDALEnv object at 0x7fb49c75b310> options
2023-11-17 19:20:04,369 - rasterio._env - DEBUG - Stopped GDALEnv <rasterio._env.GDALEnv object at 0x7fb49c75b310>.
2023-11-17 19:20:04,369 - rasterio.env - DEBUG - No GDAL environment exists
2023-11-17 19:20:04,369 - rasterio.env - DEBUG - New GDAL environment <rasterio._env.GDALEnv object at 0x7fb49c75b310> created
2023-11-17 19:20:04,370 - rasterio._env - DEBUG - GDAL data found in package: path='/home/swx/miniconda3/envs/present_weather/lib/python3.12/site-packages/rasterio/gdal_data'.
2023-11-17 19:20:04,370 - rasterio._env - DEBUG - PROJ_LIB found in environment.
2023-11-17 19:20:04,370 - rasterio._env - DEBUG - Started GDALEnv: self=<rasterio._env.GDALEnv object at 0x7fb49c75b310>.
2023-11-17 19:20:04,370 - rasterio.env - DEBUG - Exited env context: <rasterio.env.Env object at 0x7fb49cc7f050>
2023-11-17 19:20:04,400 - rasterio._io - DEBUG - Output nodata value read from file: nan
2023-11-17 19:20:04,400 - rasterio._io - DEBUG - Output nodata values: [nan]
2023-11-17 19:20:04,400 - rasterio._io - DEBUG - all_valid: False
2023-11-17 19:20:04,400 - rasterio._io - DEBUG - mask_flags: ([<MaskFlags.nodata: 8>],)
2023-11-17 19:20:04,401 - rasterio._io - DEBUG - Jump straight to _read()
2023-11-17 19:20:04,401 - rasterio._io - DEBUG - Window: Window(col_off=0, row_off=0, width=10215, height=3792)
2023-11-17 19:20:04,401 - rasterio._io - DEBUG - IO window xoff=0.0 yoff=0.0 width=10215.0 height=3792.0
2023-11-17 19:20:05,135 - rasterio.env - DEBUG - Exiting env context: <rasterio.env.Env object at 0x7fb4eeced1c0>
2023-11-17 19:20:05,135 - rasterio.env - DEBUG - Cleared existing <rasterio._env.GDALEnv object at 0x7fb49c75b310> options
2023-11-17 19:20:05,135 - rasterio._env - DEBUG - Stopped GDALEnv <rasterio._env.GDALEnv object at 0x7fb49c75b310>.
2023-11-17 19:20:05,135 - rasterio.env - DEBUG - Exiting outermost env
2023-11-17 19:20:05,135 - rasterio.env - DEBUG - Exited env context: <rasterio.env.Env object at 0x7fb4eeced1c0>
2023-11-17 19:20:05,138 - urllib3.connectionpool - DEBUG - Starting new HTTPS connection (1): radar.bmkg.go.id:8060
2023-11-17 19:20:05,212 - urllib3.connectionpool - DEBUG - https://radar.bmkg.go.id:8060 "GET /getLatestLD?typeData=1 HTTP/1.1" 200 64794
2023-11-17 19:20:05,244 - asyncio - DEBUG - Using selector: EpollSelector
2023-11-17 19:20:11,719 - root - INFO - dask.bag<lambda, npartitions=34>
2023-11-17 19:36:28,442 - root - INFO - Total elapsed time: 0:16:24.363390
