2023-11-19 05:20:03,267 - root - INFO - Initiating present weather
2023-11-19 05:20:03,271 - urllib3.connectionpool - DEBUG - Starting new HTTPS connection (1): radar.bmkg.go.id:8060
2023-11-19 05:20:15,897 - rasterio.env - DEBUG - Entering env context: <rasterio.env.Env object at 0x7f368fbbcb60>
2023-11-19 05:20:15,898 - rasterio.env - DEBUG - Starting outermost env
2023-11-19 05:20:15,898 - rasterio.env - DEBUG - No GDAL environment exists
2023-11-19 05:20:15,898 - rasterio.env - DEBUG - New GDAL environment <rasterio._env.GDALEnv object at 0x7f368fdff820> created
2023-11-19 05:20:15,906 - rasterio._filepath - DEBUG - Installing FilePath filesystem handler plugin...
2023-11-19 05:20:15,906 - rasterio._env - DEBUG - GDAL data found in package: path='/home/swx/miniconda3/envs/present_weather/lib/python3.12/site-packages/rasterio/gdal_data'.
2023-11-19 05:20:15,906 - rasterio._env - DEBUG - PROJ_LIB found in environment.
2023-11-19 05:20:15,907 - rasterio._env - DEBUG - Started GDALEnv: self=<rasterio._env.GDALEnv object at 0x7f368fdff820>.
2023-11-19 05:20:15,907 - rasterio.env - DEBUG - Entered env context: <rasterio.env.Env object at 0x7f368fbbcb60>
2023-11-19 05:20:15,907 - rasterio._base - DEBUG - Sharing flag: 0
2023-11-19 05:20:15,928 - rasterio._base - DEBUG - Nodata success: 0, Nodata value: 0.000000
2023-11-19 05:20:15,928 - rasterio._base - DEBUG - Dataset <open DatasetReader name='/home/swx/present_weather/src/H09_B13_Indonesia_20231119.Z0510.cor.tiff' mode='r'> is started.
2023-11-19 05:20:15,929 - rasterio.env - DEBUG - Exiting env context: <rasterio.env.Env object at 0x7f368fbbcb60>
2023-11-19 05:20:15,929 - rasterio.env - DEBUG - Cleared existing <rasterio._env.GDALEnv object at 0x7f368fdff820> options
2023-11-19 05:20:15,929 - rasterio._env - DEBUG - Stopped GDALEnv <rasterio._env.GDALEnv object at 0x7f368fdff820>.
2023-11-19 05:20:15,929 - rasterio.env - DEBUG - Exiting outermost env
2023-11-19 05:20:15,929 - rasterio.env - DEBUG - Exited env context: <rasterio.env.Env object at 0x7f368fbbcb60>
2023-11-19 05:20:15,930 - rasterio.env - DEBUG - Entering env context: <rasterio.env.Env object at 0x7f368ffd6060>
2023-11-19 05:20:15,930 - rasterio.env - DEBUG - Starting outermost env
2023-11-19 05:20:15,930 - rasterio.env - DEBUG - No GDAL environment exists
2023-11-19 05:20:15,930 - rasterio.env - DEBUG - New GDAL environment <rasterio._env.GDALEnv object at 0x7f368fc43580> created
2023-11-19 05:20:15,931 - rasterio._env - DEBUG - GDAL data found in package: path='/home/swx/miniconda3/envs/present_weather/lib/python3.12/site-packages/rasterio/gdal_data'.
2023-11-19 05:20:15,931 - rasterio._env - DEBUG - PROJ_LIB found in environment.
2023-11-19 05:20:15,931 - rasterio._env - DEBUG - Started GDALEnv: self=<rasterio._env.GDALEnv object at 0x7f368fc43580>.
2023-11-19 05:20:15,931 - rasterio.env - DEBUG - Entered env context: <rasterio.env.Env object at 0x7f368ffd6060>
2023-11-19 05:20:15,931 - rasterio._base - DEBUG - Sharing flag: 0
2023-11-19 05:20:15,932 - rasterio._base - DEBUG - Nodata success: 0, Nodata value: 0.000000
2023-11-19 05:20:15,933 - rasterio._base - DEBUG - Dataset <open DatasetReader name='/home/swx/present_weather/src/H09_B13_Indonesia_20231119.Z0510.cor.tiff' mode='r'> is started.
2023-11-19 05:20:15,933 - rasterio.env - DEBUG - Exiting env context: <rasterio.env.Env object at 0x7f368ffd6060>
2023-11-19 05:20:15,933 - rasterio.env - DEBUG - Cleared existing <rasterio._env.GDALEnv object at 0x7f368fc43580> options
2023-11-19 05:20:15,933 - rasterio._env - DEBUG - Stopped GDALEnv <rasterio._env.GDALEnv object at 0x7f368fc43580>.
2023-11-19 05:20:15,933 - rasterio.env - DEBUG - Exiting outermost env
2023-11-19 05:20:15,933 - rasterio.env - DEBUG - Exited env context: <rasterio.env.Env object at 0x7f368ffd6060>
2023-11-19 05:20:15,954 - asyncio - DEBUG - Using selector: EpollSelector
2023-11-19 05:20:19,299 - root - INFO - dask.bag<lambda, npartitions=34>
2023-11-19 05:21:33,082 - root - INFO - Total elapsed time: 0:01:29.815816
