2023-11-25 21:03:03,999 - root - INFO - Initiating present weather
2023-11-25 21:03:04,002 - asyncio - DEBUG - Using selector: EpollSelector
2023-11-25 21:03:07,244 - urllib3.connectionpool - DEBUG - Starting new HTTPS connection (1): radar.bmkg.go.id:8060
2023-11-25 21:03:07,310 - urllib3.connectionpool - DEBUG - https://radar.bmkg.go.id:8060 "GET /getRadarGeotif?token=19387e71e78522ae4172ec0fda640983b8438c9cfa0ca571623cb69d8327&radar=amandemenForecast&type=latest HTTP/1.1" 200 90
2023-11-25 21:03:07,312 - rasterio.env - DEBUG - Entering env context: <rasterio.env.Env object at 0x7fa0c73cb500>
2023-11-25 21:03:07,313 - rasterio.env - DEBUG - Starting outermost env
2023-11-25 21:03:07,313 - rasterio.env - DEBUG - No GDAL environment exists
2023-11-25 21:03:07,314 - rasterio.env - DEBUG - New GDAL environment <rasterio._env.GDALEnv object at 0x7fa0c7514ee0> created
2023-11-25 21:03:07,318 - rasterio._filepath - DEBUG - Installing FilePath filesystem handler plugin...
2023-11-25 21:03:07,318 - rasterio._env - DEBUG - GDAL data found in package: path='/home/swx/miniconda3/envs/present_weather/lib/python3.12/site-packages/rasterio/gdal_data'.
2023-11-25 21:03:07,318 - rasterio._env - DEBUG - PROJ_LIB found in environment.
2023-11-25 21:03:07,318 - rasterio._env - DEBUG - Started GDALEnv: self=<rasterio._env.GDALEnv object at 0x7fa0c7514ee0>.
2023-11-25 21:03:07,319 - rasterio.env - DEBUG - Entered env context: <rasterio.env.Env object at 0x7fa0c73cb500>
2023-11-25 21:03:07,319 - rasterio._base - DEBUG - Sharing flag: 0
2023-11-25 21:03:07,549 - rasterio._base - DEBUG - Nodata success: 1, Nodata value: nan
2023-11-25 21:03:07,549 - rasterio._base - DEBUG - Dataset <open DatasetReader name='https://radar.bmkg.go.id/raster/radarsatelit_202311252100.tif' mode='r'> is started.
2023-11-25 21:03:07,550 - rasterio.env - DEBUG - Exiting env context: <rasterio.env.Env object at 0x7fa0c73cb500>
2023-11-25 21:03:07,550 - rasterio.env - DEBUG - Cleared existing <rasterio._env.GDALEnv object at 0x7fa0c7514ee0> options
2023-11-25 21:03:07,550 - rasterio._env - DEBUG - Stopped GDALEnv <rasterio._env.GDALEnv object at 0x7fa0c7514ee0>.
2023-11-25 21:03:07,550 - rasterio.env - DEBUG - Exiting outermost env
2023-11-25 21:03:07,550 - rasterio.env - DEBUG - Exited env context: <rasterio.env.Env object at 0x7fa0c73cb500>
2023-11-25 21:03:07,550 - rasterio.env - DEBUG - Entering env context: <rasterio.env.Env object at 0x7fa0c72a6a50>
2023-11-25 21:03:07,550 - rasterio.env - DEBUG - Starting outermost env
2023-11-25 21:03:07,550 - rasterio.env - DEBUG - No GDAL environment exists
2023-11-25 21:03:07,550 - rasterio.env - DEBUG - New GDAL environment <rasterio._env.GDALEnv object at 0x7fa0c7514ee0> created
2023-11-25 21:03:07,551 - rasterio._env - DEBUG - GDAL data found in package: path='/home/swx/miniconda3/envs/present_weather/lib/python3.12/site-packages/rasterio/gdal_data'.
2023-11-25 21:03:07,551 - rasterio._env - DEBUG - PROJ_LIB found in environment.
2023-11-25 21:03:07,552 - rasterio._env - DEBUG - Started GDALEnv: self=<rasterio._env.GDALEnv object at 0x7fa0c7514ee0>.
2023-11-25 21:03:07,552 - rasterio.env - DEBUG - Entered env context: <rasterio.env.Env object at 0x7fa0c72a6a50>
2023-11-25 21:03:07,552 - rasterio.env - DEBUG - Got a copy of environment <rasterio._env.GDALEnv object at 0x7fa0c7514ee0> options
2023-11-25 21:03:07,552 - rasterio.env - DEBUG - Entering env context: <rasterio.env.Env object at 0x7fa0c72e2d50>
2023-11-25 21:03:07,552 - rasterio.env - DEBUG - Got a copy of environment <rasterio._env.GDALEnv object at 0x7fa0c7514ee0> options
2023-11-25 21:03:07,553 - rasterio.env - DEBUG - Entered env context: <rasterio.env.Env object at 0x7fa0c72e2d50>
2023-11-25 21:03:07,553 - rasterio._base - DEBUG - Sharing flag: 0
2023-11-25 21:03:07,554 - rasterio._base - DEBUG - Nodata success: 1, Nodata value: nan
2023-11-25 21:03:07,555 - rasterio._base - DEBUG - Dataset <open DatasetReader name='https://radar.bmkg.go.id/raster/radarsatelit_202311252100.tif' mode='r'> is started.
2023-11-25 21:03:07,555 - rasterio.env - DEBUG - Exiting env context: <rasterio.env.Env object at 0x7fa0c72e2d50>
2023-11-25 21:03:07,555 - rasterio.env - DEBUG - Cleared existing <rasterio._env.GDALEnv object at 0x7fa0c7514ee0> options
2023-11-25 21:03:07,555 - rasterio._env - DEBUG - Stopped GDALEnv <rasterio._env.GDALEnv object at 0x7fa0c7514ee0>.
2023-11-25 21:03:07,555 - rasterio.env - DEBUG - No GDAL environment exists
2023-11-25 21:03:07,555 - rasterio.env - DEBUG - New GDAL environment <rasterio._env.GDALEnv object at 0x7fa0c7514ee0> created
2023-11-25 21:03:07,556 - rasterio._env - DEBUG - GDAL data found in package: path='/home/swx/miniconda3/envs/present_weather/lib/python3.12/site-packages/rasterio/gdal_data'.
2023-11-25 21:03:07,556 - rasterio._env - DEBUG - PROJ_LIB found in environment.
2023-11-25 21:03:07,556 - rasterio._env - DEBUG - Started GDALEnv: self=<rasterio._env.GDALEnv object at 0x7fa0c7514ee0>.
2023-11-25 21:03:07,557 - rasterio.env - DEBUG - Exited env context: <rasterio.env.Env object at 0x7fa0c72e2d50>
2023-11-25 21:03:07,584 - rasterio._io - DEBUG - Output nodata value read from file: nan
2023-11-25 21:03:07,584 - rasterio._io - DEBUG - Output nodata values: [nan]
2023-11-25 21:03:07,585 - rasterio._io - DEBUG - all_valid: False
2023-11-25 21:03:07,585 - rasterio._io - DEBUG - mask_flags: ([<MaskFlags.nodata: 8>],)
2023-11-25 21:03:07,585 - rasterio._io - DEBUG - Jump straight to _read()
2023-11-25 21:03:07,585 - rasterio._io - DEBUG - Window: Window(col_off=0, row_off=0, width=10215, height=3789)
2023-11-25 21:03:07,586 - rasterio._io - DEBUG - IO window xoff=0.0 yoff=0.0 width=10215.0 height=3789.0
2023-11-25 21:03:08,299 - rasterio.env - DEBUG - Exiting env context: <rasterio.env.Env object at 0x7fa0c72a6a50>
2023-11-25 21:03:08,299 - rasterio.env - DEBUG - Cleared existing <rasterio._env.GDALEnv object at 0x7fa0c7514ee0> options
2023-11-25 21:03:08,299 - rasterio._env - DEBUG - Stopped GDALEnv <rasterio._env.GDALEnv object at 0x7fa0c7514ee0>.
2023-11-25 21:03:08,299 - rasterio.env - DEBUG - Exiting outermost env
2023-11-25 21:03:08,299 - rasterio.env - DEBUG - Exited env context: <rasterio.env.Env object at 0x7fa0c72a6a50>
2023-11-25 21:03:08,301 - urllib3.connectionpool - DEBUG - Starting new HTTPS connection (1): radar.bmkg.go.id:8060
2023-11-25 21:03:08,345 - urllib3.connectionpool - DEBUG - https://radar.bmkg.go.id:8060 "GET /getLatestLD?typeData=1 HTTP/1.1" 200 108
2023-11-25 21:03:08,349 - root - INFO - Generating present weather using RADAR data
2023-11-25 21:03:11,704 - root - INFO - dask.bag<lambda, npartitions=20>
2023-11-25 21:03:17,596 - root - INFO - Total elapsed time: 0:00:13.597974
