2023-11-26 14:43:03,382 - root - INFO - Initiating present weather
2023-11-26 14:43:03,386 - asyncio - DEBUG - Using selector: EpollSelector
2023-11-26 14:43:06,639 - urllib3.connectionpool - DEBUG - Starting new HTTPS connection (1): radar.bmkg.go.id:8060
2023-11-26 14:43:06,691 - urllib3.connectionpool - DEBUG - https://radar.bmkg.go.id:8060 "GET /getRadarGeotif?token=19387e71e78522ae4172ec0fda640983b8438c9cfa0ca571623cb69d8327&radar=amandemenForecast&type=latest HTTP/1.1" 200 90
2023-11-26 14:43:06,693 - rasterio.env - DEBUG - Entering env context: <rasterio.env.Env object at 0x7f66a14bdb80>
2023-11-26 14:43:06,694 - rasterio.env - DEBUG - Starting outermost env
2023-11-26 14:43:06,694 - rasterio.env - DEBUG - No GDAL environment exists
2023-11-26 14:43:06,694 - rasterio.env - DEBUG - New GDAL environment <rasterio._env.GDALEnv object at 0x7f66a0891f90> created
2023-11-26 14:43:06,698 - rasterio._filepath - DEBUG - Installing FilePath filesystem handler plugin...
2023-11-26 14:43:06,698 - rasterio._env - DEBUG - GDAL data found in package: path='/home/swx/miniconda3/envs/present_weather/lib/python3.12/site-packages/rasterio/gdal_data'.
2023-11-26 14:43:06,698 - rasterio._env - DEBUG - PROJ_LIB found in environment.
2023-11-26 14:43:06,698 - rasterio._env - DEBUG - Started GDALEnv: self=<rasterio._env.GDALEnv object at 0x7f66a0891f90>.
2023-11-26 14:43:06,698 - rasterio.env - DEBUG - Entered env context: <rasterio.env.Env object at 0x7f66a14bdb80>
2023-11-26 14:43:06,699 - rasterio._base - DEBUG - Sharing flag: 0
2023-11-26 14:43:06,902 - rasterio._base - DEBUG - Nodata success: 1, Nodata value: nan
2023-11-26 14:43:06,902 - rasterio._base - DEBUG - Dataset <open DatasetReader name='https://radar.bmkg.go.id/raster/radarsatelit_202311261440.tif' mode='r'> is started.
2023-11-26 14:43:06,902 - rasterio.env - DEBUG - Exiting env context: <rasterio.env.Env object at 0x7f66a14bdb80>
2023-11-26 14:43:06,903 - rasterio.env - DEBUG - Cleared existing <rasterio._env.GDALEnv object at 0x7f66a0891f90> options
2023-11-26 14:43:06,903 - rasterio._env - DEBUG - Stopped GDALEnv <rasterio._env.GDALEnv object at 0x7f66a0891f90>.
2023-11-26 14:43:06,903 - rasterio.env - DEBUG - Exiting outermost env
2023-11-26 14:43:06,903 - rasterio.env - DEBUG - Exited env context: <rasterio.env.Env object at 0x7f66a14bdb80>
2023-11-26 14:43:06,903 - rasterio.env - DEBUG - Entering env context: <rasterio.env.Env object at 0x7f66a0891fa0>
2023-11-26 14:43:06,903 - rasterio.env - DEBUG - Starting outermost env
2023-11-26 14:43:06,903 - rasterio.env - DEBUG - No GDAL environment exists
2023-11-26 14:43:06,903 - rasterio.env - DEBUG - New GDAL environment <rasterio._env.GDALEnv object at 0x7f66a14bdb70> created
2023-11-26 14:43:06,904 - rasterio._env - DEBUG - GDAL data found in package: path='/home/swx/miniconda3/envs/present_weather/lib/python3.12/site-packages/rasterio/gdal_data'.
2023-11-26 14:43:06,904 - rasterio._env - DEBUG - PROJ_LIB found in environment.
2023-11-26 14:43:06,905 - rasterio._env - DEBUG - Started GDALEnv: self=<rasterio._env.GDALEnv object at 0x7f66a14bdb70>.
2023-11-26 14:43:06,905 - rasterio.env - DEBUG - Entered env context: <rasterio.env.Env object at 0x7f66a0891fa0>
2023-11-26 14:43:06,905 - rasterio.env - DEBUG - Got a copy of environment <rasterio._env.GDALEnv object at 0x7f66a14bdb70> options
2023-11-26 14:43:06,905 - rasterio.env - DEBUG - Entering env context: <rasterio.env.Env object at 0x7f66a0256180>
2023-11-26 14:43:06,906 - rasterio.env - DEBUG - Got a copy of environment <rasterio._env.GDALEnv object at 0x7f66a14bdb70> options
2023-11-26 14:43:06,906 - rasterio.env - DEBUG - Entered env context: <rasterio.env.Env object at 0x7f66a0256180>
2023-11-26 14:43:06,906 - rasterio._base - DEBUG - Sharing flag: 0
2023-11-26 14:43:06,907 - rasterio._base - DEBUG - Nodata success: 1, Nodata value: nan
2023-11-26 14:43:06,907 - rasterio._base - DEBUG - Dataset <open DatasetReader name='https://radar.bmkg.go.id/raster/radarsatelit_202311261440.tif' mode='r'> is started.
2023-11-26 14:43:06,907 - rasterio.env - DEBUG - Exiting env context: <rasterio.env.Env object at 0x7f66a0256180>
2023-11-26 14:43:06,907 - rasterio.env - DEBUG - Cleared existing <rasterio._env.GDALEnv object at 0x7f66a14bdb70> options
2023-11-26 14:43:06,908 - rasterio._env - DEBUG - Stopped GDALEnv <rasterio._env.GDALEnv object at 0x7f66a14bdb70>.
2023-11-26 14:43:06,908 - rasterio.env - DEBUG - No GDAL environment exists
2023-11-26 14:43:06,908 - rasterio.env - DEBUG - New GDAL environment <rasterio._env.GDALEnv object at 0x7f66a14bdb70> created
2023-11-26 14:43:06,908 - rasterio._env - DEBUG - GDAL data found in package: path='/home/swx/miniconda3/envs/present_weather/lib/python3.12/site-packages/rasterio/gdal_data'.
2023-11-26 14:43:06,908 - rasterio._env - DEBUG - PROJ_LIB found in environment.
2023-11-26 14:43:06,909 - rasterio._env - DEBUG - Started GDALEnv: self=<rasterio._env.GDALEnv object at 0x7f66a14bdb70>.
2023-11-26 14:43:06,909 - rasterio.env - DEBUG - Exited env context: <rasterio.env.Env object at 0x7f66a0256180>
2023-11-26 14:43:06,937 - rasterio._io - DEBUG - Output nodata value read from file: nan
2023-11-26 14:43:06,937 - rasterio._io - DEBUG - Output nodata values: [nan]
2023-11-26 14:43:06,938 - rasterio._io - DEBUG - all_valid: False
2023-11-26 14:43:06,938 - rasterio._io - DEBUG - mask_flags: ([<MaskFlags.nodata: 8>],)
2023-11-26 14:43:06,938 - rasterio._io - DEBUG - Jump straight to _read()
2023-11-26 14:43:06,938 - rasterio._io - DEBUG - Window: Window(col_off=0, row_off=0, width=10215, height=3792)
2023-11-26 14:43:06,939 - rasterio._io - DEBUG - IO window xoff=0.0 yoff=0.0 width=10215.0 height=3792.0
2023-11-26 14:43:07,806 - rasterio.env - DEBUG - Exiting env context: <rasterio.env.Env object at 0x7f66a0891fa0>
2023-11-26 14:43:07,806 - rasterio.env - DEBUG - Cleared existing <rasterio._env.GDALEnv object at 0x7f66a14bdb70> options
2023-11-26 14:43:07,806 - rasterio._env - DEBUG - Stopped GDALEnv <rasterio._env.GDALEnv object at 0x7f66a14bdb70>.
2023-11-26 14:43:07,806 - rasterio.env - DEBUG - Exiting outermost env
2023-11-26 14:43:07,806 - rasterio.env - DEBUG - Exited env context: <rasterio.env.Env object at 0x7f66a0891fa0>
2023-11-26 14:43:07,809 - urllib3.connectionpool - DEBUG - Starting new HTTPS connection (1): radar.bmkg.go.id:8060
2023-11-26 14:43:07,853 - urllib3.connectionpool - DEBUG - https://radar.bmkg.go.id:8060 "GET /getLatestLD?typeData=1 HTTP/1.1" 200 16272
2023-11-26 14:43:07,864 - root - INFO - Generating present weather using RADAR data
2023-11-26 14:43:11,218 - root - INFO - dask.bag<lambda, npartitions=20>
2023-11-26 14:56:05,121 - root - INFO - Total elapsed time: 0:13:01.740042
