2023-12-05 15:23:03,079 - root - INFO - Initiating present weather
2023-12-05 15:23:03,081 - asyncio - DEBUG - Using selector: EpollSelector
2023-12-05 15:23:04,629 - urllib3.connectionpool - DEBUG - Starting new HTTPS connection (1): radar.bmkg.go.id:8060
2023-12-05 15:23:04,642 - urllib3.connectionpool - DEBUG - https://radar.bmkg.go.id:8060 "GET /getLatestLD?typeData=1 HTTP/1.1" 200 62
2023-12-05 15:23:04,643 - urllib3.connectionpool - DEBUG - Starting new HTTPS connection (1): radar.bmkg.go.id:8060
2023-12-05 15:23:04,665 - urllib3.connectionpool - DEBUG - https://radar.bmkg.go.id:8060 "GET /getRadarGeotif?token=19387e71e78522ae4172ec0fda640983b8438c9cfa0ca571623cb69d8327&radar=amandemenForecast&type=latest HTTP/1.1" 200 90
2023-12-05 15:23:04,665 - rasterio.env - DEBUG - Entering env context: <rasterio.env.Env object at 0x7f7cad57a9b0>
2023-12-05 15:23:04,666 - rasterio.env - DEBUG - Starting outermost env
2023-12-05 15:23:04,666 - rasterio.env - DEBUG - No GDAL environment exists
2023-12-05 15:23:04,667 - rasterio.env - DEBUG - New GDAL environment <rasterio._env.GDALEnv object at 0x7f7cad57ac80> created
2023-12-05 15:23:04,669 - rasterio._filepath - DEBUG - Installing FilePath filesystem handler plugin...
2023-12-05 15:23:04,670 - rasterio._env - DEBUG - GDAL data found in package: path='/home/metpublic/PYTHON_VENV/present_weather/lib/python3.10/site-packages/rasterio/gdal_data'.
2023-12-05 15:23:04,670 - rasterio._env - DEBUG - PROJ data found in package: path='/home/metpublic/PYTHON_VENV/present_weather/lib/python3.10/site-packages/rasterio/proj_data'.
2023-12-05 15:23:04,670 - rasterio._env - DEBUG - Started GDALEnv: self=<rasterio._env.GDALEnv object at 0x7f7cad57ac80>.
2023-12-05 15:23:04,670 - rasterio.env - DEBUG - Entered env context: <rasterio.env.Env object at 0x7f7cad57a9b0>
2023-12-05 15:23:04,670 - rasterio._base - DEBUG - Sharing flag: 0
2023-12-05 15:23:04,893 - rasterio._base - DEBUG - Nodata success: 1, Nodata value: nan
2023-12-05 15:23:04,893 - rasterio._base - DEBUG - Dataset <open DatasetReader name='https://radar.bmkg.go.id/raster/radarsatelit_202312051520.tif' mode='r'> is started.
2023-12-05 15:23:04,894 - rasterio.env - DEBUG - Exiting env context: <rasterio.env.Env object at 0x7f7cad57a9b0>
2023-12-05 15:23:04,894 - rasterio.env - DEBUG - Cleared existing <rasterio._env.GDALEnv object at 0x7f7cad57ac80> options
2023-12-05 15:23:04,894 - rasterio._env - DEBUG - Stopped GDALEnv <rasterio._env.GDALEnv object at 0x7f7cad57ac80>.
2023-12-05 15:23:04,894 - rasterio.env - DEBUG - Exiting outermost env
2023-12-05 15:23:04,894 - rasterio.env - DEBUG - Exited env context: <rasterio.env.Env object at 0x7f7cad57a9b0>
2023-12-05 15:23:04,894 - rasterio.env - DEBUG - Entering env context: <rasterio.env.Env object at 0x7f7cac2ca7d0>
2023-12-05 15:23:04,894 - rasterio.env - DEBUG - Starting outermost env
2023-12-05 15:23:04,894 - rasterio.env - DEBUG - No GDAL environment exists
2023-12-05 15:23:04,894 - rasterio.env - DEBUG - New GDAL environment <rasterio._env.GDALEnv object at 0x7f7cad57ac80> created
2023-12-05 15:23:04,895 - rasterio._env - DEBUG - GDAL data found in package: path='/home/metpublic/PYTHON_VENV/present_weather/lib/python3.10/site-packages/rasterio/gdal_data'.
2023-12-05 15:23:04,895 - rasterio._env - DEBUG - PROJ data found in package: path='/home/metpublic/PYTHON_VENV/present_weather/lib/python3.10/site-packages/rasterio/proj_data'.
2023-12-05 15:23:04,895 - rasterio._env - DEBUG - Started GDALEnv: self=<rasterio._env.GDALEnv object at 0x7f7cad57ac80>.
2023-12-05 15:23:04,895 - rasterio.env - DEBUG - Entered env context: <rasterio.env.Env object at 0x7f7cac2ca7d0>
2023-12-05 15:23:04,896 - rasterio.env - DEBUG - Got a copy of environment <rasterio._env.GDALEnv object at 0x7f7cad57ac80> options
2023-12-05 15:23:04,896 - rasterio.env - DEBUG - Entering env context: <rasterio.env.Env object at 0x7f7cac30e020>
2023-12-05 15:23:04,896 - rasterio.env - DEBUG - Got a copy of environment <rasterio._env.GDALEnv object at 0x7f7cad57ac80> options
2023-12-05 15:23:04,896 - rasterio.env - DEBUG - Entered env context: <rasterio.env.Env object at 0x7f7cac30e020>
2023-12-05 15:23:04,896 - rasterio._base - DEBUG - Sharing flag: 0
2023-12-05 15:23:04,897 - rasterio._base - DEBUG - Nodata success: 1, Nodata value: nan
2023-12-05 15:23:04,897 - rasterio._base - DEBUG - Dataset <open DatasetReader name='https://radar.bmkg.go.id/raster/radarsatelit_202312051520.tif' mode='r'> is started.
2023-12-05 15:23:04,897 - rasterio.env - DEBUG - Exiting env context: <rasterio.env.Env object at 0x7f7cac30e020>
2023-12-05 15:23:04,897 - rasterio.env - DEBUG - Cleared existing <rasterio._env.GDALEnv object at 0x7f7cad57ac80> options
2023-12-05 15:23:04,897 - rasterio._env - DEBUG - Stopped GDALEnv <rasterio._env.GDALEnv object at 0x7f7cad57ac80>.
2023-12-05 15:23:04,897 - rasterio.env - DEBUG - No GDAL environment exists
2023-12-05 15:23:04,897 - rasterio.env - DEBUG - New GDAL environment <rasterio._env.GDALEnv object at 0x7f7cad57ac80> created
2023-12-05 15:23:04,898 - rasterio._env - DEBUG - GDAL data found in package: path='/home/metpublic/PYTHON_VENV/present_weather/lib/python3.10/site-packages/rasterio/gdal_data'.
2023-12-05 15:23:04,898 - rasterio._env - DEBUG - PROJ data found in package: path='/home/metpublic/PYTHON_VENV/present_weather/lib/python3.10/site-packages/rasterio/proj_data'.
2023-12-05 15:23:04,898 - rasterio._env - DEBUG - Started GDALEnv: self=<rasterio._env.GDALEnv object at 0x7f7cad57ac80>.
2023-12-05 15:23:04,898 - rasterio.env - DEBUG - Exited env context: <rasterio.env.Env object at 0x7f7cac30e020>
2023-12-05 15:23:04,915 - rasterio._io - DEBUG - Output nodata value read from file: nan
2023-12-05 15:23:04,915 - rasterio._io - DEBUG - Output nodata values: [nan]
2023-12-05 15:23:04,916 - rasterio._io - DEBUG - all_valid: False
2023-12-05 15:23:04,916 - rasterio._io - DEBUG - mask_flags: ([<MaskFlags.nodata: 8>],)
2023-12-05 15:23:04,916 - rasterio._io - DEBUG - Jump straight to _read()
2023-12-05 15:23:04,916 - rasterio._io - DEBUG - Window: Window(col_off=0, row_off=0, width=10177, height=3732)
2023-12-05 15:23:04,916 - rasterio._io - DEBUG - IO window xoff=0.0 yoff=0.0 width=10177.0 height=3732.0
2023-12-05 15:23:05,472 - rasterio.env - DEBUG - Exiting env context: <rasterio.env.Env object at 0x7f7cac2ca7d0>
2023-12-05 15:23:05,473 - rasterio.env - DEBUG - Cleared existing <rasterio._env.GDALEnv object at 0x7f7cad57ac80> options
2023-12-05 15:23:05,473 - rasterio._env - DEBUG - Stopped GDALEnv <rasterio._env.GDALEnv object at 0x7f7cad57ac80>.
2023-12-05 15:23:05,473 - rasterio.env - DEBUG - Exiting outermost env
2023-12-05 15:23:05,473 - rasterio.env - DEBUG - Exited env context: <rasterio.env.Env object at 0x7f7cac2ca7d0>
2023-12-05 15:26:51,484 - rasterio.env - DEBUG - Entering env context: <rasterio.env.Env object at 0x7f7cac0dfa90>
2023-12-05 15:26:51,485 - rasterio.env - DEBUG - Starting outermost env
2023-12-05 15:26:51,485 - rasterio.env - DEBUG - No GDAL environment exists
2023-12-05 15:26:51,485 - rasterio.env - DEBUG - New GDAL environment <rasterio._env.GDALEnv object at 0x7f7cac0df8b0> created
2023-12-05 15:26:51,486 - rasterio._env - DEBUG - GDAL data found in package: path='/home/metpublic/PYTHON_VENV/present_weather/lib/python3.10/site-packages/rasterio/gdal_data'.
2023-12-05 15:26:51,486 - rasterio._env - DEBUG - PROJ data found in package: path='/home/metpublic/PYTHON_VENV/present_weather/lib/python3.10/site-packages/rasterio/proj_data'.
2023-12-05 15:26:51,486 - rasterio._env - DEBUG - Started GDALEnv: self=<rasterio._env.GDALEnv object at 0x7f7cac0df8b0>.
2023-12-05 15:26:51,486 - rasterio.env - DEBUG - Entered env context: <rasterio.env.Env object at 0x7f7cac0dfa90>
2023-12-05 15:26:51,487 - rasterio._base - DEBUG - Sharing flag: 0
2023-12-05 15:26:51,488 - rasterio._base - DEBUG - Nodata success: 0, Nodata value: 0.000000
2023-12-05 15:26:51,488 - rasterio._base - DEBUG - Dataset <open DatasetReader name='/home/metpublic/TASK_RELEASE/EFAN/present_weather/src/H09_B13_Indonesia_20231205.Z1500.cor.tiff' mode='r'> is started.
2023-12-05 15:26:51,488 - rasterio.env - DEBUG - Exiting env context: <rasterio.env.Env object at 0x7f7cac0dfa90>
2023-12-05 15:26:51,488 - rasterio.env - DEBUG - Cleared existing <rasterio._env.GDALEnv object at 0x7f7cac0df8b0> options
2023-12-05 15:26:51,489 - rasterio._env - DEBUG - Stopped GDALEnv <rasterio._env.GDALEnv object at 0x7f7cac0df8b0>.
2023-12-05 15:26:51,489 - rasterio.env - DEBUG - Exiting outermost env
2023-12-05 15:26:51,489 - rasterio.env - DEBUG - Exited env context: <rasterio.env.Env object at 0x7f7cac0dfa90>
2023-12-05 15:26:51,489 - rasterio.env - DEBUG - Entering env context: <rasterio.env.Env object at 0x7f7cac0dfd30>
2023-12-05 15:26:51,489 - rasterio.env - DEBUG - Starting outermost env
2023-12-05 15:26:51,489 - rasterio.env - DEBUG - No GDAL environment exists
2023-12-05 15:26:51,489 - rasterio.env - DEBUG - New GDAL environment <rasterio._env.GDALEnv object at 0x7f7cac0dd030> created
2023-12-05 15:26:51,490 - rasterio._env - DEBUG - GDAL data found in package: path='/home/metpublic/PYTHON_VENV/present_weather/lib/python3.10/site-packages/rasterio/gdal_data'.
2023-12-05 15:26:51,490 - rasterio._env - DEBUG - PROJ data found in package: path='/home/metpublic/PYTHON_VENV/present_weather/lib/python3.10/site-packages/rasterio/proj_data'.
2023-12-05 15:26:51,490 - rasterio._env - DEBUG - Started GDALEnv: self=<rasterio._env.GDALEnv object at 0x7f7cac0dd030>.
2023-12-05 15:26:51,490 - rasterio.env - DEBUG - Entered env context: <rasterio.env.Env object at 0x7f7cac0dfd30>
2023-12-05 15:26:51,490 - rasterio._base - DEBUG - Sharing flag: 0
2023-12-05 15:26:51,491 - rasterio._base - DEBUG - Nodata success: 0, Nodata value: 0.000000
2023-12-05 15:26:51,491 - rasterio._base - DEBUG - Dataset <open DatasetReader name='/home/metpublic/TASK_RELEASE/EFAN/present_weather/src/H09_B13_Indonesia_20231205.Z1500.cor.tiff' mode='r'> is started.
2023-12-05 15:26:51,491 - rasterio.env - DEBUG - Exiting env context: <rasterio.env.Env object at 0x7f7cac0dfd30>
2023-12-05 15:26:51,491 - rasterio.env - DEBUG - Cleared existing <rasterio._env.GDALEnv object at 0x7f7cac0dd030> options
2023-12-05 15:26:51,491 - rasterio._env - DEBUG - Stopped GDALEnv <rasterio._env.GDALEnv object at 0x7f7cac0dd030>.
2023-12-05 15:26:51,492 - rasterio.env - DEBUG - Exiting outermost env
2023-12-05 15:26:51,492 - rasterio.env - DEBUG - Exited env context: <rasterio.env.Env object at 0x7f7cac0dfd30>
2023-12-05 15:26:51,505 - root - INFO - Generating present weather using SATELITE data
2023-12-05 15:28:38,495 - root - INFO - Total elapsed time: 0:05:35.416907
