2023-11-22 00:43:04,060 - root - INFO - Initiating present weather
2023-11-22 00:43:04,065 - urllib3.connectionpool - DEBUG - Starting new HTTPS connection (1): radar.bmkg.go.id:8060
2023-11-22 00:43:04,143 - urllib3.connectionpool - DEBUG - https://radar.bmkg.go.id:8060 "GET /getRadarGeotif?token=19387e71e78522ae4172ec0fda640983b8438c9cfa0ca571623cb69d8327&radar=amandemenForecast&type=latest HTTP/1.1" 200 90
2023-11-22 00:43:04,146 - rasterio.env - DEBUG - Entering env context: <rasterio.env.Env object at 0x7ff2cf8aede0>
2023-11-22 00:43:04,147 - rasterio.env - DEBUG - Starting outermost env
2023-11-22 00:43:04,147 - rasterio.env - DEBUG - No GDAL environment exists
2023-11-22 00:43:04,147 - rasterio.env - DEBUG - New GDAL environment <rasterio._env.GDALEnv object at 0x7ff2cf7ce080> created
2023-11-22 00:43:04,152 - rasterio._filepath - DEBUG - Installing FilePath filesystem handler plugin...
2023-11-22 00:43:04,152 - rasterio._env - DEBUG - GDAL data found in package: path='/home/swx/miniconda3/envs/present_weather/lib/python3.12/site-packages/rasterio/gdal_data'.
2023-11-22 00:43:04,152 - rasterio._env - DEBUG - PROJ_LIB found in environment.
2023-11-22 00:43:04,152 - rasterio._env - DEBUG - Started GDALEnv: self=<rasterio._env.GDALEnv object at 0x7ff2cf7ce080>.
2023-11-22 00:43:04,152 - rasterio.env - DEBUG - Entered env context: <rasterio.env.Env object at 0x7ff2cf8aede0>
2023-11-22 00:43:04,153 - rasterio._base - DEBUG - Sharing flag: 0
2023-11-22 00:43:04,348 - rasterio._base - DEBUG - Nodata success: 1, Nodata value: nan
2023-11-22 00:43:04,348 - rasterio._base - DEBUG - Dataset <open DatasetReader name='https://radar.bmkg.go.id/raster/radarsatelit_202311220040.tif' mode='r'> is started.
2023-11-22 00:43:04,349 - rasterio.env - DEBUG - Exiting env context: <rasterio.env.Env object at 0x7ff2cf8aede0>
2023-11-22 00:43:04,349 - rasterio.env - DEBUG - Cleared existing <rasterio._env.GDALEnv object at 0x7ff2cf7ce080> options
2023-11-22 00:43:04,349 - rasterio._env - DEBUG - Stopped GDALEnv <rasterio._env.GDALEnv object at 0x7ff2cf7ce080>.
2023-11-22 00:43:04,349 - rasterio.env - DEBUG - Exiting outermost env
2023-11-22 00:43:04,349 - rasterio.env - DEBUG - Exited env context: <rasterio.env.Env object at 0x7ff2cf8aede0>
2023-11-22 00:43:04,349 - rasterio.env - DEBUG - Entering env context: <rasterio.env.Env object at 0x7ff28df7fe60>
2023-11-22 00:43:04,349 - rasterio.env - DEBUG - Starting outermost env
2023-11-22 00:43:04,349 - rasterio.env - DEBUG - No GDAL environment exists
2023-11-22 00:43:04,350 - rasterio.env - DEBUG - New GDAL environment <rasterio._env.GDALEnv object at 0x7ff2cf7ce080> created
2023-11-22 00:43:04,350 - rasterio._env - DEBUG - GDAL data found in package: path='/home/swx/miniconda3/envs/present_weather/lib/python3.12/site-packages/rasterio/gdal_data'.
2023-11-22 00:43:04,350 - rasterio._env - DEBUG - PROJ_LIB found in environment.
2023-11-22 00:43:04,351 - rasterio._env - DEBUG - Started GDALEnv: self=<rasterio._env.GDALEnv object at 0x7ff2cf7ce080>.
2023-11-22 00:43:04,351 - rasterio.env - DEBUG - Entered env context: <rasterio.env.Env object at 0x7ff28df7fe60>
2023-11-22 00:43:04,351 - rasterio.env - DEBUG - Got a copy of environment <rasterio._env.GDALEnv object at 0x7ff2cf7ce080> options
2023-11-22 00:43:04,351 - rasterio.env - DEBUG - Entering env context: <rasterio.env.Env object at 0x7ff28e14aa50>
2023-11-22 00:43:04,351 - rasterio.env - DEBUG - Got a copy of environment <rasterio._env.GDALEnv object at 0x7ff2cf7ce080> options
2023-11-22 00:43:04,352 - rasterio.env - DEBUG - Entered env context: <rasterio.env.Env object at 0x7ff28e14aa50>
2023-11-22 00:43:04,352 - rasterio._base - DEBUG - Sharing flag: 0
2023-11-22 00:43:04,353 - rasterio._base - DEBUG - Nodata success: 1, Nodata value: nan
2023-11-22 00:43:04,353 - rasterio._base - DEBUG - Dataset <open DatasetReader name='https://radar.bmkg.go.id/raster/radarsatelit_202311220040.tif' mode='r'> is started.
2023-11-22 00:43:04,353 - rasterio.env - DEBUG - Exiting env context: <rasterio.env.Env object at 0x7ff28e14aa50>
2023-11-22 00:43:04,353 - rasterio.env - DEBUG - Cleared existing <rasterio._env.GDALEnv object at 0x7ff2cf7ce080> options
2023-11-22 00:43:04,353 - rasterio._env - DEBUG - Stopped GDALEnv <rasterio._env.GDALEnv object at 0x7ff2cf7ce080>.
2023-11-22 00:43:04,353 - rasterio.env - DEBUG - No GDAL environment exists
2023-11-22 00:43:04,353 - rasterio.env - DEBUG - New GDAL environment <rasterio._env.GDALEnv object at 0x7ff2cf7ce080> created
2023-11-22 00:43:04,354 - rasterio._env - DEBUG - GDAL data found in package: path='/home/swx/miniconda3/envs/present_weather/lib/python3.12/site-packages/rasterio/gdal_data'.
2023-11-22 00:43:04,354 - rasterio._env - DEBUG - PROJ_LIB found in environment.
2023-11-22 00:43:04,354 - rasterio._env - DEBUG - Started GDALEnv: self=<rasterio._env.GDALEnv object at 0x7ff2cf7ce080>.
2023-11-22 00:43:04,354 - rasterio.env - DEBUG - Exited env context: <rasterio.env.Env object at 0x7ff28e14aa50>
2023-11-22 00:43:04,386 - rasterio._io - DEBUG - Output nodata value read from file: nan
2023-11-22 00:43:04,386 - rasterio._io - DEBUG - Output nodata values: [nan]
2023-11-22 00:43:04,386 - rasterio._io - DEBUG - all_valid: False
2023-11-22 00:43:04,387 - rasterio._io - DEBUG - mask_flags: ([<MaskFlags.nodata: 8>],)
2023-11-22 00:43:04,387 - rasterio._io - DEBUG - Jump straight to _read()
2023-11-22 00:43:04,387 - rasterio._io - DEBUG - Window: Window(col_off=0, row_off=0, width=10215, height=3792)
2023-11-22 00:43:04,387 - rasterio._io - DEBUG - IO window xoff=0.0 yoff=0.0 width=10215.0 height=3792.0
2023-11-22 00:43:05,074 - rasterio.env - DEBUG - Exiting env context: <rasterio.env.Env object at 0x7ff28df7fe60>
2023-11-22 00:43:05,075 - rasterio.env - DEBUG - Cleared existing <rasterio._env.GDALEnv object at 0x7ff2cf7ce080> options
2023-11-22 00:43:05,075 - rasterio._env - DEBUG - Stopped GDALEnv <rasterio._env.GDALEnv object at 0x7ff2cf7ce080>.
2023-11-22 00:43:05,075 - rasterio.env - DEBUG - Exiting outermost env
2023-11-22 00:43:05,075 - rasterio.env - DEBUG - Exited env context: <rasterio.env.Env object at 0x7ff28df7fe60>
2023-11-22 00:43:05,077 - urllib3.connectionpool - DEBUG - Starting new HTTPS connection (1): radar.bmkg.go.id:8060
2023-11-22 00:43:05,142 - urllib3.connectionpool - DEBUG - https://radar.bmkg.go.id:8060 "GET /getLatestLD?typeData=1 HTTP/1.1" 200 77707
2023-11-22 00:43:05,172 - asyncio - DEBUG - Using selector: EpollSelector
2023-11-22 00:43:11,938 - root - INFO - dask.bag<lambda, npartitions=34>
2023-11-22 00:58:38,620 - root - INFO - Total elapsed time: 0:15:34.560793
