2023-11-09 14:00:15,287 - root - INFO - Initiating present weather
2023-11-09 14:00:15,328 - urllib3.connectionpool - DEBUG - Starting new HTTPS connection (1): radar.bmkg.go.id:8060
2023-11-09 14:00:15,684 - urllib3.connectionpool - DEBUG - https://radar.bmkg.go.id:8060 "GET /getRadarGeotif?token=19387e71e78522ae4172ec0fda640983b8438c9cfa0ca571623cb69d8327&radar=amandemenForecast&type=latest HTTP/1.1" 200 90
2023-11-09 14:00:15,698 - rasterio.env - DEBUG - Entering env context: <rasterio.env.Env object at 0x7fe0478ee030>
2023-11-09 14:00:15,708 - rasterio.env - DEBUG - Starting outermost env
2023-11-09 14:00:15,709 - rasterio.env - DEBUG - No GDAL environment exists
2023-11-09 14:00:15,710 - rasterio.env - DEBUG - New GDAL environment <rasterio._env.GDALEnv object at 0x7fe0478ef820> created
2023-11-09 14:00:15,734 - rasterio._filepath - DEBUG - Installing FilePath filesystem handler plugin...
2023-11-09 14:00:15,735 - rasterio._env - DEBUG - GDAL data found in package: path='/home/swx/miniconda3/envs/present_weather/lib/python3.12/site-packages/rasterio/gdal_data'.
2023-11-09 14:00:15,735 - rasterio._env - DEBUG - PROJ_LIB found in environment.
2023-11-09 14:00:15,736 - rasterio._env - DEBUG - Started GDALEnv: self=<rasterio._env.GDALEnv object at 0x7fe0478ef820>.
2023-11-09 14:00:15,736 - rasterio.env - DEBUG - Entered env context: <rasterio.env.Env object at 0x7fe0478ee030>
2023-11-09 14:00:15,737 - rasterio._base - DEBUG - Sharing flag: 0
2023-11-09 14:00:16,018 - rasterio._base - DEBUG - Nodata success: 1, Nodata value: nan
2023-11-09 14:00:16,019 - rasterio._base - DEBUG - Dataset <open DatasetReader name='https://radar.bmkg.go.id/raster/radarsatelit_202311091350.tif' mode='r'> is started.
2023-11-09 14:00:16,020 - rasterio.env - DEBUG - Exiting env context: <rasterio.env.Env object at 0x7fe0478ee030>
2023-11-09 14:00:16,021 - rasterio.env - DEBUG - Cleared existing <rasterio._env.GDALEnv object at 0x7fe0478ef820> options
2023-11-09 14:00:16,021 - rasterio._env - DEBUG - Stopped GDALEnv <rasterio._env.GDALEnv object at 0x7fe0478ef820>.
2023-11-09 14:00:16,021 - rasterio.env - DEBUG - Exiting outermost env
2023-11-09 14:00:16,021 - rasterio.env - DEBUG - Exited env context: <rasterio.env.Env object at 0x7fe0478ee030>
2023-11-09 14:00:16,021 - rasterio.env - DEBUG - Entering env context: <rasterio.env.Env object at 0x7fe04833e900>
2023-11-09 14:00:16,021 - rasterio.env - DEBUG - Starting outermost env
2023-11-09 14:00:16,022 - rasterio.env - DEBUG - No GDAL environment exists
2023-11-09 14:00:16,022 - rasterio.env - DEBUG - New GDAL environment <rasterio._env.GDALEnv object at 0x7fe0478ef820> created
2023-11-09 14:00:16,023 - rasterio._env - DEBUG - GDAL data found in package: path='/home/swx/miniconda3/envs/present_weather/lib/python3.12/site-packages/rasterio/gdal_data'.
2023-11-09 14:00:16,023 - rasterio._env - DEBUG - PROJ_LIB found in environment.
2023-11-09 14:00:16,024 - rasterio._env - DEBUG - Started GDALEnv: self=<rasterio._env.GDALEnv object at 0x7fe0478ef820>.
2023-11-09 14:00:16,024 - rasterio.env - DEBUG - Entered env context: <rasterio.env.Env object at 0x7fe04833e900>
2023-11-09 14:00:16,026 - rasterio.env - DEBUG - Got a copy of environment <rasterio._env.GDALEnv object at 0x7fe0478ef820> options
2023-11-09 14:00:16,027 - rasterio.env - DEBUG - Entering env context: <rasterio.env.Env object at 0x7fe0d5389ac0>
2023-11-09 14:00:16,027 - rasterio.env - DEBUG - Got a copy of environment <rasterio._env.GDALEnv object at 0x7fe0478ef820> options
2023-11-09 14:00:16,027 - rasterio.env - DEBUG - Entered env context: <rasterio.env.Env object at 0x7fe0d5389ac0>
2023-11-09 14:00:16,027 - rasterio._base - DEBUG - Sharing flag: 0
2023-11-09 14:00:16,031 - rasterio._base - DEBUG - Nodata success: 1, Nodata value: nan
2023-11-09 14:00:16,031 - rasterio._base - DEBUG - Dataset <open DatasetReader name='https://radar.bmkg.go.id/raster/radarsatelit_202311091350.tif' mode='r'> is started.
2023-11-09 14:00:16,031 - rasterio.env - DEBUG - Exiting env context: <rasterio.env.Env object at 0x7fe0d5389ac0>
2023-11-09 14:00:16,032 - rasterio.env - DEBUG - Cleared existing <rasterio._env.GDALEnv object at 0x7fe0478ef820> options
2023-11-09 14:00:16,032 - rasterio._env - DEBUG - Stopped GDALEnv <rasterio._env.GDALEnv object at 0x7fe0478ef820>.
2023-11-09 14:00:16,032 - rasterio.env - DEBUG - No GDAL environment exists
2023-11-09 14:00:16,032 - rasterio.env - DEBUG - New GDAL environment <rasterio._env.GDALEnv object at 0x7fe0478ef820> created
2023-11-09 14:00:16,034 - rasterio._env - DEBUG - GDAL data found in package: path='/home/swx/miniconda3/envs/present_weather/lib/python3.12/site-packages/rasterio/gdal_data'.
2023-11-09 14:00:16,034 - rasterio._env - DEBUG - PROJ_LIB found in environment.
2023-11-09 14:00:16,035 - rasterio._env - DEBUG - Started GDALEnv: self=<rasterio._env.GDALEnv object at 0x7fe0478ef820>.
2023-11-09 14:00:16,036 - rasterio.env - DEBUG - Exited env context: <rasterio.env.Env object at 0x7fe0d5389ac0>
2023-11-09 14:00:16,163 - rasterio._io - DEBUG - Output nodata value read from file: nan
2023-11-09 14:00:16,163 - rasterio._io - DEBUG - Output nodata values: [nan]
2023-11-09 14:00:16,164 - rasterio._io - DEBUG - all_valid: False
2023-11-09 14:00:16,165 - rasterio._io - DEBUG - mask_flags: ([<MaskFlags.nodata: 8>],)
2023-11-09 14:00:16,166 - rasterio._io - DEBUG - Jump straight to _read()
2023-11-09 14:00:16,166 - rasterio._io - DEBUG - Window: Window(col_off=0, row_off=0, width=10215, height=3792)
2023-11-09 14:00:16,167 - rasterio._io - DEBUG - IO window xoff=0.0 yoff=0.0 width=10215.0 height=3792.0
2023-11-09 14:00:20,259 - rasterio.env - DEBUG - Exiting env context: <rasterio.env.Env object at 0x7fe04833e900>
2023-11-09 14:00:20,260 - rasterio.env - DEBUG - Cleared existing <rasterio._env.GDALEnv object at 0x7fe0478ef820> options
2023-11-09 14:00:20,264 - rasterio._env - DEBUG - Stopped GDALEnv <rasterio._env.GDALEnv object at 0x7fe0478ef820>.
2023-11-09 14:00:20,266 - rasterio.env - DEBUG - Exiting outermost env
2023-11-09 14:00:20,266 - rasterio.env - DEBUG - Exited env context: <rasterio.env.Env object at 0x7fe04833e900>
2023-11-09 14:00:20,279 - urllib3.connectionpool - DEBUG - Starting new HTTPS connection (1): radar.bmkg.go.id:8060
2023-11-09 14:00:20,604 - urllib3.connectionpool - DEBUG - https://radar.bmkg.go.id:8060 "GET /getLatestLD?typeData=1 HTTP/1.1" 200 29264
2023-11-09 14:00:20,764 - asyncio - DEBUG - Using selector: EpollSelector
2023-11-09 14:00:57,490 - root - INFO - dask.bag<lambda, npartitions=34>
2023-11-09 15:17:34,990 - root - INFO - Total elapsed time: 1:17:19.713889
