2023-11-05 21:20:03,192 - root - INFO - Initiating present weather
2023-11-05 21:20:03,196 - urllib3.connectionpool - DEBUG - Starting new HTTPS connection (1): radar.bmkg.go.id:8060
2023-11-05 21:20:03,265 - urllib3.connectionpool - DEBUG - https://radar.bmkg.go.id:8060 "GET /getRadarGeotif?token=19387e71e78522ae4172ec0fda640983b8438c9cfa0ca571623cb69d8327&radar=amandemenForecast&type=latest HTTP/1.1" 200 90
2023-11-05 21:20:03,268 - rasterio.env - DEBUG - Entering env context: <rasterio.env.Env object at 0x7f7b12959fd0>
2023-11-05 21:20:03,269 - rasterio.env - DEBUG - Starting outermost env
2023-11-05 21:20:03,269 - rasterio.env - DEBUG - No GDAL environment exists
2023-11-05 21:20:03,269 - rasterio.env - DEBUG - New GDAL environment <rasterio._env.GDALEnv object at 0x7f7af8f241f0> created
2023-11-05 21:20:03,273 - rasterio._filepath - DEBUG - Installing FilePath filesystem handler plugin...
2023-11-05 21:20:03,274 - rasterio._env - DEBUG - GDAL data found in package: path='/home/swx/miniconda3/envs/present_weather/lib/python3.12/site-packages/rasterio/gdal_data'.
2023-11-05 21:20:03,274 - rasterio._env - DEBUG - PROJ_LIB found in environment.
2023-11-05 21:20:03,274 - rasterio._env - DEBUG - Started GDALEnv: self=<rasterio._env.GDALEnv object at 0x7f7af8f241f0>.
2023-11-05 21:20:03,274 - rasterio.env - DEBUG - Entered env context: <rasterio.env.Env object at 0x7f7b12959fd0>
2023-11-05 21:20:03,274 - rasterio._base - DEBUG - Sharing flag: 0
2023-11-05 21:20:03,444 - rasterio._base - DEBUG - Nodata success: 1, Nodata value: nan
2023-11-05 21:20:03,444 - rasterio._base - DEBUG - Dataset <open DatasetReader name='https://radar.bmkg.go.id/raster/radarsatelit_202311052100.tif' mode='r'> is started.
2023-11-05 21:20:03,445 - rasterio.env - DEBUG - Exiting env context: <rasterio.env.Env object at 0x7f7b12959fd0>
2023-11-05 21:20:03,445 - rasterio.env - DEBUG - Cleared existing <rasterio._env.GDALEnv object at 0x7f7af8f241f0> options
2023-11-05 21:20:03,445 - rasterio._env - DEBUG - Stopped GDALEnv <rasterio._env.GDALEnv object at 0x7f7af8f241f0>.
2023-11-05 21:20:03,445 - rasterio.env - DEBUG - Exiting outermost env
2023-11-05 21:20:03,446 - rasterio.env - DEBUG - Exited env context: <rasterio.env.Env object at 0x7f7b12959fd0>
2023-11-05 21:20:03,446 - rasterio.env - DEBUG - Entering env context: <rasterio.env.Env object at 0x7f7af8f3cd40>
2023-11-05 21:20:03,446 - rasterio.env - DEBUG - Starting outermost env
2023-11-05 21:20:03,446 - rasterio.env - DEBUG - No GDAL environment exists
2023-11-05 21:20:03,446 - rasterio.env - DEBUG - New GDAL environment <rasterio._env.GDALEnv object at 0x7f7ab75cdcf0> created
2023-11-05 21:20:03,447 - rasterio._env - DEBUG - GDAL data found in package: path='/home/swx/miniconda3/envs/present_weather/lib/python3.12/site-packages/rasterio/gdal_data'.
2023-11-05 21:20:03,447 - rasterio._env - DEBUG - PROJ_LIB found in environment.
2023-11-05 21:20:03,447 - rasterio._env - DEBUG - Started GDALEnv: self=<rasterio._env.GDALEnv object at 0x7f7ab75cdcf0>.
2023-11-05 21:20:03,447 - rasterio.env - DEBUG - Entered env context: <rasterio.env.Env object at 0x7f7af8f3cd40>
2023-11-05 21:20:03,448 - rasterio.env - DEBUG - Got a copy of environment <rasterio._env.GDALEnv object at 0x7f7ab75cdcf0> options
2023-11-05 21:20:03,448 - rasterio.env - DEBUG - Entering env context: <rasterio.env.Env object at 0x7f7b012fa030>
2023-11-05 21:20:03,448 - rasterio.env - DEBUG - Got a copy of environment <rasterio._env.GDALEnv object at 0x7f7ab75cdcf0> options
2023-11-05 21:20:03,448 - rasterio.env - DEBUG - Entered env context: <rasterio.env.Env object at 0x7f7b012fa030>
2023-11-05 21:20:03,448 - rasterio._base - DEBUG - Sharing flag: 0
2023-11-05 21:20:03,449 - rasterio._base - DEBUG - Nodata success: 1, Nodata value: nan
2023-11-05 21:20:03,450 - rasterio._base - DEBUG - Dataset <open DatasetReader name='https://radar.bmkg.go.id/raster/radarsatelit_202311052100.tif' mode='r'> is started.
2023-11-05 21:20:03,450 - rasterio.env - DEBUG - Exiting env context: <rasterio.env.Env object at 0x7f7b012fa030>
2023-11-05 21:20:03,450 - rasterio.env - DEBUG - Cleared existing <rasterio._env.GDALEnv object at 0x7f7ab75cdcf0> options
2023-11-05 21:20:03,450 - rasterio._env - DEBUG - Stopped GDALEnv <rasterio._env.GDALEnv object at 0x7f7ab75cdcf0>.
2023-11-05 21:20:03,450 - rasterio.env - DEBUG - No GDAL environment exists
2023-11-05 21:20:03,450 - rasterio.env - DEBUG - New GDAL environment <rasterio._env.GDALEnv object at 0x7f7ab75cdcf0> created
2023-11-05 21:20:03,451 - rasterio._env - DEBUG - GDAL data found in package: path='/home/swx/miniconda3/envs/present_weather/lib/python3.12/site-packages/rasterio/gdal_data'.
2023-11-05 21:20:03,451 - rasterio._env - DEBUG - PROJ_LIB found in environment.
2023-11-05 21:20:03,451 - rasterio._env - DEBUG - Started GDALEnv: self=<rasterio._env.GDALEnv object at 0x7f7ab75cdcf0>.
2023-11-05 21:20:03,451 - rasterio.env - DEBUG - Exited env context: <rasterio.env.Env object at 0x7f7b012fa030>
2023-11-05 21:20:03,483 - rasterio._io - DEBUG - Output nodata value read from file: nan
2023-11-05 21:20:03,483 - rasterio._io - DEBUG - Output nodata values: [nan]
2023-11-05 21:20:03,484 - rasterio._io - DEBUG - all_valid: False
2023-11-05 21:20:03,484 - rasterio._io - DEBUG - mask_flags: ([<MaskFlags.nodata: 8>],)
2023-11-05 21:20:03,484 - rasterio._io - DEBUG - Jump straight to _read()
2023-11-05 21:20:03,484 - rasterio._io - DEBUG - Window: Window(col_off=0, row_off=0, width=10215, height=3792)
2023-11-05 21:20:03,485 - rasterio._io - DEBUG - IO window xoff=0.0 yoff=0.0 width=10215.0 height=3792.0
2023-11-05 21:20:04,143 - rasterio.env - DEBUG - Exiting env context: <rasterio.env.Env object at 0x7f7af8f3cd40>
2023-11-05 21:20:04,143 - rasterio.env - DEBUG - Cleared existing <rasterio._env.GDALEnv object at 0x7f7ab75cdcf0> options
2023-11-05 21:20:04,143 - rasterio._env - DEBUG - Stopped GDALEnv <rasterio._env.GDALEnv object at 0x7f7ab75cdcf0>.
2023-11-05 21:20:04,143 - rasterio.env - DEBUG - Exiting outermost env
2023-11-05 21:20:04,143 - rasterio.env - DEBUG - Exited env context: <rasterio.env.Env object at 0x7f7af8f3cd40>
2023-11-05 21:20:04,146 - urllib3.connectionpool - DEBUG - Starting new HTTPS connection (1): radar.bmkg.go.id:8060
2023-11-05 21:20:04,248 - urllib3.connectionpool - DEBUG - https://radar.bmkg.go.id:8060 "GET /getLatestLD?typeData=1 HTTP/1.1" 200 48524
2023-11-05 21:20:04,293 - asyncio - DEBUG - Using selector: EpollSelector
2023-11-05 21:36:33,597 - root - INFO - Total elapsed time: 0:16:30.405938
