2023-11-22 21:23:03,233 - root - INFO - Initiating present weather
2023-11-22 21:23:03,234 - asyncio - DEBUG - Using selector: EpollSelector
2023-11-22 21:23:06,568 - urllib3.connectionpool - DEBUG - Starting new HTTPS connection (1): radar.bmkg.go.id:8060
2023-11-22 21:23:06,644 - urllib3.connectionpool - DEBUG - https://radar.bmkg.go.id:8060 "GET /getRadarGeotif?token=19387e71e78522ae4172ec0fda640983b8438c9cfa0ca571623cb69d8327&radar=amandemenForecast&type=latest HTTP/1.1" 200 90
2023-11-22 21:23:06,648 - rasterio.env - DEBUG - Entering env context: <rasterio.env.Env object at 0x7fb92487fc80>
2023-11-22 21:23:06,650 - rasterio.env - DEBUG - Starting outermost env
2023-11-22 21:23:06,650 - rasterio.env - DEBUG - No GDAL environment exists
2023-11-22 21:23:06,650 - rasterio.env - DEBUG - New GDAL environment <rasterio._env.GDALEnv object at 0x7fb924ad00a0> created
2023-11-22 21:23:06,654 - rasterio._filepath - DEBUG - Installing FilePath filesystem handler plugin...
2023-11-22 21:23:06,654 - rasterio._env - DEBUG - GDAL data found in package: path='/home/swx/miniconda3/envs/present_weather/lib/python3.12/site-packages/rasterio/gdal_data'.
2023-11-22 21:23:06,654 - rasterio._env - DEBUG - PROJ_LIB found in environment.
2023-11-22 21:23:06,655 - rasterio._env - DEBUG - Started GDALEnv: self=<rasterio._env.GDALEnv object at 0x7fb924ad00a0>.
2023-11-22 21:23:06,655 - rasterio.env - DEBUG - Entered env context: <rasterio.env.Env object at 0x7fb92487fc80>
2023-11-22 21:23:06,655 - rasterio._base - DEBUG - Sharing flag: 0
2023-11-22 21:23:06,868 - rasterio._base - DEBUG - Nodata success: 1, Nodata value: nan
2023-11-22 21:23:06,868 - rasterio._base - DEBUG - Dataset <open DatasetReader name='https://radar.bmkg.go.id/raster/radarsatelit_202311222120.tif' mode='r'> is started.
2023-11-22 21:23:06,869 - rasterio.env - DEBUG - Exiting env context: <rasterio.env.Env object at 0x7fb92487fc80>
2023-11-22 21:23:06,870 - rasterio.env - DEBUG - Cleared existing <rasterio._env.GDALEnv object at 0x7fb924ad00a0> options
2023-11-22 21:23:06,871 - rasterio._env - DEBUG - Stopped GDALEnv <rasterio._env.GDALEnv object at 0x7fb924ad00a0>.
2023-11-22 21:23:06,871 - rasterio.env - DEBUG - Exiting outermost env
2023-11-22 21:23:06,871 - rasterio.env - DEBUG - Exited env context: <rasterio.env.Env object at 0x7fb92487fc80>
2023-11-22 21:23:06,871 - rasterio.env - DEBUG - Entering env context: <rasterio.env.Env object at 0x7fb924b1f920>
2023-11-22 21:23:06,871 - rasterio.env - DEBUG - Starting outermost env
2023-11-22 21:23:06,871 - rasterio.env - DEBUG - No GDAL environment exists
2023-11-22 21:23:06,872 - rasterio.env - DEBUG - New GDAL environment <rasterio._env.GDALEnv object at 0x7fb924ad00a0> created
2023-11-22 21:23:06,872 - rasterio._env - DEBUG - GDAL data found in package: path='/home/swx/miniconda3/envs/present_weather/lib/python3.12/site-packages/rasterio/gdal_data'.
2023-11-22 21:23:06,872 - rasterio._env - DEBUG - PROJ_LIB found in environment.
2023-11-22 21:23:06,873 - rasterio._env - DEBUG - Started GDALEnv: self=<rasterio._env.GDALEnv object at 0x7fb924ad00a0>.
2023-11-22 21:23:06,873 - rasterio.env - DEBUG - Entered env context: <rasterio.env.Env object at 0x7fb924b1f920>
2023-11-22 21:23:06,873 - rasterio.env - DEBUG - Got a copy of environment <rasterio._env.GDALEnv object at 0x7fb924ad00a0> options
2023-11-22 21:23:06,873 - rasterio.env - DEBUG - Entering env context: <rasterio.env.Env object at 0x7fb924a4d3d0>
2023-11-22 21:23:06,873 - rasterio.env - DEBUG - Got a copy of environment <rasterio._env.GDALEnv object at 0x7fb924ad00a0> options
2023-11-22 21:23:06,874 - rasterio.env - DEBUG - Entered env context: <rasterio.env.Env object at 0x7fb924a4d3d0>
2023-11-22 21:23:06,874 - rasterio._base - DEBUG - Sharing flag: 0
2023-11-22 21:23:06,875 - rasterio._base - DEBUG - Nodata success: 1, Nodata value: nan
2023-11-22 21:23:06,875 - rasterio._base - DEBUG - Dataset <open DatasetReader name='https://radar.bmkg.go.id/raster/radarsatelit_202311222120.tif' mode='r'> is started.
2023-11-22 21:23:06,875 - rasterio.env - DEBUG - Exiting env context: <rasterio.env.Env object at 0x7fb924a4d3d0>
2023-11-22 21:23:06,875 - rasterio.env - DEBUG - Cleared existing <rasterio._env.GDALEnv object at 0x7fb924ad00a0> options
2023-11-22 21:23:06,875 - rasterio._env - DEBUG - Stopped GDALEnv <rasterio._env.GDALEnv object at 0x7fb924ad00a0>.
2023-11-22 21:23:06,876 - rasterio.env - DEBUG - No GDAL environment exists
2023-11-22 21:23:06,876 - rasterio.env - DEBUG - New GDAL environment <rasterio._env.GDALEnv object at 0x7fb924ad00a0> created
2023-11-22 21:23:06,876 - rasterio._env - DEBUG - GDAL data found in package: path='/home/swx/miniconda3/envs/present_weather/lib/python3.12/site-packages/rasterio/gdal_data'.
2023-11-22 21:23:06,876 - rasterio._env - DEBUG - PROJ_LIB found in environment.
2023-11-22 21:23:06,877 - rasterio._env - DEBUG - Started GDALEnv: self=<rasterio._env.GDALEnv object at 0x7fb924ad00a0>.
2023-11-22 21:23:06,877 - rasterio.env - DEBUG - Exited env context: <rasterio.env.Env object at 0x7fb924a4d3d0>
2023-11-22 21:23:06,904 - rasterio._io - DEBUG - Output nodata value read from file: nan
2023-11-22 21:23:06,904 - rasterio._io - DEBUG - Output nodata values: [nan]
2023-11-22 21:23:06,904 - rasterio._io - DEBUG - all_valid: False
2023-11-22 21:23:06,904 - rasterio._io - DEBUG - mask_flags: ([<MaskFlags.nodata: 8>],)
2023-11-22 21:23:06,905 - rasterio._io - DEBUG - Jump straight to _read()
2023-11-22 21:23:06,905 - rasterio._io - DEBUG - Window: Window(col_off=0, row_off=0, width=10215, height=3792)
2023-11-22 21:23:06,905 - rasterio._io - DEBUG - IO window xoff=0.0 yoff=0.0 width=10215.0 height=3792.0
2023-11-22 21:23:07,610 - rasterio.env - DEBUG - Exiting env context: <rasterio.env.Env object at 0x7fb924b1f920>
2023-11-22 21:23:07,610 - rasterio.env - DEBUG - Cleared existing <rasterio._env.GDALEnv object at 0x7fb924ad00a0> options
2023-11-22 21:23:07,610 - rasterio._env - DEBUG - Stopped GDALEnv <rasterio._env.GDALEnv object at 0x7fb924ad00a0>.
2023-11-22 21:23:07,610 - rasterio.env - DEBUG - Exiting outermost env
2023-11-22 21:23:07,610 - rasterio.env - DEBUG - Exited env context: <rasterio.env.Env object at 0x7fb924b1f920>
2023-11-22 21:23:07,612 - urllib3.connectionpool - DEBUG - Starting new HTTPS connection (1): radar.bmkg.go.id:8060
2023-11-22 21:23:12,752 - urllib3.connectionpool - DEBUG - https://radar.bmkg.go.id:8060 "GET /getLatestLD?typeData=1 HTTP/1.1" 200 284964
2023-11-22 21:23:16,192 - root - INFO - dask.bag<lambda, npartitions=34>
2023-11-22 21:32:25,386 - root - INFO - Total elapsed time: 0:09:22.153080
