2023-12-05 19:53:02,201 - root - INFO - Initiating present weather
2023-12-05 19:53:02,202 - asyncio - DEBUG - Using selector: EpollSelector
2023-12-05 19:53:03,810 - urllib3.connectionpool - DEBUG - Starting new HTTPS connection (1): radar.bmkg.go.id:8060
2023-12-05 19:53:03,823 - urllib3.connectionpool - DEBUG - https://radar.bmkg.go.id:8060 "GET /getLatestLD?typeData=1 HTTP/1.1" 200 62
2023-12-05 19:53:03,826 - urllib3.connectionpool - DEBUG - Starting new HTTPS connection (1): radar.bmkg.go.id:8060
2023-12-05 19:53:03,848 - urllib3.connectionpool - DEBUG - https://radar.bmkg.go.id:8060 "GET /getRadarGeotif?token=19387e71e78522ae4172ec0fda640983b8438c9cfa0ca571623cb69d8327&radar=amandemenForecast&type=latest HTTP/1.1" 200 90
2023-12-05 19:53:03,849 - rasterio.env - DEBUG - Entering env context: <rasterio.env.Env object at 0x7f23cef12ef0>
2023-12-05 19:53:03,850 - rasterio.env - DEBUG - Starting outermost env
2023-12-05 19:53:03,850 - rasterio.env - DEBUG - No GDAL environment exists
2023-12-05 19:53:03,850 - rasterio.env - DEBUG - New GDAL environment <rasterio._env.GDALEnv object at 0x7f23cef12d40> created
2023-12-05 19:53:03,852 - rasterio._filepath - DEBUG - Installing FilePath filesystem handler plugin...
2023-12-05 19:53:03,853 - rasterio._env - DEBUG - GDAL data found in package: path='/home/metpublic/PYTHON_VENV/present_weather/lib/python3.10/site-packages/rasterio/gdal_data'.
2023-12-05 19:53:03,853 - rasterio._env - DEBUG - PROJ data found in package: path='/home/metpublic/PYTHON_VENV/present_weather/lib/python3.10/site-packages/rasterio/proj_data'.
2023-12-05 19:53:03,853 - rasterio._env - DEBUG - Started GDALEnv: self=<rasterio._env.GDALEnv object at 0x7f23cef12d40>.
2023-12-05 19:53:03,853 - rasterio.env - DEBUG - Entered env context: <rasterio.env.Env object at 0x7f23cef12ef0>
2023-12-05 19:53:03,853 - rasterio._base - DEBUG - Sharing flag: 0
2023-12-05 19:53:04,083 - rasterio._base - DEBUG - Nodata success: 1, Nodata value: nan
2023-12-05 19:53:04,084 - rasterio._base - DEBUG - Dataset <open DatasetReader name='https://radar.bmkg.go.id/raster/radarsatelit_202312051950.tif' mode='r'> is started.
2023-12-05 19:53:04,084 - rasterio.env - DEBUG - Exiting env context: <rasterio.env.Env object at 0x7f23cef12ef0>
2023-12-05 19:53:04,084 - rasterio.env - DEBUG - Cleared existing <rasterio._env.GDALEnv object at 0x7f23cef12d40> options
2023-12-05 19:53:04,084 - rasterio._env - DEBUG - Stopped GDALEnv <rasterio._env.GDALEnv object at 0x7f23cef12d40>.
2023-12-05 19:53:04,085 - rasterio.env - DEBUG - Exiting outermost env
2023-12-05 19:53:04,085 - rasterio.env - DEBUG - Exited env context: <rasterio.env.Env object at 0x7f23cef12ef0>
2023-12-05 19:53:04,085 - rasterio.env - DEBUG - Entering env context: <rasterio.env.Env object at 0x7f23ce5a0ac0>
2023-12-05 19:53:04,085 - rasterio.env - DEBUG - Starting outermost env
2023-12-05 19:53:04,085 - rasterio.env - DEBUG - No GDAL environment exists
2023-12-05 19:53:04,085 - rasterio.env - DEBUG - New GDAL environment <rasterio._env.GDALEnv object at 0x7f23cef12d40> created
2023-12-05 19:53:04,085 - rasterio._env - DEBUG - GDAL data found in package: path='/home/metpublic/PYTHON_VENV/present_weather/lib/python3.10/site-packages/rasterio/gdal_data'.
2023-12-05 19:53:04,085 - rasterio._env - DEBUG - PROJ data found in package: path='/home/metpublic/PYTHON_VENV/present_weather/lib/python3.10/site-packages/rasterio/proj_data'.
2023-12-05 19:53:04,086 - rasterio._env - DEBUG - Started GDALEnv: self=<rasterio._env.GDALEnv object at 0x7f23cef12d40>.
2023-12-05 19:53:04,086 - rasterio.env - DEBUG - Entered env context: <rasterio.env.Env object at 0x7f23ce5a0ac0>
2023-12-05 19:53:04,086 - rasterio.env - DEBUG - Got a copy of environment <rasterio._env.GDALEnv object at 0x7f23cef12d40> options
2023-12-05 19:53:04,086 - rasterio.env - DEBUG - Entering env context: <rasterio.env.Env object at 0x7f23cc4aa080>
2023-12-05 19:53:04,086 - rasterio.env - DEBUG - Got a copy of environment <rasterio._env.GDALEnv object at 0x7f23cef12d40> options
2023-12-05 19:53:04,086 - rasterio.env - DEBUG - Entered env context: <rasterio.env.Env object at 0x7f23cc4aa080>
2023-12-05 19:53:04,086 - rasterio._base - DEBUG - Sharing flag: 0
2023-12-05 19:53:04,087 - rasterio._base - DEBUG - Nodata success: 1, Nodata value: nan
2023-12-05 19:53:04,088 - rasterio._base - DEBUG - Dataset <open DatasetReader name='https://radar.bmkg.go.id/raster/radarsatelit_202312051950.tif' mode='r'> is started.
2023-12-05 19:53:04,088 - rasterio.env - DEBUG - Exiting env context: <rasterio.env.Env object at 0x7f23cc4aa080>
2023-12-05 19:53:04,088 - rasterio.env - DEBUG - Cleared existing <rasterio._env.GDALEnv object at 0x7f23cef12d40> options
2023-12-05 19:53:04,088 - rasterio._env - DEBUG - Stopped GDALEnv <rasterio._env.GDALEnv object at 0x7f23cef12d40>.
2023-12-05 19:53:04,088 - rasterio.env - DEBUG - No GDAL environment exists
2023-12-05 19:53:04,088 - rasterio.env - DEBUG - New GDAL environment <rasterio._env.GDALEnv object at 0x7f23cef12d40> created
2023-12-05 19:53:04,088 - rasterio._env - DEBUG - GDAL data found in package: path='/home/metpublic/PYTHON_VENV/present_weather/lib/python3.10/site-packages/rasterio/gdal_data'.
2023-12-05 19:53:04,088 - rasterio._env - DEBUG - PROJ data found in package: path='/home/metpublic/PYTHON_VENV/present_weather/lib/python3.10/site-packages/rasterio/proj_data'.
2023-12-05 19:53:04,088 - rasterio._env - DEBUG - Started GDALEnv: self=<rasterio._env.GDALEnv object at 0x7f23cef12d40>.
2023-12-05 19:53:04,088 - rasterio.env - DEBUG - Exited env context: <rasterio.env.Env object at 0x7f23cc4aa080>
2023-12-05 19:53:04,105 - rasterio._io - DEBUG - Output nodata value read from file: nan
2023-12-05 19:53:04,105 - rasterio._io - DEBUG - Output nodata values: [nan]
2023-12-05 19:53:04,105 - rasterio._io - DEBUG - all_valid: False
2023-12-05 19:53:04,105 - rasterio._io - DEBUG - mask_flags: ([<MaskFlags.nodata: 8>],)
2023-12-05 19:53:04,105 - rasterio._io - DEBUG - Jump straight to _read()
2023-12-05 19:53:04,105 - rasterio._io - DEBUG - Window: Window(col_off=0, row_off=0, width=10177, height=3732)
2023-12-05 19:53:04,106 - rasterio._io - DEBUG - IO window xoff=0.0 yoff=0.0 width=10177.0 height=3732.0
2023-12-05 19:53:04,643 - rasterio.env - DEBUG - Exiting env context: <rasterio.env.Env object at 0x7f23ce5a0ac0>
2023-12-05 19:53:04,644 - rasterio.env - DEBUG - Cleared existing <rasterio._env.GDALEnv object at 0x7f23cef12d40> options
2023-12-05 19:53:04,644 - rasterio._env - DEBUG - Stopped GDALEnv <rasterio._env.GDALEnv object at 0x7f23cef12d40>.
2023-12-05 19:53:04,644 - rasterio.env - DEBUG - Exiting outermost env
2023-12-05 19:53:04,644 - rasterio.env - DEBUG - Exited env context: <rasterio.env.Env object at 0x7f23ce5a0ac0>
2023-12-05 19:57:51,060 - rasterio.env - DEBUG - Entering env context: <rasterio.env.Env object at 0x7f23cc18db10>
2023-12-05 19:57:51,060 - rasterio.env - DEBUG - Starting outermost env
2023-12-05 19:57:51,061 - rasterio.env - DEBUG - No GDAL environment exists
2023-12-05 19:57:51,061 - rasterio.env - DEBUG - New GDAL environment <rasterio._env.GDALEnv object at 0x7f23cc18dbd0> created
2023-12-05 19:57:51,061 - rasterio._env - DEBUG - GDAL data found in package: path='/home/metpublic/PYTHON_VENV/present_weather/lib/python3.10/site-packages/rasterio/gdal_data'.
2023-12-05 19:57:51,061 - rasterio._env - DEBUG - PROJ data found in package: path='/home/metpublic/PYTHON_VENV/present_weather/lib/python3.10/site-packages/rasterio/proj_data'.
2023-12-05 19:57:51,062 - rasterio._env - DEBUG - Started GDALEnv: self=<rasterio._env.GDALEnv object at 0x7f23cc18dbd0>.
2023-12-05 19:57:51,062 - rasterio.env - DEBUG - Entered env context: <rasterio.env.Env object at 0x7f23cc18db10>
2023-12-05 19:57:51,062 - rasterio._base - DEBUG - Sharing flag: 0
2023-12-05 19:57:51,063 - rasterio._base - DEBUG - Nodata success: 0, Nodata value: 0.000000
2023-12-05 19:57:51,064 - rasterio._base - DEBUG - Dataset <open DatasetReader name='/home/metpublic/TASK_RELEASE/EFAN/present_weather/src/H09_B13_Indonesia_20231205.Z1940.cor.tiff' mode='r'> is started.
2023-12-05 19:57:51,064 - rasterio.env - DEBUG - Exiting env context: <rasterio.env.Env object at 0x7f23cc18db10>
2023-12-05 19:57:51,064 - rasterio.env - DEBUG - Cleared existing <rasterio._env.GDALEnv object at 0x7f23cc18dbd0> options
2023-12-05 19:57:51,064 - rasterio._env - DEBUG - Stopped GDALEnv <rasterio._env.GDALEnv object at 0x7f23cc18dbd0>.
2023-12-05 19:57:51,064 - rasterio.env - DEBUG - Exiting outermost env
2023-12-05 19:57:51,064 - rasterio.env - DEBUG - Exited env context: <rasterio.env.Env object at 0x7f23cc18db10>
2023-12-05 19:57:51,065 - rasterio.env - DEBUG - Entering env context: <rasterio.env.Env object at 0x7f23cc2aabf0>
2023-12-05 19:57:51,065 - rasterio.env - DEBUG - Starting outermost env
2023-12-05 19:57:51,065 - rasterio.env - DEBUG - No GDAL environment exists
2023-12-05 19:57:51,065 - rasterio.env - DEBUG - New GDAL environment <rasterio._env.GDALEnv object at 0x7f23cc2a9930> created
2023-12-05 19:57:51,065 - rasterio._env - DEBUG - GDAL data found in package: path='/home/metpublic/PYTHON_VENV/present_weather/lib/python3.10/site-packages/rasterio/gdal_data'.
2023-12-05 19:57:51,065 - rasterio._env - DEBUG - PROJ data found in package: path='/home/metpublic/PYTHON_VENV/present_weather/lib/python3.10/site-packages/rasterio/proj_data'.
2023-12-05 19:57:51,066 - rasterio._env - DEBUG - Started GDALEnv: self=<rasterio._env.GDALEnv object at 0x7f23cc2a9930>.
2023-12-05 19:57:51,066 - rasterio.env - DEBUG - Entered env context: <rasterio.env.Env object at 0x7f23cc2aabf0>
2023-12-05 19:57:51,066 - rasterio._base - DEBUG - Sharing flag: 0
2023-12-05 19:57:51,067 - rasterio._base - DEBUG - Nodata success: 0, Nodata value: 0.000000
2023-12-05 19:57:51,067 - rasterio._base - DEBUG - Dataset <open DatasetReader name='/home/metpublic/TASK_RELEASE/EFAN/present_weather/src/H09_B13_Indonesia_20231205.Z1940.cor.tiff' mode='r'> is started.
2023-12-05 19:57:51,067 - rasterio.env - DEBUG - Exiting env context: <rasterio.env.Env object at 0x7f23cc2aabf0>
2023-12-05 19:57:51,067 - rasterio.env - DEBUG - Cleared existing <rasterio._env.GDALEnv object at 0x7f23cc2a9930> options
2023-12-05 19:57:51,067 - rasterio._env - DEBUG - Stopped GDALEnv <rasterio._env.GDALEnv object at 0x7f23cc2a9930>.
2023-12-05 19:57:51,067 - rasterio.env - DEBUG - Exiting outermost env
2023-12-05 19:57:51,067 - rasterio.env - DEBUG - Exited env context: <rasterio.env.Env object at 0x7f23cc2aabf0>
2023-12-05 19:57:51,080 - root - INFO - Generating present weather using SATELITE data
2023-12-05 19:59:06,189 - root - INFO - Total elapsed time: 0:06:03.989210
