2023-12-05 22:43:02,157 - root - INFO - Initiating present weather
2023-12-05 22:43:02,159 - asyncio - DEBUG - Using selector: EpollSelector
2023-12-05 22:43:03,679 - urllib3.connectionpool - DEBUG - Starting new HTTPS connection (1): radar.bmkg.go.id:8060
2023-12-05 22:43:03,694 - urllib3.connectionpool - DEBUG - https://radar.bmkg.go.id:8060 "GET /getLatestLD?typeData=1 HTTP/1.1" 200 62
2023-12-05 22:43:03,696 - urllib3.connectionpool - DEBUG - Starting new HTTPS connection (1): radar.bmkg.go.id:8060
2023-12-05 22:43:03,715 - urllib3.connectionpool - DEBUG - https://radar.bmkg.go.id:8060 "GET /getRadarGeotif?token=19387e71e78522ae4172ec0fda640983b8438c9cfa0ca571623cb69d8327&radar=amandemenForecast&type=latest HTTP/1.1" 200 90
2023-12-05 22:43:03,716 - rasterio.env - DEBUG - Entering env context: <rasterio.env.Env object at 0x7f64ab56fca0>
2023-12-05 22:43:03,716 - rasterio.env - DEBUG - Starting outermost env
2023-12-05 22:43:03,716 - rasterio.env - DEBUG - No GDAL environment exists
2023-12-05 22:43:03,716 - rasterio.env - DEBUG - New GDAL environment <rasterio._env.GDALEnv object at 0x7f64ab56f610> created
2023-12-05 22:43:03,719 - rasterio._filepath - DEBUG - Installing FilePath filesystem handler plugin...
2023-12-05 22:43:03,719 - rasterio._env - DEBUG - GDAL data found in package: path='/home/metpublic/PYTHON_VENV/present_weather/lib/python3.10/site-packages/rasterio/gdal_data'.
2023-12-05 22:43:03,719 - rasterio._env - DEBUG - PROJ data found in package: path='/home/metpublic/PYTHON_VENV/present_weather/lib/python3.10/site-packages/rasterio/proj_data'.
2023-12-05 22:43:03,719 - rasterio._env - DEBUG - Started GDALEnv: self=<rasterio._env.GDALEnv object at 0x7f64ab56f610>.
2023-12-05 22:43:03,720 - rasterio.env - DEBUG - Entered env context: <rasterio.env.Env object at 0x7f64ab56fca0>
2023-12-05 22:43:03,720 - rasterio._base - DEBUG - Sharing flag: 0
2023-12-05 22:43:03,958 - rasterio._base - DEBUG - Nodata success: 1, Nodata value: nan
2023-12-05 22:43:03,958 - rasterio._base - DEBUG - Dataset <open DatasetReader name='https://radar.bmkg.go.id/raster/radarsatelit_202312052200.tif' mode='r'> is started.
2023-12-05 22:43:03,959 - rasterio.env - DEBUG - Exiting env context: <rasterio.env.Env object at 0x7f64ab56fca0>
2023-12-05 22:43:03,959 - rasterio.env - DEBUG - Cleared existing <rasterio._env.GDALEnv object at 0x7f64ab56f610> options
2023-12-05 22:43:03,959 - rasterio._env - DEBUG - Stopped GDALEnv <rasterio._env.GDALEnv object at 0x7f64ab56f610>.
2023-12-05 22:43:03,959 - rasterio.env - DEBUG - Exiting outermost env
2023-12-05 22:43:03,959 - rasterio.env - DEBUG - Exited env context: <rasterio.env.Env object at 0x7f64ab56fca0>
2023-12-05 22:43:03,959 - rasterio.env - DEBUG - Entering env context: <rasterio.env.Env object at 0x7f64ab52c760>
2023-12-05 22:43:03,959 - rasterio.env - DEBUG - Starting outermost env
2023-12-05 22:43:03,959 - rasterio.env - DEBUG - No GDAL environment exists
2023-12-05 22:43:03,959 - rasterio.env - DEBUG - New GDAL environment <rasterio._env.GDALEnv object at 0x7f64ab56f610> created
2023-12-05 22:43:03,960 - rasterio._env - DEBUG - GDAL data found in package: path='/home/metpublic/PYTHON_VENV/present_weather/lib/python3.10/site-packages/rasterio/gdal_data'.
2023-12-05 22:43:03,960 - rasterio._env - DEBUG - PROJ data found in package: path='/home/metpublic/PYTHON_VENV/present_weather/lib/python3.10/site-packages/rasterio/proj_data'.
2023-12-05 22:43:03,960 - rasterio._env - DEBUG - Started GDALEnv: self=<rasterio._env.GDALEnv object at 0x7f64ab56f610>.
2023-12-05 22:43:03,960 - rasterio.env - DEBUG - Entered env context: <rasterio.env.Env object at 0x7f64ab52c760>
2023-12-05 22:43:03,960 - rasterio.env - DEBUG - Got a copy of environment <rasterio._env.GDALEnv object at 0x7f64ab56f610> options
2023-12-05 22:43:03,960 - rasterio.env - DEBUG - Entering env context: <rasterio.env.Env object at 0x7f64a832a140>
2023-12-05 22:43:03,960 - rasterio.env - DEBUG - Got a copy of environment <rasterio._env.GDALEnv object at 0x7f64ab56f610> options
2023-12-05 22:43:03,961 - rasterio.env - DEBUG - Entered env context: <rasterio.env.Env object at 0x7f64a832a140>
2023-12-05 22:43:03,961 - rasterio._base - DEBUG - Sharing flag: 0
2023-12-05 22:43:03,962 - rasterio._base - DEBUG - Nodata success: 1, Nodata value: nan
2023-12-05 22:43:03,962 - rasterio._base - DEBUG - Dataset <open DatasetReader name='https://radar.bmkg.go.id/raster/radarsatelit_202312052200.tif' mode='r'> is started.
2023-12-05 22:43:03,962 - rasterio.env - DEBUG - Exiting env context: <rasterio.env.Env object at 0x7f64a832a140>
2023-12-05 22:43:03,962 - rasterio.env - DEBUG - Cleared existing <rasterio._env.GDALEnv object at 0x7f64ab56f610> options
2023-12-05 22:43:03,962 - rasterio._env - DEBUG - Stopped GDALEnv <rasterio._env.GDALEnv object at 0x7f64ab56f610>.
2023-12-05 22:43:03,962 - rasterio.env - DEBUG - No GDAL environment exists
2023-12-05 22:43:03,962 - rasterio.env - DEBUG - New GDAL environment <rasterio._env.GDALEnv object at 0x7f64ab56f610> created
2023-12-05 22:43:03,962 - rasterio._env - DEBUG - GDAL data found in package: path='/home/metpublic/PYTHON_VENV/present_weather/lib/python3.10/site-packages/rasterio/gdal_data'.
2023-12-05 22:43:03,962 - rasterio._env - DEBUG - PROJ data found in package: path='/home/metpublic/PYTHON_VENV/present_weather/lib/python3.10/site-packages/rasterio/proj_data'.
2023-12-05 22:43:03,963 - rasterio._env - DEBUG - Started GDALEnv: self=<rasterio._env.GDALEnv object at 0x7f64ab56f610>.
2023-12-05 22:43:03,963 - rasterio.env - DEBUG - Exited env context: <rasterio.env.Env object at 0x7f64a832a140>
2023-12-05 22:43:03,979 - rasterio._io - DEBUG - Output nodata value read from file: nan
2023-12-05 22:43:03,979 - rasterio._io - DEBUG - Output nodata values: [nan]
2023-12-05 22:43:03,980 - rasterio._io - DEBUG - all_valid: False
2023-12-05 22:43:03,980 - rasterio._io - DEBUG - mask_flags: ([<MaskFlags.nodata: 8>],)
2023-12-05 22:43:03,980 - rasterio._io - DEBUG - Jump straight to _read()
2023-12-05 22:43:03,980 - rasterio._io - DEBUG - Window: Window(col_off=0, row_off=0, width=10177, height=3732)
2023-12-05 22:43:03,981 - rasterio._io - DEBUG - IO window xoff=0.0 yoff=0.0 width=10177.0 height=3732.0
2023-12-05 22:43:04,533 - rasterio.env - DEBUG - Exiting env context: <rasterio.env.Env object at 0x7f64ab52c760>
2023-12-05 22:43:04,533 - rasterio.env - DEBUG - Cleared existing <rasterio._env.GDALEnv object at 0x7f64ab56f610> options
2023-12-05 22:43:04,533 - rasterio._env - DEBUG - Stopped GDALEnv <rasterio._env.GDALEnv object at 0x7f64ab56f610>.
2023-12-05 22:43:04,533 - rasterio.env - DEBUG - Exiting outermost env
2023-12-05 22:43:04,533 - rasterio.env - DEBUG - Exited env context: <rasterio.env.Env object at 0x7f64ab52c760>
2023-12-05 22:46:57,705 - rasterio.env - DEBUG - Entering env context: <rasterio.env.Env object at 0x7f64a8236560>
2023-12-05 22:46:57,705 - rasterio.env - DEBUG - Starting outermost env
2023-12-05 22:46:57,705 - rasterio.env - DEBUG - No GDAL environment exists
2023-12-05 22:46:57,705 - rasterio.env - DEBUG - New GDAL environment <rasterio._env.GDALEnv object at 0x7f64a8235f60> created
2023-12-05 22:46:57,706 - rasterio._env - DEBUG - GDAL data found in package: path='/home/metpublic/PYTHON_VENV/present_weather/lib/python3.10/site-packages/rasterio/gdal_data'.
2023-12-05 22:46:57,706 - rasterio._env - DEBUG - PROJ data found in package: path='/home/metpublic/PYTHON_VENV/present_weather/lib/python3.10/site-packages/rasterio/proj_data'.
2023-12-05 22:46:57,707 - rasterio._env - DEBUG - Started GDALEnv: self=<rasterio._env.GDALEnv object at 0x7f64a8235f60>.
2023-12-05 22:46:57,707 - rasterio.env - DEBUG - Entered env context: <rasterio.env.Env object at 0x7f64a8236560>
2023-12-05 22:46:57,707 - rasterio._base - DEBUG - Sharing flag: 0
2023-12-05 22:46:57,708 - rasterio._base - DEBUG - Nodata success: 0, Nodata value: 0.000000
2023-12-05 22:46:57,708 - rasterio._base - DEBUG - Dataset <open DatasetReader name='/home/metpublic/TASK_RELEASE/EFAN/present_weather/src/H09_B13_Indonesia_20231205.Z2210.cor.tiff' mode='r'> is started.
2023-12-05 22:46:57,708 - rasterio.env - DEBUG - Exiting env context: <rasterio.env.Env object at 0x7f64a8236560>
2023-12-05 22:46:57,708 - rasterio.env - DEBUG - Cleared existing <rasterio._env.GDALEnv object at 0x7f64a8235f60> options
2023-12-05 22:46:57,708 - rasterio._env - DEBUG - Stopped GDALEnv <rasterio._env.GDALEnv object at 0x7f64a8235f60>.
2023-12-05 22:46:57,708 - rasterio.env - DEBUG - Exiting outermost env
2023-12-05 22:46:57,708 - rasterio.env - DEBUG - Exited env context: <rasterio.env.Env object at 0x7f64a8236560>
2023-12-05 22:46:57,709 - rasterio.env - DEBUG - Entering env context: <rasterio.env.Env object at 0x7f64a8236ce0>
2023-12-05 22:46:57,709 - rasterio.env - DEBUG - Starting outermost env
2023-12-05 22:46:57,709 - rasterio.env - DEBUG - No GDAL environment exists
2023-12-05 22:46:57,709 - rasterio.env - DEBUG - New GDAL environment <rasterio._env.GDALEnv object at 0x7f64a8235c30> created
2023-12-05 22:46:57,709 - rasterio._env - DEBUG - GDAL data found in package: path='/home/metpublic/PYTHON_VENV/present_weather/lib/python3.10/site-packages/rasterio/gdal_data'.
2023-12-05 22:46:57,709 - rasterio._env - DEBUG - PROJ data found in package: path='/home/metpublic/PYTHON_VENV/present_weather/lib/python3.10/site-packages/rasterio/proj_data'.
2023-12-05 22:46:57,710 - rasterio._env - DEBUG - Started GDALEnv: self=<rasterio._env.GDALEnv object at 0x7f64a8235c30>.
2023-12-05 22:46:57,710 - rasterio.env - DEBUG - Entered env context: <rasterio.env.Env object at 0x7f64a8236ce0>
2023-12-05 22:46:57,710 - rasterio._base - DEBUG - Sharing flag: 0
2023-12-05 22:46:57,711 - rasterio._base - DEBUG - Nodata success: 0, Nodata value: 0.000000
2023-12-05 22:46:57,711 - rasterio._base - DEBUG - Dataset <open DatasetReader name='/home/metpublic/TASK_RELEASE/EFAN/present_weather/src/H09_B13_Indonesia_20231205.Z2210.cor.tiff' mode='r'> is started.
2023-12-05 22:46:57,711 - rasterio.env - DEBUG - Exiting env context: <rasterio.env.Env object at 0x7f64a8236ce0>
2023-12-05 22:46:57,711 - rasterio.env - DEBUG - Cleared existing <rasterio._env.GDALEnv object at 0x7f64a8235c30> options
2023-12-05 22:46:57,711 - rasterio._env - DEBUG - Stopped GDALEnv <rasterio._env.GDALEnv object at 0x7f64a8235c30>.
2023-12-05 22:46:57,711 - rasterio.env - DEBUG - Exiting outermost env
2023-12-05 22:46:57,711 - rasterio.env - DEBUG - Exited env context: <rasterio.env.Env object at 0x7f64a8236ce0>
2023-12-05 22:46:57,720 - root - INFO - Generating present weather using SATELITE data
2023-12-05 22:48:34,638 - root - INFO - Total elapsed time: 0:05:32.481115
