2023-12-29 00:23:02,296 - root - INFO - Initiating present weather
2023-12-29 00:23:02,298 - asyncio - DEBUG - Using selector: EpollSelector
2023-12-29 00:23:03,945 - urllib3.connectionpool - DEBUG - Starting new HTTPS connection (1): radar.bmkg.go.id:8060
2023-12-29 00:23:03,957 - urllib3.connectionpool - DEBUG - https://radar.bmkg.go.id:8060 "GET /getLatestLD?typeData=1 HTTP/1.1" 200 62
2023-12-29 00:23:03,959 - urllib3.connectionpool - DEBUG - Starting new HTTPS connection (1): radar.bmkg.go.id:8060
2023-12-29 00:23:03,980 - urllib3.connectionpool - DEBUG - https://radar.bmkg.go.id:8060 "GET /getRadarGeotif?token=19387e71e78522ae4172ec0fda640983b8438c9cfa0ca571623cb69d8327&radar=amandemenForecast&type=latest HTTP/1.1" 200 90
2023-12-29 00:23:03,980 - rasterio.env - DEBUG - Entering env context: <rasterio.env.Env object at 0x7f9516b0eef0>
2023-12-29 00:23:03,981 - rasterio.env - DEBUG - Starting outermost env
2023-12-29 00:23:03,981 - rasterio.env - DEBUG - No GDAL environment exists
2023-12-29 00:23:03,981 - rasterio.env - DEBUG - New GDAL environment <rasterio._env.GDALEnv object at 0x7f9516b0d600> created
2023-12-29 00:23:03,984 - rasterio._filepath - DEBUG - Installing FilePath filesystem handler plugin...
2023-12-29 00:23:03,984 - rasterio._env - DEBUG - GDAL data found in package: path='/home/metpublic/PYTHON_VENV/present_weather/lib/python3.10/site-packages/rasterio/gdal_data'.
2023-12-29 00:23:03,984 - rasterio._env - DEBUG - PROJ data found in package: path='/home/metpublic/PYTHON_VENV/present_weather/lib/python3.10/site-packages/rasterio/proj_data'.
2023-12-29 00:23:03,984 - rasterio._env - DEBUG - Started GDALEnv: self=<rasterio._env.GDALEnv object at 0x7f9516b0d600>.
2023-12-29 00:23:03,984 - rasterio.env - DEBUG - Entered env context: <rasterio.env.Env object at 0x7f9516b0eef0>
2023-12-29 00:23:03,985 - rasterio._base - DEBUG - Sharing flag: 0
2023-12-29 00:23:04,365 - rasterio._base - DEBUG - Nodata success: 1, Nodata value: nan
2023-12-29 00:23:04,365 - rasterio._base - DEBUG - Dataset <open DatasetReader name='https://radar.bmkg.go.id/raster/radarsatelit_202312290020.tif' mode='r'> is started.
2023-12-29 00:23:04,365 - rasterio.env - DEBUG - Exiting env context: <rasterio.env.Env object at 0x7f9516b0eef0>
2023-12-29 00:23:04,365 - rasterio.env - DEBUG - Cleared existing <rasterio._env.GDALEnv object at 0x7f9516b0d600> options
2023-12-29 00:23:04,365 - rasterio._env - DEBUG - Stopped GDALEnv <rasterio._env.GDALEnv object at 0x7f9516b0d600>.
2023-12-29 00:23:04,365 - rasterio.env - DEBUG - Exiting outermost env
2023-12-29 00:23:04,366 - rasterio.env - DEBUG - Exited env context: <rasterio.env.Env object at 0x7f9516b0eef0>
2023-12-29 00:23:04,366 - rasterio.env - DEBUG - Entering env context: <rasterio.env.Env object at 0x7f9516ac54b0>
2023-12-29 00:23:04,366 - rasterio.env - DEBUG - Starting outermost env
2023-12-29 00:23:04,366 - rasterio.env - DEBUG - No GDAL environment exists
2023-12-29 00:23:04,366 - rasterio.env - DEBUG - New GDAL environment <rasterio._env.GDALEnv object at 0x7f9516b0d600> created
2023-12-29 00:23:04,366 - rasterio._env - DEBUG - GDAL data found in package: path='/home/metpublic/PYTHON_VENV/present_weather/lib/python3.10/site-packages/rasterio/gdal_data'.
2023-12-29 00:23:04,366 - rasterio._env - DEBUG - PROJ data found in package: path='/home/metpublic/PYTHON_VENV/present_weather/lib/python3.10/site-packages/rasterio/proj_data'.
2023-12-29 00:23:04,367 - rasterio._env - DEBUG - Started GDALEnv: self=<rasterio._env.GDALEnv object at 0x7f9516b0d600>.
2023-12-29 00:23:04,367 - rasterio.env - DEBUG - Entered env context: <rasterio.env.Env object at 0x7f9516ac54b0>
2023-12-29 00:23:04,367 - rasterio.env - DEBUG - Got a copy of environment <rasterio._env.GDALEnv object at 0x7f9516b0d600> options
2023-12-29 00:23:04,367 - rasterio.env - DEBUG - Entering env context: <rasterio.env.Env object at 0x7f95141c32b0>
2023-12-29 00:23:04,367 - rasterio.env - DEBUG - Got a copy of environment <rasterio._env.GDALEnv object at 0x7f9516b0d600> options
2023-12-29 00:23:04,368 - rasterio.env - DEBUG - Entered env context: <rasterio.env.Env object at 0x7f95141c32b0>
2023-12-29 00:23:04,368 - rasterio._base - DEBUG - Sharing flag: 0
2023-12-29 00:23:04,369 - rasterio._base - DEBUG - Nodata success: 1, Nodata value: nan
2023-12-29 00:23:04,369 - rasterio._base - DEBUG - Dataset <open DatasetReader name='https://radar.bmkg.go.id/raster/radarsatelit_202312290020.tif' mode='r'> is started.
2023-12-29 00:23:04,369 - rasterio.env - DEBUG - Exiting env context: <rasterio.env.Env object at 0x7f95141c32b0>
2023-12-29 00:23:04,369 - rasterio.env - DEBUG - Cleared existing <rasterio._env.GDALEnv object at 0x7f9516b0d600> options
2023-12-29 00:23:04,369 - rasterio._env - DEBUG - Stopped GDALEnv <rasterio._env.GDALEnv object at 0x7f9516b0d600>.
2023-12-29 00:23:04,369 - rasterio.env - DEBUG - No GDAL environment exists
2023-12-29 00:23:04,369 - rasterio.env - DEBUG - New GDAL environment <rasterio._env.GDALEnv object at 0x7f9516b0d600> created
2023-12-29 00:23:04,369 - rasterio._env - DEBUG - GDAL data found in package: path='/home/metpublic/PYTHON_VENV/present_weather/lib/python3.10/site-packages/rasterio/gdal_data'.
2023-12-29 00:23:04,369 - rasterio._env - DEBUG - PROJ data found in package: path='/home/metpublic/PYTHON_VENV/present_weather/lib/python3.10/site-packages/rasterio/proj_data'.
2023-12-29 00:23:04,370 - rasterio._env - DEBUG - Started GDALEnv: self=<rasterio._env.GDALEnv object at 0x7f9516b0d600>.
2023-12-29 00:23:04,370 - rasterio.env - DEBUG - Exited env context: <rasterio.env.Env object at 0x7f95141c32b0>
2023-12-29 00:23:04,386 - rasterio._io - DEBUG - Output nodata value read from file: nan
2023-12-29 00:23:04,386 - rasterio._io - DEBUG - Output nodata values: [nan]
2023-12-29 00:23:04,387 - rasterio._io - DEBUG - all_valid: False
2023-12-29 00:23:04,387 - rasterio._io - DEBUG - mask_flags: ([<MaskFlags.nodata: 8>],)
2023-12-29 00:23:04,387 - rasterio._io - DEBUG - Jump straight to _read()
2023-12-29 00:23:04,387 - rasterio._io - DEBUG - Window: Window(col_off=0, row_off=0, width=10215, height=3792)
2023-12-29 00:23:04,387 - rasterio._io - DEBUG - IO window xoff=0.0 yoff=0.0 width=10215.0 height=3792.0
2023-12-29 00:23:04,962 - rasterio.env - DEBUG - Exiting env context: <rasterio.env.Env object at 0x7f9516ac54b0>
2023-12-29 00:23:04,962 - rasterio.env - DEBUG - Cleared existing <rasterio._env.GDALEnv object at 0x7f9516b0d600> options
2023-12-29 00:23:04,962 - rasterio._env - DEBUG - Stopped GDALEnv <rasterio._env.GDALEnv object at 0x7f9516b0d600>.
2023-12-29 00:23:04,962 - rasterio.env - DEBUG - Exiting outermost env
2023-12-29 00:23:04,963 - rasterio.env - DEBUG - Exited env context: <rasterio.env.Env object at 0x7f9516ac54b0>
2023-12-29 00:23:38,791 - rasterio.env - DEBUG - Entering env context: <rasterio.env.Env object at 0x7f9514256320>
2023-12-29 00:23:38,791 - rasterio.env - DEBUG - Starting outermost env
2023-12-29 00:23:38,791 - rasterio.env - DEBUG - No GDAL environment exists
2023-12-29 00:23:38,792 - rasterio.env - DEBUG - New GDAL environment <rasterio._env.GDALEnv object at 0x7f9514254730> created
2023-12-29 00:23:38,792 - rasterio._env - DEBUG - GDAL data found in package: path='/home/metpublic/PYTHON_VENV/present_weather/lib/python3.10/site-packages/rasterio/gdal_data'.
2023-12-29 00:23:38,792 - rasterio._env - DEBUG - PROJ data found in package: path='/home/metpublic/PYTHON_VENV/present_weather/lib/python3.10/site-packages/rasterio/proj_data'.
2023-12-29 00:23:38,792 - rasterio._env - DEBUG - Started GDALEnv: self=<rasterio._env.GDALEnv object at 0x7f9514254730>.
2023-12-29 00:23:38,792 - rasterio.env - DEBUG - Entered env context: <rasterio.env.Env object at 0x7f9514256320>
2023-12-29 00:23:38,793 - rasterio._base - DEBUG - Sharing flag: 0
2023-12-29 00:23:38,794 - rasterio._base - DEBUG - Nodata success: 0, Nodata value: 0.000000
2023-12-29 00:23:38,794 - rasterio._base - DEBUG - Dataset <open DatasetReader name='/home/metpublic/TASK_RELEASE/EFAN/present_weather/src/H09_B13_Indonesia_20231229.Z0010.cor.tiff' mode='r'> is started.
2023-12-29 00:23:38,794 - rasterio.env - DEBUG - Exiting env context: <rasterio.env.Env object at 0x7f9514256320>
2023-12-29 00:23:38,794 - rasterio.env - DEBUG - Cleared existing <rasterio._env.GDALEnv object at 0x7f9514254730> options
2023-12-29 00:23:38,794 - rasterio._env - DEBUG - Stopped GDALEnv <rasterio._env.GDALEnv object at 0x7f9514254730>.
2023-12-29 00:23:38,794 - rasterio.env - DEBUG - Exiting outermost env
2023-12-29 00:23:38,794 - rasterio.env - DEBUG - Exited env context: <rasterio.env.Env object at 0x7f9514256320>
2023-12-29 00:23:38,795 - rasterio.env - DEBUG - Entering env context: <rasterio.env.Env object at 0x7f94fc7dd6f0>
2023-12-29 00:23:38,795 - rasterio.env - DEBUG - Starting outermost env
2023-12-29 00:23:38,795 - rasterio.env - DEBUG - No GDAL environment exists
2023-12-29 00:23:38,795 - rasterio.env - DEBUG - New GDAL environment <rasterio._env.GDALEnv object at 0x7f94fc7de4a0> created
2023-12-29 00:23:38,795 - rasterio._env - DEBUG - GDAL data found in package: path='/home/metpublic/PYTHON_VENV/present_weather/lib/python3.10/site-packages/rasterio/gdal_data'.
2023-12-29 00:23:38,795 - rasterio._env - DEBUG - PROJ data found in package: path='/home/metpublic/PYTHON_VENV/present_weather/lib/python3.10/site-packages/rasterio/proj_data'.
2023-12-29 00:23:38,795 - rasterio._env - DEBUG - Started GDALEnv: self=<rasterio._env.GDALEnv object at 0x7f94fc7de4a0>.
2023-12-29 00:23:38,796 - rasterio.env - DEBUG - Entered env context: <rasterio.env.Env object at 0x7f94fc7dd6f0>
2023-12-29 00:23:38,796 - rasterio._base - DEBUG - Sharing flag: 0
2023-12-29 00:23:38,797 - rasterio._base - DEBUG - Nodata success: 0, Nodata value: 0.000000
2023-12-29 00:23:38,797 - rasterio._base - DEBUG - Dataset <open DatasetReader name='/home/metpublic/TASK_RELEASE/EFAN/present_weather/src/H09_B13_Indonesia_20231229.Z0010.cor.tiff' mode='r'> is started.
2023-12-29 00:23:38,797 - rasterio.env - DEBUG - Exiting env context: <rasterio.env.Env object at 0x7f94fc7dd6f0>
2023-12-29 00:23:38,797 - rasterio.env - DEBUG - Cleared existing <rasterio._env.GDALEnv object at 0x7f94fc7de4a0> options
2023-12-29 00:23:38,797 - rasterio._env - DEBUG - Stopped GDALEnv <rasterio._env.GDALEnv object at 0x7f94fc7de4a0>.
2023-12-29 00:23:38,797 - rasterio.env - DEBUG - Exiting outermost env
2023-12-29 00:23:38,797 - rasterio.env - DEBUG - Exited env context: <rasterio.env.Env object at 0x7f94fc7dd6f0>
2023-12-29 00:23:38,811 - root - INFO - Generating present weather using SATELITE data
2023-12-29 00:24:21,523 - root - INFO - Total elapsed time: 0:01:19.227067
