2023-11-24 07:44:07,709 - root - INFO - Initiating present weather
2023-11-24 07:44:07,714 - urllib3.connectionpool - DEBUG - Starting new HTTPS connection (1): radar.bmkg.go.id:8060
2023-11-24 07:44:07,765 - urllib3.connectionpool - DEBUG - https://radar.bmkg.go.id:8060 "GET /getRadarGeotif?token=19387e71e78522ae4172ec0fda640983b8438c9cfa0ca571623cb69d8327&radar=amandemenForecast&type=latest HTTP/1.1" 200 90
2023-11-24 07:44:07,769 - rasterio.env - DEBUG - Entering env context: <rasterio.env.Env object at 0x7f51f4cc3c80>
2023-11-24 07:44:07,770 - rasterio.env - DEBUG - Starting outermost env
2023-11-24 07:44:07,770 - rasterio.env - DEBUG - No GDAL environment exists
2023-11-24 07:44:07,771 - rasterio.env - DEBUG - New GDAL environment <rasterio._env.GDALEnv object at 0x7f5236376380> created
2023-11-24 07:44:07,775 - rasterio._filepath - DEBUG - Installing FilePath filesystem handler plugin...
2023-11-24 07:44:07,775 - rasterio._env - DEBUG - GDAL data found in package: path='/home/swx/miniconda3/envs/present_weather/lib/python3.12/site-packages/rasterio/gdal_data'.
2023-11-24 07:44:07,775 - rasterio._env - DEBUG - PROJ_LIB found in environment.
2023-11-24 07:44:07,775 - rasterio._env - DEBUG - Started GDALEnv: self=<rasterio._env.GDALEnv object at 0x7f5236376380>.
2023-11-24 07:44:07,775 - rasterio.env - DEBUG - Entered env context: <rasterio.env.Env object at 0x7f51f4cc3c80>
2023-11-24 07:44:07,775 - rasterio._base - DEBUG - Sharing flag: 0
2023-11-24 07:44:07,977 - rasterio._base - DEBUG - Nodata success: 1, Nodata value: nan
2023-11-24 07:44:07,977 - rasterio._base - DEBUG - Dataset <open DatasetReader name='https://radar.bmkg.go.id/raster/radarsatelit_202311240740.tif' mode='r'> is started.
2023-11-24 07:44:07,978 - rasterio.env - DEBUG - Exiting env context: <rasterio.env.Env object at 0x7f51f4cc3c80>
2023-11-24 07:44:07,978 - rasterio.env - DEBUG - Cleared existing <rasterio._env.GDALEnv object at 0x7f5236376380> options
2023-11-24 07:44:07,978 - rasterio._env - DEBUG - Stopped GDALEnv <rasterio._env.GDALEnv object at 0x7f5236376380>.
2023-11-24 07:44:07,978 - rasterio.env - DEBUG - Exiting outermost env
2023-11-24 07:44:07,978 - rasterio.env - DEBUG - Exited env context: <rasterio.env.Env object at 0x7f51f4cc3c80>
2023-11-24 07:44:07,978 - rasterio.env - DEBUG - Entering env context: <rasterio.env.Env object at 0x7f52826a13d0>
2023-11-24 07:44:07,978 - rasterio.env - DEBUG - Starting outermost env
2023-11-24 07:44:07,978 - rasterio.env - DEBUG - No GDAL environment exists
2023-11-24 07:44:07,978 - rasterio.env - DEBUG - New GDAL environment <rasterio._env.GDALEnv object at 0x7f51f4c43bb0> created
2023-11-24 07:44:07,979 - rasterio._env - DEBUG - GDAL data found in package: path='/home/swx/miniconda3/envs/present_weather/lib/python3.12/site-packages/rasterio/gdal_data'.
2023-11-24 07:44:07,979 - rasterio._env - DEBUG - PROJ_LIB found in environment.
2023-11-24 07:44:07,979 - rasterio._env - DEBUG - Started GDALEnv: self=<rasterio._env.GDALEnv object at 0x7f51f4c43bb0>.
2023-11-24 07:44:07,979 - rasterio.env - DEBUG - Entered env context: <rasterio.env.Env object at 0x7f52826a13d0>
2023-11-24 07:44:07,980 - rasterio.env - DEBUG - Got a copy of environment <rasterio._env.GDALEnv object at 0x7f51f4c43bb0> options
2023-11-24 07:44:07,980 - rasterio.env - DEBUG - Entering env context: <rasterio.env.Env object at 0x7f5236376b10>
2023-11-24 07:44:07,980 - rasterio.env - DEBUG - Got a copy of environment <rasterio._env.GDALEnv object at 0x7f51f4c43bb0> options
2023-11-24 07:44:07,980 - rasterio.env - DEBUG - Entered env context: <rasterio.env.Env object at 0x7f5236376b10>
2023-11-24 07:44:07,980 - rasterio._base - DEBUG - Sharing flag: 0
2023-11-24 07:44:07,981 - rasterio._base - DEBUG - Nodata success: 1, Nodata value: nan
2023-11-24 07:44:07,981 - rasterio._base - DEBUG - Dataset <open DatasetReader name='https://radar.bmkg.go.id/raster/radarsatelit_202311240740.tif' mode='r'> is started.
2023-11-24 07:44:07,981 - rasterio.env - DEBUG - Exiting env context: <rasterio.env.Env object at 0x7f5236376b10>
2023-11-24 07:44:07,981 - rasterio.env - DEBUG - Cleared existing <rasterio._env.GDALEnv object at 0x7f51f4c43bb0> options
2023-11-24 07:44:07,981 - rasterio._env - DEBUG - Stopped GDALEnv <rasterio._env.GDALEnv object at 0x7f51f4c43bb0>.
2023-11-24 07:44:07,981 - rasterio.env - DEBUG - No GDAL environment exists
2023-11-24 07:44:07,982 - rasterio.env - DEBUG - New GDAL environment <rasterio._env.GDALEnv object at 0x7f51f4c43bb0> created
2023-11-24 07:44:07,982 - rasterio._env - DEBUG - GDAL data found in package: path='/home/swx/miniconda3/envs/present_weather/lib/python3.12/site-packages/rasterio/gdal_data'.
2023-11-24 07:44:07,982 - rasterio._env - DEBUG - PROJ_LIB found in environment.
2023-11-24 07:44:07,982 - rasterio._env - DEBUG - Started GDALEnv: self=<rasterio._env.GDALEnv object at 0x7f51f4c43bb0>.
2023-11-24 07:44:07,982 - rasterio.env - DEBUG - Exited env context: <rasterio.env.Env object at 0x7f5236376b10>
2023-11-24 07:44:08,008 - rasterio._io - DEBUG - Output nodata value read from file: nan
2023-11-24 07:44:08,008 - rasterio._io - DEBUG - Output nodata values: [nan]
2023-11-24 07:44:08,008 - rasterio._io - DEBUG - all_valid: False
2023-11-24 07:44:08,008 - rasterio._io - DEBUG - mask_flags: ([<MaskFlags.nodata: 8>],)
2023-11-24 07:44:08,009 - rasterio._io - DEBUG - Jump straight to _read()
2023-11-24 07:44:08,009 - rasterio._io - DEBUG - Window: Window(col_off=0, row_off=0, width=10178, height=3732)
2023-11-24 07:44:08,009 - rasterio._io - DEBUG - IO window xoff=0.0 yoff=0.0 width=10178.0 height=3732.0
2023-11-24 07:44:08,971 - rasterio.env - DEBUG - Exiting env context: <rasterio.env.Env object at 0x7f52826a13d0>
2023-11-24 07:44:08,972 - rasterio.env - DEBUG - Cleared existing <rasterio._env.GDALEnv object at 0x7f51f4c43bb0> options
2023-11-24 07:44:08,972 - rasterio._env - DEBUG - Stopped GDALEnv <rasterio._env.GDALEnv object at 0x7f51f4c43bb0>.
2023-11-24 07:44:08,972 - rasterio.env - DEBUG - Exiting outermost env
2023-11-24 07:44:08,972 - rasterio.env - DEBUG - Exited env context: <rasterio.env.Env object at 0x7f52826a13d0>
2023-11-24 07:44:08,974 - urllib3.connectionpool - DEBUG - Starting new HTTPS connection (1): radar.bmkg.go.id:8060
2023-11-24 07:44:09,036 - urllib3.connectionpool - DEBUG - https://radar.bmkg.go.id:8060 "GET /getLatestLD?typeData=1 HTTP/1.1" 200 52602
2023-11-24 07:44:09,060 - asyncio - DEBUG - Using selector: EpollSelector
2023-11-24 07:44:15,662 - root - INFO - dask.bag<lambda, npartitions=34>
2023-11-24 07:47:21,661 - root - INFO - Total elapsed time: 0:03:13.953451
