2023-11-23 07:03:03,229 - root - INFO - Initiating present weather
2023-11-23 07:03:03,232 - asyncio - DEBUG - Using selector: EpollSelector
2023-11-23 07:03:06,542 - urllib3.connectionpool - DEBUG - Starting new HTTPS connection (1): radar.bmkg.go.id:8060
2023-11-23 07:03:06,606 - urllib3.connectionpool - DEBUG - https://radar.bmkg.go.id:8060 "GET /getRadarGeotif?token=19387e71e78522ae4172ec0fda640983b8438c9cfa0ca571623cb69d8327&radar=amandemenForecast&type=latest HTTP/1.1" 200 90
2023-11-23 07:03:06,609 - rasterio.env - DEBUG - Entering env context: <rasterio.env.Env object at 0x7f1c13287290>
2023-11-23 07:03:06,609 - rasterio.env - DEBUG - Starting outermost env
2023-11-23 07:03:06,610 - rasterio.env - DEBUG - No GDAL environment exists
2023-11-23 07:03:06,610 - rasterio.env - DEBUG - New GDAL environment <rasterio._env.GDALEnv object at 0x7f1c1343e350> created
2023-11-23 07:03:06,614 - rasterio._filepath - DEBUG - Installing FilePath filesystem handler plugin...
2023-11-23 07:03:06,615 - rasterio._env - DEBUG - GDAL data found in package: path='/home/swx/miniconda3/envs/present_weather/lib/python3.12/site-packages/rasterio/gdal_data'.
2023-11-23 07:03:06,615 - rasterio._env - DEBUG - PROJ_LIB found in environment.
2023-11-23 07:03:06,615 - rasterio._env - DEBUG - Started GDALEnv: self=<rasterio._env.GDALEnv object at 0x7f1c1343e350>.
2023-11-23 07:03:06,615 - rasterio.env - DEBUG - Entered env context: <rasterio.env.Env object at 0x7f1c13287290>
2023-11-23 07:03:06,615 - rasterio._base - DEBUG - Sharing flag: 0
2023-11-23 07:03:06,834 - rasterio._base - DEBUG - Nodata success: 1, Nodata value: nan
2023-11-23 07:03:06,834 - rasterio._base - DEBUG - Dataset <open DatasetReader name='https://radar.bmkg.go.id/raster/radarsatelit_202311230700.tif' mode='r'> is started.
2023-11-23 07:03:06,835 - rasterio.env - DEBUG - Exiting env context: <rasterio.env.Env object at 0x7f1c13287290>
2023-11-23 07:03:06,835 - rasterio.env - DEBUG - Cleared existing <rasterio._env.GDALEnv object at 0x7f1c1343e350> options
2023-11-23 07:03:06,835 - rasterio._env - DEBUG - Stopped GDALEnv <rasterio._env.GDALEnv object at 0x7f1c1343e350>.
2023-11-23 07:03:06,835 - rasterio.env - DEBUG - Exiting outermost env
2023-11-23 07:03:06,836 - rasterio.env - DEBUG - Exited env context: <rasterio.env.Env object at 0x7f1c13287290>
2023-11-23 07:03:06,836 - rasterio.env - DEBUG - Entering env context: <rasterio.env.Env object at 0x7f1c10f0e270>
2023-11-23 07:03:06,836 - rasterio.env - DEBUG - Starting outermost env
2023-11-23 07:03:06,836 - rasterio.env - DEBUG - No GDAL environment exists
2023-11-23 07:03:06,836 - rasterio.env - DEBUG - New GDAL environment <rasterio._env.GDALEnv object at 0x7f1c13528700> created
2023-11-23 07:03:06,837 - rasterio._env - DEBUG - GDAL data found in package: path='/home/swx/miniconda3/envs/present_weather/lib/python3.12/site-packages/rasterio/gdal_data'.
2023-11-23 07:03:06,837 - rasterio._env - DEBUG - PROJ_LIB found in environment.
2023-11-23 07:03:06,837 - rasterio._env - DEBUG - Started GDALEnv: self=<rasterio._env.GDALEnv object at 0x7f1c13528700>.
2023-11-23 07:03:06,837 - rasterio.env - DEBUG - Entered env context: <rasterio.env.Env object at 0x7f1c10f0e270>
2023-11-23 07:03:06,837 - rasterio.env - DEBUG - Got a copy of environment <rasterio._env.GDALEnv object at 0x7f1c13528700> options
2023-11-23 07:03:06,838 - rasterio.env - DEBUG - Entering env context: <rasterio.env.Env object at 0x7f1c13322210>
2023-11-23 07:03:06,838 - rasterio.env - DEBUG - Got a copy of environment <rasterio._env.GDALEnv object at 0x7f1c13528700> options
2023-11-23 07:03:06,838 - rasterio.env - DEBUG - Entered env context: <rasterio.env.Env object at 0x7f1c13322210>
2023-11-23 07:03:06,838 - rasterio._base - DEBUG - Sharing flag: 0
2023-11-23 07:03:06,840 - rasterio._base - DEBUG - Nodata success: 1, Nodata value: nan
2023-11-23 07:03:06,840 - rasterio._base - DEBUG - Dataset <open DatasetReader name='https://radar.bmkg.go.id/raster/radarsatelit_202311230700.tif' mode='r'> is started.
2023-11-23 07:03:06,840 - rasterio.env - DEBUG - Exiting env context: <rasterio.env.Env object at 0x7f1c13322210>
2023-11-23 07:03:06,840 - rasterio.env - DEBUG - Cleared existing <rasterio._env.GDALEnv object at 0x7f1c13528700> options
2023-11-23 07:03:06,840 - rasterio._env - DEBUG - Stopped GDALEnv <rasterio._env.GDALEnv object at 0x7f1c13528700>.
2023-11-23 07:03:06,840 - rasterio.env - DEBUG - No GDAL environment exists
2023-11-23 07:03:06,841 - rasterio.env - DEBUG - New GDAL environment <rasterio._env.GDALEnv object at 0x7f1c13528700> created
2023-11-23 07:03:06,841 - rasterio._env - DEBUG - GDAL data found in package: path='/home/swx/miniconda3/envs/present_weather/lib/python3.12/site-packages/rasterio/gdal_data'.
2023-11-23 07:03:06,841 - rasterio._env - DEBUG - PROJ_LIB found in environment.
2023-11-23 07:03:06,841 - rasterio._env - DEBUG - Started GDALEnv: self=<rasterio._env.GDALEnv object at 0x7f1c13528700>.
2023-11-23 07:03:06,842 - rasterio.env - DEBUG - Exited env context: <rasterio.env.Env object at 0x7f1c13322210>
2023-11-23 07:03:06,867 - rasterio._io - DEBUG - Output nodata value read from file: nan
2023-11-23 07:03:06,868 - rasterio._io - DEBUG - Output nodata values: [nan]
2023-11-23 07:03:06,868 - rasterio._io - DEBUG - all_valid: False
2023-11-23 07:03:06,868 - rasterio._io - DEBUG - mask_flags: ([<MaskFlags.nodata: 8>],)
2023-11-23 07:03:06,868 - rasterio._io - DEBUG - Jump straight to _read()
2023-11-23 07:03:06,868 - rasterio._io - DEBUG - Window: Window(col_off=0, row_off=0, width=10215, height=3792)
2023-11-23 07:03:06,869 - rasterio._io - DEBUG - IO window xoff=0.0 yoff=0.0 width=10215.0 height=3792.0
2023-11-23 07:03:07,729 - rasterio.env - DEBUG - Exiting env context: <rasterio.env.Env object at 0x7f1c10f0e270>
2023-11-23 07:03:07,729 - rasterio.env - DEBUG - Cleared existing <rasterio._env.GDALEnv object at 0x7f1c13528700> options
2023-11-23 07:03:07,729 - rasterio._env - DEBUG - Stopped GDALEnv <rasterio._env.GDALEnv object at 0x7f1c13528700>.
2023-11-23 07:03:07,729 - rasterio.env - DEBUG - Exiting outermost env
2023-11-23 07:03:07,729 - rasterio.env - DEBUG - Exited env context: <rasterio.env.Env object at 0x7f1c10f0e270>
2023-11-23 07:03:07,732 - urllib3.connectionpool - DEBUG - Starting new HTTPS connection (1): radar.bmkg.go.id:8060
2023-11-23 07:03:12,812 - urllib3.connectionpool - DEBUG - https://radar.bmkg.go.id:8060 "GET /getLatestLD?typeData=1 HTTP/1.1" 200 69733
2023-11-23 07:03:16,132 - root - INFO - dask.bag<lambda, npartitions=20>
2023-11-23 07:16:17,653 - root - INFO - Total elapsed time: 0:13:14.424779
