2023-11-24 22:23:03,709 - root - INFO - Initiating present weather
2023-11-24 22:23:03,712 - asyncio - DEBUG - Using selector: EpollSelector
2023-11-24 22:23:06,990 - urllib3.connectionpool - DEBUG - Starting new HTTPS connection (1): radar.bmkg.go.id:8060
2023-11-24 22:23:07,060 - urllib3.connectionpool - DEBUG - https://radar.bmkg.go.id:8060 "GET /getRadarGeotif?token=19387e71e78522ae4172ec0fda640983b8438c9cfa0ca571623cb69d8327&radar=amandemenForecast&type=latest HTTP/1.1" 200 90
2023-11-24 22:23:07,062 - rasterio.env - DEBUG - Entering env context: <rasterio.env.Env object at 0x7ff090c710d0>
2023-11-24 22:23:07,063 - rasterio.env - DEBUG - Starting outermost env
2023-11-24 22:23:07,064 - rasterio.env - DEBUG - No GDAL environment exists
2023-11-24 22:23:07,064 - rasterio.env - DEBUG - New GDAL environment <rasterio._env.GDALEnv object at 0x7ff090c70f40> created
2023-11-24 22:23:07,068 - rasterio._filepath - DEBUG - Installing FilePath filesystem handler plugin...
2023-11-24 22:23:07,068 - rasterio._env - DEBUG - GDAL data found in package: path='/home/swx/miniconda3/envs/present_weather/lib/python3.12/site-packages/rasterio/gdal_data'.
2023-11-24 22:23:07,068 - rasterio._env - DEBUG - PROJ_LIB found in environment.
2023-11-24 22:23:07,068 - rasterio._env - DEBUG - Started GDALEnv: self=<rasterio._env.GDALEnv object at 0x7ff090c70f40>.
2023-11-24 22:23:07,068 - rasterio.env - DEBUG - Entered env context: <rasterio.env.Env object at 0x7ff090c710d0>
2023-11-24 22:23:07,069 - rasterio._base - DEBUG - Sharing flag: 0
2023-11-24 22:23:07,283 - rasterio._base - DEBUG - Nodata success: 1, Nodata value: nan
2023-11-24 22:23:07,283 - rasterio._base - DEBUG - Dataset <open DatasetReader name='https://radar.bmkg.go.id/raster/radarsatelit_202311242220.tif' mode='r'> is started.
2023-11-24 22:23:07,283 - rasterio.env - DEBUG - Exiting env context: <rasterio.env.Env object at 0x7ff090c710d0>
2023-11-24 22:23:07,283 - rasterio.env - DEBUG - Cleared existing <rasterio._env.GDALEnv object at 0x7ff090c70f40> options
2023-11-24 22:23:07,284 - rasterio._env - DEBUG - Stopped GDALEnv <rasterio._env.GDALEnv object at 0x7ff090c70f40>.
2023-11-24 22:23:07,284 - rasterio.env - DEBUG - Exiting outermost env
2023-11-24 22:23:07,284 - rasterio.env - DEBUG - Exited env context: <rasterio.env.Env object at 0x7ff090c710d0>
2023-11-24 22:23:07,284 - rasterio.env - DEBUG - Entering env context: <rasterio.env.Env object at 0x7ff08bec7d70>
2023-11-24 22:23:07,284 - rasterio.env - DEBUG - Starting outermost env
2023-11-24 22:23:07,284 - rasterio.env - DEBUG - No GDAL environment exists
2023-11-24 22:23:07,284 - rasterio.env - DEBUG - New GDAL environment <rasterio._env.GDALEnv object at 0x7ff090c70f40> created
2023-11-24 22:23:07,285 - rasterio._env - DEBUG - GDAL data found in package: path='/home/swx/miniconda3/envs/present_weather/lib/python3.12/site-packages/rasterio/gdal_data'.
2023-11-24 22:23:07,285 - rasterio._env - DEBUG - PROJ_LIB found in environment.
2023-11-24 22:23:07,285 - rasterio._env - DEBUG - Started GDALEnv: self=<rasterio._env.GDALEnv object at 0x7ff090c70f40>.
2023-11-24 22:23:07,286 - rasterio.env - DEBUG - Entered env context: <rasterio.env.Env object at 0x7ff08bec7d70>
2023-11-24 22:23:07,286 - rasterio.env - DEBUG - Got a copy of environment <rasterio._env.GDALEnv object at 0x7ff090c70f40> options
2023-11-24 22:23:07,286 - rasterio.env - DEBUG - Entering env context: <rasterio.env.Env object at 0x7ff089109a00>
2023-11-24 22:23:07,286 - rasterio.env - DEBUG - Got a copy of environment <rasterio._env.GDALEnv object at 0x7ff090c70f40> options
2023-11-24 22:23:07,286 - rasterio.env - DEBUG - Entered env context: <rasterio.env.Env object at 0x7ff089109a00>
2023-11-24 22:23:07,287 - rasterio._base - DEBUG - Sharing flag: 0
2023-11-24 22:23:07,288 - rasterio._base - DEBUG - Nodata success: 1, Nodata value: nan
2023-11-24 22:23:07,288 - rasterio._base - DEBUG - Dataset <open DatasetReader name='https://radar.bmkg.go.id/raster/radarsatelit_202311242220.tif' mode='r'> is started.
2023-11-24 22:23:07,288 - rasterio.env - DEBUG - Exiting env context: <rasterio.env.Env object at 0x7ff089109a00>
2023-11-24 22:23:07,288 - rasterio.env - DEBUG - Cleared existing <rasterio._env.GDALEnv object at 0x7ff090c70f40> options
2023-11-24 22:23:07,288 - rasterio._env - DEBUG - Stopped GDALEnv <rasterio._env.GDALEnv object at 0x7ff090c70f40>.
2023-11-24 22:23:07,288 - rasterio.env - DEBUG - No GDAL environment exists
2023-11-24 22:23:07,289 - rasterio.env - DEBUG - New GDAL environment <rasterio._env.GDALEnv object at 0x7ff090c70f40> created
2023-11-24 22:23:07,289 - rasterio._env - DEBUG - GDAL data found in package: path='/home/swx/miniconda3/envs/present_weather/lib/python3.12/site-packages/rasterio/gdal_data'.
2023-11-24 22:23:07,289 - rasterio._env - DEBUG - PROJ_LIB found in environment.
2023-11-24 22:23:07,289 - rasterio._env - DEBUG - Started GDALEnv: self=<rasterio._env.GDALEnv object at 0x7ff090c70f40>.
2023-11-24 22:23:07,290 - rasterio.env - DEBUG - Exited env context: <rasterio.env.Env object at 0x7ff089109a00>
2023-11-24 22:23:07,320 - rasterio._io - DEBUG - Output nodata value read from file: nan
2023-11-24 22:23:07,320 - rasterio._io - DEBUG - Output nodata values: [nan]
2023-11-24 22:23:07,320 - rasterio._io - DEBUG - all_valid: False
2023-11-24 22:23:07,320 - rasterio._io - DEBUG - mask_flags: ([<MaskFlags.nodata: 8>],)
2023-11-24 22:23:07,321 - rasterio._io - DEBUG - Jump straight to _read()
2023-11-24 22:23:07,321 - rasterio._io - DEBUG - Window: Window(col_off=0, row_off=0, width=10215, height=3792)
2023-11-24 22:23:07,321 - rasterio._io - DEBUG - IO window xoff=0.0 yoff=0.0 width=10215.0 height=3792.0
2023-11-24 22:23:08,097 - rasterio.env - DEBUG - Exiting env context: <rasterio.env.Env object at 0x7ff08bec7d70>
2023-11-24 22:23:08,097 - rasterio.env - DEBUG - Cleared existing <rasterio._env.GDALEnv object at 0x7ff090c70f40> options
2023-11-24 22:23:08,097 - rasterio._env - DEBUG - Stopped GDALEnv <rasterio._env.GDALEnv object at 0x7ff090c70f40>.
2023-11-24 22:23:08,097 - rasterio.env - DEBUG - Exiting outermost env
2023-11-24 22:23:08,097 - rasterio.env - DEBUG - Exited env context: <rasterio.env.Env object at 0x7ff08bec7d70>
2023-11-24 22:23:08,099 - urllib3.connectionpool - DEBUG - Starting new HTTPS connection (1): radar.bmkg.go.id:8060
2023-11-24 22:23:08,160 - urllib3.connectionpool - DEBUG - https://radar.bmkg.go.id:8060 "GET /getLatestLD?typeData=1 HTTP/1.1" 200 17325
2023-11-24 22:23:08,173 - root - INFO - Generating present weather using RADAR data
2023-11-24 22:23:11,512 - root - INFO - dask.bag<lambda, npartitions=20>
2023-11-24 22:34:17,666 - root - INFO - Total elapsed time: 0:11:13.958040
