2023-12-27 21:53:03,149 - root - INFO - Initiating present weather
2023-12-27 21:53:03,151 - asyncio - DEBUG - Using selector: EpollSelector
2023-12-27 21:53:04,787 - urllib3.connectionpool - DEBUG - Starting new HTTPS connection (1): radar.bmkg.go.id:8060
2023-12-27 21:53:04,807 - urllib3.connectionpool - DEBUG - https://radar.bmkg.go.id:8060 "GET /getLatestLD?typeData=1 HTTP/1.1" 200 62
2023-12-27 21:53:04,809 - urllib3.connectionpool - DEBUG - Starting new HTTPS connection (1): radar.bmkg.go.id:8060
2023-12-27 21:53:04,825 - urllib3.connectionpool - DEBUG - https://radar.bmkg.go.id:8060 "GET /getRadarGeotif?token=19387e71e78522ae4172ec0fda640983b8438c9cfa0ca571623cb69d8327&radar=amandemenForecast&type=latest HTTP/1.1" 200 90
2023-12-27 21:53:04,825 - rasterio.env - DEBUG - Entering env context: <rasterio.env.Env object at 0x7f9595419570>
2023-12-27 21:53:04,826 - rasterio.env - DEBUG - Starting outermost env
2023-12-27 21:53:04,826 - rasterio.env - DEBUG - No GDAL environment exists
2023-12-27 21:53:04,826 - rasterio.env - DEBUG - New GDAL environment <rasterio._env.GDALEnv object at 0x7f9595419540> created
2023-12-27 21:53:04,828 - rasterio._filepath - DEBUG - Installing FilePath filesystem handler plugin...
2023-12-27 21:53:04,828 - rasterio._env - DEBUG - GDAL data found in package: path='/home/metpublic/PYTHON_VENV/present_weather/lib/python3.10/site-packages/rasterio/gdal_data'.
2023-12-27 21:53:04,828 - rasterio._env - DEBUG - PROJ data found in package: path='/home/metpublic/PYTHON_VENV/present_weather/lib/python3.10/site-packages/rasterio/proj_data'.
2023-12-27 21:53:04,829 - rasterio._env - DEBUG - Started GDALEnv: self=<rasterio._env.GDALEnv object at 0x7f9595419540>.
2023-12-27 21:53:04,829 - rasterio.env - DEBUG - Entered env context: <rasterio.env.Env object at 0x7f9595419570>
2023-12-27 21:53:04,829 - rasterio._base - DEBUG - Sharing flag: 0
2023-12-27 21:53:05,206 - rasterio._base - DEBUG - Nodata success: 1, Nodata value: nan
2023-12-27 21:53:05,207 - rasterio._base - DEBUG - Dataset <open DatasetReader name='https://radar.bmkg.go.id/raster/radarsatelit_202312272110.tif' mode='r'> is started.
2023-12-27 21:53:05,207 - rasterio.env - DEBUG - Exiting env context: <rasterio.env.Env object at 0x7f9595419570>
2023-12-27 21:53:05,207 - rasterio.env - DEBUG - Cleared existing <rasterio._env.GDALEnv object at 0x7f9595419540> options
2023-12-27 21:53:05,207 - rasterio._env - DEBUG - Stopped GDALEnv <rasterio._env.GDALEnv object at 0x7f9595419540>.
2023-12-27 21:53:05,208 - rasterio.env - DEBUG - Exiting outermost env
2023-12-27 21:53:05,208 - rasterio.env - DEBUG - Exited env context: <rasterio.env.Env object at 0x7f9595419570>
2023-12-27 21:53:05,208 - rasterio.env - DEBUG - Entering env context: <rasterio.env.Env object at 0x7f95953d1810>
2023-12-27 21:53:05,208 - rasterio.env - DEBUG - Starting outermost env
2023-12-27 21:53:05,208 - rasterio.env - DEBUG - No GDAL environment exists
2023-12-27 21:53:05,208 - rasterio.env - DEBUG - New GDAL environment <rasterio._env.GDALEnv object at 0x7f9595419540> created
2023-12-27 21:53:05,208 - rasterio._env - DEBUG - GDAL data found in package: path='/home/metpublic/PYTHON_VENV/present_weather/lib/python3.10/site-packages/rasterio/gdal_data'.
2023-12-27 21:53:05,208 - rasterio._env - DEBUG - PROJ data found in package: path='/home/metpublic/PYTHON_VENV/present_weather/lib/python3.10/site-packages/rasterio/proj_data'.
2023-12-27 21:53:05,209 - rasterio._env - DEBUG - Started GDALEnv: self=<rasterio._env.GDALEnv object at 0x7f9595419540>.
2023-12-27 21:53:05,209 - rasterio.env - DEBUG - Entered env context: <rasterio.env.Env object at 0x7f95953d1810>
2023-12-27 21:53:05,209 - rasterio.env - DEBUG - Got a copy of environment <rasterio._env.GDALEnv object at 0x7f9595419540> options
2023-12-27 21:53:05,210 - rasterio.env - DEBUG - Entering env context: <rasterio.env.Env object at 0x7f95941b33d0>
2023-12-27 21:53:05,210 - rasterio.env - DEBUG - Got a copy of environment <rasterio._env.GDALEnv object at 0x7f9595419540> options
2023-12-27 21:53:05,210 - rasterio.env - DEBUG - Entered env context: <rasterio.env.Env object at 0x7f95941b33d0>
2023-12-27 21:53:05,210 - rasterio._base - DEBUG - Sharing flag: 0
2023-12-27 21:53:05,212 - rasterio._base - DEBUG - Nodata success: 1, Nodata value: nan
2023-12-27 21:53:05,212 - rasterio._base - DEBUG - Dataset <open DatasetReader name='https://radar.bmkg.go.id/raster/radarsatelit_202312272110.tif' mode='r'> is started.
2023-12-27 21:53:05,212 - rasterio.env - DEBUG - Exiting env context: <rasterio.env.Env object at 0x7f95941b33d0>
2023-12-27 21:53:05,212 - rasterio.env - DEBUG - Cleared existing <rasterio._env.GDALEnv object at 0x7f9595419540> options
2023-12-27 21:53:05,212 - rasterio._env - DEBUG - Stopped GDALEnv <rasterio._env.GDALEnv object at 0x7f9595419540>.
2023-12-27 21:53:05,212 - rasterio.env - DEBUG - No GDAL environment exists
2023-12-27 21:53:05,212 - rasterio.env - DEBUG - New GDAL environment <rasterio._env.GDALEnv object at 0x7f9595419540> created
2023-12-27 21:53:05,212 - rasterio._env - DEBUG - GDAL data found in package: path='/home/metpublic/PYTHON_VENV/present_weather/lib/python3.10/site-packages/rasterio/gdal_data'.
2023-12-27 21:53:05,212 - rasterio._env - DEBUG - PROJ data found in package: path='/home/metpublic/PYTHON_VENV/present_weather/lib/python3.10/site-packages/rasterio/proj_data'.
2023-12-27 21:53:05,213 - rasterio._env - DEBUG - Started GDALEnv: self=<rasterio._env.GDALEnv object at 0x7f9595419540>.
2023-12-27 21:53:05,213 - rasterio.env - DEBUG - Exited env context: <rasterio.env.Env object at 0x7f95941b33d0>
2023-12-27 21:53:05,232 - rasterio._io - DEBUG - Output nodata value read from file: nan
2023-12-27 21:53:05,232 - rasterio._io - DEBUG - Output nodata values: [nan]
2023-12-27 21:53:05,232 - rasterio._io - DEBUG - all_valid: False
2023-12-27 21:53:05,232 - rasterio._io - DEBUG - mask_flags: ([<MaskFlags.nodata: 8>],)
2023-12-27 21:53:05,232 - rasterio._io - DEBUG - Jump straight to _read()
2023-12-27 21:53:05,232 - rasterio._io - DEBUG - Window: Window(col_off=0, row_off=0, width=10215, height=3792)
2023-12-27 21:53:05,233 - rasterio._io - DEBUG - IO window xoff=0.0 yoff=0.0 width=10215.0 height=3792.0
2023-12-27 21:53:05,790 - rasterio.env - DEBUG - Exiting env context: <rasterio.env.Env object at 0x7f95953d1810>
2023-12-27 21:53:05,790 - rasterio.env - DEBUG - Cleared existing <rasterio._env.GDALEnv object at 0x7f9595419540> options
2023-12-27 21:53:05,790 - rasterio._env - DEBUG - Stopped GDALEnv <rasterio._env.GDALEnv object at 0x7f9595419540>.
2023-12-27 21:53:05,790 - rasterio.env - DEBUG - Exiting outermost env
2023-12-27 21:53:05,790 - rasterio.env - DEBUG - Exited env context: <rasterio.env.Env object at 0x7f95953d1810>
2023-12-27 21:53:05,792 - urllib3.connectionpool - DEBUG - Starting new HTTPS connection (1): radar.bmkg.go.id:8060
2023-12-27 21:53:05,915 - urllib3.connectionpool - DEBUG - https://radar.bmkg.go.id:8060 "GET /getRadarGeotif?token=19387e71e78522ae4172ec0fda640983b8438c9cfa0ca571623cb69d8327&radar=amandemenForecastRadarMosaic&type=latest HTTP/1.1" 200 84
2023-12-27 21:53:05,916 - rasterio.env - DEBUG - Entering env context: <rasterio.env.Env object at 0x7f9595419540>
2023-12-27 21:53:05,916 - rasterio.env - DEBUG - Starting outermost env
2023-12-27 21:53:05,916 - rasterio.env - DEBUG - No GDAL environment exists
2023-12-27 21:53:05,916 - rasterio.env - DEBUG - New GDAL environment <rasterio._env.GDALEnv object at 0x7f9595419510> created
2023-12-27 21:53:05,917 - rasterio._env - DEBUG - GDAL data found in package: path='/home/metpublic/PYTHON_VENV/present_weather/lib/python3.10/site-packages/rasterio/gdal_data'.
2023-12-27 21:53:05,917 - rasterio._env - DEBUG - PROJ data found in package: path='/home/metpublic/PYTHON_VENV/present_weather/lib/python3.10/site-packages/rasterio/proj_data'.
2023-12-27 21:53:05,917 - rasterio._env - DEBUG - Started GDALEnv: self=<rasterio._env.GDALEnv object at 0x7f9595419510>.
2023-12-27 21:53:05,917 - rasterio.env - DEBUG - Entered env context: <rasterio.env.Env object at 0x7f9595419540>
2023-12-27 21:53:05,917 - rasterio._base - DEBUG - Sharing flag: 0
2023-12-27 21:53:05,922 - rasterio._base - DEBUG - Nodata success: 1, Nodata value: nan
2023-12-27 21:53:05,922 - rasterio._base - DEBUG - Dataset <open DatasetReader name='https://radar.bmkg.go.id/raster/mosaic_202312272150.tif' mode='r'> is started.
2023-12-27 21:53:05,922 - rasterio.env - DEBUG - Exiting env context: <rasterio.env.Env object at 0x7f9595419540>
2023-12-27 21:53:05,923 - rasterio.env - DEBUG - Cleared existing <rasterio._env.GDALEnv object at 0x7f9595419510> options
2023-12-27 21:53:05,923 - rasterio._env - DEBUG - Stopped GDALEnv <rasterio._env.GDALEnv object at 0x7f9595419510>.
2023-12-27 21:53:05,923 - rasterio.env - DEBUG - Exiting outermost env
2023-12-27 21:53:05,923 - rasterio.env - DEBUG - Exited env context: <rasterio.env.Env object at 0x7f9595419540>
2023-12-27 21:53:05,923 - rasterio.env - DEBUG - Entering env context: <rasterio.env.Env object at 0x7f95953d1810>
2023-12-27 21:53:05,923 - rasterio.env - DEBUG - Starting outermost env
2023-12-27 21:53:05,923 - rasterio.env - DEBUG - No GDAL environment exists
2023-12-27 21:53:05,923 - rasterio.env - DEBUG - New GDAL environment <rasterio._env.GDALEnv object at 0x7f9595444a30> created
2023-12-27 21:53:05,923 - rasterio._env - DEBUG - GDAL data found in package: path='/home/metpublic/PYTHON_VENV/present_weather/lib/python3.10/site-packages/rasterio/gdal_data'.
2023-12-27 21:53:05,923 - rasterio._env - DEBUG - PROJ data found in package: path='/home/metpublic/PYTHON_VENV/present_weather/lib/python3.10/site-packages/rasterio/proj_data'.
2023-12-27 21:53:05,924 - rasterio._env - DEBUG - Started GDALEnv: self=<rasterio._env.GDALEnv object at 0x7f9595444a30>.
2023-12-27 21:53:05,924 - rasterio.env - DEBUG - Entered env context: <rasterio.env.Env object at 0x7f95953d1810>
2023-12-27 21:53:05,924 - rasterio.env - DEBUG - Got a copy of environment <rasterio._env.GDALEnv object at 0x7f9595444a30> options
2023-12-27 21:53:05,924 - rasterio.env - DEBUG - Entering env context: <rasterio.env.Env object at 0x7f95941b2e60>
2023-12-27 21:53:05,924 - rasterio.env - DEBUG - Got a copy of environment <rasterio._env.GDALEnv object at 0x7f9595444a30> options
2023-12-27 21:53:05,924 - rasterio.env - DEBUG - Entered env context: <rasterio.env.Env object at 0x7f95941b2e60>
2023-12-27 21:53:05,924 - rasterio._base - DEBUG - Sharing flag: 0
2023-12-27 21:53:05,925 - rasterio._base - DEBUG - Nodata success: 1, Nodata value: nan
2023-12-27 21:53:05,925 - rasterio._base - DEBUG - Dataset <open DatasetReader name='https://radar.bmkg.go.id/raster/mosaic_202312272150.tif' mode='r'> is started.
2023-12-27 21:53:05,925 - rasterio.env - DEBUG - Exiting env context: <rasterio.env.Env object at 0x7f95941b2e60>
2023-12-27 21:53:05,925 - rasterio.env - DEBUG - Cleared existing <rasterio._env.GDALEnv object at 0x7f9595444a30> options
2023-12-27 21:53:05,925 - rasterio._env - DEBUG - Stopped GDALEnv <rasterio._env.GDALEnv object at 0x7f9595444a30>.
2023-12-27 21:53:05,925 - rasterio.env - DEBUG - No GDAL environment exists
2023-12-27 21:53:05,925 - rasterio.env - DEBUG - New GDAL environment <rasterio._env.GDALEnv object at 0x7f9595444a30> created
2023-12-27 21:53:05,925 - rasterio._env - DEBUG - GDAL data found in package: path='/home/metpublic/PYTHON_VENV/present_weather/lib/python3.10/site-packages/rasterio/gdal_data'.
2023-12-27 21:53:05,925 - rasterio._env - DEBUG - PROJ data found in package: path='/home/metpublic/PYTHON_VENV/present_weather/lib/python3.10/site-packages/rasterio/proj_data'.
2023-12-27 21:53:05,926 - rasterio._env - DEBUG - Started GDALEnv: self=<rasterio._env.GDALEnv object at 0x7f9595444a30>.
2023-12-27 21:53:05,926 - rasterio.env - DEBUG - Exited env context: <rasterio.env.Env object at 0x7f95941b2e60>
2023-12-27 21:53:05,935 - rasterio._io - DEBUG - Output nodata value read from file: nan
2023-12-27 21:53:05,936 - rasterio._io - DEBUG - Output nodata values: [nan]
2023-12-27 21:53:05,936 - rasterio._io - DEBUG - all_valid: False
2023-12-27 21:53:05,936 - rasterio._io - DEBUG - mask_flags: ([<MaskFlags.nodata: 8>],)
2023-12-27 21:53:05,936 - rasterio._io - DEBUG - Jump straight to _read()
2023-12-27 21:53:05,936 - rasterio._io - DEBUG - Window: Window(col_off=0, row_off=0, width=10215, height=3792)
2023-12-27 21:53:05,936 - rasterio._io - DEBUG - IO window xoff=0.0 yoff=0.0 width=10215.0 height=3792.0
2023-12-27 21:53:10,099 - rasterio.env - DEBUG - Exiting env context: <rasterio.env.Env object at 0x7f95953d1810>
2023-12-27 21:53:10,099 - rasterio.env - DEBUG - Cleared existing <rasterio._env.GDALEnv object at 0x7f9595444a30> options
2023-12-27 21:53:10,099 - rasterio._env - DEBUG - Stopped GDALEnv <rasterio._env.GDALEnv object at 0x7f9595444a30>.
2023-12-27 21:53:10,100 - rasterio.env - DEBUG - Exiting outermost env
2023-12-27 21:53:10,100 - rasterio.env - DEBUG - Exited env context: <rasterio.env.Env object at 0x7f95953d1810>
2023-12-27 22:00:05,365 - root - INFO - Total elapsed time: 0:07:02.216280
