2023-11-05 02:40:03,333 - root - INFO - Initiating present weather
2023-11-05 02:40:03,338 - urllib3.connectionpool - DEBUG - Starting new HTTPS connection (1): radar.bmkg.go.id:8060
2023-11-05 02:40:03,408 - urllib3.connectionpool - DEBUG - https://radar.bmkg.go.id:8060 "GET /getRadarGeotif?token=19387e71e78522ae4172ec0fda640983b8438c9cfa0ca571623cb69d8327&radar=amandemenForecast&type=latest HTTP/1.1" 200 90
2023-11-05 02:40:03,411 - rasterio.env - DEBUG - Entering env context: <rasterio.env.Env object at 0x7f28c323b860>
2023-11-05 02:40:03,412 - rasterio.env - DEBUG - Starting outermost env
2023-11-05 02:40:03,412 - rasterio.env - DEBUG - No GDAL environment exists
2023-11-05 02:40:03,412 - rasterio.env - DEBUG - New GDAL environment <rasterio._env.GDALEnv object at 0x7f290473a230> created
2023-11-05 02:40:03,417 - rasterio._filepath - DEBUG - Installing FilePath filesystem handler plugin...
2023-11-05 02:40:03,417 - rasterio._env - DEBUG - GDAL data found in package: path='/home/swx/miniconda3/envs/present_weather/lib/python3.12/site-packages/rasterio/gdal_data'.
2023-11-05 02:40:03,417 - rasterio._env - DEBUG - PROJ_LIB found in environment.
2023-11-05 02:40:03,417 - rasterio._env - DEBUG - Started GDALEnv: self=<rasterio._env.GDALEnv object at 0x7f290473a230>.
2023-11-05 02:40:03,417 - rasterio.env - DEBUG - Entered env context: <rasterio.env.Env object at 0x7f28c323b860>
2023-11-05 02:40:03,418 - rasterio._base - DEBUG - Sharing flag: 0
2023-11-05 02:40:03,586 - rasterio._base - DEBUG - Nodata success: 1, Nodata value: nan
2023-11-05 02:40:03,586 - rasterio._base - DEBUG - Dataset <open DatasetReader name='https://radar.bmkg.go.id/raster/radarsatelit_202311050220.tif' mode='r'> is started.
2023-11-05 02:40:03,587 - rasterio.env - DEBUG - Exiting env context: <rasterio.env.Env object at 0x7f28c323b860>
2023-11-05 02:40:03,587 - rasterio.env - DEBUG - Cleared existing <rasterio._env.GDALEnv object at 0x7f290473a230> options
2023-11-05 02:40:03,587 - rasterio._env - DEBUG - Stopped GDALEnv <rasterio._env.GDALEnv object at 0x7f290473a230>.
2023-11-05 02:40:03,588 - rasterio.env - DEBUG - Exiting outermost env
2023-11-05 02:40:03,588 - rasterio.env - DEBUG - Exited env context: <rasterio.env.Env object at 0x7f28c323b860>
2023-11-05 02:40:03,588 - rasterio.env - DEBUG - Entering env context: <rasterio.env.Env object at 0x7f28c32bcd40>
2023-11-05 02:40:03,588 - rasterio.env - DEBUG - Starting outermost env
2023-11-05 02:40:03,588 - rasterio.env - DEBUG - No GDAL environment exists
2023-11-05 02:40:03,588 - rasterio.env - DEBUG - New GDAL environment <rasterio._env.GDALEnv object at 0x7f290473a230> created
2023-11-05 02:40:03,589 - rasterio._env - DEBUG - GDAL data found in package: path='/home/swx/miniconda3/envs/present_weather/lib/python3.12/site-packages/rasterio/gdal_data'.
2023-11-05 02:40:03,589 - rasterio._env - DEBUG - PROJ_LIB found in environment.
2023-11-05 02:40:03,589 - rasterio._env - DEBUG - Started GDALEnv: self=<rasterio._env.GDALEnv object at 0x7f290473a230>.
2023-11-05 02:40:03,589 - rasterio.env - DEBUG - Entered env context: <rasterio.env.Env object at 0x7f28c32bcd40>
2023-11-05 02:40:03,590 - rasterio.env - DEBUG - Got a copy of environment <rasterio._env.GDALEnv object at 0x7f290473a230> options
2023-11-05 02:40:03,590 - rasterio.env - DEBUG - Entering env context: <rasterio.env.Env object at 0x7f28c307ef00>
2023-11-05 02:40:03,590 - rasterio.env - DEBUG - Got a copy of environment <rasterio._env.GDALEnv object at 0x7f290473a230> options
2023-11-05 02:40:03,590 - rasterio.env - DEBUG - Entered env context: <rasterio.env.Env object at 0x7f28c307ef00>
2023-11-05 02:40:03,591 - rasterio._base - DEBUG - Sharing flag: 0
2023-11-05 02:40:03,592 - rasterio._base - DEBUG - Nodata success: 1, Nodata value: nan
2023-11-05 02:40:03,592 - rasterio._base - DEBUG - Dataset <open DatasetReader name='https://radar.bmkg.go.id/raster/radarsatelit_202311050220.tif' mode='r'> is started.
2023-11-05 02:40:03,592 - rasterio.env - DEBUG - Exiting env context: <rasterio.env.Env object at 0x7f28c307ef00>
2023-11-05 02:40:03,592 - rasterio.env - DEBUG - Cleared existing <rasterio._env.GDALEnv object at 0x7f290473a230> options
2023-11-05 02:40:03,592 - rasterio._env - DEBUG - Stopped GDALEnv <rasterio._env.GDALEnv object at 0x7f290473a230>.
2023-11-05 02:40:03,592 - rasterio.env - DEBUG - No GDAL environment exists
2023-11-05 02:40:03,592 - rasterio.env - DEBUG - New GDAL environment <rasterio._env.GDALEnv object at 0x7f290473a230> created
2023-11-05 02:40:03,593 - rasterio._env - DEBUG - GDAL data found in package: path='/home/swx/miniconda3/envs/present_weather/lib/python3.12/site-packages/rasterio/gdal_data'.
2023-11-05 02:40:03,593 - rasterio._env - DEBUG - PROJ_LIB found in environment.
2023-11-05 02:40:03,593 - rasterio._env - DEBUG - Started GDALEnv: self=<rasterio._env.GDALEnv object at 0x7f290473a230>.
2023-11-05 02:40:03,593 - rasterio.env - DEBUG - Exited env context: <rasterio.env.Env object at 0x7f28c307ef00>
2023-11-05 02:40:03,626 - rasterio._io - DEBUG - Output nodata value read from file: nan
2023-11-05 02:40:03,626 - rasterio._io - DEBUG - Output nodata values: [nan]
2023-11-05 02:40:03,627 - rasterio._io - DEBUG - all_valid: False
2023-11-05 02:40:03,627 - rasterio._io - DEBUG - mask_flags: ([<MaskFlags.nodata: 8>],)
2023-11-05 02:40:03,627 - rasterio._io - DEBUG - Jump straight to _read()
2023-11-05 02:40:03,627 - rasterio._io - DEBUG - Window: Window(col_off=0, row_off=0, width=10215, height=3792)
2023-11-05 02:40:03,628 - rasterio._io - DEBUG - IO window xoff=0.0 yoff=0.0 width=10215.0 height=3792.0
2023-11-05 02:40:04,256 - rasterio.env - DEBUG - Exiting env context: <rasterio.env.Env object at 0x7f28c32bcd40>
2023-11-05 02:40:04,256 - rasterio.env - DEBUG - Cleared existing <rasterio._env.GDALEnv object at 0x7f290473a230> options
2023-11-05 02:40:04,256 - rasterio._env - DEBUG - Stopped GDALEnv <rasterio._env.GDALEnv object at 0x7f290473a230>.
2023-11-05 02:40:04,256 - rasterio.env - DEBUG - Exiting outermost env
2023-11-05 02:40:04,256 - rasterio.env - DEBUG - Exited env context: <rasterio.env.Env object at 0x7f28c32bcd40>
2023-11-05 02:40:04,258 - urllib3.connectionpool - DEBUG - Starting new HTTPS connection (1): radar.bmkg.go.id:8060
2023-11-05 02:40:04,333 - urllib3.connectionpool - DEBUG - https://radar.bmkg.go.id:8060 "GET /getLatestLD?typeData=1 HTTP/1.1" 200 63148
2023-11-05 02:40:04,364 - asyncio - DEBUG - Using selector: EpollSelector
2023-11-05 02:59:38,070 - root - INFO - Total elapsed time: 0:19:34.738303
