2023-11-24 14:43:03,371 - root - INFO - Initiating present weather
2023-11-24 14:43:03,374 - asyncio - DEBUG - Using selector: EpollSelector
2023-11-24 14:43:06,657 - urllib3.connectionpool - DEBUG - Starting new HTTPS connection (1): radar.bmkg.go.id:8060
2023-11-24 14:43:11,732 - urllib3.connectionpool - DEBUG - https://radar.bmkg.go.id:8060 "GET /getRadarGeotif?token=19387e71e78522ae4172ec0fda640983b8438c9cfa0ca571623cb69d8327&radar=amandemenForecast&type=latest HTTP/1.1" 200 90
2023-11-24 14:43:11,735 - rasterio.env - DEBUG - Entering env context: <rasterio.env.Env object at 0x7facb51ce5d0>
2023-11-24 14:43:11,736 - rasterio.env - DEBUG - Starting outermost env
2023-11-24 14:43:11,736 - rasterio.env - DEBUG - No GDAL environment exists
2023-11-24 14:43:11,737 - rasterio.env - DEBUG - New GDAL environment <rasterio._env.GDALEnv object at 0x7facb51cf580> created
2023-11-24 14:43:11,741 - rasterio._filepath - DEBUG - Installing FilePath filesystem handler plugin...
2023-11-24 14:43:11,741 - rasterio._env - DEBUG - GDAL data found in package: path='/home/swx/miniconda3/envs/present_weather/lib/python3.12/site-packages/rasterio/gdal_data'.
2023-11-24 14:43:11,742 - rasterio._env - DEBUG - PROJ_LIB found in environment.
2023-11-24 14:43:11,742 - rasterio._env - DEBUG - Started GDALEnv: self=<rasterio._env.GDALEnv object at 0x7facb51cf580>.
2023-11-24 14:43:11,742 - rasterio.env - DEBUG - Entered env context: <rasterio.env.Env object at 0x7facb51ce5d0>
2023-11-24 14:43:11,742 - rasterio._base - DEBUG - Sharing flag: 0
2023-11-24 14:43:11,941 - rasterio._base - DEBUG - Nodata success: 1, Nodata value: nan
2023-11-24 14:43:11,942 - rasterio._base - DEBUG - Dataset <open DatasetReader name='https://radar.bmkg.go.id/raster/radarsatelit_202311241440.tif' mode='r'> is started.
2023-11-24 14:43:11,943 - rasterio.env - DEBUG - Exiting env context: <rasterio.env.Env object at 0x7facb51ce5d0>
2023-11-24 14:43:11,943 - rasterio.env - DEBUG - Cleared existing <rasterio._env.GDALEnv object at 0x7facb51cf580> options
2023-11-24 14:43:11,943 - rasterio._env - DEBUG - Stopped GDALEnv <rasterio._env.GDALEnv object at 0x7facb51cf580>.
2023-11-24 14:43:11,943 - rasterio.env - DEBUG - Exiting outermost env
2023-11-24 14:43:11,944 - rasterio.env - DEBUG - Exited env context: <rasterio.env.Env object at 0x7facb51ce5d0>
2023-11-24 14:43:11,944 - rasterio.env - DEBUG - Entering env context: <rasterio.env.Env object at 0x7facb53015b0>
2023-11-24 14:43:11,944 - rasterio.env - DEBUG - Starting outermost env
2023-11-24 14:43:11,944 - rasterio.env - DEBUG - No GDAL environment exists
2023-11-24 14:43:11,944 - rasterio.env - DEBUG - New GDAL environment <rasterio._env.GDALEnv object at 0x7facb51cf580> created
2023-11-24 14:43:11,945 - rasterio._env - DEBUG - GDAL data found in package: path='/home/swx/miniconda3/envs/present_weather/lib/python3.12/site-packages/rasterio/gdal_data'.
2023-11-24 14:43:11,945 - rasterio._env - DEBUG - PROJ_LIB found in environment.
2023-11-24 14:43:11,945 - rasterio._env - DEBUG - Started GDALEnv: self=<rasterio._env.GDALEnv object at 0x7facb51cf580>.
2023-11-24 14:43:11,945 - rasterio.env - DEBUG - Entered env context: <rasterio.env.Env object at 0x7facb53015b0>
2023-11-24 14:43:11,946 - rasterio.env - DEBUG - Got a copy of environment <rasterio._env.GDALEnv object at 0x7facb51cf580> options
2023-11-24 14:43:11,946 - rasterio.env - DEBUG - Entering env context: <rasterio.env.Env object at 0x7fac9e381220>
2023-11-24 14:43:11,946 - rasterio.env - DEBUG - Got a copy of environment <rasterio._env.GDALEnv object at 0x7facb51cf580> options
2023-11-24 14:43:11,946 - rasterio.env - DEBUG - Entered env context: <rasterio.env.Env object at 0x7fac9e381220>
2023-11-24 14:43:11,946 - rasterio._base - DEBUG - Sharing flag: 0
2023-11-24 14:43:11,948 - rasterio._base - DEBUG - Nodata success: 1, Nodata value: nan
2023-11-24 14:43:11,948 - rasterio._base - DEBUG - Dataset <open DatasetReader name='https://radar.bmkg.go.id/raster/radarsatelit_202311241440.tif' mode='r'> is started.
2023-11-24 14:43:11,948 - rasterio.env - DEBUG - Exiting env context: <rasterio.env.Env object at 0x7fac9e381220>
2023-11-24 14:43:11,949 - rasterio.env - DEBUG - Cleared existing <rasterio._env.GDALEnv object at 0x7facb51cf580> options
2023-11-24 14:43:11,949 - rasterio._env - DEBUG - Stopped GDALEnv <rasterio._env.GDALEnv object at 0x7facb51cf580>.
2023-11-24 14:43:11,949 - rasterio.env - DEBUG - No GDAL environment exists
2023-11-24 14:43:11,949 - rasterio.env - DEBUG - New GDAL environment <rasterio._env.GDALEnv object at 0x7facb51cf580> created
2023-11-24 14:43:11,949 - rasterio._env - DEBUG - GDAL data found in package: path='/home/swx/miniconda3/envs/present_weather/lib/python3.12/site-packages/rasterio/gdal_data'.
2023-11-24 14:43:11,949 - rasterio._env - DEBUG - PROJ_LIB found in environment.
2023-11-24 14:43:11,950 - rasterio._env - DEBUG - Started GDALEnv: self=<rasterio._env.GDALEnv object at 0x7facb51cf580>.
2023-11-24 14:43:11,950 - rasterio.env - DEBUG - Exited env context: <rasterio.env.Env object at 0x7fac9e381220>
2023-11-24 14:43:11,976 - rasterio._io - DEBUG - Output nodata value read from file: nan
2023-11-24 14:43:11,976 - rasterio._io - DEBUG - Output nodata values: [nan]
2023-11-24 14:43:11,976 - rasterio._io - DEBUG - all_valid: False
2023-11-24 14:43:11,976 - rasterio._io - DEBUG - mask_flags: ([<MaskFlags.nodata: 8>],)
2023-11-24 14:43:11,977 - rasterio._io - DEBUG - Jump straight to _read()
2023-11-24 14:43:11,977 - rasterio._io - DEBUG - Window: Window(col_off=0, row_off=0, width=10215, height=3792)
2023-11-24 14:43:11,977 - rasterio._io - DEBUG - IO window xoff=0.0 yoff=0.0 width=10215.0 height=3792.0
2023-11-24 14:43:12,829 - rasterio.env - DEBUG - Exiting env context: <rasterio.env.Env object at 0x7facb53015b0>
2023-11-24 14:43:12,830 - rasterio.env - DEBUG - Cleared existing <rasterio._env.GDALEnv object at 0x7facb51cf580> options
2023-11-24 14:43:12,830 - rasterio._env - DEBUG - Stopped GDALEnv <rasterio._env.GDALEnv object at 0x7facb51cf580>.
2023-11-24 14:43:12,830 - rasterio.env - DEBUG - Exiting outermost env
2023-11-24 14:43:12,830 - rasterio.env - DEBUG - Exited env context: <rasterio.env.Env object at 0x7facb53015b0>
2023-11-24 14:43:12,832 - urllib3.connectionpool - DEBUG - Starting new HTTPS connection (1): radar.bmkg.go.id:8060
2023-11-24 14:43:12,875 - urllib3.connectionpool - DEBUG - https://radar.bmkg.go.id:8060 "GET /getLatestLD?typeData=1 HTTP/1.1" 200 897
2023-11-24 14:43:12,886 - root - INFO - Generating present weather using RADAR data
2023-11-24 14:43:16,229 - root - INFO - dask.bag<lambda, npartitions=20>
2023-11-24 14:56:05,410 - root - INFO - Total elapsed time: 0:13:02.040358
