2023-12-05 20:43:02,741 - root - INFO - Initiating present weather
2023-12-05 20:43:02,743 - asyncio - DEBUG - Using selector: EpollSelector
2023-12-05 20:43:04,292 - urllib3.connectionpool - DEBUG - Starting new HTTPS connection (1): radar.bmkg.go.id:8060
2023-12-05 20:43:04,311 - urllib3.connectionpool - DEBUG - https://radar.bmkg.go.id:8060 "GET /getLatestLD?typeData=1 HTTP/1.1" 200 62
2023-12-05 20:43:04,313 - urllib3.connectionpool - DEBUG - Starting new HTTPS connection (1): radar.bmkg.go.id:8060
2023-12-05 20:43:04,333 - urllib3.connectionpool - DEBUG - https://radar.bmkg.go.id:8060 "GET /getRadarGeotif?token=19387e71e78522ae4172ec0fda640983b8438c9cfa0ca571623cb69d8327&radar=amandemenForecast&type=latest HTTP/1.1" 200 90
2023-12-05 20:43:04,333 - rasterio.env - DEBUG - Entering env context: <rasterio.env.Env object at 0x7fe520d0ad10>
2023-12-05 20:43:04,334 - rasterio.env - DEBUG - Starting outermost env
2023-12-05 20:43:04,334 - rasterio.env - DEBUG - No GDAL environment exists
2023-12-05 20:43:04,334 - rasterio.env - DEBUG - New GDAL environment <rasterio._env.GDALEnv object at 0x7fe520d0acb0> created
2023-12-05 20:43:04,336 - rasterio._filepath - DEBUG - Installing FilePath filesystem handler plugin...
2023-12-05 20:43:04,336 - rasterio._env - DEBUG - GDAL data found in package: path='/home/metpublic/PYTHON_VENV/present_weather/lib/python3.10/site-packages/rasterio/gdal_data'.
2023-12-05 20:43:04,337 - rasterio._env - DEBUG - PROJ data found in package: path='/home/metpublic/PYTHON_VENV/present_weather/lib/python3.10/site-packages/rasterio/proj_data'.
2023-12-05 20:43:04,337 - rasterio._env - DEBUG - Started GDALEnv: self=<rasterio._env.GDALEnv object at 0x7fe520d0acb0>.
2023-12-05 20:43:04,337 - rasterio.env - DEBUG - Entered env context: <rasterio.env.Env object at 0x7fe520d0ad10>
2023-12-05 20:43:04,337 - rasterio._base - DEBUG - Sharing flag: 0
2023-12-05 20:43:04,576 - rasterio._base - DEBUG - Nodata success: 1, Nodata value: nan
2023-12-05 20:43:04,576 - rasterio._base - DEBUG - Dataset <open DatasetReader name='https://radar.bmkg.go.id/raster/radarsatelit_202312052040.tif' mode='r'> is started.
2023-12-05 20:43:04,577 - rasterio.env - DEBUG - Exiting env context: <rasterio.env.Env object at 0x7fe520d0ad10>
2023-12-05 20:43:04,577 - rasterio.env - DEBUG - Cleared existing <rasterio._env.GDALEnv object at 0x7fe520d0acb0> options
2023-12-05 20:43:04,577 - rasterio._env - DEBUG - Stopped GDALEnv <rasterio._env.GDALEnv object at 0x7fe520d0acb0>.
2023-12-05 20:43:04,577 - rasterio.env - DEBUG - Exiting outermost env
2023-12-05 20:43:04,577 - rasterio.env - DEBUG - Exited env context: <rasterio.env.Env object at 0x7fe520d0ad10>
2023-12-05 20:43:04,578 - rasterio.env - DEBUG - Entering env context: <rasterio.env.Env object at 0x7fe520d0a980>
2023-12-05 20:43:04,578 - rasterio.env - DEBUG - Starting outermost env
2023-12-05 20:43:04,578 - rasterio.env - DEBUG - No GDAL environment exists
2023-12-05 20:43:04,578 - rasterio.env - DEBUG - New GDAL environment <rasterio._env.GDALEnv object at 0x7fe520d0acb0> created
2023-12-05 20:43:04,578 - rasterio._env - DEBUG - GDAL data found in package: path='/home/metpublic/PYTHON_VENV/present_weather/lib/python3.10/site-packages/rasterio/gdal_data'.
2023-12-05 20:43:04,579 - rasterio._env - DEBUG - PROJ data found in package: path='/home/metpublic/PYTHON_VENV/present_weather/lib/python3.10/site-packages/rasterio/proj_data'.
2023-12-05 20:43:04,579 - rasterio._env - DEBUG - Started GDALEnv: self=<rasterio._env.GDALEnv object at 0x7fe520d0acb0>.
2023-12-05 20:43:04,579 - rasterio.env - DEBUG - Entered env context: <rasterio.env.Env object at 0x7fe520d0a980>
2023-12-05 20:43:04,579 - rasterio.env - DEBUG - Got a copy of environment <rasterio._env.GDALEnv object at 0x7fe520d0acb0> options
2023-12-05 20:43:04,580 - rasterio.env - DEBUG - Entering env context: <rasterio.env.Env object at 0x7fe5202a6140>
2023-12-05 20:43:04,580 - rasterio.env - DEBUG - Got a copy of environment <rasterio._env.GDALEnv object at 0x7fe520d0acb0> options
2023-12-05 20:43:04,580 - rasterio.env - DEBUG - Entered env context: <rasterio.env.Env object at 0x7fe5202a6140>
2023-12-05 20:43:04,580 - rasterio._base - DEBUG - Sharing flag: 0
2023-12-05 20:43:04,581 - rasterio._base - DEBUG - Nodata success: 1, Nodata value: nan
2023-12-05 20:43:04,581 - rasterio._base - DEBUG - Dataset <open DatasetReader name='https://radar.bmkg.go.id/raster/radarsatelit_202312052040.tif' mode='r'> is started.
2023-12-05 20:43:04,581 - rasterio.env - DEBUG - Exiting env context: <rasterio.env.Env object at 0x7fe5202a6140>
2023-12-05 20:43:04,581 - rasterio.env - DEBUG - Cleared existing <rasterio._env.GDALEnv object at 0x7fe520d0acb0> options
2023-12-05 20:43:04,581 - rasterio._env - DEBUG - Stopped GDALEnv <rasterio._env.GDALEnv object at 0x7fe520d0acb0>.
2023-12-05 20:43:04,581 - rasterio.env - DEBUG - No GDAL environment exists
2023-12-05 20:43:04,581 - rasterio.env - DEBUG - New GDAL environment <rasterio._env.GDALEnv object at 0x7fe520d0acb0> created
2023-12-05 20:43:04,581 - rasterio._env - DEBUG - GDAL data found in package: path='/home/metpublic/PYTHON_VENV/present_weather/lib/python3.10/site-packages/rasterio/gdal_data'.
2023-12-05 20:43:04,582 - rasterio._env - DEBUG - PROJ data found in package: path='/home/metpublic/PYTHON_VENV/present_weather/lib/python3.10/site-packages/rasterio/proj_data'.
2023-12-05 20:43:04,582 - rasterio._env - DEBUG - Started GDALEnv: self=<rasterio._env.GDALEnv object at 0x7fe520d0acb0>.
2023-12-05 20:43:04,582 - rasterio.env - DEBUG - Exited env context: <rasterio.env.Env object at 0x7fe5202a6140>
2023-12-05 20:43:04,600 - rasterio._io - DEBUG - Output nodata value read from file: nan
2023-12-05 20:43:04,600 - rasterio._io - DEBUG - Output nodata values: [nan]
2023-12-05 20:43:04,601 - rasterio._io - DEBUG - all_valid: False
2023-12-05 20:43:04,601 - rasterio._io - DEBUG - mask_flags: ([<MaskFlags.nodata: 8>],)
2023-12-05 20:43:04,601 - rasterio._io - DEBUG - Jump straight to _read()
2023-12-05 20:43:04,601 - rasterio._io - DEBUG - Window: Window(col_off=0, row_off=0, width=10177, height=3732)
2023-12-05 20:43:04,601 - rasterio._io - DEBUG - IO window xoff=0.0 yoff=0.0 width=10177.0 height=3732.0
2023-12-05 20:43:05,123 - rasterio.env - DEBUG - Exiting env context: <rasterio.env.Env object at 0x7fe520d0a980>
2023-12-05 20:43:05,123 - rasterio.env - DEBUG - Cleared existing <rasterio._env.GDALEnv object at 0x7fe520d0acb0> options
2023-12-05 20:43:05,124 - rasterio._env - DEBUG - Stopped GDALEnv <rasterio._env.GDALEnv object at 0x7fe520d0acb0>.
2023-12-05 20:43:05,124 - rasterio.env - DEBUG - Exiting outermost env
2023-12-05 20:43:05,124 - rasterio.env - DEBUG - Exited env context: <rasterio.env.Env object at 0x7fe520d0a980>
2023-12-05 20:45:31,904 - rasterio.env - DEBUG - Entering env context: <rasterio.env.Env object at 0x7fe520123100>
2023-12-05 20:45:31,904 - rasterio.env - DEBUG - Starting outermost env
2023-12-05 20:45:31,904 - rasterio.env - DEBUG - No GDAL environment exists
2023-12-05 20:45:31,904 - rasterio.env - DEBUG - New GDAL environment <rasterio._env.GDALEnv object at 0x7fe5201209a0> created
2023-12-05 20:45:31,905 - rasterio._env - DEBUG - GDAL data found in package: path='/home/metpublic/PYTHON_VENV/present_weather/lib/python3.10/site-packages/rasterio/gdal_data'.
2023-12-05 20:45:31,905 - rasterio._env - DEBUG - PROJ data found in package: path='/home/metpublic/PYTHON_VENV/present_weather/lib/python3.10/site-packages/rasterio/proj_data'.
2023-12-05 20:45:31,905 - rasterio._env - DEBUG - Started GDALEnv: self=<rasterio._env.GDALEnv object at 0x7fe5201209a0>.
2023-12-05 20:45:31,905 - rasterio.env - DEBUG - Entered env context: <rasterio.env.Env object at 0x7fe520123100>
2023-12-05 20:45:31,905 - rasterio._base - DEBUG - Sharing flag: 0
2023-12-05 20:45:31,907 - rasterio._base - DEBUG - Nodata success: 0, Nodata value: 0.000000
2023-12-05 20:45:31,907 - rasterio._base - DEBUG - Dataset <open DatasetReader name='/home/metpublic/TASK_RELEASE/EFAN/present_weather/src/H09_B13_Indonesia_20231205.Z2030.cor.tiff' mode='r'> is started.
2023-12-05 20:45:31,907 - rasterio.env - DEBUG - Exiting env context: <rasterio.env.Env object at 0x7fe520123100>
2023-12-05 20:45:31,907 - rasterio.env - DEBUG - Cleared existing <rasterio._env.GDALEnv object at 0x7fe5201209a0> options
2023-12-05 20:45:31,907 - rasterio._env - DEBUG - Stopped GDALEnv <rasterio._env.GDALEnv object at 0x7fe5201209a0>.
2023-12-05 20:45:31,907 - rasterio.env - DEBUG - Exiting outermost env
2023-12-05 20:45:31,907 - rasterio.env - DEBUG - Exited env context: <rasterio.env.Env object at 0x7fe520123100>
2023-12-05 20:45:31,908 - rasterio.env - DEBUG - Entering env context: <rasterio.env.Env object at 0x7fe51866f4f0>
2023-12-05 20:45:31,908 - rasterio.env - DEBUG - Starting outermost env
2023-12-05 20:45:31,908 - rasterio.env - DEBUG - No GDAL environment exists
2023-12-05 20:45:31,908 - rasterio.env - DEBUG - New GDAL environment <rasterio._env.GDALEnv object at 0x7fe51866fca0> created
2023-12-05 20:45:31,908 - rasterio._env - DEBUG - GDAL data found in package: path='/home/metpublic/PYTHON_VENV/present_weather/lib/python3.10/site-packages/rasterio/gdal_data'.
2023-12-05 20:45:31,909 - rasterio._env - DEBUG - PROJ data found in package: path='/home/metpublic/PYTHON_VENV/present_weather/lib/python3.10/site-packages/rasterio/proj_data'.
2023-12-05 20:45:31,909 - rasterio._env - DEBUG - Started GDALEnv: self=<rasterio._env.GDALEnv object at 0x7fe51866fca0>.
2023-12-05 20:45:31,909 - rasterio.env - DEBUG - Entered env context: <rasterio.env.Env object at 0x7fe51866f4f0>
2023-12-05 20:45:31,909 - rasterio._base - DEBUG - Sharing flag: 0
2023-12-05 20:45:31,910 - rasterio._base - DEBUG - Nodata success: 0, Nodata value: 0.000000
2023-12-05 20:45:31,910 - rasterio._base - DEBUG - Dataset <open DatasetReader name='/home/metpublic/TASK_RELEASE/EFAN/present_weather/src/H09_B13_Indonesia_20231205.Z2030.cor.tiff' mode='r'> is started.
2023-12-05 20:45:31,910 - rasterio.env - DEBUG - Exiting env context: <rasterio.env.Env object at 0x7fe51866f4f0>
2023-12-05 20:45:31,910 - rasterio.env - DEBUG - Cleared existing <rasterio._env.GDALEnv object at 0x7fe51866fca0> options
2023-12-05 20:45:31,910 - rasterio._env - DEBUG - Stopped GDALEnv <rasterio._env.GDALEnv object at 0x7fe51866fca0>.
2023-12-05 20:45:31,910 - rasterio.env - DEBUG - Exiting outermost env
2023-12-05 20:45:31,910 - rasterio.env - DEBUG - Exited env context: <rasterio.env.Env object at 0x7fe51866f4f0>
2023-12-05 20:45:31,921 - root - INFO - Generating present weather using SATELITE data
2023-12-05 20:48:11,237 - root - INFO - Total elapsed time: 0:05:08.496172
