2023-11-27 00:13:02,702 - root - INFO - Initiating present weather
2023-11-27 00:13:02,704 - asyncio - DEBUG - Using selector: EpollSelector
2023-11-27 00:13:04,178 - urllib3.connectionpool - DEBUG - Starting new HTTPS connection (1): radar.bmkg.go.id:8060
2023-11-27 00:13:04,202 - urllib3.connectionpool - DEBUG - https://radar.bmkg.go.id:8060 "GET /getRadarGeotif?token=19387e71e78522ae4172ec0fda640983b8438c9cfa0ca571623cb69d8327&radar=amandemenForecast&type=latest HTTP/1.1" 200 53
2023-11-27 00:13:05,845 - rasterio.env - DEBUG - Entering env context: <rasterio.env.Env object at 0x7f7fee8e3760>
2023-11-27 00:13:05,845 - rasterio.env - DEBUG - Starting outermost env
2023-11-27 00:13:05,845 - rasterio.env - DEBUG - No GDAL environment exists
2023-11-27 00:13:05,845 - rasterio.env - DEBUG - New GDAL environment <rasterio._env.GDALEnv object at 0x7f7fee8e36a0> created
2023-11-27 00:13:05,849 - rasterio._filepath - DEBUG - Installing FilePath filesystem handler plugin...
2023-11-27 00:13:05,849 - rasterio._env - DEBUG - GDAL data found in package: path='/home/metpublic/PYTHON_VENV/present_weather/lib/python3.10/site-packages/rasterio/gdal_data'.
2023-11-27 00:13:05,850 - rasterio._env - DEBUG - PROJ data found in package: path='/home/metpublic/PYTHON_VENV/present_weather/lib/python3.10/site-packages/rasterio/proj_data'.
2023-11-27 00:13:05,850 - rasterio._env - DEBUG - Started GDALEnv: self=<rasterio._env.GDALEnv object at 0x7f7fee8e36a0>.
2023-11-27 00:13:05,851 - rasterio.env - DEBUG - Entered env context: <rasterio.env.Env object at 0x7f7fee8e3760>
2023-11-27 00:13:05,851 - rasterio._base - DEBUG - Sharing flag: 0
2023-11-27 00:13:05,861 - rasterio._base - DEBUG - Nodata success: 0, Nodata value: 0.000000
2023-11-27 00:13:05,862 - rasterio._base - DEBUG - Dataset <open DatasetReader name='/home/metpublic/TASK_RELEASE/EFAN/present_weather/src/H09_B13_Indonesia_20231127.Z0000.cor.tiff' mode='r'> is started.
2023-11-27 00:13:05,862 - rasterio.env - DEBUG - Exiting env context: <rasterio.env.Env object at 0x7f7fee8e3760>
2023-11-27 00:13:05,862 - rasterio.env - DEBUG - Cleared existing <rasterio._env.GDALEnv object at 0x7f7fee8e36a0> options
2023-11-27 00:13:05,862 - rasterio._env - DEBUG - Stopped GDALEnv <rasterio._env.GDALEnv object at 0x7f7fee8e36a0>.
2023-11-27 00:13:05,862 - rasterio.env - DEBUG - Exiting outermost env
2023-11-27 00:13:05,862 - rasterio.env - DEBUG - Exited env context: <rasterio.env.Env object at 0x7f7fee8e3760>
2023-11-27 00:13:05,862 - rasterio.env - DEBUG - Entering env context: <rasterio.env.Env object at 0x7f7fd47491b0>
2023-11-27 00:13:05,862 - rasterio.env - DEBUG - Starting outermost env
2023-11-27 00:13:05,862 - rasterio.env - DEBUG - No GDAL environment exists
2023-11-27 00:13:05,862 - rasterio.env - DEBUG - New GDAL environment <rasterio._env.GDALEnv object at 0x7f7fd4748430> created
2023-11-27 00:13:05,863 - rasterio._env - DEBUG - GDAL data found in package: path='/home/metpublic/PYTHON_VENV/present_weather/lib/python3.10/site-packages/rasterio/gdal_data'.
2023-11-27 00:13:05,863 - rasterio._env - DEBUG - PROJ data found in package: path='/home/metpublic/PYTHON_VENV/present_weather/lib/python3.10/site-packages/rasterio/proj_data'.
2023-11-27 00:13:05,863 - rasterio._env - DEBUG - Started GDALEnv: self=<rasterio._env.GDALEnv object at 0x7f7fd4748430>.
2023-11-27 00:13:05,863 - rasterio.env - DEBUG - Entered env context: <rasterio.env.Env object at 0x7f7fd47491b0>
2023-11-27 00:13:05,863 - rasterio._base - DEBUG - Sharing flag: 0
2023-11-27 00:13:05,864 - rasterio._base - DEBUG - Nodata success: 0, Nodata value: 0.000000
2023-11-27 00:13:05,864 - rasterio._base - DEBUG - Dataset <open DatasetReader name='/home/metpublic/TASK_RELEASE/EFAN/present_weather/src/H09_B13_Indonesia_20231127.Z0000.cor.tiff' mode='r'> is started.
2023-11-27 00:13:05,864 - rasterio.env - DEBUG - Exiting env context: <rasterio.env.Env object at 0x7f7fd47491b0>
2023-11-27 00:13:05,865 - rasterio.env - DEBUG - Cleared existing <rasterio._env.GDALEnv object at 0x7f7fd4748430> options
2023-11-27 00:13:05,865 - rasterio._env - DEBUG - Stopped GDALEnv <rasterio._env.GDALEnv object at 0x7f7fd4748430>.
2023-11-27 00:13:05,865 - rasterio.env - DEBUG - Exiting outermost env
2023-11-27 00:13:05,865 - rasterio.env - DEBUG - Exited env context: <rasterio.env.Env object at 0x7f7fd47491b0>
2023-11-27 00:13:05,874 - root - INFO - Generating present weather using SATELITE data
2023-11-27 00:14:03,337 - root - INFO - Total elapsed time: 0:01:00.635770
