2023-11-23 03:23:03,628 - root - INFO - Initiating present weather
2023-11-23 03:23:03,631 - asyncio - DEBUG - Using selector: EpollSelector
2023-11-23 03:23:06,914 - urllib3.connectionpool - DEBUG - Starting new HTTPS connection (1): radar.bmkg.go.id:8060
2023-11-23 03:23:06,971 - urllib3.connectionpool - DEBUG - https://radar.bmkg.go.id:8060 "GET /getRadarGeotif?token=19387e71e78522ae4172ec0fda640983b8438c9cfa0ca571623cb69d8327&radar=amandemenForecast&type=latest HTTP/1.1" 200 90
2023-11-23 03:23:06,973 - rasterio.env - DEBUG - Entering env context: <rasterio.env.Env object at 0x7fa64dfe2180>
2023-11-23 03:23:06,974 - rasterio.env - DEBUG - Starting outermost env
2023-11-23 03:23:06,974 - rasterio.env - DEBUG - No GDAL environment exists
2023-11-23 03:23:06,974 - rasterio.env - DEBUG - New GDAL environment <rasterio._env.GDALEnv object at 0x7fa64e102200> created
2023-11-23 03:23:06,978 - rasterio._filepath - DEBUG - Installing FilePath filesystem handler plugin...
2023-11-23 03:23:06,979 - rasterio._env - DEBUG - GDAL data found in package: path='/home/swx/miniconda3/envs/present_weather/lib/python3.12/site-packages/rasterio/gdal_data'.
2023-11-23 03:23:06,979 - rasterio._env - DEBUG - PROJ_LIB found in environment.
2023-11-23 03:23:06,979 - rasterio._env - DEBUG - Started GDALEnv: self=<rasterio._env.GDALEnv object at 0x7fa64e102200>.
2023-11-23 03:23:06,979 - rasterio.env - DEBUG - Entered env context: <rasterio.env.Env object at 0x7fa64dfe2180>
2023-11-23 03:23:06,979 - rasterio._base - DEBUG - Sharing flag: 0
2023-11-23 03:23:07,204 - rasterio._base - DEBUG - Nodata success: 1, Nodata value: nan
2023-11-23 03:23:07,204 - rasterio._base - DEBUG - Dataset <open DatasetReader name='https://radar.bmkg.go.id/raster/radarsatelit_202311230320.tif' mode='r'> is started.
2023-11-23 03:23:07,204 - rasterio.env - DEBUG - Exiting env context: <rasterio.env.Env object at 0x7fa64dfe2180>
2023-11-23 03:23:07,205 - rasterio.env - DEBUG - Cleared existing <rasterio._env.GDALEnv object at 0x7fa64e102200> options
2023-11-23 03:23:07,205 - rasterio._env - DEBUG - Stopped GDALEnv <rasterio._env.GDALEnv object at 0x7fa64e102200>.
2023-11-23 03:23:07,205 - rasterio.env - DEBUG - Exiting outermost env
2023-11-23 03:23:07,205 - rasterio.env - DEBUG - Exited env context: <rasterio.env.Env object at 0x7fa64dfe2180>
2023-11-23 03:23:07,205 - rasterio.env - DEBUG - Entering env context: <rasterio.env.Env object at 0x7fa64dfe2210>
2023-11-23 03:23:07,205 - rasterio.env - DEBUG - Starting outermost env
2023-11-23 03:23:07,205 - rasterio.env - DEBUG - No GDAL environment exists
2023-11-23 03:23:07,205 - rasterio.env - DEBUG - New GDAL environment <rasterio._env.GDALEnv object at 0x7fa64e102200> created
2023-11-23 03:23:07,206 - rasterio._env - DEBUG - GDAL data found in package: path='/home/swx/miniconda3/envs/present_weather/lib/python3.12/site-packages/rasterio/gdal_data'.
2023-11-23 03:23:07,206 - rasterio._env - DEBUG - PROJ_LIB found in environment.
2023-11-23 03:23:07,207 - rasterio._env - DEBUG - Started GDALEnv: self=<rasterio._env.GDALEnv object at 0x7fa64e102200>.
2023-11-23 03:23:07,207 - rasterio.env - DEBUG - Entered env context: <rasterio.env.Env object at 0x7fa64dfe2210>
2023-11-23 03:23:07,207 - rasterio.env - DEBUG - Got a copy of environment <rasterio._env.GDALEnv object at 0x7fa64e102200> options
2023-11-23 03:23:07,207 - rasterio.env - DEBUG - Entering env context: <rasterio.env.Env object at 0x7fa64ed93b00>
2023-11-23 03:23:07,208 - rasterio.env - DEBUG - Got a copy of environment <rasterio._env.GDALEnv object at 0x7fa64e102200> options
2023-11-23 03:23:07,208 - rasterio.env - DEBUG - Entered env context: <rasterio.env.Env object at 0x7fa64ed93b00>
2023-11-23 03:23:07,208 - rasterio._base - DEBUG - Sharing flag: 0
2023-11-23 03:23:07,210 - rasterio._base - DEBUG - Nodata success: 1, Nodata value: nan
2023-11-23 03:23:07,210 - rasterio._base - DEBUG - Dataset <open DatasetReader name='https://radar.bmkg.go.id/raster/radarsatelit_202311230320.tif' mode='r'> is started.
2023-11-23 03:23:07,210 - rasterio.env - DEBUG - Exiting env context: <rasterio.env.Env object at 0x7fa64ed93b00>
2023-11-23 03:23:07,210 - rasterio.env - DEBUG - Cleared existing <rasterio._env.GDALEnv object at 0x7fa64e102200> options
2023-11-23 03:23:07,210 - rasterio._env - DEBUG - Stopped GDALEnv <rasterio._env.GDALEnv object at 0x7fa64e102200>.
2023-11-23 03:23:07,210 - rasterio.env - DEBUG - No GDAL environment exists
2023-11-23 03:23:07,210 - rasterio.env - DEBUG - New GDAL environment <rasterio._env.GDALEnv object at 0x7fa64e102200> created
2023-11-23 03:23:07,211 - rasterio._env - DEBUG - GDAL data found in package: path='/home/swx/miniconda3/envs/present_weather/lib/python3.12/site-packages/rasterio/gdal_data'.
2023-11-23 03:23:07,211 - rasterio._env - DEBUG - PROJ_LIB found in environment.
2023-11-23 03:23:07,211 - rasterio._env - DEBUG - Started GDALEnv: self=<rasterio._env.GDALEnv object at 0x7fa64e102200>.
2023-11-23 03:23:07,211 - rasterio.env - DEBUG - Exited env context: <rasterio.env.Env object at 0x7fa64ed93b00>
2023-11-23 03:23:07,242 - rasterio._io - DEBUG - Output nodata value read from file: nan
2023-11-23 03:23:07,243 - rasterio._io - DEBUG - Output nodata values: [nan]
2023-11-23 03:23:07,243 - rasterio._io - DEBUG - all_valid: False
2023-11-23 03:23:07,243 - rasterio._io - DEBUG - mask_flags: ([<MaskFlags.nodata: 8>],)
2023-11-23 03:23:07,243 - rasterio._io - DEBUG - Jump straight to _read()
2023-11-23 03:23:07,243 - rasterio._io - DEBUG - Window: Window(col_off=0, row_off=0, width=10215, height=3792)
2023-11-23 03:23:07,244 - rasterio._io - DEBUG - IO window xoff=0.0 yoff=0.0 width=10215.0 height=3792.0
2023-11-23 03:23:07,926 - rasterio.env - DEBUG - Exiting env context: <rasterio.env.Env object at 0x7fa64dfe2210>
2023-11-23 03:23:07,926 - rasterio.env - DEBUG - Cleared existing <rasterio._env.GDALEnv object at 0x7fa64e102200> options
2023-11-23 03:23:07,926 - rasterio._env - DEBUG - Stopped GDALEnv <rasterio._env.GDALEnv object at 0x7fa64e102200>.
2023-11-23 03:23:07,927 - rasterio.env - DEBUG - Exiting outermost env
2023-11-23 03:23:07,927 - rasterio.env - DEBUG - Exited env context: <rasterio.env.Env object at 0x7fa64dfe2210>
2023-11-23 03:23:07,929 - urllib3.connectionpool - DEBUG - Starting new HTTPS connection (1): radar.bmkg.go.id:8060
2023-11-23 03:23:08,019 - urllib3.connectionpool - DEBUG - https://radar.bmkg.go.id:8060 "GET /getLatestLD?typeData=1 HTTP/1.1" 200 65815
2023-11-23 03:23:11,333 - root - INFO - dask.bag<lambda, npartitions=20>
2023-11-23 03:34:20,320 - root - INFO - Total elapsed time: 0:11:16.694068
