2023-11-15 13:40:03,484 - root - INFO - Initiating present weather
2023-11-15 13:40:03,490 - urllib3.connectionpool - DEBUG - Starting new HTTPS connection (1): radar.bmkg.go.id:8060
2023-11-15 13:40:03,561 - urllib3.connectionpool - DEBUG - https://radar.bmkg.go.id:8060 "GET /getRadarGeotif?token=19387e71e78522ae4172ec0fda640983b8438c9cfa0ca571623cb69d8327&radar=amandemenForecast&type=latest HTTP/1.1" 200 90
2023-11-15 13:40:03,563 - rasterio.env - DEBUG - Entering env context: <rasterio.env.Env object at 0x7f74be0f0260>
2023-11-15 13:40:03,564 - rasterio.env - DEBUG - Starting outermost env
2023-11-15 13:40:03,565 - rasterio.env - DEBUG - No GDAL environment exists
2023-11-15 13:40:03,565 - rasterio.env - DEBUG - New GDAL environment <rasterio._env.GDALEnv object at 0x7f74be0f1090> created
2023-11-15 13:40:03,569 - rasterio._filepath - DEBUG - Installing FilePath filesystem handler plugin...
2023-11-15 13:40:03,569 - rasterio._env - DEBUG - GDAL data found in package: path='/home/swx/miniconda3/envs/present_weather/lib/python3.12/site-packages/rasterio/gdal_data'.
2023-11-15 13:40:03,569 - rasterio._env - DEBUG - PROJ_LIB found in environment.
2023-11-15 13:40:03,570 - rasterio._env - DEBUG - Started GDALEnv: self=<rasterio._env.GDALEnv object at 0x7f74be0f1090>.
2023-11-15 13:40:03,570 - rasterio.env - DEBUG - Entered env context: <rasterio.env.Env object at 0x7f74be0f0260>
2023-11-15 13:40:03,570 - rasterio._base - DEBUG - Sharing flag: 0
2023-11-15 13:40:03,769 - rasterio._base - DEBUG - Nodata success: 1, Nodata value: nan
2023-11-15 13:40:03,769 - rasterio._base - DEBUG - Dataset <open DatasetReader name='https://radar.bmkg.go.id/raster/radarsatelit_202311151330.tif' mode='r'> is started.
2023-11-15 13:40:03,770 - rasterio.env - DEBUG - Exiting env context: <rasterio.env.Env object at 0x7f74be0f0260>
2023-11-15 13:40:03,770 - rasterio.env - DEBUG - Cleared existing <rasterio._env.GDALEnv object at 0x7f74be0f1090> options
2023-11-15 13:40:03,770 - rasterio._env - DEBUG - Stopped GDALEnv <rasterio._env.GDALEnv object at 0x7f74be0f1090>.
2023-11-15 13:40:03,770 - rasterio.env - DEBUG - Exiting outermost env
2023-11-15 13:40:03,770 - rasterio.env - DEBUG - Exited env context: <rasterio.env.Env object at 0x7f74be0f0260>
2023-11-15 13:40:03,770 - rasterio.env - DEBUG - Entering env context: <rasterio.env.Env object at 0x7f745b024650>
2023-11-15 13:40:03,771 - rasterio.env - DEBUG - Starting outermost env
2023-11-15 13:40:03,771 - rasterio.env - DEBUG - No GDAL environment exists
2023-11-15 13:40:03,771 - rasterio.env - DEBUG - New GDAL environment <rasterio._env.GDALEnv object at 0x7f74be0f1090> created
2023-11-15 13:40:03,771 - rasterio._env - DEBUG - GDAL data found in package: path='/home/swx/miniconda3/envs/present_weather/lib/python3.12/site-packages/rasterio/gdal_data'.
2023-11-15 13:40:03,771 - rasterio._env - DEBUG - PROJ_LIB found in environment.
2023-11-15 13:40:03,772 - rasterio._env - DEBUG - Started GDALEnv: self=<rasterio._env.GDALEnv object at 0x7f74be0f1090>.
2023-11-15 13:40:03,772 - rasterio.env - DEBUG - Entered env context: <rasterio.env.Env object at 0x7f745b024650>
2023-11-15 13:40:03,773 - rasterio.env - DEBUG - Got a copy of environment <rasterio._env.GDALEnv object at 0x7f74be0f1090> options
2023-11-15 13:40:03,773 - rasterio.env - DEBUG - Entering env context: <rasterio.env.Env object at 0x7f74a51952e0>
2023-11-15 13:40:03,773 - rasterio.env - DEBUG - Got a copy of environment <rasterio._env.GDALEnv object at 0x7f74be0f1090> options
2023-11-15 13:40:03,773 - rasterio.env - DEBUG - Entered env context: <rasterio.env.Env object at 0x7f74a51952e0>
2023-11-15 13:40:03,773 - rasterio._base - DEBUG - Sharing flag: 0
2023-11-15 13:40:03,774 - rasterio._base - DEBUG - Nodata success: 1, Nodata value: nan
2023-11-15 13:40:03,774 - rasterio._base - DEBUG - Dataset <open DatasetReader name='https://radar.bmkg.go.id/raster/radarsatelit_202311151330.tif' mode='r'> is started.
2023-11-15 13:40:03,774 - rasterio.env - DEBUG - Exiting env context: <rasterio.env.Env object at 0x7f74a51952e0>
2023-11-15 13:40:03,774 - rasterio.env - DEBUG - Cleared existing <rasterio._env.GDALEnv object at 0x7f74be0f1090> options
2023-11-15 13:40:03,775 - rasterio._env - DEBUG - Stopped GDALEnv <rasterio._env.GDALEnv object at 0x7f74be0f1090>.
2023-11-15 13:40:03,775 - rasterio.env - DEBUG - No GDAL environment exists
2023-11-15 13:40:03,775 - rasterio.env - DEBUG - New GDAL environment <rasterio._env.GDALEnv object at 0x7f74be0f1090> created
2023-11-15 13:40:03,775 - rasterio._env - DEBUG - GDAL data found in package: path='/home/swx/miniconda3/envs/present_weather/lib/python3.12/site-packages/rasterio/gdal_data'.
2023-11-15 13:40:03,775 - rasterio._env - DEBUG - PROJ_LIB found in environment.
2023-11-15 13:40:03,776 - rasterio._env - DEBUG - Started GDALEnv: self=<rasterio._env.GDALEnv object at 0x7f74be0f1090>.
2023-11-15 13:40:03,776 - rasterio.env - DEBUG - Exited env context: <rasterio.env.Env object at 0x7f74a51952e0>
2023-11-15 13:40:03,807 - rasterio._io - DEBUG - Output nodata value read from file: nan
2023-11-15 13:40:03,807 - rasterio._io - DEBUG - Output nodata values: [nan]
2023-11-15 13:40:03,807 - rasterio._io - DEBUG - all_valid: False
2023-11-15 13:40:03,807 - rasterio._io - DEBUG - mask_flags: ([<MaskFlags.nodata: 8>],)
2023-11-15 13:40:03,808 - rasterio._io - DEBUG - Jump straight to _read()
2023-11-15 13:40:03,808 - rasterio._io - DEBUG - Window: Window(col_off=0, row_off=0, width=10215, height=3792)
2023-11-15 13:40:03,808 - rasterio._io - DEBUG - IO window xoff=0.0 yoff=0.0 width=10215.0 height=3792.0
2023-11-15 13:40:04,529 - rasterio.env - DEBUG - Exiting env context: <rasterio.env.Env object at 0x7f745b024650>
2023-11-15 13:40:04,529 - rasterio.env - DEBUG - Cleared existing <rasterio._env.GDALEnv object at 0x7f74be0f1090> options
2023-11-15 13:40:04,529 - rasterio._env - DEBUG - Stopped GDALEnv <rasterio._env.GDALEnv object at 0x7f74be0f1090>.
2023-11-15 13:40:04,529 - rasterio.env - DEBUG - Exiting outermost env
2023-11-15 13:40:04,529 - rasterio.env - DEBUG - Exited env context: <rasterio.env.Env object at 0x7f745b024650>
2023-11-15 13:40:04,531 - urllib3.connectionpool - DEBUG - Starting new HTTPS connection (1): radar.bmkg.go.id:8060
2023-11-15 13:40:04,609 - urllib3.connectionpool - DEBUG - https://radar.bmkg.go.id:8060 "GET /getLatestLD?typeData=1 HTTP/1.1" 200 78805
2023-11-15 13:40:04,643 - asyncio - DEBUG - Using selector: EpollSelector
2023-11-15 13:40:11,551 - root - INFO - dask.bag<lambda, npartitions=34>
2023-11-15 13:49:33,018 - root - INFO - Total elapsed time: 0:09:29.535906
