2023-11-14 18:20:03,555 - root - INFO - Initiating present weather
2023-11-14 18:20:03,560 - urllib3.connectionpool - DEBUG - Starting new HTTPS connection (1): radar.bmkg.go.id:8060
2023-11-14 18:20:03,638 - urllib3.connectionpool - DEBUG - https://radar.bmkg.go.id:8060 "GET /getRadarGeotif?token=19387e71e78522ae4172ec0fda640983b8438c9cfa0ca571623cb69d8327&radar=amandemenForecast&type=latest HTTP/1.1" 200 90
2023-11-14 18:20:03,641 - rasterio.env - DEBUG - Entering env context: <rasterio.env.Env object at 0x7faa8ceda120>
2023-11-14 18:20:03,642 - rasterio.env - DEBUG - Starting outermost env
2023-11-14 18:20:03,642 - rasterio.env - DEBUG - No GDAL environment exists
2023-11-14 18:20:03,642 - rasterio.env - DEBUG - New GDAL environment <rasterio._env.GDALEnv object at 0x7faa8d07e470> created
2023-11-14 18:20:03,647 - rasterio._filepath - DEBUG - Installing FilePath filesystem handler plugin...
2023-11-14 18:20:03,647 - rasterio._env - DEBUG - GDAL data found in package: path='/home/swx/miniconda3/envs/present_weather/lib/python3.12/site-packages/rasterio/gdal_data'.
2023-11-14 18:20:03,647 - rasterio._env - DEBUG - PROJ_LIB found in environment.
2023-11-14 18:20:03,647 - rasterio._env - DEBUG - Started GDALEnv: self=<rasterio._env.GDALEnv object at 0x7faa8d07e470>.
2023-11-14 18:20:03,647 - rasterio.env - DEBUG - Entered env context: <rasterio.env.Env object at 0x7faa8ceda120>
2023-11-14 18:20:03,648 - rasterio._base - DEBUG - Sharing flag: 0
2023-11-14 18:20:03,830 - rasterio._base - DEBUG - Nodata success: 1, Nodata value: nan
2023-11-14 18:20:03,830 - rasterio._base - DEBUG - Dataset <open DatasetReader name='https://radar.bmkg.go.id/raster/radarsatelit_202311141810.tif' mode='r'> is started.
2023-11-14 18:20:03,831 - rasterio.env - DEBUG - Exiting env context: <rasterio.env.Env object at 0x7faa8ceda120>
2023-11-14 18:20:03,831 - rasterio.env - DEBUG - Cleared existing <rasterio._env.GDALEnv object at 0x7faa8d07e470> options
2023-11-14 18:20:03,831 - rasterio._env - DEBUG - Stopped GDALEnv <rasterio._env.GDALEnv object at 0x7faa8d07e470>.
2023-11-14 18:20:03,831 - rasterio.env - DEBUG - Exiting outermost env
2023-11-14 18:20:03,831 - rasterio.env - DEBUG - Exited env context: <rasterio.env.Env object at 0x7faa8ceda120>
2023-11-14 18:20:03,832 - rasterio.env - DEBUG - Entering env context: <rasterio.env.Env object at 0x7faaefb739e0>
2023-11-14 18:20:03,832 - rasterio.env - DEBUG - Starting outermost env
2023-11-14 18:20:03,832 - rasterio.env - DEBUG - No GDAL environment exists
2023-11-14 18:20:03,832 - rasterio.env - DEBUG - New GDAL environment <rasterio._env.GDALEnv object at 0x7faa8d07e470> created
2023-11-14 18:20:03,833 - rasterio._env - DEBUG - GDAL data found in package: path='/home/swx/miniconda3/envs/present_weather/lib/python3.12/site-packages/rasterio/gdal_data'.
2023-11-14 18:20:03,833 - rasterio._env - DEBUG - PROJ_LIB found in environment.
2023-11-14 18:20:03,833 - rasterio._env - DEBUG - Started GDALEnv: self=<rasterio._env.GDALEnv object at 0x7faa8d07e470>.
2023-11-14 18:20:03,833 - rasterio.env - DEBUG - Entered env context: <rasterio.env.Env object at 0x7faaefb739e0>
2023-11-14 18:20:03,834 - rasterio.env - DEBUG - Got a copy of environment <rasterio._env.GDALEnv object at 0x7faa8d07e470> options
2023-11-14 18:20:03,834 - rasterio.env - DEBUG - Entering env context: <rasterio.env.Env object at 0x7faad6db56a0>
2023-11-14 18:20:03,834 - rasterio.env - DEBUG - Got a copy of environment <rasterio._env.GDALEnv object at 0x7faa8d07e470> options
2023-11-14 18:20:03,834 - rasterio.env - DEBUG - Entered env context: <rasterio.env.Env object at 0x7faad6db56a0>
2023-11-14 18:20:03,834 - rasterio._base - DEBUG - Sharing flag: 0
2023-11-14 18:20:03,835 - rasterio._base - DEBUG - Nodata success: 1, Nodata value: nan
2023-11-14 18:20:03,835 - rasterio._base - DEBUG - Dataset <open DatasetReader name='https://radar.bmkg.go.id/raster/radarsatelit_202311141810.tif' mode='r'> is started.
2023-11-14 18:20:03,836 - rasterio.env - DEBUG - Exiting env context: <rasterio.env.Env object at 0x7faad6db56a0>
2023-11-14 18:20:03,836 - rasterio.env - DEBUG - Cleared existing <rasterio._env.GDALEnv object at 0x7faa8d07e470> options
2023-11-14 18:20:03,836 - rasterio._env - DEBUG - Stopped GDALEnv <rasterio._env.GDALEnv object at 0x7faa8d07e470>.
2023-11-14 18:20:03,836 - rasterio.env - DEBUG - No GDAL environment exists
2023-11-14 18:20:03,836 - rasterio.env - DEBUG - New GDAL environment <rasterio._env.GDALEnv object at 0x7faa8d07e470> created
2023-11-14 18:20:03,837 - rasterio._env - DEBUG - GDAL data found in package: path='/home/swx/miniconda3/envs/present_weather/lib/python3.12/site-packages/rasterio/gdal_data'.
2023-11-14 18:20:03,837 - rasterio._env - DEBUG - PROJ_LIB found in environment.
2023-11-14 18:20:03,837 - rasterio._env - DEBUG - Started GDALEnv: self=<rasterio._env.GDALEnv object at 0x7faa8d07e470>.
2023-11-14 18:20:03,837 - rasterio.env - DEBUG - Exited env context: <rasterio.env.Env object at 0x7faad6db56a0>
2023-11-14 18:20:03,869 - rasterio._io - DEBUG - Output nodata value read from file: nan
2023-11-14 18:20:03,869 - rasterio._io - DEBUG - Output nodata values: [nan]
2023-11-14 18:20:03,869 - rasterio._io - DEBUG - all_valid: False
2023-11-14 18:20:03,869 - rasterio._io - DEBUG - mask_flags: ([<MaskFlags.nodata: 8>],)
2023-11-14 18:20:03,870 - rasterio._io - DEBUG - Jump straight to _read()
2023-11-14 18:20:03,870 - rasterio._io - DEBUG - Window: Window(col_off=0, row_off=0, width=10215, height=3792)
2023-11-14 18:20:03,870 - rasterio._io - DEBUG - IO window xoff=0.0 yoff=0.0 width=10215.0 height=3792.0
2023-11-14 18:20:04,510 - rasterio.env - DEBUG - Exiting env context: <rasterio.env.Env object at 0x7faaefb739e0>
2023-11-14 18:20:04,511 - rasterio.env - DEBUG - Cleared existing <rasterio._env.GDALEnv object at 0x7faa8d07e470> options
2023-11-14 18:20:04,511 - rasterio._env - DEBUG - Stopped GDALEnv <rasterio._env.GDALEnv object at 0x7faa8d07e470>.
2023-11-14 18:20:04,511 - rasterio.env - DEBUG - Exiting outermost env
2023-11-14 18:20:04,511 - rasterio.env - DEBUG - Exited env context: <rasterio.env.Env object at 0x7faaefb739e0>
2023-11-14 18:20:04,513 - urllib3.connectionpool - DEBUG - Starting new HTTPS connection (1): radar.bmkg.go.id:8060
2023-11-14 18:20:04,584 - urllib3.connectionpool - DEBUG - https://radar.bmkg.go.id:8060 "GET /getLatestLD?typeData=1 HTTP/1.1" 200 43988
2023-11-14 18:20:04,610 - asyncio - DEBUG - Using selector: EpollSelector
2023-11-14 18:20:11,261 - root - INFO - dask.bag<lambda, npartitions=34>
2023-11-14 18:36:42,238 - root - INFO - Total elapsed time: 0:16:38.684243
