2023-12-05 13:23:02,880 - root - INFO - Initiating present weather
2023-12-05 13:23:02,882 - asyncio - DEBUG - Using selector: EpollSelector
2023-12-05 13:23:04,349 - urllib3.connectionpool - DEBUG - Starting new HTTPS connection (1): radar.bmkg.go.id:8060
2023-12-05 13:23:04,362 - urllib3.connectionpool - DEBUG - https://radar.bmkg.go.id:8060 "GET /getLatestLD?typeData=1 HTTP/1.1" 200 62
2023-12-05 13:23:04,363 - urllib3.connectionpool - DEBUG - Starting new HTTPS connection (1): radar.bmkg.go.id:8060
2023-12-05 13:23:04,384 - urllib3.connectionpool - DEBUG - https://radar.bmkg.go.id:8060 "GET /getRadarGeotif?token=19387e71e78522ae4172ec0fda640983b8438c9cfa0ca571623cb69d8327&radar=amandemenForecast&type=latest HTTP/1.1" 200 90
2023-12-05 13:23:04,385 - rasterio.env - DEBUG - Entering env context: <rasterio.env.Env object at 0x7f006b23ad10>
2023-12-05 13:23:04,385 - rasterio.env - DEBUG - Starting outermost env
2023-12-05 13:23:04,385 - rasterio.env - DEBUG - No GDAL environment exists
2023-12-05 13:23:04,385 - rasterio.env - DEBUG - New GDAL environment <rasterio._env.GDALEnv object at 0x7f006b23abf0> created
2023-12-05 13:23:04,388 - rasterio._filepath - DEBUG - Installing FilePath filesystem handler plugin...
2023-12-05 13:23:04,388 - rasterio._env - DEBUG - GDAL data found in package: path='/home/metpublic/PYTHON_VENV/present_weather/lib/python3.10/site-packages/rasterio/gdal_data'.
2023-12-05 13:23:04,388 - rasterio._env - DEBUG - PROJ data found in package: path='/home/metpublic/PYTHON_VENV/present_weather/lib/python3.10/site-packages/rasterio/proj_data'.
2023-12-05 13:23:04,388 - rasterio._env - DEBUG - Started GDALEnv: self=<rasterio._env.GDALEnv object at 0x7f006b23abf0>.
2023-12-05 13:23:04,388 - rasterio.env - DEBUG - Entered env context: <rasterio.env.Env object at 0x7f006b23ad10>
2023-12-05 13:23:04,388 - rasterio._base - DEBUG - Sharing flag: 0
2023-12-05 13:23:04,628 - rasterio._base - DEBUG - Nodata success: 1, Nodata value: nan
2023-12-05 13:23:04,628 - rasterio._base - DEBUG - Dataset <open DatasetReader name='https://radar.bmkg.go.id/raster/radarsatelit_202312051320.tif' mode='r'> is started.
2023-12-05 13:23:04,629 - rasterio.env - DEBUG - Exiting env context: <rasterio.env.Env object at 0x7f006b23ad10>
2023-12-05 13:23:04,629 - rasterio.env - DEBUG - Cleared existing <rasterio._env.GDALEnv object at 0x7f006b23abf0> options
2023-12-05 13:23:04,629 - rasterio._env - DEBUG - Stopped GDALEnv <rasterio._env.GDALEnv object at 0x7f006b23abf0>.
2023-12-05 13:23:04,629 - rasterio.env - DEBUG - Exiting outermost env
2023-12-05 13:23:04,629 - rasterio.env - DEBUG - Exited env context: <rasterio.env.Env object at 0x7f006b23ad10>
2023-12-05 13:23:04,629 - rasterio.env - DEBUG - Entering env context: <rasterio.env.Env object at 0x7f006a8c85e0>
2023-12-05 13:23:04,629 - rasterio.env - DEBUG - Starting outermost env
2023-12-05 13:23:04,630 - rasterio.env - DEBUG - No GDAL environment exists
2023-12-05 13:23:04,630 - rasterio.env - DEBUG - New GDAL environment <rasterio._env.GDALEnv object at 0x7f006a90bf40> created
2023-12-05 13:23:04,630 - rasterio._env - DEBUG - GDAL data found in package: path='/home/metpublic/PYTHON_VENV/present_weather/lib/python3.10/site-packages/rasterio/gdal_data'.
2023-12-05 13:23:04,630 - rasterio._env - DEBUG - PROJ data found in package: path='/home/metpublic/PYTHON_VENV/present_weather/lib/python3.10/site-packages/rasterio/proj_data'.
2023-12-05 13:23:04,630 - rasterio._env - DEBUG - Started GDALEnv: self=<rasterio._env.GDALEnv object at 0x7f006a90bf40>.
2023-12-05 13:23:04,630 - rasterio.env - DEBUG - Entered env context: <rasterio.env.Env object at 0x7f006a8c85e0>
2023-12-05 13:23:04,631 - rasterio.env - DEBUG - Got a copy of environment <rasterio._env.GDALEnv object at 0x7f006a90bf40> options
2023-12-05 13:23:04,631 - rasterio.env - DEBUG - Entering env context: <rasterio.env.Env object at 0x7f006b23a9e0>
2023-12-05 13:23:04,631 - rasterio.env - DEBUG - Got a copy of environment <rasterio._env.GDALEnv object at 0x7f006a90bf40> options
2023-12-05 13:23:04,631 - rasterio.env - DEBUG - Entered env context: <rasterio.env.Env object at 0x7f006b23a9e0>
2023-12-05 13:23:04,631 - rasterio._base - DEBUG - Sharing flag: 0
2023-12-05 13:23:04,632 - rasterio._base - DEBUG - Nodata success: 1, Nodata value: nan
2023-12-05 13:23:04,632 - rasterio._base - DEBUG - Dataset <open DatasetReader name='https://radar.bmkg.go.id/raster/radarsatelit_202312051320.tif' mode='r'> is started.
2023-12-05 13:23:04,632 - rasterio.env - DEBUG - Exiting env context: <rasterio.env.Env object at 0x7f006b23a9e0>
2023-12-05 13:23:04,632 - rasterio.env - DEBUG - Cleared existing <rasterio._env.GDALEnv object at 0x7f006a90bf40> options
2023-12-05 13:23:04,632 - rasterio._env - DEBUG - Stopped GDALEnv <rasterio._env.GDALEnv object at 0x7f006a90bf40>.
2023-12-05 13:23:04,632 - rasterio.env - DEBUG - No GDAL environment exists
2023-12-05 13:23:04,632 - rasterio.env - DEBUG - New GDAL environment <rasterio._env.GDALEnv object at 0x7f006a90bf40> created
2023-12-05 13:23:04,632 - rasterio._env - DEBUG - GDAL data found in package: path='/home/metpublic/PYTHON_VENV/present_weather/lib/python3.10/site-packages/rasterio/gdal_data'.
2023-12-05 13:23:04,633 - rasterio._env - DEBUG - PROJ data found in package: path='/home/metpublic/PYTHON_VENV/present_weather/lib/python3.10/site-packages/rasterio/proj_data'.
2023-12-05 13:23:04,633 - rasterio._env - DEBUG - Started GDALEnv: self=<rasterio._env.GDALEnv object at 0x7f006a90bf40>.
2023-12-05 13:23:04,633 - rasterio.env - DEBUG - Exited env context: <rasterio.env.Env object at 0x7f006b23a9e0>
2023-12-05 13:23:04,651 - rasterio._io - DEBUG - Output nodata value read from file: nan
2023-12-05 13:23:04,651 - rasterio._io - DEBUG - Output nodata values: [nan]
2023-12-05 13:23:04,651 - rasterio._io - DEBUG - all_valid: False
2023-12-05 13:23:04,652 - rasterio._io - DEBUG - mask_flags: ([<MaskFlags.nodata: 8>],)
2023-12-05 13:23:04,652 - rasterio._io - DEBUG - Jump straight to _read()
2023-12-05 13:23:04,652 - rasterio._io - DEBUG - Window: Window(col_off=0, row_off=0, width=10177, height=3732)
2023-12-05 13:23:04,652 - rasterio._io - DEBUG - IO window xoff=0.0 yoff=0.0 width=10177.0 height=3732.0
2023-12-05 13:23:05,202 - rasterio.env - DEBUG - Exiting env context: <rasterio.env.Env object at 0x7f006a8c85e0>
2023-12-05 13:23:05,202 - rasterio.env - DEBUG - Cleared existing <rasterio._env.GDALEnv object at 0x7f006a90bf40> options
2023-12-05 13:23:05,202 - rasterio._env - DEBUG - Stopped GDALEnv <rasterio._env.GDALEnv object at 0x7f006a90bf40>.
2023-12-05 13:23:05,202 - rasterio.env - DEBUG - Exiting outermost env
2023-12-05 13:23:05,202 - rasterio.env - DEBUG - Exited env context: <rasterio.env.Env object at 0x7f006a8c85e0>
2023-12-05 13:27:47,560 - rasterio.env - DEBUG - Entering env context: <rasterio.env.Env object at 0x7f0051f1f430>
2023-12-05 13:27:47,560 - rasterio.env - DEBUG - Starting outermost env
2023-12-05 13:27:47,560 - rasterio.env - DEBUG - No GDAL environment exists
2023-12-05 13:27:47,560 - rasterio.env - DEBUG - New GDAL environment <rasterio._env.GDALEnv object at 0x7f0051f1f760> created
2023-12-05 13:27:47,561 - rasterio._env - DEBUG - GDAL data found in package: path='/home/metpublic/PYTHON_VENV/present_weather/lib/python3.10/site-packages/rasterio/gdal_data'.
2023-12-05 13:27:47,561 - rasterio._env - DEBUG - PROJ data found in package: path='/home/metpublic/PYTHON_VENV/present_weather/lib/python3.10/site-packages/rasterio/proj_data'.
2023-12-05 13:27:47,561 - rasterio._env - DEBUG - Started GDALEnv: self=<rasterio._env.GDALEnv object at 0x7f0051f1f760>.
2023-12-05 13:27:47,561 - rasterio.env - DEBUG - Entered env context: <rasterio.env.Env object at 0x7f0051f1f430>
2023-12-05 13:27:47,562 - rasterio._base - DEBUG - Sharing flag: 0
2023-12-05 13:27:47,563 - rasterio._base - DEBUG - Nodata success: 0, Nodata value: 0.000000
2023-12-05 13:27:47,563 - rasterio._base - DEBUG - Dataset <open DatasetReader name='/home/metpublic/TASK_RELEASE/EFAN/present_weather/src/H09_B13_Indonesia_20231205.Z1310.cor.tiff' mode='r'> is started.
2023-12-05 13:27:47,563 - rasterio.env - DEBUG - Exiting env context: <rasterio.env.Env object at 0x7f0051f1f430>
2023-12-05 13:27:47,563 - rasterio.env - DEBUG - Cleared existing <rasterio._env.GDALEnv object at 0x7f0051f1f760> options
2023-12-05 13:27:47,563 - rasterio._env - DEBUG - Stopped GDALEnv <rasterio._env.GDALEnv object at 0x7f0051f1f760>.
2023-12-05 13:27:47,563 - rasterio.env - DEBUG - Exiting outermost env
2023-12-05 13:27:47,563 - rasterio.env - DEBUG - Exited env context: <rasterio.env.Env object at 0x7f0051f1f430>
2023-12-05 13:27:47,564 - rasterio.env - DEBUG - Entering env context: <rasterio.env.Env object at 0x7f0050448820>
2023-12-05 13:27:47,564 - rasterio.env - DEBUG - Starting outermost env
2023-12-05 13:27:47,564 - rasterio.env - DEBUG - No GDAL environment exists
2023-12-05 13:27:47,564 - rasterio.env - DEBUG - New GDAL environment <rasterio._env.GDALEnv object at 0x7f0050449b10> created
2023-12-05 13:27:47,564 - rasterio._env - DEBUG - GDAL data found in package: path='/home/metpublic/PYTHON_VENV/present_weather/lib/python3.10/site-packages/rasterio/gdal_data'.
2023-12-05 13:27:47,564 - rasterio._env - DEBUG - PROJ data found in package: path='/home/metpublic/PYTHON_VENV/present_weather/lib/python3.10/site-packages/rasterio/proj_data'.
2023-12-05 13:27:47,565 - rasterio._env - DEBUG - Started GDALEnv: self=<rasterio._env.GDALEnv object at 0x7f0050449b10>.
2023-12-05 13:27:47,565 - rasterio.env - DEBUG - Entered env context: <rasterio.env.Env object at 0x7f0050448820>
2023-12-05 13:27:47,565 - rasterio._base - DEBUG - Sharing flag: 0
2023-12-05 13:27:47,566 - rasterio._base - DEBUG - Nodata success: 0, Nodata value: 0.000000
2023-12-05 13:27:47,566 - rasterio._base - DEBUG - Dataset <open DatasetReader name='/home/metpublic/TASK_RELEASE/EFAN/present_weather/src/H09_B13_Indonesia_20231205.Z1310.cor.tiff' mode='r'> is started.
2023-12-05 13:27:47,566 - rasterio.env - DEBUG - Exiting env context: <rasterio.env.Env object at 0x7f0050448820>
2023-12-05 13:27:47,566 - rasterio.env - DEBUG - Cleared existing <rasterio._env.GDALEnv object at 0x7f0050449b10> options
2023-12-05 13:27:47,566 - rasterio._env - DEBUG - Stopped GDALEnv <rasterio._env.GDALEnv object at 0x7f0050449b10>.
2023-12-05 13:27:47,566 - rasterio.env - DEBUG - Exiting outermost env
2023-12-05 13:27:47,566 - rasterio.env - DEBUG - Exited env context: <rasterio.env.Env object at 0x7f0050448820>
2023-12-05 13:27:47,577 - root - INFO - Generating present weather using SATELITE data
2023-12-05 13:29:58,402 - root - INFO - Total elapsed time: 0:06:55.521861
