2023-11-20 21:23:03,193 - root - INFO - Initiating present weather
2023-11-20 21:23:03,198 - urllib3.connectionpool - DEBUG - Starting new HTTPS connection (1): radar.bmkg.go.id:8060
2023-11-20 21:23:03,268 - urllib3.connectionpool - DEBUG - https://radar.bmkg.go.id:8060 "GET /getRadarGeotif?token=19387e71e78522ae4172ec0fda640983b8438c9cfa0ca571623cb69d8327&radar=amandemenForecast&type=latest HTTP/1.1" 200 90
2023-11-20 21:23:03,271 - rasterio.env - DEBUG - Entering env context: <rasterio.env.Env object at 0x7f2aa3fd2120>
2023-11-20 21:23:03,272 - rasterio.env - DEBUG - Starting outermost env
2023-11-20 21:23:03,272 - rasterio.env - DEBUG - No GDAL environment exists
2023-11-20 21:23:03,272 - rasterio.env - DEBUG - New GDAL environment <rasterio._env.GDALEnv object at 0x7f2aa3d71720> created
2023-11-20 21:23:03,276 - rasterio._filepath - DEBUG - Installing FilePath filesystem handler plugin...
2023-11-20 21:23:03,276 - rasterio._env - DEBUG - GDAL data found in package: path='/home/swx/miniconda3/envs/present_weather/lib/python3.12/site-packages/rasterio/gdal_data'.
2023-11-20 21:23:03,277 - rasterio._env - DEBUG - PROJ_LIB found in environment.
2023-11-20 21:23:03,277 - rasterio._env - DEBUG - Started GDALEnv: self=<rasterio._env.GDALEnv object at 0x7f2aa3d71720>.
2023-11-20 21:23:03,277 - rasterio.env - DEBUG - Entered env context: <rasterio.env.Env object at 0x7f2aa3fd2120>
2023-11-20 21:23:03,277 - rasterio._base - DEBUG - Sharing flag: 0
2023-11-20 21:23:03,472 - rasterio._base - DEBUG - Nodata success: 1, Nodata value: nan
2023-11-20 21:23:03,472 - rasterio._base - DEBUG - Dataset <open DatasetReader name='https://radar.bmkg.go.id/raster/radarsatelit_202311202120.tif' mode='r'> is started.
2023-11-20 21:23:03,473 - rasterio.env - DEBUG - Exiting env context: <rasterio.env.Env object at 0x7f2aa3fd2120>
2023-11-20 21:23:03,473 - rasterio.env - DEBUG - Cleared existing <rasterio._env.GDALEnv object at 0x7f2aa3d71720> options
2023-11-20 21:23:03,473 - rasterio._env - DEBUG - Stopped GDALEnv <rasterio._env.GDALEnv object at 0x7f2aa3d71720>.
2023-11-20 21:23:03,473 - rasterio.env - DEBUG - Exiting outermost env
2023-11-20 21:23:03,473 - rasterio.env - DEBUG - Exited env context: <rasterio.env.Env object at 0x7f2aa3fd2120>
2023-11-20 21:23:03,474 - rasterio.env - DEBUG - Entering env context: <rasterio.env.Env object at 0x7f2a685092b0>
2023-11-20 21:23:03,474 - rasterio.env - DEBUG - Starting outermost env
2023-11-20 21:23:03,474 - rasterio.env - DEBUG - No GDAL environment exists
2023-11-20 21:23:03,474 - rasterio.env - DEBUG - New GDAL environment <rasterio._env.GDALEnv object at 0x7f2a683a3af0> created
2023-11-20 21:23:03,474 - rasterio._env - DEBUG - GDAL data found in package: path='/home/swx/miniconda3/envs/present_weather/lib/python3.12/site-packages/rasterio/gdal_data'.
2023-11-20 21:23:03,475 - rasterio._env - DEBUG - PROJ_LIB found in environment.
2023-11-20 21:23:03,475 - rasterio._env - DEBUG - Started GDALEnv: self=<rasterio._env.GDALEnv object at 0x7f2a683a3af0>.
2023-11-20 21:23:03,475 - rasterio.env - DEBUG - Entered env context: <rasterio.env.Env object at 0x7f2a685092b0>
2023-11-20 21:23:03,476 - rasterio.env - DEBUG - Got a copy of environment <rasterio._env.GDALEnv object at 0x7f2a683a3af0> options
2023-11-20 21:23:03,476 - rasterio.env - DEBUG - Entering env context: <rasterio.env.Env object at 0x7f2a6831ca10>
2023-11-20 21:23:03,476 - rasterio.env - DEBUG - Got a copy of environment <rasterio._env.GDALEnv object at 0x7f2a683a3af0> options
2023-11-20 21:23:03,476 - rasterio.env - DEBUG - Entered env context: <rasterio.env.Env object at 0x7f2a6831ca10>
2023-11-20 21:23:03,476 - rasterio._base - DEBUG - Sharing flag: 0
2023-11-20 21:23:03,477 - rasterio._base - DEBUG - Nodata success: 1, Nodata value: nan
2023-11-20 21:23:03,477 - rasterio._base - DEBUG - Dataset <open DatasetReader name='https://radar.bmkg.go.id/raster/radarsatelit_202311202120.tif' mode='r'> is started.
2023-11-20 21:23:03,477 - rasterio.env - DEBUG - Exiting env context: <rasterio.env.Env object at 0x7f2a6831ca10>
2023-11-20 21:23:03,477 - rasterio.env - DEBUG - Cleared existing <rasterio._env.GDALEnv object at 0x7f2a683a3af0> options
2023-11-20 21:23:03,478 - rasterio._env - DEBUG - Stopped GDALEnv <rasterio._env.GDALEnv object at 0x7f2a683a3af0>.
2023-11-20 21:23:03,478 - rasterio.env - DEBUG - No GDAL environment exists
2023-11-20 21:23:03,478 - rasterio.env - DEBUG - New GDAL environment <rasterio._env.GDALEnv object at 0x7f2a683a3af0> created
2023-11-20 21:23:03,478 - rasterio._env - DEBUG - GDAL data found in package: path='/home/swx/miniconda3/envs/present_weather/lib/python3.12/site-packages/rasterio/gdal_data'.
2023-11-20 21:23:03,478 - rasterio._env - DEBUG - PROJ_LIB found in environment.
2023-11-20 21:23:03,478 - rasterio._env - DEBUG - Started GDALEnv: self=<rasterio._env.GDALEnv object at 0x7f2a683a3af0>.
2023-11-20 21:23:03,479 - rasterio.env - DEBUG - Exited env context: <rasterio.env.Env object at 0x7f2a6831ca10>
2023-11-20 21:23:03,507 - rasterio._io - DEBUG - Output nodata value read from file: nan
2023-11-20 21:23:03,508 - rasterio._io - DEBUG - Output nodata values: [nan]
2023-11-20 21:23:03,508 - rasterio._io - DEBUG - all_valid: False
2023-11-20 21:23:03,508 - rasterio._io - DEBUG - mask_flags: ([<MaskFlags.nodata: 8>],)
2023-11-20 21:23:03,509 - rasterio._io - DEBUG - Jump straight to _read()
2023-11-20 21:23:03,509 - rasterio._io - DEBUG - Window: Window(col_off=0, row_off=0, width=10215, height=3789)
2023-11-20 21:23:03,509 - rasterio._io - DEBUG - IO window xoff=0.0 yoff=0.0 width=10215.0 height=3789.0
2023-11-20 21:23:04,278 - rasterio.env - DEBUG - Exiting env context: <rasterio.env.Env object at 0x7f2a685092b0>
2023-11-20 21:23:04,278 - rasterio.env - DEBUG - Cleared existing <rasterio._env.GDALEnv object at 0x7f2a683a3af0> options
2023-11-20 21:23:04,278 - rasterio._env - DEBUG - Stopped GDALEnv <rasterio._env.GDALEnv object at 0x7f2a683a3af0>.
2023-11-20 21:23:04,278 - rasterio.env - DEBUG - Exiting outermost env
2023-11-20 21:23:04,278 - rasterio.env - DEBUG - Exited env context: <rasterio.env.Env object at 0x7f2a685092b0>
2023-11-20 21:23:04,280 - urllib3.connectionpool - DEBUG - Starting new HTTPS connection (1): radar.bmkg.go.id:8060
2023-11-20 21:23:04,362 - urllib3.connectionpool - DEBUG - https://radar.bmkg.go.id:8060 "GET /getLatestLD?typeData=1 HTTP/1.1" 200 53525
2023-11-20 21:23:04,391 - asyncio - DEBUG - Using selector: EpollSelector
2023-11-20 21:23:10,980 - root - INFO - dask.bag<lambda, npartitions=34>
2023-11-20 21:24:42,094 - root - INFO - Total elapsed time: 0:01:38.901258
