2023-12-21 14:59:20,887 - root - INFO - Initiating present weather
2023-12-21 14:59:20,889 - asyncio - DEBUG - Using selector: EpollSelector
2023-12-21 14:59:22,524 - urllib3.connectionpool - DEBUG - Starting new HTTPS connection (1): radar.bmkg.go.id:8060
2023-12-21 14:59:22,540 - urllib3.connectionpool - DEBUG - https://radar.bmkg.go.id:8060 "GET /getLatestLD?typeData=1 HTTP/1.1" 200 62
2023-12-21 14:59:22,543 - urllib3.connectionpool - DEBUG - Starting new HTTPS connection (1): radar.bmkg.go.id:8060
2023-12-21 14:59:22,565 - urllib3.connectionpool - DEBUG - https://radar.bmkg.go.id:8060 "GET /getRadarGeotif?token=19387e71e78522ae4172ec0fda640983b8438c9cfa0ca571623cb69d8327&radar=amandemenForecast&type=latest HTTP/1.1" 200 90
2023-12-21 14:59:22,566 - rasterio.env - DEBUG - Entering env context: <rasterio.env.Env object at 0x7f04a9fe19f0>
2023-12-21 14:59:22,566 - rasterio.env - DEBUG - Starting outermost env
2023-12-21 14:59:22,566 - rasterio.env - DEBUG - No GDAL environment exists
2023-12-21 14:59:22,567 - rasterio.env - DEBUG - New GDAL environment <rasterio._env.GDALEnv object at 0x7f04a9fe19c0> created
2023-12-21 14:59:22,569 - rasterio._filepath - DEBUG - Installing FilePath filesystem handler plugin...
2023-12-21 14:59:22,570 - rasterio._env - DEBUG - GDAL data found in package: path='/home/metpublic/PYTHON_VENV/present_weather/lib/python3.10/site-packages/rasterio/gdal_data'.
2023-12-21 14:59:22,570 - rasterio._env - DEBUG - PROJ data found in package: path='/home/metpublic/PYTHON_VENV/present_weather/lib/python3.10/site-packages/rasterio/proj_data'.
2023-12-21 14:59:22,570 - rasterio._env - DEBUG - Started GDALEnv: self=<rasterio._env.GDALEnv object at 0x7f04a9fe19c0>.
2023-12-21 14:59:22,570 - rasterio.env - DEBUG - Entered env context: <rasterio.env.Env object at 0x7f04a9fe19f0>
2023-12-21 14:59:22,570 - rasterio._base - DEBUG - Sharing flag: 0
2023-12-21 14:59:22,918 - rasterio._base - DEBUG - Nodata success: 1, Nodata value: nan
2023-12-21 14:59:22,918 - rasterio._base - DEBUG - Dataset <open DatasetReader name='https://radar.bmkg.go.id/raster/radarsatelit_202312211210.tif' mode='r'> is started.
2023-12-21 14:59:22,918 - rasterio.env - DEBUG - Exiting env context: <rasterio.env.Env object at 0x7f04a9fe19f0>
2023-12-21 14:59:22,919 - rasterio.env - DEBUG - Cleared existing <rasterio._env.GDALEnv object at 0x7f04a9fe19c0> options
2023-12-21 14:59:22,919 - rasterio._env - DEBUG - Stopped GDALEnv <rasterio._env.GDALEnv object at 0x7f04a9fe19c0>.
2023-12-21 14:59:22,919 - rasterio.env - DEBUG - Exiting outermost env
2023-12-21 14:59:22,919 - rasterio.env - DEBUG - Exited env context: <rasterio.env.Env object at 0x7f04a9fe19f0>
2023-12-21 14:59:22,919 - rasterio.env - DEBUG - Entering env context: <rasterio.env.Env object at 0x7f04a9f998d0>
2023-12-21 14:59:22,919 - rasterio.env - DEBUG - Starting outermost env
2023-12-21 14:59:22,919 - rasterio.env - DEBUG - No GDAL environment exists
2023-12-21 14:59:22,919 - rasterio.env - DEBUG - New GDAL environment <rasterio._env.GDALEnv object at 0x7f04a9fe19c0> created
2023-12-21 14:59:22,920 - rasterio._env - DEBUG - GDAL data found in package: path='/home/metpublic/PYTHON_VENV/present_weather/lib/python3.10/site-packages/rasterio/gdal_data'.
2023-12-21 14:59:22,920 - rasterio._env - DEBUG - PROJ data found in package: path='/home/metpublic/PYTHON_VENV/present_weather/lib/python3.10/site-packages/rasterio/proj_data'.
2023-12-21 14:59:22,920 - rasterio._env - DEBUG - Started GDALEnv: self=<rasterio._env.GDALEnv object at 0x7f04a9fe19c0>.
2023-12-21 14:59:22,920 - rasterio.env - DEBUG - Entered env context: <rasterio.env.Env object at 0x7f04a9f998d0>
2023-12-21 14:59:22,921 - rasterio.env - DEBUG - Got a copy of environment <rasterio._env.GDALEnv object at 0x7f04a9fe19c0> options
2023-12-21 14:59:22,921 - rasterio.env - DEBUG - Entering env context: <rasterio.env.Env object at 0x7f04a8699bd0>
2023-12-21 14:59:22,921 - rasterio.env - DEBUG - Got a copy of environment <rasterio._env.GDALEnv object at 0x7f04a9fe19c0> options
2023-12-21 14:59:22,921 - rasterio.env - DEBUG - Entered env context: <rasterio.env.Env object at 0x7f04a8699bd0>
2023-12-21 14:59:22,921 - rasterio._base - DEBUG - Sharing flag: 0
2023-12-21 14:59:22,922 - rasterio._base - DEBUG - Nodata success: 1, Nodata value: nan
2023-12-21 14:59:22,922 - rasterio._base - DEBUG - Dataset <open DatasetReader name='https://radar.bmkg.go.id/raster/radarsatelit_202312211210.tif' mode='r'> is started.
2023-12-21 14:59:22,923 - rasterio.env - DEBUG - Exiting env context: <rasterio.env.Env object at 0x7f04a8699bd0>
2023-12-21 14:59:22,923 - rasterio.env - DEBUG - Cleared existing <rasterio._env.GDALEnv object at 0x7f04a9fe19c0> options
2023-12-21 14:59:22,923 - rasterio._env - DEBUG - Stopped GDALEnv <rasterio._env.GDALEnv object at 0x7f04a9fe19c0>.
2023-12-21 14:59:22,923 - rasterio.env - DEBUG - No GDAL environment exists
2023-12-21 14:59:22,923 - rasterio.env - DEBUG - New GDAL environment <rasterio._env.GDALEnv object at 0x7f04a9fe19c0> created
2023-12-21 14:59:22,923 - rasterio._env - DEBUG - GDAL data found in package: path='/home/metpublic/PYTHON_VENV/present_weather/lib/python3.10/site-packages/rasterio/gdal_data'.
2023-12-21 14:59:22,923 - rasterio._env - DEBUG - PROJ data found in package: path='/home/metpublic/PYTHON_VENV/present_weather/lib/python3.10/site-packages/rasterio/proj_data'.
2023-12-21 14:59:22,924 - rasterio._env - DEBUG - Started GDALEnv: self=<rasterio._env.GDALEnv object at 0x7f04a9fe19c0>.
2023-12-21 14:59:22,924 - rasterio.env - DEBUG - Exited env context: <rasterio.env.Env object at 0x7f04a8699bd0>
2023-12-21 14:59:22,943 - rasterio._io - DEBUG - Output nodata value read from file: nan
2023-12-21 14:59:22,943 - rasterio._io - DEBUG - Output nodata values: [nan]
2023-12-21 14:59:22,943 - rasterio._io - DEBUG - all_valid: False
2023-12-21 14:59:22,944 - rasterio._io - DEBUG - mask_flags: ([<MaskFlags.nodata: 8>],)
2023-12-21 14:59:22,944 - rasterio._io - DEBUG - Jump straight to _read()
2023-12-21 14:59:22,944 - rasterio._io - DEBUG - Window: Window(col_off=0, row_off=0, width=10215, height=3792)
2023-12-21 14:59:22,944 - rasterio._io - DEBUG - IO window xoff=0.0 yoff=0.0 width=10215.0 height=3792.0
2023-12-21 14:59:23,529 - rasterio.env - DEBUG - Exiting env context: <rasterio.env.Env object at 0x7f04a9f998d0>
2023-12-21 14:59:23,529 - rasterio.env - DEBUG - Cleared existing <rasterio._env.GDALEnv object at 0x7f04a9fe19c0> options
2023-12-21 14:59:23,529 - rasterio._env - DEBUG - Stopped GDALEnv <rasterio._env.GDALEnv object at 0x7f04a9fe19c0>.
2023-12-21 14:59:23,529 - rasterio.env - DEBUG - Exiting outermost env
2023-12-21 14:59:23,529 - rasterio.env - DEBUG - Exited env context: <rasterio.env.Env object at 0x7f04a9f998d0>
2023-12-21 14:59:23,532 - urllib3.connectionpool - DEBUG - Starting new HTTPS connection (1): radar.bmkg.go.id:8060
2023-12-21 14:59:23,640 - urllib3.connectionpool - DEBUG - https://radar.bmkg.go.id:8060 "GET /getRadarGeotif?token=19387e71e78522ae4172ec0fda640983b8438c9cfa0ca571623cb69d8327&radar=amandemenForecastRadarMosaic&type=latest HTTP/1.1" 200 84
2023-12-21 14:59:23,642 - rasterio.env - DEBUG - Entering env context: <rasterio.env.Env object at 0x7f04aa008d90>
2023-12-21 14:59:23,642 - rasterio.env - DEBUG - Starting outermost env
2023-12-21 14:59:23,642 - rasterio.env - DEBUG - No GDAL environment exists
2023-12-21 14:59:23,642 - rasterio.env - DEBUG - New GDAL environment <rasterio._env.GDALEnv object at 0x7f04a9fe1810> created
2023-12-21 14:59:23,643 - rasterio._env - DEBUG - GDAL data found in package: path='/home/metpublic/PYTHON_VENV/present_weather/lib/python3.10/site-packages/rasterio/gdal_data'.
2023-12-21 14:59:23,643 - rasterio._env - DEBUG - PROJ data found in package: path='/home/metpublic/PYTHON_VENV/present_weather/lib/python3.10/site-packages/rasterio/proj_data'.
2023-12-21 14:59:23,643 - rasterio._env - DEBUG - Started GDALEnv: self=<rasterio._env.GDALEnv object at 0x7f04a9fe1810>.
2023-12-21 14:59:23,643 - rasterio.env - DEBUG - Entered env context: <rasterio.env.Env object at 0x7f04aa008d90>
2023-12-21 14:59:23,643 - rasterio._base - DEBUG - Sharing flag: 0
2023-12-21 14:59:23,648 - rasterio._base - DEBUG - Nodata success: 1, Nodata value: nan
2023-12-21 14:59:23,648 - rasterio._base - DEBUG - Dataset <open DatasetReader name='https://radar.bmkg.go.id/raster/mosaic_202312211450.tif' mode='r'> is started.
2023-12-21 14:59:23,648 - rasterio.env - DEBUG - Exiting env context: <rasterio.env.Env object at 0x7f04aa008d90>
2023-12-21 14:59:23,648 - rasterio.env - DEBUG - Cleared existing <rasterio._env.GDALEnv object at 0x7f04a9fe1810> options
2023-12-21 14:59:23,648 - rasterio._env - DEBUG - Stopped GDALEnv <rasterio._env.GDALEnv object at 0x7f04a9fe1810>.
2023-12-21 14:59:23,649 - rasterio.env - DEBUG - Exiting outermost env
2023-12-21 14:59:23,649 - rasterio.env - DEBUG - Exited env context: <rasterio.env.Env object at 0x7f04aa008d90>
2023-12-21 14:59:23,649 - rasterio.env - DEBUG - Entering env context: <rasterio.env.Env object at 0x7f04aa008c10>
2023-12-21 14:59:23,649 - rasterio.env - DEBUG - Starting outermost env
2023-12-21 14:59:23,649 - rasterio.env - DEBUG - No GDAL environment exists
2023-12-21 14:59:23,649 - rasterio.env - DEBUG - New GDAL environment <rasterio._env.GDALEnv object at 0x7f04a9fe1810> created
2023-12-21 14:59:23,649 - rasterio._env - DEBUG - GDAL data found in package: path='/home/metpublic/PYTHON_VENV/present_weather/lib/python3.10/site-packages/rasterio/gdal_data'.
2023-12-21 14:59:23,649 - rasterio._env - DEBUG - PROJ data found in package: path='/home/metpublic/PYTHON_VENV/present_weather/lib/python3.10/site-packages/rasterio/proj_data'.
2023-12-21 14:59:23,649 - rasterio._env - DEBUG - Started GDALEnv: self=<rasterio._env.GDALEnv object at 0x7f04a9fe1810>.
2023-12-21 14:59:23,649 - rasterio.env - DEBUG - Entered env context: <rasterio.env.Env object at 0x7f04aa008c10>
2023-12-21 14:59:23,650 - rasterio.env - DEBUG - Got a copy of environment <rasterio._env.GDALEnv object at 0x7f04a9fe1810> options
2023-12-21 14:59:23,650 - rasterio.env - DEBUG - Entering env context: <rasterio.env.Env object at 0x7f04a869b310>
2023-12-21 14:59:23,650 - rasterio.env - DEBUG - Got a copy of environment <rasterio._env.GDALEnv object at 0x7f04a9fe1810> options
2023-12-21 14:59:23,650 - rasterio.env - DEBUG - Entered env context: <rasterio.env.Env object at 0x7f04a869b310>
2023-12-21 14:59:23,650 - rasterio._base - DEBUG - Sharing flag: 0
2023-12-21 14:59:23,651 - rasterio._base - DEBUG - Nodata success: 1, Nodata value: nan
2023-12-21 14:59:23,651 - rasterio._base - DEBUG - Dataset <open DatasetReader name='https://radar.bmkg.go.id/raster/mosaic_202312211450.tif' mode='r'> is started.
2023-12-21 14:59:23,651 - rasterio.env - DEBUG - Exiting env context: <rasterio.env.Env object at 0x7f04a869b310>
2023-12-21 14:59:23,651 - rasterio.env - DEBUG - Cleared existing <rasterio._env.GDALEnv object at 0x7f04a9fe1810> options
2023-12-21 14:59:23,651 - rasterio._env - DEBUG - Stopped GDALEnv <rasterio._env.GDALEnv object at 0x7f04a9fe1810>.
2023-12-21 14:59:23,651 - rasterio.env - DEBUG - No GDAL environment exists
2023-12-21 14:59:23,651 - rasterio.env - DEBUG - New GDAL environment <rasterio._env.GDALEnv object at 0x7f04a9fe1810> created
2023-12-21 14:59:23,651 - rasterio._env - DEBUG - GDAL data found in package: path='/home/metpublic/PYTHON_VENV/present_weather/lib/python3.10/site-packages/rasterio/gdal_data'.
2023-12-21 14:59:23,651 - rasterio._env - DEBUG - PROJ data found in package: path='/home/metpublic/PYTHON_VENV/present_weather/lib/python3.10/site-packages/rasterio/proj_data'.
2023-12-21 14:59:23,652 - rasterio._env - DEBUG - Started GDALEnv: self=<rasterio._env.GDALEnv object at 0x7f04a9fe1810>.
2023-12-21 14:59:23,652 - rasterio.env - DEBUG - Exited env context: <rasterio.env.Env object at 0x7f04a869b310>
2023-12-21 14:59:23,662 - rasterio._io - DEBUG - Output nodata value read from file: nan
2023-12-21 14:59:23,662 - rasterio._io - DEBUG - Output nodata values: [nan]
2023-12-21 14:59:23,662 - rasterio._io - DEBUG - all_valid: False
2023-12-21 14:59:23,663 - rasterio._io - DEBUG - mask_flags: ([<MaskFlags.nodata: 8>],)
2023-12-21 14:59:23,663 - rasterio._io - DEBUG - Jump straight to _read()
2023-12-21 14:59:23,663 - rasterio._io - DEBUG - Window: Window(col_off=0, row_off=0, width=10215, height=3792)
2023-12-21 14:59:23,663 - rasterio._io - DEBUG - IO window xoff=0.0 yoff=0.0 width=10215.0 height=3792.0
2023-12-21 14:59:28,661 - rasterio.env - DEBUG - Exiting env context: <rasterio.env.Env object at 0x7f04aa008c10>
2023-12-21 14:59:28,662 - rasterio.env - DEBUG - Cleared existing <rasterio._env.GDALEnv object at 0x7f04a9fe1810> options
2023-12-21 14:59:28,662 - rasterio._env - DEBUG - Stopped GDALEnv <rasterio._env.GDALEnv object at 0x7f04a9fe1810>.
2023-12-21 14:59:28,662 - rasterio.env - DEBUG - Exiting outermost env
2023-12-21 14:59:28,662 - rasterio.env - DEBUG - Exited env context: <rasterio.env.Env object at 0x7f04aa008c10>
2023-12-21 14:59:29,473 - rasterio.env - DEBUG - Entering env context: <rasterio.env.Env object at 0x7f04a9fe1780>
2023-12-21 14:59:29,473 - rasterio.env - DEBUG - Starting outermost env
2023-12-21 14:59:29,474 - rasterio.env - DEBUG - No GDAL environment exists
2023-12-21 14:59:29,474 - rasterio.env - DEBUG - New GDAL environment <rasterio._env.GDALEnv object at 0x7f04a9fe19c0> created
2023-12-21 14:59:29,474 - rasterio._env - DEBUG - GDAL data found in package: path='/home/metpublic/PYTHON_VENV/present_weather/lib/python3.10/site-packages/rasterio/gdal_data'.
2023-12-21 14:59:29,474 - rasterio._env - DEBUG - PROJ data found in package: path='/home/metpublic/PYTHON_VENV/present_weather/lib/python3.10/site-packages/rasterio/proj_data'.
2023-12-21 14:59:29,475 - rasterio._env - DEBUG - Started GDALEnv: self=<rasterio._env.GDALEnv object at 0x7f04a9fe19c0>.
2023-12-21 14:59:29,475 - rasterio.env - DEBUG - Entered env context: <rasterio.env.Env object at 0x7f04a9fe1780>
2023-12-21 14:59:29,475 - rasterio._base - DEBUG - Sharing flag: 0
2023-12-21 14:59:29,476 - rasterio._base - DEBUG - Nodata success: 0, Nodata value: 0.000000
2023-12-21 14:59:29,476 - rasterio._base - DEBUG - Dataset <open DatasetReader name='/home/metpublic/TASK_RELEASE/EFAN/present_weather/src/H09_B13_Indonesia_20231221.Z1400.cor.tiff' mode='r'> is started.
2023-12-21 14:59:29,476 - rasterio.env - DEBUG - Exiting env context: <rasterio.env.Env object at 0x7f04a9fe1780>
2023-12-21 14:59:29,476 - rasterio.env - DEBUG - Cleared existing <rasterio._env.GDALEnv object at 0x7f04a9fe19c0> options
2023-12-21 14:59:29,476 - rasterio._env - DEBUG - Stopped GDALEnv <rasterio._env.GDALEnv object at 0x7f04a9fe19c0>.
2023-12-21 14:59:29,476 - rasterio.env - DEBUG - Exiting outermost env
2023-12-21 14:59:29,476 - rasterio.env - DEBUG - Exited env context: <rasterio.env.Env object at 0x7f04a9fe1780>
2023-12-21 14:59:29,477 - rasterio.env - DEBUG - Entering env context: <rasterio.env.Env object at 0x7f04a8725de0>
2023-12-21 14:59:29,477 - rasterio.env - DEBUG - Starting outermost env
2023-12-21 14:59:29,477 - rasterio.env - DEBUG - No GDAL environment exists
2023-12-21 14:59:29,477 - rasterio.env - DEBUG - New GDAL environment <rasterio._env.GDALEnv object at 0x7f04a87268c0> created
2023-12-21 14:59:29,477 - rasterio._env - DEBUG - GDAL data found in package: path='/home/metpublic/PYTHON_VENV/present_weather/lib/python3.10/site-packages/rasterio/gdal_data'.
2023-12-21 14:59:29,478 - rasterio._env - DEBUG - PROJ data found in package: path='/home/metpublic/PYTHON_VENV/present_weather/lib/python3.10/site-packages/rasterio/proj_data'.
2023-12-21 14:59:29,478 - rasterio._env - DEBUG - Started GDALEnv: self=<rasterio._env.GDALEnv object at 0x7f04a87268c0>.
2023-12-21 14:59:29,478 - rasterio.env - DEBUG - Entered env context: <rasterio.env.Env object at 0x7f04a8725de0>
2023-12-21 14:59:29,478 - rasterio._base - DEBUG - Sharing flag: 0
2023-12-21 14:59:29,478 - rasterio._base - DEBUG - Nodata success: 0, Nodata value: 0.000000
2023-12-21 14:59:29,479 - rasterio._base - DEBUG - Dataset <open DatasetReader name='/home/metpublic/TASK_RELEASE/EFAN/present_weather/src/H09_B13_Indonesia_20231221.Z1400.cor.tiff' mode='r'> is started.
2023-12-21 14:59:29,479 - rasterio.env - DEBUG - Exiting env context: <rasterio.env.Env object at 0x7f04a8725de0>
2023-12-21 14:59:29,479 - rasterio.env - DEBUG - Cleared existing <rasterio._env.GDALEnv object at 0x7f04a87268c0> options
2023-12-21 14:59:29,479 - rasterio._env - DEBUG - Stopped GDALEnv <rasterio._env.GDALEnv object at 0x7f04a87268c0>.
2023-12-21 14:59:29,479 - rasterio.env - DEBUG - Exiting outermost env
2023-12-21 14:59:29,479 - rasterio.env - DEBUG - Exited env context: <rasterio.env.Env object at 0x7f04a8725de0>
2023-12-21 14:59:29,489 - root - INFO - Generating present weather using SATELITE data
2023-12-21 15:00:23,730 - root - INFO - Total elapsed time: 0:01:02.843567
