2023-11-18 03:20:03,110 - root - INFO - Initiating present weather
2023-11-18 03:20:03,115 - urllib3.connectionpool - DEBUG - Starting new HTTPS connection (1): radar.bmkg.go.id:8060
2023-11-18 03:20:03,182 - urllib3.connectionpool - DEBUG - https://radar.bmkg.go.id:8060 "GET /getRadarGeotif?token=19387e71e78522ae4172ec0fda640983b8438c9cfa0ca571623cb69d8327&radar=amandemenForecast&type=latest HTTP/1.1" 200 90
2023-11-18 03:20:03,185 - rasterio.env - DEBUG - Entering env context: <rasterio.env.Env object at 0x7fc8f497f500>
2023-11-18 03:20:03,186 - rasterio.env - DEBUG - Starting outermost env
2023-11-18 03:20:03,186 - rasterio.env - DEBUG - No GDAL environment exists
2023-11-18 03:20:03,186 - rasterio.env - DEBUG - New GDAL environment <rasterio._env.GDALEnv object at 0x7fc935f2d750> created
2023-11-18 03:20:03,190 - rasterio._filepath - DEBUG - Installing FilePath filesystem handler plugin...
2023-11-18 03:20:03,191 - rasterio._env - DEBUG - GDAL data found in package: path='/home/swx/miniconda3/envs/present_weather/lib/python3.12/site-packages/rasterio/gdal_data'.
2023-11-18 03:20:03,191 - rasterio._env - DEBUG - PROJ_LIB found in environment.
2023-11-18 03:20:03,191 - rasterio._env - DEBUG - Started GDALEnv: self=<rasterio._env.GDALEnv object at 0x7fc935f2d750>.
2023-11-18 03:20:03,191 - rasterio.env - DEBUG - Entered env context: <rasterio.env.Env object at 0x7fc8f497f500>
2023-11-18 03:20:03,191 - rasterio._base - DEBUG - Sharing flag: 0
2023-11-18 03:20:03,379 - rasterio._base - DEBUG - Nodata success: 1, Nodata value: nan
2023-11-18 03:20:03,379 - rasterio._base - DEBUG - Dataset <open DatasetReader name='https://radar.bmkg.go.id/raster/radarsatelit_202311180310.tif' mode='r'> is started.
2023-11-18 03:20:03,380 - rasterio.env - DEBUG - Exiting env context: <rasterio.env.Env object at 0x7fc8f497f500>
2023-11-18 03:20:03,380 - rasterio.env - DEBUG - Cleared existing <rasterio._env.GDALEnv object at 0x7fc935f2d750> options
2023-11-18 03:20:03,380 - rasterio._env - DEBUG - Stopped GDALEnv <rasterio._env.GDALEnv object at 0x7fc935f2d750>.
2023-11-18 03:20:03,380 - rasterio.env - DEBUG - Exiting outermost env
2023-11-18 03:20:03,380 - rasterio.env - DEBUG - Exited env context: <rasterio.env.Env object at 0x7fc8f497f500>
2023-11-18 03:20:03,380 - rasterio.env - DEBUG - Entering env context: <rasterio.env.Env object at 0x7fc935c01a90>
2023-11-18 03:20:03,380 - rasterio.env - DEBUG - Starting outermost env
2023-11-18 03:20:03,381 - rasterio.env - DEBUG - No GDAL environment exists
2023-11-18 03:20:03,381 - rasterio.env - DEBUG - New GDAL environment <rasterio._env.GDALEnv object at 0x7fc935f2d750> created
2023-11-18 03:20:03,381 - rasterio._env - DEBUG - GDAL data found in package: path='/home/swx/miniconda3/envs/present_weather/lib/python3.12/site-packages/rasterio/gdal_data'.
2023-11-18 03:20:03,381 - rasterio._env - DEBUG - PROJ_LIB found in environment.
2023-11-18 03:20:03,381 - rasterio._env - DEBUG - Started GDALEnv: self=<rasterio._env.GDALEnv object at 0x7fc935f2d750>.
2023-11-18 03:20:03,382 - rasterio.env - DEBUG - Entered env context: <rasterio.env.Env object at 0x7fc935c01a90>
2023-11-18 03:20:03,382 - rasterio.env - DEBUG - Got a copy of environment <rasterio._env.GDALEnv object at 0x7fc935f2d750> options
2023-11-18 03:20:03,382 - rasterio.env - DEBUG - Entering env context: <rasterio.env.Env object at 0x7fc95737d2e0>
2023-11-18 03:20:03,382 - rasterio.env - DEBUG - Got a copy of environment <rasterio._env.GDALEnv object at 0x7fc935f2d750> options
2023-11-18 03:20:03,382 - rasterio.env - DEBUG - Entered env context: <rasterio.env.Env object at 0x7fc95737d2e0>
2023-11-18 03:20:03,383 - rasterio._base - DEBUG - Sharing flag: 0
2023-11-18 03:20:03,383 - rasterio._base - DEBUG - Nodata success: 1, Nodata value: nan
2023-11-18 03:20:03,384 - rasterio._base - DEBUG - Dataset <open DatasetReader name='https://radar.bmkg.go.id/raster/radarsatelit_202311180310.tif' mode='r'> is started.
2023-11-18 03:20:03,384 - rasterio.env - DEBUG - Exiting env context: <rasterio.env.Env object at 0x7fc95737d2e0>
2023-11-18 03:20:03,384 - rasterio.env - DEBUG - Cleared existing <rasterio._env.GDALEnv object at 0x7fc935f2d750> options
2023-11-18 03:20:03,384 - rasterio._env - DEBUG - Stopped GDALEnv <rasterio._env.GDALEnv object at 0x7fc935f2d750>.
2023-11-18 03:20:03,384 - rasterio.env - DEBUG - No GDAL environment exists
2023-11-18 03:20:03,384 - rasterio.env - DEBUG - New GDAL environment <rasterio._env.GDALEnv object at 0x7fc935f2d750> created
2023-11-18 03:20:03,385 - rasterio._env - DEBUG - GDAL data found in package: path='/home/swx/miniconda3/envs/present_weather/lib/python3.12/site-packages/rasterio/gdal_data'.
2023-11-18 03:20:03,385 - rasterio._env - DEBUG - PROJ_LIB found in environment.
2023-11-18 03:20:03,385 - rasterio._env - DEBUG - Started GDALEnv: self=<rasterio._env.GDALEnv object at 0x7fc935f2d750>.
2023-11-18 03:20:03,385 - rasterio.env - DEBUG - Exited env context: <rasterio.env.Env object at 0x7fc95737d2e0>
2023-11-18 03:20:03,414 - rasterio._io - DEBUG - Output nodata value read from file: nan
2023-11-18 03:20:03,414 - rasterio._io - DEBUG - Output nodata values: [nan]
2023-11-18 03:20:03,415 - rasterio._io - DEBUG - all_valid: False
2023-11-18 03:20:03,415 - rasterio._io - DEBUG - mask_flags: ([<MaskFlags.nodata: 8>],)
2023-11-18 03:20:03,415 - rasterio._io - DEBUG - Jump straight to _read()
2023-11-18 03:20:03,415 - rasterio._io - DEBUG - Window: Window(col_off=0, row_off=0, width=10215, height=3792)
2023-11-18 03:20:03,416 - rasterio._io - DEBUG - IO window xoff=0.0 yoff=0.0 width=10215.0 height=3792.0
2023-11-18 03:20:04,066 - rasterio.env - DEBUG - Exiting env context: <rasterio.env.Env object at 0x7fc935c01a90>
2023-11-18 03:20:04,066 - rasterio.env - DEBUG - Cleared existing <rasterio._env.GDALEnv object at 0x7fc935f2d750> options
2023-11-18 03:20:04,066 - rasterio._env - DEBUG - Stopped GDALEnv <rasterio._env.GDALEnv object at 0x7fc935f2d750>.
2023-11-18 03:20:04,066 - rasterio.env - DEBUG - Exiting outermost env
2023-11-18 03:20:04,066 - rasterio.env - DEBUG - Exited env context: <rasterio.env.Env object at 0x7fc935c01a90>
2023-11-18 03:20:04,068 - urllib3.connectionpool - DEBUG - Starting new HTTPS connection (1): radar.bmkg.go.id:8060
2023-11-18 03:20:04,128 - urllib3.connectionpool - DEBUG - https://radar.bmkg.go.id:8060 "GET /getLatestLD?typeData=1 HTTP/1.1" 200 18379
2023-11-18 03:20:04,147 - asyncio - DEBUG - Using selector: EpollSelector
2023-11-18 03:20:10,878 - root - INFO - dask.bag<lambda, npartitions=34>
2023-11-18 03:24:35,354 - root - INFO - Total elapsed time: 0:04:32.244857
