2023-11-17 16:00:03,519 - root - INFO - Initiating present weather
2023-11-17 16:00:03,523 - urllib3.connectionpool - DEBUG - Starting new HTTPS connection (1): radar.bmkg.go.id:8060
2023-11-17 16:00:15,304 - rasterio.env - DEBUG - Entering env context: <rasterio.env.Env object at 0x7f4263cee4b0>
2023-11-17 16:00:15,304 - rasterio.env - DEBUG - Starting outermost env
2023-11-17 16:00:15,305 - rasterio.env - DEBUG - No GDAL environment exists
2023-11-17 16:00:15,305 - rasterio.env - DEBUG - New GDAL environment <rasterio._env.GDALEnv object at 0x7f4219b57280> created
2023-11-17 16:00:15,313 - rasterio._filepath - DEBUG - Installing FilePath filesystem handler plugin...
2023-11-17 16:00:15,314 - rasterio._env - DEBUG - GDAL data found in package: path='/home/swx/miniconda3/envs/present_weather/lib/python3.12/site-packages/rasterio/gdal_data'.
2023-11-17 16:00:15,314 - rasterio._env - DEBUG - PROJ_LIB found in environment.
2023-11-17 16:00:15,314 - rasterio._env - DEBUG - Started GDALEnv: self=<rasterio._env.GDALEnv object at 0x7f4219b57280>.
2023-11-17 16:00:15,314 - rasterio.env - DEBUG - Entered env context: <rasterio.env.Env object at 0x7f4263cee4b0>
2023-11-17 16:00:15,314 - rasterio._base - DEBUG - Sharing flag: 0
2023-11-17 16:00:15,335 - rasterio._base - DEBUG - Nodata success: 0, Nodata value: 0.000000
2023-11-17 16:00:15,335 - rasterio._base - DEBUG - Dataset <open DatasetReader name='/home/swx/present_weather/src/H09_B13_Indonesia_20231117.Z1550.cor.tiff' mode='r'> is started.
2023-11-17 16:00:15,336 - rasterio.env - DEBUG - Exiting env context: <rasterio.env.Env object at 0x7f4263cee4b0>
2023-11-17 16:00:15,336 - rasterio.env - DEBUG - Cleared existing <rasterio._env.GDALEnv object at 0x7f4219b57280> options
2023-11-17 16:00:15,336 - rasterio._env - DEBUG - Stopped GDALEnv <rasterio._env.GDALEnv object at 0x7f4219b57280>.
2023-11-17 16:00:15,336 - rasterio.env - DEBUG - Exiting outermost env
2023-11-17 16:00:15,336 - rasterio.env - DEBUG - Exited env context: <rasterio.env.Env object at 0x7f4263cee4b0>
2023-11-17 16:00:15,337 - rasterio.env - DEBUG - Entering env context: <rasterio.env.Env object at 0x7f4219e11eb0>
2023-11-17 16:00:15,337 - rasterio.env - DEBUG - Starting outermost env
2023-11-17 16:00:15,337 - rasterio.env - DEBUG - No GDAL environment exists
2023-11-17 16:00:15,337 - rasterio.env - DEBUG - New GDAL environment <rasterio._env.GDALEnv object at 0x7f425b5ea2f0> created
2023-11-17 16:00:15,338 - rasterio._env - DEBUG - GDAL data found in package: path='/home/swx/miniconda3/envs/present_weather/lib/python3.12/site-packages/rasterio/gdal_data'.
2023-11-17 16:00:15,338 - rasterio._env - DEBUG - PROJ_LIB found in environment.
2023-11-17 16:00:15,338 - rasterio._env - DEBUG - Started GDALEnv: self=<rasterio._env.GDALEnv object at 0x7f425b5ea2f0>.
2023-11-17 16:00:15,338 - rasterio.env - DEBUG - Entered env context: <rasterio.env.Env object at 0x7f4219e11eb0>
2023-11-17 16:00:15,338 - rasterio._base - DEBUG - Sharing flag: 0
2023-11-17 16:00:15,339 - rasterio._base - DEBUG - Nodata success: 0, Nodata value: 0.000000
2023-11-17 16:00:15,339 - rasterio._base - DEBUG - Dataset <open DatasetReader name='/home/swx/present_weather/src/H09_B13_Indonesia_20231117.Z1550.cor.tiff' mode='r'> is started.
2023-11-17 16:00:15,339 - rasterio.env - DEBUG - Exiting env context: <rasterio.env.Env object at 0x7f4219e11eb0>
2023-11-17 16:00:15,340 - rasterio.env - DEBUG - Cleared existing <rasterio._env.GDALEnv object at 0x7f425b5ea2f0> options
2023-11-17 16:00:15,340 - rasterio._env - DEBUG - Stopped GDALEnv <rasterio._env.GDALEnv object at 0x7f425b5ea2f0>.
2023-11-17 16:00:15,340 - rasterio.env - DEBUG - Exiting outermost env
2023-11-17 16:00:15,340 - rasterio.env - DEBUG - Exited env context: <rasterio.env.Env object at 0x7f4219e11eb0>
2023-11-17 16:00:15,362 - asyncio - DEBUG - Using selector: EpollSelector
2023-11-17 16:00:18,726 - root - INFO - dask.bag<lambda, npartitions=34>
2023-11-17 16:01:35,680 - root - INFO - Total elapsed time: 0:01:32.162547
