2023-11-27 04:43:02,991 - root - INFO - Initiating present weather
2023-11-27 04:43:02,993 - asyncio - DEBUG - Using selector: EpollSelector
2023-11-27 04:43:04,493 - urllib3.connectionpool - DEBUG - Starting new HTTPS connection (1): radar.bmkg.go.id:8060
2023-11-27 04:43:04,514 - urllib3.connectionpool - DEBUG - https://radar.bmkg.go.id:8060 "GET /getRadarGeotif?token=19387e71e78522ae4172ec0fda640983b8438c9cfa0ca571623cb69d8327&radar=amandemenForecast&type=latest HTTP/1.1" 200 90
2023-11-27 04:43:04,514 - rasterio.env - DEBUG - Entering env context: <rasterio.env.Env object at 0x7f968c4a9bd0>
2023-11-27 04:43:04,515 - rasterio.env - DEBUG - Starting outermost env
2023-11-27 04:43:04,515 - rasterio.env - DEBUG - No GDAL environment exists
2023-11-27 04:43:04,515 - rasterio.env - DEBUG - New GDAL environment <rasterio._env.GDALEnv object at 0x7f968bb47700> created
2023-11-27 04:43:04,518 - rasterio._filepath - DEBUG - Installing FilePath filesystem handler plugin...
2023-11-27 04:43:04,518 - rasterio._env - DEBUG - GDAL data found in package: path='/home/metpublic/PYTHON_VENV/present_weather/lib/python3.10/site-packages/rasterio/gdal_data'.
2023-11-27 04:43:04,518 - rasterio._env - DEBUG - PROJ data found in package: path='/home/metpublic/PYTHON_VENV/present_weather/lib/python3.10/site-packages/rasterio/proj_data'.
2023-11-27 04:43:04,518 - rasterio._env - DEBUG - Started GDALEnv: self=<rasterio._env.GDALEnv object at 0x7f968bb47700>.
2023-11-27 04:43:04,518 - rasterio.env - DEBUG - Entered env context: <rasterio.env.Env object at 0x7f968c4a9bd0>
2023-11-27 04:43:04,518 - rasterio._base - DEBUG - Sharing flag: 0
2023-11-27 04:43:04,689 - rasterio._base - DEBUG - Nodata success: 1, Nodata value: nan
2023-11-27 04:43:04,689 - rasterio._base - DEBUG - Dataset <open DatasetReader name='https://radar.bmkg.go.id/raster/radarsatelit_202311270440.tif' mode='r'> is started.
2023-11-27 04:43:04,690 - rasterio.env - DEBUG - Exiting env context: <rasterio.env.Env object at 0x7f968c4a9bd0>
2023-11-27 04:43:04,690 - rasterio.env - DEBUG - Cleared existing <rasterio._env.GDALEnv object at 0x7f968bb47700> options
2023-11-27 04:43:04,690 - rasterio._env - DEBUG - Stopped GDALEnv <rasterio._env.GDALEnv object at 0x7f968bb47700>.
2023-11-27 04:43:04,690 - rasterio.env - DEBUG - Exiting outermost env
2023-11-27 04:43:04,690 - rasterio.env - DEBUG - Exited env context: <rasterio.env.Env object at 0x7f968c4a9bd0>
2023-11-27 04:43:04,690 - rasterio.env - DEBUG - Entering env context: <rasterio.env.Env object at 0x7f968bae7670>
2023-11-27 04:43:04,690 - rasterio.env - DEBUG - Starting outermost env
2023-11-27 04:43:04,690 - rasterio.env - DEBUG - No GDAL environment exists
2023-11-27 04:43:04,690 - rasterio.env - DEBUG - New GDAL environment <rasterio._env.GDALEnv object at 0x7f96881db640> created
2023-11-27 04:43:04,690 - rasterio._env - DEBUG - GDAL data found in package: path='/home/metpublic/PYTHON_VENV/present_weather/lib/python3.10/site-packages/rasterio/gdal_data'.
2023-11-27 04:43:04,690 - rasterio._env - DEBUG - PROJ data found in package: path='/home/metpublic/PYTHON_VENV/present_weather/lib/python3.10/site-packages/rasterio/proj_data'.
2023-11-27 04:43:04,691 - rasterio._env - DEBUG - Started GDALEnv: self=<rasterio._env.GDALEnv object at 0x7f96881db640>.
2023-11-27 04:43:04,691 - rasterio.env - DEBUG - Entered env context: <rasterio.env.Env object at 0x7f968bae7670>
2023-11-27 04:43:04,691 - rasterio.env - DEBUG - Got a copy of environment <rasterio._env.GDALEnv object at 0x7f96881db640> options
2023-11-27 04:43:04,691 - rasterio.env - DEBUG - Entering env context: <rasterio.env.Env object at 0x7f968812d300>
2023-11-27 04:43:04,691 - rasterio.env - DEBUG - Got a copy of environment <rasterio._env.GDALEnv object at 0x7f96881db640> options
2023-11-27 04:43:04,691 - rasterio.env - DEBUG - Entered env context: <rasterio.env.Env object at 0x7f968812d300>
2023-11-27 04:43:04,692 - rasterio._base - DEBUG - Sharing flag: 0
2023-11-27 04:43:04,692 - rasterio._base - DEBUG - Nodata success: 1, Nodata value: nan
2023-11-27 04:43:04,693 - rasterio._base - DEBUG - Dataset <open DatasetReader name='https://radar.bmkg.go.id/raster/radarsatelit_202311270440.tif' mode='r'> is started.
2023-11-27 04:43:04,693 - rasterio.env - DEBUG - Exiting env context: <rasterio.env.Env object at 0x7f968812d300>
2023-11-27 04:43:04,693 - rasterio.env - DEBUG - Cleared existing <rasterio._env.GDALEnv object at 0x7f96881db640> options
2023-11-27 04:43:04,693 - rasterio._env - DEBUG - Stopped GDALEnv <rasterio._env.GDALEnv object at 0x7f96881db640>.
2023-11-27 04:43:04,693 - rasterio.env - DEBUG - No GDAL environment exists
2023-11-27 04:43:04,693 - rasterio.env - DEBUG - New GDAL environment <rasterio._env.GDALEnv object at 0x7f96881db640> created
2023-11-27 04:43:04,693 - rasterio._env - DEBUG - GDAL data found in package: path='/home/metpublic/PYTHON_VENV/present_weather/lib/python3.10/site-packages/rasterio/gdal_data'.
2023-11-27 04:43:04,694 - rasterio._env - DEBUG - PROJ data found in package: path='/home/metpublic/PYTHON_VENV/present_weather/lib/python3.10/site-packages/rasterio/proj_data'.
2023-11-27 04:43:04,694 - rasterio._env - DEBUG - Started GDALEnv: self=<rasterio._env.GDALEnv object at 0x7f96881db640>.
2023-11-27 04:43:04,694 - rasterio.env - DEBUG - Exited env context: <rasterio.env.Env object at 0x7f968812d300>
2023-11-27 04:43:04,709 - rasterio._io - DEBUG - Output nodata value read from file: nan
2023-11-27 04:43:04,710 - rasterio._io - DEBUG - Output nodata values: [nan]
2023-11-27 04:43:04,710 - rasterio._io - DEBUG - all_valid: False
2023-11-27 04:43:04,710 - rasterio._io - DEBUG - mask_flags: ([<MaskFlags.nodata: 8>],)
2023-11-27 04:43:04,710 - rasterio._io - DEBUG - Jump straight to _read()
2023-11-27 04:43:04,711 - rasterio._io - DEBUG - Window: Window(col_off=0, row_off=0, width=10215, height=3792)
2023-11-27 04:43:04,711 - rasterio._io - DEBUG - IO window xoff=0.0 yoff=0.0 width=10215.0 height=3792.0
2023-11-27 04:43:05,259 - rasterio.env - DEBUG - Exiting env context: <rasterio.env.Env object at 0x7f968bae7670>
2023-11-27 04:43:05,260 - rasterio.env - DEBUG - Cleared existing <rasterio._env.GDALEnv object at 0x7f96881db640> options
2023-11-27 04:43:05,260 - rasterio._env - DEBUG - Stopped GDALEnv <rasterio._env.GDALEnv object at 0x7f96881db640>.
2023-11-27 04:43:05,260 - rasterio.env - DEBUG - Exiting outermost env
2023-11-27 04:43:05,260 - rasterio.env - DEBUG - Exited env context: <rasterio.env.Env object at 0x7f968bae7670>
2023-11-27 04:43:05,261 - urllib3.connectionpool - DEBUG - Starting new HTTPS connection (1): radar.bmkg.go.id:8060
2023-11-27 04:43:05,278 - urllib3.connectionpool - DEBUG - https://radar.bmkg.go.id:8060 "GET /getLatestLD?typeData=1 HTTP/1.1" 200 5409
2023-11-27 04:43:05,282 - root - INFO - Generating present weather using RADAR data
2023-11-27 04:43:09,157 - root - INFO - dask.bag<lambda, npartitions=34>
2023-11-27 04:49:43,339 - root - INFO - Total elapsed time: 0:06:40.347927
