2023-11-26 15:03:03,747 - root - INFO - Initiating present weather
2023-11-26 15:03:03,750 - asyncio - DEBUG - Using selector: EpollSelector
2023-11-26 15:03:07,034 - urllib3.connectionpool - DEBUG - Starting new HTTPS connection (1): radar.bmkg.go.id:8060
2023-11-26 15:03:07,103 - urllib3.connectionpool - DEBUG - https://radar.bmkg.go.id:8060 "GET /getRadarGeotif?token=19387e71e78522ae4172ec0fda640983b8438c9cfa0ca571623cb69d8327&radar=amandemenForecast&type=latest HTTP/1.1" 200 90
2023-11-26 15:03:07,105 - rasterio.env - DEBUG - Entering env context: <rasterio.env.Env object at 0x7fd80af88d40>
2023-11-26 15:03:07,106 - rasterio.env - DEBUG - Starting outermost env
2023-11-26 15:03:07,106 - rasterio.env - DEBUG - No GDAL environment exists
2023-11-26 15:03:07,107 - rasterio.env - DEBUG - New GDAL environment <rasterio._env.GDALEnv object at 0x7fd80af8a3e0> created
2023-11-26 15:03:07,110 - rasterio._filepath - DEBUG - Installing FilePath filesystem handler plugin...
2023-11-26 15:03:07,111 - rasterio._env - DEBUG - GDAL data found in package: path='/home/swx/miniconda3/envs/present_weather/lib/python3.12/site-packages/rasterio/gdal_data'.
2023-11-26 15:03:07,111 - rasterio._env - DEBUG - PROJ_LIB found in environment.
2023-11-26 15:03:07,111 - rasterio._env - DEBUG - Started GDALEnv: self=<rasterio._env.GDALEnv object at 0x7fd80af8a3e0>.
2023-11-26 15:03:07,111 - rasterio.env - DEBUG - Entered env context: <rasterio.env.Env object at 0x7fd80af88d40>
2023-11-26 15:03:07,111 - rasterio._base - DEBUG - Sharing flag: 0
2023-11-26 15:03:07,319 - rasterio._base - DEBUG - Nodata success: 1, Nodata value: nan
2023-11-26 15:03:07,319 - rasterio._base - DEBUG - Dataset <open DatasetReader name='https://radar.bmkg.go.id/raster/radarsatelit_202311261500.tif' mode='r'> is started.
2023-11-26 15:03:07,320 - rasterio.env - DEBUG - Exiting env context: <rasterio.env.Env object at 0x7fd80af88d40>
2023-11-26 15:03:07,320 - rasterio.env - DEBUG - Cleared existing <rasterio._env.GDALEnv object at 0x7fd80af8a3e0> options
2023-11-26 15:03:07,320 - rasterio._env - DEBUG - Stopped GDALEnv <rasterio._env.GDALEnv object at 0x7fd80af8a3e0>.
2023-11-26 15:03:07,320 - rasterio.env - DEBUG - Exiting outermost env
2023-11-26 15:03:07,320 - rasterio.env - DEBUG - Exited env context: <rasterio.env.Env object at 0x7fd80af88d40>
2023-11-26 15:03:07,320 - rasterio.env - DEBUG - Entering env context: <rasterio.env.Env object at 0x7fd80a242390>
2023-11-26 15:03:07,320 - rasterio.env - DEBUG - Starting outermost env
2023-11-26 15:03:07,320 - rasterio.env - DEBUG - No GDAL environment exists
2023-11-26 15:03:07,321 - rasterio.env - DEBUG - New GDAL environment <rasterio._env.GDALEnv object at 0x7fd80a212ce0> created
2023-11-26 15:03:07,321 - rasterio._env - DEBUG - GDAL data found in package: path='/home/swx/miniconda3/envs/present_weather/lib/python3.12/site-packages/rasterio/gdal_data'.
2023-11-26 15:03:07,321 - rasterio._env - DEBUG - PROJ_LIB found in environment.
2023-11-26 15:03:07,322 - rasterio._env - DEBUG - Started GDALEnv: self=<rasterio._env.GDALEnv object at 0x7fd80a212ce0>.
2023-11-26 15:03:07,322 - rasterio.env - DEBUG - Entered env context: <rasterio.env.Env object at 0x7fd80a242390>
2023-11-26 15:03:07,322 - rasterio.env - DEBUG - Got a copy of environment <rasterio._env.GDALEnv object at 0x7fd80a212ce0> options
2023-11-26 15:03:07,323 - rasterio.env - DEBUG - Entering env context: <rasterio.env.Env object at 0x7fd80af88d40>
2023-11-26 15:03:07,323 - rasterio.env - DEBUG - Got a copy of environment <rasterio._env.GDALEnv object at 0x7fd80a212ce0> options
2023-11-26 15:03:07,323 - rasterio.env - DEBUG - Entered env context: <rasterio.env.Env object at 0x7fd80af88d40>
2023-11-26 15:03:07,323 - rasterio._base - DEBUG - Sharing flag: 0
2023-11-26 15:03:07,325 - rasterio._base - DEBUG - Nodata success: 1, Nodata value: nan
2023-11-26 15:03:07,325 - rasterio._base - DEBUG - Dataset <open DatasetReader name='https://radar.bmkg.go.id/raster/radarsatelit_202311261500.tif' mode='r'> is started.
2023-11-26 15:03:07,325 - rasterio.env - DEBUG - Exiting env context: <rasterio.env.Env object at 0x7fd80af88d40>
2023-11-26 15:03:07,325 - rasterio.env - DEBUG - Cleared existing <rasterio._env.GDALEnv object at 0x7fd80a212ce0> options
2023-11-26 15:03:07,325 - rasterio._env - DEBUG - Stopped GDALEnv <rasterio._env.GDALEnv object at 0x7fd80a212ce0>.
2023-11-26 15:03:07,325 - rasterio.env - DEBUG - No GDAL environment exists
2023-11-26 15:03:07,326 - rasterio.env - DEBUG - New GDAL environment <rasterio._env.GDALEnv object at 0x7fd80a212ce0> created
2023-11-26 15:03:07,326 - rasterio._env - DEBUG - GDAL data found in package: path='/home/swx/miniconda3/envs/present_weather/lib/python3.12/site-packages/rasterio/gdal_data'.
2023-11-26 15:03:07,326 - rasterio._env - DEBUG - PROJ_LIB found in environment.
2023-11-26 15:03:07,326 - rasterio._env - DEBUG - Started GDALEnv: self=<rasterio._env.GDALEnv object at 0x7fd80a212ce0>.
2023-11-26 15:03:07,327 - rasterio.env - DEBUG - Exited env context: <rasterio.env.Env object at 0x7fd80af88d40>
2023-11-26 15:03:07,355 - rasterio._io - DEBUG - Output nodata value read from file: nan
2023-11-26 15:03:07,355 - rasterio._io - DEBUG - Output nodata values: [nan]
2023-11-26 15:03:07,356 - rasterio._io - DEBUG - all_valid: False
2023-11-26 15:03:07,356 - rasterio._io - DEBUG - mask_flags: ([<MaskFlags.nodata: 8>],)
2023-11-26 15:03:07,356 - rasterio._io - DEBUG - Jump straight to _read()
2023-11-26 15:03:07,356 - rasterio._io - DEBUG - Window: Window(col_off=0, row_off=0, width=10215, height=3792)
2023-11-26 15:03:07,357 - rasterio._io - DEBUG - IO window xoff=0.0 yoff=0.0 width=10215.0 height=3792.0
2023-11-26 15:03:08,216 - rasterio.env - DEBUG - Exiting env context: <rasterio.env.Env object at 0x7fd80a242390>
2023-11-26 15:03:08,216 - rasterio.env - DEBUG - Cleared existing <rasterio._env.GDALEnv object at 0x7fd80a212ce0> options
2023-11-26 15:03:08,216 - rasterio._env - DEBUG - Stopped GDALEnv <rasterio._env.GDALEnv object at 0x7fd80a212ce0>.
2023-11-26 15:03:08,217 - rasterio.env - DEBUG - Exiting outermost env
2023-11-26 15:03:08,217 - rasterio.env - DEBUG - Exited env context: <rasterio.env.Env object at 0x7fd80a242390>
2023-11-26 15:03:08,219 - urllib3.connectionpool - DEBUG - Starting new HTTPS connection (1): radar.bmkg.go.id:8060
2023-11-26 15:03:08,280 - urllib3.connectionpool - DEBUG - https://radar.bmkg.go.id:8060 "GET /getLatestLD?typeData=1 HTTP/1.1" 200 11774
2023-11-26 15:03:08,292 - root - INFO - Generating present weather using RADAR data
2023-11-26 15:03:11,640 - root - INFO - dask.bag<lambda, npartitions=20>
2023-11-26 15:15:37,746 - root - INFO - Total elapsed time: 0:12:34.000111
