2023-12-05 16:53:02,732 - root - INFO - Initiating present weather
2023-12-05 16:53:02,734 - asyncio - DEBUG - Using selector: EpollSelector
2023-12-05 16:53:04,249 - urllib3.connectionpool - DEBUG - Starting new HTTPS connection (1): radar.bmkg.go.id:8060
2023-12-05 16:53:04,262 - urllib3.connectionpool - DEBUG - https://radar.bmkg.go.id:8060 "GET /getLatestLD?typeData=1 HTTP/1.1" 200 62
2023-12-05 16:53:04,264 - urllib3.connectionpool - DEBUG - Starting new HTTPS connection (1): radar.bmkg.go.id:8060
2023-12-05 16:53:04,285 - urllib3.connectionpool - DEBUG - https://radar.bmkg.go.id:8060 "GET /getRadarGeotif?token=19387e71e78522ae4172ec0fda640983b8438c9cfa0ca571623cb69d8327&radar=amandemenForecast&type=latest HTTP/1.1" 200 90
2023-12-05 16:53:04,286 - rasterio.env - DEBUG - Entering env context: <rasterio.env.Env object at 0x7f4f45f605b0>
2023-12-05 16:53:04,286 - rasterio.env - DEBUG - Starting outermost env
2023-12-05 16:53:04,286 - rasterio.env - DEBUG - No GDAL environment exists
2023-12-05 16:53:04,287 - rasterio.env - DEBUG - New GDAL environment <rasterio._env.GDALEnv object at 0x7f4f45f607f0> created
2023-12-05 16:53:04,289 - rasterio._filepath - DEBUG - Installing FilePath filesystem handler plugin...
2023-12-05 16:53:04,289 - rasterio._env - DEBUG - GDAL data found in package: path='/home/metpublic/PYTHON_VENV/present_weather/lib/python3.10/site-packages/rasterio/gdal_data'.
2023-12-05 16:53:04,291 - rasterio._env - DEBUG - PROJ data found in package: path='/home/metpublic/PYTHON_VENV/present_weather/lib/python3.10/site-packages/rasterio/proj_data'.
2023-12-05 16:53:04,291 - rasterio._env - DEBUG - Started GDALEnv: self=<rasterio._env.GDALEnv object at 0x7f4f45f607f0>.
2023-12-05 16:53:04,291 - rasterio.env - DEBUG - Entered env context: <rasterio.env.Env object at 0x7f4f45f605b0>
2023-12-05 16:53:04,291 - rasterio._base - DEBUG - Sharing flag: 0
2023-12-05 16:53:04,519 - rasterio._base - DEBUG - Nodata success: 1, Nodata value: nan
2023-12-05 16:53:04,520 - rasterio._base - DEBUG - Dataset <open DatasetReader name='https://radar.bmkg.go.id/raster/radarsatelit_202312051650.tif' mode='r'> is started.
2023-12-05 16:53:04,520 - rasterio.env - DEBUG - Exiting env context: <rasterio.env.Env object at 0x7f4f45f605b0>
2023-12-05 16:53:04,520 - rasterio.env - DEBUG - Cleared existing <rasterio._env.GDALEnv object at 0x7f4f45f607f0> options
2023-12-05 16:53:04,520 - rasterio._env - DEBUG - Stopped GDALEnv <rasterio._env.GDALEnv object at 0x7f4f45f607f0>.
2023-12-05 16:53:04,521 - rasterio.env - DEBUG - Exiting outermost env
2023-12-05 16:53:04,521 - rasterio.env - DEBUG - Exited env context: <rasterio.env.Env object at 0x7f4f45f605b0>
2023-12-05 16:53:04,521 - rasterio.env - DEBUG - Entering env context: <rasterio.env.Env object at 0x7f4f45f20700>
2023-12-05 16:53:04,521 - rasterio.env - DEBUG - Starting outermost env
2023-12-05 16:53:04,521 - rasterio.env - DEBUG - No GDAL environment exists
2023-12-05 16:53:04,521 - rasterio.env - DEBUG - New GDAL environment <rasterio._env.GDALEnv object at 0x7f4f45f607f0> created
2023-12-05 16:53:04,521 - rasterio._env - DEBUG - GDAL data found in package: path='/home/metpublic/PYTHON_VENV/present_weather/lib/python3.10/site-packages/rasterio/gdal_data'.
2023-12-05 16:53:04,521 - rasterio._env - DEBUG - PROJ data found in package: path='/home/metpublic/PYTHON_VENV/present_weather/lib/python3.10/site-packages/rasterio/proj_data'.
2023-12-05 16:53:04,521 - rasterio._env - DEBUG - Started GDALEnv: self=<rasterio._env.GDALEnv object at 0x7f4f45f607f0>.
2023-12-05 16:53:04,522 - rasterio.env - DEBUG - Entered env context: <rasterio.env.Env object at 0x7f4f45f20700>
2023-12-05 16:53:04,522 - rasterio.env - DEBUG - Got a copy of environment <rasterio._env.GDALEnv object at 0x7f4f45f607f0> options
2023-12-05 16:53:04,522 - rasterio.env - DEBUG - Entering env context: <rasterio.env.Env object at 0x7f4f4453dba0>
2023-12-05 16:53:04,522 - rasterio.env - DEBUG - Got a copy of environment <rasterio._env.GDALEnv object at 0x7f4f45f607f0> options
2023-12-05 16:53:04,522 - rasterio.env - DEBUG - Entered env context: <rasterio.env.Env object at 0x7f4f4453dba0>
2023-12-05 16:53:04,522 - rasterio._base - DEBUG - Sharing flag: 0
2023-12-05 16:53:04,523 - rasterio._base - DEBUG - Nodata success: 1, Nodata value: nan
2023-12-05 16:53:04,523 - rasterio._base - DEBUG - Dataset <open DatasetReader name='https://radar.bmkg.go.id/raster/radarsatelit_202312051650.tif' mode='r'> is started.
2023-12-05 16:53:04,523 - rasterio.env - DEBUG - Exiting env context: <rasterio.env.Env object at 0x7f4f4453dba0>
2023-12-05 16:53:04,523 - rasterio.env - DEBUG - Cleared existing <rasterio._env.GDALEnv object at 0x7f4f45f607f0> options
2023-12-05 16:53:04,523 - rasterio._env - DEBUG - Stopped GDALEnv <rasterio._env.GDALEnv object at 0x7f4f45f607f0>.
2023-12-05 16:53:04,523 - rasterio.env - DEBUG - No GDAL environment exists
2023-12-05 16:53:04,523 - rasterio.env - DEBUG - New GDAL environment <rasterio._env.GDALEnv object at 0x7f4f45f607f0> created
2023-12-05 16:53:04,524 - rasterio._env - DEBUG - GDAL data found in package: path='/home/metpublic/PYTHON_VENV/present_weather/lib/python3.10/site-packages/rasterio/gdal_data'.
2023-12-05 16:53:04,524 - rasterio._env - DEBUG - PROJ data found in package: path='/home/metpublic/PYTHON_VENV/present_weather/lib/python3.10/site-packages/rasterio/proj_data'.
2023-12-05 16:53:04,524 - rasterio._env - DEBUG - Started GDALEnv: self=<rasterio._env.GDALEnv object at 0x7f4f45f607f0>.
2023-12-05 16:53:04,524 - rasterio.env - DEBUG - Exited env context: <rasterio.env.Env object at 0x7f4f4453dba0>
2023-12-05 16:53:04,540 - rasterio._io - DEBUG - Output nodata value read from file: nan
2023-12-05 16:53:04,540 - rasterio._io - DEBUG - Output nodata values: [nan]
2023-12-05 16:53:04,541 - rasterio._io - DEBUG - all_valid: False
2023-12-05 16:53:04,541 - rasterio._io - DEBUG - mask_flags: ([<MaskFlags.nodata: 8>],)
2023-12-05 16:53:04,541 - rasterio._io - DEBUG - Jump straight to _read()
2023-12-05 16:53:04,541 - rasterio._io - DEBUG - Window: Window(col_off=0, row_off=0, width=10177, height=3732)
2023-12-05 16:53:04,541 - rasterio._io - DEBUG - IO window xoff=0.0 yoff=0.0 width=10177.0 height=3732.0
2023-12-05 16:53:05,128 - rasterio.env - DEBUG - Exiting env context: <rasterio.env.Env object at 0x7f4f45f20700>
2023-12-05 16:53:05,128 - rasterio.env - DEBUG - Cleared existing <rasterio._env.GDALEnv object at 0x7f4f45f607f0> options
2023-12-05 16:53:05,129 - rasterio._env - DEBUG - Stopped GDALEnv <rasterio._env.GDALEnv object at 0x7f4f45f607f0>.
2023-12-05 16:53:05,129 - rasterio.env - DEBUG - Exiting outermost env
2023-12-05 16:53:05,129 - rasterio.env - DEBUG - Exited env context: <rasterio.env.Env object at 0x7f4f45f20700>
2023-12-05 16:57:34,202 - rasterio.env - DEBUG - Entering env context: <rasterio.env.Env object at 0x7f4f445c47c0>
2023-12-05 16:57:34,202 - rasterio.env - DEBUG - Starting outermost env
2023-12-05 16:57:34,202 - rasterio.env - DEBUG - No GDAL environment exists
2023-12-05 16:57:34,202 - rasterio.env - DEBUG - New GDAL environment <rasterio._env.GDALEnv object at 0x7f4f445c4cd0> created
2023-12-05 16:57:34,203 - rasterio._env - DEBUG - GDAL data found in package: path='/home/metpublic/PYTHON_VENV/present_weather/lib/python3.10/site-packages/rasterio/gdal_data'.
2023-12-05 16:57:34,203 - rasterio._env - DEBUG - PROJ data found in package: path='/home/metpublic/PYTHON_VENV/present_weather/lib/python3.10/site-packages/rasterio/proj_data'.
2023-12-05 16:57:34,203 - rasterio._env - DEBUG - Started GDALEnv: self=<rasterio._env.GDALEnv object at 0x7f4f445c4cd0>.
2023-12-05 16:57:34,204 - rasterio.env - DEBUG - Entered env context: <rasterio.env.Env object at 0x7f4f445c47c0>
2023-12-05 16:57:34,204 - rasterio._base - DEBUG - Sharing flag: 0
2023-12-05 16:57:34,205 - rasterio._base - DEBUG - Nodata success: 0, Nodata value: 0.000000
2023-12-05 16:57:34,206 - rasterio._base - DEBUG - Dataset <open DatasetReader name='/home/metpublic/TASK_RELEASE/EFAN/present_weather/src/H09_B13_Indonesia_20231205.Z1640.cor.tiff' mode='r'> is started.
2023-12-05 16:57:34,206 - rasterio.env - DEBUG - Exiting env context: <rasterio.env.Env object at 0x7f4f445c47c0>
2023-12-05 16:57:34,206 - rasterio.env - DEBUG - Cleared existing <rasterio._env.GDALEnv object at 0x7f4f445c4cd0> options
2023-12-05 16:57:34,206 - rasterio._env - DEBUG - Stopped GDALEnv <rasterio._env.GDALEnv object at 0x7f4f445c4cd0>.
2023-12-05 16:57:34,206 - rasterio.env - DEBUG - Exiting outermost env
2023-12-05 16:57:34,206 - rasterio.env - DEBUG - Exited env context: <rasterio.env.Env object at 0x7f4f445c47c0>
2023-12-05 16:57:34,206 - rasterio.env - DEBUG - Entering env context: <rasterio.env.Env object at 0x7f4f4446d630>
2023-12-05 16:57:34,206 - rasterio.env - DEBUG - Starting outermost env
2023-12-05 16:57:34,207 - rasterio.env - DEBUG - No GDAL environment exists
2023-12-05 16:57:34,207 - rasterio.env - DEBUG - New GDAL environment <rasterio._env.GDALEnv object at 0x7f4f4446cc70> created
2023-12-05 16:57:34,207 - rasterio._env - DEBUG - GDAL data found in package: path='/home/metpublic/PYTHON_VENV/present_weather/lib/python3.10/site-packages/rasterio/gdal_data'.
2023-12-05 16:57:34,207 - rasterio._env - DEBUG - PROJ data found in package: path='/home/metpublic/PYTHON_VENV/present_weather/lib/python3.10/site-packages/rasterio/proj_data'.
2023-12-05 16:57:34,207 - rasterio._env - DEBUG - Started GDALEnv: self=<rasterio._env.GDALEnv object at 0x7f4f4446cc70>.
2023-12-05 16:57:34,207 - rasterio.env - DEBUG - Entered env context: <rasterio.env.Env object at 0x7f4f4446d630>
2023-12-05 16:57:34,208 - rasterio._base - DEBUG - Sharing flag: 0
2023-12-05 16:57:34,208 - rasterio._base - DEBUG - Nodata success: 0, Nodata value: 0.000000
2023-12-05 16:57:34,209 - rasterio._base - DEBUG - Dataset <open DatasetReader name='/home/metpublic/TASK_RELEASE/EFAN/present_weather/src/H09_B13_Indonesia_20231205.Z1640.cor.tiff' mode='r'> is started.
2023-12-05 16:57:34,209 - rasterio.env - DEBUG - Exiting env context: <rasterio.env.Env object at 0x7f4f4446d630>
2023-12-05 16:57:34,209 - rasterio.env - DEBUG - Cleared existing <rasterio._env.GDALEnv object at 0x7f4f4446cc70> options
2023-12-05 16:57:34,209 - rasterio._env - DEBUG - Stopped GDALEnv <rasterio._env.GDALEnv object at 0x7f4f4446cc70>.
2023-12-05 16:57:34,209 - rasterio.env - DEBUG - Exiting outermost env
2023-12-05 16:57:34,209 - rasterio.env - DEBUG - Exited env context: <rasterio.env.Env object at 0x7f4f4446d630>
2023-12-05 16:57:34,220 - root - INFO - Generating present weather using SATELITE data
2023-12-05 16:59:05,733 - root - INFO - Total elapsed time: 0:06:03.000663
