2023-12-14 12:13:02,864 - root - INFO - Initiating present weather
2023-12-14 12:13:02,866 - asyncio - DEBUG - Using selector: EpollSelector
2023-12-14 12:13:04,443 - urllib3.connectionpool - DEBUG - Starting new HTTPS connection (1): radar.bmkg.go.id:8060
2023-12-14 12:13:04,461 - urllib3.connectionpool - DEBUG - https://radar.bmkg.go.id:8060 "GET /getLatestLD?typeData=1 HTTP/1.1" 200 62
2023-12-14 12:13:04,463 - urllib3.connectionpool - DEBUG - Starting new HTTPS connection (1): radar.bmkg.go.id:8060
2023-12-14 12:13:04,489 - urllib3.connectionpool - DEBUG - https://radar.bmkg.go.id:8060 "GET /getRadarGeotif?token=19387e71e78522ae4172ec0fda640983b8438c9cfa0ca571623cb69d8327&radar=amandemenForecast&type=latest HTTP/1.1" 200 90
2023-12-14 12:13:04,490 - rasterio.env - DEBUG - Entering env context: <rasterio.env.Env object at 0x7f78323b9030>
2023-12-14 12:13:04,490 - rasterio.env - DEBUG - Starting outermost env
2023-12-14 12:13:04,491 - rasterio.env - DEBUG - No GDAL environment exists
2023-12-14 12:13:04,491 - rasterio.env - DEBUG - New GDAL environment <rasterio._env.GDALEnv object at 0x7f78323b9240> created
2023-12-14 12:13:04,493 - rasterio._filepath - DEBUG - Installing FilePath filesystem handler plugin...
2023-12-14 12:13:04,493 - rasterio._env - DEBUG - GDAL data found in package: path='/home/metpublic/PYTHON_VENV/present_weather/lib/python3.10/site-packages/rasterio/gdal_data'.
2023-12-14 12:13:04,493 - rasterio._env - DEBUG - PROJ data found in package: path='/home/metpublic/PYTHON_VENV/present_weather/lib/python3.10/site-packages/rasterio/proj_data'.
2023-12-14 12:13:04,494 - rasterio._env - DEBUG - Started GDALEnv: self=<rasterio._env.GDALEnv object at 0x7f78323b9240>.
2023-12-14 12:13:04,494 - rasterio.env - DEBUG - Entered env context: <rasterio.env.Env object at 0x7f78323b9030>
2023-12-14 12:13:04,494 - rasterio._base - DEBUG - Sharing flag: 0
2023-12-14 12:13:04,799 - rasterio._base - DEBUG - Nodata success: 1, Nodata value: nan
2023-12-14 12:13:04,800 - rasterio._base - DEBUG - Dataset <open DatasetReader name='https://radar.bmkg.go.id/raster/radarsatelit_202312141210.tif' mode='r'> is started.
2023-12-14 12:13:04,800 - rasterio.env - DEBUG - Exiting env context: <rasterio.env.Env object at 0x7f78323b9030>
2023-12-14 12:13:04,800 - rasterio.env - DEBUG - Cleared existing <rasterio._env.GDALEnv object at 0x7f78323b9240> options
2023-12-14 12:13:04,800 - rasterio._env - DEBUG - Stopped GDALEnv <rasterio._env.GDALEnv object at 0x7f78323b9240>.
2023-12-14 12:13:04,800 - rasterio.env - DEBUG - Exiting outermost env
2023-12-14 12:13:04,800 - rasterio.env - DEBUG - Exited env context: <rasterio.env.Env object at 0x7f78323b9030>
2023-12-14 12:13:04,800 - rasterio.env - DEBUG - Entering env context: <rasterio.env.Env object at 0x7f7832375180>
2023-12-14 12:13:04,800 - rasterio.env - DEBUG - Starting outermost env
2023-12-14 12:13:04,800 - rasterio.env - DEBUG - No GDAL environment exists
2023-12-14 12:13:04,801 - rasterio.env - DEBUG - New GDAL environment <rasterio._env.GDALEnv object at 0x7f78323b9240> created
2023-12-14 12:13:04,801 - rasterio._env - DEBUG - GDAL data found in package: path='/home/metpublic/PYTHON_VENV/present_weather/lib/python3.10/site-packages/rasterio/gdal_data'.
2023-12-14 12:13:04,801 - rasterio._env - DEBUG - PROJ data found in package: path='/home/metpublic/PYTHON_VENV/present_weather/lib/python3.10/site-packages/rasterio/proj_data'.
2023-12-14 12:13:04,801 - rasterio._env - DEBUG - Started GDALEnv: self=<rasterio._env.GDALEnv object at 0x7f78323b9240>.
2023-12-14 12:13:04,801 - rasterio.env - DEBUG - Entered env context: <rasterio.env.Env object at 0x7f7832375180>
2023-12-14 12:13:04,802 - rasterio.env - DEBUG - Got a copy of environment <rasterio._env.GDALEnv object at 0x7f78323b9240> options
2023-12-14 12:13:04,802 - rasterio.env - DEBUG - Entering env context: <rasterio.env.Env object at 0x7f7830272080>
2023-12-14 12:13:04,802 - rasterio.env - DEBUG - Got a copy of environment <rasterio._env.GDALEnv object at 0x7f78323b9240> options
2023-12-14 12:13:04,802 - rasterio.env - DEBUG - Entered env context: <rasterio.env.Env object at 0x7f7830272080>
2023-12-14 12:13:04,802 - rasterio._base - DEBUG - Sharing flag: 0
2023-12-14 12:13:04,803 - rasterio._base - DEBUG - Nodata success: 1, Nodata value: nan
2023-12-14 12:13:04,803 - rasterio._base - DEBUG - Dataset <open DatasetReader name='https://radar.bmkg.go.id/raster/radarsatelit_202312141210.tif' mode='r'> is started.
2023-12-14 12:13:04,803 - rasterio.env - DEBUG - Exiting env context: <rasterio.env.Env object at 0x7f7830272080>
2023-12-14 12:13:04,803 - rasterio.env - DEBUG - Cleared existing <rasterio._env.GDALEnv object at 0x7f78323b9240> options
2023-12-14 12:13:04,803 - rasterio._env - DEBUG - Stopped GDALEnv <rasterio._env.GDALEnv object at 0x7f78323b9240>.
2023-12-14 12:13:04,803 - rasterio.env - DEBUG - No GDAL environment exists
2023-12-14 12:13:04,803 - rasterio.env - DEBUG - New GDAL environment <rasterio._env.GDALEnv object at 0x7f78323b9240> created
2023-12-14 12:13:04,803 - rasterio._env - DEBUG - GDAL data found in package: path='/home/metpublic/PYTHON_VENV/present_weather/lib/python3.10/site-packages/rasterio/gdal_data'.
2023-12-14 12:13:04,803 - rasterio._env - DEBUG - PROJ data found in package: path='/home/metpublic/PYTHON_VENV/present_weather/lib/python3.10/site-packages/rasterio/proj_data'.
2023-12-14 12:13:04,803 - rasterio._env - DEBUG - Started GDALEnv: self=<rasterio._env.GDALEnv object at 0x7f78323b9240>.
2023-12-14 12:13:04,804 - rasterio.env - DEBUG - Exited env context: <rasterio.env.Env object at 0x7f7830272080>
2023-12-14 12:13:04,820 - rasterio._io - DEBUG - Output nodata value read from file: nan
2023-12-14 12:13:04,821 - rasterio._io - DEBUG - Output nodata values: [nan]
2023-12-14 12:13:04,821 - rasterio._io - DEBUG - all_valid: False
2023-12-14 12:13:04,821 - rasterio._io - DEBUG - mask_flags: ([<MaskFlags.nodata: 8>],)
2023-12-14 12:13:04,821 - rasterio._io - DEBUG - Jump straight to _read()
2023-12-14 12:13:04,821 - rasterio._io - DEBUG - Window: Window(col_off=0, row_off=0, width=10215, height=3792)
2023-12-14 12:13:04,821 - rasterio._io - DEBUG - IO window xoff=0.0 yoff=0.0 width=10215.0 height=3792.0
2023-12-14 12:13:05,355 - rasterio.env - DEBUG - Exiting env context: <rasterio.env.Env object at 0x7f7832375180>
2023-12-14 12:13:05,355 - rasterio.env - DEBUG - Cleared existing <rasterio._env.GDALEnv object at 0x7f78323b9240> options
2023-12-14 12:13:05,355 - rasterio._env - DEBUG - Stopped GDALEnv <rasterio._env.GDALEnv object at 0x7f78323b9240>.
2023-12-14 12:13:05,355 - rasterio.env - DEBUG - Exiting outermost env
2023-12-14 12:13:05,355 - rasterio.env - DEBUG - Exited env context: <rasterio.env.Env object at 0x7f7832375180>
2023-12-14 12:19:53,871 - rasterio.env - DEBUG - Entering env context: <rasterio.env.Env object at 0x7f78300ec1c0>
2023-12-14 12:19:53,872 - rasterio.env - DEBUG - Starting outermost env
2023-12-14 12:19:53,872 - rasterio.env - DEBUG - No GDAL environment exists
2023-12-14 12:19:53,872 - rasterio.env - DEBUG - New GDAL environment <rasterio._env.GDALEnv object at 0x7f78300ef100> created
2023-12-14 12:19:53,872 - rasterio._env - DEBUG - GDAL data found in package: path='/home/metpublic/PYTHON_VENV/present_weather/lib/python3.10/site-packages/rasterio/gdal_data'.
2023-12-14 12:19:53,873 - rasterio._env - DEBUG - PROJ data found in package: path='/home/metpublic/PYTHON_VENV/present_weather/lib/python3.10/site-packages/rasterio/proj_data'.
2023-12-14 12:19:53,873 - rasterio._env - DEBUG - Started GDALEnv: self=<rasterio._env.GDALEnv object at 0x7f78300ef100>.
2023-12-14 12:19:53,873 - rasterio.env - DEBUG - Entered env context: <rasterio.env.Env object at 0x7f78300ec1c0>
2023-12-14 12:19:53,873 - rasterio._base - DEBUG - Sharing flag: 0
2023-12-14 12:19:53,874 - rasterio._base - DEBUG - Nodata success: 0, Nodata value: 0.000000
2023-12-14 12:19:53,874 - rasterio._base - DEBUG - Dataset <open DatasetReader name='/home/metpublic/TASK_RELEASE/EFAN/present_weather/src/H09_B13_Indonesia_20231214.Z1210.cor.tiff' mode='r'> is started.
2023-12-14 12:19:53,874 - rasterio.env - DEBUG - Exiting env context: <rasterio.env.Env object at 0x7f78300ec1c0>
2023-12-14 12:19:53,874 - rasterio.env - DEBUG - Cleared existing <rasterio._env.GDALEnv object at 0x7f78300ef100> options
2023-12-14 12:19:53,874 - rasterio._env - DEBUG - Stopped GDALEnv <rasterio._env.GDALEnv object at 0x7f78300ef100>.
2023-12-14 12:19:53,874 - rasterio.env - DEBUG - Exiting outermost env
2023-12-14 12:19:53,874 - rasterio.env - DEBUG - Exited env context: <rasterio.env.Env object at 0x7f78300ec1c0>
2023-12-14 12:19:53,875 - rasterio.env - DEBUG - Entering env context: <rasterio.env.Env object at 0x7f78300ef040>
2023-12-14 12:19:53,875 - rasterio.env - DEBUG - Starting outermost env
2023-12-14 12:19:53,875 - rasterio.env - DEBUG - No GDAL environment exists
2023-12-14 12:19:53,875 - rasterio.env - DEBUG - New GDAL environment <rasterio._env.GDALEnv object at 0x7f78300ecc70> created
2023-12-14 12:19:53,875 - rasterio._env - DEBUG - GDAL data found in package: path='/home/metpublic/PYTHON_VENV/present_weather/lib/python3.10/site-packages/rasterio/gdal_data'.
2023-12-14 12:19:53,875 - rasterio._env - DEBUG - PROJ data found in package: path='/home/metpublic/PYTHON_VENV/present_weather/lib/python3.10/site-packages/rasterio/proj_data'.
2023-12-14 12:19:53,875 - rasterio._env - DEBUG - Started GDALEnv: self=<rasterio._env.GDALEnv object at 0x7f78300ecc70>.
2023-12-14 12:19:53,875 - rasterio.env - DEBUG - Entered env context: <rasterio.env.Env object at 0x7f78300ef040>
2023-12-14 12:19:53,875 - rasterio._base - DEBUG - Sharing flag: 0
2023-12-14 12:19:53,876 - rasterio._base - DEBUG - Nodata success: 0, Nodata value: 0.000000
2023-12-14 12:19:53,876 - rasterio._base - DEBUG - Dataset <open DatasetReader name='/home/metpublic/TASK_RELEASE/EFAN/present_weather/src/H09_B13_Indonesia_20231214.Z1210.cor.tiff' mode='r'> is started.
2023-12-14 12:19:53,876 - rasterio.env - DEBUG - Exiting env context: <rasterio.env.Env object at 0x7f78300ef040>
2023-12-14 12:19:53,876 - rasterio.env - DEBUG - Cleared existing <rasterio._env.GDALEnv object at 0x7f78300ecc70> options
2023-12-14 12:19:53,876 - rasterio._env - DEBUG - Stopped GDALEnv <rasterio._env.GDALEnv object at 0x7f78300ecc70>.
2023-12-14 12:19:53,876 - rasterio.env - DEBUG - Exiting outermost env
2023-12-14 12:19:53,876 - rasterio.env - DEBUG - Exited env context: <rasterio.env.Env object at 0x7f78300ef040>
2023-12-14 12:19:53,884 - root - INFO - Generating present weather using SATELITE data
2023-12-14 12:20:48,277 - root - INFO - Total elapsed time: 0:07:45.412909
