2023-11-20 01:20:03,508 - root - INFO - Initiating present weather
2023-11-20 01:20:03,513 - urllib3.connectionpool - DEBUG - Starting new HTTPS connection (1): radar.bmkg.go.id:8060
2023-11-20 01:20:15,975 - rasterio.env - DEBUG - Entering env context: <rasterio.env.Env object at 0x7f0ef74afdd0>
2023-11-20 01:20:15,976 - rasterio.env - DEBUG - Starting outermost env
2023-11-20 01:20:15,976 - rasterio.env - DEBUG - No GDAL environment exists
2023-11-20 01:20:15,976 - rasterio.env - DEBUG - New GDAL environment <rasterio._env.GDALEnv object at 0x7f0f5a70b6d0> created
2023-11-20 01:20:15,982 - rasterio._filepath - DEBUG - Installing FilePath filesystem handler plugin...
2023-11-20 01:20:15,982 - rasterio._env - DEBUG - GDAL data found in package: path='/home/swx/miniconda3/envs/present_weather/lib/python3.12/site-packages/rasterio/gdal_data'.
2023-11-20 01:20:15,982 - rasterio._env - DEBUG - PROJ_LIB found in environment.
2023-11-20 01:20:15,983 - rasterio._env - DEBUG - Started GDALEnv: self=<rasterio._env.GDALEnv object at 0x7f0f5a70b6d0>.
2023-11-20 01:20:15,983 - rasterio.env - DEBUG - Entered env context: <rasterio.env.Env object at 0x7f0ef74afdd0>
2023-11-20 01:20:15,983 - rasterio._base - DEBUG - Sharing flag: 0
2023-11-20 01:20:16,003 - rasterio._base - DEBUG - Nodata success: 0, Nodata value: 0.000000
2023-11-20 01:20:16,003 - rasterio._base - DEBUG - Dataset <open DatasetReader name='/home/swx/present_weather/src/H09_B13_Indonesia_20231120.Z0110.cor.tiff' mode='r'> is started.
2023-11-20 01:20:16,004 - rasterio.env - DEBUG - Exiting env context: <rasterio.env.Env object at 0x7f0ef74afdd0>
2023-11-20 01:20:16,004 - rasterio.env - DEBUG - Cleared existing <rasterio._env.GDALEnv object at 0x7f0f5a70b6d0> options
2023-11-20 01:20:16,004 - rasterio._env - DEBUG - Stopped GDALEnv <rasterio._env.GDALEnv object at 0x7f0f5a70b6d0>.
2023-11-20 01:20:16,004 - rasterio.env - DEBUG - Exiting outermost env
2023-11-20 01:20:16,004 - rasterio.env - DEBUG - Exited env context: <rasterio.env.Env object at 0x7f0ef74afdd0>
2023-11-20 01:20:16,005 - rasterio.env - DEBUG - Entering env context: <rasterio.env.Env object at 0x7f0f5a5015e0>
2023-11-20 01:20:16,005 - rasterio.env - DEBUG - Starting outermost env
2023-11-20 01:20:16,005 - rasterio.env - DEBUG - No GDAL environment exists
2023-11-20 01:20:16,005 - rasterio.env - DEBUG - New GDAL environment <rasterio._env.GDALEnv object at 0x7f0ef74337f0> created
2023-11-20 01:20:16,006 - rasterio._env - DEBUG - GDAL data found in package: path='/home/swx/miniconda3/envs/present_weather/lib/python3.12/site-packages/rasterio/gdal_data'.
2023-11-20 01:20:16,006 - rasterio._env - DEBUG - PROJ_LIB found in environment.
2023-11-20 01:20:16,006 - rasterio._env - DEBUG - Started GDALEnv: self=<rasterio._env.GDALEnv object at 0x7f0ef74337f0>.
2023-11-20 01:20:16,006 - rasterio.env - DEBUG - Entered env context: <rasterio.env.Env object at 0x7f0f5a5015e0>
2023-11-20 01:20:16,006 - rasterio._base - DEBUG - Sharing flag: 0
2023-11-20 01:20:16,007 - rasterio._base - DEBUG - Nodata success: 0, Nodata value: 0.000000
2023-11-20 01:20:16,008 - rasterio._base - DEBUG - Dataset <open DatasetReader name='/home/swx/present_weather/src/H09_B13_Indonesia_20231120.Z0110.cor.tiff' mode='r'> is started.
2023-11-20 01:20:16,008 - rasterio.env - DEBUG - Exiting env context: <rasterio.env.Env object at 0x7f0f5a5015e0>
2023-11-20 01:20:16,008 - rasterio.env - DEBUG - Cleared existing <rasterio._env.GDALEnv object at 0x7f0ef74337f0> options
2023-11-20 01:20:16,008 - rasterio._env - DEBUG - Stopped GDALEnv <rasterio._env.GDALEnv object at 0x7f0ef74337f0>.
2023-11-20 01:20:16,008 - rasterio.env - DEBUG - Exiting outermost env
2023-11-20 01:20:16,008 - rasterio.env - DEBUG - Exited env context: <rasterio.env.Env object at 0x7f0f5a5015e0>
2023-11-20 01:20:16,031 - asyncio - DEBUG - Using selector: EpollSelector
2023-11-20 01:20:19,336 - root - INFO - dask.bag<lambda, npartitions=34>
2023-11-20 01:20:51,820 - root - INFO - Total elapsed time: 0:00:48.312782
