2023-11-27 07:43:02,825 - root - INFO - Initiating present weather
2023-11-27 07:43:02,827 - asyncio - DEBUG - Using selector: EpollSelector
2023-11-27 07:43:04,294 - urllib3.connectionpool - DEBUG - Starting new HTTPS connection (1): radar.bmkg.go.id:8060
2023-11-27 07:43:04,321 - urllib3.connectionpool - DEBUG - https://radar.bmkg.go.id:8060 "GET /getRadarGeotif?token=19387e71e78522ae4172ec0fda640983b8438c9cfa0ca571623cb69d8327&radar=amandemenForecast&type=latest HTTP/1.1" 200 90
2023-11-27 07:43:04,322 - rasterio.env - DEBUG - Entering env context: <rasterio.env.Env object at 0x7f5b58fc9cf0>
2023-11-27 07:43:04,323 - rasterio.env - DEBUG - Starting outermost env
2023-11-27 07:43:04,323 - rasterio.env - DEBUG - No GDAL environment exists
2023-11-27 07:43:04,323 - rasterio.env - DEBUG - New GDAL environment <rasterio._env.GDALEnv object at 0x7f5b58667880> created
2023-11-27 07:43:04,326 - rasterio._filepath - DEBUG - Installing FilePath filesystem handler plugin...
2023-11-27 07:43:04,326 - rasterio._env - DEBUG - GDAL data found in package: path='/home/metpublic/PYTHON_VENV/present_weather/lib/python3.10/site-packages/rasterio/gdal_data'.
2023-11-27 07:43:04,327 - rasterio._env - DEBUG - PROJ data found in package: path='/home/metpublic/PYTHON_VENV/present_weather/lib/python3.10/site-packages/rasterio/proj_data'.
2023-11-27 07:43:04,327 - rasterio._env - DEBUG - Started GDALEnv: self=<rasterio._env.GDALEnv object at 0x7f5b58667880>.
2023-11-27 07:43:04,327 - rasterio.env - DEBUG - Entered env context: <rasterio.env.Env object at 0x7f5b58fc9cf0>
2023-11-27 07:43:04,327 - rasterio._base - DEBUG - Sharing flag: 0
2023-11-27 07:43:04,507 - rasterio._base - DEBUG - Nodata success: 1, Nodata value: nan
2023-11-27 07:43:04,508 - rasterio._base - DEBUG - Dataset <open DatasetReader name='https://radar.bmkg.go.id/raster/radarsatelit_202311270740.tif' mode='r'> is started.
2023-11-27 07:43:04,509 - rasterio.env - DEBUG - Exiting env context: <rasterio.env.Env object at 0x7f5b58fc9cf0>
2023-11-27 07:43:04,509 - rasterio.env - DEBUG - Cleared existing <rasterio._env.GDALEnv object at 0x7f5b58667880> options
2023-11-27 07:43:04,509 - rasterio._env - DEBUG - Stopped GDALEnv <rasterio._env.GDALEnv object at 0x7f5b58667880>.
2023-11-27 07:43:04,509 - rasterio.env - DEBUG - Exiting outermost env
2023-11-27 07:43:04,509 - rasterio.env - DEBUG - Exited env context: <rasterio.env.Env object at 0x7f5b58fc9cf0>
2023-11-27 07:43:04,509 - rasterio.env - DEBUG - Entering env context: <rasterio.env.Env object at 0x7f5b58607a30>
2023-11-27 07:43:04,509 - rasterio.env - DEBUG - Starting outermost env
2023-11-27 07:43:04,509 - rasterio.env - DEBUG - No GDAL environment exists
2023-11-27 07:43:04,509 - rasterio.env - DEBUG - New GDAL environment <rasterio._env.GDALEnv object at 0x7f5b584fa6e0> created
2023-11-27 07:43:04,510 - rasterio._env - DEBUG - GDAL data found in package: path='/home/metpublic/PYTHON_VENV/present_weather/lib/python3.10/site-packages/rasterio/gdal_data'.
2023-11-27 07:43:04,510 - rasterio._env - DEBUG - PROJ data found in package: path='/home/metpublic/PYTHON_VENV/present_weather/lib/python3.10/site-packages/rasterio/proj_data'.
2023-11-27 07:43:04,510 - rasterio._env - DEBUG - Started GDALEnv: self=<rasterio._env.GDALEnv object at 0x7f5b584fa6e0>.
2023-11-27 07:43:04,510 - rasterio.env - DEBUG - Entered env context: <rasterio.env.Env object at 0x7f5b58607a30>
2023-11-27 07:43:04,510 - rasterio.env - DEBUG - Got a copy of environment <rasterio._env.GDALEnv object at 0x7f5b584fa6e0> options
2023-11-27 07:43:04,510 - rasterio.env - DEBUG - Entering env context: <rasterio.env.Env object at 0x7f5b58549060>
2023-11-27 07:43:04,510 - rasterio.env - DEBUG - Got a copy of environment <rasterio._env.GDALEnv object at 0x7f5b584fa6e0> options
2023-11-27 07:43:04,510 - rasterio.env - DEBUG - Entered env context: <rasterio.env.Env object at 0x7f5b58549060>
2023-11-27 07:43:04,510 - rasterio._base - DEBUG - Sharing flag: 0
2023-11-27 07:43:04,511 - rasterio._base - DEBUG - Nodata success: 1, Nodata value: nan
2023-11-27 07:43:04,511 - rasterio._base - DEBUG - Dataset <open DatasetReader name='https://radar.bmkg.go.id/raster/radarsatelit_202311270740.tif' mode='r'> is started.
2023-11-27 07:43:04,511 - rasterio.env - DEBUG - Exiting env context: <rasterio.env.Env object at 0x7f5b58549060>
2023-11-27 07:43:04,512 - rasterio.env - DEBUG - Cleared existing <rasterio._env.GDALEnv object at 0x7f5b584fa6e0> options
2023-11-27 07:43:04,512 - rasterio._env - DEBUG - Stopped GDALEnv <rasterio._env.GDALEnv object at 0x7f5b584fa6e0>.
2023-11-27 07:43:04,512 - rasterio.env - DEBUG - No GDAL environment exists
2023-11-27 07:43:04,512 - rasterio.env - DEBUG - New GDAL environment <rasterio._env.GDALEnv object at 0x7f5b584fa6e0> created
2023-11-27 07:43:04,512 - rasterio._env - DEBUG - GDAL data found in package: path='/home/metpublic/PYTHON_VENV/present_weather/lib/python3.10/site-packages/rasterio/gdal_data'.
2023-11-27 07:43:04,512 - rasterio._env - DEBUG - PROJ data found in package: path='/home/metpublic/PYTHON_VENV/present_weather/lib/python3.10/site-packages/rasterio/proj_data'.
2023-11-27 07:43:04,512 - rasterio._env - DEBUG - Started GDALEnv: self=<rasterio._env.GDALEnv object at 0x7f5b584fa6e0>.
2023-11-27 07:43:04,512 - rasterio.env - DEBUG - Exited env context: <rasterio.env.Env object at 0x7f5b58549060>
2023-11-27 07:43:04,529 - rasterio._io - DEBUG - Output nodata value read from file: nan
2023-11-27 07:43:04,529 - rasterio._io - DEBUG - Output nodata values: [nan]
2023-11-27 07:43:04,529 - rasterio._io - DEBUG - all_valid: False
2023-11-27 07:43:04,529 - rasterio._io - DEBUG - mask_flags: ([<MaskFlags.nodata: 8>],)
2023-11-27 07:43:04,530 - rasterio._io - DEBUG - Jump straight to _read()
2023-11-27 07:43:04,530 - rasterio._io - DEBUG - Window: Window(col_off=0, row_off=0, width=10215, height=3792)
2023-11-27 07:43:04,530 - rasterio._io - DEBUG - IO window xoff=0.0 yoff=0.0 width=10215.0 height=3792.0
2023-11-27 07:43:05,313 - rasterio.env - DEBUG - Exiting env context: <rasterio.env.Env object at 0x7f5b58607a30>
2023-11-27 07:43:05,313 - rasterio.env - DEBUG - Cleared existing <rasterio._env.GDALEnv object at 0x7f5b584fa6e0> options
2023-11-27 07:43:05,313 - rasterio._env - DEBUG - Stopped GDALEnv <rasterio._env.GDALEnv object at 0x7f5b584fa6e0>.
2023-11-27 07:43:05,313 - rasterio.env - DEBUG - Exiting outermost env
2023-11-27 07:43:05,313 - rasterio.env - DEBUG - Exited env context: <rasterio.env.Env object at 0x7f5b58607a30>
2023-11-27 07:43:05,315 - urllib3.connectionpool - DEBUG - Starting new HTTPS connection (1): radar.bmkg.go.id:8060
2023-11-27 07:43:05,336 - urllib3.connectionpool - DEBUG - https://radar.bmkg.go.id:8060 "GET /getLatestLD?typeData=1 HTTP/1.1" 200 20232
2023-11-27 07:43:05,341 - root - INFO - Generating present weather using RADAR data
2023-11-27 07:43:09,220 - root - INFO - dask.bag<lambda, npartitions=34>
2023-11-27 07:49:16,806 - root - INFO - Total elapsed time: 0:06:13.981325
