2023-11-28 10:33:02,331 - root - INFO - Initiating present weather
2023-11-28 10:33:02,333 - asyncio - DEBUG - Using selector: EpollSelector
2023-11-28 10:33:03,835 - urllib3.connectionpool - DEBUG - Starting new HTTPS connection (1): radar.bmkg.go.id:8060
2023-11-28 10:33:03,854 - urllib3.connectionpool - DEBUG - https://radar.bmkg.go.id:8060 "GET /getRadarGeotif?token=19387e71e78522ae4172ec0fda640983b8438c9cfa0ca571623cb69d8327&radar=amandemenForecast&type=latest HTTP/1.1" 200 90
2023-11-28 10:33:03,855 - rasterio.env - DEBUG - Entering env context: <rasterio.env.Env object at 0x7fa4a13ee440>
2023-11-28 10:33:03,855 - rasterio.env - DEBUG - Starting outermost env
2023-11-28 10:33:03,855 - rasterio.env - DEBUG - No GDAL environment exists
2023-11-28 10:33:03,855 - rasterio.env - DEBUG - New GDAL environment <rasterio._env.GDALEnv object at 0x7fa4a13eec20> created
2023-11-28 10:33:03,858 - rasterio._filepath - DEBUG - Installing FilePath filesystem handler plugin...
2023-11-28 10:33:03,858 - rasterio._env - DEBUG - GDAL data found in package: path='/home/metpublic/PYTHON_VENV/present_weather/lib/python3.10/site-packages/rasterio/gdal_data'.
2023-11-28 10:33:03,858 - rasterio._env - DEBUG - PROJ data found in package: path='/home/metpublic/PYTHON_VENV/present_weather/lib/python3.10/site-packages/rasterio/proj_data'.
2023-11-28 10:33:03,858 - rasterio._env - DEBUG - Started GDALEnv: self=<rasterio._env.GDALEnv object at 0x7fa4a13eec20>.
2023-11-28 10:33:03,858 - rasterio.env - DEBUG - Entered env context: <rasterio.env.Env object at 0x7fa4a13ee440>
2023-11-28 10:33:03,859 - rasterio._base - DEBUG - Sharing flag: 0
2023-11-28 10:33:04,041 - rasterio._base - DEBUG - Nodata success: 1, Nodata value: nan
2023-11-28 10:33:04,042 - rasterio._base - DEBUG - Dataset <open DatasetReader name='https://radar.bmkg.go.id/raster/radarsatelit_202311281030.tif' mode='r'> is started.
2023-11-28 10:33:04,042 - rasterio.env - DEBUG - Exiting env context: <rasterio.env.Env object at 0x7fa4a13ee440>
2023-11-28 10:33:04,042 - rasterio.env - DEBUG - Cleared existing <rasterio._env.GDALEnv object at 0x7fa4a13eec20> options
2023-11-28 10:33:04,042 - rasterio._env - DEBUG - Stopped GDALEnv <rasterio._env.GDALEnv object at 0x7fa4a13eec20>.
2023-11-28 10:33:04,042 - rasterio.env - DEBUG - Exiting outermost env
2023-11-28 10:33:04,042 - rasterio.env - DEBUG - Exited env context: <rasterio.env.Env object at 0x7fa4a13ee440>
2023-11-28 10:33:04,042 - rasterio.env - DEBUG - Entering env context: <rasterio.env.Env object at 0x7fa4a1d6b850>
2023-11-28 10:33:04,042 - rasterio.env - DEBUG - Starting outermost env
2023-11-28 10:33:04,042 - rasterio.env - DEBUG - No GDAL environment exists
2023-11-28 10:33:04,042 - rasterio.env - DEBUG - New GDAL environment <rasterio._env.GDALEnv object at 0x7fa4a13eec20> created
2023-11-28 10:33:04,043 - rasterio._env - DEBUG - GDAL data found in package: path='/home/metpublic/PYTHON_VENV/present_weather/lib/python3.10/site-packages/rasterio/gdal_data'.
2023-11-28 10:33:04,043 - rasterio._env - DEBUG - PROJ data found in package: path='/home/metpublic/PYTHON_VENV/present_weather/lib/python3.10/site-packages/rasterio/proj_data'.
2023-11-28 10:33:04,043 - rasterio._env - DEBUG - Started GDALEnv: self=<rasterio._env.GDALEnv object at 0x7fa4a13eec20>.
2023-11-28 10:33:04,043 - rasterio.env - DEBUG - Entered env context: <rasterio.env.Env object at 0x7fa4a1d6b850>
2023-11-28 10:33:04,044 - rasterio.env - DEBUG - Got a copy of environment <rasterio._env.GDALEnv object at 0x7fa4a13eec20> options
2023-11-28 10:33:04,044 - rasterio.env - DEBUG - Entering env context: <rasterio.env.Env object at 0x7fa4a02bcf10>
2023-11-28 10:33:04,044 - rasterio.env - DEBUG - Got a copy of environment <rasterio._env.GDALEnv object at 0x7fa4a13eec20> options
2023-11-28 10:33:04,044 - rasterio.env - DEBUG - Entered env context: <rasterio.env.Env object at 0x7fa4a02bcf10>
2023-11-28 10:33:04,044 - rasterio._base - DEBUG - Sharing flag: 0
2023-11-28 10:33:04,045 - rasterio._base - DEBUG - Nodata success: 1, Nodata value: nan
2023-11-28 10:33:04,045 - rasterio._base - DEBUG - Dataset <open DatasetReader name='https://radar.bmkg.go.id/raster/radarsatelit_202311281030.tif' mode='r'> is started.
2023-11-28 10:33:04,045 - rasterio.env - DEBUG - Exiting env context: <rasterio.env.Env object at 0x7fa4a02bcf10>
2023-11-28 10:33:04,045 - rasterio.env - DEBUG - Cleared existing <rasterio._env.GDALEnv object at 0x7fa4a13eec20> options
2023-11-28 10:33:04,045 - rasterio._env - DEBUG - Stopped GDALEnv <rasterio._env.GDALEnv object at 0x7fa4a13eec20>.
2023-11-28 10:33:04,045 - rasterio.env - DEBUG - No GDAL environment exists
2023-11-28 10:33:04,045 - rasterio.env - DEBUG - New GDAL environment <rasterio._env.GDALEnv object at 0x7fa4a13eec20> created
2023-11-28 10:33:04,046 - rasterio._env - DEBUG - GDAL data found in package: path='/home/metpublic/PYTHON_VENV/present_weather/lib/python3.10/site-packages/rasterio/gdal_data'.
2023-11-28 10:33:04,046 - rasterio._env - DEBUG - PROJ data found in package: path='/home/metpublic/PYTHON_VENV/present_weather/lib/python3.10/site-packages/rasterio/proj_data'.
2023-11-28 10:33:04,046 - rasterio._env - DEBUG - Started GDALEnv: self=<rasterio._env.GDALEnv object at 0x7fa4a13eec20>.
2023-11-28 10:33:04,046 - rasterio.env - DEBUG - Exited env context: <rasterio.env.Env object at 0x7fa4a02bcf10>
2023-11-28 10:33:04,064 - rasterio._io - DEBUG - Output nodata value read from file: nan
2023-11-28 10:33:04,064 - rasterio._io - DEBUG - Output nodata values: [nan]
2023-11-28 10:33:04,064 - rasterio._io - DEBUG - all_valid: False
2023-11-28 10:33:04,065 - rasterio._io - DEBUG - mask_flags: ([<MaskFlags.nodata: 8>],)
2023-11-28 10:33:04,065 - rasterio._io - DEBUG - Jump straight to _read()
2023-11-28 10:33:04,065 - rasterio._io - DEBUG - Window: Window(col_off=0, row_off=0, width=10215, height=3792)
2023-11-28 10:33:04,065 - rasterio._io - DEBUG - IO window xoff=0.0 yoff=0.0 width=10215.0 height=3792.0
2023-11-28 10:33:04,678 - rasterio.env - DEBUG - Exiting env context: <rasterio.env.Env object at 0x7fa4a1d6b850>
2023-11-28 10:33:04,678 - rasterio.env - DEBUG - Cleared existing <rasterio._env.GDALEnv object at 0x7fa4a13eec20> options
2023-11-28 10:33:04,678 - rasterio._env - DEBUG - Stopped GDALEnv <rasterio._env.GDALEnv object at 0x7fa4a13eec20>.
2023-11-28 10:33:04,678 - rasterio.env - DEBUG - Exiting outermost env
2023-11-28 10:33:04,678 - rasterio.env - DEBUG - Exited env context: <rasterio.env.Env object at 0x7fa4a1d6b850>
2023-11-28 10:33:04,680 - urllib3.connectionpool - DEBUG - Starting new HTTPS connection (1): radar.bmkg.go.id:8060
2023-11-28 10:33:04,693 - urllib3.connectionpool - DEBUG - https://radar.bmkg.go.id:8060 "GET /getLatestLD?typeData=1 HTTP/1.1" 200 62
2023-11-28 10:33:06,397 - rasterio.env - DEBUG - Entering env context: <rasterio.env.Env object at 0x7fa4a1463790>
2023-11-28 10:33:06,397 - rasterio.env - DEBUG - Starting outermost env
2023-11-28 10:33:06,397 - rasterio.env - DEBUG - No GDAL environment exists
2023-11-28 10:33:06,397 - rasterio.env - DEBUG - New GDAL environment <rasterio._env.GDALEnv object at 0x7fa4a1d6a800> created
2023-11-28 10:33:06,397 - rasterio._env - DEBUG - GDAL data found in package: path='/home/metpublic/PYTHON_VENV/present_weather/lib/python3.10/site-packages/rasterio/gdal_data'.
2023-11-28 10:33:06,398 - rasterio._env - DEBUG - PROJ data found in package: path='/home/metpublic/PYTHON_VENV/present_weather/lib/python3.10/site-packages/rasterio/proj_data'.
2023-11-28 10:33:06,398 - rasterio._env - DEBUG - Started GDALEnv: self=<rasterio._env.GDALEnv object at 0x7fa4a1d6a800>.
2023-11-28 10:33:06,398 - rasterio.env - DEBUG - Entered env context: <rasterio.env.Env object at 0x7fa4a1463790>
2023-11-28 10:33:06,398 - rasterio._base - DEBUG - Sharing flag: 0
2023-11-28 10:33:06,399 - rasterio._base - DEBUG - Nodata success: 0, Nodata value: 0.000000
2023-11-28 10:33:06,399 - rasterio._base - DEBUG - Dataset <open DatasetReader name='/home/metpublic/TASK_RELEASE/EFAN/present_weather/src/H09_B13_Indonesia_20231128.Z1020.cor.tiff' mode='r'> is started.
2023-11-28 10:33:06,399 - rasterio.env - DEBUG - Exiting env context: <rasterio.env.Env object at 0x7fa4a1463790>
2023-11-28 10:33:06,399 - rasterio.env - DEBUG - Cleared existing <rasterio._env.GDALEnv object at 0x7fa4a1d6a800> options
2023-11-28 10:33:06,399 - rasterio._env - DEBUG - Stopped GDALEnv <rasterio._env.GDALEnv object at 0x7fa4a1d6a800>.
2023-11-28 10:33:06,399 - rasterio.env - DEBUG - Exiting outermost env
2023-11-28 10:33:06,399 - rasterio.env - DEBUG - Exited env context: <rasterio.env.Env object at 0x7fa4a1463790>
2023-11-28 10:33:06,399 - rasterio.env - DEBUG - Entering env context: <rasterio.env.Env object at 0x7fa4a02bf610>
2023-11-28 10:33:06,399 - rasterio.env - DEBUG - Starting outermost env
2023-11-28 10:33:06,399 - rasterio.env - DEBUG - No GDAL environment exists
2023-11-28 10:33:06,400 - rasterio.env - DEBUG - New GDAL environment <rasterio._env.GDALEnv object at 0x7fa4a02bcaf0> created
2023-11-28 10:33:06,400 - rasterio._env - DEBUG - GDAL data found in package: path='/home/metpublic/PYTHON_VENV/present_weather/lib/python3.10/site-packages/rasterio/gdal_data'.
2023-11-28 10:33:06,400 - rasterio._env - DEBUG - PROJ data found in package: path='/home/metpublic/PYTHON_VENV/present_weather/lib/python3.10/site-packages/rasterio/proj_data'.
2023-11-28 10:33:06,400 - rasterio._env - DEBUG - Started GDALEnv: self=<rasterio._env.GDALEnv object at 0x7fa4a02bcaf0>.
2023-11-28 10:33:06,400 - rasterio.env - DEBUG - Entered env context: <rasterio.env.Env object at 0x7fa4a02bf610>
2023-11-28 10:33:06,400 - rasterio._base - DEBUG - Sharing flag: 0
2023-11-28 10:33:06,401 - rasterio._base - DEBUG - Nodata success: 0, Nodata value: 0.000000
2023-11-28 10:33:06,401 - rasterio._base - DEBUG - Dataset <open DatasetReader name='/home/metpublic/TASK_RELEASE/EFAN/present_weather/src/H09_B13_Indonesia_20231128.Z1020.cor.tiff' mode='r'> is started.
2023-11-28 10:33:06,401 - rasterio.env - DEBUG - Exiting env context: <rasterio.env.Env object at 0x7fa4a02bf610>
2023-11-28 10:33:06,401 - rasterio.env - DEBUG - Cleared existing <rasterio._env.GDALEnv object at 0x7fa4a02bcaf0> options
2023-11-28 10:33:06,401 - rasterio._env - DEBUG - Stopped GDALEnv <rasterio._env.GDALEnv object at 0x7fa4a02bcaf0>.
2023-11-28 10:33:06,401 - rasterio.env - DEBUG - Exiting outermost env
2023-11-28 10:33:06,401 - rasterio.env - DEBUG - Exited env context: <rasterio.env.Env object at 0x7fa4a02bf610>
2023-11-28 10:33:06,409 - root - INFO - Generating present weather using SATELITE data
2023-11-28 10:34:01,204 - root - INFO - Total elapsed time: 0:00:58.872224
