2023-12-22 12:53:03,212 - root - INFO - Initiating present weather
2023-12-22 12:53:03,214 - asyncio - DEBUG - Using selector: EpollSelector
2023-12-22 12:53:04,879 - urllib3.connectionpool - DEBUG - Starting new HTTPS connection (1): radar.bmkg.go.id:8060
2023-12-22 12:53:04,891 - urllib3.connectionpool - DEBUG - https://radar.bmkg.go.id:8060 "GET /getLatestLD?typeData=1 HTTP/1.1" 200 62
2023-12-22 12:53:04,893 - urllib3.connectionpool - DEBUG - Starting new HTTPS connection (1): radar.bmkg.go.id:8060
2023-12-22 12:53:04,910 - urllib3.connectionpool - DEBUG - https://radar.bmkg.go.id:8060 "GET /getRadarGeotif?token=19387e71e78522ae4172ec0fda640983b8438c9cfa0ca571623cb69d8327&radar=amandemenForecast&type=latest HTTP/1.1" 200 90
2023-12-22 12:53:04,911 - rasterio.env - DEBUG - Entering env context: <rasterio.env.Env object at 0x7f6d2c710a90>
2023-12-22 12:53:04,912 - rasterio.env - DEBUG - Starting outermost env
2023-12-22 12:53:04,912 - rasterio.env - DEBUG - No GDAL environment exists
2023-12-22 12:53:04,912 - rasterio.env - DEBUG - New GDAL environment <rasterio._env.GDALEnv object at 0x7f6d2c710970> created
2023-12-22 12:53:04,914 - rasterio._filepath - DEBUG - Installing FilePath filesystem handler plugin...
2023-12-22 12:53:04,915 - rasterio._env - DEBUG - GDAL data found in package: path='/home/metpublic/PYTHON_VENV/present_weather/lib/python3.10/site-packages/rasterio/gdal_data'.
2023-12-22 12:53:04,915 - rasterio._env - DEBUG - PROJ data found in package: path='/home/metpublic/PYTHON_VENV/present_weather/lib/python3.10/site-packages/rasterio/proj_data'.
2023-12-22 12:53:04,915 - rasterio._env - DEBUG - Started GDALEnv: self=<rasterio._env.GDALEnv object at 0x7f6d2c710970>.
2023-12-22 12:53:04,915 - rasterio.env - DEBUG - Entered env context: <rasterio.env.Env object at 0x7f6d2c710a90>
2023-12-22 12:53:04,915 - rasterio._base - DEBUG - Sharing flag: 0
2023-12-22 12:53:05,249 - rasterio._base - DEBUG - Nodata success: 1, Nodata value: nan
2023-12-22 12:53:05,249 - rasterio._base - DEBUG - Dataset <open DatasetReader name='https://radar.bmkg.go.id/raster/radarsatelit_202312221240.tif' mode='r'> is started.
2023-12-22 12:53:05,250 - rasterio.env - DEBUG - Exiting env context: <rasterio.env.Env object at 0x7f6d2c710a90>
2023-12-22 12:53:05,250 - rasterio.env - DEBUG - Cleared existing <rasterio._env.GDALEnv object at 0x7f6d2c710970> options
2023-12-22 12:53:05,250 - rasterio._env - DEBUG - Stopped GDALEnv <rasterio._env.GDALEnv object at 0x7f6d2c710970>.
2023-12-22 12:53:05,250 - rasterio.env - DEBUG - Exiting outermost env
2023-12-22 12:53:05,250 - rasterio.env - DEBUG - Exited env context: <rasterio.env.Env object at 0x7f6d2c710a90>
2023-12-22 12:53:05,250 - rasterio.env - DEBUG - Entering env context: <rasterio.env.Env object at 0x7f6d2c6a5510>
2023-12-22 12:53:05,250 - rasterio.env - DEBUG - Starting outermost env
2023-12-22 12:53:05,250 - rasterio.env - DEBUG - No GDAL environment exists
2023-12-22 12:53:05,250 - rasterio.env - DEBUG - New GDAL environment <rasterio._env.GDALEnv object at 0x7f6d2c710970> created
2023-12-22 12:53:05,250 - rasterio._env - DEBUG - GDAL data found in package: path='/home/metpublic/PYTHON_VENV/present_weather/lib/python3.10/site-packages/rasterio/gdal_data'.
2023-12-22 12:53:05,251 - rasterio._env - DEBUG - PROJ data found in package: path='/home/metpublic/PYTHON_VENV/present_weather/lib/python3.10/site-packages/rasterio/proj_data'.
2023-12-22 12:53:05,251 - rasterio._env - DEBUG - Started GDALEnv: self=<rasterio._env.GDALEnv object at 0x7f6d2c710970>.
2023-12-22 12:53:05,251 - rasterio.env - DEBUG - Entered env context: <rasterio.env.Env object at 0x7f6d2c6a5510>
2023-12-22 12:53:05,251 - rasterio.env - DEBUG - Got a copy of environment <rasterio._env.GDALEnv object at 0x7f6d2c710970> options
2023-12-22 12:53:05,251 - rasterio.env - DEBUG - Entering env context: <rasterio.env.Env object at 0x7f6d2c5aab30>
2023-12-22 12:53:05,251 - rasterio.env - DEBUG - Got a copy of environment <rasterio._env.GDALEnv object at 0x7f6d2c710970> options
2023-12-22 12:53:05,252 - rasterio.env - DEBUG - Entered env context: <rasterio.env.Env object at 0x7f6d2c5aab30>
2023-12-22 12:53:05,252 - rasterio._base - DEBUG - Sharing flag: 0
2023-12-22 12:53:05,253 - rasterio._base - DEBUG - Nodata success: 1, Nodata value: nan
2023-12-22 12:53:05,253 - rasterio._base - DEBUG - Dataset <open DatasetReader name='https://radar.bmkg.go.id/raster/radarsatelit_202312221240.tif' mode='r'> is started.
2023-12-22 12:53:05,253 - rasterio.env - DEBUG - Exiting env context: <rasterio.env.Env object at 0x7f6d2c5aab30>
2023-12-22 12:53:05,253 - rasterio.env - DEBUG - Cleared existing <rasterio._env.GDALEnv object at 0x7f6d2c710970> options
2023-12-22 12:53:05,253 - rasterio._env - DEBUG - Stopped GDALEnv <rasterio._env.GDALEnv object at 0x7f6d2c710970>.
2023-12-22 12:53:05,253 - rasterio.env - DEBUG - No GDAL environment exists
2023-12-22 12:53:05,253 - rasterio.env - DEBUG - New GDAL environment <rasterio._env.GDALEnv object at 0x7f6d2c710970> created
2023-12-22 12:53:05,254 - rasterio._env - DEBUG - GDAL data found in package: path='/home/metpublic/PYTHON_VENV/present_weather/lib/python3.10/site-packages/rasterio/gdal_data'.
2023-12-22 12:53:05,254 - rasterio._env - DEBUG - PROJ data found in package: path='/home/metpublic/PYTHON_VENV/present_weather/lib/python3.10/site-packages/rasterio/proj_data'.
2023-12-22 12:53:05,254 - rasterio._env - DEBUG - Started GDALEnv: self=<rasterio._env.GDALEnv object at 0x7f6d2c710970>.
2023-12-22 12:53:05,254 - rasterio.env - DEBUG - Exited env context: <rasterio.env.Env object at 0x7f6d2c5aab30>
2023-12-22 12:53:05,270 - rasterio._io - DEBUG - Output nodata value read from file: nan
2023-12-22 12:53:05,270 - rasterio._io - DEBUG - Output nodata values: [nan]
2023-12-22 12:53:05,271 - rasterio._io - DEBUG - all_valid: False
2023-12-22 12:53:05,271 - rasterio._io - DEBUG - mask_flags: ([<MaskFlags.nodata: 8>],)
2023-12-22 12:53:05,271 - rasterio._io - DEBUG - Jump straight to _read()
2023-12-22 12:53:05,271 - rasterio._io - DEBUG - Window: Window(col_off=0, row_off=0, width=10177, height=3732)
2023-12-22 12:53:05,271 - rasterio._io - DEBUG - IO window xoff=0.0 yoff=0.0 width=10177.0 height=3732.0
2023-12-22 12:53:05,876 - rasterio.env - DEBUG - Exiting env context: <rasterio.env.Env object at 0x7f6d2c6a5510>
2023-12-22 12:53:05,876 - rasterio.env - DEBUG - Cleared existing <rasterio._env.GDALEnv object at 0x7f6d2c710970> options
2023-12-22 12:53:05,876 - rasterio._env - DEBUG - Stopped GDALEnv <rasterio._env.GDALEnv object at 0x7f6d2c710970>.
2023-12-22 12:53:05,876 - rasterio.env - DEBUG - Exiting outermost env
2023-12-22 12:53:05,876 - rasterio.env - DEBUG - Exited env context: <rasterio.env.Env object at 0x7f6d2c6a5510>
2023-12-22 12:57:17,572 - rasterio.env - DEBUG - Entering env context: <rasterio.env.Env object at 0x7f6d31c838b0>
2023-12-22 12:57:17,574 - rasterio.env - DEBUG - Starting outermost env
2023-12-22 12:57:17,574 - rasterio.env - DEBUG - No GDAL environment exists
2023-12-22 12:57:17,574 - rasterio.env - DEBUG - New GDAL environment <rasterio._env.GDALEnv object at 0x7f6d2c56eb60> created
2023-12-22 12:57:17,576 - rasterio._env - DEBUG - GDAL data found in package: path='/home/metpublic/PYTHON_VENV/present_weather/lib/python3.10/site-packages/rasterio/gdal_data'.
2023-12-22 12:57:17,577 - rasterio._env - DEBUG - PROJ data found in package: path='/home/metpublic/PYTHON_VENV/present_weather/lib/python3.10/site-packages/rasterio/proj_data'.
2023-12-22 12:57:17,578 - rasterio._env - DEBUG - Started GDALEnv: self=<rasterio._env.GDALEnv object at 0x7f6d2c56eb60>.
2023-12-22 12:57:17,578 - rasterio.env - DEBUG - Entered env context: <rasterio.env.Env object at 0x7f6d31c838b0>
2023-12-22 12:57:17,578 - rasterio._base - DEBUG - Sharing flag: 0
2023-12-22 12:57:17,581 - rasterio._base - DEBUG - Nodata success: 0, Nodata value: 0.000000
2023-12-22 12:57:17,581 - rasterio._base - DEBUG - Dataset <open DatasetReader name='/home/metpublic/TASK_RELEASE/EFAN/present_weather/src/H09_B13_Indonesia_20231222.Z1220.cor.tiff' mode='r'> is started.
2023-12-22 12:57:17,581 - rasterio.env - DEBUG - Exiting env context: <rasterio.env.Env object at 0x7f6d31c838b0>
2023-12-22 12:57:17,582 - rasterio.env - DEBUG - Cleared existing <rasterio._env.GDALEnv object at 0x7f6d2c56eb60> options
2023-12-22 12:57:17,582 - rasterio._env - DEBUG - Stopped GDALEnv <rasterio._env.GDALEnv object at 0x7f6d2c56eb60>.
2023-12-22 12:57:17,582 - rasterio.env - DEBUG - Exiting outermost env
2023-12-22 12:57:17,582 - rasterio.env - DEBUG - Exited env context: <rasterio.env.Env object at 0x7f6d31c838b0>
2023-12-22 12:57:17,583 - rasterio.env - DEBUG - Entering env context: <rasterio.env.Env object at 0x7f6d2c5ab3a0>
2023-12-22 12:57:17,583 - rasterio.env - DEBUG - Starting outermost env
2023-12-22 12:57:17,583 - rasterio.env - DEBUG - No GDAL environment exists
2023-12-22 12:57:17,583 - rasterio.env - DEBUG - New GDAL environment <rasterio._env.GDALEnv object at 0x7f6d2c5a9f90> created
2023-12-22 12:57:17,585 - rasterio._env - DEBUG - GDAL data found in package: path='/home/metpublic/PYTHON_VENV/present_weather/lib/python3.10/site-packages/rasterio/gdal_data'.
2023-12-22 12:57:17,586 - rasterio._env - DEBUG - PROJ data found in package: path='/home/metpublic/PYTHON_VENV/present_weather/lib/python3.10/site-packages/rasterio/proj_data'.
2023-12-22 12:57:17,586 - rasterio._env - DEBUG - Started GDALEnv: self=<rasterio._env.GDALEnv object at 0x7f6d2c5a9f90>.
2023-12-22 12:57:17,586 - rasterio.env - DEBUG - Entered env context: <rasterio.env.Env object at 0x7f6d2c5ab3a0>
2023-12-22 12:57:17,586 - rasterio._base - DEBUG - Sharing flag: 0
2023-12-22 12:57:17,588 - rasterio._base - DEBUG - Nodata success: 0, Nodata value: 0.000000
2023-12-22 12:57:17,588 - rasterio._base - DEBUG - Dataset <open DatasetReader name='/home/metpublic/TASK_RELEASE/EFAN/present_weather/src/H09_B13_Indonesia_20231222.Z1220.cor.tiff' mode='r'> is started.
2023-12-22 12:57:17,588 - rasterio.env - DEBUG - Exiting env context: <rasterio.env.Env object at 0x7f6d2c5ab3a0>
2023-12-22 12:57:17,588 - rasterio.env - DEBUG - Cleared existing <rasterio._env.GDALEnv object at 0x7f6d2c5a9f90> options
2023-12-22 12:57:17,589 - rasterio._env - DEBUG - Stopped GDALEnv <rasterio._env.GDALEnv object at 0x7f6d2c5a9f90>.
2023-12-22 12:57:17,589 - rasterio.env - DEBUG - Exiting outermost env
2023-12-22 12:57:17,589 - rasterio.env - DEBUG - Exited env context: <rasterio.env.Env object at 0x7f6d2c5ab3a0>
2023-12-22 12:57:17,601 - root - INFO - Generating present weather using SATELITE data
2023-12-22 12:58:56,006 - root - INFO - Total elapsed time: 0:05:52.794977
