2023-11-13 01:00:03,302 - root - INFO - Initiating present weather
2023-11-13 01:00:03,307 - urllib3.connectionpool - DEBUG - Starting new HTTPS connection (1): radar.bmkg.go.id:8060
2023-11-13 01:00:08,379 - urllib3.connectionpool - DEBUG - https://radar.bmkg.go.id:8060 "GET /getRadarGeotif?token=19387e71e78522ae4172ec0fda640983b8438c9cfa0ca571623cb69d8327&radar=amandemenForecast&type=latest HTTP/1.1" 200 90
2023-11-13 01:00:08,381 - rasterio.env - DEBUG - Entering env context: <rasterio.env.Env object at 0x7f2655d1d730>
2023-11-13 01:00:08,382 - rasterio.env - DEBUG - Starting outermost env
2023-11-13 01:00:08,382 - rasterio.env - DEBUG - No GDAL environment exists
2023-11-13 01:00:08,383 - rasterio.env - DEBUG - New GDAL environment <rasterio._env.GDALEnv object at 0x7f260c2b59f0> created
2023-11-13 01:00:08,387 - rasterio._filepath - DEBUG - Installing FilePath filesystem handler plugin...
2023-11-13 01:00:08,387 - rasterio._env - DEBUG - GDAL data found in package: path='/home/swx/miniconda3/envs/present_weather/lib/python3.12/site-packages/rasterio/gdal_data'.
2023-11-13 01:00:08,387 - rasterio._env - DEBUG - PROJ_LIB found in environment.
2023-11-13 01:00:08,387 - rasterio._env - DEBUG - Started GDALEnv: self=<rasterio._env.GDALEnv object at 0x7f260c2b59f0>.
2023-11-13 01:00:08,387 - rasterio.env - DEBUG - Entered env context: <rasterio.env.Env object at 0x7f2655d1d730>
2023-11-13 01:00:08,387 - rasterio._base - DEBUG - Sharing flag: 0
2023-11-13 01:00:08,578 - rasterio._base - DEBUG - Nodata success: 1, Nodata value: nan
2023-11-13 01:00:08,578 - rasterio._base - DEBUG - Dataset <open DatasetReader name='https://radar.bmkg.go.id/raster/radarsatelit_202311130050.tif' mode='r'> is started.
2023-11-13 01:00:08,579 - rasterio.env - DEBUG - Exiting env context: <rasterio.env.Env object at 0x7f2655d1d730>
2023-11-13 01:00:08,579 - rasterio.env - DEBUG - Cleared existing <rasterio._env.GDALEnv object at 0x7f260c2b59f0> options
2023-11-13 01:00:08,579 - rasterio._env - DEBUG - Stopped GDALEnv <rasterio._env.GDALEnv object at 0x7f260c2b59f0>.
2023-11-13 01:00:08,579 - rasterio.env - DEBUG - Exiting outermost env
2023-11-13 01:00:08,579 - rasterio.env - DEBUG - Exited env context: <rasterio.env.Env object at 0x7f2655d1d730>
2023-11-13 01:00:08,579 - rasterio.env - DEBUG - Entering env context: <rasterio.env.Env object at 0x7f260c262ba0>
2023-11-13 01:00:08,579 - rasterio.env - DEBUG - Starting outermost env
2023-11-13 01:00:08,579 - rasterio.env - DEBUG - No GDAL environment exists
2023-11-13 01:00:08,580 - rasterio.env - DEBUG - New GDAL environment <rasterio._env.GDALEnv object at 0x7f260c4c2410> created
2023-11-13 01:00:08,580 - rasterio._env - DEBUG - GDAL data found in package: path='/home/swx/miniconda3/envs/present_weather/lib/python3.12/site-packages/rasterio/gdal_data'.
2023-11-13 01:00:08,580 - rasterio._env - DEBUG - PROJ_LIB found in environment.
2023-11-13 01:00:08,581 - rasterio._env - DEBUG - Started GDALEnv: self=<rasterio._env.GDALEnv object at 0x7f260c4c2410>.
2023-11-13 01:00:08,581 - rasterio.env - DEBUG - Entered env context: <rasterio.env.Env object at 0x7f260c262ba0>
2023-11-13 01:00:08,582 - rasterio.env - DEBUG - Got a copy of environment <rasterio._env.GDALEnv object at 0x7f260c4c2410> options
2023-11-13 01:00:08,582 - rasterio.env - DEBUG - Entering env context: <rasterio.env.Env object at 0x7f260c2b5b50>
2023-11-13 01:00:08,582 - rasterio.env - DEBUG - Got a copy of environment <rasterio._env.GDALEnv object at 0x7f260c4c2410> options
2023-11-13 01:00:08,582 - rasterio.env - DEBUG - Entered env context: <rasterio.env.Env object at 0x7f260c2b5b50>
2023-11-13 01:00:08,582 - rasterio._base - DEBUG - Sharing flag: 0
2023-11-13 01:00:08,583 - rasterio._base - DEBUG - Nodata success: 1, Nodata value: nan
2023-11-13 01:00:08,583 - rasterio._base - DEBUG - Dataset <open DatasetReader name='https://radar.bmkg.go.id/raster/radarsatelit_202311130050.tif' mode='r'> is started.
2023-11-13 01:00:08,583 - rasterio.env - DEBUG - Exiting env context: <rasterio.env.Env object at 0x7f260c2b5b50>
2023-11-13 01:00:08,583 - rasterio.env - DEBUG - Cleared existing <rasterio._env.GDALEnv object at 0x7f260c4c2410> options
2023-11-13 01:00:08,584 - rasterio._env - DEBUG - Stopped GDALEnv <rasterio._env.GDALEnv object at 0x7f260c4c2410>.
2023-11-13 01:00:08,584 - rasterio.env - DEBUG - No GDAL environment exists
2023-11-13 01:00:08,584 - rasterio.env - DEBUG - New GDAL environment <rasterio._env.GDALEnv object at 0x7f260c4c2410> created
2023-11-13 01:00:08,584 - rasterio._env - DEBUG - GDAL data found in package: path='/home/swx/miniconda3/envs/present_weather/lib/python3.12/site-packages/rasterio/gdal_data'.
2023-11-13 01:00:08,584 - rasterio._env - DEBUG - PROJ_LIB found in environment.
2023-11-13 01:00:08,584 - rasterio._env - DEBUG - Started GDALEnv: self=<rasterio._env.GDALEnv object at 0x7f260c4c2410>.
2023-11-13 01:00:08,585 - rasterio.env - DEBUG - Exited env context: <rasterio.env.Env object at 0x7f260c2b5b50>
2023-11-13 01:00:08,615 - rasterio._io - DEBUG - Output nodata value read from file: nan
2023-11-13 01:00:08,615 - rasterio._io - DEBUG - Output nodata values: [nan]
2023-11-13 01:00:08,616 - rasterio._io - DEBUG - all_valid: False
2023-11-13 01:00:08,616 - rasterio._io - DEBUG - mask_flags: ([<MaskFlags.nodata: 8>],)
2023-11-13 01:00:08,616 - rasterio._io - DEBUG - Jump straight to _read()
2023-11-13 01:00:08,616 - rasterio._io - DEBUG - Window: Window(col_off=0, row_off=0, width=10215, height=3792)
2023-11-13 01:00:08,617 - rasterio._io - DEBUG - IO window xoff=0.0 yoff=0.0 width=10215.0 height=3792.0
2023-11-13 01:00:09,246 - rasterio.env - DEBUG - Exiting env context: <rasterio.env.Env object at 0x7f260c262ba0>
2023-11-13 01:00:09,246 - rasterio.env - DEBUG - Cleared existing <rasterio._env.GDALEnv object at 0x7f260c4c2410> options
2023-11-13 01:00:09,246 - rasterio._env - DEBUG - Stopped GDALEnv <rasterio._env.GDALEnv object at 0x7f260c4c2410>.
2023-11-13 01:00:09,246 - rasterio.env - DEBUG - Exiting outermost env
2023-11-13 01:00:09,246 - rasterio.env - DEBUG - Exited env context: <rasterio.env.Env object at 0x7f260c262ba0>
2023-11-13 01:00:09,248 - urllib3.connectionpool - DEBUG - Starting new HTTPS connection (1): radar.bmkg.go.id:8060
2023-11-13 01:00:09,308 - urllib3.connectionpool - DEBUG - https://radar.bmkg.go.id:8060 "GET /getLatestLD?typeData=1 HTTP/1.1" 200 5937
2023-11-13 01:00:09,324 - asyncio - DEBUG - Using selector: EpollSelector
2023-11-13 01:00:16,001 - root - INFO - dask.bag<lambda, npartitions=34>
2023-11-13 01:16:30,045 - root - INFO - Total elapsed time: 0:16:26.744187
