2023-12-23 04:53:02,405 - root - INFO - Initiating present weather
2023-12-23 04:53:02,406 - asyncio - DEBUG - Using selector: EpollSelector
2023-12-23 04:53:04,123 - urllib3.connectionpool - DEBUG - Starting new HTTPS connection (1): radar.bmkg.go.id:8060
2023-12-23 04:53:04,136 - urllib3.connectionpool - DEBUG - https://radar.bmkg.go.id:8060 "GET /getLatestLD?typeData=1 HTTP/1.1" 200 62
2023-12-23 04:53:04,138 - urllib3.connectionpool - DEBUG - Starting new HTTPS connection (1): radar.bmkg.go.id:8060
2023-12-23 04:53:04,153 - urllib3.connectionpool - DEBUG - https://radar.bmkg.go.id:8060 "GET /getRadarGeotif?token=19387e71e78522ae4172ec0fda640983b8438c9cfa0ca571623cb69d8327&radar=amandemenForecast&type=latest HTTP/1.1" 200 90
2023-12-23 04:53:04,154 - rasterio.env - DEBUG - Entering env context: <rasterio.env.Env object at 0x7f1cfd19ba30>
2023-12-23 04:53:04,155 - rasterio.env - DEBUG - Starting outermost env
2023-12-23 04:53:04,155 - rasterio.env - DEBUG - No GDAL environment exists
2023-12-23 04:53:04,155 - rasterio.env - DEBUG - New GDAL environment <rasterio._env.GDALEnv object at 0x7f1cfd19bcd0> created
2023-12-23 04:53:04,158 - rasterio._filepath - DEBUG - Installing FilePath filesystem handler plugin...
2023-12-23 04:53:04,159 - rasterio._env - DEBUG - GDAL data found in package: path='/home/metpublic/PYTHON_VENV/present_weather/lib/python3.10/site-packages/rasterio/gdal_data'.
2023-12-23 04:53:04,159 - rasterio._env - DEBUG - PROJ data found in package: path='/home/metpublic/PYTHON_VENV/present_weather/lib/python3.10/site-packages/rasterio/proj_data'.
2023-12-23 04:53:04,159 - rasterio._env - DEBUG - Started GDALEnv: self=<rasterio._env.GDALEnv object at 0x7f1cfd19bcd0>.
2023-12-23 04:53:04,159 - rasterio.env - DEBUG - Entered env context: <rasterio.env.Env object at 0x7f1cfd19ba30>
2023-12-23 04:53:04,159 - rasterio._base - DEBUG - Sharing flag: 0
2023-12-23 04:53:04,521 - rasterio._base - DEBUG - Nodata success: 1, Nodata value: nan
2023-12-23 04:53:04,521 - rasterio._base - DEBUG - Dataset <open DatasetReader name='https://radar.bmkg.go.id/raster/radarsatelit_202312230420.tif' mode='r'> is started.
2023-12-23 04:53:04,521 - rasterio.env - DEBUG - Exiting env context: <rasterio.env.Env object at 0x7f1cfd19ba30>
2023-12-23 04:53:04,521 - rasterio.env - DEBUG - Cleared existing <rasterio._env.GDALEnv object at 0x7f1cfd19bcd0> options
2023-12-23 04:53:04,521 - rasterio._env - DEBUG - Stopped GDALEnv <rasterio._env.GDALEnv object at 0x7f1cfd19bcd0>.
2023-12-23 04:53:04,521 - rasterio.env - DEBUG - Exiting outermost env
2023-12-23 04:53:04,522 - rasterio.env - DEBUG - Exited env context: <rasterio.env.Env object at 0x7f1cfd19ba30>
2023-12-23 04:53:04,522 - rasterio.env - DEBUG - Entering env context: <rasterio.env.Env object at 0x7f1cfc81d8a0>
2023-12-23 04:53:04,522 - rasterio.env - DEBUG - Starting outermost env
2023-12-23 04:53:04,522 - rasterio.env - DEBUG - No GDAL environment exists
2023-12-23 04:53:04,522 - rasterio.env - DEBUG - New GDAL environment <rasterio._env.GDALEnv object at 0x7f1cfd19bcd0> created
2023-12-23 04:53:04,522 - rasterio._env - DEBUG - GDAL data found in package: path='/home/metpublic/PYTHON_VENV/present_weather/lib/python3.10/site-packages/rasterio/gdal_data'.
2023-12-23 04:53:04,522 - rasterio._env - DEBUG - PROJ data found in package: path='/home/metpublic/PYTHON_VENV/present_weather/lib/python3.10/site-packages/rasterio/proj_data'.
2023-12-23 04:53:04,522 - rasterio._env - DEBUG - Started GDALEnv: self=<rasterio._env.GDALEnv object at 0x7f1cfd19bcd0>.
2023-12-23 04:53:04,523 - rasterio.env - DEBUG - Entered env context: <rasterio.env.Env object at 0x7f1cfc81d8a0>
2023-12-23 04:53:04,523 - rasterio.env - DEBUG - Got a copy of environment <rasterio._env.GDALEnv object at 0x7f1cfd19bcd0> options
2023-12-23 04:53:04,523 - rasterio.env - DEBUG - Entering env context: <rasterio.env.Env object at 0x7f1cfc727a60>
2023-12-23 04:53:04,523 - rasterio.env - DEBUG - Got a copy of environment <rasterio._env.GDALEnv object at 0x7f1cfd19bcd0> options
2023-12-23 04:53:04,523 - rasterio.env - DEBUG - Entered env context: <rasterio.env.Env object at 0x7f1cfc727a60>
2023-12-23 04:53:04,523 - rasterio._base - DEBUG - Sharing flag: 0
2023-12-23 04:53:04,525 - rasterio._base - DEBUG - Nodata success: 1, Nodata value: nan
2023-12-23 04:53:04,525 - rasterio._base - DEBUG - Dataset <open DatasetReader name='https://radar.bmkg.go.id/raster/radarsatelit_202312230420.tif' mode='r'> is started.
2023-12-23 04:53:04,525 - rasterio.env - DEBUG - Exiting env context: <rasterio.env.Env object at 0x7f1cfc727a60>
2023-12-23 04:53:04,525 - rasterio.env - DEBUG - Cleared existing <rasterio._env.GDALEnv object at 0x7f1cfd19bcd0> options
2023-12-23 04:53:04,525 - rasterio._env - DEBUG - Stopped GDALEnv <rasterio._env.GDALEnv object at 0x7f1cfd19bcd0>.
2023-12-23 04:53:04,525 - rasterio.env - DEBUG - No GDAL environment exists
2023-12-23 04:53:04,525 - rasterio.env - DEBUG - New GDAL environment <rasterio._env.GDALEnv object at 0x7f1cfd19bcd0> created
2023-12-23 04:53:04,526 - rasterio._env - DEBUG - GDAL data found in package: path='/home/metpublic/PYTHON_VENV/present_weather/lib/python3.10/site-packages/rasterio/gdal_data'.
2023-12-23 04:53:04,526 - rasterio._env - DEBUG - PROJ data found in package: path='/home/metpublic/PYTHON_VENV/present_weather/lib/python3.10/site-packages/rasterio/proj_data'.
2023-12-23 04:53:04,526 - rasterio._env - DEBUG - Started GDALEnv: self=<rasterio._env.GDALEnv object at 0x7f1cfd19bcd0>.
2023-12-23 04:53:04,526 - rasterio.env - DEBUG - Exited env context: <rasterio.env.Env object at 0x7f1cfc727a60>
2023-12-23 04:53:04,544 - rasterio._io - DEBUG - Output nodata value read from file: nan
2023-12-23 04:53:04,544 - rasterio._io - DEBUG - Output nodata values: [nan]
2023-12-23 04:53:04,545 - rasterio._io - DEBUG - all_valid: False
2023-12-23 04:53:04,545 - rasterio._io - DEBUG - mask_flags: ([<MaskFlags.nodata: 8>],)
2023-12-23 04:53:04,545 - rasterio._io - DEBUG - Jump straight to _read()
2023-12-23 04:53:04,545 - rasterio._io - DEBUG - Window: Window(col_off=0, row_off=0, width=10215, height=3792)
2023-12-23 04:53:04,545 - rasterio._io - DEBUG - IO window xoff=0.0 yoff=0.0 width=10215.0 height=3792.0
2023-12-23 04:53:05,079 - rasterio.env - DEBUG - Exiting env context: <rasterio.env.Env object at 0x7f1cfc81d8a0>
2023-12-23 04:53:05,079 - rasterio.env - DEBUG - Cleared existing <rasterio._env.GDALEnv object at 0x7f1cfd19bcd0> options
2023-12-23 04:53:05,079 - rasterio._env - DEBUG - Stopped GDALEnv <rasterio._env.GDALEnv object at 0x7f1cfd19bcd0>.
2023-12-23 04:53:05,079 - rasterio.env - DEBUG - Exiting outermost env
2023-12-23 04:53:05,079 - rasterio.env - DEBUG - Exited env context: <rasterio.env.Env object at 0x7f1cfc81d8a0>
2023-12-23 04:53:05,081 - urllib3.connectionpool - DEBUG - Starting new HTTPS connection (1): radar.bmkg.go.id:8060
2023-12-23 04:53:05,192 - urllib3.connectionpool - DEBUG - https://radar.bmkg.go.id:8060 "GET /getRadarGeotif?token=19387e71e78522ae4172ec0fda640983b8438c9cfa0ca571623cb69d8327&radar=amandemenForecastRadarMosaic&type=latest HTTP/1.1" 200 84
2023-12-23 04:53:05,193 - rasterio.env - DEBUG - Entering env context: <rasterio.env.Env object at 0x7f1cfc88c6d0>
2023-12-23 04:53:05,193 - rasterio.env - DEBUG - Starting outermost env
2023-12-23 04:53:05,193 - rasterio.env - DEBUG - No GDAL environment exists
2023-12-23 04:53:05,193 - rasterio.env - DEBUG - New GDAL environment <rasterio._env.GDALEnv object at 0x7f1cfd19bb20> created
2023-12-23 04:53:05,194 - rasterio._env - DEBUG - GDAL data found in package: path='/home/metpublic/PYTHON_VENV/present_weather/lib/python3.10/site-packages/rasterio/gdal_data'.
2023-12-23 04:53:05,194 - rasterio._env - DEBUG - PROJ data found in package: path='/home/metpublic/PYTHON_VENV/present_weather/lib/python3.10/site-packages/rasterio/proj_data'.
2023-12-23 04:53:05,194 - rasterio._env - DEBUG - Started GDALEnv: self=<rasterio._env.GDALEnv object at 0x7f1cfd19bb20>.
2023-12-23 04:53:05,194 - rasterio.env - DEBUG - Entered env context: <rasterio.env.Env object at 0x7f1cfc88c6d0>
2023-12-23 04:53:05,194 - rasterio._base - DEBUG - Sharing flag: 0
2023-12-23 04:53:05,200 - rasterio._base - DEBUG - Nodata success: 1, Nodata value: nan
2023-12-23 04:53:05,200 - rasterio._base - DEBUG - Dataset <open DatasetReader name='https://radar.bmkg.go.id/raster/mosaic_202312230450.tif' mode='r'> is started.
2023-12-23 04:53:05,200 - rasterio.env - DEBUG - Exiting env context: <rasterio.env.Env object at 0x7f1cfc88c6d0>
2023-12-23 04:53:05,200 - rasterio.env - DEBUG - Cleared existing <rasterio._env.GDALEnv object at 0x7f1cfd19bb20> options
2023-12-23 04:53:05,201 - rasterio._env - DEBUG - Stopped GDALEnv <rasterio._env.GDALEnv object at 0x7f1cfd19bb20>.
2023-12-23 04:53:05,201 - rasterio.env - DEBUG - Exiting outermost env
2023-12-23 04:53:05,201 - rasterio.env - DEBUG - Exited env context: <rasterio.env.Env object at 0x7f1cfc88c6d0>
2023-12-23 04:53:05,201 - rasterio.env - DEBUG - Entering env context: <rasterio.env.Env object at 0x7f1cfc8653c0>
2023-12-23 04:53:05,201 - rasterio.env - DEBUG - Starting outermost env
2023-12-23 04:53:05,201 - rasterio.env - DEBUG - No GDAL environment exists
2023-12-23 04:53:05,201 - rasterio.env - DEBUG - New GDAL environment <rasterio._env.GDALEnv object at 0x7f1cfd19bb20> created
2023-12-23 04:53:05,201 - rasterio._env - DEBUG - GDAL data found in package: path='/home/metpublic/PYTHON_VENV/present_weather/lib/python3.10/site-packages/rasterio/gdal_data'.
2023-12-23 04:53:05,201 - rasterio._env - DEBUG - PROJ data found in package: path='/home/metpublic/PYTHON_VENV/present_weather/lib/python3.10/site-packages/rasterio/proj_data'.
2023-12-23 04:53:05,201 - rasterio._env - DEBUG - Started GDALEnv: self=<rasterio._env.GDALEnv object at 0x7f1cfd19bb20>.
2023-12-23 04:53:05,201 - rasterio.env - DEBUG - Entered env context: <rasterio.env.Env object at 0x7f1cfc8653c0>
2023-12-23 04:53:05,202 - rasterio.env - DEBUG - Got a copy of environment <rasterio._env.GDALEnv object at 0x7f1cfd19bb20> options
2023-12-23 04:53:05,202 - rasterio.env - DEBUG - Entering env context: <rasterio.env.Env object at 0x7f1cfc7266e0>
2023-12-23 04:53:05,202 - rasterio.env - DEBUG - Got a copy of environment <rasterio._env.GDALEnv object at 0x7f1cfd19bb20> options
2023-12-23 04:53:05,202 - rasterio.env - DEBUG - Entered env context: <rasterio.env.Env object at 0x7f1cfc7266e0>
2023-12-23 04:53:05,202 - rasterio._base - DEBUG - Sharing flag: 0
2023-12-23 04:53:05,203 - rasterio._base - DEBUG - Nodata success: 1, Nodata value: nan
2023-12-23 04:53:05,203 - rasterio._base - DEBUG - Dataset <open DatasetReader name='https://radar.bmkg.go.id/raster/mosaic_202312230450.tif' mode='r'> is started.
2023-12-23 04:53:05,203 - rasterio.env - DEBUG - Exiting env context: <rasterio.env.Env object at 0x7f1cfc7266e0>
2023-12-23 04:53:05,203 - rasterio.env - DEBUG - Cleared existing <rasterio._env.GDALEnv object at 0x7f1cfd19bb20> options
2023-12-23 04:53:05,203 - rasterio._env - DEBUG - Stopped GDALEnv <rasterio._env.GDALEnv object at 0x7f1cfd19bb20>.
2023-12-23 04:53:05,203 - rasterio.env - DEBUG - No GDAL environment exists
2023-12-23 04:53:05,203 - rasterio.env - DEBUG - New GDAL environment <rasterio._env.GDALEnv object at 0x7f1cfd19bb20> created
2023-12-23 04:53:05,203 - rasterio._env - DEBUG - GDAL data found in package: path='/home/metpublic/PYTHON_VENV/present_weather/lib/python3.10/site-packages/rasterio/gdal_data'.
2023-12-23 04:53:05,203 - rasterio._env - DEBUG - PROJ data found in package: path='/home/metpublic/PYTHON_VENV/present_weather/lib/python3.10/site-packages/rasterio/proj_data'.
2023-12-23 04:53:05,204 - rasterio._env - DEBUG - Started GDALEnv: self=<rasterio._env.GDALEnv object at 0x7f1cfd19bb20>.
2023-12-23 04:53:05,204 - rasterio.env - DEBUG - Exited env context: <rasterio.env.Env object at 0x7f1cfc7266e0>
2023-12-23 04:53:05,212 - rasterio._io - DEBUG - Output nodata value read from file: nan
2023-12-23 04:53:05,213 - rasterio._io - DEBUG - Output nodata values: [nan]
2023-12-23 04:53:05,213 - rasterio._io - DEBUG - all_valid: False
2023-12-23 04:53:05,213 - rasterio._io - DEBUG - mask_flags: ([<MaskFlags.nodata: 8>],)
2023-12-23 04:53:05,213 - rasterio._io - DEBUG - Jump straight to _read()
2023-12-23 04:53:05,214 - rasterio._io - DEBUG - Window: Window(col_off=0, row_off=0, width=10215, height=3792)
2023-12-23 04:53:05,214 - rasterio._io - DEBUG - IO window xoff=0.0 yoff=0.0 width=10215.0 height=3792.0
2023-12-23 04:53:09,537 - rasterio.env - DEBUG - Exiting env context: <rasterio.env.Env object at 0x7f1cfc8653c0>
2023-12-23 04:53:09,537 - rasterio.env - DEBUG - Cleared existing <rasterio._env.GDALEnv object at 0x7f1cfd19bb20> options
2023-12-23 04:53:09,537 - rasterio._env - DEBUG - Stopped GDALEnv <rasterio._env.GDALEnv object at 0x7f1cfd19bb20>.
2023-12-23 04:53:09,537 - rasterio.env - DEBUG - Exiting outermost env
2023-12-23 04:53:09,537 - rasterio.env - DEBUG - Exited env context: <rasterio.env.Env object at 0x7f1cfc8653c0>
2023-12-23 04:59:48,110 - root - INFO - Total elapsed time: 0:06:45.705304
