2023-12-10 16:53:02,578 - root - INFO - Initiating present weather
2023-12-10 16:53:02,580 - asyncio - DEBUG - Using selector: EpollSelector
2023-12-10 16:53:04,132 - urllib3.connectionpool - DEBUG - Starting new HTTPS connection (1): radar.bmkg.go.id:8060
2023-12-10 16:53:04,143 - urllib3.connectionpool - DEBUG - https://radar.bmkg.go.id:8060 "GET /getLatestLD?typeData=1 HTTP/1.1" 200 62
2023-12-10 16:53:04,146 - urllib3.connectionpool - DEBUG - Starting new HTTPS connection (1): radar.bmkg.go.id:8060
2023-12-10 16:53:04,168 - urllib3.connectionpool - DEBUG - https://radar.bmkg.go.id:8060 "GET /getRadarGeotif?token=19387e71e78522ae4172ec0fda640983b8438c9cfa0ca571623cb69d8327&radar=amandemenForecast&type=latest HTTP/1.1" 200 90
2023-12-10 16:53:04,169 - rasterio.env - DEBUG - Entering env context: <rasterio.env.Env object at 0x7f0623b02cb0>
2023-12-10 16:53:04,169 - rasterio.env - DEBUG - Starting outermost env
2023-12-10 16:53:04,169 - rasterio.env - DEBUG - No GDAL environment exists
2023-12-10 16:53:04,169 - rasterio.env - DEBUG - New GDAL environment <rasterio._env.GDALEnv object at 0x7f0623b02ec0> created
2023-12-10 16:53:04,172 - rasterio._filepath - DEBUG - Installing FilePath filesystem handler plugin...
2023-12-10 16:53:04,172 - rasterio._env - DEBUG - GDAL data found in package: path='/home/metpublic/PYTHON_VENV/present_weather/lib/python3.10/site-packages/rasterio/gdal_data'.
2023-12-10 16:53:04,172 - rasterio._env - DEBUG - PROJ data found in package: path='/home/metpublic/PYTHON_VENV/present_weather/lib/python3.10/site-packages/rasterio/proj_data'.
2023-12-10 16:53:04,172 - rasterio._env - DEBUG - Started GDALEnv: self=<rasterio._env.GDALEnv object at 0x7f0623b02ec0>.
2023-12-10 16:53:04,172 - rasterio.env - DEBUG - Entered env context: <rasterio.env.Env object at 0x7f0623b02cb0>
2023-12-10 16:53:04,173 - rasterio._base - DEBUG - Sharing flag: 0
2023-12-10 16:53:04,441 - rasterio._base - DEBUG - Nodata success: 1, Nodata value: nan
2023-12-10 16:53:04,442 - rasterio._base - DEBUG - Dataset <open DatasetReader name='https://radar.bmkg.go.id/raster/radarsatelit_202312101650.tif' mode='r'> is started.
2023-12-10 16:53:04,443 - rasterio.env - DEBUG - Exiting env context: <rasterio.env.Env object at 0x7f0623b02cb0>
2023-12-10 16:53:04,443 - rasterio.env - DEBUG - Cleared existing <rasterio._env.GDALEnv object at 0x7f0623b02ec0> options
2023-12-10 16:53:04,443 - rasterio._env - DEBUG - Stopped GDALEnv <rasterio._env.GDALEnv object at 0x7f0623b02ec0>.
2023-12-10 16:53:04,443 - rasterio.env - DEBUG - Exiting outermost env
2023-12-10 16:53:04,443 - rasterio.env - DEBUG - Exited env context: <rasterio.env.Env object at 0x7f0623b02cb0>
2023-12-10 16:53:04,443 - rasterio.env - DEBUG - Entering env context: <rasterio.env.Env object at 0x7f062318c730>
2023-12-10 16:53:04,443 - rasterio.env - DEBUG - Starting outermost env
2023-12-10 16:53:04,443 - rasterio.env - DEBUG - No GDAL environment exists
2023-12-10 16:53:04,443 - rasterio.env - DEBUG - New GDAL environment <rasterio._env.GDALEnv object at 0x7f0623b02ec0> created
2023-12-10 16:53:04,444 - rasterio._env - DEBUG - GDAL data found in package: path='/home/metpublic/PYTHON_VENV/present_weather/lib/python3.10/site-packages/rasterio/gdal_data'.
2023-12-10 16:53:04,444 - rasterio._env - DEBUG - PROJ data found in package: path='/home/metpublic/PYTHON_VENV/present_weather/lib/python3.10/site-packages/rasterio/proj_data'.
2023-12-10 16:53:04,444 - rasterio._env - DEBUG - Started GDALEnv: self=<rasterio._env.GDALEnv object at 0x7f0623b02ec0>.
2023-12-10 16:53:04,444 - rasterio.env - DEBUG - Entered env context: <rasterio.env.Env object at 0x7f062318c730>
2023-12-10 16:53:04,445 - rasterio.env - DEBUG - Got a copy of environment <rasterio._env.GDALEnv object at 0x7f0623b02ec0> options
2023-12-10 16:53:04,445 - rasterio.env - DEBUG - Entering env context: <rasterio.env.Env object at 0x7f06200961d0>
2023-12-10 16:53:04,445 - rasterio.env - DEBUG - Got a copy of environment <rasterio._env.GDALEnv object at 0x7f0623b02ec0> options
2023-12-10 16:53:04,445 - rasterio.env - DEBUG - Entered env context: <rasterio.env.Env object at 0x7f06200961d0>
2023-12-10 16:53:04,445 - rasterio._base - DEBUG - Sharing flag: 0
2023-12-10 16:53:04,446 - rasterio._base - DEBUG - Nodata success: 1, Nodata value: nan
2023-12-10 16:53:04,446 - rasterio._base - DEBUG - Dataset <open DatasetReader name='https://radar.bmkg.go.id/raster/radarsatelit_202312101650.tif' mode='r'> is started.
2023-12-10 16:53:04,446 - rasterio.env - DEBUG - Exiting env context: <rasterio.env.Env object at 0x7f06200961d0>
2023-12-10 16:53:04,446 - rasterio.env - DEBUG - Cleared existing <rasterio._env.GDALEnv object at 0x7f0623b02ec0> options
2023-12-10 16:53:04,446 - rasterio._env - DEBUG - Stopped GDALEnv <rasterio._env.GDALEnv object at 0x7f0623b02ec0>.
2023-12-10 16:53:04,446 - rasterio.env - DEBUG - No GDAL environment exists
2023-12-10 16:53:04,446 - rasterio.env - DEBUG - New GDAL environment <rasterio._env.GDALEnv object at 0x7f0623b02ec0> created
2023-12-10 16:53:04,447 - rasterio._env - DEBUG - GDAL data found in package: path='/home/metpublic/PYTHON_VENV/present_weather/lib/python3.10/site-packages/rasterio/gdal_data'.
2023-12-10 16:53:04,447 - rasterio._env - DEBUG - PROJ data found in package: path='/home/metpublic/PYTHON_VENV/present_weather/lib/python3.10/site-packages/rasterio/proj_data'.
2023-12-10 16:53:04,447 - rasterio._env - DEBUG - Started GDALEnv: self=<rasterio._env.GDALEnv object at 0x7f0623b02ec0>.
2023-12-10 16:53:04,447 - rasterio.env - DEBUG - Exited env context: <rasterio.env.Env object at 0x7f06200961d0>
2023-12-10 16:53:04,463 - rasterio._io - DEBUG - Output nodata value read from file: nan
2023-12-10 16:53:04,464 - rasterio._io - DEBUG - Output nodata values: [nan]
2023-12-10 16:53:04,464 - rasterio._io - DEBUG - all_valid: False
2023-12-10 16:53:04,464 - rasterio._io - DEBUG - mask_flags: ([<MaskFlags.nodata: 8>],)
2023-12-10 16:53:04,465 - rasterio._io - DEBUG - Jump straight to _read()
2023-12-10 16:53:04,465 - rasterio._io - DEBUG - Window: Window(col_off=0, row_off=0, width=10177, height=3692)
2023-12-10 16:53:04,465 - rasterio._io - DEBUG - IO window xoff=0.0 yoff=0.0 width=10177.0 height=3692.0
2023-12-10 16:53:05,028 - rasterio.env - DEBUG - Exiting env context: <rasterio.env.Env object at 0x7f062318c730>
2023-12-10 16:53:05,028 - rasterio.env - DEBUG - Cleared existing <rasterio._env.GDALEnv object at 0x7f0623b02ec0> options
2023-12-10 16:53:05,028 - rasterio._env - DEBUG - Stopped GDALEnv <rasterio._env.GDALEnv object at 0x7f0623b02ec0>.
2023-12-10 16:53:05,028 - rasterio.env - DEBUG - Exiting outermost env
2023-12-10 16:53:05,028 - rasterio.env - DEBUG - Exited env context: <rasterio.env.Env object at 0x7f062318c730>
2023-12-10 16:57:49,840 - rasterio.env - DEBUG - Entering env context: <rasterio.env.Env object at 0x7f0600611000>
2023-12-10 16:57:49,840 - rasterio.env - DEBUG - Starting outermost env
2023-12-10 16:57:49,841 - rasterio.env - DEBUG - No GDAL environment exists
2023-12-10 16:57:49,841 - rasterio.env - DEBUG - New GDAL environment <rasterio._env.GDALEnv object at 0x7f0600610c10> created
2023-12-10 16:57:49,842 - rasterio._env - DEBUG - GDAL data found in package: path='/home/metpublic/PYTHON_VENV/present_weather/lib/python3.10/site-packages/rasterio/gdal_data'.
2023-12-10 16:57:49,842 - rasterio._env - DEBUG - PROJ data found in package: path='/home/metpublic/PYTHON_VENV/present_weather/lib/python3.10/site-packages/rasterio/proj_data'.
2023-12-10 16:57:49,842 - rasterio._env - DEBUG - Started GDALEnv: self=<rasterio._env.GDALEnv object at 0x7f0600610c10>.
2023-12-10 16:57:49,842 - rasterio.env - DEBUG - Entered env context: <rasterio.env.Env object at 0x7f0600611000>
2023-12-10 16:57:49,843 - rasterio._base - DEBUG - Sharing flag: 0
2023-12-10 16:57:49,844 - rasterio._base - DEBUG - Nodata success: 0, Nodata value: 0.000000
2023-12-10 16:57:49,844 - rasterio._base - DEBUG - Dataset <open DatasetReader name='/home/metpublic/TASK_RELEASE/EFAN/present_weather/src/H09_B13_Indonesia_20231210.Z1640.cor.tiff' mode='r'> is started.
2023-12-10 16:57:49,844 - rasterio.env - DEBUG - Exiting env context: <rasterio.env.Env object at 0x7f0600611000>
2023-12-10 16:57:49,844 - rasterio.env - DEBUG - Cleared existing <rasterio._env.GDALEnv object at 0x7f0600610c10> options
2023-12-10 16:57:49,844 - rasterio._env - DEBUG - Stopped GDALEnv <rasterio._env.GDALEnv object at 0x7f0600610c10>.
2023-12-10 16:57:49,844 - rasterio.env - DEBUG - Exiting outermost env
2023-12-10 16:57:49,844 - rasterio.env - DEBUG - Exited env context: <rasterio.env.Env object at 0x7f0600611000>
2023-12-10 16:57:49,845 - rasterio.env - DEBUG - Entering env context: <rasterio.env.Env object at 0x7f0600610970>
2023-12-10 16:57:49,845 - rasterio.env - DEBUG - Starting outermost env
2023-12-10 16:57:49,845 - rasterio.env - DEBUG - No GDAL environment exists
2023-12-10 16:57:49,845 - rasterio.env - DEBUG - New GDAL environment <rasterio._env.GDALEnv object at 0x7f0600613be0> created
2023-12-10 16:57:49,845 - rasterio._env - DEBUG - GDAL data found in package: path='/home/metpublic/PYTHON_VENV/present_weather/lib/python3.10/site-packages/rasterio/gdal_data'.
2023-12-10 16:57:49,846 - rasterio._env - DEBUG - PROJ data found in package: path='/home/metpublic/PYTHON_VENV/present_weather/lib/python3.10/site-packages/rasterio/proj_data'.
2023-12-10 16:57:49,846 - rasterio._env - DEBUG - Started GDALEnv: self=<rasterio._env.GDALEnv object at 0x7f0600613be0>.
2023-12-10 16:57:49,847 - rasterio.env - DEBUG - Entered env context: <rasterio.env.Env object at 0x7f0600610970>
2023-12-10 16:57:49,847 - rasterio._base - DEBUG - Sharing flag: 0
2023-12-10 16:57:49,848 - rasterio._base - DEBUG - Nodata success: 0, Nodata value: 0.000000
2023-12-10 16:57:49,848 - rasterio._base - DEBUG - Dataset <open DatasetReader name='/home/metpublic/TASK_RELEASE/EFAN/present_weather/src/H09_B13_Indonesia_20231210.Z1640.cor.tiff' mode='r'> is started.
2023-12-10 16:57:49,848 - rasterio.env - DEBUG - Exiting env context: <rasterio.env.Env object at 0x7f0600610970>
2023-12-10 16:57:49,848 - rasterio.env - DEBUG - Cleared existing <rasterio._env.GDALEnv object at 0x7f0600613be0> options
2023-12-10 16:57:49,849 - rasterio._env - DEBUG - Stopped GDALEnv <rasterio._env.GDALEnv object at 0x7f0600613be0>.
2023-12-10 16:57:49,849 - rasterio.env - DEBUG - Exiting outermost env
2023-12-10 16:57:49,849 - rasterio.env - DEBUG - Exited env context: <rasterio.env.Env object at 0x7f0600610970>
2023-12-10 16:57:49,862 - root - INFO - Generating present weather using SATELITE data
2023-12-10 16:58:59,734 - root - INFO - Total elapsed time: 0:05:57.155839
