2023-11-25 22:43:03,837 - root - INFO - Initiating present weather
2023-11-25 22:43:03,841 - asyncio - DEBUG - Using selector: EpollSelector
2023-11-25 22:43:07,114 - urllib3.connectionpool - DEBUG - Starting new HTTPS connection (1): radar.bmkg.go.id:8060
2023-11-25 22:43:07,173 - urllib3.connectionpool - DEBUG - https://radar.bmkg.go.id:8060 "GET /getRadarGeotif?token=19387e71e78522ae4172ec0fda640983b8438c9cfa0ca571623cb69d8327&radar=amandemenForecast&type=latest HTTP/1.1" 200 90
2023-11-25 22:43:07,175 - rasterio.env - DEBUG - Entering env context: <rasterio.env.Env object at 0x7f93bb99d670>
2023-11-25 22:43:07,176 - rasterio.env - DEBUG - Starting outermost env
2023-11-25 22:43:07,176 - rasterio.env - DEBUG - No GDAL environment exists
2023-11-25 22:43:07,176 - rasterio.env - DEBUG - New GDAL environment <rasterio._env.GDALEnv object at 0x7f93bb99fa60> created
2023-11-25 22:43:07,179 - rasterio._filepath - DEBUG - Installing FilePath filesystem handler plugin...
2023-11-25 22:43:07,180 - rasterio._env - DEBUG - GDAL data found in package: path='/home/swx/miniconda3/envs/present_weather/lib/python3.12/site-packages/rasterio/gdal_data'.
2023-11-25 22:43:07,180 - rasterio._env - DEBUG - PROJ_LIB found in environment.
2023-11-25 22:43:07,180 - rasterio._env - DEBUG - Started GDALEnv: self=<rasterio._env.GDALEnv object at 0x7f93bb99fa60>.
2023-11-25 22:43:07,180 - rasterio.env - DEBUG - Entered env context: <rasterio.env.Env object at 0x7f93bb99d670>
2023-11-25 22:43:07,180 - rasterio._base - DEBUG - Sharing flag: 0
2023-11-25 22:43:07,388 - rasterio._base - DEBUG - Nodata success: 1, Nodata value: nan
2023-11-25 22:43:07,388 - rasterio._base - DEBUG - Dataset <open DatasetReader name='https://radar.bmkg.go.id/raster/radarsatelit_202311252240.tif' mode='r'> is started.
2023-11-25 22:43:07,389 - rasterio.env - DEBUG - Exiting env context: <rasterio.env.Env object at 0x7f93bb99d670>
2023-11-25 22:43:07,389 - rasterio.env - DEBUG - Cleared existing <rasterio._env.GDALEnv object at 0x7f93bb99fa60> options
2023-11-25 22:43:07,389 - rasterio._env - DEBUG - Stopped GDALEnv <rasterio._env.GDALEnv object at 0x7f93bb99fa60>.
2023-11-25 22:43:07,389 - rasterio.env - DEBUG - Exiting outermost env
2023-11-25 22:43:07,389 - rasterio.env - DEBUG - Exited env context: <rasterio.env.Env object at 0x7f93bb99d670>
2023-11-25 22:43:07,390 - rasterio.env - DEBUG - Entering env context: <rasterio.env.Env object at 0x7f93bbad4e00>
2023-11-25 22:43:07,390 - rasterio.env - DEBUG - Starting outermost env
2023-11-25 22:43:07,390 - rasterio.env - DEBUG - No GDAL environment exists
2023-11-25 22:43:07,390 - rasterio.env - DEBUG - New GDAL environment <rasterio._env.GDALEnv object at 0x7f93bb99fa60> created
2023-11-25 22:43:07,391 - rasterio._env - DEBUG - GDAL data found in package: path='/home/swx/miniconda3/envs/present_weather/lib/python3.12/site-packages/rasterio/gdal_data'.
2023-11-25 22:43:07,391 - rasterio._env - DEBUG - PROJ_LIB found in environment.
2023-11-25 22:43:07,391 - rasterio._env - DEBUG - Started GDALEnv: self=<rasterio._env.GDALEnv object at 0x7f93bb99fa60>.
2023-11-25 22:43:07,391 - rasterio.env - DEBUG - Entered env context: <rasterio.env.Env object at 0x7f93bbad4e00>
2023-11-25 22:43:07,392 - rasterio.env - DEBUG - Got a copy of environment <rasterio._env.GDALEnv object at 0x7f93bb99fa60> options
2023-11-25 22:43:07,392 - rasterio.env - DEBUG - Entering env context: <rasterio.env.Env object at 0x7f93baf0f9b0>
2023-11-25 22:43:07,392 - rasterio.env - DEBUG - Got a copy of environment <rasterio._env.GDALEnv object at 0x7f93bb99fa60> options
2023-11-25 22:43:07,392 - rasterio.env - DEBUG - Entered env context: <rasterio.env.Env object at 0x7f93baf0f9b0>
2023-11-25 22:43:07,392 - rasterio._base - DEBUG - Sharing flag: 0
2023-11-25 22:43:07,394 - rasterio._base - DEBUG - Nodata success: 1, Nodata value: nan
2023-11-25 22:43:07,394 - rasterio._base - DEBUG - Dataset <open DatasetReader name='https://radar.bmkg.go.id/raster/radarsatelit_202311252240.tif' mode='r'> is started.
2023-11-25 22:43:07,394 - rasterio.env - DEBUG - Exiting env context: <rasterio.env.Env object at 0x7f93baf0f9b0>
2023-11-25 22:43:07,394 - rasterio.env - DEBUG - Cleared existing <rasterio._env.GDALEnv object at 0x7f93bb99fa60> options
2023-11-25 22:43:07,395 - rasterio._env - DEBUG - Stopped GDALEnv <rasterio._env.GDALEnv object at 0x7f93bb99fa60>.
2023-11-25 22:43:07,395 - rasterio.env - DEBUG - No GDAL environment exists
2023-11-25 22:43:07,395 - rasterio.env - DEBUG - New GDAL environment <rasterio._env.GDALEnv object at 0x7f93bb99fa60> created
2023-11-25 22:43:07,395 - rasterio._env - DEBUG - GDAL data found in package: path='/home/swx/miniconda3/envs/present_weather/lib/python3.12/site-packages/rasterio/gdal_data'.
2023-11-25 22:43:07,395 - rasterio._env - DEBUG - PROJ_LIB found in environment.
2023-11-25 22:43:07,396 - rasterio._env - DEBUG - Started GDALEnv: self=<rasterio._env.GDALEnv object at 0x7f93bb99fa60>.
2023-11-25 22:43:07,396 - rasterio.env - DEBUG - Exited env context: <rasterio.env.Env object at 0x7f93baf0f9b0>
2023-11-25 22:43:07,424 - rasterio._io - DEBUG - Output nodata value read from file: nan
2023-11-25 22:43:07,424 - rasterio._io - DEBUG - Output nodata values: [nan]
2023-11-25 22:43:07,424 - rasterio._io - DEBUG - all_valid: False
2023-11-25 22:43:07,424 - rasterio._io - DEBUG - mask_flags: ([<MaskFlags.nodata: 8>],)
2023-11-25 22:43:07,425 - rasterio._io - DEBUG - Jump straight to _read()
2023-11-25 22:43:07,425 - rasterio._io - DEBUG - Window: Window(col_off=0, row_off=0, width=10215, height=3789)
2023-11-25 22:43:07,425 - rasterio._io - DEBUG - IO window xoff=0.0 yoff=0.0 width=10215.0 height=3789.0
2023-11-25 22:43:08,136 - rasterio.env - DEBUG - Exiting env context: <rasterio.env.Env object at 0x7f93bbad4e00>
2023-11-25 22:43:08,136 - rasterio.env - DEBUG - Cleared existing <rasterio._env.GDALEnv object at 0x7f93bb99fa60> options
2023-11-25 22:43:08,136 - rasterio._env - DEBUG - Stopped GDALEnv <rasterio._env.GDALEnv object at 0x7f93bb99fa60>.
2023-11-25 22:43:08,136 - rasterio.env - DEBUG - Exiting outermost env
2023-11-25 22:43:08,136 - rasterio.env - DEBUG - Exited env context: <rasterio.env.Env object at 0x7f93bbad4e00>
2023-11-25 22:43:08,139 - urllib3.connectionpool - DEBUG - Starting new HTTPS connection (1): radar.bmkg.go.id:8060
2023-11-25 22:43:08,196 - urllib3.connectionpool - DEBUG - https://radar.bmkg.go.id:8060 "GET /getLatestLD?typeData=1 HTTP/1.1" 200 903
2023-11-25 22:43:08,204 - root - INFO - Generating present weather using RADAR data
2023-11-25 22:43:11,546 - root - INFO - dask.bag<lambda, npartitions=20>
2023-11-25 22:55:21,993 - root - INFO - Total elapsed time: 0:12:18.156693
