2023-12-22 20:43:03,605 - root - INFO - Initiating present weather
2023-12-22 20:43:03,608 - asyncio - DEBUG - Using selector: EpollSelector
2023-12-22 20:43:05,428 - urllib3.connectionpool - DEBUG - Starting new HTTPS connection (1): radar.bmkg.go.id:8060
2023-12-22 20:43:05,447 - urllib3.connectionpool - DEBUG - https://radar.bmkg.go.id:8060 "GET /getLatestLD?typeData=1 HTTP/1.1" 200 62
2023-12-22 20:43:05,448 - urllib3.connectionpool - DEBUG - Starting new HTTPS connection (1): radar.bmkg.go.id:8060
2023-12-22 20:43:05,469 - urllib3.connectionpool - DEBUG - https://radar.bmkg.go.id:8060 "GET /getRadarGeotif?token=19387e71e78522ae4172ec0fda640983b8438c9cfa0ca571623cb69d8327&radar=amandemenForecast&type=latest HTTP/1.1" 200 90
2023-12-22 20:43:05,470 - rasterio.env - DEBUG - Entering env context: <rasterio.env.Env object at 0x7f57635555a0>
2023-12-22 20:43:05,470 - rasterio.env - DEBUG - Starting outermost env
2023-12-22 20:43:05,470 - rasterio.env - DEBUG - No GDAL environment exists
2023-12-22 20:43:05,470 - rasterio.env - DEBUG - New GDAL environment <rasterio._env.GDALEnv object at 0x7f57635555d0> created
2023-12-22 20:43:05,473 - rasterio._filepath - DEBUG - Installing FilePath filesystem handler plugin...
2023-12-22 20:43:05,473 - rasterio._env - DEBUG - GDAL data found in package: path='/home/metpublic/PYTHON_VENV/present_weather/lib/python3.10/site-packages/rasterio/gdal_data'.
2023-12-22 20:43:05,473 - rasterio._env - DEBUG - PROJ data found in package: path='/home/metpublic/PYTHON_VENV/present_weather/lib/python3.10/site-packages/rasterio/proj_data'.
2023-12-22 20:43:05,473 - rasterio._env - DEBUG - Started GDALEnv: self=<rasterio._env.GDALEnv object at 0x7f57635555d0>.
2023-12-22 20:43:05,473 - rasterio.env - DEBUG - Entered env context: <rasterio.env.Env object at 0x7f57635555a0>
2023-12-22 20:43:05,474 - rasterio._base - DEBUG - Sharing flag: 0
2023-12-22 20:43:05,808 - rasterio._base - DEBUG - Nodata success: 1, Nodata value: nan
2023-12-22 20:43:05,808 - rasterio._base - DEBUG - Dataset <open DatasetReader name='https://radar.bmkg.go.id/raster/radarsatelit_202312222040.tif' mode='r'> is started.
2023-12-22 20:43:05,808 - rasterio.env - DEBUG - Exiting env context: <rasterio.env.Env object at 0x7f57635555a0>
2023-12-22 20:43:05,809 - rasterio.env - DEBUG - Cleared existing <rasterio._env.GDALEnv object at 0x7f57635555d0> options
2023-12-22 20:43:05,809 - rasterio._env - DEBUG - Stopped GDALEnv <rasterio._env.GDALEnv object at 0x7f57635555d0>.
2023-12-22 20:43:05,809 - rasterio.env - DEBUG - Exiting outermost env
2023-12-22 20:43:05,809 - rasterio.env - DEBUG - Exited env context: <rasterio.env.Env object at 0x7f57635555a0>
2023-12-22 20:43:05,809 - rasterio.env - DEBUG - Entering env context: <rasterio.env.Env object at 0x7f576350d8a0>
2023-12-22 20:43:05,809 - rasterio.env - DEBUG - Starting outermost env
2023-12-22 20:43:05,809 - rasterio.env - DEBUG - No GDAL environment exists
2023-12-22 20:43:05,809 - rasterio.env - DEBUG - New GDAL environment <rasterio._env.GDALEnv object at 0x7f5763e93790> created
2023-12-22 20:43:05,810 - rasterio._env - DEBUG - GDAL data found in package: path='/home/metpublic/PYTHON_VENV/present_weather/lib/python3.10/site-packages/rasterio/gdal_data'.
2023-12-22 20:43:05,810 - rasterio._env - DEBUG - PROJ data found in package: path='/home/metpublic/PYTHON_VENV/present_weather/lib/python3.10/site-packages/rasterio/proj_data'.
2023-12-22 20:43:05,810 - rasterio._env - DEBUG - Started GDALEnv: self=<rasterio._env.GDALEnv object at 0x7f5763e93790>.
2023-12-22 20:43:05,810 - rasterio.env - DEBUG - Entered env context: <rasterio.env.Env object at 0x7f576350d8a0>
2023-12-22 20:43:05,810 - rasterio.env - DEBUG - Got a copy of environment <rasterio._env.GDALEnv object at 0x7f5763e93790> options
2023-12-22 20:43:05,811 - rasterio.env - DEBUG - Entering env context: <rasterio.env.Env object at 0x7f576040b670>
2023-12-22 20:43:05,811 - rasterio.env - DEBUG - Got a copy of environment <rasterio._env.GDALEnv object at 0x7f5763e93790> options
2023-12-22 20:43:05,811 - rasterio.env - DEBUG - Entered env context: <rasterio.env.Env object at 0x7f576040b670>
2023-12-22 20:43:05,811 - rasterio._base - DEBUG - Sharing flag: 0
2023-12-22 20:43:05,812 - rasterio._base - DEBUG - Nodata success: 1, Nodata value: nan
2023-12-22 20:43:05,812 - rasterio._base - DEBUG - Dataset <open DatasetReader name='https://radar.bmkg.go.id/raster/radarsatelit_202312222040.tif' mode='r'> is started.
2023-12-22 20:43:05,812 - rasterio.env - DEBUG - Exiting env context: <rasterio.env.Env object at 0x7f576040b670>
2023-12-22 20:43:05,812 - rasterio.env - DEBUG - Cleared existing <rasterio._env.GDALEnv object at 0x7f5763e93790> options
2023-12-22 20:43:05,812 - rasterio._env - DEBUG - Stopped GDALEnv <rasterio._env.GDALEnv object at 0x7f5763e93790>.
2023-12-22 20:43:05,812 - rasterio.env - DEBUG - No GDAL environment exists
2023-12-22 20:43:05,812 - rasterio.env - DEBUG - New GDAL environment <rasterio._env.GDALEnv object at 0x7f5763e93790> created
2023-12-22 20:43:05,813 - rasterio._env - DEBUG - GDAL data found in package: path='/home/metpublic/PYTHON_VENV/present_weather/lib/python3.10/site-packages/rasterio/gdal_data'.
2023-12-22 20:43:05,813 - rasterio._env - DEBUG - PROJ data found in package: path='/home/metpublic/PYTHON_VENV/present_weather/lib/python3.10/site-packages/rasterio/proj_data'.
2023-12-22 20:43:05,813 - rasterio._env - DEBUG - Started GDALEnv: self=<rasterio._env.GDALEnv object at 0x7f5763e93790>.
2023-12-22 20:43:05,813 - rasterio.env - DEBUG - Exited env context: <rasterio.env.Env object at 0x7f576040b670>
2023-12-22 20:43:05,830 - rasterio._io - DEBUG - Output nodata value read from file: nan
2023-12-22 20:43:05,830 - rasterio._io - DEBUG - Output nodata values: [nan]
2023-12-22 20:43:05,830 - rasterio._io - DEBUG - all_valid: False
2023-12-22 20:43:05,830 - rasterio._io - DEBUG - mask_flags: ([<MaskFlags.nodata: 8>],)
2023-12-22 20:43:05,831 - rasterio._io - DEBUG - Jump straight to _read()
2023-12-22 20:43:05,831 - rasterio._io - DEBUG - Window: Window(col_off=0, row_off=0, width=10176, height=3732)
2023-12-22 20:43:05,831 - rasterio._io - DEBUG - IO window xoff=0.0 yoff=0.0 width=10176.0 height=3732.0
2023-12-22 20:43:06,430 - rasterio.env - DEBUG - Exiting env context: <rasterio.env.Env object at 0x7f576350d8a0>
2023-12-22 20:43:06,431 - rasterio.env - DEBUG - Cleared existing <rasterio._env.GDALEnv object at 0x7f5763e93790> options
2023-12-22 20:43:06,431 - rasterio._env - DEBUG - Stopped GDALEnv <rasterio._env.GDALEnv object at 0x7f5763e93790>.
2023-12-22 20:43:06,431 - rasterio.env - DEBUG - Exiting outermost env
2023-12-22 20:43:06,431 - rasterio.env - DEBUG - Exited env context: <rasterio.env.Env object at 0x7f576350d8a0>
2023-12-22 20:47:09,041 - rasterio.env - DEBUG - Entering env context: <rasterio.env.Env object at 0x7f57602850c0>
2023-12-22 20:47:09,041 - rasterio.env - DEBUG - Starting outermost env
2023-12-22 20:47:09,041 - rasterio.env - DEBUG - No GDAL environment exists
2023-12-22 20:47:09,041 - rasterio.env - DEBUG - New GDAL environment <rasterio._env.GDALEnv object at 0x7f5760284100> created
2023-12-22 20:47:09,042 - rasterio._env - DEBUG - GDAL data found in package: path='/home/metpublic/PYTHON_VENV/present_weather/lib/python3.10/site-packages/rasterio/gdal_data'.
2023-12-22 20:47:09,043 - rasterio._env - DEBUG - PROJ data found in package: path='/home/metpublic/PYTHON_VENV/present_weather/lib/python3.10/site-packages/rasterio/proj_data'.
2023-12-22 20:47:09,043 - rasterio._env - DEBUG - Started GDALEnv: self=<rasterio._env.GDALEnv object at 0x7f5760284100>.
2023-12-22 20:47:09,043 - rasterio.env - DEBUG - Entered env context: <rasterio.env.Env object at 0x7f57602850c0>
2023-12-22 20:47:09,043 - rasterio._base - DEBUG - Sharing flag: 0
2023-12-22 20:47:09,045 - rasterio._base - DEBUG - Nodata success: 0, Nodata value: 0.000000
2023-12-22 20:47:09,045 - rasterio._base - DEBUG - Dataset <open DatasetReader name='/home/metpublic/TASK_RELEASE/EFAN/present_weather/src/H09_B13_Indonesia_20231222.Z2020.cor.tiff' mode='r'> is started.
2023-12-22 20:47:09,045 - rasterio.env - DEBUG - Exiting env context: <rasterio.env.Env object at 0x7f57602850c0>
2023-12-22 20:47:09,046 - rasterio.env - DEBUG - Cleared existing <rasterio._env.GDALEnv object at 0x7f5760284100> options
2023-12-22 20:47:09,046 - rasterio._env - DEBUG - Stopped GDALEnv <rasterio._env.GDALEnv object at 0x7f5760284100>.
2023-12-22 20:47:09,046 - rasterio.env - DEBUG - Exiting outermost env
2023-12-22 20:47:09,046 - rasterio.env - DEBUG - Exited env context: <rasterio.env.Env object at 0x7f57602850c0>
2023-12-22 20:47:09,046 - rasterio.env - DEBUG - Entering env context: <rasterio.env.Env object at 0x7f57602855d0>
2023-12-22 20:47:09,046 - rasterio.env - DEBUG - Starting outermost env
2023-12-22 20:47:09,046 - rasterio.env - DEBUG - No GDAL environment exists
2023-12-22 20:47:09,046 - rasterio.env - DEBUG - New GDAL environment <rasterio._env.GDALEnv object at 0x7f57602853f0> created
2023-12-22 20:47:09,047 - rasterio._env - DEBUG - GDAL data found in package: path='/home/metpublic/PYTHON_VENV/present_weather/lib/python3.10/site-packages/rasterio/gdal_data'.
2023-12-22 20:47:09,047 - rasterio._env - DEBUG - PROJ data found in package: path='/home/metpublic/PYTHON_VENV/present_weather/lib/python3.10/site-packages/rasterio/proj_data'.
2023-12-22 20:47:09,047 - rasterio._env - DEBUG - Started GDALEnv: self=<rasterio._env.GDALEnv object at 0x7f57602853f0>.
2023-12-22 20:47:09,047 - rasterio.env - DEBUG - Entered env context: <rasterio.env.Env object at 0x7f57602855d0>
2023-12-22 20:47:09,047 - rasterio._base - DEBUG - Sharing flag: 0
2023-12-22 20:47:09,048 - rasterio._base - DEBUG - Nodata success: 0, Nodata value: 0.000000
2023-12-22 20:47:09,048 - rasterio._base - DEBUG - Dataset <open DatasetReader name='/home/metpublic/TASK_RELEASE/EFAN/present_weather/src/H09_B13_Indonesia_20231222.Z2020.cor.tiff' mode='r'> is started.
2023-12-22 20:47:09,048 - rasterio.env - DEBUG - Exiting env context: <rasterio.env.Env object at 0x7f57602855d0>
2023-12-22 20:47:09,048 - rasterio.env - DEBUG - Cleared existing <rasterio._env.GDALEnv object at 0x7f57602853f0> options
2023-12-22 20:47:09,049 - rasterio._env - DEBUG - Stopped GDALEnv <rasterio._env.GDALEnv object at 0x7f57602853f0>.
2023-12-22 20:47:09,049 - rasterio.env - DEBUG - Exiting outermost env
2023-12-22 20:47:09,049 - rasterio.env - DEBUG - Exited env context: <rasterio.env.Env object at 0x7f57602855d0>
2023-12-22 20:47:09,060 - root - INFO - Generating present weather using SATELITE data
2023-12-22 20:48:37,531 - root - INFO - Total elapsed time: 0:05:33.927403
