2023-11-22 17:43:03,625 - root - INFO - Initiating present weather
2023-11-22 17:43:03,627 - asyncio - DEBUG - Using selector: EpollSelector
2023-11-22 17:43:06,955 - urllib3.connectionpool - DEBUG - Starting new HTTPS connection (1): radar.bmkg.go.id:8060
2023-11-22 17:43:07,032 - urllib3.connectionpool - DEBUG - https://radar.bmkg.go.id:8060 "GET /getRadarGeotif?token=19387e71e78522ae4172ec0fda640983b8438c9cfa0ca571623cb69d8327&radar=amandemenForecast&type=latest HTTP/1.1" 200 90
2023-11-22 17:43:07,034 - rasterio.env - DEBUG - Entering env context: <rasterio.env.Env object at 0x7fcfb56c68a0>
2023-11-22 17:43:07,035 - rasterio.env - DEBUG - Starting outermost env
2023-11-22 17:43:07,036 - rasterio.env - DEBUG - No GDAL environment exists
2023-11-22 17:43:07,036 - rasterio.env - DEBUG - New GDAL environment <rasterio._env.GDALEnv object at 0x7fcfb56c6170> created
2023-11-22 17:43:07,040 - rasterio._filepath - DEBUG - Installing FilePath filesystem handler plugin...
2023-11-22 17:43:07,040 - rasterio._env - DEBUG - GDAL data found in package: path='/home/swx/miniconda3/envs/present_weather/lib/python3.12/site-packages/rasterio/gdal_data'.
2023-11-22 17:43:07,041 - rasterio._env - DEBUG - PROJ_LIB found in environment.
2023-11-22 17:43:07,041 - rasterio._env - DEBUG - Started GDALEnv: self=<rasterio._env.GDALEnv object at 0x7fcfb56c6170>.
2023-11-22 17:43:07,041 - rasterio.env - DEBUG - Entered env context: <rasterio.env.Env object at 0x7fcfb56c68a0>
2023-11-22 17:43:07,041 - rasterio._base - DEBUG - Sharing flag: 0
2023-11-22 17:43:07,240 - rasterio._base - DEBUG - Nodata success: 1, Nodata value: nan
2023-11-22 17:43:07,240 - rasterio._base - DEBUG - Dataset <open DatasetReader name='https://radar.bmkg.go.id/raster/radarsatelit_202311221740.tif' mode='r'> is started.
2023-11-22 17:43:07,241 - rasterio.env - DEBUG - Exiting env context: <rasterio.env.Env object at 0x7fcfb56c68a0>
2023-11-22 17:43:07,241 - rasterio.env - DEBUG - Cleared existing <rasterio._env.GDALEnv object at 0x7fcfb56c6170> options
2023-11-22 17:43:07,241 - rasterio._env - DEBUG - Stopped GDALEnv <rasterio._env.GDALEnv object at 0x7fcfb56c6170>.
2023-11-22 17:43:07,241 - rasterio.env - DEBUG - Exiting outermost env
2023-11-22 17:43:07,241 - rasterio.env - DEBUG - Exited env context: <rasterio.env.Env object at 0x7fcfb56c68a0>
2023-11-22 17:43:07,241 - rasterio.env - DEBUG - Entering env context: <rasterio.env.Env object at 0x7fcfb5608c20>
2023-11-22 17:43:07,242 - rasterio.env - DEBUG - Starting outermost env
2023-11-22 17:43:07,243 - rasterio.env - DEBUG - No GDAL environment exists
2023-11-22 17:43:07,243 - rasterio.env - DEBUG - New GDAL environment <rasterio._env.GDALEnv object at 0x7fcfb56c6170> created
2023-11-22 17:43:07,244 - rasterio._env - DEBUG - GDAL data found in package: path='/home/swx/miniconda3/envs/present_weather/lib/python3.12/site-packages/rasterio/gdal_data'.
2023-11-22 17:43:07,244 - rasterio._env - DEBUG - PROJ_LIB found in environment.
2023-11-22 17:43:07,244 - rasterio._env - DEBUG - Started GDALEnv: self=<rasterio._env.GDALEnv object at 0x7fcfb56c6170>.
2023-11-22 17:43:07,244 - rasterio.env - DEBUG - Entered env context: <rasterio.env.Env object at 0x7fcfb5608c20>
2023-11-22 17:43:07,245 - rasterio.env - DEBUG - Got a copy of environment <rasterio._env.GDALEnv object at 0x7fcfb56c6170> options
2023-11-22 17:43:07,245 - rasterio.env - DEBUG - Entering env context: <rasterio.env.Env object at 0x7fcfb411aed0>
2023-11-22 17:43:07,245 - rasterio.env - DEBUG - Got a copy of environment <rasterio._env.GDALEnv object at 0x7fcfb56c6170> options
2023-11-22 17:43:07,246 - rasterio.env - DEBUG - Entered env context: <rasterio.env.Env object at 0x7fcfb411aed0>
2023-11-22 17:43:07,246 - rasterio._base - DEBUG - Sharing flag: 0
2023-11-22 17:43:07,247 - rasterio._base - DEBUG - Nodata success: 1, Nodata value: nan
2023-11-22 17:43:07,247 - rasterio._base - DEBUG - Dataset <open DatasetReader name='https://radar.bmkg.go.id/raster/radarsatelit_202311221740.tif' mode='r'> is started.
2023-11-22 17:43:07,247 - rasterio.env - DEBUG - Exiting env context: <rasterio.env.Env object at 0x7fcfb411aed0>
2023-11-22 17:43:07,248 - rasterio.env - DEBUG - Cleared existing <rasterio._env.GDALEnv object at 0x7fcfb56c6170> options
2023-11-22 17:43:07,248 - rasterio._env - DEBUG - Stopped GDALEnv <rasterio._env.GDALEnv object at 0x7fcfb56c6170>.
2023-11-22 17:43:07,248 - rasterio.env - DEBUG - No GDAL environment exists
2023-11-22 17:43:07,248 - rasterio.env - DEBUG - New GDAL environment <rasterio._env.GDALEnv object at 0x7fcfb56c6170> created
2023-11-22 17:43:07,248 - rasterio._env - DEBUG - GDAL data found in package: path='/home/swx/miniconda3/envs/present_weather/lib/python3.12/site-packages/rasterio/gdal_data'.
2023-11-22 17:43:07,249 - rasterio._env - DEBUG - PROJ_LIB found in environment.
2023-11-22 17:43:07,249 - rasterio._env - DEBUG - Started GDALEnv: self=<rasterio._env.GDALEnv object at 0x7fcfb56c6170>.
2023-11-22 17:43:07,249 - rasterio.env - DEBUG - Exited env context: <rasterio.env.Env object at 0x7fcfb411aed0>
2023-11-22 17:43:07,276 - rasterio._io - DEBUG - Output nodata value read from file: nan
2023-11-22 17:43:07,277 - rasterio._io - DEBUG - Output nodata values: [nan]
2023-11-22 17:43:07,277 - rasterio._io - DEBUG - all_valid: False
2023-11-22 17:43:07,277 - rasterio._io - DEBUG - mask_flags: ([<MaskFlags.nodata: 8>],)
2023-11-22 17:43:07,278 - rasterio._io - DEBUG - Jump straight to _read()
2023-11-22 17:43:07,278 - rasterio._io - DEBUG - Window: Window(col_off=0, row_off=0, width=10215, height=3792)
2023-11-22 17:43:07,278 - rasterio._io - DEBUG - IO window xoff=0.0 yoff=0.0 width=10215.0 height=3792.0
2023-11-22 17:43:08,055 - rasterio.env - DEBUG - Exiting env context: <rasterio.env.Env object at 0x7fcfb5608c20>
2023-11-22 17:43:08,056 - rasterio.env - DEBUG - Cleared existing <rasterio._env.GDALEnv object at 0x7fcfb56c6170> options
2023-11-22 17:43:08,056 - rasterio._env - DEBUG - Stopped GDALEnv <rasterio._env.GDALEnv object at 0x7fcfb56c6170>.
2023-11-22 17:43:08,056 - rasterio.env - DEBUG - Exiting outermost env
2023-11-22 17:43:08,056 - rasterio.env - DEBUG - Exited env context: <rasterio.env.Env object at 0x7fcfb5608c20>
2023-11-22 17:43:08,058 - urllib3.connectionpool - DEBUG - Starting new HTTPS connection (1): radar.bmkg.go.id:8060
2023-11-22 17:43:08,174 - urllib3.connectionpool - DEBUG - https://radar.bmkg.go.id:8060 "GET /getLatestLD?typeData=1 HTTP/1.1" 200 244857
2023-11-22 17:43:11,605 - root - INFO - dask.bag<lambda, npartitions=34>
2023-11-22 17:58:19,941 - root - INFO - Total elapsed time: 0:15:16.317705
