2023-11-18 00:40:03,955 - root - INFO - Initiating present weather
2023-11-18 00:40:03,966 - urllib3.connectionpool - DEBUG - Starting new HTTPS connection (1): radar.bmkg.go.id:8060
2023-11-18 00:40:09,051 - urllib3.connectionpool - DEBUG - https://radar.bmkg.go.id:8060 "GET /getRadarGeotif?token=19387e71e78522ae4172ec0fda640983b8438c9cfa0ca571623cb69d8327&radar=amandemenForecast&type=latest HTTP/1.1" 200 90
2023-11-18 00:40:09,055 - rasterio.env - DEBUG - Entering env context: <rasterio.env.Env object at 0x7fb28de343b0>
2023-11-18 00:40:09,056 - rasterio.env - DEBUG - Starting outermost env
2023-11-18 00:40:09,056 - rasterio.env - DEBUG - No GDAL environment exists
2023-11-18 00:40:09,057 - rasterio.env - DEBUG - New GDAL environment <rasterio._env.GDALEnv object at 0x7fb2e83642e0> created
2023-11-18 00:40:09,061 - rasterio._filepath - DEBUG - Installing FilePath filesystem handler plugin...
2023-11-18 00:40:09,061 - rasterio._env - DEBUG - GDAL data found in package: path='/home/swx/miniconda3/envs/present_weather/lib/python3.12/site-packages/rasterio/gdal_data'.
2023-11-18 00:40:09,062 - rasterio._env - DEBUG - PROJ_LIB found in environment.
2023-11-18 00:40:09,062 - rasterio._env - DEBUG - Started GDALEnv: self=<rasterio._env.GDALEnv object at 0x7fb2e83642e0>.
2023-11-18 00:40:09,062 - rasterio.env - DEBUG - Entered env context: <rasterio.env.Env object at 0x7fb28de343b0>
2023-11-18 00:40:09,062 - rasterio._base - DEBUG - Sharing flag: 0
2023-11-18 00:40:09,256 - rasterio._base - DEBUG - Nodata success: 1, Nodata value: nan
2023-11-18 00:40:09,256 - rasterio._base - DEBUG - Dataset <open DatasetReader name='https://radar.bmkg.go.id/raster/radarsatelit_202311180030.tif' mode='r'> is started.
2023-11-18 00:40:09,257 - rasterio.env - DEBUG - Exiting env context: <rasterio.env.Env object at 0x7fb28de343b0>
2023-11-18 00:40:09,257 - rasterio.env - DEBUG - Cleared existing <rasterio._env.GDALEnv object at 0x7fb2e83642e0> options
2023-11-18 00:40:09,257 - rasterio._env - DEBUG - Stopped GDALEnv <rasterio._env.GDALEnv object at 0x7fb2e83642e0>.
2023-11-18 00:40:09,257 - rasterio.env - DEBUG - Exiting outermost env
2023-11-18 00:40:09,257 - rasterio.env - DEBUG - Exited env context: <rasterio.env.Env object at 0x7fb28de343b0>
2023-11-18 00:40:09,258 - rasterio.env - DEBUG - Entering env context: <rasterio.env.Env object at 0x7fb2f92c7860>
2023-11-18 00:40:09,258 - rasterio.env - DEBUG - Starting outermost env
2023-11-18 00:40:09,258 - rasterio.env - DEBUG - No GDAL environment exists
2023-11-18 00:40:09,258 - rasterio.env - DEBUG - New GDAL environment <rasterio._env.GDALEnv object at 0x7fb28fcc3eb0> created
2023-11-18 00:40:09,258 - rasterio._env - DEBUG - GDAL data found in package: path='/home/swx/miniconda3/envs/present_weather/lib/python3.12/site-packages/rasterio/gdal_data'.
2023-11-18 00:40:09,259 - rasterio._env - DEBUG - PROJ_LIB found in environment.
2023-11-18 00:40:09,259 - rasterio._env - DEBUG - Started GDALEnv: self=<rasterio._env.GDALEnv object at 0x7fb28fcc3eb0>.
2023-11-18 00:40:09,259 - rasterio.env - DEBUG - Entered env context: <rasterio.env.Env object at 0x7fb2f92c7860>
2023-11-18 00:40:09,260 - rasterio.env - DEBUG - Got a copy of environment <rasterio._env.GDALEnv object at 0x7fb28fcc3eb0> options
2023-11-18 00:40:09,260 - rasterio.env - DEBUG - Entering env context: <rasterio.env.Env object at 0x7fb28e058d10>
2023-11-18 00:40:09,260 - rasterio.env - DEBUG - Got a copy of environment <rasterio._env.GDALEnv object at 0x7fb28fcc3eb0> options
2023-11-18 00:40:09,260 - rasterio.env - DEBUG - Entered env context: <rasterio.env.Env object at 0x7fb28e058d10>
2023-11-18 00:40:09,260 - rasterio._base - DEBUG - Sharing flag: 0
2023-11-18 00:40:09,261 - rasterio._base - DEBUG - Nodata success: 1, Nodata value: nan
2023-11-18 00:40:09,261 - rasterio._base - DEBUG - Dataset <open DatasetReader name='https://radar.bmkg.go.id/raster/radarsatelit_202311180030.tif' mode='r'> is started.
2023-11-18 00:40:09,262 - rasterio.env - DEBUG - Exiting env context: <rasterio.env.Env object at 0x7fb28e058d10>
2023-11-18 00:40:09,262 - rasterio.env - DEBUG - Cleared existing <rasterio._env.GDALEnv object at 0x7fb28fcc3eb0> options
2023-11-18 00:40:09,262 - rasterio._env - DEBUG - Stopped GDALEnv <rasterio._env.GDALEnv object at 0x7fb28fcc3eb0>.
2023-11-18 00:40:09,262 - rasterio.env - DEBUG - No GDAL environment exists
2023-11-18 00:40:09,262 - rasterio.env - DEBUG - New GDAL environment <rasterio._env.GDALEnv object at 0x7fb28fcc3eb0> created
2023-11-18 00:40:09,262 - rasterio._env - DEBUG - GDAL data found in package: path='/home/swx/miniconda3/envs/present_weather/lib/python3.12/site-packages/rasterio/gdal_data'.
2023-11-18 00:40:09,262 - rasterio._env - DEBUG - PROJ_LIB found in environment.
2023-11-18 00:40:09,263 - rasterio._env - DEBUG - Started GDALEnv: self=<rasterio._env.GDALEnv object at 0x7fb28fcc3eb0>.
2023-11-18 00:40:09,263 - rasterio.env - DEBUG - Exited env context: <rasterio.env.Env object at 0x7fb28e058d10>
2023-11-18 00:40:09,295 - rasterio._io - DEBUG - Output nodata value read from file: nan
2023-11-18 00:40:09,295 - rasterio._io - DEBUG - Output nodata values: [nan]
2023-11-18 00:40:09,295 - rasterio._io - DEBUG - all_valid: False
2023-11-18 00:40:09,295 - rasterio._io - DEBUG - mask_flags: ([<MaskFlags.nodata: 8>],)
2023-11-18 00:40:09,296 - rasterio._io - DEBUG - Jump straight to _read()
2023-11-18 00:40:09,296 - rasterio._io - DEBUG - Window: Window(col_off=0, row_off=0, width=10215, height=3792)
2023-11-18 00:40:09,296 - rasterio._io - DEBUG - IO window xoff=0.0 yoff=0.0 width=10215.0 height=3792.0
2023-11-18 00:40:09,955 - rasterio.env - DEBUG - Exiting env context: <rasterio.env.Env object at 0x7fb2f92c7860>
2023-11-18 00:40:09,955 - rasterio.env - DEBUG - Cleared existing <rasterio._env.GDALEnv object at 0x7fb28fcc3eb0> options
2023-11-18 00:40:09,955 - rasterio._env - DEBUG - Stopped GDALEnv <rasterio._env.GDALEnv object at 0x7fb28fcc3eb0>.
2023-11-18 00:40:09,955 - rasterio.env - DEBUG - Exiting outermost env
2023-11-18 00:40:09,955 - rasterio.env - DEBUG - Exited env context: <rasterio.env.Env object at 0x7fb2f92c7860>
2023-11-18 00:40:09,957 - urllib3.connectionpool - DEBUG - Starting new HTTPS connection (1): radar.bmkg.go.id:8060
2023-11-18 00:40:15,027 - urllib3.connectionpool - DEBUG - https://radar.bmkg.go.id:8060 "GET /getLatestLD?typeData=1 HTTP/1.1" 200 25184
2023-11-18 00:40:15,045 - asyncio - DEBUG - Using selector: EpollSelector
2023-11-18 00:40:21,767 - root - INFO - dask.bag<lambda, npartitions=34>
2023-11-18 00:55:36,523 - root - INFO - Total elapsed time: 0:15:32.567909
