2023-11-26 02:08:02,643 - root - INFO - Initiating present weather
2023-11-26 02:08:02,645 - asyncio - DEBUG - Using selector: EpollSelector
2023-11-26 02:08:04,219 - urllib3.connectionpool - DEBUG - Starting new HTTPS connection (1): radar.bmkg.go.id:8060
2023-11-26 02:08:04,240 - urllib3.connectionpool - DEBUG - https://radar.bmkg.go.id:8060 "GET /getRadarGeotif?token=19387e71e78522ae4172ec0fda640983b8438c9cfa0ca571623cb69d8327&radar=amandemenForecast&type=latest HTTP/1.1" 200 90
2023-11-26 02:08:04,241 - rasterio.env - DEBUG - Entering env context: <rasterio.env.Env object at 0x7fc70258f370>
2023-11-26 02:08:04,242 - rasterio.env - DEBUG - Starting outermost env
2023-11-26 02:08:04,242 - rasterio.env - DEBUG - No GDAL environment exists
2023-11-26 02:08:04,242 - rasterio.env - DEBUG - New GDAL environment <rasterio._env.GDALEnv object at 0x7fc70258f280> created
2023-11-26 02:08:04,245 - rasterio._filepath - DEBUG - Installing FilePath filesystem handler plugin...
2023-11-26 02:08:04,246 - rasterio._env - DEBUG - GDAL data found in package: path='/home/metpublic/PYTHON_VENV/present_weather/lib/python3.10/site-packages/rasterio/gdal_data'.
2023-11-26 02:08:04,246 - rasterio._env - DEBUG - PROJ data found in package: path='/home/metpublic/PYTHON_VENV/present_weather/lib/python3.10/site-packages/rasterio/proj_data'.
2023-11-26 02:08:04,246 - rasterio._env - DEBUG - Started GDALEnv: self=<rasterio._env.GDALEnv object at 0x7fc70258f280>.
2023-11-26 02:08:04,246 - rasterio.env - DEBUG - Entered env context: <rasterio.env.Env object at 0x7fc70258f370>
2023-11-26 02:08:04,246 - rasterio._base - DEBUG - Sharing flag: 0
2023-11-26 02:08:04,415 - rasterio._base - DEBUG - Nodata success: 1, Nodata value: nan
2023-11-26 02:08:04,415 - rasterio._base - DEBUG - Dataset <open DatasetReader name='https://radar.bmkg.go.id/raster/radarsatelit_202311260200.tif' mode='r'> is started.
2023-11-26 02:08:04,416 - rasterio.env - DEBUG - Exiting env context: <rasterio.env.Env object at 0x7fc70258f370>
2023-11-26 02:08:04,416 - rasterio.env - DEBUG - Cleared existing <rasterio._env.GDALEnv object at 0x7fc70258f280> options
2023-11-26 02:08:04,416 - rasterio._env - DEBUG - Stopped GDALEnv <rasterio._env.GDALEnv object at 0x7fc70258f280>.
2023-11-26 02:08:04,416 - rasterio.env - DEBUG - Exiting outermost env
2023-11-26 02:08:04,416 - rasterio.env - DEBUG - Exited env context: <rasterio.env.Env object at 0x7fc70258f370>
2023-11-26 02:08:04,416 - rasterio.env - DEBUG - Entering env context: <rasterio.env.Env object at 0x7fc702532bc0>
2023-11-26 02:08:04,416 - rasterio.env - DEBUG - Starting outermost env
2023-11-26 02:08:04,416 - rasterio.env - DEBUG - No GDAL environment exists
2023-11-26 02:08:04,416 - rasterio.env - DEBUG - New GDAL environment <rasterio._env.GDALEnv object at 0x7fc70258f280> created
2023-11-26 02:08:04,416 - rasterio._env - DEBUG - GDAL data found in package: path='/home/metpublic/PYTHON_VENV/present_weather/lib/python3.10/site-packages/rasterio/gdal_data'.
2023-11-26 02:08:04,417 - rasterio._env - DEBUG - PROJ data found in package: path='/home/metpublic/PYTHON_VENV/present_weather/lib/python3.10/site-packages/rasterio/proj_data'.
2023-11-26 02:08:04,417 - rasterio._env - DEBUG - Started GDALEnv: self=<rasterio._env.GDALEnv object at 0x7fc70258f280>.
2023-11-26 02:08:04,417 - rasterio.env - DEBUG - Entered env context: <rasterio.env.Env object at 0x7fc702532bc0>
2023-11-26 02:08:04,417 - rasterio.env - DEBUG - Got a copy of environment <rasterio._env.GDALEnv object at 0x7fc70258f280> options
2023-11-26 02:08:04,417 - rasterio.env - DEBUG - Entering env context: <rasterio.env.Env object at 0x7fc700354070>
2023-11-26 02:08:04,417 - rasterio.env - DEBUG - Got a copy of environment <rasterio._env.GDALEnv object at 0x7fc70258f280> options
2023-11-26 02:08:04,417 - rasterio.env - DEBUG - Entered env context: <rasterio.env.Env object at 0x7fc700354070>
2023-11-26 02:08:04,417 - rasterio._base - DEBUG - Sharing flag: 0
2023-11-26 02:08:04,418 - rasterio._base - DEBUG - Nodata success: 1, Nodata value: nan
2023-11-26 02:08:04,418 - rasterio._base - DEBUG - Dataset <open DatasetReader name='https://radar.bmkg.go.id/raster/radarsatelit_202311260200.tif' mode='r'> is started.
2023-11-26 02:08:04,418 - rasterio.env - DEBUG - Exiting env context: <rasterio.env.Env object at 0x7fc700354070>
2023-11-26 02:08:04,419 - rasterio.env - DEBUG - Cleared existing <rasterio._env.GDALEnv object at 0x7fc70258f280> options
2023-11-26 02:08:04,419 - rasterio._env - DEBUG - Stopped GDALEnv <rasterio._env.GDALEnv object at 0x7fc70258f280>.
2023-11-26 02:08:04,419 - rasterio.env - DEBUG - No GDAL environment exists
2023-11-26 02:08:04,419 - rasterio.env - DEBUG - New GDAL environment <rasterio._env.GDALEnv object at 0x7fc70258f280> created
2023-11-26 02:08:04,419 - rasterio._env - DEBUG - GDAL data found in package: path='/home/metpublic/PYTHON_VENV/present_weather/lib/python3.10/site-packages/rasterio/gdal_data'.
2023-11-26 02:08:04,419 - rasterio._env - DEBUG - PROJ data found in package: path='/home/metpublic/PYTHON_VENV/present_weather/lib/python3.10/site-packages/rasterio/proj_data'.
2023-11-26 02:08:04,419 - rasterio._env - DEBUG - Started GDALEnv: self=<rasterio._env.GDALEnv object at 0x7fc70258f280>.
2023-11-26 02:08:04,419 - rasterio.env - DEBUG - Exited env context: <rasterio.env.Env object at 0x7fc700354070>
2023-11-26 02:08:04,435 - rasterio._io - DEBUG - Output nodata value read from file: nan
2023-11-26 02:08:04,436 - rasterio._io - DEBUG - Output nodata values: [nan]
2023-11-26 02:08:04,436 - rasterio._io - DEBUG - all_valid: False
2023-11-26 02:08:04,436 - rasterio._io - DEBUG - mask_flags: ([<MaskFlags.nodata: 8>],)
2023-11-26 02:08:04,436 - rasterio._io - DEBUG - Jump straight to _read()
2023-11-26 02:08:04,436 - rasterio._io - DEBUG - Window: Window(col_off=0, row_off=0, width=10215, height=3792)
2023-11-26 02:08:04,437 - rasterio._io - DEBUG - IO window xoff=0.0 yoff=0.0 width=10215.0 height=3792.0
2023-11-26 02:08:04,963 - rasterio.env - DEBUG - Exiting env context: <rasterio.env.Env object at 0x7fc702532bc0>
2023-11-26 02:08:04,964 - rasterio.env - DEBUG - Cleared existing <rasterio._env.GDALEnv object at 0x7fc70258f280> options
2023-11-26 02:08:04,964 - rasterio._env - DEBUG - Stopped GDALEnv <rasterio._env.GDALEnv object at 0x7fc70258f280>.
2023-11-26 02:08:04,964 - rasterio.env - DEBUG - Exiting outermost env
2023-11-26 02:08:04,964 - rasterio.env - DEBUG - Exited env context: <rasterio.env.Env object at 0x7fc702532bc0>
2023-11-26 02:08:04,965 - urllib3.connectionpool - DEBUG - Starting new HTTPS connection (1): radar.bmkg.go.id:8060
2023-11-26 02:08:04,978 - urllib3.connectionpool - DEBUG - https://radar.bmkg.go.id:8060 "GET /getLatestLD?typeData=1 HTTP/1.1" 200 108
2023-11-26 02:08:04,980 - root - INFO - Generating present weather using RADAR data
2023-11-26 02:08:08,874 - root - INFO - dask.bag<lambda, npartitions=20>
2023-11-26 02:08:10,872 - root - INFO - Total elapsed time: 0:00:08.229571
