2023-12-05 23:43:02,723 - root - INFO - Initiating present weather
2023-12-05 23:43:02,725 - asyncio - DEBUG - Using selector: EpollSelector
2023-12-05 23:43:04,217 - urllib3.connectionpool - DEBUG - Starting new HTTPS connection (1): radar.bmkg.go.id:8060
2023-12-05 23:43:04,234 - urllib3.connectionpool - DEBUG - https://radar.bmkg.go.id:8060 "GET /getLatestLD?typeData=1 HTTP/1.1" 200 62
2023-12-05 23:43:04,236 - urllib3.connectionpool - DEBUG - Starting new HTTPS connection (1): radar.bmkg.go.id:8060
2023-12-05 23:43:04,260 - urllib3.connectionpool - DEBUG - https://radar.bmkg.go.id:8060 "GET /getRadarGeotif?token=19387e71e78522ae4172ec0fda640983b8438c9cfa0ca571623cb69d8327&radar=amandemenForecast&type=latest HTTP/1.1" 200 90
2023-12-05 23:43:04,261 - rasterio.env - DEBUG - Entering env context: <rasterio.env.Env object at 0x7fd94f592d70>
2023-12-05 23:43:04,261 - rasterio.env - DEBUG - Starting outermost env
2023-12-05 23:43:04,261 - rasterio.env - DEBUG - No GDAL environment exists
2023-12-05 23:43:04,261 - rasterio.env - DEBUG - New GDAL environment <rasterio._env.GDALEnv object at 0x7fd94f592c80> created
2023-12-05 23:43:04,264 - rasterio._filepath - DEBUG - Installing FilePath filesystem handler plugin...
2023-12-05 23:43:04,264 - rasterio._env - DEBUG - GDAL data found in package: path='/home/metpublic/PYTHON_VENV/present_weather/lib/python3.10/site-packages/rasterio/gdal_data'.
2023-12-05 23:43:04,264 - rasterio._env - DEBUG - PROJ data found in package: path='/home/metpublic/PYTHON_VENV/present_weather/lib/python3.10/site-packages/rasterio/proj_data'.
2023-12-05 23:43:04,264 - rasterio._env - DEBUG - Started GDALEnv: self=<rasterio._env.GDALEnv object at 0x7fd94f592c80>.
2023-12-05 23:43:04,265 - rasterio.env - DEBUG - Entered env context: <rasterio.env.Env object at 0x7fd94f592d70>
2023-12-05 23:43:04,265 - rasterio._base - DEBUG - Sharing flag: 0
2023-12-05 23:43:04,497 - rasterio._base - DEBUG - Nodata success: 1, Nodata value: nan
2023-12-05 23:43:04,498 - rasterio._base - DEBUG - Dataset <open DatasetReader name='https://radar.bmkg.go.id/raster/radarsatelit_202312052340.tif' mode='r'> is started.
2023-12-05 23:43:04,498 - rasterio.env - DEBUG - Exiting env context: <rasterio.env.Env object at 0x7fd94f592d70>
2023-12-05 23:43:04,498 - rasterio.env - DEBUG - Cleared existing <rasterio._env.GDALEnv object at 0x7fd94f592c80> options
2023-12-05 23:43:04,498 - rasterio._env - DEBUG - Stopped GDALEnv <rasterio._env.GDALEnv object at 0x7fd94f592c80>.
2023-12-05 23:43:04,498 - rasterio.env - DEBUG - Exiting outermost env
2023-12-05 23:43:04,498 - rasterio.env - DEBUG - Exited env context: <rasterio.env.Env object at 0x7fd94f592d70>
2023-12-05 23:43:04,498 - rasterio.env - DEBUG - Entering env context: <rasterio.env.Env object at 0x7fd94ec20af0>
2023-12-05 23:43:04,498 - rasterio.env - DEBUG - Starting outermost env
2023-12-05 23:43:04,499 - rasterio.env - DEBUG - No GDAL environment exists
2023-12-05 23:43:04,499 - rasterio.env - DEBUG - New GDAL environment <rasterio._env.GDALEnv object at 0x7fd94f592c80> created
2023-12-05 23:43:04,499 - rasterio._env - DEBUG - GDAL data found in package: path='/home/metpublic/PYTHON_VENV/present_weather/lib/python3.10/site-packages/rasterio/gdal_data'.
2023-12-05 23:43:04,499 - rasterio._env - DEBUG - PROJ data found in package: path='/home/metpublic/PYTHON_VENV/present_weather/lib/python3.10/site-packages/rasterio/proj_data'.
2023-12-05 23:43:04,499 - rasterio._env - DEBUG - Started GDALEnv: self=<rasterio._env.GDALEnv object at 0x7fd94f592c80>.
2023-12-05 23:43:04,499 - rasterio.env - DEBUG - Entered env context: <rasterio.env.Env object at 0x7fd94ec20af0>
2023-12-05 23:43:04,500 - rasterio.env - DEBUG - Got a copy of environment <rasterio._env.GDALEnv object at 0x7fd94f592c80> options
2023-12-05 23:43:04,500 - rasterio.env - DEBUG - Entering env context: <rasterio.env.Env object at 0x7fd94c32a140>
2023-12-05 23:43:04,500 - rasterio.env - DEBUG - Got a copy of environment <rasterio._env.GDALEnv object at 0x7fd94f592c80> options
2023-12-05 23:43:04,500 - rasterio.env - DEBUG - Entered env context: <rasterio.env.Env object at 0x7fd94c32a140>
2023-12-05 23:43:04,500 - rasterio._base - DEBUG - Sharing flag: 0
2023-12-05 23:43:04,501 - rasterio._base - DEBUG - Nodata success: 1, Nodata value: nan
2023-12-05 23:43:04,501 - rasterio._base - DEBUG - Dataset <open DatasetReader name='https://radar.bmkg.go.id/raster/radarsatelit_202312052340.tif' mode='r'> is started.
2023-12-05 23:43:04,501 - rasterio.env - DEBUG - Exiting env context: <rasterio.env.Env object at 0x7fd94c32a140>
2023-12-05 23:43:04,501 - rasterio.env - DEBUG - Cleared existing <rasterio._env.GDALEnv object at 0x7fd94f592c80> options
2023-12-05 23:43:04,501 - rasterio._env - DEBUG - Stopped GDALEnv <rasterio._env.GDALEnv object at 0x7fd94f592c80>.
2023-12-05 23:43:04,502 - rasterio.env - DEBUG - No GDAL environment exists
2023-12-05 23:43:04,502 - rasterio.env - DEBUG - New GDAL environment <rasterio._env.GDALEnv object at 0x7fd94f592c80> created
2023-12-05 23:43:04,502 - rasterio._env - DEBUG - GDAL data found in package: path='/home/metpublic/PYTHON_VENV/present_weather/lib/python3.10/site-packages/rasterio/gdal_data'.
2023-12-05 23:43:04,502 - rasterio._env - DEBUG - PROJ data found in package: path='/home/metpublic/PYTHON_VENV/present_weather/lib/python3.10/site-packages/rasterio/proj_data'.
2023-12-05 23:43:04,502 - rasterio._env - DEBUG - Started GDALEnv: self=<rasterio._env.GDALEnv object at 0x7fd94f592c80>.
2023-12-05 23:43:04,502 - rasterio.env - DEBUG - Exited env context: <rasterio.env.Env object at 0x7fd94c32a140>
2023-12-05 23:43:04,520 - rasterio._io - DEBUG - Output nodata value read from file: nan
2023-12-05 23:43:04,520 - rasterio._io - DEBUG - Output nodata values: [nan]
2023-12-05 23:43:04,521 - rasterio._io - DEBUG - all_valid: False
2023-12-05 23:43:04,521 - rasterio._io - DEBUG - mask_flags: ([<MaskFlags.nodata: 8>],)
2023-12-05 23:43:04,521 - rasterio._io - DEBUG - Jump straight to _read()
2023-12-05 23:43:04,521 - rasterio._io - DEBUG - Window: Window(col_off=0, row_off=0, width=10177, height=3732)
2023-12-05 23:43:04,522 - rasterio._io - DEBUG - IO window xoff=0.0 yoff=0.0 width=10177.0 height=3732.0
2023-12-05 23:43:05,055 - rasterio.env - DEBUG - Exiting env context: <rasterio.env.Env object at 0x7fd94ec20af0>
2023-12-05 23:43:05,055 - rasterio.env - DEBUG - Cleared existing <rasterio._env.GDALEnv object at 0x7fd94f592c80> options
2023-12-05 23:43:05,056 - rasterio._env - DEBUG - Stopped GDALEnv <rasterio._env.GDALEnv object at 0x7fd94f592c80>.
2023-12-05 23:43:05,056 - rasterio.env - DEBUG - Exiting outermost env
2023-12-05 23:43:05,056 - rasterio.env - DEBUG - Exited env context: <rasterio.env.Env object at 0x7fd94ec20af0>
2023-12-05 23:47:04,019 - rasterio.env - DEBUG - Entering env context: <rasterio.env.Env object at 0x7fd94c18f4f0>
2023-12-05 23:47:04,019 - rasterio.env - DEBUG - Starting outermost env
2023-12-05 23:47:04,019 - rasterio.env - DEBUG - No GDAL environment exists
2023-12-05 23:47:04,019 - rasterio.env - DEBUG - New GDAL environment <rasterio._env.GDALEnv object at 0x7fd94c18d570> created
2023-12-05 23:47:04,020 - rasterio._env - DEBUG - GDAL data found in package: path='/home/metpublic/PYTHON_VENV/present_weather/lib/python3.10/site-packages/rasterio/gdal_data'.
2023-12-05 23:47:04,020 - rasterio._env - DEBUG - PROJ data found in package: path='/home/metpublic/PYTHON_VENV/present_weather/lib/python3.10/site-packages/rasterio/proj_data'.
2023-12-05 23:47:04,020 - rasterio._env - DEBUG - Started GDALEnv: self=<rasterio._env.GDALEnv object at 0x7fd94c18d570>.
2023-12-05 23:47:04,021 - rasterio.env - DEBUG - Entered env context: <rasterio.env.Env object at 0x7fd94c18f4f0>
2023-12-05 23:47:04,021 - rasterio._base - DEBUG - Sharing flag: 0
2023-12-05 23:47:04,022 - rasterio._base - DEBUG - Nodata success: 0, Nodata value: 0.000000
2023-12-05 23:47:04,022 - rasterio._base - DEBUG - Dataset <open DatasetReader name='/home/metpublic/TASK_RELEASE/EFAN/present_weather/src/H09_B13_Indonesia_20231205.Z2330.cor.tiff' mode='r'> is started.
2023-12-05 23:47:04,022 - rasterio.env - DEBUG - Exiting env context: <rasterio.env.Env object at 0x7fd94c18f4f0>
2023-12-05 23:47:04,023 - rasterio.env - DEBUG - Cleared existing <rasterio._env.GDALEnv object at 0x7fd94c18d570> options
2023-12-05 23:47:04,023 - rasterio._env - DEBUG - Stopped GDALEnv <rasterio._env.GDALEnv object at 0x7fd94c18d570>.
2023-12-05 23:47:04,024 - rasterio.env - DEBUG - Exiting outermost env
2023-12-05 23:47:04,024 - rasterio.env - DEBUG - Exited env context: <rasterio.env.Env object at 0x7fd94c18f4f0>
2023-12-05 23:47:04,024 - rasterio.env - DEBUG - Entering env context: <rasterio.env.Env object at 0x7fd94c119660>
2023-12-05 23:47:04,024 - rasterio.env - DEBUG - Starting outermost env
2023-12-05 23:47:04,024 - rasterio.env - DEBUG - No GDAL environment exists
2023-12-05 23:47:04,024 - rasterio.env - DEBUG - New GDAL environment <rasterio._env.GDALEnv object at 0x7fd94c118d30> created
2023-12-05 23:47:04,024 - rasterio._env - DEBUG - GDAL data found in package: path='/home/metpublic/PYTHON_VENV/present_weather/lib/python3.10/site-packages/rasterio/gdal_data'.
2023-12-05 23:47:04,025 - rasterio._env - DEBUG - PROJ data found in package: path='/home/metpublic/PYTHON_VENV/present_weather/lib/python3.10/site-packages/rasterio/proj_data'.
2023-12-05 23:47:04,025 - rasterio._env - DEBUG - Started GDALEnv: self=<rasterio._env.GDALEnv object at 0x7fd94c118d30>.
2023-12-05 23:47:04,025 - rasterio.env - DEBUG - Entered env context: <rasterio.env.Env object at 0x7fd94c119660>
2023-12-05 23:47:04,025 - rasterio._base - DEBUG - Sharing flag: 0
2023-12-05 23:47:04,026 - rasterio._base - DEBUG - Nodata success: 0, Nodata value: 0.000000
2023-12-05 23:47:04,026 - rasterio._base - DEBUG - Dataset <open DatasetReader name='/home/metpublic/TASK_RELEASE/EFAN/present_weather/src/H09_B13_Indonesia_20231205.Z2330.cor.tiff' mode='r'> is started.
2023-12-05 23:47:04,026 - rasterio.env - DEBUG - Exiting env context: <rasterio.env.Env object at 0x7fd94c119660>
2023-12-05 23:47:04,026 - rasterio.env - DEBUG - Cleared existing <rasterio._env.GDALEnv object at 0x7fd94c118d30> options
2023-12-05 23:47:04,026 - rasterio._env - DEBUG - Stopped GDALEnv <rasterio._env.GDALEnv object at 0x7fd94c118d30>.
2023-12-05 23:47:04,026 - rasterio.env - DEBUG - Exiting outermost env
2023-12-05 23:47:04,026 - rasterio.env - DEBUG - Exited env context: <rasterio.env.Env object at 0x7fd94c119660>
2023-12-05 23:47:04,038 - root - INFO - Generating present weather using SATELITE data
2023-12-05 23:49:22,924 - root - INFO - Total elapsed time: 0:06:20.201685
