2023-11-24 08:23:03,716 - root - INFO - Initiating present weather
2023-11-24 08:23:03,719 - asyncio - DEBUG - Using selector: EpollSelector
2023-11-24 08:23:06,922 - urllib3.connectionpool - DEBUG - Starting new HTTPS connection (1): radar.bmkg.go.id:8060
2023-11-24 08:23:06,987 - urllib3.connectionpool - DEBUG - https://radar.bmkg.go.id:8060 "GET /getRadarGeotif?token=19387e71e78522ae4172ec0fda640983b8438c9cfa0ca571623cb69d8327&radar=amandemenForecast&type=latest HTTP/1.1" 200 90
2023-11-24 08:23:06,989 - rasterio.env - DEBUG - Entering env context: <rasterio.env.Env object at 0x7fd2e8147c20>
2023-11-24 08:23:06,990 - rasterio.env - DEBUG - Starting outermost env
2023-11-24 08:23:06,990 - rasterio.env - DEBUG - No GDAL environment exists
2023-11-24 08:23:06,991 - rasterio.env - DEBUG - New GDAL environment <rasterio._env.GDALEnv object at 0x7fd2e81473a0> created
2023-11-24 08:23:06,994 - rasterio._filepath - DEBUG - Installing FilePath filesystem handler plugin...
2023-11-24 08:23:06,995 - rasterio._env - DEBUG - GDAL data found in package: path='/home/swx/miniconda3/envs/present_weather/lib/python3.12/site-packages/rasterio/gdal_data'.
2023-11-24 08:23:06,995 - rasterio._env - DEBUG - PROJ_LIB found in environment.
2023-11-24 08:23:06,995 - rasterio._env - DEBUG - Started GDALEnv: self=<rasterio._env.GDALEnv object at 0x7fd2e81473a0>.
2023-11-24 08:23:06,995 - rasterio.env - DEBUG - Entered env context: <rasterio.env.Env object at 0x7fd2e8147c20>
2023-11-24 08:23:06,995 - rasterio._base - DEBUG - Sharing flag: 0
2023-11-24 08:23:07,197 - rasterio._base - DEBUG - Nodata success: 1, Nodata value: nan
2023-11-24 08:23:07,198 - rasterio._base - DEBUG - Dataset <open DatasetReader name='https://radar.bmkg.go.id/raster/radarsatelit_202311240820.tif' mode='r'> is started.
2023-11-24 08:23:07,198 - rasterio.env - DEBUG - Exiting env context: <rasterio.env.Env object at 0x7fd2e8147c20>
2023-11-24 08:23:07,198 - rasterio.env - DEBUG - Cleared existing <rasterio._env.GDALEnv object at 0x7fd2e81473a0> options
2023-11-24 08:23:07,198 - rasterio._env - DEBUG - Stopped GDALEnv <rasterio._env.GDALEnv object at 0x7fd2e81473a0>.
2023-11-24 08:23:07,199 - rasterio.env - DEBUG - Exiting outermost env
2023-11-24 08:23:07,199 - rasterio.env - DEBUG - Exited env context: <rasterio.env.Env object at 0x7fd2e8147c20>
2023-11-24 08:23:07,199 - rasterio.env - DEBUG - Entering env context: <rasterio.env.Env object at 0x7fd2e9cb8470>
2023-11-24 08:23:07,199 - rasterio.env - DEBUG - Starting outermost env
2023-11-24 08:23:07,200 - rasterio.env - DEBUG - No GDAL environment exists
2023-11-24 08:23:07,200 - rasterio.env - DEBUG - New GDAL environment <rasterio._env.GDALEnv object at 0x7fd2e81473a0> created
2023-11-24 08:23:07,201 - rasterio._env - DEBUG - GDAL data found in package: path='/home/swx/miniconda3/envs/present_weather/lib/python3.12/site-packages/rasterio/gdal_data'.
2023-11-24 08:23:07,201 - rasterio._env - DEBUG - PROJ_LIB found in environment.
2023-11-24 08:23:07,201 - rasterio._env - DEBUG - Started GDALEnv: self=<rasterio._env.GDALEnv object at 0x7fd2e81473a0>.
2023-11-24 08:23:07,202 - rasterio.env - DEBUG - Entered env context: <rasterio.env.Env object at 0x7fd2e9cb8470>
2023-11-24 08:23:07,202 - rasterio.env - DEBUG - Got a copy of environment <rasterio._env.GDALEnv object at 0x7fd2e81473a0> options
2023-11-24 08:23:07,202 - rasterio.env - DEBUG - Entering env context: <rasterio.env.Env object at 0x7fd2e81708f0>
2023-11-24 08:23:07,202 - rasterio.env - DEBUG - Got a copy of environment <rasterio._env.GDALEnv object at 0x7fd2e81473a0> options
2023-11-24 08:23:07,202 - rasterio.env - DEBUG - Entered env context: <rasterio.env.Env object at 0x7fd2e81708f0>
2023-11-24 08:23:07,203 - rasterio._base - DEBUG - Sharing flag: 0
2023-11-24 08:23:07,204 - rasterio._base - DEBUG - Nodata success: 1, Nodata value: nan
2023-11-24 08:23:07,204 - rasterio._base - DEBUG - Dataset <open DatasetReader name='https://radar.bmkg.go.id/raster/radarsatelit_202311240820.tif' mode='r'> is started.
2023-11-24 08:23:07,204 - rasterio.env - DEBUG - Exiting env context: <rasterio.env.Env object at 0x7fd2e81708f0>
2023-11-24 08:23:07,204 - rasterio.env - DEBUG - Cleared existing <rasterio._env.GDALEnv object at 0x7fd2e81473a0> options
2023-11-24 08:23:07,205 - rasterio._env - DEBUG - Stopped GDALEnv <rasterio._env.GDALEnv object at 0x7fd2e81473a0>.
2023-11-24 08:23:07,205 - rasterio.env - DEBUG - No GDAL environment exists
2023-11-24 08:23:07,205 - rasterio.env - DEBUG - New GDAL environment <rasterio._env.GDALEnv object at 0x7fd2e81473a0> created
2023-11-24 08:23:07,205 - rasterio._env - DEBUG - GDAL data found in package: path='/home/swx/miniconda3/envs/present_weather/lib/python3.12/site-packages/rasterio/gdal_data'.
2023-11-24 08:23:07,205 - rasterio._env - DEBUG - PROJ_LIB found in environment.
2023-11-24 08:23:07,206 - rasterio._env - DEBUG - Started GDALEnv: self=<rasterio._env.GDALEnv object at 0x7fd2e81473a0>.
2023-11-24 08:23:07,206 - rasterio.env - DEBUG - Exited env context: <rasterio.env.Env object at 0x7fd2e81708f0>
2023-11-24 08:23:07,235 - rasterio._io - DEBUG - Output nodata value read from file: nan
2023-11-24 08:23:07,235 - rasterio._io - DEBUG - Output nodata values: [nan]
2023-11-24 08:23:07,235 - rasterio._io - DEBUG - all_valid: False
2023-11-24 08:23:07,235 - rasterio._io - DEBUG - mask_flags: ([<MaskFlags.nodata: 8>],)
2023-11-24 08:23:07,236 - rasterio._io - DEBUG - Jump straight to _read()
2023-11-24 08:23:07,236 - rasterio._io - DEBUG - Window: Window(col_off=0, row_off=0, width=10178, height=3732)
2023-11-24 08:23:07,236 - rasterio._io - DEBUG - IO window xoff=0.0 yoff=0.0 width=10178.0 height=3732.0
2023-11-24 08:23:08,200 - rasterio.env - DEBUG - Exiting env context: <rasterio.env.Env object at 0x7fd2e9cb8470>
2023-11-24 08:23:08,200 - rasterio.env - DEBUG - Cleared existing <rasterio._env.GDALEnv object at 0x7fd2e81473a0> options
2023-11-24 08:23:08,200 - rasterio._env - DEBUG - Stopped GDALEnv <rasterio._env.GDALEnv object at 0x7fd2e81473a0>.
2023-11-24 08:23:08,200 - rasterio.env - DEBUG - Exiting outermost env
2023-11-24 08:23:08,200 - rasterio.env - DEBUG - Exited env context: <rasterio.env.Env object at 0x7fd2e9cb8470>
2023-11-24 08:23:08,203 - urllib3.connectionpool - DEBUG - Starting new HTTPS connection (1): radar.bmkg.go.id:8060
2023-11-24 08:23:08,277 - urllib3.connectionpool - DEBUG - https://radar.bmkg.go.id:8060 "GET /getLatestLD?typeData=1 HTTP/1.1" 200 60301
2023-11-24 08:23:08,304 - root - INFO - Generating present weather using RADAR data
2023-11-24 08:23:11,612 - root - INFO - dask.bag<lambda, npartitions=20>
2023-11-24 08:23:27,046 - root - INFO - Total elapsed time: 0:00:23.331118
