2023-11-21 08:43:03,833 - root - INFO - Initiating present weather
2023-11-21 08:43:03,838 - urllib3.connectionpool - DEBUG - Starting new HTTPS connection (1): radar.bmkg.go.id:8060
2023-11-21 08:43:03,919 - urllib3.connectionpool - DEBUG - https://radar.bmkg.go.id:8060 "GET /getRadarGeotif?token=19387e71e78522ae4172ec0fda640983b8438c9cfa0ca571623cb69d8327&radar=amandemenForecast&type=latest HTTP/1.1" 200 90
2023-11-21 08:43:03,922 - rasterio.env - DEBUG - Entering env context: <rasterio.env.Env object at 0x7f493360e0c0>
2023-11-21 08:43:03,923 - rasterio.env - DEBUG - Starting outermost env
2023-11-21 08:43:03,923 - rasterio.env - DEBUG - No GDAL environment exists
2023-11-21 08:43:03,923 - rasterio.env - DEBUG - New GDAL environment <rasterio._env.GDALEnv object at 0x7f4974ccc7f0> created
2023-11-21 08:43:03,928 - rasterio._filepath - DEBUG - Installing FilePath filesystem handler plugin...
2023-11-21 08:43:03,928 - rasterio._env - DEBUG - GDAL data found in package: path='/home/swx/miniconda3/envs/present_weather/lib/python3.12/site-packages/rasterio/gdal_data'.
2023-11-21 08:43:03,928 - rasterio._env - DEBUG - PROJ_LIB found in environment.
2023-11-21 08:43:03,928 - rasterio._env - DEBUG - Started GDALEnv: self=<rasterio._env.GDALEnv object at 0x7f4974ccc7f0>.
2023-11-21 08:43:03,928 - rasterio.env - DEBUG - Entered env context: <rasterio.env.Env object at 0x7f493360e0c0>
2023-11-21 08:43:03,929 - rasterio._base - DEBUG - Sharing flag: 0
2023-11-21 08:43:04,125 - rasterio._base - DEBUG - Nodata success: 1, Nodata value: nan
2023-11-21 08:43:04,126 - rasterio._base - DEBUG - Dataset <open DatasetReader name='https://radar.bmkg.go.id/raster/radarsatelit_202311210840.tif' mode='r'> is started.
2023-11-21 08:43:04,126 - rasterio.env - DEBUG - Exiting env context: <rasterio.env.Env object at 0x7f493360e0c0>
2023-11-21 08:43:04,126 - rasterio.env - DEBUG - Cleared existing <rasterio._env.GDALEnv object at 0x7f4974ccc7f0> options
2023-11-21 08:43:04,127 - rasterio._env - DEBUG - Stopped GDALEnv <rasterio._env.GDALEnv object at 0x7f4974ccc7f0>.
2023-11-21 08:43:04,127 - rasterio.env - DEBUG - Exiting outermost env
2023-11-21 08:43:04,127 - rasterio.env - DEBUG - Exited env context: <rasterio.env.Env object at 0x7f493360e0c0>
2023-11-21 08:43:04,127 - rasterio.env - DEBUG - Entering env context: <rasterio.env.Env object at 0x7f493360d040>
2023-11-21 08:43:04,127 - rasterio.env - DEBUG - Starting outermost env
2023-11-21 08:43:04,127 - rasterio.env - DEBUG - No GDAL environment exists
2023-11-21 08:43:04,127 - rasterio.env - DEBUG - New GDAL environment <rasterio._env.GDALEnv object at 0x7f4974ccc7f0> created
2023-11-21 08:43:04,128 - rasterio._env - DEBUG - GDAL data found in package: path='/home/swx/miniconda3/envs/present_weather/lib/python3.12/site-packages/rasterio/gdal_data'.
2023-11-21 08:43:04,128 - rasterio._env - DEBUG - PROJ_LIB found in environment.
2023-11-21 08:43:04,128 - rasterio._env - DEBUG - Started GDALEnv: self=<rasterio._env.GDALEnv object at 0x7f4974ccc7f0>.
2023-11-21 08:43:04,128 - rasterio.env - DEBUG - Entered env context: <rasterio.env.Env object at 0x7f493360d040>
2023-11-21 08:43:04,129 - rasterio.env - DEBUG - Got a copy of environment <rasterio._env.GDALEnv object at 0x7f4974ccc7f0> options
2023-11-21 08:43:04,129 - rasterio.env - DEBUG - Entering env context: <rasterio.env.Env object at 0x7f498d93f890>
2023-11-21 08:43:04,129 - rasterio.env - DEBUG - Got a copy of environment <rasterio._env.GDALEnv object at 0x7f4974ccc7f0> options
2023-11-21 08:43:04,129 - rasterio.env - DEBUG - Entered env context: <rasterio.env.Env object at 0x7f498d93f890>
2023-11-21 08:43:04,129 - rasterio._base - DEBUG - Sharing flag: 0
2023-11-21 08:43:04,130 - rasterio._base - DEBUG - Nodata success: 1, Nodata value: nan
2023-11-21 08:43:04,131 - rasterio._base - DEBUG - Dataset <open DatasetReader name='https://radar.bmkg.go.id/raster/radarsatelit_202311210840.tif' mode='r'> is started.
2023-11-21 08:43:04,131 - rasterio.env - DEBUG - Exiting env context: <rasterio.env.Env object at 0x7f498d93f890>
2023-11-21 08:43:04,131 - rasterio.env - DEBUG - Cleared existing <rasterio._env.GDALEnv object at 0x7f4974ccc7f0> options
2023-11-21 08:43:04,131 - rasterio._env - DEBUG - Stopped GDALEnv <rasterio._env.GDALEnv object at 0x7f4974ccc7f0>.
2023-11-21 08:43:04,131 - rasterio.env - DEBUG - No GDAL environment exists
2023-11-21 08:43:04,131 - rasterio.env - DEBUG - New GDAL environment <rasterio._env.GDALEnv object at 0x7f4974ccc7f0> created
2023-11-21 08:43:04,132 - rasterio._env - DEBUG - GDAL data found in package: path='/home/swx/miniconda3/envs/present_weather/lib/python3.12/site-packages/rasterio/gdal_data'.
2023-11-21 08:43:04,132 - rasterio._env - DEBUG - PROJ_LIB found in environment.
2023-11-21 08:43:04,132 - rasterio._env - DEBUG - Started GDALEnv: self=<rasterio._env.GDALEnv object at 0x7f4974ccc7f0>.
2023-11-21 08:43:04,132 - rasterio.env - DEBUG - Exited env context: <rasterio.env.Env object at 0x7f498d93f890>
2023-11-21 08:43:04,163 - rasterio._io - DEBUG - Output nodata value read from file: nan
2023-11-21 08:43:04,163 - rasterio._io - DEBUG - Output nodata values: [nan]
2023-11-21 08:43:04,164 - rasterio._io - DEBUG - all_valid: False
2023-11-21 08:43:04,164 - rasterio._io - DEBUG - mask_flags: ([<MaskFlags.nodata: 8>],)
2023-11-21 08:43:04,164 - rasterio._io - DEBUG - Jump straight to _read()
2023-11-21 08:43:04,164 - rasterio._io - DEBUG - Window: Window(col_off=0, row_off=0, width=10215, height=3792)
2023-11-21 08:43:04,165 - rasterio._io - DEBUG - IO window xoff=0.0 yoff=0.0 width=10215.0 height=3792.0
2023-11-21 08:43:04,951 - rasterio.env - DEBUG - Exiting env context: <rasterio.env.Env object at 0x7f493360d040>
2023-11-21 08:43:04,951 - rasterio.env - DEBUG - Cleared existing <rasterio._env.GDALEnv object at 0x7f4974ccc7f0> options
2023-11-21 08:43:04,951 - rasterio._env - DEBUG - Stopped GDALEnv <rasterio._env.GDALEnv object at 0x7f4974ccc7f0>.
2023-11-21 08:43:04,952 - rasterio.env - DEBUG - Exiting outermost env
2023-11-21 08:43:04,952 - rasterio.env - DEBUG - Exited env context: <rasterio.env.Env object at 0x7f493360d040>
2023-11-21 08:43:04,954 - urllib3.connectionpool - DEBUG - Starting new HTTPS connection (1): radar.bmkg.go.id:8060
2023-11-21 08:43:05,099 - urllib3.connectionpool - DEBUG - https://radar.bmkg.go.id:8060 "GET /getLatestLD?typeData=1 HTTP/1.1" 200 89781
2023-11-21 08:43:05,138 - asyncio - DEBUG - Using selector: EpollSelector
2023-11-21 08:43:11,860 - root - INFO - dask.bag<lambda, npartitions=34>
2023-11-21 08:56:58,845 - root - INFO - Total elapsed time: 0:13:55.012801
