2023-12-10 20:33:02,581 - root - INFO - Initiating present weather
2023-12-10 20:33:02,583 - asyncio - DEBUG - Using selector: EpollSelector
2023-12-10 20:33:04,186 - urllib3.connectionpool - DEBUG - Starting new HTTPS connection (1): radar.bmkg.go.id:8060
2023-12-10 20:33:04,200 - urllib3.connectionpool - DEBUG - https://radar.bmkg.go.id:8060 "GET /getLatestLD?typeData=1 HTTP/1.1" 200 62
2023-12-10 20:33:04,203 - urllib3.connectionpool - DEBUG - Starting new HTTPS connection (1): radar.bmkg.go.id:8060
2023-12-10 20:33:04,225 - urllib3.connectionpool - DEBUG - https://radar.bmkg.go.id:8060 "GET /getRadarGeotif?token=19387e71e78522ae4172ec0fda640983b8438c9cfa0ca571623cb69d8327&radar=amandemenForecast&type=latest HTTP/1.1" 200 90
2023-12-10 20:33:04,226 - rasterio.env - DEBUG - Entering env context: <rasterio.env.Env object at 0x7f7d54a6ecb0>
2023-12-10 20:33:04,226 - rasterio.env - DEBUG - Starting outermost env
2023-12-10 20:33:04,226 - rasterio.env - DEBUG - No GDAL environment exists
2023-12-10 20:33:04,226 - rasterio.env - DEBUG - New GDAL environment <rasterio._env.GDALEnv object at 0x7f7d54a6d7b0> created
2023-12-10 20:33:04,229 - rasterio._filepath - DEBUG - Installing FilePath filesystem handler plugin...
2023-12-10 20:33:04,229 - rasterio._env - DEBUG - GDAL data found in package: path='/home/metpublic/PYTHON_VENV/present_weather/lib/python3.10/site-packages/rasterio/gdal_data'.
2023-12-10 20:33:04,229 - rasterio._env - DEBUG - PROJ data found in package: path='/home/metpublic/PYTHON_VENV/present_weather/lib/python3.10/site-packages/rasterio/proj_data'.
2023-12-10 20:33:04,229 - rasterio._env - DEBUG - Started GDALEnv: self=<rasterio._env.GDALEnv object at 0x7f7d54a6d7b0>.
2023-12-10 20:33:04,230 - rasterio.env - DEBUG - Entered env context: <rasterio.env.Env object at 0x7f7d54a6ecb0>
2023-12-10 20:33:04,230 - rasterio._base - DEBUG - Sharing flag: 0
2023-12-10 20:33:04,497 - rasterio._base - DEBUG - Nodata success: 1, Nodata value: nan
2023-12-10 20:33:04,498 - rasterio._base - DEBUG - Dataset <open DatasetReader name='https://radar.bmkg.go.id/raster/radarsatelit_202312102030.tif' mode='r'> is started.
2023-12-10 20:33:04,498 - rasterio.env - DEBUG - Exiting env context: <rasterio.env.Env object at 0x7f7d54a6ecb0>
2023-12-10 20:33:04,498 - rasterio.env - DEBUG - Cleared existing <rasterio._env.GDALEnv object at 0x7f7d54a6d7b0> options
2023-12-10 20:33:04,498 - rasterio._env - DEBUG - Stopped GDALEnv <rasterio._env.GDALEnv object at 0x7f7d54a6d7b0>.
2023-12-10 20:33:04,498 - rasterio.env - DEBUG - Exiting outermost env
2023-12-10 20:33:04,498 - rasterio.env - DEBUG - Exited env context: <rasterio.env.Env object at 0x7f7d54a6ecb0>
2023-12-10 20:33:04,499 - rasterio.env - DEBUG - Entering env context: <rasterio.env.Env object at 0x7f7d540f4a30>
2023-12-10 20:33:04,499 - rasterio.env - DEBUG - Starting outermost env
2023-12-10 20:33:04,499 - rasterio.env - DEBUG - No GDAL environment exists
2023-12-10 20:33:04,499 - rasterio.env - DEBUG - New GDAL environment <rasterio._env.GDALEnv object at 0x7f7d54a6d7b0> created
2023-12-10 20:33:04,500 - rasterio._env - DEBUG - GDAL data found in package: path='/home/metpublic/PYTHON_VENV/present_weather/lib/python3.10/site-packages/rasterio/gdal_data'.
2023-12-10 20:33:04,500 - rasterio._env - DEBUG - PROJ data found in package: path='/home/metpublic/PYTHON_VENV/present_weather/lib/python3.10/site-packages/rasterio/proj_data'.
2023-12-10 20:33:04,500 - rasterio._env - DEBUG - Started GDALEnv: self=<rasterio._env.GDALEnv object at 0x7f7d54a6d7b0>.
2023-12-10 20:33:04,500 - rasterio.env - DEBUG - Entered env context: <rasterio.env.Env object at 0x7f7d540f4a30>
2023-12-10 20:33:04,500 - rasterio.env - DEBUG - Got a copy of environment <rasterio._env.GDALEnv object at 0x7f7d54a6d7b0> options
2023-12-10 20:33:04,500 - rasterio.env - DEBUG - Entering env context: <rasterio.env.Env object at 0x7f7d4c74d840>
2023-12-10 20:33:04,500 - rasterio.env - DEBUG - Got a copy of environment <rasterio._env.GDALEnv object at 0x7f7d54a6d7b0> options
2023-12-10 20:33:04,500 - rasterio.env - DEBUG - Entered env context: <rasterio.env.Env object at 0x7f7d4c74d840>
2023-12-10 20:33:04,501 - rasterio._base - DEBUG - Sharing flag: 0
2023-12-10 20:33:04,501 - rasterio._base - DEBUG - Nodata success: 1, Nodata value: nan
2023-12-10 20:33:04,502 - rasterio._base - DEBUG - Dataset <open DatasetReader name='https://radar.bmkg.go.id/raster/radarsatelit_202312102030.tif' mode='r'> is started.
2023-12-10 20:33:04,502 - rasterio.env - DEBUG - Exiting env context: <rasterio.env.Env object at 0x7f7d4c74d840>
2023-12-10 20:33:04,502 - rasterio.env - DEBUG - Cleared existing <rasterio._env.GDALEnv object at 0x7f7d54a6d7b0> options
2023-12-10 20:33:04,502 - rasterio._env - DEBUG - Stopped GDALEnv <rasterio._env.GDALEnv object at 0x7f7d54a6d7b0>.
2023-12-10 20:33:04,502 - rasterio.env - DEBUG - No GDAL environment exists
2023-12-10 20:33:04,502 - rasterio.env - DEBUG - New GDAL environment <rasterio._env.GDALEnv object at 0x7f7d54a6d7b0> created
2023-12-10 20:33:04,502 - rasterio._env - DEBUG - GDAL data found in package: path='/home/metpublic/PYTHON_VENV/present_weather/lib/python3.10/site-packages/rasterio/gdal_data'.
2023-12-10 20:33:04,502 - rasterio._env - DEBUG - PROJ data found in package: path='/home/metpublic/PYTHON_VENV/present_weather/lib/python3.10/site-packages/rasterio/proj_data'.
2023-12-10 20:33:04,502 - rasterio._env - DEBUG - Started GDALEnv: self=<rasterio._env.GDALEnv object at 0x7f7d54a6d7b0>.
2023-12-10 20:33:04,502 - rasterio.env - DEBUG - Exited env context: <rasterio.env.Env object at 0x7f7d4c74d840>
2023-12-10 20:33:04,520 - rasterio._io - DEBUG - Output nodata value read from file: nan
2023-12-10 20:33:04,520 - rasterio._io - DEBUG - Output nodata values: [nan]
2023-12-10 20:33:04,520 - rasterio._io - DEBUG - all_valid: False
2023-12-10 20:33:04,520 - rasterio._io - DEBUG - mask_flags: ([<MaskFlags.nodata: 8>],)
2023-12-10 20:33:04,521 - rasterio._io - DEBUG - Jump straight to _read()
2023-12-10 20:33:04,521 - rasterio._io - DEBUG - Window: Window(col_off=0, row_off=0, width=10177, height=3692)
2023-12-10 20:33:04,521 - rasterio._io - DEBUG - IO window xoff=0.0 yoff=0.0 width=10177.0 height=3692.0
2023-12-10 20:33:05,073 - rasterio.env - DEBUG - Exiting env context: <rasterio.env.Env object at 0x7f7d540f4a30>
2023-12-10 20:33:05,073 - rasterio.env - DEBUG - Cleared existing <rasterio._env.GDALEnv object at 0x7f7d54a6d7b0> options
2023-12-10 20:33:05,073 - rasterio._env - DEBUG - Stopped GDALEnv <rasterio._env.GDALEnv object at 0x7f7d54a6d7b0>.
2023-12-10 20:33:05,073 - rasterio.env - DEBUG - Exiting outermost env
2023-12-10 20:33:05,073 - rasterio.env - DEBUG - Exited env context: <rasterio.env.Env object at 0x7f7d540f4a30>
2023-12-10 20:37:48,299 - rasterio.env - DEBUG - Entering env context: <rasterio.env.Env object at 0x7f7d4c569a80>
2023-12-10 20:37:48,299 - rasterio.env - DEBUG - Starting outermost env
2023-12-10 20:37:48,299 - rasterio.env - DEBUG - No GDAL environment exists
2023-12-10 20:37:48,299 - rasterio.env - DEBUG - New GDAL environment <rasterio._env.GDALEnv object at 0x7f7d4c56a140> created
2023-12-10 20:37:48,300 - rasterio._env - DEBUG - GDAL data found in package: path='/home/metpublic/PYTHON_VENV/present_weather/lib/python3.10/site-packages/rasterio/gdal_data'.
2023-12-10 20:37:48,300 - rasterio._env - DEBUG - PROJ data found in package: path='/home/metpublic/PYTHON_VENV/present_weather/lib/python3.10/site-packages/rasterio/proj_data'.
2023-12-10 20:37:48,300 - rasterio._env - DEBUG - Started GDALEnv: self=<rasterio._env.GDALEnv object at 0x7f7d4c56a140>.
2023-12-10 20:37:48,300 - rasterio.env - DEBUG - Entered env context: <rasterio.env.Env object at 0x7f7d4c569a80>
2023-12-10 20:37:48,300 - rasterio._base - DEBUG - Sharing flag: 0
2023-12-10 20:37:48,302 - rasterio._base - DEBUG - Nodata success: 0, Nodata value: 0.000000
2023-12-10 20:37:48,302 - rasterio._base - DEBUG - Dataset <open DatasetReader name='/home/metpublic/TASK_RELEASE/EFAN/present_weather/src/H09_B13_Indonesia_20231210.Z2020.cor.tiff' mode='r'> is started.
2023-12-10 20:37:48,302 - rasterio.env - DEBUG - Exiting env context: <rasterio.env.Env object at 0x7f7d4c569a80>
2023-12-10 20:37:48,302 - rasterio.env - DEBUG - Cleared existing <rasterio._env.GDALEnv object at 0x7f7d4c56a140> options
2023-12-10 20:37:48,303 - rasterio._env - DEBUG - Stopped GDALEnv <rasterio._env.GDALEnv object at 0x7f7d4c56a140>.
2023-12-10 20:37:48,303 - rasterio.env - DEBUG - Exiting outermost env
2023-12-10 20:37:48,303 - rasterio.env - DEBUG - Exited env context: <rasterio.env.Env object at 0x7f7d4c569a80>
2023-12-10 20:37:48,304 - rasterio.env - DEBUG - Entering env context: <rasterio.env.Env object at 0x7f7d4c5690c0>
2023-12-10 20:37:48,304 - rasterio.env - DEBUG - Starting outermost env
2023-12-10 20:37:48,304 - rasterio.env - DEBUG - No GDAL environment exists
2023-12-10 20:37:48,304 - rasterio.env - DEBUG - New GDAL environment <rasterio._env.GDALEnv object at 0x7f7d4c569120> created
2023-12-10 20:37:48,306 - rasterio._env - DEBUG - GDAL data found in package: path='/home/metpublic/PYTHON_VENV/present_weather/lib/python3.10/site-packages/rasterio/gdal_data'.
2023-12-10 20:37:48,307 - rasterio._env - DEBUG - PROJ data found in package: path='/home/metpublic/PYTHON_VENV/present_weather/lib/python3.10/site-packages/rasterio/proj_data'.
2023-12-10 20:37:48,307 - rasterio._env - DEBUG - Started GDALEnv: self=<rasterio._env.GDALEnv object at 0x7f7d4c569120>.
2023-12-10 20:37:48,307 - rasterio.env - DEBUG - Entered env context: <rasterio.env.Env object at 0x7f7d4c5690c0>
2023-12-10 20:37:48,307 - rasterio._base - DEBUG - Sharing flag: 0
2023-12-10 20:37:48,309 - rasterio._base - DEBUG - Nodata success: 0, Nodata value: 0.000000
2023-12-10 20:37:48,309 - rasterio._base - DEBUG - Dataset <open DatasetReader name='/home/metpublic/TASK_RELEASE/EFAN/present_weather/src/H09_B13_Indonesia_20231210.Z2020.cor.tiff' mode='r'> is started.
2023-12-10 20:37:48,309 - rasterio.env - DEBUG - Exiting env context: <rasterio.env.Env object at 0x7f7d4c5690c0>
2023-12-10 20:37:48,309 - rasterio.env - DEBUG - Cleared existing <rasterio._env.GDALEnv object at 0x7f7d4c569120> options
2023-12-10 20:37:48,309 - rasterio._env - DEBUG - Stopped GDALEnv <rasterio._env.GDALEnv object at 0x7f7d4c569120>.
2023-12-10 20:37:48,309 - rasterio.env - DEBUG - Exiting outermost env
2023-12-10 20:37:48,310 - rasterio.env - DEBUG - Exited env context: <rasterio.env.Env object at 0x7f7d4c5690c0>
2023-12-10 20:37:48,324 - root - INFO - Generating present weather using SATELITE data
2023-12-10 20:39:07,434 - root - INFO - Total elapsed time: 0:06:04.853391
