2023-12-22 23:33:02,571 - root - INFO - Initiating present weather
2023-12-22 23:33:02,573 - asyncio - DEBUG - Using selector: EpollSelector
2023-12-22 23:33:04,262 - urllib3.connectionpool - DEBUG - Starting new HTTPS connection (1): radar.bmkg.go.id:8060
2023-12-22 23:33:04,274 - urllib3.connectionpool - DEBUG - https://radar.bmkg.go.id:8060 "GET /getLatestLD?typeData=1 HTTP/1.1" 200 62
2023-12-22 23:33:04,276 - urllib3.connectionpool - DEBUG - Starting new HTTPS connection (1): radar.bmkg.go.id:8060
2023-12-22 23:33:04,296 - urllib3.connectionpool - DEBUG - https://radar.bmkg.go.id:8060 "GET /getRadarGeotif?token=19387e71e78522ae4172ec0fda640983b8438c9cfa0ca571623cb69d8327&radar=amandemenForecast&type=latest HTTP/1.1" 200 90
2023-12-22 23:33:04,297 - rasterio.env - DEBUG - Entering env context: <rasterio.env.Env object at 0x7fba76d6d6f0>
2023-12-22 23:33:04,298 - rasterio.env - DEBUG - Starting outermost env
2023-12-22 23:33:04,298 - rasterio.env - DEBUG - No GDAL environment exists
2023-12-22 23:33:04,298 - rasterio.env - DEBUG - New GDAL environment <rasterio._env.GDALEnv object at 0x7fba76d6d660> created
2023-12-22 23:33:04,300 - rasterio._filepath - DEBUG - Installing FilePath filesystem handler plugin...
2023-12-22 23:33:04,301 - rasterio._env - DEBUG - GDAL data found in package: path='/home/metpublic/PYTHON_VENV/present_weather/lib/python3.10/site-packages/rasterio/gdal_data'.
2023-12-22 23:33:04,301 - rasterio._env - DEBUG - PROJ data found in package: path='/home/metpublic/PYTHON_VENV/present_weather/lib/python3.10/site-packages/rasterio/proj_data'.
2023-12-22 23:33:04,301 - rasterio._env - DEBUG - Started GDALEnv: self=<rasterio._env.GDALEnv object at 0x7fba76d6d660>.
2023-12-22 23:33:04,302 - rasterio.env - DEBUG - Entered env context: <rasterio.env.Env object at 0x7fba76d6d6f0>
2023-12-22 23:33:04,302 - rasterio._base - DEBUG - Sharing flag: 0
2023-12-22 23:33:04,676 - rasterio._base - DEBUG - Nodata success: 1, Nodata value: nan
2023-12-22 23:33:04,676 - rasterio._base - DEBUG - Dataset <open DatasetReader name='https://radar.bmkg.go.id/raster/radarsatelit_202312222330.tif' mode='r'> is started.
2023-12-22 23:33:04,676 - rasterio.env - DEBUG - Exiting env context: <rasterio.env.Env object at 0x7fba76d6d6f0>
2023-12-22 23:33:04,676 - rasterio.env - DEBUG - Cleared existing <rasterio._env.GDALEnv object at 0x7fba76d6d660> options
2023-12-22 23:33:04,677 - rasterio._env - DEBUG - Stopped GDALEnv <rasterio._env.GDALEnv object at 0x7fba76d6d660>.
2023-12-22 23:33:04,677 - rasterio.env - DEBUG - Exiting outermost env
2023-12-22 23:33:04,677 - rasterio.env - DEBUG - Exited env context: <rasterio.env.Env object at 0x7fba76d6d6f0>
2023-12-22 23:33:04,677 - rasterio.env - DEBUG - Entering env context: <rasterio.env.Env object at 0x7fba76d6d6f0>
2023-12-22 23:33:04,677 - rasterio.env - DEBUG - Starting outermost env
2023-12-22 23:33:04,677 - rasterio.env - DEBUG - No GDAL environment exists
2023-12-22 23:33:04,677 - rasterio.env - DEBUG - New GDAL environment <rasterio._env.GDALEnv object at 0x7fba776abac0> created
2023-12-22 23:33:04,677 - rasterio._env - DEBUG - GDAL data found in package: path='/home/metpublic/PYTHON_VENV/present_weather/lib/python3.10/site-packages/rasterio/gdal_data'.
2023-12-22 23:33:04,678 - rasterio._env - DEBUG - PROJ data found in package: path='/home/metpublic/PYTHON_VENV/present_weather/lib/python3.10/site-packages/rasterio/proj_data'.
2023-12-22 23:33:04,678 - rasterio._env - DEBUG - Started GDALEnv: self=<rasterio._env.GDALEnv object at 0x7fba776abac0>.
2023-12-22 23:33:04,678 - rasterio.env - DEBUG - Entered env context: <rasterio.env.Env object at 0x7fba76d6d6f0>
2023-12-22 23:33:04,678 - rasterio.env - DEBUG - Got a copy of environment <rasterio._env.GDALEnv object at 0x7fba776abac0> options
2023-12-22 23:33:04,679 - rasterio.env - DEBUG - Entering env context: <rasterio.env.Env object at 0x7fba7432a1a0>
2023-12-22 23:33:04,679 - rasterio.env - DEBUG - Got a copy of environment <rasterio._env.GDALEnv object at 0x7fba776abac0> options
2023-12-22 23:33:04,679 - rasterio.env - DEBUG - Entered env context: <rasterio.env.Env object at 0x7fba7432a1a0>
2023-12-22 23:33:04,680 - rasterio._base - DEBUG - Sharing flag: 0
2023-12-22 23:33:04,681 - rasterio._base - DEBUG - Nodata success: 1, Nodata value: nan
2023-12-22 23:33:04,681 - rasterio._base - DEBUG - Dataset <open DatasetReader name='https://radar.bmkg.go.id/raster/radarsatelit_202312222330.tif' mode='r'> is started.
2023-12-22 23:33:04,681 - rasterio.env - DEBUG - Exiting env context: <rasterio.env.Env object at 0x7fba7432a1a0>
2023-12-22 23:33:04,681 - rasterio.env - DEBUG - Cleared existing <rasterio._env.GDALEnv object at 0x7fba776abac0> options
2023-12-22 23:33:04,681 - rasterio._env - DEBUG - Stopped GDALEnv <rasterio._env.GDALEnv object at 0x7fba776abac0>.
2023-12-22 23:33:04,681 - rasterio.env - DEBUG - No GDAL environment exists
2023-12-22 23:33:04,681 - rasterio.env - DEBUG - New GDAL environment <rasterio._env.GDALEnv object at 0x7fba776abac0> created
2023-12-22 23:33:04,682 - rasterio._env - DEBUG - GDAL data found in package: path='/home/metpublic/PYTHON_VENV/present_weather/lib/python3.10/site-packages/rasterio/gdal_data'.
2023-12-22 23:33:04,682 - rasterio._env - DEBUG - PROJ data found in package: path='/home/metpublic/PYTHON_VENV/present_weather/lib/python3.10/site-packages/rasterio/proj_data'.
2023-12-22 23:33:04,682 - rasterio._env - DEBUG - Started GDALEnv: self=<rasterio._env.GDALEnv object at 0x7fba776abac0>.
2023-12-22 23:33:04,682 - rasterio.env - DEBUG - Exited env context: <rasterio.env.Env object at 0x7fba7432a1a0>
2023-12-22 23:33:04,699 - rasterio._io - DEBUG - Output nodata value read from file: nan
2023-12-22 23:33:04,700 - rasterio._io - DEBUG - Output nodata values: [nan]
2023-12-22 23:33:04,700 - rasterio._io - DEBUG - all_valid: False
2023-12-22 23:33:04,700 - rasterio._io - DEBUG - mask_flags: ([<MaskFlags.nodata: 8>],)
2023-12-22 23:33:04,701 - rasterio._io - DEBUG - Jump straight to _read()
2023-12-22 23:33:04,701 - rasterio._io - DEBUG - Window: Window(col_off=0, row_off=0, width=10176, height=3732)
2023-12-22 23:33:04,701 - rasterio._io - DEBUG - IO window xoff=0.0 yoff=0.0 width=10176.0 height=3732.0
2023-12-22 23:33:05,244 - rasterio.env - DEBUG - Exiting env context: <rasterio.env.Env object at 0x7fba76d6d6f0>
2023-12-22 23:33:05,245 - rasterio.env - DEBUG - Cleared existing <rasterio._env.GDALEnv object at 0x7fba776abac0> options
2023-12-22 23:33:05,245 - rasterio._env - DEBUG - Stopped GDALEnv <rasterio._env.GDALEnv object at 0x7fba776abac0>.
2023-12-22 23:33:05,245 - rasterio.env - DEBUG - Exiting outermost env
2023-12-22 23:33:05,245 - rasterio.env - DEBUG - Exited env context: <rasterio.env.Env object at 0x7fba76d6d6f0>
2023-12-22 23:37:52,875 - rasterio.env - DEBUG - Entering env context: <rasterio.env.Env object at 0x7fba743bedd0>
2023-12-22 23:37:52,875 - rasterio.env - DEBUG - Starting outermost env
2023-12-22 23:37:52,875 - rasterio.env - DEBUG - No GDAL environment exists
2023-12-22 23:37:52,875 - rasterio.env - DEBUG - New GDAL environment <rasterio._env.GDALEnv object at 0x7fba743bf490> created
2023-12-22 23:37:52,876 - rasterio._env - DEBUG - GDAL data found in package: path='/home/metpublic/PYTHON_VENV/present_weather/lib/python3.10/site-packages/rasterio/gdal_data'.
2023-12-22 23:37:52,876 - rasterio._env - DEBUG - PROJ data found in package: path='/home/metpublic/PYTHON_VENV/present_weather/lib/python3.10/site-packages/rasterio/proj_data'.
2023-12-22 23:37:52,877 - rasterio._env - DEBUG - Started GDALEnv: self=<rasterio._env.GDALEnv object at 0x7fba743bf490>.
2023-12-22 23:37:52,878 - rasterio.env - DEBUG - Entered env context: <rasterio.env.Env object at 0x7fba743bedd0>
2023-12-22 23:37:52,878 - rasterio._base - DEBUG - Sharing flag: 0
2023-12-22 23:37:52,880 - rasterio._base - DEBUG - Nodata success: 0, Nodata value: 0.000000
2023-12-22 23:37:52,880 - rasterio._base - DEBUG - Dataset <open DatasetReader name='/home/metpublic/TASK_RELEASE/EFAN/present_weather/src/H09_B13_Indonesia_20231222.Z2310.cor.tiff' mode='r'> is started.
2023-12-22 23:37:52,880 - rasterio.env - DEBUG - Exiting env context: <rasterio.env.Env object at 0x7fba743bedd0>
2023-12-22 23:37:52,880 - rasterio.env - DEBUG - Cleared existing <rasterio._env.GDALEnv object at 0x7fba743bf490> options
2023-12-22 23:37:52,880 - rasterio._env - DEBUG - Stopped GDALEnv <rasterio._env.GDALEnv object at 0x7fba743bf490>.
2023-12-22 23:37:52,880 - rasterio.env - DEBUG - Exiting outermost env
2023-12-22 23:37:52,880 - rasterio.env - DEBUG - Exited env context: <rasterio.env.Env object at 0x7fba743bedd0>
2023-12-22 23:37:52,881 - rasterio.env - DEBUG - Entering env context: <rasterio.env.Env object at 0x7fba7432bac0>
2023-12-22 23:37:52,881 - rasterio.env - DEBUG - Starting outermost env
2023-12-22 23:37:52,881 - rasterio.env - DEBUG - No GDAL environment exists
2023-12-22 23:37:52,881 - rasterio.env - DEBUG - New GDAL environment <rasterio._env.GDALEnv object at 0x7fba7432b1c0> created
2023-12-22 23:37:52,881 - rasterio._env - DEBUG - GDAL data found in package: path='/home/metpublic/PYTHON_VENV/present_weather/lib/python3.10/site-packages/rasterio/gdal_data'.
2023-12-22 23:37:52,882 - rasterio._env - DEBUG - PROJ data found in package: path='/home/metpublic/PYTHON_VENV/present_weather/lib/python3.10/site-packages/rasterio/proj_data'.
2023-12-22 23:37:52,882 - rasterio._env - DEBUG - Started GDALEnv: self=<rasterio._env.GDALEnv object at 0x7fba7432b1c0>.
2023-12-22 23:37:52,882 - rasterio.env - DEBUG - Entered env context: <rasterio.env.Env object at 0x7fba7432bac0>
2023-12-22 23:37:52,882 - rasterio._base - DEBUG - Sharing flag: 0
2023-12-22 23:37:52,883 - rasterio._base - DEBUG - Nodata success: 0, Nodata value: 0.000000
2023-12-22 23:37:52,883 - rasterio._base - DEBUG - Dataset <open DatasetReader name='/home/metpublic/TASK_RELEASE/EFAN/present_weather/src/H09_B13_Indonesia_20231222.Z2310.cor.tiff' mode='r'> is started.
2023-12-22 23:37:52,883 - rasterio.env - DEBUG - Exiting env context: <rasterio.env.Env object at 0x7fba7432bac0>
2023-12-22 23:37:52,883 - rasterio.env - DEBUG - Cleared existing <rasterio._env.GDALEnv object at 0x7fba7432b1c0> options
2023-12-22 23:37:52,883 - rasterio._env - DEBUG - Stopped GDALEnv <rasterio._env.GDALEnv object at 0x7fba7432b1c0>.
2023-12-22 23:37:52,883 - rasterio.env - DEBUG - Exiting outermost env
2023-12-22 23:37:52,883 - rasterio.env - DEBUG - Exited env context: <rasterio.env.Env object at 0x7fba7432bac0>
2023-12-22 23:37:52,896 - root - INFO - Generating present weather using SATELITE data
2023-12-22 23:39:45,753 - root - INFO - Total elapsed time: 0:06:43.182464
