2023-11-28 08:33:02,334 - root - INFO - Initiating present weather
2023-11-28 08:33:02,336 - asyncio - DEBUG - Using selector: EpollSelector
2023-11-28 08:33:03,826 - urllib3.connectionpool - DEBUG - Starting new HTTPS connection (1): radar.bmkg.go.id:8060
2023-11-28 08:33:03,848 - urllib3.connectionpool - DEBUG - https://radar.bmkg.go.id:8060 "GET /getRadarGeotif?token=19387e71e78522ae4172ec0fda640983b8438c9cfa0ca571623cb69d8327&radar=amandemenForecast&type=latest HTTP/1.1" 200 90
2023-11-28 08:33:03,849 - rasterio.env - DEBUG - Entering env context: <rasterio.env.Env object at 0x7f4454babd60>
2023-11-28 08:33:03,850 - rasterio.env - DEBUG - Starting outermost env
2023-11-28 08:33:03,850 - rasterio.env - DEBUG - No GDAL environment exists
2023-11-28 08:33:03,850 - rasterio.env - DEBUG - New GDAL environment <rasterio._env.GDALEnv object at 0x7f4454baad40> created
2023-11-28 08:33:03,853 - rasterio._filepath - DEBUG - Installing FilePath filesystem handler plugin...
2023-11-28 08:33:03,853 - rasterio._env - DEBUG - GDAL data found in package: path='/home/metpublic/PYTHON_VENV/present_weather/lib/python3.10/site-packages/rasterio/gdal_data'.
2023-11-28 08:33:03,853 - rasterio._env - DEBUG - PROJ data found in package: path='/home/metpublic/PYTHON_VENV/present_weather/lib/python3.10/site-packages/rasterio/proj_data'.
2023-11-28 08:33:03,853 - rasterio._env - DEBUG - Started GDALEnv: self=<rasterio._env.GDALEnv object at 0x7f4454baad40>.
2023-11-28 08:33:03,853 - rasterio.env - DEBUG - Entered env context: <rasterio.env.Env object at 0x7f4454babd60>
2023-11-28 08:33:03,853 - rasterio._base - DEBUG - Sharing flag: 0
2023-11-28 08:33:04,037 - rasterio._base - DEBUG - Nodata success: 1, Nodata value: nan
2023-11-28 08:33:04,038 - rasterio._base - DEBUG - Dataset <open DatasetReader name='https://radar.bmkg.go.id/raster/radarsatelit_202311280800.tif' mode='r'> is started.
2023-11-28 08:33:04,038 - rasterio.env - DEBUG - Exiting env context: <rasterio.env.Env object at 0x7f4454babd60>
2023-11-28 08:33:04,038 - rasterio.env - DEBUG - Cleared existing <rasterio._env.GDALEnv object at 0x7f4454baad40> options
2023-11-28 08:33:04,038 - rasterio._env - DEBUG - Stopped GDALEnv <rasterio._env.GDALEnv object at 0x7f4454baad40>.
2023-11-28 08:33:04,038 - rasterio.env - DEBUG - Exiting outermost env
2023-11-28 08:33:04,038 - rasterio.env - DEBUG - Exited env context: <rasterio.env.Env object at 0x7f4454babd60>
2023-11-28 08:33:04,039 - rasterio.env - DEBUG - Entering env context: <rasterio.env.Env object at 0x7f44554b7a30>
2023-11-28 08:33:04,039 - rasterio.env - DEBUG - Starting outermost env
2023-11-28 08:33:04,039 - rasterio.env - DEBUG - No GDAL environment exists
2023-11-28 08:33:04,039 - rasterio.env - DEBUG - New GDAL environment <rasterio._env.GDALEnv object at 0x7f4454babee0> created
2023-11-28 08:33:04,039 - rasterio._env - DEBUG - GDAL data found in package: path='/home/metpublic/PYTHON_VENV/present_weather/lib/python3.10/site-packages/rasterio/gdal_data'.
2023-11-28 08:33:04,039 - rasterio._env - DEBUG - PROJ data found in package: path='/home/metpublic/PYTHON_VENV/present_weather/lib/python3.10/site-packages/rasterio/proj_data'.
2023-11-28 08:33:04,040 - rasterio._env - DEBUG - Started GDALEnv: self=<rasterio._env.GDALEnv object at 0x7f4454babee0>.
2023-11-28 08:33:04,040 - rasterio.env - DEBUG - Entered env context: <rasterio.env.Env object at 0x7f44554b7a30>
2023-11-28 08:33:04,040 - rasterio.env - DEBUG - Got a copy of environment <rasterio._env.GDALEnv object at 0x7f4454babee0> options
2023-11-28 08:33:04,040 - rasterio.env - DEBUG - Entering env context: <rasterio.env.Env object at 0x7f44541fc100>
2023-11-28 08:33:04,040 - rasterio.env - DEBUG - Got a copy of environment <rasterio._env.GDALEnv object at 0x7f4454babee0> options
2023-11-28 08:33:04,040 - rasterio.env - DEBUG - Entered env context: <rasterio.env.Env object at 0x7f44541fc100>
2023-11-28 08:33:04,040 - rasterio._base - DEBUG - Sharing flag: 0
2023-11-28 08:33:04,041 - rasterio._base - DEBUG - Nodata success: 1, Nodata value: nan
2023-11-28 08:33:04,041 - rasterio._base - DEBUG - Dataset <open DatasetReader name='https://radar.bmkg.go.id/raster/radarsatelit_202311280800.tif' mode='r'> is started.
2023-11-28 08:33:04,041 - rasterio.env - DEBUG - Exiting env context: <rasterio.env.Env object at 0x7f44541fc100>
2023-11-28 08:33:04,041 - rasterio.env - DEBUG - Cleared existing <rasterio._env.GDALEnv object at 0x7f4454babee0> options
2023-11-28 08:33:04,041 - rasterio._env - DEBUG - Stopped GDALEnv <rasterio._env.GDALEnv object at 0x7f4454babee0>.
2023-11-28 08:33:04,042 - rasterio.env - DEBUG - No GDAL environment exists
2023-11-28 08:33:04,042 - rasterio.env - DEBUG - New GDAL environment <rasterio._env.GDALEnv object at 0x7f4454babee0> created
2023-11-28 08:33:04,042 - rasterio._env - DEBUG - GDAL data found in package: path='/home/metpublic/PYTHON_VENV/present_weather/lib/python3.10/site-packages/rasterio/gdal_data'.
2023-11-28 08:33:04,042 - rasterio._env - DEBUG - PROJ data found in package: path='/home/metpublic/PYTHON_VENV/present_weather/lib/python3.10/site-packages/rasterio/proj_data'.
2023-11-28 08:33:04,042 - rasterio._env - DEBUG - Started GDALEnv: self=<rasterio._env.GDALEnv object at 0x7f4454babee0>.
2023-11-28 08:33:04,042 - rasterio.env - DEBUG - Exited env context: <rasterio.env.Env object at 0x7f44541fc100>
2023-11-28 08:33:04,060 - rasterio._io - DEBUG - Output nodata value read from file: nan
2023-11-28 08:33:04,060 - rasterio._io - DEBUG - Output nodata values: [nan]
2023-11-28 08:33:04,061 - rasterio._io - DEBUG - all_valid: False
2023-11-28 08:33:04,061 - rasterio._io - DEBUG - mask_flags: ([<MaskFlags.nodata: 8>],)
2023-11-28 08:33:04,061 - rasterio._io - DEBUG - Jump straight to _read()
2023-11-28 08:33:04,061 - rasterio._io - DEBUG - Window: Window(col_off=0, row_off=0, width=10215, height=3792)
2023-11-28 08:33:04,062 - rasterio._io - DEBUG - IO window xoff=0.0 yoff=0.0 width=10215.0 height=3792.0
2023-11-28 08:33:04,655 - rasterio.env - DEBUG - Exiting env context: <rasterio.env.Env object at 0x7f44554b7a30>
2023-11-28 08:33:04,656 - rasterio.env - DEBUG - Cleared existing <rasterio._env.GDALEnv object at 0x7f4454babee0> options
2023-11-28 08:33:04,656 - rasterio._env - DEBUG - Stopped GDALEnv <rasterio._env.GDALEnv object at 0x7f4454babee0>.
2023-11-28 08:33:04,656 - rasterio.env - DEBUG - Exiting outermost env
2023-11-28 08:33:04,656 - rasterio.env - DEBUG - Exited env context: <rasterio.env.Env object at 0x7f44554b7a30>
2023-11-28 08:33:04,658 - urllib3.connectionpool - DEBUG - Starting new HTTPS connection (1): radar.bmkg.go.id:8060
2023-11-28 08:33:04,668 - urllib3.connectionpool - DEBUG - https://radar.bmkg.go.id:8060 "GET /getLatestLD?typeData=1 HTTP/1.1" 200 62
2023-11-28 08:33:06,281 - rasterio.env - DEBUG - Entering env context: <rasterio.env.Env object at 0x7f4454b365c0>
2023-11-28 08:33:06,281 - rasterio.env - DEBUG - Starting outermost env
2023-11-28 08:33:06,281 - rasterio.env - DEBUG - No GDAL environment exists
2023-11-28 08:33:06,281 - rasterio.env - DEBUG - New GDAL environment <rasterio._env.GDALEnv object at 0x7f4454b369e0> created
2023-11-28 08:33:06,282 - rasterio._env - DEBUG - GDAL data found in package: path='/home/metpublic/PYTHON_VENV/present_weather/lib/python3.10/site-packages/rasterio/gdal_data'.
2023-11-28 08:33:06,282 - rasterio._env - DEBUG - PROJ data found in package: path='/home/metpublic/PYTHON_VENV/present_weather/lib/python3.10/site-packages/rasterio/proj_data'.
2023-11-28 08:33:06,282 - rasterio._env - DEBUG - Started GDALEnv: self=<rasterio._env.GDALEnv object at 0x7f4454b369e0>.
2023-11-28 08:33:06,282 - rasterio.env - DEBUG - Entered env context: <rasterio.env.Env object at 0x7f4454b365c0>
2023-11-28 08:33:06,282 - rasterio._base - DEBUG - Sharing flag: 0
2023-11-28 08:33:06,283 - rasterio._base - DEBUG - Nodata success: 0, Nodata value: 0.000000
2023-11-28 08:33:06,284 - rasterio._base - DEBUG - Dataset <open DatasetReader name='/home/metpublic/TASK_RELEASE/EFAN/present_weather/src/H09_B13_Indonesia_20231128.Z0740.cor.tiff' mode='r'> is started.
2023-11-28 08:33:06,284 - rasterio.env - DEBUG - Exiting env context: <rasterio.env.Env object at 0x7f4454b365c0>
2023-11-28 08:33:06,284 - rasterio.env - DEBUG - Cleared existing <rasterio._env.GDALEnv object at 0x7f4454b369e0> options
2023-11-28 08:33:06,284 - rasterio._env - DEBUG - Stopped GDALEnv <rasterio._env.GDALEnv object at 0x7f4454b369e0>.
2023-11-28 08:33:06,284 - rasterio.env - DEBUG - Exiting outermost env
2023-11-28 08:33:06,284 - rasterio.env - DEBUG - Exited env context: <rasterio.env.Env object at 0x7f4454b365c0>
2023-11-28 08:33:06,284 - rasterio.env - DEBUG - Entering env context: <rasterio.env.Env object at 0x7f44541fca00>
2023-11-28 08:33:06,284 - rasterio.env - DEBUG - Starting outermost env
2023-11-28 08:33:06,284 - rasterio.env - DEBUG - No GDAL environment exists
2023-11-28 08:33:06,284 - rasterio.env - DEBUG - New GDAL environment <rasterio._env.GDALEnv object at 0x7f44541fcd90> created
2023-11-28 08:33:06,285 - rasterio._env - DEBUG - GDAL data found in package: path='/home/metpublic/PYTHON_VENV/present_weather/lib/python3.10/site-packages/rasterio/gdal_data'.
2023-11-28 08:33:06,285 - rasterio._env - DEBUG - PROJ data found in package: path='/home/metpublic/PYTHON_VENV/present_weather/lib/python3.10/site-packages/rasterio/proj_data'.
2023-11-28 08:33:06,285 - rasterio._env - DEBUG - Started GDALEnv: self=<rasterio._env.GDALEnv object at 0x7f44541fcd90>.
2023-11-28 08:33:06,285 - rasterio.env - DEBUG - Entered env context: <rasterio.env.Env object at 0x7f44541fca00>
2023-11-28 08:33:06,285 - rasterio._base - DEBUG - Sharing flag: 0
2023-11-28 08:33:06,286 - rasterio._base - DEBUG - Nodata success: 0, Nodata value: 0.000000
2023-11-28 08:33:06,286 - rasterio._base - DEBUG - Dataset <open DatasetReader name='/home/metpublic/TASK_RELEASE/EFAN/present_weather/src/H09_B13_Indonesia_20231128.Z0740.cor.tiff' mode='r'> is started.
2023-11-28 08:33:06,286 - rasterio.env - DEBUG - Exiting env context: <rasterio.env.Env object at 0x7f44541fca00>
2023-11-28 08:33:06,286 - rasterio.env - DEBUG - Cleared existing <rasterio._env.GDALEnv object at 0x7f44541fcd90> options
2023-11-28 08:33:06,286 - rasterio._env - DEBUG - Stopped GDALEnv <rasterio._env.GDALEnv object at 0x7f44541fcd90>.
2023-11-28 08:33:06,286 - rasterio.env - DEBUG - Exiting outermost env
2023-11-28 08:33:06,286 - rasterio.env - DEBUG - Exited env context: <rasterio.env.Env object at 0x7f44541fca00>
2023-11-28 08:33:06,295 - root - INFO - Generating present weather using SATELITE data
2023-11-28 08:34:15,897 - root - INFO - Total elapsed time: 0:01:13.563269
