2023-11-27 17:03:02,548 - root - INFO - Initiating present weather
2023-11-27 17:03:02,550 - asyncio - DEBUG - Using selector: EpollSelector
2023-11-27 17:03:04,039 - urllib3.connectionpool - DEBUG - Starting new HTTPS connection (1): radar.bmkg.go.id:8060
2023-11-27 17:03:04,059 - urllib3.connectionpool - DEBUG - https://radar.bmkg.go.id:8060 "GET /getRadarGeotif?token=19387e71e78522ae4172ec0fda640983b8438c9cfa0ca571623cb69d8327&radar=amandemenForecast&type=latest HTTP/1.1" 200 90
2023-11-27 17:03:04,061 - rasterio.env - DEBUG - Entering env context: <rasterio.env.Env object at 0x7fe0ad981d50>
2023-11-27 17:03:04,061 - rasterio.env - DEBUG - Starting outermost env
2023-11-27 17:03:04,061 - rasterio.env - DEBUG - No GDAL environment exists
2023-11-27 17:03:04,061 - rasterio.env - DEBUG - New GDAL environment <rasterio._env.GDALEnv object at 0x7fe0ad981c00> created
2023-11-27 17:03:04,064 - rasterio._filepath - DEBUG - Installing FilePath filesystem handler plugin...
2023-11-27 17:03:04,065 - rasterio._env - DEBUG - GDAL data found in package: path='/home/metpublic/PYTHON_VENV/present_weather/lib/python3.10/site-packages/rasterio/gdal_data'.
2023-11-27 17:03:04,065 - rasterio._env - DEBUG - PROJ data found in package: path='/home/metpublic/PYTHON_VENV/present_weather/lib/python3.10/site-packages/rasterio/proj_data'.
2023-11-27 17:03:04,065 - rasterio._env - DEBUG - Started GDALEnv: self=<rasterio._env.GDALEnv object at 0x7fe0ad981c00>.
2023-11-27 17:03:04,065 - rasterio.env - DEBUG - Entered env context: <rasterio.env.Env object at 0x7fe0ad981d50>
2023-11-27 17:03:04,065 - rasterio._base - DEBUG - Sharing flag: 0
2023-11-27 17:03:04,238 - rasterio._base - DEBUG - Nodata success: 1, Nodata value: nan
2023-11-27 17:03:04,238 - rasterio._base - DEBUG - Dataset <open DatasetReader name='https://radar.bmkg.go.id/raster/radarsatelit_202311271700.tif' mode='r'> is started.
2023-11-27 17:03:04,239 - rasterio.env - DEBUG - Exiting env context: <rasterio.env.Env object at 0x7fe0ad981d50>
2023-11-27 17:03:04,239 - rasterio.env - DEBUG - Cleared existing <rasterio._env.GDALEnv object at 0x7fe0ad981c00> options
2023-11-27 17:03:04,239 - rasterio._env - DEBUG - Stopped GDALEnv <rasterio._env.GDALEnv object at 0x7fe0ad981c00>.
2023-11-27 17:03:04,239 - rasterio.env - DEBUG - Exiting outermost env
2023-11-27 17:03:04,239 - rasterio.env - DEBUG - Exited env context: <rasterio.env.Env object at 0x7fe0ad981d50>
2023-11-27 17:03:04,239 - rasterio.env - DEBUG - Entering env context: <rasterio.env.Env object at 0x7fe0ad9b7880>
2023-11-27 17:03:04,239 - rasterio.env - DEBUG - Starting outermost env
2023-11-27 17:03:04,239 - rasterio.env - DEBUG - No GDAL environment exists
2023-11-27 17:03:04,239 - rasterio.env - DEBUG - New GDAL environment <rasterio._env.GDALEnv object at 0x7fe0ad9819c0> created
2023-11-27 17:03:04,239 - rasterio._env - DEBUG - GDAL data found in package: path='/home/metpublic/PYTHON_VENV/present_weather/lib/python3.10/site-packages/rasterio/gdal_data'.
2023-11-27 17:03:04,240 - rasterio._env - DEBUG - PROJ data found in package: path='/home/metpublic/PYTHON_VENV/present_weather/lib/python3.10/site-packages/rasterio/proj_data'.
2023-11-27 17:03:04,240 - rasterio._env - DEBUG - Started GDALEnv: self=<rasterio._env.GDALEnv object at 0x7fe0ad9819c0>.
2023-11-27 17:03:04,240 - rasterio.env - DEBUG - Entered env context: <rasterio.env.Env object at 0x7fe0ad9b7880>
2023-11-27 17:03:04,240 - rasterio.env - DEBUG - Got a copy of environment <rasterio._env.GDALEnv object at 0x7fe0ad9819c0> options
2023-11-27 17:03:04,240 - rasterio.env - DEBUG - Entering env context: <rasterio.env.Env object at 0x7fe0ac5e1120>
2023-11-27 17:03:04,241 - rasterio.env - DEBUG - Got a copy of environment <rasterio._env.GDALEnv object at 0x7fe0ad9819c0> options
2023-11-27 17:03:04,241 - rasterio.env - DEBUG - Entered env context: <rasterio.env.Env object at 0x7fe0ac5e1120>
2023-11-27 17:03:04,241 - rasterio._base - DEBUG - Sharing flag: 0
2023-11-27 17:03:04,241 - rasterio._base - DEBUG - Nodata success: 1, Nodata value: nan
2023-11-27 17:03:04,242 - rasterio._base - DEBUG - Dataset <open DatasetReader name='https://radar.bmkg.go.id/raster/radarsatelit_202311271700.tif' mode='r'> is started.
2023-11-27 17:03:04,242 - rasterio.env - DEBUG - Exiting env context: <rasterio.env.Env object at 0x7fe0ac5e1120>
2023-11-27 17:03:04,242 - rasterio.env - DEBUG - Cleared existing <rasterio._env.GDALEnv object at 0x7fe0ad9819c0> options
2023-11-27 17:03:04,242 - rasterio._env - DEBUG - Stopped GDALEnv <rasterio._env.GDALEnv object at 0x7fe0ad9819c0>.
2023-11-27 17:03:04,242 - rasterio.env - DEBUG - No GDAL environment exists
2023-11-27 17:03:04,242 - rasterio.env - DEBUG - New GDAL environment <rasterio._env.GDALEnv object at 0x7fe0ad9819c0> created
2023-11-27 17:03:04,242 - rasterio._env - DEBUG - GDAL data found in package: path='/home/metpublic/PYTHON_VENV/present_weather/lib/python3.10/site-packages/rasterio/gdal_data'.
2023-11-27 17:03:04,242 - rasterio._env - DEBUG - PROJ data found in package: path='/home/metpublic/PYTHON_VENV/present_weather/lib/python3.10/site-packages/rasterio/proj_data'.
2023-11-27 17:03:04,242 - rasterio._env - DEBUG - Started GDALEnv: self=<rasterio._env.GDALEnv object at 0x7fe0ad9819c0>.
2023-11-27 17:03:04,243 - rasterio.env - DEBUG - Exited env context: <rasterio.env.Env object at 0x7fe0ac5e1120>
2023-11-27 17:03:04,258 - rasterio._io - DEBUG - Output nodata value read from file: nan
2023-11-27 17:03:04,259 - rasterio._io - DEBUG - Output nodata values: [nan]
2023-11-27 17:03:04,259 - rasterio._io - DEBUG - all_valid: False
2023-11-27 17:03:04,259 - rasterio._io - DEBUG - mask_flags: ([<MaskFlags.nodata: 8>],)
2023-11-27 17:03:04,259 - rasterio._io - DEBUG - Jump straight to _read()
2023-11-27 17:03:04,259 - rasterio._io - DEBUG - Window: Window(col_off=0, row_off=0, width=10215, height=3792)
2023-11-27 17:03:04,260 - rasterio._io - DEBUG - IO window xoff=0.0 yoff=0.0 width=10215.0 height=3792.0
2023-11-27 17:03:04,814 - rasterio.env - DEBUG - Exiting env context: <rasterio.env.Env object at 0x7fe0ad9b7880>
2023-11-27 17:03:04,814 - rasterio.env - DEBUG - Cleared existing <rasterio._env.GDALEnv object at 0x7fe0ad9819c0> options
2023-11-27 17:03:04,814 - rasterio._env - DEBUG - Stopped GDALEnv <rasterio._env.GDALEnv object at 0x7fe0ad9819c0>.
2023-11-27 17:03:04,814 - rasterio.env - DEBUG - Exiting outermost env
2023-11-27 17:03:04,814 - rasterio.env - DEBUG - Exited env context: <rasterio.env.Env object at 0x7fe0ad9b7880>
2023-11-27 17:03:04,816 - urllib3.connectionpool - DEBUG - Starting new HTTPS connection (1): radar.bmkg.go.id:8060
2023-11-27 17:03:04,835 - urllib3.connectionpool - DEBUG - https://radar.bmkg.go.id:8060 "GET /getLatestLD?typeData=1 HTTP/1.1" 200 13080
2023-11-27 17:03:04,841 - root - INFO - Generating present weather using RADAR data
2023-11-27 17:03:08,855 - root - INFO - dask.bag<lambda, npartitions=34>
2023-11-27 17:09:46,679 - root - INFO - Total elapsed time: 0:06:44.131536
