2023-11-17 18:40:03,287 - root - INFO - Initiating present weather
2023-11-17 18:40:03,292 - urllib3.connectionpool - DEBUG - Starting new HTTPS connection (1): radar.bmkg.go.id:8060
2023-11-17 18:40:03,369 - urllib3.connectionpool - DEBUG - https://radar.bmkg.go.id:8060 "GET /getRadarGeotif?token=19387e71e78522ae4172ec0fda640983b8438c9cfa0ca571623cb69d8327&radar=amandemenForecast&type=latest HTTP/1.1" 200 90
2023-11-17 18:40:03,372 - rasterio.env - DEBUG - Entering env context: <rasterio.env.Env object at 0x7f272a80de20>
2023-11-17 18:40:03,373 - rasterio.env - DEBUG - Starting outermost env
2023-11-17 18:40:03,373 - rasterio.env - DEBUG - No GDAL environment exists
2023-11-17 18:40:03,373 - rasterio.env - DEBUG - New GDAL environment <rasterio._env.GDALEnv object at 0x7f269cd00dc0> created
2023-11-17 18:40:03,378 - rasterio._filepath - DEBUG - Installing FilePath filesystem handler plugin...
2023-11-17 18:40:03,378 - rasterio._env - DEBUG - GDAL data found in package: path='/home/swx/miniconda3/envs/present_weather/lib/python3.12/site-packages/rasterio/gdal_data'.
2023-11-17 18:40:03,378 - rasterio._env - DEBUG - PROJ_LIB found in environment.
2023-11-17 18:40:03,378 - rasterio._env - DEBUG - Started GDALEnv: self=<rasterio._env.GDALEnv object at 0x7f269cd00dc0>.
2023-11-17 18:40:03,378 - rasterio.env - DEBUG - Entered env context: <rasterio.env.Env object at 0x7f272a80de20>
2023-11-17 18:40:03,378 - rasterio._base - DEBUG - Sharing flag: 0
2023-11-17 18:40:03,562 - rasterio._base - DEBUG - Nodata success: 1, Nodata value: nan
2023-11-17 18:40:03,562 - rasterio._base - DEBUG - Dataset <open DatasetReader name='https://radar.bmkg.go.id/raster/radarsatelit_202311171830.tif' mode='r'> is started.
2023-11-17 18:40:03,562 - rasterio.env - DEBUG - Exiting env context: <rasterio.env.Env object at 0x7f272a80de20>
2023-11-17 18:40:03,563 - rasterio.env - DEBUG - Cleared existing <rasterio._env.GDALEnv object at 0x7f269cd00dc0> options
2023-11-17 18:40:03,563 - rasterio._env - DEBUG - Stopped GDALEnv <rasterio._env.GDALEnv object at 0x7f269cd00dc0>.
2023-11-17 18:40:03,563 - rasterio.env - DEBUG - Exiting outermost env
2023-11-17 18:40:03,563 - rasterio.env - DEBUG - Exited env context: <rasterio.env.Env object at 0x7f272a80de20>
2023-11-17 18:40:03,563 - rasterio.env - DEBUG - Entering env context: <rasterio.env.Env object at 0x7f269d209e80>
2023-11-17 18:40:03,563 - rasterio.env - DEBUG - Starting outermost env
2023-11-17 18:40:03,563 - rasterio.env - DEBUG - No GDAL environment exists
2023-11-17 18:40:03,563 - rasterio.env - DEBUG - New GDAL environment <rasterio._env.GDALEnv object at 0x7f269cd00dc0> created
2023-11-17 18:40:03,564 - rasterio._env - DEBUG - GDAL data found in package: path='/home/swx/miniconda3/envs/present_weather/lib/python3.12/site-packages/rasterio/gdal_data'.
2023-11-17 18:40:03,564 - rasterio._env - DEBUG - PROJ_LIB found in environment.
2023-11-17 18:40:03,564 - rasterio._env - DEBUG - Started GDALEnv: self=<rasterio._env.GDALEnv object at 0x7f269cd00dc0>.
2023-11-17 18:40:03,564 - rasterio.env - DEBUG - Entered env context: <rasterio.env.Env object at 0x7f269d209e80>
2023-11-17 18:40:03,565 - rasterio.env - DEBUG - Got a copy of environment <rasterio._env.GDALEnv object at 0x7f269cd00dc0> options
2023-11-17 18:40:03,565 - rasterio.env - DEBUG - Entering env context: <rasterio.env.Env object at 0x7f272a8e9250>
2023-11-17 18:40:03,565 - rasterio.env - DEBUG - Got a copy of environment <rasterio._env.GDALEnv object at 0x7f269cd00dc0> options
2023-11-17 18:40:03,565 - rasterio.env - DEBUG - Entered env context: <rasterio.env.Env object at 0x7f272a8e9250>
2023-11-17 18:40:03,565 - rasterio._base - DEBUG - Sharing flag: 0
2023-11-17 18:40:03,566 - rasterio._base - DEBUG - Nodata success: 1, Nodata value: nan
2023-11-17 18:40:03,566 - rasterio._base - DEBUG - Dataset <open DatasetReader name='https://radar.bmkg.go.id/raster/radarsatelit_202311171830.tif' mode='r'> is started.
2023-11-17 18:40:03,566 - rasterio.env - DEBUG - Exiting env context: <rasterio.env.Env object at 0x7f272a8e9250>
2023-11-17 18:40:03,567 - rasterio.env - DEBUG - Cleared existing <rasterio._env.GDALEnv object at 0x7f269cd00dc0> options
2023-11-17 18:40:03,567 - rasterio._env - DEBUG - Stopped GDALEnv <rasterio._env.GDALEnv object at 0x7f269cd00dc0>.
2023-11-17 18:40:03,567 - rasterio.env - DEBUG - No GDAL environment exists
2023-11-17 18:40:03,567 - rasterio.env - DEBUG - New GDAL environment <rasterio._env.GDALEnv object at 0x7f269cd00dc0> created
2023-11-17 18:40:03,567 - rasterio._env - DEBUG - GDAL data found in package: path='/home/swx/miniconda3/envs/present_weather/lib/python3.12/site-packages/rasterio/gdal_data'.
2023-11-17 18:40:03,567 - rasterio._env - DEBUG - PROJ_LIB found in environment.
2023-11-17 18:40:03,568 - rasterio._env - DEBUG - Started GDALEnv: self=<rasterio._env.GDALEnv object at 0x7f269cd00dc0>.
2023-11-17 18:40:03,568 - rasterio.env - DEBUG - Exited env context: <rasterio.env.Env object at 0x7f272a8e9250>
2023-11-17 18:40:03,595 - rasterio._io - DEBUG - Output nodata value read from file: nan
2023-11-17 18:40:03,595 - rasterio._io - DEBUG - Output nodata values: [nan]
2023-11-17 18:40:03,595 - rasterio._io - DEBUG - all_valid: False
2023-11-17 18:40:03,596 - rasterio._io - DEBUG - mask_flags: ([<MaskFlags.nodata: 8>],)
2023-11-17 18:40:03,596 - rasterio._io - DEBUG - Jump straight to _read()
2023-11-17 18:40:03,596 - rasterio._io - DEBUG - Window: Window(col_off=0, row_off=0, width=10215, height=3792)
2023-11-17 18:40:03,596 - rasterio._io - DEBUG - IO window xoff=0.0 yoff=0.0 width=10215.0 height=3792.0
2023-11-17 18:40:04,342 - rasterio.env - DEBUG - Exiting env context: <rasterio.env.Env object at 0x7f269d209e80>
2023-11-17 18:40:04,342 - rasterio.env - DEBUG - Cleared existing <rasterio._env.GDALEnv object at 0x7f269cd00dc0> options
2023-11-17 18:40:04,342 - rasterio._env - DEBUG - Stopped GDALEnv <rasterio._env.GDALEnv object at 0x7f269cd00dc0>.
2023-11-17 18:40:04,343 - rasterio.env - DEBUG - Exiting outermost env
2023-11-17 18:40:04,343 - rasterio.env - DEBUG - Exited env context: <rasterio.env.Env object at 0x7f269d209e80>
2023-11-17 18:40:04,345 - urllib3.connectionpool - DEBUG - Starting new HTTPS connection (1): radar.bmkg.go.id:8060
2023-11-17 18:40:04,401 - urllib3.connectionpool - DEBUG - https://radar.bmkg.go.id:8060 "GET /getLatestLD?typeData=1 HTTP/1.1" 200 59539
2023-11-17 18:40:04,434 - asyncio - DEBUG - Using selector: EpollSelector
2023-11-17 18:40:11,133 - root - INFO - dask.bag<lambda, npartitions=34>
2023-11-17 18:56:01,446 - root - INFO - Total elapsed time: 0:15:58.160471
