2023-11-27 14:53:03,059 - root - INFO - Initiating present weather
2023-11-27 14:53:03,061 - asyncio - DEBUG - Using selector: EpollSelector
2023-11-27 14:53:04,538 - urllib3.connectionpool - DEBUG - Starting new HTTPS connection (1): radar.bmkg.go.id:8060
2023-11-27 14:53:04,570 - urllib3.connectionpool - DEBUG - https://radar.bmkg.go.id:8060 "GET /getRadarGeotif?token=19387e71e78522ae4172ec0fda640983b8438c9cfa0ca571623cb69d8327&radar=amandemenForecast&type=latest HTTP/1.1" 200 90
2023-11-27 14:53:04,571 - rasterio.env - DEBUG - Entering env context: <rasterio.env.Env object at 0x7fa84858f850>
2023-11-27 14:53:04,572 - rasterio.env - DEBUG - Starting outermost env
2023-11-27 14:53:04,572 - rasterio.env - DEBUG - No GDAL environment exists
2023-11-27 14:53:04,572 - rasterio.env - DEBUG - New GDAL environment <rasterio._env.GDALEnv object at 0x7fa84858e1a0> created
2023-11-27 14:53:04,576 - rasterio._filepath - DEBUG - Installing FilePath filesystem handler plugin...
2023-11-27 14:53:04,576 - rasterio._env - DEBUG - GDAL data found in package: path='/home/metpublic/PYTHON_VENV/present_weather/lib/python3.10/site-packages/rasterio/gdal_data'.
2023-11-27 14:53:04,576 - rasterio._env - DEBUG - PROJ data found in package: path='/home/metpublic/PYTHON_VENV/present_weather/lib/python3.10/site-packages/rasterio/proj_data'.
2023-11-27 14:53:04,576 - rasterio._env - DEBUG - Started GDALEnv: self=<rasterio._env.GDALEnv object at 0x7fa84858e1a0>.
2023-11-27 14:53:04,576 - rasterio.env - DEBUG - Entered env context: <rasterio.env.Env object at 0x7fa84858f850>
2023-11-27 14:53:04,576 - rasterio._base - DEBUG - Sharing flag: 0
2023-11-27 14:53:04,758 - rasterio._base - DEBUG - Nodata success: 1, Nodata value: nan
2023-11-27 14:53:04,760 - rasterio._base - DEBUG - Dataset <open DatasetReader name='https://radar.bmkg.go.id/raster/radarsatelit_202311271450.tif' mode='r'> is started.
2023-11-27 14:53:04,760 - rasterio.env - DEBUG - Exiting env context: <rasterio.env.Env object at 0x7fa84858f850>
2023-11-27 14:53:04,760 - rasterio.env - DEBUG - Cleared existing <rasterio._env.GDALEnv object at 0x7fa84858e1a0> options
2023-11-27 14:53:04,760 - rasterio._env - DEBUG - Stopped GDALEnv <rasterio._env.GDALEnv object at 0x7fa84858e1a0>.
2023-11-27 14:53:04,760 - rasterio.env - DEBUG - Exiting outermost env
2023-11-27 14:53:04,760 - rasterio.env - DEBUG - Exited env context: <rasterio.env.Env object at 0x7fa84858f850>
2023-11-27 14:53:04,760 - rasterio.env - DEBUG - Entering env context: <rasterio.env.Env object at 0x7fa84be9b6d0>
2023-11-27 14:53:04,760 - rasterio.env - DEBUG - Starting outermost env
2023-11-27 14:53:04,760 - rasterio.env - DEBUG - No GDAL environment exists
2023-11-27 14:53:04,760 - rasterio.env - DEBUG - New GDAL environment <rasterio._env.GDALEnv object at 0x7fa84858e1a0> created
2023-11-27 14:53:04,761 - rasterio._env - DEBUG - GDAL data found in package: path='/home/metpublic/PYTHON_VENV/present_weather/lib/python3.10/site-packages/rasterio/gdal_data'.
2023-11-27 14:53:04,761 - rasterio._env - DEBUG - PROJ data found in package: path='/home/metpublic/PYTHON_VENV/present_weather/lib/python3.10/site-packages/rasterio/proj_data'.
2023-11-27 14:53:04,761 - rasterio._env - DEBUG - Started GDALEnv: self=<rasterio._env.GDALEnv object at 0x7fa84858e1a0>.
2023-11-27 14:53:04,761 - rasterio.env - DEBUG - Entered env context: <rasterio.env.Env object at 0x7fa84be9b6d0>
2023-11-27 14:53:04,762 - rasterio.env - DEBUG - Got a copy of environment <rasterio._env.GDALEnv object at 0x7fa84858e1a0> options
2023-11-27 14:53:04,762 - rasterio.env - DEBUG - Entering env context: <rasterio.env.Env object at 0x7fa8485e0df0>
2023-11-27 14:53:04,762 - rasterio.env - DEBUG - Got a copy of environment <rasterio._env.GDALEnv object at 0x7fa84858e1a0> options
2023-11-27 14:53:04,762 - rasterio.env - DEBUG - Entered env context: <rasterio.env.Env object at 0x7fa8485e0df0>
2023-11-27 14:53:04,762 - rasterio._base - DEBUG - Sharing flag: 0
2023-11-27 14:53:04,763 - rasterio._base - DEBUG - Nodata success: 1, Nodata value: nan
2023-11-27 14:53:04,763 - rasterio._base - DEBUG - Dataset <open DatasetReader name='https://radar.bmkg.go.id/raster/radarsatelit_202311271450.tif' mode='r'> is started.
2023-11-27 14:53:04,763 - rasterio.env - DEBUG - Exiting env context: <rasterio.env.Env object at 0x7fa8485e0df0>
2023-11-27 14:53:04,763 - rasterio.env - DEBUG - Cleared existing <rasterio._env.GDALEnv object at 0x7fa84858e1a0> options
2023-11-27 14:53:04,763 - rasterio._env - DEBUG - Stopped GDALEnv <rasterio._env.GDALEnv object at 0x7fa84858e1a0>.
2023-11-27 14:53:04,763 - rasterio.env - DEBUG - No GDAL environment exists
2023-11-27 14:53:04,764 - rasterio.env - DEBUG - New GDAL environment <rasterio._env.GDALEnv object at 0x7fa84858e1a0> created
2023-11-27 14:53:04,764 - rasterio._env - DEBUG - GDAL data found in package: path='/home/metpublic/PYTHON_VENV/present_weather/lib/python3.10/site-packages/rasterio/gdal_data'.
2023-11-27 14:53:04,764 - rasterio._env - DEBUG - PROJ data found in package: path='/home/metpublic/PYTHON_VENV/present_weather/lib/python3.10/site-packages/rasterio/proj_data'.
2023-11-27 14:53:04,764 - rasterio._env - DEBUG - Started GDALEnv: self=<rasterio._env.GDALEnv object at 0x7fa84858e1a0>.
2023-11-27 14:53:04,764 - rasterio.env - DEBUG - Exited env context: <rasterio.env.Env object at 0x7fa8485e0df0>
2023-11-27 14:53:04,781 - rasterio._io - DEBUG - Output nodata value read from file: nan
2023-11-27 14:53:04,782 - rasterio._io - DEBUG - Output nodata values: [nan]
2023-11-27 14:53:04,782 - rasterio._io - DEBUG - all_valid: False
2023-11-27 14:53:04,782 - rasterio._io - DEBUG - mask_flags: ([<MaskFlags.nodata: 8>],)
2023-11-27 14:53:04,782 - rasterio._io - DEBUG - Jump straight to _read()
2023-11-27 14:53:04,782 - rasterio._io - DEBUG - Window: Window(col_off=0, row_off=0, width=10215, height=3792)
2023-11-27 14:53:04,783 - rasterio._io - DEBUG - IO window xoff=0.0 yoff=0.0 width=10215.0 height=3792.0
2023-11-27 14:53:05,344 - rasterio.env - DEBUG - Exiting env context: <rasterio.env.Env object at 0x7fa84be9b6d0>
2023-11-27 14:53:05,344 - rasterio.env - DEBUG - Cleared existing <rasterio._env.GDALEnv object at 0x7fa84858e1a0> options
2023-11-27 14:53:05,344 - rasterio._env - DEBUG - Stopped GDALEnv <rasterio._env.GDALEnv object at 0x7fa84858e1a0>.
2023-11-27 14:53:05,344 - rasterio.env - DEBUG - Exiting outermost env
2023-11-27 14:53:05,344 - rasterio.env - DEBUG - Exited env context: <rasterio.env.Env object at 0x7fa84be9b6d0>
2023-11-27 14:53:05,346 - urllib3.connectionpool - DEBUG - Starting new HTTPS connection (1): radar.bmkg.go.id:8060
2023-11-27 14:53:05,366 - urllib3.connectionpool - DEBUG - https://radar.bmkg.go.id:8060 "GET /getLatestLD?typeData=1 HTTP/1.1" 200 13080
2023-11-27 14:53:05,371 - root - INFO - Generating present weather using RADAR data
2023-11-27 14:53:09,349 - root - INFO - dask.bag<lambda, npartitions=34>
2023-11-27 14:59:17,695 - root - INFO - Total elapsed time: 0:06:14.636269
