2023-12-05 23:23:02,232 - root - INFO - Initiating present weather
2023-12-05 23:23:02,233 - asyncio - DEBUG - Using selector: EpollSelector
2023-12-05 23:23:03,825 - urllib3.connectionpool - DEBUG - Starting new HTTPS connection (1): radar.bmkg.go.id:8060
2023-12-05 23:23:03,849 - urllib3.connectionpool - DEBUG - https://radar.bmkg.go.id:8060 "GET /getLatestLD?typeData=1 HTTP/1.1" 200 62
2023-12-05 23:23:03,851 - urllib3.connectionpool - DEBUG - Starting new HTTPS connection (1): radar.bmkg.go.id:8060
2023-12-05 23:23:03,874 - urllib3.connectionpool - DEBUG - https://radar.bmkg.go.id:8060 "GET /getRadarGeotif?token=19387e71e78522ae4172ec0fda640983b8438c9cfa0ca571623cb69d8327&radar=amandemenForecast&type=latest HTTP/1.1" 200 90
2023-12-05 23:23:03,874 - rasterio.env - DEBUG - Entering env context: <rasterio.env.Env object at 0x7eff6ad51840>
2023-12-05 23:23:03,875 - rasterio.env - DEBUG - Starting outermost env
2023-12-05 23:23:03,875 - rasterio.env - DEBUG - No GDAL environment exists
2023-12-05 23:23:03,875 - rasterio.env - DEBUG - New GDAL environment <rasterio._env.GDALEnv object at 0x7eff6ad52ef0> created
2023-12-05 23:23:03,878 - rasterio._filepath - DEBUG - Installing FilePath filesystem handler plugin...
2023-12-05 23:23:03,878 - rasterio._env - DEBUG - GDAL data found in package: path='/home/metpublic/PYTHON_VENV/present_weather/lib/python3.10/site-packages/rasterio/gdal_data'.
2023-12-05 23:23:03,878 - rasterio._env - DEBUG - PROJ data found in package: path='/home/metpublic/PYTHON_VENV/present_weather/lib/python3.10/site-packages/rasterio/proj_data'.
2023-12-05 23:23:03,878 - rasterio._env - DEBUG - Started GDALEnv: self=<rasterio._env.GDALEnv object at 0x7eff6ad52ef0>.
2023-12-05 23:23:03,878 - rasterio.env - DEBUG - Entered env context: <rasterio.env.Env object at 0x7eff6ad51840>
2023-12-05 23:23:03,878 - rasterio._base - DEBUG - Sharing flag: 0
2023-12-05 23:23:04,097 - rasterio._base - DEBUG - Nodata success: 1, Nodata value: nan
2023-12-05 23:23:04,098 - rasterio._base - DEBUG - Dataset <open DatasetReader name='https://radar.bmkg.go.id/raster/radarsatelit_202312052320.tif' mode='r'> is started.
2023-12-05 23:23:04,098 - rasterio.env - DEBUG - Exiting env context: <rasterio.env.Env object at 0x7eff6ad51840>
2023-12-05 23:23:04,098 - rasterio.env - DEBUG - Cleared existing <rasterio._env.GDALEnv object at 0x7eff6ad52ef0> options
2023-12-05 23:23:04,098 - rasterio._env - DEBUG - Stopped GDALEnv <rasterio._env.GDALEnv object at 0x7eff6ad52ef0>.
2023-12-05 23:23:04,098 - rasterio.env - DEBUG - Exiting outermost env
2023-12-05 23:23:04,098 - rasterio.env - DEBUG - Exited env context: <rasterio.env.Env object at 0x7eff6ad51840>
2023-12-05 23:23:04,098 - rasterio.env - DEBUG - Entering env context: <rasterio.env.Env object at 0x7eff6a49a3b0>
2023-12-05 23:23:04,098 - rasterio.env - DEBUG - Starting outermost env
2023-12-05 23:23:04,099 - rasterio.env - DEBUG - No GDAL environment exists
2023-12-05 23:23:04,099 - rasterio.env - DEBUG - New GDAL environment <rasterio._env.GDALEnv object at 0x7eff6ad52ef0> created
2023-12-05 23:23:04,099 - rasterio._env - DEBUG - GDAL data found in package: path='/home/metpublic/PYTHON_VENV/present_weather/lib/python3.10/site-packages/rasterio/gdal_data'.
2023-12-05 23:23:04,099 - rasterio._env - DEBUG - PROJ data found in package: path='/home/metpublic/PYTHON_VENV/present_weather/lib/python3.10/site-packages/rasterio/proj_data'.
2023-12-05 23:23:04,099 - rasterio._env - DEBUG - Started GDALEnv: self=<rasterio._env.GDALEnv object at 0x7eff6ad52ef0>.
2023-12-05 23:23:04,099 - rasterio.env - DEBUG - Entered env context: <rasterio.env.Env object at 0x7eff6a49a3b0>
2023-12-05 23:23:04,100 - rasterio.env - DEBUG - Got a copy of environment <rasterio._env.GDALEnv object at 0x7eff6ad52ef0> options
2023-12-05 23:23:04,100 - rasterio.env - DEBUG - Entering env context: <rasterio.env.Env object at 0x7eff682da1a0>
2023-12-05 23:23:04,100 - rasterio.env - DEBUG - Got a copy of environment <rasterio._env.GDALEnv object at 0x7eff6ad52ef0> options
2023-12-05 23:23:04,100 - rasterio.env - DEBUG - Entered env context: <rasterio.env.Env object at 0x7eff682da1a0>
2023-12-05 23:23:04,100 - rasterio._base - DEBUG - Sharing flag: 0
2023-12-05 23:23:04,101 - rasterio._base - DEBUG - Nodata success: 1, Nodata value: nan
2023-12-05 23:23:04,101 - rasterio._base - DEBUG - Dataset <open DatasetReader name='https://radar.bmkg.go.id/raster/radarsatelit_202312052320.tif' mode='r'> is started.
2023-12-05 23:23:04,101 - rasterio.env - DEBUG - Exiting env context: <rasterio.env.Env object at 0x7eff682da1a0>
2023-12-05 23:23:04,101 - rasterio.env - DEBUG - Cleared existing <rasterio._env.GDALEnv object at 0x7eff6ad52ef0> options
2023-12-05 23:23:04,101 - rasterio._env - DEBUG - Stopped GDALEnv <rasterio._env.GDALEnv object at 0x7eff6ad52ef0>.
2023-12-05 23:23:04,101 - rasterio.env - DEBUG - No GDAL environment exists
2023-12-05 23:23:04,101 - rasterio.env - DEBUG - New GDAL environment <rasterio._env.GDALEnv object at 0x7eff6ad52ef0> created
2023-12-05 23:23:04,102 - rasterio._env - DEBUG - GDAL data found in package: path='/home/metpublic/PYTHON_VENV/present_weather/lib/python3.10/site-packages/rasterio/gdal_data'.
2023-12-05 23:23:04,102 - rasterio._env - DEBUG - PROJ data found in package: path='/home/metpublic/PYTHON_VENV/present_weather/lib/python3.10/site-packages/rasterio/proj_data'.
2023-12-05 23:23:04,102 - rasterio._env - DEBUG - Started GDALEnv: self=<rasterio._env.GDALEnv object at 0x7eff6ad52ef0>.
2023-12-05 23:23:04,102 - rasterio.env - DEBUG - Exited env context: <rasterio.env.Env object at 0x7eff682da1a0>
2023-12-05 23:23:04,118 - rasterio._io - DEBUG - Output nodata value read from file: nan
2023-12-05 23:23:04,118 - rasterio._io - DEBUG - Output nodata values: [nan]
2023-12-05 23:23:04,118 - rasterio._io - DEBUG - all_valid: False
2023-12-05 23:23:04,118 - rasterio._io - DEBUG - mask_flags: ([<MaskFlags.nodata: 8>],)
2023-12-05 23:23:04,119 - rasterio._io - DEBUG - Jump straight to _read()
2023-12-05 23:23:04,119 - rasterio._io - DEBUG - Window: Window(col_off=0, row_off=0, width=10177, height=3732)
2023-12-05 23:23:04,119 - rasterio._io - DEBUG - IO window xoff=0.0 yoff=0.0 width=10177.0 height=3732.0
2023-12-05 23:23:04,664 - rasterio.env - DEBUG - Exiting env context: <rasterio.env.Env object at 0x7eff6a49a3b0>
2023-12-05 23:23:04,664 - rasterio.env - DEBUG - Cleared existing <rasterio._env.GDALEnv object at 0x7eff6ad52ef0> options
2023-12-05 23:23:04,664 - rasterio._env - DEBUG - Stopped GDALEnv <rasterio._env.GDALEnv object at 0x7eff6ad52ef0>.
2023-12-05 23:23:04,664 - rasterio.env - DEBUG - Exiting outermost env
2023-12-05 23:23:04,664 - rasterio.env - DEBUG - Exited env context: <rasterio.env.Env object at 0x7eff6a49a3b0>
2023-12-05 23:26:32,795 - rasterio.env - DEBUG - Entering env context: <rasterio.env.Env object at 0x7eff6835b010>
2023-12-05 23:26:32,796 - rasterio.env - DEBUG - Starting outermost env
2023-12-05 23:26:32,796 - rasterio.env - DEBUG - No GDAL environment exists
2023-12-05 23:26:32,796 - rasterio.env - DEBUG - New GDAL environment <rasterio._env.GDALEnv object at 0x7eff6835a470> created
2023-12-05 23:26:32,797 - rasterio._env - DEBUG - GDAL data found in package: path='/home/metpublic/PYTHON_VENV/present_weather/lib/python3.10/site-packages/rasterio/gdal_data'.
2023-12-05 23:26:32,797 - rasterio._env - DEBUG - PROJ data found in package: path='/home/metpublic/PYTHON_VENV/present_weather/lib/python3.10/site-packages/rasterio/proj_data'.
2023-12-05 23:26:32,797 - rasterio._env - DEBUG - Started GDALEnv: self=<rasterio._env.GDALEnv object at 0x7eff6835a470>.
2023-12-05 23:26:32,797 - rasterio.env - DEBUG - Entered env context: <rasterio.env.Env object at 0x7eff6835b010>
2023-12-05 23:26:32,797 - rasterio._base - DEBUG - Sharing flag: 0
2023-12-05 23:26:32,799 - rasterio._base - DEBUG - Nodata success: 0, Nodata value: 0.000000
2023-12-05 23:26:32,799 - rasterio._base - DEBUG - Dataset <open DatasetReader name='/home/metpublic/TASK_RELEASE/EFAN/present_weather/src/H09_B13_Indonesia_20231205.Z2310.cor.tiff' mode='r'> is started.
2023-12-05 23:26:32,799 - rasterio.env - DEBUG - Exiting env context: <rasterio.env.Env object at 0x7eff6835b010>
2023-12-05 23:26:32,799 - rasterio.env - DEBUG - Cleared existing <rasterio._env.GDALEnv object at 0x7eff6835a470> options
2023-12-05 23:26:32,799 - rasterio._env - DEBUG - Stopped GDALEnv <rasterio._env.GDALEnv object at 0x7eff6835a470>.
2023-12-05 23:26:32,799 - rasterio.env - DEBUG - Exiting outermost env
2023-12-05 23:26:32,799 - rasterio.env - DEBUG - Exited env context: <rasterio.env.Env object at 0x7eff6835b010>
2023-12-05 23:26:32,799 - rasterio.env - DEBUG - Entering env context: <rasterio.env.Env object at 0x7eff507107f0>
2023-12-05 23:26:32,800 - rasterio.env - DEBUG - Starting outermost env
2023-12-05 23:26:32,800 - rasterio.env - DEBUG - No GDAL environment exists
2023-12-05 23:26:32,800 - rasterio.env - DEBUG - New GDAL environment <rasterio._env.GDALEnv object at 0x7eff507123e0> created
2023-12-05 23:26:32,800 - rasterio._env - DEBUG - GDAL data found in package: path='/home/metpublic/PYTHON_VENV/present_weather/lib/python3.10/site-packages/rasterio/gdal_data'.
2023-12-05 23:26:32,800 - rasterio._env - DEBUG - PROJ data found in package: path='/home/metpublic/PYTHON_VENV/present_weather/lib/python3.10/site-packages/rasterio/proj_data'.
2023-12-05 23:26:32,800 - rasterio._env - DEBUG - Started GDALEnv: self=<rasterio._env.GDALEnv object at 0x7eff507123e0>.
2023-12-05 23:26:32,801 - rasterio.env - DEBUG - Entered env context: <rasterio.env.Env object at 0x7eff507107f0>
2023-12-05 23:26:32,801 - rasterio._base - DEBUG - Sharing flag: 0
2023-12-05 23:26:32,802 - rasterio._base - DEBUG - Nodata success: 0, Nodata value: 0.000000
2023-12-05 23:26:32,802 - rasterio._base - DEBUG - Dataset <open DatasetReader name='/home/metpublic/TASK_RELEASE/EFAN/present_weather/src/H09_B13_Indonesia_20231205.Z2310.cor.tiff' mode='r'> is started.
2023-12-05 23:26:32,802 - rasterio.env - DEBUG - Exiting env context: <rasterio.env.Env object at 0x7eff507107f0>
2023-12-05 23:26:32,802 - rasterio.env - DEBUG - Cleared existing <rasterio._env.GDALEnv object at 0x7eff507123e0> options
2023-12-05 23:26:32,802 - rasterio._env - DEBUG - Stopped GDALEnv <rasterio._env.GDALEnv object at 0x7eff507123e0>.
2023-12-05 23:26:32,802 - rasterio.env - DEBUG - Exiting outermost env
2023-12-05 23:26:32,802 - rasterio.env - DEBUG - Exited env context: <rasterio.env.Env object at 0x7eff507107f0>
2023-12-05 23:26:32,815 - root - INFO - Generating present weather using SATELITE data
2023-12-05 23:28:18,921 - root - INFO - Total elapsed time: 0:05:16.689876
