2023-11-15 01:40:03,349 - root - INFO - Initiating present weather
2023-11-15 01:40:03,353 - urllib3.connectionpool - DEBUG - Starting new HTTPS connection (1): radar.bmkg.go.id:8060
2023-11-15 01:40:03,415 - urllib3.connectionpool - DEBUG - https://radar.bmkg.go.id:8060 "GET /getRadarGeotif?token=19387e71e78522ae4172ec0fda640983b8438c9cfa0ca571623cb69d8327&radar=amandemenForecast&type=latest HTTP/1.1" 200 90
2023-11-15 01:40:03,418 - rasterio.env - DEBUG - Entering env context: <rasterio.env.Env object at 0x7f6698d98650>
2023-11-15 01:40:03,418 - rasterio.env - DEBUG - Starting outermost env
2023-11-15 01:40:03,419 - rasterio.env - DEBUG - No GDAL environment exists
2023-11-15 01:40:03,419 - rasterio.env - DEBUG - New GDAL environment <rasterio._env.GDALEnv object at 0x7f6659300b50> created
2023-11-15 01:40:03,422 - rasterio._filepath - DEBUG - Installing FilePath filesystem handler plugin...
2023-11-15 01:40:03,423 - rasterio._env - DEBUG - GDAL data found in package: path='/home/swx/miniconda3/envs/present_weather/lib/python3.12/site-packages/rasterio/gdal_data'.
2023-11-15 01:40:03,423 - rasterio._env - DEBUG - PROJ_LIB found in environment.
2023-11-15 01:40:03,423 - rasterio._env - DEBUG - Started GDALEnv: self=<rasterio._env.GDALEnv object at 0x7f6659300b50>.
2023-11-15 01:40:03,423 - rasterio.env - DEBUG - Entered env context: <rasterio.env.Env object at 0x7f6698d98650>
2023-11-15 01:40:03,423 - rasterio._base - DEBUG - Sharing flag: 0
2023-11-15 01:40:03,607 - rasterio._base - DEBUG - Nodata success: 1, Nodata value: nan
2023-11-15 01:40:03,607 - rasterio._base - DEBUG - Dataset <open DatasetReader name='https://radar.bmkg.go.id/raster/radarsatelit_202311150130.tif' mode='r'> is started.
2023-11-15 01:40:03,608 - rasterio.env - DEBUG - Exiting env context: <rasterio.env.Env object at 0x7f6698d98650>
2023-11-15 01:40:03,608 - rasterio.env - DEBUG - Cleared existing <rasterio._env.GDALEnv object at 0x7f6659300b50> options
2023-11-15 01:40:03,608 - rasterio._env - DEBUG - Stopped GDALEnv <rasterio._env.GDALEnv object at 0x7f6659300b50>.
2023-11-15 01:40:03,608 - rasterio.env - DEBUG - Exiting outermost env
2023-11-15 01:40:03,608 - rasterio.env - DEBUG - Exited env context: <rasterio.env.Env object at 0x7f6698d98650>
2023-11-15 01:40:03,608 - rasterio.env - DEBUG - Entering env context: <rasterio.env.Env object at 0x7f6698d9bd40>
2023-11-15 01:40:03,608 - rasterio.env - DEBUG - Starting outermost env
2023-11-15 01:40:03,608 - rasterio.env - DEBUG - No GDAL environment exists
2023-11-15 01:40:03,609 - rasterio.env - DEBUG - New GDAL environment <rasterio._env.GDALEnv object at 0x7f6659300b50> created
2023-11-15 01:40:03,609 - rasterio._env - DEBUG - GDAL data found in package: path='/home/swx/miniconda3/envs/present_weather/lib/python3.12/site-packages/rasterio/gdal_data'.
2023-11-15 01:40:03,609 - rasterio._env - DEBUG - PROJ_LIB found in environment.
2023-11-15 01:40:03,610 - rasterio._env - DEBUG - Started GDALEnv: self=<rasterio._env.GDALEnv object at 0x7f6659300b50>.
2023-11-15 01:40:03,610 - rasterio.env - DEBUG - Entered env context: <rasterio.env.Env object at 0x7f6698d9bd40>
2023-11-15 01:40:03,610 - rasterio.env - DEBUG - Got a copy of environment <rasterio._env.GDALEnv object at 0x7f6659300b50> options
2023-11-15 01:40:03,610 - rasterio.env - DEBUG - Entering env context: <rasterio.env.Env object at 0x7f66ba5f26c0>
2023-11-15 01:40:03,610 - rasterio.env - DEBUG - Got a copy of environment <rasterio._env.GDALEnv object at 0x7f6659300b50> options
2023-11-15 01:40:03,611 - rasterio.env - DEBUG - Entered env context: <rasterio.env.Env object at 0x7f66ba5f26c0>
2023-11-15 01:40:03,611 - rasterio._base - DEBUG - Sharing flag: 0
2023-11-15 01:40:03,612 - rasterio._base - DEBUG - Nodata success: 1, Nodata value: nan
2023-11-15 01:40:03,612 - rasterio._base - DEBUG - Dataset <open DatasetReader name='https://radar.bmkg.go.id/raster/radarsatelit_202311150130.tif' mode='r'> is started.
2023-11-15 01:40:03,612 - rasterio.env - DEBUG - Exiting env context: <rasterio.env.Env object at 0x7f66ba5f26c0>
2023-11-15 01:40:03,612 - rasterio.env - DEBUG - Cleared existing <rasterio._env.GDALEnv object at 0x7f6659300b50> options
2023-11-15 01:40:03,612 - rasterio._env - DEBUG - Stopped GDALEnv <rasterio._env.GDALEnv object at 0x7f6659300b50>.
2023-11-15 01:40:03,612 - rasterio.env - DEBUG - No GDAL environment exists
2023-11-15 01:40:03,612 - rasterio.env - DEBUG - New GDAL environment <rasterio._env.GDALEnv object at 0x7f6659300b50> created
2023-11-15 01:40:03,613 - rasterio._env - DEBUG - GDAL data found in package: path='/home/swx/miniconda3/envs/present_weather/lib/python3.12/site-packages/rasterio/gdal_data'.
2023-11-15 01:40:03,613 - rasterio._env - DEBUG - PROJ_LIB found in environment.
2023-11-15 01:40:03,613 - rasterio._env - DEBUG - Started GDALEnv: self=<rasterio._env.GDALEnv object at 0x7f6659300b50>.
2023-11-15 01:40:03,613 - rasterio.env - DEBUG - Exited env context: <rasterio.env.Env object at 0x7f66ba5f26c0>
2023-11-15 01:40:03,642 - rasterio._io - DEBUG - Output nodata value read from file: nan
2023-11-15 01:40:03,642 - rasterio._io - DEBUG - Output nodata values: [nan]
2023-11-15 01:40:03,643 - rasterio._io - DEBUG - all_valid: False
2023-11-15 01:40:03,643 - rasterio._io - DEBUG - mask_flags: ([<MaskFlags.nodata: 8>],)
2023-11-15 01:40:03,643 - rasterio._io - DEBUG - Jump straight to _read()
2023-11-15 01:40:03,643 - rasterio._io - DEBUG - Window: Window(col_off=0, row_off=0, width=10215, height=3792)
2023-11-15 01:40:03,644 - rasterio._io - DEBUG - IO window xoff=0.0 yoff=0.0 width=10215.0 height=3792.0
2023-11-15 01:40:04,267 - rasterio.env - DEBUG - Exiting env context: <rasterio.env.Env object at 0x7f6698d9bd40>
2023-11-15 01:40:04,267 - rasterio.env - DEBUG - Cleared existing <rasterio._env.GDALEnv object at 0x7f6659300b50> options
2023-11-15 01:40:04,267 - rasterio._env - DEBUG - Stopped GDALEnv <rasterio._env.GDALEnv object at 0x7f6659300b50>.
2023-11-15 01:40:04,267 - rasterio.env - DEBUG - Exiting outermost env
2023-11-15 01:40:04,267 - rasterio.env - DEBUG - Exited env context: <rasterio.env.Env object at 0x7f6698d9bd40>
2023-11-15 01:40:04,269 - urllib3.connectionpool - DEBUG - Starting new HTTPS connection (1): radar.bmkg.go.id:8060
2023-11-15 01:40:04,323 - urllib3.connectionpool - DEBUG - https://radar.bmkg.go.id:8060 "GET /getLatestLD?typeData=1 HTTP/1.1" 200 1167
2023-11-15 01:40:04,334 - asyncio - DEBUG - Using selector: EpollSelector
2023-11-15 01:40:11,100 - root - INFO - dask.bag<lambda, npartitions=34>
2023-11-15 01:59:21,493 - root - INFO - Total elapsed time: 0:19:18.145386
