2023-11-28 00:33:02,930 - root - INFO - Initiating present weather
2023-11-28 00:33:02,932 - asyncio - DEBUG - Using selector: EpollSelector
2023-11-28 00:33:04,430 - urllib3.connectionpool - DEBUG - Starting new HTTPS connection (1): radar.bmkg.go.id:8060
2023-11-28 00:33:04,454 - urllib3.connectionpool - DEBUG - https://radar.bmkg.go.id:8060 "GET /getRadarGeotif?token=19387e71e78522ae4172ec0fda640983b8438c9cfa0ca571623cb69d8327&radar=amandemenForecast&type=latest HTTP/1.1" 200 90
2023-11-28 00:33:04,455 - rasterio.env - DEBUG - Entering env context: <rasterio.env.Env object at 0x7fc57537a170>
2023-11-28 00:33:04,456 - rasterio.env - DEBUG - Starting outermost env
2023-11-28 00:33:04,456 - rasterio.env - DEBUG - No GDAL environment exists
2023-11-28 00:33:04,456 - rasterio.env - DEBUG - New GDAL environment <rasterio._env.GDALEnv object at 0x7fc57537ae30> created
2023-11-28 00:33:04,460 - rasterio._filepath - DEBUG - Installing FilePath filesystem handler plugin...
2023-11-28 00:33:04,460 - rasterio._env - DEBUG - GDAL data found in package: path='/home/metpublic/PYTHON_VENV/present_weather/lib/python3.10/site-packages/rasterio/gdal_data'.
2023-11-28 00:33:04,460 - rasterio._env - DEBUG - PROJ data found in package: path='/home/metpublic/PYTHON_VENV/present_weather/lib/python3.10/site-packages/rasterio/proj_data'.
2023-11-28 00:33:04,460 - rasterio._env - DEBUG - Started GDALEnv: self=<rasterio._env.GDALEnv object at 0x7fc57537ae30>.
2023-11-28 00:33:04,460 - rasterio.env - DEBUG - Entered env context: <rasterio.env.Env object at 0x7fc57537a170>
2023-11-28 00:33:04,460 - rasterio._base - DEBUG - Sharing flag: 0
2023-11-28 00:33:04,634 - rasterio._base - DEBUG - Nodata success: 1, Nodata value: nan
2023-11-28 00:33:04,634 - rasterio._base - DEBUG - Dataset <open DatasetReader name='https://radar.bmkg.go.id/raster/radarsatelit_202311280030.tif' mode='r'> is started.
2023-11-28 00:33:04,634 - rasterio.env - DEBUG - Exiting env context: <rasterio.env.Env object at 0x7fc57537a170>
2023-11-28 00:33:04,635 - rasterio.env - DEBUG - Cleared existing <rasterio._env.GDALEnv object at 0x7fc57537ae30> options
2023-11-28 00:33:04,635 - rasterio._env - DEBUG - Stopped GDALEnv <rasterio._env.GDALEnv object at 0x7fc57537ae30>.
2023-11-28 00:33:04,635 - rasterio.env - DEBUG - Exiting outermost env
2023-11-28 00:33:04,635 - rasterio.env - DEBUG - Exited env context: <rasterio.env.Env object at 0x7fc57537a170>
2023-11-28 00:33:04,635 - rasterio.env - DEBUG - Entering env context: <rasterio.env.Env object at 0x7fc575cf7a60>
2023-11-28 00:33:04,635 - rasterio.env - DEBUG - Starting outermost env
2023-11-28 00:33:04,635 - rasterio.env - DEBUG - No GDAL environment exists
2023-11-28 00:33:04,635 - rasterio.env - DEBUG - New GDAL environment <rasterio._env.GDALEnv object at 0x7fc57537ae30> created
2023-11-28 00:33:04,635 - rasterio._env - DEBUG - GDAL data found in package: path='/home/metpublic/PYTHON_VENV/present_weather/lib/python3.10/site-packages/rasterio/gdal_data'.
2023-11-28 00:33:04,636 - rasterio._env - DEBUG - PROJ data found in package: path='/home/metpublic/PYTHON_VENV/present_weather/lib/python3.10/site-packages/rasterio/proj_data'.
2023-11-28 00:33:04,636 - rasterio._env - DEBUG - Started GDALEnv: self=<rasterio._env.GDALEnv object at 0x7fc57537ae30>.
2023-11-28 00:33:04,636 - rasterio.env - DEBUG - Entered env context: <rasterio.env.Env object at 0x7fc575cf7a60>
2023-11-28 00:33:04,636 - rasterio.env - DEBUG - Got a copy of environment <rasterio._env.GDALEnv object at 0x7fc57537ae30> options
2023-11-28 00:33:04,636 - rasterio.env - DEBUG - Entering env context: <rasterio.env.Env object at 0x7fc574245240>
2023-11-28 00:33:04,636 - rasterio.env - DEBUG - Got a copy of environment <rasterio._env.GDALEnv object at 0x7fc57537ae30> options
2023-11-28 00:33:04,636 - rasterio.env - DEBUG - Entered env context: <rasterio.env.Env object at 0x7fc574245240>
2023-11-28 00:33:04,636 - rasterio._base - DEBUG - Sharing flag: 0
2023-11-28 00:33:04,637 - rasterio._base - DEBUG - Nodata success: 1, Nodata value: nan
2023-11-28 00:33:04,637 - rasterio._base - DEBUG - Dataset <open DatasetReader name='https://radar.bmkg.go.id/raster/radarsatelit_202311280030.tif' mode='r'> is started.
2023-11-28 00:33:04,637 - rasterio.env - DEBUG - Exiting env context: <rasterio.env.Env object at 0x7fc574245240>
2023-11-28 00:33:04,638 - rasterio.env - DEBUG - Cleared existing <rasterio._env.GDALEnv object at 0x7fc57537ae30> options
2023-11-28 00:33:04,638 - rasterio._env - DEBUG - Stopped GDALEnv <rasterio._env.GDALEnv object at 0x7fc57537ae30>.
2023-11-28 00:33:04,638 - rasterio.env - DEBUG - No GDAL environment exists
2023-11-28 00:33:04,638 - rasterio.env - DEBUG - New GDAL environment <rasterio._env.GDALEnv object at 0x7fc57537ae30> created
2023-11-28 00:33:04,638 - rasterio._env - DEBUG - GDAL data found in package: path='/home/metpublic/PYTHON_VENV/present_weather/lib/python3.10/site-packages/rasterio/gdal_data'.
2023-11-28 00:33:04,638 - rasterio._env - DEBUG - PROJ data found in package: path='/home/metpublic/PYTHON_VENV/present_weather/lib/python3.10/site-packages/rasterio/proj_data'.
2023-11-28 00:33:04,639 - rasterio._env - DEBUG - Started GDALEnv: self=<rasterio._env.GDALEnv object at 0x7fc57537ae30>.
2023-11-28 00:33:04,639 - rasterio.env - DEBUG - Exited env context: <rasterio.env.Env object at 0x7fc574245240>
2023-11-28 00:33:04,656 - rasterio._io - DEBUG - Output nodata value read from file: nan
2023-11-28 00:33:04,656 - rasterio._io - DEBUG - Output nodata values: [nan]
2023-11-28 00:33:04,657 - rasterio._io - DEBUG - all_valid: False
2023-11-28 00:33:04,657 - rasterio._io - DEBUG - mask_flags: ([<MaskFlags.nodata: 8>],)
2023-11-28 00:33:04,657 - rasterio._io - DEBUG - Jump straight to _read()
2023-11-28 00:33:04,657 - rasterio._io - DEBUG - Window: Window(col_off=0, row_off=0, width=10215, height=3792)
2023-11-28 00:33:04,657 - rasterio._io - DEBUG - IO window xoff=0.0 yoff=0.0 width=10215.0 height=3792.0
2023-11-28 00:33:05,189 - rasterio.env - DEBUG - Exiting env context: <rasterio.env.Env object at 0x7fc575cf7a60>
2023-11-28 00:33:05,189 - rasterio.env - DEBUG - Cleared existing <rasterio._env.GDALEnv object at 0x7fc57537ae30> options
2023-11-28 00:33:05,189 - rasterio._env - DEBUG - Stopped GDALEnv <rasterio._env.GDALEnv object at 0x7fc57537ae30>.
2023-11-28 00:33:05,190 - rasterio.env - DEBUG - Exiting outermost env
2023-11-28 00:33:05,190 - rasterio.env - DEBUG - Exited env context: <rasterio.env.Env object at 0x7fc575cf7a60>
2023-11-28 00:33:05,191 - urllib3.connectionpool - DEBUG - Starting new HTTPS connection (1): radar.bmkg.go.id:8060
2023-11-28 00:33:05,205 - urllib3.connectionpool - DEBUG - https://radar.bmkg.go.id:8060 "GET /getLatestLD?typeData=1 HTTP/1.1" 200 62
2023-11-28 00:33:07,088 - rasterio.env - DEBUG - Entering env context: <rasterio.env.Env object at 0x7fc57537ae30>
2023-11-28 00:33:07,088 - rasterio.env - DEBUG - Starting outermost env
2023-11-28 00:33:07,088 - rasterio.env - DEBUG - No GDAL environment exists
2023-11-28 00:33:07,088 - rasterio.env - DEBUG - New GDAL environment <rasterio._env.GDALEnv object at 0x7fc575cf6860> created
2023-11-28 00:33:07,089 - rasterio._env - DEBUG - GDAL data found in package: path='/home/metpublic/PYTHON_VENV/present_weather/lib/python3.10/site-packages/rasterio/gdal_data'.
2023-11-28 00:33:07,089 - rasterio._env - DEBUG - PROJ data found in package: path='/home/metpublic/PYTHON_VENV/present_weather/lib/python3.10/site-packages/rasterio/proj_data'.
2023-11-28 00:33:07,089 - rasterio._env - DEBUG - Started GDALEnv: self=<rasterio._env.GDALEnv object at 0x7fc575cf6860>.
2023-11-28 00:33:07,089 - rasterio.env - DEBUG - Entered env context: <rasterio.env.Env object at 0x7fc57537ae30>
2023-11-28 00:33:07,089 - rasterio._base - DEBUG - Sharing flag: 0
2023-11-28 00:33:07,091 - rasterio._base - DEBUG - Nodata success: 0, Nodata value: 0.000000
2023-11-28 00:33:07,091 - rasterio._base - DEBUG - Dataset <open DatasetReader name='/home/metpublic/TASK_RELEASE/EFAN/present_weather/src/H09_B13_Indonesia_20231128.Z0020.cor.tiff' mode='r'> is started.
2023-11-28 00:33:07,091 - rasterio.env - DEBUG - Exiting env context: <rasterio.env.Env object at 0x7fc57537ae30>
2023-11-28 00:33:07,091 - rasterio.env - DEBUG - Cleared existing <rasterio._env.GDALEnv object at 0x7fc575cf6860> options
2023-11-28 00:33:07,091 - rasterio._env - DEBUG - Stopped GDALEnv <rasterio._env.GDALEnv object at 0x7fc575cf6860>.
2023-11-28 00:33:07,091 - rasterio.env - DEBUG - Exiting outermost env
2023-11-28 00:33:07,091 - rasterio.env - DEBUG - Exited env context: <rasterio.env.Env object at 0x7fc57537ae30>
2023-11-28 00:33:07,091 - rasterio.env - DEBUG - Entering env context: <rasterio.env.Env object at 0x7fc5742475b0>
2023-11-28 00:33:07,091 - rasterio.env - DEBUG - Starting outermost env
2023-11-28 00:33:07,092 - rasterio.env - DEBUG - No GDAL environment exists
2023-11-28 00:33:07,092 - rasterio.env - DEBUG - New GDAL environment <rasterio._env.GDALEnv object at 0x7fc5742456c0> created
2023-11-28 00:33:07,092 - rasterio._env - DEBUG - GDAL data found in package: path='/home/metpublic/PYTHON_VENV/present_weather/lib/python3.10/site-packages/rasterio/gdal_data'.
2023-11-28 00:33:07,092 - rasterio._env - DEBUG - PROJ data found in package: path='/home/metpublic/PYTHON_VENV/present_weather/lib/python3.10/site-packages/rasterio/proj_data'.
2023-11-28 00:33:07,092 - rasterio._env - DEBUG - Started GDALEnv: self=<rasterio._env.GDALEnv object at 0x7fc5742456c0>.
2023-11-28 00:33:07,092 - rasterio.env - DEBUG - Entered env context: <rasterio.env.Env object at 0x7fc5742475b0>
2023-11-28 00:33:07,092 - rasterio._base - DEBUG - Sharing flag: 0
2023-11-28 00:33:07,093 - rasterio._base - DEBUG - Nodata success: 0, Nodata value: 0.000000
2023-11-28 00:33:07,093 - rasterio._base - DEBUG - Dataset <open DatasetReader name='/home/metpublic/TASK_RELEASE/EFAN/present_weather/src/H09_B13_Indonesia_20231128.Z0020.cor.tiff' mode='r'> is started.
2023-11-28 00:33:07,093 - rasterio.env - DEBUG - Exiting env context: <rasterio.env.Env object at 0x7fc5742475b0>
2023-11-28 00:33:07,093 - rasterio.env - DEBUG - Cleared existing <rasterio._env.GDALEnv object at 0x7fc5742456c0> options
2023-11-28 00:33:07,093 - rasterio._env - DEBUG - Stopped GDALEnv <rasterio._env.GDALEnv object at 0x7fc5742456c0>.
2023-11-28 00:33:07,093 - rasterio.env - DEBUG - Exiting outermost env
2023-11-28 00:33:07,094 - rasterio.env - DEBUG - Exited env context: <rasterio.env.Env object at 0x7fc5742475b0>
2023-11-28 00:33:07,103 - root - INFO - Generating present weather using SATELITE data
2023-11-28 00:34:01,811 - root - INFO - Total elapsed time: 0:00:58.881170
