2023-12-08 06:23:03,200 - root - INFO - Initiating present weather
2023-12-08 06:23:03,202 - asyncio - DEBUG - Using selector: EpollSelector
2023-12-08 06:23:04,959 - urllib3.connectionpool - DEBUG - Starting new HTTPS connection (1): radar.bmkg.go.id:8060
2023-12-08 06:23:04,972 - urllib3.connectionpool - DEBUG - https://radar.bmkg.go.id:8060 "GET /getLatestLD?typeData=1 HTTP/1.1" 200 62
2023-12-08 06:23:04,975 - urllib3.connectionpool - DEBUG - Starting new HTTPS connection (1): radar.bmkg.go.id:8060
2023-12-08 06:23:05,000 - urllib3.connectionpool - DEBUG - https://radar.bmkg.go.id:8060 "GET /getRadarGeotif?token=19387e71e78522ae4172ec0fda640983b8438c9cfa0ca571623cb69d8327&radar=amandemenForecast&type=latest HTTP/1.1" 200 90
2023-12-08 06:23:05,001 - rasterio.env - DEBUG - Entering env context: <rasterio.env.Env object at 0x7f83f352d870>
2023-12-08 06:23:05,002 - rasterio.env - DEBUG - Starting outermost env
2023-12-08 06:23:05,002 - rasterio.env - DEBUG - No GDAL environment exists
2023-12-08 06:23:05,002 - rasterio.env - DEBUG - New GDAL environment <rasterio._env.GDALEnv object at 0x7f83f2bb4760> created
2023-12-08 06:23:05,005 - rasterio._filepath - DEBUG - Installing FilePath filesystem handler plugin...
2023-12-08 06:23:05,005 - rasterio._env - DEBUG - GDAL data found in package: path='/home/metpublic/PYTHON_VENV/present_weather/lib/python3.10/site-packages/rasterio/gdal_data'.
2023-12-08 06:23:05,005 - rasterio._env - DEBUG - PROJ data found in package: path='/home/metpublic/PYTHON_VENV/present_weather/lib/python3.10/site-packages/rasterio/proj_data'.
2023-12-08 06:23:05,005 - rasterio._env - DEBUG - Started GDALEnv: self=<rasterio._env.GDALEnv object at 0x7f83f2bb4760>.
2023-12-08 06:23:05,006 - rasterio.env - DEBUG - Entered env context: <rasterio.env.Env object at 0x7f83f352d870>
2023-12-08 06:23:05,006 - rasterio._base - DEBUG - Sharing flag: 0
2023-12-08 06:23:05,252 - rasterio._base - DEBUG - Nodata success: 1, Nodata value: nan
2023-12-08 06:23:05,252 - rasterio._base - DEBUG - Dataset <open DatasetReader name='https://radar.bmkg.go.id/raster/radarsatelit_202312080620.tif' mode='r'> is started.
2023-12-08 06:23:05,252 - rasterio.env - DEBUG - Exiting env context: <rasterio.env.Env object at 0x7f83f352d870>
2023-12-08 06:23:05,253 - rasterio.env - DEBUG - Cleared existing <rasterio._env.GDALEnv object at 0x7f83f2bb4760> options
2023-12-08 06:23:05,253 - rasterio._env - DEBUG - Stopped GDALEnv <rasterio._env.GDALEnv object at 0x7f83f2bb4760>.
2023-12-08 06:23:05,253 - rasterio.env - DEBUG - Exiting outermost env
2023-12-08 06:23:05,253 - rasterio.env - DEBUG - Exited env context: <rasterio.env.Env object at 0x7f83f352d870>
2023-12-08 06:23:05,253 - rasterio.env - DEBUG - Entering env context: <rasterio.env.Env object at 0x7f83f352ecb0>
2023-12-08 06:23:05,253 - rasterio.env - DEBUG - Starting outermost env
2023-12-08 06:23:05,253 - rasterio.env - DEBUG - No GDAL environment exists
2023-12-08 06:23:05,253 - rasterio.env - DEBUG - New GDAL environment <rasterio._env.GDALEnv object at 0x7f83f2bf3790> created
2023-12-08 06:23:05,253 - rasterio._env - DEBUG - GDAL data found in package: path='/home/metpublic/PYTHON_VENV/present_weather/lib/python3.10/site-packages/rasterio/gdal_data'.
2023-12-08 06:23:05,254 - rasterio._env - DEBUG - PROJ data found in package: path='/home/metpublic/PYTHON_VENV/present_weather/lib/python3.10/site-packages/rasterio/proj_data'.
2023-12-08 06:23:05,254 - rasterio._env - DEBUG - Started GDALEnv: self=<rasterio._env.GDALEnv object at 0x7f83f2bf3790>.
2023-12-08 06:23:05,254 - rasterio.env - DEBUG - Entered env context: <rasterio.env.Env object at 0x7f83f352ecb0>
2023-12-08 06:23:05,254 - rasterio.env - DEBUG - Got a copy of environment <rasterio._env.GDALEnv object at 0x7f83f2bf3790> options
2023-12-08 06:23:05,254 - rasterio.env - DEBUG - Entering env context: <rasterio.env.Env object at 0x7f83f02b28c0>
2023-12-08 06:23:05,254 - rasterio.env - DEBUG - Got a copy of environment <rasterio._env.GDALEnv object at 0x7f83f2bf3790> options
2023-12-08 06:23:05,254 - rasterio.env - DEBUG - Entered env context: <rasterio.env.Env object at 0x7f83f02b28c0>
2023-12-08 06:23:05,254 - rasterio._base - DEBUG - Sharing flag: 0
2023-12-08 06:23:05,255 - rasterio._base - DEBUG - Nodata success: 1, Nodata value: nan
2023-12-08 06:23:05,255 - rasterio._base - DEBUG - Dataset <open DatasetReader name='https://radar.bmkg.go.id/raster/radarsatelit_202312080620.tif' mode='r'> is started.
2023-12-08 06:23:05,255 - rasterio.env - DEBUG - Exiting env context: <rasterio.env.Env object at 0x7f83f02b28c0>
2023-12-08 06:23:05,256 - rasterio.env - DEBUG - Cleared existing <rasterio._env.GDALEnv object at 0x7f83f2bf3790> options
2023-12-08 06:23:05,256 - rasterio._env - DEBUG - Stopped GDALEnv <rasterio._env.GDALEnv object at 0x7f83f2bf3790>.
2023-12-08 06:23:05,256 - rasterio.env - DEBUG - No GDAL environment exists
2023-12-08 06:23:05,256 - rasterio.env - DEBUG - New GDAL environment <rasterio._env.GDALEnv object at 0x7f83f2bf3790> created
2023-12-08 06:23:05,256 - rasterio._env - DEBUG - GDAL data found in package: path='/home/metpublic/PYTHON_VENV/present_weather/lib/python3.10/site-packages/rasterio/gdal_data'.
2023-12-08 06:23:05,256 - rasterio._env - DEBUG - PROJ data found in package: path='/home/metpublic/PYTHON_VENV/present_weather/lib/python3.10/site-packages/rasterio/proj_data'.
2023-12-08 06:23:05,256 - rasterio._env - DEBUG - Started GDALEnv: self=<rasterio._env.GDALEnv object at 0x7f83f2bf3790>.
2023-12-08 06:23:05,257 - rasterio.env - DEBUG - Exited env context: <rasterio.env.Env object at 0x7f83f02b28c0>
2023-12-08 06:23:05,274 - rasterio._io - DEBUG - Output nodata value read from file: nan
2023-12-08 06:23:05,274 - rasterio._io - DEBUG - Output nodata values: [nan]
2023-12-08 06:23:05,275 - rasterio._io - DEBUG - all_valid: False
2023-12-08 06:23:05,275 - rasterio._io - DEBUG - mask_flags: ([<MaskFlags.nodata: 8>],)
2023-12-08 06:23:05,275 - rasterio._io - DEBUG - Jump straight to _read()
2023-12-08 06:23:05,275 - rasterio._io - DEBUG - Window: Window(col_off=0, row_off=0, width=10215, height=3792)
2023-12-08 06:23:05,275 - rasterio._io - DEBUG - IO window xoff=0.0 yoff=0.0 width=10215.0 height=3792.0
2023-12-08 06:23:05,884 - rasterio.env - DEBUG - Exiting env context: <rasterio.env.Env object at 0x7f83f352ecb0>
2023-12-08 06:23:05,884 - rasterio.env - DEBUG - Cleared existing <rasterio._env.GDALEnv object at 0x7f83f2bf3790> options
2023-12-08 06:23:05,884 - rasterio._env - DEBUG - Stopped GDALEnv <rasterio._env.GDALEnv object at 0x7f83f2bf3790>.
2023-12-08 06:23:05,884 - rasterio.env - DEBUG - Exiting outermost env
2023-12-08 06:23:05,884 - rasterio.env - DEBUG - Exited env context: <rasterio.env.Env object at 0x7f83f352ecb0>
2023-12-08 06:29:42,544 - root - INFO - Total elapsed time: 0:06:39.344713
