2023-11-05 05:20:03,720 - root - INFO - Initiating present weather
2023-11-05 05:20:03,724 - urllib3.connectionpool - DEBUG - Starting new HTTPS connection (1): radar.bmkg.go.id:8060
2023-11-05 05:20:08,810 - urllib3.connectionpool - DEBUG - https://radar.bmkg.go.id:8060 "GET /getRadarGeotif?token=19387e71e78522ae4172ec0fda640983b8438c9cfa0ca571623cb69d8327&radar=amandemenForecast&type=latest HTTP/1.1" 200 90
2023-11-05 05:20:08,813 - rasterio.env - DEBUG - Entering env context: <rasterio.env.Env object at 0x7fb5afa03980>
2023-11-05 05:20:08,814 - rasterio.env - DEBUG - Starting outermost env
2023-11-05 05:20:08,815 - rasterio.env - DEBUG - No GDAL environment exists
2023-11-05 05:20:08,815 - rasterio.env - DEBUG - New GDAL environment <rasterio._env.GDALEnv object at 0x7fb601da8af0> created
2023-11-05 05:20:08,820 - rasterio._filepath - DEBUG - Installing FilePath filesystem handler plugin...
2023-11-05 05:20:08,820 - rasterio._env - DEBUG - GDAL data found in package: path='/home/swx/miniconda3/envs/present_weather/lib/python3.12/site-packages/rasterio/gdal_data'.
2023-11-05 05:20:08,820 - rasterio._env - DEBUG - PROJ_LIB found in environment.
2023-11-05 05:20:08,820 - rasterio._env - DEBUG - Started GDALEnv: self=<rasterio._env.GDALEnv object at 0x7fb601da8af0>.
2023-11-05 05:20:08,821 - rasterio.env - DEBUG - Entered env context: <rasterio.env.Env object at 0x7fb5afa03980>
2023-11-05 05:20:08,821 - rasterio._base - DEBUG - Sharing flag: 0
2023-11-05 05:20:08,971 - rasterio._base - DEBUG - Nodata success: 1, Nodata value: nan
2023-11-05 05:20:08,972 - rasterio._base - DEBUG - Dataset <open DatasetReader name='https://radar.bmkg.go.id/raster/radarsatelit_202311050500.tif' mode='r'> is started.
2023-11-05 05:20:08,972 - rasterio.env - DEBUG - Exiting env context: <rasterio.env.Env object at 0x7fb5afa03980>
2023-11-05 05:20:08,972 - rasterio.env - DEBUG - Cleared existing <rasterio._env.GDALEnv object at 0x7fb601da8af0> options
2023-11-05 05:20:08,972 - rasterio._env - DEBUG - Stopped GDALEnv <rasterio._env.GDALEnv object at 0x7fb601da8af0>.
2023-11-05 05:20:08,973 - rasterio.env - DEBUG - Exiting outermost env
2023-11-05 05:20:08,973 - rasterio.env - DEBUG - Exited env context: <rasterio.env.Env object at 0x7fb5afa03980>
2023-11-05 05:20:08,973 - rasterio.env - DEBUG - Entering env context: <rasterio.env.Env object at 0x7fb612847b30>
2023-11-05 05:20:08,973 - rasterio.env - DEBUG - Starting outermost env
2023-11-05 05:20:08,973 - rasterio.env - DEBUG - No GDAL environment exists
2023-11-05 05:20:08,973 - rasterio.env - DEBUG - New GDAL environment <rasterio._env.GDALEnv object at 0x7fb601da8af0> created
2023-11-05 05:20:08,973 - rasterio._env - DEBUG - GDAL data found in package: path='/home/swx/miniconda3/envs/present_weather/lib/python3.12/site-packages/rasterio/gdal_data'.
2023-11-05 05:20:08,974 - rasterio._env - DEBUG - PROJ_LIB found in environment.
2023-11-05 05:20:08,974 - rasterio._env - DEBUG - Started GDALEnv: self=<rasterio._env.GDALEnv object at 0x7fb601da8af0>.
2023-11-05 05:20:08,974 - rasterio.env - DEBUG - Entered env context: <rasterio.env.Env object at 0x7fb612847b30>
2023-11-05 05:20:08,975 - rasterio.env - DEBUG - Got a copy of environment <rasterio._env.GDALEnv object at 0x7fb601da8af0> options
2023-11-05 05:20:08,975 - rasterio.env - DEBUG - Entering env context: <rasterio.env.Env object at 0x7fb6126a1250>
2023-11-05 05:20:08,975 - rasterio.env - DEBUG - Got a copy of environment <rasterio._env.GDALEnv object at 0x7fb601da8af0> options
2023-11-05 05:20:08,975 - rasterio.env - DEBUG - Entered env context: <rasterio.env.Env object at 0x7fb6126a1250>
2023-11-05 05:20:08,975 - rasterio._base - DEBUG - Sharing flag: 0
2023-11-05 05:20:08,976 - rasterio._base - DEBUG - Nodata success: 1, Nodata value: nan
2023-11-05 05:20:08,976 - rasterio._base - DEBUG - Dataset <open DatasetReader name='https://radar.bmkg.go.id/raster/radarsatelit_202311050500.tif' mode='r'> is started.
2023-11-05 05:20:08,976 - rasterio.env - DEBUG - Exiting env context: <rasterio.env.Env object at 0x7fb6126a1250>
2023-11-05 05:20:08,976 - rasterio.env - DEBUG - Cleared existing <rasterio._env.GDALEnv object at 0x7fb601da8af0> options
2023-11-05 05:20:08,976 - rasterio._env - DEBUG - Stopped GDALEnv <rasterio._env.GDALEnv object at 0x7fb601da8af0>.
2023-11-05 05:20:08,976 - rasterio.env - DEBUG - No GDAL environment exists
2023-11-05 05:20:08,977 - rasterio.env - DEBUG - New GDAL environment <rasterio._env.GDALEnv object at 0x7fb601da8af0> created
2023-11-05 05:20:08,977 - rasterio._env - DEBUG - GDAL data found in package: path='/home/swx/miniconda3/envs/present_weather/lib/python3.12/site-packages/rasterio/gdal_data'.
2023-11-05 05:20:08,977 - rasterio._env - DEBUG - PROJ_LIB found in environment.
2023-11-05 05:20:08,977 - rasterio._env - DEBUG - Started GDALEnv: self=<rasterio._env.GDALEnv object at 0x7fb601da8af0>.
2023-11-05 05:20:08,977 - rasterio.env - DEBUG - Exited env context: <rasterio.env.Env object at 0x7fb6126a1250>
2023-11-05 05:20:09,005 - rasterio._io - DEBUG - Output nodata value read from file: nan
2023-11-05 05:20:09,006 - rasterio._io - DEBUG - Output nodata values: [nan]
2023-11-05 05:20:09,006 - rasterio._io - DEBUG - all_valid: False
2023-11-05 05:20:09,006 - rasterio._io - DEBUG - mask_flags: ([<MaskFlags.nodata: 8>],)
2023-11-05 05:20:09,006 - rasterio._io - DEBUG - Jump straight to _read()
2023-11-05 05:20:09,006 - rasterio._io - DEBUG - Window: Window(col_off=0, row_off=0, width=10215, height=3792)
2023-11-05 05:20:09,007 - rasterio._io - DEBUG - IO window xoff=0.0 yoff=0.0 width=10215.0 height=3792.0
2023-11-05 05:20:09,687 - rasterio.env - DEBUG - Exiting env context: <rasterio.env.Env object at 0x7fb612847b30>
2023-11-05 05:20:09,688 - rasterio.env - DEBUG - Cleared existing <rasterio._env.GDALEnv object at 0x7fb601da8af0> options
2023-11-05 05:20:09,688 - rasterio._env - DEBUG - Stopped GDALEnv <rasterio._env.GDALEnv object at 0x7fb601da8af0>.
2023-11-05 05:20:09,688 - rasterio.env - DEBUG - Exiting outermost env
2023-11-05 05:20:09,688 - rasterio.env - DEBUG - Exited env context: <rasterio.env.Env object at 0x7fb612847b30>
2023-11-05 05:20:09,690 - urllib3.connectionpool - DEBUG - Starting new HTTPS connection (1): radar.bmkg.go.id:8060
2023-11-05 05:20:09,775 - urllib3.connectionpool - DEBUG - https://radar.bmkg.go.id:8060 "GET /getLatestLD?typeData=1 HTTP/1.1" 200 192386
2023-11-05 05:20:09,833 - asyncio - DEBUG - Using selector: EpollSelector
2023-11-05 05:33:44,703 - root - INFO - Total elapsed time: 0:13:40.983593
