2023-12-05 18:23:02,618 - root - INFO - Initiating present weather
2023-12-05 18:23:02,620 - asyncio - DEBUG - Using selector: EpollSelector
2023-12-05 18:23:04,125 - urllib3.connectionpool - DEBUG - Starting new HTTPS connection (1): radar.bmkg.go.id:8060
2023-12-05 18:23:04,139 - urllib3.connectionpool - DEBUG - https://radar.bmkg.go.id:8060 "GET /getLatestLD?typeData=1 HTTP/1.1" 200 62
2023-12-05 18:23:04,141 - urllib3.connectionpool - DEBUG - Starting new HTTPS connection (1): radar.bmkg.go.id:8060
2023-12-05 18:23:04,163 - urllib3.connectionpool - DEBUG - https://radar.bmkg.go.id:8060 "GET /getRadarGeotif?token=19387e71e78522ae4172ec0fda640983b8438c9cfa0ca571623cb69d8327&radar=amandemenForecast&type=latest HTTP/1.1" 200 90
2023-12-05 18:23:04,164 - rasterio.env - DEBUG - Entering env context: <rasterio.env.Env object at 0x7fb46106ace0>
2023-12-05 18:23:04,164 - rasterio.env - DEBUG - Starting outermost env
2023-12-05 18:23:04,165 - rasterio.env - DEBUG - No GDAL environment exists
2023-12-05 18:23:04,165 - rasterio.env - DEBUG - New GDAL environment <rasterio._env.GDALEnv object at 0x7fb46106ada0> created
2023-12-05 18:23:04,167 - rasterio._filepath - DEBUG - Installing FilePath filesystem handler plugin...
2023-12-05 18:23:04,167 - rasterio._env - DEBUG - GDAL data found in package: path='/home/metpublic/PYTHON_VENV/present_weather/lib/python3.10/site-packages/rasterio/gdal_data'.
2023-12-05 18:23:04,167 - rasterio._env - DEBUG - PROJ data found in package: path='/home/metpublic/PYTHON_VENV/present_weather/lib/python3.10/site-packages/rasterio/proj_data'.
2023-12-05 18:23:04,168 - rasterio._env - DEBUG - Started GDALEnv: self=<rasterio._env.GDALEnv object at 0x7fb46106ada0>.
2023-12-05 18:23:04,168 - rasterio.env - DEBUG - Entered env context: <rasterio.env.Env object at 0x7fb46106ace0>
2023-12-05 18:23:04,168 - rasterio._base - DEBUG - Sharing flag: 0
2023-12-05 18:23:04,408 - rasterio._base - DEBUG - Nodata success: 1, Nodata value: nan
2023-12-05 18:23:04,408 - rasterio._base - DEBUG - Dataset <open DatasetReader name='https://radar.bmkg.go.id/raster/radarsatelit_202312051820.tif' mode='r'> is started.
2023-12-05 18:23:04,408 - rasterio.env - DEBUG - Exiting env context: <rasterio.env.Env object at 0x7fb46106ace0>
2023-12-05 18:23:04,408 - rasterio.env - DEBUG - Cleared existing <rasterio._env.GDALEnv object at 0x7fb46106ada0> options
2023-12-05 18:23:04,408 - rasterio._env - DEBUG - Stopped GDALEnv <rasterio._env.GDALEnv object at 0x7fb46106ada0>.
2023-12-05 18:23:04,408 - rasterio.env - DEBUG - Exiting outermost env
2023-12-05 18:23:04,408 - rasterio.env - DEBUG - Exited env context: <rasterio.env.Env object at 0x7fb46106ace0>
2023-12-05 18:23:04,409 - rasterio.env - DEBUG - Entering env context: <rasterio.env.Env object at 0x7fb4606f4610>
2023-12-05 18:23:04,409 - rasterio.env - DEBUG - Starting outermost env
2023-12-05 18:23:04,409 - rasterio.env - DEBUG - No GDAL environment exists
2023-12-05 18:23:04,409 - rasterio.env - DEBUG - New GDAL environment <rasterio._env.GDALEnv object at 0x7fb46106ada0> created
2023-12-05 18:23:04,409 - rasterio._env - DEBUG - GDAL data found in package: path='/home/metpublic/PYTHON_VENV/present_weather/lib/python3.10/site-packages/rasterio/gdal_data'.
2023-12-05 18:23:04,409 - rasterio._env - DEBUG - PROJ data found in package: path='/home/metpublic/PYTHON_VENV/present_weather/lib/python3.10/site-packages/rasterio/proj_data'.
2023-12-05 18:23:04,409 - rasterio._env - DEBUG - Started GDALEnv: self=<rasterio._env.GDALEnv object at 0x7fb46106ada0>.
2023-12-05 18:23:04,410 - rasterio.env - DEBUG - Entered env context: <rasterio.env.Env object at 0x7fb4606f4610>
2023-12-05 18:23:04,410 - rasterio.env - DEBUG - Got a copy of environment <rasterio._env.GDALEnv object at 0x7fb46106ada0> options
2023-12-05 18:23:04,410 - rasterio.env - DEBUG - Entering env context: <rasterio.env.Env object at 0x7fb4604fa290>
2023-12-05 18:23:04,410 - rasterio.env - DEBUG - Got a copy of environment <rasterio._env.GDALEnv object at 0x7fb46106ada0> options
2023-12-05 18:23:04,410 - rasterio.env - DEBUG - Entered env context: <rasterio.env.Env object at 0x7fb4604fa290>
2023-12-05 18:23:04,410 - rasterio._base - DEBUG - Sharing flag: 0
2023-12-05 18:23:04,411 - rasterio._base - DEBUG - Nodata success: 1, Nodata value: nan
2023-12-05 18:23:04,411 - rasterio._base - DEBUG - Dataset <open DatasetReader name='https://radar.bmkg.go.id/raster/radarsatelit_202312051820.tif' mode='r'> is started.
2023-12-05 18:23:04,411 - rasterio.env - DEBUG - Exiting env context: <rasterio.env.Env object at 0x7fb4604fa290>
2023-12-05 18:23:04,411 - rasterio.env - DEBUG - Cleared existing <rasterio._env.GDALEnv object at 0x7fb46106ada0> options
2023-12-05 18:23:04,411 - rasterio._env - DEBUG - Stopped GDALEnv <rasterio._env.GDALEnv object at 0x7fb46106ada0>.
2023-12-05 18:23:04,412 - rasterio.env - DEBUG - No GDAL environment exists
2023-12-05 18:23:04,412 - rasterio.env - DEBUG - New GDAL environment <rasterio._env.GDALEnv object at 0x7fb46106ada0> created
2023-12-05 18:23:04,412 - rasterio._env - DEBUG - GDAL data found in package: path='/home/metpublic/PYTHON_VENV/present_weather/lib/python3.10/site-packages/rasterio/gdal_data'.
2023-12-05 18:23:04,412 - rasterio._env - DEBUG - PROJ data found in package: path='/home/metpublic/PYTHON_VENV/present_weather/lib/python3.10/site-packages/rasterio/proj_data'.
2023-12-05 18:23:04,412 - rasterio._env - DEBUG - Started GDALEnv: self=<rasterio._env.GDALEnv object at 0x7fb46106ada0>.
2023-12-05 18:23:04,412 - rasterio.env - DEBUG - Exited env context: <rasterio.env.Env object at 0x7fb4604fa290>
2023-12-05 18:23:04,429 - rasterio._io - DEBUG - Output nodata value read from file: nan
2023-12-05 18:23:04,429 - rasterio._io - DEBUG - Output nodata values: [nan]
2023-12-05 18:23:04,429 - rasterio._io - DEBUG - all_valid: False
2023-12-05 18:23:04,429 - rasterio._io - DEBUG - mask_flags: ([<MaskFlags.nodata: 8>],)
2023-12-05 18:23:04,430 - rasterio._io - DEBUG - Jump straight to _read()
2023-12-05 18:23:04,430 - rasterio._io - DEBUG - Window: Window(col_off=0, row_off=0, width=10177, height=3732)
2023-12-05 18:23:04,430 - rasterio._io - DEBUG - IO window xoff=0.0 yoff=0.0 width=10177.0 height=3732.0
2023-12-05 18:23:05,018 - rasterio.env - DEBUG - Exiting env context: <rasterio.env.Env object at 0x7fb4606f4610>
2023-12-05 18:23:05,018 - rasterio.env - DEBUG - Cleared existing <rasterio._env.GDALEnv object at 0x7fb46106ada0> options
2023-12-05 18:23:05,018 - rasterio._env - DEBUG - Stopped GDALEnv <rasterio._env.GDALEnv object at 0x7fb46106ada0>.
2023-12-05 18:23:05,018 - rasterio.env - DEBUG - Exiting outermost env
2023-12-05 18:23:05,019 - rasterio.env - DEBUG - Exited env context: <rasterio.env.Env object at 0x7fb4606f4610>
2023-12-05 18:27:58,021 - rasterio.env - DEBUG - Entering env context: <rasterio.env.Env object at 0x7fb465ce6a70>
2023-12-05 18:27:58,021 - rasterio.env - DEBUG - Starting outermost env
2023-12-05 18:27:58,021 - rasterio.env - DEBUG - No GDAL environment exists
2023-12-05 18:27:58,022 - rasterio.env - DEBUG - New GDAL environment <rasterio._env.GDALEnv object at 0x7fb460148760> created
2023-12-05 18:27:58,023 - rasterio._env - DEBUG - GDAL data found in package: path='/home/metpublic/PYTHON_VENV/present_weather/lib/python3.10/site-packages/rasterio/gdal_data'.
2023-12-05 18:27:58,024 - rasterio._env - DEBUG - PROJ data found in package: path='/home/metpublic/PYTHON_VENV/present_weather/lib/python3.10/site-packages/rasterio/proj_data'.
2023-12-05 18:27:58,025 - rasterio._env - DEBUG - Started GDALEnv: self=<rasterio._env.GDALEnv object at 0x7fb460148760>.
2023-12-05 18:27:58,025 - rasterio.env - DEBUG - Entered env context: <rasterio.env.Env object at 0x7fb465ce6a70>
2023-12-05 18:27:58,025 - rasterio._base - DEBUG - Sharing flag: 0
2023-12-05 18:27:58,026 - rasterio._base - DEBUG - Nodata success: 0, Nodata value: 0.000000
2023-12-05 18:27:58,027 - rasterio._base - DEBUG - Dataset <open DatasetReader name='/home/metpublic/TASK_RELEASE/EFAN/present_weather/src/H09_B13_Indonesia_20231205.Z1810.cor.tiff' mode='r'> is started.
2023-12-05 18:27:58,027 - rasterio.env - DEBUG - Exiting env context: <rasterio.env.Env object at 0x7fb465ce6a70>
2023-12-05 18:27:58,027 - rasterio.env - DEBUG - Cleared existing <rasterio._env.GDALEnv object at 0x7fb460148760> options
2023-12-05 18:27:58,027 - rasterio._env - DEBUG - Stopped GDALEnv <rasterio._env.GDALEnv object at 0x7fb460148760>.
2023-12-05 18:27:58,027 - rasterio.env - DEBUG - Exiting outermost env
2023-12-05 18:27:58,027 - rasterio.env - DEBUG - Exited env context: <rasterio.env.Env object at 0x7fb465ce6a70>
2023-12-05 18:27:58,027 - rasterio.env - DEBUG - Entering env context: <rasterio.env.Env object at 0x7fb460149b70>
2023-12-05 18:27:58,027 - rasterio.env - DEBUG - Starting outermost env
2023-12-05 18:27:58,027 - rasterio.env - DEBUG - No GDAL environment exists
2023-12-05 18:27:58,028 - rasterio.env - DEBUG - New GDAL environment <rasterio._env.GDALEnv object at 0x7fb4601497b0> created
2023-12-05 18:27:58,028 - rasterio._env - DEBUG - GDAL data found in package: path='/home/metpublic/PYTHON_VENV/present_weather/lib/python3.10/site-packages/rasterio/gdal_data'.
2023-12-05 18:27:58,033 - rasterio._env - DEBUG - PROJ data found in package: path='/home/metpublic/PYTHON_VENV/present_weather/lib/python3.10/site-packages/rasterio/proj_data'.
2023-12-05 18:27:58,033 - rasterio._env - DEBUG - Started GDALEnv: self=<rasterio._env.GDALEnv object at 0x7fb4601497b0>.
2023-12-05 18:27:58,034 - rasterio.env - DEBUG - Entered env context: <rasterio.env.Env object at 0x7fb460149b70>
2023-12-05 18:27:58,034 - rasterio._base - DEBUG - Sharing flag: 0
2023-12-05 18:27:58,035 - rasterio._base - DEBUG - Nodata success: 0, Nodata value: 0.000000
2023-12-05 18:27:58,035 - rasterio._base - DEBUG - Dataset <open DatasetReader name='/home/metpublic/TASK_RELEASE/EFAN/present_weather/src/H09_B13_Indonesia_20231205.Z1810.cor.tiff' mode='r'> is started.
2023-12-05 18:27:58,035 - rasterio.env - DEBUG - Exiting env context: <rasterio.env.Env object at 0x7fb460149b70>
2023-12-05 18:27:58,035 - rasterio.env - DEBUG - Cleared existing <rasterio._env.GDALEnv object at 0x7fb4601497b0> options
2023-12-05 18:27:58,035 - rasterio._env - DEBUG - Stopped GDALEnv <rasterio._env.GDALEnv object at 0x7fb4601497b0>.
2023-12-05 18:27:58,035 - rasterio.env - DEBUG - Exiting outermost env
2023-12-05 18:27:58,035 - rasterio.env - DEBUG - Exited env context: <rasterio.env.Env object at 0x7fb460149b70>
2023-12-05 18:27:58,048 - root - INFO - Generating present weather using SATELITE data
2023-12-05 18:29:13,803 - root - INFO - Total elapsed time: 0:06:11.185090
