2023-11-20 17:43:03,335 - root - INFO - Initiating present weather
2023-11-20 17:43:03,340 - urllib3.connectionpool - DEBUG - Starting new HTTPS connection (1): radar.bmkg.go.id:8060
2023-11-20 17:43:03,415 - urllib3.connectionpool - DEBUG - https://radar.bmkg.go.id:8060 "GET /getRadarGeotif?token=19387e71e78522ae4172ec0fda640983b8438c9cfa0ca571623cb69d8327&radar=amandemenForecast&type=latest HTTP/1.1" 200 90
2023-11-20 17:43:03,418 - rasterio.env - DEBUG - Entering env context: <rasterio.env.Env object at 0x7f29dfd28b60>
2023-11-20 17:43:03,419 - rasterio.env - DEBUG - Starting outermost env
2023-11-20 17:43:03,419 - rasterio.env - DEBUG - No GDAL environment exists
2023-11-20 17:43:03,419 - rasterio.env - DEBUG - New GDAL environment <rasterio._env.GDALEnv object at 0x7f299f421ff0> created
2023-11-20 17:43:03,424 - rasterio._filepath - DEBUG - Installing FilePath filesystem handler plugin...
2023-11-20 17:43:03,424 - rasterio._env - DEBUG - GDAL data found in package: path='/home/swx/miniconda3/envs/present_weather/lib/python3.12/site-packages/rasterio/gdal_data'.
2023-11-20 17:43:03,424 - rasterio._env - DEBUG - PROJ_LIB found in environment.
2023-11-20 17:43:03,425 - rasterio._env - DEBUG - Started GDALEnv: self=<rasterio._env.GDALEnv object at 0x7f299f421ff0>.
2023-11-20 17:43:03,425 - rasterio.env - DEBUG - Entered env context: <rasterio.env.Env object at 0x7f29dfd28b60>
2023-11-20 17:43:03,425 - rasterio._base - DEBUG - Sharing flag: 0
2023-11-20 17:43:03,628 - rasterio._base - DEBUG - Nodata success: 1, Nodata value: nan
2023-11-20 17:43:03,628 - rasterio._base - DEBUG - Dataset <open DatasetReader name='https://radar.bmkg.go.id/raster/radarsatelit_202311201740.tif' mode='r'> is started.
2023-11-20 17:43:03,628 - rasterio.env - DEBUG - Exiting env context: <rasterio.env.Env object at 0x7f29dfd28b60>
2023-11-20 17:43:03,629 - rasterio.env - DEBUG - Cleared existing <rasterio._env.GDALEnv object at 0x7f299f421ff0> options
2023-11-20 17:43:03,629 - rasterio._env - DEBUG - Stopped GDALEnv <rasterio._env.GDALEnv object at 0x7f299f421ff0>.
2023-11-20 17:43:03,629 - rasterio.env - DEBUG - Exiting outermost env
2023-11-20 17:43:03,629 - rasterio.env - DEBUG - Exited env context: <rasterio.env.Env object at 0x7f29dfd28b60>
2023-11-20 17:43:03,629 - rasterio.env - DEBUG - Entering env context: <rasterio.env.Env object at 0x7f299f422000>
2023-11-20 17:43:03,629 - rasterio.env - DEBUG - Starting outermost env
2023-11-20 17:43:03,629 - rasterio.env - DEBUG - No GDAL environment exists
2023-11-20 17:43:03,629 - rasterio.env - DEBUG - New GDAL environment <rasterio._env.GDALEnv object at 0x7f299ea48f70> created
2023-11-20 17:43:03,630 - rasterio._env - DEBUG - GDAL data found in package: path='/home/swx/miniconda3/envs/present_weather/lib/python3.12/site-packages/rasterio/gdal_data'.
2023-11-20 17:43:03,630 - rasterio._env - DEBUG - PROJ_LIB found in environment.
2023-11-20 17:43:03,630 - rasterio._env - DEBUG - Started GDALEnv: self=<rasterio._env.GDALEnv object at 0x7f299ea48f70>.
2023-11-20 17:43:03,631 - rasterio.env - DEBUG - Entered env context: <rasterio.env.Env object at 0x7f299f422000>
2023-11-20 17:43:03,631 - rasterio.env - DEBUG - Got a copy of environment <rasterio._env.GDALEnv object at 0x7f299ea48f70> options
2023-11-20 17:43:03,631 - rasterio.env - DEBUG - Entering env context: <rasterio.env.Env object at 0x7f29dfd28b60>
2023-11-20 17:43:03,631 - rasterio.env - DEBUG - Got a copy of environment <rasterio._env.GDALEnv object at 0x7f299ea48f70> options
2023-11-20 17:43:03,631 - rasterio.env - DEBUG - Entered env context: <rasterio.env.Env object at 0x7f29dfd28b60>
2023-11-20 17:43:03,632 - rasterio._base - DEBUG - Sharing flag: 0
2023-11-20 17:43:03,633 - rasterio._base - DEBUG - Nodata success: 1, Nodata value: nan
2023-11-20 17:43:03,633 - rasterio._base - DEBUG - Dataset <open DatasetReader name='https://radar.bmkg.go.id/raster/radarsatelit_202311201740.tif' mode='r'> is started.
2023-11-20 17:43:03,633 - rasterio.env - DEBUG - Exiting env context: <rasterio.env.Env object at 0x7f29dfd28b60>
2023-11-20 17:43:03,633 - rasterio.env - DEBUG - Cleared existing <rasterio._env.GDALEnv object at 0x7f299ea48f70> options
2023-11-20 17:43:03,633 - rasterio._env - DEBUG - Stopped GDALEnv <rasterio._env.GDALEnv object at 0x7f299ea48f70>.
2023-11-20 17:43:03,633 - rasterio.env - DEBUG - No GDAL environment exists
2023-11-20 17:43:03,633 - rasterio.env - DEBUG - New GDAL environment <rasterio._env.GDALEnv object at 0x7f299ea48f70> created
2023-11-20 17:43:03,634 - rasterio._env - DEBUG - GDAL data found in package: path='/home/swx/miniconda3/envs/present_weather/lib/python3.12/site-packages/rasterio/gdal_data'.
2023-11-20 17:43:03,634 - rasterio._env - DEBUG - PROJ_LIB found in environment.
2023-11-20 17:43:03,634 - rasterio._env - DEBUG - Started GDALEnv: self=<rasterio._env.GDALEnv object at 0x7f299ea48f70>.
2023-11-20 17:43:03,634 - rasterio.env - DEBUG - Exited env context: <rasterio.env.Env object at 0x7f29dfd28b60>
2023-11-20 17:43:03,665 - rasterio._io - DEBUG - Output nodata value read from file: nan
2023-11-20 17:43:03,666 - rasterio._io - DEBUG - Output nodata values: [nan]
2023-11-20 17:43:03,666 - rasterio._io - DEBUG - all_valid: False
2023-11-20 17:43:03,666 - rasterio._io - DEBUG - mask_flags: ([<MaskFlags.nodata: 8>],)
2023-11-20 17:43:03,666 - rasterio._io - DEBUG - Jump straight to _read()
2023-11-20 17:43:03,667 - rasterio._io - DEBUG - Window: Window(col_off=0, row_off=0, width=10215, height=3792)
2023-11-20 17:43:03,667 - rasterio._io - DEBUG - IO window xoff=0.0 yoff=0.0 width=10215.0 height=3792.0
2023-11-20 17:43:04,424 - rasterio.env - DEBUG - Exiting env context: <rasterio.env.Env object at 0x7f299f422000>
2023-11-20 17:43:04,424 - rasterio.env - DEBUG - Cleared existing <rasterio._env.GDALEnv object at 0x7f299ea48f70> options
2023-11-20 17:43:04,424 - rasterio._env - DEBUG - Stopped GDALEnv <rasterio._env.GDALEnv object at 0x7f299ea48f70>.
2023-11-20 17:43:04,425 - rasterio.env - DEBUG - Exiting outermost env
2023-11-20 17:43:04,425 - rasterio.env - DEBUG - Exited env context: <rasterio.env.Env object at 0x7f299f422000>
2023-11-20 17:43:04,427 - urllib3.connectionpool - DEBUG - Starting new HTTPS connection (1): radar.bmkg.go.id:8060
2023-11-20 17:43:04,524 - urllib3.connectionpool - DEBUG - https://radar.bmkg.go.id:8060 "GET /getLatestLD?typeData=1 HTTP/1.1" 200 168556
2023-11-20 17:43:04,586 - asyncio - DEBUG - Using selector: EpollSelector
2023-11-20 17:43:11,329 - root - INFO - dask.bag<lambda, npartitions=34>
2023-11-20 17:57:12,039 - root - INFO - Total elapsed time: 0:14:08.704932
