2023-12-30 00:23:03,159 - root - INFO - Initiating present weather
2023-12-30 00:23:03,161 - asyncio - DEBUG - Using selector: EpollSelector
2023-12-30 00:23:04,831 - urllib3.connectionpool - DEBUG - Starting new HTTPS connection (1): radar.bmkg.go.id:8060
2023-12-30 00:23:04,843 - urllib3.connectionpool - DEBUG - https://radar.bmkg.go.id:8060 "GET /getLatestLD?typeData=1 HTTP/1.1" 200 62
2023-12-30 00:23:04,845 - urllib3.connectionpool - DEBUG - Starting new HTTPS connection (1): radar.bmkg.go.id:8060
2023-12-30 00:23:04,865 - urllib3.connectionpool - DEBUG - https://radar.bmkg.go.id:8060 "GET /getRadarGeotif?token=19387e71e78522ae4172ec0fda640983b8438c9cfa0ca571623cb69d8327&radar=amandemenForecast&type=latest HTTP/1.1" 200 90
2023-12-30 00:23:04,866 - rasterio.env - DEBUG - Entering env context: <rasterio.env.Env object at 0x7f6b9cfa3a00>
2023-12-30 00:23:04,867 - rasterio.env - DEBUG - Starting outermost env
2023-12-30 00:23:04,867 - rasterio.env - DEBUG - No GDAL environment exists
2023-12-30 00:23:04,867 - rasterio.env - DEBUG - New GDAL environment <rasterio._env.GDALEnv object at 0x7f6b9cfa3730> created
2023-12-30 00:23:04,869 - rasterio._filepath - DEBUG - Installing FilePath filesystem handler plugin...
2023-12-30 00:23:04,869 - rasterio._env - DEBUG - GDAL data found in package: path='/home/metpublic/PYTHON_VENV/present_weather/lib/python3.10/site-packages/rasterio/gdal_data'.
2023-12-30 00:23:04,870 - rasterio._env - DEBUG - PROJ data found in package: path='/home/metpublic/PYTHON_VENV/present_weather/lib/python3.10/site-packages/rasterio/proj_data'.
2023-12-30 00:23:04,870 - rasterio._env - DEBUG - Started GDALEnv: self=<rasterio._env.GDALEnv object at 0x7f6b9cfa3730>.
2023-12-30 00:23:04,870 - rasterio.env - DEBUG - Entered env context: <rasterio.env.Env object at 0x7f6b9cfa3a00>
2023-12-30 00:23:04,870 - rasterio._base - DEBUG - Sharing flag: 0
2023-12-30 00:23:05,313 - rasterio._base - DEBUG - Nodata success: 1, Nodata value: nan
2023-12-30 00:23:05,313 - rasterio._base - DEBUG - Dataset <open DatasetReader name='https://radar.bmkg.go.id/raster/radarsatelit_202312300020.tif' mode='r'> is started.
2023-12-30 00:23:05,314 - rasterio.env - DEBUG - Exiting env context: <rasterio.env.Env object at 0x7f6b9cfa3a00>
2023-12-30 00:23:05,314 - rasterio.env - DEBUG - Cleared existing <rasterio._env.GDALEnv object at 0x7f6b9cfa3730> options
2023-12-30 00:23:05,314 - rasterio._env - DEBUG - Stopped GDALEnv <rasterio._env.GDALEnv object at 0x7f6b9cfa3730>.
2023-12-30 00:23:05,315 - rasterio.env - DEBUG - Exiting outermost env
2023-12-30 00:23:05,315 - rasterio.env - DEBUG - Exited env context: <rasterio.env.Env object at 0x7f6b9cfa3a00>
2023-12-30 00:23:05,315 - rasterio.env - DEBUG - Entering env context: <rasterio.env.Env object at 0x7f6b9c6214b0>
2023-12-30 00:23:05,315 - rasterio.env - DEBUG - Starting outermost env
2023-12-30 00:23:05,315 - rasterio.env - DEBUG - No GDAL environment exists
2023-12-30 00:23:05,315 - rasterio.env - DEBUG - New GDAL environment <rasterio._env.GDALEnv object at 0x7f6b9c669570> created
2023-12-30 00:23:05,315 - rasterio._env - DEBUG - GDAL data found in package: path='/home/metpublic/PYTHON_VENV/present_weather/lib/python3.10/site-packages/rasterio/gdal_data'.
2023-12-30 00:23:05,316 - rasterio._env - DEBUG - PROJ data found in package: path='/home/metpublic/PYTHON_VENV/present_weather/lib/python3.10/site-packages/rasterio/proj_data'.
2023-12-30 00:23:05,316 - rasterio._env - DEBUG - Started GDALEnv: self=<rasterio._env.GDALEnv object at 0x7f6b9c669570>.
2023-12-30 00:23:05,316 - rasterio.env - DEBUG - Entered env context: <rasterio.env.Env object at 0x7f6b9c6214b0>
2023-12-30 00:23:05,316 - rasterio.env - DEBUG - Got a copy of environment <rasterio._env.GDALEnv object at 0x7f6b9c669570> options
2023-12-30 00:23:05,316 - rasterio.env - DEBUG - Entering env context: <rasterio.env.Env object at 0x7f6b9c5276d0>
2023-12-30 00:23:05,316 - rasterio.env - DEBUG - Got a copy of environment <rasterio._env.GDALEnv object at 0x7f6b9c669570> options
2023-12-30 00:23:05,316 - rasterio.env - DEBUG - Entered env context: <rasterio.env.Env object at 0x7f6b9c5276d0>
2023-12-30 00:23:05,317 - rasterio._base - DEBUG - Sharing flag: 0
2023-12-30 00:23:05,325 - rasterio._base - DEBUG - Nodata success: 1, Nodata value: nan
2023-12-30 00:23:05,325 - rasterio._base - DEBUG - Dataset <open DatasetReader name='https://radar.bmkg.go.id/raster/radarsatelit_202312300020.tif' mode='r'> is started.
2023-12-30 00:23:05,325 - rasterio.env - DEBUG - Exiting env context: <rasterio.env.Env object at 0x7f6b9c5276d0>
2023-12-30 00:23:05,325 - rasterio.env - DEBUG - Cleared existing <rasterio._env.GDALEnv object at 0x7f6b9c669570> options
2023-12-30 00:23:05,325 - rasterio._env - DEBUG - Stopped GDALEnv <rasterio._env.GDALEnv object at 0x7f6b9c669570>.
2023-12-30 00:23:05,326 - rasterio.env - DEBUG - No GDAL environment exists
2023-12-30 00:23:05,326 - rasterio.env - DEBUG - New GDAL environment <rasterio._env.GDALEnv object at 0x7f6b9c669570> created
2023-12-30 00:23:05,326 - rasterio._env - DEBUG - GDAL data found in package: path='/home/metpublic/PYTHON_VENV/present_weather/lib/python3.10/site-packages/rasterio/gdal_data'.
2023-12-30 00:23:05,326 - rasterio._env - DEBUG - PROJ data found in package: path='/home/metpublic/PYTHON_VENV/present_weather/lib/python3.10/site-packages/rasterio/proj_data'.
2023-12-30 00:23:05,326 - rasterio._env - DEBUG - Started GDALEnv: self=<rasterio._env.GDALEnv object at 0x7f6b9c669570>.
2023-12-30 00:23:05,326 - rasterio.env - DEBUG - Exited env context: <rasterio.env.Env object at 0x7f6b9c5276d0>
2023-12-30 00:23:05,349 - rasterio._io - DEBUG - Output nodata value read from file: nan
2023-12-30 00:23:05,349 - rasterio._io - DEBUG - Output nodata values: [nan]
2023-12-30 00:23:05,349 - rasterio._io - DEBUG - all_valid: False
2023-12-30 00:23:05,349 - rasterio._io - DEBUG - mask_flags: ([<MaskFlags.nodata: 8>],)
2023-12-30 00:23:05,350 - rasterio._io - DEBUG - Jump straight to _read()
2023-12-30 00:23:05,350 - rasterio._io - DEBUG - Window: Window(col_off=0, row_off=0, width=10215, height=3792)
2023-12-30 00:23:05,350 - rasterio._io - DEBUG - IO window xoff=0.0 yoff=0.0 width=10215.0 height=3792.0
2023-12-30 00:23:05,916 - rasterio.env - DEBUG - Exiting env context: <rasterio.env.Env object at 0x7f6b9c6214b0>
2023-12-30 00:23:05,916 - rasterio.env - DEBUG - Cleared existing <rasterio._env.GDALEnv object at 0x7f6b9c669570> options
2023-12-30 00:23:05,916 - rasterio._env - DEBUG - Stopped GDALEnv <rasterio._env.GDALEnv object at 0x7f6b9c669570>.
2023-12-30 00:23:05,917 - rasterio.env - DEBUG - Exiting outermost env
2023-12-30 00:23:05,917 - rasterio.env - DEBUG - Exited env context: <rasterio.env.Env object at 0x7f6b9c6214b0>
2023-12-30 00:29:44,690 - root - INFO - Total elapsed time: 0:06:41.530933
