2023-11-28 14:13:02,798 - root - INFO - Initiating present weather
2023-11-28 14:13:02,800 - asyncio - DEBUG - Using selector: EpollSelector
2023-11-28 14:13:04,303 - urllib3.connectionpool - DEBUG - Starting new HTTPS connection (1): radar.bmkg.go.id:8060
2023-11-28 14:13:04,317 - urllib3.connectionpool - DEBUG - https://radar.bmkg.go.id:8060 "GET /getLatestLD?typeData=1 HTTP/1.1" 200 62
2023-11-28 14:13:04,320 - urllib3.connectionpool - DEBUG - Starting new HTTPS connection (1): radar.bmkg.go.id:8060
2023-11-28 14:13:04,342 - urllib3.connectionpool - DEBUG - https://radar.bmkg.go.id:8060 "GET /getRadarGeotif?token=19387e71e78522ae4172ec0fda640983b8438c9cfa0ca571623cb69d8327&radar=amandemenForecast&type=latest HTTP/1.1" 200 90
2023-11-28 14:13:04,343 - rasterio.env - DEBUG - Entering env context: <rasterio.env.Env object at 0x7ff4cb606380>
2023-11-28 14:13:04,344 - rasterio.env - DEBUG - Starting outermost env
2023-11-28 14:13:04,344 - rasterio.env - DEBUG - No GDAL environment exists
2023-11-28 14:13:04,344 - rasterio.env - DEBUG - New GDAL environment <rasterio._env.GDALEnv object at 0x7ff4cb606350> created
2023-11-28 14:13:04,347 - rasterio._filepath - DEBUG - Installing FilePath filesystem handler plugin...
2023-11-28 14:13:04,347 - rasterio._env - DEBUG - GDAL data found in package: path='/home/metpublic/PYTHON_VENV/present_weather/lib/python3.10/site-packages/rasterio/gdal_data'.
2023-11-28 14:13:04,347 - rasterio._env - DEBUG - PROJ data found in package: path='/home/metpublic/PYTHON_VENV/present_weather/lib/python3.10/site-packages/rasterio/proj_data'.
2023-11-28 14:13:04,347 - rasterio._env - DEBUG - Started GDALEnv: self=<rasterio._env.GDALEnv object at 0x7ff4cb606350>.
2023-11-28 14:13:04,347 - rasterio.env - DEBUG - Entered env context: <rasterio.env.Env object at 0x7ff4cb606380>
2023-11-28 14:13:04,348 - rasterio._base - DEBUG - Sharing flag: 0
2023-11-28 14:13:04,537 - rasterio._base - DEBUG - Nodata success: 1, Nodata value: nan
2023-11-28 14:13:04,537 - rasterio._base - DEBUG - Dataset <open DatasetReader name='https://radar.bmkg.go.id/raster/radarsatelit_202311281410.tif' mode='r'> is started.
2023-11-28 14:13:04,537 - rasterio.env - DEBUG - Exiting env context: <rasterio.env.Env object at 0x7ff4cb606380>
2023-11-28 14:13:04,538 - rasterio.env - DEBUG - Cleared existing <rasterio._env.GDALEnv object at 0x7ff4cb606350> options
2023-11-28 14:13:04,538 - rasterio._env - DEBUG - Stopped GDALEnv <rasterio._env.GDALEnv object at 0x7ff4cb606350>.
2023-11-28 14:13:04,538 - rasterio.env - DEBUG - Exiting outermost env
2023-11-28 14:13:04,538 - rasterio.env - DEBUG - Exited env context: <rasterio.env.Env object at 0x7ff4cb606380>
2023-11-28 14:13:04,538 - rasterio.env - DEBUG - Entering env context: <rasterio.env.Env object at 0x7ff4cac53d90>
2023-11-28 14:13:04,538 - rasterio.env - DEBUG - Starting outermost env
2023-11-28 14:13:04,538 - rasterio.env - DEBUG - No GDAL environment exists
2023-11-28 14:13:04,538 - rasterio.env - DEBUG - New GDAL environment <rasterio._env.GDALEnv object at 0x7ff4cacabe80> created
2023-11-28 14:13:04,539 - rasterio._env - DEBUG - GDAL data found in package: path='/home/metpublic/PYTHON_VENV/present_weather/lib/python3.10/site-packages/rasterio/gdal_data'.
2023-11-28 14:13:04,539 - rasterio._env - DEBUG - PROJ data found in package: path='/home/metpublic/PYTHON_VENV/present_weather/lib/python3.10/site-packages/rasterio/proj_data'.
2023-11-28 14:13:04,539 - rasterio._env - DEBUG - Started GDALEnv: self=<rasterio._env.GDALEnv object at 0x7ff4cacabe80>.
2023-11-28 14:13:04,539 - rasterio.env - DEBUG - Entered env context: <rasterio.env.Env object at 0x7ff4cac53d90>
2023-11-28 14:13:04,540 - rasterio.env - DEBUG - Got a copy of environment <rasterio._env.GDALEnv object at 0x7ff4cacabe80> options
2023-11-28 14:13:04,540 - rasterio.env - DEBUG - Entering env context: <rasterio.env.Env object at 0x7ff4c839d6f0>
2023-11-28 14:13:04,540 - rasterio.env - DEBUG - Got a copy of environment <rasterio._env.GDALEnv object at 0x7ff4cacabe80> options
2023-11-28 14:13:04,540 - rasterio.env - DEBUG - Entered env context: <rasterio.env.Env object at 0x7ff4c839d6f0>
2023-11-28 14:13:04,540 - rasterio._base - DEBUG - Sharing flag: 0
2023-11-28 14:13:04,541 - rasterio._base - DEBUG - Nodata success: 1, Nodata value: nan
2023-11-28 14:13:04,541 - rasterio._base - DEBUG - Dataset <open DatasetReader name='https://radar.bmkg.go.id/raster/radarsatelit_202311281410.tif' mode='r'> is started.
2023-11-28 14:13:04,541 - rasterio.env - DEBUG - Exiting env context: <rasterio.env.Env object at 0x7ff4c839d6f0>
2023-11-28 14:13:04,541 - rasterio.env - DEBUG - Cleared existing <rasterio._env.GDALEnv object at 0x7ff4cacabe80> options
2023-11-28 14:13:04,542 - rasterio._env - DEBUG - Stopped GDALEnv <rasterio._env.GDALEnv object at 0x7ff4cacabe80>.
2023-11-28 14:13:04,542 - rasterio.env - DEBUG - No GDAL environment exists
2023-11-28 14:13:04,542 - rasterio.env - DEBUG - New GDAL environment <rasterio._env.GDALEnv object at 0x7ff4cacabe80> created
2023-11-28 14:13:04,542 - rasterio._env - DEBUG - GDAL data found in package: path='/home/metpublic/PYTHON_VENV/present_weather/lib/python3.10/site-packages/rasterio/gdal_data'.
2023-11-28 14:13:04,542 - rasterio._env - DEBUG - PROJ data found in package: path='/home/metpublic/PYTHON_VENV/present_weather/lib/python3.10/site-packages/rasterio/proj_data'.
2023-11-28 14:13:04,543 - rasterio._env - DEBUG - Started GDALEnv: self=<rasterio._env.GDALEnv object at 0x7ff4cacabe80>.
2023-11-28 14:13:04,543 - rasterio.env - DEBUG - Exited env context: <rasterio.env.Env object at 0x7ff4c839d6f0>
2023-11-28 14:13:04,561 - rasterio._io - DEBUG - Output nodata value read from file: nan
2023-11-28 14:13:04,561 - rasterio._io - DEBUG - Output nodata values: [nan]
2023-11-28 14:13:04,561 - rasterio._io - DEBUG - all_valid: False
2023-11-28 14:13:04,561 - rasterio._io - DEBUG - mask_flags: ([<MaskFlags.nodata: 8>],)
2023-11-28 14:13:04,561 - rasterio._io - DEBUG - Jump straight to _read()
2023-11-28 14:13:04,561 - rasterio._io - DEBUG - Window: Window(col_off=0, row_off=0, width=10177, height=3732)
2023-11-28 14:13:04,562 - rasterio._io - DEBUG - IO window xoff=0.0 yoff=0.0 width=10177.0 height=3732.0
2023-11-28 14:13:05,169 - rasterio.env - DEBUG - Exiting env context: <rasterio.env.Env object at 0x7ff4cac53d90>
2023-11-28 14:13:05,169 - rasterio.env - DEBUG - Cleared existing <rasterio._env.GDALEnv object at 0x7ff4cacabe80> options
2023-11-28 14:13:05,169 - rasterio._env - DEBUG - Stopped GDALEnv <rasterio._env.GDALEnv object at 0x7ff4cacabe80>.
2023-11-28 14:13:05,169 - rasterio.env - DEBUG - Exiting outermost env
2023-11-28 14:13:05,169 - rasterio.env - DEBUG - Exited env context: <rasterio.env.Env object at 0x7ff4cac53d90>
2023-11-28 14:17:53,474 - rasterio.env - DEBUG - Entering env context: <rasterio.env.Env object at 0x7ff4c82d9990>
2023-11-28 14:17:53,474 - rasterio.env - DEBUG - Starting outermost env
2023-11-28 14:17:53,474 - rasterio.env - DEBUG - No GDAL environment exists
2023-11-28 14:17:53,474 - rasterio.env - DEBUG - New GDAL environment <rasterio._env.GDALEnv object at 0x7ff4c82da320> created
2023-11-28 14:17:53,475 - rasterio._env - DEBUG - GDAL data found in package: path='/home/metpublic/PYTHON_VENV/present_weather/lib/python3.10/site-packages/rasterio/gdal_data'.
2023-11-28 14:17:53,475 - rasterio._env - DEBUG - PROJ data found in package: path='/home/metpublic/PYTHON_VENV/present_weather/lib/python3.10/site-packages/rasterio/proj_data'.
2023-11-28 14:17:53,475 - rasterio._env - DEBUG - Started GDALEnv: self=<rasterio._env.GDALEnv object at 0x7ff4c82da320>.
2023-11-28 14:17:53,475 - rasterio.env - DEBUG - Entered env context: <rasterio.env.Env object at 0x7ff4c82d9990>
2023-11-28 14:17:53,475 - rasterio._base - DEBUG - Sharing flag: 0
2023-11-28 14:17:53,477 - rasterio._base - DEBUG - Nodata success: 0, Nodata value: 0.000000
2023-11-28 14:17:53,477 - rasterio._base - DEBUG - Dataset <open DatasetReader name='/home/metpublic/TASK_RELEASE/EFAN/present_weather/src/H09_B13_Indonesia_20231128.Z1400.cor.tiff' mode='r'> is started.
2023-11-28 14:17:53,477 - rasterio.env - DEBUG - Exiting env context: <rasterio.env.Env object at 0x7ff4c82d9990>
2023-11-28 14:17:53,477 - rasterio.env - DEBUG - Cleared existing <rasterio._env.GDALEnv object at 0x7ff4c82da320> options
2023-11-28 14:17:53,477 - rasterio._env - DEBUG - Stopped GDALEnv <rasterio._env.GDALEnv object at 0x7ff4c82da320>.
2023-11-28 14:17:53,478 - rasterio.env - DEBUG - Exiting outermost env
2023-11-28 14:17:53,478 - rasterio.env - DEBUG - Exited env context: <rasterio.env.Env object at 0x7ff4c82d9990>
2023-11-28 14:17:53,478 - rasterio.env - DEBUG - Entering env context: <rasterio.env.Env object at 0x7ff4c841cd90>
2023-11-28 14:17:53,478 - rasterio.env - DEBUG - Starting outermost env
2023-11-28 14:17:53,478 - rasterio.env - DEBUG - No GDAL environment exists
2023-11-28 14:17:53,478 - rasterio.env - DEBUG - New GDAL environment <rasterio._env.GDALEnv object at 0x7ff4c841efb0> created
2023-11-28 14:17:53,479 - rasterio._env - DEBUG - GDAL data found in package: path='/home/metpublic/PYTHON_VENV/present_weather/lib/python3.10/site-packages/rasterio/gdal_data'.
2023-11-28 14:17:53,479 - rasterio._env - DEBUG - PROJ data found in package: path='/home/metpublic/PYTHON_VENV/present_weather/lib/python3.10/site-packages/rasterio/proj_data'.
2023-11-28 14:17:53,479 - rasterio._env - DEBUG - Started GDALEnv: self=<rasterio._env.GDALEnv object at 0x7ff4c841efb0>.
2023-11-28 14:17:53,479 - rasterio.env - DEBUG - Entered env context: <rasterio.env.Env object at 0x7ff4c841cd90>
2023-11-28 14:17:53,479 - rasterio._base - DEBUG - Sharing flag: 0
2023-11-28 14:17:53,480 - rasterio._base - DEBUG - Nodata success: 0, Nodata value: 0.000000
2023-11-28 14:17:53,480 - rasterio._base - DEBUG - Dataset <open DatasetReader name='/home/metpublic/TASK_RELEASE/EFAN/present_weather/src/H09_B13_Indonesia_20231128.Z1400.cor.tiff' mode='r'> is started.
2023-11-28 14:17:53,480 - rasterio.env - DEBUG - Exiting env context: <rasterio.env.Env object at 0x7ff4c841cd90>
2023-11-28 14:17:53,481 - rasterio.env - DEBUG - Cleared existing <rasterio._env.GDALEnv object at 0x7ff4c841efb0> options
2023-11-28 14:17:53,481 - rasterio._env - DEBUG - Stopped GDALEnv <rasterio._env.GDALEnv object at 0x7ff4c841efb0>.
2023-11-28 14:17:53,481 - rasterio.env - DEBUG - Exiting outermost env
2023-11-28 14:17:53,481 - rasterio.env - DEBUG - Exited env context: <rasterio.env.Env object at 0x7ff4c841cd90>
2023-11-28 14:17:53,494 - root - INFO - Generating present weather using SATELITE data
2023-11-28 14:19:03,710 - root - INFO - Total elapsed time: 0:06:00.912522
