2023-11-28 09:03:02,893 - root - INFO - Initiating present weather
2023-11-28 09:03:02,895 - asyncio - DEBUG - Using selector: EpollSelector
2023-11-28 09:03:04,439 - urllib3.connectionpool - DEBUG - Starting new HTTPS connection (1): radar.bmkg.go.id:8060
2023-11-28 09:03:04,462 - urllib3.connectionpool - DEBUG - https://radar.bmkg.go.id:8060 "GET /getRadarGeotif?token=19387e71e78522ae4172ec0fda640983b8438c9cfa0ca571623cb69d8327&radar=amandemenForecast&type=latest HTTP/1.1" 200 90
2023-11-28 09:03:04,463 - rasterio.env - DEBUG - Entering env context: <rasterio.env.Env object at 0x7febef515cc0>
2023-11-28 09:03:04,463 - rasterio.env - DEBUG - Starting outermost env
2023-11-28 09:03:04,463 - rasterio.env - DEBUG - No GDAL environment exists
2023-11-28 09:03:04,463 - rasterio.env - DEBUG - New GDAL environment <rasterio._env.GDALEnv object at 0x7febef515b70> created
2023-11-28 09:03:04,466 - rasterio._filepath - DEBUG - Installing FilePath filesystem handler plugin...
2023-11-28 09:03:04,466 - rasterio._env - DEBUG - GDAL data found in package: path='/home/metpublic/PYTHON_VENV/present_weather/lib/python3.10/site-packages/rasterio/gdal_data'.
2023-11-28 09:03:04,466 - rasterio._env - DEBUG - PROJ data found in package: path='/home/metpublic/PYTHON_VENV/present_weather/lib/python3.10/site-packages/rasterio/proj_data'.
2023-11-28 09:03:04,466 - rasterio._env - DEBUG - Started GDALEnv: self=<rasterio._env.GDALEnv object at 0x7febef515b70>.
2023-11-28 09:03:04,466 - rasterio.env - DEBUG - Entered env context: <rasterio.env.Env object at 0x7febef515cc0>
2023-11-28 09:03:04,466 - rasterio._base - DEBUG - Sharing flag: 0
2023-11-28 09:03:04,643 - rasterio._base - DEBUG - Nodata success: 1, Nodata value: nan
2023-11-28 09:03:04,644 - rasterio._base - DEBUG - Dataset <open DatasetReader name='https://radar.bmkg.go.id/raster/radarsatelit_202311280900.tif' mode='r'> is started.
2023-11-28 09:03:04,644 - rasterio.env - DEBUG - Exiting env context: <rasterio.env.Env object at 0x7febef515cc0>
2023-11-28 09:03:04,644 - rasterio.env - DEBUG - Cleared existing <rasterio._env.GDALEnv object at 0x7febef515b70> options
2023-11-28 09:03:04,644 - rasterio._env - DEBUG - Stopped GDALEnv <rasterio._env.GDALEnv object at 0x7febef515b70>.
2023-11-28 09:03:04,644 - rasterio.env - DEBUG - Exiting outermost env
2023-11-28 09:03:04,644 - rasterio.env - DEBUG - Exited env context: <rasterio.env.Env object at 0x7febef515cc0>
2023-11-28 09:03:04,644 - rasterio.env - DEBUG - Entering env context: <rasterio.env.Env object at 0x7febeeb4f7f0>
2023-11-28 09:03:04,645 - rasterio.env - DEBUG - Starting outermost env
2023-11-28 09:03:04,645 - rasterio.env - DEBUG - No GDAL environment exists
2023-11-28 09:03:04,645 - rasterio.env - DEBUG - New GDAL environment <rasterio._env.GDALEnv object at 0x7febef515b70> created
2023-11-28 09:03:04,645 - rasterio._env - DEBUG - GDAL data found in package: path='/home/metpublic/PYTHON_VENV/present_weather/lib/python3.10/site-packages/rasterio/gdal_data'.
2023-11-28 09:03:04,645 - rasterio._env - DEBUG - PROJ data found in package: path='/home/metpublic/PYTHON_VENV/present_weather/lib/python3.10/site-packages/rasterio/proj_data'.
2023-11-28 09:03:04,645 - rasterio._env - DEBUG - Started GDALEnv: self=<rasterio._env.GDALEnv object at 0x7febef515b70>.
2023-11-28 09:03:04,645 - rasterio.env - DEBUG - Entered env context: <rasterio.env.Env object at 0x7febeeb4f7f0>
2023-11-28 09:03:04,646 - rasterio.env - DEBUG - Got a copy of environment <rasterio._env.GDALEnv object at 0x7febef515b70> options
2023-11-28 09:03:04,646 - rasterio.env - DEBUG - Entering env context: <rasterio.env.Env object at 0x7febec2903d0>
2023-11-28 09:03:04,646 - rasterio.env - DEBUG - Got a copy of environment <rasterio._env.GDALEnv object at 0x7febef515b70> options
2023-11-28 09:03:04,646 - rasterio.env - DEBUG - Entered env context: <rasterio.env.Env object at 0x7febec2903d0>
2023-11-28 09:03:04,646 - rasterio._base - DEBUG - Sharing flag: 0
2023-11-28 09:03:04,647 - rasterio._base - DEBUG - Nodata success: 1, Nodata value: nan
2023-11-28 09:03:04,647 - rasterio._base - DEBUG - Dataset <open DatasetReader name='https://radar.bmkg.go.id/raster/radarsatelit_202311280900.tif' mode='r'> is started.
2023-11-28 09:03:04,647 - rasterio.env - DEBUG - Exiting env context: <rasterio.env.Env object at 0x7febec2903d0>
2023-11-28 09:03:04,647 - rasterio.env - DEBUG - Cleared existing <rasterio._env.GDALEnv object at 0x7febef515b70> options
2023-11-28 09:03:04,648 - rasterio._env - DEBUG - Stopped GDALEnv <rasterio._env.GDALEnv object at 0x7febef515b70>.
2023-11-28 09:03:04,648 - rasterio.env - DEBUG - No GDAL environment exists
2023-11-28 09:03:04,648 - rasterio.env - DEBUG - New GDAL environment <rasterio._env.GDALEnv object at 0x7febef515b70> created
2023-11-28 09:03:04,648 - rasterio._env - DEBUG - GDAL data found in package: path='/home/metpublic/PYTHON_VENV/present_weather/lib/python3.10/site-packages/rasterio/gdal_data'.
2023-11-28 09:03:04,648 - rasterio._env - DEBUG - PROJ data found in package: path='/home/metpublic/PYTHON_VENV/present_weather/lib/python3.10/site-packages/rasterio/proj_data'.
2023-11-28 09:03:04,648 - rasterio._env - DEBUG - Started GDALEnv: self=<rasterio._env.GDALEnv object at 0x7febef515b70>.
2023-11-28 09:03:04,648 - rasterio.env - DEBUG - Exited env context: <rasterio.env.Env object at 0x7febec2903d0>
2023-11-28 09:03:04,666 - rasterio._io - DEBUG - Output nodata value read from file: nan
2023-11-28 09:03:04,666 - rasterio._io - DEBUG - Output nodata values: [nan]
2023-11-28 09:03:04,666 - rasterio._io - DEBUG - all_valid: False
2023-11-28 09:03:04,666 - rasterio._io - DEBUG - mask_flags: ([<MaskFlags.nodata: 8>],)
2023-11-28 09:03:04,667 - rasterio._io - DEBUG - Jump straight to _read()
2023-11-28 09:03:04,667 - rasterio._io - DEBUG - Window: Window(col_off=0, row_off=0, width=10215, height=3792)
2023-11-28 09:03:04,667 - rasterio._io - DEBUG - IO window xoff=0.0 yoff=0.0 width=10215.0 height=3792.0
2023-11-28 09:03:05,280 - rasterio.env - DEBUG - Exiting env context: <rasterio.env.Env object at 0x7febeeb4f7f0>
2023-11-28 09:03:05,280 - rasterio.env - DEBUG - Cleared existing <rasterio._env.GDALEnv object at 0x7febef515b70> options
2023-11-28 09:03:05,281 - rasterio._env - DEBUG - Stopped GDALEnv <rasterio._env.GDALEnv object at 0x7febef515b70>.
2023-11-28 09:03:05,281 - rasterio.env - DEBUG - Exiting outermost env
2023-11-28 09:03:05,281 - rasterio.env - DEBUG - Exited env context: <rasterio.env.Env object at 0x7febeeb4f7f0>
2023-11-28 09:03:05,283 - urllib3.connectionpool - DEBUG - Starting new HTTPS connection (1): radar.bmkg.go.id:8060
2023-11-28 09:03:05,296 - urllib3.connectionpool - DEBUG - https://radar.bmkg.go.id:8060 "GET /getLatestLD?typeData=1 HTTP/1.1" 200 62
2023-11-28 09:03:07,612 - rasterio.env - DEBUG - Entering env context: <rasterio.env.Env object at 0x7febeebd22f0>
2023-11-28 09:03:07,612 - rasterio.env - DEBUG - Starting outermost env
2023-11-28 09:03:07,612 - rasterio.env - DEBUG - No GDAL environment exists
2023-11-28 09:03:07,612 - rasterio.env - DEBUG - New GDAL environment <rasterio._env.GDALEnv object at 0x7febeebd2ad0> created
2023-11-28 09:03:07,613 - rasterio._env - DEBUG - GDAL data found in package: path='/home/metpublic/PYTHON_VENV/present_weather/lib/python3.10/site-packages/rasterio/gdal_data'.
2023-11-28 09:03:07,613 - rasterio._env - DEBUG - PROJ data found in package: path='/home/metpublic/PYTHON_VENV/present_weather/lib/python3.10/site-packages/rasterio/proj_data'.
2023-11-28 09:03:07,613 - rasterio._env - DEBUG - Started GDALEnv: self=<rasterio._env.GDALEnv object at 0x7febeebd2ad0>.
2023-11-28 09:03:07,613 - rasterio.env - DEBUG - Entered env context: <rasterio.env.Env object at 0x7febeebd22f0>
2023-11-28 09:03:07,613 - rasterio._base - DEBUG - Sharing flag: 0
2023-11-28 09:03:07,614 - rasterio._base - DEBUG - Nodata success: 0, Nodata value: 0.000000
2023-11-28 09:03:07,614 - rasterio._base - DEBUG - Dataset <open DatasetReader name='/home/metpublic/TASK_RELEASE/EFAN/present_weather/src/H09_B13_Indonesia_20231128.Z0850.cor.tiff' mode='r'> is started.
2023-11-28 09:03:07,614 - rasterio.env - DEBUG - Exiting env context: <rasterio.env.Env object at 0x7febeebd22f0>
2023-11-28 09:03:07,614 - rasterio.env - DEBUG - Cleared existing <rasterio._env.GDALEnv object at 0x7febeebd2ad0> options
2023-11-28 09:03:07,614 - rasterio._env - DEBUG - Stopped GDALEnv <rasterio._env.GDALEnv object at 0x7febeebd2ad0>.
2023-11-28 09:03:07,615 - rasterio.env - DEBUG - Exiting outermost env
2023-11-28 09:03:07,615 - rasterio.env - DEBUG - Exited env context: <rasterio.env.Env object at 0x7febeebd22f0>
2023-11-28 09:03:07,615 - rasterio.env - DEBUG - Entering env context: <rasterio.env.Env object at 0x7febec290430>
2023-11-28 09:03:07,615 - rasterio.env - DEBUG - Starting outermost env
2023-11-28 09:03:07,615 - rasterio.env - DEBUG - No GDAL environment exists
2023-11-28 09:03:07,615 - rasterio.env - DEBUG - New GDAL environment <rasterio._env.GDALEnv object at 0x7febec290d00> created
2023-11-28 09:03:07,615 - rasterio._env - DEBUG - GDAL data found in package: path='/home/metpublic/PYTHON_VENV/present_weather/lib/python3.10/site-packages/rasterio/gdal_data'.
2023-11-28 09:03:07,616 - rasterio._env - DEBUG - PROJ data found in package: path='/home/metpublic/PYTHON_VENV/present_weather/lib/python3.10/site-packages/rasterio/proj_data'.
2023-11-28 09:03:07,616 - rasterio._env - DEBUG - Started GDALEnv: self=<rasterio._env.GDALEnv object at 0x7febec290d00>.
2023-11-28 09:03:07,616 - rasterio.env - DEBUG - Entered env context: <rasterio.env.Env object at 0x7febec290430>
2023-11-28 09:03:07,616 - rasterio._base - DEBUG - Sharing flag: 0
2023-11-28 09:03:07,617 - rasterio._base - DEBUG - Nodata success: 0, Nodata value: 0.000000
2023-11-28 09:03:07,617 - rasterio._base - DEBUG - Dataset <open DatasetReader name='/home/metpublic/TASK_RELEASE/EFAN/present_weather/src/H09_B13_Indonesia_20231128.Z0850.cor.tiff' mode='r'> is started.
2023-11-28 09:03:07,617 - rasterio.env - DEBUG - Exiting env context: <rasterio.env.Env object at 0x7febec290430>
2023-11-28 09:03:07,617 - rasterio.env - DEBUG - Cleared existing <rasterio._env.GDALEnv object at 0x7febec290d00> options
2023-11-28 09:03:07,617 - rasterio._env - DEBUG - Stopped GDALEnv <rasterio._env.GDALEnv object at 0x7febec290d00>.
2023-11-28 09:03:07,617 - rasterio.env - DEBUG - Exiting outermost env
2023-11-28 09:03:07,617 - rasterio.env - DEBUG - Exited env context: <rasterio.env.Env object at 0x7febec290430>
2023-11-28 09:03:07,626 - root - INFO - Generating present weather using SATELITE data
2023-11-28 09:04:03,465 - root - INFO - Total elapsed time: 0:01:00.572131
