2023-11-22 12:23:03,663 - root - INFO - Initiating present weather
2023-11-22 12:23:03,667 - asyncio - DEBUG - Using selector: EpollSelector
2023-11-22 12:23:06,957 - urllib3.connectionpool - DEBUG - Starting new HTTPS connection (1): radar.bmkg.go.id:8060
2023-11-22 12:23:07,029 - urllib3.connectionpool - DEBUG - https://radar.bmkg.go.id:8060 "GET /getRadarGeotif?token=19387e71e78522ae4172ec0fda640983b8438c9cfa0ca571623cb69d8327&radar=amandemenForecast&type=latest HTTP/1.1" 200 90
2023-11-22 12:23:07,031 - rasterio.env - DEBUG - Entering env context: <rasterio.env.Env object at 0x7f01308e1910>
2023-11-22 12:23:07,032 - rasterio.env - DEBUG - Starting outermost env
2023-11-22 12:23:07,033 - rasterio.env - DEBUG - No GDAL environment exists
2023-11-22 12:23:07,033 - rasterio.env - DEBUG - New GDAL environment <rasterio._env.GDALEnv object at 0x7f01308e17b0> created
2023-11-22 12:23:07,037 - rasterio._filepath - DEBUG - Installing FilePath filesystem handler plugin...
2023-11-22 12:23:07,037 - rasterio._env - DEBUG - GDAL data found in package: path='/home/swx/miniconda3/envs/present_weather/lib/python3.12/site-packages/rasterio/gdal_data'.
2023-11-22 12:23:07,038 - rasterio._env - DEBUG - PROJ_LIB found in environment.
2023-11-22 12:23:07,038 - rasterio._env - DEBUG - Started GDALEnv: self=<rasterio._env.GDALEnv object at 0x7f01308e17b0>.
2023-11-22 12:23:07,038 - rasterio.env - DEBUG - Entered env context: <rasterio.env.Env object at 0x7f01308e1910>
2023-11-22 12:23:07,038 - rasterio._base - DEBUG - Sharing flag: 0
2023-11-22 12:23:07,236 - rasterio._base - DEBUG - Nodata success: 1, Nodata value: nan
2023-11-22 12:23:07,236 - rasterio._base - DEBUG - Dataset <open DatasetReader name='https://radar.bmkg.go.id/raster/radarsatelit_202311221220.tif' mode='r'> is started.
2023-11-22 12:23:07,237 - rasterio.env - DEBUG - Exiting env context: <rasterio.env.Env object at 0x7f01308e1910>
2023-11-22 12:23:07,237 - rasterio.env - DEBUG - Cleared existing <rasterio._env.GDALEnv object at 0x7f01308e17b0> options
2023-11-22 12:23:07,237 - rasterio._env - DEBUG - Stopped GDALEnv <rasterio._env.GDALEnv object at 0x7f01308e17b0>.
2023-11-22 12:23:07,237 - rasterio.env - DEBUG - Exiting outermost env
2023-11-22 12:23:07,237 - rasterio.env - DEBUG - Exited env context: <rasterio.env.Env object at 0x7f01308e1910>
2023-11-22 12:23:07,237 - rasterio.env - DEBUG - Entering env context: <rasterio.env.Env object at 0x7f01308e0fe0>
2023-11-22 12:23:07,238 - rasterio.env - DEBUG - Starting outermost env
2023-11-22 12:23:07,238 - rasterio.env - DEBUG - No GDAL environment exists
2023-11-22 12:23:07,238 - rasterio.env - DEBUG - New GDAL environment <rasterio._env.GDALEnv object at 0x7f01308e17b0> created
2023-11-22 12:23:07,239 - rasterio._env - DEBUG - GDAL data found in package: path='/home/swx/miniconda3/envs/present_weather/lib/python3.12/site-packages/rasterio/gdal_data'.
2023-11-22 12:23:07,239 - rasterio._env - DEBUG - PROJ_LIB found in environment.
2023-11-22 12:23:07,239 - rasterio._env - DEBUG - Started GDALEnv: self=<rasterio._env.GDALEnv object at 0x7f01308e17b0>.
2023-11-22 12:23:07,240 - rasterio.env - DEBUG - Entered env context: <rasterio.env.Env object at 0x7f01308e0fe0>
2023-11-22 12:23:07,240 - rasterio.env - DEBUG - Got a copy of environment <rasterio._env.GDALEnv object at 0x7f01308e17b0> options
2023-11-22 12:23:07,240 - rasterio.env - DEBUG - Entering env context: <rasterio.env.Env object at 0x7f011af400e0>
2023-11-22 12:23:07,240 - rasterio.env - DEBUG - Got a copy of environment <rasterio._env.GDALEnv object at 0x7f01308e17b0> options
2023-11-22 12:23:07,241 - rasterio.env - DEBUG - Entered env context: <rasterio.env.Env object at 0x7f011af400e0>
2023-11-22 12:23:07,241 - rasterio._base - DEBUG - Sharing flag: 0
2023-11-22 12:23:07,242 - rasterio._base - DEBUG - Nodata success: 1, Nodata value: nan
2023-11-22 12:23:07,243 - rasterio._base - DEBUG - Dataset <open DatasetReader name='https://radar.bmkg.go.id/raster/radarsatelit_202311221220.tif' mode='r'> is started.
2023-11-22 12:23:07,243 - rasterio.env - DEBUG - Exiting env context: <rasterio.env.Env object at 0x7f011af400e0>
2023-11-22 12:23:07,243 - rasterio.env - DEBUG - Cleared existing <rasterio._env.GDALEnv object at 0x7f01308e17b0> options
2023-11-22 12:23:07,243 - rasterio._env - DEBUG - Stopped GDALEnv <rasterio._env.GDALEnv object at 0x7f01308e17b0>.
2023-11-22 12:23:07,243 - rasterio.env - DEBUG - No GDAL environment exists
2023-11-22 12:23:07,243 - rasterio.env - DEBUG - New GDAL environment <rasterio._env.GDALEnv object at 0x7f013090c880> created
2023-11-22 12:23:07,244 - rasterio._env - DEBUG - GDAL data found in package: path='/home/swx/miniconda3/envs/present_weather/lib/python3.12/site-packages/rasterio/gdal_data'.
2023-11-22 12:23:07,244 - rasterio._env - DEBUG - PROJ_LIB found in environment.
2023-11-22 12:23:07,244 - rasterio._env - DEBUG - Started GDALEnv: self=<rasterio._env.GDALEnv object at 0x7f013090c880>.
2023-11-22 12:23:07,244 - rasterio.env - DEBUG - Exited env context: <rasterio.env.Env object at 0x7f011af400e0>
2023-11-22 12:23:07,274 - rasterio._io - DEBUG - Output nodata value read from file: nan
2023-11-22 12:23:07,275 - rasterio._io - DEBUG - Output nodata values: [nan]
2023-11-22 12:23:07,275 - rasterio._io - DEBUG - all_valid: False
2023-11-22 12:23:07,275 - rasterio._io - DEBUG - mask_flags: ([<MaskFlags.nodata: 8>],)
2023-11-22 12:23:07,275 - rasterio._io - DEBUG - Jump straight to _read()
2023-11-22 12:23:07,275 - rasterio._io - DEBUG - Window: Window(col_off=0, row_off=0, width=10215, height=3792)
2023-11-22 12:23:07,276 - rasterio._io - DEBUG - IO window xoff=0.0 yoff=0.0 width=10215.0 height=3792.0
2023-11-22 12:23:08,059 - rasterio.env - DEBUG - Exiting env context: <rasterio.env.Env object at 0x7f01308e0fe0>
2023-11-22 12:23:08,059 - rasterio.env - DEBUG - Cleared existing <rasterio._env.GDALEnv object at 0x7f013090c880> options
2023-11-22 12:23:08,059 - rasterio._env - DEBUG - Stopped GDALEnv <rasterio._env.GDALEnv object at 0x7f013090c880>.
2023-11-22 12:23:08,059 - rasterio.env - DEBUG - Exiting outermost env
2023-11-22 12:23:08,059 - rasterio.env - DEBUG - Exited env context: <rasterio.env.Env object at 0x7f01308e0fe0>
2023-11-22 12:23:08,062 - urllib3.connectionpool - DEBUG - Starting new HTTPS connection (1): radar.bmkg.go.id:8060
2023-11-22 12:23:08,130 - urllib3.connectionpool - DEBUG - https://radar.bmkg.go.id:8060 "GET /getLatestLD?typeData=1 HTTP/1.1" 200 69802
2023-11-22 12:23:11,434 - root - INFO - dask.bag<lambda, npartitions=34>
2023-11-22 12:27:42,934 - root - INFO - Total elapsed time: 0:04:39.271513
