2023-11-26 08:53:02,195 - root - INFO - Initiating present weather
2023-11-26 08:53:02,198 - asyncio - DEBUG - Using selector: EpollSelector
2023-11-26 08:53:03,703 - urllib3.connectionpool - DEBUG - Starting new HTTPS connection (1): radar.bmkg.go.id:8060
2023-11-26 08:53:03,729 - urllib3.connectionpool - DEBUG - https://radar.bmkg.go.id:8060 "GET /getRadarGeotif?token=19387e71e78522ae4172ec0fda640983b8438c9cfa0ca571623cb69d8327&radar=amandemenForecast&type=latest HTTP/1.1" 200 90
2023-11-26 08:53:03,730 - rasterio.env - DEBUG - Entering env context: <rasterio.env.Env object at 0x7fe150dedd20>
2023-11-26 08:53:03,730 - rasterio.env - DEBUG - Starting outermost env
2023-11-26 08:53:03,730 - rasterio.env - DEBUG - No GDAL environment exists
2023-11-26 08:53:03,730 - rasterio.env - DEBUG - New GDAL environment <rasterio._env.GDALEnv object at 0x7fe150dedbd0> created
2023-11-26 08:53:03,733 - rasterio._filepath - DEBUG - Installing FilePath filesystem handler plugin...
2023-11-26 08:53:03,733 - rasterio._env - DEBUG - GDAL data found in package: path='/home/metpublic/PYTHON_VENV/present_weather/lib/python3.10/site-packages/rasterio/gdal_data'.
2023-11-26 08:53:03,733 - rasterio._env - DEBUG - PROJ data found in package: path='/home/metpublic/PYTHON_VENV/present_weather/lib/python3.10/site-packages/rasterio/proj_data'.
2023-11-26 08:53:03,734 - rasterio._env - DEBUG - Started GDALEnv: self=<rasterio._env.GDALEnv object at 0x7fe150dedbd0>.
2023-11-26 08:53:03,734 - rasterio.env - DEBUG - Entered env context: <rasterio.env.Env object at 0x7fe150dedd20>
2023-11-26 08:53:03,734 - rasterio._base - DEBUG - Sharing flag: 0
2023-11-26 08:53:03,909 - rasterio._base - DEBUG - Nodata success: 1, Nodata value: nan
2023-11-26 08:53:03,910 - rasterio._base - DEBUG - Dataset <open DatasetReader name='https://radar.bmkg.go.id/raster/radarsatelit_202311260850.tif' mode='r'> is started.
2023-11-26 08:53:03,910 - rasterio.env - DEBUG - Exiting env context: <rasterio.env.Env object at 0x7fe150dedd20>
2023-11-26 08:53:03,910 - rasterio.env - DEBUG - Cleared existing <rasterio._env.GDALEnv object at 0x7fe150dedbd0> options
2023-11-26 08:53:03,910 - rasterio._env - DEBUG - Stopped GDALEnv <rasterio._env.GDALEnv object at 0x7fe150dedbd0>.
2023-11-26 08:53:03,910 - rasterio.env - DEBUG - Exiting outermost env
2023-11-26 08:53:03,910 - rasterio.env - DEBUG - Exited env context: <rasterio.env.Env object at 0x7fe150dedd20>
2023-11-26 08:53:03,910 - rasterio.env - DEBUG - Entering env context: <rasterio.env.Env object at 0x7fe150e23820>
2023-11-26 08:53:03,910 - rasterio.env - DEBUG - Starting outermost env
2023-11-26 08:53:03,911 - rasterio.env - DEBUG - No GDAL environment exists
2023-11-26 08:53:03,911 - rasterio.env - DEBUG - New GDAL environment <rasterio._env.GDALEnv object at 0x7fe150ded990> created
2023-11-26 08:53:03,911 - rasterio._env - DEBUG - GDAL data found in package: path='/home/metpublic/PYTHON_VENV/present_weather/lib/python3.10/site-packages/rasterio/gdal_data'.
2023-11-26 08:53:03,911 - rasterio._env - DEBUG - PROJ data found in package: path='/home/metpublic/PYTHON_VENV/present_weather/lib/python3.10/site-packages/rasterio/proj_data'.
2023-11-26 08:53:03,911 - rasterio._env - DEBUG - Started GDALEnv: self=<rasterio._env.GDALEnv object at 0x7fe150ded990>.
2023-11-26 08:53:03,912 - rasterio.env - DEBUG - Entered env context: <rasterio.env.Env object at 0x7fe150e23820>
2023-11-26 08:53:03,912 - rasterio.env - DEBUG - Got a copy of environment <rasterio._env.GDALEnv object at 0x7fe150ded990> options
2023-11-26 08:53:03,912 - rasterio.env - DEBUG - Entering env context: <rasterio.env.Env object at 0x7fe1503641c0>
2023-11-26 08:53:03,912 - rasterio.env - DEBUG - Got a copy of environment <rasterio._env.GDALEnv object at 0x7fe150ded990> options
2023-11-26 08:53:03,912 - rasterio.env - DEBUG - Entered env context: <rasterio.env.Env object at 0x7fe1503641c0>
2023-11-26 08:53:03,912 - rasterio._base - DEBUG - Sharing flag: 0
2023-11-26 08:53:03,913 - rasterio._base - DEBUG - Nodata success: 1, Nodata value: nan
2023-11-26 08:53:03,913 - rasterio._base - DEBUG - Dataset <open DatasetReader name='https://radar.bmkg.go.id/raster/radarsatelit_202311260850.tif' mode='r'> is started.
2023-11-26 08:53:03,913 - rasterio.env - DEBUG - Exiting env context: <rasterio.env.Env object at 0x7fe1503641c0>
2023-11-26 08:53:03,913 - rasterio.env - DEBUG - Cleared existing <rasterio._env.GDALEnv object at 0x7fe150ded990> options
2023-11-26 08:53:03,913 - rasterio._env - DEBUG - Stopped GDALEnv <rasterio._env.GDALEnv object at 0x7fe150ded990>.
2023-11-26 08:53:03,913 - rasterio.env - DEBUG - No GDAL environment exists
2023-11-26 08:53:03,913 - rasterio.env - DEBUG - New GDAL environment <rasterio._env.GDALEnv object at 0x7fe150ded990> created
2023-11-26 08:53:03,914 - rasterio._env - DEBUG - GDAL data found in package: path='/home/metpublic/PYTHON_VENV/present_weather/lib/python3.10/site-packages/rasterio/gdal_data'.
2023-11-26 08:53:03,914 - rasterio._env - DEBUG - PROJ data found in package: path='/home/metpublic/PYTHON_VENV/present_weather/lib/python3.10/site-packages/rasterio/proj_data'.
2023-11-26 08:53:03,914 - rasterio._env - DEBUG - Started GDALEnv: self=<rasterio._env.GDALEnv object at 0x7fe150ded990>.
2023-11-26 08:53:03,914 - rasterio.env - DEBUG - Exited env context: <rasterio.env.Env object at 0x7fe1503641c0>
2023-11-26 08:53:03,929 - rasterio._io - DEBUG - Output nodata value read from file: nan
2023-11-26 08:53:03,930 - rasterio._io - DEBUG - Output nodata values: [nan]
2023-11-26 08:53:03,930 - rasterio._io - DEBUG - all_valid: False
2023-11-26 08:53:03,930 - rasterio._io - DEBUG - mask_flags: ([<MaskFlags.nodata: 8>],)
2023-11-26 08:53:03,931 - rasterio._io - DEBUG - Jump straight to _read()
2023-11-26 08:53:03,931 - rasterio._io - DEBUG - Window: Window(col_off=0, row_off=0, width=10215, height=3792)
2023-11-26 08:53:03,931 - rasterio._io - DEBUG - IO window xoff=0.0 yoff=0.0 width=10215.0 height=3792.0
2023-11-26 08:53:04,563 - rasterio.env - DEBUG - Exiting env context: <rasterio.env.Env object at 0x7fe150e23820>
2023-11-26 08:53:04,564 - rasterio.env - DEBUG - Cleared existing <rasterio._env.GDALEnv object at 0x7fe150ded990> options
2023-11-26 08:53:04,564 - rasterio._env - DEBUG - Stopped GDALEnv <rasterio._env.GDALEnv object at 0x7fe150ded990>.
2023-11-26 08:53:04,564 - rasterio.env - DEBUG - Exiting outermost env
2023-11-26 08:53:04,564 - rasterio.env - DEBUG - Exited env context: <rasterio.env.Env object at 0x7fe150e23820>
2023-11-26 08:53:04,566 - urllib3.connectionpool - DEBUG - Starting new HTTPS connection (1): radar.bmkg.go.id:8060
2023-11-26 08:53:04,588 - urllib3.connectionpool - DEBUG - https://radar.bmkg.go.id:8060 "GET /getLatestLD?typeData=1 HTTP/1.1" 200 17623
2023-11-26 08:53:04,595 - root - INFO - Generating present weather using RADAR data
2023-11-26 08:53:08,540 - root - INFO - dask.bag<lambda, npartitions=34>
2023-11-26 08:59:13,565 - root - INFO - Total elapsed time: 0:06:11.370538
