2023-12-05 12:13:02,280 - root - INFO - Initiating present weather
2023-12-05 12:13:02,282 - asyncio - DEBUG - Using selector: EpollSelector
2023-12-05 12:13:03,776 - urllib3.connectionpool - DEBUG - Starting new HTTPS connection (1): radar.bmkg.go.id:8060
2023-12-05 12:13:03,788 - urllib3.connectionpool - DEBUG - https://radar.bmkg.go.id:8060 "GET /getLatestLD?typeData=1 HTTP/1.1" 200 62
2023-12-05 12:13:03,790 - urllib3.connectionpool - DEBUG - Starting new HTTPS connection (1): radar.bmkg.go.id:8060
2023-12-05 12:13:03,811 - urllib3.connectionpool - DEBUG - https://radar.bmkg.go.id:8060 "GET /getRadarGeotif?token=19387e71e78522ae4172ec0fda640983b8438c9cfa0ca571623cb69d8327&radar=amandemenForecast&type=latest HTTP/1.1" 200 90
2023-12-05 12:13:03,811 - rasterio.env - DEBUG - Entering env context: <rasterio.env.Env object at 0x7f307a8b17b0>
2023-12-05 12:13:03,812 - rasterio.env - DEBUG - Starting outermost env
2023-12-05 12:13:03,812 - rasterio.env - DEBUG - No GDAL environment exists
2023-12-05 12:13:03,812 - rasterio.env - DEBUG - New GDAL environment <rasterio._env.GDALEnv object at 0x7f307a8b2c20> created
2023-12-05 12:13:03,814 - rasterio._filepath - DEBUG - Installing FilePath filesystem handler plugin...
2023-12-05 12:13:03,815 - rasterio._env - DEBUG - GDAL data found in package: path='/home/metpublic/PYTHON_VENV/present_weather/lib/python3.10/site-packages/rasterio/gdal_data'.
2023-12-05 12:13:03,815 - rasterio._env - DEBUG - PROJ data found in package: path='/home/metpublic/PYTHON_VENV/present_weather/lib/python3.10/site-packages/rasterio/proj_data'.
2023-12-05 12:13:03,815 - rasterio._env - DEBUG - Started GDALEnv: self=<rasterio._env.GDALEnv object at 0x7f307a8b2c20>.
2023-12-05 12:13:03,815 - rasterio.env - DEBUG - Entered env context: <rasterio.env.Env object at 0x7f307a8b17b0>
2023-12-05 12:13:03,815 - rasterio._base - DEBUG - Sharing flag: 0
2023-12-05 12:13:04,046 - rasterio._base - DEBUG - Nodata success: 1, Nodata value: nan
2023-12-05 12:13:04,046 - rasterio._base - DEBUG - Dataset <open DatasetReader name='https://radar.bmkg.go.id/raster/radarsatelit_202312051210.tif' mode='r'> is started.
2023-12-05 12:13:04,047 - rasterio.env - DEBUG - Exiting env context: <rasterio.env.Env object at 0x7f307a8b17b0>
2023-12-05 12:13:04,047 - rasterio.env - DEBUG - Cleared existing <rasterio._env.GDALEnv object at 0x7f307a8b2c20> options
2023-12-05 12:13:04,047 - rasterio._env - DEBUG - Stopped GDALEnv <rasterio._env.GDALEnv object at 0x7f307a8b2c20>.
2023-12-05 12:13:04,047 - rasterio.env - DEBUG - Exiting outermost env
2023-12-05 12:13:04,047 - rasterio.env - DEBUG - Exited env context: <rasterio.env.Env object at 0x7f307a8b17b0>
2023-12-05 12:13:04,047 - rasterio.env - DEBUG - Entering env context: <rasterio.env.Env object at 0x7f3079f40a00>
2023-12-05 12:13:04,047 - rasterio.env - DEBUG - Starting outermost env
2023-12-05 12:13:04,047 - rasterio.env - DEBUG - No GDAL environment exists
2023-12-05 12:13:04,047 - rasterio.env - DEBUG - New GDAL environment <rasterio._env.GDALEnv object at 0x7f307a8b2b30> created
2023-12-05 12:13:04,048 - rasterio._env - DEBUG - GDAL data found in package: path='/home/metpublic/PYTHON_VENV/present_weather/lib/python3.10/site-packages/rasterio/gdal_data'.
2023-12-05 12:13:04,048 - rasterio._env - DEBUG - PROJ data found in package: path='/home/metpublic/PYTHON_VENV/present_weather/lib/python3.10/site-packages/rasterio/proj_data'.
2023-12-05 12:13:04,048 - rasterio._env - DEBUG - Started GDALEnv: self=<rasterio._env.GDALEnv object at 0x7f307a8b2b30>.
2023-12-05 12:13:04,048 - rasterio.env - DEBUG - Entered env context: <rasterio.env.Env object at 0x7f3079f40a00>
2023-12-05 12:13:04,049 - rasterio.env - DEBUG - Got a copy of environment <rasterio._env.GDALEnv object at 0x7f307a8b2b30> options
2023-12-05 12:13:04,049 - rasterio.env - DEBUG - Entering env context: <rasterio.env.Env object at 0x7f307864d7b0>
2023-12-05 12:13:04,049 - rasterio.env - DEBUG - Got a copy of environment <rasterio._env.GDALEnv object at 0x7f307a8b2b30> options
2023-12-05 12:13:04,049 - rasterio.env - DEBUG - Entered env context: <rasterio.env.Env object at 0x7f307864d7b0>
2023-12-05 12:13:04,049 - rasterio._base - DEBUG - Sharing flag: 0
2023-12-05 12:13:04,050 - rasterio._base - DEBUG - Nodata success: 1, Nodata value: nan
2023-12-05 12:13:04,050 - rasterio._base - DEBUG - Dataset <open DatasetReader name='https://radar.bmkg.go.id/raster/radarsatelit_202312051210.tif' mode='r'> is started.
2023-12-05 12:13:04,050 - rasterio.env - DEBUG - Exiting env context: <rasterio.env.Env object at 0x7f307864d7b0>
2023-12-05 12:13:04,050 - rasterio.env - DEBUG - Cleared existing <rasterio._env.GDALEnv object at 0x7f307a8b2b30> options
2023-12-05 12:13:04,050 - rasterio._env - DEBUG - Stopped GDALEnv <rasterio._env.GDALEnv object at 0x7f307a8b2b30>.
2023-12-05 12:13:04,050 - rasterio.env - DEBUG - No GDAL environment exists
2023-12-05 12:13:04,050 - rasterio.env - DEBUG - New GDAL environment <rasterio._env.GDALEnv object at 0x7f307a8b2b30> created
2023-12-05 12:13:04,050 - rasterio._env - DEBUG - GDAL data found in package: path='/home/metpublic/PYTHON_VENV/present_weather/lib/python3.10/site-packages/rasterio/gdal_data'.
2023-12-05 12:13:04,051 - rasterio._env - DEBUG - PROJ data found in package: path='/home/metpublic/PYTHON_VENV/present_weather/lib/python3.10/site-packages/rasterio/proj_data'.
2023-12-05 12:13:04,051 - rasterio._env - DEBUG - Started GDALEnv: self=<rasterio._env.GDALEnv object at 0x7f307a8b2b30>.
2023-12-05 12:13:04,051 - rasterio.env - DEBUG - Exited env context: <rasterio.env.Env object at 0x7f307864d7b0>
2023-12-05 12:13:04,067 - rasterio._io - DEBUG - Output nodata value read from file: nan
2023-12-05 12:13:04,067 - rasterio._io - DEBUG - Output nodata values: [nan]
2023-12-05 12:13:04,067 - rasterio._io - DEBUG - all_valid: False
2023-12-05 12:13:04,067 - rasterio._io - DEBUG - mask_flags: ([<MaskFlags.nodata: 8>],)
2023-12-05 12:13:04,068 - rasterio._io - DEBUG - Jump straight to _read()
2023-12-05 12:13:04,068 - rasterio._io - DEBUG - Window: Window(col_off=0, row_off=0, width=10177, height=3732)
2023-12-05 12:13:04,068 - rasterio._io - DEBUG - IO window xoff=0.0 yoff=0.0 width=10177.0 height=3732.0
2023-12-05 12:13:04,630 - rasterio.env - DEBUG - Exiting env context: <rasterio.env.Env object at 0x7f3079f40a00>
2023-12-05 12:13:04,630 - rasterio.env - DEBUG - Cleared existing <rasterio._env.GDALEnv object at 0x7f307a8b2b30> options
2023-12-05 12:13:04,630 - rasterio._env - DEBUG - Stopped GDALEnv <rasterio._env.GDALEnv object at 0x7f307a8b2b30>.
2023-12-05 12:13:04,630 - rasterio.env - DEBUG - Exiting outermost env
2023-12-05 12:13:04,630 - rasterio.env - DEBUG - Exited env context: <rasterio.env.Env object at 0x7f3079f40a00>
2023-12-05 12:17:31,472 - rasterio.env - DEBUG - Entering env context: <rasterio.env.Env object at 0x7f30781b0790>
2023-12-05 12:17:31,472 - rasterio.env - DEBUG - Starting outermost env
2023-12-05 12:17:31,472 - rasterio.env - DEBUG - No GDAL environment exists
2023-12-05 12:17:31,472 - rasterio.env - DEBUG - New GDAL environment <rasterio._env.GDALEnv object at 0x7f30781b2020> created
2023-12-05 12:17:31,473 - rasterio._env - DEBUG - GDAL data found in package: path='/home/metpublic/PYTHON_VENV/present_weather/lib/python3.10/site-packages/rasterio/gdal_data'.
2023-12-05 12:17:31,473 - rasterio._env - DEBUG - PROJ data found in package: path='/home/metpublic/PYTHON_VENV/present_weather/lib/python3.10/site-packages/rasterio/proj_data'.
2023-12-05 12:17:31,473 - rasterio._env - DEBUG - Started GDALEnv: self=<rasterio._env.GDALEnv object at 0x7f30781b2020>.
2023-12-05 12:17:31,473 - rasterio.env - DEBUG - Entered env context: <rasterio.env.Env object at 0x7f30781b0790>
2023-12-05 12:17:31,473 - rasterio._base - DEBUG - Sharing flag: 0
2023-12-05 12:17:31,475 - rasterio._base - DEBUG - Nodata success: 0, Nodata value: 0.000000
2023-12-05 12:17:31,475 - rasterio._base - DEBUG - Dataset <open DatasetReader name='/home/metpublic/TASK_RELEASE/EFAN/present_weather/src/H09_B13_Indonesia_20231205.Z1200.cor.tiff' mode='r'> is started.
2023-12-05 12:17:31,475 - rasterio.env - DEBUG - Exiting env context: <rasterio.env.Env object at 0x7f30781b0790>
2023-12-05 12:17:31,475 - rasterio.env - DEBUG - Cleared existing <rasterio._env.GDALEnv object at 0x7f30781b2020> options
2023-12-05 12:17:31,475 - rasterio._env - DEBUG - Stopped GDALEnv <rasterio._env.GDALEnv object at 0x7f30781b2020>.
2023-12-05 12:17:31,475 - rasterio.env - DEBUG - Exiting outermost env
2023-12-05 12:17:31,475 - rasterio.env - DEBUG - Exited env context: <rasterio.env.Env object at 0x7f30781b0790>
2023-12-05 12:17:31,475 - rasterio.env - DEBUG - Entering env context: <rasterio.env.Env object at 0x7f30781b15d0>
2023-12-05 12:17:31,476 - rasterio.env - DEBUG - Starting outermost env
2023-12-05 12:17:31,476 - rasterio.env - DEBUG - No GDAL environment exists
2023-12-05 12:17:31,476 - rasterio.env - DEBUG - New GDAL environment <rasterio._env.GDALEnv object at 0x7f30781b0a00> created
2023-12-05 12:17:31,476 - rasterio._env - DEBUG - GDAL data found in package: path='/home/metpublic/PYTHON_VENV/present_weather/lib/python3.10/site-packages/rasterio/gdal_data'.
2023-12-05 12:17:31,476 - rasterio._env - DEBUG - PROJ data found in package: path='/home/metpublic/PYTHON_VENV/present_weather/lib/python3.10/site-packages/rasterio/proj_data'.
2023-12-05 12:17:31,476 - rasterio._env - DEBUG - Started GDALEnv: self=<rasterio._env.GDALEnv object at 0x7f30781b0a00>.
2023-12-05 12:17:31,477 - rasterio.env - DEBUG - Entered env context: <rasterio.env.Env object at 0x7f30781b15d0>
2023-12-05 12:17:31,477 - rasterio._base - DEBUG - Sharing flag: 0
2023-12-05 12:17:31,478 - rasterio._base - DEBUG - Nodata success: 0, Nodata value: 0.000000
2023-12-05 12:17:31,478 - rasterio._base - DEBUG - Dataset <open DatasetReader name='/home/metpublic/TASK_RELEASE/EFAN/present_weather/src/H09_B13_Indonesia_20231205.Z1200.cor.tiff' mode='r'> is started.
2023-12-05 12:17:31,478 - rasterio.env - DEBUG - Exiting env context: <rasterio.env.Env object at 0x7f30781b15d0>
2023-12-05 12:17:31,479 - rasterio.env - DEBUG - Cleared existing <rasterio._env.GDALEnv object at 0x7f30781b0a00> options
2023-12-05 12:17:31,479 - rasterio._env - DEBUG - Stopped GDALEnv <rasterio._env.GDALEnv object at 0x7f30781b0a00>.
2023-12-05 12:17:31,479 - rasterio.env - DEBUG - Exiting outermost env
2023-12-05 12:17:31,479 - rasterio.env - DEBUG - Exited env context: <rasterio.env.Env object at 0x7f30781b15d0>
2023-12-05 12:17:31,491 - root - INFO - Generating present weather using SATELITE data
2023-12-05 12:20:05,663 - root - INFO - Total elapsed time: 0:07:03.383603
