2023-12-16 20:13:02,248 - root - INFO - Initiating present weather
2023-12-16 20:13:02,250 - asyncio - DEBUG - Using selector: EpollSelector
2023-12-16 20:13:03,809 - urllib3.connectionpool - DEBUG - Starting new HTTPS connection (1): radar.bmkg.go.id:8060
2023-12-16 20:13:03,819 - urllib3.connectionpool - DEBUG - https://radar.bmkg.go.id:8060 "GET /getLatestLD?typeData=1 HTTP/1.1" 200 62
2023-12-16 20:13:03,821 - urllib3.connectionpool - DEBUG - Starting new HTTPS connection (1): radar.bmkg.go.id:8060
2023-12-16 20:13:03,843 - urllib3.connectionpool - DEBUG - https://radar.bmkg.go.id:8060 "GET /getRadarGeotif?token=19387e71e78522ae4172ec0fda640983b8438c9cfa0ca571623cb69d8327&radar=amandemenForecast&type=latest HTTP/1.1" 200 90
2023-12-16 20:13:03,844 - rasterio.env - DEBUG - Entering env context: <rasterio.env.Env object at 0x7f36b3bc1240>
2023-12-16 20:13:03,844 - rasterio.env - DEBUG - Starting outermost env
2023-12-16 20:13:03,844 - rasterio.env - DEBUG - No GDAL environment exists
2023-12-16 20:13:03,844 - rasterio.env - DEBUG - New GDAL environment <rasterio._env.GDALEnv object at 0x7f36b3bc12a0> created
2023-12-16 20:13:03,847 - rasterio._filepath - DEBUG - Installing FilePath filesystem handler plugin...
2023-12-16 20:13:03,847 - rasterio._env - DEBUG - GDAL data found in package: path='/home/metpublic/PYTHON_VENV/present_weather/lib/python3.10/site-packages/rasterio/gdal_data'.
2023-12-16 20:13:03,848 - rasterio._env - DEBUG - PROJ data found in package: path='/home/metpublic/PYTHON_VENV/present_weather/lib/python3.10/site-packages/rasterio/proj_data'.
2023-12-16 20:13:03,848 - rasterio._env - DEBUG - Started GDALEnv: self=<rasterio._env.GDALEnv object at 0x7f36b3bc12a0>.
2023-12-16 20:13:03,848 - rasterio.env - DEBUG - Entered env context: <rasterio.env.Env object at 0x7f36b3bc1240>
2023-12-16 20:13:03,848 - rasterio._base - DEBUG - Sharing flag: 0
2023-12-16 20:13:04,174 - rasterio._base - DEBUG - Nodata success: 1, Nodata value: nan
2023-12-16 20:13:04,174 - rasterio._base - DEBUG - Dataset <open DatasetReader name='https://radar.bmkg.go.id/raster/radarsatelit_202312162010.tif' mode='r'> is started.
2023-12-16 20:13:04,174 - rasterio.env - DEBUG - Exiting env context: <rasterio.env.Env object at 0x7f36b3bc1240>
2023-12-16 20:13:04,174 - rasterio.env - DEBUG - Cleared existing <rasterio._env.GDALEnv object at 0x7f36b3bc12a0> options
2023-12-16 20:13:04,174 - rasterio._env - DEBUG - Stopped GDALEnv <rasterio._env.GDALEnv object at 0x7f36b3bc12a0>.
2023-12-16 20:13:04,174 - rasterio.env - DEBUG - Exiting outermost env
2023-12-16 20:13:04,174 - rasterio.env - DEBUG - Exited env context: <rasterio.env.Env object at 0x7f36b3bc1240>
2023-12-16 20:13:04,175 - rasterio.env - DEBUG - Entering env context: <rasterio.env.Env object at 0x7f36b3b7d540>
2023-12-16 20:13:04,175 - rasterio.env - DEBUG - Starting outermost env
2023-12-16 20:13:04,175 - rasterio.env - DEBUG - No GDAL environment exists
2023-12-16 20:13:04,175 - rasterio.env - DEBUG - New GDAL environment <rasterio._env.GDALEnv object at 0x7f36b3bc10f0> created
2023-12-16 20:13:04,175 - rasterio._env - DEBUG - GDAL data found in package: path='/home/metpublic/PYTHON_VENV/present_weather/lib/python3.10/site-packages/rasterio/gdal_data'.
2023-12-16 20:13:04,176 - rasterio._env - DEBUG - PROJ data found in package: path='/home/metpublic/PYTHON_VENV/present_weather/lib/python3.10/site-packages/rasterio/proj_data'.
2023-12-16 20:13:04,176 - rasterio._env - DEBUG - Started GDALEnv: self=<rasterio._env.GDALEnv object at 0x7f36b3bc10f0>.
2023-12-16 20:13:04,176 - rasterio.env - DEBUG - Entered env context: <rasterio.env.Env object at 0x7f36b3b7d540>
2023-12-16 20:13:04,176 - rasterio.env - DEBUG - Got a copy of environment <rasterio._env.GDALEnv object at 0x7f36b3bc10f0> options
2023-12-16 20:13:04,176 - rasterio.env - DEBUG - Entering env context: <rasterio.env.Env object at 0x7f36b027a980>
2023-12-16 20:13:04,176 - rasterio.env - DEBUG - Got a copy of environment <rasterio._env.GDALEnv object at 0x7f36b3bc10f0> options
2023-12-16 20:13:04,177 - rasterio.env - DEBUG - Entered env context: <rasterio.env.Env object at 0x7f36b027a980>
2023-12-16 20:13:04,177 - rasterio._base - DEBUG - Sharing flag: 0
2023-12-16 20:13:04,178 - rasterio._base - DEBUG - Nodata success: 1, Nodata value: nan
2023-12-16 20:13:04,178 - rasterio._base - DEBUG - Dataset <open DatasetReader name='https://radar.bmkg.go.id/raster/radarsatelit_202312162010.tif' mode='r'> is started.
2023-12-16 20:13:04,178 - rasterio.env - DEBUG - Exiting env context: <rasterio.env.Env object at 0x7f36b027a980>
2023-12-16 20:13:04,178 - rasterio.env - DEBUG - Cleared existing <rasterio._env.GDALEnv object at 0x7f36b3bc10f0> options
2023-12-16 20:13:04,178 - rasterio._env - DEBUG - Stopped GDALEnv <rasterio._env.GDALEnv object at 0x7f36b3bc10f0>.
2023-12-16 20:13:04,178 - rasterio.env - DEBUG - No GDAL environment exists
2023-12-16 20:13:04,178 - rasterio.env - DEBUG - New GDAL environment <rasterio._env.GDALEnv object at 0x7f36b3bc10f0> created
2023-12-16 20:13:04,179 - rasterio._env - DEBUG - GDAL data found in package: path='/home/metpublic/PYTHON_VENV/present_weather/lib/python3.10/site-packages/rasterio/gdal_data'.
2023-12-16 20:13:04,179 - rasterio._env - DEBUG - PROJ data found in package: path='/home/metpublic/PYTHON_VENV/present_weather/lib/python3.10/site-packages/rasterio/proj_data'.
2023-12-16 20:13:04,179 - rasterio._env - DEBUG - Started GDALEnv: self=<rasterio._env.GDALEnv object at 0x7f36b3bc10f0>.
2023-12-16 20:13:04,179 - rasterio.env - DEBUG - Exited env context: <rasterio.env.Env object at 0x7f36b027a980>
2023-12-16 20:13:04,194 - rasterio._io - DEBUG - Output nodata value read from file: nan
2023-12-16 20:13:04,194 - rasterio._io - DEBUG - Output nodata values: [nan]
2023-12-16 20:13:04,194 - rasterio._io - DEBUG - all_valid: False
2023-12-16 20:13:04,194 - rasterio._io - DEBUG - mask_flags: ([<MaskFlags.nodata: 8>],)
2023-12-16 20:13:04,195 - rasterio._io - DEBUG - Jump straight to _read()
2023-12-16 20:13:04,195 - rasterio._io - DEBUG - Window: Window(col_off=0, row_off=0, width=10215, height=3792)
2023-12-16 20:13:04,195 - rasterio._io - DEBUG - IO window xoff=0.0 yoff=0.0 width=10215.0 height=3792.0
2023-12-16 20:13:04,728 - rasterio.env - DEBUG - Exiting env context: <rasterio.env.Env object at 0x7f36b3b7d540>
2023-12-16 20:13:04,728 - rasterio.env - DEBUG - Cleared existing <rasterio._env.GDALEnv object at 0x7f36b3bc10f0> options
2023-12-16 20:13:04,728 - rasterio._env - DEBUG - Stopped GDALEnv <rasterio._env.GDALEnv object at 0x7f36b3bc10f0>.
2023-12-16 20:13:04,728 - rasterio.env - DEBUG - Exiting outermost env
2023-12-16 20:13:04,728 - rasterio.env - DEBUG - Exited env context: <rasterio.env.Env object at 0x7f36b3b7d540>
2023-12-16 20:19:56,331 - root - INFO - Total elapsed time: 0:06:54.083668
