2023-12-05 22:33:03,060 - root - INFO - Initiating present weather
2023-12-05 22:33:03,062 - asyncio - DEBUG - Using selector: EpollSelector
2023-12-05 22:33:04,564 - urllib3.connectionpool - DEBUG - Starting new HTTPS connection (1): radar.bmkg.go.id:8060
2023-12-05 22:33:04,576 - urllib3.connectionpool - DEBUG - https://radar.bmkg.go.id:8060 "GET /getLatestLD?typeData=1 HTTP/1.1" 200 62
2023-12-05 22:33:04,578 - urllib3.connectionpool - DEBUG - Starting new HTTPS connection (1): radar.bmkg.go.id:8060
2023-12-05 22:33:04,597 - urllib3.connectionpool - DEBUG - https://radar.bmkg.go.id:8060 "GET /getRadarGeotif?token=19387e71e78522ae4172ec0fda640983b8438c9cfa0ca571623cb69d8327&radar=amandemenForecast&type=latest HTTP/1.1" 200 90
2023-12-05 22:33:04,598 - rasterio.env - DEBUG - Entering env context: <rasterio.env.Env object at 0x7f44b0526c80>
2023-12-05 22:33:04,598 - rasterio.env - DEBUG - Starting outermost env
2023-12-05 22:33:04,598 - rasterio.env - DEBUG - No GDAL environment exists
2023-12-05 22:33:04,598 - rasterio.env - DEBUG - New GDAL environment <rasterio._env.GDALEnv object at 0x7f44b0526f20> created
2023-12-05 22:33:04,601 - rasterio._filepath - DEBUG - Installing FilePath filesystem handler plugin...
2023-12-05 22:33:04,601 - rasterio._env - DEBUG - GDAL data found in package: path='/home/metpublic/PYTHON_VENV/present_weather/lib/python3.10/site-packages/rasterio/gdal_data'.
2023-12-05 22:33:04,601 - rasterio._env - DEBUG - PROJ data found in package: path='/home/metpublic/PYTHON_VENV/present_weather/lib/python3.10/site-packages/rasterio/proj_data'.
2023-12-05 22:33:04,601 - rasterio._env - DEBUG - Started GDALEnv: self=<rasterio._env.GDALEnv object at 0x7f44b0526f20>.
2023-12-05 22:33:04,601 - rasterio.env - DEBUG - Entered env context: <rasterio.env.Env object at 0x7f44b0526c80>
2023-12-05 22:33:04,601 - rasterio._base - DEBUG - Sharing flag: 0
2023-12-05 22:33:04,829 - rasterio._base - DEBUG - Nodata success: 1, Nodata value: nan
2023-12-05 22:33:04,829 - rasterio._base - DEBUG - Dataset <open DatasetReader name='https://radar.bmkg.go.id/raster/radarsatelit_202312052200.tif' mode='r'> is started.
2023-12-05 22:33:04,829 - rasterio.env - DEBUG - Exiting env context: <rasterio.env.Env object at 0x7f44b0526c80>
2023-12-05 22:33:04,829 - rasterio.env - DEBUG - Cleared existing <rasterio._env.GDALEnv object at 0x7f44b0526f20> options
2023-12-05 22:33:04,829 - rasterio._env - DEBUG - Stopped GDALEnv <rasterio._env.GDALEnv object at 0x7f44b0526f20>.
2023-12-05 22:33:04,829 - rasterio.env - DEBUG - Exiting outermost env
2023-12-05 22:33:04,829 - rasterio.env - DEBUG - Exited env context: <rasterio.env.Env object at 0x7f44b0526c80>
2023-12-05 22:33:04,829 - rasterio.env - DEBUG - Entering env context: <rasterio.env.Env object at 0x7f44afbb4af0>
2023-12-05 22:33:04,830 - rasterio.env - DEBUG - Starting outermost env
2023-12-05 22:33:04,830 - rasterio.env - DEBUG - No GDAL environment exists
2023-12-05 22:33:04,830 - rasterio.env - DEBUG - New GDAL environment <rasterio._env.GDALEnv object at 0x7f44b0526f20> created
2023-12-05 22:33:04,830 - rasterio._env - DEBUG - GDAL data found in package: path='/home/metpublic/PYTHON_VENV/present_weather/lib/python3.10/site-packages/rasterio/gdal_data'.
2023-12-05 22:33:04,830 - rasterio._env - DEBUG - PROJ data found in package: path='/home/metpublic/PYTHON_VENV/present_weather/lib/python3.10/site-packages/rasterio/proj_data'.
2023-12-05 22:33:04,830 - rasterio._env - DEBUG - Started GDALEnv: self=<rasterio._env.GDALEnv object at 0x7f44b0526f20>.
2023-12-05 22:33:04,830 - rasterio.env - DEBUG - Entered env context: <rasterio.env.Env object at 0x7f44afbb4af0>
2023-12-05 22:33:04,831 - rasterio.env - DEBUG - Got a copy of environment <rasterio._env.GDALEnv object at 0x7f44b0526f20> options
2023-12-05 22:33:04,831 - rasterio.env - DEBUG - Entering env context: <rasterio.env.Env object at 0x7f44ac2be140>
2023-12-05 22:33:04,831 - rasterio.env - DEBUG - Got a copy of environment <rasterio._env.GDALEnv object at 0x7f44b0526f20> options
2023-12-05 22:33:04,831 - rasterio.env - DEBUG - Entered env context: <rasterio.env.Env object at 0x7f44ac2be140>
2023-12-05 22:33:04,831 - rasterio._base - DEBUG - Sharing flag: 0
2023-12-05 22:33:04,832 - rasterio._base - DEBUG - Nodata success: 1, Nodata value: nan
2023-12-05 22:33:04,832 - rasterio._base - DEBUG - Dataset <open DatasetReader name='https://radar.bmkg.go.id/raster/radarsatelit_202312052200.tif' mode='r'> is started.
2023-12-05 22:33:04,832 - rasterio.env - DEBUG - Exiting env context: <rasterio.env.Env object at 0x7f44ac2be140>
2023-12-05 22:33:04,832 - rasterio.env - DEBUG - Cleared existing <rasterio._env.GDALEnv object at 0x7f44b0526f20> options
2023-12-05 22:33:04,832 - rasterio._env - DEBUG - Stopped GDALEnv <rasterio._env.GDALEnv object at 0x7f44b0526f20>.
2023-12-05 22:33:04,832 - rasterio.env - DEBUG - No GDAL environment exists
2023-12-05 22:33:04,832 - rasterio.env - DEBUG - New GDAL environment <rasterio._env.GDALEnv object at 0x7f44b0526f20> created
2023-12-05 22:33:04,832 - rasterio._env - DEBUG - GDAL data found in package: path='/home/metpublic/PYTHON_VENV/present_weather/lib/python3.10/site-packages/rasterio/gdal_data'.
2023-12-05 22:33:04,833 - rasterio._env - DEBUG - PROJ data found in package: path='/home/metpublic/PYTHON_VENV/present_weather/lib/python3.10/site-packages/rasterio/proj_data'.
2023-12-05 22:33:04,833 - rasterio._env - DEBUG - Started GDALEnv: self=<rasterio._env.GDALEnv object at 0x7f44b0526f20>.
2023-12-05 22:33:04,833 - rasterio.env - DEBUG - Exited env context: <rasterio.env.Env object at 0x7f44ac2be140>
2023-12-05 22:33:04,847 - rasterio._io - DEBUG - Output nodata value read from file: nan
2023-12-05 22:33:04,848 - rasterio._io - DEBUG - Output nodata values: [nan]
2023-12-05 22:33:04,848 - rasterio._io - DEBUG - all_valid: False
2023-12-05 22:33:04,848 - rasterio._io - DEBUG - mask_flags: ([<MaskFlags.nodata: 8>],)
2023-12-05 22:33:04,848 - rasterio._io - DEBUG - Jump straight to _read()
2023-12-05 22:33:04,848 - rasterio._io - DEBUG - Window: Window(col_off=0, row_off=0, width=10177, height=3732)
2023-12-05 22:33:04,849 - rasterio._io - DEBUG - IO window xoff=0.0 yoff=0.0 width=10177.0 height=3732.0
2023-12-05 22:33:05,356 - rasterio.env - DEBUG - Exiting env context: <rasterio.env.Env object at 0x7f44afbb4af0>
2023-12-05 22:33:05,356 - rasterio.env - DEBUG - Cleared existing <rasterio._env.GDALEnv object at 0x7f44b0526f20> options
2023-12-05 22:33:05,357 - rasterio._env - DEBUG - Stopped GDALEnv <rasterio._env.GDALEnv object at 0x7f44b0526f20>.
2023-12-05 22:33:05,357 - rasterio.env - DEBUG - Exiting outermost env
2023-12-05 22:33:05,357 - rasterio.env - DEBUG - Exited env context: <rasterio.env.Env object at 0x7f44afbb4af0>
2023-12-05 22:37:14,627 - rasterio.env - DEBUG - Entering env context: <rasterio.env.Env object at 0x7f44ac0b8be0>
2023-12-05 22:37:14,628 - rasterio.env - DEBUG - Starting outermost env
2023-12-05 22:37:14,628 - rasterio.env - DEBUG - No GDAL environment exists
2023-12-05 22:37:14,628 - rasterio.env - DEBUG - New GDAL environment <rasterio._env.GDALEnv object at 0x7f44ac0b88e0> created
2023-12-05 22:37:14,629 - rasterio._env - DEBUG - GDAL data found in package: path='/home/metpublic/PYTHON_VENV/present_weather/lib/python3.10/site-packages/rasterio/gdal_data'.
2023-12-05 22:37:14,629 - rasterio._env - DEBUG - PROJ data found in package: path='/home/metpublic/PYTHON_VENV/present_weather/lib/python3.10/site-packages/rasterio/proj_data'.
2023-12-05 22:37:14,629 - rasterio._env - DEBUG - Started GDALEnv: self=<rasterio._env.GDALEnv object at 0x7f44ac0b88e0>.
2023-12-05 22:37:14,629 - rasterio.env - DEBUG - Entered env context: <rasterio.env.Env object at 0x7f44ac0b8be0>
2023-12-05 22:37:14,630 - rasterio._base - DEBUG - Sharing flag: 0
2023-12-05 22:37:14,631 - rasterio._base - DEBUG - Nodata success: 0, Nodata value: 0.000000
2023-12-05 22:37:14,631 - rasterio._base - DEBUG - Dataset <open DatasetReader name='/home/metpublic/TASK_RELEASE/EFAN/present_weather/src/H09_B13_Indonesia_20231205.Z2200.cor.tiff' mode='r'> is started.
2023-12-05 22:37:14,631 - rasterio.env - DEBUG - Exiting env context: <rasterio.env.Env object at 0x7f44ac0b8be0>
2023-12-05 22:37:14,631 - rasterio.env - DEBUG - Cleared existing <rasterio._env.GDALEnv object at 0x7f44ac0b88e0> options
2023-12-05 22:37:14,631 - rasterio._env - DEBUG - Stopped GDALEnv <rasterio._env.GDALEnv object at 0x7f44ac0b88e0>.
2023-12-05 22:37:14,631 - rasterio.env - DEBUG - Exiting outermost env
2023-12-05 22:37:14,631 - rasterio.env - DEBUG - Exited env context: <rasterio.env.Env object at 0x7f44ac0b8be0>
2023-12-05 22:37:14,632 - rasterio.env - DEBUG - Entering env context: <rasterio.env.Env object at 0x7f44ac0b8f10>
2023-12-05 22:37:14,632 - rasterio.env - DEBUG - Starting outermost env
2023-12-05 22:37:14,632 - rasterio.env - DEBUG - No GDAL environment exists
2023-12-05 22:37:14,632 - rasterio.env - DEBUG - New GDAL environment <rasterio._env.GDALEnv object at 0x7f44ac0b98a0> created
2023-12-05 22:37:14,632 - rasterio._env - DEBUG - GDAL data found in package: path='/home/metpublic/PYTHON_VENV/present_weather/lib/python3.10/site-packages/rasterio/gdal_data'.
2023-12-05 22:37:14,632 - rasterio._env - DEBUG - PROJ data found in package: path='/home/metpublic/PYTHON_VENV/present_weather/lib/python3.10/site-packages/rasterio/proj_data'.
2023-12-05 22:37:14,633 - rasterio._env - DEBUG - Started GDALEnv: self=<rasterio._env.GDALEnv object at 0x7f44ac0b98a0>.
2023-12-05 22:37:14,633 - rasterio.env - DEBUG - Entered env context: <rasterio.env.Env object at 0x7f44ac0b8f10>
2023-12-05 22:37:14,633 - rasterio._base - DEBUG - Sharing flag: 0
2023-12-05 22:37:14,634 - rasterio._base - DEBUG - Nodata success: 0, Nodata value: 0.000000
2023-12-05 22:37:14,634 - rasterio._base - DEBUG - Dataset <open DatasetReader name='/home/metpublic/TASK_RELEASE/EFAN/present_weather/src/H09_B13_Indonesia_20231205.Z2200.cor.tiff' mode='r'> is started.
2023-12-05 22:37:14,635 - rasterio.env - DEBUG - Exiting env context: <rasterio.env.Env object at 0x7f44ac0b8f10>
2023-12-05 22:37:14,635 - rasterio.env - DEBUG - Cleared existing <rasterio._env.GDALEnv object at 0x7f44ac0b98a0> options
2023-12-05 22:37:14,635 - rasterio._env - DEBUG - Stopped GDALEnv <rasterio._env.GDALEnv object at 0x7f44ac0b98a0>.
2023-12-05 22:37:14,635 - rasterio.env - DEBUG - Exiting outermost env
2023-12-05 22:37:14,635 - rasterio.env - DEBUG - Exited env context: <rasterio.env.Env object at 0x7f44ac0b8f10>
2023-12-05 22:37:14,644 - root - INFO - Generating present weather using SATELITE data
2023-12-05 22:39:00,637 - root - INFO - Total elapsed time: 0:05:57.577259
