2023-11-05 20:20:03,547 - root - INFO - Initiating present weather
2023-11-05 20:20:03,552 - urllib3.connectionpool - DEBUG - Starting new HTTPS connection (1): radar.bmkg.go.id:8060
2023-11-05 20:20:03,621 - urllib3.connectionpool - DEBUG - https://radar.bmkg.go.id:8060 "GET /getRadarGeotif?token=19387e71e78522ae4172ec0fda640983b8438c9cfa0ca571623cb69d8327&radar=amandemenForecast&type=latest HTTP/1.1" 200 90
2023-11-05 20:20:03,624 - rasterio.env - DEBUG - Entering env context: <rasterio.env.Env object at 0x7f1e93ffd100>
2023-11-05 20:20:03,624 - rasterio.env - DEBUG - Starting outermost env
2023-11-05 20:20:03,624 - rasterio.env - DEBUG - No GDAL environment exists
2023-11-05 20:20:03,625 - rasterio.env - DEBUG - New GDAL environment <rasterio._env.GDALEnv object at 0x7f1ef6f5a320> created
2023-11-05 20:20:03,629 - rasterio._filepath - DEBUG - Installing FilePath filesystem handler plugin...
2023-11-05 20:20:03,629 - rasterio._env - DEBUG - GDAL data found in package: path='/home/swx/miniconda3/envs/present_weather/lib/python3.12/site-packages/rasterio/gdal_data'.
2023-11-05 20:20:03,629 - rasterio._env - DEBUG - PROJ_LIB found in environment.
2023-11-05 20:20:03,629 - rasterio._env - DEBUG - Started GDALEnv: self=<rasterio._env.GDALEnv object at 0x7f1ef6f5a320>.
2023-11-05 20:20:03,629 - rasterio.env - DEBUG - Entered env context: <rasterio.env.Env object at 0x7f1e93ffd100>
2023-11-05 20:20:03,630 - rasterio._base - DEBUG - Sharing flag: 0
2023-11-05 20:20:03,796 - rasterio._base - DEBUG - Nodata success: 1, Nodata value: nan
2023-11-05 20:20:03,797 - rasterio._base - DEBUG - Dataset <open DatasetReader name='https://radar.bmkg.go.id/raster/radarsatelit_202311052000.tif' mode='r'> is started.
2023-11-05 20:20:03,797 - rasterio.env - DEBUG - Exiting env context: <rasterio.env.Env object at 0x7f1e93ffd100>
2023-11-05 20:20:03,797 - rasterio.env - DEBUG - Cleared existing <rasterio._env.GDALEnv object at 0x7f1ef6f5a320> options
2023-11-05 20:20:03,797 - rasterio._env - DEBUG - Stopped GDALEnv <rasterio._env.GDALEnv object at 0x7f1ef6f5a320>.
2023-11-05 20:20:03,798 - rasterio.env - DEBUG - Exiting outermost env
2023-11-05 20:20:03,798 - rasterio.env - DEBUG - Exited env context: <rasterio.env.Env object at 0x7f1e93ffd100>
2023-11-05 20:20:03,798 - rasterio.env - DEBUG - Entering env context: <rasterio.env.Env object at 0x7f1f21077260>
2023-11-05 20:20:03,798 - rasterio.env - DEBUG - Starting outermost env
2023-11-05 20:20:03,798 - rasterio.env - DEBUG - No GDAL environment exists
2023-11-05 20:20:03,798 - rasterio.env - DEBUG - New GDAL environment <rasterio._env.GDALEnv object at 0x7f1eee1eaad0> created
2023-11-05 20:20:03,799 - rasterio._env - DEBUG - GDAL data found in package: path='/home/swx/miniconda3/envs/present_weather/lib/python3.12/site-packages/rasterio/gdal_data'.
2023-11-05 20:20:03,799 - rasterio._env - DEBUG - PROJ_LIB found in environment.
2023-11-05 20:20:03,799 - rasterio._env - DEBUG - Started GDALEnv: self=<rasterio._env.GDALEnv object at 0x7f1eee1eaad0>.
2023-11-05 20:20:03,799 - rasterio.env - DEBUG - Entered env context: <rasterio.env.Env object at 0x7f1f21077260>
2023-11-05 20:20:03,800 - rasterio.env - DEBUG - Got a copy of environment <rasterio._env.GDALEnv object at 0x7f1eee1eaad0> options
2023-11-05 20:20:03,800 - rasterio.env - DEBUG - Entering env context: <rasterio.env.Env object at 0x7f1ef6d1b170>
2023-11-05 20:20:03,800 - rasterio.env - DEBUG - Got a copy of environment <rasterio._env.GDALEnv object at 0x7f1eee1eaad0> options
2023-11-05 20:20:03,801 - rasterio.env - DEBUG - Entered env context: <rasterio.env.Env object at 0x7f1ef6d1b170>
2023-11-05 20:20:03,801 - rasterio._base - DEBUG - Sharing flag: 0
2023-11-05 20:20:03,802 - rasterio._base - DEBUG - Nodata success: 1, Nodata value: nan
2023-11-05 20:20:03,802 - rasterio._base - DEBUG - Dataset <open DatasetReader name='https://radar.bmkg.go.id/raster/radarsatelit_202311052000.tif' mode='r'> is started.
2023-11-05 20:20:03,802 - rasterio.env - DEBUG - Exiting env context: <rasterio.env.Env object at 0x7f1ef6d1b170>
2023-11-05 20:20:03,802 - rasterio.env - DEBUG - Cleared existing <rasterio._env.GDALEnv object at 0x7f1eee1eaad0> options
2023-11-05 20:20:03,802 - rasterio._env - DEBUG - Stopped GDALEnv <rasterio._env.GDALEnv object at 0x7f1eee1eaad0>.
2023-11-05 20:20:03,802 - rasterio.env - DEBUG - No GDAL environment exists
2023-11-05 20:20:03,802 - rasterio.env - DEBUG - New GDAL environment <rasterio._env.GDALEnv object at 0x7f1eee1eaad0> created
2023-11-05 20:20:03,803 - rasterio._env - DEBUG - GDAL data found in package: path='/home/swx/miniconda3/envs/present_weather/lib/python3.12/site-packages/rasterio/gdal_data'.
2023-11-05 20:20:03,803 - rasterio._env - DEBUG - PROJ_LIB found in environment.
2023-11-05 20:20:03,803 - rasterio._env - DEBUG - Started GDALEnv: self=<rasterio._env.GDALEnv object at 0x7f1eee1eaad0>.
2023-11-05 20:20:03,803 - rasterio.env - DEBUG - Exited env context: <rasterio.env.Env object at 0x7f1ef6d1b170>
2023-11-05 20:20:03,836 - rasterio._io - DEBUG - Output nodata value read from file: nan
2023-11-05 20:20:03,836 - rasterio._io - DEBUG - Output nodata values: [nan]
2023-11-05 20:20:03,837 - rasterio._io - DEBUG - all_valid: False
2023-11-05 20:20:03,837 - rasterio._io - DEBUG - mask_flags: ([<MaskFlags.nodata: 8>],)
2023-11-05 20:20:03,837 - rasterio._io - DEBUG - Jump straight to _read()
2023-11-05 20:20:03,837 - rasterio._io - DEBUG - Window: Window(col_off=0, row_off=0, width=10215, height=3792)
2023-11-05 20:20:03,837 - rasterio._io - DEBUG - IO window xoff=0.0 yoff=0.0 width=10215.0 height=3792.0
2023-11-05 20:20:04,513 - rasterio.env - DEBUG - Exiting env context: <rasterio.env.Env object at 0x7f1f21077260>
2023-11-05 20:20:04,513 - rasterio.env - DEBUG - Cleared existing <rasterio._env.GDALEnv object at 0x7f1eee1eaad0> options
2023-11-05 20:20:04,514 - rasterio._env - DEBUG - Stopped GDALEnv <rasterio._env.GDALEnv object at 0x7f1eee1eaad0>.
2023-11-05 20:20:04,514 - rasterio.env - DEBUG - Exiting outermost env
2023-11-05 20:20:04,514 - rasterio.env - DEBUG - Exited env context: <rasterio.env.Env object at 0x7f1f21077260>
2023-11-05 20:20:04,516 - urllib3.connectionpool - DEBUG - Starting new HTTPS connection (1): radar.bmkg.go.id:8060
2023-11-05 20:20:04,559 - urllib3.connectionpool - DEBUG - https://radar.bmkg.go.id:8060 "GET /getLatestLD?typeData=1 HTTP/1.1" 200 638
2023-11-05 20:20:04,570 - asyncio - DEBUG - Using selector: EpollSelector
2023-11-05 20:35:14,813 - root - INFO - Total elapsed time: 0:15:11.267037
