2023-12-20 11:03:03,192 - root - INFO - Initiating present weather
2023-12-20 11:03:03,194 - asyncio - DEBUG - Using selector: EpollSelector
2023-12-20 11:03:04,831 - urllib3.connectionpool - DEBUG - Starting new HTTPS connection (1): radar.bmkg.go.id:8060
2023-12-20 11:03:14,849 - urllib3.connectionpool - DEBUG - https://radar.bmkg.go.id:8060 "GET /getLatestLD?typeData=1 HTTP/1.1" 200 62
2023-12-20 11:03:14,851 - urllib3.connectionpool - DEBUG - Starting new HTTPS connection (1): radar.bmkg.go.id:8060
2023-12-20 11:03:14,870 - urllib3.connectionpool - DEBUG - https://radar.bmkg.go.id:8060 "GET /getRadarGeotif?token=19387e71e78522ae4172ec0fda640983b8438c9cfa0ca571623cb69d8327&radar=amandemenForecast&type=latest HTTP/1.1" 200 90
2023-12-20 11:03:14,872 - rasterio.env - DEBUG - Entering env context: <rasterio.env.Env object at 0x7f2167c0eaa0>
2023-12-20 11:03:14,873 - rasterio.env - DEBUG - Starting outermost env
2023-12-20 11:03:14,873 - rasterio.env - DEBUG - No GDAL environment exists
2023-12-20 11:03:14,873 - rasterio.env - DEBUG - New GDAL environment <rasterio._env.GDALEnv object at 0x7f2167c0d180> created
2023-12-20 11:03:14,876 - rasterio._filepath - DEBUG - Installing FilePath filesystem handler plugin...
2023-12-20 11:03:14,876 - rasterio._env - DEBUG - GDAL data found in package: path='/home/metpublic/PYTHON_VENV/present_weather/lib/python3.10/site-packages/rasterio/gdal_data'.
2023-12-20 11:03:14,876 - rasterio._env - DEBUG - PROJ data found in package: path='/home/metpublic/PYTHON_VENV/present_weather/lib/python3.10/site-packages/rasterio/proj_data'.
2023-12-20 11:03:14,876 - rasterio._env - DEBUG - Started GDALEnv: self=<rasterio._env.GDALEnv object at 0x7f2167c0d180>.
2023-12-20 11:03:14,876 - rasterio.env - DEBUG - Entered env context: <rasterio.env.Env object at 0x7f2167c0eaa0>
2023-12-20 11:03:14,876 - rasterio._base - DEBUG - Sharing flag: 0
2023-12-20 11:03:15,200 - rasterio._base - DEBUG - Nodata success: 1, Nodata value: nan
2023-12-20 11:03:15,201 - rasterio._base - DEBUG - Dataset <open DatasetReader name='https://radar.bmkg.go.id/raster/radarsatelit_202312201100.tif' mode='r'> is started.
2023-12-20 11:03:15,202 - rasterio.env - DEBUG - Exiting env context: <rasterio.env.Env object at 0x7f2167c0eaa0>
2023-12-20 11:03:15,202 - rasterio.env - DEBUG - Cleared existing <rasterio._env.GDALEnv object at 0x7f2167c0d180> options
2023-12-20 11:03:15,202 - rasterio._env - DEBUG - Stopped GDALEnv <rasterio._env.GDALEnv object at 0x7f2167c0d180>.
2023-12-20 11:03:15,202 - rasterio.env - DEBUG - Exiting outermost env
2023-12-20 11:03:15,202 - rasterio.env - DEBUG - Exited env context: <rasterio.env.Env object at 0x7f2167c0eaa0>
2023-12-20 11:03:15,202 - rasterio.env - DEBUG - Entering env context: <rasterio.env.Env object at 0x7f2167c0d150>
2023-12-20 11:03:15,202 - rasterio.env - DEBUG - Starting outermost env
2023-12-20 11:03:15,202 - rasterio.env - DEBUG - No GDAL environment exists
2023-12-20 11:03:15,203 - rasterio.env - DEBUG - New GDAL environment <rasterio._env.GDALEnv object at 0x7f2167c0d180> created
2023-12-20 11:03:15,203 - rasterio._env - DEBUG - GDAL data found in package: path='/home/metpublic/PYTHON_VENV/present_weather/lib/python3.10/site-packages/rasterio/gdal_data'.
2023-12-20 11:03:15,203 - rasterio._env - DEBUG - PROJ data found in package: path='/home/metpublic/PYTHON_VENV/present_weather/lib/python3.10/site-packages/rasterio/proj_data'.
2023-12-20 11:03:15,203 - rasterio._env - DEBUG - Started GDALEnv: self=<rasterio._env.GDALEnv object at 0x7f2167c0d180>.
2023-12-20 11:03:15,203 - rasterio.env - DEBUG - Entered env context: <rasterio.env.Env object at 0x7f2167c0d150>
2023-12-20 11:03:15,204 - rasterio.env - DEBUG - Got a copy of environment <rasterio._env.GDALEnv object at 0x7f2167c0d180> options
2023-12-20 11:03:15,204 - rasterio.env - DEBUG - Entering env context: <rasterio.env.Env object at 0x7f21641eaa40>
2023-12-20 11:03:15,204 - rasterio.env - DEBUG - Got a copy of environment <rasterio._env.GDALEnv object at 0x7f2167c0d180> options
2023-12-20 11:03:15,204 - rasterio.env - DEBUG - Entered env context: <rasterio.env.Env object at 0x7f21641eaa40>
2023-12-20 11:03:15,204 - rasterio._base - DEBUG - Sharing flag: 0
2023-12-20 11:03:15,206 - rasterio._base - DEBUG - Nodata success: 1, Nodata value: nan
2023-12-20 11:03:15,206 - rasterio._base - DEBUG - Dataset <open DatasetReader name='https://radar.bmkg.go.id/raster/radarsatelit_202312201100.tif' mode='r'> is started.
2023-12-20 11:03:15,206 - rasterio.env - DEBUG - Exiting env context: <rasterio.env.Env object at 0x7f21641eaa40>
2023-12-20 11:03:15,206 - rasterio.env - DEBUG - Cleared existing <rasterio._env.GDALEnv object at 0x7f2167c0d180> options
2023-12-20 11:03:15,206 - rasterio._env - DEBUG - Stopped GDALEnv <rasterio._env.GDALEnv object at 0x7f2167c0d180>.
2023-12-20 11:03:15,206 - rasterio.env - DEBUG - No GDAL environment exists
2023-12-20 11:03:15,206 - rasterio.env - DEBUG - New GDAL environment <rasterio._env.GDALEnv object at 0x7f2167c0d180> created
2023-12-20 11:03:15,206 - rasterio._env - DEBUG - GDAL data found in package: path='/home/metpublic/PYTHON_VENV/present_weather/lib/python3.10/site-packages/rasterio/gdal_data'.
2023-12-20 11:03:15,207 - rasterio._env - DEBUG - PROJ data found in package: path='/home/metpublic/PYTHON_VENV/present_weather/lib/python3.10/site-packages/rasterio/proj_data'.
2023-12-20 11:03:15,207 - rasterio._env - DEBUG - Started GDALEnv: self=<rasterio._env.GDALEnv object at 0x7f2167c0d180>.
2023-12-20 11:03:15,207 - rasterio.env - DEBUG - Exited env context: <rasterio.env.Env object at 0x7f21641eaa40>
2023-12-20 11:03:15,224 - rasterio._io - DEBUG - Output nodata value read from file: nan
2023-12-20 11:03:15,225 - rasterio._io - DEBUG - Output nodata values: [nan]
2023-12-20 11:03:15,225 - rasterio._io - DEBUG - all_valid: False
2023-12-20 11:03:15,225 - rasterio._io - DEBUG - mask_flags: ([<MaskFlags.nodata: 8>],)
2023-12-20 11:03:15,225 - rasterio._io - DEBUG - Jump straight to _read()
2023-12-20 11:03:15,225 - rasterio._io - DEBUG - Window: Window(col_off=0, row_off=0, width=10215, height=3792)
2023-12-20 11:03:15,225 - rasterio._io - DEBUG - IO window xoff=0.0 yoff=0.0 width=10215.0 height=3792.0
2023-12-20 11:03:15,803 - rasterio.env - DEBUG - Exiting env context: <rasterio.env.Env object at 0x7f2167c0d150>
2023-12-20 11:03:15,803 - rasterio.env - DEBUG - Cleared existing <rasterio._env.GDALEnv object at 0x7f2167c0d180> options
2023-12-20 11:03:15,803 - rasterio._env - DEBUG - Stopped GDALEnv <rasterio._env.GDALEnv object at 0x7f2167c0d180>.
2023-12-20 11:03:15,803 - rasterio.env - DEBUG - Exiting outermost env
2023-12-20 11:03:15,803 - rasterio.env - DEBUG - Exited env context: <rasterio.env.Env object at 0x7f2167c0d150>
2023-12-20 11:07:30,924 - rasterio.env - DEBUG - Entering env context: <rasterio.env.Env object at 0x7f2167c0fd90>
2023-12-20 11:07:30,925 - rasterio.env - DEBUG - Starting outermost env
2023-12-20 11:07:30,925 - rasterio.env - DEBUG - No GDAL environment exists
2023-12-20 11:07:30,925 - rasterio.env - DEBUG - New GDAL environment <rasterio._env.GDALEnv object at 0x7f21641e9750> created
2023-12-20 11:07:30,925 - rasterio._env - DEBUG - GDAL data found in package: path='/home/metpublic/PYTHON_VENV/present_weather/lib/python3.10/site-packages/rasterio/gdal_data'.
2023-12-20 11:07:30,925 - rasterio._env - DEBUG - PROJ data found in package: path='/home/metpublic/PYTHON_VENV/present_weather/lib/python3.10/site-packages/rasterio/proj_data'.
2023-12-20 11:07:30,926 - rasterio._env - DEBUG - Started GDALEnv: self=<rasterio._env.GDALEnv object at 0x7f21641e9750>.
2023-12-20 11:07:30,926 - rasterio.env - DEBUG - Entered env context: <rasterio.env.Env object at 0x7f2167c0fd90>
2023-12-20 11:07:30,926 - rasterio._base - DEBUG - Sharing flag: 0
2023-12-20 11:07:30,927 - rasterio._base - DEBUG - Nodata success: 0, Nodata value: 0.000000
2023-12-20 11:07:30,927 - rasterio._base - DEBUG - Dataset <open DatasetReader name='/home/metpublic/TASK_RELEASE/EFAN/present_weather/src/H09_B13_Indonesia_20231220.Z1050.cor.tiff' mode='r'> is started.
2023-12-20 11:07:30,927 - rasterio.env - DEBUG - Exiting env context: <rasterio.env.Env object at 0x7f2167c0fd90>
2023-12-20 11:07:30,927 - rasterio.env - DEBUG - Cleared existing <rasterio._env.GDALEnv object at 0x7f21641e9750> options
2023-12-20 11:07:30,928 - rasterio._env - DEBUG - Stopped GDALEnv <rasterio._env.GDALEnv object at 0x7f21641e9750>.
2023-12-20 11:07:30,928 - rasterio.env - DEBUG - Exiting outermost env
2023-12-20 11:07:30,928 - rasterio.env - DEBUG - Exited env context: <rasterio.env.Env object at 0x7f2167c0fd90>
2023-12-20 11:07:30,928 - rasterio.env - DEBUG - Entering env context: <rasterio.env.Env object at 0x7f2164159e40>
2023-12-20 11:07:30,928 - rasterio.env - DEBUG - Starting outermost env
2023-12-20 11:07:30,928 - rasterio.env - DEBUG - No GDAL environment exists
2023-12-20 11:07:30,928 - rasterio.env - DEBUG - New GDAL environment <rasterio._env.GDALEnv object at 0x7f2164159d20> created
2023-12-20 11:07:30,929 - rasterio._env - DEBUG - GDAL data found in package: path='/home/metpublic/PYTHON_VENV/present_weather/lib/python3.10/site-packages/rasterio/gdal_data'.
2023-12-20 11:07:30,929 - rasterio._env - DEBUG - PROJ data found in package: path='/home/metpublic/PYTHON_VENV/present_weather/lib/python3.10/site-packages/rasterio/proj_data'.
2023-12-20 11:07:30,929 - rasterio._env - DEBUG - Started GDALEnv: self=<rasterio._env.GDALEnv object at 0x7f2164159d20>.
2023-12-20 11:07:30,929 - rasterio.env - DEBUG - Entered env context: <rasterio.env.Env object at 0x7f2164159e40>
2023-12-20 11:07:30,929 - rasterio._base - DEBUG - Sharing flag: 0
2023-12-20 11:07:30,930 - rasterio._base - DEBUG - Nodata success: 0, Nodata value: 0.000000
2023-12-20 11:07:30,931 - rasterio._base - DEBUG - Dataset <open DatasetReader name='/home/metpublic/TASK_RELEASE/EFAN/present_weather/src/H09_B13_Indonesia_20231220.Z1050.cor.tiff' mode='r'> is started.
2023-12-20 11:07:30,931 - rasterio.env - DEBUG - Exiting env context: <rasterio.env.Env object at 0x7f2164159e40>
2023-12-20 11:07:30,931 - rasterio.env - DEBUG - Cleared existing <rasterio._env.GDALEnv object at 0x7f2164159d20> options
2023-12-20 11:07:30,931 - rasterio._env - DEBUG - Stopped GDALEnv <rasterio._env.GDALEnv object at 0x7f2164159d20>.
2023-12-20 11:07:30,931 - rasterio.env - DEBUG - Exiting outermost env
2023-12-20 11:07:30,931 - rasterio.env - DEBUG - Exited env context: <rasterio.env.Env object at 0x7f2164159e40>
2023-12-20 11:07:30,942 - root - INFO - Generating present weather using SATELITE data
2023-12-20 11:08:49,463 - root - INFO - Total elapsed time: 0:05:46.271400
