2023-11-05 09:20:03,750 - root - INFO - Initiating present weather
2023-11-05 09:20:03,755 - urllib3.connectionpool - DEBUG - Starting new HTTPS connection (1): radar.bmkg.go.id:8060
2023-11-05 09:20:03,828 - urllib3.connectionpool - DEBUG - https://radar.bmkg.go.id:8060 "GET /getRadarGeotif?token=19387e71e78522ae4172ec0fda640983b8438c9cfa0ca571623cb69d8327&radar=amandemenForecast&type=latest HTTP/1.1" 200 90
2023-11-05 09:20:03,830 - rasterio.env - DEBUG - Entering env context: <rasterio.env.Env object at 0x7f817f38f440>
2023-11-05 09:20:03,831 - rasterio.env - DEBUG - Starting outermost env
2023-11-05 09:20:03,831 - rasterio.env - DEBUG - No GDAL environment exists
2023-11-05 09:20:03,832 - rasterio.env - DEBUG - New GDAL environment <rasterio._env.GDALEnv object at 0x7f817f4a8c70> created
2023-11-05 09:20:03,836 - rasterio._filepath - DEBUG - Installing FilePath filesystem handler plugin...
2023-11-05 09:20:03,836 - rasterio._env - DEBUG - GDAL data found in package: path='/home/swx/miniconda3/envs/present_weather/lib/python3.12/site-packages/rasterio/gdal_data'.
2023-11-05 09:20:03,836 - rasterio._env - DEBUG - PROJ_LIB found in environment.
2023-11-05 09:20:03,836 - rasterio._env - DEBUG - Started GDALEnv: self=<rasterio._env.GDALEnv object at 0x7f817f4a8c70>.
2023-11-05 09:20:03,836 - rasterio.env - DEBUG - Entered env context: <rasterio.env.Env object at 0x7f817f38f440>
2023-11-05 09:20:03,837 - rasterio._base - DEBUG - Sharing flag: 0
2023-11-05 09:20:03,992 - rasterio._base - DEBUG - Nodata success: 1, Nodata value: nan
2023-11-05 09:20:03,992 - rasterio._base - DEBUG - Dataset <open DatasetReader name='https://radar.bmkg.go.id/raster/radarsatelit_202311050900.tif' mode='r'> is started.
2023-11-05 09:20:03,993 - rasterio.env - DEBUG - Exiting env context: <rasterio.env.Env object at 0x7f817f38f440>
2023-11-05 09:20:03,993 - rasterio.env - DEBUG - Cleared existing <rasterio._env.GDALEnv object at 0x7f817f4a8c70> options
2023-11-05 09:20:03,993 - rasterio._env - DEBUG - Stopped GDALEnv <rasterio._env.GDALEnv object at 0x7f817f4a8c70>.
2023-11-05 09:20:03,993 - rasterio.env - DEBUG - Exiting outermost env
2023-11-05 09:20:03,993 - rasterio.env - DEBUG - Exited env context: <rasterio.env.Env object at 0x7f817f38f440>
2023-11-05 09:20:03,993 - rasterio.env - DEBUG - Entering env context: <rasterio.env.Env object at 0x7f817f38e3c0>
2023-11-05 09:20:03,994 - rasterio.env - DEBUG - Starting outermost env
2023-11-05 09:20:03,994 - rasterio.env - DEBUG - No GDAL environment exists
2023-11-05 09:20:03,994 - rasterio.env - DEBUG - New GDAL environment <rasterio._env.GDALEnv object at 0x7f817f4a8c70> created
2023-11-05 09:20:03,994 - rasterio._env - DEBUG - GDAL data found in package: path='/home/swx/miniconda3/envs/present_weather/lib/python3.12/site-packages/rasterio/gdal_data'.
2023-11-05 09:20:03,994 - rasterio._env - DEBUG - PROJ_LIB found in environment.
2023-11-05 09:20:03,995 - rasterio._env - DEBUG - Started GDALEnv: self=<rasterio._env.GDALEnv object at 0x7f817f4a8c70>.
2023-11-05 09:20:03,995 - rasterio.env - DEBUG - Entered env context: <rasterio.env.Env object at 0x7f817f38e3c0>
2023-11-05 09:20:03,995 - rasterio.env - DEBUG - Got a copy of environment <rasterio._env.GDALEnv object at 0x7f817f4a8c70> options
2023-11-05 09:20:03,995 - rasterio.env - DEBUG - Entering env context: <rasterio.env.Env object at 0x7f813db69850>
2023-11-05 09:20:03,995 - rasterio.env - DEBUG - Got a copy of environment <rasterio._env.GDALEnv object at 0x7f817f4a8c70> options
2023-11-05 09:20:03,996 - rasterio.env - DEBUG - Entered env context: <rasterio.env.Env object at 0x7f813db69850>
2023-11-05 09:20:03,996 - rasterio._base - DEBUG - Sharing flag: 0
2023-11-05 09:20:03,997 - rasterio._base - DEBUG - Nodata success: 1, Nodata value: nan
2023-11-05 09:20:03,997 - rasterio._base - DEBUG - Dataset <open DatasetReader name='https://radar.bmkg.go.id/raster/radarsatelit_202311050900.tif' mode='r'> is started.
2023-11-05 09:20:03,997 - rasterio.env - DEBUG - Exiting env context: <rasterio.env.Env object at 0x7f813db69850>
2023-11-05 09:20:03,997 - rasterio.env - DEBUG - Cleared existing <rasterio._env.GDALEnv object at 0x7f817f4a8c70> options
2023-11-05 09:20:03,997 - rasterio._env - DEBUG - Stopped GDALEnv <rasterio._env.GDALEnv object at 0x7f817f4a8c70>.
2023-11-05 09:20:03,997 - rasterio.env - DEBUG - No GDAL environment exists
2023-11-05 09:20:03,997 - rasterio.env - DEBUG - New GDAL environment <rasterio._env.GDALEnv object at 0x7f817f4a8c70> created
2023-11-05 09:20:03,998 - rasterio._env - DEBUG - GDAL data found in package: path='/home/swx/miniconda3/envs/present_weather/lib/python3.12/site-packages/rasterio/gdal_data'.
2023-11-05 09:20:03,998 - rasterio._env - DEBUG - PROJ_LIB found in environment.
2023-11-05 09:20:03,998 - rasterio._env - DEBUG - Started GDALEnv: self=<rasterio._env.GDALEnv object at 0x7f817f4a8c70>.
2023-11-05 09:20:03,998 - rasterio.env - DEBUG - Exited env context: <rasterio.env.Env object at 0x7f813db69850>
2023-11-05 09:20:04,026 - rasterio._io - DEBUG - Output nodata value read from file: nan
2023-11-05 09:20:04,026 - rasterio._io - DEBUG - Output nodata values: [nan]
2023-11-05 09:20:04,026 - rasterio._io - DEBUG - all_valid: False
2023-11-05 09:20:04,026 - rasterio._io - DEBUG - mask_flags: ([<MaskFlags.nodata: 8>],)
2023-11-05 09:20:04,027 - rasterio._io - DEBUG - Jump straight to _read()
2023-11-05 09:20:04,027 - rasterio._io - DEBUG - Window: Window(col_off=0, row_off=0, width=10215, height=3792)
2023-11-05 09:20:04,027 - rasterio._io - DEBUG - IO window xoff=0.0 yoff=0.0 width=10215.0 height=3792.0
2023-11-05 09:20:05,094 - rasterio.env - DEBUG - Exiting env context: <rasterio.env.Env object at 0x7f817f38e3c0>
2023-11-05 09:20:05,095 - rasterio.env - DEBUG - Cleared existing <rasterio._env.GDALEnv object at 0x7f817f4a8c70> options
2023-11-05 09:20:05,095 - rasterio._env - DEBUG - Stopped GDALEnv <rasterio._env.GDALEnv object at 0x7f817f4a8c70>.
2023-11-05 09:20:05,095 - rasterio.env - DEBUG - Exiting outermost env
2023-11-05 09:20:05,095 - rasterio.env - DEBUG - Exited env context: <rasterio.env.Env object at 0x7f817f38e3c0>
2023-11-05 09:20:05,097 - urllib3.connectionpool - DEBUG - Starting new HTTPS connection (1): radar.bmkg.go.id:8060
2023-11-05 09:20:05,287 - urllib3.connectionpool - DEBUG - https://radar.bmkg.go.id:8060 "GET /getLatestLD?typeData=1 HTTP/1.1" 200 609883
2023-11-05 09:20:05,448 - asyncio - DEBUG - Using selector: EpollSelector
2023-11-05 09:36:27,966 - root - INFO - Total elapsed time: 0:16:24.216893
