2023-12-22 21:23:02,339 - root - INFO - Initiating present weather
2023-12-22 21:23:02,341 - asyncio - DEBUG - Using selector: EpollSelector
2023-12-22 21:23:03,935 - urllib3.connectionpool - DEBUG - Starting new HTTPS connection (1): radar.bmkg.go.id:8060
2023-12-22 21:23:03,947 - urllib3.connectionpool - DEBUG - https://radar.bmkg.go.id:8060 "GET /getLatestLD?typeData=1 HTTP/1.1" 200 62
2023-12-22 21:23:03,950 - urllib3.connectionpool - DEBUG - Starting new HTTPS connection (1): radar.bmkg.go.id:8060
2023-12-22 21:23:03,968 - urllib3.connectionpool - DEBUG - https://radar.bmkg.go.id:8060 "GET /getRadarGeotif?token=19387e71e78522ae4172ec0fda640983b8438c9cfa0ca571623cb69d8327&radar=amandemenForecast&type=latest HTTP/1.1" 200 90
2023-12-22 21:23:03,969 - rasterio.env - DEBUG - Entering env context: <rasterio.env.Env object at 0x7fb14e763a90>
2023-12-22 21:23:03,970 - rasterio.env - DEBUG - Starting outermost env
2023-12-22 21:23:03,970 - rasterio.env - DEBUG - No GDAL environment exists
2023-12-22 21:23:03,970 - rasterio.env - DEBUG - New GDAL environment <rasterio._env.GDALEnv object at 0x7fb14e762590> created
2023-12-22 21:23:03,973 - rasterio._filepath - DEBUG - Installing FilePath filesystem handler plugin...
2023-12-22 21:23:03,973 - rasterio._env - DEBUG - GDAL data found in package: path='/home/metpublic/PYTHON_VENV/present_weather/lib/python3.10/site-packages/rasterio/gdal_data'.
2023-12-22 21:23:03,973 - rasterio._env - DEBUG - PROJ data found in package: path='/home/metpublic/PYTHON_VENV/present_weather/lib/python3.10/site-packages/rasterio/proj_data'.
2023-12-22 21:23:03,973 - rasterio._env - DEBUG - Started GDALEnv: self=<rasterio._env.GDALEnv object at 0x7fb14e762590>.
2023-12-22 21:23:03,973 - rasterio.env - DEBUG - Entered env context: <rasterio.env.Env object at 0x7fb14e763a90>
2023-12-22 21:23:03,973 - rasterio._base - DEBUG - Sharing flag: 0
2023-12-22 21:23:04,311 - rasterio._base - DEBUG - Nodata success: 1, Nodata value: nan
2023-12-22 21:23:04,311 - rasterio._base - DEBUG - Dataset <open DatasetReader name='https://radar.bmkg.go.id/raster/radarsatelit_202312222100.tif' mode='r'> is started.
2023-12-22 21:23:04,312 - rasterio.env - DEBUG - Exiting env context: <rasterio.env.Env object at 0x7fb14e763a90>
2023-12-22 21:23:04,312 - rasterio.env - DEBUG - Cleared existing <rasterio._env.GDALEnv object at 0x7fb14e762590> options
2023-12-22 21:23:04,312 - rasterio._env - DEBUG - Stopped GDALEnv <rasterio._env.GDALEnv object at 0x7fb14e762590>.
2023-12-22 21:23:04,312 - rasterio.env - DEBUG - Exiting outermost env
2023-12-22 21:23:04,312 - rasterio.env - DEBUG - Exited env context: <rasterio.env.Env object at 0x7fb14e763a90>
2023-12-22 21:23:04,312 - rasterio.env - DEBUG - Entering env context: <rasterio.env.Env object at 0x7fb14dde5810>
2023-12-22 21:23:04,312 - rasterio.env - DEBUG - Starting outermost env
2023-12-22 21:23:04,312 - rasterio.env - DEBUG - No GDAL environment exists
2023-12-22 21:23:04,312 - rasterio.env - DEBUG - New GDAL environment <rasterio._env.GDALEnv object at 0x7fb14e762590> created
2023-12-22 21:23:04,313 - rasterio._env - DEBUG - GDAL data found in package: path='/home/metpublic/PYTHON_VENV/present_weather/lib/python3.10/site-packages/rasterio/gdal_data'.
2023-12-22 21:23:04,313 - rasterio._env - DEBUG - PROJ data found in package: path='/home/metpublic/PYTHON_VENV/present_weather/lib/python3.10/site-packages/rasterio/proj_data'.
2023-12-22 21:23:04,313 - rasterio._env - DEBUG - Started GDALEnv: self=<rasterio._env.GDALEnv object at 0x7fb14e762590>.
2023-12-22 21:23:04,313 - rasterio.env - DEBUG - Entered env context: <rasterio.env.Env object at 0x7fb14dde5810>
2023-12-22 21:23:04,313 - rasterio.env - DEBUG - Got a copy of environment <rasterio._env.GDALEnv object at 0x7fb14e762590> options
2023-12-22 21:23:04,313 - rasterio.env - DEBUG - Entering env context: <rasterio.env.Env object at 0x7fb14c3bdea0>
2023-12-22 21:23:04,313 - rasterio.env - DEBUG - Got a copy of environment <rasterio._env.GDALEnv object at 0x7fb14e762590> options
2023-12-22 21:23:04,314 - rasterio.env - DEBUG - Entered env context: <rasterio.env.Env object at 0x7fb14c3bdea0>
2023-12-22 21:23:04,314 - rasterio._base - DEBUG - Sharing flag: 0
2023-12-22 21:23:04,315 - rasterio._base - DEBUG - Nodata success: 1, Nodata value: nan
2023-12-22 21:23:04,315 - rasterio._base - DEBUG - Dataset <open DatasetReader name='https://radar.bmkg.go.id/raster/radarsatelit_202312222100.tif' mode='r'> is started.
2023-12-22 21:23:04,315 - rasterio.env - DEBUG - Exiting env context: <rasterio.env.Env object at 0x7fb14c3bdea0>
2023-12-22 21:23:04,315 - rasterio.env - DEBUG - Cleared existing <rasterio._env.GDALEnv object at 0x7fb14e762590> options
2023-12-22 21:23:04,315 - rasterio._env - DEBUG - Stopped GDALEnv <rasterio._env.GDALEnv object at 0x7fb14e762590>.
2023-12-22 21:23:04,315 - rasterio.env - DEBUG - No GDAL environment exists
2023-12-22 21:23:04,315 - rasterio.env - DEBUG - New GDAL environment <rasterio._env.GDALEnv object at 0x7fb14e762590> created
2023-12-22 21:23:04,316 - rasterio._env - DEBUG - GDAL data found in package: path='/home/metpublic/PYTHON_VENV/present_weather/lib/python3.10/site-packages/rasterio/gdal_data'.
2023-12-22 21:23:04,316 - rasterio._env - DEBUG - PROJ data found in package: path='/home/metpublic/PYTHON_VENV/present_weather/lib/python3.10/site-packages/rasterio/proj_data'.
2023-12-22 21:23:04,316 - rasterio._env - DEBUG - Started GDALEnv: self=<rasterio._env.GDALEnv object at 0x7fb14e762590>.
2023-12-22 21:23:04,316 - rasterio.env - DEBUG - Exited env context: <rasterio.env.Env object at 0x7fb14c3bdea0>
2023-12-22 21:23:04,334 - rasterio._io - DEBUG - Output nodata value read from file: nan
2023-12-22 21:23:04,334 - rasterio._io - DEBUG - Output nodata values: [nan]
2023-12-22 21:23:04,334 - rasterio._io - DEBUG - all_valid: False
2023-12-22 21:23:04,334 - rasterio._io - DEBUG - mask_flags: ([<MaskFlags.nodata: 8>],)
2023-12-22 21:23:04,335 - rasterio._io - DEBUG - Jump straight to _read()
2023-12-22 21:23:04,335 - rasterio._io - DEBUG - Window: Window(col_off=0, row_off=0, width=10176, height=3732)
2023-12-22 21:23:04,335 - rasterio._io - DEBUG - IO window xoff=0.0 yoff=0.0 width=10176.0 height=3732.0
2023-12-22 21:23:04,895 - rasterio.env - DEBUG - Exiting env context: <rasterio.env.Env object at 0x7fb14dde5810>
2023-12-22 21:23:04,896 - rasterio.env - DEBUG - Cleared existing <rasterio._env.GDALEnv object at 0x7fb14e762590> options
2023-12-22 21:23:04,896 - rasterio._env - DEBUG - Stopped GDALEnv <rasterio._env.GDALEnv object at 0x7fb14e762590>.
2023-12-22 21:23:04,896 - rasterio.env - DEBUG - Exiting outermost env
2023-12-22 21:23:04,896 - rasterio.env - DEBUG - Exited env context: <rasterio.env.Env object at 0x7fb14dde5810>
2023-12-22 21:27:52,719 - rasterio.env - DEBUG - Entering env context: <rasterio.env.Env object at 0x7fb14c3bf280>
2023-12-22 21:27:52,719 - rasterio.env - DEBUG - Starting outermost env
2023-12-22 21:27:52,719 - rasterio.env - DEBUG - No GDAL environment exists
2023-12-22 21:27:52,719 - rasterio.env - DEBUG - New GDAL environment <rasterio._env.GDALEnv object at 0x7fb14c3bd090> created
2023-12-22 21:27:52,720 - rasterio._env - DEBUG - GDAL data found in package: path='/home/metpublic/PYTHON_VENV/present_weather/lib/python3.10/site-packages/rasterio/gdal_data'.
2023-12-22 21:27:52,720 - rasterio._env - DEBUG - PROJ data found in package: path='/home/metpublic/PYTHON_VENV/present_weather/lib/python3.10/site-packages/rasterio/proj_data'.
2023-12-22 21:27:52,720 - rasterio._env - DEBUG - Started GDALEnv: self=<rasterio._env.GDALEnv object at 0x7fb14c3bd090>.
2023-12-22 21:27:52,720 - rasterio.env - DEBUG - Entered env context: <rasterio.env.Env object at 0x7fb14c3bf280>
2023-12-22 21:27:52,721 - rasterio._base - DEBUG - Sharing flag: 0
2023-12-22 21:27:52,722 - rasterio._base - DEBUG - Nodata success: 0, Nodata value: 0.000000
2023-12-22 21:27:52,722 - rasterio._base - DEBUG - Dataset <open DatasetReader name='/home/metpublic/TASK_RELEASE/EFAN/present_weather/src/H09_B13_Indonesia_20231222.Z2040.cor.tiff' mode='r'> is started.
2023-12-22 21:27:52,722 - rasterio.env - DEBUG - Exiting env context: <rasterio.env.Env object at 0x7fb14c3bf280>
2023-12-22 21:27:52,722 - rasterio.env - DEBUG - Cleared existing <rasterio._env.GDALEnv object at 0x7fb14c3bd090> options
2023-12-22 21:27:52,722 - rasterio._env - DEBUG - Stopped GDALEnv <rasterio._env.GDALEnv object at 0x7fb14c3bd090>.
2023-12-22 21:27:52,722 - rasterio.env - DEBUG - Exiting outermost env
2023-12-22 21:27:52,722 - rasterio.env - DEBUG - Exited env context: <rasterio.env.Env object at 0x7fb14c3bf280>
2023-12-22 21:27:52,723 - rasterio.env - DEBUG - Entering env context: <rasterio.env.Env object at 0x7fb14c342710>
2023-12-22 21:27:52,723 - rasterio.env - DEBUG - Starting outermost env
2023-12-22 21:27:52,723 - rasterio.env - DEBUG - No GDAL environment exists
2023-12-22 21:27:52,723 - rasterio.env - DEBUG - New GDAL environment <rasterio._env.GDALEnv object at 0x7fb14c342050> created
2023-12-22 21:27:52,724 - rasterio._env - DEBUG - GDAL data found in package: path='/home/metpublic/PYTHON_VENV/present_weather/lib/python3.10/site-packages/rasterio/gdal_data'.
2023-12-22 21:27:52,724 - rasterio._env - DEBUG - PROJ data found in package: path='/home/metpublic/PYTHON_VENV/present_weather/lib/python3.10/site-packages/rasterio/proj_data'.
2023-12-22 21:27:52,725 - rasterio._env - DEBUG - Started GDALEnv: self=<rasterio._env.GDALEnv object at 0x7fb14c342050>.
2023-12-22 21:27:52,725 - rasterio.env - DEBUG - Entered env context: <rasterio.env.Env object at 0x7fb14c342710>
2023-12-22 21:27:52,725 - rasterio._base - DEBUG - Sharing flag: 0
2023-12-22 21:27:52,727 - rasterio._base - DEBUG - Nodata success: 0, Nodata value: 0.000000
2023-12-22 21:27:52,727 - rasterio._base - DEBUG - Dataset <open DatasetReader name='/home/metpublic/TASK_RELEASE/EFAN/present_weather/src/H09_B13_Indonesia_20231222.Z2040.cor.tiff' mode='r'> is started.
2023-12-22 21:27:52,727 - rasterio.env - DEBUG - Exiting env context: <rasterio.env.Env object at 0x7fb14c342710>
2023-12-22 21:27:52,727 - rasterio.env - DEBUG - Cleared existing <rasterio._env.GDALEnv object at 0x7fb14c342050> options
2023-12-22 21:27:52,727 - rasterio._env - DEBUG - Stopped GDALEnv <rasterio._env.GDALEnv object at 0x7fb14c342050>.
2023-12-22 21:27:52,727 - rasterio.env - DEBUG - Exiting outermost env
2023-12-22 21:27:52,727 - rasterio.env - DEBUG - Exited env context: <rasterio.env.Env object at 0x7fb14c342710>
2023-12-22 21:27:52,740 - root - INFO - Generating present weather using SATELITE data
2023-12-22 21:29:07,165 - root - INFO - Total elapsed time: 0:06:04.825849
