2023-11-15 16:00:04,015 - root - INFO - Initiating present weather
2023-11-15 16:00:04,019 - urllib3.connectionpool - DEBUG - Starting new HTTPS connection (1): radar.bmkg.go.id:8060
2023-11-15 16:00:04,083 - urllib3.connectionpool - DEBUG - https://radar.bmkg.go.id:8060 "GET /getRadarGeotif?token=19387e71e78522ae4172ec0fda640983b8438c9cfa0ca571623cb69d8327&radar=amandemenForecast&type=latest HTTP/1.1" 200 90
2023-11-15 16:00:04,086 - rasterio.env - DEBUG - Entering env context: <rasterio.env.Env object at 0x7f8b3acd8e30>
2023-11-15 16:00:04,086 - rasterio.env - DEBUG - Starting outermost env
2023-11-15 16:00:04,087 - rasterio.env - DEBUG - No GDAL environment exists
2023-11-15 16:00:04,087 - rasterio.env - DEBUG - New GDAL environment <rasterio._env.GDALEnv object at 0x7f8b3abf6320> created
2023-11-15 16:00:04,091 - rasterio._filepath - DEBUG - Installing FilePath filesystem handler plugin...
2023-11-15 16:00:04,091 - rasterio._env - DEBUG - GDAL data found in package: path='/home/swx/miniconda3/envs/present_weather/lib/python3.12/site-packages/rasterio/gdal_data'.
2023-11-15 16:00:04,091 - rasterio._env - DEBUG - PROJ_LIB found in environment.
2023-11-15 16:00:04,092 - rasterio._env - DEBUG - Started GDALEnv: self=<rasterio._env.GDALEnv object at 0x7f8b3abf6320>.
2023-11-15 16:00:04,092 - rasterio.env - DEBUG - Entered env context: <rasterio.env.Env object at 0x7f8b3acd8e30>
2023-11-15 16:00:04,092 - rasterio._base - DEBUG - Sharing flag: 0
2023-11-15 16:00:04,288 - rasterio._base - DEBUG - Nodata success: 1, Nodata value: nan
2023-11-15 16:00:04,288 - rasterio._base - DEBUG - Dataset <open DatasetReader name='https://radar.bmkg.go.id/raster/radarsatelit_202311151550.tif' mode='r'> is started.
2023-11-15 16:00:04,289 - rasterio.env - DEBUG - Exiting env context: <rasterio.env.Env object at 0x7f8b3acd8e30>
2023-11-15 16:00:04,289 - rasterio.env - DEBUG - Cleared existing <rasterio._env.GDALEnv object at 0x7f8b3abf6320> options
2023-11-15 16:00:04,289 - rasterio._env - DEBUG - Stopped GDALEnv <rasterio._env.GDALEnv object at 0x7f8b3abf6320>.
2023-11-15 16:00:04,289 - rasterio.env - DEBUG - Exiting outermost env
2023-11-15 16:00:04,289 - rasterio.env - DEBUG - Exited env context: <rasterio.env.Env object at 0x7f8b3acd8e30>
2023-11-15 16:00:04,290 - rasterio.env - DEBUG - Entering env context: <rasterio.env.Env object at 0x7f8af14e4170>
2023-11-15 16:00:04,290 - rasterio.env - DEBUG - Starting outermost env
2023-11-15 16:00:04,290 - rasterio.env - DEBUG - No GDAL environment exists
2023-11-15 16:00:04,290 - rasterio.env - DEBUG - New GDAL environment <rasterio._env.GDALEnv object at 0x7f8b3ae823b0> created
2023-11-15 16:00:04,291 - rasterio._env - DEBUG - GDAL data found in package: path='/home/swx/miniconda3/envs/present_weather/lib/python3.12/site-packages/rasterio/gdal_data'.
2023-11-15 16:00:04,291 - rasterio._env - DEBUG - PROJ_LIB found in environment.
2023-11-15 16:00:04,291 - rasterio._env - DEBUG - Started GDALEnv: self=<rasterio._env.GDALEnv object at 0x7f8b3ae823b0>.
2023-11-15 16:00:04,291 - rasterio.env - DEBUG - Entered env context: <rasterio.env.Env object at 0x7f8af14e4170>
2023-11-15 16:00:04,292 - rasterio.env - DEBUG - Got a copy of environment <rasterio._env.GDALEnv object at 0x7f8b3ae823b0> options
2023-11-15 16:00:04,292 - rasterio.env - DEBUG - Entering env context: <rasterio.env.Env object at 0x7f8b3abf6960>
2023-11-15 16:00:04,292 - rasterio.env - DEBUG - Got a copy of environment <rasterio._env.GDALEnv object at 0x7f8b3ae823b0> options
2023-11-15 16:00:04,292 - rasterio.env - DEBUG - Entered env context: <rasterio.env.Env object at 0x7f8b3abf6960>
2023-11-15 16:00:04,293 - rasterio._base - DEBUG - Sharing flag: 0
2023-11-15 16:00:04,294 - rasterio._base - DEBUG - Nodata success: 1, Nodata value: nan
2023-11-15 16:00:04,294 - rasterio._base - DEBUG - Dataset <open DatasetReader name='https://radar.bmkg.go.id/raster/radarsatelit_202311151550.tif' mode='r'> is started.
2023-11-15 16:00:04,294 - rasterio.env - DEBUG - Exiting env context: <rasterio.env.Env object at 0x7f8b3abf6960>
2023-11-15 16:00:04,294 - rasterio.env - DEBUG - Cleared existing <rasterio._env.GDALEnv object at 0x7f8b3ae823b0> options
2023-11-15 16:00:04,294 - rasterio._env - DEBUG - Stopped GDALEnv <rasterio._env.GDALEnv object at 0x7f8b3ae823b0>.
2023-11-15 16:00:04,294 - rasterio.env - DEBUG - No GDAL environment exists
2023-11-15 16:00:04,294 - rasterio.env - DEBUG - New GDAL environment <rasterio._env.GDALEnv object at 0x7f8b3ae823b0> created
2023-11-15 16:00:04,295 - rasterio._env - DEBUG - GDAL data found in package: path='/home/swx/miniconda3/envs/present_weather/lib/python3.12/site-packages/rasterio/gdal_data'.
2023-11-15 16:00:04,295 - rasterio._env - DEBUG - PROJ_LIB found in environment.
2023-11-15 16:00:04,295 - rasterio._env - DEBUG - Started GDALEnv: self=<rasterio._env.GDALEnv object at 0x7f8b3ae823b0>.
2023-11-15 16:00:04,295 - rasterio.env - DEBUG - Exited env context: <rasterio.env.Env object at 0x7f8b3abf6960>
2023-11-15 16:00:04,328 - rasterio._io - DEBUG - Output nodata value read from file: nan
2023-11-15 16:00:04,329 - rasterio._io - DEBUG - Output nodata values: [nan]
2023-11-15 16:00:04,329 - rasterio._io - DEBUG - all_valid: False
2023-11-15 16:00:04,329 - rasterio._io - DEBUG - mask_flags: ([<MaskFlags.nodata: 8>],)
2023-11-15 16:00:04,330 - rasterio._io - DEBUG - Jump straight to _read()
2023-11-15 16:00:04,330 - rasterio._io - DEBUG - Window: Window(col_off=0, row_off=0, width=10215, height=3789)
2023-11-15 16:00:04,330 - rasterio._io - DEBUG - IO window xoff=0.0 yoff=0.0 width=10215.0 height=3789.0
2023-11-15 16:00:05,071 - rasterio.env - DEBUG - Exiting env context: <rasterio.env.Env object at 0x7f8af14e4170>
2023-11-15 16:00:05,071 - rasterio.env - DEBUG - Cleared existing <rasterio._env.GDALEnv object at 0x7f8b3ae823b0> options
2023-11-15 16:00:05,071 - rasterio._env - DEBUG - Stopped GDALEnv <rasterio._env.GDALEnv object at 0x7f8b3ae823b0>.
2023-11-15 16:00:05,071 - rasterio.env - DEBUG - Exiting outermost env
2023-11-15 16:00:05,071 - rasterio.env - DEBUG - Exited env context: <rasterio.env.Env object at 0x7f8af14e4170>
2023-11-15 16:00:05,073 - urllib3.connectionpool - DEBUG - Starting new HTTPS connection (1): radar.bmkg.go.id:8060
2023-11-15 16:00:05,167 - urllib3.connectionpool - DEBUG - https://radar.bmkg.go.id:8060 "GET /getLatestLD?typeData=1 HTTP/1.1" 200 171414
2023-11-15 16:00:05,227 - asyncio - DEBUG - Using selector: EpollSelector
2023-11-15 16:00:11,911 - root - INFO - dask.bag<lambda, npartitions=34>
2023-11-15 16:16:28,492 - root - INFO - Total elapsed time: 0:16:24.477917
