2023-11-19 14:00:03,410 - root - INFO - Initiating present weather
2023-11-19 14:00:03,415 - urllib3.connectionpool - DEBUG - Starting new HTTPS connection (1): radar.bmkg.go.id:8060
2023-11-19 14:00:03,484 - urllib3.connectionpool - DEBUG - https://radar.bmkg.go.id:8060 "GET /getRadarGeotif?token=19387e71e78522ae4172ec0fda640983b8438c9cfa0ca571623cb69d8327&radar=amandemenForecast&type=latest HTTP/1.1" 200 90
2023-11-19 14:00:03,487 - rasterio.env - DEBUG - Entering env context: <rasterio.env.Env object at 0x7f023579cd40>
2023-11-19 14:00:03,488 - rasterio.env - DEBUG - Starting outermost env
2023-11-19 14:00:03,488 - rasterio.env - DEBUG - No GDAL environment exists
2023-11-19 14:00:03,488 - rasterio.env - DEBUG - New GDAL environment <rasterio._env.GDALEnv object at 0x7f0276ef6e30> created
2023-11-19 14:00:03,493 - rasterio._filepath - DEBUG - Installing FilePath filesystem handler plugin...
2023-11-19 14:00:03,493 - rasterio._env - DEBUG - GDAL data found in package: path='/home/swx/miniconda3/envs/present_weather/lib/python3.12/site-packages/rasterio/gdal_data'.
2023-11-19 14:00:03,494 - rasterio._env - DEBUG - PROJ_LIB found in environment.
2023-11-19 14:00:03,494 - rasterio._env - DEBUG - Started GDALEnv: self=<rasterio._env.GDALEnv object at 0x7f0276ef6e30>.
2023-11-19 14:00:03,494 - rasterio.env - DEBUG - Entered env context: <rasterio.env.Env object at 0x7f023579cd40>
2023-11-19 14:00:03,494 - rasterio._base - DEBUG - Sharing flag: 0
2023-11-19 14:00:03,694 - rasterio._base - DEBUG - Nodata success: 1, Nodata value: nan
2023-11-19 14:00:03,695 - rasterio._base - DEBUG - Dataset <open DatasetReader name='https://radar.bmkg.go.id/raster/radarsatelit_202311191350.tif' mode='r'> is started.
2023-11-19 14:00:03,695 - rasterio.env - DEBUG - Exiting env context: <rasterio.env.Env object at 0x7f023579cd40>
2023-11-19 14:00:03,696 - rasterio.env - DEBUG - Cleared existing <rasterio._env.GDALEnv object at 0x7f0276ef6e30> options
2023-11-19 14:00:03,696 - rasterio._env - DEBUG - Stopped GDALEnv <rasterio._env.GDALEnv object at 0x7f0276ef6e30>.
2023-11-19 14:00:03,696 - rasterio.env - DEBUG - Exiting outermost env
2023-11-19 14:00:03,696 - rasterio.env - DEBUG - Exited env context: <rasterio.env.Env object at 0x7f023579cd40>
2023-11-19 14:00:03,696 - rasterio.env - DEBUG - Entering env context: <rasterio.env.Env object at 0x7f0276ecfe30>
2023-11-19 14:00:03,696 - rasterio.env - DEBUG - Starting outermost env
2023-11-19 14:00:03,696 - rasterio.env - DEBUG - No GDAL environment exists
2023-11-19 14:00:03,696 - rasterio.env - DEBUG - New GDAL environment <rasterio._env.GDALEnv object at 0x7f0276ef6e30> created
2023-11-19 14:00:03,697 - rasterio._env - DEBUG - GDAL data found in package: path='/home/swx/miniconda3/envs/present_weather/lib/python3.12/site-packages/rasterio/gdal_data'.
2023-11-19 14:00:03,697 - rasterio._env - DEBUG - PROJ_LIB found in environment.
2023-11-19 14:00:03,697 - rasterio._env - DEBUG - Started GDALEnv: self=<rasterio._env.GDALEnv object at 0x7f0276ef6e30>.
2023-11-19 14:00:03,698 - rasterio.env - DEBUG - Entered env context: <rasterio.env.Env object at 0x7f0276ecfe30>
2023-11-19 14:00:03,698 - rasterio.env - DEBUG - Got a copy of environment <rasterio._env.GDALEnv object at 0x7f0276ef6e30> options
2023-11-19 14:00:03,699 - rasterio.env - DEBUG - Entering env context: <rasterio.env.Env object at 0x7f0276fd4440>
2023-11-19 14:00:03,699 - rasterio.env - DEBUG - Got a copy of environment <rasterio._env.GDALEnv object at 0x7f0276ef6e30> options
2023-11-19 14:00:03,699 - rasterio.env - DEBUG - Entered env context: <rasterio.env.Env object at 0x7f0276fd4440>
2023-11-19 14:00:03,699 - rasterio._base - DEBUG - Sharing flag: 0
2023-11-19 14:00:03,700 - rasterio._base - DEBUG - Nodata success: 1, Nodata value: nan
2023-11-19 14:00:03,700 - rasterio._base - DEBUG - Dataset <open DatasetReader name='https://radar.bmkg.go.id/raster/radarsatelit_202311191350.tif' mode='r'> is started.
2023-11-19 14:00:03,700 - rasterio.env - DEBUG - Exiting env context: <rasterio.env.Env object at 0x7f0276fd4440>
2023-11-19 14:00:03,700 - rasterio.env - DEBUG - Cleared existing <rasterio._env.GDALEnv object at 0x7f0276ef6e30> options
2023-11-19 14:00:03,700 - rasterio._env - DEBUG - Stopped GDALEnv <rasterio._env.GDALEnv object at 0x7f0276ef6e30>.
2023-11-19 14:00:03,701 - rasterio.env - DEBUG - No GDAL environment exists
2023-11-19 14:00:03,701 - rasterio.env - DEBUG - New GDAL environment <rasterio._env.GDALEnv object at 0x7f0276ef6e30> created
2023-11-19 14:00:03,701 - rasterio._env - DEBUG - GDAL data found in package: path='/home/swx/miniconda3/envs/present_weather/lib/python3.12/site-packages/rasterio/gdal_data'.
2023-11-19 14:00:03,701 - rasterio._env - DEBUG - PROJ_LIB found in environment.
2023-11-19 14:00:03,701 - rasterio._env - DEBUG - Started GDALEnv: self=<rasterio._env.GDALEnv object at 0x7f0276ef6e30>.
2023-11-19 14:00:03,702 - rasterio.env - DEBUG - Exited env context: <rasterio.env.Env object at 0x7f0276fd4440>
2023-11-19 14:00:03,734 - rasterio._io - DEBUG - Output nodata value read from file: nan
2023-11-19 14:00:03,734 - rasterio._io - DEBUG - Output nodata values: [nan]
2023-11-19 14:00:03,735 - rasterio._io - DEBUG - all_valid: False
2023-11-19 14:00:03,735 - rasterio._io - DEBUG - mask_flags: ([<MaskFlags.nodata: 8>],)
2023-11-19 14:00:03,735 - rasterio._io - DEBUG - Jump straight to _read()
2023-11-19 14:00:03,735 - rasterio._io - DEBUG - Window: Window(col_off=0, row_off=0, width=10215, height=3792)
2023-11-19 14:00:03,736 - rasterio._io - DEBUG - IO window xoff=0.0 yoff=0.0 width=10215.0 height=3792.0
2023-11-19 14:00:04,392 - rasterio.env - DEBUG - Exiting env context: <rasterio.env.Env object at 0x7f0276ecfe30>
2023-11-19 14:00:04,392 - rasterio.env - DEBUG - Cleared existing <rasterio._env.GDALEnv object at 0x7f0276ef6e30> options
2023-11-19 14:00:04,392 - rasterio._env - DEBUG - Stopped GDALEnv <rasterio._env.GDALEnv object at 0x7f0276ef6e30>.
2023-11-19 14:00:04,392 - rasterio.env - DEBUG - Exiting outermost env
2023-11-19 14:00:04,392 - rasterio.env - DEBUG - Exited env context: <rasterio.env.Env object at 0x7f0276ecfe30>
2023-11-19 14:00:04,394 - urllib3.connectionpool - DEBUG - Starting new HTTPS connection (1): radar.bmkg.go.id:8060
2023-11-19 14:00:04,466 - urllib3.connectionpool - DEBUG - https://radar.bmkg.go.id:8060 "GET /getLatestLD?typeData=1 HTTP/1.1" 200 53769
2023-11-19 14:00:04,494 - asyncio - DEBUG - Using selector: EpollSelector
2023-11-19 14:00:11,172 - root - INFO - dask.bag<lambda, npartitions=34>
2023-11-19 14:05:20,498 - root - INFO - Total elapsed time: 0:05:17.088201
