2023-11-19 16:20:04,060 - root - INFO - Initiating present weather
2023-11-19 16:20:04,064 - urllib3.connectionpool - DEBUG - Starting new HTTPS connection (1): radar.bmkg.go.id:8060
2023-11-19 16:20:04,135 - urllib3.connectionpool - DEBUG - https://radar.bmkg.go.id:8060 "GET /getRadarGeotif?token=19387e71e78522ae4172ec0fda640983b8438c9cfa0ca571623cb69d8327&radar=amandemenForecast&type=latest HTTP/1.1" 200 90
2023-11-19 16:20:04,137 - rasterio.env - DEBUG - Entering env context: <rasterio.env.Env object at 0x7f55d3a12240>
2023-11-19 16:20:04,138 - rasterio.env - DEBUG - Starting outermost env
2023-11-19 16:20:04,138 - rasterio.env - DEBUG - No GDAL environment exists
2023-11-19 16:20:04,139 - rasterio.env - DEBUG - New GDAL environment <rasterio._env.GDALEnv object at 0x7f559252f520> created
2023-11-19 16:20:04,143 - rasterio._filepath - DEBUG - Installing FilePath filesystem handler plugin...
2023-11-19 16:20:04,143 - rasterio._env - DEBUG - GDAL data found in package: path='/home/swx/miniconda3/envs/present_weather/lib/python3.12/site-packages/rasterio/gdal_data'.
2023-11-19 16:20:04,143 - rasterio._env - DEBUG - PROJ_LIB found in environment.
2023-11-19 16:20:04,144 - rasterio._env - DEBUG - Started GDALEnv: self=<rasterio._env.GDALEnv object at 0x7f559252f520>.
2023-11-19 16:20:04,144 - rasterio.env - DEBUG - Entered env context: <rasterio.env.Env object at 0x7f55d3a12240>
2023-11-19 16:20:04,144 - rasterio._base - DEBUG - Sharing flag: 0
2023-11-19 16:20:04,331 - rasterio._base - DEBUG - Nodata success: 1, Nodata value: nan
2023-11-19 16:20:04,331 - rasterio._base - DEBUG - Dataset <open DatasetReader name='https://radar.bmkg.go.id/raster/radarsatelit_202311191610.tif' mode='r'> is started.
2023-11-19 16:20:04,332 - rasterio.env - DEBUG - Exiting env context: <rasterio.env.Env object at 0x7f55d3a12240>
2023-11-19 16:20:04,332 - rasterio.env - DEBUG - Cleared existing <rasterio._env.GDALEnv object at 0x7f559252f520> options
2023-11-19 16:20:04,332 - rasterio._env - DEBUG - Stopped GDALEnv <rasterio._env.GDALEnv object at 0x7f559252f520>.
2023-11-19 16:20:04,332 - rasterio.env - DEBUG - Exiting outermost env
2023-11-19 16:20:04,332 - rasterio.env - DEBUG - Exited env context: <rasterio.env.Env object at 0x7f55d3a12240>
2023-11-19 16:20:04,332 - rasterio.env - DEBUG - Entering env context: <rasterio.env.Env object at 0x7f559225fe60>
2023-11-19 16:20:04,332 - rasterio.env - DEBUG - Starting outermost env
2023-11-19 16:20:04,332 - rasterio.env - DEBUG - No GDAL environment exists
2023-11-19 16:20:04,333 - rasterio.env - DEBUG - New GDAL environment <rasterio._env.GDALEnv object at 0x7f559252f520> created
2023-11-19 16:20:04,333 - rasterio._env - DEBUG - GDAL data found in package: path='/home/swx/miniconda3/envs/present_weather/lib/python3.12/site-packages/rasterio/gdal_data'.
2023-11-19 16:20:04,333 - rasterio._env - DEBUG - PROJ_LIB found in environment.
2023-11-19 16:20:04,333 - rasterio._env - DEBUG - Started GDALEnv: self=<rasterio._env.GDALEnv object at 0x7f559252f520>.
2023-11-19 16:20:04,333 - rasterio.env - DEBUG - Entered env context: <rasterio.env.Env object at 0x7f559225fe60>
2023-11-19 16:20:04,334 - rasterio.env - DEBUG - Got a copy of environment <rasterio._env.GDALEnv object at 0x7f559252f520> options
2023-11-19 16:20:04,334 - rasterio.env - DEBUG - Entering env context: <rasterio.env.Env object at 0x7f5592227410>
2023-11-19 16:20:04,334 - rasterio.env - DEBUG - Got a copy of environment <rasterio._env.GDALEnv object at 0x7f559252f520> options
2023-11-19 16:20:04,334 - rasterio.env - DEBUG - Entered env context: <rasterio.env.Env object at 0x7f5592227410>
2023-11-19 16:20:04,334 - rasterio._base - DEBUG - Sharing flag: 0
2023-11-19 16:20:04,335 - rasterio._base - DEBUG - Nodata success: 1, Nodata value: nan
2023-11-19 16:20:04,335 - rasterio._base - DEBUG - Dataset <open DatasetReader name='https://radar.bmkg.go.id/raster/radarsatelit_202311191610.tif' mode='r'> is started.
2023-11-19 16:20:04,335 - rasterio.env - DEBUG - Exiting env context: <rasterio.env.Env object at 0x7f5592227410>
2023-11-19 16:20:04,335 - rasterio.env - DEBUG - Cleared existing <rasterio._env.GDALEnv object at 0x7f559252f520> options
2023-11-19 16:20:04,335 - rasterio._env - DEBUG - Stopped GDALEnv <rasterio._env.GDALEnv object at 0x7f559252f520>.
2023-11-19 16:20:04,336 - rasterio.env - DEBUG - No GDAL environment exists
2023-11-19 16:20:04,336 - rasterio.env - DEBUG - New GDAL environment <rasterio._env.GDALEnv object at 0x7f559252f520> created
2023-11-19 16:20:04,336 - rasterio._env - DEBUG - GDAL data found in package: path='/home/swx/miniconda3/envs/present_weather/lib/python3.12/site-packages/rasterio/gdal_data'.
2023-11-19 16:20:04,336 - rasterio._env - DEBUG - PROJ_LIB found in environment.
2023-11-19 16:20:04,336 - rasterio._env - DEBUG - Started GDALEnv: self=<rasterio._env.GDALEnv object at 0x7f559252f520>.
2023-11-19 16:20:04,336 - rasterio.env - DEBUG - Exited env context: <rasterio.env.Env object at 0x7f5592227410>
2023-11-19 16:20:04,360 - rasterio._io - DEBUG - Output nodata value read from file: nan
2023-11-19 16:20:04,360 - rasterio._io - DEBUG - Output nodata values: [nan]
2023-11-19 16:20:04,360 - rasterio._io - DEBUG - all_valid: False
2023-11-19 16:20:04,360 - rasterio._io - DEBUG - mask_flags: ([<MaskFlags.nodata: 8>],)
2023-11-19 16:20:04,361 - rasterio._io - DEBUG - Jump straight to _read()
2023-11-19 16:20:04,361 - rasterio._io - DEBUG - Window: Window(col_off=0, row_off=0, width=10215, height=3792)
2023-11-19 16:20:04,361 - rasterio._io - DEBUG - IO window xoff=0.0 yoff=0.0 width=10215.0 height=3792.0
2023-11-19 16:20:05,008 - rasterio.env - DEBUG - Exiting env context: <rasterio.env.Env object at 0x7f559225fe60>
2023-11-19 16:20:05,008 - rasterio.env - DEBUG - Cleared existing <rasterio._env.GDALEnv object at 0x7f559252f520> options
2023-11-19 16:20:05,008 - rasterio._env - DEBUG - Stopped GDALEnv <rasterio._env.GDALEnv object at 0x7f559252f520>.
2023-11-19 16:20:05,008 - rasterio.env - DEBUG - Exiting outermost env
2023-11-19 16:20:05,008 - rasterio.env - DEBUG - Exited env context: <rasterio.env.Env object at 0x7f559225fe60>
2023-11-19 16:20:05,011 - urllib3.connectionpool - DEBUG - Starting new HTTPS connection (1): radar.bmkg.go.id:8060
2023-11-19 16:20:05,062 - urllib3.connectionpool - DEBUG - https://radar.bmkg.go.id:8060 "GET /getLatestLD?typeData=1 HTTP/1.1" 200 30229
2023-11-19 16:20:05,080 - asyncio - DEBUG - Using selector: EpollSelector
2023-11-19 16:20:11,910 - root - INFO - dask.bag<lambda, npartitions=34>
2023-11-19 16:36:51,784 - root - INFO - Total elapsed time: 0:16:47.725854
