2023-12-12 08:13:03,143 - root - INFO - Initiating present weather
2023-12-12 08:13:03,145 - asyncio - DEBUG - Using selector: EpollSelector
2023-12-12 08:13:04,812 - urllib3.connectionpool - DEBUG - Starting new HTTPS connection (1): radar.bmkg.go.id:8060
2023-12-12 08:13:04,868 - urllib3.connectionpool - DEBUG - https://radar.bmkg.go.id:8060 "GET /getLatestLD?typeData=1 HTTP/1.1" 200 62
2023-12-12 08:13:04,871 - urllib3.connectionpool - DEBUG - Starting new HTTPS connection (1): radar.bmkg.go.id:8060
2023-12-12 08:13:04,893 - urllib3.connectionpool - DEBUG - https://radar.bmkg.go.id:8060 "GET /getRadarGeotif?token=19387e71e78522ae4172ec0fda640983b8438c9cfa0ca571623cb69d8327&radar=amandemenForecast&type=latest HTTP/1.1" 200 90
2023-12-12 08:13:04,894 - rasterio.env - DEBUG - Entering env context: <rasterio.env.Env object at 0x7fe6074ff640>
2023-12-12 08:13:04,894 - rasterio.env - DEBUG - Starting outermost env
2023-12-12 08:13:04,894 - rasterio.env - DEBUG - No GDAL environment exists
2023-12-12 08:13:04,895 - rasterio.env - DEBUG - New GDAL environment <rasterio._env.GDALEnv object at 0x7fe6074ff6d0> created
2023-12-12 08:13:04,897 - rasterio._filepath - DEBUG - Installing FilePath filesystem handler plugin...
2023-12-12 08:13:04,897 - rasterio._env - DEBUG - GDAL data found in package: path='/home/metpublic/PYTHON_VENV/present_weather/lib/python3.10/site-packages/rasterio/gdal_data'.
2023-12-12 08:13:04,897 - rasterio._env - DEBUG - PROJ data found in package: path='/home/metpublic/PYTHON_VENV/present_weather/lib/python3.10/site-packages/rasterio/proj_data'.
2023-12-12 08:13:04,898 - rasterio._env - DEBUG - Started GDALEnv: self=<rasterio._env.GDALEnv object at 0x7fe6074ff6d0>.
2023-12-12 08:13:04,898 - rasterio.env - DEBUG - Entered env context: <rasterio.env.Env object at 0x7fe6074ff640>
2023-12-12 08:13:04,898 - rasterio._base - DEBUG - Sharing flag: 0
2023-12-12 08:13:05,194 - rasterio._base - DEBUG - Nodata success: 1, Nodata value: nan
2023-12-12 08:13:05,195 - rasterio._base - DEBUG - Dataset <open DatasetReader name='https://radar.bmkg.go.id/raster/radarsatelit_202312120810.tif' mode='r'> is started.
2023-12-12 08:13:05,195 - rasterio.env - DEBUG - Exiting env context: <rasterio.env.Env object at 0x7fe6074ff640>
2023-12-12 08:13:05,195 - rasterio.env - DEBUG - Cleared existing <rasterio._env.GDALEnv object at 0x7fe6074ff6d0> options
2023-12-12 08:13:05,196 - rasterio._env - DEBUG - Stopped GDALEnv <rasterio._env.GDALEnv object at 0x7fe6074ff6d0>.
2023-12-12 08:13:05,196 - rasterio.env - DEBUG - Exiting outermost env
2023-12-12 08:13:05,196 - rasterio.env - DEBUG - Exited env context: <rasterio.env.Env object at 0x7fe6074ff640>
2023-12-12 08:13:05,196 - rasterio.env - DEBUG - Entering env context: <rasterio.env.Env object at 0x7fe606b78970>
2023-12-12 08:13:05,196 - rasterio.env - DEBUG - Starting outermost env
2023-12-12 08:13:05,196 - rasterio.env - DEBUG - No GDAL environment exists
2023-12-12 08:13:05,196 - rasterio.env - DEBUG - New GDAL environment <rasterio._env.GDALEnv object at 0x7fe6074ff6d0> created
2023-12-12 08:13:05,196 - rasterio._env - DEBUG - GDAL data found in package: path='/home/metpublic/PYTHON_VENV/present_weather/lib/python3.10/site-packages/rasterio/gdal_data'.
2023-12-12 08:13:05,196 - rasterio._env - DEBUG - PROJ data found in package: path='/home/metpublic/PYTHON_VENV/present_weather/lib/python3.10/site-packages/rasterio/proj_data'.
2023-12-12 08:13:05,197 - rasterio._env - DEBUG - Started GDALEnv: self=<rasterio._env.GDALEnv object at 0x7fe6074ff6d0>.
2023-12-12 08:13:05,197 - rasterio.env - DEBUG - Entered env context: <rasterio.env.Env object at 0x7fe606b78970>
2023-12-12 08:13:05,197 - rasterio.env - DEBUG - Got a copy of environment <rasterio._env.GDALEnv object at 0x7fe6074ff6d0> options
2023-12-12 08:13:05,197 - rasterio.env - DEBUG - Entering env context: <rasterio.env.Env object at 0x7fe60418b190>
2023-12-12 08:13:05,197 - rasterio.env - DEBUG - Got a copy of environment <rasterio._env.GDALEnv object at 0x7fe6074ff6d0> options
2023-12-12 08:13:05,197 - rasterio.env - DEBUG - Entered env context: <rasterio.env.Env object at 0x7fe60418b190>
2023-12-12 08:13:05,197 - rasterio._base - DEBUG - Sharing flag: 0
2023-12-12 08:13:05,198 - rasterio._base - DEBUG - Nodata success: 1, Nodata value: nan
2023-12-12 08:13:05,198 - rasterio._base - DEBUG - Dataset <open DatasetReader name='https://radar.bmkg.go.id/raster/radarsatelit_202312120810.tif' mode='r'> is started.
2023-12-12 08:13:05,198 - rasterio.env - DEBUG - Exiting env context: <rasterio.env.Env object at 0x7fe60418b190>
2023-12-12 08:13:05,199 - rasterio.env - DEBUG - Cleared existing <rasterio._env.GDALEnv object at 0x7fe6074ff6d0> options
2023-12-12 08:13:05,199 - rasterio._env - DEBUG - Stopped GDALEnv <rasterio._env.GDALEnv object at 0x7fe6074ff6d0>.
2023-12-12 08:13:05,199 - rasterio.env - DEBUG - No GDAL environment exists
2023-12-12 08:13:05,199 - rasterio.env - DEBUG - New GDAL environment <rasterio._env.GDALEnv object at 0x7fe6074ff6d0> created
2023-12-12 08:13:05,199 - rasterio._env - DEBUG - GDAL data found in package: path='/home/metpublic/PYTHON_VENV/present_weather/lib/python3.10/site-packages/rasterio/gdal_data'.
2023-12-12 08:13:05,199 - rasterio._env - DEBUG - PROJ data found in package: path='/home/metpublic/PYTHON_VENV/present_weather/lib/python3.10/site-packages/rasterio/proj_data'.
2023-12-12 08:13:05,199 - rasterio._env - DEBUG - Started GDALEnv: self=<rasterio._env.GDALEnv object at 0x7fe6074ff6d0>.
2023-12-12 08:13:05,199 - rasterio.env - DEBUG - Exited env context: <rasterio.env.Env object at 0x7fe60418b190>
2023-12-12 08:13:05,216 - rasterio._io - DEBUG - Output nodata value read from file: nan
2023-12-12 08:13:05,217 - rasterio._io - DEBUG - Output nodata values: [nan]
2023-12-12 08:13:05,217 - rasterio._io - DEBUG - all_valid: False
2023-12-12 08:13:05,217 - rasterio._io - DEBUG - mask_flags: ([<MaskFlags.nodata: 8>],)
2023-12-12 08:13:05,217 - rasterio._io - DEBUG - Jump straight to _read()
2023-12-12 08:13:05,217 - rasterio._io - DEBUG - Window: Window(col_off=0, row_off=0, width=10176, height=3692)
2023-12-12 08:13:05,217 - rasterio._io - DEBUG - IO window xoff=0.0 yoff=0.0 width=10176.0 height=3692.0
2023-12-12 08:13:05,778 - rasterio.env - DEBUG - Exiting env context: <rasterio.env.Env object at 0x7fe606b78970>
2023-12-12 08:13:05,778 - rasterio.env - DEBUG - Cleared existing <rasterio._env.GDALEnv object at 0x7fe6074ff6d0> options
2023-12-12 08:13:05,778 - rasterio._env - DEBUG - Stopped GDALEnv <rasterio._env.GDALEnv object at 0x7fe6074ff6d0>.
2023-12-12 08:13:05,778 - rasterio.env - DEBUG - Exiting outermost env
2023-12-12 08:13:05,778 - rasterio.env - DEBUG - Exited env context: <rasterio.env.Env object at 0x7fe606b78970>
2023-12-12 08:17:33,059 - rasterio.env - DEBUG - Entering env context: <rasterio.env.Env object at 0x7fe60418a260>
2023-12-12 08:17:33,059 - rasterio.env - DEBUG - Starting outermost env
2023-12-12 08:17:33,059 - rasterio.env - DEBUG - No GDAL environment exists
2023-12-12 08:17:33,059 - rasterio.env - DEBUG - New GDAL environment <rasterio._env.GDALEnv object at 0x7fe604088c10> created
2023-12-12 08:17:33,060 - rasterio._env - DEBUG - GDAL data found in package: path='/home/metpublic/PYTHON_VENV/present_weather/lib/python3.10/site-packages/rasterio/gdal_data'.
2023-12-12 08:17:33,060 - rasterio._env - DEBUG - PROJ data found in package: path='/home/metpublic/PYTHON_VENV/present_weather/lib/python3.10/site-packages/rasterio/proj_data'.
2023-12-12 08:17:33,060 - rasterio._env - DEBUG - Started GDALEnv: self=<rasterio._env.GDALEnv object at 0x7fe604088c10>.
2023-12-12 08:17:33,060 - rasterio.env - DEBUG - Entered env context: <rasterio.env.Env object at 0x7fe60418a260>
2023-12-12 08:17:33,060 - rasterio._base - DEBUG - Sharing flag: 0
2023-12-12 08:17:33,061 - rasterio._base - DEBUG - Nodata success: 0, Nodata value: 0.000000
2023-12-12 08:17:33,061 - rasterio._base - DEBUG - Dataset <open DatasetReader name='/home/metpublic/TASK_RELEASE/EFAN/present_weather/src/H09_B13_Indonesia_20231212.Z0800.cor.tiff' mode='r'> is started.
2023-12-12 08:17:33,062 - rasterio.env - DEBUG - Exiting env context: <rasterio.env.Env object at 0x7fe60418a260>
2023-12-12 08:17:33,062 - rasterio.env - DEBUG - Cleared existing <rasterio._env.GDALEnv object at 0x7fe604088c10> options
2023-12-12 08:17:33,062 - rasterio._env - DEBUG - Stopped GDALEnv <rasterio._env.GDALEnv object at 0x7fe604088c10>.
2023-12-12 08:17:33,062 - rasterio.env - DEBUG - Exiting outermost env
2023-12-12 08:17:33,062 - rasterio.env - DEBUG - Exited env context: <rasterio.env.Env object at 0x7fe60418a260>
2023-12-12 08:17:33,062 - rasterio.env - DEBUG - Entering env context: <rasterio.env.Env object at 0x7fe604088be0>
2023-12-12 08:17:33,062 - rasterio.env - DEBUG - Starting outermost env
2023-12-12 08:17:33,062 - rasterio.env - DEBUG - No GDAL environment exists
2023-12-12 08:17:33,062 - rasterio.env - DEBUG - New GDAL environment <rasterio._env.GDALEnv object at 0x7fe60408a680> created
2023-12-12 08:17:33,063 - rasterio._env - DEBUG - GDAL data found in package: path='/home/metpublic/PYTHON_VENV/present_weather/lib/python3.10/site-packages/rasterio/gdal_data'.
2023-12-12 08:17:33,063 - rasterio._env - DEBUG - PROJ data found in package: path='/home/metpublic/PYTHON_VENV/present_weather/lib/python3.10/site-packages/rasterio/proj_data'.
2023-12-12 08:17:33,063 - rasterio._env - DEBUG - Started GDALEnv: self=<rasterio._env.GDALEnv object at 0x7fe60408a680>.
2023-12-12 08:17:33,063 - rasterio.env - DEBUG - Entered env context: <rasterio.env.Env object at 0x7fe604088be0>
2023-12-12 08:17:33,063 - rasterio._base - DEBUG - Sharing flag: 0
2023-12-12 08:17:33,064 - rasterio._base - DEBUG - Nodata success: 0, Nodata value: 0.000000
2023-12-12 08:17:33,064 - rasterio._base - DEBUG - Dataset <open DatasetReader name='/home/metpublic/TASK_RELEASE/EFAN/present_weather/src/H09_B13_Indonesia_20231212.Z0800.cor.tiff' mode='r'> is started.
2023-12-12 08:17:33,064 - rasterio.env - DEBUG - Exiting env context: <rasterio.env.Env object at 0x7fe604088be0>
2023-12-12 08:17:33,064 - rasterio.env - DEBUG - Cleared existing <rasterio._env.GDALEnv object at 0x7fe60408a680> options
2023-12-12 08:17:33,065 - rasterio._env - DEBUG - Stopped GDALEnv <rasterio._env.GDALEnv object at 0x7fe60408a680>.
2023-12-12 08:17:33,065 - rasterio.env - DEBUG - Exiting outermost env
2023-12-12 08:17:33,065 - rasterio.env - DEBUG - Exited env context: <rasterio.env.Env object at 0x7fe604088be0>
2023-12-12 08:17:33,075 - root - INFO - Generating present weather using SATELITE data
2023-12-12 08:19:56,066 - root - INFO - Total elapsed time: 0:06:52.923043
