2023-11-23 10:43:03,692 - root - INFO - Initiating present weather
2023-11-23 10:43:03,695 - asyncio - DEBUG - Using selector: EpollSelector
2023-11-23 10:43:06,980 - urllib3.connectionpool - DEBUG - Starting new HTTPS connection (1): radar.bmkg.go.id:8060
2023-11-23 10:43:07,046 - urllib3.connectionpool - DEBUG - https://radar.bmkg.go.id:8060 "GET /getRadarGeotif?token=19387e71e78522ae4172ec0fda640983b8438c9cfa0ca571623cb69d8327&radar=amandemenForecast&type=latest HTTP/1.1" 200 90
2023-11-23 10:43:07,048 - rasterio.env - DEBUG - Entering env context: <rasterio.env.Env object at 0x7f0a242b4920>
2023-11-23 10:43:07,049 - rasterio.env - DEBUG - Starting outermost env
2023-11-23 10:43:07,049 - rasterio.env - DEBUG - No GDAL environment exists
2023-11-23 10:43:07,050 - rasterio.env - DEBUG - New GDAL environment <rasterio._env.GDALEnv object at 0x7f0a243902e0> created
2023-11-23 10:43:07,054 - rasterio._filepath - DEBUG - Installing FilePath filesystem handler plugin...
2023-11-23 10:43:07,055 - rasterio._env - DEBUG - GDAL data found in package: path='/home/swx/miniconda3/envs/present_weather/lib/python3.12/site-packages/rasterio/gdal_data'.
2023-11-23 10:43:07,055 - rasterio._env - DEBUG - PROJ_LIB found in environment.
2023-11-23 10:43:07,055 - rasterio._env - DEBUG - Started GDALEnv: self=<rasterio._env.GDALEnv object at 0x7f0a243902e0>.
2023-11-23 10:43:07,055 - rasterio.env - DEBUG - Entered env context: <rasterio.env.Env object at 0x7f0a242b4920>
2023-11-23 10:43:07,055 - rasterio._base - DEBUG - Sharing flag: 0
2023-11-23 10:43:07,267 - rasterio._base - DEBUG - Nodata success: 1, Nodata value: nan
2023-11-23 10:43:07,267 - rasterio._base - DEBUG - Dataset <open DatasetReader name='https://radar.bmkg.go.id/raster/radarsatelit_202311231040.tif' mode='r'> is started.
2023-11-23 10:43:07,268 - rasterio.env - DEBUG - Exiting env context: <rasterio.env.Env object at 0x7f0a242b4920>
2023-11-23 10:43:07,268 - rasterio.env - DEBUG - Cleared existing <rasterio._env.GDALEnv object at 0x7f0a243902e0> options
2023-11-23 10:43:07,268 - rasterio._env - DEBUG - Stopped GDALEnv <rasterio._env.GDALEnv object at 0x7f0a243902e0>.
2023-11-23 10:43:07,268 - rasterio.env - DEBUG - Exiting outermost env
2023-11-23 10:43:07,269 - rasterio.env - DEBUG - Exited env context: <rasterio.env.Env object at 0x7f0a242b4920>
2023-11-23 10:43:07,269 - rasterio.env - DEBUG - Entering env context: <rasterio.env.Env object at 0x7f0a24430740>
2023-11-23 10:43:07,269 - rasterio.env - DEBUG - Starting outermost env
2023-11-23 10:43:07,270 - rasterio.env - DEBUG - No GDAL environment exists
2023-11-23 10:43:07,270 - rasterio.env - DEBUG - New GDAL environment <rasterio._env.GDALEnv object at 0x7f0a242d8460> created
2023-11-23 10:43:07,270 - rasterio._env - DEBUG - GDAL data found in package: path='/home/swx/miniconda3/envs/present_weather/lib/python3.12/site-packages/rasterio/gdal_data'.
2023-11-23 10:43:07,270 - rasterio._env - DEBUG - PROJ_LIB found in environment.
2023-11-23 10:43:07,271 - rasterio._env - DEBUG - Started GDALEnv: self=<rasterio._env.GDALEnv object at 0x7f0a242d8460>.
2023-11-23 10:43:07,271 - rasterio.env - DEBUG - Entered env context: <rasterio.env.Env object at 0x7f0a24430740>
2023-11-23 10:43:07,272 - rasterio.env - DEBUG - Got a copy of environment <rasterio._env.GDALEnv object at 0x7f0a242d8460> options
2023-11-23 10:43:07,272 - rasterio.env - DEBUG - Entering env context: <rasterio.env.Env object at 0x7f0a241e7560>
2023-11-23 10:43:07,272 - rasterio.env - DEBUG - Got a copy of environment <rasterio._env.GDALEnv object at 0x7f0a242d8460> options
2023-11-23 10:43:07,272 - rasterio.env - DEBUG - Entered env context: <rasterio.env.Env object at 0x7f0a241e7560>
2023-11-23 10:43:07,272 - rasterio._base - DEBUG - Sharing flag: 0
2023-11-23 10:43:07,273 - rasterio._base - DEBUG - Nodata success: 1, Nodata value: nan
2023-11-23 10:43:07,273 - rasterio._base - DEBUG - Dataset <open DatasetReader name='https://radar.bmkg.go.id/raster/radarsatelit_202311231040.tif' mode='r'> is started.
2023-11-23 10:43:07,274 - rasterio.env - DEBUG - Exiting env context: <rasterio.env.Env object at 0x7f0a241e7560>
2023-11-23 10:43:07,274 - rasterio.env - DEBUG - Cleared existing <rasterio._env.GDALEnv object at 0x7f0a242d8460> options
2023-11-23 10:43:07,274 - rasterio._env - DEBUG - Stopped GDALEnv <rasterio._env.GDALEnv object at 0x7f0a242d8460>.
2023-11-23 10:43:07,274 - rasterio.env - DEBUG - No GDAL environment exists
2023-11-23 10:43:07,274 - rasterio.env - DEBUG - New GDAL environment <rasterio._env.GDALEnv object at 0x7f0a242d8460> created
2023-11-23 10:43:07,275 - rasterio._env - DEBUG - GDAL data found in package: path='/home/swx/miniconda3/envs/present_weather/lib/python3.12/site-packages/rasterio/gdal_data'.
2023-11-23 10:43:07,275 - rasterio._env - DEBUG - PROJ_LIB found in environment.
2023-11-23 10:43:07,275 - rasterio._env - DEBUG - Started GDALEnv: self=<rasterio._env.GDALEnv object at 0x7f0a242d8460>.
2023-11-23 10:43:07,275 - rasterio.env - DEBUG - Exited env context: <rasterio.env.Env object at 0x7f0a241e7560>
2023-11-23 10:43:07,305 - rasterio._io - DEBUG - Output nodata value read from file: nan
2023-11-23 10:43:07,305 - rasterio._io - DEBUG - Output nodata values: [nan]
2023-11-23 10:43:07,305 - rasterio._io - DEBUG - all_valid: False
2023-11-23 10:43:07,305 - rasterio._io - DEBUG - mask_flags: ([<MaskFlags.nodata: 8>],)
2023-11-23 10:43:07,306 - rasterio._io - DEBUG - Jump straight to _read()
2023-11-23 10:43:07,306 - rasterio._io - DEBUG - Window: Window(col_off=0, row_off=0, width=10215, height=3792)
2023-11-23 10:43:07,306 - rasterio._io - DEBUG - IO window xoff=0.0 yoff=0.0 width=10215.0 height=3792.0
2023-11-23 10:43:08,201 - rasterio.env - DEBUG - Exiting env context: <rasterio.env.Env object at 0x7f0a24430740>
2023-11-23 10:43:08,201 - rasterio.env - DEBUG - Cleared existing <rasterio._env.GDALEnv object at 0x7f0a242d8460> options
2023-11-23 10:43:08,202 - rasterio._env - DEBUG - Stopped GDALEnv <rasterio._env.GDALEnv object at 0x7f0a242d8460>.
2023-11-23 10:43:08,202 - rasterio.env - DEBUG - Exiting outermost env
2023-11-23 10:43:08,202 - rasterio.env - DEBUG - Exited env context: <rasterio.env.Env object at 0x7f0a24430740>
2023-11-23 10:43:08,204 - urllib3.connectionpool - DEBUG - Starting new HTTPS connection (1): radar.bmkg.go.id:8060
2023-11-23 10:43:08,293 - urllib3.connectionpool - DEBUG - https://radar.bmkg.go.id:8060 "GET /getLatestLD?typeData=1 HTTP/1.1" 200 119198
2023-11-23 10:43:11,714 - root - INFO - dask.bag<lambda, npartitions=20>
2023-11-23 10:46:41,984 - root - INFO - Total elapsed time: 0:03:38.293272
