2023-12-15 13:53:02,856 - root - INFO - Initiating present weather
2023-12-15 13:53:02,858 - asyncio - DEBUG - Using selector: EpollSelector
2023-12-15 13:53:04,466 - urllib3.connectionpool - DEBUG - Starting new HTTPS connection (1): radar.bmkg.go.id:8060
2023-12-15 13:53:04,477 - urllib3.connectionpool - DEBUG - https://radar.bmkg.go.id:8060 "GET /getLatestLD?typeData=1 HTTP/1.1" 200 62
2023-12-15 13:53:04,479 - urllib3.connectionpool - DEBUG - Starting new HTTPS connection (1): radar.bmkg.go.id:8060
2023-12-15 13:53:04,501 - urllib3.connectionpool - DEBUG - https://radar.bmkg.go.id:8060 "GET /getRadarGeotif?token=19387e71e78522ae4172ec0fda640983b8438c9cfa0ca571623cb69d8327&radar=amandemenForecast&type=latest HTTP/1.1" 200 90
2023-12-15 13:53:04,502 - rasterio.env - DEBUG - Entering env context: <rasterio.env.Env object at 0x7efca7de1180>
2023-12-15 13:53:04,502 - rasterio.env - DEBUG - Starting outermost env
2023-12-15 13:53:04,502 - rasterio.env - DEBUG - No GDAL environment exists
2023-12-15 13:53:04,502 - rasterio.env - DEBUG - New GDAL environment <rasterio._env.GDALEnv object at 0x7efca7de1090> created
2023-12-15 13:53:04,505 - rasterio._filepath - DEBUG - Installing FilePath filesystem handler plugin...
2023-12-15 13:53:04,505 - rasterio._env - DEBUG - GDAL data found in package: path='/home/metpublic/PYTHON_VENV/present_weather/lib/python3.10/site-packages/rasterio/gdal_data'.
2023-12-15 13:53:04,505 - rasterio._env - DEBUG - PROJ data found in package: path='/home/metpublic/PYTHON_VENV/present_weather/lib/python3.10/site-packages/rasterio/proj_data'.
2023-12-15 13:53:04,506 - rasterio._env - DEBUG - Started GDALEnv: self=<rasterio._env.GDALEnv object at 0x7efca7de1090>.
2023-12-15 13:53:04,506 - rasterio.env - DEBUG - Entered env context: <rasterio.env.Env object at 0x7efca7de1180>
2023-12-15 13:53:04,506 - rasterio._base - DEBUG - Sharing flag: 0
2023-12-15 13:53:04,805 - rasterio._base - DEBUG - Nodata success: 1, Nodata value: nan
2023-12-15 13:53:04,806 - rasterio._base - DEBUG - Dataset <open DatasetReader name='https://radar.bmkg.go.id/raster/radarsatelit_202312151350.tif' mode='r'> is started.
2023-12-15 13:53:04,806 - rasterio.env - DEBUG - Exiting env context: <rasterio.env.Env object at 0x7efca7de1180>
2023-12-15 13:53:04,806 - rasterio.env - DEBUG - Cleared existing <rasterio._env.GDALEnv object at 0x7efca7de1090> options
2023-12-15 13:53:04,806 - rasterio._env - DEBUG - Stopped GDALEnv <rasterio._env.GDALEnv object at 0x7efca7de1090>.
2023-12-15 13:53:04,806 - rasterio.env - DEBUG - Exiting outermost env
2023-12-15 13:53:04,806 - rasterio.env - DEBUG - Exited env context: <rasterio.env.Env object at 0x7efca7de1180>
2023-12-15 13:53:04,806 - rasterio.env - DEBUG - Entering env context: <rasterio.env.Env object at 0x7efca7e0c4f0>
2023-12-15 13:53:04,806 - rasterio.env - DEBUG - Starting outermost env
2023-12-15 13:53:04,807 - rasterio.env - DEBUG - No GDAL environment exists
2023-12-15 13:53:04,807 - rasterio.env - DEBUG - New GDAL environment <rasterio._env.GDALEnv object at 0x7efca7de1090> created
2023-12-15 13:53:04,807 - rasterio._env - DEBUG - GDAL data found in package: path='/home/metpublic/PYTHON_VENV/present_weather/lib/python3.10/site-packages/rasterio/gdal_data'.
2023-12-15 13:53:04,807 - rasterio._env - DEBUG - PROJ data found in package: path='/home/metpublic/PYTHON_VENV/present_weather/lib/python3.10/site-packages/rasterio/proj_data'.
2023-12-15 13:53:04,807 - rasterio._env - DEBUG - Started GDALEnv: self=<rasterio._env.GDALEnv object at 0x7efca7de1090>.
2023-12-15 13:53:04,807 - rasterio.env - DEBUG - Entered env context: <rasterio.env.Env object at 0x7efca7e0c4f0>
2023-12-15 13:53:04,808 - rasterio.env - DEBUG - Got a copy of environment <rasterio._env.GDALEnv object at 0x7efca7de1090> options
2023-12-15 13:53:04,808 - rasterio.env - DEBUG - Entering env context: <rasterio.env.Env object at 0x7efca4498e80>
2023-12-15 13:53:04,808 - rasterio.env - DEBUG - Got a copy of environment <rasterio._env.GDALEnv object at 0x7efca7de1090> options
2023-12-15 13:53:04,808 - rasterio.env - DEBUG - Entered env context: <rasterio.env.Env object at 0x7efca4498e80>
2023-12-15 13:53:04,808 - rasterio._base - DEBUG - Sharing flag: 0
2023-12-15 13:53:04,809 - rasterio._base - DEBUG - Nodata success: 1, Nodata value: nan
2023-12-15 13:53:04,809 - rasterio._base - DEBUG - Dataset <open DatasetReader name='https://radar.bmkg.go.id/raster/radarsatelit_202312151350.tif' mode='r'> is started.
2023-12-15 13:53:04,809 - rasterio.env - DEBUG - Exiting env context: <rasterio.env.Env object at 0x7efca4498e80>
2023-12-15 13:53:04,809 - rasterio.env - DEBUG - Cleared existing <rasterio._env.GDALEnv object at 0x7efca7de1090> options
2023-12-15 13:53:04,809 - rasterio._env - DEBUG - Stopped GDALEnv <rasterio._env.GDALEnv object at 0x7efca7de1090>.
2023-12-15 13:53:04,809 - rasterio.env - DEBUG - No GDAL environment exists
2023-12-15 13:53:04,809 - rasterio.env - DEBUG - New GDAL environment <rasterio._env.GDALEnv object at 0x7efca7de1090> created
2023-12-15 13:53:04,810 - rasterio._env - DEBUG - GDAL data found in package: path='/home/metpublic/PYTHON_VENV/present_weather/lib/python3.10/site-packages/rasterio/gdal_data'.
2023-12-15 13:53:04,810 - rasterio._env - DEBUG - PROJ data found in package: path='/home/metpublic/PYTHON_VENV/present_weather/lib/python3.10/site-packages/rasterio/proj_data'.
2023-12-15 13:53:04,810 - rasterio._env - DEBUG - Started GDALEnv: self=<rasterio._env.GDALEnv object at 0x7efca7de1090>.
2023-12-15 13:53:04,810 - rasterio.env - DEBUG - Exited env context: <rasterio.env.Env object at 0x7efca4498e80>
2023-12-15 13:53:04,826 - rasterio._io - DEBUG - Output nodata value read from file: nan
2023-12-15 13:53:04,826 - rasterio._io - DEBUG - Output nodata values: [nan]
2023-12-15 13:53:04,826 - rasterio._io - DEBUG - all_valid: False
2023-12-15 13:53:04,826 - rasterio._io - DEBUG - mask_flags: ([<MaskFlags.nodata: 8>],)
2023-12-15 13:53:04,827 - rasterio._io - DEBUG - Jump straight to _read()
2023-12-15 13:53:04,827 - rasterio._io - DEBUG - Window: Window(col_off=0, row_off=0, width=10177, height=3692)
2023-12-15 13:53:04,827 - rasterio._io - DEBUG - IO window xoff=0.0 yoff=0.0 width=10177.0 height=3692.0
2023-12-15 13:53:05,375 - rasterio.env - DEBUG - Exiting env context: <rasterio.env.Env object at 0x7efca7e0c4f0>
2023-12-15 13:53:05,375 - rasterio.env - DEBUG - Cleared existing <rasterio._env.GDALEnv object at 0x7efca7de1090> options
2023-12-15 13:53:05,376 - rasterio._env - DEBUG - Stopped GDALEnv <rasterio._env.GDALEnv object at 0x7efca7de1090>.
2023-12-15 13:53:05,376 - rasterio.env - DEBUG - Exiting outermost env
2023-12-15 13:53:05,376 - rasterio.env - DEBUG - Exited env context: <rasterio.env.Env object at 0x7efca7e0c4f0>
2023-12-15 13:57:50,268 - rasterio.env - DEBUG - Entering env context: <rasterio.env.Env object at 0x7efca40bd5a0>
2023-12-15 13:57:50,269 - rasterio.env - DEBUG - Starting outermost env
2023-12-15 13:57:50,269 - rasterio.env - DEBUG - No GDAL environment exists
2023-12-15 13:57:50,269 - rasterio.env - DEBUG - New GDAL environment <rasterio._env.GDALEnv object at 0x7efca40bd660> created
2023-12-15 13:57:50,270 - rasterio._env - DEBUG - GDAL data found in package: path='/home/metpublic/PYTHON_VENV/present_weather/lib/python3.10/site-packages/rasterio/gdal_data'.
2023-12-15 13:57:50,271 - rasterio._env - DEBUG - PROJ data found in package: path='/home/metpublic/PYTHON_VENV/present_weather/lib/python3.10/site-packages/rasterio/proj_data'.
2023-12-15 13:57:50,271 - rasterio._env - DEBUG - Started GDALEnv: self=<rasterio._env.GDALEnv object at 0x7efca40bd660>.
2023-12-15 13:57:50,271 - rasterio.env - DEBUG - Entered env context: <rasterio.env.Env object at 0x7efca40bd5a0>
2023-12-15 13:57:50,271 - rasterio._base - DEBUG - Sharing flag: 0
2023-12-15 13:57:50,272 - rasterio._base - DEBUG - Nodata success: 0, Nodata value: 0.000000
2023-12-15 13:57:50,272 - rasterio._base - DEBUG - Dataset <open DatasetReader name='/home/metpublic/TASK_RELEASE/EFAN/present_weather/src/H09_B13_Indonesia_20231215.Z1340.cor.tiff' mode='r'> is started.
2023-12-15 13:57:50,272 - rasterio.env - DEBUG - Exiting env context: <rasterio.env.Env object at 0x7efca40bd5a0>
2023-12-15 13:57:50,272 - rasterio.env - DEBUG - Cleared existing <rasterio._env.GDALEnv object at 0x7efca40bd660> options
2023-12-15 13:57:50,273 - rasterio._env - DEBUG - Stopped GDALEnv <rasterio._env.GDALEnv object at 0x7efca40bd660>.
2023-12-15 13:57:50,273 - rasterio.env - DEBUG - Exiting outermost env
2023-12-15 13:57:50,273 - rasterio.env - DEBUG - Exited env context: <rasterio.env.Env object at 0x7efca40bd5a0>
2023-12-15 13:57:50,273 - rasterio.env - DEBUG - Entering env context: <rasterio.env.Env object at 0x7efca40bc520>
2023-12-15 13:57:50,273 - rasterio.env - DEBUG - Starting outermost env
2023-12-15 13:57:50,273 - rasterio.env - DEBUG - No GDAL environment exists
2023-12-15 13:57:50,273 - rasterio.env - DEBUG - New GDAL environment <rasterio._env.GDALEnv object at 0x7efca40bd540> created
2023-12-15 13:57:50,274 - rasterio._env - DEBUG - GDAL data found in package: path='/home/metpublic/PYTHON_VENV/present_weather/lib/python3.10/site-packages/rasterio/gdal_data'.
2023-12-15 13:57:50,274 - rasterio._env - DEBUG - PROJ data found in package: path='/home/metpublic/PYTHON_VENV/present_weather/lib/python3.10/site-packages/rasterio/proj_data'.
2023-12-15 13:57:50,274 - rasterio._env - DEBUG - Started GDALEnv: self=<rasterio._env.GDALEnv object at 0x7efca40bd540>.
2023-12-15 13:57:50,274 - rasterio.env - DEBUG - Entered env context: <rasterio.env.Env object at 0x7efca40bc520>
2023-12-15 13:57:50,274 - rasterio._base - DEBUG - Sharing flag: 0
2023-12-15 13:57:50,275 - rasterio._base - DEBUG - Nodata success: 0, Nodata value: 0.000000
2023-12-15 13:57:50,275 - rasterio._base - DEBUG - Dataset <open DatasetReader name='/home/metpublic/TASK_RELEASE/EFAN/present_weather/src/H09_B13_Indonesia_20231215.Z1340.cor.tiff' mode='r'> is started.
2023-12-15 13:57:50,275 - rasterio.env - DEBUG - Exiting env context: <rasterio.env.Env object at 0x7efca40bc520>
2023-12-15 13:57:50,276 - rasterio.env - DEBUG - Cleared existing <rasterio._env.GDALEnv object at 0x7efca40bd540> options
2023-12-15 13:57:50,276 - rasterio._env - DEBUG - Stopped GDALEnv <rasterio._env.GDALEnv object at 0x7efca40bd540>.
2023-12-15 13:57:50,276 - rasterio.env - DEBUG - Exiting outermost env
2023-12-15 13:57:50,276 - rasterio.env - DEBUG - Exited env context: <rasterio.env.Env object at 0x7efca40bc520>
2023-12-15 13:57:50,286 - root - INFO - Generating present weather using SATELITE data
2023-12-15 13:58:59,778 - root - INFO - Total elapsed time: 0:05:56.922022
