2023-11-25 19:23:03,347 - root - INFO - Initiating present weather
2023-11-25 19:23:03,351 - asyncio - DEBUG - Using selector: EpollSelector
2023-11-25 19:23:06,591 - urllib3.connectionpool - DEBUG - Starting new HTTPS connection (1): radar.bmkg.go.id:8060
2023-11-25 19:23:06,654 - urllib3.connectionpool - DEBUG - https://radar.bmkg.go.id:8060 "GET /getRadarGeotif?token=19387e71e78522ae4172ec0fda640983b8438c9cfa0ca571623cb69d8327&radar=amandemenForecast&type=latest HTTP/1.1" 200 90
2023-11-25 19:23:06,657 - rasterio.env - DEBUG - Entering env context: <rasterio.env.Env object at 0x7fd1d932db80>
2023-11-25 19:23:06,658 - rasterio.env - DEBUG - Starting outermost env
2023-11-25 19:23:06,658 - rasterio.env - DEBUG - No GDAL environment exists
2023-11-25 19:23:06,658 - rasterio.env - DEBUG - New GDAL environment <rasterio._env.GDALEnv object at 0x7fd1d932cb20> created
2023-11-25 19:23:06,663 - rasterio._filepath - DEBUG - Installing FilePath filesystem handler plugin...
2023-11-25 19:23:06,663 - rasterio._env - DEBUG - GDAL data found in package: path='/home/swx/miniconda3/envs/present_weather/lib/python3.12/site-packages/rasterio/gdal_data'.
2023-11-25 19:23:06,663 - rasterio._env - DEBUG - PROJ_LIB found in environment.
2023-11-25 19:23:06,663 - rasterio._env - DEBUG - Started GDALEnv: self=<rasterio._env.GDALEnv object at 0x7fd1d932cb20>.
2023-11-25 19:23:06,663 - rasterio.env - DEBUG - Entered env context: <rasterio.env.Env object at 0x7fd1d932db80>
2023-11-25 19:23:06,664 - rasterio._base - DEBUG - Sharing flag: 0
2023-11-25 19:23:06,868 - rasterio._base - DEBUG - Nodata success: 1, Nodata value: nan
2023-11-25 19:23:06,868 - rasterio._base - DEBUG - Dataset <open DatasetReader name='https://radar.bmkg.go.id/raster/radarsatelit_202311251920.tif' mode='r'> is started.
2023-11-25 19:23:06,869 - rasterio.env - DEBUG - Exiting env context: <rasterio.env.Env object at 0x7fd1d932db80>
2023-11-25 19:23:06,869 - rasterio.env - DEBUG - Cleared existing <rasterio._env.GDALEnv object at 0x7fd1d932cb20> options
2023-11-25 19:23:06,869 - rasterio._env - DEBUG - Stopped GDALEnv <rasterio._env.GDALEnv object at 0x7fd1d932cb20>.
2023-11-25 19:23:06,869 - rasterio.env - DEBUG - Exiting outermost env
2023-11-25 19:23:06,869 - rasterio.env - DEBUG - Exited env context: <rasterio.env.Env object at 0x7fd1d932db80>
2023-11-25 19:23:06,869 - rasterio.env - DEBUG - Entering env context: <rasterio.env.Env object at 0x7fd1d85af4d0>
2023-11-25 19:23:06,869 - rasterio.env - DEBUG - Starting outermost env
2023-11-25 19:23:06,870 - rasterio.env - DEBUG - No GDAL environment exists
2023-11-25 19:23:06,870 - rasterio.env - DEBUG - New GDAL environment <rasterio._env.GDALEnv object at 0x7fd1d932db70> created
2023-11-25 19:23:06,870 - rasterio._env - DEBUG - GDAL data found in package: path='/home/swx/miniconda3/envs/present_weather/lib/python3.12/site-packages/rasterio/gdal_data'.
2023-11-25 19:23:06,871 - rasterio._env - DEBUG - PROJ_LIB found in environment.
2023-11-25 19:23:06,871 - rasterio._env - DEBUG - Started GDALEnv: self=<rasterio._env.GDALEnv object at 0x7fd1d932db70>.
2023-11-25 19:23:06,871 - rasterio.env - DEBUG - Entered env context: <rasterio.env.Env object at 0x7fd1d85af4d0>
2023-11-25 19:23:06,871 - rasterio.env - DEBUG - Got a copy of environment <rasterio._env.GDALEnv object at 0x7fd1d932db70> options
2023-11-25 19:23:06,872 - rasterio.env - DEBUG - Entering env context: <rasterio.env.Env object at 0x7fd1d83f5a60>
2023-11-25 19:23:06,872 - rasterio.env - DEBUG - Got a copy of environment <rasterio._env.GDALEnv object at 0x7fd1d932db70> options
2023-11-25 19:23:06,872 - rasterio.env - DEBUG - Entered env context: <rasterio.env.Env object at 0x7fd1d83f5a60>
2023-11-25 19:23:06,872 - rasterio._base - DEBUG - Sharing flag: 0
2023-11-25 19:23:06,874 - rasterio._base - DEBUG - Nodata success: 1, Nodata value: nan
2023-11-25 19:23:06,874 - rasterio._base - DEBUG - Dataset <open DatasetReader name='https://radar.bmkg.go.id/raster/radarsatelit_202311251920.tif' mode='r'> is started.
2023-11-25 19:23:06,874 - rasterio.env - DEBUG - Exiting env context: <rasterio.env.Env object at 0x7fd1d83f5a60>
2023-11-25 19:23:06,874 - rasterio.env - DEBUG - Cleared existing <rasterio._env.GDALEnv object at 0x7fd1d932db70> options
2023-11-25 19:23:06,874 - rasterio._env - DEBUG - Stopped GDALEnv <rasterio._env.GDALEnv object at 0x7fd1d932db70>.
2023-11-25 19:23:06,874 - rasterio.env - DEBUG - No GDAL environment exists
2023-11-25 19:23:06,875 - rasterio.env - DEBUG - New GDAL environment <rasterio._env.GDALEnv object at 0x7fd1d932db70> created
2023-11-25 19:23:06,875 - rasterio._env - DEBUG - GDAL data found in package: path='/home/swx/miniconda3/envs/present_weather/lib/python3.12/site-packages/rasterio/gdal_data'.
2023-11-25 19:23:06,875 - rasterio._env - DEBUG - PROJ_LIB found in environment.
2023-11-25 19:23:06,875 - rasterio._env - DEBUG - Started GDALEnv: self=<rasterio._env.GDALEnv object at 0x7fd1d932db70>.
2023-11-25 19:23:06,876 - rasterio.env - DEBUG - Exited env context: <rasterio.env.Env object at 0x7fd1d83f5a60>
2023-11-25 19:23:06,905 - rasterio._io - DEBUG - Output nodata value read from file: nan
2023-11-25 19:23:06,905 - rasterio._io - DEBUG - Output nodata values: [nan]
2023-11-25 19:23:06,905 - rasterio._io - DEBUG - all_valid: False
2023-11-25 19:23:06,905 - rasterio._io - DEBUG - mask_flags: ([<MaskFlags.nodata: 8>],)
2023-11-25 19:23:06,906 - rasterio._io - DEBUG - Jump straight to _read()
2023-11-25 19:23:06,906 - rasterio._io - DEBUG - Window: Window(col_off=0, row_off=0, width=10215, height=3792)
2023-11-25 19:23:06,906 - rasterio._io - DEBUG - IO window xoff=0.0 yoff=0.0 width=10215.0 height=3792.0
2023-11-25 19:23:07,634 - rasterio.env - DEBUG - Exiting env context: <rasterio.env.Env object at 0x7fd1d85af4d0>
2023-11-25 19:23:07,634 - rasterio.env - DEBUG - Cleared existing <rasterio._env.GDALEnv object at 0x7fd1d932db70> options
2023-11-25 19:23:07,634 - rasterio._env - DEBUG - Stopped GDALEnv <rasterio._env.GDALEnv object at 0x7fd1d932db70>.
2023-11-25 19:23:07,634 - rasterio.env - DEBUG - Exiting outermost env
2023-11-25 19:23:07,634 - rasterio.env - DEBUG - Exited env context: <rasterio.env.Env object at 0x7fd1d85af4d0>
2023-11-25 19:23:07,637 - urllib3.connectionpool - DEBUG - Starting new HTTPS connection (1): radar.bmkg.go.id:8060
2023-11-25 19:23:07,693 - urllib3.connectionpool - DEBUG - https://radar.bmkg.go.id:8060 "GET /getLatestLD?typeData=1 HTTP/1.1" 200 902
2023-11-25 19:23:07,701 - root - INFO - Generating present weather using RADAR data
2023-11-25 19:23:11,146 - root - INFO - dask.bag<lambda, npartitions=20>
2023-11-25 19:36:00,912 - root - INFO - Total elapsed time: 0:12:57.566234
