2023-11-28 11:38:42,035 - root - INFO - Initiating present weather
2023-11-28 11:38:42,038 - asyncio - DEBUG - Using selector: EpollSelector
2023-11-28 11:38:43,519 - urllib3.connectionpool - DEBUG - Starting new HTTPS connection (1): radar.bmkg.go.id:8060
2023-11-28 11:38:43,533 - urllib3.connectionpool - DEBUG - https://radar.bmkg.go.id:8060 "GET /getLatestLD?typeData=1 HTTP/1.1" 200 62
2023-11-28 11:38:43,535 - urllib3.connectionpool - DEBUG - Starting new HTTPS connection (1): radar.bmkg.go.id:8060
2023-11-28 11:38:43,553 - urllib3.connectionpool - DEBUG - https://radar.bmkg.go.id:8060 "GET /getRadarGeotif?token=19387e71e78522ae4172ec0fda640983b8438c9cfa0ca571623cb69d8327&radar=amandemenForecast&type=latest HTTP/1.1" 200 90
2023-11-28 11:38:43,555 - rasterio.env - DEBUG - Entering env context: <rasterio.env.Env object at 0x7f94cf1a6980>
2023-11-28 11:38:43,555 - rasterio.env - DEBUG - Starting outermost env
2023-11-28 11:38:43,555 - rasterio.env - DEBUG - No GDAL environment exists
2023-11-28 11:38:43,555 - rasterio.env - DEBUG - New GDAL environment <rasterio._env.GDALEnv object at 0x7f94cf1a6830> created
2023-11-28 11:38:43,559 - rasterio._filepath - DEBUG - Installing FilePath filesystem handler plugin...
2023-11-28 11:38:43,559 - rasterio._env - DEBUG - GDAL data found in package: path='/home/metpublic/PYTHON_VENV/present_weather/lib/python3.10/site-packages/rasterio/gdal_data'.
2023-11-28 11:38:43,559 - rasterio._env - DEBUG - PROJ data found in package: path='/home/metpublic/PYTHON_VENV/present_weather/lib/python3.10/site-packages/rasterio/proj_data'.
2023-11-28 11:38:43,559 - rasterio._env - DEBUG - Started GDALEnv: self=<rasterio._env.GDALEnv object at 0x7f94cf1a6830>.
2023-11-28 11:38:43,559 - rasterio.env - DEBUG - Entered env context: <rasterio.env.Env object at 0x7f94cf1a6980>
2023-11-28 11:38:43,559 - rasterio._base - DEBUG - Sharing flag: 0
2023-11-28 11:38:43,741 - rasterio._base - DEBUG - Nodata success: 1, Nodata value: nan
2023-11-28 11:38:43,741 - rasterio._base - DEBUG - Dataset <open DatasetReader name='https://radar.bmkg.go.id/raster/radarsatelit_202311281130.tif' mode='r'> is started.
2023-11-28 11:38:43,742 - rasterio.env - DEBUG - Exiting env context: <rasterio.env.Env object at 0x7f94cf1a6980>
2023-11-28 11:38:43,742 - rasterio.env - DEBUG - Cleared existing <rasterio._env.GDALEnv object at 0x7f94cf1a6830> options
2023-11-28 11:38:43,742 - rasterio._env - DEBUG - Stopped GDALEnv <rasterio._env.GDALEnv object at 0x7f94cf1a6830>.
2023-11-28 11:38:43,742 - rasterio.env - DEBUG - Exiting outermost env
2023-11-28 11:38:43,742 - rasterio.env - DEBUG - Exited env context: <rasterio.env.Env object at 0x7f94cf1a6980>
2023-11-28 11:38:43,742 - rasterio.env - DEBUG - Entering env context: <rasterio.env.Env object at 0x7f94cf1a6b30>
2023-11-28 11:38:43,742 - rasterio.env - DEBUG - Starting outermost env
2023-11-28 11:38:43,742 - rasterio.env - DEBUG - No GDAL environment exists
2023-11-28 11:38:43,742 - rasterio.env - DEBUG - New GDAL environment <rasterio._env.GDALEnv object at 0x7f94cf1a6830> created
2023-11-28 11:38:43,743 - rasterio._env - DEBUG - GDAL data found in package: path='/home/metpublic/PYTHON_VENV/present_weather/lib/python3.10/site-packages/rasterio/gdal_data'.
2023-11-28 11:38:43,743 - rasterio._env - DEBUG - PROJ data found in package: path='/home/metpublic/PYTHON_VENV/present_weather/lib/python3.10/site-packages/rasterio/proj_data'.
2023-11-28 11:38:43,743 - rasterio._env - DEBUG - Started GDALEnv: self=<rasterio._env.GDALEnv object at 0x7f94cf1a6830>.
2023-11-28 11:38:43,743 - rasterio.env - DEBUG - Entered env context: <rasterio.env.Env object at 0x7f94cf1a6b30>
2023-11-28 11:38:43,743 - rasterio.env - DEBUG - Got a copy of environment <rasterio._env.GDALEnv object at 0x7f94cf1a6830> options
2023-11-28 11:38:43,743 - rasterio.env - DEBUG - Entering env context: <rasterio.env.Env object at 0x7f94ce877bb0>
2023-11-28 11:38:43,743 - rasterio.env - DEBUG - Got a copy of environment <rasterio._env.GDALEnv object at 0x7f94cf1a6830> options
2023-11-28 11:38:43,743 - rasterio.env - DEBUG - Entered env context: <rasterio.env.Env object at 0x7f94ce877bb0>
2023-11-28 11:38:43,744 - rasterio._base - DEBUG - Sharing flag: 0
2023-11-28 11:38:43,746 - rasterio._base - DEBUG - Nodata success: 1, Nodata value: nan
2023-11-28 11:38:43,746 - rasterio._base - DEBUG - Dataset <open DatasetReader name='https://radar.bmkg.go.id/raster/radarsatelit_202311281130.tif' mode='r'> is started.
2023-11-28 11:38:43,746 - rasterio.env - DEBUG - Exiting env context: <rasterio.env.Env object at 0x7f94ce877bb0>
2023-11-28 11:38:43,746 - rasterio.env - DEBUG - Cleared existing <rasterio._env.GDALEnv object at 0x7f94cf1a6830> options
2023-11-28 11:38:43,746 - rasterio._env - DEBUG - Stopped GDALEnv <rasterio._env.GDALEnv object at 0x7f94cf1a6830>.
2023-11-28 11:38:43,746 - rasterio.env - DEBUG - No GDAL environment exists
2023-11-28 11:38:43,746 - rasterio.env - DEBUG - New GDAL environment <rasterio._env.GDALEnv object at 0x7f94cf1a6830> created
2023-11-28 11:38:43,746 - rasterio._env - DEBUG - GDAL data found in package: path='/home/metpublic/PYTHON_VENV/present_weather/lib/python3.10/site-packages/rasterio/gdal_data'.
2023-11-28 11:38:43,747 - rasterio._env - DEBUG - PROJ data found in package: path='/home/metpublic/PYTHON_VENV/present_weather/lib/python3.10/site-packages/rasterio/proj_data'.
2023-11-28 11:38:43,747 - rasterio._env - DEBUG - Started GDALEnv: self=<rasterio._env.GDALEnv object at 0x7f94cf1a6830>.
2023-11-28 11:38:43,747 - rasterio.env - DEBUG - Exited env context: <rasterio.env.Env object at 0x7f94ce877bb0>
2023-11-28 11:38:43,766 - rasterio._io - DEBUG - Output nodata value read from file: nan
2023-11-28 11:38:43,766 - rasterio._io - DEBUG - Output nodata values: [nan]
2023-11-28 11:38:43,766 - rasterio._io - DEBUG - all_valid: False
2023-11-28 11:38:43,767 - rasterio._io - DEBUG - mask_flags: ([<MaskFlags.nodata: 8>],)
2023-11-28 11:38:43,767 - rasterio._io - DEBUG - Jump straight to _read()
2023-11-28 11:38:43,767 - rasterio._io - DEBUG - Window: Window(col_off=0, row_off=0, width=10178, height=3732)
2023-11-28 11:38:43,767 - rasterio._io - DEBUG - IO window xoff=0.0 yoff=0.0 width=10178.0 height=3732.0
2023-11-28 11:38:44,350 - rasterio.env - DEBUG - Exiting env context: <rasterio.env.Env object at 0x7f94cf1a6b30>
2023-11-28 11:38:44,351 - rasterio.env - DEBUG - Cleared existing <rasterio._env.GDALEnv object at 0x7f94cf1a6830> options
2023-11-28 11:38:44,351 - rasterio._env - DEBUG - Stopped GDALEnv <rasterio._env.GDALEnv object at 0x7f94cf1a6830>.
2023-11-28 11:38:44,351 - rasterio.env - DEBUG - Exiting outermost env
2023-11-28 11:38:44,351 - rasterio.env - DEBUG - Exited env context: <rasterio.env.Env object at 0x7f94cf1a6b30>
2023-11-28 11:38:44,352 - root - INFO - Generating present weather using RADAR data
2023-11-28 11:38:48,391 - root - INFO - dask.bag<lambda, npartitions=34>
2023-11-28 11:38:55,595 - root - INFO - Total elapsed time: 0:00:13.560168
