2023-11-22 15:43:03,131 - root - INFO - Initiating present weather
2023-11-22 15:43:03,135 - asyncio - DEBUG - Using selector: EpollSelector
2023-11-22 15:43:06,392 - urllib3.connectionpool - DEBUG - Starting new HTTPS connection (1): radar.bmkg.go.id:8060
2023-11-22 15:43:06,456 - urllib3.connectionpool - DEBUG - https://radar.bmkg.go.id:8060 "GET /getRadarGeotif?token=19387e71e78522ae4172ec0fda640983b8438c9cfa0ca571623cb69d8327&radar=amandemenForecast&type=latest HTTP/1.1" 200 90
2023-11-22 15:43:06,458 - rasterio.env - DEBUG - Entering env context: <rasterio.env.Env object at 0x7f2f9b013d10>
2023-11-22 15:43:06,459 - rasterio.env - DEBUG - Starting outermost env
2023-11-22 15:43:06,459 - rasterio.env - DEBUG - No GDAL environment exists
2023-11-22 15:43:06,459 - rasterio.env - DEBUG - New GDAL environment <rasterio._env.GDALEnv object at 0x7f2f9a33bc40> created
2023-11-22 15:43:06,464 - rasterio._filepath - DEBUG - Installing FilePath filesystem handler plugin...
2023-11-22 15:43:06,464 - rasterio._env - DEBUG - GDAL data found in package: path='/home/swx/miniconda3/envs/present_weather/lib/python3.12/site-packages/rasterio/gdal_data'.
2023-11-22 15:43:06,464 - rasterio._env - DEBUG - PROJ_LIB found in environment.
2023-11-22 15:43:06,464 - rasterio._env - DEBUG - Started GDALEnv: self=<rasterio._env.GDALEnv object at 0x7f2f9a33bc40>.
2023-11-22 15:43:06,464 - rasterio.env - DEBUG - Entered env context: <rasterio.env.Env object at 0x7f2f9b013d10>
2023-11-22 15:43:06,465 - rasterio._base - DEBUG - Sharing flag: 0
2023-11-22 15:43:06,707 - rasterio._base - DEBUG - Nodata success: 1, Nodata value: nan
2023-11-22 15:43:06,707 - rasterio._base - DEBUG - Dataset <open DatasetReader name='https://radar.bmkg.go.id/raster/radarsatelit_202311221540.tif' mode='r'> is started.
2023-11-22 15:43:06,708 - rasterio.env - DEBUG - Exiting env context: <rasterio.env.Env object at 0x7f2f9b013d10>
2023-11-22 15:43:06,708 - rasterio.env - DEBUG - Cleared existing <rasterio._env.GDALEnv object at 0x7f2f9a33bc40> options
2023-11-22 15:43:06,708 - rasterio._env - DEBUG - Stopped GDALEnv <rasterio._env.GDALEnv object at 0x7f2f9a33bc40>.
2023-11-22 15:43:06,708 - rasterio.env - DEBUG - Exiting outermost env
2023-11-22 15:43:06,708 - rasterio.env - DEBUG - Exited env context: <rasterio.env.Env object at 0x7f2f9b013d10>
2023-11-22 15:43:06,708 - rasterio.env - DEBUG - Entering env context: <rasterio.env.Env object at 0x7f2f9b012b70>
2023-11-22 15:43:06,708 - rasterio.env - DEBUG - Starting outermost env
2023-11-22 15:43:06,709 - rasterio.env - DEBUG - No GDAL environment exists
2023-11-22 15:43:06,709 - rasterio.env - DEBUG - New GDAL environment <rasterio._env.GDALEnv object at 0x7f2f9a33bc40> created
2023-11-22 15:43:06,709 - rasterio._env - DEBUG - GDAL data found in package: path='/home/swx/miniconda3/envs/present_weather/lib/python3.12/site-packages/rasterio/gdal_data'.
2023-11-22 15:43:06,710 - rasterio._env - DEBUG - PROJ_LIB found in environment.
2023-11-22 15:43:06,710 - rasterio._env - DEBUG - Started GDALEnv: self=<rasterio._env.GDALEnv object at 0x7f2f9a33bc40>.
2023-11-22 15:43:06,710 - rasterio.env - DEBUG - Entered env context: <rasterio.env.Env object at 0x7f2f9b012b70>
2023-11-22 15:43:06,710 - rasterio.env - DEBUG - Got a copy of environment <rasterio._env.GDALEnv object at 0x7f2f9a33bc40> options
2023-11-22 15:43:06,711 - rasterio.env - DEBUG - Entering env context: <rasterio.env.Env object at 0x7f2f9a2b4530>
2023-11-22 15:43:06,711 - rasterio.env - DEBUG - Got a copy of environment <rasterio._env.GDALEnv object at 0x7f2f9a33bc40> options
2023-11-22 15:43:06,711 - rasterio.env - DEBUG - Entered env context: <rasterio.env.Env object at 0x7f2f9a2b4530>
2023-11-22 15:43:06,711 - rasterio._base - DEBUG - Sharing flag: 0
2023-11-22 15:43:06,713 - rasterio._base - DEBUG - Nodata success: 1, Nodata value: nan
2023-11-22 15:43:06,713 - rasterio._base - DEBUG - Dataset <open DatasetReader name='https://radar.bmkg.go.id/raster/radarsatelit_202311221540.tif' mode='r'> is started.
2023-11-22 15:43:06,713 - rasterio.env - DEBUG - Exiting env context: <rasterio.env.Env object at 0x7f2f9a2b4530>
2023-11-22 15:43:06,714 - rasterio.env - DEBUG - Cleared existing <rasterio._env.GDALEnv object at 0x7f2f9a33bc40> options
2023-11-22 15:43:06,714 - rasterio._env - DEBUG - Stopped GDALEnv <rasterio._env.GDALEnv object at 0x7f2f9a33bc40>.
2023-11-22 15:43:06,714 - rasterio.env - DEBUG - No GDAL environment exists
2023-11-22 15:43:06,714 - rasterio.env - DEBUG - New GDAL environment <rasterio._env.GDALEnv object at 0x7f2f9a33bc40> created
2023-11-22 15:43:06,714 - rasterio._env - DEBUG - GDAL data found in package: path='/home/swx/miniconda3/envs/present_weather/lib/python3.12/site-packages/rasterio/gdal_data'.
2023-11-22 15:43:06,715 - rasterio._env - DEBUG - PROJ_LIB found in environment.
2023-11-22 15:43:06,715 - rasterio._env - DEBUG - Started GDALEnv: self=<rasterio._env.GDALEnv object at 0x7f2f9a33bc40>.
2023-11-22 15:43:06,715 - rasterio.env - DEBUG - Exited env context: <rasterio.env.Env object at 0x7f2f9a2b4530>
2023-11-22 15:43:06,745 - rasterio._io - DEBUG - Output nodata value read from file: nan
2023-11-22 15:43:06,745 - rasterio._io - DEBUG - Output nodata values: [nan]
2023-11-22 15:43:06,746 - rasterio._io - DEBUG - all_valid: False
2023-11-22 15:43:06,746 - rasterio._io - DEBUG - mask_flags: ([<MaskFlags.nodata: 8>],)
2023-11-22 15:43:06,746 - rasterio._io - DEBUG - Jump straight to _read()
2023-11-22 15:43:06,746 - rasterio._io - DEBUG - Window: Window(col_off=0, row_off=0, width=10215, height=3792)
2023-11-22 15:43:06,747 - rasterio._io - DEBUG - IO window xoff=0.0 yoff=0.0 width=10215.0 height=3792.0
2023-11-22 15:43:07,497 - rasterio.env - DEBUG - Exiting env context: <rasterio.env.Env object at 0x7f2f9b012b70>
2023-11-22 15:43:07,497 - rasterio.env - DEBUG - Cleared existing <rasterio._env.GDALEnv object at 0x7f2f9a33bc40> options
2023-11-22 15:43:07,498 - rasterio._env - DEBUG - Stopped GDALEnv <rasterio._env.GDALEnv object at 0x7f2f9a33bc40>.
2023-11-22 15:43:07,498 - rasterio.env - DEBUG - Exiting outermost env
2023-11-22 15:43:07,498 - rasterio.env - DEBUG - Exited env context: <rasterio.env.Env object at 0x7f2f9b012b70>
2023-11-22 15:43:07,500 - urllib3.connectionpool - DEBUG - Starting new HTTPS connection (1): radar.bmkg.go.id:8060
2023-11-22 15:43:07,560 - urllib3.connectionpool - DEBUG - https://radar.bmkg.go.id:8060 "GET /getLatestLD?typeData=1 HTTP/1.1" 200 2493
2023-11-22 15:43:10,924 - root - INFO - dask.bag<lambda, npartitions=34>
2023-11-22 15:59:22,592 - root - INFO - Total elapsed time: 0:16:19.461874
