2023-11-25 16:43:04,074 - root - INFO - Initiating present weather
2023-11-25 16:43:04,077 - asyncio - DEBUG - Using selector: EpollSelector
2023-11-25 16:43:07,489 - urllib3.connectionpool - DEBUG - Starting new HTTPS connection (1): radar.bmkg.go.id:8060
2023-11-25 16:43:07,559 - urllib3.connectionpool - DEBUG - https://radar.bmkg.go.id:8060 "GET /getRadarGeotif?token=19387e71e78522ae4172ec0fda640983b8438c9cfa0ca571623cb69d8327&radar=amandemenForecast&type=latest HTTP/1.1" 200 90
2023-11-25 16:43:07,561 - rasterio.env - DEBUG - Entering env context: <rasterio.env.Env object at 0x7f5c8bb4e240>
2023-11-25 16:43:07,562 - rasterio.env - DEBUG - Starting outermost env
2023-11-25 16:43:07,563 - rasterio.env - DEBUG - No GDAL environment exists
2023-11-25 16:43:07,563 - rasterio.env - DEBUG - New GDAL environment <rasterio._env.GDALEnv object at 0x7f5c8ad8d6c0> created
2023-11-25 16:43:07,567 - rasterio._filepath - DEBUG - Installing FilePath filesystem handler plugin...
2023-11-25 16:43:07,567 - rasterio._env - DEBUG - GDAL data found in package: path='/home/swx/miniconda3/envs/present_weather/lib/python3.12/site-packages/rasterio/gdal_data'.
2023-11-25 16:43:07,568 - rasterio._env - DEBUG - PROJ_LIB found in environment.
2023-11-25 16:43:07,568 - rasterio._env - DEBUG - Started GDALEnv: self=<rasterio._env.GDALEnv object at 0x7f5c8ad8d6c0>.
2023-11-25 16:43:07,568 - rasterio.env - DEBUG - Entered env context: <rasterio.env.Env object at 0x7f5c8bb4e240>
2023-11-25 16:43:07,568 - rasterio._base - DEBUG - Sharing flag: 0
2023-11-25 16:43:07,770 - rasterio._base - DEBUG - Nodata success: 1, Nodata value: nan
2023-11-25 16:43:07,771 - rasterio._base - DEBUG - Dataset <open DatasetReader name='https://radar.bmkg.go.id/raster/radarsatelit_202311251640.tif' mode='r'> is started.
2023-11-25 16:43:07,771 - rasterio.env - DEBUG - Exiting env context: <rasterio.env.Env object at 0x7f5c8bb4e240>
2023-11-25 16:43:07,771 - rasterio.env - DEBUG - Cleared existing <rasterio._env.GDALEnv object at 0x7f5c8ad8d6c0> options
2023-11-25 16:43:07,771 - rasterio._env - DEBUG - Stopped GDALEnv <rasterio._env.GDALEnv object at 0x7f5c8ad8d6c0>.
2023-11-25 16:43:07,772 - rasterio.env - DEBUG - Exiting outermost env
2023-11-25 16:43:07,772 - rasterio.env - DEBUG - Exited env context: <rasterio.env.Env object at 0x7f5c8bb4e240>
2023-11-25 16:43:07,772 - rasterio.env - DEBUG - Entering env context: <rasterio.env.Env object at 0x7f5c8bb4e1b0>
2023-11-25 16:43:07,772 - rasterio.env - DEBUG - Starting outermost env
2023-11-25 16:43:07,772 - rasterio.env - DEBUG - No GDAL environment exists
2023-11-25 16:43:07,772 - rasterio.env - DEBUG - New GDAL environment <rasterio._env.GDALEnv object at 0x7f5c8aef82b0> created
2023-11-25 16:43:07,773 - rasterio._env - DEBUG - GDAL data found in package: path='/home/swx/miniconda3/envs/present_weather/lib/python3.12/site-packages/rasterio/gdal_data'.
2023-11-25 16:43:07,773 - rasterio._env - DEBUG - PROJ_LIB found in environment.
2023-11-25 16:43:07,773 - rasterio._env - DEBUG - Started GDALEnv: self=<rasterio._env.GDALEnv object at 0x7f5c8aef82b0>.
2023-11-25 16:43:07,773 - rasterio.env - DEBUG - Entered env context: <rasterio.env.Env object at 0x7f5c8bb4e1b0>
2023-11-25 16:43:07,774 - rasterio.env - DEBUG - Got a copy of environment <rasterio._env.GDALEnv object at 0x7f5c8aef82b0> options
2023-11-25 16:43:07,774 - rasterio.env - DEBUG - Entering env context: <rasterio.env.Env object at 0x7f5c8916a720>
2023-11-25 16:43:07,774 - rasterio.env - DEBUG - Got a copy of environment <rasterio._env.GDALEnv object at 0x7f5c8aef82b0> options
2023-11-25 16:43:07,774 - rasterio.env - DEBUG - Entered env context: <rasterio.env.Env object at 0x7f5c8916a720>
2023-11-25 16:43:07,775 - rasterio._base - DEBUG - Sharing flag: 0
2023-11-25 16:43:07,776 - rasterio._base - DEBUG - Nodata success: 1, Nodata value: nan
2023-11-25 16:43:07,776 - rasterio._base - DEBUG - Dataset <open DatasetReader name='https://radar.bmkg.go.id/raster/radarsatelit_202311251640.tif' mode='r'> is started.
2023-11-25 16:43:07,776 - rasterio.env - DEBUG - Exiting env context: <rasterio.env.Env object at 0x7f5c8916a720>
2023-11-25 16:43:07,776 - rasterio.env - DEBUG - Cleared existing <rasterio._env.GDALEnv object at 0x7f5c8aef82b0> options
2023-11-25 16:43:07,777 - rasterio._env - DEBUG - Stopped GDALEnv <rasterio._env.GDALEnv object at 0x7f5c8aef82b0>.
2023-11-25 16:43:07,777 - rasterio.env - DEBUG - No GDAL environment exists
2023-11-25 16:43:07,777 - rasterio.env - DEBUG - New GDAL environment <rasterio._env.GDALEnv object at 0x7f5c8aef82b0> created
2023-11-25 16:43:07,778 - rasterio._env - DEBUG - GDAL data found in package: path='/home/swx/miniconda3/envs/present_weather/lib/python3.12/site-packages/rasterio/gdal_data'.
2023-11-25 16:43:07,778 - rasterio._env - DEBUG - PROJ_LIB found in environment.
2023-11-25 16:43:07,778 - rasterio._env - DEBUG - Started GDALEnv: self=<rasterio._env.GDALEnv object at 0x7f5c8aef82b0>.
2023-11-25 16:43:07,778 - rasterio.env - DEBUG - Exited env context: <rasterio.env.Env object at 0x7f5c8916a720>
2023-11-25 16:43:07,807 - rasterio._io - DEBUG - Output nodata value read from file: nan
2023-11-25 16:43:07,807 - rasterio._io - DEBUG - Output nodata values: [nan]
2023-11-25 16:43:07,808 - rasterio._io - DEBUG - all_valid: False
2023-11-25 16:43:07,808 - rasterio._io - DEBUG - mask_flags: ([<MaskFlags.nodata: 8>],)
2023-11-25 16:43:07,808 - rasterio._io - DEBUG - Jump straight to _read()
2023-11-25 16:43:07,808 - rasterio._io - DEBUG - Window: Window(col_off=0, row_off=0, width=10215, height=3792)
2023-11-25 16:43:07,809 - rasterio._io - DEBUG - IO window xoff=0.0 yoff=0.0 width=10215.0 height=3792.0
2023-11-25 16:43:08,551 - rasterio.env - DEBUG - Exiting env context: <rasterio.env.Env object at 0x7f5c8bb4e1b0>
2023-11-25 16:43:08,551 - rasterio.env - DEBUG - Cleared existing <rasterio._env.GDALEnv object at 0x7f5c8aef82b0> options
2023-11-25 16:43:08,551 - rasterio._env - DEBUG - Stopped GDALEnv <rasterio._env.GDALEnv object at 0x7f5c8aef82b0>.
2023-11-25 16:43:08,551 - rasterio.env - DEBUG - Exiting outermost env
2023-11-25 16:43:08,551 - rasterio.env - DEBUG - Exited env context: <rasterio.env.Env object at 0x7f5c8bb4e1b0>
2023-11-25 16:43:08,553 - urllib3.connectionpool - DEBUG - Starting new HTTPS connection (1): radar.bmkg.go.id:8060
2023-11-25 16:43:08,595 - urllib3.connectionpool - DEBUG - https://radar.bmkg.go.id:8060 "GET /getLatestLD?typeData=1 HTTP/1.1" 200 108
2023-11-25 16:43:08,598 - root - INFO - Generating present weather using RADAR data
2023-11-25 16:43:11,890 - root - INFO - dask.bag<lambda, npartitions=20>
2023-11-25 16:43:17,755 - root - INFO - Total elapsed time: 0:00:13.682654
