2023-11-28 03:53:02,415 - root - INFO - Initiating present weather
2023-11-28 03:53:02,417 - asyncio - DEBUG - Using selector: EpollSelector
2023-11-28 03:53:03,884 - urllib3.connectionpool - DEBUG - Starting new HTTPS connection (1): radar.bmkg.go.id:8060
2023-11-28 03:53:03,908 - urllib3.connectionpool - DEBUG - https://radar.bmkg.go.id:8060 "GET /getRadarGeotif?token=19387e71e78522ae4172ec0fda640983b8438c9cfa0ca571623cb69d8327&radar=amandemenForecast&type=latest HTTP/1.1" 200 90
2023-11-28 03:53:03,909 - rasterio.env - DEBUG - Entering env context: <rasterio.env.Env object at 0x7f801c6ef520>
2023-11-28 03:53:03,909 - rasterio.env - DEBUG - Starting outermost env
2023-11-28 03:53:03,909 - rasterio.env - DEBUG - No GDAL environment exists
2023-11-28 03:53:03,909 - rasterio.env - DEBUG - New GDAL environment <rasterio._env.GDALEnv object at 0x7f801c6efd00> created
2023-11-28 03:53:03,912 - rasterio._filepath - DEBUG - Installing FilePath filesystem handler plugin...
2023-11-28 03:53:03,912 - rasterio._env - DEBUG - GDAL data found in package: path='/home/metpublic/PYTHON_VENV/present_weather/lib/python3.10/site-packages/rasterio/gdal_data'.
2023-11-28 03:53:03,912 - rasterio._env - DEBUG - PROJ data found in package: path='/home/metpublic/PYTHON_VENV/present_weather/lib/python3.10/site-packages/rasterio/proj_data'.
2023-11-28 03:53:03,913 - rasterio._env - DEBUG - Started GDALEnv: self=<rasterio._env.GDALEnv object at 0x7f801c6efd00>.
2023-11-28 03:53:03,913 - rasterio.env - DEBUG - Entered env context: <rasterio.env.Env object at 0x7f801c6ef520>
2023-11-28 03:53:03,913 - rasterio._base - DEBUG - Sharing flag: 0
2023-11-28 03:53:04,086 - rasterio._base - DEBUG - Nodata success: 1, Nodata value: nan
2023-11-28 03:53:04,086 - rasterio._base - DEBUG - Dataset <open DatasetReader name='https://radar.bmkg.go.id/raster/radarsatelit_202311280350.tif' mode='r'> is started.
2023-11-28 03:53:04,086 - rasterio.env - DEBUG - Exiting env context: <rasterio.env.Env object at 0x7f801c6ef520>
2023-11-28 03:53:04,087 - rasterio.env - DEBUG - Cleared existing <rasterio._env.GDALEnv object at 0x7f801c6efd00> options
2023-11-28 03:53:04,087 - rasterio._env - DEBUG - Stopped GDALEnv <rasterio._env.GDALEnv object at 0x7f801c6efd00>.
2023-11-28 03:53:04,087 - rasterio.env - DEBUG - Exiting outermost env
2023-11-28 03:53:04,087 - rasterio.env - DEBUG - Exited env context: <rasterio.env.Env object at 0x7f801c6ef520>
2023-11-28 03:53:04,087 - rasterio.env - DEBUG - Entering env context: <rasterio.env.Env object at 0x7f801c6ef9d0>
2023-11-28 03:53:04,087 - rasterio.env - DEBUG - Starting outermost env
2023-11-28 03:53:04,087 - rasterio.env - DEBUG - No GDAL environment exists
2023-11-28 03:53:04,087 - rasterio.env - DEBUG - New GDAL environment <rasterio._env.GDALEnv object at 0x7f801d1b99c0> created
2023-11-28 03:53:04,087 - rasterio._env - DEBUG - GDAL data found in package: path='/home/metpublic/PYTHON_VENV/present_weather/lib/python3.10/site-packages/rasterio/gdal_data'.
2023-11-28 03:53:04,088 - rasterio._env - DEBUG - PROJ data found in package: path='/home/metpublic/PYTHON_VENV/present_weather/lib/python3.10/site-packages/rasterio/proj_data'.
2023-11-28 03:53:04,088 - rasterio._env - DEBUG - Started GDALEnv: self=<rasterio._env.GDALEnv object at 0x7f801d1b99c0>.
2023-11-28 03:53:04,088 - rasterio.env - DEBUG - Entered env context: <rasterio.env.Env object at 0x7f801c6ef9d0>
2023-11-28 03:53:04,088 - rasterio.env - DEBUG - Got a copy of environment <rasterio._env.GDALEnv object at 0x7f801d1b99c0> options
2023-11-28 03:53:04,088 - rasterio.env - DEBUG - Entering env context: <rasterio.env.Env object at 0x7f801c745000>
2023-11-28 03:53:04,088 - rasterio.env - DEBUG - Got a copy of environment <rasterio._env.GDALEnv object at 0x7f801d1b99c0> options
2023-11-28 03:53:04,088 - rasterio.env - DEBUG - Entered env context: <rasterio.env.Env object at 0x7f801c745000>
2023-11-28 03:53:04,088 - rasterio._base - DEBUG - Sharing flag: 0
2023-11-28 03:53:04,089 - rasterio._base - DEBUG - Nodata success: 1, Nodata value: nan
2023-11-28 03:53:04,089 - rasterio._base - DEBUG - Dataset <open DatasetReader name='https://radar.bmkg.go.id/raster/radarsatelit_202311280350.tif' mode='r'> is started.
2023-11-28 03:53:04,089 - rasterio.env - DEBUG - Exiting env context: <rasterio.env.Env object at 0x7f801c745000>
2023-11-28 03:53:04,089 - rasterio.env - DEBUG - Cleared existing <rasterio._env.GDALEnv object at 0x7f801d1b99c0> options
2023-11-28 03:53:04,089 - rasterio._env - DEBUG - Stopped GDALEnv <rasterio._env.GDALEnv object at 0x7f801d1b99c0>.
2023-11-28 03:53:04,089 - rasterio.env - DEBUG - No GDAL environment exists
2023-11-28 03:53:04,090 - rasterio.env - DEBUG - New GDAL environment <rasterio._env.GDALEnv object at 0x7f801d1b99c0> created
2023-11-28 03:53:04,090 - rasterio._env - DEBUG - GDAL data found in package: path='/home/metpublic/PYTHON_VENV/present_weather/lib/python3.10/site-packages/rasterio/gdal_data'.
2023-11-28 03:53:04,090 - rasterio._env - DEBUG - PROJ data found in package: path='/home/metpublic/PYTHON_VENV/present_weather/lib/python3.10/site-packages/rasterio/proj_data'.
2023-11-28 03:53:04,090 - rasterio._env - DEBUG - Started GDALEnv: self=<rasterio._env.GDALEnv object at 0x7f801d1b99c0>.
2023-11-28 03:53:04,090 - rasterio.env - DEBUG - Exited env context: <rasterio.env.Env object at 0x7f801c745000>
2023-11-28 03:53:04,106 - rasterio._io - DEBUG - Output nodata value read from file: nan
2023-11-28 03:53:04,106 - rasterio._io - DEBUG - Output nodata values: [nan]
2023-11-28 03:53:04,106 - rasterio._io - DEBUG - all_valid: False
2023-11-28 03:53:04,106 - rasterio._io - DEBUG - mask_flags: ([<MaskFlags.nodata: 8>],)
2023-11-28 03:53:04,107 - rasterio._io - DEBUG - Jump straight to _read()
2023-11-28 03:53:04,107 - rasterio._io - DEBUG - Window: Window(col_off=0, row_off=0, width=10215, height=3792)
2023-11-28 03:53:04,107 - rasterio._io - DEBUG - IO window xoff=0.0 yoff=0.0 width=10215.0 height=3792.0
2023-11-28 03:53:04,644 - rasterio.env - DEBUG - Exiting env context: <rasterio.env.Env object at 0x7f801c6ef9d0>
2023-11-28 03:53:04,644 - rasterio.env - DEBUG - Cleared existing <rasterio._env.GDALEnv object at 0x7f801d1b99c0> options
2023-11-28 03:53:04,644 - rasterio._env - DEBUG - Stopped GDALEnv <rasterio._env.GDALEnv object at 0x7f801d1b99c0>.
2023-11-28 03:53:04,644 - rasterio.env - DEBUG - Exiting outermost env
2023-11-28 03:53:04,644 - rasterio.env - DEBUG - Exited env context: <rasterio.env.Env object at 0x7f801c6ef9d0>
2023-11-28 03:53:04,646 - urllib3.connectionpool - DEBUG - Starting new HTTPS connection (1): radar.bmkg.go.id:8060
2023-11-28 03:53:04,664 - urllib3.connectionpool - DEBUG - https://radar.bmkg.go.id:8060 "GET /getLatestLD?typeData=1 HTTP/1.1" 200 62
2023-11-28 03:53:06,675 - rasterio.env - DEBUG - Entering env context: <rasterio.env.Env object at 0x7f801d1b99c0>
2023-11-28 03:53:06,675 - rasterio.env - DEBUG - Starting outermost env
2023-11-28 03:53:06,675 - rasterio.env - DEBUG - No GDAL environment exists
2023-11-28 03:53:06,676 - rasterio.env - DEBUG - New GDAL environment <rasterio._env.GDALEnv object at 0x7f801d1b9b70> created
2023-11-28 03:53:06,676 - rasterio._env - DEBUG - GDAL data found in package: path='/home/metpublic/PYTHON_VENV/present_weather/lib/python3.10/site-packages/rasterio/gdal_data'.
2023-11-28 03:53:06,676 - rasterio._env - DEBUG - PROJ data found in package: path='/home/metpublic/PYTHON_VENV/present_weather/lib/python3.10/site-packages/rasterio/proj_data'.
2023-11-28 03:53:06,676 - rasterio._env - DEBUG - Started GDALEnv: self=<rasterio._env.GDALEnv object at 0x7f801d1b9b70>.
2023-11-28 03:53:06,676 - rasterio.env - DEBUG - Entered env context: <rasterio.env.Env object at 0x7f801d1b99c0>
2023-11-28 03:53:06,676 - rasterio._base - DEBUG - Sharing flag: 0
2023-11-28 03:53:06,677 - rasterio._base - DEBUG - Nodata success: 0, Nodata value: 0.000000
2023-11-28 03:53:06,678 - rasterio._base - DEBUG - Dataset <open DatasetReader name='/home/metpublic/TASK_RELEASE/EFAN/present_weather/src/H09_B13_Indonesia_20231128.Z0340.cor.tiff' mode='r'> is started.
2023-11-28 03:53:06,678 - rasterio.env - DEBUG - Exiting env context: <rasterio.env.Env object at 0x7f801d1b99c0>
2023-11-28 03:53:06,678 - rasterio.env - DEBUG - Cleared existing <rasterio._env.GDALEnv object at 0x7f801d1b9b70> options
2023-11-28 03:53:06,678 - rasterio._env - DEBUG - Stopped GDALEnv <rasterio._env.GDALEnv object at 0x7f801d1b9b70>.
2023-11-28 03:53:06,678 - rasterio.env - DEBUG - Exiting outermost env
2023-11-28 03:53:06,678 - rasterio.env - DEBUG - Exited env context: <rasterio.env.Env object at 0x7f801d1b99c0>
2023-11-28 03:53:06,678 - rasterio.env - DEBUG - Entering env context: <rasterio.env.Env object at 0x7f801c745030>
2023-11-28 03:53:06,678 - rasterio.env - DEBUG - Starting outermost env
2023-11-28 03:53:06,678 - rasterio.env - DEBUG - No GDAL environment exists
2023-11-28 03:53:06,678 - rasterio.env - DEBUG - New GDAL environment <rasterio._env.GDALEnv object at 0x7f801c744d60> created
2023-11-28 03:53:06,679 - rasterio._env - DEBUG - GDAL data found in package: path='/home/metpublic/PYTHON_VENV/present_weather/lib/python3.10/site-packages/rasterio/gdal_data'.
2023-11-28 03:53:06,679 - rasterio._env - DEBUG - PROJ data found in package: path='/home/metpublic/PYTHON_VENV/present_weather/lib/python3.10/site-packages/rasterio/proj_data'.
2023-11-28 03:53:06,679 - rasterio._env - DEBUG - Started GDALEnv: self=<rasterio._env.GDALEnv object at 0x7f801c744d60>.
2023-11-28 03:53:06,679 - rasterio.env - DEBUG - Entered env context: <rasterio.env.Env object at 0x7f801c745030>
2023-11-28 03:53:06,679 - rasterio._base - DEBUG - Sharing flag: 0
2023-11-28 03:53:06,680 - rasterio._base - DEBUG - Nodata success: 0, Nodata value: 0.000000
2023-11-28 03:53:06,680 - rasterio._base - DEBUG - Dataset <open DatasetReader name='/home/metpublic/TASK_RELEASE/EFAN/present_weather/src/H09_B13_Indonesia_20231128.Z0340.cor.tiff' mode='r'> is started.
2023-11-28 03:53:06,680 - rasterio.env - DEBUG - Exiting env context: <rasterio.env.Env object at 0x7f801c745030>
2023-11-28 03:53:06,681 - rasterio.env - DEBUG - Cleared existing <rasterio._env.GDALEnv object at 0x7f801c744d60> options
2023-11-28 03:53:06,681 - rasterio._env - DEBUG - Stopped GDALEnv <rasterio._env.GDALEnv object at 0x7f801c744d60>.
2023-11-28 03:53:06,681 - rasterio.env - DEBUG - Exiting outermost env
2023-11-28 03:53:06,681 - rasterio.env - DEBUG - Exited env context: <rasterio.env.Env object at 0x7f801c745030>
2023-11-28 03:53:06,688 - root - INFO - Generating present weather using SATELITE data
2023-11-28 03:53:59,244 - root - INFO - Total elapsed time: 0:00:56.829065
