2023-12-22 13:23:03,055 - root - INFO - Initiating present weather
2023-12-22 13:23:03,057 - asyncio - DEBUG - Using selector: EpollSelector
2023-12-22 13:23:04,637 - urllib3.connectionpool - DEBUG - Starting new HTTPS connection (1): radar.bmkg.go.id:8060
2023-12-22 13:23:04,649 - urllib3.connectionpool - DEBUG - https://radar.bmkg.go.id:8060 "GET /getLatestLD?typeData=1 HTTP/1.1" 200 62
2023-12-22 13:23:04,652 - urllib3.connectionpool - DEBUG - Starting new HTTPS connection (1): radar.bmkg.go.id:8060
2023-12-22 13:23:04,676 - urllib3.connectionpool - DEBUG - https://radar.bmkg.go.id:8060 "GET /getRadarGeotif?token=19387e71e78522ae4172ec0fda640983b8438c9cfa0ca571623cb69d8327&radar=amandemenForecast&type=latest HTTP/1.1" 200 90
2023-12-22 13:23:04,677 - rasterio.env - DEBUG - Entering env context: <rasterio.env.Env object at 0x7fa927577c70>
2023-12-22 13:23:04,677 - rasterio.env - DEBUG - Starting outermost env
2023-12-22 13:23:04,677 - rasterio.env - DEBUG - No GDAL environment exists
2023-12-22 13:23:04,677 - rasterio.env - DEBUG - New GDAL environment <rasterio._env.GDALEnv object at 0x7fa927577ac0> created
2023-12-22 13:23:04,680 - rasterio._filepath - DEBUG - Installing FilePath filesystem handler plugin...
2023-12-22 13:23:04,680 - rasterio._env - DEBUG - GDAL data found in package: path='/home/metpublic/PYTHON_VENV/present_weather/lib/python3.10/site-packages/rasterio/gdal_data'.
2023-12-22 13:23:04,681 - rasterio._env - DEBUG - PROJ data found in package: path='/home/metpublic/PYTHON_VENV/present_weather/lib/python3.10/site-packages/rasterio/proj_data'.
2023-12-22 13:23:04,681 - rasterio._env - DEBUG - Started GDALEnv: self=<rasterio._env.GDALEnv object at 0x7fa927577ac0>.
2023-12-22 13:23:04,681 - rasterio.env - DEBUG - Entered env context: <rasterio.env.Env object at 0x7fa927577c70>
2023-12-22 13:23:04,681 - rasterio._base - DEBUG - Sharing flag: 0
2023-12-22 13:23:05,059 - rasterio._base - DEBUG - Nodata success: 1, Nodata value: nan
2023-12-22 13:23:05,059 - rasterio._base - DEBUG - Dataset <open DatasetReader name='https://radar.bmkg.go.id/raster/radarsatelit_202312221320.tif' mode='r'> is started.
2023-12-22 13:23:05,060 - rasterio.env - DEBUG - Exiting env context: <rasterio.env.Env object at 0x7fa927577c70>
2023-12-22 13:23:05,060 - rasterio.env - DEBUG - Cleared existing <rasterio._env.GDALEnv object at 0x7fa927577ac0> options
2023-12-22 13:23:05,060 - rasterio._env - DEBUG - Stopped GDALEnv <rasterio._env.GDALEnv object at 0x7fa927577ac0>.
2023-12-22 13:23:05,060 - rasterio.env - DEBUG - Exiting outermost env
2023-12-22 13:23:05,060 - rasterio.env - DEBUG - Exited env context: <rasterio.env.Env object at 0x7fa927577c70>
2023-12-22 13:23:05,060 - rasterio.env - DEBUG - Entering env context: <rasterio.env.Env object at 0x7fa926bf5840>
2023-12-22 13:23:05,060 - rasterio.env - DEBUG - Starting outermost env
2023-12-22 13:23:05,060 - rasterio.env - DEBUG - No GDAL environment exists
2023-12-22 13:23:05,060 - rasterio.env - DEBUG - New GDAL environment <rasterio._env.GDALEnv object at 0x7fa927577ac0> created
2023-12-22 13:23:05,061 - rasterio._env - DEBUG - GDAL data found in package: path='/home/metpublic/PYTHON_VENV/present_weather/lib/python3.10/site-packages/rasterio/gdal_data'.
2023-12-22 13:23:05,061 - rasterio._env - DEBUG - PROJ data found in package: path='/home/metpublic/PYTHON_VENV/present_weather/lib/python3.10/site-packages/rasterio/proj_data'.
2023-12-22 13:23:05,061 - rasterio._env - DEBUG - Started GDALEnv: self=<rasterio._env.GDALEnv object at 0x7fa927577ac0>.
2023-12-22 13:23:05,061 - rasterio.env - DEBUG - Entered env context: <rasterio.env.Env object at 0x7fa926bf5840>
2023-12-22 13:23:05,062 - rasterio.env - DEBUG - Got a copy of environment <rasterio._env.GDALEnv object at 0x7fa927577ac0> options
2023-12-22 13:23:05,062 - rasterio.env - DEBUG - Entering env context: <rasterio.env.Env object at 0x7fa924206ef0>
2023-12-22 13:23:05,062 - rasterio.env - DEBUG - Got a copy of environment <rasterio._env.GDALEnv object at 0x7fa927577ac0> options
2023-12-22 13:23:05,062 - rasterio.env - DEBUG - Entered env context: <rasterio.env.Env object at 0x7fa924206ef0>
2023-12-22 13:23:05,062 - rasterio._base - DEBUG - Sharing flag: 0
2023-12-22 13:23:05,063 - rasterio._base - DEBUG - Nodata success: 1, Nodata value: nan
2023-12-22 13:23:05,063 - rasterio._base - DEBUG - Dataset <open DatasetReader name='https://radar.bmkg.go.id/raster/radarsatelit_202312221320.tif' mode='r'> is started.
2023-12-22 13:23:05,063 - rasterio.env - DEBUG - Exiting env context: <rasterio.env.Env object at 0x7fa924206ef0>
2023-12-22 13:23:05,063 - rasterio.env - DEBUG - Cleared existing <rasterio._env.GDALEnv object at 0x7fa927577ac0> options
2023-12-22 13:23:05,063 - rasterio._env - DEBUG - Stopped GDALEnv <rasterio._env.GDALEnv object at 0x7fa927577ac0>.
2023-12-22 13:23:05,063 - rasterio.env - DEBUG - No GDAL environment exists
2023-12-22 13:23:05,063 - rasterio.env - DEBUG - New GDAL environment <rasterio._env.GDALEnv object at 0x7fa927577ac0> created
2023-12-22 13:23:05,064 - rasterio._env - DEBUG - GDAL data found in package: path='/home/metpublic/PYTHON_VENV/present_weather/lib/python3.10/site-packages/rasterio/gdal_data'.
2023-12-22 13:23:05,064 - rasterio._env - DEBUG - PROJ data found in package: path='/home/metpublic/PYTHON_VENV/present_weather/lib/python3.10/site-packages/rasterio/proj_data'.
2023-12-22 13:23:05,064 - rasterio._env - DEBUG - Started GDALEnv: self=<rasterio._env.GDALEnv object at 0x7fa927577ac0>.
2023-12-22 13:23:05,064 - rasterio.env - DEBUG - Exited env context: <rasterio.env.Env object at 0x7fa924206ef0>
2023-12-22 13:23:05,083 - rasterio._io - DEBUG - Output nodata value read from file: nan
2023-12-22 13:23:05,083 - rasterio._io - DEBUG - Output nodata values: [nan]
2023-12-22 13:23:05,084 - rasterio._io - DEBUG - all_valid: False
2023-12-22 13:23:05,084 - rasterio._io - DEBUG - mask_flags: ([<MaskFlags.nodata: 8>],)
2023-12-22 13:23:05,084 - rasterio._io - DEBUG - Jump straight to _read()
2023-12-22 13:23:05,084 - rasterio._io - DEBUG - Window: Window(col_off=0, row_off=0, width=10177, height=3732)
2023-12-22 13:23:05,084 - rasterio._io - DEBUG - IO window xoff=0.0 yoff=0.0 width=10177.0 height=3732.0
2023-12-22 13:23:05,686 - rasterio.env - DEBUG - Exiting env context: <rasterio.env.Env object at 0x7fa926bf5840>
2023-12-22 13:23:05,686 - rasterio.env - DEBUG - Cleared existing <rasterio._env.GDALEnv object at 0x7fa927577ac0> options
2023-12-22 13:23:05,686 - rasterio._env - DEBUG - Stopped GDALEnv <rasterio._env.GDALEnv object at 0x7fa927577ac0>.
2023-12-22 13:23:05,686 - rasterio.env - DEBUG - Exiting outermost env
2023-12-22 13:23:05,686 - rasterio.env - DEBUG - Exited env context: <rasterio.env.Env object at 0x7fa926bf5840>
2023-12-22 13:27:37,657 - rasterio.env - DEBUG - Entering env context: <rasterio.env.Env object at 0x7fa924291ff0>
2023-12-22 13:27:37,658 - rasterio.env - DEBUG - Starting outermost env
2023-12-22 13:27:37,658 - rasterio.env - DEBUG - No GDAL environment exists
2023-12-22 13:27:37,658 - rasterio.env - DEBUG - New GDAL environment <rasterio._env.GDALEnv object at 0x7fa9242923b0> created
2023-12-22 13:27:37,659 - rasterio._env - DEBUG - GDAL data found in package: path='/home/metpublic/PYTHON_VENV/present_weather/lib/python3.10/site-packages/rasterio/gdal_data'.
2023-12-22 13:27:37,659 - rasterio._env - DEBUG - PROJ data found in package: path='/home/metpublic/PYTHON_VENV/present_weather/lib/python3.10/site-packages/rasterio/proj_data'.
2023-12-22 13:27:37,659 - rasterio._env - DEBUG - Started GDALEnv: self=<rasterio._env.GDALEnv object at 0x7fa9242923b0>.
2023-12-22 13:27:37,659 - rasterio.env - DEBUG - Entered env context: <rasterio.env.Env object at 0x7fa924291ff0>
2023-12-22 13:27:37,659 - rasterio._base - DEBUG - Sharing flag: 0
2023-12-22 13:27:37,661 - rasterio._base - DEBUG - Nodata success: 0, Nodata value: 0.000000
2023-12-22 13:27:37,661 - rasterio._base - DEBUG - Dataset <open DatasetReader name='/home/metpublic/TASK_RELEASE/EFAN/present_weather/src/H09_B13_Indonesia_20231222.Z1300.cor.tiff' mode='r'> is started.
2023-12-22 13:27:37,661 - rasterio.env - DEBUG - Exiting env context: <rasterio.env.Env object at 0x7fa924291ff0>
2023-12-22 13:27:37,662 - rasterio.env - DEBUG - Cleared existing <rasterio._env.GDALEnv object at 0x7fa9242923b0> options
2023-12-22 13:27:37,662 - rasterio._env - DEBUG - Stopped GDALEnv <rasterio._env.GDALEnv object at 0x7fa9242923b0>.
2023-12-22 13:27:37,662 - rasterio.env - DEBUG - Exiting outermost env
2023-12-22 13:27:37,662 - rasterio.env - DEBUG - Exited env context: <rasterio.env.Env object at 0x7fa924291ff0>
2023-12-22 13:27:37,662 - rasterio.env - DEBUG - Entering env context: <rasterio.env.Env object at 0x7fa90c705810>
2023-12-22 13:27:37,663 - rasterio.env - DEBUG - Starting outermost env
2023-12-22 13:27:37,663 - rasterio.env - DEBUG - No GDAL environment exists
2023-12-22 13:27:37,664 - rasterio.env - DEBUG - New GDAL environment <rasterio._env.GDALEnv object at 0x7fa90c7046a0> created
2023-12-22 13:27:37,665 - rasterio._env - DEBUG - GDAL data found in package: path='/home/metpublic/PYTHON_VENV/present_weather/lib/python3.10/site-packages/rasterio/gdal_data'.
2023-12-22 13:27:37,666 - rasterio._env - DEBUG - PROJ data found in package: path='/home/metpublic/PYTHON_VENV/present_weather/lib/python3.10/site-packages/rasterio/proj_data'.
2023-12-22 13:27:37,666 - rasterio._env - DEBUG - Started GDALEnv: self=<rasterio._env.GDALEnv object at 0x7fa90c7046a0>.
2023-12-22 13:27:37,666 - rasterio.env - DEBUG - Entered env context: <rasterio.env.Env object at 0x7fa90c705810>
2023-12-22 13:27:37,666 - rasterio._base - DEBUG - Sharing flag: 0
2023-12-22 13:27:37,668 - rasterio._base - DEBUG - Nodata success: 0, Nodata value: 0.000000
2023-12-22 13:27:37,668 - rasterio._base - DEBUG - Dataset <open DatasetReader name='/home/metpublic/TASK_RELEASE/EFAN/present_weather/src/H09_B13_Indonesia_20231222.Z1300.cor.tiff' mode='r'> is started.
2023-12-22 13:27:37,668 - rasterio.env - DEBUG - Exiting env context: <rasterio.env.Env object at 0x7fa90c705810>
2023-12-22 13:27:37,668 - rasterio.env - DEBUG - Cleared existing <rasterio._env.GDALEnv object at 0x7fa90c7046a0> options
2023-12-22 13:27:37,668 - rasterio._env - DEBUG - Stopped GDALEnv <rasterio._env.GDALEnv object at 0x7fa90c7046a0>.
2023-12-22 13:27:37,668 - rasterio.env - DEBUG - Exiting outermost env
2023-12-22 13:27:37,668 - rasterio.env - DEBUG - Exited env context: <rasterio.env.Env object at 0x7fa90c705810>
2023-12-22 13:27:37,683 - root - INFO - Generating present weather using SATELITE data
2023-12-22 13:29:13,303 - root - INFO - Total elapsed time: 0:06:10.248634
