2023-12-06 00:43:02,667 - root - INFO - Initiating present weather
2023-12-06 00:43:02,670 - asyncio - DEBUG - Using selector: EpollSelector
2023-12-06 00:43:04,175 - urllib3.connectionpool - DEBUG - Starting new HTTPS connection (1): radar.bmkg.go.id:8060
2023-12-06 00:43:04,193 - urllib3.connectionpool - DEBUG - https://radar.bmkg.go.id:8060 "GET /getLatestLD?typeData=1 HTTP/1.1" 200 62
2023-12-06 00:43:04,194 - urllib3.connectionpool - DEBUG - Starting new HTTPS connection (1): radar.bmkg.go.id:8060
2023-12-06 00:43:04,218 - urllib3.connectionpool - DEBUG - https://radar.bmkg.go.id:8060 "GET /getRadarGeotif?token=19387e71e78522ae4172ec0fda640983b8438c9cfa0ca571623cb69d8327&radar=amandemenForecast&type=latest HTTP/1.1" 200 90
2023-12-06 00:43:04,219 - rasterio.env - DEBUG - Entering env context: <rasterio.env.Env object at 0x7fe601ed9870>
2023-12-06 00:43:04,220 - rasterio.env - DEBUG - Starting outermost env
2023-12-06 00:43:04,220 - rasterio.env - DEBUG - No GDAL environment exists
2023-12-06 00:43:04,220 - rasterio.env - DEBUG - New GDAL environment <rasterio._env.GDALEnv object at 0x7fe601edaef0> created
2023-12-06 00:43:04,222 - rasterio._filepath - DEBUG - Installing FilePath filesystem handler plugin...
2023-12-06 00:43:04,222 - rasterio._env - DEBUG - GDAL data found in package: path='/home/metpublic/PYTHON_VENV/present_weather/lib/python3.10/site-packages/rasterio/gdal_data'.
2023-12-06 00:43:04,223 - rasterio._env - DEBUG - PROJ data found in package: path='/home/metpublic/PYTHON_VENV/present_weather/lib/python3.10/site-packages/rasterio/proj_data'.
2023-12-06 00:43:04,224 - rasterio._env - DEBUG - Started GDALEnv: self=<rasterio._env.GDALEnv object at 0x7fe601edaef0>.
2023-12-06 00:43:04,224 - rasterio.env - DEBUG - Entered env context: <rasterio.env.Env object at 0x7fe601ed9870>
2023-12-06 00:43:04,224 - rasterio._base - DEBUG - Sharing flag: 0
2023-12-06 00:43:04,456 - rasterio._base - DEBUG - Nodata success: 1, Nodata value: nan
2023-12-06 00:43:04,457 - rasterio._base - DEBUG - Dataset <open DatasetReader name='https://radar.bmkg.go.id/raster/radarsatelit_202312060040.tif' mode='r'> is started.
2023-12-06 00:43:04,458 - rasterio.env - DEBUG - Exiting env context: <rasterio.env.Env object at 0x7fe601ed9870>
2023-12-06 00:43:04,458 - rasterio.env - DEBUG - Cleared existing <rasterio._env.GDALEnv object at 0x7fe601edaef0> options
2023-12-06 00:43:04,458 - rasterio._env - DEBUG - Stopped GDALEnv <rasterio._env.GDALEnv object at 0x7fe601edaef0>.
2023-12-06 00:43:04,458 - rasterio.env - DEBUG - Exiting outermost env
2023-12-06 00:43:04,458 - rasterio.env - DEBUG - Exited env context: <rasterio.env.Env object at 0x7fe601ed9870>
2023-12-06 00:43:04,458 - rasterio.env - DEBUG - Entering env context: <rasterio.env.Env object at 0x7fe60042b850>
2023-12-06 00:43:04,458 - rasterio.env - DEBUG - Starting outermost env
2023-12-06 00:43:04,458 - rasterio.env - DEBUG - No GDAL environment exists
2023-12-06 00:43:04,458 - rasterio.env - DEBUG - New GDAL environment <rasterio._env.GDALEnv object at 0x7fe601eda9b0> created
2023-12-06 00:43:04,459 - rasterio._env - DEBUG - GDAL data found in package: path='/home/metpublic/PYTHON_VENV/present_weather/lib/python3.10/site-packages/rasterio/gdal_data'.
2023-12-06 00:43:04,459 - rasterio._env - DEBUG - PROJ data found in package: path='/home/metpublic/PYTHON_VENV/present_weather/lib/python3.10/site-packages/rasterio/proj_data'.
2023-12-06 00:43:04,459 - rasterio._env - DEBUG - Started GDALEnv: self=<rasterio._env.GDALEnv object at 0x7fe601eda9b0>.
2023-12-06 00:43:04,459 - rasterio.env - DEBUG - Entered env context: <rasterio.env.Env object at 0x7fe60042b850>
2023-12-06 00:43:04,460 - rasterio.env - DEBUG - Got a copy of environment <rasterio._env.GDALEnv object at 0x7fe601eda9b0> options
2023-12-06 00:43:04,460 - rasterio.env - DEBUG - Entering env context: <rasterio.env.Env object at 0x7fe60034a200>
2023-12-06 00:43:04,460 - rasterio.env - DEBUG - Got a copy of environment <rasterio._env.GDALEnv object at 0x7fe601eda9b0> options
2023-12-06 00:43:04,460 - rasterio.env - DEBUG - Entered env context: <rasterio.env.Env object at 0x7fe60034a200>
2023-12-06 00:43:04,460 - rasterio._base - DEBUG - Sharing flag: 0
2023-12-06 00:43:04,461 - rasterio._base - DEBUG - Nodata success: 1, Nodata value: nan
2023-12-06 00:43:04,461 - rasterio._base - DEBUG - Dataset <open DatasetReader name='https://radar.bmkg.go.id/raster/radarsatelit_202312060040.tif' mode='r'> is started.
2023-12-06 00:43:04,461 - rasterio.env - DEBUG - Exiting env context: <rasterio.env.Env object at 0x7fe60034a200>
2023-12-06 00:43:04,461 - rasterio.env - DEBUG - Cleared existing <rasterio._env.GDALEnv object at 0x7fe601eda9b0> options
2023-12-06 00:43:04,461 - rasterio._env - DEBUG - Stopped GDALEnv <rasterio._env.GDALEnv object at 0x7fe601eda9b0>.
2023-12-06 00:43:04,461 - rasterio.env - DEBUG - No GDAL environment exists
2023-12-06 00:43:04,461 - rasterio.env - DEBUG - New GDAL environment <rasterio._env.GDALEnv object at 0x7fe601eda9b0> created
2023-12-06 00:43:04,462 - rasterio._env - DEBUG - GDAL data found in package: path='/home/metpublic/PYTHON_VENV/present_weather/lib/python3.10/site-packages/rasterio/gdal_data'.
2023-12-06 00:43:04,462 - rasterio._env - DEBUG - PROJ data found in package: path='/home/metpublic/PYTHON_VENV/present_weather/lib/python3.10/site-packages/rasterio/proj_data'.
2023-12-06 00:43:04,462 - rasterio._env - DEBUG - Started GDALEnv: self=<rasterio._env.GDALEnv object at 0x7fe601eda9b0>.
2023-12-06 00:43:04,462 - rasterio.env - DEBUG - Exited env context: <rasterio.env.Env object at 0x7fe60034a200>
2023-12-06 00:43:04,479 - rasterio._io - DEBUG - Output nodata value read from file: nan
2023-12-06 00:43:04,479 - rasterio._io - DEBUG - Output nodata values: [nan]
2023-12-06 00:43:04,479 - rasterio._io - DEBUG - all_valid: False
2023-12-06 00:43:04,480 - rasterio._io - DEBUG - mask_flags: ([<MaskFlags.nodata: 8>],)
2023-12-06 00:43:04,480 - rasterio._io - DEBUG - Jump straight to _read()
2023-12-06 00:43:04,480 - rasterio._io - DEBUG - Window: Window(col_off=0, row_off=0, width=10177, height=3732)
2023-12-06 00:43:04,480 - rasterio._io - DEBUG - IO window xoff=0.0 yoff=0.0 width=10177.0 height=3732.0
2023-12-06 00:43:05,006 - rasterio.env - DEBUG - Exiting env context: <rasterio.env.Env object at 0x7fe60042b850>
2023-12-06 00:43:05,006 - rasterio.env - DEBUG - Cleared existing <rasterio._env.GDALEnv object at 0x7fe601eda9b0> options
2023-12-06 00:43:05,006 - rasterio._env - DEBUG - Stopped GDALEnv <rasterio._env.GDALEnv object at 0x7fe601eda9b0>.
2023-12-06 00:43:05,006 - rasterio.env - DEBUG - Exiting outermost env
2023-12-06 00:43:05,006 - rasterio.env - DEBUG - Exited env context: <rasterio.env.Env object at 0x7fe60042b850>
2023-12-06 00:47:10,937 - rasterio.env - DEBUG - Entering env context: <rasterio.env.Env object at 0x7fe600150a00>
2023-12-06 00:47:10,937 - rasterio.env - DEBUG - Starting outermost env
2023-12-06 00:47:10,937 - rasterio.env - DEBUG - No GDAL environment exists
2023-12-06 00:47:10,937 - rasterio.env - DEBUG - New GDAL environment <rasterio._env.GDALEnv object at 0x7fe6001530d0> created
2023-12-06 00:47:10,938 - rasterio._env - DEBUG - GDAL data found in package: path='/home/metpublic/PYTHON_VENV/present_weather/lib/python3.10/site-packages/rasterio/gdal_data'.
2023-12-06 00:47:10,938 - rasterio._env - DEBUG - PROJ data found in package: path='/home/metpublic/PYTHON_VENV/present_weather/lib/python3.10/site-packages/rasterio/proj_data'.
2023-12-06 00:47:10,938 - rasterio._env - DEBUG - Started GDALEnv: self=<rasterio._env.GDALEnv object at 0x7fe6001530d0>.
2023-12-06 00:47:10,938 - rasterio.env - DEBUG - Entered env context: <rasterio.env.Env object at 0x7fe600150a00>
2023-12-06 00:47:10,938 - rasterio._base - DEBUG - Sharing flag: 0
2023-12-06 00:47:10,940 - rasterio._base - DEBUG - Nodata success: 0, Nodata value: 0.000000
2023-12-06 00:47:10,940 - rasterio._base - DEBUG - Dataset <open DatasetReader name='/home/metpublic/TASK_RELEASE/EFAN/present_weather/src/H09_B13_Indonesia_20231206.Z0030.cor.tiff' mode='r'> is started.
2023-12-06 00:47:10,941 - rasterio.env - DEBUG - Exiting env context: <rasterio.env.Env object at 0x7fe600150a00>
2023-12-06 00:47:10,941 - rasterio.env - DEBUG - Cleared existing <rasterio._env.GDALEnv object at 0x7fe6001530d0> options
2023-12-06 00:47:10,941 - rasterio._env - DEBUG - Stopped GDALEnv <rasterio._env.GDALEnv object at 0x7fe6001530d0>.
2023-12-06 00:47:10,941 - rasterio.env - DEBUG - Exiting outermost env
2023-12-06 00:47:10,941 - rasterio.env - DEBUG - Exited env context: <rasterio.env.Env object at 0x7fe600150a00>
2023-12-06 00:47:10,941 - rasterio.env - DEBUG - Entering env context: <rasterio.env.Env object at 0x7fe600153130>
2023-12-06 00:47:10,941 - rasterio.env - DEBUG - Starting outermost env
2023-12-06 00:47:10,941 - rasterio.env - DEBUG - No GDAL environment exists
2023-12-06 00:47:10,941 - rasterio.env - DEBUG - New GDAL environment <rasterio._env.GDALEnv object at 0x7fe600151420> created
2023-12-06 00:47:10,943 - rasterio._env - DEBUG - GDAL data found in package: path='/home/metpublic/PYTHON_VENV/present_weather/lib/python3.10/site-packages/rasterio/gdal_data'.
2023-12-06 00:47:10,943 - rasterio._env - DEBUG - PROJ data found in package: path='/home/metpublic/PYTHON_VENV/present_weather/lib/python3.10/site-packages/rasterio/proj_data'.
2023-12-06 00:47:10,943 - rasterio._env - DEBUG - Started GDALEnv: self=<rasterio._env.GDALEnv object at 0x7fe600151420>.
2023-12-06 00:47:10,943 - rasterio.env - DEBUG - Entered env context: <rasterio.env.Env object at 0x7fe600153130>
2023-12-06 00:47:10,943 - rasterio._base - DEBUG - Sharing flag: 0
2023-12-06 00:47:10,944 - rasterio._base - DEBUG - Nodata success: 0, Nodata value: 0.000000
2023-12-06 00:47:10,944 - rasterio._base - DEBUG - Dataset <open DatasetReader name='/home/metpublic/TASK_RELEASE/EFAN/present_weather/src/H09_B13_Indonesia_20231206.Z0030.cor.tiff' mode='r'> is started.
2023-12-06 00:47:10,944 - rasterio.env - DEBUG - Exiting env context: <rasterio.env.Env object at 0x7fe600153130>
2023-12-06 00:47:10,944 - rasterio.env - DEBUG - Cleared existing <rasterio._env.GDALEnv object at 0x7fe600151420> options
2023-12-06 00:47:10,944 - rasterio._env - DEBUG - Stopped GDALEnv <rasterio._env.GDALEnv object at 0x7fe600151420>.
2023-12-06 00:47:10,945 - rasterio.env - DEBUG - Exiting outermost env
2023-12-06 00:47:10,945 - rasterio.env - DEBUG - Exited env context: <rasterio.env.Env object at 0x7fe600153130>
2023-12-06 00:47:10,956 - root - INFO - Generating present weather using SATELITE data
2023-12-06 00:48:46,129 - root - INFO - Total elapsed time: 0:05:43.461595
