2023-11-15 16:40:03,776 - root - INFO - Initiating present weather
2023-11-15 16:40:03,783 - urllib3.connectionpool - DEBUG - Starting new HTTPS connection (1): radar.bmkg.go.id:8060
2023-11-15 16:40:03,848 - urllib3.connectionpool - DEBUG - https://radar.bmkg.go.id:8060 "GET /getRadarGeotif?token=19387e71e78522ae4172ec0fda640983b8438c9cfa0ca571623cb69d8327&radar=amandemenForecast&type=latest HTTP/1.1" 200 90
2023-11-15 16:40:03,851 - rasterio.env - DEBUG - Entering env context: <rasterio.env.Env object at 0x7fe16b7f1f40>
2023-11-15 16:40:03,852 - rasterio.env - DEBUG - Starting outermost env
2023-11-15 16:40:03,852 - rasterio.env - DEBUG - No GDAL environment exists
2023-11-15 16:40:03,852 - rasterio.env - DEBUG - New GDAL environment <rasterio._env.GDALEnv object at 0x7fe1bd8d2290> created
2023-11-15 16:40:03,857 - rasterio._filepath - DEBUG - Installing FilePath filesystem handler plugin...
2023-11-15 16:40:03,857 - rasterio._env - DEBUG - GDAL data found in package: path='/home/swx/miniconda3/envs/present_weather/lib/python3.12/site-packages/rasterio/gdal_data'.
2023-11-15 16:40:03,858 - rasterio._env - DEBUG - PROJ_LIB found in environment.
2023-11-15 16:40:03,858 - rasterio._env - DEBUG - Started GDALEnv: self=<rasterio._env.GDALEnv object at 0x7fe1bd8d2290>.
2023-11-15 16:40:03,858 - rasterio.env - DEBUG - Entered env context: <rasterio.env.Env object at 0x7fe16b7f1f40>
2023-11-15 16:40:03,858 - rasterio._base - DEBUG - Sharing flag: 0
2023-11-15 16:40:04,054 - rasterio._base - DEBUG - Nodata success: 1, Nodata value: nan
2023-11-15 16:40:04,054 - rasterio._base - DEBUG - Dataset <open DatasetReader name='https://radar.bmkg.go.id/raster/radarsatelit_202311151630.tif' mode='r'> is started.
2023-11-15 16:40:04,055 - rasterio.env - DEBUG - Exiting env context: <rasterio.env.Env object at 0x7fe16b7f1f40>
2023-11-15 16:40:04,055 - rasterio.env - DEBUG - Cleared existing <rasterio._env.GDALEnv object at 0x7fe1bd8d2290> options
2023-11-15 16:40:04,055 - rasterio._env - DEBUG - Stopped GDALEnv <rasterio._env.GDALEnv object at 0x7fe1bd8d2290>.
2023-11-15 16:40:04,055 - rasterio.env - DEBUG - Exiting outermost env
2023-11-15 16:40:04,055 - rasterio.env - DEBUG - Exited env context: <rasterio.env.Env object at 0x7fe16b7f1f40>
2023-11-15 16:40:04,056 - rasterio.env - DEBUG - Entering env context: <rasterio.env.Env object at 0x7fe1f87209e0>
2023-11-15 16:40:04,056 - rasterio.env - DEBUG - Starting outermost env
2023-11-15 16:40:04,056 - rasterio.env - DEBUG - No GDAL environment exists
2023-11-15 16:40:04,056 - rasterio.env - DEBUG - New GDAL environment <rasterio._env.GDALEnv object at 0x7fe16b7f1f30> created
2023-11-15 16:40:04,057 - rasterio._env - DEBUG - GDAL data found in package: path='/home/swx/miniconda3/envs/present_weather/lib/python3.12/site-packages/rasterio/gdal_data'.
2023-11-15 16:40:04,057 - rasterio._env - DEBUG - PROJ_LIB found in environment.
2023-11-15 16:40:04,057 - rasterio._env - DEBUG - Started GDALEnv: self=<rasterio._env.GDALEnv object at 0x7fe16b7f1f30>.
2023-11-15 16:40:04,057 - rasterio.env - DEBUG - Entered env context: <rasterio.env.Env object at 0x7fe1f87209e0>
2023-11-15 16:40:04,058 - rasterio.env - DEBUG - Got a copy of environment <rasterio._env.GDALEnv object at 0x7fe16b7f1f30> options
2023-11-15 16:40:04,058 - rasterio.env - DEBUG - Entering env context: <rasterio.env.Env object at 0x7fe16b880350>
2023-11-15 16:40:04,058 - rasterio.env - DEBUG - Got a copy of environment <rasterio._env.GDALEnv object at 0x7fe16b7f1f30> options
2023-11-15 16:40:04,058 - rasterio.env - DEBUG - Entered env context: <rasterio.env.Env object at 0x7fe16b880350>
2023-11-15 16:40:04,059 - rasterio._base - DEBUG - Sharing flag: 0
2023-11-15 16:40:04,060 - rasterio._base - DEBUG - Nodata success: 1, Nodata value: nan
2023-11-15 16:40:04,060 - rasterio._base - DEBUG - Dataset <open DatasetReader name='https://radar.bmkg.go.id/raster/radarsatelit_202311151630.tif' mode='r'> is started.
2023-11-15 16:40:04,060 - rasterio.env - DEBUG - Exiting env context: <rasterio.env.Env object at 0x7fe16b880350>
2023-11-15 16:40:04,060 - rasterio.env - DEBUG - Cleared existing <rasterio._env.GDALEnv object at 0x7fe16b7f1f30> options
2023-11-15 16:40:04,060 - rasterio._env - DEBUG - Stopped GDALEnv <rasterio._env.GDALEnv object at 0x7fe16b7f1f30>.
2023-11-15 16:40:04,060 - rasterio.env - DEBUG - No GDAL environment exists
2023-11-15 16:40:04,060 - rasterio.env - DEBUG - New GDAL environment <rasterio._env.GDALEnv object at 0x7fe16b7f1f30> created
2023-11-15 16:40:04,061 - rasterio._env - DEBUG - GDAL data found in package: path='/home/swx/miniconda3/envs/present_weather/lib/python3.12/site-packages/rasterio/gdal_data'.
2023-11-15 16:40:04,061 - rasterio._env - DEBUG - PROJ_LIB found in environment.
2023-11-15 16:40:04,061 - rasterio._env - DEBUG - Started GDALEnv: self=<rasterio._env.GDALEnv object at 0x7fe16b7f1f30>.
2023-11-15 16:40:04,061 - rasterio.env - DEBUG - Exited env context: <rasterio.env.Env object at 0x7fe16b880350>
2023-11-15 16:40:04,096 - rasterio._io - DEBUG - Output nodata value read from file: nan
2023-11-15 16:40:04,096 - rasterio._io - DEBUG - Output nodata values: [nan]
2023-11-15 16:40:04,097 - rasterio._io - DEBUG - all_valid: False
2023-11-15 16:40:04,097 - rasterio._io - DEBUG - mask_flags: ([<MaskFlags.nodata: 8>],)
2023-11-15 16:40:04,097 - rasterio._io - DEBUG - Jump straight to _read()
2023-11-15 16:40:04,097 - rasterio._io - DEBUG - Window: Window(col_off=0, row_off=0, width=10215, height=3789)
2023-11-15 16:40:04,098 - rasterio._io - DEBUG - IO window xoff=0.0 yoff=0.0 width=10215.0 height=3789.0
2023-11-15 16:40:04,833 - rasterio.env - DEBUG - Exiting env context: <rasterio.env.Env object at 0x7fe1f87209e0>
2023-11-15 16:40:04,833 - rasterio.env - DEBUG - Cleared existing <rasterio._env.GDALEnv object at 0x7fe16b7f1f30> options
2023-11-15 16:40:04,833 - rasterio._env - DEBUG - Stopped GDALEnv <rasterio._env.GDALEnv object at 0x7fe16b7f1f30>.
2023-11-15 16:40:04,833 - rasterio.env - DEBUG - Exiting outermost env
2023-11-15 16:40:04,833 - rasterio.env - DEBUG - Exited env context: <rasterio.env.Env object at 0x7fe1f87209e0>
2023-11-15 16:40:04,835 - urllib3.connectionpool - DEBUG - Starting new HTTPS connection (1): radar.bmkg.go.id:8060
2023-11-15 16:40:04,893 - urllib3.connectionpool - DEBUG - https://radar.bmkg.go.id:8060 "GET /getLatestLD?typeData=1 HTTP/1.1" 200 9108
2023-11-15 16:40:04,910 - asyncio - DEBUG - Using selector: EpollSelector
2023-11-15 16:40:11,563 - root - INFO - dask.bag<lambda, npartitions=34>
2023-11-15 16:55:52,174 - root - INFO - Total elapsed time: 0:15:48.400241
