2023-11-14 16:20:03,522 - root - INFO - Initiating present weather
2023-11-14 16:20:03,526 - urllib3.connectionpool - DEBUG - Starting new HTTPS connection (1): radar.bmkg.go.id:8060
2023-11-14 16:20:08,615 - urllib3.connectionpool - DEBUG - https://radar.bmkg.go.id:8060 "GET /getRadarGeotif?token=19387e71e78522ae4172ec0fda640983b8438c9cfa0ca571623cb69d8327&radar=amandemenForecast&type=latest HTTP/1.1" 200 90
2023-11-14 16:20:08,618 - rasterio.env - DEBUG - Entering env context: <rasterio.env.Env object at 0x7f00d01acb00>
2023-11-14 16:20:08,619 - rasterio.env - DEBUG - Starting outermost env
2023-11-14 16:20:08,620 - rasterio.env - DEBUG - No GDAL environment exists
2023-11-14 16:20:08,620 - rasterio.env - DEBUG - New GDAL environment <rasterio._env.GDALEnv object at 0x7f00849c9420> created
2023-11-14 16:20:08,624 - rasterio._filepath - DEBUG - Installing FilePath filesystem handler plugin...
2023-11-14 16:20:08,625 - rasterio._env - DEBUG - GDAL data found in package: path='/home/swx/miniconda3/envs/present_weather/lib/python3.12/site-packages/rasterio/gdal_data'.
2023-11-14 16:20:08,625 - rasterio._env - DEBUG - PROJ_LIB found in environment.
2023-11-14 16:20:08,625 - rasterio._env - DEBUG - Started GDALEnv: self=<rasterio._env.GDALEnv object at 0x7f00849c9420>.
2023-11-14 16:20:08,625 - rasterio.env - DEBUG - Entered env context: <rasterio.env.Env object at 0x7f00d01acb00>
2023-11-14 16:20:08,625 - rasterio._base - DEBUG - Sharing flag: 0
2023-11-14 16:20:08,810 - rasterio._base - DEBUG - Nodata success: 1, Nodata value: nan
2023-11-14 16:20:08,810 - rasterio._base - DEBUG - Dataset <open DatasetReader name='https://radar.bmkg.go.id/raster/radarsatelit_202311141610.tif' mode='r'> is started.
2023-11-14 16:20:08,810 - rasterio.env - DEBUG - Exiting env context: <rasterio.env.Env object at 0x7f00d01acb00>
2023-11-14 16:20:08,811 - rasterio.env - DEBUG - Cleared existing <rasterio._env.GDALEnv object at 0x7f00849c9420> options
2023-11-14 16:20:08,811 - rasterio._env - DEBUG - Stopped GDALEnv <rasterio._env.GDALEnv object at 0x7f00849c9420>.
2023-11-14 16:20:08,811 - rasterio.env - DEBUG - Exiting outermost env
2023-11-14 16:20:08,811 - rasterio.env - DEBUG - Exited env context: <rasterio.env.Env object at 0x7f00d01acb00>
2023-11-14 16:20:08,811 - rasterio.env - DEBUG - Entering env context: <rasterio.env.Env object at 0x7f004302ffb0>
2023-11-14 16:20:08,811 - rasterio.env - DEBUG - Starting outermost env
2023-11-14 16:20:08,811 - rasterio.env - DEBUG - No GDAL environment exists
2023-11-14 16:20:08,811 - rasterio.env - DEBUG - New GDAL environment <rasterio._env.GDALEnv object at 0x7f00849c9420> created
2023-11-14 16:20:08,812 - rasterio._env - DEBUG - GDAL data found in package: path='/home/swx/miniconda3/envs/present_weather/lib/python3.12/site-packages/rasterio/gdal_data'.
2023-11-14 16:20:08,812 - rasterio._env - DEBUG - PROJ_LIB found in environment.
2023-11-14 16:20:08,812 - rasterio._env - DEBUG - Started GDALEnv: self=<rasterio._env.GDALEnv object at 0x7f00849c9420>.
2023-11-14 16:20:08,812 - rasterio.env - DEBUG - Entered env context: <rasterio.env.Env object at 0x7f004302ffb0>
2023-11-14 16:20:08,813 - rasterio.env - DEBUG - Got a copy of environment <rasterio._env.GDALEnv object at 0x7f00849c9420> options
2023-11-14 16:20:08,813 - rasterio.env - DEBUG - Entering env context: <rasterio.env.Env object at 0x7f00430f9730>
2023-11-14 16:20:08,813 - rasterio.env - DEBUG - Got a copy of environment <rasterio._env.GDALEnv object at 0x7f00849c9420> options
2023-11-14 16:20:08,813 - rasterio.env - DEBUG - Entered env context: <rasterio.env.Env object at 0x7f00430f9730>
2023-11-14 16:20:08,813 - rasterio._base - DEBUG - Sharing flag: 0
2023-11-14 16:20:08,814 - rasterio._base - DEBUG - Nodata success: 1, Nodata value: nan
2023-11-14 16:20:08,814 - rasterio._base - DEBUG - Dataset <open DatasetReader name='https://radar.bmkg.go.id/raster/radarsatelit_202311141610.tif' mode='r'> is started.
2023-11-14 16:20:08,814 - rasterio.env - DEBUG - Exiting env context: <rasterio.env.Env object at 0x7f00430f9730>
2023-11-14 16:20:08,814 - rasterio.env - DEBUG - Cleared existing <rasterio._env.GDALEnv object at 0x7f00849c9420> options
2023-11-14 16:20:08,814 - rasterio._env - DEBUG - Stopped GDALEnv <rasterio._env.GDALEnv object at 0x7f00849c9420>.
2023-11-14 16:20:08,815 - rasterio.env - DEBUG - No GDAL environment exists
2023-11-14 16:20:08,815 - rasterio.env - DEBUG - New GDAL environment <rasterio._env.GDALEnv object at 0x7f00849c9420> created
2023-11-14 16:20:08,815 - rasterio._env - DEBUG - GDAL data found in package: path='/home/swx/miniconda3/envs/present_weather/lib/python3.12/site-packages/rasterio/gdal_data'.
2023-11-14 16:20:08,815 - rasterio._env - DEBUG - PROJ_LIB found in environment.
2023-11-14 16:20:08,815 - rasterio._env - DEBUG - Started GDALEnv: self=<rasterio._env.GDALEnv object at 0x7f00849c9420>.
2023-11-14 16:20:08,815 - rasterio.env - DEBUG - Exited env context: <rasterio.env.Env object at 0x7f00430f9730>
2023-11-14 16:20:08,842 - rasterio._io - DEBUG - Output nodata value read from file: nan
2023-11-14 16:20:08,842 - rasterio._io - DEBUG - Output nodata values: [nan]
2023-11-14 16:20:08,843 - rasterio._io - DEBUG - all_valid: False
2023-11-14 16:20:08,843 - rasterio._io - DEBUG - mask_flags: ([<MaskFlags.nodata: 8>],)
2023-11-14 16:20:08,843 - rasterio._io - DEBUG - Jump straight to _read()
2023-11-14 16:20:08,843 - rasterio._io - DEBUG - Window: Window(col_off=0, row_off=0, width=10215, height=3792)
2023-11-14 16:20:08,843 - rasterio._io - DEBUG - IO window xoff=0.0 yoff=0.0 width=10215.0 height=3792.0
2023-11-14 16:20:09,482 - rasterio.env - DEBUG - Exiting env context: <rasterio.env.Env object at 0x7f004302ffb0>
2023-11-14 16:20:09,483 - rasterio.env - DEBUG - Cleared existing <rasterio._env.GDALEnv object at 0x7f00849c9420> options
2023-11-14 16:20:09,483 - rasterio._env - DEBUG - Stopped GDALEnv <rasterio._env.GDALEnv object at 0x7f00849c9420>.
2023-11-14 16:20:09,483 - rasterio.env - DEBUG - Exiting outermost env
2023-11-14 16:20:09,483 - rasterio.env - DEBUG - Exited env context: <rasterio.env.Env object at 0x7f004302ffb0>
2023-11-14 16:20:09,485 - urllib3.connectionpool - DEBUG - Starting new HTTPS connection (1): radar.bmkg.go.id:8060
2023-11-14 16:20:09,555 - urllib3.connectionpool - DEBUG - https://radar.bmkg.go.id:8060 "GET /getLatestLD?typeData=1 HTTP/1.1" 200 92078
2023-11-14 16:20:09,589 - asyncio - DEBUG - Using selector: EpollSelector
2023-11-14 16:20:16,261 - root - INFO - dask.bag<lambda, npartitions=34>
2023-11-14 16:35:32,318 - root - INFO - Total elapsed time: 0:15:28.797249
