2023-12-22 13:33:02,683 - root - INFO - Initiating present weather
2023-12-22 13:33:02,685 - asyncio - DEBUG - Using selector: EpollSelector
2023-12-22 13:33:04,286 - urllib3.connectionpool - DEBUG - Starting new HTTPS connection (1): radar.bmkg.go.id:8060
2023-12-22 13:33:04,300 - urllib3.connectionpool - DEBUG - https://radar.bmkg.go.id:8060 "GET /getLatestLD?typeData=1 HTTP/1.1" 200 62
2023-12-22 13:33:04,302 - urllib3.connectionpool - DEBUG - Starting new HTTPS connection (1): radar.bmkg.go.id:8060
2023-12-22 13:33:04,321 - urllib3.connectionpool - DEBUG - https://radar.bmkg.go.id:8060 "GET /getRadarGeotif?token=19387e71e78522ae4172ec0fda640983b8438c9cfa0ca571623cb69d8327&radar=amandemenForecast&type=latest HTTP/1.1" 200 90
2023-12-22 13:33:04,322 - rasterio.env - DEBUG - Entering env context: <rasterio.env.Env object at 0x7fa82719d090>
2023-12-22 13:33:04,322 - rasterio.env - DEBUG - Starting outermost env
2023-12-22 13:33:04,322 - rasterio.env - DEBUG - No GDAL environment exists
2023-12-22 13:33:04,322 - rasterio.env - DEBUG - New GDAL environment <rasterio._env.GDALEnv object at 0x7fa82719d810> created
2023-12-22 13:33:04,325 - rasterio._filepath - DEBUG - Installing FilePath filesystem handler plugin...
2023-12-22 13:33:04,325 - rasterio._env - DEBUG - GDAL data found in package: path='/home/metpublic/PYTHON_VENV/present_weather/lib/python3.10/site-packages/rasterio/gdal_data'.
2023-12-22 13:33:04,325 - rasterio._env - DEBUG - PROJ data found in package: path='/home/metpublic/PYTHON_VENV/present_weather/lib/python3.10/site-packages/rasterio/proj_data'.
2023-12-22 13:33:04,325 - rasterio._env - DEBUG - Started GDALEnv: self=<rasterio._env.GDALEnv object at 0x7fa82719d810>.
2023-12-22 13:33:04,325 - rasterio.env - DEBUG - Entered env context: <rasterio.env.Env object at 0x7fa82719d090>
2023-12-22 13:33:04,325 - rasterio._base - DEBUG - Sharing flag: 0
2023-12-22 13:33:04,677 - rasterio._base - DEBUG - Nodata success: 1, Nodata value: nan
2023-12-22 13:33:04,677 - rasterio._base - DEBUG - Dataset <open DatasetReader name='https://radar.bmkg.go.id/raster/radarsatelit_202312221320.tif' mode='r'> is started.
2023-12-22 13:33:04,678 - rasterio.env - DEBUG - Exiting env context: <rasterio.env.Env object at 0x7fa82719d090>
2023-12-22 13:33:04,678 - rasterio.env - DEBUG - Cleared existing <rasterio._env.GDALEnv object at 0x7fa82719d810> options
2023-12-22 13:33:04,678 - rasterio._env - DEBUG - Stopped GDALEnv <rasterio._env.GDALEnv object at 0x7fa82719d810>.
2023-12-22 13:33:04,678 - rasterio.env - DEBUG - Exiting outermost env
2023-12-22 13:33:04,678 - rasterio.env - DEBUG - Exited env context: <rasterio.env.Env object at 0x7fa82719d090>
2023-12-22 13:33:04,678 - rasterio.env - DEBUG - Entering env context: <rasterio.env.Env object at 0x7fa827b1f9d0>
2023-12-22 13:33:04,678 - rasterio.env - DEBUG - Starting outermost env
2023-12-22 13:33:04,678 - rasterio.env - DEBUG - No GDAL environment exists
2023-12-22 13:33:04,678 - rasterio.env - DEBUG - New GDAL environment <rasterio._env.GDALEnv object at 0x7fa82719d630> created
2023-12-22 13:33:04,679 - rasterio._env - DEBUG - GDAL data found in package: path='/home/metpublic/PYTHON_VENV/present_weather/lib/python3.10/site-packages/rasterio/gdal_data'.
2023-12-22 13:33:04,679 - rasterio._env - DEBUG - PROJ data found in package: path='/home/metpublic/PYTHON_VENV/present_weather/lib/python3.10/site-packages/rasterio/proj_data'.
2023-12-22 13:33:04,679 - rasterio._env - DEBUG - Started GDALEnv: self=<rasterio._env.GDALEnv object at 0x7fa82719d630>.
2023-12-22 13:33:04,679 - rasterio.env - DEBUG - Entered env context: <rasterio.env.Env object at 0x7fa827b1f9d0>
2023-12-22 13:33:04,680 - rasterio.env - DEBUG - Got a copy of environment <rasterio._env.GDALEnv object at 0x7fa82719d630> options
2023-12-22 13:33:04,680 - rasterio.env - DEBUG - Entering env context: <rasterio.env.Env object at 0x7fa82418ae60>
2023-12-22 13:33:04,680 - rasterio.env - DEBUG - Got a copy of environment <rasterio._env.GDALEnv object at 0x7fa82719d630> options
2023-12-22 13:33:04,680 - rasterio.env - DEBUG - Entered env context: <rasterio.env.Env object at 0x7fa82418ae60>
2023-12-22 13:33:04,680 - rasterio._base - DEBUG - Sharing flag: 0
2023-12-22 13:33:04,682 - rasterio._base - DEBUG - Nodata success: 1, Nodata value: nan
2023-12-22 13:33:04,682 - rasterio._base - DEBUG - Dataset <open DatasetReader name='https://radar.bmkg.go.id/raster/radarsatelit_202312221320.tif' mode='r'> is started.
2023-12-22 13:33:04,682 - rasterio.env - DEBUG - Exiting env context: <rasterio.env.Env object at 0x7fa82418ae60>
2023-12-22 13:33:04,682 - rasterio.env - DEBUG - Cleared existing <rasterio._env.GDALEnv object at 0x7fa82719d630> options
2023-12-22 13:33:04,682 - rasterio._env - DEBUG - Stopped GDALEnv <rasterio._env.GDALEnv object at 0x7fa82719d630>.
2023-12-22 13:33:04,682 - rasterio.env - DEBUG - No GDAL environment exists
2023-12-22 13:33:04,682 - rasterio.env - DEBUG - New GDAL environment <rasterio._env.GDALEnv object at 0x7fa82719d630> created
2023-12-22 13:33:04,683 - rasterio._env - DEBUG - GDAL data found in package: path='/home/metpublic/PYTHON_VENV/present_weather/lib/python3.10/site-packages/rasterio/gdal_data'.
2023-12-22 13:33:04,683 - rasterio._env - DEBUG - PROJ data found in package: path='/home/metpublic/PYTHON_VENV/present_weather/lib/python3.10/site-packages/rasterio/proj_data'.
2023-12-22 13:33:04,683 - rasterio._env - DEBUG - Started GDALEnv: self=<rasterio._env.GDALEnv object at 0x7fa82719d630>.
2023-12-22 13:33:04,683 - rasterio.env - DEBUG - Exited env context: <rasterio.env.Env object at 0x7fa82418ae60>
2023-12-22 13:33:04,700 - rasterio._io - DEBUG - Output nodata value read from file: nan
2023-12-22 13:33:04,701 - rasterio._io - DEBUG - Output nodata values: [nan]
2023-12-22 13:33:04,701 - rasterio._io - DEBUG - all_valid: False
2023-12-22 13:33:04,701 - rasterio._io - DEBUG - mask_flags: ([<MaskFlags.nodata: 8>],)
2023-12-22 13:33:04,701 - rasterio._io - DEBUG - Jump straight to _read()
2023-12-22 13:33:04,701 - rasterio._io - DEBUG - Window: Window(col_off=0, row_off=0, width=10177, height=3732)
2023-12-22 13:33:04,702 - rasterio._io - DEBUG - IO window xoff=0.0 yoff=0.0 width=10177.0 height=3732.0
2023-12-22 13:33:05,305 - rasterio.env - DEBUG - Exiting env context: <rasterio.env.Env object at 0x7fa827b1f9d0>
2023-12-22 13:33:05,305 - rasterio.env - DEBUG - Cleared existing <rasterio._env.GDALEnv object at 0x7fa82719d630> options
2023-12-22 13:33:05,305 - rasterio._env - DEBUG - Stopped GDALEnv <rasterio._env.GDALEnv object at 0x7fa82719d630>.
2023-12-22 13:33:05,305 - rasterio.env - DEBUG - Exiting outermost env
2023-12-22 13:33:05,305 - rasterio.env - DEBUG - Exited env context: <rasterio.env.Env object at 0x7fa827b1f9d0>
2023-12-22 13:37:38,179 - rasterio.env - DEBUG - Entering env context: <rasterio.env.Env object at 0x7fa8044623b0>
2023-12-22 13:37:38,180 - rasterio.env - DEBUG - Starting outermost env
2023-12-22 13:37:38,180 - rasterio.env - DEBUG - No GDAL environment exists
2023-12-22 13:37:38,180 - rasterio.env - DEBUG - New GDAL environment <rasterio._env.GDALEnv object at 0x7fa8044603d0> created
2023-12-22 13:37:38,180 - rasterio._env - DEBUG - GDAL data found in package: path='/home/metpublic/PYTHON_VENV/present_weather/lib/python3.10/site-packages/rasterio/gdal_data'.
2023-12-22 13:37:38,180 - rasterio._env - DEBUG - PROJ data found in package: path='/home/metpublic/PYTHON_VENV/present_weather/lib/python3.10/site-packages/rasterio/proj_data'.
2023-12-22 13:37:38,181 - rasterio._env - DEBUG - Started GDALEnv: self=<rasterio._env.GDALEnv object at 0x7fa8044603d0>.
2023-12-22 13:37:38,181 - rasterio.env - DEBUG - Entered env context: <rasterio.env.Env object at 0x7fa8044623b0>
2023-12-22 13:37:38,181 - rasterio._base - DEBUG - Sharing flag: 0
2023-12-22 13:37:38,182 - rasterio._base - DEBUG - Nodata success: 0, Nodata value: 0.000000
2023-12-22 13:37:38,182 - rasterio._base - DEBUG - Dataset <open DatasetReader name='/home/metpublic/TASK_RELEASE/EFAN/present_weather/src/H09_B13_Indonesia_20231222.Z1300.cor.tiff' mode='r'> is started.
2023-12-22 13:37:38,183 - rasterio.env - DEBUG - Exiting env context: <rasterio.env.Env object at 0x7fa8044623b0>
2023-12-22 13:37:38,183 - rasterio.env - DEBUG - Cleared existing <rasterio._env.GDALEnv object at 0x7fa8044603d0> options
2023-12-22 13:37:38,183 - rasterio._env - DEBUG - Stopped GDALEnv <rasterio._env.GDALEnv object at 0x7fa8044603d0>.
2023-12-22 13:37:38,183 - rasterio.env - DEBUG - Exiting outermost env
2023-12-22 13:37:38,183 - rasterio.env - DEBUG - Exited env context: <rasterio.env.Env object at 0x7fa8044623b0>
2023-12-22 13:37:38,184 - rasterio.env - DEBUG - Entering env context: <rasterio.env.Env object at 0x7fa80468a230>
2023-12-22 13:37:38,184 - rasterio.env - DEBUG - Starting outermost env
2023-12-22 13:37:38,184 - rasterio.env - DEBUG - No GDAL environment exists
2023-12-22 13:37:38,184 - rasterio.env - DEBUG - New GDAL environment <rasterio._env.GDALEnv object at 0x7fa804462680> created
2023-12-22 13:37:38,185 - rasterio._env - DEBUG - GDAL data found in package: path='/home/metpublic/PYTHON_VENV/present_weather/lib/python3.10/site-packages/rasterio/gdal_data'.
2023-12-22 13:37:38,185 - rasterio._env - DEBUG - PROJ data found in package: path='/home/metpublic/PYTHON_VENV/present_weather/lib/python3.10/site-packages/rasterio/proj_data'.
2023-12-22 13:37:38,185 - rasterio._env - DEBUG - Started GDALEnv: self=<rasterio._env.GDALEnv object at 0x7fa804462680>.
2023-12-22 13:37:38,185 - rasterio.env - DEBUG - Entered env context: <rasterio.env.Env object at 0x7fa80468a230>
2023-12-22 13:37:38,185 - rasterio._base - DEBUG - Sharing flag: 0
2023-12-22 13:37:38,186 - rasterio._base - DEBUG - Nodata success: 0, Nodata value: 0.000000
2023-12-22 13:37:38,186 - rasterio._base - DEBUG - Dataset <open DatasetReader name='/home/metpublic/TASK_RELEASE/EFAN/present_weather/src/H09_B13_Indonesia_20231222.Z1300.cor.tiff' mode='r'> is started.
2023-12-22 13:37:38,186 - rasterio.env - DEBUG - Exiting env context: <rasterio.env.Env object at 0x7fa80468a230>
2023-12-22 13:37:38,186 - rasterio.env - DEBUG - Cleared existing <rasterio._env.GDALEnv object at 0x7fa804462680> options
2023-12-22 13:37:38,187 - rasterio._env - DEBUG - Stopped GDALEnv <rasterio._env.GDALEnv object at 0x7fa804462680>.
2023-12-22 13:37:38,187 - rasterio.env - DEBUG - Exiting outermost env
2023-12-22 13:37:38,187 - rasterio.env - DEBUG - Exited env context: <rasterio.env.Env object at 0x7fa80468a230>
2023-12-22 13:37:38,198 - root - INFO - Generating present weather using SATELITE data
2023-12-22 13:39:09,206 - root - INFO - Total elapsed time: 0:06:06.523427
