2023-11-28 08:23:02,794 - root - INFO - Initiating present weather
2023-11-28 08:23:02,796 - asyncio - DEBUG - Using selector: EpollSelector
2023-11-28 08:23:04,308 - urllib3.connectionpool - DEBUG - Starting new HTTPS connection (1): radar.bmkg.go.id:8060
2023-11-28 08:23:04,330 - urllib3.connectionpool - DEBUG - https://radar.bmkg.go.id:8060 "GET /getRadarGeotif?token=19387e71e78522ae4172ec0fda640983b8438c9cfa0ca571623cb69d8327&radar=amandemenForecast&type=latest HTTP/1.1" 200 90
2023-11-28 08:23:04,331 - rasterio.env - DEBUG - Entering env context: <rasterio.env.Env object at 0x7fd82bd41c90>
2023-11-28 08:23:04,332 - rasterio.env - DEBUG - Starting outermost env
2023-11-28 08:23:04,332 - rasterio.env - DEBUG - No GDAL environment exists
2023-11-28 08:23:04,332 - rasterio.env - DEBUG - New GDAL environment <rasterio._env.GDALEnv object at 0x7fd82bd40850> created
2023-11-28 08:23:04,335 - rasterio._filepath - DEBUG - Installing FilePath filesystem handler plugin...
2023-11-28 08:23:04,336 - rasterio._env - DEBUG - GDAL data found in package: path='/home/metpublic/PYTHON_VENV/present_weather/lib/python3.10/site-packages/rasterio/gdal_data'.
2023-11-28 08:23:04,336 - rasterio._env - DEBUG - PROJ data found in package: path='/home/metpublic/PYTHON_VENV/present_weather/lib/python3.10/site-packages/rasterio/proj_data'.
2023-11-28 08:23:04,336 - rasterio._env - DEBUG - Started GDALEnv: self=<rasterio._env.GDALEnv object at 0x7fd82bd40850>.
2023-11-28 08:23:04,336 - rasterio.env - DEBUG - Entered env context: <rasterio.env.Env object at 0x7fd82bd41c90>
2023-11-28 08:23:04,336 - rasterio._base - DEBUG - Sharing flag: 0
2023-11-28 08:23:04,523 - rasterio._base - DEBUG - Nodata success: 1, Nodata value: nan
2023-11-28 08:23:04,523 - rasterio._base - DEBUG - Dataset <open DatasetReader name='https://radar.bmkg.go.id/raster/radarsatelit_202311280800.tif' mode='r'> is started.
2023-11-28 08:23:04,523 - rasterio.env - DEBUG - Exiting env context: <rasterio.env.Env object at 0x7fd82bd41c90>
2023-11-28 08:23:04,523 - rasterio.env - DEBUG - Cleared existing <rasterio._env.GDALEnv object at 0x7fd82bd40850> options
2023-11-28 08:23:04,523 - rasterio._env - DEBUG - Stopped GDALEnv <rasterio._env.GDALEnv object at 0x7fd82bd40850>.
2023-11-28 08:23:04,523 - rasterio.env - DEBUG - Exiting outermost env
2023-11-28 08:23:04,523 - rasterio.env - DEBUG - Exited env context: <rasterio.env.Env object at 0x7fd82bd41c90>
2023-11-28 08:23:04,524 - rasterio.env - DEBUG - Entering env context: <rasterio.env.Env object at 0x7fd82bd77700>
2023-11-28 08:23:04,524 - rasterio.env - DEBUG - Starting outermost env
2023-11-28 08:23:04,524 - rasterio.env - DEBUG - No GDAL environment exists
2023-11-28 08:23:04,524 - rasterio.env - DEBUG - New GDAL environment <rasterio._env.GDALEnv object at 0x7fd82bd40850> created
2023-11-28 08:23:04,524 - rasterio._env - DEBUG - GDAL data found in package: path='/home/metpublic/PYTHON_VENV/present_weather/lib/python3.10/site-packages/rasterio/gdal_data'.
2023-11-28 08:23:04,524 - rasterio._env - DEBUG - PROJ data found in package: path='/home/metpublic/PYTHON_VENV/present_weather/lib/python3.10/site-packages/rasterio/proj_data'.
2023-11-28 08:23:04,524 - rasterio._env - DEBUG - Started GDALEnv: self=<rasterio._env.GDALEnv object at 0x7fd82bd40850>.
2023-11-28 08:23:04,525 - rasterio.env - DEBUG - Entered env context: <rasterio.env.Env object at 0x7fd82bd77700>
2023-11-28 08:23:04,525 - rasterio.env - DEBUG - Got a copy of environment <rasterio._env.GDALEnv object at 0x7fd82bd40850> options
2023-11-28 08:23:04,525 - rasterio.env - DEBUG - Entering env context: <rasterio.env.Env object at 0x7fd8281c4b80>
2023-11-28 08:23:04,525 - rasterio.env - DEBUG - Got a copy of environment <rasterio._env.GDALEnv object at 0x7fd82bd40850> options
2023-11-28 08:23:04,525 - rasterio.env - DEBUG - Entered env context: <rasterio.env.Env object at 0x7fd8281c4b80>
2023-11-28 08:23:04,525 - rasterio._base - DEBUG - Sharing flag: 0
2023-11-28 08:23:04,526 - rasterio._base - DEBUG - Nodata success: 1, Nodata value: nan
2023-11-28 08:23:04,526 - rasterio._base - DEBUG - Dataset <open DatasetReader name='https://radar.bmkg.go.id/raster/radarsatelit_202311280800.tif' mode='r'> is started.
2023-11-28 08:23:04,527 - rasterio.env - DEBUG - Exiting env context: <rasterio.env.Env object at 0x7fd8281c4b80>
2023-11-28 08:23:04,527 - rasterio.env - DEBUG - Cleared existing <rasterio._env.GDALEnv object at 0x7fd82bd40850> options
2023-11-28 08:23:04,527 - rasterio._env - DEBUG - Stopped GDALEnv <rasterio._env.GDALEnv object at 0x7fd82bd40850>.
2023-11-28 08:23:04,527 - rasterio.env - DEBUG - No GDAL environment exists
2023-11-28 08:23:04,527 - rasterio.env - DEBUG - New GDAL environment <rasterio._env.GDALEnv object at 0x7fd82bd40850> created
2023-11-28 08:23:04,527 - rasterio._env - DEBUG - GDAL data found in package: path='/home/metpublic/PYTHON_VENV/present_weather/lib/python3.10/site-packages/rasterio/gdal_data'.
2023-11-28 08:23:04,527 - rasterio._env - DEBUG - PROJ data found in package: path='/home/metpublic/PYTHON_VENV/present_weather/lib/python3.10/site-packages/rasterio/proj_data'.
2023-11-28 08:23:04,527 - rasterio._env - DEBUG - Started GDALEnv: self=<rasterio._env.GDALEnv object at 0x7fd82bd40850>.
2023-11-28 08:23:04,527 - rasterio.env - DEBUG - Exited env context: <rasterio.env.Env object at 0x7fd8281c4b80>
2023-11-28 08:23:04,545 - rasterio._io - DEBUG - Output nodata value read from file: nan
2023-11-28 08:23:04,546 - rasterio._io - DEBUG - Output nodata values: [nan]
2023-11-28 08:23:04,546 - rasterio._io - DEBUG - all_valid: False
2023-11-28 08:23:04,546 - rasterio._io - DEBUG - mask_flags: ([<MaskFlags.nodata: 8>],)
2023-11-28 08:23:04,546 - rasterio._io - DEBUG - Jump straight to _read()
2023-11-28 08:23:04,547 - rasterio._io - DEBUG - Window: Window(col_off=0, row_off=0, width=10215, height=3792)
2023-11-28 08:23:04,547 - rasterio._io - DEBUG - IO window xoff=0.0 yoff=0.0 width=10215.0 height=3792.0
2023-11-28 08:23:05,161 - rasterio.env - DEBUG - Exiting env context: <rasterio.env.Env object at 0x7fd82bd77700>
2023-11-28 08:23:05,161 - rasterio.env - DEBUG - Cleared existing <rasterio._env.GDALEnv object at 0x7fd82bd40850> options
2023-11-28 08:23:05,161 - rasterio._env - DEBUG - Stopped GDALEnv <rasterio._env.GDALEnv object at 0x7fd82bd40850>.
2023-11-28 08:23:05,161 - rasterio.env - DEBUG - Exiting outermost env
2023-11-28 08:23:05,161 - rasterio.env - DEBUG - Exited env context: <rasterio.env.Env object at 0x7fd82bd77700>
2023-11-28 08:23:05,163 - urllib3.connectionpool - DEBUG - Starting new HTTPS connection (1): radar.bmkg.go.id:8060
2023-11-28 08:23:05,176 - urllib3.connectionpool - DEBUG - https://radar.bmkg.go.id:8060 "GET /getLatestLD?typeData=1 HTTP/1.1" 200 62
2023-11-28 08:23:06,901 - rasterio.env - DEBUG - Entering env context: <rasterio.env.Env object at 0x7fd82b3db880>
2023-11-28 08:23:06,901 - rasterio.env - DEBUG - Starting outermost env
2023-11-28 08:23:06,901 - rasterio.env - DEBUG - No GDAL environment exists
2023-11-28 08:23:06,902 - rasterio.env - DEBUG - New GDAL environment <rasterio._env.GDALEnv object at 0x7fd82b3db670> created
2023-11-28 08:23:06,902 - rasterio._env - DEBUG - GDAL data found in package: path='/home/metpublic/PYTHON_VENV/present_weather/lib/python3.10/site-packages/rasterio/gdal_data'.
2023-11-28 08:23:06,902 - rasterio._env - DEBUG - PROJ data found in package: path='/home/metpublic/PYTHON_VENV/present_weather/lib/python3.10/site-packages/rasterio/proj_data'.
2023-11-28 08:23:06,902 - rasterio._env - DEBUG - Started GDALEnv: self=<rasterio._env.GDALEnv object at 0x7fd82b3db670>.
2023-11-28 08:23:06,902 - rasterio.env - DEBUG - Entered env context: <rasterio.env.Env object at 0x7fd82b3db880>
2023-11-28 08:23:06,902 - rasterio._base - DEBUG - Sharing flag: 0
2023-11-28 08:23:06,904 - rasterio._base - DEBUG - Nodata success: 0, Nodata value: 0.000000
2023-11-28 08:23:06,904 - rasterio._base - DEBUG - Dataset <open DatasetReader name='/home/metpublic/TASK_RELEASE/EFAN/present_weather/src/H09_B13_Indonesia_20231128.Z0740.cor.tiff' mode='r'> is started.
2023-11-28 08:23:06,904 - rasterio.env - DEBUG - Exiting env context: <rasterio.env.Env object at 0x7fd82b3db880>
2023-11-28 08:23:06,904 - rasterio.env - DEBUG - Cleared existing <rasterio._env.GDALEnv object at 0x7fd82b3db670> options
2023-11-28 08:23:06,904 - rasterio._env - DEBUG - Stopped GDALEnv <rasterio._env.GDALEnv object at 0x7fd82b3db670>.
2023-11-28 08:23:06,904 - rasterio.env - DEBUG - Exiting outermost env
2023-11-28 08:23:06,905 - rasterio.env - DEBUG - Exited env context: <rasterio.env.Env object at 0x7fd82b3db880>
2023-11-28 08:23:06,905 - rasterio.env - DEBUG - Entering env context: <rasterio.env.Env object at 0x7fd8281c6dd0>
2023-11-28 08:23:06,905 - rasterio.env - DEBUG - Starting outermost env
2023-11-28 08:23:06,905 - rasterio.env - DEBUG - No GDAL environment exists
2023-11-28 08:23:06,905 - rasterio.env - DEBUG - New GDAL environment <rasterio._env.GDALEnv object at 0x7fd8281c5150> created
2023-11-28 08:23:06,906 - rasterio._env - DEBUG - GDAL data found in package: path='/home/metpublic/PYTHON_VENV/present_weather/lib/python3.10/site-packages/rasterio/gdal_data'.
2023-11-28 08:23:06,906 - rasterio._env - DEBUG - PROJ data found in package: path='/home/metpublic/PYTHON_VENV/present_weather/lib/python3.10/site-packages/rasterio/proj_data'.
2023-11-28 08:23:06,906 - rasterio._env - DEBUG - Started GDALEnv: self=<rasterio._env.GDALEnv object at 0x7fd8281c5150>.
2023-11-28 08:23:06,906 - rasterio.env - DEBUG - Entered env context: <rasterio.env.Env object at 0x7fd8281c6dd0>
2023-11-28 08:23:06,906 - rasterio._base - DEBUG - Sharing flag: 0
2023-11-28 08:23:06,907 - rasterio._base - DEBUG - Nodata success: 0, Nodata value: 0.000000
2023-11-28 08:23:06,907 - rasterio._base - DEBUG - Dataset <open DatasetReader name='/home/metpublic/TASK_RELEASE/EFAN/present_weather/src/H09_B13_Indonesia_20231128.Z0740.cor.tiff' mode='r'> is started.
2023-11-28 08:23:06,907 - rasterio.env - DEBUG - Exiting env context: <rasterio.env.Env object at 0x7fd8281c6dd0>
2023-11-28 08:23:06,907 - rasterio.env - DEBUG - Cleared existing <rasterio._env.GDALEnv object at 0x7fd8281c5150> options
2023-11-28 08:23:06,907 - rasterio._env - DEBUG - Stopped GDALEnv <rasterio._env.GDALEnv object at 0x7fd8281c5150>.
2023-11-28 08:23:06,907 - rasterio.env - DEBUG - Exiting outermost env
2023-11-28 08:23:06,907 - rasterio.env - DEBUG - Exited env context: <rasterio.env.Env object at 0x7fd8281c6dd0>
2023-11-28 08:23:06,917 - root - INFO - Generating present weather using SATELITE data
2023-11-28 08:24:00,333 - root - INFO - Total elapsed time: 0:00:57.539465
