2023-11-26 18:23:03,568 - root - INFO - Initiating present weather
2023-11-26 18:23:03,571 - asyncio - DEBUG - Using selector: EpollSelector
2023-11-26 18:23:06,849 - urllib3.connectionpool - DEBUG - Starting new HTTPS connection (1): radar.bmkg.go.id:8060
2023-11-26 18:23:06,914 - urllib3.connectionpool - DEBUG - https://radar.bmkg.go.id:8060 "GET /getRadarGeotif?token=19387e71e78522ae4172ec0fda640983b8438c9cfa0ca571623cb69d8327&radar=amandemenForecast&type=latest HTTP/1.1" 200 90
2023-11-26 18:23:06,917 - rasterio.env - DEBUG - Entering env context: <rasterio.env.Env object at 0x7f7653e3bec0>
2023-11-26 18:23:06,918 - rasterio.env - DEBUG - Starting outermost env
2023-11-26 18:23:06,918 - rasterio.env - DEBUG - No GDAL environment exists
2023-11-26 18:23:06,918 - rasterio.env - DEBUG - New GDAL environment <rasterio._env.GDALEnv object at 0x7f7653e38430> created
2023-11-26 18:23:06,922 - rasterio._filepath - DEBUG - Installing FilePath filesystem handler plugin...
2023-11-26 18:23:06,922 - rasterio._env - DEBUG - GDAL data found in package: path='/home/swx/miniconda3/envs/present_weather/lib/python3.12/site-packages/rasterio/gdal_data'.
2023-11-26 18:23:06,922 - rasterio._env - DEBUG - PROJ_LIB found in environment.
2023-11-26 18:23:06,923 - rasterio._env - DEBUG - Started GDALEnv: self=<rasterio._env.GDALEnv object at 0x7f7653e38430>.
2023-11-26 18:23:06,923 - rasterio.env - DEBUG - Entered env context: <rasterio.env.Env object at 0x7f7653e3bec0>
2023-11-26 18:23:06,923 - rasterio._base - DEBUG - Sharing flag: 0
2023-11-26 18:23:07,115 - rasterio._base - DEBUG - Nodata success: 1, Nodata value: nan
2023-11-26 18:23:07,116 - rasterio._base - DEBUG - Dataset <open DatasetReader name='https://radar.bmkg.go.id/raster/radarsatelit_202311261820.tif' mode='r'> is started.
2023-11-26 18:23:07,116 - rasterio.env - DEBUG - Exiting env context: <rasterio.env.Env object at 0x7f7653e3bec0>
2023-11-26 18:23:07,116 - rasterio.env - DEBUG - Cleared existing <rasterio._env.GDALEnv object at 0x7f7653e38430> options
2023-11-26 18:23:07,116 - rasterio._env - DEBUG - Stopped GDALEnv <rasterio._env.GDALEnv object at 0x7f7653e38430>.
2023-11-26 18:23:07,117 - rasterio.env - DEBUG - Exiting outermost env
2023-11-26 18:23:07,117 - rasterio.env - DEBUG - Exited env context: <rasterio.env.Env object at 0x7f7653e3bec0>
2023-11-26 18:23:07,117 - rasterio.env - DEBUG - Entering env context: <rasterio.env.Env object at 0x7f7653f25280>
2023-11-26 18:23:07,117 - rasterio.env - DEBUG - Starting outermost env
2023-11-26 18:23:07,117 - rasterio.env - DEBUG - No GDAL environment exists
2023-11-26 18:23:07,117 - rasterio.env - DEBUG - New GDAL environment <rasterio._env.GDALEnv object at 0x7f7653e18310> created
2023-11-26 18:23:07,118 - rasterio._env - DEBUG - GDAL data found in package: path='/home/swx/miniconda3/envs/present_weather/lib/python3.12/site-packages/rasterio/gdal_data'.
2023-11-26 18:23:07,118 - rasterio._env - DEBUG - PROJ_LIB found in environment.
2023-11-26 18:23:07,118 - rasterio._env - DEBUG - Started GDALEnv: self=<rasterio._env.GDALEnv object at 0x7f7653e18310>.
2023-11-26 18:23:07,118 - rasterio.env - DEBUG - Entered env context: <rasterio.env.Env object at 0x7f7653f25280>
2023-11-26 18:23:07,118 - rasterio.env - DEBUG - Got a copy of environment <rasterio._env.GDALEnv object at 0x7f7653e18310> options
2023-11-26 18:23:07,119 - rasterio.env - DEBUG - Entering env context: <rasterio.env.Env object at 0x7f7653e76150>
2023-11-26 18:23:07,119 - rasterio.env - DEBUG - Got a copy of environment <rasterio._env.GDALEnv object at 0x7f7653e18310> options
2023-11-26 18:23:07,119 - rasterio.env - DEBUG - Entered env context: <rasterio.env.Env object at 0x7f7653e76150>
2023-11-26 18:23:07,119 - rasterio._base - DEBUG - Sharing flag: 0
2023-11-26 18:23:07,120 - rasterio._base - DEBUG - Nodata success: 1, Nodata value: nan
2023-11-26 18:23:07,120 - rasterio._base - DEBUG - Dataset <open DatasetReader name='https://radar.bmkg.go.id/raster/radarsatelit_202311261820.tif' mode='r'> is started.
2023-11-26 18:23:07,120 - rasterio.env - DEBUG - Exiting env context: <rasterio.env.Env object at 0x7f7653e76150>
2023-11-26 18:23:07,120 - rasterio.env - DEBUG - Cleared existing <rasterio._env.GDALEnv object at 0x7f7653e18310> options
2023-11-26 18:23:07,120 - rasterio._env - DEBUG - Stopped GDALEnv <rasterio._env.GDALEnv object at 0x7f7653e18310>.
2023-11-26 18:23:07,121 - rasterio.env - DEBUG - No GDAL environment exists
2023-11-26 18:23:07,121 - rasterio.env - DEBUG - New GDAL environment <rasterio._env.GDALEnv object at 0x7f7653e18310> created
2023-11-26 18:23:07,121 - rasterio._env - DEBUG - GDAL data found in package: path='/home/swx/miniconda3/envs/present_weather/lib/python3.12/site-packages/rasterio/gdal_data'.
2023-11-26 18:23:07,121 - rasterio._env - DEBUG - PROJ_LIB found in environment.
2023-11-26 18:23:07,122 - rasterio._env - DEBUG - Started GDALEnv: self=<rasterio._env.GDALEnv object at 0x7f7653e18310>.
2023-11-26 18:23:07,122 - rasterio.env - DEBUG - Exited env context: <rasterio.env.Env object at 0x7f7653e76150>
2023-11-26 18:23:07,147 - rasterio._io - DEBUG - Output nodata value read from file: nan
2023-11-26 18:23:07,147 - rasterio._io - DEBUG - Output nodata values: [nan]
2023-11-26 18:23:07,147 - rasterio._io - DEBUG - all_valid: False
2023-11-26 18:23:07,147 - rasterio._io - DEBUG - mask_flags: ([<MaskFlags.nodata: 8>],)
2023-11-26 18:23:07,147 - rasterio._io - DEBUG - Jump straight to _read()
2023-11-26 18:23:07,148 - rasterio._io - DEBUG - Window: Window(col_off=0, row_off=0, width=10215, height=3792)
2023-11-26 18:23:07,148 - rasterio._io - DEBUG - IO window xoff=0.0 yoff=0.0 width=10215.0 height=3792.0
2023-11-26 18:23:07,981 - rasterio.env - DEBUG - Exiting env context: <rasterio.env.Env object at 0x7f7653f25280>
2023-11-26 18:23:07,982 - rasterio.env - DEBUG - Cleared existing <rasterio._env.GDALEnv object at 0x7f7653e18310> options
2023-11-26 18:23:07,982 - rasterio._env - DEBUG - Stopped GDALEnv <rasterio._env.GDALEnv object at 0x7f7653e18310>.
2023-11-26 18:23:07,982 - rasterio.env - DEBUG - Exiting outermost env
2023-11-26 18:23:07,982 - rasterio.env - DEBUG - Exited env context: <rasterio.env.Env object at 0x7f7653f25280>
2023-11-26 18:23:07,984 - urllib3.connectionpool - DEBUG - Starting new HTTPS connection (1): radar.bmkg.go.id:8060
2023-11-26 18:23:08,044 - urllib3.connectionpool - DEBUG - https://radar.bmkg.go.id:8060 "GET /getLatestLD?typeData=1 HTTP/1.1" 200 8329
2023-11-26 18:23:08,055 - root - INFO - Generating present weather using RADAR data
2023-11-26 18:23:11,419 - root - INFO - dask.bag<lambda, npartitions=20>
2023-11-26 18:36:01,727 - root - INFO - Total elapsed time: 0:12:58.160307
