2023-11-09 13:40:05,875 - root - INFO - Initiating present weather
2023-11-09 13:40:05,880 - urllib3.connectionpool - DEBUG - Starting new HTTPS connection (1): radar.bmkg.go.id:8060
2023-11-09 13:40:05,950 - urllib3.connectionpool - DEBUG - https://radar.bmkg.go.id:8060 "GET /getRadarGeotif?token=19387e71e78522ae4172ec0fda640983b8438c9cfa0ca571623cb69d8327&radar=amandemenForecast&type=latest HTTP/1.1" 200 90
2023-11-09 13:40:05,965 - rasterio.env - DEBUG - Entering env context: <rasterio.env.Env object at 0x7fdb806345f0>
2023-11-09 13:40:05,973 - rasterio.env - DEBUG - Starting outermost env
2023-11-09 13:40:05,973 - rasterio.env - DEBUG - No GDAL environment exists
2023-11-09 13:40:05,974 - rasterio.env - DEBUG - New GDAL environment <rasterio._env.GDALEnv object at 0x7fdc0ca59ff0> created
2023-11-09 13:40:05,979 - rasterio._filepath - DEBUG - Installing FilePath filesystem handler plugin...
2023-11-09 13:40:05,980 - rasterio._env - DEBUG - GDAL data found in package: path='/home/swx/miniconda3/envs/present_weather/lib/python3.12/site-packages/rasterio/gdal_data'.
2023-11-09 13:40:05,980 - rasterio._env - DEBUG - PROJ_LIB found in environment.
2023-11-09 13:40:05,981 - rasterio._env - DEBUG - Started GDALEnv: self=<rasterio._env.GDALEnv object at 0x7fdc0ca59ff0>.
2023-11-09 13:40:05,981 - rasterio.env - DEBUG - Entered env context: <rasterio.env.Env object at 0x7fdb806345f0>
2023-11-09 13:40:05,981 - rasterio._base - DEBUG - Sharing flag: 0
2023-11-09 13:40:06,173 - rasterio._base - DEBUG - Nodata success: 1, Nodata value: nan
2023-11-09 13:40:06,173 - rasterio._base - DEBUG - Dataset <open DatasetReader name='https://radar.bmkg.go.id/raster/radarsatelit_202311091330.tif' mode='r'> is started.
2023-11-09 13:40:06,174 - rasterio.env - DEBUG - Exiting env context: <rasterio.env.Env object at 0x7fdb806345f0>
2023-11-09 13:40:06,175 - rasterio.env - DEBUG - Cleared existing <rasterio._env.GDALEnv object at 0x7fdc0ca59ff0> options
2023-11-09 13:40:06,175 - rasterio._env - DEBUG - Stopped GDALEnv <rasterio._env.GDALEnv object at 0x7fdc0ca59ff0>.
2023-11-09 13:40:06,175 - rasterio.env - DEBUG - Exiting outermost env
2023-11-09 13:40:06,175 - rasterio.env - DEBUG - Exited env context: <rasterio.env.Env object at 0x7fdb806345f0>
2023-11-09 13:40:06,176 - rasterio.env - DEBUG - Entering env context: <rasterio.env.Env object at 0x7fdb7f325040>
2023-11-09 13:40:06,176 - rasterio.env - DEBUG - Starting outermost env
2023-11-09 13:40:06,176 - rasterio.env - DEBUG - No GDAL environment exists
2023-11-09 13:40:06,176 - rasterio.env - DEBUG - New GDAL environment <rasterio._env.GDALEnv object at 0x7fdc0ca59ff0> created
2023-11-09 13:40:06,177 - rasterio._env - DEBUG - GDAL data found in package: path='/home/swx/miniconda3/envs/present_weather/lib/python3.12/site-packages/rasterio/gdal_data'.
2023-11-09 13:40:06,177 - rasterio._env - DEBUG - PROJ_LIB found in environment.
2023-11-09 13:40:06,178 - rasterio._env - DEBUG - Started GDALEnv: self=<rasterio._env.GDALEnv object at 0x7fdc0ca59ff0>.
2023-11-09 13:40:06,178 - rasterio.env - DEBUG - Entered env context: <rasterio.env.Env object at 0x7fdb7f325040>
2023-11-09 13:40:06,179 - rasterio.env - DEBUG - Got a copy of environment <rasterio._env.GDALEnv object at 0x7fdc0ca59ff0> options
2023-11-09 13:40:06,179 - rasterio.env - DEBUG - Entering env context: <rasterio.env.Env object at 0x7fdb7efe6390>
2023-11-09 13:40:06,179 - rasterio.env - DEBUG - Got a copy of environment <rasterio._env.GDALEnv object at 0x7fdc0ca59ff0> options
2023-11-09 13:40:06,179 - rasterio.env - DEBUG - Entered env context: <rasterio.env.Env object at 0x7fdb7efe6390>
2023-11-09 13:40:06,180 - rasterio._base - DEBUG - Sharing flag: 0
2023-11-09 13:40:06,181 - rasterio._base - DEBUG - Nodata success: 1, Nodata value: nan
2023-11-09 13:40:06,181 - rasterio._base - DEBUG - Dataset <open DatasetReader name='https://radar.bmkg.go.id/raster/radarsatelit_202311091330.tif' mode='r'> is started.
2023-11-09 13:40:06,182 - rasterio.env - DEBUG - Exiting env context: <rasterio.env.Env object at 0x7fdb7efe6390>
2023-11-09 13:40:06,182 - rasterio.env - DEBUG - Cleared existing <rasterio._env.GDALEnv object at 0x7fdc0ca59ff0> options
2023-11-09 13:40:06,182 - rasterio._env - DEBUG - Stopped GDALEnv <rasterio._env.GDALEnv object at 0x7fdc0ca59ff0>.
2023-11-09 13:40:06,183 - rasterio.env - DEBUG - No GDAL environment exists
2023-11-09 13:40:06,183 - rasterio.env - DEBUG - New GDAL environment <rasterio._env.GDALEnv object at 0x7fdc0ca59ff0> created
2023-11-09 13:40:06,185 - rasterio._env - DEBUG - GDAL data found in package: path='/home/swx/miniconda3/envs/present_weather/lib/python3.12/site-packages/rasterio/gdal_data'.
2023-11-09 13:40:06,185 - rasterio._env - DEBUG - PROJ_LIB found in environment.
2023-11-09 13:40:06,185 - rasterio._env - DEBUG - Started GDALEnv: self=<rasterio._env.GDALEnv object at 0x7fdc0ca59ff0>.
2023-11-09 13:40:06,186 - rasterio.env - DEBUG - Exited env context: <rasterio.env.Env object at 0x7fdb7efe6390>
2023-11-09 13:40:06,235 - rasterio._io - DEBUG - Output nodata value read from file: nan
2023-11-09 13:40:06,236 - rasterio._io - DEBUG - Output nodata values: [nan]
2023-11-09 13:40:06,238 - rasterio._io - DEBUG - all_valid: False
2023-11-09 13:40:06,238 - rasterio._io - DEBUG - mask_flags: ([<MaskFlags.nodata: 8>],)
2023-11-09 13:40:06,239 - rasterio._io - DEBUG - Jump straight to _read()
2023-11-09 13:40:06,239 - rasterio._io - DEBUG - Window: Window(col_off=0, row_off=0, width=10215, height=3789)
2023-11-09 13:40:06,241 - rasterio._io - DEBUG - IO window xoff=0.0 yoff=0.0 width=10215.0 height=3789.0
2023-11-09 13:40:07,930 - rasterio.env - DEBUG - Exiting env context: <rasterio.env.Env object at 0x7fdb7f325040>
2023-11-09 13:40:07,930 - rasterio.env - DEBUG - Cleared existing <rasterio._env.GDALEnv object at 0x7fdc0ca59ff0> options
2023-11-09 13:40:07,930 - rasterio._env - DEBUG - Stopped GDALEnv <rasterio._env.GDALEnv object at 0x7fdc0ca59ff0>.
2023-11-09 13:40:07,930 - rasterio.env - DEBUG - Exiting outermost env
2023-11-09 13:40:07,931 - rasterio.env - DEBUG - Exited env context: <rasterio.env.Env object at 0x7fdb7f325040>
2023-11-09 13:40:07,933 - urllib3.connectionpool - DEBUG - Starting new HTTPS connection (1): radar.bmkg.go.id:8060
2023-11-09 13:40:13,083 - urllib3.connectionpool - DEBUG - https://radar.bmkg.go.id:8060 "GET /getLatestLD?typeData=1 HTTP/1.1" 200 29466
2023-11-09 13:40:13,161 - asyncio - DEBUG - Using selector: EpollSelector
2023-11-09 13:40:29,891 - root - INFO - dask.bag<lambda, npartitions=34>
2023-11-09 14:39:34,838 - root - INFO - Total elapsed time: 0:59:28.963013
