2023-12-07 14:53:02,256 - root - INFO - Initiating present weather
2023-12-07 14:53:02,258 - asyncio - DEBUG - Using selector: EpollSelector
2023-12-07 14:53:03,773 - urllib3.connectionpool - DEBUG - Starting new HTTPS connection (1): radar.bmkg.go.id:8060
2023-12-07 14:53:03,786 - urllib3.connectionpool - DEBUG - https://radar.bmkg.go.id:8060 "GET /getLatestLD?typeData=1 HTTP/1.1" 200 62
2023-12-07 14:53:03,788 - urllib3.connectionpool - DEBUG - Starting new HTTPS connection (1): radar.bmkg.go.id:8060
2023-12-07 14:53:03,810 - urllib3.connectionpool - DEBUG - https://radar.bmkg.go.id:8060 "GET /getRadarGeotif?token=19387e71e78522ae4172ec0fda640983b8438c9cfa0ca571623cb69d8327&radar=amandemenForecast&type=latest HTTP/1.1" 200 90
2023-12-07 14:53:03,811 - rasterio.env - DEBUG - Entering env context: <rasterio.env.Env object at 0x7fb94d716980>
2023-12-07 14:53:03,812 - rasterio.env - DEBUG - Starting outermost env
2023-12-07 14:53:03,812 - rasterio.env - DEBUG - No GDAL environment exists
2023-12-07 14:53:03,812 - rasterio.env - DEBUG - New GDAL environment <rasterio._env.GDALEnv object at 0x7fb94d716a10> created
2023-12-07 14:53:03,814 - rasterio._filepath - DEBUG - Installing FilePath filesystem handler plugin...
2023-12-07 14:53:03,814 - rasterio._env - DEBUG - GDAL data found in package: path='/home/metpublic/PYTHON_VENV/present_weather/lib/python3.10/site-packages/rasterio/gdal_data'.
2023-12-07 14:53:03,814 - rasterio._env - DEBUG - PROJ data found in package: path='/home/metpublic/PYTHON_VENV/present_weather/lib/python3.10/site-packages/rasterio/proj_data'.
2023-12-07 14:53:03,815 - rasterio._env - DEBUG - Started GDALEnv: self=<rasterio._env.GDALEnv object at 0x7fb94d716a10>.
2023-12-07 14:53:03,815 - rasterio.env - DEBUG - Entered env context: <rasterio.env.Env object at 0x7fb94d716980>
2023-12-07 14:53:03,815 - rasterio._base - DEBUG - Sharing flag: 0
2023-12-07 14:53:04,069 - rasterio._base - DEBUG - Nodata success: 1, Nodata value: nan
2023-12-07 14:53:04,070 - rasterio._base - DEBUG - Dataset <open DatasetReader name='https://radar.bmkg.go.id/raster/radarsatelit_202312071450.tif' mode='r'> is started.
2023-12-07 14:53:04,071 - rasterio.env - DEBUG - Exiting env context: <rasterio.env.Env object at 0x7fb94d716980>
2023-12-07 14:53:04,071 - rasterio.env - DEBUG - Cleared existing <rasterio._env.GDALEnv object at 0x7fb94d716a10> options
2023-12-07 14:53:04,071 - rasterio._env - DEBUG - Stopped GDALEnv <rasterio._env.GDALEnv object at 0x7fb94d716a10>.
2023-12-07 14:53:04,071 - rasterio.env - DEBUG - Exiting outermost env
2023-12-07 14:53:04,071 - rasterio.env - DEBUG - Exited env context: <rasterio.env.Env object at 0x7fb94d716980>
2023-12-07 14:53:04,071 - rasterio.env - DEBUG - Entering env context: <rasterio.env.Env object at 0x7fb94cda0580>
2023-12-07 14:53:04,071 - rasterio.env - DEBUG - Starting outermost env
2023-12-07 14:53:04,071 - rasterio.env - DEBUG - No GDAL environment exists
2023-12-07 14:53:04,071 - rasterio.env - DEBUG - New GDAL environment <rasterio._env.GDALEnv object at 0x7fb94d716a10> created
2023-12-07 14:53:04,072 - rasterio._env - DEBUG - GDAL data found in package: path='/home/metpublic/PYTHON_VENV/present_weather/lib/python3.10/site-packages/rasterio/gdal_data'.
2023-12-07 14:53:04,072 - rasterio._env - DEBUG - PROJ data found in package: path='/home/metpublic/PYTHON_VENV/present_weather/lib/python3.10/site-packages/rasterio/proj_data'.
2023-12-07 14:53:04,072 - rasterio._env - DEBUG - Started GDALEnv: self=<rasterio._env.GDALEnv object at 0x7fb94d716a10>.
2023-12-07 14:53:04,072 - rasterio.env - DEBUG - Entered env context: <rasterio.env.Env object at 0x7fb94cda0580>
2023-12-07 14:53:04,072 - rasterio.env - DEBUG - Got a copy of environment <rasterio._env.GDALEnv object at 0x7fb94d716a10> options
2023-12-07 14:53:04,072 - rasterio.env - DEBUG - Entering env context: <rasterio.env.Env object at 0x7fb94cddff70>
2023-12-07 14:53:04,072 - rasterio.env - DEBUG - Got a copy of environment <rasterio._env.GDALEnv object at 0x7fb94d716a10> options
2023-12-07 14:53:04,072 - rasterio.env - DEBUG - Entered env context: <rasterio.env.Env object at 0x7fb94cddff70>
2023-12-07 14:53:04,073 - rasterio._base - DEBUG - Sharing flag: 0
2023-12-07 14:53:04,073 - rasterio._base - DEBUG - Nodata success: 1, Nodata value: nan
2023-12-07 14:53:04,073 - rasterio._base - DEBUG - Dataset <open DatasetReader name='https://radar.bmkg.go.id/raster/radarsatelit_202312071450.tif' mode='r'> is started.
2023-12-07 14:53:04,073 - rasterio.env - DEBUG - Exiting env context: <rasterio.env.Env object at 0x7fb94cddff70>
2023-12-07 14:53:04,073 - rasterio.env - DEBUG - Cleared existing <rasterio._env.GDALEnv object at 0x7fb94d716a10> options
2023-12-07 14:53:04,074 - rasterio._env - DEBUG - Stopped GDALEnv <rasterio._env.GDALEnv object at 0x7fb94d716a10>.
2023-12-07 14:53:04,074 - rasterio.env - DEBUG - No GDAL environment exists
2023-12-07 14:53:04,074 - rasterio.env - DEBUG - New GDAL environment <rasterio._env.GDALEnv object at 0x7fb94d716a10> created
2023-12-07 14:53:04,074 - rasterio._env - DEBUG - GDAL data found in package: path='/home/metpublic/PYTHON_VENV/present_weather/lib/python3.10/site-packages/rasterio/gdal_data'.
2023-12-07 14:53:04,074 - rasterio._env - DEBUG - PROJ data found in package: path='/home/metpublic/PYTHON_VENV/present_weather/lib/python3.10/site-packages/rasterio/proj_data'.
2023-12-07 14:53:04,074 - rasterio._env - DEBUG - Started GDALEnv: self=<rasterio._env.GDALEnv object at 0x7fb94d716a10>.
2023-12-07 14:53:04,074 - rasterio.env - DEBUG - Exited env context: <rasterio.env.Env object at 0x7fb94cddff70>
2023-12-07 14:53:04,089 - rasterio._io - DEBUG - Output nodata value read from file: nan
2023-12-07 14:53:04,089 - rasterio._io - DEBUG - Output nodata values: [nan]
2023-12-07 14:53:04,089 - rasterio._io - DEBUG - all_valid: False
2023-12-07 14:53:04,089 - rasterio._io - DEBUG - mask_flags: ([<MaskFlags.nodata: 8>],)
2023-12-07 14:53:04,090 - rasterio._io - DEBUG - Jump straight to _read()
2023-12-07 14:53:04,090 - rasterio._io - DEBUG - Window: Window(col_off=0, row_off=0, width=10215, height=3792)
2023-12-07 14:53:04,090 - rasterio._io - DEBUG - IO window xoff=0.0 yoff=0.0 width=10215.0 height=3792.0
2023-12-07 14:53:04,644 - rasterio.env - DEBUG - Exiting env context: <rasterio.env.Env object at 0x7fb94cda0580>
2023-12-07 14:53:04,645 - rasterio.env - DEBUG - Cleared existing <rasterio._env.GDALEnv object at 0x7fb94d716a10> options
2023-12-07 14:53:04,645 - rasterio._env - DEBUG - Stopped GDALEnv <rasterio._env.GDALEnv object at 0x7fb94d716a10>.
2023-12-07 14:53:04,645 - rasterio.env - DEBUG - Exiting outermost env
2023-12-07 14:53:04,645 - rasterio.env - DEBUG - Exited env context: <rasterio.env.Env object at 0x7fb94cda0580>
2023-12-07 14:59:39,855 - root - INFO - Total elapsed time: 0:06:37.599122
