2023-12-16 03:43:02,637 - root - INFO - Initiating present weather
2023-12-16 03:43:02,640 - asyncio - DEBUG - Using selector: EpollSelector
2023-12-16 03:43:04,288 - urllib3.connectionpool - DEBUG - Starting new HTTPS connection (1): radar.bmkg.go.id:8060
2023-12-16 03:43:10,315 - urllib3.connectionpool - DEBUG - https://radar.bmkg.go.id:8060 "GET /getLatestLD?typeData=1 HTTP/1.1" 200 62
2023-12-16 03:43:10,317 - urllib3.connectionpool - DEBUG - Starting new HTTPS connection (1): radar.bmkg.go.id:8060
2023-12-16 03:43:10,336 - urllib3.connectionpool - DEBUG - https://radar.bmkg.go.id:8060 "GET /getRadarGeotif?token=19387e71e78522ae4172ec0fda640983b8438c9cfa0ca571623cb69d8327&radar=amandemenForecast&type=latest HTTP/1.1" 200 90
2023-12-16 03:43:10,337 - rasterio.env - DEBUG - Entering env context: <rasterio.env.Env object at 0x7f24bf09d210>
2023-12-16 03:43:10,338 - rasterio.env - DEBUG - Starting outermost env
2023-12-16 03:43:10,338 - rasterio.env - DEBUG - No GDAL environment exists
2023-12-16 03:43:10,338 - rasterio.env - DEBUG - New GDAL environment <rasterio._env.GDALEnv object at 0x7f24bf09d1e0> created
2023-12-16 03:43:10,340 - rasterio._filepath - DEBUG - Installing FilePath filesystem handler plugin...
2023-12-16 03:43:10,340 - rasterio._env - DEBUG - GDAL data found in package: path='/home/metpublic/PYTHON_VENV/present_weather/lib/python3.10/site-packages/rasterio/gdal_data'.
2023-12-16 03:43:10,340 - rasterio._env - DEBUG - PROJ data found in package: path='/home/metpublic/PYTHON_VENV/present_weather/lib/python3.10/site-packages/rasterio/proj_data'.
2023-12-16 03:43:10,341 - rasterio._env - DEBUG - Started GDALEnv: self=<rasterio._env.GDALEnv object at 0x7f24bf09d1e0>.
2023-12-16 03:43:10,341 - rasterio.env - DEBUG - Entered env context: <rasterio.env.Env object at 0x7f24bf09d210>
2023-12-16 03:43:10,341 - rasterio._base - DEBUG - Sharing flag: 0
2023-12-16 03:43:10,659 - rasterio._base - DEBUG - Nodata success: 1, Nodata value: nan
2023-12-16 03:43:10,659 - rasterio._base - DEBUG - Dataset <open DatasetReader name='https://radar.bmkg.go.id/raster/radarsatelit_202312160340.tif' mode='r'> is started.
2023-12-16 03:43:10,660 - rasterio.env - DEBUG - Exiting env context: <rasterio.env.Env object at 0x7f24bf09d210>
2023-12-16 03:43:10,660 - rasterio.env - DEBUG - Cleared existing <rasterio._env.GDALEnv object at 0x7f24bf09d1e0> options
2023-12-16 03:43:10,660 - rasterio._env - DEBUG - Stopped GDALEnv <rasterio._env.GDALEnv object at 0x7f24bf09d1e0>.
2023-12-16 03:43:10,660 - rasterio.env - DEBUG - Exiting outermost env
2023-12-16 03:43:10,660 - rasterio.env - DEBUG - Exited env context: <rasterio.env.Env object at 0x7f24bf09d210>
2023-12-16 03:43:10,661 - rasterio.env - DEBUG - Entering env context: <rasterio.env.Env object at 0x7f24bf0594e0>
2023-12-16 03:43:10,661 - rasterio.env - DEBUG - Starting outermost env
2023-12-16 03:43:10,661 - rasterio.env - DEBUG - No GDAL environment exists
2023-12-16 03:43:10,661 - rasterio.env - DEBUG - New GDAL environment <rasterio._env.GDALEnv object at 0x7f24bf9d7760> created
2023-12-16 03:43:10,661 - rasterio._env - DEBUG - GDAL data found in package: path='/home/metpublic/PYTHON_VENV/present_weather/lib/python3.10/site-packages/rasterio/gdal_data'.
2023-12-16 03:43:10,661 - rasterio._env - DEBUG - PROJ data found in package: path='/home/metpublic/PYTHON_VENV/present_weather/lib/python3.10/site-packages/rasterio/proj_data'.
2023-12-16 03:43:10,661 - rasterio._env - DEBUG - Started GDALEnv: self=<rasterio._env.GDALEnv object at 0x7f24bf9d7760>.
2023-12-16 03:43:10,661 - rasterio.env - DEBUG - Entered env context: <rasterio.env.Env object at 0x7f24bf0594e0>
2023-12-16 03:43:10,662 - rasterio.env - DEBUG - Got a copy of environment <rasterio._env.GDALEnv object at 0x7f24bf9d7760> options
2023-12-16 03:43:10,662 - rasterio.env - DEBUG - Entering env context: <rasterio.env.Env object at 0x7f249c731de0>
2023-12-16 03:43:10,662 - rasterio.env - DEBUG - Got a copy of environment <rasterio._env.GDALEnv object at 0x7f24bf9d7760> options
2023-12-16 03:43:10,662 - rasterio.env - DEBUG - Entered env context: <rasterio.env.Env object at 0x7f249c731de0>
2023-12-16 03:43:10,662 - rasterio._base - DEBUG - Sharing flag: 0
2023-12-16 03:43:10,663 - rasterio._base - DEBUG - Nodata success: 1, Nodata value: nan
2023-12-16 03:43:10,663 - rasterio._base - DEBUG - Dataset <open DatasetReader name='https://radar.bmkg.go.id/raster/radarsatelit_202312160340.tif' mode='r'> is started.
2023-12-16 03:43:10,663 - rasterio.env - DEBUG - Exiting env context: <rasterio.env.Env object at 0x7f249c731de0>
2023-12-16 03:43:10,664 - rasterio.env - DEBUG - Cleared existing <rasterio._env.GDALEnv object at 0x7f24bf9d7760> options
2023-12-16 03:43:10,664 - rasterio._env - DEBUG - Stopped GDALEnv <rasterio._env.GDALEnv object at 0x7f24bf9d7760>.
2023-12-16 03:43:10,664 - rasterio.env - DEBUG - No GDAL environment exists
2023-12-16 03:43:10,664 - rasterio.env - DEBUG - New GDAL environment <rasterio._env.GDALEnv object at 0x7f24bf9d7760> created
2023-12-16 03:43:10,664 - rasterio._env - DEBUG - GDAL data found in package: path='/home/metpublic/PYTHON_VENV/present_weather/lib/python3.10/site-packages/rasterio/gdal_data'.
2023-12-16 03:43:10,664 - rasterio._env - DEBUG - PROJ data found in package: path='/home/metpublic/PYTHON_VENV/present_weather/lib/python3.10/site-packages/rasterio/proj_data'.
2023-12-16 03:43:10,664 - rasterio._env - DEBUG - Started GDALEnv: self=<rasterio._env.GDALEnv object at 0x7f24bf9d7760>.
2023-12-16 03:43:10,664 - rasterio.env - DEBUG - Exited env context: <rasterio.env.Env object at 0x7f249c731de0>
2023-12-16 03:43:10,682 - rasterio._io - DEBUG - Output nodata value read from file: nan
2023-12-16 03:43:10,682 - rasterio._io - DEBUG - Output nodata values: [nan]
2023-12-16 03:43:10,682 - rasterio._io - DEBUG - all_valid: False
2023-12-16 03:43:10,682 - rasterio._io - DEBUG - mask_flags: ([<MaskFlags.nodata: 8>],)
2023-12-16 03:43:10,682 - rasterio._io - DEBUG - Jump straight to _read()
2023-12-16 03:43:10,683 - rasterio._io - DEBUG - Window: Window(col_off=0, row_off=0, width=10215, height=3792)
2023-12-16 03:43:10,683 - rasterio._io - DEBUG - IO window xoff=0.0 yoff=0.0 width=10215.0 height=3792.0
2023-12-16 03:43:11,195 - rasterio.env - DEBUG - Exiting env context: <rasterio.env.Env object at 0x7f24bf0594e0>
2023-12-16 03:43:11,195 - rasterio.env - DEBUG - Cleared existing <rasterio._env.GDALEnv object at 0x7f24bf9d7760> options
2023-12-16 03:43:11,195 - rasterio._env - DEBUG - Stopped GDALEnv <rasterio._env.GDALEnv object at 0x7f24bf9d7760>.
2023-12-16 03:43:11,195 - rasterio.env - DEBUG - Exiting outermost env
2023-12-16 03:43:11,195 - rasterio.env - DEBUG - Exited env context: <rasterio.env.Env object at 0x7f24bf0594e0>
2023-12-16 03:49:40,092 - root - INFO - Total elapsed time: 0:06:37.455705
