2023-11-24 16:43:03,188 - root - INFO - Initiating present weather
2023-11-24 16:43:03,192 - asyncio - DEBUG - Using selector: EpollSelector
2023-11-24 16:43:06,414 - urllib3.connectionpool - DEBUG - Starting new HTTPS connection (1): radar.bmkg.go.id:8060
2023-11-24 16:43:06,486 - urllib3.connectionpool - DEBUG - https://radar.bmkg.go.id:8060 "GET /getRadarGeotif?token=19387e71e78522ae4172ec0fda640983b8438c9cfa0ca571623cb69d8327&radar=amandemenForecast&type=latest HTTP/1.1" 200 90
2023-11-24 16:43:06,488 - rasterio.env - DEBUG - Entering env context: <rasterio.env.Env object at 0x7f0c7f3fc3b0>
2023-11-24 16:43:06,489 - rasterio.env - DEBUG - Starting outermost env
2023-11-24 16:43:06,489 - rasterio.env - DEBUG - No GDAL environment exists
2023-11-24 16:43:06,489 - rasterio.env - DEBUG - New GDAL environment <rasterio._env.GDALEnv object at 0x7f0c7f4b91e0> created
2023-11-24 16:43:06,494 - rasterio._filepath - DEBUG - Installing FilePath filesystem handler plugin...
2023-11-24 16:43:06,494 - rasterio._env - DEBUG - GDAL data found in package: path='/home/swx/miniconda3/envs/present_weather/lib/python3.12/site-packages/rasterio/gdal_data'.
2023-11-24 16:43:06,494 - rasterio._env - DEBUG - PROJ_LIB found in environment.
2023-11-24 16:43:06,494 - rasterio._env - DEBUG - Started GDALEnv: self=<rasterio._env.GDALEnv object at 0x7f0c7f4b91e0>.
2023-11-24 16:43:06,494 - rasterio.env - DEBUG - Entered env context: <rasterio.env.Env object at 0x7f0c7f3fc3b0>
2023-11-24 16:43:06,495 - rasterio._base - DEBUG - Sharing flag: 0
2023-11-24 16:43:06,693 - rasterio._base - DEBUG - Nodata success: 1, Nodata value: nan
2023-11-24 16:43:06,694 - rasterio._base - DEBUG - Dataset <open DatasetReader name='https://radar.bmkg.go.id/raster/radarsatelit_202311241640.tif' mode='r'> is started.
2023-11-24 16:43:06,694 - rasterio.env - DEBUG - Exiting env context: <rasterio.env.Env object at 0x7f0c7f3fc3b0>
2023-11-24 16:43:06,694 - rasterio.env - DEBUG - Cleared existing <rasterio._env.GDALEnv object at 0x7f0c7f4b91e0> options
2023-11-24 16:43:06,694 - rasterio._env - DEBUG - Stopped GDALEnv <rasterio._env.GDALEnv object at 0x7f0c7f4b91e0>.
2023-11-24 16:43:06,694 - rasterio.env - DEBUG - Exiting outermost env
2023-11-24 16:43:06,694 - rasterio.env - DEBUG - Exited env context: <rasterio.env.Env object at 0x7f0c7f3fc3b0>
2023-11-24 16:43:06,695 - rasterio.env - DEBUG - Entering env context: <rasterio.env.Env object at 0x7f0c7f47d400>
2023-11-24 16:43:06,695 - rasterio.env - DEBUG - Starting outermost env
2023-11-24 16:43:06,695 - rasterio.env - DEBUG - No GDAL environment exists
2023-11-24 16:43:06,695 - rasterio.env - DEBUG - New GDAL environment <rasterio._env.GDALEnv object at 0x7f0c7f3db820> created
2023-11-24 16:43:06,696 - rasterio._env - DEBUG - GDAL data found in package: path='/home/swx/miniconda3/envs/present_weather/lib/python3.12/site-packages/rasterio/gdal_data'.
2023-11-24 16:43:06,696 - rasterio._env - DEBUG - PROJ_LIB found in environment.
2023-11-24 16:43:06,696 - rasterio._env - DEBUG - Started GDALEnv: self=<rasterio._env.GDALEnv object at 0x7f0c7f3db820>.
2023-11-24 16:43:06,696 - rasterio.env - DEBUG - Entered env context: <rasterio.env.Env object at 0x7f0c7f47d400>
2023-11-24 16:43:06,697 - rasterio.env - DEBUG - Got a copy of environment <rasterio._env.GDALEnv object at 0x7f0c7f3db820> options
2023-11-24 16:43:06,697 - rasterio.env - DEBUG - Entering env context: <rasterio.env.Env object at 0x7f0c800e8ce0>
2023-11-24 16:43:06,697 - rasterio.env - DEBUG - Got a copy of environment <rasterio._env.GDALEnv object at 0x7f0c7f3db820> options
2023-11-24 16:43:06,697 - rasterio.env - DEBUG - Entered env context: <rasterio.env.Env object at 0x7f0c800e8ce0>
2023-11-24 16:43:06,697 - rasterio._base - DEBUG - Sharing flag: 0
2023-11-24 16:43:06,699 - rasterio._base - DEBUG - Nodata success: 1, Nodata value: nan
2023-11-24 16:43:06,699 - rasterio._base - DEBUG - Dataset <open DatasetReader name='https://radar.bmkg.go.id/raster/radarsatelit_202311241640.tif' mode='r'> is started.
2023-11-24 16:43:06,699 - rasterio.env - DEBUG - Exiting env context: <rasterio.env.Env object at 0x7f0c800e8ce0>
2023-11-24 16:43:06,699 - rasterio.env - DEBUG - Cleared existing <rasterio._env.GDALEnv object at 0x7f0c7f3db820> options
2023-11-24 16:43:06,699 - rasterio._env - DEBUG - Stopped GDALEnv <rasterio._env.GDALEnv object at 0x7f0c7f3db820>.
2023-11-24 16:43:06,700 - rasterio.env - DEBUG - No GDAL environment exists
2023-11-24 16:43:06,700 - rasterio.env - DEBUG - New GDAL environment <rasterio._env.GDALEnv object at 0x7f0c7f3db820> created
2023-11-24 16:43:06,700 - rasterio._env - DEBUG - GDAL data found in package: path='/home/swx/miniconda3/envs/present_weather/lib/python3.12/site-packages/rasterio/gdal_data'.
2023-11-24 16:43:06,700 - rasterio._env - DEBUG - PROJ_LIB found in environment.
2023-11-24 16:43:06,700 - rasterio._env - DEBUG - Started GDALEnv: self=<rasterio._env.GDALEnv object at 0x7f0c7f3db820>.
2023-11-24 16:43:06,701 - rasterio.env - DEBUG - Exited env context: <rasterio.env.Env object at 0x7f0c800e8ce0>
2023-11-24 16:43:06,728 - rasterio._io - DEBUG - Output nodata value read from file: nan
2023-11-24 16:43:06,729 - rasterio._io - DEBUG - Output nodata values: [nan]
2023-11-24 16:43:06,729 - rasterio._io - DEBUG - all_valid: False
2023-11-24 16:43:06,729 - rasterio._io - DEBUG - mask_flags: ([<MaskFlags.nodata: 8>],)
2023-11-24 16:43:06,729 - rasterio._io - DEBUG - Jump straight to _read()
2023-11-24 16:43:06,729 - rasterio._io - DEBUG - Window: Window(col_off=0, row_off=0, width=10215, height=3792)
2023-11-24 16:43:06,730 - rasterio._io - DEBUG - IO window xoff=0.0 yoff=0.0 width=10215.0 height=3792.0
2023-11-24 16:43:07,545 - rasterio.env - DEBUG - Exiting env context: <rasterio.env.Env object at 0x7f0c7f47d400>
2023-11-24 16:43:07,545 - rasterio.env - DEBUG - Cleared existing <rasterio._env.GDALEnv object at 0x7f0c7f3db820> options
2023-11-24 16:43:07,545 - rasterio._env - DEBUG - Stopped GDALEnv <rasterio._env.GDALEnv object at 0x7f0c7f3db820>.
2023-11-24 16:43:07,545 - rasterio.env - DEBUG - Exiting outermost env
2023-11-24 16:43:07,545 - rasterio.env - DEBUG - Exited env context: <rasterio.env.Env object at 0x7f0c7f47d400>
2023-11-24 16:43:07,547 - urllib3.connectionpool - DEBUG - Starting new HTTPS connection (1): radar.bmkg.go.id:8060
2023-11-24 16:43:07,612 - urllib3.connectionpool - DEBUG - https://radar.bmkg.go.id:8060 "GET /getLatestLD?typeData=1 HTTP/1.1" 200 10452
2023-11-24 16:43:07,626 - root - INFO - Generating present weather using RADAR data
2023-11-24 16:43:11,008 - root - INFO - dask.bag<lambda, npartitions=20>
2023-11-24 16:56:09,978 - root - INFO - Total elapsed time: 0:13:06.791161
