2023-11-23 15:43:03,533 - root - INFO - Initiating present weather
2023-11-23 15:43:03,537 - asyncio - DEBUG - Using selector: EpollSelector
2023-11-23 15:43:06,804 - urllib3.connectionpool - DEBUG - Starting new HTTPS connection (1): radar.bmkg.go.id:8060
2023-11-23 15:43:06,879 - urllib3.connectionpool - DEBUG - https://radar.bmkg.go.id:8060 "GET /getRadarGeotif?token=19387e71e78522ae4172ec0fda640983b8438c9cfa0ca571623cb69d8327&radar=amandemenForecast&type=latest HTTP/1.1" 200 90
2023-11-23 15:43:06,881 - rasterio.env - DEBUG - Entering env context: <rasterio.env.Env object at 0x7fe9a5bb7a40>
2023-11-23 15:43:06,882 - rasterio.env - DEBUG - Starting outermost env
2023-11-23 15:43:06,882 - rasterio.env - DEBUG - No GDAL environment exists
2023-11-23 15:43:06,882 - rasterio.env - DEBUG - New GDAL environment <rasterio._env.GDALEnv object at 0x7fe9a5bb63e0> created
2023-11-23 15:43:06,886 - rasterio._filepath - DEBUG - Installing FilePath filesystem handler plugin...
2023-11-23 15:43:06,887 - rasterio._env - DEBUG - GDAL data found in package: path='/home/swx/miniconda3/envs/present_weather/lib/python3.12/site-packages/rasterio/gdal_data'.
2023-11-23 15:43:06,887 - rasterio._env - DEBUG - PROJ_LIB found in environment.
2023-11-23 15:43:06,887 - rasterio._env - DEBUG - Started GDALEnv: self=<rasterio._env.GDALEnv object at 0x7fe9a5bb63e0>.
2023-11-23 15:43:06,887 - rasterio.env - DEBUG - Entered env context: <rasterio.env.Env object at 0x7fe9a5bb7a40>
2023-11-23 15:43:06,887 - rasterio._base - DEBUG - Sharing flag: 0
2023-11-23 15:43:07,086 - rasterio._base - DEBUG - Nodata success: 1, Nodata value: nan
2023-11-23 15:43:07,086 - rasterio._base - DEBUG - Dataset <open DatasetReader name='https://radar.bmkg.go.id/raster/radarsatelit_202311231540.tif' mode='r'> is started.
2023-11-23 15:43:07,086 - rasterio.env - DEBUG - Exiting env context: <rasterio.env.Env object at 0x7fe9a5bb7a40>
2023-11-23 15:43:07,086 - rasterio.env - DEBUG - Cleared existing <rasterio._env.GDALEnv object at 0x7fe9a5bb63e0> options
2023-11-23 15:43:07,087 - rasterio._env - DEBUG - Stopped GDALEnv <rasterio._env.GDALEnv object at 0x7fe9a5bb63e0>.
2023-11-23 15:43:07,087 - rasterio.env - DEBUG - Exiting outermost env
2023-11-23 15:43:07,087 - rasterio.env - DEBUG - Exited env context: <rasterio.env.Env object at 0x7fe9a5bb7a40>
2023-11-23 15:43:07,087 - rasterio.env - DEBUG - Entering env context: <rasterio.env.Env object at 0x7fe9a4e64470>
2023-11-23 15:43:07,087 - rasterio.env - DEBUG - Starting outermost env
2023-11-23 15:43:07,087 - rasterio.env - DEBUG - No GDAL environment exists
2023-11-23 15:43:07,087 - rasterio.env - DEBUG - New GDAL environment <rasterio._env.GDALEnv object at 0x7fe9a4e67280> created
2023-11-23 15:43:07,089 - rasterio._env - DEBUG - GDAL data found in package: path='/home/swx/miniconda3/envs/present_weather/lib/python3.12/site-packages/rasterio/gdal_data'.
2023-11-23 15:43:07,089 - rasterio._env - DEBUG - PROJ_LIB found in environment.
2023-11-23 15:43:07,089 - rasterio._env - DEBUG - Started GDALEnv: self=<rasterio._env.GDALEnv object at 0x7fe9a4e67280>.
2023-11-23 15:43:07,089 - rasterio.env - DEBUG - Entered env context: <rasterio.env.Env object at 0x7fe9a4e64470>
2023-11-23 15:43:07,090 - rasterio.env - DEBUG - Got a copy of environment <rasterio._env.GDALEnv object at 0x7fe9a4e67280> options
2023-11-23 15:43:07,090 - rasterio.env - DEBUG - Entering env context: <rasterio.env.Env object at 0x7fe9a4e65100>
2023-11-23 15:43:07,090 - rasterio.env - DEBUG - Got a copy of environment <rasterio._env.GDALEnv object at 0x7fe9a4e67280> options
2023-11-23 15:43:07,090 - rasterio.env - DEBUG - Entered env context: <rasterio.env.Env object at 0x7fe9a4e65100>
2023-11-23 15:43:07,090 - rasterio._base - DEBUG - Sharing flag: 0
2023-11-23 15:43:07,091 - rasterio._base - DEBUG - Nodata success: 1, Nodata value: nan
2023-11-23 15:43:07,091 - rasterio._base - DEBUG - Dataset <open DatasetReader name='https://radar.bmkg.go.id/raster/radarsatelit_202311231540.tif' mode='r'> is started.
2023-11-23 15:43:07,091 - rasterio.env - DEBUG - Exiting env context: <rasterio.env.Env object at 0x7fe9a4e65100>
2023-11-23 15:43:07,091 - rasterio.env - DEBUG - Cleared existing <rasterio._env.GDALEnv object at 0x7fe9a4e67280> options
2023-11-23 15:43:07,092 - rasterio._env - DEBUG - Stopped GDALEnv <rasterio._env.GDALEnv object at 0x7fe9a4e67280>.
2023-11-23 15:43:07,092 - rasterio.env - DEBUG - No GDAL environment exists
2023-11-23 15:43:07,092 - rasterio.env - DEBUG - New GDAL environment <rasterio._env.GDALEnv object at 0x7fe9a4e67280> created
2023-11-23 15:43:07,092 - rasterio._env - DEBUG - GDAL data found in package: path='/home/swx/miniconda3/envs/present_weather/lib/python3.12/site-packages/rasterio/gdal_data'.
2023-11-23 15:43:07,092 - rasterio._env - DEBUG - PROJ_LIB found in environment.
2023-11-23 15:43:07,093 - rasterio._env - DEBUG - Started GDALEnv: self=<rasterio._env.GDALEnv object at 0x7fe9a4e67280>.
2023-11-23 15:43:07,093 - rasterio.env - DEBUG - Exited env context: <rasterio.env.Env object at 0x7fe9a4e65100>
2023-11-23 15:43:07,117 - rasterio._io - DEBUG - Output nodata value read from file: nan
2023-11-23 15:43:07,118 - rasterio._io - DEBUG - Output nodata values: [nan]
2023-11-23 15:43:07,118 - rasterio._io - DEBUG - all_valid: False
2023-11-23 15:43:07,118 - rasterio._io - DEBUG - mask_flags: ([<MaskFlags.nodata: 8>],)
2023-11-23 15:43:07,118 - rasterio._io - DEBUG - Jump straight to _read()
2023-11-23 15:43:07,118 - rasterio._io - DEBUG - Window: Window(col_off=0, row_off=0, width=10215, height=3792)
2023-11-23 15:43:07,119 - rasterio._io - DEBUG - IO window xoff=0.0 yoff=0.0 width=10215.0 height=3792.0
2023-11-23 15:43:07,961 - rasterio.env - DEBUG - Exiting env context: <rasterio.env.Env object at 0x7fe9a4e64470>
2023-11-23 15:43:07,962 - rasterio.env - DEBUG - Cleared existing <rasterio._env.GDALEnv object at 0x7fe9a4e67280> options
2023-11-23 15:43:07,962 - rasterio._env - DEBUG - Stopped GDALEnv <rasterio._env.GDALEnv object at 0x7fe9a4e67280>.
2023-11-23 15:43:07,962 - rasterio.env - DEBUG - Exiting outermost env
2023-11-23 15:43:07,962 - rasterio.env - DEBUG - Exited env context: <rasterio.env.Env object at 0x7fe9a4e64470>
2023-11-23 15:43:07,965 - urllib3.connectionpool - DEBUG - Starting new HTTPS connection (1): radar.bmkg.go.id:8060
2023-11-23 15:43:08,031 - urllib3.connectionpool - DEBUG - https://radar.bmkg.go.id:8060 "GET /getLatestLD?typeData=1 HTTP/1.1" 200 78400
2023-11-23 15:43:11,410 - root - INFO - dask.bag<lambda, npartitions=20>
2023-11-23 15:56:11,128 - root - INFO - Total elapsed time: 0:13:07.595518
