2023-12-05 17:23:02,565 - root - INFO - Initiating present weather
2023-12-05 17:23:02,567 - asyncio - DEBUG - Using selector: EpollSelector
2023-12-05 17:23:04,253 - urllib3.connectionpool - DEBUG - Starting new HTTPS connection (1): radar.bmkg.go.id:8060
2023-12-05 17:23:04,266 - urllib3.connectionpool - DEBUG - https://radar.bmkg.go.id:8060 "GET /getLatestLD?typeData=1 HTTP/1.1" 200 62
2023-12-05 17:23:04,268 - urllib3.connectionpool - DEBUG - Starting new HTTPS connection (1): radar.bmkg.go.id:8060
2023-12-05 17:23:04,289 - urllib3.connectionpool - DEBUG - https://radar.bmkg.go.id:8060 "GET /getRadarGeotif?token=19387e71e78522ae4172ec0fda640983b8438c9cfa0ca571623cb69d8327&radar=amandemenForecast&type=latest HTTP/1.1" 200 90
2023-12-05 17:23:04,290 - rasterio.env - DEBUG - Entering env context: <rasterio.env.Env object at 0x7fdb2041eb90>
2023-12-05 17:23:04,291 - rasterio.env - DEBUG - Starting outermost env
2023-12-05 17:23:04,291 - rasterio.env - DEBUG - No GDAL environment exists
2023-12-05 17:23:04,291 - rasterio.env - DEBUG - New GDAL environment <rasterio._env.GDALEnv object at 0x7fdb2041d870> created
2023-12-05 17:23:04,293 - rasterio._filepath - DEBUG - Installing FilePath filesystem handler plugin...
2023-12-05 17:23:04,294 - rasterio._env - DEBUG - GDAL data found in package: path='/home/metpublic/PYTHON_VENV/present_weather/lib/python3.10/site-packages/rasterio/gdal_data'.
2023-12-05 17:23:04,294 - rasterio._env - DEBUG - PROJ data found in package: path='/home/metpublic/PYTHON_VENV/present_weather/lib/python3.10/site-packages/rasterio/proj_data'.
2023-12-05 17:23:04,294 - rasterio._env - DEBUG - Started GDALEnv: self=<rasterio._env.GDALEnv object at 0x7fdb2041d870>.
2023-12-05 17:23:04,294 - rasterio.env - DEBUG - Entered env context: <rasterio.env.Env object at 0x7fdb2041eb90>
2023-12-05 17:23:04,294 - rasterio._base - DEBUG - Sharing flag: 0
2023-12-05 17:23:04,536 - rasterio._base - DEBUG - Nodata success: 1, Nodata value: nan
2023-12-05 17:23:04,538 - rasterio._base - DEBUG - Dataset <open DatasetReader name='https://radar.bmkg.go.id/raster/radarsatelit_202312051720.tif' mode='r'> is started.
2023-12-05 17:23:04,538 - rasterio.env - DEBUG - Exiting env context: <rasterio.env.Env object at 0x7fdb2041eb90>
2023-12-05 17:23:04,538 - rasterio.env - DEBUG - Cleared existing <rasterio._env.GDALEnv object at 0x7fdb2041d870> options
2023-12-05 17:23:04,538 - rasterio._env - DEBUG - Stopped GDALEnv <rasterio._env.GDALEnv object at 0x7fdb2041d870>.
2023-12-05 17:23:04,538 - rasterio.env - DEBUG - Exiting outermost env
2023-12-05 17:23:04,538 - rasterio.env - DEBUG - Exited env context: <rasterio.env.Env object at 0x7fdb2041eb90>
2023-12-05 17:23:04,539 - rasterio.env - DEBUG - Entering env context: <rasterio.env.Env object at 0x7fdb1faa8370>
2023-12-05 17:23:04,539 - rasterio.env - DEBUG - Starting outermost env
2023-12-05 17:23:04,539 - rasterio.env - DEBUG - No GDAL environment exists
2023-12-05 17:23:04,539 - rasterio.env - DEBUG - New GDAL environment <rasterio._env.GDALEnv object at 0x7fdb2041d870> created
2023-12-05 17:23:04,539 - rasterio._env - DEBUG - GDAL data found in package: path='/home/metpublic/PYTHON_VENV/present_weather/lib/python3.10/site-packages/rasterio/gdal_data'.
2023-12-05 17:23:04,539 - rasterio._env - DEBUG - PROJ data found in package: path='/home/metpublic/PYTHON_VENV/present_weather/lib/python3.10/site-packages/rasterio/proj_data'.
2023-12-05 17:23:04,539 - rasterio._env - DEBUG - Started GDALEnv: self=<rasterio._env.GDALEnv object at 0x7fdb2041d870>.
2023-12-05 17:23:04,539 - rasterio.env - DEBUG - Entered env context: <rasterio.env.Env object at 0x7fdb1faa8370>
2023-12-05 17:23:04,540 - rasterio.env - DEBUG - Got a copy of environment <rasterio._env.GDALEnv object at 0x7fdb2041d870> options
2023-12-05 17:23:04,540 - rasterio.env - DEBUG - Entering env context: <rasterio.env.Env object at 0x7fdb1c1a5c60>
2023-12-05 17:23:04,540 - rasterio.env - DEBUG - Got a copy of environment <rasterio._env.GDALEnv object at 0x7fdb2041d870> options
2023-12-05 17:23:04,540 - rasterio.env - DEBUG - Entered env context: <rasterio.env.Env object at 0x7fdb1c1a5c60>
2023-12-05 17:23:04,540 - rasterio._base - DEBUG - Sharing flag: 0
2023-12-05 17:23:04,541 - rasterio._base - DEBUG - Nodata success: 1, Nodata value: nan
2023-12-05 17:23:04,541 - rasterio._base - DEBUG - Dataset <open DatasetReader name='https://radar.bmkg.go.id/raster/radarsatelit_202312051720.tif' mode='r'> is started.
2023-12-05 17:23:04,541 - rasterio.env - DEBUG - Exiting env context: <rasterio.env.Env object at 0x7fdb1c1a5c60>
2023-12-05 17:23:04,541 - rasterio.env - DEBUG - Cleared existing <rasterio._env.GDALEnv object at 0x7fdb2041d870> options
2023-12-05 17:23:04,541 - rasterio._env - DEBUG - Stopped GDALEnv <rasterio._env.GDALEnv object at 0x7fdb2041d870>.
2023-12-05 17:23:04,541 - rasterio.env - DEBUG - No GDAL environment exists
2023-12-05 17:23:04,541 - rasterio.env - DEBUG - New GDAL environment <rasterio._env.GDALEnv object at 0x7fdb2041d870> created
2023-12-05 17:23:04,542 - rasterio._env - DEBUG - GDAL data found in package: path='/home/metpublic/PYTHON_VENV/present_weather/lib/python3.10/site-packages/rasterio/gdal_data'.
2023-12-05 17:23:04,542 - rasterio._env - DEBUG - PROJ data found in package: path='/home/metpublic/PYTHON_VENV/present_weather/lib/python3.10/site-packages/rasterio/proj_data'.
2023-12-05 17:23:04,542 - rasterio._env - DEBUG - Started GDALEnv: self=<rasterio._env.GDALEnv object at 0x7fdb2041d870>.
2023-12-05 17:23:04,542 - rasterio.env - DEBUG - Exited env context: <rasterio.env.Env object at 0x7fdb1c1a5c60>
2023-12-05 17:23:04,558 - rasterio._io - DEBUG - Output nodata value read from file: nan
2023-12-05 17:23:04,558 - rasterio._io - DEBUG - Output nodata values: [nan]
2023-12-05 17:23:04,558 - rasterio._io - DEBUG - all_valid: False
2023-12-05 17:23:04,559 - rasterio._io - DEBUG - mask_flags: ([<MaskFlags.nodata: 8>],)
2023-12-05 17:23:04,559 - rasterio._io - DEBUG - Jump straight to _read()
2023-12-05 17:23:04,559 - rasterio._io - DEBUG - Window: Window(col_off=0, row_off=0, width=10177, height=3732)
2023-12-05 17:23:04,559 - rasterio._io - DEBUG - IO window xoff=0.0 yoff=0.0 width=10177.0 height=3732.0
2023-12-05 17:23:05,109 - rasterio.env - DEBUG - Exiting env context: <rasterio.env.Env object at 0x7fdb1faa8370>
2023-12-05 17:23:05,109 - rasterio.env - DEBUG - Cleared existing <rasterio._env.GDALEnv object at 0x7fdb2041d870> options
2023-12-05 17:23:05,109 - rasterio._env - DEBUG - Stopped GDALEnv <rasterio._env.GDALEnv object at 0x7fdb2041d870>.
2023-12-05 17:23:05,109 - rasterio.env - DEBUG - Exiting outermost env
2023-12-05 17:23:05,109 - rasterio.env - DEBUG - Exited env context: <rasterio.env.Env object at 0x7fdb1faa8370>
2023-12-05 17:27:34,212 - rasterio.env - DEBUG - Entering env context: <rasterio.env.Env object at 0x7fdb1c22d420>
2023-12-05 17:27:34,212 - rasterio.env - DEBUG - Starting outermost env
2023-12-05 17:27:34,212 - rasterio.env - DEBUG - No GDAL environment exists
2023-12-05 17:27:34,212 - rasterio.env - DEBUG - New GDAL environment <rasterio._env.GDALEnv object at 0x7fdb1c22d210> created
2023-12-05 17:27:34,213 - rasterio._env - DEBUG - GDAL data found in package: path='/home/metpublic/PYTHON_VENV/present_weather/lib/python3.10/site-packages/rasterio/gdal_data'.
2023-12-05 17:27:34,213 - rasterio._env - DEBUG - PROJ data found in package: path='/home/metpublic/PYTHON_VENV/present_weather/lib/python3.10/site-packages/rasterio/proj_data'.
2023-12-05 17:27:34,213 - rasterio._env - DEBUG - Started GDALEnv: self=<rasterio._env.GDALEnv object at 0x7fdb1c22d210>.
2023-12-05 17:27:34,213 - rasterio.env - DEBUG - Entered env context: <rasterio.env.Env object at 0x7fdb1c22d420>
2023-12-05 17:27:34,213 - rasterio._base - DEBUG - Sharing flag: 0
2023-12-05 17:27:34,214 - rasterio._base - DEBUG - Nodata success: 0, Nodata value: 0.000000
2023-12-05 17:27:34,214 - rasterio._base - DEBUG - Dataset <open DatasetReader name='/home/metpublic/TASK_RELEASE/EFAN/present_weather/src/H09_B13_Indonesia_20231205.Z1710.cor.tiff' mode='r'> is started.
2023-12-05 17:27:34,215 - rasterio.env - DEBUG - Exiting env context: <rasterio.env.Env object at 0x7fdb1c22d420>
2023-12-05 17:27:34,215 - rasterio.env - DEBUG - Cleared existing <rasterio._env.GDALEnv object at 0x7fdb1c22d210> options
2023-12-05 17:27:34,215 - rasterio._env - DEBUG - Stopped GDALEnv <rasterio._env.GDALEnv object at 0x7fdb1c22d210>.
2023-12-05 17:27:34,215 - rasterio.env - DEBUG - Exiting outermost env
2023-12-05 17:27:34,215 - rasterio.env - DEBUG - Exited env context: <rasterio.env.Env object at 0x7fdb1c22d420>
2023-12-05 17:27:34,215 - rasterio.env - DEBUG - Entering env context: <rasterio.env.Env object at 0x7fdafc5e00d0>
2023-12-05 17:27:34,215 - rasterio.env - DEBUG - Starting outermost env
2023-12-05 17:27:34,215 - rasterio.env - DEBUG - No GDAL environment exists
2023-12-05 17:27:34,215 - rasterio.env - DEBUG - New GDAL environment <rasterio._env.GDALEnv object at 0x7fdafc5e2800> created
2023-12-05 17:27:34,216 - rasterio._env - DEBUG - GDAL data found in package: path='/home/metpublic/PYTHON_VENV/present_weather/lib/python3.10/site-packages/rasterio/gdal_data'.
2023-12-05 17:27:34,216 - rasterio._env - DEBUG - PROJ data found in package: path='/home/metpublic/PYTHON_VENV/present_weather/lib/python3.10/site-packages/rasterio/proj_data'.
2023-12-05 17:27:34,216 - rasterio._env - DEBUG - Started GDALEnv: self=<rasterio._env.GDALEnv object at 0x7fdafc5e2800>.
2023-12-05 17:27:34,216 - rasterio.env - DEBUG - Entered env context: <rasterio.env.Env object at 0x7fdafc5e00d0>
2023-12-05 17:27:34,216 - rasterio._base - DEBUG - Sharing flag: 0
2023-12-05 17:27:34,217 - rasterio._base - DEBUG - Nodata success: 0, Nodata value: 0.000000
2023-12-05 17:27:34,218 - rasterio._base - DEBUG - Dataset <open DatasetReader name='/home/metpublic/TASK_RELEASE/EFAN/present_weather/src/H09_B13_Indonesia_20231205.Z1710.cor.tiff' mode='r'> is started.
2023-12-05 17:27:34,218 - rasterio.env - DEBUG - Exiting env context: <rasterio.env.Env object at 0x7fdafc5e00d0>
2023-12-05 17:27:34,218 - rasterio.env - DEBUG - Cleared existing <rasterio._env.GDALEnv object at 0x7fdafc5e2800> options
2023-12-05 17:27:34,218 - rasterio._env - DEBUG - Stopped GDALEnv <rasterio._env.GDALEnv object at 0x7fdafc5e2800>.
2023-12-05 17:27:34,218 - rasterio.env - DEBUG - Exiting outermost env
2023-12-05 17:27:34,218 - rasterio.env - DEBUG - Exited env context: <rasterio.env.Env object at 0x7fdafc5e00d0>
2023-12-05 17:27:34,228 - root - INFO - Generating present weather using SATELITE data
2023-12-05 17:29:00,028 - root - INFO - Total elapsed time: 0:05:57.463070
