2023-12-26 10:43:02,521 - root - INFO - Initiating present weather
2023-12-26 10:43:02,523 - asyncio - DEBUG - Using selector: EpollSelector
2023-12-26 10:43:04,449 - urllib3.connectionpool - DEBUG - Starting new HTTPS connection (1): radar.bmkg.go.id:8060
2023-12-26 10:43:04,462 - urllib3.connectionpool - DEBUG - https://radar.bmkg.go.id:8060 "GET /getLatestLD?typeData=1 HTTP/1.1" 200 62
2023-12-26 10:43:04,465 - urllib3.connectionpool - DEBUG - Starting new HTTPS connection (1): radar.bmkg.go.id:8060
2023-12-26 10:43:04,484 - urllib3.connectionpool - DEBUG - https://radar.bmkg.go.id:8060 "GET /getRadarGeotif?token=19387e71e78522ae4172ec0fda640983b8438c9cfa0ca571623cb69d8327&radar=amandemenForecast&type=latest HTTP/1.1" 200 90
2023-12-26 10:43:04,485 - rasterio.env - DEBUG - Entering env context: <rasterio.env.Env object at 0x7fe20a1d9570>
2023-12-26 10:43:04,485 - rasterio.env - DEBUG - Starting outermost env
2023-12-26 10:43:04,485 - rasterio.env - DEBUG - No GDAL environment exists
2023-12-26 10:43:04,485 - rasterio.env - DEBUG - New GDAL environment <rasterio._env.GDALEnv object at 0x7fe20a1d95a0> created
2023-12-26 10:43:04,488 - rasterio._filepath - DEBUG - Installing FilePath filesystem handler plugin...
2023-12-26 10:43:04,488 - rasterio._env - DEBUG - GDAL data found in package: path='/home/metpublic/PYTHON_VENV/present_weather/lib/python3.10/site-packages/rasterio/gdal_data'.
2023-12-26 10:43:04,488 - rasterio._env - DEBUG - PROJ data found in package: path='/home/metpublic/PYTHON_VENV/present_weather/lib/python3.10/site-packages/rasterio/proj_data'.
2023-12-26 10:43:04,488 - rasterio._env - DEBUG - Started GDALEnv: self=<rasterio._env.GDALEnv object at 0x7fe20a1d95a0>.
2023-12-26 10:43:04,489 - rasterio.env - DEBUG - Entered env context: <rasterio.env.Env object at 0x7fe20a1d9570>
2023-12-26 10:43:04,489 - rasterio._base - DEBUG - Sharing flag: 0
2023-12-26 10:43:04,854 - rasterio._base - DEBUG - Nodata success: 1, Nodata value: nan
2023-12-26 10:43:04,855 - rasterio._base - DEBUG - Dataset <open DatasetReader name='https://radar.bmkg.go.id/raster/radarsatelit_202312261040.tif' mode='r'> is started.
2023-12-26 10:43:04,857 - rasterio.env - DEBUG - Exiting env context: <rasterio.env.Env object at 0x7fe20a1d9570>
2023-12-26 10:43:04,857 - rasterio.env - DEBUG - Cleared existing <rasterio._env.GDALEnv object at 0x7fe20a1d95a0> options
2023-12-26 10:43:04,857 - rasterio._env - DEBUG - Stopped GDALEnv <rasterio._env.GDALEnv object at 0x7fe20a1d95a0>.
2023-12-26 10:43:04,857 - rasterio.env - DEBUG - Exiting outermost env
2023-12-26 10:43:04,857 - rasterio.env - DEBUG - Exited env context: <rasterio.env.Env object at 0x7fe20a1d9570>
2023-12-26 10:43:04,857 - rasterio.env - DEBUG - Entering env context: <rasterio.env.Env object at 0x7fe20a191870>
2023-12-26 10:43:04,857 - rasterio.env - DEBUG - Starting outermost env
2023-12-26 10:43:04,857 - rasterio.env - DEBUG - No GDAL environment exists
2023-12-26 10:43:04,857 - rasterio.env - DEBUG - New GDAL environment <rasterio._env.GDALEnv object at 0x7fe20ab13760> created
2023-12-26 10:43:04,858 - rasterio._env - DEBUG - GDAL data found in package: path='/home/metpublic/PYTHON_VENV/present_weather/lib/python3.10/site-packages/rasterio/gdal_data'.
2023-12-26 10:43:04,858 - rasterio._env - DEBUG - PROJ data found in package: path='/home/metpublic/PYTHON_VENV/present_weather/lib/python3.10/site-packages/rasterio/proj_data'.
2023-12-26 10:43:04,858 - rasterio._env - DEBUG - Started GDALEnv: self=<rasterio._env.GDALEnv object at 0x7fe20ab13760>.
2023-12-26 10:43:04,859 - rasterio.env - DEBUG - Entered env context: <rasterio.env.Env object at 0x7fe20a191870>
2023-12-26 10:43:04,859 - rasterio.env - DEBUG - Got a copy of environment <rasterio._env.GDALEnv object at 0x7fe20ab13760> options
2023-12-26 10:43:04,859 - rasterio.env - DEBUG - Entering env context: <rasterio.env.Env object at 0x7fe1f07588e0>
2023-12-26 10:43:04,860 - rasterio.env - DEBUG - Got a copy of environment <rasterio._env.GDALEnv object at 0x7fe20ab13760> options
2023-12-26 10:43:04,860 - rasterio.env - DEBUG - Entered env context: <rasterio.env.Env object at 0x7fe1f07588e0>
2023-12-26 10:43:04,860 - rasterio._base - DEBUG - Sharing flag: 0
2023-12-26 10:43:04,861 - rasterio._base - DEBUG - Nodata success: 1, Nodata value: nan
2023-12-26 10:43:04,861 - rasterio._base - DEBUG - Dataset <open DatasetReader name='https://radar.bmkg.go.id/raster/radarsatelit_202312261040.tif' mode='r'> is started.
2023-12-26 10:43:04,861 - rasterio.env - DEBUG - Exiting env context: <rasterio.env.Env object at 0x7fe1f07588e0>
2023-12-26 10:43:04,861 - rasterio.env - DEBUG - Cleared existing <rasterio._env.GDALEnv object at 0x7fe20ab13760> options
2023-12-26 10:43:04,861 - rasterio._env - DEBUG - Stopped GDALEnv <rasterio._env.GDALEnv object at 0x7fe20ab13760>.
2023-12-26 10:43:04,861 - rasterio.env - DEBUG - No GDAL environment exists
2023-12-26 10:43:04,862 - rasterio.env - DEBUG - New GDAL environment <rasterio._env.GDALEnv object at 0x7fe20ab13760> created
2023-12-26 10:43:04,862 - rasterio._env - DEBUG - GDAL data found in package: path='/home/metpublic/PYTHON_VENV/present_weather/lib/python3.10/site-packages/rasterio/gdal_data'.
2023-12-26 10:43:04,862 - rasterio._env - DEBUG - PROJ data found in package: path='/home/metpublic/PYTHON_VENV/present_weather/lib/python3.10/site-packages/rasterio/proj_data'.
2023-12-26 10:43:04,862 - rasterio._env - DEBUG - Started GDALEnv: self=<rasterio._env.GDALEnv object at 0x7fe20ab13760>.
2023-12-26 10:43:04,862 - rasterio.env - DEBUG - Exited env context: <rasterio.env.Env object at 0x7fe1f07588e0>
2023-12-26 10:43:04,888 - rasterio._io - DEBUG - Output nodata value read from file: nan
2023-12-26 10:43:04,888 - rasterio._io - DEBUG - Output nodata values: [nan]
2023-12-26 10:43:04,892 - rasterio._io - DEBUG - all_valid: False
2023-12-26 10:43:04,892 - rasterio._io - DEBUG - mask_flags: ([<MaskFlags.nodata: 8>],)
2023-12-26 10:43:04,892 - rasterio._io - DEBUG - Jump straight to _read()
2023-12-26 10:43:04,892 - rasterio._io - DEBUG - Window: Window(col_off=0, row_off=0, width=10215, height=3789)
2023-12-26 10:43:04,892 - rasterio._io - DEBUG - IO window xoff=0.0 yoff=0.0 width=10215.0 height=3789.0
2023-12-26 10:43:05,504 - rasterio.env - DEBUG - Exiting env context: <rasterio.env.Env object at 0x7fe20a191870>
2023-12-26 10:43:05,504 - rasterio.env - DEBUG - Cleared existing <rasterio._env.GDALEnv object at 0x7fe20ab13760> options
2023-12-26 10:43:05,505 - rasterio._env - DEBUG - Stopped GDALEnv <rasterio._env.GDALEnv object at 0x7fe20ab13760>.
2023-12-26 10:43:05,505 - rasterio.env - DEBUG - Exiting outermost env
2023-12-26 10:43:05,505 - rasterio.env - DEBUG - Exited env context: <rasterio.env.Env object at 0x7fe20a191870>
2023-12-26 10:44:03,541 - rasterio.env - DEBUG - Entering env context: <rasterio.env.Env object at 0x7fe1f06751b0>
2023-12-26 10:44:03,542 - rasterio.env - DEBUG - Starting outermost env
2023-12-26 10:44:03,542 - rasterio.env - DEBUG - No GDAL environment exists
2023-12-26 10:44:03,542 - rasterio.env - DEBUG - New GDAL environment <rasterio._env.GDALEnv object at 0x7fe1f06774f0> created
2023-12-26 10:44:03,543 - rasterio._env - DEBUG - GDAL data found in package: path='/home/metpublic/PYTHON_VENV/present_weather/lib/python3.10/site-packages/rasterio/gdal_data'.
2023-12-26 10:44:03,543 - rasterio._env - DEBUG - PROJ data found in package: path='/home/metpublic/PYTHON_VENV/present_weather/lib/python3.10/site-packages/rasterio/proj_data'.
2023-12-26 10:44:03,544 - rasterio._env - DEBUG - Started GDALEnv: self=<rasterio._env.GDALEnv object at 0x7fe1f06774f0>.
2023-12-26 10:44:03,544 - rasterio.env - DEBUG - Entered env context: <rasterio.env.Env object at 0x7fe1f06751b0>
2023-12-26 10:44:03,544 - rasterio._base - DEBUG - Sharing flag: 0
2023-12-26 10:44:03,546 - rasterio._base - DEBUG - Nodata success: 0, Nodata value: 0.000000
2023-12-26 10:44:03,546 - rasterio._base - DEBUG - Dataset <open DatasetReader name='/home/metpublic/TASK_RELEASE/EFAN/present_weather/src/H09_B13_Indonesia_20231226.Z1030.cor.tiff' mode='r'> is started.
2023-12-26 10:44:03,546 - rasterio.env - DEBUG - Exiting env context: <rasterio.env.Env object at 0x7fe1f06751b0>
2023-12-26 10:44:03,546 - rasterio.env - DEBUG - Cleared existing <rasterio._env.GDALEnv object at 0x7fe1f06774f0> options
2023-12-26 10:44:03,546 - rasterio._env - DEBUG - Stopped GDALEnv <rasterio._env.GDALEnv object at 0x7fe1f06774f0>.
2023-12-26 10:44:03,546 - rasterio.env - DEBUG - Exiting outermost env
2023-12-26 10:44:03,546 - rasterio.env - DEBUG - Exited env context: <rasterio.env.Env object at 0x7fe1f06751b0>
2023-12-26 10:44:03,546 - rasterio.env - DEBUG - Entering env context: <rasterio.env.Env object at 0x7fe1f0676860>
2023-12-26 10:44:03,546 - rasterio.env - DEBUG - Starting outermost env
2023-12-26 10:44:03,547 - rasterio.env - DEBUG - No GDAL environment exists
2023-12-26 10:44:03,547 - rasterio.env - DEBUG - New GDAL environment <rasterio._env.GDALEnv object at 0x7fe1f0676350> created
2023-12-26 10:44:03,548 - rasterio._env - DEBUG - GDAL data found in package: path='/home/metpublic/PYTHON_VENV/present_weather/lib/python3.10/site-packages/rasterio/gdal_data'.
2023-12-26 10:44:03,548 - rasterio._env - DEBUG - PROJ data found in package: path='/home/metpublic/PYTHON_VENV/present_weather/lib/python3.10/site-packages/rasterio/proj_data'.
2023-12-26 10:44:03,549 - rasterio._env - DEBUG - Started GDALEnv: self=<rasterio._env.GDALEnv object at 0x7fe1f0676350>.
2023-12-26 10:44:03,549 - rasterio.env - DEBUG - Entered env context: <rasterio.env.Env object at 0x7fe1f0676860>
2023-12-26 10:44:03,549 - rasterio._base - DEBUG - Sharing flag: 0
2023-12-26 10:44:03,550 - rasterio._base - DEBUG - Nodata success: 0, Nodata value: 0.000000
2023-12-26 10:44:03,550 - rasterio._base - DEBUG - Dataset <open DatasetReader name='/home/metpublic/TASK_RELEASE/EFAN/present_weather/src/H09_B13_Indonesia_20231226.Z1030.cor.tiff' mode='r'> is started.
2023-12-26 10:44:03,550 - rasterio.env - DEBUG - Exiting env context: <rasterio.env.Env object at 0x7fe1f0676860>
2023-12-26 10:44:03,550 - rasterio.env - DEBUG - Cleared existing <rasterio._env.GDALEnv object at 0x7fe1f0676350> options
2023-12-26 10:44:03,550 - rasterio._env - DEBUG - Stopped GDALEnv <rasterio._env.GDALEnv object at 0x7fe1f0676350>.
2023-12-26 10:44:03,550 - rasterio.env - DEBUG - Exiting outermost env
2023-12-26 10:44:03,550 - rasterio.env - DEBUG - Exited env context: <rasterio.env.Env object at 0x7fe1f0676860>
2023-12-26 10:44:03,564 - root - INFO - Generating present weather using SATELITE data
2023-12-26 10:44:30,210 - root - INFO - Total elapsed time: 0:01:27.689257
