2023-11-04 23:40:03,706 - root - INFO - Initiating present weather
2023-11-04 23:40:03,708 - urllib3.connectionpool - DEBUG - Starting new HTTPS connection (1): radar.bmkg.go.id:8060
2023-11-04 23:40:03,818 - urllib3.connectionpool - DEBUG - https://radar.bmkg.go.id:8060 "GET /getRadarGeotif?token=19387e71e78522ae4172ec0fda640983b8438c9cfa0ca571623cb69d8327&radar=amandemenForecast&type=latest HTTP/1.1" 200 90
2023-11-04 23:40:03,828 - rasterio.env - DEBUG - Entering env context: <rasterio.env.Env object at 0x7fe88bb6aab0>
2023-11-04 23:40:03,833 - rasterio.env - DEBUG - Starting outermost env
2023-11-04 23:40:03,833 - rasterio.env - DEBUG - No GDAL environment exists
2023-11-04 23:40:03,833 - rasterio.env - DEBUG - New GDAL environment <rasterio._env.GDALEnv object at 0x7fe8cb264d30> created
2023-11-04 23:40:03,839 - rasterio._filepath - DEBUG - Installing FilePath filesystem handler plugin...
2023-11-04 23:40:03,839 - rasterio._env - DEBUG - GDAL data found in package: path='/home/swx/miniconda3/envs/present_weather/lib/python3.12/site-packages/rasterio/gdal_data'.
2023-11-04 23:40:03,839 - rasterio._env - DEBUG - PROJ_LIB found in environment.
2023-11-04 23:40:03,839 - rasterio._env - DEBUG - Started GDALEnv: self=<rasterio._env.GDALEnv object at 0x7fe8cb264d30>.
2023-11-04 23:40:03,840 - rasterio.env - DEBUG - Entered env context: <rasterio.env.Env object at 0x7fe88bb6aab0>
2023-11-04 23:40:03,840 - rasterio._base - DEBUG - Sharing flag: 0
2023-11-04 23:40:04,072 - rasterio._base - DEBUG - Nodata success: 1, Nodata value: nan
2023-11-04 23:40:04,072 - rasterio._base - DEBUG - Dataset <open DatasetReader name='https://radar.bmkg.go.id/raster/radarsatelit_202311042320.tif' mode='r'> is started.
2023-11-04 23:40:04,073 - rasterio.env - DEBUG - Exiting env context: <rasterio.env.Env object at 0x7fe88bb6aab0>
2023-11-04 23:40:04,073 - rasterio.env - DEBUG - Cleared existing <rasterio._env.GDALEnv object at 0x7fe8cb264d30> options
2023-11-04 23:40:04,073 - rasterio._env - DEBUG - Stopped GDALEnv <rasterio._env.GDALEnv object at 0x7fe8cb264d30>.
2023-11-04 23:40:04,073 - rasterio.env - DEBUG - Exiting outermost env
2023-11-04 23:40:04,074 - rasterio.env - DEBUG - Exited env context: <rasterio.env.Env object at 0x7fe88bb6aab0>
2023-11-04 23:40:04,074 - rasterio.env - DEBUG - Entering env context: <rasterio.env.Env object at 0x7fe88bb6aab0>
2023-11-04 23:40:04,074 - rasterio.env - DEBUG - Starting outermost env
2023-11-04 23:40:04,074 - rasterio.env - DEBUG - No GDAL environment exists
2023-11-04 23:40:04,074 - rasterio.env - DEBUG - New GDAL environment <rasterio._env.GDALEnv object at 0x7fe8ecc76fe0> created
2023-11-04 23:40:04,075 - rasterio._env - DEBUG - GDAL data found in package: path='/home/swx/miniconda3/envs/present_weather/lib/python3.12/site-packages/rasterio/gdal_data'.
2023-11-04 23:40:04,075 - rasterio._env - DEBUG - PROJ_LIB found in environment.
2023-11-04 23:40:04,075 - rasterio._env - DEBUG - Started GDALEnv: self=<rasterio._env.GDALEnv object at 0x7fe8ecc76fe0>.
2023-11-04 23:40:04,075 - rasterio.env - DEBUG - Entered env context: <rasterio.env.Env object at 0x7fe88bb6aab0>
2023-11-04 23:40:04,076 - rasterio.env - DEBUG - Got a copy of environment <rasterio._env.GDALEnv object at 0x7fe8ecc76fe0> options
2023-11-04 23:40:04,076 - rasterio.env - DEBUG - Entering env context: <rasterio.env.Env object at 0x7fe8d3d3dd60>
2023-11-04 23:40:04,077 - rasterio.env - DEBUG - Got a copy of environment <rasterio._env.GDALEnv object at 0x7fe8ecc76fe0> options
2023-11-04 23:40:04,077 - rasterio.env - DEBUG - Entered env context: <rasterio.env.Env object at 0x7fe8d3d3dd60>
2023-11-04 23:40:04,077 - rasterio._base - DEBUG - Sharing flag: 0
2023-11-04 23:40:04,078 - rasterio._base - DEBUG - Nodata success: 1, Nodata value: nan
2023-11-04 23:40:04,078 - rasterio._base - DEBUG - Dataset <open DatasetReader name='https://radar.bmkg.go.id/raster/radarsatelit_202311042320.tif' mode='r'> is started.
2023-11-04 23:40:04,078 - rasterio.env - DEBUG - Exiting env context: <rasterio.env.Env object at 0x7fe8d3d3dd60>
2023-11-04 23:40:04,078 - rasterio.env - DEBUG - Cleared existing <rasterio._env.GDALEnv object at 0x7fe8ecc76fe0> options
2023-11-04 23:40:04,078 - rasterio._env - DEBUG - Stopped GDALEnv <rasterio._env.GDALEnv object at 0x7fe8ecc76fe0>.
2023-11-04 23:40:04,078 - rasterio.env - DEBUG - No GDAL environment exists
2023-11-04 23:40:04,079 - rasterio.env - DEBUG - New GDAL environment <rasterio._env.GDALEnv object at 0x7fe8ecc76fe0> created
2023-11-04 23:40:04,079 - rasterio._env - DEBUG - GDAL data found in package: path='/home/swx/miniconda3/envs/present_weather/lib/python3.12/site-packages/rasterio/gdal_data'.
2023-11-04 23:40:04,079 - rasterio._env - DEBUG - PROJ_LIB found in environment.
2023-11-04 23:40:04,079 - rasterio._env - DEBUG - Started GDALEnv: self=<rasterio._env.GDALEnv object at 0x7fe8ecc76fe0>.
2023-11-04 23:40:04,079 - rasterio.env - DEBUG - Exited env context: <rasterio.env.Env object at 0x7fe8d3d3dd60>
2023-11-04 23:40:04,119 - rasterio._io - DEBUG - Output nodata value read from file: nan
2023-11-04 23:40:04,120 - rasterio._io - DEBUG - Output nodata values: [nan]
2023-11-04 23:40:04,120 - rasterio._io - DEBUG - all_valid: False
2023-11-04 23:40:04,120 - rasterio._io - DEBUG - mask_flags: ([<MaskFlags.nodata: 8>],)
2023-11-04 23:40:04,121 - rasterio._io - DEBUG - Jump straight to _read()
2023-11-04 23:40:04,121 - rasterio._io - DEBUG - Window: Window(col_off=0, row_off=0, width=10215, height=3792)
2023-11-04 23:40:04,121 - rasterio._io - DEBUG - IO window xoff=0.0 yoff=0.0 width=10215.0 height=3792.0
2023-11-04 23:40:04,909 - rasterio.env - DEBUG - Exiting env context: <rasterio.env.Env object at 0x7fe88bb6aab0>
2023-11-04 23:40:04,909 - rasterio.env - DEBUG - Cleared existing <rasterio._env.GDALEnv object at 0x7fe8ecc76fe0> options
2023-11-04 23:40:04,910 - rasterio._env - DEBUG - Stopped GDALEnv <rasterio._env.GDALEnv object at 0x7fe8ecc76fe0>.
2023-11-04 23:40:04,910 - rasterio.env - DEBUG - Exiting outermost env
2023-11-04 23:40:04,910 - rasterio.env - DEBUG - Exited env context: <rasterio.env.Env object at 0x7fe88bb6aab0>
2023-11-04 23:40:04,913 - urllib3.connectionpool - DEBUG - Starting new HTTPS connection (1): radar.bmkg.go.id:8060
2023-11-04 23:40:05,024 - urllib3.connectionpool - DEBUG - https://radar.bmkg.go.id:8060 "GET /getLatestLD?typeData=1 HTTP/1.1" 200 98054
2023-11-04 23:40:05,092 - asyncio - DEBUG - Using selector: EpollSelector
2023-11-04 23:56:38,748 - root - INFO - Total elapsed time: 0:16:35.042225
