2023-11-04 19:40:04,039 - root - INFO - Initiating present weather
2023-11-04 19:40:04,043 - urllib3.connectionpool - DEBUG - Starting new HTTPS connection (1): radar.bmkg.go.id:8060
2023-11-04 19:40:04,117 - urllib3.connectionpool - DEBUG - https://radar.bmkg.go.id:8060 "GET /getRadarGeotif?token=19387e71e78522ae4172ec0fda640983b8438c9cfa0ca571623cb69d8327&radar=amandemenForecast&type=latest HTTP/1.1" 200 90
2023-11-04 19:40:04,120 - rasterio.env - DEBUG - Entering env context: <rasterio.env.Env object at 0x7fa38d4153d0>
2023-11-04 19:40:04,121 - rasterio.env - DEBUG - Starting outermost env
2023-11-04 19:40:04,121 - rasterio.env - DEBUG - No GDAL environment exists
2023-11-04 19:40:04,122 - rasterio.env - DEBUG - New GDAL environment <rasterio._env.GDALEnv object at 0x7fa3301ffc70> created
2023-11-04 19:40:04,126 - rasterio._filepath - DEBUG - Installing FilePath filesystem handler plugin...
2023-11-04 19:40:04,126 - rasterio._env - DEBUG - GDAL data found in package: path='/home/swx/miniconda3/envs/present_weather/lib/python3.12/site-packages/rasterio/gdal_data'.
2023-11-04 19:40:04,126 - rasterio._env - DEBUG - PROJ_LIB found in environment.
2023-11-04 19:40:04,126 - rasterio._env - DEBUG - Started GDALEnv: self=<rasterio._env.GDALEnv object at 0x7fa3301ffc70>.
2023-11-04 19:40:04,127 - rasterio.env - DEBUG - Entered env context: <rasterio.env.Env object at 0x7fa38d4153d0>
2023-11-04 19:40:04,127 - rasterio._base - DEBUG - Sharing flag: 0
2023-11-04 19:40:04,284 - rasterio._base - DEBUG - Nodata success: 1, Nodata value: nan
2023-11-04 19:40:04,284 - rasterio._base - DEBUG - Dataset <open DatasetReader name='https://radar.bmkg.go.id/raster/radarsatelit_202311041920.tif' mode='r'> is started.
2023-11-04 19:40:04,285 - rasterio.env - DEBUG - Exiting env context: <rasterio.env.Env object at 0x7fa38d4153d0>
2023-11-04 19:40:04,285 - rasterio.env - DEBUG - Cleared existing <rasterio._env.GDALEnv object at 0x7fa3301ffc70> options
2023-11-04 19:40:04,285 - rasterio._env - DEBUG - Stopped GDALEnv <rasterio._env.GDALEnv object at 0x7fa3301ffc70>.
2023-11-04 19:40:04,285 - rasterio.env - DEBUG - Exiting outermost env
2023-11-04 19:40:04,285 - rasterio.env - DEBUG - Exited env context: <rasterio.env.Env object at 0x7fa38d4153d0>
2023-11-04 19:40:04,285 - rasterio.env - DEBUG - Entering env context: <rasterio.env.Env object at 0x7fa3b78f5fd0>
2023-11-04 19:40:04,285 - rasterio.env - DEBUG - Starting outermost env
2023-11-04 19:40:04,286 - rasterio.env - DEBUG - No GDAL environment exists
2023-11-04 19:40:04,286 - rasterio.env - DEBUG - New GDAL environment <rasterio._env.GDALEnv object at 0x7fa3301ffc70> created
2023-11-04 19:40:04,286 - rasterio._env - DEBUG - GDAL data found in package: path='/home/swx/miniconda3/envs/present_weather/lib/python3.12/site-packages/rasterio/gdal_data'.
2023-11-04 19:40:04,286 - rasterio._env - DEBUG - PROJ_LIB found in environment.
2023-11-04 19:40:04,287 - rasterio._env - DEBUG - Started GDALEnv: self=<rasterio._env.GDALEnv object at 0x7fa3301ffc70>.
2023-11-04 19:40:04,287 - rasterio.env - DEBUG - Entered env context: <rasterio.env.Env object at 0x7fa3b78f5fd0>
2023-11-04 19:40:04,287 - rasterio.env - DEBUG - Got a copy of environment <rasterio._env.GDALEnv object at 0x7fa3301ffc70> options
2023-11-04 19:40:04,287 - rasterio.env - DEBUG - Entering env context: <rasterio.env.Env object at 0x7fa330069400>
2023-11-04 19:40:04,288 - rasterio.env - DEBUG - Got a copy of environment <rasterio._env.GDALEnv object at 0x7fa3301ffc70> options
2023-11-04 19:40:04,288 - rasterio.env - DEBUG - Entered env context: <rasterio.env.Env object at 0x7fa330069400>
2023-11-04 19:40:04,288 - rasterio._base - DEBUG - Sharing flag: 0
2023-11-04 19:40:04,289 - rasterio._base - DEBUG - Nodata success: 1, Nodata value: nan
2023-11-04 19:40:04,289 - rasterio._base - DEBUG - Dataset <open DatasetReader name='https://radar.bmkg.go.id/raster/radarsatelit_202311041920.tif' mode='r'> is started.
2023-11-04 19:40:04,289 - rasterio.env - DEBUG - Exiting env context: <rasterio.env.Env object at 0x7fa330069400>
2023-11-04 19:40:04,289 - rasterio.env - DEBUG - Cleared existing <rasterio._env.GDALEnv object at 0x7fa3301ffc70> options
2023-11-04 19:40:04,289 - rasterio._env - DEBUG - Stopped GDALEnv <rasterio._env.GDALEnv object at 0x7fa3301ffc70>.
2023-11-04 19:40:04,289 - rasterio.env - DEBUG - No GDAL environment exists
2023-11-04 19:40:04,289 - rasterio.env - DEBUG - New GDAL environment <rasterio._env.GDALEnv object at 0x7fa3301ffc70> created
2023-11-04 19:40:04,290 - rasterio._env - DEBUG - GDAL data found in package: path='/home/swx/miniconda3/envs/present_weather/lib/python3.12/site-packages/rasterio/gdal_data'.
2023-11-04 19:40:04,290 - rasterio._env - DEBUG - PROJ_LIB found in environment.
2023-11-04 19:40:04,290 - rasterio._env - DEBUG - Started GDALEnv: self=<rasterio._env.GDALEnv object at 0x7fa3301ffc70>.
2023-11-04 19:40:04,290 - rasterio.env - DEBUG - Exited env context: <rasterio.env.Env object at 0x7fa330069400>
2023-11-04 19:40:04,320 - rasterio._io - DEBUG - Output nodata value read from file: nan
2023-11-04 19:40:04,321 - rasterio._io - DEBUG - Output nodata values: [nan]
2023-11-04 19:40:04,321 - rasterio._io - DEBUG - all_valid: False
2023-11-04 19:40:04,321 - rasterio._io - DEBUG - mask_flags: ([<MaskFlags.nodata: 8>],)
2023-11-04 19:40:04,321 - rasterio._io - DEBUG - Jump straight to _read()
2023-11-04 19:40:04,321 - rasterio._io - DEBUG - Window: Window(col_off=0, row_off=0, width=10215, height=3792)
2023-11-04 19:40:04,322 - rasterio._io - DEBUG - IO window xoff=0.0 yoff=0.0 width=10215.0 height=3792.0
2023-11-04 19:40:05,010 - rasterio.env - DEBUG - Exiting env context: <rasterio.env.Env object at 0x7fa3b78f5fd0>
2023-11-04 19:40:05,010 - rasterio.env - DEBUG - Cleared existing <rasterio._env.GDALEnv object at 0x7fa3301ffc70> options
2023-11-04 19:40:05,010 - rasterio._env - DEBUG - Stopped GDALEnv <rasterio._env.GDALEnv object at 0x7fa3301ffc70>.
2023-11-04 19:40:05,011 - rasterio.env - DEBUG - Exiting outermost env
2023-11-04 19:40:05,011 - rasterio.env - DEBUG - Exited env context: <rasterio.env.Env object at 0x7fa3b78f5fd0>
2023-11-04 19:40:05,013 - urllib3.connectionpool - DEBUG - Starting new HTTPS connection (1): radar.bmkg.go.id:8060
2023-11-04 19:40:05,116 - urllib3.connectionpool - DEBUG - https://radar.bmkg.go.id:8060 "GET /getLatestLD?typeData=1 HTTP/1.1" 200 197204
2023-11-04 19:40:05,185 - asyncio - DEBUG - Using selector: EpollSelector
2023-11-04 19:53:47,602 - root - INFO - Total elapsed time: 0:13:43.564524
