2023-11-24 15:23:03,862 - root - INFO - Initiating present weather
2023-11-24 15:23:03,865 - asyncio - DEBUG - Using selector: EpollSelector
2023-11-24 15:23:07,178 - urllib3.connectionpool - DEBUG - Starting new HTTPS connection (1): radar.bmkg.go.id:8060
2023-11-24 15:23:07,242 - urllib3.connectionpool - DEBUG - https://radar.bmkg.go.id:8060 "GET /getRadarGeotif?token=19387e71e78522ae4172ec0fda640983b8438c9cfa0ca571623cb69d8327&radar=amandemenForecast&type=latest HTTP/1.1" 200 90
2023-11-24 15:23:07,244 - rasterio.env - DEBUG - Entering env context: <rasterio.env.Env object at 0x7fa18c8bbec0>
2023-11-24 15:23:07,245 - rasterio.env - DEBUG - Starting outermost env
2023-11-24 15:23:07,245 - rasterio.env - DEBUG - No GDAL environment exists
2023-11-24 15:23:07,245 - rasterio.env - DEBUG - New GDAL environment <rasterio._env.GDALEnv object at 0x7fa187cf4eb0> created
2023-11-24 15:23:07,249 - rasterio._filepath - DEBUG - Installing FilePath filesystem handler plugin...
2023-11-24 15:23:07,249 - rasterio._env - DEBUG - GDAL data found in package: path='/home/swx/miniconda3/envs/present_weather/lib/python3.12/site-packages/rasterio/gdal_data'.
2023-11-24 15:23:07,250 - rasterio._env - DEBUG - PROJ_LIB found in environment.
2023-11-24 15:23:07,250 - rasterio._env - DEBUG - Started GDALEnv: self=<rasterio._env.GDALEnv object at 0x7fa187cf4eb0>.
2023-11-24 15:23:07,250 - rasterio.env - DEBUG - Entered env context: <rasterio.env.Env object at 0x7fa18c8bbec0>
2023-11-24 15:23:07,250 - rasterio._base - DEBUG - Sharing flag: 0
2023-11-24 15:23:07,454 - rasterio._base - DEBUG - Nodata success: 1, Nodata value: nan
2023-11-24 15:23:07,454 - rasterio._base - DEBUG - Dataset <open DatasetReader name='https://radar.bmkg.go.id/raster/radarsatelit_202311241520.tif' mode='r'> is started.
2023-11-24 15:23:07,454 - rasterio.env - DEBUG - Exiting env context: <rasterio.env.Env object at 0x7fa18c8bbec0>
2023-11-24 15:23:07,455 - rasterio.env - DEBUG - Cleared existing <rasterio._env.GDALEnv object at 0x7fa187cf4eb0> options
2023-11-24 15:23:07,455 - rasterio._env - DEBUG - Stopped GDALEnv <rasterio._env.GDALEnv object at 0x7fa187cf4eb0>.
2023-11-24 15:23:07,455 - rasterio.env - DEBUG - Exiting outermost env
2023-11-24 15:23:07,455 - rasterio.env - DEBUG - Exited env context: <rasterio.env.Env object at 0x7fa18c8bbec0>
2023-11-24 15:23:07,455 - rasterio.env - DEBUG - Entering env context: <rasterio.env.Env object at 0x7fa187a4cdd0>
2023-11-24 15:23:07,455 - rasterio.env - DEBUG - Starting outermost env
2023-11-24 15:23:07,455 - rasterio.env - DEBUG - No GDAL environment exists
2023-11-24 15:23:07,456 - rasterio.env - DEBUG - New GDAL environment <rasterio._env.GDALEnv object at 0x7fa187cf4eb0> created
2023-11-24 15:23:07,456 - rasterio._env - DEBUG - GDAL data found in package: path='/home/swx/miniconda3/envs/present_weather/lib/python3.12/site-packages/rasterio/gdal_data'.
2023-11-24 15:23:07,456 - rasterio._env - DEBUG - PROJ_LIB found in environment.
2023-11-24 15:23:07,457 - rasterio._env - DEBUG - Started GDALEnv: self=<rasterio._env.GDALEnv object at 0x7fa187cf4eb0>.
2023-11-24 15:23:07,457 - rasterio.env - DEBUG - Entered env context: <rasterio.env.Env object at 0x7fa187a4cdd0>
2023-11-24 15:23:07,457 - rasterio.env - DEBUG - Got a copy of environment <rasterio._env.GDALEnv object at 0x7fa187cf4eb0> options
2023-11-24 15:23:07,458 - rasterio.env - DEBUG - Entering env context: <rasterio.env.Env object at 0x7fa184d74a70>
2023-11-24 15:23:07,458 - rasterio.env - DEBUG - Got a copy of environment <rasterio._env.GDALEnv object at 0x7fa187cf4eb0> options
2023-11-24 15:23:07,458 - rasterio.env - DEBUG - Entered env context: <rasterio.env.Env object at 0x7fa184d74a70>
2023-11-24 15:23:07,458 - rasterio._base - DEBUG - Sharing flag: 0
2023-11-24 15:23:07,459 - rasterio._base - DEBUG - Nodata success: 1, Nodata value: nan
2023-11-24 15:23:07,459 - rasterio._base - DEBUG - Dataset <open DatasetReader name='https://radar.bmkg.go.id/raster/radarsatelit_202311241520.tif' mode='r'> is started.
2023-11-24 15:23:07,460 - rasterio.env - DEBUG - Exiting env context: <rasterio.env.Env object at 0x7fa184d74a70>
2023-11-24 15:23:07,460 - rasterio.env - DEBUG - Cleared existing <rasterio._env.GDALEnv object at 0x7fa187cf4eb0> options
2023-11-24 15:23:07,460 - rasterio._env - DEBUG - Stopped GDALEnv <rasterio._env.GDALEnv object at 0x7fa187cf4eb0>.
2023-11-24 15:23:07,460 - rasterio.env - DEBUG - No GDAL environment exists
2023-11-24 15:23:07,460 - rasterio.env - DEBUG - New GDAL environment <rasterio._env.GDALEnv object at 0x7fa187cf4eb0> created
2023-11-24 15:23:07,461 - rasterio._env - DEBUG - GDAL data found in package: path='/home/swx/miniconda3/envs/present_weather/lib/python3.12/site-packages/rasterio/gdal_data'.
2023-11-24 15:23:07,461 - rasterio._env - DEBUG - PROJ_LIB found in environment.
2023-11-24 15:23:07,461 - rasterio._env - DEBUG - Started GDALEnv: self=<rasterio._env.GDALEnv object at 0x7fa187cf4eb0>.
2023-11-24 15:23:07,462 - rasterio.env - DEBUG - Exited env context: <rasterio.env.Env object at 0x7fa184d74a70>
2023-11-24 15:23:07,490 - rasterio._io - DEBUG - Output nodata value read from file: nan
2023-11-24 15:23:07,491 - rasterio._io - DEBUG - Output nodata values: [nan]
2023-11-24 15:23:07,491 - rasterio._io - DEBUG - all_valid: False
2023-11-24 15:23:07,491 - rasterio._io - DEBUG - mask_flags: ([<MaskFlags.nodata: 8>],)
2023-11-24 15:23:07,492 - rasterio._io - DEBUG - Jump straight to _read()
2023-11-24 15:23:07,492 - rasterio._io - DEBUG - Window: Window(col_off=0, row_off=0, width=10215, height=3792)
2023-11-24 15:23:07,492 - rasterio._io - DEBUG - IO window xoff=0.0 yoff=0.0 width=10215.0 height=3792.0
2023-11-24 15:23:08,308 - rasterio.env - DEBUG - Exiting env context: <rasterio.env.Env object at 0x7fa187a4cdd0>
2023-11-24 15:23:08,308 - rasterio.env - DEBUG - Cleared existing <rasterio._env.GDALEnv object at 0x7fa187cf4eb0> options
2023-11-24 15:23:08,308 - rasterio._env - DEBUG - Stopped GDALEnv <rasterio._env.GDALEnv object at 0x7fa187cf4eb0>.
2023-11-24 15:23:08,308 - rasterio.env - DEBUG - Exiting outermost env
2023-11-24 15:23:08,308 - rasterio.env - DEBUG - Exited env context: <rasterio.env.Env object at 0x7fa187a4cdd0>
2023-11-24 15:23:08,311 - urllib3.connectionpool - DEBUG - Starting new HTTPS connection (1): radar.bmkg.go.id:8060
2023-11-24 15:23:08,367 - urllib3.connectionpool - DEBUG - https://radar.bmkg.go.id:8060 "GET /getLatestLD?typeData=1 HTTP/1.1" 200 4349
2023-11-24 15:23:08,377 - root - INFO - Generating present weather using RADAR data
2023-11-24 15:23:11,697 - root - INFO - dask.bag<lambda, npartitions=20>
2023-11-24 15:35:56,157 - root - INFO - Total elapsed time: 0:12:52.296386
