2023-11-24 00:43:03,981 - root - INFO - Initiating present weather
2023-11-24 00:43:03,985 - asyncio - DEBUG - Using selector: EpollSelector
2023-11-24 00:43:07,164 - urllib3.connectionpool - DEBUG - Starting new HTTPS connection (1): radar.bmkg.go.id:8060
2023-11-24 00:43:07,221 - urllib3.connectionpool - DEBUG - https://radar.bmkg.go.id:8060 "GET /getRadarGeotif?token=19387e71e78522ae4172ec0fda640983b8438c9cfa0ca571623cb69d8327&radar=amandemenForecast&type=latest HTTP/1.1" 200 90
2023-11-24 00:43:07,224 - rasterio.env - DEBUG - Entering env context: <rasterio.env.Env object at 0x7fb0bf1d3bc0>
2023-11-24 00:43:07,225 - rasterio.env - DEBUG - Starting outermost env
2023-11-24 00:43:07,225 - rasterio.env - DEBUG - No GDAL environment exists
2023-11-24 00:43:07,225 - rasterio.env - DEBUG - New GDAL environment <rasterio._env.GDALEnv object at 0x7fb0bf1990c0> created
2023-11-24 00:43:07,230 - rasterio._filepath - DEBUG - Installing FilePath filesystem handler plugin...
2023-11-24 00:43:07,230 - rasterio._env - DEBUG - GDAL data found in package: path='/home/swx/miniconda3/envs/present_weather/lib/python3.12/site-packages/rasterio/gdal_data'.
2023-11-24 00:43:07,230 - rasterio._env - DEBUG - PROJ_LIB found in environment.
2023-11-24 00:43:07,230 - rasterio._env - DEBUG - Started GDALEnv: self=<rasterio._env.GDALEnv object at 0x7fb0bf1990c0>.
2023-11-24 00:43:07,230 - rasterio.env - DEBUG - Entered env context: <rasterio.env.Env object at 0x7fb0bf1d3bc0>
2023-11-24 00:43:07,231 - rasterio._base - DEBUG - Sharing flag: 0
2023-11-24 00:43:07,427 - rasterio._base - DEBUG - Nodata success: 1, Nodata value: nan
2023-11-24 00:43:07,427 - rasterio._base - DEBUG - Dataset <open DatasetReader name='https://radar.bmkg.go.id/raster/radarsatelit_202311240040.tif' mode='r'> is started.
2023-11-24 00:43:07,428 - rasterio.env - DEBUG - Exiting env context: <rasterio.env.Env object at 0x7fb0bf1d3bc0>
2023-11-24 00:43:07,428 - rasterio.env - DEBUG - Cleared existing <rasterio._env.GDALEnv object at 0x7fb0bf1990c0> options
2023-11-24 00:43:07,428 - rasterio._env - DEBUG - Stopped GDALEnv <rasterio._env.GDALEnv object at 0x7fb0bf1990c0>.
2023-11-24 00:43:07,428 - rasterio.env - DEBUG - Exiting outermost env
2023-11-24 00:43:07,429 - rasterio.env - DEBUG - Exited env context: <rasterio.env.Env object at 0x7fb0bf1d3bc0>
2023-11-24 00:43:07,429 - rasterio.env - DEBUG - Entering env context: <rasterio.env.Env object at 0x7fb0bf38a960>
2023-11-24 00:43:07,429 - rasterio.env - DEBUG - Starting outermost env
2023-11-24 00:43:07,429 - rasterio.env - DEBUG - No GDAL environment exists
2023-11-24 00:43:07,429 - rasterio.env - DEBUG - New GDAL environment <rasterio._env.GDALEnv object at 0x7fb0bf1990c0> created
2023-11-24 00:43:07,430 - rasterio._env - DEBUG - GDAL data found in package: path='/home/swx/miniconda3/envs/present_weather/lib/python3.12/site-packages/rasterio/gdal_data'.
2023-11-24 00:43:07,430 - rasterio._env - DEBUG - PROJ_LIB found in environment.
2023-11-24 00:43:07,430 - rasterio._env - DEBUG - Started GDALEnv: self=<rasterio._env.GDALEnv object at 0x7fb0bf1990c0>.
2023-11-24 00:43:07,430 - rasterio.env - DEBUG - Entered env context: <rasterio.env.Env object at 0x7fb0bf38a960>
2023-11-24 00:43:07,431 - rasterio.env - DEBUG - Got a copy of environment <rasterio._env.GDALEnv object at 0x7fb0bf1990c0> options
2023-11-24 00:43:07,431 - rasterio.env - DEBUG - Entering env context: <rasterio.env.Env object at 0x7fb0bd724bc0>
2023-11-24 00:43:07,431 - rasterio.env - DEBUG - Got a copy of environment <rasterio._env.GDALEnv object at 0x7fb0bf1990c0> options
2023-11-24 00:43:07,431 - rasterio.env - DEBUG - Entered env context: <rasterio.env.Env object at 0x7fb0bd724bc0>
2023-11-24 00:43:07,431 - rasterio._base - DEBUG - Sharing flag: 0
2023-11-24 00:43:07,433 - rasterio._base - DEBUG - Nodata success: 1, Nodata value: nan
2023-11-24 00:43:07,433 - rasterio._base - DEBUG - Dataset <open DatasetReader name='https://radar.bmkg.go.id/raster/radarsatelit_202311240040.tif' mode='r'> is started.
2023-11-24 00:43:07,433 - rasterio.env - DEBUG - Exiting env context: <rasterio.env.Env object at 0x7fb0bd724bc0>
2023-11-24 00:43:07,433 - rasterio.env - DEBUG - Cleared existing <rasterio._env.GDALEnv object at 0x7fb0bf1990c0> options
2023-11-24 00:43:07,433 - rasterio._env - DEBUG - Stopped GDALEnv <rasterio._env.GDALEnv object at 0x7fb0bf1990c0>.
2023-11-24 00:43:07,433 - rasterio.env - DEBUG - No GDAL environment exists
2023-11-24 00:43:07,433 - rasterio.env - DEBUG - New GDAL environment <rasterio._env.GDALEnv object at 0x7fb0bf1990c0> created
2023-11-24 00:43:07,434 - rasterio._env - DEBUG - GDAL data found in package: path='/home/swx/miniconda3/envs/present_weather/lib/python3.12/site-packages/rasterio/gdal_data'.
2023-11-24 00:43:07,434 - rasterio._env - DEBUG - PROJ_LIB found in environment.
2023-11-24 00:43:07,434 - rasterio._env - DEBUG - Started GDALEnv: self=<rasterio._env.GDALEnv object at 0x7fb0bf1990c0>.
2023-11-24 00:43:07,435 - rasterio.env - DEBUG - Exited env context: <rasterio.env.Env object at 0x7fb0bd724bc0>
2023-11-24 00:43:07,464 - rasterio._io - DEBUG - Output nodata value read from file: nan
2023-11-24 00:43:07,464 - rasterio._io - DEBUG - Output nodata values: [nan]
2023-11-24 00:43:07,465 - rasterio._io - DEBUG - all_valid: False
2023-11-24 00:43:07,465 - rasterio._io - DEBUG - mask_flags: ([<MaskFlags.nodata: 8>],)
2023-11-24 00:43:07,465 - rasterio._io - DEBUG - Jump straight to _read()
2023-11-24 00:43:07,465 - rasterio._io - DEBUG - Window: Window(col_off=0, row_off=0, width=10215, height=3792)
2023-11-24 00:43:07,466 - rasterio._io - DEBUG - IO window xoff=0.0 yoff=0.0 width=10215.0 height=3792.0
2023-11-24 00:43:08,151 - rasterio.env - DEBUG - Exiting env context: <rasterio.env.Env object at 0x7fb0bf38a960>
2023-11-24 00:43:08,151 - rasterio.env - DEBUG - Cleared existing <rasterio._env.GDALEnv object at 0x7fb0bf1990c0> options
2023-11-24 00:43:08,151 - rasterio._env - DEBUG - Stopped GDALEnv <rasterio._env.GDALEnv object at 0x7fb0bf1990c0>.
2023-11-24 00:43:08,151 - rasterio.env - DEBUG - Exiting outermost env
2023-11-24 00:43:08,151 - rasterio.env - DEBUG - Exited env context: <rasterio.env.Env object at 0x7fb0bf38a960>
2023-11-24 00:43:08,154 - urllib3.connectionpool - DEBUG - Starting new HTTPS connection (1): radar.bmkg.go.id:8060
2023-11-24 00:43:08,206 - urllib3.connectionpool - DEBUG - https://radar.bmkg.go.id:8060 "GET /getLatestLD?typeData=1 HTTP/1.1" 200 22857
2023-11-24 00:43:11,497 - root - INFO - dask.bag<lambda, npartitions=20>
2023-11-24 00:55:11,777 - root - INFO - Total elapsed time: 0:12:07.796678
