2023-11-15 17:00:03,789 - root - INFO - Initiating present weather
2023-11-15 17:00:03,793 - urllib3.connectionpool - DEBUG - Starting new HTTPS connection (1): radar.bmkg.go.id:8060
2023-11-15 17:00:03,866 - urllib3.connectionpool - DEBUG - https://radar.bmkg.go.id:8060 "GET /getRadarGeotif?token=19387e71e78522ae4172ec0fda640983b8438c9cfa0ca571623cb69d8327&radar=amandemenForecast&type=latest HTTP/1.1" 200 90
2023-11-15 17:00:03,869 - rasterio.env - DEBUG - Entering env context: <rasterio.env.Env object at 0x7fef36e37c80>
2023-11-15 17:00:03,870 - rasterio.env - DEBUG - Starting outermost env
2023-11-15 17:00:03,870 - rasterio.env - DEBUG - No GDAL environment exists
2023-11-15 17:00:03,870 - rasterio.env - DEBUG - New GDAL environment <rasterio._env.GDALEnv object at 0x7fef37351780> created
2023-11-15 17:00:03,874 - rasterio._filepath - DEBUG - Installing FilePath filesystem handler plugin...
2023-11-15 17:00:03,874 - rasterio._env - DEBUG - GDAL data found in package: path='/home/swx/miniconda3/envs/present_weather/lib/python3.12/site-packages/rasterio/gdal_data'.
2023-11-15 17:00:03,874 - rasterio._env - DEBUG - PROJ_LIB found in environment.
2023-11-15 17:00:03,874 - rasterio._env - DEBUG - Started GDALEnv: self=<rasterio._env.GDALEnv object at 0x7fef37351780>.
2023-11-15 17:00:03,874 - rasterio.env - DEBUG - Entered env context: <rasterio.env.Env object at 0x7fef36e37c80>
2023-11-15 17:00:03,875 - rasterio._base - DEBUG - Sharing flag: 0
2023-11-15 17:00:04,067 - rasterio._base - DEBUG - Nodata success: 1, Nodata value: nan
2023-11-15 17:00:04,068 - rasterio._base - DEBUG - Dataset <open DatasetReader name='https://radar.bmkg.go.id/raster/radarsatelit_202311151650.tif' mode='r'> is started.
2023-11-15 17:00:04,068 - rasterio.env - DEBUG - Exiting env context: <rasterio.env.Env object at 0x7fef36e37c80>
2023-11-15 17:00:04,068 - rasterio.env - DEBUG - Cleared existing <rasterio._env.GDALEnv object at 0x7fef37351780> options
2023-11-15 17:00:04,068 - rasterio._env - DEBUG - Stopped GDALEnv <rasterio._env.GDALEnv object at 0x7fef37351780>.
2023-11-15 17:00:04,068 - rasterio.env - DEBUG - Exiting outermost env
2023-11-15 17:00:04,069 - rasterio.env - DEBUG - Exited env context: <rasterio.env.Env object at 0x7fef36e37c80>
2023-11-15 17:00:04,069 - rasterio.env - DEBUG - Entering env context: <rasterio.env.Env object at 0x7fef7865c980>
2023-11-15 17:00:04,069 - rasterio.env - DEBUG - Starting outermost env
2023-11-15 17:00:04,069 - rasterio.env - DEBUG - No GDAL environment exists
2023-11-15 17:00:04,069 - rasterio.env - DEBUG - New GDAL environment <rasterio._env.GDALEnv object at 0x7fef37351780> created
2023-11-15 17:00:04,070 - rasterio._env - DEBUG - GDAL data found in package: path='/home/swx/miniconda3/envs/present_weather/lib/python3.12/site-packages/rasterio/gdal_data'.
2023-11-15 17:00:04,070 - rasterio._env - DEBUG - PROJ_LIB found in environment.
2023-11-15 17:00:04,070 - rasterio._env - DEBUG - Started GDALEnv: self=<rasterio._env.GDALEnv object at 0x7fef37351780>.
2023-11-15 17:00:04,070 - rasterio.env - DEBUG - Entered env context: <rasterio.env.Env object at 0x7fef7865c980>
2023-11-15 17:00:04,071 - rasterio.env - DEBUG - Got a copy of environment <rasterio._env.GDALEnv object at 0x7fef37351780> options
2023-11-15 17:00:04,071 - rasterio.env - DEBUG - Entering env context: <rasterio.env.Env object at 0x7fef370870e0>
2023-11-15 17:00:04,071 - rasterio.env - DEBUG - Got a copy of environment <rasterio._env.GDALEnv object at 0x7fef37351780> options
2023-11-15 17:00:04,071 - rasterio.env - DEBUG - Entered env context: <rasterio.env.Env object at 0x7fef370870e0>
2023-11-15 17:00:04,071 - rasterio._base - DEBUG - Sharing flag: 0
2023-11-15 17:00:04,072 - rasterio._base - DEBUG - Nodata success: 1, Nodata value: nan
2023-11-15 17:00:04,073 - rasterio._base - DEBUG - Dataset <open DatasetReader name='https://radar.bmkg.go.id/raster/radarsatelit_202311151650.tif' mode='r'> is started.
2023-11-15 17:00:04,073 - rasterio.env - DEBUG - Exiting env context: <rasterio.env.Env object at 0x7fef370870e0>
2023-11-15 17:00:04,073 - rasterio.env - DEBUG - Cleared existing <rasterio._env.GDALEnv object at 0x7fef37351780> options
2023-11-15 17:00:04,073 - rasterio._env - DEBUG - Stopped GDALEnv <rasterio._env.GDALEnv object at 0x7fef37351780>.
2023-11-15 17:00:04,073 - rasterio.env - DEBUG - No GDAL environment exists
2023-11-15 17:00:04,073 - rasterio.env - DEBUG - New GDAL environment <rasterio._env.GDALEnv object at 0x7fef37351780> created
2023-11-15 17:00:04,074 - rasterio._env - DEBUG - GDAL data found in package: path='/home/swx/miniconda3/envs/present_weather/lib/python3.12/site-packages/rasterio/gdal_data'.
2023-11-15 17:00:04,074 - rasterio._env - DEBUG - PROJ_LIB found in environment.
2023-11-15 17:00:04,074 - rasterio._env - DEBUG - Started GDALEnv: self=<rasterio._env.GDALEnv object at 0x7fef37351780>.
2023-11-15 17:00:04,074 - rasterio.env - DEBUG - Exited env context: <rasterio.env.Env object at 0x7fef370870e0>
2023-11-15 17:00:04,105 - rasterio._io - DEBUG - Output nodata value read from file: nan
2023-11-15 17:00:04,105 - rasterio._io - DEBUG - Output nodata values: [nan]
2023-11-15 17:00:04,106 - rasterio._io - DEBUG - all_valid: False
2023-11-15 17:00:04,106 - rasterio._io - DEBUG - mask_flags: ([<MaskFlags.nodata: 8>],)
2023-11-15 17:00:04,106 - rasterio._io - DEBUG - Jump straight to _read()
2023-11-15 17:00:04,106 - rasterio._io - DEBUG - Window: Window(col_off=0, row_off=0, width=10215, height=3789)
2023-11-15 17:00:04,107 - rasterio._io - DEBUG - IO window xoff=0.0 yoff=0.0 width=10215.0 height=3789.0
2023-11-15 17:00:04,853 - rasterio.env - DEBUG - Exiting env context: <rasterio.env.Env object at 0x7fef7865c980>
2023-11-15 17:00:04,854 - rasterio.env - DEBUG - Cleared existing <rasterio._env.GDALEnv object at 0x7fef37351780> options
2023-11-15 17:00:04,854 - rasterio._env - DEBUG - Stopped GDALEnv <rasterio._env.GDALEnv object at 0x7fef37351780>.
2023-11-15 17:00:04,854 - rasterio.env - DEBUG - Exiting outermost env
2023-11-15 17:00:04,854 - rasterio.env - DEBUG - Exited env context: <rasterio.env.Env object at 0x7fef7865c980>
2023-11-15 17:00:04,856 - urllib3.connectionpool - DEBUG - Starting new HTTPS connection (1): radar.bmkg.go.id:8060
2023-11-15 17:00:09,933 - urllib3.connectionpool - DEBUG - https://radar.bmkg.go.id:8060 "GET /getLatestLD?typeData=1 HTTP/1.1" 200 108209
2023-11-15 17:00:09,975 - asyncio - DEBUG - Using selector: EpollSelector
2023-11-15 17:00:16,636 - root - INFO - dask.bag<lambda, npartitions=34>
2023-11-15 17:16:45,237 - root - INFO - Total elapsed time: 0:16:41.449520
