2023-11-20 22:23:04,052 - root - INFO - Initiating present weather
2023-11-20 22:23:04,058 - urllib3.connectionpool - DEBUG - Starting new HTTPS connection (1): radar.bmkg.go.id:8060
2023-11-20 22:23:09,138 - urllib3.connectionpool - DEBUG - https://radar.bmkg.go.id:8060 "GET /getRadarGeotif?token=19387e71e78522ae4172ec0fda640983b8438c9cfa0ca571623cb69d8327&radar=amandemenForecast&type=latest HTTP/1.1" 200 90
2023-11-20 22:23:09,141 - rasterio.env - DEBUG - Entering env context: <rasterio.env.Env object at 0x7f6e881a12e0>
2023-11-20 22:23:09,142 - rasterio.env - DEBUG - Starting outermost env
2023-11-20 22:23:09,142 - rasterio.env - DEBUG - No GDAL environment exists
2023-11-20 22:23:09,142 - rasterio.env - DEBUG - New GDAL environment <rasterio._env.GDALEnv object at 0x7f6e882c8fa0> created
2023-11-20 22:23:09,146 - rasterio._filepath - DEBUG - Installing FilePath filesystem handler plugin...
2023-11-20 22:23:09,147 - rasterio._env - DEBUG - GDAL data found in package: path='/home/swx/miniconda3/envs/present_weather/lib/python3.12/site-packages/rasterio/gdal_data'.
2023-11-20 22:23:09,147 - rasterio._env - DEBUG - PROJ_LIB found in environment.
2023-11-20 22:23:09,147 - rasterio._env - DEBUG - Started GDALEnv: self=<rasterio._env.GDALEnv object at 0x7f6e882c8fa0>.
2023-11-20 22:23:09,147 - rasterio.env - DEBUG - Entered env context: <rasterio.env.Env object at 0x7f6e881a12e0>
2023-11-20 22:23:09,147 - rasterio._base - DEBUG - Sharing flag: 0
2023-11-20 22:23:09,354 - rasterio._base - DEBUG - Nodata success: 1, Nodata value: nan
2023-11-20 22:23:09,354 - rasterio._base - DEBUG - Dataset <open DatasetReader name='https://radar.bmkg.go.id/raster/radarsatelit_202311202220.tif' mode='r'> is started.
2023-11-20 22:23:09,355 - rasterio.env - DEBUG - Exiting env context: <rasterio.env.Env object at 0x7f6e881a12e0>
2023-11-20 22:23:09,355 - rasterio.env - DEBUG - Cleared existing <rasterio._env.GDALEnv object at 0x7f6e882c8fa0> options
2023-11-20 22:23:09,355 - rasterio._env - DEBUG - Stopped GDALEnv <rasterio._env.GDALEnv object at 0x7f6e882c8fa0>.
2023-11-20 22:23:09,355 - rasterio.env - DEBUG - Exiting outermost env
2023-11-20 22:23:09,355 - rasterio.env - DEBUG - Exited env context: <rasterio.env.Env object at 0x7f6e881a12e0>
2023-11-20 22:23:09,355 - rasterio.env - DEBUG - Entering env context: <rasterio.env.Env object at 0x7f6eea8a1220>
2023-11-20 22:23:09,356 - rasterio.env - DEBUG - Starting outermost env
2023-11-20 22:23:09,356 - rasterio.env - DEBUG - No GDAL environment exists
2023-11-20 22:23:09,356 - rasterio.env - DEBUG - New GDAL environment <rasterio._env.GDALEnv object at 0x7f6e882c8fa0> created
2023-11-20 22:23:09,356 - rasterio._env - DEBUG - GDAL data found in package: path='/home/swx/miniconda3/envs/present_weather/lib/python3.12/site-packages/rasterio/gdal_data'.
2023-11-20 22:23:09,357 - rasterio._env - DEBUG - PROJ_LIB found in environment.
2023-11-20 22:23:09,357 - rasterio._env - DEBUG - Started GDALEnv: self=<rasterio._env.GDALEnv object at 0x7f6e882c8fa0>.
2023-11-20 22:23:09,357 - rasterio.env - DEBUG - Entered env context: <rasterio.env.Env object at 0x7f6eea8a1220>
2023-11-20 22:23:09,358 - rasterio.env - DEBUG - Got a copy of environment <rasterio._env.GDALEnv object at 0x7f6e882c8fa0> options
2023-11-20 22:23:09,358 - rasterio.env - DEBUG - Entering env context: <rasterio.env.Env object at 0x7f6e87f10f20>
2023-11-20 22:23:09,358 - rasterio.env - DEBUG - Got a copy of environment <rasterio._env.GDALEnv object at 0x7f6e882c8fa0> options
2023-11-20 22:23:09,358 - rasterio.env - DEBUG - Entered env context: <rasterio.env.Env object at 0x7f6e87f10f20>
2023-11-20 22:23:09,358 - rasterio._base - DEBUG - Sharing flag: 0
2023-11-20 22:23:09,359 - rasterio._base - DEBUG - Nodata success: 1, Nodata value: nan
2023-11-20 22:23:09,360 - rasterio._base - DEBUG - Dataset <open DatasetReader name='https://radar.bmkg.go.id/raster/radarsatelit_202311202220.tif' mode='r'> is started.
2023-11-20 22:23:09,360 - rasterio.env - DEBUG - Exiting env context: <rasterio.env.Env object at 0x7f6e87f10f20>
2023-11-20 22:23:09,360 - rasterio.env - DEBUG - Cleared existing <rasterio._env.GDALEnv object at 0x7f6e882c8fa0> options
2023-11-20 22:23:09,360 - rasterio._env - DEBUG - Stopped GDALEnv <rasterio._env.GDALEnv object at 0x7f6e882c8fa0>.
2023-11-20 22:23:09,360 - rasterio.env - DEBUG - No GDAL environment exists
2023-11-20 22:23:09,360 - rasterio.env - DEBUG - New GDAL environment <rasterio._env.GDALEnv object at 0x7f6e882c8fa0> created
2023-11-20 22:23:09,361 - rasterio._env - DEBUG - GDAL data found in package: path='/home/swx/miniconda3/envs/present_weather/lib/python3.12/site-packages/rasterio/gdal_data'.
2023-11-20 22:23:09,361 - rasterio._env - DEBUG - PROJ_LIB found in environment.
2023-11-20 22:23:09,361 - rasterio._env - DEBUG - Started GDALEnv: self=<rasterio._env.GDALEnv object at 0x7f6e882c8fa0>.
2023-11-20 22:23:09,361 - rasterio.env - DEBUG - Exited env context: <rasterio.env.Env object at 0x7f6e87f10f20>
2023-11-20 22:23:09,393 - rasterio._io - DEBUG - Output nodata value read from file: nan
2023-11-20 22:23:09,393 - rasterio._io - DEBUG - Output nodata values: [nan]
2023-11-20 22:23:09,394 - rasterio._io - DEBUG - all_valid: False
2023-11-20 22:23:09,394 - rasterio._io - DEBUG - mask_flags: ([<MaskFlags.nodata: 8>],)
2023-11-20 22:23:09,394 - rasterio._io - DEBUG - Jump straight to _read()
2023-11-20 22:23:09,394 - rasterio._io - DEBUG - Window: Window(col_off=0, row_off=0, width=10215, height=3792)
2023-11-20 22:23:09,395 - rasterio._io - DEBUG - IO window xoff=0.0 yoff=0.0 width=10215.0 height=3792.0
2023-11-20 22:23:10,147 - rasterio.env - DEBUG - Exiting env context: <rasterio.env.Env object at 0x7f6eea8a1220>
2023-11-20 22:23:10,148 - rasterio.env - DEBUG - Cleared existing <rasterio._env.GDALEnv object at 0x7f6e882c8fa0> options
2023-11-20 22:23:10,148 - rasterio._env - DEBUG - Stopped GDALEnv <rasterio._env.GDALEnv object at 0x7f6e882c8fa0>.
2023-11-20 22:23:10,148 - rasterio.env - DEBUG - Exiting outermost env
2023-11-20 22:23:10,148 - rasterio.env - DEBUG - Exited env context: <rasterio.env.Env object at 0x7f6eea8a1220>
2023-11-20 22:23:10,150 - urllib3.connectionpool - DEBUG - Starting new HTTPS connection (1): radar.bmkg.go.id:8060
2023-11-20 22:23:10,212 - urllib3.connectionpool - DEBUG - https://radar.bmkg.go.id:8060 "GET /getLatestLD?typeData=1 HTTP/1.1" 200 32631
2023-11-20 22:23:10,234 - asyncio - DEBUG - Using selector: EpollSelector
2023-11-20 22:23:16,897 - root - INFO - dask.bag<lambda, npartitions=34>
2023-11-20 22:39:11,005 - root - INFO - Total elapsed time: 0:16:06.954142
