2023-11-05 00:40:03,278 - root - INFO - Initiating present weather
2023-11-05 00:40:03,282 - urllib3.connectionpool - DEBUG - Starting new HTTPS connection (1): radar.bmkg.go.id:8060
2023-11-05 00:40:03,348 - urllib3.connectionpool - DEBUG - https://radar.bmkg.go.id:8060 "GET /getRadarGeotif?token=19387e71e78522ae4172ec0fda640983b8438c9cfa0ca571623cb69d8327&radar=amandemenForecast&type=latest HTTP/1.1" 200 90
2023-11-05 00:40:03,350 - rasterio.env - DEBUG - Entering env context: <rasterio.env.Env object at 0x7f6a9b4b8080>
2023-11-05 00:40:03,351 - rasterio.env - DEBUG - Starting outermost env
2023-11-05 00:40:03,351 - rasterio.env - DEBUG - No GDAL environment exists
2023-11-05 00:40:03,351 - rasterio.env - DEBUG - New GDAL environment <rasterio._env.GDALEnv object at 0x7f6a9b68e080> created
2023-11-05 00:40:03,356 - rasterio._filepath - DEBUG - Installing FilePath filesystem handler plugin...
2023-11-05 00:40:03,356 - rasterio._env - DEBUG - GDAL data found in package: path='/home/swx/miniconda3/envs/present_weather/lib/python3.12/site-packages/rasterio/gdal_data'.
2023-11-05 00:40:03,356 - rasterio._env - DEBUG - PROJ_LIB found in environment.
2023-11-05 00:40:03,356 - rasterio._env - DEBUG - Started GDALEnv: self=<rasterio._env.GDALEnv object at 0x7f6a9b68e080>.
2023-11-05 00:40:03,357 - rasterio.env - DEBUG - Entered env context: <rasterio.env.Env object at 0x7f6a9b4b8080>
2023-11-05 00:40:03,357 - rasterio._base - DEBUG - Sharing flag: 0
2023-11-05 00:40:03,518 - rasterio._base - DEBUG - Nodata success: 1, Nodata value: nan
2023-11-05 00:40:03,518 - rasterio._base - DEBUG - Dataset <open DatasetReader name='https://radar.bmkg.go.id/raster/radarsatelit_202311050020.tif' mode='r'> is started.
2023-11-05 00:40:03,519 - rasterio.env - DEBUG - Exiting env context: <rasterio.env.Env object at 0x7f6a9b4b8080>
2023-11-05 00:40:03,519 - rasterio.env - DEBUG - Cleared existing <rasterio._env.GDALEnv object at 0x7f6a9b68e080> options
2023-11-05 00:40:03,519 - rasterio._env - DEBUG - Stopped GDALEnv <rasterio._env.GDALEnv object at 0x7f6a9b68e080>.
2023-11-05 00:40:03,519 - rasterio.env - DEBUG - Exiting outermost env
2023-11-05 00:40:03,519 - rasterio.env - DEBUG - Exited env context: <rasterio.env.Env object at 0x7f6a9b4b8080>
2023-11-05 00:40:03,519 - rasterio.env - DEBUG - Entering env context: <rasterio.env.Env object at 0x7f6abd9f64e0>
2023-11-05 00:40:03,519 - rasterio.env - DEBUG - Starting outermost env
2023-11-05 00:40:03,519 - rasterio.env - DEBUG - No GDAL environment exists
2023-11-05 00:40:03,520 - rasterio.env - DEBUG - New GDAL environment <rasterio._env.GDALEnv object at 0x7f6a30907c70> created
2023-11-05 00:40:03,520 - rasterio._env - DEBUG - GDAL data found in package: path='/home/swx/miniconda3/envs/present_weather/lib/python3.12/site-packages/rasterio/gdal_data'.
2023-11-05 00:40:03,520 - rasterio._env - DEBUG - PROJ_LIB found in environment.
2023-11-05 00:40:03,521 - rasterio._env - DEBUG - Started GDALEnv: self=<rasterio._env.GDALEnv object at 0x7f6a30907c70>.
2023-11-05 00:40:03,521 - rasterio.env - DEBUG - Entered env context: <rasterio.env.Env object at 0x7f6abd9f64e0>
2023-11-05 00:40:03,521 - rasterio.env - DEBUG - Got a copy of environment <rasterio._env.GDALEnv object at 0x7f6a30907c70> options
2023-11-05 00:40:03,521 - rasterio.env - DEBUG - Entering env context: <rasterio.env.Env object at 0x7f6a30732390>
2023-11-05 00:40:03,521 - rasterio.env - DEBUG - Got a copy of environment <rasterio._env.GDALEnv object at 0x7f6a30907c70> options
2023-11-05 00:40:03,522 - rasterio.env - DEBUG - Entered env context: <rasterio.env.Env object at 0x7f6a30732390>
2023-11-05 00:40:03,522 - rasterio._base - DEBUG - Sharing flag: 0
2023-11-05 00:40:03,523 - rasterio._base - DEBUG - Nodata success: 1, Nodata value: nan
2023-11-05 00:40:03,523 - rasterio._base - DEBUG - Dataset <open DatasetReader name='https://radar.bmkg.go.id/raster/radarsatelit_202311050020.tif' mode='r'> is started.
2023-11-05 00:40:03,523 - rasterio.env - DEBUG - Exiting env context: <rasterio.env.Env object at 0x7f6a30732390>
2023-11-05 00:40:03,523 - rasterio.env - DEBUG - Cleared existing <rasterio._env.GDALEnv object at 0x7f6a30907c70> options
2023-11-05 00:40:03,523 - rasterio._env - DEBUG - Stopped GDALEnv <rasterio._env.GDALEnv object at 0x7f6a30907c70>.
2023-11-05 00:40:03,523 - rasterio.env - DEBUG - No GDAL environment exists
2023-11-05 00:40:03,523 - rasterio.env - DEBUG - New GDAL environment <rasterio._env.GDALEnv object at 0x7f6a30907c70> created
2023-11-05 00:40:03,524 - rasterio._env - DEBUG - GDAL data found in package: path='/home/swx/miniconda3/envs/present_weather/lib/python3.12/site-packages/rasterio/gdal_data'.
2023-11-05 00:40:03,524 - rasterio._env - DEBUG - PROJ_LIB found in environment.
2023-11-05 00:40:03,524 - rasterio._env - DEBUG - Started GDALEnv: self=<rasterio._env.GDALEnv object at 0x7f6a30907c70>.
2023-11-05 00:40:03,524 - rasterio.env - DEBUG - Exited env context: <rasterio.env.Env object at 0x7f6a30732390>
2023-11-05 00:40:03,553 - rasterio._io - DEBUG - Output nodata value read from file: nan
2023-11-05 00:40:03,554 - rasterio._io - DEBUG - Output nodata values: [nan]
2023-11-05 00:40:03,554 - rasterio._io - DEBUG - all_valid: False
2023-11-05 00:40:03,554 - rasterio._io - DEBUG - mask_flags: ([<MaskFlags.nodata: 8>],)
2023-11-05 00:40:03,554 - rasterio._io - DEBUG - Jump straight to _read()
2023-11-05 00:40:03,555 - rasterio._io - DEBUG - Window: Window(col_off=0, row_off=0, width=10215, height=3789)
2023-11-05 00:40:03,555 - rasterio._io - DEBUG - IO window xoff=0.0 yoff=0.0 width=10215.0 height=3789.0
2023-11-05 00:40:04,189 - rasterio.env - DEBUG - Exiting env context: <rasterio.env.Env object at 0x7f6abd9f64e0>
2023-11-05 00:40:04,189 - rasterio.env - DEBUG - Cleared existing <rasterio._env.GDALEnv object at 0x7f6a30907c70> options
2023-11-05 00:40:04,189 - rasterio._env - DEBUG - Stopped GDALEnv <rasterio._env.GDALEnv object at 0x7f6a30907c70>.
2023-11-05 00:40:04,189 - rasterio.env - DEBUG - Exiting outermost env
2023-11-05 00:40:04,190 - rasterio.env - DEBUG - Exited env context: <rasterio.env.Env object at 0x7f6abd9f64e0>
2023-11-05 00:40:04,192 - urllib3.connectionpool - DEBUG - Starting new HTTPS connection (1): radar.bmkg.go.id:8060
2023-11-05 00:40:09,282 - urllib3.connectionpool - DEBUG - https://radar.bmkg.go.id:8060 "GET /getLatestLD?typeData=1 HTTP/1.1" 200 119561
2023-11-05 00:40:09,329 - asyncio - DEBUG - Using selector: EpollSelector
2023-11-05 00:59:21,323 - root - INFO - Total elapsed time: 0:19:18.045873
