2023-12-22 11:33:02,950 - root - INFO - Initiating present weather
2023-12-22 11:33:02,952 - asyncio - DEBUG - Using selector: EpollSelector
2023-12-22 11:33:04,570 - urllib3.connectionpool - DEBUG - Starting new HTTPS connection (1): radar.bmkg.go.id:8060
2023-12-22 11:33:04,583 - urllib3.connectionpool - DEBUG - https://radar.bmkg.go.id:8060 "GET /getLatestLD?typeData=1 HTTP/1.1" 200 62
2023-12-22 11:33:04,585 - urllib3.connectionpool - DEBUG - Starting new HTTPS connection (1): radar.bmkg.go.id:8060
2023-12-22 11:33:04,608 - urllib3.connectionpool - DEBUG - https://radar.bmkg.go.id:8060 "GET /getRadarGeotif?token=19387e71e78522ae4172ec0fda640983b8438c9cfa0ca571623cb69d8327&radar=amandemenForecast&type=latest HTTP/1.1" 200 90
2023-12-22 11:33:04,609 - rasterio.env - DEBUG - Entering env context: <rasterio.env.Env object at 0x7f79d5a39600>
2023-12-22 11:33:04,610 - rasterio.env - DEBUG - Starting outermost env
2023-12-22 11:33:04,610 - rasterio.env - DEBUG - No GDAL environment exists
2023-12-22 11:33:04,610 - rasterio.env - DEBUG - New GDAL environment <rasterio._env.GDALEnv object at 0x7f79d5a39660> created
2023-12-22 11:33:04,612 - rasterio._filepath - DEBUG - Installing FilePath filesystem handler plugin...
2023-12-22 11:33:04,612 - rasterio._env - DEBUG - GDAL data found in package: path='/home/metpublic/PYTHON_VENV/present_weather/lib/python3.10/site-packages/rasterio/gdal_data'.
2023-12-22 11:33:04,613 - rasterio._env - DEBUG - PROJ data found in package: path='/home/metpublic/PYTHON_VENV/present_weather/lib/python3.10/site-packages/rasterio/proj_data'.
2023-12-22 11:33:04,613 - rasterio._env - DEBUG - Started GDALEnv: self=<rasterio._env.GDALEnv object at 0x7f79d5a39660>.
2023-12-22 11:33:04,613 - rasterio.env - DEBUG - Entered env context: <rasterio.env.Env object at 0x7f79d5a39600>
2023-12-22 11:33:04,613 - rasterio._base - DEBUG - Sharing flag: 0
2023-12-22 11:33:04,946 - rasterio._base - DEBUG - Nodata success: 1, Nodata value: nan
2023-12-22 11:33:04,946 - rasterio._base - DEBUG - Dataset <open DatasetReader name='https://radar.bmkg.go.id/raster/radarsatelit_202312221130.tif' mode='r'> is started.
2023-12-22 11:33:04,947 - rasterio.env - DEBUG - Exiting env context: <rasterio.env.Env object at 0x7f79d5a39600>
2023-12-22 11:33:04,947 - rasterio.env - DEBUG - Cleared existing <rasterio._env.GDALEnv object at 0x7f79d5a39660> options
2023-12-22 11:33:04,947 - rasterio._env - DEBUG - Stopped GDALEnv <rasterio._env.GDALEnv object at 0x7f79d5a39660>.
2023-12-22 11:33:04,947 - rasterio.env - DEBUG - Exiting outermost env
2023-12-22 11:33:04,947 - rasterio.env - DEBUG - Exited env context: <rasterio.env.Env object at 0x7f79d5a39600>
2023-12-22 11:33:04,947 - rasterio.env - DEBUG - Entering env context: <rasterio.env.Env object at 0x7f79d59f10f0>
2023-12-22 11:33:04,947 - rasterio.env - DEBUG - Starting outermost env
2023-12-22 11:33:04,947 - rasterio.env - DEBUG - No GDAL environment exists
2023-12-22 11:33:04,947 - rasterio.env - DEBUG - New GDAL environment <rasterio._env.GDALEnv object at 0x7f79d5a39510> created
2023-12-22 11:33:04,948 - rasterio._env - DEBUG - GDAL data found in package: path='/home/metpublic/PYTHON_VENV/present_weather/lib/python3.10/site-packages/rasterio/gdal_data'.
2023-12-22 11:33:04,948 - rasterio._env - DEBUG - PROJ data found in package: path='/home/metpublic/PYTHON_VENV/present_weather/lib/python3.10/site-packages/rasterio/proj_data'.
2023-12-22 11:33:04,948 - rasterio._env - DEBUG - Started GDALEnv: self=<rasterio._env.GDALEnv object at 0x7f79d5a39510>.
2023-12-22 11:33:04,948 - rasterio.env - DEBUG - Entered env context: <rasterio.env.Env object at 0x7f79d59f10f0>
2023-12-22 11:33:04,948 - rasterio.env - DEBUG - Got a copy of environment <rasterio._env.GDALEnv object at 0x7f79d5a39510> options
2023-12-22 11:33:04,948 - rasterio.env - DEBUG - Entering env context: <rasterio.env.Env object at 0x7f79d40f2e30>
2023-12-22 11:33:04,949 - rasterio.env - DEBUG - Got a copy of environment <rasterio._env.GDALEnv object at 0x7f79d5a39510> options
2023-12-22 11:33:04,949 - rasterio.env - DEBUG - Entered env context: <rasterio.env.Env object at 0x7f79d40f2e30>
2023-12-22 11:33:04,949 - rasterio._base - DEBUG - Sharing flag: 0
2023-12-22 11:33:04,950 - rasterio._base - DEBUG - Nodata success: 1, Nodata value: nan
2023-12-22 11:33:04,950 - rasterio._base - DEBUG - Dataset <open DatasetReader name='https://radar.bmkg.go.id/raster/radarsatelit_202312221130.tif' mode='r'> is started.
2023-12-22 11:33:04,950 - rasterio.env - DEBUG - Exiting env context: <rasterio.env.Env object at 0x7f79d40f2e30>
2023-12-22 11:33:04,950 - rasterio.env - DEBUG - Cleared existing <rasterio._env.GDALEnv object at 0x7f79d5a39510> options
2023-12-22 11:33:04,950 - rasterio._env - DEBUG - Stopped GDALEnv <rasterio._env.GDALEnv object at 0x7f79d5a39510>.
2023-12-22 11:33:04,950 - rasterio.env - DEBUG - No GDAL environment exists
2023-12-22 11:33:04,950 - rasterio.env - DEBUG - New GDAL environment <rasterio._env.GDALEnv object at 0x7f79d5a39510> created
2023-12-22 11:33:04,951 - rasterio._env - DEBUG - GDAL data found in package: path='/home/metpublic/PYTHON_VENV/present_weather/lib/python3.10/site-packages/rasterio/gdal_data'.
2023-12-22 11:33:04,951 - rasterio._env - DEBUG - PROJ data found in package: path='/home/metpublic/PYTHON_VENV/present_weather/lib/python3.10/site-packages/rasterio/proj_data'.
2023-12-22 11:33:04,951 - rasterio._env - DEBUG - Started GDALEnv: self=<rasterio._env.GDALEnv object at 0x7f79d5a39510>.
2023-12-22 11:33:04,951 - rasterio.env - DEBUG - Exited env context: <rasterio.env.Env object at 0x7f79d40f2e30>
2023-12-22 11:33:04,969 - rasterio._io - DEBUG - Output nodata value read from file: nan
2023-12-22 11:33:04,970 - rasterio._io - DEBUG - Output nodata values: [nan]
2023-12-22 11:33:04,970 - rasterio._io - DEBUG - all_valid: False
2023-12-22 11:33:04,970 - rasterio._io - DEBUG - mask_flags: ([<MaskFlags.nodata: 8>],)
2023-12-22 11:33:04,970 - rasterio._io - DEBUG - Jump straight to _read()
2023-12-22 11:33:04,970 - rasterio._io - DEBUG - Window: Window(col_off=0, row_off=0, width=10177, height=3732)
2023-12-22 11:33:04,971 - rasterio._io - DEBUG - IO window xoff=0.0 yoff=0.0 width=10177.0 height=3732.0
2023-12-22 11:33:05,551 - rasterio.env - DEBUG - Exiting env context: <rasterio.env.Env object at 0x7f79d59f10f0>
2023-12-22 11:33:05,551 - rasterio.env - DEBUG - Cleared existing <rasterio._env.GDALEnv object at 0x7f79d5a39510> options
2023-12-22 11:33:05,551 - rasterio._env - DEBUG - Stopped GDALEnv <rasterio._env.GDALEnv object at 0x7f79d5a39510>.
2023-12-22 11:33:05,551 - rasterio.env - DEBUG - Exiting outermost env
2023-12-22 11:33:05,551 - rasterio.env - DEBUG - Exited env context: <rasterio.env.Env object at 0x7f79d59f10f0>
2023-12-22 11:37:37,918 - rasterio.env - DEBUG - Entering env context: <rasterio.env.Env object at 0x7f79d418a6b0>
2023-12-22 11:37:37,919 - rasterio.env - DEBUG - Starting outermost env
2023-12-22 11:37:37,919 - rasterio.env - DEBUG - No GDAL environment exists
2023-12-22 11:37:37,919 - rasterio.env - DEBUG - New GDAL environment <rasterio._env.GDALEnv object at 0x7f79d41881f0> created
2023-12-22 11:37:37,919 - rasterio._env - DEBUG - GDAL data found in package: path='/home/metpublic/PYTHON_VENV/present_weather/lib/python3.10/site-packages/rasterio/gdal_data'.
2023-12-22 11:37:37,920 - rasterio._env - DEBUG - PROJ data found in package: path='/home/metpublic/PYTHON_VENV/present_weather/lib/python3.10/site-packages/rasterio/proj_data'.
2023-12-22 11:37:37,920 - rasterio._env - DEBUG - Started GDALEnv: self=<rasterio._env.GDALEnv object at 0x7f79d41881f0>.
2023-12-22 11:37:37,920 - rasterio.env - DEBUG - Entered env context: <rasterio.env.Env object at 0x7f79d418a6b0>
2023-12-22 11:37:37,920 - rasterio._base - DEBUG - Sharing flag: 0
2023-12-22 11:37:37,922 - rasterio._base - DEBUG - Nodata success: 0, Nodata value: 0.000000
2023-12-22 11:37:37,922 - rasterio._base - DEBUG - Dataset <open DatasetReader name='/home/metpublic/TASK_RELEASE/EFAN/present_weather/src/H09_B13_Indonesia_20231222.Z1110.cor.tiff' mode='r'> is started.
2023-12-22 11:37:37,922 - rasterio.env - DEBUG - Exiting env context: <rasterio.env.Env object at 0x7f79d418a6b0>
2023-12-22 11:37:37,922 - rasterio.env - DEBUG - Cleared existing <rasterio._env.GDALEnv object at 0x7f79d41881f0> options
2023-12-22 11:37:37,922 - rasterio._env - DEBUG - Stopped GDALEnv <rasterio._env.GDALEnv object at 0x7f79d41881f0>.
2023-12-22 11:37:37,922 - rasterio.env - DEBUG - Exiting outermost env
2023-12-22 11:37:37,922 - rasterio.env - DEBUG - Exited env context: <rasterio.env.Env object at 0x7f79d418a6b0>
2023-12-22 11:37:37,923 - rasterio.env - DEBUG - Entering env context: <rasterio.env.Env object at 0x7f79c46456f0>
2023-12-22 11:37:37,923 - rasterio.env - DEBUG - Starting outermost env
2023-12-22 11:37:37,923 - rasterio.env - DEBUG - No GDAL environment exists
2023-12-22 11:37:37,923 - rasterio.env - DEBUG - New GDAL environment <rasterio._env.GDALEnv object at 0x7f79c4646380> created
2023-12-22 11:37:37,923 - rasterio._env - DEBUG - GDAL data found in package: path='/home/metpublic/PYTHON_VENV/present_weather/lib/python3.10/site-packages/rasterio/gdal_data'.
2023-12-22 11:37:37,923 - rasterio._env - DEBUG - PROJ data found in package: path='/home/metpublic/PYTHON_VENV/present_weather/lib/python3.10/site-packages/rasterio/proj_data'.
2023-12-22 11:37:37,924 - rasterio._env - DEBUG - Started GDALEnv: self=<rasterio._env.GDALEnv object at 0x7f79c4646380>.
2023-12-22 11:37:37,924 - rasterio.env - DEBUG - Entered env context: <rasterio.env.Env object at 0x7f79c46456f0>
2023-12-22 11:37:37,924 - rasterio._base - DEBUG - Sharing flag: 0
2023-12-22 11:37:37,925 - rasterio._base - DEBUG - Nodata success: 0, Nodata value: 0.000000
2023-12-22 11:37:37,925 - rasterio._base - DEBUG - Dataset <open DatasetReader name='/home/metpublic/TASK_RELEASE/EFAN/present_weather/src/H09_B13_Indonesia_20231222.Z1110.cor.tiff' mode='r'> is started.
2023-12-22 11:37:37,925 - rasterio.env - DEBUG - Exiting env context: <rasterio.env.Env object at 0x7f79c46456f0>
2023-12-22 11:37:37,925 - rasterio.env - DEBUG - Cleared existing <rasterio._env.GDALEnv object at 0x7f79c4646380> options
2023-12-22 11:37:37,925 - rasterio._env - DEBUG - Stopped GDALEnv <rasterio._env.GDALEnv object at 0x7f79c4646380>.
2023-12-22 11:37:37,925 - rasterio.env - DEBUG - Exiting outermost env
2023-12-22 11:37:37,925 - rasterio.env - DEBUG - Exited env context: <rasterio.env.Env object at 0x7f79c46456f0>
2023-12-22 11:37:37,940 - root - INFO - Generating present weather using SATELITE data
2023-12-22 11:39:05,751 - root - INFO - Total elapsed time: 0:06:02.802271
