2023-12-22 16:13:02,388 - root - INFO - Initiating present weather
2023-12-22 16:13:02,390 - asyncio - DEBUG - Using selector: EpollSelector
2023-12-22 16:13:04,118 - urllib3.connectionpool - DEBUG - Starting new HTTPS connection (1): radar.bmkg.go.id:8060
2023-12-22 16:13:04,160 - urllib3.connectionpool - DEBUG - https://radar.bmkg.go.id:8060 "GET /getLatestLD?typeData=1 HTTP/1.1" 200 62
2023-12-22 16:13:04,162 - urllib3.connectionpool - DEBUG - Starting new HTTPS connection (1): radar.bmkg.go.id:8060
2023-12-22 16:13:04,184 - urllib3.connectionpool - DEBUG - https://radar.bmkg.go.id:8060 "GET /getRadarGeotif?token=19387e71e78522ae4172ec0fda640983b8438c9cfa0ca571623cb69d8327&radar=amandemenForecast&type=latest HTTP/1.1" 200 90
2023-12-22 16:13:04,185 - rasterio.env - DEBUG - Entering env context: <rasterio.env.Env object at 0x7fb53f881810>
2023-12-22 16:13:04,186 - rasterio.env - DEBUG - Starting outermost env
2023-12-22 16:13:04,186 - rasterio.env - DEBUG - No GDAL environment exists
2023-12-22 16:13:04,186 - rasterio.env - DEBUG - New GDAL environment <rasterio._env.GDALEnv object at 0x7fb53f8f0cd0> created
2023-12-22 16:13:04,188 - rasterio._filepath - DEBUG - Installing FilePath filesystem handler plugin...
2023-12-22 16:13:04,189 - rasterio._env - DEBUG - GDAL data found in package: path='/home/metpublic/PYTHON_VENV/present_weather/lib/python3.10/site-packages/rasterio/gdal_data'.
2023-12-22 16:13:04,189 - rasterio._env - DEBUG - PROJ data found in package: path='/home/metpublic/PYTHON_VENV/present_weather/lib/python3.10/site-packages/rasterio/proj_data'.
2023-12-22 16:13:04,189 - rasterio._env - DEBUG - Started GDALEnv: self=<rasterio._env.GDALEnv object at 0x7fb53f8f0cd0>.
2023-12-22 16:13:04,189 - rasterio.env - DEBUG - Entered env context: <rasterio.env.Env object at 0x7fb53f881810>
2023-12-22 16:13:04,189 - rasterio._base - DEBUG - Sharing flag: 0
2023-12-22 16:13:04,528 - rasterio._base - DEBUG - Nodata success: 1, Nodata value: nan
2023-12-22 16:13:04,529 - rasterio._base - DEBUG - Dataset <open DatasetReader name='https://radar.bmkg.go.id/raster/radarsatelit_202312221610.tif' mode='r'> is started.
2023-12-22 16:13:04,529 - rasterio.env - DEBUG - Exiting env context: <rasterio.env.Env object at 0x7fb53f881810>
2023-12-22 16:13:04,529 - rasterio.env - DEBUG - Cleared existing <rasterio._env.GDALEnv object at 0x7fb53f8f0cd0> options
2023-12-22 16:13:04,529 - rasterio._env - DEBUG - Stopped GDALEnv <rasterio._env.GDALEnv object at 0x7fb53f8f0cd0>.
2023-12-22 16:13:04,529 - rasterio.env - DEBUG - Exiting outermost env
2023-12-22 16:13:04,529 - rasterio.env - DEBUG - Exited env context: <rasterio.env.Env object at 0x7fb53f881810>
2023-12-22 16:13:04,530 - rasterio.env - DEBUG - Entering env context: <rasterio.env.Env object at 0x7fb53f8c5570>
2023-12-22 16:13:04,530 - rasterio.env - DEBUG - Starting outermost env
2023-12-22 16:13:04,530 - rasterio.env - DEBUG - No GDAL environment exists
2023-12-22 16:13:04,530 - rasterio.env - DEBUG - New GDAL environment <rasterio._env.GDALEnv object at 0x7fb53f8f0cd0> created
2023-12-22 16:13:04,533 - rasterio._env - DEBUG - GDAL data found in package: path='/home/metpublic/PYTHON_VENV/present_weather/lib/python3.10/site-packages/rasterio/gdal_data'.
2023-12-22 16:13:04,534 - rasterio._env - DEBUG - PROJ data found in package: path='/home/metpublic/PYTHON_VENV/present_weather/lib/python3.10/site-packages/rasterio/proj_data'.
2023-12-22 16:13:04,534 - rasterio._env - DEBUG - Started GDALEnv: self=<rasterio._env.GDALEnv object at 0x7fb53f8f0cd0>.
2023-12-22 16:13:04,535 - rasterio.env - DEBUG - Entered env context: <rasterio.env.Env object at 0x7fb53f8c5570>
2023-12-22 16:13:04,535 - rasterio.env - DEBUG - Got a copy of environment <rasterio._env.GDALEnv object at 0x7fb53f8f0cd0> options
2023-12-22 16:13:04,535 - rasterio.env - DEBUG - Entering env context: <rasterio.env.Env object at 0x7fb51c72fd00>
2023-12-22 16:13:04,536 - rasterio.env - DEBUG - Got a copy of environment <rasterio._env.GDALEnv object at 0x7fb53f8f0cd0> options
2023-12-22 16:13:04,536 - rasterio.env - DEBUG - Entered env context: <rasterio.env.Env object at 0x7fb51c72fd00>
2023-12-22 16:13:04,536 - rasterio._base - DEBUG - Sharing flag: 0
2023-12-22 16:13:04,537 - rasterio._base - DEBUG - Nodata success: 1, Nodata value: nan
2023-12-22 16:13:04,537 - rasterio._base - DEBUG - Dataset <open DatasetReader name='https://radar.bmkg.go.id/raster/radarsatelit_202312221610.tif' mode='r'> is started.
2023-12-22 16:13:04,537 - rasterio.env - DEBUG - Exiting env context: <rasterio.env.Env object at 0x7fb51c72fd00>
2023-12-22 16:13:04,537 - rasterio.env - DEBUG - Cleared existing <rasterio._env.GDALEnv object at 0x7fb53f8f0cd0> options
2023-12-22 16:13:04,537 - rasterio._env - DEBUG - Stopped GDALEnv <rasterio._env.GDALEnv object at 0x7fb53f8f0cd0>.
2023-12-22 16:13:04,538 - rasterio.env - DEBUG - No GDAL environment exists
2023-12-22 16:13:04,538 - rasterio.env - DEBUG - New GDAL environment <rasterio._env.GDALEnv object at 0x7fb53f8f0cd0> created
2023-12-22 16:13:04,538 - rasterio._env - DEBUG - GDAL data found in package: path='/home/metpublic/PYTHON_VENV/present_weather/lib/python3.10/site-packages/rasterio/gdal_data'.
2023-12-22 16:13:04,538 - rasterio._env - DEBUG - PROJ data found in package: path='/home/metpublic/PYTHON_VENV/present_weather/lib/python3.10/site-packages/rasterio/proj_data'.
2023-12-22 16:13:04,539 - rasterio._env - DEBUG - Started GDALEnv: self=<rasterio._env.GDALEnv object at 0x7fb53f8f0cd0>.
2023-12-22 16:13:04,539 - rasterio.env - DEBUG - Exited env context: <rasterio.env.Env object at 0x7fb51c72fd00>
2023-12-22 16:13:04,558 - rasterio._io - DEBUG - Output nodata value read from file: nan
2023-12-22 16:13:04,558 - rasterio._io - DEBUG - Output nodata values: [nan]
2023-12-22 16:13:04,559 - rasterio._io - DEBUG - all_valid: False
2023-12-22 16:13:04,559 - rasterio._io - DEBUG - mask_flags: ([<MaskFlags.nodata: 8>],)
2023-12-22 16:13:04,559 - rasterio._io - DEBUG - Jump straight to _read()
2023-12-22 16:13:04,559 - rasterio._io - DEBUG - Window: Window(col_off=0, row_off=0, width=10186, height=3735)
2023-12-22 16:13:04,560 - rasterio._io - DEBUG - IO window xoff=0.0 yoff=0.0 width=10186.0 height=3735.0
2023-12-22 16:13:05,191 - rasterio.env - DEBUG - Exiting env context: <rasterio.env.Env object at 0x7fb53f8c5570>
2023-12-22 16:13:05,191 - rasterio.env - DEBUG - Cleared existing <rasterio._env.GDALEnv object at 0x7fb53f8f0cd0> options
2023-12-22 16:13:05,191 - rasterio._env - DEBUG - Stopped GDALEnv <rasterio._env.GDALEnv object at 0x7fb53f8f0cd0>.
2023-12-22 16:13:05,191 - rasterio.env - DEBUG - Exiting outermost env
2023-12-22 16:13:05,191 - rasterio.env - DEBUG - Exited env context: <rasterio.env.Env object at 0x7fb53f8c5570>
2023-12-22 16:17:56,019 - rasterio.env - DEBUG - Entering env context: <rasterio.env.Env object at 0x7fb53f9435b0>
2023-12-22 16:17:56,020 - rasterio.env - DEBUG - Starting outermost env
2023-12-22 16:17:56,020 - rasterio.env - DEBUG - No GDAL environment exists
2023-12-22 16:17:56,020 - rasterio.env - DEBUG - New GDAL environment <rasterio._env.GDALEnv object at 0x7fb51c5d14e0> created
2023-12-22 16:17:56,021 - rasterio._env - DEBUG - GDAL data found in package: path='/home/metpublic/PYTHON_VENV/present_weather/lib/python3.10/site-packages/rasterio/gdal_data'.
2023-12-22 16:17:56,022 - rasterio._env - DEBUG - PROJ data found in package: path='/home/metpublic/PYTHON_VENV/present_weather/lib/python3.10/site-packages/rasterio/proj_data'.
2023-12-22 16:17:56,022 - rasterio._env - DEBUG - Started GDALEnv: self=<rasterio._env.GDALEnv object at 0x7fb51c5d14e0>.
2023-12-22 16:17:56,022 - rasterio.env - DEBUG - Entered env context: <rasterio.env.Env object at 0x7fb53f9435b0>
2023-12-22 16:17:56,022 - rasterio._base - DEBUG - Sharing flag: 0
2023-12-22 16:17:56,024 - rasterio._base - DEBUG - Nodata success: 0, Nodata value: 0.000000
2023-12-22 16:17:56,025 - rasterio._base - DEBUG - Dataset <open DatasetReader name='/home/metpublic/TASK_RELEASE/EFAN/present_weather/src/H09_B13_Indonesia_20231222.Z1600.cor.tiff' mode='r'> is started.
2023-12-22 16:17:56,025 - rasterio.env - DEBUG - Exiting env context: <rasterio.env.Env object at 0x7fb53f9435b0>
2023-12-22 16:17:56,025 - rasterio.env - DEBUG - Cleared existing <rasterio._env.GDALEnv object at 0x7fb51c5d14e0> options
2023-12-22 16:17:56,025 - rasterio._env - DEBUG - Stopped GDALEnv <rasterio._env.GDALEnv object at 0x7fb51c5d14e0>.
2023-12-22 16:17:56,025 - rasterio.env - DEBUG - Exiting outermost env
2023-12-22 16:17:56,026 - rasterio.env - DEBUG - Exited env context: <rasterio.env.Env object at 0x7fb53f9435b0>
2023-12-22 16:17:56,026 - rasterio.env - DEBUG - Entering env context: <rasterio.env.Env object at 0x7fb51c5d3ca0>
2023-12-22 16:17:56,026 - rasterio.env - DEBUG - Starting outermost env
2023-12-22 16:17:56,026 - rasterio.env - DEBUG - No GDAL environment exists
2023-12-22 16:17:56,026 - rasterio.env - DEBUG - New GDAL environment <rasterio._env.GDALEnv object at 0x7fb51c5d0cd0> created
2023-12-22 16:17:56,027 - rasterio._env - DEBUG - GDAL data found in package: path='/home/metpublic/PYTHON_VENV/present_weather/lib/python3.10/site-packages/rasterio/gdal_data'.
2023-12-22 16:17:56,027 - rasterio._env - DEBUG - PROJ data found in package: path='/home/metpublic/PYTHON_VENV/present_weather/lib/python3.10/site-packages/rasterio/proj_data'.
2023-12-22 16:17:56,027 - rasterio._env - DEBUG - Started GDALEnv: self=<rasterio._env.GDALEnv object at 0x7fb51c5d0cd0>.
2023-12-22 16:17:56,028 - rasterio.env - DEBUG - Entered env context: <rasterio.env.Env object at 0x7fb51c5d3ca0>
2023-12-22 16:17:56,028 - rasterio._base - DEBUG - Sharing flag: 0
2023-12-22 16:17:56,029 - rasterio._base - DEBUG - Nodata success: 0, Nodata value: 0.000000
2023-12-22 16:17:56,029 - rasterio._base - DEBUG - Dataset <open DatasetReader name='/home/metpublic/TASK_RELEASE/EFAN/present_weather/src/H09_B13_Indonesia_20231222.Z1600.cor.tiff' mode='r'> is started.
2023-12-22 16:17:56,029 - rasterio.env - DEBUG - Exiting env context: <rasterio.env.Env object at 0x7fb51c5d3ca0>
2023-12-22 16:17:56,029 - rasterio.env - DEBUG - Cleared existing <rasterio._env.GDALEnv object at 0x7fb51c5d0cd0> options
2023-12-22 16:17:56,029 - rasterio._env - DEBUG - Stopped GDALEnv <rasterio._env.GDALEnv object at 0x7fb51c5d0cd0>.
2023-12-22 16:17:56,029 - rasterio.env - DEBUG - Exiting outermost env
2023-12-22 16:17:56,029 - rasterio.env - DEBUG - Exited env context: <rasterio.env.Env object at 0x7fb51c5d3ca0>
2023-12-22 16:17:56,041 - root - INFO - Generating present weather using SATELITE data
2023-12-22 16:19:13,624 - root - INFO - Total elapsed time: 0:06:11.236336
