2023-11-26 23:13:02,371 - root - INFO - Initiating present weather
2023-11-26 23:13:02,372 - asyncio - DEBUG - Using selector: EpollSelector
2023-11-26 23:13:03,878 - urllib3.connectionpool - DEBUG - Starting new HTTPS connection (1): radar.bmkg.go.id:8060
2023-11-26 23:13:03,902 - urllib3.connectionpool - DEBUG - https://radar.bmkg.go.id:8060 "GET /getRadarGeotif?token=19387e71e78522ae4172ec0fda640983b8438c9cfa0ca571623cb69d8327&radar=amandemenForecast&type=latest HTTP/1.1" 200 90
2023-11-26 23:13:03,903 - rasterio.env - DEBUG - Entering env context: <rasterio.env.Env object at 0x7f75d4881900>
2023-11-26 23:13:03,904 - rasterio.env - DEBUG - Starting outermost env
2023-11-26 23:13:03,904 - rasterio.env - DEBUG - No GDAL environment exists
2023-11-26 23:13:03,904 - rasterio.env - DEBUG - New GDAL environment <rasterio._env.GDALEnv object at 0x7f75d3f1f730> created
2023-11-26 23:13:03,907 - rasterio._filepath - DEBUG - Installing FilePath filesystem handler plugin...
2023-11-26 23:13:03,907 - rasterio._env - DEBUG - GDAL data found in package: path='/home/metpublic/PYTHON_VENV/present_weather/lib/python3.10/site-packages/rasterio/gdal_data'.
2023-11-26 23:13:03,907 - rasterio._env - DEBUG - PROJ data found in package: path='/home/metpublic/PYTHON_VENV/present_weather/lib/python3.10/site-packages/rasterio/proj_data'.
2023-11-26 23:13:03,907 - rasterio._env - DEBUG - Started GDALEnv: self=<rasterio._env.GDALEnv object at 0x7f75d3f1f730>.
2023-11-26 23:13:03,907 - rasterio.env - DEBUG - Entered env context: <rasterio.env.Env object at 0x7f75d4881900>
2023-11-26 23:13:03,908 - rasterio._base - DEBUG - Sharing flag: 0
2023-11-26 23:13:04,080 - rasterio._base - DEBUG - Nodata success: 1, Nodata value: nan
2023-11-26 23:13:04,080 - rasterio._base - DEBUG - Dataset <open DatasetReader name='https://radar.bmkg.go.id/raster/radarsatelit_202311262310.tif' mode='r'> is started.
2023-11-26 23:13:04,081 - rasterio.env - DEBUG - Exiting env context: <rasterio.env.Env object at 0x7f75d4881900>
2023-11-26 23:13:04,081 - rasterio.env - DEBUG - Cleared existing <rasterio._env.GDALEnv object at 0x7f75d3f1f730> options
2023-11-26 23:13:04,081 - rasterio._env - DEBUG - Stopped GDALEnv <rasterio._env.GDALEnv object at 0x7f75d3f1f730>.
2023-11-26 23:13:04,081 - rasterio.env - DEBUG - Exiting outermost env
2023-11-26 23:13:04,081 - rasterio.env - DEBUG - Exited env context: <rasterio.env.Env object at 0x7f75d4881900>
2023-11-26 23:13:04,081 - rasterio.env - DEBUG - Entering env context: <rasterio.env.Env object at 0x7f75d3ebf640>
2023-11-26 23:13:04,081 - rasterio.env - DEBUG - Starting outermost env
2023-11-26 23:13:04,081 - rasterio.env - DEBUG - No GDAL environment exists
2023-11-26 23:13:04,081 - rasterio.env - DEBUG - New GDAL environment <rasterio._env.GDALEnv object at 0x7f75d4881c30> created
2023-11-26 23:13:04,081 - rasterio._env - DEBUG - GDAL data found in package: path='/home/metpublic/PYTHON_VENV/present_weather/lib/python3.10/site-packages/rasterio/gdal_data'.
2023-11-26 23:13:04,082 - rasterio._env - DEBUG - PROJ data found in package: path='/home/metpublic/PYTHON_VENV/present_weather/lib/python3.10/site-packages/rasterio/proj_data'.
2023-11-26 23:13:04,082 - rasterio._env - DEBUG - Started GDALEnv: self=<rasterio._env.GDALEnv object at 0x7f75d4881c30>.
2023-11-26 23:13:04,082 - rasterio.env - DEBUG - Entered env context: <rasterio.env.Env object at 0x7f75d3ebf640>
2023-11-26 23:13:04,082 - rasterio.env - DEBUG - Got a copy of environment <rasterio._env.GDALEnv object at 0x7f75d4881c30> options
2023-11-26 23:13:04,082 - rasterio.env - DEBUG - Entering env context: <rasterio.env.Env object at 0x7f75d3f3e020>
2023-11-26 23:13:04,082 - rasterio.env - DEBUG - Got a copy of environment <rasterio._env.GDALEnv object at 0x7f75d4881c30> options
2023-11-26 23:13:04,082 - rasterio.env - DEBUG - Entered env context: <rasterio.env.Env object at 0x7f75d3f3e020>
2023-11-26 23:13:04,082 - rasterio._base - DEBUG - Sharing flag: 0
2023-11-26 23:13:04,084 - rasterio._base - DEBUG - Nodata success: 1, Nodata value: nan
2023-11-26 23:13:04,084 - rasterio._base - DEBUG - Dataset <open DatasetReader name='https://radar.bmkg.go.id/raster/radarsatelit_202311262310.tif' mode='r'> is started.
2023-11-26 23:13:04,084 - rasterio.env - DEBUG - Exiting env context: <rasterio.env.Env object at 0x7f75d3f3e020>
2023-11-26 23:13:04,084 - rasterio.env - DEBUG - Cleared existing <rasterio._env.GDALEnv object at 0x7f75d4881c30> options
2023-11-26 23:13:04,084 - rasterio._env - DEBUG - Stopped GDALEnv <rasterio._env.GDALEnv object at 0x7f75d4881c30>.
2023-11-26 23:13:04,085 - rasterio.env - DEBUG - No GDAL environment exists
2023-11-26 23:13:04,085 - rasterio.env - DEBUG - New GDAL environment <rasterio._env.GDALEnv object at 0x7f75d4881c30> created
2023-11-26 23:13:04,085 - rasterio._env - DEBUG - GDAL data found in package: path='/home/metpublic/PYTHON_VENV/present_weather/lib/python3.10/site-packages/rasterio/gdal_data'.
2023-11-26 23:13:04,085 - rasterio._env - DEBUG - PROJ data found in package: path='/home/metpublic/PYTHON_VENV/present_weather/lib/python3.10/site-packages/rasterio/proj_data'.
2023-11-26 23:13:04,085 - rasterio._env - DEBUG - Started GDALEnv: self=<rasterio._env.GDALEnv object at 0x7f75d4881c30>.
2023-11-26 23:13:04,085 - rasterio.env - DEBUG - Exited env context: <rasterio.env.Env object at 0x7f75d3f3e020>
2023-11-26 23:13:04,102 - rasterio._io - DEBUG - Output nodata value read from file: nan
2023-11-26 23:13:04,102 - rasterio._io - DEBUG - Output nodata values: [nan]
2023-11-26 23:13:04,102 - rasterio._io - DEBUG - all_valid: False
2023-11-26 23:13:04,102 - rasterio._io - DEBUG - mask_flags: ([<MaskFlags.nodata: 8>],)
2023-11-26 23:13:04,103 - rasterio._io - DEBUG - Jump straight to _read()
2023-11-26 23:13:04,103 - rasterio._io - DEBUG - Window: Window(col_off=0, row_off=0, width=10215, height=3792)
2023-11-26 23:13:04,103 - rasterio._io - DEBUG - IO window xoff=0.0 yoff=0.0 width=10215.0 height=3792.0
2023-11-26 23:13:04,664 - rasterio.env - DEBUG - Exiting env context: <rasterio.env.Env object at 0x7f75d3ebf640>
2023-11-26 23:13:04,665 - rasterio.env - DEBUG - Cleared existing <rasterio._env.GDALEnv object at 0x7f75d4881c30> options
2023-11-26 23:13:04,665 - rasterio._env - DEBUG - Stopped GDALEnv <rasterio._env.GDALEnv object at 0x7f75d4881c30>.
2023-11-26 23:13:04,665 - rasterio.env - DEBUG - Exiting outermost env
2023-11-26 23:13:04,665 - rasterio.env - DEBUG - Exited env context: <rasterio.env.Env object at 0x7f75d3ebf640>
2023-11-26 23:13:04,666 - urllib3.connectionpool - DEBUG - Starting new HTTPS connection (1): radar.bmkg.go.id:8060
2023-11-26 23:13:04,682 - urllib3.connectionpool - DEBUG - https://radar.bmkg.go.id:8060 "GET /getLatestLD?typeData=1 HTTP/1.1" 200 3289
2023-11-26 23:13:04,686 - root - INFO - Generating present weather using RADAR data
2023-11-26 23:13:08,855 - root - INFO - dask.bag<lambda, npartitions=34>
2023-11-26 23:19:16,006 - root - INFO - Total elapsed time: 0:06:13.635952
