2023-11-23 10:23:04,018 - root - INFO - Initiating present weather
2023-11-23 10:23:04,021 - asyncio - DEBUG - Using selector: EpollSelector
2023-11-23 10:23:07,386 - urllib3.connectionpool - DEBUG - Starting new HTTPS connection (1): radar.bmkg.go.id:8060
2023-11-23 10:23:07,456 - urllib3.connectionpool - DEBUG - https://radar.bmkg.go.id:8060 "GET /getRadarGeotif?token=19387e71e78522ae4172ec0fda640983b8438c9cfa0ca571623cb69d8327&radar=amandemenForecast&type=latest HTTP/1.1" 200 90
2023-11-23 10:23:07,459 - rasterio.env - DEBUG - Entering env context: <rasterio.env.Env object at 0x7fb2a24352b0>
2023-11-23 10:23:07,460 - rasterio.env - DEBUG - Starting outermost env
2023-11-23 10:23:07,460 - rasterio.env - DEBUG - No GDAL environment exists
2023-11-23 10:23:07,460 - rasterio.env - DEBUG - New GDAL environment <rasterio._env.GDALEnv object at 0x7fb2a2542230> created
2023-11-23 10:23:07,464 - rasterio._filepath - DEBUG - Installing FilePath filesystem handler plugin...
2023-11-23 10:23:07,465 - rasterio._env - DEBUG - GDAL data found in package: path='/home/swx/miniconda3/envs/present_weather/lib/python3.12/site-packages/rasterio/gdal_data'.
2023-11-23 10:23:07,465 - rasterio._env - DEBUG - PROJ_LIB found in environment.
2023-11-23 10:23:07,465 - rasterio._env - DEBUG - Started GDALEnv: self=<rasterio._env.GDALEnv object at 0x7fb2a2542230>.
2023-11-23 10:23:07,465 - rasterio.env - DEBUG - Entered env context: <rasterio.env.Env object at 0x7fb2a24352b0>
2023-11-23 10:23:07,465 - rasterio._base - DEBUG - Sharing flag: 0
2023-11-23 10:23:07,671 - rasterio._base - DEBUG - Nodata success: 1, Nodata value: nan
2023-11-23 10:23:07,672 - rasterio._base - DEBUG - Dataset <open DatasetReader name='https://radar.bmkg.go.id/raster/radarsatelit_202311231020.tif' mode='r'> is started.
2023-11-23 10:23:07,672 - rasterio.env - DEBUG - Exiting env context: <rasterio.env.Env object at 0x7fb2a24352b0>
2023-11-23 10:23:07,672 - rasterio.env - DEBUG - Cleared existing <rasterio._env.GDALEnv object at 0x7fb2a2542230> options
2023-11-23 10:23:07,673 - rasterio._env - DEBUG - Stopped GDALEnv <rasterio._env.GDALEnv object at 0x7fb2a2542230>.
2023-11-23 10:23:07,673 - rasterio.env - DEBUG - Exiting outermost env
2023-11-23 10:23:07,673 - rasterio.env - DEBUG - Exited env context: <rasterio.env.Env object at 0x7fb2a24352b0>
2023-11-23 10:23:07,673 - rasterio.env - DEBUG - Entering env context: <rasterio.env.Env object at 0x7fb2a241edb0>
2023-11-23 10:23:07,674 - rasterio.env - DEBUG - Starting outermost env
2023-11-23 10:23:07,674 - rasterio.env - DEBUG - No GDAL environment exists
2023-11-23 10:23:07,674 - rasterio.env - DEBUG - New GDAL environment <rasterio._env.GDALEnv object at 0x7fb2a2542230> created
2023-11-23 10:23:07,675 - rasterio._env - DEBUG - GDAL data found in package: path='/home/swx/miniconda3/envs/present_weather/lib/python3.12/site-packages/rasterio/gdal_data'.
2023-11-23 10:23:07,675 - rasterio._env - DEBUG - PROJ_LIB found in environment.
2023-11-23 10:23:07,675 - rasterio._env - DEBUG - Started GDALEnv: self=<rasterio._env.GDALEnv object at 0x7fb2a2542230>.
2023-11-23 10:23:07,676 - rasterio.env - DEBUG - Entered env context: <rasterio.env.Env object at 0x7fb2a241edb0>
2023-11-23 10:23:07,676 - rasterio.env - DEBUG - Got a copy of environment <rasterio._env.GDALEnv object at 0x7fb2a2542230> options
2023-11-23 10:23:07,676 - rasterio.env - DEBUG - Entering env context: <rasterio.env.Env object at 0x7fb2a08ac950>
2023-11-23 10:23:07,676 - rasterio.env - DEBUG - Got a copy of environment <rasterio._env.GDALEnv object at 0x7fb2a2542230> options
2023-11-23 10:23:07,677 - rasterio.env - DEBUG - Entered env context: <rasterio.env.Env object at 0x7fb2a08ac950>
2023-11-23 10:23:07,677 - rasterio._base - DEBUG - Sharing flag: 0
2023-11-23 10:23:07,678 - rasterio._base - DEBUG - Nodata success: 1, Nodata value: nan
2023-11-23 10:23:07,678 - rasterio._base - DEBUG - Dataset <open DatasetReader name='https://radar.bmkg.go.id/raster/radarsatelit_202311231020.tif' mode='r'> is started.
2023-11-23 10:23:07,678 - rasterio.env - DEBUG - Exiting env context: <rasterio.env.Env object at 0x7fb2a08ac950>
2023-11-23 10:23:07,678 - rasterio.env - DEBUG - Cleared existing <rasterio._env.GDALEnv object at 0x7fb2a2542230> options
2023-11-23 10:23:07,678 - rasterio._env - DEBUG - Stopped GDALEnv <rasterio._env.GDALEnv object at 0x7fb2a2542230>.
2023-11-23 10:23:07,679 - rasterio.env - DEBUG - No GDAL environment exists
2023-11-23 10:23:07,679 - rasterio.env - DEBUG - New GDAL environment <rasterio._env.GDALEnv object at 0x7fb2a2542230> created
2023-11-23 10:23:07,679 - rasterio._env - DEBUG - GDAL data found in package: path='/home/swx/miniconda3/envs/present_weather/lib/python3.12/site-packages/rasterio/gdal_data'.
2023-11-23 10:23:07,679 - rasterio._env - DEBUG - PROJ_LIB found in environment.
2023-11-23 10:23:07,680 - rasterio._env - DEBUG - Started GDALEnv: self=<rasterio._env.GDALEnv object at 0x7fb2a2542230>.
2023-11-23 10:23:07,680 - rasterio.env - DEBUG - Exited env context: <rasterio.env.Env object at 0x7fb2a08ac950>
2023-11-23 10:23:07,709 - rasterio._io - DEBUG - Output nodata value read from file: nan
2023-11-23 10:23:07,709 - rasterio._io - DEBUG - Output nodata values: [nan]
2023-11-23 10:23:07,709 - rasterio._io - DEBUG - all_valid: False
2023-11-23 10:23:07,709 - rasterio._io - DEBUG - mask_flags: ([<MaskFlags.nodata: 8>],)
2023-11-23 10:23:07,710 - rasterio._io - DEBUG - Jump straight to _read()
2023-11-23 10:23:07,710 - rasterio._io - DEBUG - Window: Window(col_off=0, row_off=0, width=10215, height=3792)
2023-11-23 10:23:07,710 - rasterio._io - DEBUG - IO window xoff=0.0 yoff=0.0 width=10215.0 height=3792.0
2023-11-23 10:23:08,615 - rasterio.env - DEBUG - Exiting env context: <rasterio.env.Env object at 0x7fb2a241edb0>
2023-11-23 10:23:08,615 - rasterio.env - DEBUG - Cleared existing <rasterio._env.GDALEnv object at 0x7fb2a2542230> options
2023-11-23 10:23:08,615 - rasterio._env - DEBUG - Stopped GDALEnv <rasterio._env.GDALEnv object at 0x7fb2a2542230>.
2023-11-23 10:23:08,615 - rasterio.env - DEBUG - Exiting outermost env
2023-11-23 10:23:08,615 - rasterio.env - DEBUG - Exited env context: <rasterio.env.Env object at 0x7fb2a241edb0>
2023-11-23 10:23:08,617 - urllib3.connectionpool - DEBUG - Starting new HTTPS connection (1): radar.bmkg.go.id:8060
2023-11-23 10:23:08,746 - urllib3.connectionpool - DEBUG - https://radar.bmkg.go.id:8060 "GET /getLatestLD?typeData=1 HTTP/1.1" 200 240250
2023-11-23 10:23:12,197 - root - INFO - dask.bag<lambda, npartitions=20>
2023-11-23 10:27:59,674 - root - INFO - Total elapsed time: 0:04:55.656712
