2023-11-26 07:23:03,117 - root - INFO - Initiating present weather
2023-11-26 07:23:03,121 - asyncio - DEBUG - Using selector: EpollSelector
2023-11-26 07:23:06,334 - urllib3.connectionpool - DEBUG - Starting new HTTPS connection (1): radar.bmkg.go.id:8060
2023-11-26 07:23:06,410 - urllib3.connectionpool - DEBUG - https://radar.bmkg.go.id:8060 "GET /getRadarGeotif?token=19387e71e78522ae4172ec0fda640983b8438c9cfa0ca571623cb69d8327&radar=amandemenForecast&type=latest HTTP/1.1" 200 90
2023-11-26 07:23:06,412 - rasterio.env - DEBUG - Entering env context: <rasterio.env.Env object at 0x7fd5794e1fa0>
2023-11-26 07:23:06,413 - rasterio.env - DEBUG - Starting outermost env
2023-11-26 07:23:06,413 - rasterio.env - DEBUG - No GDAL environment exists
2023-11-26 07:23:06,413 - rasterio.env - DEBUG - New GDAL environment <rasterio._env.GDALEnv object at 0x7fd57a16dd80> created
2023-11-26 07:23:06,418 - rasterio._filepath - DEBUG - Installing FilePath filesystem handler plugin...
2023-11-26 07:23:06,418 - rasterio._env - DEBUG - GDAL data found in package: path='/home/swx/miniconda3/envs/present_weather/lib/python3.12/site-packages/rasterio/gdal_data'.
2023-11-26 07:23:06,418 - rasterio._env - DEBUG - PROJ_LIB found in environment.
2023-11-26 07:23:06,418 - rasterio._env - DEBUG - Started GDALEnv: self=<rasterio._env.GDALEnv object at 0x7fd57a16dd80>.
2023-11-26 07:23:06,419 - rasterio.env - DEBUG - Entered env context: <rasterio.env.Env object at 0x7fd5794e1fa0>
2023-11-26 07:23:06,419 - rasterio._base - DEBUG - Sharing flag: 0
2023-11-26 07:23:06,626 - rasterio._base - DEBUG - Nodata success: 1, Nodata value: nan
2023-11-26 07:23:06,627 - rasterio._base - DEBUG - Dataset <open DatasetReader name='https://radar.bmkg.go.id/raster/radarsatelit_202311260720.tif' mode='r'> is started.
2023-11-26 07:23:06,627 - rasterio.env - DEBUG - Exiting env context: <rasterio.env.Env object at 0x7fd5794e1fa0>
2023-11-26 07:23:06,627 - rasterio.env - DEBUG - Cleared existing <rasterio._env.GDALEnv object at 0x7fd57a16dd80> options
2023-11-26 07:23:06,628 - rasterio._env - DEBUG - Stopped GDALEnv <rasterio._env.GDALEnv object at 0x7fd57a16dd80>.
2023-11-26 07:23:06,628 - rasterio.env - DEBUG - Exiting outermost env
2023-11-26 07:23:06,628 - rasterio.env - DEBUG - Exited env context: <rasterio.env.Env object at 0x7fd5794e1fa0>
2023-11-26 07:23:06,628 - rasterio.env - DEBUG - Entering env context: <rasterio.env.Env object at 0x7fd5792aa210>
2023-11-26 07:23:06,628 - rasterio.env - DEBUG - Starting outermost env
2023-11-26 07:23:06,628 - rasterio.env - DEBUG - No GDAL environment exists
2023-11-26 07:23:06,628 - rasterio.env - DEBUG - New GDAL environment <rasterio._env.GDALEnv object at 0x7fd579384820> created
2023-11-26 07:23:06,629 - rasterio._env - DEBUG - GDAL data found in package: path='/home/swx/miniconda3/envs/present_weather/lib/python3.12/site-packages/rasterio/gdal_data'.
2023-11-26 07:23:06,629 - rasterio._env - DEBUG - PROJ_LIB found in environment.
2023-11-26 07:23:06,629 - rasterio._env - DEBUG - Started GDALEnv: self=<rasterio._env.GDALEnv object at 0x7fd579384820>.
2023-11-26 07:23:06,630 - rasterio.env - DEBUG - Entered env context: <rasterio.env.Env object at 0x7fd5792aa210>
2023-11-26 07:23:06,630 - rasterio.env - DEBUG - Got a copy of environment <rasterio._env.GDALEnv object at 0x7fd579384820> options
2023-11-26 07:23:06,630 - rasterio.env - DEBUG - Entering env context: <rasterio.env.Env object at 0x7fd5792c0440>
2023-11-26 07:23:06,630 - rasterio.env - DEBUG - Got a copy of environment <rasterio._env.GDALEnv object at 0x7fd579384820> options
2023-11-26 07:23:06,630 - rasterio.env - DEBUG - Entered env context: <rasterio.env.Env object at 0x7fd5792c0440>
2023-11-26 07:23:06,631 - rasterio._base - DEBUG - Sharing flag: 0
2023-11-26 07:23:06,632 - rasterio._base - DEBUG - Nodata success: 1, Nodata value: nan
2023-11-26 07:23:06,632 - rasterio._base - DEBUG - Dataset <open DatasetReader name='https://radar.bmkg.go.id/raster/radarsatelit_202311260720.tif' mode='r'> is started.
2023-11-26 07:23:06,632 - rasterio.env - DEBUG - Exiting env context: <rasterio.env.Env object at 0x7fd5792c0440>
2023-11-26 07:23:06,633 - rasterio.env - DEBUG - Cleared existing <rasterio._env.GDALEnv object at 0x7fd579384820> options
2023-11-26 07:23:06,633 - rasterio._env - DEBUG - Stopped GDALEnv <rasterio._env.GDALEnv object at 0x7fd579384820>.
2023-11-26 07:23:06,633 - rasterio.env - DEBUG - No GDAL environment exists
2023-11-26 07:23:06,633 - rasterio.env - DEBUG - New GDAL environment <rasterio._env.GDALEnv object at 0x7fd579384820> created
2023-11-26 07:23:06,634 - rasterio._env - DEBUG - GDAL data found in package: path='/home/swx/miniconda3/envs/present_weather/lib/python3.12/site-packages/rasterio/gdal_data'.
2023-11-26 07:23:06,634 - rasterio._env - DEBUG - PROJ_LIB found in environment.
2023-11-26 07:23:06,634 - rasterio._env - DEBUG - Started GDALEnv: self=<rasterio._env.GDALEnv object at 0x7fd579384820>.
2023-11-26 07:23:06,634 - rasterio.env - DEBUG - Exited env context: <rasterio.env.Env object at 0x7fd5792c0440>
2023-11-26 07:23:06,663 - rasterio._io - DEBUG - Output nodata value read from file: nan
2023-11-26 07:23:06,663 - rasterio._io - DEBUG - Output nodata values: [nan]
2023-11-26 07:23:06,664 - rasterio._io - DEBUG - all_valid: False
2023-11-26 07:23:06,664 - rasterio._io - DEBUG - mask_flags: ([<MaskFlags.nodata: 8>],)
2023-11-26 07:23:06,664 - rasterio._io - DEBUG - Jump straight to _read()
2023-11-26 07:23:06,664 - rasterio._io - DEBUG - Window: Window(col_off=0, row_off=0, width=10215, height=3792)
2023-11-26 07:23:06,665 - rasterio._io - DEBUG - IO window xoff=0.0 yoff=0.0 width=10215.0 height=3792.0
2023-11-26 07:23:07,590 - rasterio.env - DEBUG - Exiting env context: <rasterio.env.Env object at 0x7fd5792aa210>
2023-11-26 07:23:07,590 - rasterio.env - DEBUG - Cleared existing <rasterio._env.GDALEnv object at 0x7fd579384820> options
2023-11-26 07:23:07,590 - rasterio._env - DEBUG - Stopped GDALEnv <rasterio._env.GDALEnv object at 0x7fd579384820>.
2023-11-26 07:23:07,590 - rasterio.env - DEBUG - Exiting outermost env
2023-11-26 07:23:07,590 - rasterio.env - DEBUG - Exited env context: <rasterio.env.Env object at 0x7fd5792aa210>
2023-11-26 07:23:07,593 - urllib3.connectionpool - DEBUG - Starting new HTTPS connection (1): radar.bmkg.go.id:8060
2023-11-26 07:23:07,638 - urllib3.connectionpool - DEBUG - https://radar.bmkg.go.id:8060 "GET /getLatestLD?typeData=1 HTTP/1.1" 200 14150
2023-11-26 07:23:07,648 - root - INFO - Generating present weather using RADAR data
2023-11-26 07:23:11,077 - root - INFO - dask.bag<lambda, npartitions=20>
2023-11-26 07:35:14,601 - root - INFO - Total elapsed time: 0:12:11.484585
