2023-12-05 20:23:02,953 - root - INFO - Initiating present weather
2023-12-05 20:23:02,955 - asyncio - DEBUG - Using selector: EpollSelector
2023-12-05 20:23:04,567 - urllib3.connectionpool - DEBUG - Starting new HTTPS connection (1): radar.bmkg.go.id:8060
2023-12-05 20:23:04,579 - urllib3.connectionpool - DEBUG - https://radar.bmkg.go.id:8060 "GET /getLatestLD?typeData=1 HTTP/1.1" 200 62
2023-12-05 20:23:04,582 - urllib3.connectionpool - DEBUG - Starting new HTTPS connection (1): radar.bmkg.go.id:8060
2023-12-05 20:23:04,604 - urllib3.connectionpool - DEBUG - https://radar.bmkg.go.id:8060 "GET /getRadarGeotif?token=19387e71e78522ae4172ec0fda640983b8438c9cfa0ca571623cb69d8327&radar=amandemenForecast&type=latest HTTP/1.1" 200 90
2023-12-05 20:23:04,605 - rasterio.env - DEBUG - Entering env context: <rasterio.env.Env object at 0x7fbc2a82ed40>
2023-12-05 20:23:04,605 - rasterio.env - DEBUG - Starting outermost env
2023-12-05 20:23:04,606 - rasterio.env - DEBUG - No GDAL environment exists
2023-12-05 20:23:04,606 - rasterio.env - DEBUG - New GDAL environment <rasterio._env.GDALEnv object at 0x7fbc2a82d840> created
2023-12-05 20:23:04,609 - rasterio._filepath - DEBUG - Installing FilePath filesystem handler plugin...
2023-12-05 20:23:04,609 - rasterio._env - DEBUG - GDAL data found in package: path='/home/metpublic/PYTHON_VENV/present_weather/lib/python3.10/site-packages/rasterio/gdal_data'.
2023-12-05 20:23:04,610 - rasterio._env - DEBUG - PROJ data found in package: path='/home/metpublic/PYTHON_VENV/present_weather/lib/python3.10/site-packages/rasterio/proj_data'.
2023-12-05 20:23:04,610 - rasterio._env - DEBUG - Started GDALEnv: self=<rasterio._env.GDALEnv object at 0x7fbc2a82d840>.
2023-12-05 20:23:04,610 - rasterio.env - DEBUG - Entered env context: <rasterio.env.Env object at 0x7fbc2a82ed40>
2023-12-05 20:23:04,610 - rasterio._base - DEBUG - Sharing flag: 0
2023-12-05 20:23:04,846 - rasterio._base - DEBUG - Nodata success: 1, Nodata value: nan
2023-12-05 20:23:04,846 - rasterio._base - DEBUG - Dataset <open DatasetReader name='https://radar.bmkg.go.id/raster/radarsatelit_202312052020.tif' mode='r'> is started.
2023-12-05 20:23:04,846 - rasterio.env - DEBUG - Exiting env context: <rasterio.env.Env object at 0x7fbc2a82ed40>
2023-12-05 20:23:04,847 - rasterio.env - DEBUG - Cleared existing <rasterio._env.GDALEnv object at 0x7fbc2a82d840> options
2023-12-05 20:23:04,847 - rasterio._env - DEBUG - Stopped GDALEnv <rasterio._env.GDALEnv object at 0x7fbc2a82d840>.
2023-12-05 20:23:04,847 - rasterio.env - DEBUG - Exiting outermost env
2023-12-05 20:23:04,847 - rasterio.env - DEBUG - Exited env context: <rasterio.env.Env object at 0x7fbc2a82ed40>
2023-12-05 20:23:04,847 - rasterio.env - DEBUG - Entering env context: <rasterio.env.Env object at 0x7fbc29eb4ac0>
2023-12-05 20:23:04,847 - rasterio.env - DEBUG - Starting outermost env
2023-12-05 20:23:04,847 - rasterio.env - DEBUG - No GDAL environment exists
2023-12-05 20:23:04,847 - rasterio.env - DEBUG - New GDAL environment <rasterio._env.GDALEnv object at 0x7fbc2a82d840> created
2023-12-05 20:23:04,847 - rasterio._env - DEBUG - GDAL data found in package: path='/home/metpublic/PYTHON_VENV/present_weather/lib/python3.10/site-packages/rasterio/gdal_data'.
2023-12-05 20:23:04,847 - rasterio._env - DEBUG - PROJ data found in package: path='/home/metpublic/PYTHON_VENV/present_weather/lib/python3.10/site-packages/rasterio/proj_data'.
2023-12-05 20:23:04,848 - rasterio._env - DEBUG - Started GDALEnv: self=<rasterio._env.GDALEnv object at 0x7fbc2a82d840>.
2023-12-05 20:23:04,848 - rasterio.env - DEBUG - Entered env context: <rasterio.env.Env object at 0x7fbc29eb4ac0>
2023-12-05 20:23:04,848 - rasterio.env - DEBUG - Got a copy of environment <rasterio._env.GDALEnv object at 0x7fbc2a82d840> options
2023-12-05 20:23:04,848 - rasterio.env - DEBUG - Entering env context: <rasterio.env.Env object at 0x7fbc285b6200>
2023-12-05 20:23:04,848 - rasterio.env - DEBUG - Got a copy of environment <rasterio._env.GDALEnv object at 0x7fbc2a82d840> options
2023-12-05 20:23:04,848 - rasterio.env - DEBUG - Entered env context: <rasterio.env.Env object at 0x7fbc285b6200>
2023-12-05 20:23:04,848 - rasterio._base - DEBUG - Sharing flag: 0
2023-12-05 20:23:04,849 - rasterio._base - DEBUG - Nodata success: 1, Nodata value: nan
2023-12-05 20:23:04,849 - rasterio._base - DEBUG - Dataset <open DatasetReader name='https://radar.bmkg.go.id/raster/radarsatelit_202312052020.tif' mode='r'> is started.
2023-12-05 20:23:04,850 - rasterio.env - DEBUG - Exiting env context: <rasterio.env.Env object at 0x7fbc285b6200>
2023-12-05 20:23:04,850 - rasterio.env - DEBUG - Cleared existing <rasterio._env.GDALEnv object at 0x7fbc2a82d840> options
2023-12-05 20:23:04,850 - rasterio._env - DEBUG - Stopped GDALEnv <rasterio._env.GDALEnv object at 0x7fbc2a82d840>.
2023-12-05 20:23:04,850 - rasterio.env - DEBUG - No GDAL environment exists
2023-12-05 20:23:04,850 - rasterio.env - DEBUG - New GDAL environment <rasterio._env.GDALEnv object at 0x7fbc2a82d840> created
2023-12-05 20:23:04,850 - rasterio._env - DEBUG - GDAL data found in package: path='/home/metpublic/PYTHON_VENV/present_weather/lib/python3.10/site-packages/rasterio/gdal_data'.
2023-12-05 20:23:04,850 - rasterio._env - DEBUG - PROJ data found in package: path='/home/metpublic/PYTHON_VENV/present_weather/lib/python3.10/site-packages/rasterio/proj_data'.
2023-12-05 20:23:04,850 - rasterio._env - DEBUG - Started GDALEnv: self=<rasterio._env.GDALEnv object at 0x7fbc2a82d840>.
2023-12-05 20:23:04,850 - rasterio.env - DEBUG - Exited env context: <rasterio.env.Env object at 0x7fbc285b6200>
2023-12-05 20:23:04,866 - rasterio._io - DEBUG - Output nodata value read from file: nan
2023-12-05 20:23:04,867 - rasterio._io - DEBUG - Output nodata values: [nan]
2023-12-05 20:23:04,867 - rasterio._io - DEBUG - all_valid: False
2023-12-05 20:23:04,867 - rasterio._io - DEBUG - mask_flags: ([<MaskFlags.nodata: 8>],)
2023-12-05 20:23:04,867 - rasterio._io - DEBUG - Jump straight to _read()
2023-12-05 20:23:04,867 - rasterio._io - DEBUG - Window: Window(col_off=0, row_off=0, width=10177, height=3732)
2023-12-05 20:23:04,868 - rasterio._io - DEBUG - IO window xoff=0.0 yoff=0.0 width=10177.0 height=3732.0
2023-12-05 20:23:05,410 - rasterio.env - DEBUG - Exiting env context: <rasterio.env.Env object at 0x7fbc29eb4ac0>
2023-12-05 20:23:05,410 - rasterio.env - DEBUG - Cleared existing <rasterio._env.GDALEnv object at 0x7fbc2a82d840> options
2023-12-05 20:23:05,410 - rasterio._env - DEBUG - Stopped GDALEnv <rasterio._env.GDALEnv object at 0x7fbc2a82d840>.
2023-12-05 20:23:05,410 - rasterio.env - DEBUG - Exiting outermost env
2023-12-05 20:23:05,410 - rasterio.env - DEBUG - Exited env context: <rasterio.env.Env object at 0x7fbc29eb4ac0>
2023-12-05 20:26:59,484 - rasterio.env - DEBUG - Entering env context: <rasterio.env.Env object at 0x7fbc283b9450>
2023-12-05 20:26:59,484 - rasterio.env - DEBUG - Starting outermost env
2023-12-05 20:26:59,484 - rasterio.env - DEBUG - No GDAL environment exists
2023-12-05 20:26:59,484 - rasterio.env - DEBUG - New GDAL environment <rasterio._env.GDALEnv object at 0x7fbc283b9540> created
2023-12-05 20:26:59,485 - rasterio._env - DEBUG - GDAL data found in package: path='/home/metpublic/PYTHON_VENV/present_weather/lib/python3.10/site-packages/rasterio/gdal_data'.
2023-12-05 20:26:59,485 - rasterio._env - DEBUG - PROJ data found in package: path='/home/metpublic/PYTHON_VENV/present_weather/lib/python3.10/site-packages/rasterio/proj_data'.
2023-12-05 20:26:59,485 - rasterio._env - DEBUG - Started GDALEnv: self=<rasterio._env.GDALEnv object at 0x7fbc283b9540>.
2023-12-05 20:26:59,485 - rasterio.env - DEBUG - Entered env context: <rasterio.env.Env object at 0x7fbc283b9450>
2023-12-05 20:26:59,485 - rasterio._base - DEBUG - Sharing flag: 0
2023-12-05 20:26:59,486 - rasterio._base - DEBUG - Nodata success: 0, Nodata value: 0.000000
2023-12-05 20:26:59,486 - rasterio._base - DEBUG - Dataset <open DatasetReader name='/home/metpublic/TASK_RELEASE/EFAN/present_weather/src/H09_B13_Indonesia_20231205.Z2010.cor.tiff' mode='r'> is started.
2023-12-05 20:26:59,486 - rasterio.env - DEBUG - Exiting env context: <rasterio.env.Env object at 0x7fbc283b9450>
2023-12-05 20:26:59,487 - rasterio.env - DEBUG - Cleared existing <rasterio._env.GDALEnv object at 0x7fbc283b9540> options
2023-12-05 20:26:59,487 - rasterio._env - DEBUG - Stopped GDALEnv <rasterio._env.GDALEnv object at 0x7fbc283b9540>.
2023-12-05 20:26:59,487 - rasterio.env - DEBUG - Exiting outermost env
2023-12-05 20:26:59,487 - rasterio.env - DEBUG - Exited env context: <rasterio.env.Env object at 0x7fbc283b9450>
2023-12-05 20:26:59,487 - rasterio.env - DEBUG - Entering env context: <rasterio.env.Env object at 0x7fbc283b9570>
2023-12-05 20:26:59,488 - rasterio.env - DEBUG - Starting outermost env
2023-12-05 20:26:59,488 - rasterio.env - DEBUG - No GDAL environment exists
2023-12-05 20:26:59,488 - rasterio.env - DEBUG - New GDAL environment <rasterio._env.GDALEnv object at 0x7fbc283b94b0> created
2023-12-05 20:26:59,488 - rasterio._env - DEBUG - GDAL data found in package: path='/home/metpublic/PYTHON_VENV/present_weather/lib/python3.10/site-packages/rasterio/gdal_data'.
2023-12-05 20:26:59,488 - rasterio._env - DEBUG - PROJ data found in package: path='/home/metpublic/PYTHON_VENV/present_weather/lib/python3.10/site-packages/rasterio/proj_data'.
2023-12-05 20:26:59,488 - rasterio._env - DEBUG - Started GDALEnv: self=<rasterio._env.GDALEnv object at 0x7fbc283b94b0>.
2023-12-05 20:26:59,488 - rasterio.env - DEBUG - Entered env context: <rasterio.env.Env object at 0x7fbc283b9570>
2023-12-05 20:26:59,489 - rasterio._base - DEBUG - Sharing flag: 0
2023-12-05 20:26:59,489 - rasterio._base - DEBUG - Nodata success: 0, Nodata value: 0.000000
2023-12-05 20:26:59,489 - rasterio._base - DEBUG - Dataset <open DatasetReader name='/home/metpublic/TASK_RELEASE/EFAN/present_weather/src/H09_B13_Indonesia_20231205.Z2010.cor.tiff' mode='r'> is started.
2023-12-05 20:26:59,490 - rasterio.env - DEBUG - Exiting env context: <rasterio.env.Env object at 0x7fbc283b9570>
2023-12-05 20:26:59,490 - rasterio.env - DEBUG - Cleared existing <rasterio._env.GDALEnv object at 0x7fbc283b94b0> options
2023-12-05 20:26:59,490 - rasterio._env - DEBUG - Stopped GDALEnv <rasterio._env.GDALEnv object at 0x7fbc283b94b0>.
2023-12-05 20:26:59,490 - rasterio.env - DEBUG - Exiting outermost env
2023-12-05 20:26:59,490 - rasterio.env - DEBUG - Exited env context: <rasterio.env.Env object at 0x7fbc283b9570>
2023-12-05 20:26:59,500 - root - INFO - Generating present weather using SATELITE data
2023-12-05 20:28:23,619 - root - INFO - Total elapsed time: 0:05:20.665687
