2023-11-04 10:00:03,945 - root - INFO - Initiating present weather
2023-11-04 10:00:03,950 - urllib3.connectionpool - DEBUG - Starting new HTTPS connection (1): radar.bmkg.go.id:8060
2023-11-04 10:00:04,038 - urllib3.connectionpool - DEBUG - https://radar.bmkg.go.id:8060 "GET /getRadarGeotif?token=19387e71e78522ae4172ec0fda640983b8438c9cfa0ca571623cb69d8327&radar=amandemenForecast&type=latest HTTP/1.1" 200 90
2023-11-04 10:00:04,041 - rasterio.env - DEBUG - Entering env context: <rasterio.env.Env object at 0x7fe4003ef740>
2023-11-04 10:00:04,041 - rasterio.env - DEBUG - Starting outermost env
2023-11-04 10:00:04,042 - rasterio.env - DEBUG - No GDAL environment exists
2023-11-04 10:00:04,042 - rasterio.env - DEBUG - New GDAL environment <rasterio._env.GDALEnv object at 0x7fe4009266b0> created
2023-11-04 10:00:04,046 - rasterio._filepath - DEBUG - Installing FilePath filesystem handler plugin...
2023-11-04 10:00:04,046 - rasterio._env - DEBUG - GDAL data found in package: path='/home/swx/miniconda3/envs/present_weather/lib/python3.12/site-packages/rasterio/gdal_data'.
2023-11-04 10:00:04,046 - rasterio._env - DEBUG - PROJ_LIB found in environment.
2023-11-04 10:00:04,047 - rasterio._env - DEBUG - Started GDALEnv: self=<rasterio._env.GDALEnv object at 0x7fe4009266b0>.
2023-11-04 10:00:04,047 - rasterio.env - DEBUG - Entered env context: <rasterio.env.Env object at 0x7fe4003ef740>
2023-11-04 10:00:04,047 - rasterio._base - DEBUG - Sharing flag: 0
2023-11-04 10:00:04,265 - rasterio._base - DEBUG - Nodata success: 1, Nodata value: nan
2023-11-04 10:00:04,265 - rasterio._base - DEBUG - Dataset <open DatasetReader name='https://radar.bmkg.go.id/raster/radarsatelit_202311040940.tif' mode='r'> is started.
2023-11-04 10:00:04,266 - rasterio.env - DEBUG - Exiting env context: <rasterio.env.Env object at 0x7fe4003ef740>
2023-11-04 10:00:04,266 - rasterio.env - DEBUG - Cleared existing <rasterio._env.GDALEnv object at 0x7fe4009266b0> options
2023-11-04 10:00:04,266 - rasterio._env - DEBUG - Stopped GDALEnv <rasterio._env.GDALEnv object at 0x7fe4009266b0>.
2023-11-04 10:00:04,266 - rasterio.env - DEBUG - Exiting outermost env
2023-11-04 10:00:04,266 - rasterio.env - DEBUG - Exited env context: <rasterio.env.Env object at 0x7fe4003ef740>
2023-11-04 10:00:04,266 - rasterio.env - DEBUG - Entering env context: <rasterio.env.Env object at 0x7fe44cff5fd0>
2023-11-04 10:00:04,266 - rasterio.env - DEBUG - Starting outermost env
2023-11-04 10:00:04,267 - rasterio.env - DEBUG - No GDAL environment exists
2023-11-04 10:00:04,267 - rasterio.env - DEBUG - New GDAL environment <rasterio._env.GDALEnv object at 0x7fe4009266b0> created
2023-11-04 10:00:04,267 - rasterio._env - DEBUG - GDAL data found in package: path='/home/swx/miniconda3/envs/present_weather/lib/python3.12/site-packages/rasterio/gdal_data'.
2023-11-04 10:00:04,267 - rasterio._env - DEBUG - PROJ_LIB found in environment.
2023-11-04 10:00:04,268 - rasterio._env - DEBUG - Started GDALEnv: self=<rasterio._env.GDALEnv object at 0x7fe4009266b0>.
2023-11-04 10:00:04,268 - rasterio.env - DEBUG - Entered env context: <rasterio.env.Env object at 0x7fe44cff5fd0>
2023-11-04 10:00:04,269 - rasterio.env - DEBUG - Got a copy of environment <rasterio._env.GDALEnv object at 0x7fe4009266b0> options
2023-11-04 10:00:04,269 - rasterio.env - DEBUG - Entering env context: <rasterio.env.Env object at 0x7fe43c329490>
2023-11-04 10:00:04,269 - rasterio.env - DEBUG - Got a copy of environment <rasterio._env.GDALEnv object at 0x7fe4009266b0> options
2023-11-04 10:00:04,269 - rasterio.env - DEBUG - Entered env context: <rasterio.env.Env object at 0x7fe43c329490>
2023-11-04 10:00:04,269 - rasterio._base - DEBUG - Sharing flag: 0
2023-11-04 10:00:04,270 - rasterio._base - DEBUG - Nodata success: 1, Nodata value: nan
2023-11-04 10:00:04,270 - rasterio._base - DEBUG - Dataset <open DatasetReader name='https://radar.bmkg.go.id/raster/radarsatelit_202311040940.tif' mode='r'> is started.
2023-11-04 10:00:04,270 - rasterio.env - DEBUG - Exiting env context: <rasterio.env.Env object at 0x7fe43c329490>
2023-11-04 10:00:04,271 - rasterio.env - DEBUG - Cleared existing <rasterio._env.GDALEnv object at 0x7fe4009266b0> options
2023-11-04 10:00:04,271 - rasterio._env - DEBUG - Stopped GDALEnv <rasterio._env.GDALEnv object at 0x7fe4009266b0>.
2023-11-04 10:00:04,271 - rasterio.env - DEBUG - No GDAL environment exists
2023-11-04 10:00:04,271 - rasterio.env - DEBUG - New GDAL environment <rasterio._env.GDALEnv object at 0x7fe4009266b0> created
2023-11-04 10:00:04,271 - rasterio._env - DEBUG - GDAL data found in package: path='/home/swx/miniconda3/envs/present_weather/lib/python3.12/site-packages/rasterio/gdal_data'.
2023-11-04 10:00:04,271 - rasterio._env - DEBUG - PROJ_LIB found in environment.
2023-11-04 10:00:04,272 - rasterio._env - DEBUG - Started GDALEnv: self=<rasterio._env.GDALEnv object at 0x7fe4009266b0>.
2023-11-04 10:00:04,272 - rasterio.env - DEBUG - Exited env context: <rasterio.env.Env object at 0x7fe43c329490>
2023-11-04 10:00:04,303 - rasterio._io - DEBUG - Output nodata value read from file: nan
2023-11-04 10:00:04,304 - rasterio._io - DEBUG - Output nodata values: [nan]
2023-11-04 10:00:04,304 - rasterio._io - DEBUG - all_valid: False
2023-11-04 10:00:04,304 - rasterio._io - DEBUG - mask_flags: ([<MaskFlags.nodata: 8>],)
2023-11-04 10:00:04,305 - rasterio._io - DEBUG - Jump straight to _read()
2023-11-04 10:00:04,305 - rasterio._io - DEBUG - Window: Window(col_off=0, row_off=0, width=10215, height=3792)
2023-11-04 10:00:04,305 - rasterio._io - DEBUG - IO window xoff=0.0 yoff=0.0 width=10215.0 height=3792.0
2023-11-04 10:00:05,352 - rasterio.env - DEBUG - Exiting env context: <rasterio.env.Env object at 0x7fe44cff5fd0>
2023-11-04 10:00:05,353 - rasterio.env - DEBUG - Cleared existing <rasterio._env.GDALEnv object at 0x7fe4009266b0> options
2023-11-04 10:00:05,353 - rasterio._env - DEBUG - Stopped GDALEnv <rasterio._env.GDALEnv object at 0x7fe4009266b0>.
2023-11-04 10:00:05,353 - rasterio.env - DEBUG - Exiting outermost env
2023-11-04 10:00:05,353 - rasterio.env - DEBUG - Exited env context: <rasterio.env.Env object at 0x7fe44cff5fd0>
2023-11-04 10:00:05,355 - urllib3.connectionpool - DEBUG - Starting new HTTPS connection (1): radar.bmkg.go.id:8060
2023-11-04 10:00:10,469 - urllib3.connectionpool - DEBUG - https://radar.bmkg.go.id:8060 "GET /getLatestLD?typeData=1 HTTP/1.1" 200 250661
2023-11-04 10:00:10,553 - asyncio - DEBUG - Using selector: EpollSelector
2023-11-04 10:14:11,785 - root - INFO - Total elapsed time: 0:14:07.840544
