2023-11-25 07:43:03,218 - root - INFO - Initiating present weather
2023-11-25 07:43:03,221 - asyncio - DEBUG - Using selector: EpollSelector
2023-11-25 07:43:06,478 - urllib3.connectionpool - DEBUG - Starting new HTTPS connection (1): radar.bmkg.go.id:8060
2023-11-25 07:43:06,554 - urllib3.connectionpool - DEBUG - https://radar.bmkg.go.id:8060 "GET /getRadarGeotif?token=19387e71e78522ae4172ec0fda640983b8438c9cfa0ca571623cb69d8327&radar=amandemenForecast&type=latest HTTP/1.1" 200 90
2023-11-25 07:43:06,557 - rasterio.env - DEBUG - Entering env context: <rasterio.env.Env object at 0x7fd7de66a030>
2023-11-25 07:43:06,558 - rasterio.env - DEBUG - Starting outermost env
2023-11-25 07:43:06,558 - rasterio.env - DEBUG - No GDAL environment exists
2023-11-25 07:43:06,558 - rasterio.env - DEBUG - New GDAL environment <rasterio._env.GDALEnv object at 0x7fd7dd8d6830> created
2023-11-25 07:43:06,562 - rasterio._filepath - DEBUG - Installing FilePath filesystem handler plugin...
2023-11-25 07:43:06,562 - rasterio._env - DEBUG - GDAL data found in package: path='/home/swx/miniconda3/envs/present_weather/lib/python3.12/site-packages/rasterio/gdal_data'.
2023-11-25 07:43:06,563 - rasterio._env - DEBUG - PROJ_LIB found in environment.
2023-11-25 07:43:06,563 - rasterio._env - DEBUG - Started GDALEnv: self=<rasterio._env.GDALEnv object at 0x7fd7dd8d6830>.
2023-11-25 07:43:06,563 - rasterio.env - DEBUG - Entered env context: <rasterio.env.Env object at 0x7fd7de66a030>
2023-11-25 07:43:06,563 - rasterio._base - DEBUG - Sharing flag: 0
2023-11-25 07:43:06,760 - rasterio._base - DEBUG - Nodata success: 1, Nodata value: nan
2023-11-25 07:43:06,760 - rasterio._base - DEBUG - Dataset <open DatasetReader name='https://radar.bmkg.go.id/raster/radarsatelit_202311250730.tif' mode='r'> is started.
2023-11-25 07:43:06,761 - rasterio.env - DEBUG - Exiting env context: <rasterio.env.Env object at 0x7fd7de66a030>
2023-11-25 07:43:06,761 - rasterio.env - DEBUG - Cleared existing <rasterio._env.GDALEnv object at 0x7fd7dd8d6830> options
2023-11-25 07:43:06,761 - rasterio._env - DEBUG - Stopped GDALEnv <rasterio._env.GDALEnv object at 0x7fd7dd8d6830>.
2023-11-25 07:43:06,761 - rasterio.env - DEBUG - Exiting outermost env
2023-11-25 07:43:06,761 - rasterio.env - DEBUG - Exited env context: <rasterio.env.Env object at 0x7fd7de66a030>
2023-11-25 07:43:06,761 - rasterio.env - DEBUG - Entering env context: <rasterio.env.Env object at 0x7fd7dd8d6840>
2023-11-25 07:43:06,761 - rasterio.env - DEBUG - Starting outermost env
2023-11-25 07:43:06,761 - rasterio.env - DEBUG - No GDAL environment exists
2023-11-25 07:43:06,761 - rasterio.env - DEBUG - New GDAL environment <rasterio._env.GDALEnv object at 0x7fd7dda49f00> created
2023-11-25 07:43:06,762 - rasterio._env - DEBUG - GDAL data found in package: path='/home/swx/miniconda3/envs/present_weather/lib/python3.12/site-packages/rasterio/gdal_data'.
2023-11-25 07:43:06,762 - rasterio._env - DEBUG - PROJ_LIB found in environment.
2023-11-25 07:43:06,762 - rasterio._env - DEBUG - Started GDALEnv: self=<rasterio._env.GDALEnv object at 0x7fd7dda49f00>.
2023-11-25 07:43:06,762 - rasterio.env - DEBUG - Entered env context: <rasterio.env.Env object at 0x7fd7dd8d6840>
2023-11-25 07:43:06,763 - rasterio.env - DEBUG - Got a copy of environment <rasterio._env.GDALEnv object at 0x7fd7dda49f00> options
2023-11-25 07:43:06,763 - rasterio.env - DEBUG - Entering env context: <rasterio.env.Env object at 0x7fd7de668b90>
2023-11-25 07:43:06,763 - rasterio.env - DEBUG - Got a copy of environment <rasterio._env.GDALEnv object at 0x7fd7dda49f00> options
2023-11-25 07:43:06,763 - rasterio.env - DEBUG - Entered env context: <rasterio.env.Env object at 0x7fd7de668b90>
2023-11-25 07:43:06,763 - rasterio._base - DEBUG - Sharing flag: 0
2023-11-25 07:43:06,765 - rasterio._base - DEBUG - Nodata success: 1, Nodata value: nan
2023-11-25 07:43:06,765 - rasterio._base - DEBUG - Dataset <open DatasetReader name='https://radar.bmkg.go.id/raster/radarsatelit_202311250730.tif' mode='r'> is started.
2023-11-25 07:43:06,766 - rasterio.env - DEBUG - Exiting env context: <rasterio.env.Env object at 0x7fd7de668b90>
2023-11-25 07:43:06,766 - rasterio.env - DEBUG - Cleared existing <rasterio._env.GDALEnv object at 0x7fd7dda49f00> options
2023-11-25 07:43:06,766 - rasterio._env - DEBUG - Stopped GDALEnv <rasterio._env.GDALEnv object at 0x7fd7dda49f00>.
2023-11-25 07:43:06,766 - rasterio.env - DEBUG - No GDAL environment exists
2023-11-25 07:43:06,766 - rasterio.env - DEBUG - New GDAL environment <rasterio._env.GDALEnv object at 0x7fd7dda49f00> created
2023-11-25 07:43:06,766 - rasterio._env - DEBUG - GDAL data found in package: path='/home/swx/miniconda3/envs/present_weather/lib/python3.12/site-packages/rasterio/gdal_data'.
2023-11-25 07:43:06,767 - rasterio._env - DEBUG - PROJ_LIB found in environment.
2023-11-25 07:43:06,767 - rasterio._env - DEBUG - Started GDALEnv: self=<rasterio._env.GDALEnv object at 0x7fd7dda49f00>.
2023-11-25 07:43:06,767 - rasterio.env - DEBUG - Exited env context: <rasterio.env.Env object at 0x7fd7de668b90>
2023-11-25 07:43:06,791 - rasterio._io - DEBUG - Output nodata value read from file: nan
2023-11-25 07:43:06,791 - rasterio._io - DEBUG - Output nodata values: [nan]
2023-11-25 07:43:06,791 - rasterio._io - DEBUG - all_valid: False
2023-11-25 07:43:06,791 - rasterio._io - DEBUG - mask_flags: ([<MaskFlags.nodata: 8>],)
2023-11-25 07:43:06,792 - rasterio._io - DEBUG - Jump straight to _read()
2023-11-25 07:43:06,792 - rasterio._io - DEBUG - Window: Window(col_off=0, row_off=0, width=10215, height=3792)
2023-11-25 07:43:06,792 - rasterio._io - DEBUG - IO window xoff=0.0 yoff=0.0 width=10215.0 height=3792.0
2023-11-25 07:43:07,606 - rasterio.env - DEBUG - Exiting env context: <rasterio.env.Env object at 0x7fd7dd8d6840>
2023-11-25 07:43:07,606 - rasterio.env - DEBUG - Cleared existing <rasterio._env.GDALEnv object at 0x7fd7dda49f00> options
2023-11-25 07:43:07,606 - rasterio._env - DEBUG - Stopped GDALEnv <rasterio._env.GDALEnv object at 0x7fd7dda49f00>.
2023-11-25 07:43:07,606 - rasterio.env - DEBUG - Exiting outermost env
2023-11-25 07:43:07,606 - rasterio.env - DEBUG - Exited env context: <rasterio.env.Env object at 0x7fd7dd8d6840>
2023-11-25 07:43:07,608 - urllib3.connectionpool - DEBUG - Starting new HTTPS connection (1): radar.bmkg.go.id:8060
2023-11-25 07:43:07,660 - urllib3.connectionpool - DEBUG - https://radar.bmkg.go.id:8060 "GET /getLatestLD?typeData=1 HTTP/1.1" 200 22362
2023-11-25 07:43:07,672 - root - INFO - Generating present weather using RADAR data
2023-11-25 07:43:10,997 - root - INFO - dask.bag<lambda, npartitions=20>
2023-11-25 07:56:11,110 - root - INFO - Total elapsed time: 0:13:07.893913
