2023-11-14 18:40:03,858 - root - INFO - Initiating present weather
2023-11-14 18:40:03,860 - urllib3.connectionpool - DEBUG - Starting new HTTPS connection (1): radar.bmkg.go.id:8060
2023-11-14 18:40:03,940 - urllib3.connectionpool - DEBUG - https://radar.bmkg.go.id:8060 "GET /getRadarGeotif?token=19387e71e78522ae4172ec0fda640983b8438c9cfa0ca571623cb69d8327&radar=amandemenForecast&type=latest HTTP/1.1" 200 90
2023-11-14 18:40:03,948 - rasterio.env - DEBUG - Entering env context: <rasterio.env.Env object at 0x7f9f0e2d4ad0>
2023-11-14 18:40:03,952 - rasterio.env - DEBUG - Starting outermost env
2023-11-14 18:40:03,952 - rasterio.env - DEBUG - No GDAL environment exists
2023-11-14 18:40:03,952 - rasterio.env - DEBUG - New GDAL environment <rasterio._env.GDALEnv object at 0x7f9edbf696c0> created
2023-11-14 18:40:03,957 - rasterio._filepath - DEBUG - Installing FilePath filesystem handler plugin...
2023-11-14 18:40:03,958 - rasterio._env - DEBUG - GDAL data found in package: path='/home/swx/miniconda3/envs/present_weather/lib/python3.12/site-packages/rasterio/gdal_data'.
2023-11-14 18:40:03,958 - rasterio._env - DEBUG - PROJ_LIB found in environment.
2023-11-14 18:40:03,958 - rasterio._env - DEBUG - Started GDALEnv: self=<rasterio._env.GDALEnv object at 0x7f9edbf696c0>.
2023-11-14 18:40:03,958 - rasterio.env - DEBUG - Entered env context: <rasterio.env.Env object at 0x7f9f0e2d4ad0>
2023-11-14 18:40:03,959 - rasterio._base - DEBUG - Sharing flag: 0
2023-11-14 18:40:04,145 - rasterio._base - DEBUG - Nodata success: 1, Nodata value: nan
2023-11-14 18:40:04,145 - rasterio._base - DEBUG - Dataset <open DatasetReader name='https://radar.bmkg.go.id/raster/radarsatelit_202311141830.tif' mode='r'> is started.
2023-11-14 18:40:04,146 - rasterio.env - DEBUG - Exiting env context: <rasterio.env.Env object at 0x7f9f0e2d4ad0>
2023-11-14 18:40:04,146 - rasterio.env - DEBUG - Cleared existing <rasterio._env.GDALEnv object at 0x7f9edbf696c0> options
2023-11-14 18:40:04,146 - rasterio._env - DEBUG - Stopped GDALEnv <rasterio._env.GDALEnv object at 0x7f9edbf696c0>.
2023-11-14 18:40:04,146 - rasterio.env - DEBUG - Exiting outermost env
2023-11-14 18:40:04,147 - rasterio.env - DEBUG - Exited env context: <rasterio.env.Env object at 0x7f9f0e2d4ad0>
2023-11-14 18:40:04,147 - rasterio.env - DEBUG - Entering env context: <rasterio.env.Env object at 0x7f9e80e9a480>
2023-11-14 18:40:04,147 - rasterio.env - DEBUG - Starting outermost env
2023-11-14 18:40:04,147 - rasterio.env - DEBUG - No GDAL environment exists
2023-11-14 18:40:04,147 - rasterio.env - DEBUG - New GDAL environment <rasterio._env.GDALEnv object at 0x7f9edbf696c0> created
2023-11-14 18:40:04,148 - rasterio._env - DEBUG - GDAL data found in package: path='/home/swx/miniconda3/envs/present_weather/lib/python3.12/site-packages/rasterio/gdal_data'.
2023-11-14 18:40:04,148 - rasterio._env - DEBUG - PROJ_LIB found in environment.
2023-11-14 18:40:04,148 - rasterio._env - DEBUG - Started GDALEnv: self=<rasterio._env.GDALEnv object at 0x7f9edbf696c0>.
2023-11-14 18:40:04,148 - rasterio.env - DEBUG - Entered env context: <rasterio.env.Env object at 0x7f9e80e9a480>
2023-11-14 18:40:04,149 - rasterio.env - DEBUG - Got a copy of environment <rasterio._env.GDALEnv object at 0x7f9edbf696c0> options
2023-11-14 18:40:04,149 - rasterio.env - DEBUG - Entering env context: <rasterio.env.Env object at 0x7f9e8115eba0>
2023-11-14 18:40:04,149 - rasterio.env - DEBUG - Got a copy of environment <rasterio._env.GDALEnv object at 0x7f9edbf696c0> options
2023-11-14 18:40:04,149 - rasterio.env - DEBUG - Entered env context: <rasterio.env.Env object at 0x7f9e8115eba0>
2023-11-14 18:40:04,150 - rasterio._base - DEBUG - Sharing flag: 0
2023-11-14 18:40:04,151 - rasterio._base - DEBUG - Nodata success: 1, Nodata value: nan
2023-11-14 18:40:04,151 - rasterio._base - DEBUG - Dataset <open DatasetReader name='https://radar.bmkg.go.id/raster/radarsatelit_202311141830.tif' mode='r'> is started.
2023-11-14 18:40:04,151 - rasterio.env - DEBUG - Exiting env context: <rasterio.env.Env object at 0x7f9e8115eba0>
2023-11-14 18:40:04,151 - rasterio.env - DEBUG - Cleared existing <rasterio._env.GDALEnv object at 0x7f9edbf696c0> options
2023-11-14 18:40:04,151 - rasterio._env - DEBUG - Stopped GDALEnv <rasterio._env.GDALEnv object at 0x7f9edbf696c0>.
2023-11-14 18:40:04,151 - rasterio.env - DEBUG - No GDAL environment exists
2023-11-14 18:40:04,151 - rasterio.env - DEBUG - New GDAL environment <rasterio._env.GDALEnv object at 0x7f9edbf696c0> created
2023-11-14 18:40:04,152 - rasterio._env - DEBUG - GDAL data found in package: path='/home/swx/miniconda3/envs/present_weather/lib/python3.12/site-packages/rasterio/gdal_data'.
2023-11-14 18:40:04,152 - rasterio._env - DEBUG - PROJ_LIB found in environment.
2023-11-14 18:40:04,152 - rasterio._env - DEBUG - Started GDALEnv: self=<rasterio._env.GDALEnv object at 0x7f9edbf696c0>.
2023-11-14 18:40:04,152 - rasterio.env - DEBUG - Exited env context: <rasterio.env.Env object at 0x7f9e8115eba0>
2023-11-14 18:40:04,184 - rasterio._io - DEBUG - Output nodata value read from file: nan
2023-11-14 18:40:04,184 - rasterio._io - DEBUG - Output nodata values: [nan]
2023-11-14 18:40:04,185 - rasterio._io - DEBUG - all_valid: False
2023-11-14 18:40:04,185 - rasterio._io - DEBUG - mask_flags: ([<MaskFlags.nodata: 8>],)
2023-11-14 18:40:04,185 - rasterio._io - DEBUG - Jump straight to _read()
2023-11-14 18:40:04,185 - rasterio._io - DEBUG - Window: Window(col_off=0, row_off=0, width=10215, height=3792)
2023-11-14 18:40:04,186 - rasterio._io - DEBUG - IO window xoff=0.0 yoff=0.0 width=10215.0 height=3792.0
2023-11-14 18:40:04,856 - rasterio.env - DEBUG - Exiting env context: <rasterio.env.Env object at 0x7f9e80e9a480>
2023-11-14 18:40:04,856 - rasterio.env - DEBUG - Cleared existing <rasterio._env.GDALEnv object at 0x7f9edbf696c0> options
2023-11-14 18:40:04,856 - rasterio._env - DEBUG - Stopped GDALEnv <rasterio._env.GDALEnv object at 0x7f9edbf696c0>.
2023-11-14 18:40:04,856 - rasterio.env - DEBUG - Exiting outermost env
2023-11-14 18:40:04,857 - rasterio.env - DEBUG - Exited env context: <rasterio.env.Env object at 0x7f9e80e9a480>
2023-11-14 18:40:04,859 - urllib3.connectionpool - DEBUG - Starting new HTTPS connection (1): radar.bmkg.go.id:8060
2023-11-14 18:40:04,919 - urllib3.connectionpool - DEBUG - https://radar.bmkg.go.id:8060 "GET /getLatestLD?typeData=1 HTTP/1.1" 200 27099
2023-11-14 18:40:04,938 - asyncio - DEBUG - Using selector: EpollSelector
2023-11-14 18:40:11,611 - root - INFO - dask.bag<lambda, npartitions=34>
2023-11-14 18:55:54,346 - root - INFO - Total elapsed time: 0:15:50.487844
