2023-12-22 18:33:03,174 - root - INFO - Initiating present weather
2023-12-22 18:33:03,176 - asyncio - DEBUG - Using selector: EpollSelector
2023-12-22 18:33:04,872 - urllib3.connectionpool - DEBUG - Starting new HTTPS connection (1): radar.bmkg.go.id:8060
2023-12-22 18:33:04,884 - urllib3.connectionpool - DEBUG - https://radar.bmkg.go.id:8060 "GET /getLatestLD?typeData=1 HTTP/1.1" 200 62
2023-12-22 18:33:04,886 - urllib3.connectionpool - DEBUG - Starting new HTTPS connection (1): radar.bmkg.go.id:8060
2023-12-22 18:33:04,907 - urllib3.connectionpool - DEBUG - https://radar.bmkg.go.id:8060 "GET /getRadarGeotif?token=19387e71e78522ae4172ec0fda640983b8438c9cfa0ca571623cb69d8327&radar=amandemenForecast&type=latest HTTP/1.1" 200 90
2023-12-22 18:33:04,908 - rasterio.env - DEBUG - Entering env context: <rasterio.env.Env object at 0x7fd8826f4880>
2023-12-22 18:33:04,908 - rasterio.env - DEBUG - Starting outermost env
2023-12-22 18:33:04,908 - rasterio.env - DEBUG - No GDAL environment exists
2023-12-22 18:33:04,908 - rasterio.env - DEBUG - New GDAL environment <rasterio._env.GDALEnv object at 0x7fd8826856f0> created
2023-12-22 18:33:04,911 - rasterio._filepath - DEBUG - Installing FilePath filesystem handler plugin...
2023-12-22 18:33:04,911 - rasterio._env - DEBUG - GDAL data found in package: path='/home/metpublic/PYTHON_VENV/present_weather/lib/python3.10/site-packages/rasterio/gdal_data'.
2023-12-22 18:33:04,911 - rasterio._env - DEBUG - PROJ data found in package: path='/home/metpublic/PYTHON_VENV/present_weather/lib/python3.10/site-packages/rasterio/proj_data'.
2023-12-22 18:33:04,911 - rasterio._env - DEBUG - Started GDALEnv: self=<rasterio._env.GDALEnv object at 0x7fd8826856f0>.
2023-12-22 18:33:04,911 - rasterio.env - DEBUG - Entered env context: <rasterio.env.Env object at 0x7fd8826f4880>
2023-12-22 18:33:04,911 - rasterio._base - DEBUG - Sharing flag: 0
2023-12-22 18:33:05,248 - rasterio._base - DEBUG - Nodata success: 1, Nodata value: nan
2023-12-22 18:33:05,248 - rasterio._base - DEBUG - Dataset <open DatasetReader name='https://radar.bmkg.go.id/raster/radarsatelit_202312221830.tif' mode='r'> is started.
2023-12-22 18:33:05,249 - rasterio.env - DEBUG - Exiting env context: <rasterio.env.Env object at 0x7fd8826f4880>
2023-12-22 18:33:05,249 - rasterio.env - DEBUG - Cleared existing <rasterio._env.GDALEnv object at 0x7fd8826856f0> options
2023-12-22 18:33:05,249 - rasterio._env - DEBUG - Stopped GDALEnv <rasterio._env.GDALEnv object at 0x7fd8826856f0>.
2023-12-22 18:33:05,249 - rasterio.env - DEBUG - Exiting outermost env
2023-12-22 18:33:05,249 - rasterio.env - DEBUG - Exited env context: <rasterio.env.Env object at 0x7fd8826f4880>
2023-12-22 18:33:05,249 - rasterio.env - DEBUG - Entering env context: <rasterio.env.Env object at 0x7fd8826f43a0>
2023-12-22 18:33:05,249 - rasterio.env - DEBUG - Starting outermost env
2023-12-22 18:33:05,249 - rasterio.env - DEBUG - No GDAL environment exists
2023-12-22 18:33:05,249 - rasterio.env - DEBUG - New GDAL environment <rasterio._env.GDALEnv object at 0x7fd8826cfd60> created
2023-12-22 18:33:05,250 - rasterio._env - DEBUG - GDAL data found in package: path='/home/metpublic/PYTHON_VENV/present_weather/lib/python3.10/site-packages/rasterio/gdal_data'.
2023-12-22 18:33:05,250 - rasterio._env - DEBUG - PROJ data found in package: path='/home/metpublic/PYTHON_VENV/present_weather/lib/python3.10/site-packages/rasterio/proj_data'.
2023-12-22 18:33:05,250 - rasterio._env - DEBUG - Started GDALEnv: self=<rasterio._env.GDALEnv object at 0x7fd8826cfd60>.
2023-12-22 18:33:05,250 - rasterio.env - DEBUG - Entered env context: <rasterio.env.Env object at 0x7fd8826f43a0>
2023-12-22 18:33:05,250 - rasterio.env - DEBUG - Got a copy of environment <rasterio._env.GDALEnv object at 0x7fd8826cfd60> options
2023-12-22 18:33:05,250 - rasterio.env - DEBUG - Entering env context: <rasterio.env.Env object at 0x7fd88058b100>
2023-12-22 18:33:05,250 - rasterio.env - DEBUG - Got a copy of environment <rasterio._env.GDALEnv object at 0x7fd8826cfd60> options
2023-12-22 18:33:05,251 - rasterio.env - DEBUG - Entered env context: <rasterio.env.Env object at 0x7fd88058b100>
2023-12-22 18:33:05,251 - rasterio._base - DEBUG - Sharing flag: 0
2023-12-22 18:33:05,252 - rasterio._base - DEBUG - Nodata success: 1, Nodata value: nan
2023-12-22 18:33:05,252 - rasterio._base - DEBUG - Dataset <open DatasetReader name='https://radar.bmkg.go.id/raster/radarsatelit_202312221830.tif' mode='r'> is started.
2023-12-22 18:33:05,252 - rasterio.env - DEBUG - Exiting env context: <rasterio.env.Env object at 0x7fd88058b100>
2023-12-22 18:33:05,252 - rasterio.env - DEBUG - Cleared existing <rasterio._env.GDALEnv object at 0x7fd8826cfd60> options
2023-12-22 18:33:05,252 - rasterio._env - DEBUG - Stopped GDALEnv <rasterio._env.GDALEnv object at 0x7fd8826cfd60>.
2023-12-22 18:33:05,252 - rasterio.env - DEBUG - No GDAL environment exists
2023-12-22 18:33:05,252 - rasterio.env - DEBUG - New GDAL environment <rasterio._env.GDALEnv object at 0x7fd8826cfd60> created
2023-12-22 18:33:05,253 - rasterio._env - DEBUG - GDAL data found in package: path='/home/metpublic/PYTHON_VENV/present_weather/lib/python3.10/site-packages/rasterio/gdal_data'.
2023-12-22 18:33:05,253 - rasterio._env - DEBUG - PROJ data found in package: path='/home/metpublic/PYTHON_VENV/present_weather/lib/python3.10/site-packages/rasterio/proj_data'.
2023-12-22 18:33:05,253 - rasterio._env - DEBUG - Started GDALEnv: self=<rasterio._env.GDALEnv object at 0x7fd8826cfd60>.
2023-12-22 18:33:05,253 - rasterio.env - DEBUG - Exited env context: <rasterio.env.Env object at 0x7fd88058b100>
2023-12-22 18:33:05,272 - rasterio._io - DEBUG - Output nodata value read from file: nan
2023-12-22 18:33:05,272 - rasterio._io - DEBUG - Output nodata values: [nan]
2023-12-22 18:33:05,273 - rasterio._io - DEBUG - all_valid: False
2023-12-22 18:33:05,273 - rasterio._io - DEBUG - mask_flags: ([<MaskFlags.nodata: 8>],)
2023-12-22 18:33:05,273 - rasterio._io - DEBUG - Jump straight to _read()
2023-12-22 18:33:05,274 - rasterio._io - DEBUG - Window: Window(col_off=0, row_off=0, width=10176, height=3732)
2023-12-22 18:33:05,274 - rasterio._io - DEBUG - IO window xoff=0.0 yoff=0.0 width=10176.0 height=3732.0
2023-12-22 18:33:05,880 - rasterio.env - DEBUG - Exiting env context: <rasterio.env.Env object at 0x7fd8826f43a0>
2023-12-22 18:33:05,881 - rasterio.env - DEBUG - Cleared existing <rasterio._env.GDALEnv object at 0x7fd8826cfd60> options
2023-12-22 18:33:05,881 - rasterio._env - DEBUG - Stopped GDALEnv <rasterio._env.GDALEnv object at 0x7fd8826cfd60>.
2023-12-22 18:33:05,881 - rasterio.env - DEBUG - Exiting outermost env
2023-12-22 18:33:05,881 - rasterio.env - DEBUG - Exited env context: <rasterio.env.Env object at 0x7fd8826f43a0>
2023-12-22 18:37:27,306 - rasterio.env - DEBUG - Entering env context: <rasterio.env.Env object at 0x7fd8803fcd00>
2023-12-22 18:37:27,307 - rasterio.env - DEBUG - Starting outermost env
2023-12-22 18:37:27,307 - rasterio.env - DEBUG - No GDAL environment exists
2023-12-22 18:37:27,307 - rasterio.env - DEBUG - New GDAL environment <rasterio._env.GDALEnv object at 0x7fd8803feaa0> created
2023-12-22 18:37:27,307 - rasterio._env - DEBUG - GDAL data found in package: path='/home/metpublic/PYTHON_VENV/present_weather/lib/python3.10/site-packages/rasterio/gdal_data'.
2023-12-22 18:37:27,308 - rasterio._env - DEBUG - PROJ data found in package: path='/home/metpublic/PYTHON_VENV/present_weather/lib/python3.10/site-packages/rasterio/proj_data'.
2023-12-22 18:37:27,308 - rasterio._env - DEBUG - Started GDALEnv: self=<rasterio._env.GDALEnv object at 0x7fd8803feaa0>.
2023-12-22 18:37:27,308 - rasterio.env - DEBUG - Entered env context: <rasterio.env.Env object at 0x7fd8803fcd00>
2023-12-22 18:37:27,308 - rasterio._base - DEBUG - Sharing flag: 0
2023-12-22 18:37:27,309 - rasterio._base - DEBUG - Nodata success: 0, Nodata value: 0.000000
2023-12-22 18:37:27,309 - rasterio._base - DEBUG - Dataset <open DatasetReader name='/home/metpublic/TASK_RELEASE/EFAN/present_weather/src/H09_B13_Indonesia_20231222.Z1810.cor.tiff' mode='r'> is started.
2023-12-22 18:37:27,310 - rasterio.env - DEBUG - Exiting env context: <rasterio.env.Env object at 0x7fd8803fcd00>
2023-12-22 18:37:27,310 - rasterio.env - DEBUG - Cleared existing <rasterio._env.GDALEnv object at 0x7fd8803feaa0> options
2023-12-22 18:37:27,310 - rasterio._env - DEBUG - Stopped GDALEnv <rasterio._env.GDALEnv object at 0x7fd8803feaa0>.
2023-12-22 18:37:27,310 - rasterio.env - DEBUG - Exiting outermost env
2023-12-22 18:37:27,310 - rasterio.env - DEBUG - Exited env context: <rasterio.env.Env object at 0x7fd8803fcd00>
2023-12-22 18:37:27,310 - rasterio.env - DEBUG - Entering env context: <rasterio.env.Env object at 0x7fd8803fdff0>
2023-12-22 18:37:27,310 - rasterio.env - DEBUG - Starting outermost env
2023-12-22 18:37:27,310 - rasterio.env - DEBUG - No GDAL environment exists
2023-12-22 18:37:27,310 - rasterio.env - DEBUG - New GDAL environment <rasterio._env.GDALEnv object at 0x7fd8803fcbe0> created
2023-12-22 18:37:27,311 - rasterio._env - DEBUG - GDAL data found in package: path='/home/metpublic/PYTHON_VENV/present_weather/lib/python3.10/site-packages/rasterio/gdal_data'.
2023-12-22 18:37:27,311 - rasterio._env - DEBUG - PROJ data found in package: path='/home/metpublic/PYTHON_VENV/present_weather/lib/python3.10/site-packages/rasterio/proj_data'.
2023-12-22 18:37:27,311 - rasterio._env - DEBUG - Started GDALEnv: self=<rasterio._env.GDALEnv object at 0x7fd8803fcbe0>.
2023-12-22 18:37:27,311 - rasterio.env - DEBUG - Entered env context: <rasterio.env.Env object at 0x7fd8803fdff0>
2023-12-22 18:37:27,311 - rasterio._base - DEBUG - Sharing flag: 0
2023-12-22 18:37:27,312 - rasterio._base - DEBUG - Nodata success: 0, Nodata value: 0.000000
2023-12-22 18:37:27,312 - rasterio._base - DEBUG - Dataset <open DatasetReader name='/home/metpublic/TASK_RELEASE/EFAN/present_weather/src/H09_B13_Indonesia_20231222.Z1810.cor.tiff' mode='r'> is started.
2023-12-22 18:37:27,312 - rasterio.env - DEBUG - Exiting env context: <rasterio.env.Env object at 0x7fd8803fdff0>
2023-12-22 18:37:27,312 - rasterio.env - DEBUG - Cleared existing <rasterio._env.GDALEnv object at 0x7fd8803fcbe0> options
2023-12-22 18:37:27,312 - rasterio._env - DEBUG - Stopped GDALEnv <rasterio._env.GDALEnv object at 0x7fd8803fcbe0>.
2023-12-22 18:37:27,313 - rasterio.env - DEBUG - Exiting outermost env
2023-12-22 18:37:27,313 - rasterio.env - DEBUG - Exited env context: <rasterio.env.Env object at 0x7fd8803fdff0>
2023-12-22 18:37:27,324 - root - INFO - Generating present weather using SATELITE data
2023-12-22 18:39:37,638 - root - INFO - Total elapsed time: 0:06:34.464800
