2023-12-05 13:53:02,913 - root - INFO - Initiating present weather
2023-12-05 13:53:02,915 - asyncio - DEBUG - Using selector: EpollSelector
2023-12-05 13:53:04,407 - urllib3.connectionpool - DEBUG - Starting new HTTPS connection (1): radar.bmkg.go.id:8060
2023-12-05 13:53:04,421 - urllib3.connectionpool - DEBUG - https://radar.bmkg.go.id:8060 "GET /getLatestLD?typeData=1 HTTP/1.1" 200 62
2023-12-05 13:53:04,423 - urllib3.connectionpool - DEBUG - Starting new HTTPS connection (1): radar.bmkg.go.id:8060
2023-12-05 13:53:04,446 - urllib3.connectionpool - DEBUG - https://radar.bmkg.go.id:8060 "GET /getRadarGeotif?token=19387e71e78522ae4172ec0fda640983b8438c9cfa0ca571623cb69d8327&radar=amandemenForecast&type=latest HTTP/1.1" 200 90
2023-12-05 13:53:04,446 - rasterio.env - DEBUG - Entering env context: <rasterio.env.Env object at 0x7f7cd7065870>
2023-12-05 13:53:04,447 - rasterio.env - DEBUG - Starting outermost env
2023-12-05 13:53:04,447 - rasterio.env - DEBUG - No GDAL environment exists
2023-12-05 13:53:04,447 - rasterio.env - DEBUG - New GDAL environment <rasterio._env.GDALEnv object at 0x7f7cd7066bf0> created
2023-12-05 13:53:04,450 - rasterio._filepath - DEBUG - Installing FilePath filesystem handler plugin...
2023-12-05 13:53:04,450 - rasterio._env - DEBUG - GDAL data found in package: path='/home/metpublic/PYTHON_VENV/present_weather/lib/python3.10/site-packages/rasterio/gdal_data'.
2023-12-05 13:53:04,450 - rasterio._env - DEBUG - PROJ data found in package: path='/home/metpublic/PYTHON_VENV/present_weather/lib/python3.10/site-packages/rasterio/proj_data'.
2023-12-05 13:53:04,450 - rasterio._env - DEBUG - Started GDALEnv: self=<rasterio._env.GDALEnv object at 0x7f7cd7066bf0>.
2023-12-05 13:53:04,450 - rasterio.env - DEBUG - Entered env context: <rasterio.env.Env object at 0x7f7cd7065870>
2023-12-05 13:53:04,450 - rasterio._base - DEBUG - Sharing flag: 0
2023-12-05 13:53:04,683 - rasterio._base - DEBUG - Nodata success: 1, Nodata value: nan
2023-12-05 13:53:04,683 - rasterio._base - DEBUG - Dataset <open DatasetReader name='https://radar.bmkg.go.id/raster/radarsatelit_202312051350.tif' mode='r'> is started.
2023-12-05 13:53:04,684 - rasterio.env - DEBUG - Exiting env context: <rasterio.env.Env object at 0x7f7cd7065870>
2023-12-05 13:53:04,684 - rasterio.env - DEBUG - Cleared existing <rasterio._env.GDALEnv object at 0x7f7cd7066bf0> options
2023-12-05 13:53:04,684 - rasterio._env - DEBUG - Stopped GDALEnv <rasterio._env.GDALEnv object at 0x7f7cd7066bf0>.
2023-12-05 13:53:04,684 - rasterio.env - DEBUG - Exiting outermost env
2023-12-05 13:53:04,684 - rasterio.env - DEBUG - Exited env context: <rasterio.env.Env object at 0x7f7cd7065870>
2023-12-05 13:53:04,684 - rasterio.env - DEBUG - Entering env context: <rasterio.env.Env object at 0x7f7cd67aeb90>
2023-12-05 13:53:04,684 - rasterio.env - DEBUG - Starting outermost env
2023-12-05 13:53:04,684 - rasterio.env - DEBUG - No GDAL environment exists
2023-12-05 13:53:04,685 - rasterio.env - DEBUG - New GDAL environment <rasterio._env.GDALEnv object at 0x7f7cd7066bf0> created
2023-12-05 13:53:04,685 - rasterio._env - DEBUG - GDAL data found in package: path='/home/metpublic/PYTHON_VENV/present_weather/lib/python3.10/site-packages/rasterio/gdal_data'.
2023-12-05 13:53:04,685 - rasterio._env - DEBUG - PROJ data found in package: path='/home/metpublic/PYTHON_VENV/present_weather/lib/python3.10/site-packages/rasterio/proj_data'.
2023-12-05 13:53:04,686 - rasterio._env - DEBUG - Started GDALEnv: self=<rasterio._env.GDALEnv object at 0x7f7cd7066bf0>.
2023-12-05 13:53:04,686 - rasterio.env - DEBUG - Entered env context: <rasterio.env.Env object at 0x7f7cd67aeb90>
2023-12-05 13:53:04,686 - rasterio.env - DEBUG - Got a copy of environment <rasterio._env.GDALEnv object at 0x7f7cd7066bf0> options
2023-12-05 13:53:04,686 - rasterio.env - DEBUG - Entering env context: <rasterio.env.Env object at 0x7f7cd45edd20>
2023-12-05 13:53:04,686 - rasterio.env - DEBUG - Got a copy of environment <rasterio._env.GDALEnv object at 0x7f7cd7066bf0> options
2023-12-05 13:53:04,686 - rasterio.env - DEBUG - Entered env context: <rasterio.env.Env object at 0x7f7cd45edd20>
2023-12-05 13:53:04,687 - rasterio._base - DEBUG - Sharing flag: 0
2023-12-05 13:53:04,687 - rasterio._base - DEBUG - Nodata success: 1, Nodata value: nan
2023-12-05 13:53:04,688 - rasterio._base - DEBUG - Dataset <open DatasetReader name='https://radar.bmkg.go.id/raster/radarsatelit_202312051350.tif' mode='r'> is started.
2023-12-05 13:53:04,688 - rasterio.env - DEBUG - Exiting env context: <rasterio.env.Env object at 0x7f7cd45edd20>
2023-12-05 13:53:04,688 - rasterio.env - DEBUG - Cleared existing <rasterio._env.GDALEnv object at 0x7f7cd7066bf0> options
2023-12-05 13:53:04,688 - rasterio._env - DEBUG - Stopped GDALEnv <rasterio._env.GDALEnv object at 0x7f7cd7066bf0>.
2023-12-05 13:53:04,688 - rasterio.env - DEBUG - No GDAL environment exists
2023-12-05 13:53:04,688 - rasterio.env - DEBUG - New GDAL environment <rasterio._env.GDALEnv object at 0x7f7cd7066bf0> created
2023-12-05 13:53:04,688 - rasterio._env - DEBUG - GDAL data found in package: path='/home/metpublic/PYTHON_VENV/present_weather/lib/python3.10/site-packages/rasterio/gdal_data'.
2023-12-05 13:53:04,689 - rasterio._env - DEBUG - PROJ data found in package: path='/home/metpublic/PYTHON_VENV/present_weather/lib/python3.10/site-packages/rasterio/proj_data'.
2023-12-05 13:53:04,689 - rasterio._env - DEBUG - Started GDALEnv: self=<rasterio._env.GDALEnv object at 0x7f7cd7066bf0>.
2023-12-05 13:53:04,689 - rasterio.env - DEBUG - Exited env context: <rasterio.env.Env object at 0x7f7cd45edd20>
2023-12-05 13:53:04,706 - rasterio._io - DEBUG - Output nodata value read from file: nan
2023-12-05 13:53:04,706 - rasterio._io - DEBUG - Output nodata values: [nan]
2023-12-05 13:53:04,707 - rasterio._io - DEBUG - all_valid: False
2023-12-05 13:53:04,707 - rasterio._io - DEBUG - mask_flags: ([<MaskFlags.nodata: 8>],)
2023-12-05 13:53:04,707 - rasterio._io - DEBUG - Jump straight to _read()
2023-12-05 13:53:04,707 - rasterio._io - DEBUG - Window: Window(col_off=0, row_off=0, width=10177, height=3732)
2023-12-05 13:53:04,707 - rasterio._io - DEBUG - IO window xoff=0.0 yoff=0.0 width=10177.0 height=3732.0
2023-12-05 13:53:05,263 - rasterio.env - DEBUG - Exiting env context: <rasterio.env.Env object at 0x7f7cd67aeb90>
2023-12-05 13:53:05,263 - rasterio.env - DEBUG - Cleared existing <rasterio._env.GDALEnv object at 0x7f7cd7066bf0> options
2023-12-05 13:53:05,263 - rasterio._env - DEBUG - Stopped GDALEnv <rasterio._env.GDALEnv object at 0x7f7cd7066bf0>.
2023-12-05 13:53:05,263 - rasterio.env - DEBUG - Exiting outermost env
2023-12-05 13:53:05,263 - rasterio.env - DEBUG - Exited env context: <rasterio.env.Env object at 0x7f7cd67aeb90>
2023-12-05 13:57:32,481 - rasterio.env - DEBUG - Entering env context: <rasterio.env.Env object at 0x7f7cd4678ca0>
2023-12-05 13:57:32,481 - rasterio.env - DEBUG - Starting outermost env
2023-12-05 13:57:32,481 - rasterio.env - DEBUG - No GDAL environment exists
2023-12-05 13:57:32,481 - rasterio.env - DEBUG - New GDAL environment <rasterio._env.GDALEnv object at 0x7f7cd4678fd0> created
2023-12-05 13:57:32,482 - rasterio._env - DEBUG - GDAL data found in package: path='/home/metpublic/PYTHON_VENV/present_weather/lib/python3.10/site-packages/rasterio/gdal_data'.
2023-12-05 13:57:32,482 - rasterio._env - DEBUG - PROJ data found in package: path='/home/metpublic/PYTHON_VENV/present_weather/lib/python3.10/site-packages/rasterio/proj_data'.
2023-12-05 13:57:32,482 - rasterio._env - DEBUG - Started GDALEnv: self=<rasterio._env.GDALEnv object at 0x7f7cd4678fd0>.
2023-12-05 13:57:32,482 - rasterio.env - DEBUG - Entered env context: <rasterio.env.Env object at 0x7f7cd4678ca0>
2023-12-05 13:57:32,482 - rasterio._base - DEBUG - Sharing flag: 0
2023-12-05 13:57:32,484 - rasterio._base - DEBUG - Nodata success: 0, Nodata value: 0.000000
2023-12-05 13:57:32,484 - rasterio._base - DEBUG - Dataset <open DatasetReader name='/home/metpublic/TASK_RELEASE/EFAN/present_weather/src/H09_B13_Indonesia_20231205.Z1340.cor.tiff' mode='r'> is started.
2023-12-05 13:57:32,484 - rasterio.env - DEBUG - Exiting env context: <rasterio.env.Env object at 0x7f7cd4678ca0>
2023-12-05 13:57:32,484 - rasterio.env - DEBUG - Cleared existing <rasterio._env.GDALEnv object at 0x7f7cd4678fd0> options
2023-12-05 13:57:32,484 - rasterio._env - DEBUG - Stopped GDALEnv <rasterio._env.GDALEnv object at 0x7f7cd4678fd0>.
2023-12-05 13:57:32,484 - rasterio.env - DEBUG - Exiting outermost env
2023-12-05 13:57:32,484 - rasterio.env - DEBUG - Exited env context: <rasterio.env.Env object at 0x7f7cd4678ca0>
2023-12-05 13:57:32,484 - rasterio.env - DEBUG - Entering env context: <rasterio.env.Env object at 0x7f7cd4400f40>
2023-12-05 13:57:32,484 - rasterio.env - DEBUG - Starting outermost env
2023-12-05 13:57:32,484 - rasterio.env - DEBUG - No GDAL environment exists
2023-12-05 13:57:32,484 - rasterio.env - DEBUG - New GDAL environment <rasterio._env.GDALEnv object at 0x7f7cd4401600> created
2023-12-05 13:57:32,485 - rasterio._env - DEBUG - GDAL data found in package: path='/home/metpublic/PYTHON_VENV/present_weather/lib/python3.10/site-packages/rasterio/gdal_data'.
2023-12-05 13:57:32,486 - rasterio._env - DEBUG - PROJ data found in package: path='/home/metpublic/PYTHON_VENV/present_weather/lib/python3.10/site-packages/rasterio/proj_data'.
2023-12-05 13:57:32,486 - rasterio._env - DEBUG - Started GDALEnv: self=<rasterio._env.GDALEnv object at 0x7f7cd4401600>.
2023-12-05 13:57:32,486 - rasterio.env - DEBUG - Entered env context: <rasterio.env.Env object at 0x7f7cd4400f40>
2023-12-05 13:57:32,486 - rasterio._base - DEBUG - Sharing flag: 0
2023-12-05 13:57:32,487 - rasterio._base - DEBUG - Nodata success: 0, Nodata value: 0.000000
2023-12-05 13:57:32,487 - rasterio._base - DEBUG - Dataset <open DatasetReader name='/home/metpublic/TASK_RELEASE/EFAN/present_weather/src/H09_B13_Indonesia_20231205.Z1340.cor.tiff' mode='r'> is started.
2023-12-05 13:57:32,487 - rasterio.env - DEBUG - Exiting env context: <rasterio.env.Env object at 0x7f7cd4400f40>
2023-12-05 13:57:32,487 - rasterio.env - DEBUG - Cleared existing <rasterio._env.GDALEnv object at 0x7f7cd4401600> options
2023-12-05 13:57:32,487 - rasterio._env - DEBUG - Stopped GDALEnv <rasterio._env.GDALEnv object at 0x7f7cd4401600>.
2023-12-05 13:57:32,487 - rasterio.env - DEBUG - Exiting outermost env
2023-12-05 13:57:32,487 - rasterio.env - DEBUG - Exited env context: <rasterio.env.Env object at 0x7f7cd4400f40>
2023-12-05 13:57:32,497 - root - INFO - Generating present weather using SATELITE data
2023-12-05 13:59:02,257 - root - INFO - Total elapsed time: 0:05:59.344389
