2023-12-06 01:03:02,668 - root - INFO - Initiating present weather
2023-12-06 01:03:02,670 - asyncio - DEBUG - Using selector: EpollSelector
2023-12-06 01:03:04,270 - urllib3.connectionpool - DEBUG - Starting new HTTPS connection (1): radar.bmkg.go.id:8060
2023-12-06 01:03:04,286 - urllib3.connectionpool - DEBUG - https://radar.bmkg.go.id:8060 "GET /getLatestLD?typeData=1 HTTP/1.1" 200 62
2023-12-06 01:03:04,288 - urllib3.connectionpool - DEBUG - Starting new HTTPS connection (1): radar.bmkg.go.id:8060
2023-12-06 01:03:04,306 - urllib3.connectionpool - DEBUG - https://radar.bmkg.go.id:8060 "GET /getRadarGeotif?token=19387e71e78522ae4172ec0fda640983b8438c9cfa0ca571623cb69d8327&radar=amandemenForecast&type=latest HTTP/1.1" 200 90
2023-12-06 01:03:04,307 - rasterio.env - DEBUG - Entering env context: <rasterio.env.Env object at 0x7fb45254ac80>
2023-12-06 01:03:04,308 - rasterio.env - DEBUG - Starting outermost env
2023-12-06 01:03:04,308 - rasterio.env - DEBUG - No GDAL environment exists
2023-12-06 01:03:04,308 - rasterio.env - DEBUG - New GDAL environment <rasterio._env.GDALEnv object at 0x7fb45254a9b0> created
2023-12-06 01:03:04,311 - rasterio._filepath - DEBUG - Installing FilePath filesystem handler plugin...
2023-12-06 01:03:04,311 - rasterio._env - DEBUG - GDAL data found in package: path='/home/metpublic/PYTHON_VENV/present_weather/lib/python3.10/site-packages/rasterio/gdal_data'.
2023-12-06 01:03:04,311 - rasterio._env - DEBUG - PROJ data found in package: path='/home/metpublic/PYTHON_VENV/present_weather/lib/python3.10/site-packages/rasterio/proj_data'.
2023-12-06 01:03:04,311 - rasterio._env - DEBUG - Started GDALEnv: self=<rasterio._env.GDALEnv object at 0x7fb45254a9b0>.
2023-12-06 01:03:04,311 - rasterio.env - DEBUG - Entered env context: <rasterio.env.Env object at 0x7fb45254ac80>
2023-12-06 01:03:04,311 - rasterio._base - DEBUG - Sharing flag: 0
2023-12-06 01:03:04,549 - rasterio._base - DEBUG - Nodata success: 1, Nodata value: nan
2023-12-06 01:03:04,549 - rasterio._base - DEBUG - Dataset <open DatasetReader name='https://radar.bmkg.go.id/raster/radarsatelit_202312060100.tif' mode='r'> is started.
2023-12-06 01:03:04,549 - rasterio.env - DEBUG - Exiting env context: <rasterio.env.Env object at 0x7fb45254ac80>
2023-12-06 01:03:04,549 - rasterio.env - DEBUG - Cleared existing <rasterio._env.GDALEnv object at 0x7fb45254a9b0> options
2023-12-06 01:03:04,549 - rasterio._env - DEBUG - Stopped GDALEnv <rasterio._env.GDALEnv object at 0x7fb45254a9b0>.
2023-12-06 01:03:04,550 - rasterio.env - DEBUG - Exiting outermost env
2023-12-06 01:03:04,550 - rasterio.env - DEBUG - Exited env context: <rasterio.env.Env object at 0x7fb45254ac80>
2023-12-06 01:03:04,550 - rasterio.env - DEBUG - Entering env context: <rasterio.env.Env object at 0x7fb451bd85b0>
2023-12-06 01:03:04,550 - rasterio.env - DEBUG - Starting outermost env
2023-12-06 01:03:04,550 - rasterio.env - DEBUG - No GDAL environment exists
2023-12-06 01:03:04,550 - rasterio.env - DEBUG - New GDAL environment <rasterio._env.GDALEnv object at 0x7fb45254a9b0> created
2023-12-06 01:03:04,550 - rasterio._env - DEBUG - GDAL data found in package: path='/home/metpublic/PYTHON_VENV/present_weather/lib/python3.10/site-packages/rasterio/gdal_data'.
2023-12-06 01:03:04,550 - rasterio._env - DEBUG - PROJ data found in package: path='/home/metpublic/PYTHON_VENV/present_weather/lib/python3.10/site-packages/rasterio/proj_data'.
2023-12-06 01:03:04,550 - rasterio._env - DEBUG - Started GDALEnv: self=<rasterio._env.GDALEnv object at 0x7fb45254a9b0>.
2023-12-06 01:03:04,551 - rasterio.env - DEBUG - Entered env context: <rasterio.env.Env object at 0x7fb451bd85b0>
2023-12-06 01:03:04,551 - rasterio.env - DEBUG - Got a copy of environment <rasterio._env.GDALEnv object at 0x7fb45254a9b0> options
2023-12-06 01:03:04,551 - rasterio.env - DEBUG - Entering env context: <rasterio.env.Env object at 0x7fb4502e09d0>
2023-12-06 01:03:04,551 - rasterio.env - DEBUG - Got a copy of environment <rasterio._env.GDALEnv object at 0x7fb45254a9b0> options
2023-12-06 01:03:04,551 - rasterio.env - DEBUG - Entered env context: <rasterio.env.Env object at 0x7fb4502e09d0>
2023-12-06 01:03:04,551 - rasterio._base - DEBUG - Sharing flag: 0
2023-12-06 01:03:04,553 - rasterio._base - DEBUG - Nodata success: 1, Nodata value: nan
2023-12-06 01:03:04,553 - rasterio._base - DEBUG - Dataset <open DatasetReader name='https://radar.bmkg.go.id/raster/radarsatelit_202312060100.tif' mode='r'> is started.
2023-12-06 01:03:04,553 - rasterio.env - DEBUG - Exiting env context: <rasterio.env.Env object at 0x7fb4502e09d0>
2023-12-06 01:03:04,554 - rasterio.env - DEBUG - Cleared existing <rasterio._env.GDALEnv object at 0x7fb45254a9b0> options
2023-12-06 01:03:04,554 - rasterio._env - DEBUG - Stopped GDALEnv <rasterio._env.GDALEnv object at 0x7fb45254a9b0>.
2023-12-06 01:03:04,554 - rasterio.env - DEBUG - No GDAL environment exists
2023-12-06 01:03:04,554 - rasterio.env - DEBUG - New GDAL environment <rasterio._env.GDALEnv object at 0x7fb45254a9b0> created
2023-12-06 01:03:04,554 - rasterio._env - DEBUG - GDAL data found in package: path='/home/metpublic/PYTHON_VENV/present_weather/lib/python3.10/site-packages/rasterio/gdal_data'.
2023-12-06 01:03:04,554 - rasterio._env - DEBUG - PROJ data found in package: path='/home/metpublic/PYTHON_VENV/present_weather/lib/python3.10/site-packages/rasterio/proj_data'.
2023-12-06 01:03:04,554 - rasterio._env - DEBUG - Started GDALEnv: self=<rasterio._env.GDALEnv object at 0x7fb45254a9b0>.
2023-12-06 01:03:04,554 - rasterio.env - DEBUG - Exited env context: <rasterio.env.Env object at 0x7fb4502e09d0>
2023-12-06 01:03:04,572 - rasterio._io - DEBUG - Output nodata value read from file: nan
2023-12-06 01:03:04,572 - rasterio._io - DEBUG - Output nodata values: [nan]
2023-12-06 01:03:04,572 - rasterio._io - DEBUG - all_valid: False
2023-12-06 01:03:04,572 - rasterio._io - DEBUG - mask_flags: ([<MaskFlags.nodata: 8>],)
2023-12-06 01:03:04,572 - rasterio._io - DEBUG - Jump straight to _read()
2023-12-06 01:03:04,573 - rasterio._io - DEBUG - Window: Window(col_off=0, row_off=0, width=10177, height=3732)
2023-12-06 01:03:04,573 - rasterio._io - DEBUG - IO window xoff=0.0 yoff=0.0 width=10177.0 height=3732.0
2023-12-06 01:03:05,106 - rasterio.env - DEBUG - Exiting env context: <rasterio.env.Env object at 0x7fb451bd85b0>
2023-12-06 01:03:05,106 - rasterio.env - DEBUG - Cleared existing <rasterio._env.GDALEnv object at 0x7fb45254a9b0> options
2023-12-06 01:03:05,107 - rasterio._env - DEBUG - Stopped GDALEnv <rasterio._env.GDALEnv object at 0x7fb45254a9b0>.
2023-12-06 01:03:05,107 - rasterio.env - DEBUG - Exiting outermost env
2023-12-06 01:03:05,107 - rasterio.env - DEBUG - Exited env context: <rasterio.env.Env object at 0x7fb451bd85b0>
2023-12-06 01:07:49,471 - rasterio.env - DEBUG - Entering env context: <rasterio.env.Env object at 0x7fb45016d8d0>
2023-12-06 01:07:49,471 - rasterio.env - DEBUG - Starting outermost env
2023-12-06 01:07:49,471 - rasterio.env - DEBUG - No GDAL environment exists
2023-12-06 01:07:49,471 - rasterio.env - DEBUG - New GDAL environment <rasterio._env.GDALEnv object at 0x7fb45016f0a0> created
2023-12-06 01:07:49,472 - rasterio._env - DEBUG - GDAL data found in package: path='/home/metpublic/PYTHON_VENV/present_weather/lib/python3.10/site-packages/rasterio/gdal_data'.
2023-12-06 01:07:49,472 - rasterio._env - DEBUG - PROJ data found in package: path='/home/metpublic/PYTHON_VENV/present_weather/lib/python3.10/site-packages/rasterio/proj_data'.
2023-12-06 01:07:49,472 - rasterio._env - DEBUG - Started GDALEnv: self=<rasterio._env.GDALEnv object at 0x7fb45016f0a0>.
2023-12-06 01:07:49,472 - rasterio.env - DEBUG - Entered env context: <rasterio.env.Env object at 0x7fb45016d8d0>
2023-12-06 01:07:49,473 - rasterio._base - DEBUG - Sharing flag: 0
2023-12-06 01:07:49,477 - rasterio._base - DEBUG - Nodata success: 0, Nodata value: 0.000000
2023-12-06 01:07:49,477 - rasterio._base - DEBUG - Dataset <open DatasetReader name='/home/metpublic/TASK_RELEASE/EFAN/present_weather/src/H09_B13_Indonesia_20231206.Z0050.cor.tiff' mode='r'> is started.
2023-12-06 01:07:49,478 - rasterio.env - DEBUG - Exiting env context: <rasterio.env.Env object at 0x7fb45016d8d0>
2023-12-06 01:07:49,478 - rasterio.env - DEBUG - Cleared existing <rasterio._env.GDALEnv object at 0x7fb45016f0a0> options
2023-12-06 01:07:49,478 - rasterio._env - DEBUG - Stopped GDALEnv <rasterio._env.GDALEnv object at 0x7fb45016f0a0>.
2023-12-06 01:07:49,478 - rasterio.env - DEBUG - Exiting outermost env
2023-12-06 01:07:49,478 - rasterio.env - DEBUG - Exited env context: <rasterio.env.Env object at 0x7fb45016d8d0>
2023-12-06 01:07:49,478 - rasterio.env - DEBUG - Entering env context: <rasterio.env.Env object at 0x7fb45016ebf0>
2023-12-06 01:07:49,478 - rasterio.env - DEBUG - Starting outermost env
2023-12-06 01:07:49,478 - rasterio.env - DEBUG - No GDAL environment exists
2023-12-06 01:07:49,478 - rasterio.env - DEBUG - New GDAL environment <rasterio._env.GDALEnv object at 0x7fb45016f430> created
2023-12-06 01:07:49,479 - rasterio._env - DEBUG - GDAL data found in package: path='/home/metpublic/PYTHON_VENV/present_weather/lib/python3.10/site-packages/rasterio/gdal_data'.
2023-12-06 01:07:49,479 - rasterio._env - DEBUG - PROJ data found in package: path='/home/metpublic/PYTHON_VENV/present_weather/lib/python3.10/site-packages/rasterio/proj_data'.
2023-12-06 01:07:49,479 - rasterio._env - DEBUG - Started GDALEnv: self=<rasterio._env.GDALEnv object at 0x7fb45016f430>.
2023-12-06 01:07:49,479 - rasterio.env - DEBUG - Entered env context: <rasterio.env.Env object at 0x7fb45016ebf0>
2023-12-06 01:07:49,479 - rasterio._base - DEBUG - Sharing flag: 0
2023-12-06 01:07:49,480 - rasterio._base - DEBUG - Nodata success: 0, Nodata value: 0.000000
2023-12-06 01:07:49,480 - rasterio._base - DEBUG - Dataset <open DatasetReader name='/home/metpublic/TASK_RELEASE/EFAN/present_weather/src/H09_B13_Indonesia_20231206.Z0050.cor.tiff' mode='r'> is started.
2023-12-06 01:07:49,481 - rasterio.env - DEBUG - Exiting env context: <rasterio.env.Env object at 0x7fb45016ebf0>
2023-12-06 01:07:49,481 - rasterio.env - DEBUG - Cleared existing <rasterio._env.GDALEnv object at 0x7fb45016f430> options
2023-12-06 01:07:49,481 - rasterio._env - DEBUG - Stopped GDALEnv <rasterio._env.GDALEnv object at 0x7fb45016f430>.
2023-12-06 01:07:49,481 - rasterio.env - DEBUG - Exiting outermost env
2023-12-06 01:07:49,481 - rasterio.env - DEBUG - Exited env context: <rasterio.env.Env object at 0x7fb45016ebf0>
2023-12-06 01:07:49,491 - root - INFO - Generating present weather using SATELITE data
2023-12-06 01:09:41,603 - root - INFO - Total elapsed time: 0:06:38.935153
