2023-11-21 00:23:03,502 - root - INFO - Initiating present weather
2023-11-21 00:23:03,507 - urllib3.connectionpool - DEBUG - Starting new HTTPS connection (1): radar.bmkg.go.id:8060
2023-11-21 00:23:15,130 - rasterio.env - DEBUG - Entering env context: <rasterio.env.Env object at 0x7f14203a0110>
2023-11-21 00:23:15,131 - rasterio.env - DEBUG - Starting outermost env
2023-11-21 00:23:15,131 - rasterio.env - DEBUG - No GDAL environment exists
2023-11-21 00:23:15,131 - rasterio.env - DEBUG - New GDAL environment <rasterio._env.GDALEnv object at 0x7f13d647b760> created
2023-11-21 00:23:15,137 - rasterio._filepath - DEBUG - Installing FilePath filesystem handler plugin...
2023-11-21 00:23:15,137 - rasterio._env - DEBUG - GDAL data found in package: path='/home/swx/miniconda3/envs/present_weather/lib/python3.12/site-packages/rasterio/gdal_data'.
2023-11-21 00:23:15,137 - rasterio._env - DEBUG - PROJ_LIB found in environment.
2023-11-21 00:23:15,137 - rasterio._env - DEBUG - Started GDALEnv: self=<rasterio._env.GDALEnv object at 0x7f13d647b760>.
2023-11-21 00:23:15,138 - rasterio.env - DEBUG - Entered env context: <rasterio.env.Env object at 0x7f14203a0110>
2023-11-21 00:23:15,138 - rasterio._base - DEBUG - Sharing flag: 0
2023-11-21 00:23:15,158 - rasterio._base - DEBUG - Nodata success: 0, Nodata value: 0.000000
2023-11-21 00:23:15,158 - rasterio._base - DEBUG - Dataset <open DatasetReader name='/home/swx/present_weather/src/H09_B13_Indonesia_20231121.Z0010.cor.tiff' mode='r'> is started.
2023-11-21 00:23:15,158 - rasterio.env - DEBUG - Exiting env context: <rasterio.env.Env object at 0x7f14203a0110>
2023-11-21 00:23:15,158 - rasterio.env - DEBUG - Cleared existing <rasterio._env.GDALEnv object at 0x7f13d647b760> options
2023-11-21 00:23:15,159 - rasterio._env - DEBUG - Stopped GDALEnv <rasterio._env.GDALEnv object at 0x7f13d647b760>.
2023-11-21 00:23:15,159 - rasterio.env - DEBUG - Exiting outermost env
2023-11-21 00:23:15,159 - rasterio.env - DEBUG - Exited env context: <rasterio.env.Env object at 0x7f14203a0110>
2023-11-21 00:23:15,159 - rasterio.env - DEBUG - Entering env context: <rasterio.env.Env object at 0x7f13d6395430>
2023-11-21 00:23:15,159 - rasterio.env - DEBUG - Starting outermost env
2023-11-21 00:23:15,159 - rasterio.env - DEBUG - No GDAL environment exists
2023-11-21 00:23:15,160 - rasterio.env - DEBUG - New GDAL environment <rasterio._env.GDALEnv object at 0x7f13d61b7d00> created
2023-11-21 00:23:15,160 - rasterio._env - DEBUG - GDAL data found in package: path='/home/swx/miniconda3/envs/present_weather/lib/python3.12/site-packages/rasterio/gdal_data'.
2023-11-21 00:23:15,160 - rasterio._env - DEBUG - PROJ_LIB found in environment.
2023-11-21 00:23:15,160 - rasterio._env - DEBUG - Started GDALEnv: self=<rasterio._env.GDALEnv object at 0x7f13d61b7d00>.
2023-11-21 00:23:15,161 - rasterio.env - DEBUG - Entered env context: <rasterio.env.Env object at 0x7f13d6395430>
2023-11-21 00:23:15,161 - rasterio._base - DEBUG - Sharing flag: 0
2023-11-21 00:23:15,162 - rasterio._base - DEBUG - Nodata success: 0, Nodata value: 0.000000
2023-11-21 00:23:15,162 - rasterio._base - DEBUG - Dataset <open DatasetReader name='/home/swx/present_weather/src/H09_B13_Indonesia_20231121.Z0010.cor.tiff' mode='r'> is started.
2023-11-21 00:23:15,162 - rasterio.env - DEBUG - Exiting env context: <rasterio.env.Env object at 0x7f13d6395430>
2023-11-21 00:23:15,162 - rasterio.env - DEBUG - Cleared existing <rasterio._env.GDALEnv object at 0x7f13d61b7d00> options
2023-11-21 00:23:15,162 - rasterio._env - DEBUG - Stopped GDALEnv <rasterio._env.GDALEnv object at 0x7f13d61b7d00>.
2023-11-21 00:23:15,162 - rasterio.env - DEBUG - Exiting outermost env
2023-11-21 00:23:15,162 - rasterio.env - DEBUG - Exited env context: <rasterio.env.Env object at 0x7f13d6395430>
2023-11-21 00:23:15,183 - asyncio - DEBUG - Using selector: EpollSelector
2023-11-21 00:23:18,469 - root - INFO - dask.bag<lambda, npartitions=34>
2023-11-21 00:24:30,816 - root - INFO - Total elapsed time: 0:01:27.315084
