2023-11-23 01:43:03,934 - root - INFO - Initiating present weather
2023-11-23 01:43:03,937 - asyncio - DEBUG - Using selector: EpollSelector
2023-11-23 01:43:07,227 - urllib3.connectionpool - DEBUG - Starting new HTTPS connection (1): radar.bmkg.go.id:8060
2023-11-23 01:43:18,842 - rasterio.env - DEBUG - Entering env context: <rasterio.env.Env object at 0x7f57ae00aed0>
2023-11-23 01:43:18,844 - rasterio.env - DEBUG - Starting outermost env
2023-11-23 01:43:18,845 - rasterio.env - DEBUG - No GDAL environment exists
2023-11-23 01:43:18,845 - rasterio.env - DEBUG - New GDAL environment <rasterio._env.GDALEnv object at 0x7f57ae0b1240> created
2023-11-23 01:43:18,853 - rasterio._filepath - DEBUG - Installing FilePath filesystem handler plugin...
2023-11-23 01:43:18,853 - rasterio._env - DEBUG - GDAL data found in package: path='/home/swx/miniconda3/envs/present_weather/lib/python3.12/site-packages/rasterio/gdal_data'.
2023-11-23 01:43:18,853 - rasterio._env - DEBUG - PROJ_LIB found in environment.
2023-11-23 01:43:18,853 - rasterio._env - DEBUG - Started GDALEnv: self=<rasterio._env.GDALEnv object at 0x7f57ae0b1240>.
2023-11-23 01:43:18,854 - rasterio.env - DEBUG - Entered env context: <rasterio.env.Env object at 0x7f57ae00aed0>
2023-11-23 01:43:18,854 - rasterio._base - DEBUG - Sharing flag: 0
2023-11-23 01:43:18,874 - rasterio._base - DEBUG - Nodata success: 0, Nodata value: 0.000000
2023-11-23 01:43:18,875 - rasterio._base - DEBUG - Dataset <open DatasetReader name='/home/swx/present_weather/src/H09_B13_Indonesia_20231123.Z0130.cor.tiff' mode='r'> is started.
2023-11-23 01:43:18,875 - rasterio.env - DEBUG - Exiting env context: <rasterio.env.Env object at 0x7f57ae00aed0>
2023-11-23 01:43:18,875 - rasterio.env - DEBUG - Cleared existing <rasterio._env.GDALEnv object at 0x7f57ae0b1240> options
2023-11-23 01:43:18,876 - rasterio._env - DEBUG - Stopped GDALEnv <rasterio._env.GDALEnv object at 0x7f57ae0b1240>.
2023-11-23 01:43:18,876 - rasterio.env - DEBUG - Exiting outermost env
2023-11-23 01:43:18,876 - rasterio.env - DEBUG - Exited env context: <rasterio.env.Env object at 0x7f57ae00aed0>
2023-11-23 01:43:18,876 - rasterio.env - DEBUG - Entering env context: <rasterio.env.Env object at 0x7f57ac33fda0>
2023-11-23 01:43:18,877 - rasterio.env - DEBUG - Starting outermost env
2023-11-23 01:43:18,877 - rasterio.env - DEBUG - No GDAL environment exists
2023-11-23 01:43:18,877 - rasterio.env - DEBUG - New GDAL environment <rasterio._env.GDALEnv object at 0x7f57ac33fe50> created
2023-11-23 01:43:18,877 - rasterio._env - DEBUG - GDAL data found in package: path='/home/swx/miniconda3/envs/present_weather/lib/python3.12/site-packages/rasterio/gdal_data'.
2023-11-23 01:43:18,877 - rasterio._env - DEBUG - PROJ_LIB found in environment.
2023-11-23 01:43:18,878 - rasterio._env - DEBUG - Started GDALEnv: self=<rasterio._env.GDALEnv object at 0x7f57ac33fe50>.
2023-11-23 01:43:18,878 - rasterio.env - DEBUG - Entered env context: <rasterio.env.Env object at 0x7f57ac33fda0>
2023-11-23 01:43:18,878 - rasterio._base - DEBUG - Sharing flag: 0
2023-11-23 01:43:18,879 - rasterio._base - DEBUG - Nodata success: 0, Nodata value: 0.000000
2023-11-23 01:43:18,880 - rasterio._base - DEBUG - Dataset <open DatasetReader name='/home/swx/present_weather/src/H09_B13_Indonesia_20231123.Z0130.cor.tiff' mode='r'> is started.
2023-11-23 01:43:18,880 - rasterio.env - DEBUG - Exiting env context: <rasterio.env.Env object at 0x7f57ac33fda0>
2023-11-23 01:43:18,880 - rasterio.env - DEBUG - Cleared existing <rasterio._env.GDALEnv object at 0x7f57ac33fe50> options
2023-11-23 01:43:18,880 - rasterio._env - DEBUG - Stopped GDALEnv <rasterio._env.GDALEnv object at 0x7f57ac33fe50>.
2023-11-23 01:43:18,880 - rasterio.env - DEBUG - Exiting outermost env
2023-11-23 01:43:18,880 - rasterio.env - DEBUG - Exited env context: <rasterio.env.Env object at 0x7f57ac33fda0>
2023-11-23 01:43:18,915 - root - INFO - dask.bag<lambda, npartitions=20>
2023-11-23 01:43:33,555 - root - INFO - Total elapsed time: 0:00:29.621896
