2023-12-22 22:53:03,083 - root - INFO - Initiating present weather
2023-12-22 22:53:03,085 - asyncio - DEBUG - Using selector: EpollSelector
2023-12-22 22:53:04,807 - urllib3.connectionpool - DEBUG - Starting new HTTPS connection (1): radar.bmkg.go.id:8060
2023-12-22 22:53:04,824 - urllib3.connectionpool - DEBUG - https://radar.bmkg.go.id:8060 "GET /getLatestLD?typeData=1 HTTP/1.1" 200 62
2023-12-22 22:53:04,826 - urllib3.connectionpool - DEBUG - Starting new HTTPS connection (1): radar.bmkg.go.id:8060
2023-12-22 22:53:04,847 - urllib3.connectionpool - DEBUG - https://radar.bmkg.go.id:8060 "GET /getRadarGeotif?token=19387e71e78522ae4172ec0fda640983b8438c9cfa0ca571623cb69d8327&radar=amandemenForecast&type=latest HTTP/1.1" 200 90
2023-12-22 22:53:04,847 - rasterio.env - DEBUG - Entering env context: <rasterio.env.Env object at 0x7f6648ea7ac0>
2023-12-22 22:53:04,848 - rasterio.env - DEBUG - Starting outermost env
2023-12-22 22:53:04,848 - rasterio.env - DEBUG - No GDAL environment exists
2023-12-22 22:53:04,848 - rasterio.env - DEBUG - New GDAL environment <rasterio._env.GDALEnv object at 0x7f6648ea7a60> created
2023-12-22 22:53:04,851 - rasterio._filepath - DEBUG - Installing FilePath filesystem handler plugin...
2023-12-22 22:53:04,851 - rasterio._env - DEBUG - GDAL data found in package: path='/home/metpublic/PYTHON_VENV/present_weather/lib/python3.10/site-packages/rasterio/gdal_data'.
2023-12-22 22:53:04,851 - rasterio._env - DEBUG - PROJ data found in package: path='/home/metpublic/PYTHON_VENV/present_weather/lib/python3.10/site-packages/rasterio/proj_data'.
2023-12-22 22:53:04,851 - rasterio._env - DEBUG - Started GDALEnv: self=<rasterio._env.GDALEnv object at 0x7f6648ea7a60>.
2023-12-22 22:53:04,851 - rasterio.env - DEBUG - Entered env context: <rasterio.env.Env object at 0x7f6648ea7ac0>
2023-12-22 22:53:04,851 - rasterio._base - DEBUG - Sharing flag: 0
2023-12-22 22:53:05,192 - rasterio._base - DEBUG - Nodata success: 1, Nodata value: nan
2023-12-22 22:53:05,192 - rasterio._base - DEBUG - Dataset <open DatasetReader name='https://radar.bmkg.go.id/raster/radarsatelit_202312222250.tif' mode='r'> is started.
2023-12-22 22:53:05,192 - rasterio.env - DEBUG - Exiting env context: <rasterio.env.Env object at 0x7f6648ea7ac0>
2023-12-22 22:53:05,192 - rasterio.env - DEBUG - Cleared existing <rasterio._env.GDALEnv object at 0x7f6648ea7a60> options
2023-12-22 22:53:05,192 - rasterio._env - DEBUG - Stopped GDALEnv <rasterio._env.GDALEnv object at 0x7f6648ea7a60>.
2023-12-22 22:53:05,192 - rasterio.env - DEBUG - Exiting outermost env
2023-12-22 22:53:05,192 - rasterio.env - DEBUG - Exited env context: <rasterio.env.Env object at 0x7f6648ea7ac0>
2023-12-22 22:53:05,192 - rasterio.env - DEBUG - Entering env context: <rasterio.env.Env object at 0x7f6648529870>
2023-12-22 22:53:05,192 - rasterio.env - DEBUG - Starting outermost env
2023-12-22 22:53:05,193 - rasterio.env - DEBUG - No GDAL environment exists
2023-12-22 22:53:05,193 - rasterio.env - DEBUG - New GDAL environment <rasterio._env.GDALEnv object at 0x7f6648ea7a60> created
2023-12-22 22:53:05,193 - rasterio._env - DEBUG - GDAL data found in package: path='/home/metpublic/PYTHON_VENV/present_weather/lib/python3.10/site-packages/rasterio/gdal_data'.
2023-12-22 22:53:05,193 - rasterio._env - DEBUG - PROJ data found in package: path='/home/metpublic/PYTHON_VENV/present_weather/lib/python3.10/site-packages/rasterio/proj_data'.
2023-12-22 22:53:05,193 - rasterio._env - DEBUG - Started GDALEnv: self=<rasterio._env.GDALEnv object at 0x7f6648ea7a60>.
2023-12-22 22:53:05,193 - rasterio.env - DEBUG - Entered env context: <rasterio.env.Env object at 0x7f6648529870>
2023-12-22 22:53:05,193 - rasterio.env - DEBUG - Got a copy of environment <rasterio._env.GDALEnv object at 0x7f6648ea7a60> options
2023-12-22 22:53:05,194 - rasterio.env - DEBUG - Entering env context: <rasterio.env.Env object at 0x7f664842e4a0>
2023-12-22 22:53:05,194 - rasterio.env - DEBUG - Got a copy of environment <rasterio._env.GDALEnv object at 0x7f6648ea7a60> options
2023-12-22 22:53:05,194 - rasterio.env - DEBUG - Entered env context: <rasterio.env.Env object at 0x7f664842e4a0>
2023-12-22 22:53:05,194 - rasterio._base - DEBUG - Sharing flag: 0
2023-12-22 22:53:05,196 - rasterio._base - DEBUG - Nodata success: 1, Nodata value: nan
2023-12-22 22:53:05,196 - rasterio._base - DEBUG - Dataset <open DatasetReader name='https://radar.bmkg.go.id/raster/radarsatelit_202312222250.tif' mode='r'> is started.
2023-12-22 22:53:05,196 - rasterio.env - DEBUG - Exiting env context: <rasterio.env.Env object at 0x7f664842e4a0>
2023-12-22 22:53:05,196 - rasterio.env - DEBUG - Cleared existing <rasterio._env.GDALEnv object at 0x7f6648ea7a60> options
2023-12-22 22:53:05,196 - rasterio._env - DEBUG - Stopped GDALEnv <rasterio._env.GDALEnv object at 0x7f6648ea7a60>.
2023-12-22 22:53:05,196 - rasterio.env - DEBUG - No GDAL environment exists
2023-12-22 22:53:05,196 - rasterio.env - DEBUG - New GDAL environment <rasterio._env.GDALEnv object at 0x7f6648ea7a60> created
2023-12-22 22:53:05,196 - rasterio._env - DEBUG - GDAL data found in package: path='/home/metpublic/PYTHON_VENV/present_weather/lib/python3.10/site-packages/rasterio/gdal_data'.
2023-12-22 22:53:05,196 - rasterio._env - DEBUG - PROJ data found in package: path='/home/metpublic/PYTHON_VENV/present_weather/lib/python3.10/site-packages/rasterio/proj_data'.
2023-12-22 22:53:05,197 - rasterio._env - DEBUG - Started GDALEnv: self=<rasterio._env.GDALEnv object at 0x7f6648ea7a60>.
2023-12-22 22:53:05,197 - rasterio.env - DEBUG - Exited env context: <rasterio.env.Env object at 0x7f664842e4a0>
2023-12-22 22:53:05,213 - rasterio._io - DEBUG - Output nodata value read from file: nan
2023-12-22 22:53:05,213 - rasterio._io - DEBUG - Output nodata values: [nan]
2023-12-22 22:53:05,213 - rasterio._io - DEBUG - all_valid: False
2023-12-22 22:53:05,213 - rasterio._io - DEBUG - mask_flags: ([<MaskFlags.nodata: 8>],)
2023-12-22 22:53:05,213 - rasterio._io - DEBUG - Jump straight to _read()
2023-12-22 22:53:05,213 - rasterio._io - DEBUG - Window: Window(col_off=0, row_off=0, width=10176, height=3732)
2023-12-22 22:53:05,213 - rasterio._io - DEBUG - IO window xoff=0.0 yoff=0.0 width=10176.0 height=3732.0
2023-12-22 22:53:05,754 - rasterio.env - DEBUG - Exiting env context: <rasterio.env.Env object at 0x7f6648529870>
2023-12-22 22:53:05,754 - rasterio.env - DEBUG - Cleared existing <rasterio._env.GDALEnv object at 0x7f6648ea7a60> options
2023-12-22 22:53:05,754 - rasterio._env - DEBUG - Stopped GDALEnv <rasterio._env.GDALEnv object at 0x7f6648ea7a60>.
2023-12-22 22:53:05,754 - rasterio.env - DEBUG - Exiting outermost env
2023-12-22 22:53:05,755 - rasterio.env - DEBUG - Exited env context: <rasterio.env.Env object at 0x7f6648529870>
2023-12-22 22:57:37,918 - rasterio.env - DEBUG - Entering env context: <rasterio.env.Env object at 0x7f664842f460>
2023-12-22 22:57:37,918 - rasterio.env - DEBUG - Starting outermost env
2023-12-22 22:57:37,918 - rasterio.env - DEBUG - No GDAL environment exists
2023-12-22 22:57:37,918 - rasterio.env - DEBUG - New GDAL environment <rasterio._env.GDALEnv object at 0x7f664829eb00> created
2023-12-22 22:57:37,919 - rasterio._env - DEBUG - GDAL data found in package: path='/home/metpublic/PYTHON_VENV/present_weather/lib/python3.10/site-packages/rasterio/gdal_data'.
2023-12-22 22:57:37,919 - rasterio._env - DEBUG - PROJ data found in package: path='/home/metpublic/PYTHON_VENV/present_weather/lib/python3.10/site-packages/rasterio/proj_data'.
2023-12-22 22:57:37,919 - rasterio._env - DEBUG - Started GDALEnv: self=<rasterio._env.GDALEnv object at 0x7f664829eb00>.
2023-12-22 22:57:37,919 - rasterio.env - DEBUG - Entered env context: <rasterio.env.Env object at 0x7f664842f460>
2023-12-22 22:57:37,919 - rasterio._base - DEBUG - Sharing flag: 0
2023-12-22 22:57:37,920 - rasterio._base - DEBUG - Nodata success: 0, Nodata value: 0.000000
2023-12-22 22:57:37,920 - rasterio._base - DEBUG - Dataset <open DatasetReader name='/home/metpublic/TASK_RELEASE/EFAN/present_weather/src/H09_B13_Indonesia_20231222.Z2230.cor.tiff' mode='r'> is started.
2023-12-22 22:57:37,921 - rasterio.env - DEBUG - Exiting env context: <rasterio.env.Env object at 0x7f664842f460>
2023-12-22 22:57:37,921 - rasterio.env - DEBUG - Cleared existing <rasterio._env.GDALEnv object at 0x7f664829eb00> options
2023-12-22 22:57:37,921 - rasterio._env - DEBUG - Stopped GDALEnv <rasterio._env.GDALEnv object at 0x7f664829eb00>.
2023-12-22 22:57:37,921 - rasterio.env - DEBUG - Exiting outermost env
2023-12-22 22:57:37,921 - rasterio.env - DEBUG - Exited env context: <rasterio.env.Env object at 0x7f664842f460>
2023-12-22 22:57:37,921 - rasterio.env - DEBUG - Entering env context: <rasterio.env.Env object at 0x7f664829e0e0>
2023-12-22 22:57:37,922 - rasterio.env - DEBUG - Starting outermost env
2023-12-22 22:57:37,922 - rasterio.env - DEBUG - No GDAL environment exists
2023-12-22 22:57:37,922 - rasterio.env - DEBUG - New GDAL environment <rasterio._env.GDALEnv object at 0x7f664829cbb0> created
2023-12-22 22:57:37,923 - rasterio._env - DEBUG - GDAL data found in package: path='/home/metpublic/PYTHON_VENV/present_weather/lib/python3.10/site-packages/rasterio/gdal_data'.
2023-12-22 22:57:37,923 - rasterio._env - DEBUG - PROJ data found in package: path='/home/metpublic/PYTHON_VENV/present_weather/lib/python3.10/site-packages/rasterio/proj_data'.
2023-12-22 22:57:37,923 - rasterio._env - DEBUG - Started GDALEnv: self=<rasterio._env.GDALEnv object at 0x7f664829cbb0>.
2023-12-22 22:57:37,923 - rasterio.env - DEBUG - Entered env context: <rasterio.env.Env object at 0x7f664829e0e0>
2023-12-22 22:57:37,923 - rasterio._base - DEBUG - Sharing flag: 0
2023-12-22 22:57:37,924 - rasterio._base - DEBUG - Nodata success: 0, Nodata value: 0.000000
2023-12-22 22:57:37,925 - rasterio._base - DEBUG - Dataset <open DatasetReader name='/home/metpublic/TASK_RELEASE/EFAN/present_weather/src/H09_B13_Indonesia_20231222.Z2230.cor.tiff' mode='r'> is started.
2023-12-22 22:57:37,925 - rasterio.env - DEBUG - Exiting env context: <rasterio.env.Env object at 0x7f664829e0e0>
2023-12-22 22:57:37,925 - rasterio.env - DEBUG - Cleared existing <rasterio._env.GDALEnv object at 0x7f664829cbb0> options
2023-12-22 22:57:37,925 - rasterio._env - DEBUG - Stopped GDALEnv <rasterio._env.GDALEnv object at 0x7f664829cbb0>.
2023-12-22 22:57:37,925 - rasterio.env - DEBUG - Exiting outermost env
2023-12-22 22:57:37,925 - rasterio.env - DEBUG - Exited env context: <rasterio.env.Env object at 0x7f664829e0e0>
2023-12-22 22:57:37,937 - root - INFO - Generating present weather using SATELITE data
2023-12-22 22:59:13,698 - root - INFO - Total elapsed time: 0:06:10.616346
