2023-11-06 08:20:03,179 - root - INFO - Initiating present weather
2023-11-06 08:20:03,184 - urllib3.connectionpool - DEBUG - Starting new HTTPS connection (1): radar.bmkg.go.id:8060
2023-11-06 08:20:08,257 - urllib3.connectionpool - DEBUG - https://radar.bmkg.go.id:8060 "GET /getRadarGeotif?token=19387e71e78522ae4172ec0fda640983b8438c9cfa0ca571623cb69d8327&radar=amandemenForecast&type=latest HTTP/1.1" 200 90
2023-11-06 08:20:08,260 - rasterio.env - DEBUG - Entering env context: <rasterio.env.Env object at 0x7fae4d02df10>
2023-11-06 08:20:08,261 - rasterio.env - DEBUG - Starting outermost env
2023-11-06 08:20:08,261 - rasterio.env - DEBUG - No GDAL environment exists
2023-11-06 08:20:08,261 - rasterio.env - DEBUG - New GDAL environment <rasterio._env.GDALEnv object at 0x7fadf17f1150> created
2023-11-06 08:20:08,266 - rasterio._filepath - DEBUG - Installing FilePath filesystem handler plugin...
2023-11-06 08:20:08,266 - rasterio._env - DEBUG - GDAL data found in package: path='/home/swx/miniconda3/envs/present_weather/lib/python3.12/site-packages/rasterio/gdal_data'.
2023-11-06 08:20:08,266 - rasterio._env - DEBUG - PROJ_LIB found in environment.
2023-11-06 08:20:08,266 - rasterio._env - DEBUG - Started GDALEnv: self=<rasterio._env.GDALEnv object at 0x7fadf17f1150>.
2023-11-06 08:20:08,266 - rasterio.env - DEBUG - Entered env context: <rasterio.env.Env object at 0x7fae4d02df10>
2023-11-06 08:20:08,266 - rasterio._base - DEBUG - Sharing flag: 0
2023-11-06 08:20:08,442 - rasterio._base - DEBUG - Nodata success: 1, Nodata value: nan
2023-11-06 08:20:08,442 - rasterio._base - DEBUG - Dataset <open DatasetReader name='https://radar.bmkg.go.id/raster/radarsatelit_202311060800.tif' mode='r'> is started.
2023-11-06 08:20:08,443 - rasterio.env - DEBUG - Exiting env context: <rasterio.env.Env object at 0x7fae4d02df10>
2023-11-06 08:20:08,443 - rasterio.env - DEBUG - Cleared existing <rasterio._env.GDALEnv object at 0x7fadf17f1150> options
2023-11-06 08:20:08,443 - rasterio._env - DEBUG - Stopped GDALEnv <rasterio._env.GDALEnv object at 0x7fadf17f1150>.
2023-11-06 08:20:08,443 - rasterio.env - DEBUG - Exiting outermost env
2023-11-06 08:20:08,443 - rasterio.env - DEBUG - Exited env context: <rasterio.env.Env object at 0x7fae4d02df10>
2023-11-06 08:20:08,443 - rasterio.env - DEBUG - Entering env context: <rasterio.env.Env object at 0x7fae343ffc20>
2023-11-06 08:20:08,443 - rasterio.env - DEBUG - Starting outermost env
2023-11-06 08:20:08,444 - rasterio.env - DEBUG - No GDAL environment exists
2023-11-06 08:20:08,444 - rasterio.env - DEBUG - New GDAL environment <rasterio._env.GDALEnv object at 0x7fadf17f1150> created
2023-11-06 08:20:08,444 - rasterio._env - DEBUG - GDAL data found in package: path='/home/swx/miniconda3/envs/present_weather/lib/python3.12/site-packages/rasterio/gdal_data'.
2023-11-06 08:20:08,444 - rasterio._env - DEBUG - PROJ_LIB found in environment.
2023-11-06 08:20:08,445 - rasterio._env - DEBUG - Started GDALEnv: self=<rasterio._env.GDALEnv object at 0x7fadf17f1150>.
2023-11-06 08:20:08,445 - rasterio.env - DEBUG - Entered env context: <rasterio.env.Env object at 0x7fae343ffc20>
2023-11-06 08:20:08,446 - rasterio.env - DEBUG - Got a copy of environment <rasterio._env.GDALEnv object at 0x7fadf17f1150> options
2023-11-06 08:20:08,446 - rasterio.env - DEBUG - Entering env context: <rasterio.env.Env object at 0x7fadea12e690>
2023-11-06 08:20:08,446 - rasterio.env - DEBUG - Got a copy of environment <rasterio._env.GDALEnv object at 0x7fadf17f1150> options
2023-11-06 08:20:08,446 - rasterio.env - DEBUG - Entered env context: <rasterio.env.Env object at 0x7fadea12e690>
2023-11-06 08:20:08,446 - rasterio._base - DEBUG - Sharing flag: 0
2023-11-06 08:20:08,447 - rasterio._base - DEBUG - Nodata success: 1, Nodata value: nan
2023-11-06 08:20:08,447 - rasterio._base - DEBUG - Dataset <open DatasetReader name='https://radar.bmkg.go.id/raster/radarsatelit_202311060800.tif' mode='r'> is started.
2023-11-06 08:20:08,448 - rasterio.env - DEBUG - Exiting env context: <rasterio.env.Env object at 0x7fadea12e690>
2023-11-06 08:20:08,448 - rasterio.env - DEBUG - Cleared existing <rasterio._env.GDALEnv object at 0x7fadf17f1150> options
2023-11-06 08:20:08,448 - rasterio._env - DEBUG - Stopped GDALEnv <rasterio._env.GDALEnv object at 0x7fadf17f1150>.
2023-11-06 08:20:08,448 - rasterio.env - DEBUG - No GDAL environment exists
2023-11-06 08:20:08,448 - rasterio.env - DEBUG - New GDAL environment <rasterio._env.GDALEnv object at 0x7fadf17f1150> created
2023-11-06 08:20:08,448 - rasterio._env - DEBUG - GDAL data found in package: path='/home/swx/miniconda3/envs/present_weather/lib/python3.12/site-packages/rasterio/gdal_data'.
2023-11-06 08:20:08,449 - rasterio._env - DEBUG - PROJ_LIB found in environment.
2023-11-06 08:20:08,449 - rasterio._env - DEBUG - Started GDALEnv: self=<rasterio._env.GDALEnv object at 0x7fadf17f1150>.
2023-11-06 08:20:08,449 - rasterio.env - DEBUG - Exited env context: <rasterio.env.Env object at 0x7fadea12e690>
2023-11-06 08:20:08,480 - rasterio._io - DEBUG - Output nodata value read from file: nan
2023-11-06 08:20:08,481 - rasterio._io - DEBUG - Output nodata values: [nan]
2023-11-06 08:20:08,481 - rasterio._io - DEBUG - all_valid: False
2023-11-06 08:20:08,481 - rasterio._io - DEBUG - mask_flags: ([<MaskFlags.nodata: 8>],)
2023-11-06 08:20:08,482 - rasterio._io - DEBUG - Jump straight to _read()
2023-11-06 08:20:08,482 - rasterio._io - DEBUG - Window: Window(col_off=0, row_off=0, width=10215, height=3792)
2023-11-06 08:20:08,482 - rasterio._io - DEBUG - IO window xoff=0.0 yoff=0.0 width=10215.0 height=3792.0
2023-11-06 08:20:09,314 - rasterio.env - DEBUG - Exiting env context: <rasterio.env.Env object at 0x7fae343ffc20>
2023-11-06 08:20:09,314 - rasterio.env - DEBUG - Cleared existing <rasterio._env.GDALEnv object at 0x7fadf17f1150> options
2023-11-06 08:20:09,314 - rasterio._env - DEBUG - Stopped GDALEnv <rasterio._env.GDALEnv object at 0x7fadf17f1150>.
2023-11-06 08:20:09,314 - rasterio.env - DEBUG - Exiting outermost env
2023-11-06 08:20:09,314 - rasterio.env - DEBUG - Exited env context: <rasterio.env.Env object at 0x7fae343ffc20>
2023-11-06 08:20:09,317 - urllib3.connectionpool - DEBUG - Starting new HTTPS connection (1): radar.bmkg.go.id:8060
2023-11-06 08:20:19,331 - asyncio - DEBUG - Using selector: EpollSelector
2023-11-06 08:20:26,129 - root - INFO - dask.bag<lambda, npartitions=34>
2023-11-06 08:20:29,753 - root - INFO - Total elapsed time: 0:00:26.574640
