2023-12-05 12:33:02,203 - root - INFO - Initiating present weather
2023-12-05 12:33:02,205 - asyncio - DEBUG - Using selector: EpollSelector
2023-12-05 12:33:03,712 - urllib3.connectionpool - DEBUG - Starting new HTTPS connection (1): radar.bmkg.go.id:8060
2023-12-05 12:33:03,725 - urllib3.connectionpool - DEBUG - https://radar.bmkg.go.id:8060 "GET /getLatestLD?typeData=1 HTTP/1.1" 200 62
2023-12-05 12:33:03,727 - urllib3.connectionpool - DEBUG - Starting new HTTPS connection (1): radar.bmkg.go.id:8060
2023-12-05 12:33:03,746 - urllib3.connectionpool - DEBUG - https://radar.bmkg.go.id:8060 "GET /getRadarGeotif?token=19387e71e78522ae4172ec0fda640983b8438c9cfa0ca571623cb69d8327&radar=amandemenForecast&type=latest HTTP/1.1" 200 90
2023-12-05 12:33:03,748 - rasterio.env - DEBUG - Entering env context: <rasterio.env.Env object at 0x7f7d4ec2ac50>
2023-12-05 12:33:03,748 - rasterio.env - DEBUG - Starting outermost env
2023-12-05 12:33:03,748 - rasterio.env - DEBUG - No GDAL environment exists
2023-12-05 12:33:03,748 - rasterio.env - DEBUG - New GDAL environment <rasterio._env.GDALEnv object at 0x7f7d4ec2acb0> created
2023-12-05 12:33:03,751 - rasterio._filepath - DEBUG - Installing FilePath filesystem handler plugin...
2023-12-05 12:33:03,751 - rasterio._env - DEBUG - GDAL data found in package: path='/home/metpublic/PYTHON_VENV/present_weather/lib/python3.10/site-packages/rasterio/gdal_data'.
2023-12-05 12:33:03,751 - rasterio._env - DEBUG - PROJ data found in package: path='/home/metpublic/PYTHON_VENV/present_weather/lib/python3.10/site-packages/rasterio/proj_data'.
2023-12-05 12:33:03,751 - rasterio._env - DEBUG - Started GDALEnv: self=<rasterio._env.GDALEnv object at 0x7f7d4ec2acb0>.
2023-12-05 12:33:03,751 - rasterio.env - DEBUG - Entered env context: <rasterio.env.Env object at 0x7f7d4ec2ac50>
2023-12-05 12:33:03,751 - rasterio._base - DEBUG - Sharing flag: 0
2023-12-05 12:33:03,979 - rasterio._base - DEBUG - Nodata success: 1, Nodata value: nan
2023-12-05 12:33:03,980 - rasterio._base - DEBUG - Dataset <open DatasetReader name='https://radar.bmkg.go.id/raster/radarsatelit_202312051230.tif' mode='r'> is started.
2023-12-05 12:33:03,980 - rasterio.env - DEBUG - Exiting env context: <rasterio.env.Env object at 0x7f7d4ec2ac50>
2023-12-05 12:33:03,980 - rasterio.env - DEBUG - Cleared existing <rasterio._env.GDALEnv object at 0x7f7d4ec2acb0> options
2023-12-05 12:33:03,980 - rasterio._env - DEBUG - Stopped GDALEnv <rasterio._env.GDALEnv object at 0x7f7d4ec2acb0>.
2023-12-05 12:33:03,980 - rasterio.env - DEBUG - Exiting outermost env
2023-12-05 12:33:03,980 - rasterio.env - DEBUG - Exited env context: <rasterio.env.Env object at 0x7f7d4ec2ac50>
2023-12-05 12:33:03,981 - rasterio.env - DEBUG - Entering env context: <rasterio.env.Env object at 0x7f7d4e2b4a90>
2023-12-05 12:33:03,981 - rasterio.env - DEBUG - Starting outermost env
2023-12-05 12:33:03,981 - rasterio.env - DEBUG - No GDAL environment exists
2023-12-05 12:33:03,981 - rasterio.env - DEBUG - New GDAL environment <rasterio._env.GDALEnv object at 0x7f7d4ec2acb0> created
2023-12-05 12:33:03,981 - rasterio._env - DEBUG - GDAL data found in package: path='/home/metpublic/PYTHON_VENV/present_weather/lib/python3.10/site-packages/rasterio/gdal_data'.
2023-12-05 12:33:03,981 - rasterio._env - DEBUG - PROJ data found in package: path='/home/metpublic/PYTHON_VENV/present_weather/lib/python3.10/site-packages/rasterio/proj_data'.
2023-12-05 12:33:03,981 - rasterio._env - DEBUG - Started GDALEnv: self=<rasterio._env.GDALEnv object at 0x7f7d4ec2acb0>.
2023-12-05 12:33:03,981 - rasterio.env - DEBUG - Entered env context: <rasterio.env.Env object at 0x7f7d4e2b4a90>
2023-12-05 12:33:03,982 - rasterio.env - DEBUG - Got a copy of environment <rasterio._env.GDALEnv object at 0x7f7d4ec2acb0> options
2023-12-05 12:33:03,982 - rasterio.env - DEBUG - Entering env context: <rasterio.env.Env object at 0x7f7d4c1b6200>
2023-12-05 12:33:03,982 - rasterio.env - DEBUG - Got a copy of environment <rasterio._env.GDALEnv object at 0x7f7d4ec2acb0> options
2023-12-05 12:33:03,982 - rasterio.env - DEBUG - Entered env context: <rasterio.env.Env object at 0x7f7d4c1b6200>
2023-12-05 12:33:03,982 - rasterio._base - DEBUG - Sharing flag: 0
2023-12-05 12:33:03,983 - rasterio._base - DEBUG - Nodata success: 1, Nodata value: nan
2023-12-05 12:33:03,983 - rasterio._base - DEBUG - Dataset <open DatasetReader name='https://radar.bmkg.go.id/raster/radarsatelit_202312051230.tif' mode='r'> is started.
2023-12-05 12:33:03,983 - rasterio.env - DEBUG - Exiting env context: <rasterio.env.Env object at 0x7f7d4c1b6200>
2023-12-05 12:33:03,983 - rasterio.env - DEBUG - Cleared existing <rasterio._env.GDALEnv object at 0x7f7d4ec2acb0> options
2023-12-05 12:33:03,983 - rasterio._env - DEBUG - Stopped GDALEnv <rasterio._env.GDALEnv object at 0x7f7d4ec2acb0>.
2023-12-05 12:33:03,983 - rasterio.env - DEBUG - No GDAL environment exists
2023-12-05 12:33:03,983 - rasterio.env - DEBUG - New GDAL environment <rasterio._env.GDALEnv object at 0x7f7d4ec2acb0> created
2023-12-05 12:33:03,984 - rasterio._env - DEBUG - GDAL data found in package: path='/home/metpublic/PYTHON_VENV/present_weather/lib/python3.10/site-packages/rasterio/gdal_data'.
2023-12-05 12:33:03,984 - rasterio._env - DEBUG - PROJ data found in package: path='/home/metpublic/PYTHON_VENV/present_weather/lib/python3.10/site-packages/rasterio/proj_data'.
2023-12-05 12:33:03,984 - rasterio._env - DEBUG - Started GDALEnv: self=<rasterio._env.GDALEnv object at 0x7f7d4ec2acb0>.
2023-12-05 12:33:03,984 - rasterio.env - DEBUG - Exited env context: <rasterio.env.Env object at 0x7f7d4c1b6200>
2023-12-05 12:33:04,005 - rasterio._io - DEBUG - Output nodata value read from file: nan
2023-12-05 12:33:04,006 - rasterio._io - DEBUG - Output nodata values: [nan]
2023-12-05 12:33:04,006 - rasterio._io - DEBUG - all_valid: False
2023-12-05 12:33:04,006 - rasterio._io - DEBUG - mask_flags: ([<MaskFlags.nodata: 8>],)
2023-12-05 12:33:04,007 - rasterio._io - DEBUG - Jump straight to _read()
2023-12-05 12:33:04,007 - rasterio._io - DEBUG - Window: Window(col_off=0, row_off=0, width=10177, height=3732)
2023-12-05 12:33:04,007 - rasterio._io - DEBUG - IO window xoff=0.0 yoff=0.0 width=10177.0 height=3732.0
2023-12-05 12:33:04,569 - rasterio.env - DEBUG - Exiting env context: <rasterio.env.Env object at 0x7f7d4e2b4a90>
2023-12-05 12:33:04,569 - rasterio.env - DEBUG - Cleared existing <rasterio._env.GDALEnv object at 0x7f7d4ec2acb0> options
2023-12-05 12:33:04,569 - rasterio._env - DEBUG - Stopped GDALEnv <rasterio._env.GDALEnv object at 0x7f7d4ec2acb0>.
2023-12-05 12:33:04,569 - rasterio.env - DEBUG - Exiting outermost env
2023-12-05 12:33:04,569 - rasterio.env - DEBUG - Exited env context: <rasterio.env.Env object at 0x7f7d4e2b4a90>
2023-12-05 12:37:49,554 - rasterio.env - DEBUG - Entering env context: <rasterio.env.Env object at 0x7f7d4c241450>
2023-12-05 12:37:49,554 - rasterio.env - DEBUG - Starting outermost env
2023-12-05 12:37:49,554 - rasterio.env - DEBUG - No GDAL environment exists
2023-12-05 12:37:49,554 - rasterio.env - DEBUG - New GDAL environment <rasterio._env.GDALEnv object at 0x7f7d4c243610> created
2023-12-05 12:37:49,555 - rasterio._env - DEBUG - GDAL data found in package: path='/home/metpublic/PYTHON_VENV/present_weather/lib/python3.10/site-packages/rasterio/gdal_data'.
2023-12-05 12:37:49,555 - rasterio._env - DEBUG - PROJ data found in package: path='/home/metpublic/PYTHON_VENV/present_weather/lib/python3.10/site-packages/rasterio/proj_data'.
2023-12-05 12:37:49,555 - rasterio._env - DEBUG - Started GDALEnv: self=<rasterio._env.GDALEnv object at 0x7f7d4c243610>.
2023-12-05 12:37:49,555 - rasterio.env - DEBUG - Entered env context: <rasterio.env.Env object at 0x7f7d4c241450>
2023-12-05 12:37:49,556 - rasterio._base - DEBUG - Sharing flag: 0
2023-12-05 12:37:49,558 - rasterio._base - DEBUG - Nodata success: 0, Nodata value: 0.000000
2023-12-05 12:37:49,559 - rasterio._base - DEBUG - Dataset <open DatasetReader name='/home/metpublic/TASK_RELEASE/EFAN/present_weather/src/H09_B13_Indonesia_20231205.Z1220.cor.tiff' mode='r'> is started.
2023-12-05 12:37:49,559 - rasterio.env - DEBUG - Exiting env context: <rasterio.env.Env object at 0x7f7d4c241450>
2023-12-05 12:37:49,559 - rasterio.env - DEBUG - Cleared existing <rasterio._env.GDALEnv object at 0x7f7d4c243610> options
2023-12-05 12:37:49,559 - rasterio._env - DEBUG - Stopped GDALEnv <rasterio._env.GDALEnv object at 0x7f7d4c243610>.
2023-12-05 12:37:49,559 - rasterio.env - DEBUG - Exiting outermost env
2023-12-05 12:37:49,559 - rasterio.env - DEBUG - Exited env context: <rasterio.env.Env object at 0x7f7d4c241450>
2023-12-05 12:37:49,560 - rasterio.env - DEBUG - Entering env context: <rasterio.env.Env object at 0x7f7d4c241ff0>
2023-12-05 12:37:49,560 - rasterio.env - DEBUG - Starting outermost env
2023-12-05 12:37:49,560 - rasterio.env - DEBUG - No GDAL environment exists
2023-12-05 12:37:49,560 - rasterio.env - DEBUG - New GDAL environment <rasterio._env.GDALEnv object at 0x7f7d4c241f60> created
2023-12-05 12:37:49,561 - rasterio._env - DEBUG - GDAL data found in package: path='/home/metpublic/PYTHON_VENV/present_weather/lib/python3.10/site-packages/rasterio/gdal_data'.
2023-12-05 12:37:49,561 - rasterio._env - DEBUG - PROJ data found in package: path='/home/metpublic/PYTHON_VENV/present_weather/lib/python3.10/site-packages/rasterio/proj_data'.
2023-12-05 12:37:49,561 - rasterio._env - DEBUG - Started GDALEnv: self=<rasterio._env.GDALEnv object at 0x7f7d4c241f60>.
2023-12-05 12:37:49,561 - rasterio.env - DEBUG - Entered env context: <rasterio.env.Env object at 0x7f7d4c241ff0>
2023-12-05 12:37:49,561 - rasterio._base - DEBUG - Sharing flag: 0
2023-12-05 12:37:49,562 - rasterio._base - DEBUG - Nodata success: 0, Nodata value: 0.000000
2023-12-05 12:37:49,562 - rasterio._base - DEBUG - Dataset <open DatasetReader name='/home/metpublic/TASK_RELEASE/EFAN/present_weather/src/H09_B13_Indonesia_20231205.Z1220.cor.tiff' mode='r'> is started.
2023-12-05 12:37:49,562 - rasterio.env - DEBUG - Exiting env context: <rasterio.env.Env object at 0x7f7d4c241ff0>
2023-12-05 12:37:49,562 - rasterio.env - DEBUG - Cleared existing <rasterio._env.GDALEnv object at 0x7f7d4c241f60> options
2023-12-05 12:37:49,562 - rasterio._env - DEBUG - Stopped GDALEnv <rasterio._env.GDALEnv object at 0x7f7d4c241f60>.
2023-12-05 12:37:49,562 - rasterio.env - DEBUG - Exiting outermost env
2023-12-05 12:37:49,562 - rasterio.env - DEBUG - Exited env context: <rasterio.env.Env object at 0x7f7d4c241ff0>
2023-12-05 12:37:49,575 - root - INFO - Generating present weather using SATELITE data
2023-12-05 12:39:42,491 - root - INFO - Total elapsed time: 0:06:40.288216
