2023-11-28 01:53:02,751 - root - INFO - Initiating present weather
2023-11-28 01:53:02,753 - asyncio - DEBUG - Using selector: EpollSelector
2023-11-28 01:53:04,296 - urllib3.connectionpool - DEBUG - Starting new HTTPS connection (1): radar.bmkg.go.id:8060
2023-11-28 01:53:04,320 - urllib3.connectionpool - DEBUG - https://radar.bmkg.go.id:8060 "GET /getRadarGeotif?token=19387e71e78522ae4172ec0fda640983b8438c9cfa0ca571623cb69d8327&radar=amandemenForecast&type=latest HTTP/1.1" 200 90
2023-11-28 01:53:04,322 - rasterio.env - DEBUG - Entering env context: <rasterio.env.Env object at 0x7ff618dca1a0>
2023-11-28 01:53:04,322 - rasterio.env - DEBUG - Starting outermost env
2023-11-28 01:53:04,322 - rasterio.env - DEBUG - No GDAL environment exists
2023-11-28 01:53:04,322 - rasterio.env - DEBUG - New GDAL environment <rasterio._env.GDALEnv object at 0x7ff618dca980> created
2023-11-28 01:53:04,325 - rasterio._filepath - DEBUG - Installing FilePath filesystem handler plugin...
2023-11-28 01:53:04,326 - rasterio._env - DEBUG - GDAL data found in package: path='/home/metpublic/PYTHON_VENV/present_weather/lib/python3.10/site-packages/rasterio/gdal_data'.
2023-11-28 01:53:04,326 - rasterio._env - DEBUG - PROJ data found in package: path='/home/metpublic/PYTHON_VENV/present_weather/lib/python3.10/site-packages/rasterio/proj_data'.
2023-11-28 01:53:04,326 - rasterio._env - DEBUG - Started GDALEnv: self=<rasterio._env.GDALEnv object at 0x7ff618dca980>.
2023-11-28 01:53:04,326 - rasterio.env - DEBUG - Entered env context: <rasterio.env.Env object at 0x7ff618dca1a0>
2023-11-28 01:53:04,326 - rasterio._base - DEBUG - Sharing flag: 0
2023-11-28 01:53:04,511 - rasterio._base - DEBUG - Nodata success: 1, Nodata value: nan
2023-11-28 01:53:04,511 - rasterio._base - DEBUG - Dataset <open DatasetReader name='https://radar.bmkg.go.id/raster/radarsatelit_202311280150.tif' mode='r'> is started.
2023-11-28 01:53:04,511 - rasterio.env - DEBUG - Exiting env context: <rasterio.env.Env object at 0x7ff618dca1a0>
2023-11-28 01:53:04,511 - rasterio.env - DEBUG - Cleared existing <rasterio._env.GDALEnv object at 0x7ff618dca980> options
2023-11-28 01:53:04,512 - rasterio._env - DEBUG - Stopped GDALEnv <rasterio._env.GDALEnv object at 0x7ff618dca980>.
2023-11-28 01:53:04,512 - rasterio.env - DEBUG - Exiting outermost env
2023-11-28 01:53:04,512 - rasterio.env - DEBUG - Exited env context: <rasterio.env.Env object at 0x7ff618dca1a0>
2023-11-28 01:53:04,512 - rasterio.env - DEBUG - Entering env context: <rasterio.env.Env object at 0x7ff618d4b670>
2023-11-28 01:53:04,512 - rasterio.env - DEBUG - Starting outermost env
2023-11-28 01:53:04,512 - rasterio.env - DEBUG - No GDAL environment exists
2023-11-28 01:53:04,512 - rasterio.env - DEBUG - New GDAL environment <rasterio._env.GDALEnv object at 0x7ff6184435b0> created
2023-11-28 01:53:04,513 - rasterio._env - DEBUG - GDAL data found in package: path='/home/metpublic/PYTHON_VENV/present_weather/lib/python3.10/site-packages/rasterio/gdal_data'.
2023-11-28 01:53:04,513 - rasterio._env - DEBUG - PROJ data found in package: path='/home/metpublic/PYTHON_VENV/present_weather/lib/python3.10/site-packages/rasterio/proj_data'.
2023-11-28 01:53:04,513 - rasterio._env - DEBUG - Started GDALEnv: self=<rasterio._env.GDALEnv object at 0x7ff6184435b0>.
2023-11-28 01:53:04,513 - rasterio.env - DEBUG - Entered env context: <rasterio.env.Env object at 0x7ff618d4b670>
2023-11-28 01:53:04,513 - rasterio.env - DEBUG - Got a copy of environment <rasterio._env.GDALEnv object at 0x7ff6184435b0> options
2023-11-28 01:53:04,513 - rasterio.env - DEBUG - Entering env context: <rasterio.env.Env object at 0x7ff61848ce20>
2023-11-28 01:53:04,514 - rasterio.env - DEBUG - Got a copy of environment <rasterio._env.GDALEnv object at 0x7ff6184435b0> options
2023-11-28 01:53:04,514 - rasterio.env - DEBUG - Entered env context: <rasterio.env.Env object at 0x7ff61848ce20>
2023-11-28 01:53:04,514 - rasterio._base - DEBUG - Sharing flag: 0
2023-11-28 01:53:04,514 - rasterio._base - DEBUG - Nodata success: 1, Nodata value: nan
2023-11-28 01:53:04,515 - rasterio._base - DEBUG - Dataset <open DatasetReader name='https://radar.bmkg.go.id/raster/radarsatelit_202311280150.tif' mode='r'> is started.
2023-11-28 01:53:04,515 - rasterio.env - DEBUG - Exiting env context: <rasterio.env.Env object at 0x7ff61848ce20>
2023-11-28 01:53:04,515 - rasterio.env - DEBUG - Cleared existing <rasterio._env.GDALEnv object at 0x7ff6184435b0> options
2023-11-28 01:53:04,515 - rasterio._env - DEBUG - Stopped GDALEnv <rasterio._env.GDALEnv object at 0x7ff6184435b0>.
2023-11-28 01:53:04,515 - rasterio.env - DEBUG - No GDAL environment exists
2023-11-28 01:53:04,515 - rasterio.env - DEBUG - New GDAL environment <rasterio._env.GDALEnv object at 0x7ff6184435b0> created
2023-11-28 01:53:04,515 - rasterio._env - DEBUG - GDAL data found in package: path='/home/metpublic/PYTHON_VENV/present_weather/lib/python3.10/site-packages/rasterio/gdal_data'.
2023-11-28 01:53:04,515 - rasterio._env - DEBUG - PROJ data found in package: path='/home/metpublic/PYTHON_VENV/present_weather/lib/python3.10/site-packages/rasterio/proj_data'.
2023-11-28 01:53:04,516 - rasterio._env - DEBUG - Started GDALEnv: self=<rasterio._env.GDALEnv object at 0x7ff6184435b0>.
2023-11-28 01:53:04,516 - rasterio.env - DEBUG - Exited env context: <rasterio.env.Env object at 0x7ff61848ce20>
2023-11-28 01:53:04,531 - rasterio._io - DEBUG - Output nodata value read from file: nan
2023-11-28 01:53:04,531 - rasterio._io - DEBUG - Output nodata values: [nan]
2023-11-28 01:53:04,532 - rasterio._io - DEBUG - all_valid: False
2023-11-28 01:53:04,532 - rasterio._io - DEBUG - mask_flags: ([<MaskFlags.nodata: 8>],)
2023-11-28 01:53:04,532 - rasterio._io - DEBUG - Jump straight to _read()
2023-11-28 01:53:04,532 - rasterio._io - DEBUG - Window: Window(col_off=0, row_off=0, width=10215, height=3792)
2023-11-28 01:53:04,533 - rasterio._io - DEBUG - IO window xoff=0.0 yoff=0.0 width=10215.0 height=3792.0
2023-11-28 01:53:05,060 - rasterio.env - DEBUG - Exiting env context: <rasterio.env.Env object at 0x7ff618d4b670>
2023-11-28 01:53:05,061 - rasterio.env - DEBUG - Cleared existing <rasterio._env.GDALEnv object at 0x7ff6184435b0> options
2023-11-28 01:53:05,061 - rasterio._env - DEBUG - Stopped GDALEnv <rasterio._env.GDALEnv object at 0x7ff6184435b0>.
2023-11-28 01:53:05,061 - rasterio.env - DEBUG - Exiting outermost env
2023-11-28 01:53:05,061 - rasterio.env - DEBUG - Exited env context: <rasterio.env.Env object at 0x7ff618d4b670>
2023-11-28 01:53:05,062 - urllib3.connectionpool - DEBUG - Starting new HTTPS connection (1): radar.bmkg.go.id:8060
2023-11-28 01:53:05,076 - urllib3.connectionpool - DEBUG - https://radar.bmkg.go.id:8060 "GET /getLatestLD?typeData=1 HTTP/1.1" 200 62
2023-11-28 01:53:07,698 - rasterio.env - DEBUG - Entering env context: <rasterio.env.Env object at 0x7ff618dca980>
2023-11-28 01:53:07,698 - rasterio.env - DEBUG - Starting outermost env
2023-11-28 01:53:07,698 - rasterio.env - DEBUG - No GDAL environment exists
2023-11-28 01:53:07,698 - rasterio.env - DEBUG - New GDAL environment <rasterio._env.GDALEnv object at 0x7ff618dcad40> created
2023-11-28 01:53:07,699 - rasterio._env - DEBUG - GDAL data found in package: path='/home/metpublic/PYTHON_VENV/present_weather/lib/python3.10/site-packages/rasterio/gdal_data'.
2023-11-28 01:53:07,699 - rasterio._env - DEBUG - PROJ data found in package: path='/home/metpublic/PYTHON_VENV/present_weather/lib/python3.10/site-packages/rasterio/proj_data'.
2023-11-28 01:53:07,699 - rasterio._env - DEBUG - Started GDALEnv: self=<rasterio._env.GDALEnv object at 0x7ff618dcad40>.
2023-11-28 01:53:07,699 - rasterio.env - DEBUG - Entered env context: <rasterio.env.Env object at 0x7ff618dca980>
2023-11-28 01:53:07,699 - rasterio._base - DEBUG - Sharing flag: 0
2023-11-28 01:53:07,700 - rasterio._base - DEBUG - Nodata success: 0, Nodata value: 0.000000
2023-11-28 01:53:07,700 - rasterio._base - DEBUG - Dataset <open DatasetReader name='/home/metpublic/TASK_RELEASE/EFAN/present_weather/src/H09_B13_Indonesia_20231128.Z0140.cor.tiff' mode='r'> is started.
2023-11-28 01:53:07,700 - rasterio.env - DEBUG - Exiting env context: <rasterio.env.Env object at 0x7ff618dca980>
2023-11-28 01:53:07,700 - rasterio.env - DEBUG - Cleared existing <rasterio._env.GDALEnv object at 0x7ff618dcad40> options
2023-11-28 01:53:07,700 - rasterio._env - DEBUG - Stopped GDALEnv <rasterio._env.GDALEnv object at 0x7ff618dcad40>.
2023-11-28 01:53:07,700 - rasterio.env - DEBUG - Exiting outermost env
2023-11-28 01:53:07,700 - rasterio.env - DEBUG - Exited env context: <rasterio.env.Env object at 0x7ff618dca980>
2023-11-28 01:53:07,700 - rasterio.env - DEBUG - Entering env context: <rasterio.env.Env object at 0x7ff61848c8b0>
2023-11-28 01:53:07,700 - rasterio.env - DEBUG - Starting outermost env
2023-11-28 01:53:07,700 - rasterio.env - DEBUG - No GDAL environment exists
2023-11-28 01:53:07,700 - rasterio.env - DEBUG - New GDAL environment <rasterio._env.GDALEnv object at 0x7ff61848c760> created
2023-11-28 01:53:07,701 - rasterio._env - DEBUG - GDAL data found in package: path='/home/metpublic/PYTHON_VENV/present_weather/lib/python3.10/site-packages/rasterio/gdal_data'.
2023-11-28 01:53:07,701 - rasterio._env - DEBUG - PROJ data found in package: path='/home/metpublic/PYTHON_VENV/present_weather/lib/python3.10/site-packages/rasterio/proj_data'.
2023-11-28 01:53:07,701 - rasterio._env - DEBUG - Started GDALEnv: self=<rasterio._env.GDALEnv object at 0x7ff61848c760>.
2023-11-28 01:53:07,701 - rasterio.env - DEBUG - Entered env context: <rasterio.env.Env object at 0x7ff61848c8b0>
2023-11-28 01:53:07,701 - rasterio._base - DEBUG - Sharing flag: 0
2023-11-28 01:53:07,702 - rasterio._base - DEBUG - Nodata success: 0, Nodata value: 0.000000
2023-11-28 01:53:07,702 - rasterio._base - DEBUG - Dataset <open DatasetReader name='/home/metpublic/TASK_RELEASE/EFAN/present_weather/src/H09_B13_Indonesia_20231128.Z0140.cor.tiff' mode='r'> is started.
2023-11-28 01:53:07,702 - rasterio.env - DEBUG - Exiting env context: <rasterio.env.Env object at 0x7ff61848c8b0>
2023-11-28 01:53:07,702 - rasterio.env - DEBUG - Cleared existing <rasterio._env.GDALEnv object at 0x7ff61848c760> options
2023-11-28 01:53:07,702 - rasterio._env - DEBUG - Stopped GDALEnv <rasterio._env.GDALEnv object at 0x7ff61848c760>.
2023-11-28 01:53:07,702 - rasterio.env - DEBUG - Exiting outermost env
2023-11-28 01:53:07,702 - rasterio.env - DEBUG - Exited env context: <rasterio.env.Env object at 0x7ff61848c8b0>
2023-11-28 01:53:07,709 - root - INFO - Generating present weather using SATELITE data
2023-11-28 01:54:02,773 - root - INFO - Total elapsed time: 0:01:00.022366
