2023-12-05 16:23:02,136 - root - INFO - Initiating present weather
2023-12-05 16:23:02,138 - asyncio - DEBUG - Using selector: EpollSelector
2023-12-05 16:23:03,633 - urllib3.connectionpool - DEBUG - Starting new HTTPS connection (1): radar.bmkg.go.id:8060
2023-12-05 16:23:03,643 - urllib3.connectionpool - DEBUG - https://radar.bmkg.go.id:8060 "GET /getLatestLD?typeData=1 HTTP/1.1" 200 62
2023-12-05 16:23:03,645 - urllib3.connectionpool - DEBUG - Starting new HTTPS connection (1): radar.bmkg.go.id:8060
2023-12-05 16:23:03,662 - urllib3.connectionpool - DEBUG - https://radar.bmkg.go.id:8060 "GET /getRadarGeotif?token=19387e71e78522ae4172ec0fda640983b8438c9cfa0ca571623cb69d8327&radar=amandemenForecast&type=latest HTTP/1.1" 200 90
2023-12-05 16:23:03,663 - rasterio.env - DEBUG - Entering env context: <rasterio.env.Env object at 0x7f3f6691ab30>
2023-12-05 16:23:03,663 - rasterio.env - DEBUG - Starting outermost env
2023-12-05 16:23:03,663 - rasterio.env - DEBUG - No GDAL environment exists
2023-12-05 16:23:03,663 - rasterio.env - DEBUG - New GDAL environment <rasterio._env.GDALEnv object at 0x7f3f6691a980> created
2023-12-05 16:23:03,666 - rasterio._filepath - DEBUG - Installing FilePath filesystem handler plugin...
2023-12-05 16:23:03,666 - rasterio._env - DEBUG - GDAL data found in package: path='/home/metpublic/PYTHON_VENV/present_weather/lib/python3.10/site-packages/rasterio/gdal_data'.
2023-12-05 16:23:03,666 - rasterio._env - DEBUG - PROJ data found in package: path='/home/metpublic/PYTHON_VENV/present_weather/lib/python3.10/site-packages/rasterio/proj_data'.
2023-12-05 16:23:03,666 - rasterio._env - DEBUG - Started GDALEnv: self=<rasterio._env.GDALEnv object at 0x7f3f6691a980>.
2023-12-05 16:23:03,666 - rasterio.env - DEBUG - Entered env context: <rasterio.env.Env object at 0x7f3f6691ab30>
2023-12-05 16:23:03,666 - rasterio._base - DEBUG - Sharing flag: 0
2023-12-05 16:23:03,909 - rasterio._base - DEBUG - Nodata success: 1, Nodata value: nan
2023-12-05 16:23:03,909 - rasterio._base - DEBUG - Dataset <open DatasetReader name='https://radar.bmkg.go.id/raster/radarsatelit_202312051520.tif' mode='r'> is started.
2023-12-05 16:23:03,909 - rasterio.env - DEBUG - Exiting env context: <rasterio.env.Env object at 0x7f3f6691ab30>
2023-12-05 16:23:03,910 - rasterio.env - DEBUG - Cleared existing <rasterio._env.GDALEnv object at 0x7f3f6691a980> options
2023-12-05 16:23:03,910 - rasterio._env - DEBUG - Stopped GDALEnv <rasterio._env.GDALEnv object at 0x7f3f6691a980>.
2023-12-05 16:23:03,910 - rasterio.env - DEBUG - Exiting outermost env
2023-12-05 16:23:03,910 - rasterio.env - DEBUG - Exited env context: <rasterio.env.Env object at 0x7f3f6691ab30>
2023-12-05 16:23:03,910 - rasterio.env - DEBUG - Entering env context: <rasterio.env.Env object at 0x7f3f65fa4580>
2023-12-05 16:23:03,910 - rasterio.env - DEBUG - Starting outermost env
2023-12-05 16:23:03,910 - rasterio.env - DEBUG - No GDAL environment exists
2023-12-05 16:23:03,910 - rasterio.env - DEBUG - New GDAL environment <rasterio._env.GDALEnv object at 0x7f3f6691a980> created
2023-12-05 16:23:03,910 - rasterio._env - DEBUG - GDAL data found in package: path='/home/metpublic/PYTHON_VENV/present_weather/lib/python3.10/site-packages/rasterio/gdal_data'.
2023-12-05 16:23:03,910 - rasterio._env - DEBUG - PROJ data found in package: path='/home/metpublic/PYTHON_VENV/present_weather/lib/python3.10/site-packages/rasterio/proj_data'.
2023-12-05 16:23:03,911 - rasterio._env - DEBUG - Started GDALEnv: self=<rasterio._env.GDALEnv object at 0x7f3f6691a980>.
2023-12-05 16:23:03,911 - rasterio.env - DEBUG - Entered env context: <rasterio.env.Env object at 0x7f3f65fa4580>
2023-12-05 16:23:03,911 - rasterio.env - DEBUG - Got a copy of environment <rasterio._env.GDALEnv object at 0x7f3f6691a980> options
2023-12-05 16:23:03,913 - rasterio.env - DEBUG - Entering env context: <rasterio.env.Env object at 0x7f3f65fe4820>
2023-12-05 16:23:03,913 - rasterio.env - DEBUG - Got a copy of environment <rasterio._env.GDALEnv object at 0x7f3f6691a980> options
2023-12-05 16:23:03,913 - rasterio.env - DEBUG - Entered env context: <rasterio.env.Env object at 0x7f3f65fe4820>
2023-12-05 16:23:03,913 - rasterio._base - DEBUG - Sharing flag: 0
2023-12-05 16:23:03,914 - rasterio._base - DEBUG - Nodata success: 1, Nodata value: nan
2023-12-05 16:23:03,914 - rasterio._base - DEBUG - Dataset <open DatasetReader name='https://radar.bmkg.go.id/raster/radarsatelit_202312051520.tif' mode='r'> is started.
2023-12-05 16:23:03,914 - rasterio.env - DEBUG - Exiting env context: <rasterio.env.Env object at 0x7f3f65fe4820>
2023-12-05 16:23:03,914 - rasterio.env - DEBUG - Cleared existing <rasterio._env.GDALEnv object at 0x7f3f6691a980> options
2023-12-05 16:23:03,914 - rasterio._env - DEBUG - Stopped GDALEnv <rasterio._env.GDALEnv object at 0x7f3f6691a980>.
2023-12-05 16:23:03,914 - rasterio.env - DEBUG - No GDAL environment exists
2023-12-05 16:23:03,914 - rasterio.env - DEBUG - New GDAL environment <rasterio._env.GDALEnv object at 0x7f3f6691a980> created
2023-12-05 16:23:03,915 - rasterio._env - DEBUG - GDAL data found in package: path='/home/metpublic/PYTHON_VENV/present_weather/lib/python3.10/site-packages/rasterio/gdal_data'.
2023-12-05 16:23:03,915 - rasterio._env - DEBUG - PROJ data found in package: path='/home/metpublic/PYTHON_VENV/present_weather/lib/python3.10/site-packages/rasterio/proj_data'.
2023-12-05 16:23:03,915 - rasterio._env - DEBUG - Started GDALEnv: self=<rasterio._env.GDALEnv object at 0x7f3f6691a980>.
2023-12-05 16:23:03,915 - rasterio.env - DEBUG - Exited env context: <rasterio.env.Env object at 0x7f3f65fe4820>
2023-12-05 16:23:03,931 - rasterio._io - DEBUG - Output nodata value read from file: nan
2023-12-05 16:23:03,931 - rasterio._io - DEBUG - Output nodata values: [nan]
2023-12-05 16:23:03,931 - rasterio._io - DEBUG - all_valid: False
2023-12-05 16:23:03,931 - rasterio._io - DEBUG - mask_flags: ([<MaskFlags.nodata: 8>],)
2023-12-05 16:23:03,932 - rasterio._io - DEBUG - Jump straight to _read()
2023-12-05 16:23:03,932 - rasterio._io - DEBUG - Window: Window(col_off=0, row_off=0, width=10177, height=3732)
2023-12-05 16:23:03,932 - rasterio._io - DEBUG - IO window xoff=0.0 yoff=0.0 width=10177.0 height=3732.0
2023-12-05 16:23:04,472 - rasterio.env - DEBUG - Exiting env context: <rasterio.env.Env object at 0x7f3f65fa4580>
2023-12-05 16:23:04,472 - rasterio.env - DEBUG - Cleared existing <rasterio._env.GDALEnv object at 0x7f3f6691a980> options
2023-12-05 16:23:04,472 - rasterio._env - DEBUG - Stopped GDALEnv <rasterio._env.GDALEnv object at 0x7f3f6691a980>.
2023-12-05 16:23:04,472 - rasterio.env - DEBUG - Exiting outermost env
2023-12-05 16:23:04,472 - rasterio.env - DEBUG - Exited env context: <rasterio.env.Env object at 0x7f3f65fa4580>
2023-12-05 16:26:56,364 - rasterio.env - DEBUG - Entering env context: <rasterio.env.Env object at 0x7f3f644d30a0>
2023-12-05 16:26:56,364 - rasterio.env - DEBUG - Starting outermost env
2023-12-05 16:26:56,364 - rasterio.env - DEBUG - No GDAL environment exists
2023-12-05 16:26:56,365 - rasterio.env - DEBUG - New GDAL environment <rasterio._env.GDALEnv object at 0x7f3f644d0ac0> created
2023-12-05 16:26:56,365 - rasterio._env - DEBUG - GDAL data found in package: path='/home/metpublic/PYTHON_VENV/present_weather/lib/python3.10/site-packages/rasterio/gdal_data'.
2023-12-05 16:26:56,366 - rasterio._env - DEBUG - PROJ data found in package: path='/home/metpublic/PYTHON_VENV/present_weather/lib/python3.10/site-packages/rasterio/proj_data'.
2023-12-05 16:26:56,366 - rasterio._env - DEBUG - Started GDALEnv: self=<rasterio._env.GDALEnv object at 0x7f3f644d0ac0>.
2023-12-05 16:26:56,366 - rasterio.env - DEBUG - Entered env context: <rasterio.env.Env object at 0x7f3f644d30a0>
2023-12-05 16:26:56,366 - rasterio._base - DEBUG - Sharing flag: 0
2023-12-05 16:26:56,367 - rasterio._base - DEBUG - Nodata success: 0, Nodata value: 0.000000
2023-12-05 16:26:56,367 - rasterio._base - DEBUG - Dataset <open DatasetReader name='/home/metpublic/TASK_RELEASE/EFAN/present_weather/src/H09_B13_Indonesia_20231205.Z1500.cor.tiff' mode='r'> is started.
2023-12-05 16:26:56,367 - rasterio.env - DEBUG - Exiting env context: <rasterio.env.Env object at 0x7f3f644d30a0>
2023-12-05 16:26:56,367 - rasterio.env - DEBUG - Cleared existing <rasterio._env.GDALEnv object at 0x7f3f644d0ac0> options
2023-12-05 16:26:56,367 - rasterio._env - DEBUG - Stopped GDALEnv <rasterio._env.GDALEnv object at 0x7f3f644d0ac0>.
2023-12-05 16:26:56,367 - rasterio.env - DEBUG - Exiting outermost env
2023-12-05 16:26:56,367 - rasterio.env - DEBUG - Exited env context: <rasterio.env.Env object at 0x7f3f644d30a0>
2023-12-05 16:26:56,368 - rasterio.env - DEBUG - Entering env context: <rasterio.env.Env object at 0x7f3f644d1a20>
2023-12-05 16:26:56,368 - rasterio.env - DEBUG - Starting outermost env
2023-12-05 16:26:56,368 - rasterio.env - DEBUG - No GDAL environment exists
2023-12-05 16:26:56,368 - rasterio.env - DEBUG - New GDAL environment <rasterio._env.GDALEnv object at 0x7f3f644d1420> created
2023-12-05 16:26:56,368 - rasterio._env - DEBUG - GDAL data found in package: path='/home/metpublic/PYTHON_VENV/present_weather/lib/python3.10/site-packages/rasterio/gdal_data'.
2023-12-05 16:26:56,368 - rasterio._env - DEBUG - PROJ data found in package: path='/home/metpublic/PYTHON_VENV/present_weather/lib/python3.10/site-packages/rasterio/proj_data'.
2023-12-05 16:26:56,368 - rasterio._env - DEBUG - Started GDALEnv: self=<rasterio._env.GDALEnv object at 0x7f3f644d1420>.
2023-12-05 16:26:56,368 - rasterio.env - DEBUG - Entered env context: <rasterio.env.Env object at 0x7f3f644d1a20>
2023-12-05 16:26:56,369 - rasterio._base - DEBUG - Sharing flag: 0
2023-12-05 16:26:56,369 - rasterio._base - DEBUG - Nodata success: 0, Nodata value: 0.000000
2023-12-05 16:26:56,369 - rasterio._base - DEBUG - Dataset <open DatasetReader name='/home/metpublic/TASK_RELEASE/EFAN/present_weather/src/H09_B13_Indonesia_20231205.Z1500.cor.tiff' mode='r'> is started.
2023-12-05 16:26:56,369 - rasterio.env - DEBUG - Exiting env context: <rasterio.env.Env object at 0x7f3f644d1a20>
2023-12-05 16:26:56,369 - rasterio.env - DEBUG - Cleared existing <rasterio._env.GDALEnv object at 0x7f3f644d1420> options
2023-12-05 16:26:56,370 - rasterio._env - DEBUG - Stopped GDALEnv <rasterio._env.GDALEnv object at 0x7f3f644d1420>.
2023-12-05 16:26:56,370 - rasterio.env - DEBUG - Exiting outermost env
2023-12-05 16:26:56,370 - rasterio.env - DEBUG - Exited env context: <rasterio.env.Env object at 0x7f3f644d1a20>
2023-12-05 16:26:56,379 - root - INFO - Generating present weather using SATELITE data
2023-12-05 16:28:44,207 - root - INFO - Total elapsed time: 0:05:42.071394
