2023-12-22 18:23:02,318 - root - INFO - Initiating present weather
2023-12-22 18:23:02,321 - asyncio - DEBUG - Using selector: EpollSelector
2023-12-22 18:23:03,943 - urllib3.connectionpool - DEBUG - Starting new HTTPS connection (1): radar.bmkg.go.id:8060
2023-12-22 18:23:03,956 - urllib3.connectionpool - DEBUG - https://radar.bmkg.go.id:8060 "GET /getLatestLD?typeData=1 HTTP/1.1" 200 62
2023-12-22 18:23:03,959 - urllib3.connectionpool - DEBUG - Starting new HTTPS connection (1): radar.bmkg.go.id:8060
2023-12-22 18:23:03,979 - urllib3.connectionpool - DEBUG - https://radar.bmkg.go.id:8060 "GET /getRadarGeotif?token=19387e71e78522ae4172ec0fda640983b8438c9cfa0ca571623cb69d8327&radar=amandemenForecast&type=latest HTTP/1.1" 200 90
2023-12-22 18:23:03,980 - rasterio.env - DEBUG - Entering env context: <rasterio.env.Env object at 0x7fa810ef7c40>
2023-12-22 18:23:03,980 - rasterio.env - DEBUG - Starting outermost env
2023-12-22 18:23:03,980 - rasterio.env - DEBUG - No GDAL environment exists
2023-12-22 18:23:03,981 - rasterio.env - DEBUG - New GDAL environment <rasterio._env.GDALEnv object at 0x7fa810ef7a90> created
2023-12-22 18:23:03,983 - rasterio._filepath - DEBUG - Installing FilePath filesystem handler plugin...
2023-12-22 18:23:03,983 - rasterio._env - DEBUG - GDAL data found in package: path='/home/metpublic/PYTHON_VENV/present_weather/lib/python3.10/site-packages/rasterio/gdal_data'.
2023-12-22 18:23:03,984 - rasterio._env - DEBUG - PROJ data found in package: path='/home/metpublic/PYTHON_VENV/present_weather/lib/python3.10/site-packages/rasterio/proj_data'.
2023-12-22 18:23:03,984 - rasterio._env - DEBUG - Started GDALEnv: self=<rasterio._env.GDALEnv object at 0x7fa810ef7a90>.
2023-12-22 18:23:03,984 - rasterio.env - DEBUG - Entered env context: <rasterio.env.Env object at 0x7fa810ef7c40>
2023-12-22 18:23:03,984 - rasterio._base - DEBUG - Sharing flag: 0
2023-12-22 18:23:04,325 - rasterio._base - DEBUG - Nodata success: 1, Nodata value: nan
2023-12-22 18:23:04,326 - rasterio._base - DEBUG - Dataset <open DatasetReader name='https://radar.bmkg.go.id/raster/radarsatelit_202312221750.tif' mode='r'> is started.
2023-12-22 18:23:04,326 - rasterio.env - DEBUG - Exiting env context: <rasterio.env.Env object at 0x7fa810ef7c40>
2023-12-22 18:23:04,326 - rasterio.env - DEBUG - Cleared existing <rasterio._env.GDALEnv object at 0x7fa810ef7a90> options
2023-12-22 18:23:04,327 - rasterio._env - DEBUG - Stopped GDALEnv <rasterio._env.GDALEnv object at 0x7fa810ef7a90>.
2023-12-22 18:23:04,327 - rasterio.env - DEBUG - Exiting outermost env
2023-12-22 18:23:04,327 - rasterio.env - DEBUG - Exited env context: <rasterio.env.Env object at 0x7fa810ef7c40>
2023-12-22 18:23:04,327 - rasterio.env - DEBUG - Entering env context: <rasterio.env.Env object at 0x7fa810571810>
2023-12-22 18:23:04,327 - rasterio.env - DEBUG - Starting outermost env
2023-12-22 18:23:04,327 - rasterio.env - DEBUG - No GDAL environment exists
2023-12-22 18:23:04,327 - rasterio.env - DEBUG - New GDAL environment <rasterio._env.GDALEnv object at 0x7fa810ef7a90> created
2023-12-22 18:23:04,327 - rasterio._env - DEBUG - GDAL data found in package: path='/home/metpublic/PYTHON_VENV/present_weather/lib/python3.10/site-packages/rasterio/gdal_data'.
2023-12-22 18:23:04,327 - rasterio._env - DEBUG - PROJ data found in package: path='/home/metpublic/PYTHON_VENV/present_weather/lib/python3.10/site-packages/rasterio/proj_data'.
2023-12-22 18:23:04,328 - rasterio._env - DEBUG - Started GDALEnv: self=<rasterio._env.GDALEnv object at 0x7fa810ef7a90>.
2023-12-22 18:23:04,328 - rasterio.env - DEBUG - Entered env context: <rasterio.env.Env object at 0x7fa810571810>
2023-12-22 18:23:04,328 - rasterio.env - DEBUG - Got a copy of environment <rasterio._env.GDALEnv object at 0x7fa810ef7a90> options
2023-12-22 18:23:04,328 - rasterio.env - DEBUG - Entering env context: <rasterio.env.Env object at 0x7fa810476650>
2023-12-22 18:23:04,328 - rasterio.env - DEBUG - Got a copy of environment <rasterio._env.GDALEnv object at 0x7fa810ef7a90> options
2023-12-22 18:23:04,328 - rasterio.env - DEBUG - Entered env context: <rasterio.env.Env object at 0x7fa810476650>
2023-12-22 18:23:04,328 - rasterio._base - DEBUG - Sharing flag: 0
2023-12-22 18:23:04,329 - rasterio._base - DEBUG - Nodata success: 1, Nodata value: nan
2023-12-22 18:23:04,329 - rasterio._base - DEBUG - Dataset <open DatasetReader name='https://radar.bmkg.go.id/raster/radarsatelit_202312221750.tif' mode='r'> is started.
2023-12-22 18:23:04,329 - rasterio.env - DEBUG - Exiting env context: <rasterio.env.Env object at 0x7fa810476650>
2023-12-22 18:23:04,330 - rasterio.env - DEBUG - Cleared existing <rasterio._env.GDALEnv object at 0x7fa810ef7a90> options
2023-12-22 18:23:04,330 - rasterio._env - DEBUG - Stopped GDALEnv <rasterio._env.GDALEnv object at 0x7fa810ef7a90>.
2023-12-22 18:23:04,330 - rasterio.env - DEBUG - No GDAL environment exists
2023-12-22 18:23:04,330 - rasterio.env - DEBUG - New GDAL environment <rasterio._env.GDALEnv object at 0x7fa810ef7a90> created
2023-12-22 18:23:04,330 - rasterio._env - DEBUG - GDAL data found in package: path='/home/metpublic/PYTHON_VENV/present_weather/lib/python3.10/site-packages/rasterio/gdal_data'.
2023-12-22 18:23:04,330 - rasterio._env - DEBUG - PROJ data found in package: path='/home/metpublic/PYTHON_VENV/present_weather/lib/python3.10/site-packages/rasterio/proj_data'.
2023-12-22 18:23:04,330 - rasterio._env - DEBUG - Started GDALEnv: self=<rasterio._env.GDALEnv object at 0x7fa810ef7a90>.
2023-12-22 18:23:04,330 - rasterio.env - DEBUG - Exited env context: <rasterio.env.Env object at 0x7fa810476650>
2023-12-22 18:23:04,347 - rasterio._io - DEBUG - Output nodata value read from file: nan
2023-12-22 18:23:04,347 - rasterio._io - DEBUG - Output nodata values: [nan]
2023-12-22 18:23:04,347 - rasterio._io - DEBUG - all_valid: False
2023-12-22 18:23:04,347 - rasterio._io - DEBUG - mask_flags: ([<MaskFlags.nodata: 8>],)
2023-12-22 18:23:04,348 - rasterio._io - DEBUG - Jump straight to _read()
2023-12-22 18:23:04,348 - rasterio._io - DEBUG - Window: Window(col_off=0, row_off=0, width=10176, height=3732)
2023-12-22 18:23:04,348 - rasterio._io - DEBUG - IO window xoff=0.0 yoff=0.0 width=10176.0 height=3732.0
2023-12-22 18:23:04,949 - rasterio.env - DEBUG - Exiting env context: <rasterio.env.Env object at 0x7fa810571810>
2023-12-22 18:23:04,949 - rasterio.env - DEBUG - Cleared existing <rasterio._env.GDALEnv object at 0x7fa810ef7a90> options
2023-12-22 18:23:04,950 - rasterio._env - DEBUG - Stopped GDALEnv <rasterio._env.GDALEnv object at 0x7fa810ef7a90>.
2023-12-22 18:23:04,950 - rasterio.env - DEBUG - Exiting outermost env
2023-12-22 18:23:04,950 - rasterio.env - DEBUG - Exited env context: <rasterio.env.Env object at 0x7fa810571810>
2023-12-22 18:23:04,952 - urllib3.connectionpool - DEBUG - Starting new HTTPS connection (1): radar.bmkg.go.id:8060
2023-12-22 18:23:05,055 - urllib3.connectionpool - DEBUG - https://radar.bmkg.go.id:8060 "GET /getRadarGeotif?token=19387e71e78522ae4172ec0fda640983b8438c9cfa0ca571623cb69d8327&radar=amandemenForecastRadarMosaic&type=latest HTTP/1.1" 200 84
2023-12-22 18:23:05,056 - rasterio.env - DEBUG - Entering env context: <rasterio.env.Env object at 0x7fa810ef7940>
2023-12-22 18:23:05,056 - rasterio.env - DEBUG - Starting outermost env
2023-12-22 18:23:05,056 - rasterio.env - DEBUG - No GDAL environment exists
2023-12-22 18:23:05,056 - rasterio.env - DEBUG - New GDAL environment <rasterio._env.GDALEnv object at 0x7fa810ef7700> created
2023-12-22 18:23:05,057 - rasterio._env - DEBUG - GDAL data found in package: path='/home/metpublic/PYTHON_VENV/present_weather/lib/python3.10/site-packages/rasterio/gdal_data'.
2023-12-22 18:23:05,057 - rasterio._env - DEBUG - PROJ data found in package: path='/home/metpublic/PYTHON_VENV/present_weather/lib/python3.10/site-packages/rasterio/proj_data'.
2023-12-22 18:23:05,057 - rasterio._env - DEBUG - Started GDALEnv: self=<rasterio._env.GDALEnv object at 0x7fa810ef7700>.
2023-12-22 18:23:05,057 - rasterio.env - DEBUG - Entered env context: <rasterio.env.Env object at 0x7fa810ef7940>
2023-12-22 18:23:05,057 - rasterio._base - DEBUG - Sharing flag: 0
2023-12-22 18:23:05,064 - rasterio._base - DEBUG - Nodata success: 1, Nodata value: nan
2023-12-22 18:23:05,064 - rasterio._base - DEBUG - Dataset <open DatasetReader name='https://radar.bmkg.go.id/raster/mosaic_202312221820.tif' mode='r'> is started.
2023-12-22 18:23:05,064 - rasterio.env - DEBUG - Exiting env context: <rasterio.env.Env object at 0x7fa810ef7940>
2023-12-22 18:23:05,064 - rasterio.env - DEBUG - Cleared existing <rasterio._env.GDALEnv object at 0x7fa810ef7700> options
2023-12-22 18:23:05,064 - rasterio._env - DEBUG - Stopped GDALEnv <rasterio._env.GDALEnv object at 0x7fa810ef7700>.
2023-12-22 18:23:05,064 - rasterio.env - DEBUG - Exiting outermost env
2023-12-22 18:23:05,064 - rasterio.env - DEBUG - Exited env context: <rasterio.env.Env object at 0x7fa810ef7940>
2023-12-22 18:23:05,064 - rasterio.env - DEBUG - Entering env context: <rasterio.env.Env object at 0x7fa810ef6590>
2023-12-22 18:23:05,064 - rasterio.env - DEBUG - Starting outermost env
2023-12-22 18:23:05,064 - rasterio.env - DEBUG - No GDAL environment exists
2023-12-22 18:23:05,064 - rasterio.env - DEBUG - New GDAL environment <rasterio._env.GDALEnv object at 0x7fa810ef7700> created
2023-12-22 18:23:05,065 - rasterio._env - DEBUG - GDAL data found in package: path='/home/metpublic/PYTHON_VENV/present_weather/lib/python3.10/site-packages/rasterio/gdal_data'.
2023-12-22 18:23:05,065 - rasterio._env - DEBUG - PROJ data found in package: path='/home/metpublic/PYTHON_VENV/present_weather/lib/python3.10/site-packages/rasterio/proj_data'.
2023-12-22 18:23:05,065 - rasterio._env - DEBUG - Started GDALEnv: self=<rasterio._env.GDALEnv object at 0x7fa810ef7700>.
2023-12-22 18:23:05,065 - rasterio.env - DEBUG - Entered env context: <rasterio.env.Env object at 0x7fa810ef6590>
2023-12-22 18:23:05,065 - rasterio.env - DEBUG - Got a copy of environment <rasterio._env.GDALEnv object at 0x7fa810ef7700> options
2023-12-22 18:23:05,065 - rasterio.env - DEBUG - Entering env context: <rasterio.env.Env object at 0x7fa8104767d0>
2023-12-22 18:23:05,065 - rasterio.env - DEBUG - Got a copy of environment <rasterio._env.GDALEnv object at 0x7fa810ef7700> options
2023-12-22 18:23:05,065 - rasterio.env - DEBUG - Entered env context: <rasterio.env.Env object at 0x7fa8104767d0>
2023-12-22 18:23:05,066 - rasterio._base - DEBUG - Sharing flag: 0
2023-12-22 18:23:05,066 - rasterio._base - DEBUG - Nodata success: 1, Nodata value: nan
2023-12-22 18:23:05,067 - rasterio._base - DEBUG - Dataset <open DatasetReader name='https://radar.bmkg.go.id/raster/mosaic_202312221820.tif' mode='r'> is started.
2023-12-22 18:23:05,067 - rasterio.env - DEBUG - Exiting env context: <rasterio.env.Env object at 0x7fa8104767d0>
2023-12-22 18:23:05,067 - rasterio.env - DEBUG - Cleared existing <rasterio._env.GDALEnv object at 0x7fa810ef7700> options
2023-12-22 18:23:05,067 - rasterio._env - DEBUG - Stopped GDALEnv <rasterio._env.GDALEnv object at 0x7fa810ef7700>.
2023-12-22 18:23:05,067 - rasterio.env - DEBUG - No GDAL environment exists
2023-12-22 18:23:05,067 - rasterio.env - DEBUG - New GDAL environment <rasterio._env.GDALEnv object at 0x7fa810ef7700> created
2023-12-22 18:23:05,067 - rasterio._env - DEBUG - GDAL data found in package: path='/home/metpublic/PYTHON_VENV/present_weather/lib/python3.10/site-packages/rasterio/gdal_data'.
2023-12-22 18:23:05,067 - rasterio._env - DEBUG - PROJ data found in package: path='/home/metpublic/PYTHON_VENV/present_weather/lib/python3.10/site-packages/rasterio/proj_data'.
2023-12-22 18:23:05,067 - rasterio._env - DEBUG - Started GDALEnv: self=<rasterio._env.GDALEnv object at 0x7fa810ef7700>.
2023-12-22 18:23:05,067 - rasterio.env - DEBUG - Exited env context: <rasterio.env.Env object at 0x7fa8104767d0>
2023-12-22 18:23:05,077 - rasterio._io - DEBUG - Output nodata value read from file: nan
2023-12-22 18:23:05,077 - rasterio._io - DEBUG - Output nodata values: [nan]
2023-12-22 18:23:05,077 - rasterio._io - DEBUG - all_valid: False
2023-12-22 18:23:05,077 - rasterio._io - DEBUG - mask_flags: ([<MaskFlags.nodata: 8>],)
2023-12-22 18:23:05,077 - rasterio._io - DEBUG - Jump straight to _read()
2023-12-22 18:23:05,078 - rasterio._io - DEBUG - Window: Window(col_off=0, row_off=0, width=10121, height=3732)
2023-12-22 18:23:05,078 - rasterio._io - DEBUG - IO window xoff=0.0 yoff=0.0 width=10121.0 height=3732.0
2023-12-22 18:23:09,696 - rasterio.env - DEBUG - Exiting env context: <rasterio.env.Env object at 0x7fa810ef6590>
2023-12-22 18:23:09,697 - rasterio.env - DEBUG - Cleared existing <rasterio._env.GDALEnv object at 0x7fa810ef7700> options
2023-12-22 18:23:09,697 - rasterio._env - DEBUG - Stopped GDALEnv <rasterio._env.GDALEnv object at 0x7fa810ef7700>.
2023-12-22 18:23:09,697 - rasterio.env - DEBUG - Exiting outermost env
2023-12-22 18:23:09,697 - rasterio.env - DEBUG - Exited env context: <rasterio.env.Env object at 0x7fa810ef6590>
2023-12-22 18:27:53,700 - rasterio.env - DEBUG - Entering env context: <rasterio.env.Env object at 0x7fa8087313f0>
2023-12-22 18:27:53,700 - rasterio.env - DEBUG - Starting outermost env
2023-12-22 18:27:53,700 - rasterio.env - DEBUG - No GDAL environment exists
2023-12-22 18:27:53,700 - rasterio.env - DEBUG - New GDAL environment <rasterio._env.GDALEnv object at 0x7fa808733670> created
2023-12-22 18:27:53,701 - rasterio._env - DEBUG - GDAL data found in package: path='/home/metpublic/PYTHON_VENV/present_weather/lib/python3.10/site-packages/rasterio/gdal_data'.
2023-12-22 18:27:53,701 - rasterio._env - DEBUG - PROJ data found in package: path='/home/metpublic/PYTHON_VENV/present_weather/lib/python3.10/site-packages/rasterio/proj_data'.
2023-12-22 18:27:53,701 - rasterio._env - DEBUG - Started GDALEnv: self=<rasterio._env.GDALEnv object at 0x7fa808733670>.
2023-12-22 18:27:53,701 - rasterio.env - DEBUG - Entered env context: <rasterio.env.Env object at 0x7fa8087313f0>
2023-12-22 18:27:53,702 - rasterio._base - DEBUG - Sharing flag: 0
2023-12-22 18:27:53,703 - rasterio._base - DEBUG - Nodata success: 0, Nodata value: 0.000000
2023-12-22 18:27:53,703 - rasterio._base - DEBUG - Dataset <open DatasetReader name='/home/metpublic/TASK_RELEASE/EFAN/present_weather/src/H09_B13_Indonesia_20231222.Z1730.cor.tiff' mode='r'> is started.
2023-12-22 18:27:53,703 - rasterio.env - DEBUG - Exiting env context: <rasterio.env.Env object at 0x7fa8087313f0>
2023-12-22 18:27:53,703 - rasterio.env - DEBUG - Cleared existing <rasterio._env.GDALEnv object at 0x7fa808733670> options
2023-12-22 18:27:53,703 - rasterio._env - DEBUG - Stopped GDALEnv <rasterio._env.GDALEnv object at 0x7fa808733670>.
2023-12-22 18:27:53,703 - rasterio.env - DEBUG - Exiting outermost env
2023-12-22 18:27:53,703 - rasterio.env - DEBUG - Exited env context: <rasterio.env.Env object at 0x7fa8087313f0>
2023-12-22 18:27:53,703 - rasterio.env - DEBUG - Entering env context: <rasterio.env.Env object at 0x7fa808731db0>
2023-12-22 18:27:53,704 - rasterio.env - DEBUG - Starting outermost env
2023-12-22 18:27:53,704 - rasterio.env - DEBUG - No GDAL environment exists
2023-12-22 18:27:53,704 - rasterio.env - DEBUG - New GDAL environment <rasterio._env.GDALEnv object at 0x7fa808730f40> created
2023-12-22 18:27:53,704 - rasterio._env - DEBUG - GDAL data found in package: path='/home/metpublic/PYTHON_VENV/present_weather/lib/python3.10/site-packages/rasterio/gdal_data'.
2023-12-22 18:27:53,704 - rasterio._env - DEBUG - PROJ data found in package: path='/home/metpublic/PYTHON_VENV/present_weather/lib/python3.10/site-packages/rasterio/proj_data'.
2023-12-22 18:27:53,705 - rasterio._env - DEBUG - Started GDALEnv: self=<rasterio._env.GDALEnv object at 0x7fa808730f40>.
2023-12-22 18:27:53,705 - rasterio.env - DEBUG - Entered env context: <rasterio.env.Env object at 0x7fa808731db0>
2023-12-22 18:27:53,705 - rasterio._base - DEBUG - Sharing flag: 0
2023-12-22 18:27:53,706 - rasterio._base - DEBUG - Nodata success: 0, Nodata value: 0.000000
2023-12-22 18:27:53,706 - rasterio._base - DEBUG - Dataset <open DatasetReader name='/home/metpublic/TASK_RELEASE/EFAN/present_weather/src/H09_B13_Indonesia_20231222.Z1730.cor.tiff' mode='r'> is started.
2023-12-22 18:27:53,706 - rasterio.env - DEBUG - Exiting env context: <rasterio.env.Env object at 0x7fa808731db0>
2023-12-22 18:27:53,706 - rasterio.env - DEBUG - Cleared existing <rasterio._env.GDALEnv object at 0x7fa808730f40> options
2023-12-22 18:27:53,706 - rasterio._env - DEBUG - Stopped GDALEnv <rasterio._env.GDALEnv object at 0x7fa808730f40>.
2023-12-22 18:27:53,706 - rasterio.env - DEBUG - Exiting outermost env
2023-12-22 18:27:53,706 - rasterio.env - DEBUG - Exited env context: <rasterio.env.Env object at 0x7fa808731db0>
2023-12-22 18:27:53,717 - root - INFO - Generating present weather using SATELITE data
2023-12-22 18:30:07,119 - root - INFO - Total elapsed time: 0:07:04.801644
