2023-12-13 02:13:03,053 - root - INFO - Initiating present weather
2023-12-13 02:13:03,055 - asyncio - DEBUG - Using selector: EpollSelector
2023-12-13 02:13:04,670 - urllib3.connectionpool - DEBUG - Starting new HTTPS connection (1): radar.bmkg.go.id:8060
2023-12-13 02:13:04,683 - urllib3.connectionpool - DEBUG - https://radar.bmkg.go.id:8060 "GET /getLatestLD?typeData=1 HTTP/1.1" 200 62
2023-12-13 02:13:04,685 - urllib3.connectionpool - DEBUG - Starting new HTTPS connection (1): radar.bmkg.go.id:8060
2023-12-13 02:13:04,704 - urllib3.connectionpool - DEBUG - https://radar.bmkg.go.id:8060 "GET /getRadarGeotif?token=19387e71e78522ae4172ec0fda640983b8438c9cfa0ca571623cb69d8327&radar=amandemenForecast&type=latest HTTP/1.1" 200 90
2023-12-13 02:13:04,706 - rasterio.env - DEBUG - Entering env context: <rasterio.env.Env object at 0x7fa86baa1210>
2023-12-13 02:13:04,706 - rasterio.env - DEBUG - Starting outermost env
2023-12-13 02:13:04,706 - rasterio.env - DEBUG - No GDAL environment exists
2023-12-13 02:13:04,706 - rasterio.env - DEBUG - New GDAL environment <rasterio._env.GDALEnv object at 0x7fa86baa1270> created
2023-12-13 02:13:04,709 - rasterio._filepath - DEBUG - Installing FilePath filesystem handler plugin...
2023-12-13 02:13:04,709 - rasterio._env - DEBUG - GDAL data found in package: path='/home/metpublic/PYTHON_VENV/present_weather/lib/python3.10/site-packages/rasterio/gdal_data'.
2023-12-13 02:13:04,710 - rasterio._env - DEBUG - PROJ data found in package: path='/home/metpublic/PYTHON_VENV/present_weather/lib/python3.10/site-packages/rasterio/proj_data'.
2023-12-13 02:13:04,710 - rasterio._env - DEBUG - Started GDALEnv: self=<rasterio._env.GDALEnv object at 0x7fa86baa1270>.
2023-12-13 02:13:04,710 - rasterio.env - DEBUG - Entered env context: <rasterio.env.Env object at 0x7fa86baa1210>
2023-12-13 02:13:04,710 - rasterio._base - DEBUG - Sharing flag: 0
2023-12-13 02:13:05,012 - rasterio._base - DEBUG - Nodata success: 1, Nodata value: nan
2023-12-13 02:13:05,012 - rasterio._base - DEBUG - Dataset <open DatasetReader name='https://radar.bmkg.go.id/raster/radarsatelit_202312130210.tif' mode='r'> is started.
2023-12-13 02:13:05,012 - rasterio.env - DEBUG - Exiting env context: <rasterio.env.Env object at 0x7fa86baa1210>
2023-12-13 02:13:05,012 - rasterio.env - DEBUG - Cleared existing <rasterio._env.GDALEnv object at 0x7fa86baa1270> options
2023-12-13 02:13:05,012 - rasterio._env - DEBUG - Stopped GDALEnv <rasterio._env.GDALEnv object at 0x7fa86baa1270>.
2023-12-13 02:13:05,013 - rasterio.env - DEBUG - Exiting outermost env
2023-12-13 02:13:05,013 - rasterio.env - DEBUG - Exited env context: <rasterio.env.Env object at 0x7fa86baa1210>
2023-12-13 02:13:05,013 - rasterio.env - DEBUG - Entering env context: <rasterio.env.Env object at 0x7fa86ba5d510>
2023-12-13 02:13:05,013 - rasterio.env - DEBUG - Starting outermost env
2023-12-13 02:13:05,013 - rasterio.env - DEBUG - No GDAL environment exists
2023-12-13 02:13:05,013 - rasterio.env - DEBUG - New GDAL environment <rasterio._env.GDALEnv object at 0x7fa86baa3d90> created
2023-12-13 02:13:05,013 - rasterio._env - DEBUG - GDAL data found in package: path='/home/metpublic/PYTHON_VENV/present_weather/lib/python3.10/site-packages/rasterio/gdal_data'.
2023-12-13 02:13:05,014 - rasterio._env - DEBUG - PROJ data found in package: path='/home/metpublic/PYTHON_VENV/present_weather/lib/python3.10/site-packages/rasterio/proj_data'.
2023-12-13 02:13:05,014 - rasterio._env - DEBUG - Started GDALEnv: self=<rasterio._env.GDALEnv object at 0x7fa86baa3d90>.
2023-12-13 02:13:05,014 - rasterio.env - DEBUG - Entered env context: <rasterio.env.Env object at 0x7fa86ba5d510>
2023-12-13 02:13:05,014 - rasterio.env - DEBUG - Got a copy of environment <rasterio._env.GDALEnv object at 0x7fa86baa3d90> options
2023-12-13 02:13:05,014 - rasterio.env - DEBUG - Entering env context: <rasterio.env.Env object at 0x7fa86815a710>
2023-12-13 02:13:05,014 - rasterio.env - DEBUG - Got a copy of environment <rasterio._env.GDALEnv object at 0x7fa86baa3d90> options
2023-12-13 02:13:05,015 - rasterio.env - DEBUG - Entered env context: <rasterio.env.Env object at 0x7fa86815a710>
2023-12-13 02:13:05,015 - rasterio._base - DEBUG - Sharing flag: 0
2023-12-13 02:13:05,016 - rasterio._base - DEBUG - Nodata success: 1, Nodata value: nan
2023-12-13 02:13:05,016 - rasterio._base - DEBUG - Dataset <open DatasetReader name='https://radar.bmkg.go.id/raster/radarsatelit_202312130210.tif' mode='r'> is started.
2023-12-13 02:13:05,016 - rasterio.env - DEBUG - Exiting env context: <rasterio.env.Env object at 0x7fa86815a710>
2023-12-13 02:13:05,016 - rasterio.env - DEBUG - Cleared existing <rasterio._env.GDALEnv object at 0x7fa86baa3d90> options
2023-12-13 02:13:05,016 - rasterio._env - DEBUG - Stopped GDALEnv <rasterio._env.GDALEnv object at 0x7fa86baa3d90>.
2023-12-13 02:13:05,016 - rasterio.env - DEBUG - No GDAL environment exists
2023-12-13 02:13:05,016 - rasterio.env - DEBUG - New GDAL environment <rasterio._env.GDALEnv object at 0x7fa86baa3d90> created
2023-12-13 02:13:05,017 - rasterio._env - DEBUG - GDAL data found in package: path='/home/metpublic/PYTHON_VENV/present_weather/lib/python3.10/site-packages/rasterio/gdal_data'.
2023-12-13 02:13:05,017 - rasterio._env - DEBUG - PROJ data found in package: path='/home/metpublic/PYTHON_VENV/present_weather/lib/python3.10/site-packages/rasterio/proj_data'.
2023-12-13 02:13:05,017 - rasterio._env - DEBUG - Started GDALEnv: self=<rasterio._env.GDALEnv object at 0x7fa86baa3d90>.
2023-12-13 02:13:05,017 - rasterio.env - DEBUG - Exited env context: <rasterio.env.Env object at 0x7fa86815a710>
2023-12-13 02:13:05,033 - rasterio._io - DEBUG - Output nodata value read from file: nan
2023-12-13 02:13:05,033 - rasterio._io - DEBUG - Output nodata values: [nan]
2023-12-13 02:13:05,034 - rasterio._io - DEBUG - all_valid: False
2023-12-13 02:13:05,034 - rasterio._io - DEBUG - mask_flags: ([<MaskFlags.nodata: 8>],)
2023-12-13 02:13:05,034 - rasterio._io - DEBUG - Jump straight to _read()
2023-12-13 02:13:05,034 - rasterio._io - DEBUG - Window: Window(col_off=0, row_off=0, width=10215, height=3792)
2023-12-13 02:13:05,034 - rasterio._io - DEBUG - IO window xoff=0.0 yoff=0.0 width=10215.0 height=3792.0
2023-12-13 02:13:05,566 - rasterio.env - DEBUG - Exiting env context: <rasterio.env.Env object at 0x7fa86ba5d510>
2023-12-13 02:13:05,566 - rasterio.env - DEBUG - Cleared existing <rasterio._env.GDALEnv object at 0x7fa86baa3d90> options
2023-12-13 02:13:05,566 - rasterio._env - DEBUG - Stopped GDALEnv <rasterio._env.GDALEnv object at 0x7fa86baa3d90>.
2023-12-13 02:13:05,566 - rasterio.env - DEBUG - Exiting outermost env
2023-12-13 02:13:05,566 - rasterio.env - DEBUG - Exited env context: <rasterio.env.Env object at 0x7fa86ba5d510>
2023-12-13 02:19:59,806 - root - INFO - Total elapsed time: 0:06:56.753728
