2023-12-05 11:53:02,306 - root - INFO - Initiating present weather
2023-12-05 11:53:02,308 - asyncio - DEBUG - Using selector: EpollSelector
2023-12-05 11:53:03,860 - urllib3.connectionpool - DEBUG - Starting new HTTPS connection (1): radar.bmkg.go.id:8060
2023-12-05 11:53:03,874 - urllib3.connectionpool - DEBUG - https://radar.bmkg.go.id:8060 "GET /getLatestLD?typeData=1 HTTP/1.1" 200 62
2023-12-05 11:53:03,876 - urllib3.connectionpool - DEBUG - Starting new HTTPS connection (1): radar.bmkg.go.id:8060
2023-12-05 11:53:03,900 - urllib3.connectionpool - DEBUG - https://radar.bmkg.go.id:8060 "GET /getRadarGeotif?token=19387e71e78522ae4172ec0fda640983b8438c9cfa0ca571623cb69d8327&radar=amandemenForecast&type=latest HTTP/1.1" 200 90
2023-12-05 11:53:03,900 - rasterio.env - DEBUG - Entering env context: <rasterio.env.Env object at 0x7efd0c089810>
2023-12-05 11:53:03,901 - rasterio.env - DEBUG - Starting outermost env
2023-12-05 11:53:03,901 - rasterio.env - DEBUG - No GDAL environment exists
2023-12-05 11:53:03,901 - rasterio.env - DEBUG - New GDAL environment <rasterio._env.GDALEnv object at 0x7efd0c08aec0> created
2023-12-05 11:53:03,904 - rasterio._filepath - DEBUG - Installing FilePath filesystem handler plugin...
2023-12-05 11:53:03,904 - rasterio._env - DEBUG - GDAL data found in package: path='/home/metpublic/PYTHON_VENV/present_weather/lib/python3.10/site-packages/rasterio/gdal_data'.
2023-12-05 11:53:03,904 - rasterio._env - DEBUG - PROJ data found in package: path='/home/metpublic/PYTHON_VENV/present_weather/lib/python3.10/site-packages/rasterio/proj_data'.
2023-12-05 11:53:03,904 - rasterio._env - DEBUG - Started GDALEnv: self=<rasterio._env.GDALEnv object at 0x7efd0c08aec0>.
2023-12-05 11:53:03,904 - rasterio.env - DEBUG - Entered env context: <rasterio.env.Env object at 0x7efd0c089810>
2023-12-05 11:53:03,904 - rasterio._base - DEBUG - Sharing flag: 0
2023-12-05 11:53:04,132 - rasterio._base - DEBUG - Nodata success: 1, Nodata value: nan
2023-12-05 11:53:04,133 - rasterio._base - DEBUG - Dataset <open DatasetReader name='https://radar.bmkg.go.id/raster/radarsatelit_202312051150.tif' mode='r'> is started.
2023-12-05 11:53:04,133 - rasterio.env - DEBUG - Exiting env context: <rasterio.env.Env object at 0x7efd0c089810>
2023-12-05 11:53:04,133 - rasterio.env - DEBUG - Cleared existing <rasterio._env.GDALEnv object at 0x7efd0c08aec0> options
2023-12-05 11:53:04,133 - rasterio._env - DEBUG - Stopped GDALEnv <rasterio._env.GDALEnv object at 0x7efd0c08aec0>.
2023-12-05 11:53:04,133 - rasterio.env - DEBUG - Exiting outermost env
2023-12-05 11:53:04,133 - rasterio.env - DEBUG - Exited env context: <rasterio.env.Env object at 0x7efd0c089810>
2023-12-05 11:53:04,134 - rasterio.env - DEBUG - Entering env context: <rasterio.env.Env object at 0x7efd085cf6a0>
2023-12-05 11:53:04,134 - rasterio.env - DEBUG - Starting outermost env
2023-12-05 11:53:04,134 - rasterio.env - DEBUG - No GDAL environment exists
2023-12-05 11:53:04,134 - rasterio.env - DEBUG - New GDAL environment <rasterio._env.GDALEnv object at 0x7efd0c08aec0> created
2023-12-05 11:53:04,134 - rasterio._env - DEBUG - GDAL data found in package: path='/home/metpublic/PYTHON_VENV/present_weather/lib/python3.10/site-packages/rasterio/gdal_data'.
2023-12-05 11:53:04,134 - rasterio._env - DEBUG - PROJ data found in package: path='/home/metpublic/PYTHON_VENV/present_weather/lib/python3.10/site-packages/rasterio/proj_data'.
2023-12-05 11:53:04,134 - rasterio._env - DEBUG - Started GDALEnv: self=<rasterio._env.GDALEnv object at 0x7efd0c08aec0>.
2023-12-05 11:53:04,134 - rasterio.env - DEBUG - Entered env context: <rasterio.env.Env object at 0x7efd085cf6a0>
2023-12-05 11:53:04,135 - rasterio.env - DEBUG - Got a copy of environment <rasterio._env.GDALEnv object at 0x7efd0c08aec0> options
2023-12-05 11:53:04,135 - rasterio.env - DEBUG - Entering env context: <rasterio.env.Env object at 0x7efd08612230>
2023-12-05 11:53:04,135 - rasterio.env - DEBUG - Got a copy of environment <rasterio._env.GDALEnv object at 0x7efd0c08aec0> options
2023-12-05 11:53:04,135 - rasterio.env - DEBUG - Entered env context: <rasterio.env.Env object at 0x7efd08612230>
2023-12-05 11:53:04,135 - rasterio._base - DEBUG - Sharing flag: 0
2023-12-05 11:53:04,136 - rasterio._base - DEBUG - Nodata success: 1, Nodata value: nan
2023-12-05 11:53:04,136 - rasterio._base - DEBUG - Dataset <open DatasetReader name='https://radar.bmkg.go.id/raster/radarsatelit_202312051150.tif' mode='r'> is started.
2023-12-05 11:53:04,136 - rasterio.env - DEBUG - Exiting env context: <rasterio.env.Env object at 0x7efd08612230>
2023-12-05 11:53:04,136 - rasterio.env - DEBUG - Cleared existing <rasterio._env.GDALEnv object at 0x7efd0c08aec0> options
2023-12-05 11:53:04,136 - rasterio._env - DEBUG - Stopped GDALEnv <rasterio._env.GDALEnv object at 0x7efd0c08aec0>.
2023-12-05 11:53:04,136 - rasterio.env - DEBUG - No GDAL environment exists
2023-12-05 11:53:04,136 - rasterio.env - DEBUG - New GDAL environment <rasterio._env.GDALEnv object at 0x7efd0c08aec0> created
2023-12-05 11:53:04,137 - rasterio._env - DEBUG - GDAL data found in package: path='/home/metpublic/PYTHON_VENV/present_weather/lib/python3.10/site-packages/rasterio/gdal_data'.
2023-12-05 11:53:04,137 - rasterio._env - DEBUG - PROJ data found in package: path='/home/metpublic/PYTHON_VENV/present_weather/lib/python3.10/site-packages/rasterio/proj_data'.
2023-12-05 11:53:04,137 - rasterio._env - DEBUG - Started GDALEnv: self=<rasterio._env.GDALEnv object at 0x7efd0c08aec0>.
2023-12-05 11:53:04,137 - rasterio.env - DEBUG - Exited env context: <rasterio.env.Env object at 0x7efd08612230>
2023-12-05 11:53:04,155 - rasterio._io - DEBUG - Output nodata value read from file: nan
2023-12-05 11:53:04,156 - rasterio._io - DEBUG - Output nodata values: [nan]
2023-12-05 11:53:04,156 - rasterio._io - DEBUG - all_valid: False
2023-12-05 11:53:04,156 - rasterio._io - DEBUG - mask_flags: ([<MaskFlags.nodata: 8>],)
2023-12-05 11:53:04,156 - rasterio._io - DEBUG - Jump straight to _read()
2023-12-05 11:53:04,156 - rasterio._io - DEBUG - Window: Window(col_off=0, row_off=0, width=10177, height=3732)
2023-12-05 11:53:04,157 - rasterio._io - DEBUG - IO window xoff=0.0 yoff=0.0 width=10177.0 height=3732.0
2023-12-05 11:53:04,733 - rasterio.env - DEBUG - Exiting env context: <rasterio.env.Env object at 0x7efd085cf6a0>
2023-12-05 11:53:04,733 - rasterio.env - DEBUG - Cleared existing <rasterio._env.GDALEnv object at 0x7efd0c08aec0> options
2023-12-05 11:53:04,733 - rasterio._env - DEBUG - Stopped GDALEnv <rasterio._env.GDALEnv object at 0x7efd0c08aec0>.
2023-12-05 11:53:04,733 - rasterio.env - DEBUG - Exiting outermost env
2023-12-05 11:53:04,733 - rasterio.env - DEBUG - Exited env context: <rasterio.env.Env object at 0x7efd085cf6a0>
2023-12-05 11:57:32,119 - rasterio.env - DEBUG - Entering env context: <rasterio.env.Env object at 0x7efd084247c0>
2023-12-05 11:57:32,119 - rasterio.env - DEBUG - Starting outermost env
2023-12-05 11:57:32,120 - rasterio.env - DEBUG - No GDAL environment exists
2023-12-05 11:57:32,120 - rasterio.env - DEBUG - New GDAL environment <rasterio._env.GDALEnv object at 0x7efd084279a0> created
2023-12-05 11:57:32,120 - rasterio._env - DEBUG - GDAL data found in package: path='/home/metpublic/PYTHON_VENV/present_weather/lib/python3.10/site-packages/rasterio/gdal_data'.
2023-12-05 11:57:32,120 - rasterio._env - DEBUG - PROJ data found in package: path='/home/metpublic/PYTHON_VENV/present_weather/lib/python3.10/site-packages/rasterio/proj_data'.
2023-12-05 11:57:32,121 - rasterio._env - DEBUG - Started GDALEnv: self=<rasterio._env.GDALEnv object at 0x7efd084279a0>.
2023-12-05 11:57:32,121 - rasterio.env - DEBUG - Entered env context: <rasterio.env.Env object at 0x7efd084247c0>
2023-12-05 11:57:32,121 - rasterio._base - DEBUG - Sharing flag: 0
2023-12-05 11:57:32,122 - rasterio._base - DEBUG - Nodata success: 0, Nodata value: 0.000000
2023-12-05 11:57:32,122 - rasterio._base - DEBUG - Dataset <open DatasetReader name='/home/metpublic/TASK_RELEASE/EFAN/present_weather/src/H09_B13_Indonesia_20231205.Z1140.cor.tiff' mode='r'> is started.
2023-12-05 11:57:32,122 - rasterio.env - DEBUG - Exiting env context: <rasterio.env.Env object at 0x7efd084247c0>
2023-12-05 11:57:32,123 - rasterio.env - DEBUG - Cleared existing <rasterio._env.GDALEnv object at 0x7efd084279a0> options
2023-12-05 11:57:32,123 - rasterio._env - DEBUG - Stopped GDALEnv <rasterio._env.GDALEnv object at 0x7efd084279a0>.
2023-12-05 11:57:32,123 - rasterio.env - DEBUG - Exiting outermost env
2023-12-05 11:57:32,123 - rasterio.env - DEBUG - Exited env context: <rasterio.env.Env object at 0x7efd084247c0>
2023-12-05 11:57:32,123 - rasterio.env - DEBUG - Entering env context: <rasterio.env.Env object at 0x7efd08425a50>
2023-12-05 11:57:32,123 - rasterio.env - DEBUG - Starting outermost env
2023-12-05 11:57:32,123 - rasterio.env - DEBUG - No GDAL environment exists
2023-12-05 11:57:32,123 - rasterio.env - DEBUG - New GDAL environment <rasterio._env.GDALEnv object at 0x7efd084248e0> created
2023-12-05 11:57:32,124 - rasterio._env - DEBUG - GDAL data found in package: path='/home/metpublic/PYTHON_VENV/present_weather/lib/python3.10/site-packages/rasterio/gdal_data'.
2023-12-05 11:57:32,124 - rasterio._env - DEBUG - PROJ data found in package: path='/home/metpublic/PYTHON_VENV/present_weather/lib/python3.10/site-packages/rasterio/proj_data'.
2023-12-05 11:57:32,124 - rasterio._env - DEBUG - Started GDALEnv: self=<rasterio._env.GDALEnv object at 0x7efd084248e0>.
2023-12-05 11:57:32,124 - rasterio.env - DEBUG - Entered env context: <rasterio.env.Env object at 0x7efd08425a50>
2023-12-05 11:57:32,124 - rasterio._base - DEBUG - Sharing flag: 0
2023-12-05 11:57:32,125 - rasterio._base - DEBUG - Nodata success: 0, Nodata value: 0.000000
2023-12-05 11:57:32,125 - rasterio._base - DEBUG - Dataset <open DatasetReader name='/home/metpublic/TASK_RELEASE/EFAN/present_weather/src/H09_B13_Indonesia_20231205.Z1140.cor.tiff' mode='r'> is started.
2023-12-05 11:57:32,125 - rasterio.env - DEBUG - Exiting env context: <rasterio.env.Env object at 0x7efd08425a50>
2023-12-05 11:57:32,125 - rasterio.env - DEBUG - Cleared existing <rasterio._env.GDALEnv object at 0x7efd084248e0> options
2023-12-05 11:57:32,125 - rasterio._env - DEBUG - Stopped GDALEnv <rasterio._env.GDALEnv object at 0x7efd084248e0>.
2023-12-05 11:57:32,125 - rasterio.env - DEBUG - Exiting outermost env
2023-12-05 11:57:32,125 - rasterio.env - DEBUG - Exited env context: <rasterio.env.Env object at 0x7efd08425a50>
2023-12-05 11:57:32,136 - root - INFO - Generating present weather using SATELITE data
2023-12-05 11:58:58,006 - root - INFO - Total elapsed time: 0:05:55.700378
