2023-11-17 11:40:03,565 - root - INFO - Initiating present weather
2023-11-17 11:40:03,571 - urllib3.connectionpool - DEBUG - Starting new HTTPS connection (1): radar.bmkg.go.id:8060
2023-11-17 11:40:03,641 - urllib3.connectionpool - DEBUG - https://radar.bmkg.go.id:8060 "GET /getRadarGeotif?token=19387e71e78522ae4172ec0fda640983b8438c9cfa0ca571623cb69d8327&radar=amandemenForecast&type=latest HTTP/1.1" 200 90
2023-11-17 11:40:03,644 - rasterio.env - DEBUG - Entering env context: <rasterio.env.Env object at 0x7fdaacfbb230>
2023-11-17 11:40:03,645 - rasterio.env - DEBUG - Starting outermost env
2023-11-17 11:40:03,645 - rasterio.env - DEBUG - No GDAL environment exists
2023-11-17 11:40:03,645 - rasterio.env - DEBUG - New GDAL environment <rasterio._env.GDALEnv object at 0x7fda6b96a410> created
2023-11-17 11:40:03,650 - rasterio._filepath - DEBUG - Installing FilePath filesystem handler plugin...
2023-11-17 11:40:03,650 - rasterio._env - DEBUG - GDAL data found in package: path='/home/swx/miniconda3/envs/present_weather/lib/python3.12/site-packages/rasterio/gdal_data'.
2023-11-17 11:40:03,650 - rasterio._env - DEBUG - PROJ_LIB found in environment.
2023-11-17 11:40:03,650 - rasterio._env - DEBUG - Started GDALEnv: self=<rasterio._env.GDALEnv object at 0x7fda6b96a410>.
2023-11-17 11:40:03,650 - rasterio.env - DEBUG - Entered env context: <rasterio.env.Env object at 0x7fdaacfbb230>
2023-11-17 11:40:03,651 - rasterio._base - DEBUG - Sharing flag: 0
2023-11-17 11:40:03,856 - rasterio._base - DEBUG - Nodata success: 1, Nodata value: nan
2023-11-17 11:40:03,856 - rasterio._base - DEBUG - Dataset <open DatasetReader name='https://radar.bmkg.go.id/raster/radarsatelit_202311171130.tif' mode='r'> is started.
2023-11-17 11:40:03,857 - rasterio.env - DEBUG - Exiting env context: <rasterio.env.Env object at 0x7fdaacfbb230>
2023-11-17 11:40:03,857 - rasterio.env - DEBUG - Cleared existing <rasterio._env.GDALEnv object at 0x7fda6b96a410> options
2023-11-17 11:40:03,857 - rasterio._env - DEBUG - Stopped GDALEnv <rasterio._env.GDALEnv object at 0x7fda6b96a410>.
2023-11-17 11:40:03,857 - rasterio.env - DEBUG - Exiting outermost env
2023-11-17 11:40:03,857 - rasterio.env - DEBUG - Exited env context: <rasterio.env.Env object at 0x7fdaacfbb230>
2023-11-17 11:40:03,857 - rasterio.env - DEBUG - Entering env context: <rasterio.env.Env object at 0x7fdaacfbb230>
2023-11-17 11:40:03,857 - rasterio.env - DEBUG - Starting outermost env
2023-11-17 11:40:03,858 - rasterio.env - DEBUG - No GDAL environment exists
2023-11-17 11:40:03,858 - rasterio.env - DEBUG - New GDAL environment <rasterio._env.GDALEnv object at 0x7fda6b96a410> created
2023-11-17 11:40:03,858 - rasterio._env - DEBUG - GDAL data found in package: path='/home/swx/miniconda3/envs/present_weather/lib/python3.12/site-packages/rasterio/gdal_data'.
2023-11-17 11:40:03,858 - rasterio._env - DEBUG - PROJ_LIB found in environment.
2023-11-17 11:40:03,859 - rasterio._env - DEBUG - Started GDALEnv: self=<rasterio._env.GDALEnv object at 0x7fda6b96a410>.
2023-11-17 11:40:03,859 - rasterio.env - DEBUG - Entered env context: <rasterio.env.Env object at 0x7fdaacfbb230>
2023-11-17 11:40:03,860 - rasterio.env - DEBUG - Got a copy of environment <rasterio._env.GDALEnv object at 0x7fda6b96a410> options
2023-11-17 11:40:03,860 - rasterio.env - DEBUG - Entering env context: <rasterio.env.Env object at 0x7fda6b6b4d10>
2023-11-17 11:40:03,860 - rasterio.env - DEBUG - Got a copy of environment <rasterio._env.GDALEnv object at 0x7fda6b96a410> options
2023-11-17 11:40:03,860 - rasterio.env - DEBUG - Entered env context: <rasterio.env.Env object at 0x7fda6b6b4d10>
2023-11-17 11:40:03,860 - rasterio._base - DEBUG - Sharing flag: 0
2023-11-17 11:40:03,861 - rasterio._base - DEBUG - Nodata success: 1, Nodata value: nan
2023-11-17 11:40:03,861 - rasterio._base - DEBUG - Dataset <open DatasetReader name='https://radar.bmkg.go.id/raster/radarsatelit_202311171130.tif' mode='r'> is started.
2023-11-17 11:40:03,861 - rasterio.env - DEBUG - Exiting env context: <rasterio.env.Env object at 0x7fda6b6b4d10>
2023-11-17 11:40:03,862 - rasterio.env - DEBUG - Cleared existing <rasterio._env.GDALEnv object at 0x7fda6b96a410> options
2023-11-17 11:40:03,862 - rasterio._env - DEBUG - Stopped GDALEnv <rasterio._env.GDALEnv object at 0x7fda6b96a410>.
2023-11-17 11:40:03,862 - rasterio.env - DEBUG - No GDAL environment exists
2023-11-17 11:40:03,862 - rasterio.env - DEBUG - New GDAL environment <rasterio._env.GDALEnv object at 0x7fda6b96a410> created
2023-11-17 11:40:03,862 - rasterio._env - DEBUG - GDAL data found in package: path='/home/swx/miniconda3/envs/present_weather/lib/python3.12/site-packages/rasterio/gdal_data'.
2023-11-17 11:40:03,863 - rasterio._env - DEBUG - PROJ_LIB found in environment.
2023-11-17 11:40:03,863 - rasterio._env - DEBUG - Started GDALEnv: self=<rasterio._env.GDALEnv object at 0x7fda6b96a410>.
2023-11-17 11:40:03,863 - rasterio.env - DEBUG - Exited env context: <rasterio.env.Env object at 0x7fda6b6b4d10>
2023-11-17 11:40:03,894 - rasterio._io - DEBUG - Output nodata value read from file: nan
2023-11-17 11:40:03,894 - rasterio._io - DEBUG - Output nodata values: [nan]
2023-11-17 11:40:03,895 - rasterio._io - DEBUG - all_valid: False
2023-11-17 11:40:03,895 - rasterio._io - DEBUG - mask_flags: ([<MaskFlags.nodata: 8>],)
2023-11-17 11:40:03,895 - rasterio._io - DEBUG - Jump straight to _read()
2023-11-17 11:40:03,895 - rasterio._io - DEBUG - Window: Window(col_off=0, row_off=0, width=10215, height=3792)
2023-11-17 11:40:03,896 - rasterio._io - DEBUG - IO window xoff=0.0 yoff=0.0 width=10215.0 height=3792.0
2023-11-17 11:40:04,635 - rasterio.env - DEBUG - Exiting env context: <rasterio.env.Env object at 0x7fdaacfbb230>
2023-11-17 11:40:04,635 - rasterio.env - DEBUG - Cleared existing <rasterio._env.GDALEnv object at 0x7fda6b96a410> options
2023-11-17 11:40:04,635 - rasterio._env - DEBUG - Stopped GDALEnv <rasterio._env.GDALEnv object at 0x7fda6b96a410>.
2023-11-17 11:40:04,635 - rasterio.env - DEBUG - Exiting outermost env
2023-11-17 11:40:04,636 - rasterio.env - DEBUG - Exited env context: <rasterio.env.Env object at 0x7fdaacfbb230>
2023-11-17 11:40:04,638 - urllib3.connectionpool - DEBUG - Starting new HTTPS connection (1): radar.bmkg.go.id:8060
2023-11-17 11:40:04,716 - urllib3.connectionpool - DEBUG - https://radar.bmkg.go.id:8060 "GET /getLatestLD?typeData=1 HTTP/1.1" 200 88758
2023-11-17 11:40:04,746 - asyncio - DEBUG - Using selector: EpollSelector
2023-11-17 11:40:11,488 - root - INFO - dask.bag<lambda, npartitions=34>
2023-11-17 11:56:36,381 - root - INFO - Total elapsed time: 0:16:32.817116
