2023-11-25 11:03:03,990 - root - INFO - Initiating present weather
2023-11-25 11:03:03,994 - asyncio - DEBUG - Using selector: EpollSelector
2023-11-25 11:03:07,223 - urllib3.connectionpool - DEBUG - Starting new HTTPS connection (1): radar.bmkg.go.id:8060
2023-11-25 11:03:07,289 - urllib3.connectionpool - DEBUG - https://radar.bmkg.go.id:8060 "GET /getRadarGeotif?token=19387e71e78522ae4172ec0fda640983b8438c9cfa0ca571623cb69d8327&radar=amandemenForecast&type=latest HTTP/1.1" 200 90
2023-11-25 11:03:07,291 - rasterio.env - DEBUG - Entering env context: <rasterio.env.Env object at 0x7f6d25d06000>
2023-11-25 11:03:07,292 - rasterio.env - DEBUG - Starting outermost env
2023-11-25 11:03:07,292 - rasterio.env - DEBUG - No GDAL environment exists
2023-11-25 11:03:07,292 - rasterio.env - DEBUG - New GDAL environment <rasterio._env.GDALEnv object at 0x7f6d25d05210> created
2023-11-25 11:03:07,296 - rasterio._filepath - DEBUG - Installing FilePath filesystem handler plugin...
2023-11-25 11:03:07,296 - rasterio._env - DEBUG - GDAL data found in package: path='/home/swx/miniconda3/envs/present_weather/lib/python3.12/site-packages/rasterio/gdal_data'.
2023-11-25 11:03:07,296 - rasterio._env - DEBUG - PROJ_LIB found in environment.
2023-11-25 11:03:07,296 - rasterio._env - DEBUG - Started GDALEnv: self=<rasterio._env.GDALEnv object at 0x7f6d25d05210>.
2023-11-25 11:03:07,297 - rasterio.env - DEBUG - Entered env context: <rasterio.env.Env object at 0x7f6d25d06000>
2023-11-25 11:03:07,297 - rasterio._base - DEBUG - Sharing flag: 0
2023-11-25 11:03:08,013 - rasterio._base - DEBUG - Nodata success: 1, Nodata value: nan
2023-11-25 11:03:08,014 - rasterio._base - DEBUG - Dataset <open DatasetReader name='https://radar.bmkg.go.id/raster/radarsatelit_202311251100.tif' mode='r'> is started.
2023-11-25 11:03:08,014 - rasterio.env - DEBUG - Exiting env context: <rasterio.env.Env object at 0x7f6d25d06000>
2023-11-25 11:03:08,015 - rasterio.env - DEBUG - Cleared existing <rasterio._env.GDALEnv object at 0x7f6d25d05210> options
2023-11-25 11:03:08,015 - rasterio._env - DEBUG - Stopped GDALEnv <rasterio._env.GDALEnv object at 0x7f6d25d05210>.
2023-11-25 11:03:08,015 - rasterio.env - DEBUG - Exiting outermost env
2023-11-25 11:03:08,015 - rasterio.env - DEBUG - Exited env context: <rasterio.env.Env object at 0x7f6d25d06000>
2023-11-25 11:03:08,015 - rasterio.env - DEBUG - Entering env context: <rasterio.env.Env object at 0x7f6d2528ba70>
2023-11-25 11:03:08,015 - rasterio.env - DEBUG - Starting outermost env
2023-11-25 11:03:08,015 - rasterio.env - DEBUG - No GDAL environment exists
2023-11-25 11:03:08,016 - rasterio.env - DEBUG - New GDAL environment <rasterio._env.GDALEnv object at 0x7f6d25d05210> created
2023-11-25 11:03:08,016 - rasterio._env - DEBUG - GDAL data found in package: path='/home/swx/miniconda3/envs/present_weather/lib/python3.12/site-packages/rasterio/gdal_data'.
2023-11-25 11:03:08,017 - rasterio._env - DEBUG - PROJ_LIB found in environment.
2023-11-25 11:03:08,017 - rasterio._env - DEBUG - Started GDALEnv: self=<rasterio._env.GDALEnv object at 0x7f6d25d05210>.
2023-11-25 11:03:08,017 - rasterio.env - DEBUG - Entered env context: <rasterio.env.Env object at 0x7f6d2528ba70>
2023-11-25 11:03:08,018 - rasterio.env - DEBUG - Got a copy of environment <rasterio._env.GDALEnv object at 0x7f6d25d05210> options
2023-11-25 11:03:08,018 - rasterio.env - DEBUG - Entering env context: <rasterio.env.Env object at 0x7f6d2c35d040>
2023-11-25 11:03:08,018 - rasterio.env - DEBUG - Got a copy of environment <rasterio._env.GDALEnv object at 0x7f6d25d05210> options
2023-11-25 11:03:08,018 - rasterio.env - DEBUG - Entered env context: <rasterio.env.Env object at 0x7f6d2c35d040>
2023-11-25 11:03:08,018 - rasterio._base - DEBUG - Sharing flag: 0
2023-11-25 11:03:08,020 - rasterio._base - DEBUG - Nodata success: 1, Nodata value: nan
2023-11-25 11:03:08,020 - rasterio._base - DEBUG - Dataset <open DatasetReader name='https://radar.bmkg.go.id/raster/radarsatelit_202311251100.tif' mode='r'> is started.
2023-11-25 11:03:08,020 - rasterio.env - DEBUG - Exiting env context: <rasterio.env.Env object at 0x7f6d2c35d040>
2023-11-25 11:03:08,020 - rasterio.env - DEBUG - Cleared existing <rasterio._env.GDALEnv object at 0x7f6d25d05210> options
2023-11-25 11:03:08,020 - rasterio._env - DEBUG - Stopped GDALEnv <rasterio._env.GDALEnv object at 0x7f6d25d05210>.
2023-11-25 11:03:08,020 - rasterio.env - DEBUG - No GDAL environment exists
2023-11-25 11:03:08,021 - rasterio.env - DEBUG - New GDAL environment <rasterio._env.GDALEnv object at 0x7f6d25d05210> created
2023-11-25 11:03:08,021 - rasterio._env - DEBUG - GDAL data found in package: path='/home/swx/miniconda3/envs/present_weather/lib/python3.12/site-packages/rasterio/gdal_data'.
2023-11-25 11:03:08,021 - rasterio._env - DEBUG - PROJ_LIB found in environment.
2023-11-25 11:03:08,022 - rasterio._env - DEBUG - Started GDALEnv: self=<rasterio._env.GDALEnv object at 0x7f6d25d05210>.
2023-11-25 11:03:08,022 - rasterio.env - DEBUG - Exited env context: <rasterio.env.Env object at 0x7f6d2c35d040>
2023-11-25 11:03:08,051 - rasterio._io - DEBUG - Output nodata value read from file: nan
2023-11-25 11:03:08,051 - rasterio._io - DEBUG - Output nodata values: [nan]
2023-11-25 11:03:08,051 - rasterio._io - DEBUG - all_valid: False
2023-11-25 11:03:08,051 - rasterio._io - DEBUG - mask_flags: ([<MaskFlags.nodata: 8>],)
2023-11-25 11:03:08,052 - rasterio._io - DEBUG - Jump straight to _read()
2023-11-25 11:03:08,052 - rasterio._io - DEBUG - Window: Window(col_off=0, row_off=0, width=10215, height=3792)
2023-11-25 11:03:08,052 - rasterio._io - DEBUG - IO window xoff=0.0 yoff=0.0 width=10215.0 height=3792.0
2023-11-25 11:03:08,888 - rasterio.env - DEBUG - Exiting env context: <rasterio.env.Env object at 0x7f6d2528ba70>
2023-11-25 11:03:08,888 - rasterio.env - DEBUG - Cleared existing <rasterio._env.GDALEnv object at 0x7f6d25d05210> options
2023-11-25 11:03:08,888 - rasterio._env - DEBUG - Stopped GDALEnv <rasterio._env.GDALEnv object at 0x7f6d25d05210>.
2023-11-25 11:03:08,888 - rasterio.env - DEBUG - Exiting outermost env
2023-11-25 11:03:08,888 - rasterio.env - DEBUG - Exited env context: <rasterio.env.Env object at 0x7f6d2528ba70>
2023-11-25 11:03:08,891 - urllib3.connectionpool - DEBUG - Starting new HTTPS connection (1): radar.bmkg.go.id:8060
2023-11-25 11:03:08,934 - urllib3.connectionpool - DEBUG - https://radar.bmkg.go.id:8060 "GET /getLatestLD?typeData=1 HTTP/1.1" 200 902
2023-11-25 11:03:08,945 - root - INFO - Generating present weather using RADAR data
2023-11-25 11:03:12,272 - root - INFO - dask.bag<lambda, npartitions=20>
2023-11-25 11:16:12,403 - root - INFO - Total elapsed time: 0:13:08.413432
