2023-12-12 07:33:02,390 - root - INFO - Initiating present weather
2023-12-12 07:33:02,392 - asyncio - DEBUG - Using selector: EpollSelector
2023-12-12 07:33:03,937 - urllib3.connectionpool - DEBUG - Starting new HTTPS connection (1): radar.bmkg.go.id:8060
2023-12-12 07:33:03,951 - urllib3.connectionpool - DEBUG - https://radar.bmkg.go.id:8060 "GET /getLatestLD?typeData=1 HTTP/1.1" 200 62
2023-12-12 07:33:03,953 - urllib3.connectionpool - DEBUG - Starting new HTTPS connection (1): radar.bmkg.go.id:8060
2023-12-12 07:33:03,971 - urllib3.connectionpool - DEBUG - https://radar.bmkg.go.id:8060 "GET /getRadarGeotif?token=19387e71e78522ae4172ec0fda640983b8438c9cfa0ca571623cb69d8327&radar=amandemenForecast&type=latest HTTP/1.1" 200 90
2023-12-12 07:33:03,972 - rasterio.env - DEBUG - Entering env context: <rasterio.env.Env object at 0x7f764b6c92a0>
2023-12-12 07:33:03,972 - rasterio.env - DEBUG - Starting outermost env
2023-12-12 07:33:03,972 - rasterio.env - DEBUG - No GDAL environment exists
2023-12-12 07:33:03,973 - rasterio.env - DEBUG - New GDAL environment <rasterio._env.GDALEnv object at 0x7f764b6c9210> created
2023-12-12 07:33:03,975 - rasterio._filepath - DEBUG - Installing FilePath filesystem handler plugin...
2023-12-12 07:33:03,975 - rasterio._env - DEBUG - GDAL data found in package: path='/home/metpublic/PYTHON_VENV/present_weather/lib/python3.10/site-packages/rasterio/gdal_data'.
2023-12-12 07:33:03,975 - rasterio._env - DEBUG - PROJ data found in package: path='/home/metpublic/PYTHON_VENV/present_weather/lib/python3.10/site-packages/rasterio/proj_data'.
2023-12-12 07:33:03,975 - rasterio._env - DEBUG - Started GDALEnv: self=<rasterio._env.GDALEnv object at 0x7f764b6c9210>.
2023-12-12 07:33:03,975 - rasterio.env - DEBUG - Entered env context: <rasterio.env.Env object at 0x7f764b6c92a0>
2023-12-12 07:33:03,975 - rasterio._base - DEBUG - Sharing flag: 0
2023-12-12 07:33:04,262 - rasterio._base - DEBUG - Nodata success: 1, Nodata value: nan
2023-12-12 07:33:04,262 - rasterio._base - DEBUG - Dataset <open DatasetReader name='https://radar.bmkg.go.id/raster/radarsatelit_202312120730.tif' mode='r'> is started.
2023-12-12 07:33:04,263 - rasterio.env - DEBUG - Exiting env context: <rasterio.env.Env object at 0x7f764b6c92a0>
2023-12-12 07:33:04,263 - rasterio.env - DEBUG - Cleared existing <rasterio._env.GDALEnv object at 0x7f764b6c9210> options
2023-12-12 07:33:04,263 - rasterio._env - DEBUG - Stopped GDALEnv <rasterio._env.GDALEnv object at 0x7f764b6c9210>.
2023-12-12 07:33:04,263 - rasterio.env - DEBUG - Exiting outermost env
2023-12-12 07:33:04,263 - rasterio.env - DEBUG - Exited env context: <rasterio.env.Env object at 0x7f764b6c92a0>
2023-12-12 07:33:04,263 - rasterio.env - DEBUG - Entering env context: <rasterio.env.Env object at 0x7f764b6c9150>
2023-12-12 07:33:04,263 - rasterio.env - DEBUG - Starting outermost env
2023-12-12 07:33:04,263 - rasterio.env - DEBUG - No GDAL environment exists
2023-12-12 07:33:04,263 - rasterio.env - DEBUG - New GDAL environment <rasterio._env.GDALEnv object at 0x7f764b6c9210> created
2023-12-12 07:33:04,264 - rasterio._env - DEBUG - GDAL data found in package: path='/home/metpublic/PYTHON_VENV/present_weather/lib/python3.10/site-packages/rasterio/gdal_data'.
2023-12-12 07:33:04,264 - rasterio._env - DEBUG - PROJ data found in package: path='/home/metpublic/PYTHON_VENV/present_weather/lib/python3.10/site-packages/rasterio/proj_data'.
2023-12-12 07:33:04,264 - rasterio._env - DEBUG - Started GDALEnv: self=<rasterio._env.GDALEnv object at 0x7f764b6c9210>.
2023-12-12 07:33:04,264 - rasterio.env - DEBUG - Entered env context: <rasterio.env.Env object at 0x7f764b6c9150>
2023-12-12 07:33:04,265 - rasterio.env - DEBUG - Got a copy of environment <rasterio._env.GDALEnv object at 0x7f764b6c9210> options
2023-12-12 07:33:04,265 - rasterio.env - DEBUG - Entering env context: <rasterio.env.Env object at 0x7f76485823e0>
2023-12-12 07:33:04,265 - rasterio.env - DEBUG - Got a copy of environment <rasterio._env.GDALEnv object at 0x7f764b6c9210> options
2023-12-12 07:33:04,265 - rasterio.env - DEBUG - Entered env context: <rasterio.env.Env object at 0x7f76485823e0>
2023-12-12 07:33:04,265 - rasterio._base - DEBUG - Sharing flag: 0
2023-12-12 07:33:04,266 - rasterio._base - DEBUG - Nodata success: 1, Nodata value: nan
2023-12-12 07:33:04,266 - rasterio._base - DEBUG - Dataset <open DatasetReader name='https://radar.bmkg.go.id/raster/radarsatelit_202312120730.tif' mode='r'> is started.
2023-12-12 07:33:04,266 - rasterio.env - DEBUG - Exiting env context: <rasterio.env.Env object at 0x7f76485823e0>
2023-12-12 07:33:04,266 - rasterio.env - DEBUG - Cleared existing <rasterio._env.GDALEnv object at 0x7f764b6c9210> options
2023-12-12 07:33:04,266 - rasterio._env - DEBUG - Stopped GDALEnv <rasterio._env.GDALEnv object at 0x7f764b6c9210>.
2023-12-12 07:33:04,266 - rasterio.env - DEBUG - No GDAL environment exists
2023-12-12 07:33:04,266 - rasterio.env - DEBUG - New GDAL environment <rasterio._env.GDALEnv object at 0x7f764b6c9210> created
2023-12-12 07:33:04,266 - rasterio._env - DEBUG - GDAL data found in package: path='/home/metpublic/PYTHON_VENV/present_weather/lib/python3.10/site-packages/rasterio/gdal_data'.
2023-12-12 07:33:04,267 - rasterio._env - DEBUG - PROJ data found in package: path='/home/metpublic/PYTHON_VENV/present_weather/lib/python3.10/site-packages/rasterio/proj_data'.
2023-12-12 07:33:04,267 - rasterio._env - DEBUG - Started GDALEnv: self=<rasterio._env.GDALEnv object at 0x7f764b6c9210>.
2023-12-12 07:33:04,267 - rasterio.env - DEBUG - Exited env context: <rasterio.env.Env object at 0x7f76485823e0>
2023-12-12 07:33:04,283 - rasterio._io - DEBUG - Output nodata value read from file: nan
2023-12-12 07:33:04,283 - rasterio._io - DEBUG - Output nodata values: [nan]
2023-12-12 07:33:04,283 - rasterio._io - DEBUG - all_valid: False
2023-12-12 07:33:04,283 - rasterio._io - DEBUG - mask_flags: ([<MaskFlags.nodata: 8>],)
2023-12-12 07:33:04,284 - rasterio._io - DEBUG - Jump straight to _read()
2023-12-12 07:33:04,284 - rasterio._io - DEBUG - Window: Window(col_off=0, row_off=0, width=10176, height=3692)
2023-12-12 07:33:04,284 - rasterio._io - DEBUG - IO window xoff=0.0 yoff=0.0 width=10176.0 height=3692.0
2023-12-12 07:33:04,835 - rasterio.env - DEBUG - Exiting env context: <rasterio.env.Env object at 0x7f764b6c9150>
2023-12-12 07:33:04,835 - rasterio.env - DEBUG - Cleared existing <rasterio._env.GDALEnv object at 0x7f764b6c9210> options
2023-12-12 07:33:04,835 - rasterio._env - DEBUG - Stopped GDALEnv <rasterio._env.GDALEnv object at 0x7f764b6c9210>.
2023-12-12 07:33:04,835 - rasterio.env - DEBUG - Exiting outermost env
2023-12-12 07:33:04,835 - rasterio.env - DEBUG - Exited env context: <rasterio.env.Env object at 0x7f764b6c9150>
2023-12-12 07:37:28,274 - rasterio.env - DEBUG - Entering env context: <rasterio.env.Env object at 0x7f7648619210>
2023-12-12 07:37:28,274 - rasterio.env - DEBUG - Starting outermost env
2023-12-12 07:37:28,275 - rasterio.env - DEBUG - No GDAL environment exists
2023-12-12 07:37:28,275 - rasterio.env - DEBUG - New GDAL environment <rasterio._env.GDALEnv object at 0x7f764861b370> created
2023-12-12 07:37:28,275 - rasterio._env - DEBUG - GDAL data found in package: path='/home/metpublic/PYTHON_VENV/present_weather/lib/python3.10/site-packages/rasterio/gdal_data'.
2023-12-12 07:37:28,275 - rasterio._env - DEBUG - PROJ data found in package: path='/home/metpublic/PYTHON_VENV/present_weather/lib/python3.10/site-packages/rasterio/proj_data'.
2023-12-12 07:37:28,276 - rasterio._env - DEBUG - Started GDALEnv: self=<rasterio._env.GDALEnv object at 0x7f764861b370>.
2023-12-12 07:37:28,276 - rasterio.env - DEBUG - Entered env context: <rasterio.env.Env object at 0x7f7648619210>
2023-12-12 07:37:28,276 - rasterio._base - DEBUG - Sharing flag: 0
2023-12-12 07:37:28,278 - rasterio._base - DEBUG - Nodata success: 0, Nodata value: 0.000000
2023-12-12 07:37:28,278 - rasterio._base - DEBUG - Dataset <open DatasetReader name='/home/metpublic/TASK_RELEASE/EFAN/present_weather/src/H09_B13_Indonesia_20231212.Z0720.cor.tiff' mode='r'> is started.
2023-12-12 07:37:28,278 - rasterio.env - DEBUG - Exiting env context: <rasterio.env.Env object at 0x7f7648619210>
2023-12-12 07:37:28,279 - rasterio.env - DEBUG - Cleared existing <rasterio._env.GDALEnv object at 0x7f764861b370> options
2023-12-12 07:37:28,279 - rasterio._env - DEBUG - Stopped GDALEnv <rasterio._env.GDALEnv object at 0x7f764861b370>.
2023-12-12 07:37:28,279 - rasterio.env - DEBUG - Exiting outermost env
2023-12-12 07:37:28,279 - rasterio.env - DEBUG - Exited env context: <rasterio.env.Env object at 0x7f7648619210>
2023-12-12 07:37:28,280 - rasterio.env - DEBUG - Entering env context: <rasterio.env.Env object at 0x7f7648389f90>
2023-12-12 07:37:28,280 - rasterio.env - DEBUG - Starting outermost env
2023-12-12 07:37:28,280 - rasterio.env - DEBUG - No GDAL environment exists
2023-12-12 07:37:28,280 - rasterio.env - DEBUG - New GDAL environment <rasterio._env.GDALEnv object at 0x7f7648389660> created
2023-12-12 07:37:28,281 - rasterio._env - DEBUG - GDAL data found in package: path='/home/metpublic/PYTHON_VENV/present_weather/lib/python3.10/site-packages/rasterio/gdal_data'.
2023-12-12 07:37:28,282 - rasterio._env - DEBUG - PROJ data found in package: path='/home/metpublic/PYTHON_VENV/present_weather/lib/python3.10/site-packages/rasterio/proj_data'.
2023-12-12 07:37:28,282 - rasterio._env - DEBUG - Started GDALEnv: self=<rasterio._env.GDALEnv object at 0x7f7648389660>.
2023-12-12 07:37:28,283 - rasterio.env - DEBUG - Entered env context: <rasterio.env.Env object at 0x7f7648389f90>
2023-12-12 07:37:28,283 - rasterio._base - DEBUG - Sharing flag: 0
2023-12-12 07:37:28,284 - rasterio._base - DEBUG - Nodata success: 0, Nodata value: 0.000000
2023-12-12 07:37:28,284 - rasterio._base - DEBUG - Dataset <open DatasetReader name='/home/metpublic/TASK_RELEASE/EFAN/present_weather/src/H09_B13_Indonesia_20231212.Z0720.cor.tiff' mode='r'> is started.
2023-12-12 07:37:28,285 - rasterio.env - DEBUG - Exiting env context: <rasterio.env.Env object at 0x7f7648389f90>
2023-12-12 07:37:28,285 - rasterio.env - DEBUG - Cleared existing <rasterio._env.GDALEnv object at 0x7f7648389660> options
2023-12-12 07:37:28,285 - rasterio._env - DEBUG - Stopped GDALEnv <rasterio._env.GDALEnv object at 0x7f7648389660>.
2023-12-12 07:37:28,285 - rasterio.env - DEBUG - Exiting outermost env
2023-12-12 07:37:28,285 - rasterio.env - DEBUG - Exited env context: <rasterio.env.Env object at 0x7f7648389f90>
2023-12-12 07:37:28,297 - root - INFO - Generating present weather using SATELITE data
2023-12-12 07:38:59,064 - root - INFO - Total elapsed time: 0:05:56.674212
