2023-11-16 01:40:03,982 - root - INFO - Initiating present weather
2023-11-16 01:40:03,986 - urllib3.connectionpool - DEBUG - Starting new HTTPS connection (1): radar.bmkg.go.id:8060
2023-11-16 01:40:04,056 - urllib3.connectionpool - DEBUG - https://radar.bmkg.go.id:8060 "GET /getRadarGeotif?token=19387e71e78522ae4172ec0fda640983b8438c9cfa0ca571623cb69d8327&radar=amandemenForecast&type=latest HTTP/1.1" 200 90
2023-11-16 01:40:04,059 - rasterio.env - DEBUG - Entering env context: <rasterio.env.Env object at 0x7f30f935bc20>
2023-11-16 01:40:04,059 - rasterio.env - DEBUG - Starting outermost env
2023-11-16 01:40:04,060 - rasterio.env - DEBUG - No GDAL environment exists
2023-11-16 01:40:04,060 - rasterio.env - DEBUG - New GDAL environment <rasterio._env.GDALEnv object at 0x7f3134428c40> created
2023-11-16 01:40:04,064 - rasterio._filepath - DEBUG - Installing FilePath filesystem handler plugin...
2023-11-16 01:40:04,064 - rasterio._env - DEBUG - GDAL data found in package: path='/home/swx/miniconda3/envs/present_weather/lib/python3.12/site-packages/rasterio/gdal_data'.
2023-11-16 01:40:04,064 - rasterio._env - DEBUG - PROJ_LIB found in environment.
2023-11-16 01:40:04,065 - rasterio._env - DEBUG - Started GDALEnv: self=<rasterio._env.GDALEnv object at 0x7f3134428c40>.
2023-11-16 01:40:04,065 - rasterio.env - DEBUG - Entered env context: <rasterio.env.Env object at 0x7f30f935bc20>
2023-11-16 01:40:04,065 - rasterio._base - DEBUG - Sharing flag: 0
2023-11-16 01:40:04,276 - rasterio._base - DEBUG - Nodata success: 1, Nodata value: nan
2023-11-16 01:40:04,276 - rasterio._base - DEBUG - Dataset <open DatasetReader name='https://radar.bmkg.go.id/raster/radarsatelit_202311160130.tif' mode='r'> is started.
2023-11-16 01:40:04,277 - rasterio.env - DEBUG - Exiting env context: <rasterio.env.Env object at 0x7f30f935bc20>
2023-11-16 01:40:04,277 - rasterio.env - DEBUG - Cleared existing <rasterio._env.GDALEnv object at 0x7f3134428c40> options
2023-11-16 01:40:04,277 - rasterio._env - DEBUG - Stopped GDALEnv <rasterio._env.GDALEnv object at 0x7f3134428c40>.
2023-11-16 01:40:04,277 - rasterio.env - DEBUG - Exiting outermost env
2023-11-16 01:40:04,277 - rasterio.env - DEBUG - Exited env context: <rasterio.env.Env object at 0x7f30f935bc20>
2023-11-16 01:40:04,277 - rasterio.env - DEBUG - Entering env context: <rasterio.env.Env object at 0x7f31801653d0>
2023-11-16 01:40:04,278 - rasterio.env - DEBUG - Starting outermost env
2023-11-16 01:40:04,278 - rasterio.env - DEBUG - No GDAL environment exists
2023-11-16 01:40:04,278 - rasterio.env - DEBUG - New GDAL environment <rasterio._env.GDALEnv object at 0x7f3134428c40> created
2023-11-16 01:40:04,278 - rasterio._env - DEBUG - GDAL data found in package: path='/home/swx/miniconda3/envs/present_weather/lib/python3.12/site-packages/rasterio/gdal_data'.
2023-11-16 01:40:04,279 - rasterio._env - DEBUG - PROJ_LIB found in environment.
2023-11-16 01:40:04,279 - rasterio._env - DEBUG - Started GDALEnv: self=<rasterio._env.GDALEnv object at 0x7f3134428c40>.
2023-11-16 01:40:04,279 - rasterio.env - DEBUG - Entered env context: <rasterio.env.Env object at 0x7f31801653d0>
2023-11-16 01:40:04,279 - rasterio.env - DEBUG - Got a copy of environment <rasterio._env.GDALEnv object at 0x7f3134428c40> options
2023-11-16 01:40:04,280 - rasterio.env - DEBUG - Entering env context: <rasterio.env.Env object at 0x7f315d9e52e0>
2023-11-16 01:40:04,280 - rasterio.env - DEBUG - Got a copy of environment <rasterio._env.GDALEnv object at 0x7f3134428c40> options
2023-11-16 01:40:04,280 - rasterio.env - DEBUG - Entered env context: <rasterio.env.Env object at 0x7f315d9e52e0>
2023-11-16 01:40:04,280 - rasterio._base - DEBUG - Sharing flag: 0
2023-11-16 01:40:04,281 - rasterio._base - DEBUG - Nodata success: 1, Nodata value: nan
2023-11-16 01:40:04,281 - rasterio._base - DEBUG - Dataset <open DatasetReader name='https://radar.bmkg.go.id/raster/radarsatelit_202311160130.tif' mode='r'> is started.
2023-11-16 01:40:04,281 - rasterio.env - DEBUG - Exiting env context: <rasterio.env.Env object at 0x7f315d9e52e0>
2023-11-16 01:40:04,281 - rasterio.env - DEBUG - Cleared existing <rasterio._env.GDALEnv object at 0x7f3134428c40> options
2023-11-16 01:40:04,282 - rasterio._env - DEBUG - Stopped GDALEnv <rasterio._env.GDALEnv object at 0x7f3134428c40>.
2023-11-16 01:40:04,282 - rasterio.env - DEBUG - No GDAL environment exists
2023-11-16 01:40:04,282 - rasterio.env - DEBUG - New GDAL environment <rasterio._env.GDALEnv object at 0x7f3134428c40> created
2023-11-16 01:40:04,282 - rasterio._env - DEBUG - GDAL data found in package: path='/home/swx/miniconda3/envs/present_weather/lib/python3.12/site-packages/rasterio/gdal_data'.
2023-11-16 01:40:04,282 - rasterio._env - DEBUG - PROJ_LIB found in environment.
2023-11-16 01:40:04,283 - rasterio._env - DEBUG - Started GDALEnv: self=<rasterio._env.GDALEnv object at 0x7f3134428c40>.
2023-11-16 01:40:04,283 - rasterio.env - DEBUG - Exited env context: <rasterio.env.Env object at 0x7f315d9e52e0>
2023-11-16 01:40:04,313 - rasterio._io - DEBUG - Output nodata value read from file: nan
2023-11-16 01:40:04,313 - rasterio._io - DEBUG - Output nodata values: [nan]
2023-11-16 01:40:04,313 - rasterio._io - DEBUG - all_valid: False
2023-11-16 01:40:04,313 - rasterio._io - DEBUG - mask_flags: ([<MaskFlags.nodata: 8>],)
2023-11-16 01:40:04,314 - rasterio._io - DEBUG - Jump straight to _read()
2023-11-16 01:40:04,314 - rasterio._io - DEBUG - Window: Window(col_off=0, row_off=0, width=10215, height=3792)
2023-11-16 01:40:04,314 - rasterio._io - DEBUG - IO window xoff=0.0 yoff=0.0 width=10215.0 height=3792.0
2023-11-16 01:40:04,965 - rasterio.env - DEBUG - Exiting env context: <rasterio.env.Env object at 0x7f31801653d0>
2023-11-16 01:40:04,965 - rasterio.env - DEBUG - Cleared existing <rasterio._env.GDALEnv object at 0x7f3134428c40> options
2023-11-16 01:40:04,965 - rasterio._env - DEBUG - Stopped GDALEnv <rasterio._env.GDALEnv object at 0x7f3134428c40>.
2023-11-16 01:40:04,965 - rasterio.env - DEBUG - Exiting outermost env
2023-11-16 01:40:04,965 - rasterio.env - DEBUG - Exited env context: <rasterio.env.Env object at 0x7f31801653d0>
2023-11-16 01:40:04,967 - urllib3.connectionpool - DEBUG - Starting new HTTPS connection (1): radar.bmkg.go.id:8060
2023-11-16 01:40:05,058 - urllib3.connectionpool - DEBUG - https://radar.bmkg.go.id:8060 "GET /getLatestLD?typeData=1 HTTP/1.1" 200 149449
2023-11-16 01:40:05,115 - asyncio - DEBUG - Using selector: EpollSelector
2023-11-16 01:40:11,827 - root - INFO - dask.bag<lambda, npartitions=34>
2023-11-16 01:52:06,624 - root - INFO - Total elapsed time: 0:12:02.643345
