2023-11-17 12:40:03,198 - root - INFO - Initiating present weather
2023-11-17 12:40:03,203 - urllib3.connectionpool - DEBUG - Starting new HTTPS connection (1): radar.bmkg.go.id:8060
2023-11-17 12:40:03,278 - urllib3.connectionpool - DEBUG - https://radar.bmkg.go.id:8060 "GET /getRadarGeotif?token=19387e71e78522ae4172ec0fda640983b8438c9cfa0ca571623cb69d8327&radar=amandemenForecast&type=latest HTTP/1.1" 200 90
2023-11-17 12:40:03,281 - rasterio.env - DEBUG - Entering env context: <rasterio.env.Env object at 0x7fa8d435ee70>
2023-11-17 12:40:03,282 - rasterio.env - DEBUG - Starting outermost env
2023-11-17 12:40:03,282 - rasterio.env - DEBUG - No GDAL environment exists
2023-11-17 12:40:03,282 - rasterio.env - DEBUG - New GDAL environment <rasterio._env.GDALEnv object at 0x7fa9158fd420> created
2023-11-17 12:40:03,287 - rasterio._filepath - DEBUG - Installing FilePath filesystem handler plugin...
2023-11-17 12:40:03,287 - rasterio._env - DEBUG - GDAL data found in package: path='/home/swx/miniconda3/envs/present_weather/lib/python3.12/site-packages/rasterio/gdal_data'.
2023-11-17 12:40:03,287 - rasterio._env - DEBUG - PROJ_LIB found in environment.
2023-11-17 12:40:03,287 - rasterio._env - DEBUG - Started GDALEnv: self=<rasterio._env.GDALEnv object at 0x7fa9158fd420>.
2023-11-17 12:40:03,287 - rasterio.env - DEBUG - Entered env context: <rasterio.env.Env object at 0x7fa8d435ee70>
2023-11-17 12:40:03,287 - rasterio._base - DEBUG - Sharing flag: 0
2023-11-17 12:40:03,488 - rasterio._base - DEBUG - Nodata success: 1, Nodata value: nan
2023-11-17 12:40:03,488 - rasterio._base - DEBUG - Dataset <open DatasetReader name='https://radar.bmkg.go.id/raster/radarsatelit_202311171230.tif' mode='r'> is started.
2023-11-17 12:40:03,488 - rasterio.env - DEBUG - Exiting env context: <rasterio.env.Env object at 0x7fa8d435ee70>
2023-11-17 12:40:03,489 - rasterio.env - DEBUG - Cleared existing <rasterio._env.GDALEnv object at 0x7fa9158fd420> options
2023-11-17 12:40:03,489 - rasterio._env - DEBUG - Stopped GDALEnv <rasterio._env.GDALEnv object at 0x7fa9158fd420>.
2023-11-17 12:40:03,489 - rasterio.env - DEBUG - Exiting outermost env
2023-11-17 12:40:03,489 - rasterio.env - DEBUG - Exited env context: <rasterio.env.Env object at 0x7fa8d435ee70>
2023-11-17 12:40:03,489 - rasterio.env - DEBUG - Entering env context: <rasterio.env.Env object at 0x7fa962533ec0>
2023-11-17 12:40:03,489 - rasterio.env - DEBUG - Starting outermost env
2023-11-17 12:40:03,489 - rasterio.env - DEBUG - No GDAL environment exists
2023-11-17 12:40:03,489 - rasterio.env - DEBUG - New GDAL environment <rasterio._env.GDALEnv object at 0x7fa8d43b5810> created
2023-11-17 12:40:03,490 - rasterio._env - DEBUG - GDAL data found in package: path='/home/swx/miniconda3/envs/present_weather/lib/python3.12/site-packages/rasterio/gdal_data'.
2023-11-17 12:40:03,490 - rasterio._env - DEBUG - PROJ_LIB found in environment.
2023-11-17 12:40:03,490 - rasterio._env - DEBUG - Started GDALEnv: self=<rasterio._env.GDALEnv object at 0x7fa8d43b5810>.
2023-11-17 12:40:03,490 - rasterio.env - DEBUG - Entered env context: <rasterio.env.Env object at 0x7fa962533ec0>
2023-11-17 12:40:03,491 - rasterio.env - DEBUG - Got a copy of environment <rasterio._env.GDALEnv object at 0x7fa8d43b5810> options
2023-11-17 12:40:03,491 - rasterio.env - DEBUG - Entering env context: <rasterio.env.Env object at 0x7fa9371fcfe0>
2023-11-17 12:40:03,491 - rasterio.env - DEBUG - Got a copy of environment <rasterio._env.GDALEnv object at 0x7fa8d43b5810> options
2023-11-17 12:40:03,491 - rasterio.env - DEBUG - Entered env context: <rasterio.env.Env object at 0x7fa9371fcfe0>
2023-11-17 12:40:03,491 - rasterio._base - DEBUG - Sharing flag: 0
2023-11-17 12:40:03,492 - rasterio._base - DEBUG - Nodata success: 1, Nodata value: nan
2023-11-17 12:40:03,493 - rasterio._base - DEBUG - Dataset <open DatasetReader name='https://radar.bmkg.go.id/raster/radarsatelit_202311171230.tif' mode='r'> is started.
2023-11-17 12:40:03,493 - rasterio.env - DEBUG - Exiting env context: <rasterio.env.Env object at 0x7fa9371fcfe0>
2023-11-17 12:40:03,493 - rasterio.env - DEBUG - Cleared existing <rasterio._env.GDALEnv object at 0x7fa8d43b5810> options
2023-11-17 12:40:03,493 - rasterio._env - DEBUG - Stopped GDALEnv <rasterio._env.GDALEnv object at 0x7fa8d43b5810>.
2023-11-17 12:40:03,493 - rasterio.env - DEBUG - No GDAL environment exists
2023-11-17 12:40:03,493 - rasterio.env - DEBUG - New GDAL environment <rasterio._env.GDALEnv object at 0x7fa8d43b5810> created
2023-11-17 12:40:03,494 - rasterio._env - DEBUG - GDAL data found in package: path='/home/swx/miniconda3/envs/present_weather/lib/python3.12/site-packages/rasterio/gdal_data'.
2023-11-17 12:40:03,494 - rasterio._env - DEBUG - PROJ_LIB found in environment.
2023-11-17 12:40:03,494 - rasterio._env - DEBUG - Started GDALEnv: self=<rasterio._env.GDALEnv object at 0x7fa8d43b5810>.
2023-11-17 12:40:03,494 - rasterio.env - DEBUG - Exited env context: <rasterio.env.Env object at 0x7fa9371fcfe0>
2023-11-17 12:40:03,523 - rasterio._io - DEBUG - Output nodata value read from file: nan
2023-11-17 12:40:03,523 - rasterio._io - DEBUG - Output nodata values: [nan]
2023-11-17 12:40:03,524 - rasterio._io - DEBUG - all_valid: False
2023-11-17 12:40:03,524 - rasterio._io - DEBUG - mask_flags: ([<MaskFlags.nodata: 8>],)
2023-11-17 12:40:03,524 - rasterio._io - DEBUG - Jump straight to _read()
2023-11-17 12:40:03,524 - rasterio._io - DEBUG - Window: Window(col_off=0, row_off=0, width=10215, height=3792)
2023-11-17 12:40:03,524 - rasterio._io - DEBUG - IO window xoff=0.0 yoff=0.0 width=10215.0 height=3792.0
2023-11-17 12:40:04,246 - rasterio.env - DEBUG - Exiting env context: <rasterio.env.Env object at 0x7fa962533ec0>
2023-11-17 12:40:04,247 - rasterio.env - DEBUG - Cleared existing <rasterio._env.GDALEnv object at 0x7fa8d43b5810> options
2023-11-17 12:40:04,247 - rasterio._env - DEBUG - Stopped GDALEnv <rasterio._env.GDALEnv object at 0x7fa8d43b5810>.
2023-11-17 12:40:04,247 - rasterio.env - DEBUG - Exiting outermost env
2023-11-17 12:40:04,247 - rasterio.env - DEBUG - Exited env context: <rasterio.env.Env object at 0x7fa962533ec0>
2023-11-17 12:40:04,249 - urllib3.connectionpool - DEBUG - Starting new HTTPS connection (1): radar.bmkg.go.id:8060
2023-11-17 12:40:04,305 - urllib3.connectionpool - DEBUG - https://radar.bmkg.go.id:8060 "GET /getLatestLD?typeData=1 HTTP/1.1" 200 39010
2023-11-17 12:40:04,325 - asyncio - DEBUG - Using selector: EpollSelector
2023-11-17 12:40:11,060 - root - INFO - dask.bag<lambda, npartitions=34>
2023-11-17 12:52:18,890 - root - INFO - Total elapsed time: 0:12:15.692672
