2023-11-04 21:40:03,205 - root - INFO - Initiating present weather
2023-11-04 21:40:03,209 - urllib3.connectionpool - DEBUG - Starting new HTTPS connection (1): radar.bmkg.go.id:8060
2023-11-04 21:40:03,285 - urllib3.connectionpool - DEBUG - https://radar.bmkg.go.id:8060 "GET /getRadarGeotif?token=19387e71e78522ae4172ec0fda640983b8438c9cfa0ca571623cb69d8327&radar=amandemenForecast&type=latest HTTP/1.1" 200 90
2023-11-04 21:40:03,288 - rasterio.env - DEBUG - Entering env context: <rasterio.env.Env object at 0x7fa010614a40>
2023-11-04 21:40:03,289 - rasterio.env - DEBUG - Starting outermost env
2023-11-04 21:40:03,290 - rasterio.env - DEBUG - No GDAL environment exists
2023-11-04 21:40:03,290 - rasterio.env - DEBUG - New GDAL environment <rasterio._env.GDALEnv object at 0x7fa0199d5ae0> created
2023-11-04 21:40:03,294 - rasterio._filepath - DEBUG - Installing FilePath filesystem handler plugin...
2023-11-04 21:40:03,295 - rasterio._env - DEBUG - GDAL data found in package: path='/home/swx/miniconda3/envs/present_weather/lib/python3.12/site-packages/rasterio/gdal_data'.
2023-11-04 21:40:03,295 - rasterio._env - DEBUG - PROJ_LIB found in environment.
2023-11-04 21:40:03,295 - rasterio._env - DEBUG - Started GDALEnv: self=<rasterio._env.GDALEnv object at 0x7fa0199d5ae0>.
2023-11-04 21:40:03,295 - rasterio.env - DEBUG - Entered env context: <rasterio.env.Env object at 0x7fa010614a40>
2023-11-04 21:40:03,295 - rasterio._base - DEBUG - Sharing flag: 0
2023-11-04 21:40:03,451 - rasterio._base - DEBUG - Nodata success: 1, Nodata value: nan
2023-11-04 21:40:03,451 - rasterio._base - DEBUG - Dataset <open DatasetReader name='https://radar.bmkg.go.id/raster/radarsatelit_202311042120.tif' mode='r'> is started.
2023-11-04 21:40:03,452 - rasterio.env - DEBUG - Exiting env context: <rasterio.env.Env object at 0x7fa010614a40>
2023-11-04 21:40:03,452 - rasterio.env - DEBUG - Cleared existing <rasterio._env.GDALEnv object at 0x7fa0199d5ae0> options
2023-11-04 21:40:03,452 - rasterio._env - DEBUG - Stopped GDALEnv <rasterio._env.GDALEnv object at 0x7fa0199d5ae0>.
2023-11-04 21:40:03,452 - rasterio.env - DEBUG - Exiting outermost env
2023-11-04 21:40:03,452 - rasterio.env - DEBUG - Exited env context: <rasterio.env.Env object at 0x7fa010614a40>
2023-11-04 21:40:03,452 - rasterio.env - DEBUG - Entering env context: <rasterio.env.Env object at 0x7fa04c3c3e30>
2023-11-04 21:40:03,453 - rasterio.env - DEBUG - Starting outermost env
2023-11-04 21:40:03,453 - rasterio.env - DEBUG - No GDAL environment exists
2023-11-04 21:40:03,453 - rasterio.env - DEBUG - New GDAL environment <rasterio._env.GDALEnv object at 0x7fa064ffdb40> created
2023-11-04 21:40:03,453 - rasterio._env - DEBUG - GDAL data found in package: path='/home/swx/miniconda3/envs/present_weather/lib/python3.12/site-packages/rasterio/gdal_data'.
2023-11-04 21:40:03,453 - rasterio._env - DEBUG - PROJ_LIB found in environment.
2023-11-04 21:40:03,454 - rasterio._env - DEBUG - Started GDALEnv: self=<rasterio._env.GDALEnv object at 0x7fa064ffdb40>.
2023-11-04 21:40:03,454 - rasterio.env - DEBUG - Entered env context: <rasterio.env.Env object at 0x7fa04c3c3e30>
2023-11-04 21:40:03,454 - rasterio.env - DEBUG - Got a copy of environment <rasterio._env.GDALEnv object at 0x7fa064ffdb40> options
2023-11-04 21:40:03,455 - rasterio.env - DEBUG - Entering env context: <rasterio.env.Env object at 0x7fa06dad70e0>
2023-11-04 21:40:03,455 - rasterio.env - DEBUG - Got a copy of environment <rasterio._env.GDALEnv object at 0x7fa064ffdb40> options
2023-11-04 21:40:03,455 - rasterio.env - DEBUG - Entered env context: <rasterio.env.Env object at 0x7fa06dad70e0>
2023-11-04 21:40:03,455 - rasterio._base - DEBUG - Sharing flag: 0
2023-11-04 21:40:03,456 - rasterio._base - DEBUG - Nodata success: 1, Nodata value: nan
2023-11-04 21:40:03,456 - rasterio._base - DEBUG - Dataset <open DatasetReader name='https://radar.bmkg.go.id/raster/radarsatelit_202311042120.tif' mode='r'> is started.
2023-11-04 21:40:03,456 - rasterio.env - DEBUG - Exiting env context: <rasterio.env.Env object at 0x7fa06dad70e0>
2023-11-04 21:40:03,456 - rasterio.env - DEBUG - Cleared existing <rasterio._env.GDALEnv object at 0x7fa064ffdb40> options
2023-11-04 21:40:03,456 - rasterio._env - DEBUG - Stopped GDALEnv <rasterio._env.GDALEnv object at 0x7fa064ffdb40>.
2023-11-04 21:40:03,456 - rasterio.env - DEBUG - No GDAL environment exists
2023-11-04 21:40:03,457 - rasterio.env - DEBUG - New GDAL environment <rasterio._env.GDALEnv object at 0x7fa064ffdb40> created
2023-11-04 21:40:03,457 - rasterio._env - DEBUG - GDAL data found in package: path='/home/swx/miniconda3/envs/present_weather/lib/python3.12/site-packages/rasterio/gdal_data'.
2023-11-04 21:40:03,457 - rasterio._env - DEBUG - PROJ_LIB found in environment.
2023-11-04 21:40:03,457 - rasterio._env - DEBUG - Started GDALEnv: self=<rasterio._env.GDALEnv object at 0x7fa064ffdb40>.
2023-11-04 21:40:03,457 - rasterio.env - DEBUG - Exited env context: <rasterio.env.Env object at 0x7fa06dad70e0>
2023-11-04 21:40:03,487 - rasterio._io - DEBUG - Output nodata value read from file: nan
2023-11-04 21:40:03,487 - rasterio._io - DEBUG - Output nodata values: [nan]
2023-11-04 21:40:03,487 - rasterio._io - DEBUG - all_valid: False
2023-11-04 21:40:03,487 - rasterio._io - DEBUG - mask_flags: ([<MaskFlags.nodata: 8>],)
2023-11-04 21:40:03,488 - rasterio._io - DEBUG - Jump straight to _read()
2023-11-04 21:40:03,488 - rasterio._io - DEBUG - Window: Window(col_off=0, row_off=0, width=10215, height=3792)
2023-11-04 21:40:03,488 - rasterio._io - DEBUG - IO window xoff=0.0 yoff=0.0 width=10215.0 height=3792.0
2023-11-04 21:40:04,174 - rasterio.env - DEBUG - Exiting env context: <rasterio.env.Env object at 0x7fa04c3c3e30>
2023-11-04 21:40:04,175 - rasterio.env - DEBUG - Cleared existing <rasterio._env.GDALEnv object at 0x7fa064ffdb40> options
2023-11-04 21:40:04,175 - rasterio._env - DEBUG - Stopped GDALEnv <rasterio._env.GDALEnv object at 0x7fa064ffdb40>.
2023-11-04 21:40:04,175 - rasterio.env - DEBUG - Exiting outermost env
2023-11-04 21:40:04,175 - rasterio.env - DEBUG - Exited env context: <rasterio.env.Env object at 0x7fa04c3c3e30>
2023-11-04 21:40:04,177 - urllib3.connectionpool - DEBUG - Starting new HTTPS connection (1): radar.bmkg.go.id:8060
2023-11-04 21:40:04,288 - urllib3.connectionpool - DEBUG - https://radar.bmkg.go.id:8060 "GET /getLatestLD?typeData=1 HTTP/1.1" 200 162634
2023-11-04 21:40:04,383 - asyncio - DEBUG - Using selector: EpollSelector
2023-11-04 21:42:34,974 - root - INFO - Total elapsed time: 0:02:31.770197
