2023-11-19 12:40:03,829 - root - INFO - Initiating present weather
2023-11-19 12:40:03,834 - urllib3.connectionpool - DEBUG - Starting new HTTPS connection (1): radar.bmkg.go.id:8060
2023-11-19 12:40:03,902 - urllib3.connectionpool - DEBUG - https://radar.bmkg.go.id:8060 "GET /getRadarGeotif?token=19387e71e78522ae4172ec0fda640983b8438c9cfa0ca571623cb69d8327&radar=amandemenForecast&type=latest HTTP/1.1" 200 90
2023-11-19 12:40:03,904 - rasterio.env - DEBUG - Entering env context: <rasterio.env.Env object at 0x7f4ef03109e0>
2023-11-19 12:40:03,905 - rasterio.env - DEBUG - Starting outermost env
2023-11-19 12:40:03,905 - rasterio.env - DEBUG - No GDAL environment exists
2023-11-19 12:40:03,905 - rasterio.env - DEBUG - New GDAL environment <rasterio._env.GDALEnv object at 0x7f4f01158910> created
2023-11-19 12:40:03,909 - rasterio._filepath - DEBUG - Installing FilePath filesystem handler plugin...
2023-11-19 12:40:03,909 - rasterio._env - DEBUG - GDAL data found in package: path='/home/swx/miniconda3/envs/present_weather/lib/python3.12/site-packages/rasterio/gdal_data'.
2023-11-19 12:40:03,910 - rasterio._env - DEBUG - PROJ_LIB found in environment.
2023-11-19 12:40:03,910 - rasterio._env - DEBUG - Started GDALEnv: self=<rasterio._env.GDALEnv object at 0x7f4f01158910>.
2023-11-19 12:40:03,910 - rasterio.env - DEBUG - Entered env context: <rasterio.env.Env object at 0x7f4ef03109e0>
2023-11-19 12:40:03,910 - rasterio._base - DEBUG - Sharing flag: 0
2023-11-19 12:40:04,113 - rasterio._base - DEBUG - Nodata success: 1, Nodata value: nan
2023-11-19 12:40:04,113 - rasterio._base - DEBUG - Dataset <open DatasetReader name='https://radar.bmkg.go.id/raster/radarsatelit_202311191230.tif' mode='r'> is started.
2023-11-19 12:40:04,113 - rasterio.env - DEBUG - Exiting env context: <rasterio.env.Env object at 0x7f4ef03109e0>
2023-11-19 12:40:04,114 - rasterio.env - DEBUG - Cleared existing <rasterio._env.GDALEnv object at 0x7f4f01158910> options
2023-11-19 12:40:04,114 - rasterio._env - DEBUG - Stopped GDALEnv <rasterio._env.GDALEnv object at 0x7f4f01158910>.
2023-11-19 12:40:04,114 - rasterio.env - DEBUG - Exiting outermost env
2023-11-19 12:40:04,114 - rasterio.env - DEBUG - Exited env context: <rasterio.env.Env object at 0x7f4ef03109e0>
2023-11-19 12:40:04,114 - rasterio.env - DEBUG - Entering env context: <rasterio.env.Env object at 0x7f4e9dd87f50>
2023-11-19 12:40:04,114 - rasterio.env - DEBUG - Starting outermost env
2023-11-19 12:40:04,114 - rasterio.env - DEBUG - No GDAL environment exists
2023-11-19 12:40:04,114 - rasterio.env - DEBUG - New GDAL environment <rasterio._env.GDALEnv object at 0x7f4f01158910> created
2023-11-19 12:40:04,115 - rasterio._env - DEBUG - GDAL data found in package: path='/home/swx/miniconda3/envs/present_weather/lib/python3.12/site-packages/rasterio/gdal_data'.
2023-11-19 12:40:04,115 - rasterio._env - DEBUG - PROJ_LIB found in environment.
2023-11-19 12:40:04,115 - rasterio._env - DEBUG - Started GDALEnv: self=<rasterio._env.GDALEnv object at 0x7f4f01158910>.
2023-11-19 12:40:04,116 - rasterio.env - DEBUG - Entered env context: <rasterio.env.Env object at 0x7f4e9dd87f50>
2023-11-19 12:40:04,116 - rasterio.env - DEBUG - Got a copy of environment <rasterio._env.GDALEnv object at 0x7f4f01158910> options
2023-11-19 12:40:04,116 - rasterio.env - DEBUG - Entering env context: <rasterio.env.Env object at 0x7f4ef0366960>
2023-11-19 12:40:04,116 - rasterio.env - DEBUG - Got a copy of environment <rasterio._env.GDALEnv object at 0x7f4f01158910> options
2023-11-19 12:40:04,117 - rasterio.env - DEBUG - Entered env context: <rasterio.env.Env object at 0x7f4ef0366960>
2023-11-19 12:40:04,117 - rasterio._base - DEBUG - Sharing flag: 0
2023-11-19 12:40:04,118 - rasterio._base - DEBUG - Nodata success: 1, Nodata value: nan
2023-11-19 12:40:04,118 - rasterio._base - DEBUG - Dataset <open DatasetReader name='https://radar.bmkg.go.id/raster/radarsatelit_202311191230.tif' mode='r'> is started.
2023-11-19 12:40:04,118 - rasterio.env - DEBUG - Exiting env context: <rasterio.env.Env object at 0x7f4ef0366960>
2023-11-19 12:40:04,118 - rasterio.env - DEBUG - Cleared existing <rasterio._env.GDALEnv object at 0x7f4f01158910> options
2023-11-19 12:40:04,118 - rasterio._env - DEBUG - Stopped GDALEnv <rasterio._env.GDALEnv object at 0x7f4f01158910>.
2023-11-19 12:40:04,118 - rasterio.env - DEBUG - No GDAL environment exists
2023-11-19 12:40:04,118 - rasterio.env - DEBUG - New GDAL environment <rasterio._env.GDALEnv object at 0x7f4f01158910> created
2023-11-19 12:40:04,119 - rasterio._env - DEBUG - GDAL data found in package: path='/home/swx/miniconda3/envs/present_weather/lib/python3.12/site-packages/rasterio/gdal_data'.
2023-11-19 12:40:04,119 - rasterio._env - DEBUG - PROJ_LIB found in environment.
2023-11-19 12:40:04,119 - rasterio._env - DEBUG - Started GDALEnv: self=<rasterio._env.GDALEnv object at 0x7f4f01158910>.
2023-11-19 12:40:04,119 - rasterio.env - DEBUG - Exited env context: <rasterio.env.Env object at 0x7f4ef0366960>
2023-11-19 12:40:04,150 - rasterio._io - DEBUG - Output nodata value read from file: nan
2023-11-19 12:40:04,150 - rasterio._io - DEBUG - Output nodata values: [nan]
2023-11-19 12:40:04,151 - rasterio._io - DEBUG - all_valid: False
2023-11-19 12:40:04,151 - rasterio._io - DEBUG - mask_flags: ([<MaskFlags.nodata: 8>],)
2023-11-19 12:40:04,151 - rasterio._io - DEBUG - Jump straight to _read()
2023-11-19 12:40:04,151 - rasterio._io - DEBUG - Window: Window(col_off=0, row_off=0, width=10215, height=3792)
2023-11-19 12:40:04,152 - rasterio._io - DEBUG - IO window xoff=0.0 yoff=0.0 width=10215.0 height=3792.0
2023-11-19 12:40:04,826 - rasterio.env - DEBUG - Exiting env context: <rasterio.env.Env object at 0x7f4e9dd87f50>
2023-11-19 12:40:04,826 - rasterio.env - DEBUG - Cleared existing <rasterio._env.GDALEnv object at 0x7f4f01158910> options
2023-11-19 12:40:04,826 - rasterio._env - DEBUG - Stopped GDALEnv <rasterio._env.GDALEnv object at 0x7f4f01158910>.
2023-11-19 12:40:04,826 - rasterio.env - DEBUG - Exiting outermost env
2023-11-19 12:40:04,826 - rasterio.env - DEBUG - Exited env context: <rasterio.env.Env object at 0x7f4e9dd87f50>
2023-11-19 12:40:04,828 - urllib3.connectionpool - DEBUG - Starting new HTTPS connection (1): radar.bmkg.go.id:8060
2023-11-19 12:40:04,908 - urllib3.connectionpool - DEBUG - https://radar.bmkg.go.id:8060 "GET /getLatestLD?typeData=1 HTTP/1.1" 200 81971
2023-11-19 12:40:04,944 - asyncio - DEBUG - Using selector: EpollSelector
2023-11-19 12:40:11,665 - root - INFO - dask.bag<lambda, npartitions=34>
2023-11-19 12:55:58,142 - root - INFO - Total elapsed time: 0:15:54.313902
