2023-12-06 02:23:02,601 - root - INFO - Initiating present weather
2023-12-06 02:23:02,603 - asyncio - DEBUG - Using selector: EpollSelector
2023-12-06 02:23:04,091 - urllib3.connectionpool - DEBUG - Starting new HTTPS connection (1): radar.bmkg.go.id:8060
2023-12-06 02:23:04,111 - urllib3.connectionpool - DEBUG - https://radar.bmkg.go.id:8060 "GET /getLatestLD?typeData=1 HTTP/1.1" 200 62
2023-12-06 02:23:04,112 - urllib3.connectionpool - DEBUG - Starting new HTTPS connection (1): radar.bmkg.go.id:8060
2023-12-06 02:23:04,131 - urllib3.connectionpool - DEBUG - https://radar.bmkg.go.id:8060 "GET /getRadarGeotif?token=19387e71e78522ae4172ec0fda640983b8438c9cfa0ca571623cb69d8327&radar=amandemenForecast&type=latest HTTP/1.1" 200 90
2023-12-06 02:23:04,132 - rasterio.env - DEBUG - Entering env context: <rasterio.env.Env object at 0x7fed0f65bca0>
2023-12-06 02:23:04,132 - rasterio.env - DEBUG - Starting outermost env
2023-12-06 02:23:04,132 - rasterio.env - DEBUG - No GDAL environment exists
2023-12-06 02:23:04,132 - rasterio.env - DEBUG - New GDAL environment <rasterio._env.GDALEnv object at 0x7fed0f65a5c0> created
2023-12-06 02:23:04,135 - rasterio._filepath - DEBUG - Installing FilePath filesystem handler plugin...
2023-12-06 02:23:04,135 - rasterio._env - DEBUG - GDAL data found in package: path='/home/metpublic/PYTHON_VENV/present_weather/lib/python3.10/site-packages/rasterio/gdal_data'.
2023-12-06 02:23:04,136 - rasterio._env - DEBUG - PROJ data found in package: path='/home/metpublic/PYTHON_VENV/present_weather/lib/python3.10/site-packages/rasterio/proj_data'.
2023-12-06 02:23:04,136 - rasterio._env - DEBUG - Started GDALEnv: self=<rasterio._env.GDALEnv object at 0x7fed0f65a5c0>.
2023-12-06 02:23:04,136 - rasterio.env - DEBUG - Entered env context: <rasterio.env.Env object at 0x7fed0f65bca0>
2023-12-06 02:23:04,136 - rasterio._base - DEBUG - Sharing flag: 0
2023-12-06 02:23:04,371 - rasterio._base - DEBUG - Nodata success: 1, Nodata value: nan
2023-12-06 02:23:04,372 - rasterio._base - DEBUG - Dataset <open DatasetReader name='https://radar.bmkg.go.id/raster/radarsatelit_202312060220.tif' mode='r'> is started.
2023-12-06 02:23:04,372 - rasterio.env - DEBUG - Exiting env context: <rasterio.env.Env object at 0x7fed0f65bca0>
2023-12-06 02:23:04,372 - rasterio.env - DEBUG - Cleared existing <rasterio._env.GDALEnv object at 0x7fed0f65a5c0> options
2023-12-06 02:23:04,372 - rasterio._env - DEBUG - Stopped GDALEnv <rasterio._env.GDALEnv object at 0x7fed0f65a5c0>.
2023-12-06 02:23:04,372 - rasterio.env - DEBUG - Exiting outermost env
2023-12-06 02:23:04,372 - rasterio.env - DEBUG - Exited env context: <rasterio.env.Env object at 0x7fed0f65bca0>
2023-12-06 02:23:04,372 - rasterio.env - DEBUG - Entering env context: <rasterio.env.Env object at 0x7fed0f61c5e0>
2023-12-06 02:23:04,372 - rasterio.env - DEBUG - Starting outermost env
2023-12-06 02:23:04,372 - rasterio.env - DEBUG - No GDAL environment exists
2023-12-06 02:23:04,372 - rasterio.env - DEBUG - New GDAL environment <rasterio._env.GDALEnv object at 0x7fed0f65a5c0> created
2023-12-06 02:23:04,373 - rasterio._env - DEBUG - GDAL data found in package: path='/home/metpublic/PYTHON_VENV/present_weather/lib/python3.10/site-packages/rasterio/gdal_data'.
2023-12-06 02:23:04,373 - rasterio._env - DEBUG - PROJ data found in package: path='/home/metpublic/PYTHON_VENV/present_weather/lib/python3.10/site-packages/rasterio/proj_data'.
2023-12-06 02:23:04,373 - rasterio._env - DEBUG - Started GDALEnv: self=<rasterio._env.GDALEnv object at 0x7fed0f65a5c0>.
2023-12-06 02:23:04,373 - rasterio.env - DEBUG - Entered env context: <rasterio.env.Env object at 0x7fed0f61c5e0>
2023-12-06 02:23:04,374 - rasterio.env - DEBUG - Got a copy of environment <rasterio._env.GDALEnv object at 0x7fed0f65a5c0> options
2023-12-06 02:23:04,374 - rasterio.env - DEBUG - Entering env context: <rasterio.env.Env object at 0x7fed0c522410>
2023-12-06 02:23:04,374 - rasterio.env - DEBUG - Got a copy of environment <rasterio._env.GDALEnv object at 0x7fed0f65a5c0> options
2023-12-06 02:23:04,374 - rasterio.env - DEBUG - Entered env context: <rasterio.env.Env object at 0x7fed0c522410>
2023-12-06 02:23:04,374 - rasterio._base - DEBUG - Sharing flag: 0
2023-12-06 02:23:04,375 - rasterio._base - DEBUG - Nodata success: 1, Nodata value: nan
2023-12-06 02:23:04,375 - rasterio._base - DEBUG - Dataset <open DatasetReader name='https://radar.bmkg.go.id/raster/radarsatelit_202312060220.tif' mode='r'> is started.
2023-12-06 02:23:04,375 - rasterio.env - DEBUG - Exiting env context: <rasterio.env.Env object at 0x7fed0c522410>
2023-12-06 02:23:04,375 - rasterio.env - DEBUG - Cleared existing <rasterio._env.GDALEnv object at 0x7fed0f65a5c0> options
2023-12-06 02:23:04,375 - rasterio._env - DEBUG - Stopped GDALEnv <rasterio._env.GDALEnv object at 0x7fed0f65a5c0>.
2023-12-06 02:23:04,375 - rasterio.env - DEBUG - No GDAL environment exists
2023-12-06 02:23:04,375 - rasterio.env - DEBUG - New GDAL environment <rasterio._env.GDALEnv object at 0x7fed0f65a5c0> created
2023-12-06 02:23:04,376 - rasterio._env - DEBUG - GDAL data found in package: path='/home/metpublic/PYTHON_VENV/present_weather/lib/python3.10/site-packages/rasterio/gdal_data'.
2023-12-06 02:23:04,376 - rasterio._env - DEBUG - PROJ data found in package: path='/home/metpublic/PYTHON_VENV/present_weather/lib/python3.10/site-packages/rasterio/proj_data'.
2023-12-06 02:23:04,376 - rasterio._env - DEBUG - Started GDALEnv: self=<rasterio._env.GDALEnv object at 0x7fed0f65a5c0>.
2023-12-06 02:23:04,376 - rasterio.env - DEBUG - Exited env context: <rasterio.env.Env object at 0x7fed0c522410>
2023-12-06 02:23:04,393 - rasterio._io - DEBUG - Output nodata value read from file: nan
2023-12-06 02:23:04,394 - rasterio._io - DEBUG - Output nodata values: [nan]
2023-12-06 02:23:04,394 - rasterio._io - DEBUG - all_valid: False
2023-12-06 02:23:04,394 - rasterio._io - DEBUG - mask_flags: ([<MaskFlags.nodata: 8>],)
2023-12-06 02:23:04,394 - rasterio._io - DEBUG - Jump straight to _read()
2023-12-06 02:23:04,394 - rasterio._io - DEBUG - Window: Window(col_off=0, row_off=0, width=10177, height=3732)
2023-12-06 02:23:04,395 - rasterio._io - DEBUG - IO window xoff=0.0 yoff=0.0 width=10177.0 height=3732.0
2023-12-06 02:23:04,913 - rasterio.env - DEBUG - Exiting env context: <rasterio.env.Env object at 0x7fed0f61c5e0>
2023-12-06 02:23:04,913 - rasterio.env - DEBUG - Cleared existing <rasterio._env.GDALEnv object at 0x7fed0f65a5c0> options
2023-12-06 02:23:04,913 - rasterio._env - DEBUG - Stopped GDALEnv <rasterio._env.GDALEnv object at 0x7fed0f65a5c0>.
2023-12-06 02:23:04,913 - rasterio.env - DEBUG - Exiting outermost env
2023-12-06 02:23:04,913 - rasterio.env - DEBUG - Exited env context: <rasterio.env.Env object at 0x7fed0f61c5e0>
2023-12-06 02:27:32,920 - rasterio.env - DEBUG - Entering env context: <rasterio.env.Env object at 0x7fed0c3145b0>
2023-12-06 02:27:32,920 - rasterio.env - DEBUG - Starting outermost env
2023-12-06 02:27:32,920 - rasterio.env - DEBUG - No GDAL environment exists
2023-12-06 02:27:32,920 - rasterio.env - DEBUG - New GDAL environment <rasterio._env.GDALEnv object at 0x7fed0c3177f0> created
2023-12-06 02:27:32,921 - rasterio._env - DEBUG - GDAL data found in package: path='/home/metpublic/PYTHON_VENV/present_weather/lib/python3.10/site-packages/rasterio/gdal_data'.
2023-12-06 02:27:32,921 - rasterio._env - DEBUG - PROJ data found in package: path='/home/metpublic/PYTHON_VENV/present_weather/lib/python3.10/site-packages/rasterio/proj_data'.
2023-12-06 02:27:32,921 - rasterio._env - DEBUG - Started GDALEnv: self=<rasterio._env.GDALEnv object at 0x7fed0c3177f0>.
2023-12-06 02:27:32,921 - rasterio.env - DEBUG - Entered env context: <rasterio.env.Env object at 0x7fed0c3145b0>
2023-12-06 02:27:32,921 - rasterio._base - DEBUG - Sharing flag: 0
2023-12-06 02:27:32,923 - rasterio._base - DEBUG - Nodata success: 0, Nodata value: 0.000000
2023-12-06 02:27:32,923 - rasterio._base - DEBUG - Dataset <open DatasetReader name='/home/metpublic/TASK_RELEASE/EFAN/present_weather/src/H09_B13_Indonesia_20231206.Z0210.cor.tiff' mode='r'> is started.
2023-12-06 02:27:32,923 - rasterio.env - DEBUG - Exiting env context: <rasterio.env.Env object at 0x7fed0c3145b0>
2023-12-06 02:27:32,923 - rasterio.env - DEBUG - Cleared existing <rasterio._env.GDALEnv object at 0x7fed0c3177f0> options
2023-12-06 02:27:32,923 - rasterio._env - DEBUG - Stopped GDALEnv <rasterio._env.GDALEnv object at 0x7fed0c3177f0>.
2023-12-06 02:27:32,923 - rasterio.env - DEBUG - Exiting outermost env
2023-12-06 02:27:32,923 - rasterio.env - DEBUG - Exited env context: <rasterio.env.Env object at 0x7fed0c3145b0>
2023-12-06 02:27:32,923 - rasterio.env - DEBUG - Entering env context: <rasterio.env.Env object at 0x7fed0c315540>
2023-12-06 02:27:32,923 - rasterio.env - DEBUG - Starting outermost env
2023-12-06 02:27:32,923 - rasterio.env - DEBUG - No GDAL environment exists
2023-12-06 02:27:32,923 - rasterio.env - DEBUG - New GDAL environment <rasterio._env.GDALEnv object at 0x7fed0c315a50> created
2023-12-06 02:27:32,924 - rasterio._env - DEBUG - GDAL data found in package: path='/home/metpublic/PYTHON_VENV/present_weather/lib/python3.10/site-packages/rasterio/gdal_data'.
2023-12-06 02:27:32,924 - rasterio._env - DEBUG - PROJ data found in package: path='/home/metpublic/PYTHON_VENV/present_weather/lib/python3.10/site-packages/rasterio/proj_data'.
2023-12-06 02:27:32,924 - rasterio._env - DEBUG - Started GDALEnv: self=<rasterio._env.GDALEnv object at 0x7fed0c315a50>.
2023-12-06 02:27:32,924 - rasterio.env - DEBUG - Entered env context: <rasterio.env.Env object at 0x7fed0c315540>
2023-12-06 02:27:32,924 - rasterio._base - DEBUG - Sharing flag: 0
2023-12-06 02:27:32,925 - rasterio._base - DEBUG - Nodata success: 0, Nodata value: 0.000000
2023-12-06 02:27:32,925 - rasterio._base - DEBUG - Dataset <open DatasetReader name='/home/metpublic/TASK_RELEASE/EFAN/present_weather/src/H09_B13_Indonesia_20231206.Z0210.cor.tiff' mode='r'> is started.
2023-12-06 02:27:32,925 - rasterio.env - DEBUG - Exiting env context: <rasterio.env.Env object at 0x7fed0c315540>
2023-12-06 02:27:32,926 - rasterio.env - DEBUG - Cleared existing <rasterio._env.GDALEnv object at 0x7fed0c315a50> options
2023-12-06 02:27:32,926 - rasterio._env - DEBUG - Stopped GDALEnv <rasterio._env.GDALEnv object at 0x7fed0c315a50>.
2023-12-06 02:27:32,926 - rasterio.env - DEBUG - Exiting outermost env
2023-12-06 02:27:32,926 - rasterio.env - DEBUG - Exited env context: <rasterio.env.Env object at 0x7fed0c315540>
2023-12-06 02:27:32,936 - root - INFO - Generating present weather using SATELITE data
2023-12-06 02:28:59,042 - root - INFO - Total elapsed time: 0:05:56.441091
