2023-11-05 03:40:03,168 - root - INFO - Initiating present weather
2023-11-05 03:40:03,171 - urllib3.connectionpool - DEBUG - Starting new HTTPS connection (1): radar.bmkg.go.id:8060
2023-11-05 03:40:03,239 - urllib3.connectionpool - DEBUG - https://radar.bmkg.go.id:8060 "GET /getRadarGeotif?token=19387e71e78522ae4172ec0fda640983b8438c9cfa0ca571623cb69d8327&radar=amandemenForecast&type=latest HTTP/1.1" 200 90
2023-11-05 03:40:03,244 - rasterio.env - DEBUG - Entering env context: <rasterio.env.Env object at 0x7f39d5443920>
2023-11-05 03:40:03,245 - rasterio.env - DEBUG - Starting outermost env
2023-11-05 03:40:03,246 - rasterio.env - DEBUG - No GDAL environment exists
2023-11-05 03:40:03,246 - rasterio.env - DEBUG - New GDAL environment <rasterio._env.GDALEnv object at 0x7f39cc8801f0> created
2023-11-05 03:40:03,250 - rasterio._filepath - DEBUG - Installing FilePath filesystem handler plugin...
2023-11-05 03:40:03,250 - rasterio._env - DEBUG - GDAL data found in package: path='/home/swx/miniconda3/envs/present_weather/lib/python3.12/site-packages/rasterio/gdal_data'.
2023-11-05 03:40:03,251 - rasterio._env - DEBUG - PROJ_LIB found in environment.
2023-11-05 03:40:03,251 - rasterio._env - DEBUG - Started GDALEnv: self=<rasterio._env.GDALEnv object at 0x7f39cc8801f0>.
2023-11-05 03:40:03,251 - rasterio.env - DEBUG - Entered env context: <rasterio.env.Env object at 0x7f39d5443920>
2023-11-05 03:40:03,251 - rasterio._base - DEBUG - Sharing flag: 0
2023-11-05 03:40:03,399 - rasterio._base - DEBUG - Nodata success: 1, Nodata value: nan
2023-11-05 03:40:03,399 - rasterio._base - DEBUG - Dataset <open DatasetReader name='https://radar.bmkg.go.id/raster/radarsatelit_202311050320.tif' mode='r'> is started.
2023-11-05 03:40:03,399 - rasterio.env - DEBUG - Exiting env context: <rasterio.env.Env object at 0x7f39d5443920>
2023-11-05 03:40:03,399 - rasterio.env - DEBUG - Cleared existing <rasterio._env.GDALEnv object at 0x7f39cc8801f0> options
2023-11-05 03:40:03,400 - rasterio._env - DEBUG - Stopped GDALEnv <rasterio._env.GDALEnv object at 0x7f39cc8801f0>.
2023-11-05 03:40:03,400 - rasterio.env - DEBUG - Exiting outermost env
2023-11-05 03:40:03,400 - rasterio.env - DEBUG - Exited env context: <rasterio.env.Env object at 0x7f39d5443920>
2023-11-05 03:40:03,400 - rasterio.env - DEBUG - Entering env context: <rasterio.env.Env object at 0x7f3a18edb9e0>
2023-11-05 03:40:03,400 - rasterio.env - DEBUG - Starting outermost env
2023-11-05 03:40:03,400 - rasterio.env - DEBUG - No GDAL environment exists
2023-11-05 03:40:03,400 - rasterio.env - DEBUG - New GDAL environment <rasterio._env.GDALEnv object at 0x7f39cc8801f0> created
2023-11-05 03:40:03,400 - rasterio._env - DEBUG - GDAL data found in package: path='/home/swx/miniconda3/envs/present_weather/lib/python3.12/site-packages/rasterio/gdal_data'.
2023-11-05 03:40:03,401 - rasterio._env - DEBUG - PROJ_LIB found in environment.
2023-11-05 03:40:03,401 - rasterio._env - DEBUG - Started GDALEnv: self=<rasterio._env.GDALEnv object at 0x7f39cc8801f0>.
2023-11-05 03:40:03,401 - rasterio.env - DEBUG - Entered env context: <rasterio.env.Env object at 0x7f3a18edb9e0>
2023-11-05 03:40:03,401 - rasterio.env - DEBUG - Got a copy of environment <rasterio._env.GDALEnv object at 0x7f39cc8801f0> options
2023-11-05 03:40:03,402 - rasterio.env - DEBUG - Entering env context: <rasterio.env.Env object at 0x7f39cccb7fb0>
2023-11-05 03:40:03,402 - rasterio.env - DEBUG - Got a copy of environment <rasterio._env.GDALEnv object at 0x7f39cc8801f0> options
2023-11-05 03:40:03,402 - rasterio.env - DEBUG - Entered env context: <rasterio.env.Env object at 0x7f39cccb7fb0>
2023-11-05 03:40:03,402 - rasterio._base - DEBUG - Sharing flag: 0
2023-11-05 03:40:03,403 - rasterio._base - DEBUG - Nodata success: 1, Nodata value: nan
2023-11-05 03:40:03,403 - rasterio._base - DEBUG - Dataset <open DatasetReader name='https://radar.bmkg.go.id/raster/radarsatelit_202311050320.tif' mode='r'> is started.
2023-11-05 03:40:03,403 - rasterio.env - DEBUG - Exiting env context: <rasterio.env.Env object at 0x7f39cccb7fb0>
2023-11-05 03:40:03,403 - rasterio.env - DEBUG - Cleared existing <rasterio._env.GDALEnv object at 0x7f39cc8801f0> options
2023-11-05 03:40:03,403 - rasterio._env - DEBUG - Stopped GDALEnv <rasterio._env.GDALEnv object at 0x7f39cc8801f0>.
2023-11-05 03:40:03,403 - rasterio.env - DEBUG - No GDAL environment exists
2023-11-05 03:40:03,403 - rasterio.env - DEBUG - New GDAL environment <rasterio._env.GDALEnv object at 0x7f39cc8801f0> created
2023-11-05 03:40:03,404 - rasterio._env - DEBUG - GDAL data found in package: path='/home/swx/miniconda3/envs/present_weather/lib/python3.12/site-packages/rasterio/gdal_data'.
2023-11-05 03:40:03,404 - rasterio._env - DEBUG - PROJ_LIB found in environment.
2023-11-05 03:40:03,404 - rasterio._env - DEBUG - Started GDALEnv: self=<rasterio._env.GDALEnv object at 0x7f39cc8801f0>.
2023-11-05 03:40:03,404 - rasterio.env - DEBUG - Exited env context: <rasterio.env.Env object at 0x7f39cccb7fb0>
2023-11-05 03:40:03,430 - rasterio._io - DEBUG - Output nodata value read from file: nan
2023-11-05 03:40:03,431 - rasterio._io - DEBUG - Output nodata values: [nan]
2023-11-05 03:40:03,431 - rasterio._io - DEBUG - all_valid: False
2023-11-05 03:40:03,431 - rasterio._io - DEBUG - mask_flags: ([<MaskFlags.nodata: 8>],)
2023-11-05 03:40:03,431 - rasterio._io - DEBUG - Jump straight to _read()
2023-11-05 03:40:03,431 - rasterio._io - DEBUG - Window: Window(col_off=0, row_off=0, width=10215, height=3792)
2023-11-05 03:40:03,432 - rasterio._io - DEBUG - IO window xoff=0.0 yoff=0.0 width=10215.0 height=3792.0
2023-11-05 03:40:04,056 - rasterio.env - DEBUG - Exiting env context: <rasterio.env.Env object at 0x7f3a18edb9e0>
2023-11-05 03:40:04,057 - rasterio.env - DEBUG - Cleared existing <rasterio._env.GDALEnv object at 0x7f39cc8801f0> options
2023-11-05 03:40:04,057 - rasterio._env - DEBUG - Stopped GDALEnv <rasterio._env.GDALEnv object at 0x7f39cc8801f0>.
2023-11-05 03:40:04,057 - rasterio.env - DEBUG - Exiting outermost env
2023-11-05 03:40:04,057 - rasterio.env - DEBUG - Exited env context: <rasterio.env.Env object at 0x7f3a18edb9e0>
2023-11-05 03:40:04,060 - urllib3.connectionpool - DEBUG - Starting new HTTPS connection (1): radar.bmkg.go.id:8060
2023-11-05 03:40:04,123 - urllib3.connectionpool - DEBUG - https://radar.bmkg.go.id:8060 "GET /getLatestLD?typeData=1 HTTP/1.1" 200 77413
2023-11-05 03:40:04,153 - asyncio - DEBUG - Using selector: EpollSelector
2023-11-05 03:56:47,415 - root - INFO - Total elapsed time: 0:16:44.247325
