2023-12-05 23:13:02,836 - root - INFO - Initiating present weather
2023-12-05 23:13:02,838 - asyncio - DEBUG - Using selector: EpollSelector
2023-12-05 23:13:04,434 - urllib3.connectionpool - DEBUG - Starting new HTTPS connection (1): radar.bmkg.go.id:8060
2023-12-05 23:13:04,447 - urllib3.connectionpool - DEBUG - https://radar.bmkg.go.id:8060 "GET /getLatestLD?typeData=1 HTTP/1.1" 200 62
2023-12-05 23:13:04,450 - urllib3.connectionpool - DEBUG - Starting new HTTPS connection (1): radar.bmkg.go.id:8060
2023-12-05 23:13:04,473 - urllib3.connectionpool - DEBUG - https://radar.bmkg.go.id:8060 "GET /getRadarGeotif?token=19387e71e78522ae4172ec0fda640983b8438c9cfa0ca571623cb69d8327&radar=amandemenForecast&type=latest HTTP/1.1" 200 90
2023-12-05 23:13:04,474 - rasterio.env - DEBUG - Entering env context: <rasterio.env.Env object at 0x7f86d993ef20>
2023-12-05 23:13:04,475 - rasterio.env - DEBUG - Starting outermost env
2023-12-05 23:13:04,475 - rasterio.env - DEBUG - No GDAL environment exists
2023-12-05 23:13:04,475 - rasterio.env - DEBUG - New GDAL environment <rasterio._env.GDALEnv object at 0x7f86d993ed70> created
2023-12-05 23:13:04,478 - rasterio._filepath - DEBUG - Installing FilePath filesystem handler plugin...
2023-12-05 23:13:04,478 - rasterio._env - DEBUG - GDAL data found in package: path='/home/metpublic/PYTHON_VENV/present_weather/lib/python3.10/site-packages/rasterio/gdal_data'.
2023-12-05 23:13:04,478 - rasterio._env - DEBUG - PROJ data found in package: path='/home/metpublic/PYTHON_VENV/present_weather/lib/python3.10/site-packages/rasterio/proj_data'.
2023-12-05 23:13:04,478 - rasterio._env - DEBUG - Started GDALEnv: self=<rasterio._env.GDALEnv object at 0x7f86d993ed70>.
2023-12-05 23:13:04,478 - rasterio.env - DEBUG - Entered env context: <rasterio.env.Env object at 0x7f86d993ef20>
2023-12-05 23:13:04,478 - rasterio._base - DEBUG - Sharing flag: 0
2023-12-05 23:13:04,709 - rasterio._base - DEBUG - Nodata success: 1, Nodata value: nan
2023-12-05 23:13:04,710 - rasterio._base - DEBUG - Dataset <open DatasetReader name='https://radar.bmkg.go.id/raster/radarsatelit_202312052310.tif' mode='r'> is started.
2023-12-05 23:13:04,710 - rasterio.env - DEBUG - Exiting env context: <rasterio.env.Env object at 0x7f86d993ef20>
2023-12-05 23:13:04,710 - rasterio.env - DEBUG - Cleared existing <rasterio._env.GDALEnv object at 0x7f86d993ed70> options
2023-12-05 23:13:04,710 - rasterio._env - DEBUG - Stopped GDALEnv <rasterio._env.GDALEnv object at 0x7f86d993ed70>.
2023-12-05 23:13:04,710 - rasterio.env - DEBUG - Exiting outermost env
2023-12-05 23:13:04,710 - rasterio.env - DEBUG - Exited env context: <rasterio.env.Env object at 0x7f86d993ef20>
2023-12-05 23:13:04,710 - rasterio.env - DEBUG - Entering env context: <rasterio.env.Env object at 0x7f86d8fc8af0>
2023-12-05 23:13:04,711 - rasterio.env - DEBUG - Starting outermost env
2023-12-05 23:13:04,711 - rasterio.env - DEBUG - No GDAL environment exists
2023-12-05 23:13:04,711 - rasterio.env - DEBUG - New GDAL environment <rasterio._env.GDALEnv object at 0x7f86d993ed70> created
2023-12-05 23:13:04,711 - rasterio._env - DEBUG - GDAL data found in package: path='/home/metpublic/PYTHON_VENV/present_weather/lib/python3.10/site-packages/rasterio/gdal_data'.
2023-12-05 23:13:04,711 - rasterio._env - DEBUG - PROJ data found in package: path='/home/metpublic/PYTHON_VENV/present_weather/lib/python3.10/site-packages/rasterio/proj_data'.
2023-12-05 23:13:04,711 - rasterio._env - DEBUG - Started GDALEnv: self=<rasterio._env.GDALEnv object at 0x7f86d993ed70>.
2023-12-05 23:13:04,711 - rasterio.env - DEBUG - Entered env context: <rasterio.env.Env object at 0x7f86d8fc8af0>
2023-12-05 23:13:04,712 - rasterio.env - DEBUG - Got a copy of environment <rasterio._env.GDALEnv object at 0x7f86d993ed70> options
2023-12-05 23:13:04,712 - rasterio.env - DEBUG - Entering env context: <rasterio.env.Env object at 0x7f86d86d6320>
2023-12-05 23:13:04,712 - rasterio.env - DEBUG - Got a copy of environment <rasterio._env.GDALEnv object at 0x7f86d993ed70> options
2023-12-05 23:13:04,712 - rasterio.env - DEBUG - Entered env context: <rasterio.env.Env object at 0x7f86d86d6320>
2023-12-05 23:13:04,712 - rasterio._base - DEBUG - Sharing flag: 0
2023-12-05 23:13:04,713 - rasterio._base - DEBUG - Nodata success: 1, Nodata value: nan
2023-12-05 23:13:04,713 - rasterio._base - DEBUG - Dataset <open DatasetReader name='https://radar.bmkg.go.id/raster/radarsatelit_202312052310.tif' mode='r'> is started.
2023-12-05 23:13:04,713 - rasterio.env - DEBUG - Exiting env context: <rasterio.env.Env object at 0x7f86d86d6320>
2023-12-05 23:13:04,713 - rasterio.env - DEBUG - Cleared existing <rasterio._env.GDALEnv object at 0x7f86d993ed70> options
2023-12-05 23:13:04,713 - rasterio._env - DEBUG - Stopped GDALEnv <rasterio._env.GDALEnv object at 0x7f86d993ed70>.
2023-12-05 23:13:04,713 - rasterio.env - DEBUG - No GDAL environment exists
2023-12-05 23:13:04,713 - rasterio.env - DEBUG - New GDAL environment <rasterio._env.GDALEnv object at 0x7f86d993ed70> created
2023-12-05 23:13:04,713 - rasterio._env - DEBUG - GDAL data found in package: path='/home/metpublic/PYTHON_VENV/present_weather/lib/python3.10/site-packages/rasterio/gdal_data'.
2023-12-05 23:13:04,713 - rasterio._env - DEBUG - PROJ data found in package: path='/home/metpublic/PYTHON_VENV/present_weather/lib/python3.10/site-packages/rasterio/proj_data'.
2023-12-05 23:13:04,714 - rasterio._env - DEBUG - Started GDALEnv: self=<rasterio._env.GDALEnv object at 0x7f86d993ed70>.
2023-12-05 23:13:04,714 - rasterio.env - DEBUG - Exited env context: <rasterio.env.Env object at 0x7f86d86d6320>
2023-12-05 23:13:04,730 - rasterio._io - DEBUG - Output nodata value read from file: nan
2023-12-05 23:13:04,730 - rasterio._io - DEBUG - Output nodata values: [nan]
2023-12-05 23:13:04,731 - rasterio._io - DEBUG - all_valid: False
2023-12-05 23:13:04,731 - rasterio._io - DEBUG - mask_flags: ([<MaskFlags.nodata: 8>],)
2023-12-05 23:13:04,731 - rasterio._io - DEBUG - Jump straight to _read()
2023-12-05 23:13:04,731 - rasterio._io - DEBUG - Window: Window(col_off=0, row_off=0, width=10177, height=3732)
2023-12-05 23:13:04,731 - rasterio._io - DEBUG - IO window xoff=0.0 yoff=0.0 width=10177.0 height=3732.0
2023-12-05 23:13:05,247 - rasterio.env - DEBUG - Exiting env context: <rasterio.env.Env object at 0x7f86d8fc8af0>
2023-12-05 23:13:05,247 - rasterio.env - DEBUG - Cleared existing <rasterio._env.GDALEnv object at 0x7f86d993ed70> options
2023-12-05 23:13:05,247 - rasterio._env - DEBUG - Stopped GDALEnv <rasterio._env.GDALEnv object at 0x7f86d993ed70>.
2023-12-05 23:13:05,247 - rasterio.env - DEBUG - Exiting outermost env
2023-12-05 23:13:05,247 - rasterio.env - DEBUG - Exited env context: <rasterio.env.Env object at 0x7f86d8fc8af0>
2023-12-05 23:17:16,582 - rasterio.env - DEBUG - Entering env context: <rasterio.env.Env object at 0x7f86d84d1540>
2023-12-05 23:17:16,582 - rasterio.env - DEBUG - Starting outermost env
2023-12-05 23:17:16,582 - rasterio.env - DEBUG - No GDAL environment exists
2023-12-05 23:17:16,582 - rasterio.env - DEBUG - New GDAL environment <rasterio._env.GDALEnv object at 0x7f86d84d2590> created
2023-12-05 23:17:16,583 - rasterio._env - DEBUG - GDAL data found in package: path='/home/metpublic/PYTHON_VENV/present_weather/lib/python3.10/site-packages/rasterio/gdal_data'.
2023-12-05 23:17:16,583 - rasterio._env - DEBUG - PROJ data found in package: path='/home/metpublic/PYTHON_VENV/present_weather/lib/python3.10/site-packages/rasterio/proj_data'.
2023-12-05 23:17:16,583 - rasterio._env - DEBUG - Started GDALEnv: self=<rasterio._env.GDALEnv object at 0x7f86d84d2590>.
2023-12-05 23:17:16,583 - rasterio.env - DEBUG - Entered env context: <rasterio.env.Env object at 0x7f86d84d1540>
2023-12-05 23:17:16,583 - rasterio._base - DEBUG - Sharing flag: 0
2023-12-05 23:17:16,585 - rasterio._base - DEBUG - Nodata success: 0, Nodata value: 0.000000
2023-12-05 23:17:16,585 - rasterio._base - DEBUG - Dataset <open DatasetReader name='/home/metpublic/TASK_RELEASE/EFAN/present_weather/src/H09_B13_Indonesia_20231205.Z2300.cor.tiff' mode='r'> is started.
2023-12-05 23:17:16,585 - rasterio.env - DEBUG - Exiting env context: <rasterio.env.Env object at 0x7f86d84d1540>
2023-12-05 23:17:16,585 - rasterio.env - DEBUG - Cleared existing <rasterio._env.GDALEnv object at 0x7f86d84d2590> options
2023-12-05 23:17:16,585 - rasterio._env - DEBUG - Stopped GDALEnv <rasterio._env.GDALEnv object at 0x7f86d84d2590>.
2023-12-05 23:17:16,585 - rasterio.env - DEBUG - Exiting outermost env
2023-12-05 23:17:16,585 - rasterio.env - DEBUG - Exited env context: <rasterio.env.Env object at 0x7f86d84d1540>
2023-12-05 23:17:16,585 - rasterio.env - DEBUG - Entering env context: <rasterio.env.Env object at 0x7f86d84d1630>
2023-12-05 23:17:16,585 - rasterio.env - DEBUG - Starting outermost env
2023-12-05 23:17:16,586 - rasterio.env - DEBUG - No GDAL environment exists
2023-12-05 23:17:16,586 - rasterio.env - DEBUG - New GDAL environment <rasterio._env.GDALEnv object at 0x7f86d84d26b0> created
2023-12-05 23:17:16,586 - rasterio._env - DEBUG - GDAL data found in package: path='/home/metpublic/PYTHON_VENV/present_weather/lib/python3.10/site-packages/rasterio/gdal_data'.
2023-12-05 23:17:16,586 - rasterio._env - DEBUG - PROJ data found in package: path='/home/metpublic/PYTHON_VENV/present_weather/lib/python3.10/site-packages/rasterio/proj_data'.
2023-12-05 23:17:16,586 - rasterio._env - DEBUG - Started GDALEnv: self=<rasterio._env.GDALEnv object at 0x7f86d84d26b0>.
2023-12-05 23:17:16,586 - rasterio.env - DEBUG - Entered env context: <rasterio.env.Env object at 0x7f86d84d1630>
2023-12-05 23:17:16,586 - rasterio._base - DEBUG - Sharing flag: 0
2023-12-05 23:17:16,587 - rasterio._base - DEBUG - Nodata success: 0, Nodata value: 0.000000
2023-12-05 23:17:16,588 - rasterio._base - DEBUG - Dataset <open DatasetReader name='/home/metpublic/TASK_RELEASE/EFAN/present_weather/src/H09_B13_Indonesia_20231205.Z2300.cor.tiff' mode='r'> is started.
2023-12-05 23:17:16,588 - rasterio.env - DEBUG - Exiting env context: <rasterio.env.Env object at 0x7f86d84d1630>
2023-12-05 23:17:16,588 - rasterio.env - DEBUG - Cleared existing <rasterio._env.GDALEnv object at 0x7f86d84d26b0> options
2023-12-05 23:17:16,588 - rasterio._env - DEBUG - Stopped GDALEnv <rasterio._env.GDALEnv object at 0x7f86d84d26b0>.
2023-12-05 23:17:16,588 - rasterio.env - DEBUG - Exiting outermost env
2023-12-05 23:17:16,588 - rasterio.env - DEBUG - Exited env context: <rasterio.env.Env object at 0x7f86d84d1630>
2023-12-05 23:17:16,598 - root - INFO - Generating present weather using SATELITE data
2023-12-05 23:19:44,726 - root - INFO - Total elapsed time: 0:06:41.890292
