2023-11-09 22:00:03,401 - root - INFO - Initiating present weather
2023-11-09 22:00:03,406 - urllib3.connectionpool - DEBUG - Starting new HTTPS connection (1): radar.bmkg.go.id:8060
2023-11-09 22:00:03,473 - urllib3.connectionpool - DEBUG - https://radar.bmkg.go.id:8060 "GET /getRadarGeotif?token=19387e71e78522ae4172ec0fda640983b8438c9cfa0ca571623cb69d8327&radar=amandemenForecast&type=latest HTTP/1.1" 200 90
2023-11-09 22:00:03,476 - rasterio.env - DEBUG - Entering env context: <rasterio.env.Env object at 0x7f50843cb230>
2023-11-09 22:00:03,477 - rasterio.env - DEBUG - Starting outermost env
2023-11-09 22:00:03,477 - rasterio.env - DEBUG - No GDAL environment exists
2023-11-09 22:00:03,477 - rasterio.env - DEBUG - New GDAL environment <rasterio._env.GDALEnv object at 0x7f5085f83340> created
2023-11-09 22:00:03,482 - rasterio._filepath - DEBUG - Installing FilePath filesystem handler plugin...
2023-11-09 22:00:03,482 - rasterio._env - DEBUG - GDAL data found in package: path='/home/swx/miniconda3/envs/present_weather/lib/python3.12/site-packages/rasterio/gdal_data'.
2023-11-09 22:00:03,483 - rasterio._env - DEBUG - PROJ_LIB found in environment.
2023-11-09 22:00:03,483 - rasterio._env - DEBUG - Started GDALEnv: self=<rasterio._env.GDALEnv object at 0x7f5085f83340>.
2023-11-09 22:00:03,483 - rasterio.env - DEBUG - Entered env context: <rasterio.env.Env object at 0x7f50843cb230>
2023-11-09 22:00:03,483 - rasterio._base - DEBUG - Sharing flag: 0
2023-11-09 22:00:03,675 - rasterio._base - DEBUG - Nodata success: 1, Nodata value: nan
2023-11-09 22:00:03,676 - rasterio._base - DEBUG - Dataset <open DatasetReader name='https://radar.bmkg.go.id/raster/radarsatelit_202311092150.tif' mode='r'> is started.
2023-11-09 22:00:03,676 - rasterio.env - DEBUG - Exiting env context: <rasterio.env.Env object at 0x7f50843cb230>
2023-11-09 22:00:03,676 - rasterio.env - DEBUG - Cleared existing <rasterio._env.GDALEnv object at 0x7f5085f83340> options
2023-11-09 22:00:03,676 - rasterio._env - DEBUG - Stopped GDALEnv <rasterio._env.GDALEnv object at 0x7f5085f83340>.
2023-11-09 22:00:03,677 - rasterio.env - DEBUG - Exiting outermost env
2023-11-09 22:00:03,677 - rasterio.env - DEBUG - Exited env context: <rasterio.env.Env object at 0x7f50843cb230>
2023-11-09 22:00:03,677 - rasterio.env - DEBUG - Entering env context: <rasterio.env.Env object at 0x7f50844dd880>
2023-11-09 22:00:03,677 - rasterio.env - DEBUG - Starting outermost env
2023-11-09 22:00:03,677 - rasterio.env - DEBUG - No GDAL environment exists
2023-11-09 22:00:03,677 - rasterio.env - DEBUG - New GDAL environment <rasterio._env.GDALEnv object at 0x7f5085f83340> created
2023-11-09 22:00:03,678 - rasterio._env - DEBUG - GDAL data found in package: path='/home/swx/miniconda3/envs/present_weather/lib/python3.12/site-packages/rasterio/gdal_data'.
2023-11-09 22:00:03,678 - rasterio._env - DEBUG - PROJ_LIB found in environment.
2023-11-09 22:00:03,678 - rasterio._env - DEBUG - Started GDALEnv: self=<rasterio._env.GDALEnv object at 0x7f5085f83340>.
2023-11-09 22:00:03,678 - rasterio.env - DEBUG - Entered env context: <rasterio.env.Env object at 0x7f50844dd880>
2023-11-09 22:00:03,679 - rasterio.env - DEBUG - Got a copy of environment <rasterio._env.GDALEnv object at 0x7f5085f83340> options
2023-11-09 22:00:03,679 - rasterio.env - DEBUG - Entering env context: <rasterio.env.Env object at 0x7f50842f5e80>
2023-11-09 22:00:03,679 - rasterio.env - DEBUG - Got a copy of environment <rasterio._env.GDALEnv object at 0x7f5085f83340> options
2023-11-09 22:00:03,679 - rasterio.env - DEBUG - Entered env context: <rasterio.env.Env object at 0x7f50842f5e80>
2023-11-09 22:00:03,679 - rasterio._base - DEBUG - Sharing flag: 0
2023-11-09 22:00:03,680 - rasterio._base - DEBUG - Nodata success: 1, Nodata value: nan
2023-11-09 22:00:03,681 - rasterio._base - DEBUG - Dataset <open DatasetReader name='https://radar.bmkg.go.id/raster/radarsatelit_202311092150.tif' mode='r'> is started.
2023-11-09 22:00:03,681 - rasterio.env - DEBUG - Exiting env context: <rasterio.env.Env object at 0x7f50842f5e80>
2023-11-09 22:00:03,681 - rasterio.env - DEBUG - Cleared existing <rasterio._env.GDALEnv object at 0x7f5085f83340> options
2023-11-09 22:00:03,681 - rasterio._env - DEBUG - Stopped GDALEnv <rasterio._env.GDALEnv object at 0x7f5085f83340>.
2023-11-09 22:00:03,681 - rasterio.env - DEBUG - No GDAL environment exists
2023-11-09 22:00:03,681 - rasterio.env - DEBUG - New GDAL environment <rasterio._env.GDALEnv object at 0x7f5085f83340> created
2023-11-09 22:00:03,681 - rasterio._env - DEBUG - GDAL data found in package: path='/home/swx/miniconda3/envs/present_weather/lib/python3.12/site-packages/rasterio/gdal_data'.
2023-11-09 22:00:03,682 - rasterio._env - DEBUG - PROJ_LIB found in environment.
2023-11-09 22:00:03,682 - rasterio._env - DEBUG - Started GDALEnv: self=<rasterio._env.GDALEnv object at 0x7f5085f83340>.
2023-11-09 22:00:03,682 - rasterio.env - DEBUG - Exited env context: <rasterio.env.Env object at 0x7f50842f5e80>
2023-11-09 22:00:03,711 - rasterio._io - DEBUG - Output nodata value read from file: nan
2023-11-09 22:00:03,711 - rasterio._io - DEBUG - Output nodata values: [nan]
2023-11-09 22:00:03,712 - rasterio._io - DEBUG - all_valid: False
2023-11-09 22:00:03,712 - rasterio._io - DEBUG - mask_flags: ([<MaskFlags.nodata: 8>],)
2023-11-09 22:00:03,712 - rasterio._io - DEBUG - Jump straight to _read()
2023-11-09 22:00:03,712 - rasterio._io - DEBUG - Window: Window(col_off=0, row_off=0, width=10215, height=3792)
2023-11-09 22:00:03,713 - rasterio._io - DEBUG - IO window xoff=0.0 yoff=0.0 width=10215.0 height=3792.0
2023-11-09 22:00:04,309 - rasterio.env - DEBUG - Exiting env context: <rasterio.env.Env object at 0x7f50844dd880>
2023-11-09 22:00:04,309 - rasterio.env - DEBUG - Cleared existing <rasterio._env.GDALEnv object at 0x7f5085f83340> options
2023-11-09 22:00:04,310 - rasterio._env - DEBUG - Stopped GDALEnv <rasterio._env.GDALEnv object at 0x7f5085f83340>.
2023-11-09 22:00:04,310 - rasterio.env - DEBUG - Exiting outermost env
2023-11-09 22:00:04,310 - rasterio.env - DEBUG - Exited env context: <rasterio.env.Env object at 0x7f50844dd880>
2023-11-09 22:00:04,312 - urllib3.connectionpool - DEBUG - Starting new HTTPS connection (1): radar.bmkg.go.id:8060
2023-11-09 22:00:04,428 - urllib3.connectionpool - DEBUG - https://radar.bmkg.go.id:8060 "GET /getLatestLD?typeData=1 HTTP/1.1" 200 64887
2023-11-09 22:00:04,475 - asyncio - DEBUG - Using selector: EpollSelector
2023-11-09 22:00:11,216 - root - INFO - dask.bag<lambda, npartitions=34>
2023-11-09 22:16:39,493 - root - INFO - Total elapsed time: 0:16:36.093519
