2023-11-30 10:31:39,594 - root - INFO - Initiating present weather
2023-11-30 10:31:39,595 - asyncio - DEBUG - Using selector: KqueueSelector
2023-11-30 10:31:41,275 - urllib3.connectionpool - DEBUG - Starting new HTTPS connection (1): radar.bmkg.go.id:8060
2023-11-30 10:31:41,323 - urllib3.connectionpool - DEBUG - https://radar.bmkg.go.id:8060 "GET /getRadarGeotif?token=19387e71e78522ae4172ec0fda640983b8438c9cfa0ca571623cb69d8327&radar=amandemenForecast&type=latest HTTP/1.1" 200 90
2023-11-30 10:31:41,324 - rasterio.env - DEBUG - Entering env context: <rasterio.env.Env object at 0x131469f40>
2023-11-30 10:31:41,324 - rasterio.env - DEBUG - Starting outermost env
2023-11-30 10:31:41,324 - rasterio.env - DEBUG - No GDAL environment exists
2023-11-30 10:31:41,324 - rasterio.env - DEBUG - New GDAL environment <rasterio._env.GDALEnv object at 0x1313a0400> created
2023-11-30 10:31:41,346 - rasterio._filepath - DEBUG - Installing FilePath filesystem handler plugin...
2023-11-30 10:31:41,346 - rasterio._env - DEBUG - GDAL_DATA found in environment.
2023-11-30 10:31:41,346 - rasterio._env - DEBUG - PROJ_DATA found in environment.
2023-11-30 10:31:41,346 - rasterio._env - DEBUG - Started GDALEnv: self=<rasterio._env.GDALEnv object at 0x1313a0400>.
2023-11-30 10:31:41,346 - rasterio.env - DEBUG - Entered env context: <rasterio.env.Env object at 0x131469f40>
2023-11-30 10:31:41,347 - rasterio._base - DEBUG - Sharing flag: 0
2023-11-30 10:31:41,576 - rasterio._base - DEBUG - Nodata success: 1, Nodata value: nan
2023-11-30 10:31:41,578 - rasterio._base - DEBUG - Dataset <open DatasetReader name='https://radar.bmkg.go.id/raster/radarsatelit_202311300330.tif' mode='r'> is started.
2023-11-30 10:31:41,578 - rasterio.env - DEBUG - Exiting env context: <rasterio.env.Env object at 0x131469f40>
2023-11-30 10:31:41,578 - rasterio.env - DEBUG - Cleared existing <rasterio._env.GDALEnv object at 0x1313a0400> options
2023-11-30 10:31:41,578 - rasterio._env - DEBUG - Stopped GDALEnv <rasterio._env.GDALEnv object at 0x1313a0400>.
2023-11-30 10:31:41,578 - rasterio.env - DEBUG - Exiting outermost env
2023-11-30 10:31:41,578 - rasterio.env - DEBUG - Exited env context: <rasterio.env.Env object at 0x131469f40>
2023-11-30 10:31:41,579 - rasterio.env - DEBUG - Entering env context: <rasterio.env.Env object at 0x1313e1ac0>
2023-11-30 10:31:41,579 - rasterio.env - DEBUG - Starting outermost env
2023-11-30 10:31:41,579 - rasterio.env - DEBUG - No GDAL environment exists
2023-11-30 10:31:41,579 - rasterio.env - DEBUG - New GDAL environment <rasterio._env.GDALEnv object at 0x1313a0400> created
2023-11-30 10:31:41,579 - rasterio._env - DEBUG - GDAL_DATA found in environment.
2023-11-30 10:31:41,579 - rasterio._env - DEBUG - PROJ_DATA found in environment.
2023-11-30 10:31:41,579 - rasterio._env - DEBUG - Started GDALEnv: self=<rasterio._env.GDALEnv object at 0x1313a0400>.
2023-11-30 10:31:41,579 - rasterio.env - DEBUG - Entered env context: <rasterio.env.Env object at 0x1313e1ac0>
2023-11-30 10:31:41,579 - rasterio.env - DEBUG - Got a copy of environment <rasterio._env.GDALEnv object at 0x1313a0400> options
2023-11-30 10:31:41,579 - rasterio.env - DEBUG - Entering env context: <rasterio.env.Env object at 0x13149e900>
2023-11-30 10:31:41,580 - rasterio.env - DEBUG - Got a copy of environment <rasterio._env.GDALEnv object at 0x1313a0400> options
2023-11-30 10:31:41,580 - rasterio.env - DEBUG - Entered env context: <rasterio.env.Env object at 0x13149e900>
2023-11-30 10:31:41,580 - rasterio._base - DEBUG - Sharing flag: 0
2023-11-30 10:31:41,580 - rasterio._base - DEBUG - Nodata success: 1, Nodata value: nan
2023-11-30 10:31:41,580 - rasterio._base - DEBUG - Dataset <open DatasetReader name='https://radar.bmkg.go.id/raster/radarsatelit_202311300330.tif' mode='r'> is started.
2023-11-30 10:31:41,580 - rasterio.env - DEBUG - Exiting env context: <rasterio.env.Env object at 0x13149e900>
2023-11-30 10:31:41,580 - rasterio.env - DEBUG - Cleared existing <rasterio._env.GDALEnv object at 0x1313a0400> options
2023-11-30 10:31:41,580 - rasterio._env - DEBUG - Stopped GDALEnv <rasterio._env.GDALEnv object at 0x1313a0400>.
2023-11-30 10:31:41,580 - rasterio.env - DEBUG - No GDAL environment exists
2023-11-30 10:31:41,580 - rasterio.env - DEBUG - New GDAL environment <rasterio._env.GDALEnv object at 0x1313a0400> created
2023-11-30 10:31:41,580 - rasterio._env - DEBUG - GDAL_DATA found in environment.
2023-11-30 10:31:41,580 - rasterio._env - DEBUG - PROJ_DATA found in environment.
2023-11-30 10:31:41,580 - rasterio._env - DEBUG - Started GDALEnv: self=<rasterio._env.GDALEnv object at 0x1313a0400>.
2023-11-30 10:31:41,580 - rasterio.env - DEBUG - Exited env context: <rasterio.env.Env object at 0x13149e900>
2023-11-30 10:31:41,593 - rasterio._io - DEBUG - Output nodata value read from file: nan
2023-11-30 10:31:41,593 - rasterio._io - DEBUG - Output nodata values: [nan]
2023-11-30 10:31:41,594 - rasterio._io - DEBUG - all_valid: False
2023-11-30 10:31:41,594 - rasterio._io - DEBUG - mask_flags: ([<MaskFlags.nodata: 8>],)
2023-11-30 10:31:41,594 - rasterio._io - DEBUG - Jump straight to _read()
2023-11-30 10:31:41,594 - rasterio._io - DEBUG - Window: Window(col_off=0, row_off=0, width=10215, height=3792)
2023-11-30 10:31:41,594 - rasterio._io - DEBUG - IO window xoff=0.0 yoff=0.0 width=10215.0 height=3792.0
2023-11-30 10:31:42,021 - rasterio.env - DEBUG - Exiting env context: <rasterio.env.Env object at 0x1313e1ac0>
2023-11-30 10:31:42,021 - rasterio.env - DEBUG - Cleared existing <rasterio._env.GDALEnv object at 0x1313a0400> options
2023-11-30 10:31:42,021 - rasterio._env - DEBUG - Stopped GDALEnv <rasterio._env.GDALEnv object at 0x1313a0400>.
2023-11-30 10:31:42,021 - rasterio.env - DEBUG - Exiting outermost env
2023-11-30 10:31:42,021 - rasterio.env - DEBUG - Exited env context: <rasterio.env.Env object at 0x1313e1ac0>
2023-11-30 10:31:42,024 - urllib3.connectionpool - DEBUG - Starting new HTTPS connection (1): radar.bmkg.go.id:8060
2023-11-30 10:31:42,061 - urllib3.connectionpool - DEBUG - https://radar.bmkg.go.id:8060 "GET /getLatestLD?typeData=1 HTTP/1.1" 200 62
2023-11-30 10:31:44,095 - rasterio.env - DEBUG - Entering env context: <rasterio.env.Env object at 0x1312bec60>
2023-11-30 10:31:44,096 - rasterio.env - DEBUG - Starting outermost env
2023-11-30 10:31:44,096 - rasterio.env - DEBUG - No GDAL environment exists
2023-11-30 10:31:44,096 - rasterio.env - DEBUG - New GDAL environment <rasterio._env.GDALEnv object at 0x13149ea70> created
2023-11-30 10:31:44,097 - rasterio._env - DEBUG - GDAL_DATA found in environment.
2023-11-30 10:31:44,097 - rasterio._env - DEBUG - PROJ_DATA found in environment.
2023-11-30 10:31:44,098 - rasterio._env - DEBUG - Started GDALEnv: self=<rasterio._env.GDALEnv object at 0x13149ea70>.
2023-11-30 10:31:44,098 - rasterio.env - DEBUG - Entered env context: <rasterio.env.Env object at 0x1312bec60>
2023-11-30 10:31:44,098 - rasterio._base - DEBUG - Sharing flag: 0
2023-11-30 10:31:44,100 - rasterio._base - DEBUG - Nodata success: 0, Nodata value: 0.000000
2023-11-30 10:31:44,100 - rasterio._base - DEBUG - Dataset <open DatasetReader name='/Users/abidinz/Projects/present_weather/src/H09_B13_Indonesia_20231130.Z0310.cor.tiff' mode='r'> is started.
2023-11-30 10:31:44,100 - rasterio.env - DEBUG - Exiting env context: <rasterio.env.Env object at 0x1312bec60>
2023-11-30 10:31:44,100 - rasterio.env - DEBUG - Cleared existing <rasterio._env.GDALEnv object at 0x13149ea70> options
2023-11-30 10:31:44,100 - rasterio._env - DEBUG - Stopped GDALEnv <rasterio._env.GDALEnv object at 0x13149ea70>.
2023-11-30 10:31:44,100 - rasterio.env - DEBUG - Exiting outermost env
2023-11-30 10:31:44,100 - rasterio.env - DEBUG - Exited env context: <rasterio.env.Env object at 0x1312bec60>
2023-11-30 10:31:44,101 - rasterio.env - DEBUG - Entering env context: <rasterio.env.Env object at 0x131609040>
2023-11-30 10:31:44,101 - rasterio.env - DEBUG - Starting outermost env
2023-11-30 10:31:44,101 - rasterio.env - DEBUG - No GDAL environment exists
2023-11-30 10:31:44,101 - rasterio.env - DEBUG - New GDAL environment <rasterio._env.GDALEnv object at 0x1316090f0> created
2023-11-30 10:31:44,102 - rasterio._env - DEBUG - GDAL_DATA found in environment.
2023-11-30 10:31:44,102 - rasterio._env - DEBUG - PROJ_DATA found in environment.
2023-11-30 10:31:44,102 - rasterio._env - DEBUG - Started GDALEnv: self=<rasterio._env.GDALEnv object at 0x1316090f0>.
2023-11-30 10:31:44,102 - rasterio.env - DEBUG - Entered env context: <rasterio.env.Env object at 0x131609040>
2023-11-30 10:31:44,102 - rasterio._base - DEBUG - Sharing flag: 0
2023-11-30 10:31:44,103 - rasterio._base - DEBUG - Nodata success: 0, Nodata value: 0.000000
2023-11-30 10:31:44,103 - rasterio._base - DEBUG - Dataset <open DatasetReader name='/Users/abidinz/Projects/present_weather/src/H09_B13_Indonesia_20231130.Z0310.cor.tiff' mode='r'> is started.
2023-11-30 10:31:44,103 - rasterio.env - DEBUG - Exiting env context: <rasterio.env.Env object at 0x131609040>
2023-11-30 10:31:44,103 - rasterio.env - DEBUG - Cleared existing <rasterio._env.GDALEnv object at 0x1316090f0> options
2023-11-30 10:31:44,103 - rasterio._env - DEBUG - Stopped GDALEnv <rasterio._env.GDALEnv object at 0x1316090f0>.
2023-11-30 10:31:44,103 - rasterio.env - DEBUG - Exiting outermost env
2023-11-30 10:31:44,103 - rasterio.env - DEBUG - Exited env context: <rasterio.env.Env object at 0x131609040>
2023-11-30 10:31:44,109 - root - INFO - Generating present weather using SATELITE data
2023-11-30 10:32:05,212 - root - INFO - Total elapsed time: 0:00:25.617681
