2023-11-28 11:43:02,952 - root - INFO - Initiating present weather
2023-11-28 11:43:02,954 - asyncio - DEBUG - Using selector: EpollSelector
2023-11-28 11:43:04,514 - urllib3.connectionpool - DEBUG - Starting new HTTPS connection (1): radar.bmkg.go.id:8060
2023-11-28 11:43:04,527 - urllib3.connectionpool - DEBUG - https://radar.bmkg.go.id:8060 "GET /getLatestLD?typeData=1 HTTP/1.1" 200 62
2023-11-28 11:43:04,529 - urllib3.connectionpool - DEBUG - Starting new HTTPS connection (1): radar.bmkg.go.id:8060
2023-11-28 11:43:04,552 - urllib3.connectionpool - DEBUG - https://radar.bmkg.go.id:8060 "GET /getRadarGeotif?token=19387e71e78522ae4172ec0fda640983b8438c9cfa0ca571623cb69d8327&radar=amandemenForecast&type=latest HTTP/1.1" 200 90
2023-11-28 11:43:04,553 - rasterio.env - DEBUG - Entering env context: <rasterio.env.Env object at 0x7fc7bf272380>
2023-11-28 11:43:04,553 - rasterio.env - DEBUG - Starting outermost env
2023-11-28 11:43:04,554 - rasterio.env - DEBUG - No GDAL environment exists
2023-11-28 11:43:04,554 - rasterio.env - DEBUG - New GDAL environment <rasterio._env.GDALEnv object at 0x7fc7bf272410> created
2023-11-28 11:43:04,556 - rasterio._filepath - DEBUG - Installing FilePath filesystem handler plugin...
2023-11-28 11:43:04,557 - rasterio._env - DEBUG - GDAL data found in package: path='/home/metpublic/PYTHON_VENV/present_weather/lib/python3.10/site-packages/rasterio/gdal_data'.
2023-11-28 11:43:04,557 - rasterio._env - DEBUG - PROJ data found in package: path='/home/metpublic/PYTHON_VENV/present_weather/lib/python3.10/site-packages/rasterio/proj_data'.
2023-11-28 11:43:04,557 - rasterio._env - DEBUG - Started GDALEnv: self=<rasterio._env.GDALEnv object at 0x7fc7bf272410>.
2023-11-28 11:43:04,557 - rasterio.env - DEBUG - Entered env context: <rasterio.env.Env object at 0x7fc7bf272380>
2023-11-28 11:43:04,557 - rasterio._base - DEBUG - Sharing flag: 0
2023-11-28 11:43:04,745 - rasterio._base - DEBUG - Nodata success: 1, Nodata value: nan
2023-11-28 11:43:04,746 - rasterio._base - DEBUG - Dataset <open DatasetReader name='https://radar.bmkg.go.id/raster/radarsatelit_202311281140.tif' mode='r'> is started.
2023-11-28 11:43:04,746 - rasterio.env - DEBUG - Exiting env context: <rasterio.env.Env object at 0x7fc7bf272380>
2023-11-28 11:43:04,746 - rasterio.env - DEBUG - Cleared existing <rasterio._env.GDALEnv object at 0x7fc7bf272410> options
2023-11-28 11:43:04,746 - rasterio._env - DEBUG - Stopped GDALEnv <rasterio._env.GDALEnv object at 0x7fc7bf272410>.
2023-11-28 11:43:04,746 - rasterio.env - DEBUG - Exiting outermost env
2023-11-28 11:43:04,746 - rasterio.env - DEBUG - Exited env context: <rasterio.env.Env object at 0x7fc7bf272380>
2023-11-28 11:43:04,746 - rasterio.env - DEBUG - Entering env context: <rasterio.env.Env object at 0x7fc7be8c3fd0>
2023-11-28 11:43:04,746 - rasterio.env - DEBUG - Starting outermost env
2023-11-28 11:43:04,746 - rasterio.env - DEBUG - No GDAL environment exists
2023-11-28 11:43:04,746 - rasterio.env - DEBUG - New GDAL environment <rasterio._env.GDALEnv object at 0x7fc7bf272410> created
2023-11-28 11:43:04,747 - rasterio._env - DEBUG - GDAL data found in package: path='/home/metpublic/PYTHON_VENV/present_weather/lib/python3.10/site-packages/rasterio/gdal_data'.
2023-11-28 11:43:04,747 - rasterio._env - DEBUG - PROJ data found in package: path='/home/metpublic/PYTHON_VENV/present_weather/lib/python3.10/site-packages/rasterio/proj_data'.
2023-11-28 11:43:04,747 - rasterio._env - DEBUG - Started GDALEnv: self=<rasterio._env.GDALEnv object at 0x7fc7bf272410>.
2023-11-28 11:43:04,747 - rasterio.env - DEBUG - Entered env context: <rasterio.env.Env object at 0x7fc7be8c3fd0>
2023-11-28 11:43:04,748 - rasterio.env - DEBUG - Got a copy of environment <rasterio._env.GDALEnv object at 0x7fc7bf272410> options
2023-11-28 11:43:04,748 - rasterio.env - DEBUG - Entering env context: <rasterio.env.Env object at 0x7fc7a4755c00>
2023-11-28 11:43:04,748 - rasterio.env - DEBUG - Got a copy of environment <rasterio._env.GDALEnv object at 0x7fc7bf272410> options
2023-11-28 11:43:04,748 - rasterio.env - DEBUG - Entered env context: <rasterio.env.Env object at 0x7fc7a4755c00>
2023-11-28 11:43:04,748 - rasterio._base - DEBUG - Sharing flag: 0
2023-11-28 11:43:04,749 - rasterio._base - DEBUG - Nodata success: 1, Nodata value: nan
2023-11-28 11:43:04,749 - rasterio._base - DEBUG - Dataset <open DatasetReader name='https://radar.bmkg.go.id/raster/radarsatelit_202311281140.tif' mode='r'> is started.
2023-11-28 11:43:04,749 - rasterio.env - DEBUG - Exiting env context: <rasterio.env.Env object at 0x7fc7a4755c00>
2023-11-28 11:43:04,749 - rasterio.env - DEBUG - Cleared existing <rasterio._env.GDALEnv object at 0x7fc7bf272410> options
2023-11-28 11:43:04,750 - rasterio._env - DEBUG - Stopped GDALEnv <rasterio._env.GDALEnv object at 0x7fc7bf272410>.
2023-11-28 11:43:04,750 - rasterio.env - DEBUG - No GDAL environment exists
2023-11-28 11:43:04,750 - rasterio.env - DEBUG - New GDAL environment <rasterio._env.GDALEnv object at 0x7fc7bf272410> created
2023-11-28 11:43:04,750 - rasterio._env - DEBUG - GDAL data found in package: path='/home/metpublic/PYTHON_VENV/present_weather/lib/python3.10/site-packages/rasterio/gdal_data'.
2023-11-28 11:43:04,750 - rasterio._env - DEBUG - PROJ data found in package: path='/home/metpublic/PYTHON_VENV/present_weather/lib/python3.10/site-packages/rasterio/proj_data'.
2023-11-28 11:43:04,750 - rasterio._env - DEBUG - Started GDALEnv: self=<rasterio._env.GDALEnv object at 0x7fc7bf272410>.
2023-11-28 11:43:04,750 - rasterio.env - DEBUG - Exited env context: <rasterio.env.Env object at 0x7fc7a4755c00>
2023-11-28 11:43:04,766 - rasterio._io - DEBUG - Output nodata value read from file: nan
2023-11-28 11:43:04,766 - rasterio._io - DEBUG - Output nodata values: [nan]
2023-11-28 11:43:04,767 - rasterio._io - DEBUG - all_valid: False
2023-11-28 11:43:04,767 - rasterio._io - DEBUG - mask_flags: ([<MaskFlags.nodata: 8>],)
2023-11-28 11:43:04,767 - rasterio._io - DEBUG - Jump straight to _read()
2023-11-28 11:43:04,767 - rasterio._io - DEBUG - Window: Window(col_off=0, row_off=0, width=10178, height=3732)
2023-11-28 11:43:04,767 - rasterio._io - DEBUG - IO window xoff=0.0 yoff=0.0 width=10178.0 height=3732.0
2023-11-28 11:43:05,345 - rasterio.env - DEBUG - Exiting env context: <rasterio.env.Env object at 0x7fc7be8c3fd0>
2023-11-28 11:43:05,345 - rasterio.env - DEBUG - Cleared existing <rasterio._env.GDALEnv object at 0x7fc7bf272410> options
2023-11-28 11:43:05,345 - rasterio._env - DEBUG - Stopped GDALEnv <rasterio._env.GDALEnv object at 0x7fc7bf272410>.
2023-11-28 11:43:05,345 - rasterio.env - DEBUG - Exiting outermost env
2023-11-28 11:43:05,345 - rasterio.env - DEBUG - Exited env context: <rasterio.env.Env object at 0x7fc7be8c3fd0>
2023-11-28 11:43:05,346 - root - INFO - Generating present weather using RADAR data
2023-11-28 11:43:09,308 - root - INFO - dask.bag<lambda, npartitions=34>
2023-11-28 11:43:16,499 - root - INFO - Total elapsed time: 0:00:13.547945
2023-11-28 11:43:30,238 - root - INFO - Initiating present weather
2023-11-28 11:43:30,240 - asyncio - DEBUG - Using selector: EpollSelector
2023-11-28 11:43:31,762 - urllib3.connectionpool - DEBUG - Starting new HTTPS connection (1): radar.bmkg.go.id:8060
2023-11-28 11:43:31,773 - urllib3.connectionpool - DEBUG - https://radar.bmkg.go.id:8060 "GET /getLatestLD?typeData=1 HTTP/1.1" 200 62
2023-11-28 11:43:31,776 - urllib3.connectionpool - DEBUG - Starting new HTTPS connection (1): radar.bmkg.go.id:8060
2023-11-28 11:43:31,796 - urllib3.connectionpool - DEBUG - https://radar.bmkg.go.id:8060 "GET /getRadarGeotif?token=19387e71e78522ae4172ec0fda640983b8438c9cfa0ca571623cb69d8327&radar=amandemenForecast&type=latest HTTP/1.1" 200 90
2023-11-28 11:43:31,797 - rasterio.env - DEBUG - Entering env context: <rasterio.env.Env object at 0x7fd3afd92bf0>
2023-11-28 11:43:31,797 - rasterio.env - DEBUG - Starting outermost env
2023-11-28 11:43:31,797 - rasterio.env - DEBUG - No GDAL environment exists
2023-11-28 11:43:31,797 - rasterio.env - DEBUG - New GDAL environment <rasterio._env.GDALEnv object at 0x7fd3afd92a40> created
2023-11-28 11:43:31,800 - rasterio._filepath - DEBUG - Installing FilePath filesystem handler plugin...
2023-11-28 11:43:31,800 - rasterio._env - DEBUG - GDAL data found in package: path='/home/metpublic/PYTHON_VENV/present_weather/lib/python3.10/site-packages/rasterio/gdal_data'.
2023-11-28 11:43:31,800 - rasterio._env - DEBUG - PROJ data found in package: path='/home/metpublic/PYTHON_VENV/present_weather/lib/python3.10/site-packages/rasterio/proj_data'.
2023-11-28 11:43:31,801 - rasterio._env - DEBUG - Started GDALEnv: self=<rasterio._env.GDALEnv object at 0x7fd3afd92a40>.
2023-11-28 11:43:31,801 - rasterio.env - DEBUG - Entered env context: <rasterio.env.Env object at 0x7fd3afd92bf0>
2023-11-28 11:43:31,801 - rasterio._base - DEBUG - Sharing flag: 0
2023-11-28 11:43:31,998 - rasterio._base - DEBUG - Nodata success: 1, Nodata value: nan
2023-11-28 11:43:31,998 - rasterio._base - DEBUG - Dataset <open DatasetReader name='https://radar.bmkg.go.id/raster/radarsatelit_202311281140.tif' mode='r'> is started.
2023-11-28 11:43:31,999 - rasterio.env - DEBUG - Exiting env context: <rasterio.env.Env object at 0x7fd3afd92bf0>
2023-11-28 11:43:31,999 - rasterio.env - DEBUG - Cleared existing <rasterio._env.GDALEnv object at 0x7fd3afd92a40> options
2023-11-28 11:43:31,999 - rasterio._env - DEBUG - Stopped GDALEnv <rasterio._env.GDALEnv object at 0x7fd3afd92a40>.
2023-11-28 11:43:31,999 - rasterio.env - DEBUG - Exiting outermost env
2023-11-28 11:43:31,999 - rasterio.env - DEBUG - Exited env context: <rasterio.env.Env object at 0x7fd3afd92bf0>
2023-11-28 11:43:31,999 - rasterio.env - DEBUG - Entering env context: <rasterio.env.Env object at 0x7fd3af4207c0>
2023-11-28 11:43:32,000 - rasterio.env - DEBUG - Starting outermost env
2023-11-28 11:43:32,000 - rasterio.env - DEBUG - No GDAL environment exists
2023-11-28 11:43:32,000 - rasterio.env - DEBUG - New GDAL environment <rasterio._env.GDALEnv object at 0x7fd3afd92a40> created
2023-11-28 11:43:32,001 - rasterio._env - DEBUG - GDAL data found in package: path='/home/metpublic/PYTHON_VENV/present_weather/lib/python3.10/site-packages/rasterio/gdal_data'.
2023-11-28 11:43:32,001 - rasterio._env - DEBUG - PROJ data found in package: path='/home/metpublic/PYTHON_VENV/present_weather/lib/python3.10/site-packages/rasterio/proj_data'.
2023-11-28 11:43:32,001 - rasterio._env - DEBUG - Started GDALEnv: self=<rasterio._env.GDALEnv object at 0x7fd3afd92a40>.
2023-11-28 11:43:32,001 - rasterio.env - DEBUG - Entered env context: <rasterio.env.Env object at 0x7fd3af4207c0>
2023-11-28 11:43:32,001 - rasterio.env - DEBUG - Got a copy of environment <rasterio._env.GDALEnv object at 0x7fd3afd92a40> options
2023-11-28 11:43:32,001 - rasterio.env - DEBUG - Entering env context: <rasterio.env.Env object at 0x7fd3ac3296f0>
2023-11-28 11:43:32,002 - rasterio.env - DEBUG - Got a copy of environment <rasterio._env.GDALEnv object at 0x7fd3afd92a40> options
2023-11-28 11:43:32,002 - rasterio.env - DEBUG - Entered env context: <rasterio.env.Env object at 0x7fd3ac3296f0>
2023-11-28 11:43:32,002 - rasterio._base - DEBUG - Sharing flag: 0
2023-11-28 11:43:32,003 - rasterio._base - DEBUG - Nodata success: 1, Nodata value: nan
2023-11-28 11:43:32,003 - rasterio._base - DEBUG - Dataset <open DatasetReader name='https://radar.bmkg.go.id/raster/radarsatelit_202311281140.tif' mode='r'> is started.
2023-11-28 11:43:32,003 - rasterio.env - DEBUG - Exiting env context: <rasterio.env.Env object at 0x7fd3ac3296f0>
2023-11-28 11:43:32,003 - rasterio.env - DEBUG - Cleared existing <rasterio._env.GDALEnv object at 0x7fd3afd92a40> options
2023-11-28 11:43:32,003 - rasterio._env - DEBUG - Stopped GDALEnv <rasterio._env.GDALEnv object at 0x7fd3afd92a40>.
2023-11-28 11:43:32,003 - rasterio.env - DEBUG - No GDAL environment exists
2023-11-28 11:43:32,003 - rasterio.env - DEBUG - New GDAL environment <rasterio._env.GDALEnv object at 0x7fd3afd92a40> created
2023-11-28 11:43:32,003 - rasterio._env - DEBUG - GDAL data found in package: path='/home/metpublic/PYTHON_VENV/present_weather/lib/python3.10/site-packages/rasterio/gdal_data'.
2023-11-28 11:43:32,004 - rasterio._env - DEBUG - PROJ data found in package: path='/home/metpublic/PYTHON_VENV/present_weather/lib/python3.10/site-packages/rasterio/proj_data'.
2023-11-28 11:43:32,004 - rasterio._env - DEBUG - Started GDALEnv: self=<rasterio._env.GDALEnv object at 0x7fd3afd92a40>.
2023-11-28 11:43:32,004 - rasterio.env - DEBUG - Exited env context: <rasterio.env.Env object at 0x7fd3ac3296f0>
2023-11-28 11:43:32,021 - rasterio._io - DEBUG - Output nodata value read from file: nan
2023-11-28 11:43:32,021 - rasterio._io - DEBUG - Output nodata values: [nan]
2023-11-28 11:43:32,021 - rasterio._io - DEBUG - all_valid: False
2023-11-28 11:43:32,021 - rasterio._io - DEBUG - mask_flags: ([<MaskFlags.nodata: 8>],)
2023-11-28 11:43:32,021 - rasterio._io - DEBUG - Jump straight to _read()
2023-11-28 11:43:32,021 - rasterio._io - DEBUG - Window: Window(col_off=0, row_off=0, width=10178, height=3732)
2023-11-28 11:43:32,022 - rasterio._io - DEBUG - IO window xoff=0.0 yoff=0.0 width=10178.0 height=3732.0
2023-11-28 11:43:32,586 - rasterio.env - DEBUG - Exiting env context: <rasterio.env.Env object at 0x7fd3af4207c0>
2023-11-28 11:43:32,586 - rasterio.env - DEBUG - Cleared existing <rasterio._env.GDALEnv object at 0x7fd3afd92a40> options
2023-11-28 11:43:32,586 - rasterio._env - DEBUG - Stopped GDALEnv <rasterio._env.GDALEnv object at 0x7fd3afd92a40>.
2023-11-28 11:43:32,586 - rasterio.env - DEBUG - Exiting outermost env
2023-11-28 11:43:32,586 - rasterio.env - DEBUG - Exited env context: <rasterio.env.Env object at 0x7fd3af4207c0>
2023-11-28 11:43:32,587 - root - INFO - Generating present weather using RADAR data
2023-11-28 11:43:36,326 - root - INFO - dask.bag<lambda, npartitions=34>
2023-11-28 11:43:43,437 - root - INFO - Total elapsed time: 0:00:13.199449
