2023-11-28 06:53:02,457 - root - INFO - Initiating present weather
2023-11-28 06:53:02,459 - asyncio - DEBUG - Using selector: EpollSelector
2023-11-28 06:53:03,958 - urllib3.connectionpool - DEBUG - Starting new HTTPS connection (1): radar.bmkg.go.id:8060
2023-11-28 06:53:03,980 - urllib3.connectionpool - DEBUG - https://radar.bmkg.go.id:8060 "GET /getRadarGeotif?token=19387e71e78522ae4172ec0fda640983b8438c9cfa0ca571623cb69d8327&radar=amandemenForecast&type=latest HTTP/1.1" 200 90
2023-11-28 06:53:03,981 - rasterio.env - DEBUG - Entering env context: <rasterio.env.Env object at 0x7f3840f909a0>
2023-11-28 06:53:03,982 - rasterio.env - DEBUG - Starting outermost env
2023-11-28 06:53:03,982 - rasterio.env - DEBUG - No GDAL environment exists
2023-11-28 06:53:03,982 - rasterio.env - DEBUG - New GDAL environment <rasterio._env.GDALEnv object at 0x7f3840f930a0> created
2023-11-28 06:53:03,985 - rasterio._filepath - DEBUG - Installing FilePath filesystem handler plugin...
2023-11-28 06:53:03,985 - rasterio._env - DEBUG - GDAL data found in package: path='/home/metpublic/PYTHON_VENV/present_weather/lib/python3.10/site-packages/rasterio/gdal_data'.
2023-11-28 06:53:03,985 - rasterio._env - DEBUG - PROJ data found in package: path='/home/metpublic/PYTHON_VENV/present_weather/lib/python3.10/site-packages/rasterio/proj_data'.
2023-11-28 06:53:03,985 - rasterio._env - DEBUG - Started GDALEnv: self=<rasterio._env.GDALEnv object at 0x7f3840f930a0>.
2023-11-28 06:53:03,985 - rasterio.env - DEBUG - Entered env context: <rasterio.env.Env object at 0x7f3840f909a0>
2023-11-28 06:53:03,986 - rasterio._base - DEBUG - Sharing flag: 0
2023-11-28 06:53:04,160 - rasterio._base - DEBUG - Nodata success: 1, Nodata value: nan
2023-11-28 06:53:04,161 - rasterio._base - DEBUG - Dataset <open DatasetReader name='https://radar.bmkg.go.id/raster/radarsatelit_202311280650.tif' mode='r'> is started.
2023-11-28 06:53:04,161 - rasterio.env - DEBUG - Exiting env context: <rasterio.env.Env object at 0x7f3840f909a0>
2023-11-28 06:53:04,161 - rasterio.env - DEBUG - Cleared existing <rasterio._env.GDALEnv object at 0x7f3840f930a0> options
2023-11-28 06:53:04,161 - rasterio._env - DEBUG - Stopped GDALEnv <rasterio._env.GDALEnv object at 0x7f3840f930a0>.
2023-11-28 06:53:04,162 - rasterio.env - DEBUG - Exiting outermost env
2023-11-28 06:53:04,162 - rasterio.env - DEBUG - Exited env context: <rasterio.env.Env object at 0x7f3840f909a0>
2023-11-28 06:53:04,162 - rasterio.env - DEBUG - Entering env context: <rasterio.env.Env object at 0x7f3840f0f850>
2023-11-28 06:53:04,162 - rasterio.env - DEBUG - Starting outermost env
2023-11-28 06:53:04,162 - rasterio.env - DEBUG - No GDAL environment exists
2023-11-28 06:53:04,162 - rasterio.env - DEBUG - New GDAL environment <rasterio._env.GDALEnv object at 0x7f3840f930a0> created
2023-11-28 06:53:04,162 - rasterio._env - DEBUG - GDAL data found in package: path='/home/metpublic/PYTHON_VENV/present_weather/lib/python3.10/site-packages/rasterio/gdal_data'.
2023-11-28 06:53:04,162 - rasterio._env - DEBUG - PROJ data found in package: path='/home/metpublic/PYTHON_VENV/present_weather/lib/python3.10/site-packages/rasterio/proj_data'.
2023-11-28 06:53:04,163 - rasterio._env - DEBUG - Started GDALEnv: self=<rasterio._env.GDALEnv object at 0x7f3840f930a0>.
2023-11-28 06:53:04,163 - rasterio.env - DEBUG - Entered env context: <rasterio.env.Env object at 0x7f3840f0f850>
2023-11-28 06:53:04,163 - rasterio.env - DEBUG - Got a copy of environment <rasterio._env.GDALEnv object at 0x7f3840f930a0> options
2023-11-28 06:53:04,163 - rasterio.env - DEBUG - Entering env context: <rasterio.env.Env object at 0x7f3840664fa0>
2023-11-28 06:53:04,163 - rasterio.env - DEBUG - Got a copy of environment <rasterio._env.GDALEnv object at 0x7f3840f930a0> options
2023-11-28 06:53:04,163 - rasterio.env - DEBUG - Entered env context: <rasterio.env.Env object at 0x7f3840664fa0>
2023-11-28 06:53:04,163 - rasterio._base - DEBUG - Sharing flag: 0
2023-11-28 06:53:04,164 - rasterio._base - DEBUG - Nodata success: 1, Nodata value: nan
2023-11-28 06:53:04,164 - rasterio._base - DEBUG - Dataset <open DatasetReader name='https://radar.bmkg.go.id/raster/radarsatelit_202311280650.tif' mode='r'> is started.
2023-11-28 06:53:04,164 - rasterio.env - DEBUG - Exiting env context: <rasterio.env.Env object at 0x7f3840664fa0>
2023-11-28 06:53:04,164 - rasterio.env - DEBUG - Cleared existing <rasterio._env.GDALEnv object at 0x7f3840f930a0> options
2023-11-28 06:53:04,164 - rasterio._env - DEBUG - Stopped GDALEnv <rasterio._env.GDALEnv object at 0x7f3840f930a0>.
2023-11-28 06:53:04,164 - rasterio.env - DEBUG - No GDAL environment exists
2023-11-28 06:53:04,164 - rasterio.env - DEBUG - New GDAL environment <rasterio._env.GDALEnv object at 0x7f3840f930a0> created
2023-11-28 06:53:04,165 - rasterio._env - DEBUG - GDAL data found in package: path='/home/metpublic/PYTHON_VENV/present_weather/lib/python3.10/site-packages/rasterio/gdal_data'.
2023-11-28 06:53:04,165 - rasterio._env - DEBUG - PROJ data found in package: path='/home/metpublic/PYTHON_VENV/present_weather/lib/python3.10/site-packages/rasterio/proj_data'.
2023-11-28 06:53:04,165 - rasterio._env - DEBUG - Started GDALEnv: self=<rasterio._env.GDALEnv object at 0x7f3840f930a0>.
2023-11-28 06:53:04,166 - rasterio.env - DEBUG - Exited env context: <rasterio.env.Env object at 0x7f3840664fa0>
2023-11-28 06:53:04,181 - rasterio._io - DEBUG - Output nodata value read from file: nan
2023-11-28 06:53:04,181 - rasterio._io - DEBUG - Output nodata values: [nan]
2023-11-28 06:53:04,182 - rasterio._io - DEBUG - all_valid: False
2023-11-28 06:53:04,182 - rasterio._io - DEBUG - mask_flags: ([<MaskFlags.nodata: 8>],)
2023-11-28 06:53:04,182 - rasterio._io - DEBUG - Jump straight to _read()
2023-11-28 06:53:04,182 - rasterio._io - DEBUG - Window: Window(col_off=0, row_off=0, width=10215, height=3792)
2023-11-28 06:53:04,182 - rasterio._io - DEBUG - IO window xoff=0.0 yoff=0.0 width=10215.0 height=3792.0
2023-11-28 06:53:04,778 - rasterio.env - DEBUG - Exiting env context: <rasterio.env.Env object at 0x7f3840f0f850>
2023-11-28 06:53:04,778 - rasterio.env - DEBUG - Cleared existing <rasterio._env.GDALEnv object at 0x7f3840f930a0> options
2023-11-28 06:53:04,778 - rasterio._env - DEBUG - Stopped GDALEnv <rasterio._env.GDALEnv object at 0x7f3840f930a0>.
2023-11-28 06:53:04,778 - rasterio.env - DEBUG - Exiting outermost env
2023-11-28 06:53:04,778 - rasterio.env - DEBUG - Exited env context: <rasterio.env.Env object at 0x7f3840f0f850>
2023-11-28 06:53:04,780 - urllib3.connectionpool - DEBUG - Starting new HTTPS connection (1): radar.bmkg.go.id:8060
2023-11-28 06:53:04,793 - urllib3.connectionpool - DEBUG - https://radar.bmkg.go.id:8060 "GET /getLatestLD?typeData=1 HTTP/1.1" 200 62
2023-11-28 06:53:06,750 - rasterio.env - DEBUG - Entering env context: <rasterio.env.Env object at 0x7f384060f8e0>
2023-11-28 06:53:06,750 - rasterio.env - DEBUG - Starting outermost env
2023-11-28 06:53:06,750 - rasterio.env - DEBUG - No GDAL environment exists
2023-11-28 06:53:06,750 - rasterio.env - DEBUG - New GDAL environment <rasterio._env.GDALEnv object at 0x7f384060f4f0> created
2023-11-28 06:53:06,751 - rasterio._env - DEBUG - GDAL data found in package: path='/home/metpublic/PYTHON_VENV/present_weather/lib/python3.10/site-packages/rasterio/gdal_data'.
2023-11-28 06:53:06,751 - rasterio._env - DEBUG - PROJ data found in package: path='/home/metpublic/PYTHON_VENV/present_weather/lib/python3.10/site-packages/rasterio/proj_data'.
2023-11-28 06:53:06,751 - rasterio._env - DEBUG - Started GDALEnv: self=<rasterio._env.GDALEnv object at 0x7f384060f4f0>.
2023-11-28 06:53:06,751 - rasterio.env - DEBUG - Entered env context: <rasterio.env.Env object at 0x7f384060f8e0>
2023-11-28 06:53:06,751 - rasterio._base - DEBUG - Sharing flag: 0
2023-11-28 06:53:06,752 - rasterio._base - DEBUG - Nodata success: 0, Nodata value: 0.000000
2023-11-28 06:53:06,752 - rasterio._base - DEBUG - Dataset <open DatasetReader name='/home/metpublic/TASK_RELEASE/EFAN/present_weather/src/H09_B13_Indonesia_20231128.Z0640.cor.tiff' mode='r'> is started.
2023-11-28 06:53:06,753 - rasterio.env - DEBUG - Exiting env context: <rasterio.env.Env object at 0x7f384060f8e0>
2023-11-28 06:53:06,753 - rasterio.env - DEBUG - Cleared existing <rasterio._env.GDALEnv object at 0x7f384060f4f0> options
2023-11-28 06:53:06,753 - rasterio._env - DEBUG - Stopped GDALEnv <rasterio._env.GDALEnv object at 0x7f384060f4f0>.
2023-11-28 06:53:06,753 - rasterio.env - DEBUG - Exiting outermost env
2023-11-28 06:53:06,753 - rasterio.env - DEBUG - Exited env context: <rasterio.env.Env object at 0x7f384060f8e0>
2023-11-28 06:53:06,753 - rasterio.env - DEBUG - Entering env context: <rasterio.env.Env object at 0x7f3840664880>
2023-11-28 06:53:06,753 - rasterio.env - DEBUG - Starting outermost env
2023-11-28 06:53:06,753 - rasterio.env - DEBUG - No GDAL environment exists
2023-11-28 06:53:06,753 - rasterio.env - DEBUG - New GDAL environment <rasterio._env.GDALEnv object at 0x7f3840664eb0> created
2023-11-28 06:53:06,754 - rasterio._env - DEBUG - GDAL data found in package: path='/home/metpublic/PYTHON_VENV/present_weather/lib/python3.10/site-packages/rasterio/gdal_data'.
2023-11-28 06:53:06,754 - rasterio._env - DEBUG - PROJ data found in package: path='/home/metpublic/PYTHON_VENV/present_weather/lib/python3.10/site-packages/rasterio/proj_data'.
2023-11-28 06:53:06,754 - rasterio._env - DEBUG - Started GDALEnv: self=<rasterio._env.GDALEnv object at 0x7f3840664eb0>.
2023-11-28 06:53:06,754 - rasterio.env - DEBUG - Entered env context: <rasterio.env.Env object at 0x7f3840664880>
2023-11-28 06:53:06,754 - rasterio._base - DEBUG - Sharing flag: 0
2023-11-28 06:53:06,755 - rasterio._base - DEBUG - Nodata success: 0, Nodata value: 0.000000
2023-11-28 06:53:06,755 - rasterio._base - DEBUG - Dataset <open DatasetReader name='/home/metpublic/TASK_RELEASE/EFAN/present_weather/src/H09_B13_Indonesia_20231128.Z0640.cor.tiff' mode='r'> is started.
2023-11-28 06:53:06,755 - rasterio.env - DEBUG - Exiting env context: <rasterio.env.Env object at 0x7f3840664880>
2023-11-28 06:53:06,755 - rasterio.env - DEBUG - Cleared existing <rasterio._env.GDALEnv object at 0x7f3840664eb0> options
2023-11-28 06:53:06,755 - rasterio._env - DEBUG - Stopped GDALEnv <rasterio._env.GDALEnv object at 0x7f3840664eb0>.
2023-11-28 06:53:06,755 - rasterio.env - DEBUG - Exiting outermost env
2023-11-28 06:53:06,755 - rasterio.env - DEBUG - Exited env context: <rasterio.env.Env object at 0x7f3840664880>
2023-11-28 06:53:06,764 - root - INFO - Generating present weather using SATELITE data
2023-11-28 06:54:02,505 - root - INFO - Total elapsed time: 0:01:00.048865
