2023-11-22 12:43:03,413 - root - INFO - Initiating present weather
2023-11-22 12:43:03,416 - asyncio - DEBUG - Using selector: EpollSelector
2023-11-22 12:43:06,618 - urllib3.connectionpool - DEBUG - Starting new HTTPS connection (1): radar.bmkg.go.id:8060
2023-11-22 12:43:06,688 - urllib3.connectionpool - DEBUG - https://radar.bmkg.go.id:8060 "GET /getRadarGeotif?token=19387e71e78522ae4172ec0fda640983b8438c9cfa0ca571623cb69d8327&radar=amandemenForecast&type=latest HTTP/1.1" 200 90
2023-11-22 12:43:06,692 - rasterio.env - DEBUG - Entering env context: <rasterio.env.Env object at 0x7f7526c23350>
2023-11-22 12:43:06,694 - rasterio.env - DEBUG - Starting outermost env
2023-11-22 12:43:06,694 - rasterio.env - DEBUG - No GDAL environment exists
2023-11-22 12:43:06,694 - rasterio.env - DEBUG - New GDAL environment <rasterio._env.GDALEnv object at 0x7f7526c87730> created
2023-11-22 12:43:06,698 - rasterio._filepath - DEBUG - Installing FilePath filesystem handler plugin...
2023-11-22 12:43:06,699 - rasterio._env - DEBUG - GDAL data found in package: path='/home/swx/miniconda3/envs/present_weather/lib/python3.12/site-packages/rasterio/gdal_data'.
2023-11-22 12:43:06,699 - rasterio._env - DEBUG - PROJ_LIB found in environment.
2023-11-22 12:43:06,699 - rasterio._env - DEBUG - Started GDALEnv: self=<rasterio._env.GDALEnv object at 0x7f7526c87730>.
2023-11-22 12:43:06,699 - rasterio.env - DEBUG - Entered env context: <rasterio.env.Env object at 0x7f7526c23350>
2023-11-22 12:43:06,699 - rasterio._base - DEBUG - Sharing flag: 0
2023-11-22 12:43:06,888 - rasterio._base - DEBUG - Nodata success: 1, Nodata value: nan
2023-11-22 12:43:06,888 - rasterio._base - DEBUG - Dataset <open DatasetReader name='https://radar.bmkg.go.id/raster/radarsatelit_202311221240.tif' mode='r'> is started.
2023-11-22 12:43:06,889 - rasterio.env - DEBUG - Exiting env context: <rasterio.env.Env object at 0x7f7526c23350>
2023-11-22 12:43:06,889 - rasterio.env - DEBUG - Cleared existing <rasterio._env.GDALEnv object at 0x7f7526c87730> options
2023-11-22 12:43:06,889 - rasterio._env - DEBUG - Stopped GDALEnv <rasterio._env.GDALEnv object at 0x7f7526c87730>.
2023-11-22 12:43:06,889 - rasterio.env - DEBUG - Exiting outermost env
2023-11-22 12:43:06,889 - rasterio.env - DEBUG - Exited env context: <rasterio.env.Env object at 0x7f7526c23350>
2023-11-22 12:43:06,889 - rasterio.env - DEBUG - Entering env context: <rasterio.env.Env object at 0x7f7526b62cc0>
2023-11-22 12:43:06,890 - rasterio.env - DEBUG - Starting outermost env
2023-11-22 12:43:06,890 - rasterio.env - DEBUG - No GDAL environment exists
2023-11-22 12:43:06,890 - rasterio.env - DEBUG - New GDAL environment <rasterio._env.GDALEnv object at 0x7f7526c87730> created
2023-11-22 12:43:06,892 - rasterio._env - DEBUG - GDAL data found in package: path='/home/swx/miniconda3/envs/present_weather/lib/python3.12/site-packages/rasterio/gdal_data'.
2023-11-22 12:43:06,892 - rasterio._env - DEBUG - PROJ_LIB found in environment.
2023-11-22 12:43:06,892 - rasterio._env - DEBUG - Started GDALEnv: self=<rasterio._env.GDALEnv object at 0x7f7526c87730>.
2023-11-22 12:43:06,892 - rasterio.env - DEBUG - Entered env context: <rasterio.env.Env object at 0x7f7526b62cc0>
2023-11-22 12:43:06,893 - rasterio.env - DEBUG - Got a copy of environment <rasterio._env.GDALEnv object at 0x7f7526c87730> options
2023-11-22 12:43:06,893 - rasterio.env - DEBUG - Entering env context: <rasterio.env.Env object at 0x7f7526b396a0>
2023-11-22 12:43:06,893 - rasterio.env - DEBUG - Got a copy of environment <rasterio._env.GDALEnv object at 0x7f7526c87730> options
2023-11-22 12:43:06,894 - rasterio.env - DEBUG - Entered env context: <rasterio.env.Env object at 0x7f7526b396a0>
2023-11-22 12:43:06,894 - rasterio._base - DEBUG - Sharing flag: 0
2023-11-22 12:43:06,895 - rasterio._base - DEBUG - Nodata success: 1, Nodata value: nan
2023-11-22 12:43:06,895 - rasterio._base - DEBUG - Dataset <open DatasetReader name='https://radar.bmkg.go.id/raster/radarsatelit_202311221240.tif' mode='r'> is started.
2023-11-22 12:43:06,895 - rasterio.env - DEBUG - Exiting env context: <rasterio.env.Env object at 0x7f7526b396a0>
2023-11-22 12:43:06,895 - rasterio.env - DEBUG - Cleared existing <rasterio._env.GDALEnv object at 0x7f7526c87730> options
2023-11-22 12:43:06,895 - rasterio._env - DEBUG - Stopped GDALEnv <rasterio._env.GDALEnv object at 0x7f7526c87730>.
2023-11-22 12:43:06,896 - rasterio.env - DEBUG - No GDAL environment exists
2023-11-22 12:43:06,896 - rasterio.env - DEBUG - New GDAL environment <rasterio._env.GDALEnv object at 0x7f7526c87730> created
2023-11-22 12:43:06,897 - rasterio._env - DEBUG - GDAL data found in package: path='/home/swx/miniconda3/envs/present_weather/lib/python3.12/site-packages/rasterio/gdal_data'.
2023-11-22 12:43:06,897 - rasterio._env - DEBUG - PROJ_LIB found in environment.
2023-11-22 12:43:06,897 - rasterio._env - DEBUG - Started GDALEnv: self=<rasterio._env.GDALEnv object at 0x7f7526c87730>.
2023-11-22 12:43:06,897 - rasterio.env - DEBUG - Exited env context: <rasterio.env.Env object at 0x7f7526b396a0>
2023-11-22 12:43:06,924 - rasterio._io - DEBUG - Output nodata value read from file: nan
2023-11-22 12:43:06,924 - rasterio._io - DEBUG - Output nodata values: [nan]
2023-11-22 12:43:06,925 - rasterio._io - DEBUG - all_valid: False
2023-11-22 12:43:06,925 - rasterio._io - DEBUG - mask_flags: ([<MaskFlags.nodata: 8>],)
2023-11-22 12:43:06,925 - rasterio._io - DEBUG - Jump straight to _read()
2023-11-22 12:43:06,925 - rasterio._io - DEBUG - Window: Window(col_off=0, row_off=0, width=10215, height=3792)
2023-11-22 12:43:06,926 - rasterio._io - DEBUG - IO window xoff=0.0 yoff=0.0 width=10215.0 height=3792.0
2023-11-22 12:43:07,698 - rasterio.env - DEBUG - Exiting env context: <rasterio.env.Env object at 0x7f7526b62cc0>
2023-11-22 12:43:07,698 - rasterio.env - DEBUG - Cleared existing <rasterio._env.GDALEnv object at 0x7f7526c87730> options
2023-11-22 12:43:07,698 - rasterio._env - DEBUG - Stopped GDALEnv <rasterio._env.GDALEnv object at 0x7f7526c87730>.
2023-11-22 12:43:07,699 - rasterio.env - DEBUG - Exiting outermost env
2023-11-22 12:43:07,699 - rasterio.env - DEBUG - Exited env context: <rasterio.env.Env object at 0x7f7526b62cc0>
2023-11-22 12:43:07,701 - urllib3.connectionpool - DEBUG - Starting new HTTPS connection (1): radar.bmkg.go.id:8060
2023-11-22 12:43:07,769 - urllib3.connectionpool - DEBUG - https://radar.bmkg.go.id:8060 "GET /getLatestLD?typeData=1 HTTP/1.1" 200 50489
2023-11-22 12:43:11,158 - root - INFO - dask.bag<lambda, npartitions=34>
2023-11-22 12:57:28,002 - root - INFO - Total elapsed time: 0:14:24.590336
