2023-11-20 15:03:03,391 - root - INFO - Initiating present weather
2023-11-20 15:03:03,396 - urllib3.connectionpool - DEBUG - Starting new HTTPS connection (1): radar.bmkg.go.id:8060
2023-11-20 15:03:03,474 - urllib3.connectionpool - DEBUG - https://radar.bmkg.go.id:8060 "GET /getRadarGeotif?token=19387e71e78522ae4172ec0fda640983b8438c9cfa0ca571623cb69d8327&radar=amandemenForecast&type=latest HTTP/1.1" 200 90
2023-11-20 15:03:03,477 - rasterio.env - DEBUG - Entering env context: <rasterio.env.Env object at 0x7f422c957140>
2023-11-20 15:03:03,478 - rasterio.env - DEBUG - Starting outermost env
2023-11-20 15:03:03,478 - rasterio.env - DEBUG - No GDAL environment exists
2023-11-20 15:03:03,478 - rasterio.env - DEBUG - New GDAL environment <rasterio._env.GDALEnv object at 0x7f4275f09ea0> created
2023-11-20 15:03:03,483 - rasterio._filepath - DEBUG - Installing FilePath filesystem handler plugin...
2023-11-20 15:03:03,483 - rasterio._env - DEBUG - GDAL data found in package: path='/home/swx/miniconda3/envs/present_weather/lib/python3.12/site-packages/rasterio/gdal_data'.
2023-11-20 15:03:03,483 - rasterio._env - DEBUG - PROJ_LIB found in environment.
2023-11-20 15:03:03,483 - rasterio._env - DEBUG - Started GDALEnv: self=<rasterio._env.GDALEnv object at 0x7f4275f09ea0>.
2023-11-20 15:03:03,484 - rasterio.env - DEBUG - Entered env context: <rasterio.env.Env object at 0x7f422c957140>
2023-11-20 15:03:03,484 - rasterio._base - DEBUG - Sharing flag: 0
2023-11-20 15:03:03,682 - rasterio._base - DEBUG - Nodata success: 1, Nodata value: nan
2023-11-20 15:03:03,683 - rasterio._base - DEBUG - Dataset <open DatasetReader name='https://radar.bmkg.go.id/raster/radarsatelit_202311201500.tif' mode='r'> is started.
2023-11-20 15:03:03,683 - rasterio.env - DEBUG - Exiting env context: <rasterio.env.Env object at 0x7f422c957140>
2023-11-20 15:03:03,683 - rasterio.env - DEBUG - Cleared existing <rasterio._env.GDALEnv object at 0x7f4275f09ea0> options
2023-11-20 15:03:03,683 - rasterio._env - DEBUG - Stopped GDALEnv <rasterio._env.GDALEnv object at 0x7f4275f09ea0>.
2023-11-20 15:03:03,684 - rasterio.env - DEBUG - Exiting outermost env
2023-11-20 15:03:03,684 - rasterio.env - DEBUG - Exited env context: <rasterio.env.Env object at 0x7f422c957140>
2023-11-20 15:03:03,684 - rasterio.env - DEBUG - Entering env context: <rasterio.env.Env object at 0x7f422c955a60>
2023-11-20 15:03:03,684 - rasterio.env - DEBUG - Starting outermost env
2023-11-20 15:03:03,684 - rasterio.env - DEBUG - No GDAL environment exists
2023-11-20 15:03:03,684 - rasterio.env - DEBUG - New GDAL environment <rasterio._env.GDALEnv object at 0x7f4275f09ea0> created
2023-11-20 15:03:03,685 - rasterio._env - DEBUG - GDAL data found in package: path='/home/swx/miniconda3/envs/present_weather/lib/python3.12/site-packages/rasterio/gdal_data'.
2023-11-20 15:03:03,685 - rasterio._env - DEBUG - PROJ_LIB found in environment.
2023-11-20 15:03:03,685 - rasterio._env - DEBUG - Started GDALEnv: self=<rasterio._env.GDALEnv object at 0x7f4275f09ea0>.
2023-11-20 15:03:03,685 - rasterio.env - DEBUG - Entered env context: <rasterio.env.Env object at 0x7f422c955a60>
2023-11-20 15:03:03,686 - rasterio.env - DEBUG - Got a copy of environment <rasterio._env.GDALEnv object at 0x7f4275f09ea0> options
2023-11-20 15:03:03,686 - rasterio.env - DEBUG - Entering env context: <rasterio.env.Env object at 0x7f422c79ba40>
2023-11-20 15:03:03,686 - rasterio.env - DEBUG - Got a copy of environment <rasterio._env.GDALEnv object at 0x7f4275f09ea0> options
2023-11-20 15:03:03,686 - rasterio.env - DEBUG - Entered env context: <rasterio.env.Env object at 0x7f422c79ba40>
2023-11-20 15:03:03,686 - rasterio._base - DEBUG - Sharing flag: 0
2023-11-20 15:03:03,687 - rasterio._base - DEBUG - Nodata success: 1, Nodata value: nan
2023-11-20 15:03:03,688 - rasterio._base - DEBUG - Dataset <open DatasetReader name='https://radar.bmkg.go.id/raster/radarsatelit_202311201500.tif' mode='r'> is started.
2023-11-20 15:03:03,688 - rasterio.env - DEBUG - Exiting env context: <rasterio.env.Env object at 0x7f422c79ba40>
2023-11-20 15:03:03,688 - rasterio.env - DEBUG - Cleared existing <rasterio._env.GDALEnv object at 0x7f4275f09ea0> options
2023-11-20 15:03:03,688 - rasterio._env - DEBUG - Stopped GDALEnv <rasterio._env.GDALEnv object at 0x7f4275f09ea0>.
2023-11-20 15:03:03,688 - rasterio.env - DEBUG - No GDAL environment exists
2023-11-20 15:03:03,688 - rasterio.env - DEBUG - New GDAL environment <rasterio._env.GDALEnv object at 0x7f4275f09ea0> created
2023-11-20 15:03:03,689 - rasterio._env - DEBUG - GDAL data found in package: path='/home/swx/miniconda3/envs/present_weather/lib/python3.12/site-packages/rasterio/gdal_data'.
2023-11-20 15:03:03,689 - rasterio._env - DEBUG - PROJ_LIB found in environment.
2023-11-20 15:03:03,689 - rasterio._env - DEBUG - Started GDALEnv: self=<rasterio._env.GDALEnv object at 0x7f4275f09ea0>.
2023-11-20 15:03:03,689 - rasterio.env - DEBUG - Exited env context: <rasterio.env.Env object at 0x7f422c79ba40>
2023-11-20 15:03:03,718 - rasterio._io - DEBUG - Output nodata value read from file: nan
2023-11-20 15:03:03,719 - rasterio._io - DEBUG - Output nodata values: [nan]
2023-11-20 15:03:03,719 - rasterio._io - DEBUG - all_valid: False
2023-11-20 15:03:03,719 - rasterio._io - DEBUG - mask_flags: ([<MaskFlags.nodata: 8>],)
2023-11-20 15:03:03,720 - rasterio._io - DEBUG - Jump straight to _read()
2023-11-20 15:03:03,720 - rasterio._io - DEBUG - Window: Window(col_off=0, row_off=0, width=10215, height=3789)
2023-11-20 15:03:03,720 - rasterio._io - DEBUG - IO window xoff=0.0 yoff=0.0 width=10215.0 height=3789.0
2023-11-20 15:03:04,476 - rasterio.env - DEBUG - Exiting env context: <rasterio.env.Env object at 0x7f422c955a60>
2023-11-20 15:03:04,477 - rasterio.env - DEBUG - Cleared existing <rasterio._env.GDALEnv object at 0x7f4275f09ea0> options
2023-11-20 15:03:04,477 - rasterio._env - DEBUG - Stopped GDALEnv <rasterio._env.GDALEnv object at 0x7f4275f09ea0>.
2023-11-20 15:03:04,477 - rasterio.env - DEBUG - Exiting outermost env
2023-11-20 15:03:04,477 - rasterio.env - DEBUG - Exited env context: <rasterio.env.Env object at 0x7f422c955a60>
2023-11-20 15:03:04,480 - urllib3.connectionpool - DEBUG - Starting new HTTPS connection (1): radar.bmkg.go.id:8060
2023-11-20 15:03:04,554 - urllib3.connectionpool - DEBUG - https://radar.bmkg.go.id:8060 "GET /getLatestLD?typeData=1 HTTP/1.1" 200 66341
2023-11-20 15:03:04,583 - asyncio - DEBUG - Using selector: EpollSelector
2023-11-20 15:03:11,342 - root - INFO - dask.bag<lambda, npartitions=34>
2023-11-20 15:16:19,837 - root - INFO - Total elapsed time: 0:13:16.446072
