2023-12-22 17:33:02,999 - root - INFO - Initiating present weather
2023-12-22 17:33:03,000 - asyncio - DEBUG - Using selector: EpollSelector
2023-12-22 17:33:04,717 - urllib3.connectionpool - DEBUG - Starting new HTTPS connection (1): radar.bmkg.go.id:8060
2023-12-22 17:33:04,730 - urllib3.connectionpool - DEBUG - https://radar.bmkg.go.id:8060 "GET /getLatestLD?typeData=1 HTTP/1.1" 200 62
2023-12-22 17:33:04,732 - urllib3.connectionpool - DEBUG - Starting new HTTPS connection (1): radar.bmkg.go.id:8060
2023-12-22 17:33:04,756 - urllib3.connectionpool - DEBUG - https://radar.bmkg.go.id:8060 "GET /getRadarGeotif?token=19387e71e78522ae4172ec0fda640983b8438c9cfa0ca571623cb69d8327&radar=amandemenForecast&type=latest HTTP/1.1" 200 90
2023-12-22 17:33:04,757 - rasterio.env - DEBUG - Entering env context: <rasterio.env.Env object at 0x7f0d083254e0>
2023-12-22 17:33:04,757 - rasterio.env - DEBUG - Starting outermost env
2023-12-22 17:33:04,757 - rasterio.env - DEBUG - No GDAL environment exists
2023-12-22 17:33:04,757 - rasterio.env - DEBUG - New GDAL environment <rasterio._env.GDALEnv object at 0x7f0d08325510> created
2023-12-22 17:33:04,760 - rasterio._filepath - DEBUG - Installing FilePath filesystem handler plugin...
2023-12-22 17:33:04,760 - rasterio._env - DEBUG - GDAL data found in package: path='/home/metpublic/PYTHON_VENV/present_weather/lib/python3.10/site-packages/rasterio/gdal_data'.
2023-12-22 17:33:04,760 - rasterio._env - DEBUG - PROJ data found in package: path='/home/metpublic/PYTHON_VENV/present_weather/lib/python3.10/site-packages/rasterio/proj_data'.
2023-12-22 17:33:04,760 - rasterio._env - DEBUG - Started GDALEnv: self=<rasterio._env.GDALEnv object at 0x7f0d08325510>.
2023-12-22 17:33:04,760 - rasterio.env - DEBUG - Entered env context: <rasterio.env.Env object at 0x7f0d083254e0>
2023-12-22 17:33:04,760 - rasterio._base - DEBUG - Sharing flag: 0
2023-12-22 17:33:05,110 - rasterio._base - DEBUG - Nodata success: 1, Nodata value: nan
2023-12-22 17:33:05,111 - rasterio._base - DEBUG - Dataset <open DatasetReader name='https://radar.bmkg.go.id/raster/radarsatelit_202312221730.tif' mode='r'> is started.
2023-12-22 17:33:05,111 - rasterio.env - DEBUG - Exiting env context: <rasterio.env.Env object at 0x7f0d083254e0>
2023-12-22 17:33:05,112 - rasterio.env - DEBUG - Cleared existing <rasterio._env.GDALEnv object at 0x7f0d08325510> options
2023-12-22 17:33:05,112 - rasterio._env - DEBUG - Stopped GDALEnv <rasterio._env.GDALEnv object at 0x7f0d08325510>.
2023-12-22 17:33:05,112 - rasterio.env - DEBUG - Exiting outermost env
2023-12-22 17:33:05,112 - rasterio.env - DEBUG - Exited env context: <rasterio.env.Env object at 0x7f0d083254e0>
2023-12-22 17:33:05,112 - rasterio.env - DEBUG - Entering env context: <rasterio.env.Env object at 0x7f0d082dd7e0>
2023-12-22 17:33:05,112 - rasterio.env - DEBUG - Starting outermost env
2023-12-22 17:33:05,112 - rasterio.env - DEBUG - No GDAL environment exists
2023-12-22 17:33:05,113 - rasterio.env - DEBUG - New GDAL environment <rasterio._env.GDALEnv object at 0x7f0d08c636d0> created
2023-12-22 17:33:05,113 - rasterio._env - DEBUG - GDAL data found in package: path='/home/metpublic/PYTHON_VENV/present_weather/lib/python3.10/site-packages/rasterio/gdal_data'.
2023-12-22 17:33:05,114 - rasterio._env - DEBUG - PROJ data found in package: path='/home/metpublic/PYTHON_VENV/present_weather/lib/python3.10/site-packages/rasterio/proj_data'.
2023-12-22 17:33:05,114 - rasterio._env - DEBUG - Started GDALEnv: self=<rasterio._env.GDALEnv object at 0x7f0d08c636d0>.
2023-12-22 17:33:05,114 - rasterio.env - DEBUG - Entered env context: <rasterio.env.Env object at 0x7f0d082dd7e0>
2023-12-22 17:33:05,115 - rasterio.env - DEBUG - Got a copy of environment <rasterio._env.GDALEnv object at 0x7f0d08c636d0> options
2023-12-22 17:33:05,115 - rasterio.env - DEBUG - Entering env context: <rasterio.env.Env object at 0x7f0d081e3bb0>
2023-12-22 17:33:05,115 - rasterio.env - DEBUG - Got a copy of environment <rasterio._env.GDALEnv object at 0x7f0d08c636d0> options
2023-12-22 17:33:05,115 - rasterio.env - DEBUG - Entered env context: <rasterio.env.Env object at 0x7f0d081e3bb0>
2023-12-22 17:33:05,115 - rasterio._base - DEBUG - Sharing flag: 0
2023-12-22 17:33:05,117 - rasterio._base - DEBUG - Nodata success: 1, Nodata value: nan
2023-12-22 17:33:05,117 - rasterio._base - DEBUG - Dataset <open DatasetReader name='https://radar.bmkg.go.id/raster/radarsatelit_202312221730.tif' mode='r'> is started.
2023-12-22 17:33:05,117 - rasterio.env - DEBUG - Exiting env context: <rasterio.env.Env object at 0x7f0d081e3bb0>
2023-12-22 17:33:05,117 - rasterio.env - DEBUG - Cleared existing <rasterio._env.GDALEnv object at 0x7f0d08c636d0> options
2023-12-22 17:33:05,117 - rasterio._env - DEBUG - Stopped GDALEnv <rasterio._env.GDALEnv object at 0x7f0d08c636d0>.
2023-12-22 17:33:05,117 - rasterio.env - DEBUG - No GDAL environment exists
2023-12-22 17:33:05,117 - rasterio.env - DEBUG - New GDAL environment <rasterio._env.GDALEnv object at 0x7f0d08c636d0> created
2023-12-22 17:33:05,118 - rasterio._env - DEBUG - GDAL data found in package: path='/home/metpublic/PYTHON_VENV/present_weather/lib/python3.10/site-packages/rasterio/gdal_data'.
2023-12-22 17:33:05,118 - rasterio._env - DEBUG - PROJ data found in package: path='/home/metpublic/PYTHON_VENV/present_weather/lib/python3.10/site-packages/rasterio/proj_data'.
2023-12-22 17:33:05,118 - rasterio._env - DEBUG - Started GDALEnv: self=<rasterio._env.GDALEnv object at 0x7f0d08c636d0>.
2023-12-22 17:33:05,118 - rasterio.env - DEBUG - Exited env context: <rasterio.env.Env object at 0x7f0d081e3bb0>
2023-12-22 17:33:05,138 - rasterio._io - DEBUG - Output nodata value read from file: nan
2023-12-22 17:33:05,138 - rasterio._io - DEBUG - Output nodata values: [nan]
2023-12-22 17:33:05,139 - rasterio._io - DEBUG - all_valid: False
2023-12-22 17:33:05,139 - rasterio._io - DEBUG - mask_flags: ([<MaskFlags.nodata: 8>],)
2023-12-22 17:33:05,139 - rasterio._io - DEBUG - Jump straight to _read()
2023-12-22 17:33:05,139 - rasterio._io - DEBUG - Window: Window(col_off=0, row_off=0, width=10176, height=3732)
2023-12-22 17:33:05,140 - rasterio._io - DEBUG - IO window xoff=0.0 yoff=0.0 width=10176.0 height=3732.0
2023-12-22 17:33:05,770 - rasterio.env - DEBUG - Exiting env context: <rasterio.env.Env object at 0x7f0d082dd7e0>
2023-12-22 17:33:05,770 - rasterio.env - DEBUG - Cleared existing <rasterio._env.GDALEnv object at 0x7f0d08c636d0> options
2023-12-22 17:33:05,770 - rasterio._env - DEBUG - Stopped GDALEnv <rasterio._env.GDALEnv object at 0x7f0d08c636d0>.
2023-12-22 17:33:05,770 - rasterio.env - DEBUG - Exiting outermost env
2023-12-22 17:33:05,770 - rasterio.env - DEBUG - Exited env context: <rasterio.env.Env object at 0x7f0d082dd7e0>
2023-12-22 17:38:01,328 - rasterio.env - DEBUG - Entering env context: <rasterio.env.Env object at 0x7f0d004ea3b0>
2023-12-22 17:38:01,329 - rasterio.env - DEBUG - Starting outermost env
2023-12-22 17:38:01,329 - rasterio.env - DEBUG - No GDAL environment exists
2023-12-22 17:38:01,329 - rasterio.env - DEBUG - New GDAL environment <rasterio._env.GDALEnv object at 0x7f0d004e9ed0> created
2023-12-22 17:38:01,329 - rasterio._env - DEBUG - GDAL data found in package: path='/home/metpublic/PYTHON_VENV/present_weather/lib/python3.10/site-packages/rasterio/gdal_data'.
2023-12-22 17:38:01,329 - rasterio._env - DEBUG - PROJ data found in package: path='/home/metpublic/PYTHON_VENV/present_weather/lib/python3.10/site-packages/rasterio/proj_data'.
2023-12-22 17:38:01,330 - rasterio._env - DEBUG - Started GDALEnv: self=<rasterio._env.GDALEnv object at 0x7f0d004e9ed0>.
2023-12-22 17:38:01,330 - rasterio.env - DEBUG - Entered env context: <rasterio.env.Env object at 0x7f0d004ea3b0>
2023-12-22 17:38:01,330 - rasterio._base - DEBUG - Sharing flag: 0
2023-12-22 17:38:01,331 - rasterio._base - DEBUG - Nodata success: 0, Nodata value: 0.000000
2023-12-22 17:38:01,331 - rasterio._base - DEBUG - Dataset <open DatasetReader name='/home/metpublic/TASK_RELEASE/EFAN/present_weather/src/H09_B13_Indonesia_20231222.Z1710.cor.tiff' mode='r'> is started.
2023-12-22 17:38:01,331 - rasterio.env - DEBUG - Exiting env context: <rasterio.env.Env object at 0x7f0d004ea3b0>
2023-12-22 17:38:01,331 - rasterio.env - DEBUG - Cleared existing <rasterio._env.GDALEnv object at 0x7f0d004e9ed0> options
2023-12-22 17:38:01,331 - rasterio._env - DEBUG - Stopped GDALEnv <rasterio._env.GDALEnv object at 0x7f0d004e9ed0>.
2023-12-22 17:38:01,331 - rasterio.env - DEBUG - Exiting outermost env
2023-12-22 17:38:01,332 - rasterio.env - DEBUG - Exited env context: <rasterio.env.Env object at 0x7f0d004ea3b0>
2023-12-22 17:38:01,332 - rasterio.env - DEBUG - Entering env context: <rasterio.env.Env object at 0x7f0d004e89d0>
2023-12-22 17:38:01,332 - rasterio.env - DEBUG - Starting outermost env
2023-12-22 17:38:01,332 - rasterio.env - DEBUG - No GDAL environment exists
2023-12-22 17:38:01,332 - rasterio.env - DEBUG - New GDAL environment <rasterio._env.GDALEnv object at 0x7f0d004eb7c0> created
2023-12-22 17:38:01,333 - rasterio._env - DEBUG - GDAL data found in package: path='/home/metpublic/PYTHON_VENV/present_weather/lib/python3.10/site-packages/rasterio/gdal_data'.
2023-12-22 17:38:01,333 - rasterio._env - DEBUG - PROJ data found in package: path='/home/metpublic/PYTHON_VENV/present_weather/lib/python3.10/site-packages/rasterio/proj_data'.
2023-12-22 17:38:01,333 - rasterio._env - DEBUG - Started GDALEnv: self=<rasterio._env.GDALEnv object at 0x7f0d004eb7c0>.
2023-12-22 17:38:01,333 - rasterio.env - DEBUG - Entered env context: <rasterio.env.Env object at 0x7f0d004e89d0>
2023-12-22 17:38:01,333 - rasterio._base - DEBUG - Sharing flag: 0
2023-12-22 17:38:01,334 - rasterio._base - DEBUG - Nodata success: 0, Nodata value: 0.000000
2023-12-22 17:38:01,335 - rasterio._base - DEBUG - Dataset <open DatasetReader name='/home/metpublic/TASK_RELEASE/EFAN/present_weather/src/H09_B13_Indonesia_20231222.Z1710.cor.tiff' mode='r'> is started.
2023-12-22 17:38:01,335 - rasterio.env - DEBUG - Exiting env context: <rasterio.env.Env object at 0x7f0d004e89d0>
2023-12-22 17:38:01,335 - rasterio.env - DEBUG - Cleared existing <rasterio._env.GDALEnv object at 0x7f0d004eb7c0> options
2023-12-22 17:38:01,335 - rasterio._env - DEBUG - Stopped GDALEnv <rasterio._env.GDALEnv object at 0x7f0d004eb7c0>.
2023-12-22 17:38:01,335 - rasterio.env - DEBUG - Exiting outermost env
2023-12-22 17:38:01,335 - rasterio.env - DEBUG - Exited env context: <rasterio.env.Env object at 0x7f0d004e89d0>
2023-12-22 17:38:01,346 - root - INFO - Generating present weather using SATELITE data
2023-12-22 17:40:20,651 - root - INFO - Total elapsed time: 0:07:17.652506
