2023-11-21 17:43:03,548 - root - INFO - Initiating present weather
2023-11-21 17:43:03,553 - urllib3.connectionpool - DEBUG - Starting new HTTPS connection (1): radar.bmkg.go.id:8060
2023-11-21 17:43:03,626 - urllib3.connectionpool - DEBUG - https://radar.bmkg.go.id:8060 "GET /getRadarGeotif?token=19387e71e78522ae4172ec0fda640983b8438c9cfa0ca571623cb69d8327&radar=amandemenForecast&type=latest HTTP/1.1" 200 90
2023-11-21 17:43:03,629 - rasterio.env - DEBUG - Entering env context: <rasterio.env.Env object at 0x7fe4654ee660>
2023-11-21 17:43:03,630 - rasterio.env - DEBUG - Starting outermost env
2023-11-21 17:43:03,630 - rasterio.env - DEBUG - No GDAL environment exists
2023-11-21 17:43:03,630 - rasterio.env - DEBUG - New GDAL environment <rasterio._env.GDALEnv object at 0x7fe46542c880> created
2023-11-21 17:43:03,634 - rasterio._filepath - DEBUG - Installing FilePath filesystem handler plugin...
2023-11-21 17:43:03,634 - rasterio._env - DEBUG - GDAL data found in package: path='/home/swx/miniconda3/envs/present_weather/lib/python3.12/site-packages/rasterio/gdal_data'.
2023-11-21 17:43:03,634 - rasterio._env - DEBUG - PROJ_LIB found in environment.
2023-11-21 17:43:03,635 - rasterio._env - DEBUG - Started GDALEnv: self=<rasterio._env.GDALEnv object at 0x7fe46542c880>.
2023-11-21 17:43:03,635 - rasterio.env - DEBUG - Entered env context: <rasterio.env.Env object at 0x7fe4654ee660>
2023-11-21 17:43:03,635 - rasterio._base - DEBUG - Sharing flag: 0
2023-11-21 17:43:03,842 - rasterio._base - DEBUG - Nodata success: 1, Nodata value: nan
2023-11-21 17:43:03,843 - rasterio._base - DEBUG - Dataset <open DatasetReader name='https://radar.bmkg.go.id/raster/radarsatelit_202311211740.tif' mode='r'> is started.
2023-11-21 17:43:03,843 - rasterio.env - DEBUG - Exiting env context: <rasterio.env.Env object at 0x7fe4654ee660>
2023-11-21 17:43:03,843 - rasterio.env - DEBUG - Cleared existing <rasterio._env.GDALEnv object at 0x7fe46542c880> options
2023-11-21 17:43:03,844 - rasterio._env - DEBUG - Stopped GDALEnv <rasterio._env.GDALEnv object at 0x7fe46542c880>.
2023-11-21 17:43:03,844 - rasterio.env - DEBUG - Exiting outermost env
2023-11-21 17:43:03,844 - rasterio.env - DEBUG - Exited env context: <rasterio.env.Env object at 0x7fe4654ee660>
2023-11-21 17:43:03,844 - rasterio.env - DEBUG - Entering env context: <rasterio.env.Env object at 0x7fe46542c890>
2023-11-21 17:43:03,844 - rasterio.env - DEBUG - Starting outermost env
2023-11-21 17:43:03,844 - rasterio.env - DEBUG - No GDAL environment exists
2023-11-21 17:43:03,844 - rasterio.env - DEBUG - New GDAL environment <rasterio._env.GDALEnv object at 0x7fe4c7d381c0> created
2023-11-21 17:43:03,845 - rasterio._env - DEBUG - GDAL data found in package: path='/home/swx/miniconda3/envs/present_weather/lib/python3.12/site-packages/rasterio/gdal_data'.
2023-11-21 17:43:03,845 - rasterio._env - DEBUG - PROJ_LIB found in environment.
2023-11-21 17:43:03,845 - rasterio._env - DEBUG - Started GDALEnv: self=<rasterio._env.GDALEnv object at 0x7fe4c7d381c0>.
2023-11-21 17:43:03,845 - rasterio.env - DEBUG - Entered env context: <rasterio.env.Env object at 0x7fe46542c890>
2023-11-21 17:43:03,846 - rasterio.env - DEBUG - Got a copy of environment <rasterio._env.GDALEnv object at 0x7fe4c7d381c0> options
2023-11-21 17:43:03,846 - rasterio.env - DEBUG - Entering env context: <rasterio.env.Env object at 0x7fe4657f24b0>
2023-11-21 17:43:03,847 - rasterio.env - DEBUG - Got a copy of environment <rasterio._env.GDALEnv object at 0x7fe4c7d381c0> options
2023-11-21 17:43:03,847 - rasterio.env - DEBUG - Entered env context: <rasterio.env.Env object at 0x7fe4657f24b0>
2023-11-21 17:43:03,847 - rasterio._base - DEBUG - Sharing flag: 0
2023-11-21 17:43:03,848 - rasterio._base - DEBUG - Nodata success: 1, Nodata value: nan
2023-11-21 17:43:03,848 - rasterio._base - DEBUG - Dataset <open DatasetReader name='https://radar.bmkg.go.id/raster/radarsatelit_202311211740.tif' mode='r'> is started.
2023-11-21 17:43:03,848 - rasterio.env - DEBUG - Exiting env context: <rasterio.env.Env object at 0x7fe4657f24b0>
2023-11-21 17:43:03,848 - rasterio.env - DEBUG - Cleared existing <rasterio._env.GDALEnv object at 0x7fe4c7d381c0> options
2023-11-21 17:43:03,848 - rasterio._env - DEBUG - Stopped GDALEnv <rasterio._env.GDALEnv object at 0x7fe4c7d381c0>.
2023-11-21 17:43:03,849 - rasterio.env - DEBUG - No GDAL environment exists
2023-11-21 17:43:03,849 - rasterio.env - DEBUG - New GDAL environment <rasterio._env.GDALEnv object at 0x7fe4c7d381c0> created
2023-11-21 17:43:03,849 - rasterio._env - DEBUG - GDAL data found in package: path='/home/swx/miniconda3/envs/present_weather/lib/python3.12/site-packages/rasterio/gdal_data'.
2023-11-21 17:43:03,849 - rasterio._env - DEBUG - PROJ_LIB found in environment.
2023-11-21 17:43:03,849 - rasterio._env - DEBUG - Started GDALEnv: self=<rasterio._env.GDALEnv object at 0x7fe4c7d381c0>.
2023-11-21 17:43:03,850 - rasterio.env - DEBUG - Exited env context: <rasterio.env.Env object at 0x7fe4657f24b0>
2023-11-21 17:43:03,881 - rasterio._io - DEBUG - Output nodata value read from file: nan
2023-11-21 17:43:03,882 - rasterio._io - DEBUG - Output nodata values: [nan]
2023-11-21 17:43:03,882 - rasterio._io - DEBUG - all_valid: False
2023-11-21 17:43:03,882 - rasterio._io - DEBUG - mask_flags: ([<MaskFlags.nodata: 8>],)
2023-11-21 17:43:03,882 - rasterio._io - DEBUG - Jump straight to _read()
2023-11-21 17:43:03,883 - rasterio._io - DEBUG - Window: Window(col_off=0, row_off=0, width=10215, height=3789)
2023-11-21 17:43:03,883 - rasterio._io - DEBUG - IO window xoff=0.0 yoff=0.0 width=10215.0 height=3789.0
2023-11-21 17:43:04,662 - rasterio.env - DEBUG - Exiting env context: <rasterio.env.Env object at 0x7fe46542c890>
2023-11-21 17:43:04,662 - rasterio.env - DEBUG - Cleared existing <rasterio._env.GDALEnv object at 0x7fe4c7d381c0> options
2023-11-21 17:43:04,662 - rasterio._env - DEBUG - Stopped GDALEnv <rasterio._env.GDALEnv object at 0x7fe4c7d381c0>.
2023-11-21 17:43:04,662 - rasterio.env - DEBUG - Exiting outermost env
2023-11-21 17:43:04,662 - rasterio.env - DEBUG - Exited env context: <rasterio.env.Env object at 0x7fe46542c890>
2023-11-21 17:43:04,664 - urllib3.connectionpool - DEBUG - Starting new HTTPS connection (1): radar.bmkg.go.id:8060
2023-11-21 17:43:04,758 - urllib3.connectionpool - DEBUG - https://radar.bmkg.go.id:8060 "GET /getLatestLD?typeData=1 HTTP/1.1" 200 148646
2023-11-21 17:43:04,811 - asyncio - DEBUG - Using selector: EpollSelector
2023-11-21 17:43:11,557 - root - INFO - dask.bag<lambda, npartitions=34>
2023-11-21 17:56:22,912 - root - INFO - Total elapsed time: 0:13:19.365110
