2023-11-17 17:40:03,309 - root - INFO - Initiating present weather
2023-11-17 17:40:03,313 - urllib3.connectionpool - DEBUG - Starting new HTTPS connection (1): radar.bmkg.go.id:8060
2023-11-17 17:40:03,392 - urllib3.connectionpool - DEBUG - https://radar.bmkg.go.id:8060 "GET /getRadarGeotif?token=19387e71e78522ae4172ec0fda640983b8438c9cfa0ca571623cb69d8327&radar=amandemenForecast&type=latest HTTP/1.1" 200 90
2023-11-17 17:40:03,395 - rasterio.env - DEBUG - Entering env context: <rasterio.env.Env object at 0x7f89613d2480>
2023-11-17 17:40:03,396 - rasterio.env - DEBUG - Starting outermost env
2023-11-17 17:40:03,397 - rasterio.env - DEBUG - No GDAL environment exists
2023-11-17 17:40:03,397 - rasterio.env - DEBUG - New GDAL environment <rasterio._env.GDALEnv object at 0x7f89376e6410> created
2023-11-17 17:40:03,401 - rasterio._filepath - DEBUG - Installing FilePath filesystem handler plugin...
2023-11-17 17:40:03,401 - rasterio._env - DEBUG - GDAL data found in package: path='/home/swx/miniconda3/envs/present_weather/lib/python3.12/site-packages/rasterio/gdal_data'.
2023-11-17 17:40:03,401 - rasterio._env - DEBUG - PROJ_LIB found in environment.
2023-11-17 17:40:03,402 - rasterio._env - DEBUG - Started GDALEnv: self=<rasterio._env.GDALEnv object at 0x7f89376e6410>.
2023-11-17 17:40:03,402 - rasterio.env - DEBUG - Entered env context: <rasterio.env.Env object at 0x7f89613d2480>
2023-11-17 17:40:03,402 - rasterio._base - DEBUG - Sharing flag: 0
2023-11-17 17:40:03,603 - rasterio._base - DEBUG - Nodata success: 1, Nodata value: nan
2023-11-17 17:40:03,603 - rasterio._base - DEBUG - Dataset <open DatasetReader name='https://radar.bmkg.go.id/raster/radarsatelit_202311171730.tif' mode='r'> is started.
2023-11-17 17:40:03,604 - rasterio.env - DEBUG - Exiting env context: <rasterio.env.Env object at 0x7f89613d2480>
2023-11-17 17:40:03,604 - rasterio.env - DEBUG - Cleared existing <rasterio._env.GDALEnv object at 0x7f89376e6410> options
2023-11-17 17:40:03,604 - rasterio._env - DEBUG - Stopped GDALEnv <rasterio._env.GDALEnv object at 0x7f89376e6410>.
2023-11-17 17:40:03,604 - rasterio.env - DEBUG - Exiting outermost env
2023-11-17 17:40:03,604 - rasterio.env - DEBUG - Exited env context: <rasterio.env.Env object at 0x7f89613d2480>
2023-11-17 17:40:03,604 - rasterio.env - DEBUG - Entering env context: <rasterio.env.Env object at 0x7f88f634f200>
2023-11-17 17:40:03,604 - rasterio.env - DEBUG - Starting outermost env
2023-11-17 17:40:03,605 - rasterio.env - DEBUG - No GDAL environment exists
2023-11-17 17:40:03,605 - rasterio.env - DEBUG - New GDAL environment <rasterio._env.GDALEnv object at 0x7f89376e6410> created
2023-11-17 17:40:03,605 - rasterio._env - DEBUG - GDAL data found in package: path='/home/swx/miniconda3/envs/present_weather/lib/python3.12/site-packages/rasterio/gdal_data'.
2023-11-17 17:40:03,605 - rasterio._env - DEBUG - PROJ_LIB found in environment.
2023-11-17 17:40:03,606 - rasterio._env - DEBUG - Started GDALEnv: self=<rasterio._env.GDALEnv object at 0x7f89376e6410>.
2023-11-17 17:40:03,606 - rasterio.env - DEBUG - Entered env context: <rasterio.env.Env object at 0x7f88f634f200>
2023-11-17 17:40:03,607 - rasterio.env - DEBUG - Got a copy of environment <rasterio._env.GDALEnv object at 0x7f89376e6410> options
2023-11-17 17:40:03,607 - rasterio.env - DEBUG - Entering env context: <rasterio.env.Env object at 0x7f8960f21f70>
2023-11-17 17:40:03,607 - rasterio.env - DEBUG - Got a copy of environment <rasterio._env.GDALEnv object at 0x7f89376e6410> options
2023-11-17 17:40:03,607 - rasterio.env - DEBUG - Entered env context: <rasterio.env.Env object at 0x7f8960f21f70>
2023-11-17 17:40:03,607 - rasterio._base - DEBUG - Sharing flag: 0
2023-11-17 17:40:03,608 - rasterio._base - DEBUG - Nodata success: 1, Nodata value: nan
2023-11-17 17:40:03,609 - rasterio._base - DEBUG - Dataset <open DatasetReader name='https://radar.bmkg.go.id/raster/radarsatelit_202311171730.tif' mode='r'> is started.
2023-11-17 17:40:03,609 - rasterio.env - DEBUG - Exiting env context: <rasterio.env.Env object at 0x7f8960f21f70>
2023-11-17 17:40:03,609 - rasterio.env - DEBUG - Cleared existing <rasterio._env.GDALEnv object at 0x7f89376e6410> options
2023-11-17 17:40:03,609 - rasterio._env - DEBUG - Stopped GDALEnv <rasterio._env.GDALEnv object at 0x7f89376e6410>.
2023-11-17 17:40:03,609 - rasterio.env - DEBUG - No GDAL environment exists
2023-11-17 17:40:03,609 - rasterio.env - DEBUG - New GDAL environment <rasterio._env.GDALEnv object at 0x7f89376e6410> created
2023-11-17 17:40:03,610 - rasterio._env - DEBUG - GDAL data found in package: path='/home/swx/miniconda3/envs/present_weather/lib/python3.12/site-packages/rasterio/gdal_data'.
2023-11-17 17:40:03,610 - rasterio._env - DEBUG - PROJ_LIB found in environment.
2023-11-17 17:40:03,610 - rasterio._env - DEBUG - Started GDALEnv: self=<rasterio._env.GDALEnv object at 0x7f89376e6410>.
2023-11-17 17:40:03,610 - rasterio.env - DEBUG - Exited env context: <rasterio.env.Env object at 0x7f8960f21f70>
2023-11-17 17:40:03,646 - rasterio._io - DEBUG - Output nodata value read from file: nan
2023-11-17 17:40:03,646 - rasterio._io - DEBUG - Output nodata values: [nan]
2023-11-17 17:40:03,647 - rasterio._io - DEBUG - all_valid: False
2023-11-17 17:40:03,647 - rasterio._io - DEBUG - mask_flags: ([<MaskFlags.nodata: 8>],)
2023-11-17 17:40:03,647 - rasterio._io - DEBUG - Jump straight to _read()
2023-11-17 17:40:03,647 - rasterio._io - DEBUG - Window: Window(col_off=0, row_off=0, width=10215, height=3792)
2023-11-17 17:40:03,648 - rasterio._io - DEBUG - IO window xoff=0.0 yoff=0.0 width=10215.0 height=3792.0
2023-11-17 17:40:04,410 - rasterio.env - DEBUG - Exiting env context: <rasterio.env.Env object at 0x7f88f634f200>
2023-11-17 17:40:04,410 - rasterio.env - DEBUG - Cleared existing <rasterio._env.GDALEnv object at 0x7f89376e6410> options
2023-11-17 17:40:04,410 - rasterio._env - DEBUG - Stopped GDALEnv <rasterio._env.GDALEnv object at 0x7f89376e6410>.
2023-11-17 17:40:04,410 - rasterio.env - DEBUG - Exiting outermost env
2023-11-17 17:40:04,410 - rasterio.env - DEBUG - Exited env context: <rasterio.env.Env object at 0x7f88f634f200>
2023-11-17 17:40:04,412 - urllib3.connectionpool - DEBUG - Starting new HTTPS connection (1): radar.bmkg.go.id:8060
2023-11-17 17:40:04,492 - urllib3.connectionpool - DEBUG - https://radar.bmkg.go.id:8060 "GET /getLatestLD?typeData=1 HTTP/1.1" 200 77599
2023-11-17 17:40:04,526 - asyncio - DEBUG - Using selector: EpollSelector
2023-11-17 17:40:11,315 - root - INFO - dask.bag<lambda, npartitions=34>
2023-11-17 17:54:31,595 - root - INFO - Total elapsed time: 0:14:28.287036
