2023-11-27 03:13:02,619 - root - INFO - Initiating present weather
2023-11-27 03:13:02,621 - asyncio - DEBUG - Using selector: EpollSelector
2023-11-27 03:13:04,088 - urllib3.connectionpool - DEBUG - Starting new HTTPS connection (1): radar.bmkg.go.id:8060
2023-11-27 03:13:04,142 - urllib3.connectionpool - DEBUG - https://radar.bmkg.go.id:8060 "GET /getRadarGeotif?token=19387e71e78522ae4172ec0fda640983b8438c9cfa0ca571623cb69d8327&radar=amandemenForecast&type=latest HTTP/1.1" 200 90
2023-11-27 03:13:04,143 - rasterio.env - DEBUG - Entering env context: <rasterio.env.Env object at 0x7f43ca6c5900>
2023-11-27 03:13:04,144 - rasterio.env - DEBUG - Starting outermost env
2023-11-27 03:13:04,144 - rasterio.env - DEBUG - No GDAL environment exists
2023-11-27 03:13:04,144 - rasterio.env - DEBUG - New GDAL environment <rasterio._env.GDALEnv object at 0x7f43ca6c4790> created
2023-11-27 03:13:04,147 - rasterio._filepath - DEBUG - Installing FilePath filesystem handler plugin...
2023-11-27 03:13:04,148 - rasterio._env - DEBUG - GDAL data found in package: path='/home/metpublic/PYTHON_VENV/present_weather/lib/python3.10/site-packages/rasterio/gdal_data'.
2023-11-27 03:13:04,148 - rasterio._env - DEBUG - PROJ data found in package: path='/home/metpublic/PYTHON_VENV/present_weather/lib/python3.10/site-packages/rasterio/proj_data'.
2023-11-27 03:13:04,148 - rasterio._env - DEBUG - Started GDALEnv: self=<rasterio._env.GDALEnv object at 0x7f43ca6c4790>.
2023-11-27 03:13:04,148 - rasterio.env - DEBUG - Entered env context: <rasterio.env.Env object at 0x7f43ca6c5900>
2023-11-27 03:13:04,148 - rasterio._base - DEBUG - Sharing flag: 0
2023-11-27 03:13:04,328 - rasterio._base - DEBUG - Nodata success: 1, Nodata value: nan
2023-11-27 03:13:04,328 - rasterio._base - DEBUG - Dataset <open DatasetReader name='https://radar.bmkg.go.id/raster/radarsatelit_202311270300.tif' mode='r'> is started.
2023-11-27 03:13:04,328 - rasterio.env - DEBUG - Exiting env context: <rasterio.env.Env object at 0x7f43ca6c5900>
2023-11-27 03:13:04,328 - rasterio.env - DEBUG - Cleared existing <rasterio._env.GDALEnv object at 0x7f43ca6c4790> options
2023-11-27 03:13:04,329 - rasterio._env - DEBUG - Stopped GDALEnv <rasterio._env.GDALEnv object at 0x7f43ca6c4790>.
2023-11-27 03:13:04,329 - rasterio.env - DEBUG - Exiting outermost env
2023-11-27 03:13:04,329 - rasterio.env - DEBUG - Exited env context: <rasterio.env.Env object at 0x7f43ca6c5900>
2023-11-27 03:13:04,329 - rasterio.env - DEBUG - Entering env context: <rasterio.env.Env object at 0x7f43c9d82800>
2023-11-27 03:13:04,329 - rasterio.env - DEBUG - Starting outermost env
2023-11-27 03:13:04,329 - rasterio.env - DEBUG - No GDAL environment exists
2023-11-27 03:13:04,329 - rasterio.env - DEBUG - New GDAL environment <rasterio._env.GDALEnv object at 0x7f43ca6c4790> created
2023-11-27 03:13:04,329 - rasterio._env - DEBUG - GDAL data found in package: path='/home/metpublic/PYTHON_VENV/present_weather/lib/python3.10/site-packages/rasterio/gdal_data'.
2023-11-27 03:13:04,330 - rasterio._env - DEBUG - PROJ data found in package: path='/home/metpublic/PYTHON_VENV/present_weather/lib/python3.10/site-packages/rasterio/proj_data'.
2023-11-27 03:13:04,330 - rasterio._env - DEBUG - Started GDALEnv: self=<rasterio._env.GDALEnv object at 0x7f43ca6c4790>.
2023-11-27 03:13:04,330 - rasterio.env - DEBUG - Entered env context: <rasterio.env.Env object at 0x7f43c9d82800>
2023-11-27 03:13:04,330 - rasterio.env - DEBUG - Got a copy of environment <rasterio._env.GDALEnv object at 0x7f43ca6c4790> options
2023-11-27 03:13:04,330 - rasterio.env - DEBUG - Entering env context: <rasterio.env.Env object at 0x7f43c8448b20>
2023-11-27 03:13:04,330 - rasterio.env - DEBUG - Got a copy of environment <rasterio._env.GDALEnv object at 0x7f43ca6c4790> options
2023-11-27 03:13:04,330 - rasterio.env - DEBUG - Entered env context: <rasterio.env.Env object at 0x7f43c8448b20>
2023-11-27 03:13:04,330 - rasterio._base - DEBUG - Sharing flag: 0
2023-11-27 03:13:04,331 - rasterio._base - DEBUG - Nodata success: 1, Nodata value: nan
2023-11-27 03:13:04,332 - rasterio._base - DEBUG - Dataset <open DatasetReader name='https://radar.bmkg.go.id/raster/radarsatelit_202311270300.tif' mode='r'> is started.
2023-11-27 03:13:04,332 - rasterio.env - DEBUG - Exiting env context: <rasterio.env.Env object at 0x7f43c8448b20>
2023-11-27 03:13:04,332 - rasterio.env - DEBUG - Cleared existing <rasterio._env.GDALEnv object at 0x7f43ca6c4790> options
2023-11-27 03:13:04,332 - rasterio._env - DEBUG - Stopped GDALEnv <rasterio._env.GDALEnv object at 0x7f43ca6c4790>.
2023-11-27 03:13:04,332 - rasterio.env - DEBUG - No GDAL environment exists
2023-11-27 03:13:04,332 - rasterio.env - DEBUG - New GDAL environment <rasterio._env.GDALEnv object at 0x7f43ca6c4790> created
2023-11-27 03:13:04,332 - rasterio._env - DEBUG - GDAL data found in package: path='/home/metpublic/PYTHON_VENV/present_weather/lib/python3.10/site-packages/rasterio/gdal_data'.
2023-11-27 03:13:04,333 - rasterio._env - DEBUG - PROJ data found in package: path='/home/metpublic/PYTHON_VENV/present_weather/lib/python3.10/site-packages/rasterio/proj_data'.
2023-11-27 03:13:04,333 - rasterio._env - DEBUG - Started GDALEnv: self=<rasterio._env.GDALEnv object at 0x7f43ca6c4790>.
2023-11-27 03:13:04,333 - rasterio.env - DEBUG - Exited env context: <rasterio.env.Env object at 0x7f43c8448b20>
2023-11-27 03:13:04,352 - rasterio._io - DEBUG - Output nodata value read from file: nan
2023-11-27 03:13:04,352 - rasterio._io - DEBUG - Output nodata values: [nan]
2023-11-27 03:13:04,352 - rasterio._io - DEBUG - all_valid: False
2023-11-27 03:13:04,353 - rasterio._io - DEBUG - mask_flags: ([<MaskFlags.nodata: 8>],)
2023-11-27 03:13:04,353 - rasterio._io - DEBUG - Jump straight to _read()
2023-11-27 03:13:04,353 - rasterio._io - DEBUG - Window: Window(col_off=0, row_off=0, width=10215, height=3792)
2023-11-27 03:13:04,353 - rasterio._io - DEBUG - IO window xoff=0.0 yoff=0.0 width=10215.0 height=3792.0
2023-11-27 03:13:04,882 - rasterio.env - DEBUG - Exiting env context: <rasterio.env.Env object at 0x7f43c9d82800>
2023-11-27 03:13:04,882 - rasterio.env - DEBUG - Cleared existing <rasterio._env.GDALEnv object at 0x7f43ca6c4790> options
2023-11-27 03:13:04,882 - rasterio._env - DEBUG - Stopped GDALEnv <rasterio._env.GDALEnv object at 0x7f43ca6c4790>.
2023-11-27 03:13:04,882 - rasterio.env - DEBUG - Exiting outermost env
2023-11-27 03:13:04,882 - rasterio.env - DEBUG - Exited env context: <rasterio.env.Env object at 0x7f43c9d82800>
2023-11-27 03:13:04,884 - urllib3.connectionpool - DEBUG - Starting new HTTPS connection (1): radar.bmkg.go.id:8060
2023-11-27 03:13:04,901 - urllib3.connectionpool - DEBUG - https://radar.bmkg.go.id:8060 "GET /getLatestLD?typeData=1 HTTP/1.1" 200 6207
2023-11-27 03:13:04,905 - root - INFO - Generating present weather using RADAR data
2023-11-27 03:13:08,853 - root - INFO - dask.bag<lambda, npartitions=34>
2023-11-27 03:19:15,319 - root - INFO - Total elapsed time: 0:06:12.700298
