2023-11-25 20:23:03,644 - root - INFO - Initiating present weather
2023-11-25 20:23:03,647 - asyncio - DEBUG - Using selector: EpollSelector
2023-11-25 20:23:06,916 - urllib3.connectionpool - DEBUG - Starting new HTTPS connection (1): radar.bmkg.go.id:8060
2023-11-25 20:23:06,977 - urllib3.connectionpool - DEBUG - https://radar.bmkg.go.id:8060 "GET /getRadarGeotif?token=19387e71e78522ae4172ec0fda640983b8438c9cfa0ca571623cb69d8327&radar=amandemenForecast&type=latest HTTP/1.1" 200 90
2023-11-25 20:23:06,979 - rasterio.env - DEBUG - Entering env context: <rasterio.env.Env object at 0x7f2a450e9250>
2023-11-25 20:23:06,979 - rasterio.env - DEBUG - Starting outermost env
2023-11-25 20:23:06,980 - rasterio.env - DEBUG - No GDAL environment exists
2023-11-25 20:23:06,980 - rasterio.env - DEBUG - New GDAL environment <rasterio._env.GDALEnv object at 0x7f2a4434a170> created
2023-11-25 20:23:06,983 - rasterio._filepath - DEBUG - Installing FilePath filesystem handler plugin...
2023-11-25 20:23:06,984 - rasterio._env - DEBUG - GDAL data found in package: path='/home/swx/miniconda3/envs/present_weather/lib/python3.12/site-packages/rasterio/gdal_data'.
2023-11-25 20:23:06,984 - rasterio._env - DEBUG - PROJ_LIB found in environment.
2023-11-25 20:23:06,984 - rasterio._env - DEBUG - Started GDALEnv: self=<rasterio._env.GDALEnv object at 0x7f2a4434a170>.
2023-11-25 20:23:06,984 - rasterio.env - DEBUG - Entered env context: <rasterio.env.Env object at 0x7f2a450e9250>
2023-11-25 20:23:06,984 - rasterio._base - DEBUG - Sharing flag: 0
2023-11-25 20:23:07,187 - rasterio._base - DEBUG - Nodata success: 1, Nodata value: nan
2023-11-25 20:23:07,187 - rasterio._base - DEBUG - Dataset <open DatasetReader name='https://radar.bmkg.go.id/raster/radarsatelit_202311252020.tif' mode='r'> is started.
2023-11-25 20:23:07,188 - rasterio.env - DEBUG - Exiting env context: <rasterio.env.Env object at 0x7f2a450e9250>
2023-11-25 20:23:07,188 - rasterio.env - DEBUG - Cleared existing <rasterio._env.GDALEnv object at 0x7f2a4434a170> options
2023-11-25 20:23:07,188 - rasterio._env - DEBUG - Stopped GDALEnv <rasterio._env.GDALEnv object at 0x7f2a4434a170>.
2023-11-25 20:23:07,188 - rasterio.env - DEBUG - Exiting outermost env
2023-11-25 20:23:07,188 - rasterio.env - DEBUG - Exited env context: <rasterio.env.Env object at 0x7f2a450e9250>
2023-11-25 20:23:07,188 - rasterio.env - DEBUG - Entering env context: <rasterio.env.Env object at 0x7f2a450e9160>
2023-11-25 20:23:07,189 - rasterio.env - DEBUG - Starting outermost env
2023-11-25 20:23:07,189 - rasterio.env - DEBUG - No GDAL environment exists
2023-11-25 20:23:07,189 - rasterio.env - DEBUG - New GDAL environment <rasterio._env.GDALEnv object at 0x7f2a4434a170> created
2023-11-25 20:23:07,189 - rasterio._env - DEBUG - GDAL data found in package: path='/home/swx/miniconda3/envs/present_weather/lib/python3.12/site-packages/rasterio/gdal_data'.
2023-11-25 20:23:07,190 - rasterio._env - DEBUG - PROJ_LIB found in environment.
2023-11-25 20:23:07,190 - rasterio._env - DEBUG - Started GDALEnv: self=<rasterio._env.GDALEnv object at 0x7f2a4434a170>.
2023-11-25 20:23:07,190 - rasterio.env - DEBUG - Entered env context: <rasterio.env.Env object at 0x7f2a450e9160>
2023-11-25 20:23:07,190 - rasterio.env - DEBUG - Got a copy of environment <rasterio._env.GDALEnv object at 0x7f2a4434a170> options
2023-11-25 20:23:07,191 - rasterio.env - DEBUG - Entering env context: <rasterio.env.Env object at 0x7f2a442a4380>
2023-11-25 20:23:07,191 - rasterio.env - DEBUG - Got a copy of environment <rasterio._env.GDALEnv object at 0x7f2a4434a170> options
2023-11-25 20:23:07,191 - rasterio.env - DEBUG - Entered env context: <rasterio.env.Env object at 0x7f2a442a4380>
2023-11-25 20:23:07,191 - rasterio._base - DEBUG - Sharing flag: 0
2023-11-25 20:23:07,192 - rasterio._base - DEBUG - Nodata success: 1, Nodata value: nan
2023-11-25 20:23:07,192 - rasterio._base - DEBUG - Dataset <open DatasetReader name='https://radar.bmkg.go.id/raster/radarsatelit_202311252020.tif' mode='r'> is started.
2023-11-25 20:23:07,192 - rasterio.env - DEBUG - Exiting env context: <rasterio.env.Env object at 0x7f2a442a4380>
2023-11-25 20:23:07,192 - rasterio.env - DEBUG - Cleared existing <rasterio._env.GDALEnv object at 0x7f2a4434a170> options
2023-11-25 20:23:07,193 - rasterio._env - DEBUG - Stopped GDALEnv <rasterio._env.GDALEnv object at 0x7f2a4434a170>.
2023-11-25 20:23:07,193 - rasterio.env - DEBUG - No GDAL environment exists
2023-11-25 20:23:07,193 - rasterio.env - DEBUG - New GDAL environment <rasterio._env.GDALEnv object at 0x7f2a4434a170> created
2023-11-25 20:23:07,193 - rasterio._env - DEBUG - GDAL data found in package: path='/home/swx/miniconda3/envs/present_weather/lib/python3.12/site-packages/rasterio/gdal_data'.
2023-11-25 20:23:07,193 - rasterio._env - DEBUG - PROJ_LIB found in environment.
2023-11-25 20:23:07,194 - rasterio._env - DEBUG - Started GDALEnv: self=<rasterio._env.GDALEnv object at 0x7f2a4434a170>.
2023-11-25 20:23:07,194 - rasterio.env - DEBUG - Exited env context: <rasterio.env.Env object at 0x7f2a442a4380>
2023-11-25 20:23:07,223 - rasterio._io - DEBUG - Output nodata value read from file: nan
2023-11-25 20:23:07,223 - rasterio._io - DEBUG - Output nodata values: [nan]
2023-11-25 20:23:07,223 - rasterio._io - DEBUG - all_valid: False
2023-11-25 20:23:07,223 - rasterio._io - DEBUG - mask_flags: ([<MaskFlags.nodata: 8>],)
2023-11-25 20:23:07,224 - rasterio._io - DEBUG - Jump straight to _read()
2023-11-25 20:23:07,224 - rasterio._io - DEBUG - Window: Window(col_off=0, row_off=0, width=10215, height=3792)
2023-11-25 20:23:07,224 - rasterio._io - DEBUG - IO window xoff=0.0 yoff=0.0 width=10215.0 height=3792.0
2023-11-25 20:23:07,938 - rasterio.env - DEBUG - Exiting env context: <rasterio.env.Env object at 0x7f2a450e9160>
2023-11-25 20:23:07,938 - rasterio.env - DEBUG - Cleared existing <rasterio._env.GDALEnv object at 0x7f2a4434a170> options
2023-11-25 20:23:07,938 - rasterio._env - DEBUG - Stopped GDALEnv <rasterio._env.GDALEnv object at 0x7f2a4434a170>.
2023-11-25 20:23:07,938 - rasterio.env - DEBUG - Exiting outermost env
2023-11-25 20:23:07,939 - rasterio.env - DEBUG - Exited env context: <rasterio.env.Env object at 0x7f2a450e9160>
2023-11-25 20:23:07,941 - urllib3.connectionpool - DEBUG - Starting new HTTPS connection (1): radar.bmkg.go.id:8060
2023-11-25 20:23:07,997 - urllib3.connectionpool - DEBUG - https://radar.bmkg.go.id:8060 "GET /getLatestLD?typeData=1 HTTP/1.1" 200 641
2023-11-25 20:23:08,005 - root - INFO - Generating present weather using RADAR data
2023-11-25 20:23:11,337 - root - INFO - dask.bag<lambda, npartitions=20>
2023-11-25 20:35:45,720 - root - INFO - Total elapsed time: 0:12:42.076854
