2023-11-12 08:00:03,095 - root - INFO - Initiating present weather
2023-11-12 08:00:03,103 - urllib3.connectionpool - DEBUG - Starting new HTTPS connection (1): radar.bmkg.go.id:8060
2023-11-12 08:00:03,170 - urllib3.connectionpool - DEBUG - https://radar.bmkg.go.id:8060 "GET /getRadarGeotif?token=19387e71e78522ae4172ec0fda640983b8438c9cfa0ca571623cb69d8327&radar=amandemenForecast&type=latest HTTP/1.1" 200 90
2023-11-12 08:00:03,172 - rasterio.env - DEBUG - Entering env context: <rasterio.env.Env object at 0x7f01f39e23c0>
2023-11-12 08:00:03,173 - rasterio.env - DEBUG - Starting outermost env
2023-11-12 08:00:03,173 - rasterio.env - DEBUG - No GDAL environment exists
2023-11-12 08:00:03,174 - rasterio.env - DEBUG - New GDAL environment <rasterio._env.GDALEnv object at 0x7f01f3ab94b0> created
2023-11-12 08:00:03,178 - rasterio._filepath - DEBUG - Installing FilePath filesystem handler plugin...
2023-11-12 08:00:03,178 - rasterio._env - DEBUG - GDAL data found in package: path='/home/swx/miniconda3/envs/present_weather/lib/python3.12/site-packages/rasterio/gdal_data'.
2023-11-12 08:00:03,179 - rasterio._env - DEBUG - PROJ_LIB found in environment.
2023-11-12 08:00:03,179 - rasterio._env - DEBUG - Started GDALEnv: self=<rasterio._env.GDALEnv object at 0x7f01f3ab94b0>.
2023-11-12 08:00:03,179 - rasterio.env - DEBUG - Entered env context: <rasterio.env.Env object at 0x7f01f39e23c0>
2023-11-12 08:00:03,179 - rasterio._base - DEBUG - Sharing flag: 0
2023-11-12 08:00:03,360 - rasterio._base - DEBUG - Nodata success: 1, Nodata value: nan
2023-11-12 08:00:03,360 - rasterio._base - DEBUG - Dataset <open DatasetReader name='https://radar.bmkg.go.id/raster/radarsatelit_202311120750.tif' mode='r'> is started.
2023-11-12 08:00:03,361 - rasterio.env - DEBUG - Exiting env context: <rasterio.env.Env object at 0x7f01f39e23c0>
2023-11-12 08:00:03,361 - rasterio.env - DEBUG - Cleared existing <rasterio._env.GDALEnv object at 0x7f01f3ab94b0> options
2023-11-12 08:00:03,361 - rasterio._env - DEBUG - Stopped GDALEnv <rasterio._env.GDALEnv object at 0x7f01f3ab94b0>.
2023-11-12 08:00:03,361 - rasterio.env - DEBUG - Exiting outermost env
2023-11-12 08:00:03,361 - rasterio.env - DEBUG - Exited env context: <rasterio.env.Env object at 0x7f01f39e23c0>
2023-11-12 08:00:03,361 - rasterio.env - DEBUG - Entering env context: <rasterio.env.Env object at 0x7f01f6d7d0a0>
2023-11-12 08:00:03,362 - rasterio.env - DEBUG - Starting outermost env
2023-11-12 08:00:03,362 - rasterio.env - DEBUG - No GDAL environment exists
2023-11-12 08:00:03,362 - rasterio.env - DEBUG - New GDAL environment <rasterio._env.GDALEnv object at 0x7f01f3ab94b0> created
2023-11-12 08:00:03,362 - rasterio._env - DEBUG - GDAL data found in package: path='/home/swx/miniconda3/envs/present_weather/lib/python3.12/site-packages/rasterio/gdal_data'.
2023-11-12 08:00:03,362 - rasterio._env - DEBUG - PROJ_LIB found in environment.
2023-11-12 08:00:03,363 - rasterio._env - DEBUG - Started GDALEnv: self=<rasterio._env.GDALEnv object at 0x7f01f3ab94b0>.
2023-11-12 08:00:03,363 - rasterio.env - DEBUG - Entered env context: <rasterio.env.Env object at 0x7f01f6d7d0a0>
2023-11-12 08:00:03,363 - rasterio.env - DEBUG - Got a copy of environment <rasterio._env.GDALEnv object at 0x7f01f3ab94b0> options
2023-11-12 08:00:03,364 - rasterio.env - DEBUG - Entering env context: <rasterio.env.Env object at 0x7f01f35f2ea0>
2023-11-12 08:00:03,364 - rasterio.env - DEBUG - Got a copy of environment <rasterio._env.GDALEnv object at 0x7f01f3ab94b0> options
2023-11-12 08:00:03,364 - rasterio.env - DEBUG - Entered env context: <rasterio.env.Env object at 0x7f01f35f2ea0>
2023-11-12 08:00:03,364 - rasterio._base - DEBUG - Sharing flag: 0
2023-11-12 08:00:03,365 - rasterio._base - DEBUG - Nodata success: 1, Nodata value: nan
2023-11-12 08:00:03,365 - rasterio._base - DEBUG - Dataset <open DatasetReader name='https://radar.bmkg.go.id/raster/radarsatelit_202311120750.tif' mode='r'> is started.
2023-11-12 08:00:03,365 - rasterio.env - DEBUG - Exiting env context: <rasterio.env.Env object at 0x7f01f35f2ea0>
2023-11-12 08:00:03,365 - rasterio.env - DEBUG - Cleared existing <rasterio._env.GDALEnv object at 0x7f01f3ab94b0> options
2023-11-12 08:00:03,365 - rasterio._env - DEBUG - Stopped GDALEnv <rasterio._env.GDALEnv object at 0x7f01f3ab94b0>.
2023-11-12 08:00:03,366 - rasterio.env - DEBUG - No GDAL environment exists
2023-11-12 08:00:03,366 - rasterio.env - DEBUG - New GDAL environment <rasterio._env.GDALEnv object at 0x7f01f3ab94b0> created
2023-11-12 08:00:03,366 - rasterio._env - DEBUG - GDAL data found in package: path='/home/swx/miniconda3/envs/present_weather/lib/python3.12/site-packages/rasterio/gdal_data'.
2023-11-12 08:00:03,366 - rasterio._env - DEBUG - PROJ_LIB found in environment.
2023-11-12 08:00:03,367 - rasterio._env - DEBUG - Started GDALEnv: self=<rasterio._env.GDALEnv object at 0x7f01f3ab94b0>.
2023-11-12 08:00:03,367 - rasterio.env - DEBUG - Exited env context: <rasterio.env.Env object at 0x7f01f35f2ea0>
2023-11-12 08:00:03,395 - rasterio._io - DEBUG - Output nodata value read from file: nan
2023-11-12 08:00:03,395 - rasterio._io - DEBUG - Output nodata values: [nan]
2023-11-12 08:00:03,396 - rasterio._io - DEBUG - all_valid: False
2023-11-12 08:00:03,396 - rasterio._io - DEBUG - mask_flags: ([<MaskFlags.nodata: 8>],)
2023-11-12 08:00:03,396 - rasterio._io - DEBUG - Jump straight to _read()
2023-11-12 08:00:03,396 - rasterio._io - DEBUG - Window: Window(col_off=0, row_off=0, width=10215, height=3792)
2023-11-12 08:00:03,397 - rasterio._io - DEBUG - IO window xoff=0.0 yoff=0.0 width=10215.0 height=3792.0
2023-11-12 08:00:04,196 - rasterio.env - DEBUG - Exiting env context: <rasterio.env.Env object at 0x7f01f6d7d0a0>
2023-11-12 08:00:04,196 - rasterio.env - DEBUG - Cleared existing <rasterio._env.GDALEnv object at 0x7f01f3ab94b0> options
2023-11-12 08:00:04,196 - rasterio._env - DEBUG - Stopped GDALEnv <rasterio._env.GDALEnv object at 0x7f01f3ab94b0>.
2023-11-12 08:00:04,197 - rasterio.env - DEBUG - Exiting outermost env
2023-11-12 08:00:04,197 - rasterio.env - DEBUG - Exited env context: <rasterio.env.Env object at 0x7f01f6d7d0a0>
2023-11-12 08:00:04,199 - urllib3.connectionpool - DEBUG - Starting new HTTPS connection (1): radar.bmkg.go.id:8060
2023-11-12 08:00:04,308 - urllib3.connectionpool - DEBUG - https://radar.bmkg.go.id:8060 "GET /getLatestLD?typeData=1 HTTP/1.1" 200 246430
2023-11-12 08:00:04,382 - asyncio - DEBUG - Using selector: EpollSelector
2023-11-12 08:00:11,155 - root - INFO - dask.bag<lambda, npartitions=34>
2023-11-12 08:17:09,661 - root - INFO - Total elapsed time: 0:17:06.566583
