2023-12-05 15:53:02,365 - root - INFO - Initiating present weather
2023-12-05 15:53:02,367 - asyncio - DEBUG - Using selector: EpollSelector
2023-12-05 15:53:03,861 - urllib3.connectionpool - DEBUG - Starting new HTTPS connection (1): radar.bmkg.go.id:8060
2023-12-05 15:53:03,873 - urllib3.connectionpool - DEBUG - https://radar.bmkg.go.id:8060 "GET /getLatestLD?typeData=1 HTTP/1.1" 200 62
2023-12-05 15:53:03,875 - urllib3.connectionpool - DEBUG - Starting new HTTPS connection (1): radar.bmkg.go.id:8060
2023-12-05 15:53:03,893 - urllib3.connectionpool - DEBUG - https://radar.bmkg.go.id:8060 "GET /getRadarGeotif?token=19387e71e78522ae4172ec0fda640983b8438c9cfa0ca571623cb69d8327&radar=amandemenForecast&type=latest HTTP/1.1" 200 90
2023-12-05 15:53:03,893 - rasterio.env - DEBUG - Entering env context: <rasterio.env.Env object at 0x7f89b7115810>
2023-12-05 15:53:03,894 - rasterio.env - DEBUG - Starting outermost env
2023-12-05 15:53:03,894 - rasterio.env - DEBUG - No GDAL environment exists
2023-12-05 15:53:03,894 - rasterio.env - DEBUG - New GDAL environment <rasterio._env.GDALEnv object at 0x7f89b7116ec0> created
2023-12-05 15:53:03,896 - rasterio._filepath - DEBUG - Installing FilePath filesystem handler plugin...
2023-12-05 15:53:03,897 - rasterio._env - DEBUG - GDAL data found in package: path='/home/metpublic/PYTHON_VENV/present_weather/lib/python3.10/site-packages/rasterio/gdal_data'.
2023-12-05 15:53:03,897 - rasterio._env - DEBUG - PROJ data found in package: path='/home/metpublic/PYTHON_VENV/present_weather/lib/python3.10/site-packages/rasterio/proj_data'.
2023-12-05 15:53:03,897 - rasterio._env - DEBUG - Started GDALEnv: self=<rasterio._env.GDALEnv object at 0x7f89b7116ec0>.
2023-12-05 15:53:03,897 - rasterio.env - DEBUG - Entered env context: <rasterio.env.Env object at 0x7f89b7115810>
2023-12-05 15:53:03,897 - rasterio._base - DEBUG - Sharing flag: 0
2023-12-05 15:53:04,121 - rasterio._base - DEBUG - Nodata success: 1, Nodata value: nan
2023-12-05 15:53:04,121 - rasterio._base - DEBUG - Dataset <open DatasetReader name='https://radar.bmkg.go.id/raster/radarsatelit_202312051520.tif' mode='r'> is started.
2023-12-05 15:53:04,121 - rasterio.env - DEBUG - Exiting env context: <rasterio.env.Env object at 0x7f89b7115810>
2023-12-05 15:53:04,121 - rasterio.env - DEBUG - Cleared existing <rasterio._env.GDALEnv object at 0x7f89b7116ec0> options
2023-12-05 15:53:04,121 - rasterio._env - DEBUG - Stopped GDALEnv <rasterio._env.GDALEnv object at 0x7f89b7116ec0>.
2023-12-05 15:53:04,121 - rasterio.env - DEBUG - Exiting outermost env
2023-12-05 15:53:04,121 - rasterio.env - DEBUG - Exited env context: <rasterio.env.Env object at 0x7f89b7115810>
2023-12-05 15:53:04,122 - rasterio.env - DEBUG - Entering env context: <rasterio.env.Env object at 0x7f89b46639d0>
2023-12-05 15:53:04,122 - rasterio.env - DEBUG - Starting outermost env
2023-12-05 15:53:04,122 - rasterio.env - DEBUG - No GDAL environment exists
2023-12-05 15:53:04,122 - rasterio.env - DEBUG - New GDAL environment <rasterio._env.GDALEnv object at 0x7f89b7116ec0> created
2023-12-05 15:53:04,122 - rasterio._env - DEBUG - GDAL data found in package: path='/home/metpublic/PYTHON_VENV/present_weather/lib/python3.10/site-packages/rasterio/gdal_data'.
2023-12-05 15:53:04,122 - rasterio._env - DEBUG - PROJ data found in package: path='/home/metpublic/PYTHON_VENV/present_weather/lib/python3.10/site-packages/rasterio/proj_data'.
2023-12-05 15:53:04,122 - rasterio._env - DEBUG - Started GDALEnv: self=<rasterio._env.GDALEnv object at 0x7f89b7116ec0>.
2023-12-05 15:53:04,122 - rasterio.env - DEBUG - Entered env context: <rasterio.env.Env object at 0x7f89b46639d0>
2023-12-05 15:53:04,123 - rasterio.env - DEBUG - Got a copy of environment <rasterio._env.GDALEnv object at 0x7f89b7116ec0> options
2023-12-05 15:53:04,123 - rasterio.env - DEBUG - Entering env context: <rasterio.env.Env object at 0x7f89b45a9330>
2023-12-05 15:53:04,123 - rasterio.env - DEBUG - Got a copy of environment <rasterio._env.GDALEnv object at 0x7f89b7116ec0> options
2023-12-05 15:53:04,123 - rasterio.env - DEBUG - Entered env context: <rasterio.env.Env object at 0x7f89b45a9330>
2023-12-05 15:53:04,123 - rasterio._base - DEBUG - Sharing flag: 0
2023-12-05 15:53:04,124 - rasterio._base - DEBUG - Nodata success: 1, Nodata value: nan
2023-12-05 15:53:04,124 - rasterio._base - DEBUG - Dataset <open DatasetReader name='https://radar.bmkg.go.id/raster/radarsatelit_202312051520.tif' mode='r'> is started.
2023-12-05 15:53:04,124 - rasterio.env - DEBUG - Exiting env context: <rasterio.env.Env object at 0x7f89b45a9330>
2023-12-05 15:53:04,124 - rasterio.env - DEBUG - Cleared existing <rasterio._env.GDALEnv object at 0x7f89b7116ec0> options
2023-12-05 15:53:04,124 - rasterio._env - DEBUG - Stopped GDALEnv <rasterio._env.GDALEnv object at 0x7f89b7116ec0>.
2023-12-05 15:53:04,124 - rasterio.env - DEBUG - No GDAL environment exists
2023-12-05 15:53:04,124 - rasterio.env - DEBUG - New GDAL environment <rasterio._env.GDALEnv object at 0x7f89b7116ec0> created
2023-12-05 15:53:04,125 - rasterio._env - DEBUG - GDAL data found in package: path='/home/metpublic/PYTHON_VENV/present_weather/lib/python3.10/site-packages/rasterio/gdal_data'.
2023-12-05 15:53:04,125 - rasterio._env - DEBUG - PROJ data found in package: path='/home/metpublic/PYTHON_VENV/present_weather/lib/python3.10/site-packages/rasterio/proj_data'.
2023-12-05 15:53:04,125 - rasterio._env - DEBUG - Started GDALEnv: self=<rasterio._env.GDALEnv object at 0x7f89b7116ec0>.
2023-12-05 15:53:04,125 - rasterio.env - DEBUG - Exited env context: <rasterio.env.Env object at 0x7f89b45a9330>
2023-12-05 15:53:04,140 - rasterio._io - DEBUG - Output nodata value read from file: nan
2023-12-05 15:53:04,141 - rasterio._io - DEBUG - Output nodata values: [nan]
2023-12-05 15:53:04,141 - rasterio._io - DEBUG - all_valid: False
2023-12-05 15:53:04,141 - rasterio._io - DEBUG - mask_flags: ([<MaskFlags.nodata: 8>],)
2023-12-05 15:53:04,141 - rasterio._io - DEBUG - Jump straight to _read()
2023-12-05 15:53:04,141 - rasterio._io - DEBUG - Window: Window(col_off=0, row_off=0, width=10177, height=3732)
2023-12-05 15:53:04,142 - rasterio._io - DEBUG - IO window xoff=0.0 yoff=0.0 width=10177.0 height=3732.0
2023-12-05 15:53:04,698 - rasterio.env - DEBUG - Exiting env context: <rasterio.env.Env object at 0x7f89b46639d0>
2023-12-05 15:53:04,698 - rasterio.env - DEBUG - Cleared existing <rasterio._env.GDALEnv object at 0x7f89b7116ec0> options
2023-12-05 15:53:04,698 - rasterio._env - DEBUG - Stopped GDALEnv <rasterio._env.GDALEnv object at 0x7f89b7116ec0>.
2023-12-05 15:53:04,698 - rasterio.env - DEBUG - Exiting outermost env
2023-12-05 15:53:04,698 - rasterio.env - DEBUG - Exited env context: <rasterio.env.Env object at 0x7f89b46639d0>
2023-12-05 15:57:48,948 - rasterio.env - DEBUG - Entering env context: <rasterio.env.Env object at 0x7f89b44ad930>
2023-12-05 15:57:48,949 - rasterio.env - DEBUG - Starting outermost env
2023-12-05 15:57:48,949 - rasterio.env - DEBUG - No GDAL environment exists
2023-12-05 15:57:48,949 - rasterio.env - DEBUG - New GDAL environment <rasterio._env.GDALEnv object at 0x7f89b44ac670> created
2023-12-05 15:57:48,950 - rasterio._env - DEBUG - GDAL data found in package: path='/home/metpublic/PYTHON_VENV/present_weather/lib/python3.10/site-packages/rasterio/gdal_data'.
2023-12-05 15:57:48,950 - rasterio._env - DEBUG - PROJ data found in package: path='/home/metpublic/PYTHON_VENV/present_weather/lib/python3.10/site-packages/rasterio/proj_data'.
2023-12-05 15:57:48,950 - rasterio._env - DEBUG - Started GDALEnv: self=<rasterio._env.GDALEnv object at 0x7f89b44ac670>.
2023-12-05 15:57:48,950 - rasterio.env - DEBUG - Entered env context: <rasterio.env.Env object at 0x7f89b44ad930>
2023-12-05 15:57:48,951 - rasterio._base - DEBUG - Sharing flag: 0
2023-12-05 15:57:48,952 - rasterio._base - DEBUG - Nodata success: 0, Nodata value: 0.000000
2023-12-05 15:57:48,952 - rasterio._base - DEBUG - Dataset <open DatasetReader name='/home/metpublic/TASK_RELEASE/EFAN/present_weather/src/H09_B13_Indonesia_20231205.Z1500.cor.tiff' mode='r'> is started.
2023-12-05 15:57:48,952 - rasterio.env - DEBUG - Exiting env context: <rasterio.env.Env object at 0x7f89b44ad930>
2023-12-05 15:57:48,952 - rasterio.env - DEBUG - Cleared existing <rasterio._env.GDALEnv object at 0x7f89b44ac670> options
2023-12-05 15:57:48,952 - rasterio._env - DEBUG - Stopped GDALEnv <rasterio._env.GDALEnv object at 0x7f89b44ac670>.
2023-12-05 15:57:48,952 - rasterio.env - DEBUG - Exiting outermost env
2023-12-05 15:57:48,952 - rasterio.env - DEBUG - Exited env context: <rasterio.env.Env object at 0x7f89b44ad930>
2023-12-05 15:57:48,953 - rasterio.env - DEBUG - Entering env context: <rasterio.env.Env object at 0x7f89b44aceb0>
2023-12-05 15:57:48,953 - rasterio.env - DEBUG - Starting outermost env
2023-12-05 15:57:48,953 - rasterio.env - DEBUG - No GDAL environment exists
2023-12-05 15:57:48,953 - rasterio.env - DEBUG - New GDAL environment <rasterio._env.GDALEnv object at 0x7f89b44acc10> created
2023-12-05 15:57:48,953 - rasterio._env - DEBUG - GDAL data found in package: path='/home/metpublic/PYTHON_VENV/present_weather/lib/python3.10/site-packages/rasterio/gdal_data'.
2023-12-05 15:57:48,954 - rasterio._env - DEBUG - PROJ data found in package: path='/home/metpublic/PYTHON_VENV/present_weather/lib/python3.10/site-packages/rasterio/proj_data'.
2023-12-05 15:57:48,954 - rasterio._env - DEBUG - Started GDALEnv: self=<rasterio._env.GDALEnv object at 0x7f89b44acc10>.
2023-12-05 15:57:48,954 - rasterio.env - DEBUG - Entered env context: <rasterio.env.Env object at 0x7f89b44aceb0>
2023-12-05 15:57:48,954 - rasterio._base - DEBUG - Sharing flag: 0
2023-12-05 15:57:48,955 - rasterio._base - DEBUG - Nodata success: 0, Nodata value: 0.000000
2023-12-05 15:57:48,955 - rasterio._base - DEBUG - Dataset <open DatasetReader name='/home/metpublic/TASK_RELEASE/EFAN/present_weather/src/H09_B13_Indonesia_20231205.Z1500.cor.tiff' mode='r'> is started.
2023-12-05 15:57:48,955 - rasterio.env - DEBUG - Exiting env context: <rasterio.env.Env object at 0x7f89b44aceb0>
2023-12-05 15:57:48,955 - rasterio.env - DEBUG - Cleared existing <rasterio._env.GDALEnv object at 0x7f89b44acc10> options
2023-12-05 15:57:48,955 - rasterio._env - DEBUG - Stopped GDALEnv <rasterio._env.GDALEnv object at 0x7f89b44acc10>.
2023-12-05 15:57:48,955 - rasterio.env - DEBUG - Exiting outermost env
2023-12-05 15:57:48,955 - rasterio.env - DEBUG - Exited env context: <rasterio.env.Env object at 0x7f89b44aceb0>
2023-12-05 15:57:48,964 - root - INFO - Generating present weather using SATELITE data
2023-12-05 15:59:00,685 - root - INFO - Total elapsed time: 0:05:58.321164
