2023-12-19 17:23:02,290 - root - INFO - Initiating present weather
2023-12-19 17:23:02,292 - asyncio - DEBUG - Using selector: EpollSelector
2023-12-19 17:23:03,845 - urllib3.connectionpool - DEBUG - Starting new HTTPS connection (1): radar.bmkg.go.id:8060
2023-12-19 17:23:03,874 - urllib3.connectionpool - DEBUG - https://radar.bmkg.go.id:8060 "GET /getLatestLD?typeData=1 HTTP/1.1" 200 62
2023-12-19 17:23:03,876 - urllib3.connectionpool - DEBUG - Starting new HTTPS connection (1): radar.bmkg.go.id:8060
2023-12-19 17:23:03,894 - urllib3.connectionpool - DEBUG - https://radar.bmkg.go.id:8060 "GET /getRadarGeotif?token=19387e71e78522ae4172ec0fda640983b8438c9cfa0ca571623cb69d8327&radar=amandemenForecast&type=latest HTTP/1.1" 200 90
2023-12-19 17:23:03,895 - rasterio.env - DEBUG - Entering env context: <rasterio.env.Env object at 0x7fb7924b7970>
2023-12-19 17:23:03,895 - rasterio.env - DEBUG - Starting outermost env
2023-12-19 17:23:03,895 - rasterio.env - DEBUG - No GDAL environment exists
2023-12-19 17:23:03,895 - rasterio.env - DEBUG - New GDAL environment <rasterio._env.GDALEnv object at 0x7fb7924b77c0> created
2023-12-19 17:23:03,898 - rasterio._filepath - DEBUG - Installing FilePath filesystem handler plugin...
2023-12-19 17:23:03,898 - rasterio._env - DEBUG - GDAL data found in package: path='/home/metpublic/PYTHON_VENV/present_weather/lib/python3.10/site-packages/rasterio/gdal_data'.
2023-12-19 17:23:03,898 - rasterio._env - DEBUG - PROJ data found in package: path='/home/metpublic/PYTHON_VENV/present_weather/lib/python3.10/site-packages/rasterio/proj_data'.
2023-12-19 17:23:03,898 - rasterio._env - DEBUG - Started GDALEnv: self=<rasterio._env.GDALEnv object at 0x7fb7924b77c0>.
2023-12-19 17:23:03,898 - rasterio.env - DEBUG - Entered env context: <rasterio.env.Env object at 0x7fb7924b7970>
2023-12-19 17:23:03,898 - rasterio._base - DEBUG - Sharing flag: 0
2023-12-19 17:23:04,253 - rasterio._base - DEBUG - Nodata success: 1, Nodata value: nan
2023-12-19 17:23:04,253 - rasterio._base - DEBUG - Dataset <open DatasetReader name='https://radar.bmkg.go.id/raster/radarsatelit_202312191720.tif' mode='r'> is started.
2023-12-19 17:23:04,254 - rasterio.env - DEBUG - Exiting env context: <rasterio.env.Env object at 0x7fb7924b7970>
2023-12-19 17:23:04,254 - rasterio.env - DEBUG - Cleared existing <rasterio._env.GDALEnv object at 0x7fb7924b77c0> options
2023-12-19 17:23:04,254 - rasterio._env - DEBUG - Stopped GDALEnv <rasterio._env.GDALEnv object at 0x7fb7924b77c0>.
2023-12-19 17:23:04,254 - rasterio.env - DEBUG - Exiting outermost env
2023-12-19 17:23:04,254 - rasterio.env - DEBUG - Exited env context: <rasterio.env.Env object at 0x7fb7924b7970>
2023-12-19 17:23:04,254 - rasterio.env - DEBUG - Entering env context: <rasterio.env.Env object at 0x7fb791b39540>
2023-12-19 17:23:04,254 - rasterio.env - DEBUG - Starting outermost env
2023-12-19 17:23:04,254 - rasterio.env - DEBUG - No GDAL environment exists
2023-12-19 17:23:04,254 - rasterio.env - DEBUG - New GDAL environment <rasterio._env.GDALEnv object at 0x7fb7924b77c0> created
2023-12-19 17:23:04,255 - rasterio._env - DEBUG - GDAL data found in package: path='/home/metpublic/PYTHON_VENV/present_weather/lib/python3.10/site-packages/rasterio/gdal_data'.
2023-12-19 17:23:04,255 - rasterio._env - DEBUG - PROJ data found in package: path='/home/metpublic/PYTHON_VENV/present_weather/lib/python3.10/site-packages/rasterio/proj_data'.
2023-12-19 17:23:04,255 - rasterio._env - DEBUG - Started GDALEnv: self=<rasterio._env.GDALEnv object at 0x7fb7924b77c0>.
2023-12-19 17:23:04,255 - rasterio.env - DEBUG - Entered env context: <rasterio.env.Env object at 0x7fb791b39540>
2023-12-19 17:23:04,255 - rasterio.env - DEBUG - Got a copy of environment <rasterio._env.GDALEnv object at 0x7fb7924b77c0> options
2023-12-19 17:23:04,255 - rasterio.env - DEBUG - Entering env context: <rasterio.env.Env object at 0x7fb790242ce0>
2023-12-19 17:23:04,255 - rasterio.env - DEBUG - Got a copy of environment <rasterio._env.GDALEnv object at 0x7fb7924b77c0> options
2023-12-19 17:23:04,255 - rasterio.env - DEBUG - Entered env context: <rasterio.env.Env object at 0x7fb790242ce0>
2023-12-19 17:23:04,256 - rasterio._base - DEBUG - Sharing flag: 0
2023-12-19 17:23:04,256 - rasterio._base - DEBUG - Nodata success: 1, Nodata value: nan
2023-12-19 17:23:04,257 - rasterio._base - DEBUG - Dataset <open DatasetReader name='https://radar.bmkg.go.id/raster/radarsatelit_202312191720.tif' mode='r'> is started.
2023-12-19 17:23:04,257 - rasterio.env - DEBUG - Exiting env context: <rasterio.env.Env object at 0x7fb790242ce0>
2023-12-19 17:23:04,257 - rasterio.env - DEBUG - Cleared existing <rasterio._env.GDALEnv object at 0x7fb7924b77c0> options
2023-12-19 17:23:04,257 - rasterio._env - DEBUG - Stopped GDALEnv <rasterio._env.GDALEnv object at 0x7fb7924b77c0>.
2023-12-19 17:23:04,257 - rasterio.env - DEBUG - No GDAL environment exists
2023-12-19 17:23:04,257 - rasterio.env - DEBUG - New GDAL environment <rasterio._env.GDALEnv object at 0x7fb7924b77c0> created
2023-12-19 17:23:04,257 - rasterio._env - DEBUG - GDAL data found in package: path='/home/metpublic/PYTHON_VENV/present_weather/lib/python3.10/site-packages/rasterio/gdal_data'.
2023-12-19 17:23:04,257 - rasterio._env - DEBUG - PROJ data found in package: path='/home/metpublic/PYTHON_VENV/present_weather/lib/python3.10/site-packages/rasterio/proj_data'.
2023-12-19 17:23:04,257 - rasterio._env - DEBUG - Started GDALEnv: self=<rasterio._env.GDALEnv object at 0x7fb7924b77c0>.
2023-12-19 17:23:04,257 - rasterio.env - DEBUG - Exited env context: <rasterio.env.Env object at 0x7fb790242ce0>
2023-12-19 17:23:04,273 - rasterio._io - DEBUG - Output nodata value read from file: nan
2023-12-19 17:23:04,274 - rasterio._io - DEBUG - Output nodata values: [nan]
2023-12-19 17:23:04,274 - rasterio._io - DEBUG - all_valid: False
2023-12-19 17:23:04,274 - rasterio._io - DEBUG - mask_flags: ([<MaskFlags.nodata: 8>],)
2023-12-19 17:23:04,274 - rasterio._io - DEBUG - Jump straight to _read()
2023-12-19 17:23:04,274 - rasterio._io - DEBUG - Window: Window(col_off=0, row_off=0, width=10215, height=3792)
2023-12-19 17:23:04,274 - rasterio._io - DEBUG - IO window xoff=0.0 yoff=0.0 width=10215.0 height=3792.0
2023-12-19 17:23:04,784 - rasterio.env - DEBUG - Exiting env context: <rasterio.env.Env object at 0x7fb791b39540>
2023-12-19 17:23:04,785 - rasterio.env - DEBUG - Cleared existing <rasterio._env.GDALEnv object at 0x7fb7924b77c0> options
2023-12-19 17:23:04,785 - rasterio._env - DEBUG - Stopped GDALEnv <rasterio._env.GDALEnv object at 0x7fb7924b77c0>.
2023-12-19 17:23:04,785 - rasterio.env - DEBUG - Exiting outermost env
2023-12-19 17:23:04,785 - rasterio.env - DEBUG - Exited env context: <rasterio.env.Env object at 0x7fb791b39540>
2023-12-19 17:23:29,118 - rasterio.env - DEBUG - Entering env context: <rasterio.env.Env object at 0x7fb7901fed70>
2023-12-19 17:23:29,118 - rasterio.env - DEBUG - Starting outermost env
2023-12-19 17:23:29,118 - rasterio.env - DEBUG - No GDAL environment exists
2023-12-19 17:23:29,118 - rasterio.env - DEBUG - New GDAL environment <rasterio._env.GDALEnv object at 0x7fb7901ff760> created
2023-12-19 17:23:29,119 - rasterio._env - DEBUG - GDAL data found in package: path='/home/metpublic/PYTHON_VENV/present_weather/lib/python3.10/site-packages/rasterio/gdal_data'.
2023-12-19 17:23:29,120 - rasterio._env - DEBUG - PROJ data found in package: path='/home/metpublic/PYTHON_VENV/present_weather/lib/python3.10/site-packages/rasterio/proj_data'.
2023-12-19 17:23:29,120 - rasterio._env - DEBUG - Started GDALEnv: self=<rasterio._env.GDALEnv object at 0x7fb7901ff760>.
2023-12-19 17:23:29,120 - rasterio.env - DEBUG - Entered env context: <rasterio.env.Env object at 0x7fb7901fed70>
2023-12-19 17:23:29,120 - rasterio._base - DEBUG - Sharing flag: 0
2023-12-19 17:23:29,121 - rasterio._base - DEBUG - Nodata success: 0, Nodata value: 0.000000
2023-12-19 17:23:29,121 - rasterio._base - DEBUG - Dataset <open DatasetReader name='/home/metpublic/TASK_RELEASE/EFAN/present_weather/src/H09_B13_Indonesia_20231219.Z1710.cor.tiff' mode='r'> is started.
2023-12-19 17:23:29,121 - rasterio.env - DEBUG - Exiting env context: <rasterio.env.Env object at 0x7fb7901fed70>
2023-12-19 17:23:29,121 - rasterio.env - DEBUG - Cleared existing <rasterio._env.GDALEnv object at 0x7fb7901ff760> options
2023-12-19 17:23:29,121 - rasterio._env - DEBUG - Stopped GDALEnv <rasterio._env.GDALEnv object at 0x7fb7901ff760>.
2023-12-19 17:23:29,122 - rasterio.env - DEBUG - Exiting outermost env
2023-12-19 17:23:29,122 - rasterio.env - DEBUG - Exited env context: <rasterio.env.Env object at 0x7fb7901fed70>
2023-12-19 17:23:29,122 - rasterio.env - DEBUG - Entering env context: <rasterio.env.Env object at 0x7fb7902d21d0>
2023-12-19 17:23:29,122 - rasterio.env - DEBUG - Starting outermost env
2023-12-19 17:23:29,122 - rasterio.env - DEBUG - No GDAL environment exists
2023-12-19 17:23:29,122 - rasterio.env - DEBUG - New GDAL environment <rasterio._env.GDALEnv object at 0x7fb7902d35e0> created
2023-12-19 17:23:29,123 - rasterio._env - DEBUG - GDAL data found in package: path='/home/metpublic/PYTHON_VENV/present_weather/lib/python3.10/site-packages/rasterio/gdal_data'.
2023-12-19 17:23:29,123 - rasterio._env - DEBUG - PROJ data found in package: path='/home/metpublic/PYTHON_VENV/present_weather/lib/python3.10/site-packages/rasterio/proj_data'.
2023-12-19 17:23:29,123 - rasterio._env - DEBUG - Started GDALEnv: self=<rasterio._env.GDALEnv object at 0x7fb7902d35e0>.
2023-12-19 17:23:29,123 - rasterio.env - DEBUG - Entered env context: <rasterio.env.Env object at 0x7fb7902d21d0>
2023-12-19 17:23:29,123 - rasterio._base - DEBUG - Sharing flag: 0
2023-12-19 17:23:29,124 - rasterio._base - DEBUG - Nodata success: 0, Nodata value: 0.000000
2023-12-19 17:23:29,125 - rasterio._base - DEBUG - Dataset <open DatasetReader name='/home/metpublic/TASK_RELEASE/EFAN/present_weather/src/H09_B13_Indonesia_20231219.Z1710.cor.tiff' mode='r'> is started.
2023-12-19 17:23:29,125 - rasterio.env - DEBUG - Exiting env context: <rasterio.env.Env object at 0x7fb7902d21d0>
2023-12-19 17:23:29,125 - rasterio.env - DEBUG - Cleared existing <rasterio._env.GDALEnv object at 0x7fb7902d35e0> options
2023-12-19 17:23:29,125 - rasterio._env - DEBUG - Stopped GDALEnv <rasterio._env.GDALEnv object at 0x7fb7902d35e0>.
2023-12-19 17:23:29,125 - rasterio.env - DEBUG - Exiting outermost env
2023-12-19 17:23:29,125 - rasterio.env - DEBUG - Exited env context: <rasterio.env.Env object at 0x7fb7902d21d0>
2023-12-19 17:23:29,136 - root - INFO - Generating present weather using SATELITE data
2023-12-19 17:24:28,524 - root - INFO - Total elapsed time: 0:01:26.233894
