2023-11-20 19:23:03,091 - root - INFO - Initiating present weather
2023-11-20 19:23:03,096 - urllib3.connectionpool - DEBUG - Starting new HTTPS connection (1): radar.bmkg.go.id:8060
2023-11-20 19:23:03,169 - urllib3.connectionpool - DEBUG - https://radar.bmkg.go.id:8060 "GET /getRadarGeotif?token=19387e71e78522ae4172ec0fda640983b8438c9cfa0ca571623cb69d8327&radar=amandemenForecast&type=latest HTTP/1.1" 200 90
2023-11-20 19:23:03,171 - rasterio.env - DEBUG - Entering env context: <rasterio.env.Env object at 0x7f7ab37e8230>
2023-11-20 19:23:03,172 - rasterio.env - DEBUG - Starting outermost env
2023-11-20 19:23:03,172 - rasterio.env - DEBUG - No GDAL environment exists
2023-11-20 19:23:03,172 - rasterio.env - DEBUG - New GDAL environment <rasterio._env.GDALEnv object at 0x7f7ab52b02e0> created
2023-11-20 19:23:03,176 - rasterio._filepath - DEBUG - Installing FilePath filesystem handler plugin...
2023-11-20 19:23:03,176 - rasterio._env - DEBUG - GDAL data found in package: path='/home/swx/miniconda3/envs/present_weather/lib/python3.12/site-packages/rasterio/gdal_data'.
2023-11-20 19:23:03,176 - rasterio._env - DEBUG - PROJ_LIB found in environment.
2023-11-20 19:23:03,176 - rasterio._env - DEBUG - Started GDALEnv: self=<rasterio._env.GDALEnv object at 0x7f7ab52b02e0>.
2023-11-20 19:23:03,176 - rasterio.env - DEBUG - Entered env context: <rasterio.env.Env object at 0x7f7ab37e8230>
2023-11-20 19:23:03,176 - rasterio._base - DEBUG - Sharing flag: 0
2023-11-20 19:23:03,378 - rasterio._base - DEBUG - Nodata success: 1, Nodata value: nan
2023-11-20 19:23:03,378 - rasterio._base - DEBUG - Dataset <open DatasetReader name='https://radar.bmkg.go.id/raster/radarsatelit_202311201920.tif' mode='r'> is started.
2023-11-20 19:23:03,379 - rasterio.env - DEBUG - Exiting env context: <rasterio.env.Env object at 0x7f7ab37e8230>
2023-11-20 19:23:03,379 - rasterio.env - DEBUG - Cleared existing <rasterio._env.GDALEnv object at 0x7f7ab52b02e0> options
2023-11-20 19:23:03,379 - rasterio._env - DEBUG - Stopped GDALEnv <rasterio._env.GDALEnv object at 0x7f7ab52b02e0>.
2023-11-20 19:23:03,379 - rasterio.env - DEBUG - Exiting outermost env
2023-11-20 19:23:03,379 - rasterio.env - DEBUG - Exited env context: <rasterio.env.Env object at 0x7f7ab37e8230>
2023-11-20 19:23:03,379 - rasterio.env - DEBUG - Entering env context: <rasterio.env.Env object at 0x7f7afd3e4230>
2023-11-20 19:23:03,380 - rasterio.env - DEBUG - Starting outermost env
2023-11-20 19:23:03,380 - rasterio.env - DEBUG - No GDAL environment exists
2023-11-20 19:23:03,380 - rasterio.env - DEBUG - New GDAL environment <rasterio._env.GDALEnv object at 0x7f7ab52b02e0> created
2023-11-20 19:23:03,380 - rasterio._env - DEBUG - GDAL data found in package: path='/home/swx/miniconda3/envs/present_weather/lib/python3.12/site-packages/rasterio/gdal_data'.
2023-11-20 19:23:03,380 - rasterio._env - DEBUG - PROJ_LIB found in environment.
2023-11-20 19:23:03,381 - rasterio._env - DEBUG - Started GDALEnv: self=<rasterio._env.GDALEnv object at 0x7f7ab52b02e0>.
2023-11-20 19:23:03,381 - rasterio.env - DEBUG - Entered env context: <rasterio.env.Env object at 0x7f7afd3e4230>
2023-11-20 19:23:03,381 - rasterio.env - DEBUG - Got a copy of environment <rasterio._env.GDALEnv object at 0x7f7ab52b02e0> options
2023-11-20 19:23:03,382 - rasterio.env - DEBUG - Entering env context: <rasterio.env.Env object at 0x7f7af4bf2780>
2023-11-20 19:23:03,382 - rasterio.env - DEBUG - Got a copy of environment <rasterio._env.GDALEnv object at 0x7f7ab52b02e0> options
2023-11-20 19:23:03,382 - rasterio.env - DEBUG - Entered env context: <rasterio.env.Env object at 0x7f7af4bf2780>
2023-11-20 19:23:03,382 - rasterio._base - DEBUG - Sharing flag: 0
2023-11-20 19:23:03,383 - rasterio._base - DEBUG - Nodata success: 1, Nodata value: nan
2023-11-20 19:23:03,383 - rasterio._base - DEBUG - Dataset <open DatasetReader name='https://radar.bmkg.go.id/raster/radarsatelit_202311201920.tif' mode='r'> is started.
2023-11-20 19:23:03,383 - rasterio.env - DEBUG - Exiting env context: <rasterio.env.Env object at 0x7f7af4bf2780>
2023-11-20 19:23:03,383 - rasterio.env - DEBUG - Cleared existing <rasterio._env.GDALEnv object at 0x7f7ab52b02e0> options
2023-11-20 19:23:03,383 - rasterio._env - DEBUG - Stopped GDALEnv <rasterio._env.GDALEnv object at 0x7f7ab52b02e0>.
2023-11-20 19:23:03,383 - rasterio.env - DEBUG - No GDAL environment exists
2023-11-20 19:23:03,384 - rasterio.env - DEBUG - New GDAL environment <rasterio._env.GDALEnv object at 0x7f7ab52b02e0> created
2023-11-20 19:23:03,384 - rasterio._env - DEBUG - GDAL data found in package: path='/home/swx/miniconda3/envs/present_weather/lib/python3.12/site-packages/rasterio/gdal_data'.
2023-11-20 19:23:03,384 - rasterio._env - DEBUG - PROJ_LIB found in environment.
2023-11-20 19:23:03,384 - rasterio._env - DEBUG - Started GDALEnv: self=<rasterio._env.GDALEnv object at 0x7f7ab52b02e0>.
2023-11-20 19:23:03,384 - rasterio.env - DEBUG - Exited env context: <rasterio.env.Env object at 0x7f7af4bf2780>
2023-11-20 19:23:03,414 - rasterio._io - DEBUG - Output nodata value read from file: nan
2023-11-20 19:23:03,414 - rasterio._io - DEBUG - Output nodata values: [nan]
2023-11-20 19:23:03,415 - rasterio._io - DEBUG - all_valid: False
2023-11-20 19:23:03,415 - rasterio._io - DEBUG - mask_flags: ([<MaskFlags.nodata: 8>],)
2023-11-20 19:23:03,415 - rasterio._io - DEBUG - Jump straight to _read()
2023-11-20 19:23:03,415 - rasterio._io - DEBUG - Window: Window(col_off=0, row_off=0, width=10215, height=3792)
2023-11-20 19:23:03,415 - rasterio._io - DEBUG - IO window xoff=0.0 yoff=0.0 width=10215.0 height=3792.0
2023-11-20 19:23:04,428 - rasterio.env - DEBUG - Exiting env context: <rasterio.env.Env object at 0x7f7afd3e4230>
2023-11-20 19:23:04,428 - rasterio.env - DEBUG - Cleared existing <rasterio._env.GDALEnv object at 0x7f7ab52b02e0> options
2023-11-20 19:23:04,429 - rasterio._env - DEBUG - Stopped GDALEnv <rasterio._env.GDALEnv object at 0x7f7ab52b02e0>.
2023-11-20 19:23:04,429 - rasterio.env - DEBUG - Exiting outermost env
2023-11-20 19:23:04,429 - rasterio.env - DEBUG - Exited env context: <rasterio.env.Env object at 0x7f7afd3e4230>
2023-11-20 19:23:04,431 - urllib3.connectionpool - DEBUG - Starting new HTTPS connection (1): radar.bmkg.go.id:8060
2023-11-20 19:23:04,523 - urllib3.connectionpool - DEBUG - https://radar.bmkg.go.id:8060 "GET /getLatestLD?typeData=1 HTTP/1.1" 200 147164
2023-11-20 19:23:04,577 - asyncio - DEBUG - Using selector: EpollSelector
2023-11-20 19:23:11,323 - root - INFO - dask.bag<lambda, npartitions=34>
2023-11-20 19:40:01,728 - root - INFO - Total elapsed time: 0:16:58.637930
