2023-11-30 17:13:02,571 - root - INFO - Initiating present weather
2023-11-30 17:13:02,572 - asyncio - DEBUG - Using selector: EpollSelector
2023-11-30 17:13:04,188 - urllib3.connectionpool - DEBUG - Starting new HTTPS connection (1): radar.bmkg.go.id:8060
2023-11-30 17:13:04,204 - urllib3.connectionpool - DEBUG - https://radar.bmkg.go.id:8060 "GET /getLatestLD?typeData=1 HTTP/1.1" 200 62
2023-11-30 17:13:04,206 - urllib3.connectionpool - DEBUG - Starting new HTTPS connection (1): radar.bmkg.go.id:8060
2023-11-30 17:13:04,226 - urllib3.connectionpool - DEBUG - https://radar.bmkg.go.id:8060 "GET /getRadarGeotif?token=19387e71e78522ae4172ec0fda640983b8438c9cfa0ca571623cb69d8327&radar=amandemenForecast&type=latest HTTP/1.1" 200 90
2023-11-30 17:13:04,227 - rasterio.env - DEBUG - Entering env context: <rasterio.env.Env object at 0x7f0587c52bf0>
2023-11-30 17:13:04,228 - rasterio.env - DEBUG - Starting outermost env
2023-11-30 17:13:04,228 - rasterio.env - DEBUG - No GDAL environment exists
2023-11-30 17:13:04,228 - rasterio.env - DEBUG - New GDAL environment <rasterio._env.GDALEnv object at 0x7f0587c52ef0> created
2023-11-30 17:13:04,231 - rasterio._filepath - DEBUG - Installing FilePath filesystem handler plugin...
2023-11-30 17:13:04,231 - rasterio._env - DEBUG - GDAL data found in package: path='/home/metpublic/PYTHON_VENV/present_weather/lib/python3.10/site-packages/rasterio/gdal_data'.
2023-11-30 17:13:04,231 - rasterio._env - DEBUG - PROJ data found in package: path='/home/metpublic/PYTHON_VENV/present_weather/lib/python3.10/site-packages/rasterio/proj_data'.
2023-11-30 17:13:04,231 - rasterio._env - DEBUG - Started GDALEnv: self=<rasterio._env.GDALEnv object at 0x7f0587c52ef0>.
2023-11-30 17:13:04,231 - rasterio.env - DEBUG - Entered env context: <rasterio.env.Env object at 0x7f0587c52bf0>
2023-11-30 17:13:04,231 - rasterio._base - DEBUG - Sharing flag: 0
2023-11-30 17:13:04,421 - rasterio._base - DEBUG - Nodata success: 1, Nodata value: nan
2023-11-30 17:13:04,421 - rasterio._base - DEBUG - Dataset <open DatasetReader name='https://radar.bmkg.go.id/raster/radarsatelit_202311301710.tif' mode='r'> is started.
2023-11-30 17:13:04,421 - rasterio.env - DEBUG - Exiting env context: <rasterio.env.Env object at 0x7f0587c52bf0>
2023-11-30 17:13:04,421 - rasterio.env - DEBUG - Cleared existing <rasterio._env.GDALEnv object at 0x7f0587c52ef0> options
2023-11-30 17:13:04,421 - rasterio._env - DEBUG - Stopped GDALEnv <rasterio._env.GDALEnv object at 0x7f0587c52ef0>.
2023-11-30 17:13:04,421 - rasterio.env - DEBUG - Exiting outermost env
2023-11-30 17:13:04,422 - rasterio.env - DEBUG - Exited env context: <rasterio.env.Env object at 0x7f0587c52bf0>
2023-11-30 17:13:04,422 - rasterio.env - DEBUG - Entering env context: <rasterio.env.Env object at 0x7f05872dc730>
2023-11-30 17:13:04,423 - rasterio.env - DEBUG - Starting outermost env
2023-11-30 17:13:04,424 - rasterio.env - DEBUG - No GDAL environment exists
2023-11-30 17:13:04,424 - rasterio.env - DEBUG - New GDAL environment <rasterio._env.GDALEnv object at 0x7f0587c52ef0> created
2023-11-30 17:13:04,424 - rasterio._env - DEBUG - GDAL data found in package: path='/home/metpublic/PYTHON_VENV/present_weather/lib/python3.10/site-packages/rasterio/gdal_data'.
2023-11-30 17:13:04,424 - rasterio._env - DEBUG - PROJ data found in package: path='/home/metpublic/PYTHON_VENV/present_weather/lib/python3.10/site-packages/rasterio/proj_data'.
2023-11-30 17:13:04,425 - rasterio._env - DEBUG - Started GDALEnv: self=<rasterio._env.GDALEnv object at 0x7f0587c52ef0>.
2023-11-30 17:13:04,425 - rasterio.env - DEBUG - Entered env context: <rasterio.env.Env object at 0x7f05872dc730>
2023-11-30 17:13:04,425 - rasterio.env - DEBUG - Got a copy of environment <rasterio._env.GDALEnv object at 0x7f0587c52ef0> options
2023-11-30 17:13:04,425 - rasterio.env - DEBUG - Entering env context: <rasterio.env.Env object at 0x7f05841ce440>
2023-11-30 17:13:04,425 - rasterio.env - DEBUG - Got a copy of environment <rasterio._env.GDALEnv object at 0x7f0587c52ef0> options
2023-11-30 17:13:04,425 - rasterio.env - DEBUG - Entered env context: <rasterio.env.Env object at 0x7f05841ce440>
2023-11-30 17:13:04,425 - rasterio._base - DEBUG - Sharing flag: 0
2023-11-30 17:13:04,426 - rasterio._base - DEBUG - Nodata success: 1, Nodata value: nan
2023-11-30 17:13:04,426 - rasterio._base - DEBUG - Dataset <open DatasetReader name='https://radar.bmkg.go.id/raster/radarsatelit_202311301710.tif' mode='r'> is started.
2023-11-30 17:13:04,427 - rasterio.env - DEBUG - Exiting env context: <rasterio.env.Env object at 0x7f05841ce440>
2023-11-30 17:13:04,427 - rasterio.env - DEBUG - Cleared existing <rasterio._env.GDALEnv object at 0x7f0587c52ef0> options
2023-11-30 17:13:04,427 - rasterio._env - DEBUG - Stopped GDALEnv <rasterio._env.GDALEnv object at 0x7f0587c52ef0>.
2023-11-30 17:13:04,427 - rasterio.env - DEBUG - No GDAL environment exists
2023-11-30 17:13:04,427 - rasterio.env - DEBUG - New GDAL environment <rasterio._env.GDALEnv object at 0x7f0587c52ef0> created
2023-11-30 17:13:04,427 - rasterio._env - DEBUG - GDAL data found in package: path='/home/metpublic/PYTHON_VENV/present_weather/lib/python3.10/site-packages/rasterio/gdal_data'.
2023-11-30 17:13:04,427 - rasterio._env - DEBUG - PROJ data found in package: path='/home/metpublic/PYTHON_VENV/present_weather/lib/python3.10/site-packages/rasterio/proj_data'.
2023-11-30 17:13:04,427 - rasterio._env - DEBUG - Started GDALEnv: self=<rasterio._env.GDALEnv object at 0x7f0587c52ef0>.
2023-11-30 17:13:04,427 - rasterio.env - DEBUG - Exited env context: <rasterio.env.Env object at 0x7f05841ce440>
2023-11-30 17:13:04,444 - rasterio._io - DEBUG - Output nodata value read from file: nan
2023-11-30 17:13:04,444 - rasterio._io - DEBUG - Output nodata values: [nan]
2023-11-30 17:13:04,445 - rasterio._io - DEBUG - all_valid: False
2023-11-30 17:13:04,445 - rasterio._io - DEBUG - mask_flags: ([<MaskFlags.nodata: 8>],)
2023-11-30 17:13:04,445 - rasterio._io - DEBUG - Jump straight to _read()
2023-11-30 17:13:04,445 - rasterio._io - DEBUG - Window: Window(col_off=0, row_off=0, width=10215, height=3792)
2023-11-30 17:13:04,446 - rasterio._io - DEBUG - IO window xoff=0.0 yoff=0.0 width=10215.0 height=3792.0
2023-11-30 17:13:05,040 - rasterio.env - DEBUG - Exiting env context: <rasterio.env.Env object at 0x7f05872dc730>
2023-11-30 17:13:05,041 - rasterio.env - DEBUG - Cleared existing <rasterio._env.GDALEnv object at 0x7f0587c52ef0> options
2023-11-30 17:13:05,041 - rasterio._env - DEBUG - Stopped GDALEnv <rasterio._env.GDALEnv object at 0x7f0587c52ef0>.
2023-11-30 17:13:05,041 - rasterio.env - DEBUG - Exiting outermost env
2023-11-30 17:13:05,041 - rasterio.env - DEBUG - Exited env context: <rasterio.env.Env object at 0x7f05872dc730>
2023-11-30 17:19:55,911 - root - INFO - Total elapsed time: 0:06:53.340596
