2023-11-17 16:20:03,837 - root - INFO - Initiating present weather
2023-11-17 16:20:03,842 - urllib3.connectionpool - DEBUG - Starting new HTTPS connection (1): radar.bmkg.go.id:8060
2023-11-17 16:20:03,915 - urllib3.connectionpool - DEBUG - https://radar.bmkg.go.id:8060 "GET /getRadarGeotif?token=19387e71e78522ae4172ec0fda640983b8438c9cfa0ca571623cb69d8327&radar=amandemenForecast&type=latest HTTP/1.1" 200 90
2023-11-17 16:20:03,917 - rasterio.env - DEBUG - Entering env context: <rasterio.env.Env object at 0x7fc9f44a6360>
2023-11-17 16:20:03,918 - rasterio.env - DEBUG - Starting outermost env
2023-11-17 16:20:03,918 - rasterio.env - DEBUG - No GDAL environment exists
2023-11-17 16:20:03,919 - rasterio.env - DEBUG - New GDAL environment <rasterio._env.GDALEnv object at 0x7fca35c272b0> created
2023-11-17 16:20:03,923 - rasterio._filepath - DEBUG - Installing FilePath filesystem handler plugin...
2023-11-17 16:20:03,923 - rasterio._env - DEBUG - GDAL data found in package: path='/home/swx/miniconda3/envs/present_weather/lib/python3.12/site-packages/rasterio/gdal_data'.
2023-11-17 16:20:03,923 - rasterio._env - DEBUG - PROJ_LIB found in environment.
2023-11-17 16:20:03,924 - rasterio._env - DEBUG - Started GDALEnv: self=<rasterio._env.GDALEnv object at 0x7fca35c272b0>.
2023-11-17 16:20:03,924 - rasterio.env - DEBUG - Entered env context: <rasterio.env.Env object at 0x7fc9f44a6360>
2023-11-17 16:20:03,924 - rasterio._base - DEBUG - Sharing flag: 0
2023-11-17 16:20:04,117 - rasterio._base - DEBUG - Nodata success: 1, Nodata value: nan
2023-11-17 16:20:04,117 - rasterio._base - DEBUG - Dataset <open DatasetReader name='https://radar.bmkg.go.id/raster/radarsatelit_202311171610.tif' mode='r'> is started.
2023-11-17 16:20:04,118 - rasterio.env - DEBUG - Exiting env context: <rasterio.env.Env object at 0x7fc9f44a6360>
2023-11-17 16:20:04,118 - rasterio.env - DEBUG - Cleared existing <rasterio._env.GDALEnv object at 0x7fca35c272b0> options
2023-11-17 16:20:04,118 - rasterio._env - DEBUG - Stopped GDALEnv <rasterio._env.GDALEnv object at 0x7fca35c272b0>.
2023-11-17 16:20:04,118 - rasterio.env - DEBUG - Exiting outermost env
2023-11-17 16:20:04,118 - rasterio.env - DEBUG - Exited env context: <rasterio.env.Env object at 0x7fc9f44a6360>
2023-11-17 16:20:04,119 - rasterio.env - DEBUG - Entering env context: <rasterio.env.Env object at 0x7fca35c14ec0>
2023-11-17 16:20:04,119 - rasterio.env - DEBUG - Starting outermost env
2023-11-17 16:20:04,119 - rasterio.env - DEBUG - No GDAL environment exists
2023-11-17 16:20:04,119 - rasterio.env - DEBUG - New GDAL environment <rasterio._env.GDALEnv object at 0x7fca3e3cbfd0> created
2023-11-17 16:20:04,120 - rasterio._env - DEBUG - GDAL data found in package: path='/home/swx/miniconda3/envs/present_weather/lib/python3.12/site-packages/rasterio/gdal_data'.
2023-11-17 16:20:04,120 - rasterio._env - DEBUG - PROJ_LIB found in environment.
2023-11-17 16:20:04,120 - rasterio._env - DEBUG - Started GDALEnv: self=<rasterio._env.GDALEnv object at 0x7fca3e3cbfd0>.
2023-11-17 16:20:04,120 - rasterio.env - DEBUG - Entered env context: <rasterio.env.Env object at 0x7fca35c14ec0>
2023-11-17 16:20:04,121 - rasterio.env - DEBUG - Got a copy of environment <rasterio._env.GDALEnv object at 0x7fca3e3cbfd0> options
2023-11-17 16:20:04,121 - rasterio.env - DEBUG - Entering env context: <rasterio.env.Env object at 0x7fc9f42e6090>
2023-11-17 16:20:04,121 - rasterio.env - DEBUG - Got a copy of environment <rasterio._env.GDALEnv object at 0x7fca3e3cbfd0> options
2023-11-17 16:20:04,121 - rasterio.env - DEBUG - Entered env context: <rasterio.env.Env object at 0x7fc9f42e6090>
2023-11-17 16:20:04,121 - rasterio._base - DEBUG - Sharing flag: 0
2023-11-17 16:20:04,122 - rasterio._base - DEBUG - Nodata success: 1, Nodata value: nan
2023-11-17 16:20:04,122 - rasterio._base - DEBUG - Dataset <open DatasetReader name='https://radar.bmkg.go.id/raster/radarsatelit_202311171610.tif' mode='r'> is started.
2023-11-17 16:20:04,123 - rasterio.env - DEBUG - Exiting env context: <rasterio.env.Env object at 0x7fc9f42e6090>
2023-11-17 16:20:04,123 - rasterio.env - DEBUG - Cleared existing <rasterio._env.GDALEnv object at 0x7fca3e3cbfd0> options
2023-11-17 16:20:04,123 - rasterio._env - DEBUG - Stopped GDALEnv <rasterio._env.GDALEnv object at 0x7fca3e3cbfd0>.
2023-11-17 16:20:04,123 - rasterio.env - DEBUG - No GDAL environment exists
2023-11-17 16:20:04,123 - rasterio.env - DEBUG - New GDAL environment <rasterio._env.GDALEnv object at 0x7fca3e3cbfd0> created
2023-11-17 16:20:04,123 - rasterio._env - DEBUG - GDAL data found in package: path='/home/swx/miniconda3/envs/present_weather/lib/python3.12/site-packages/rasterio/gdal_data'.
2023-11-17 16:20:04,124 - rasterio._env - DEBUG - PROJ_LIB found in environment.
2023-11-17 16:20:04,124 - rasterio._env - DEBUG - Started GDALEnv: self=<rasterio._env.GDALEnv object at 0x7fca3e3cbfd0>.
2023-11-17 16:20:04,124 - rasterio.env - DEBUG - Exited env context: <rasterio.env.Env object at 0x7fc9f42e6090>
2023-11-17 16:20:04,154 - rasterio._io - DEBUG - Output nodata value read from file: nan
2023-11-17 16:20:04,154 - rasterio._io - DEBUG - Output nodata values: [nan]
2023-11-17 16:20:04,155 - rasterio._io - DEBUG - all_valid: False
2023-11-17 16:20:04,155 - rasterio._io - DEBUG - mask_flags: ([<MaskFlags.nodata: 8>],)
2023-11-17 16:20:04,155 - rasterio._io - DEBUG - Jump straight to _read()
2023-11-17 16:20:04,155 - rasterio._io - DEBUG - Window: Window(col_off=0, row_off=0, width=10215, height=3792)
2023-11-17 16:20:04,156 - rasterio._io - DEBUG - IO window xoff=0.0 yoff=0.0 width=10215.0 height=3792.0
2023-11-17 16:20:04,921 - rasterio.env - DEBUG - Exiting env context: <rasterio.env.Env object at 0x7fca35c14ec0>
2023-11-17 16:20:04,921 - rasterio.env - DEBUG - Cleared existing <rasterio._env.GDALEnv object at 0x7fca3e3cbfd0> options
2023-11-17 16:20:04,921 - rasterio._env - DEBUG - Stopped GDALEnv <rasterio._env.GDALEnv object at 0x7fca3e3cbfd0>.
2023-11-17 16:20:04,921 - rasterio.env - DEBUG - Exiting outermost env
2023-11-17 16:20:04,921 - rasterio.env - DEBUG - Exited env context: <rasterio.env.Env object at 0x7fca35c14ec0>
2023-11-17 16:20:04,923 - urllib3.connectionpool - DEBUG - Starting new HTTPS connection (1): radar.bmkg.go.id:8060
2023-11-17 16:20:05,001 - urllib3.connectionpool - DEBUG - https://radar.bmkg.go.id:8060 "GET /getLatestLD?typeData=1 HTTP/1.1" 200 77330
2023-11-17 16:20:05,038 - asyncio - DEBUG - Using selector: EpollSelector
2023-11-17 16:20:11,898 - root - INFO - dask.bag<lambda, npartitions=34>
2023-11-17 16:35:43,058 - root - INFO - Total elapsed time: 0:15:39.221539
