2023-11-04 20:40:03,292 - root - INFO - Initiating present weather
2023-11-04 20:40:03,296 - urllib3.connectionpool - DEBUG - Starting new HTTPS connection (1): radar.bmkg.go.id:8060
2023-11-04 20:40:03,371 - urllib3.connectionpool - DEBUG - https://radar.bmkg.go.id:8060 "GET /getRadarGeotif?token=19387e71e78522ae4172ec0fda640983b8438c9cfa0ca571623cb69d8327&radar=amandemenForecast&type=latest HTTP/1.1" 200 90
2023-11-04 20:40:03,374 - rasterio.env - DEBUG - Entering env context: <rasterio.env.Env object at 0x7f2865695bb0>
2023-11-04 20:40:03,375 - rasterio.env - DEBUG - Starting outermost env
2023-11-04 20:40:03,375 - rasterio.env - DEBUG - No GDAL environment exists
2023-11-04 20:40:03,376 - rasterio.env - DEBUG - New GDAL environment <rasterio._env.GDALEnv object at 0x7f28244b0640> created
2023-11-04 20:40:03,380 - rasterio._filepath - DEBUG - Installing FilePath filesystem handler plugin...
2023-11-04 20:40:03,380 - rasterio._env - DEBUG - GDAL data found in package: path='/home/swx/miniconda3/envs/present_weather/lib/python3.12/site-packages/rasterio/gdal_data'.
2023-11-04 20:40:03,380 - rasterio._env - DEBUG - PROJ_LIB found in environment.
2023-11-04 20:40:03,381 - rasterio._env - DEBUG - Started GDALEnv: self=<rasterio._env.GDALEnv object at 0x7f28244b0640>.
2023-11-04 20:40:03,381 - rasterio.env - DEBUG - Entered env context: <rasterio.env.Env object at 0x7f2865695bb0>
2023-11-04 20:40:03,381 - rasterio._base - DEBUG - Sharing flag: 0
2023-11-04 20:40:03,549 - rasterio._base - DEBUG - Nodata success: 1, Nodata value: nan
2023-11-04 20:40:03,549 - rasterio._base - DEBUG - Dataset <open DatasetReader name='https://radar.bmkg.go.id/raster/radarsatelit_202311042020.tif' mode='r'> is started.
2023-11-04 20:40:03,550 - rasterio.env - DEBUG - Exiting env context: <rasterio.env.Env object at 0x7f2865695bb0>
2023-11-04 20:40:03,550 - rasterio.env - DEBUG - Cleared existing <rasterio._env.GDALEnv object at 0x7f28244b0640> options
2023-11-04 20:40:03,550 - rasterio._env - DEBUG - Stopped GDALEnv <rasterio._env.GDALEnv object at 0x7f28244b0640>.
2023-11-04 20:40:03,550 - rasterio.env - DEBUG - Exiting outermost env
2023-11-04 20:40:03,550 - rasterio.env - DEBUG - Exited env context: <rasterio.env.Env object at 0x7f2865695bb0>
2023-11-04 20:40:03,550 - rasterio.env - DEBUG - Entering env context: <rasterio.env.Env object at 0x7f286e1df350>
2023-11-04 20:40:03,550 - rasterio.env - DEBUG - Starting outermost env
2023-11-04 20:40:03,550 - rasterio.env - DEBUG - No GDAL environment exists
2023-11-04 20:40:03,551 - rasterio.env - DEBUG - New GDAL environment <rasterio._env.GDALEnv object at 0x7f28244b0640> created
2023-11-04 20:40:03,551 - rasterio._env - DEBUG - GDAL data found in package: path='/home/swx/miniconda3/envs/present_weather/lib/python3.12/site-packages/rasterio/gdal_data'.
2023-11-04 20:40:03,551 - rasterio._env - DEBUG - PROJ_LIB found in environment.
2023-11-04 20:40:03,552 - rasterio._env - DEBUG - Started GDALEnv: self=<rasterio._env.GDALEnv object at 0x7f28244b0640>.
2023-11-04 20:40:03,552 - rasterio.env - DEBUG - Entered env context: <rasterio.env.Env object at 0x7f286e1df350>
2023-11-04 20:40:03,552 - rasterio.env - DEBUG - Got a copy of environment <rasterio._env.GDALEnv object at 0x7f28244b0640> options
2023-11-04 20:40:03,552 - rasterio.env - DEBUG - Entering env context: <rasterio.env.Env object at 0x7f2824292360>
2023-11-04 20:40:03,552 - rasterio.env - DEBUG - Got a copy of environment <rasterio._env.GDALEnv object at 0x7f28244b0640> options
2023-11-04 20:40:03,553 - rasterio.env - DEBUG - Entered env context: <rasterio.env.Env object at 0x7f2824292360>
2023-11-04 20:40:03,553 - rasterio._base - DEBUG - Sharing flag: 0
2023-11-04 20:40:03,554 - rasterio._base - DEBUG - Nodata success: 1, Nodata value: nan
2023-11-04 20:40:03,554 - rasterio._base - DEBUG - Dataset <open DatasetReader name='https://radar.bmkg.go.id/raster/radarsatelit_202311042020.tif' mode='r'> is started.
2023-11-04 20:40:03,554 - rasterio.env - DEBUG - Exiting env context: <rasterio.env.Env object at 0x7f2824292360>
2023-11-04 20:40:03,554 - rasterio.env - DEBUG - Cleared existing <rasterio._env.GDALEnv object at 0x7f28244b0640> options
2023-11-04 20:40:03,554 - rasterio._env - DEBUG - Stopped GDALEnv <rasterio._env.GDALEnv object at 0x7f28244b0640>.
2023-11-04 20:40:03,554 - rasterio.env - DEBUG - No GDAL environment exists
2023-11-04 20:40:03,554 - rasterio.env - DEBUG - New GDAL environment <rasterio._env.GDALEnv object at 0x7f28244b0640> created
2023-11-04 20:40:03,555 - rasterio._env - DEBUG - GDAL data found in package: path='/home/swx/miniconda3/envs/present_weather/lib/python3.12/site-packages/rasterio/gdal_data'.
2023-11-04 20:40:03,555 - rasterio._env - DEBUG - PROJ_LIB found in environment.
2023-11-04 20:40:03,555 - rasterio._env - DEBUG - Started GDALEnv: self=<rasterio._env.GDALEnv object at 0x7f28244b0640>.
2023-11-04 20:40:03,555 - rasterio.env - DEBUG - Exited env context: <rasterio.env.Env object at 0x7f2824292360>
2023-11-04 20:40:03,584 - rasterio._io - DEBUG - Output nodata value read from file: nan
2023-11-04 20:40:03,585 - rasterio._io - DEBUG - Output nodata values: [nan]
2023-11-04 20:40:03,585 - rasterio._io - DEBUG - all_valid: False
2023-11-04 20:40:03,585 - rasterio._io - DEBUG - mask_flags: ([<MaskFlags.nodata: 8>],)
2023-11-04 20:40:03,586 - rasterio._io - DEBUG - Jump straight to _read()
2023-11-04 20:40:03,586 - rasterio._io - DEBUG - Window: Window(col_off=0, row_off=0, width=10215, height=3792)
2023-11-04 20:40:03,586 - rasterio._io - DEBUG - IO window xoff=0.0 yoff=0.0 width=10215.0 height=3792.0
2023-11-04 20:40:04,280 - rasterio.env - DEBUG - Exiting env context: <rasterio.env.Env object at 0x7f286e1df350>
2023-11-04 20:40:04,280 - rasterio.env - DEBUG - Cleared existing <rasterio._env.GDALEnv object at 0x7f28244b0640> options
2023-11-04 20:40:04,280 - rasterio._env - DEBUG - Stopped GDALEnv <rasterio._env.GDALEnv object at 0x7f28244b0640>.
2023-11-04 20:40:04,280 - rasterio.env - DEBUG - Exiting outermost env
2023-11-04 20:40:04,280 - rasterio.env - DEBUG - Exited env context: <rasterio.env.Env object at 0x7f286e1df350>
2023-11-04 20:40:04,282 - urllib3.connectionpool - DEBUG - Starting new HTTPS connection (1): radar.bmkg.go.id:8060
2023-11-04 20:40:04,360 - urllib3.connectionpool - DEBUG - https://radar.bmkg.go.id:8060 "GET /getLatestLD?typeData=1 HTTP/1.1" 200 176300
2023-11-04 20:40:04,413 - asyncio - DEBUG - Using selector: EpollSelector
2023-11-04 20:54:18,254 - root - INFO - Total elapsed time: 0:14:14.963051
