2023-11-20 04:23:03,475 - root - INFO - Initiating present weather
2023-11-20 04:23:03,480 - urllib3.connectionpool - DEBUG - Starting new HTTPS connection (1): radar.bmkg.go.id:8060
2023-11-20 04:23:15,101 - rasterio.env - DEBUG - Entering env context: <rasterio.env.Env object at 0x7fdba057aae0>
2023-11-20 04:23:15,102 - rasterio.env - DEBUG - Starting outermost env
2023-11-20 04:23:15,102 - rasterio.env - DEBUG - No GDAL environment exists
2023-11-20 04:23:15,102 - rasterio.env - DEBUG - New GDAL environment <rasterio._env.GDALEnv object at 0x7fdba06a0be0> created
2023-11-20 04:23:15,110 - rasterio._filepath - DEBUG - Installing FilePath filesystem handler plugin...
2023-11-20 04:23:15,111 - rasterio._env - DEBUG - GDAL data found in package: path='/home/swx/miniconda3/envs/present_weather/lib/python3.12/site-packages/rasterio/gdal_data'.
2023-11-20 04:23:15,111 - rasterio._env - DEBUG - PROJ_LIB found in environment.
2023-11-20 04:23:15,111 - rasterio._env - DEBUG - Started GDALEnv: self=<rasterio._env.GDALEnv object at 0x7fdba06a0be0>.
2023-11-20 04:23:15,111 - rasterio.env - DEBUG - Entered env context: <rasterio.env.Env object at 0x7fdba057aae0>
2023-11-20 04:23:15,112 - rasterio._base - DEBUG - Sharing flag: 0
2023-11-20 04:23:15,132 - rasterio._base - DEBUG - Nodata success: 0, Nodata value: 0.000000
2023-11-20 04:23:15,133 - rasterio._base - DEBUG - Dataset <open DatasetReader name='/home/swx/present_weather/src/H09_B13_Indonesia_20231120.Z0410.cor.tiff' mode='r'> is started.
2023-11-20 04:23:15,133 - rasterio.env - DEBUG - Exiting env context: <rasterio.env.Env object at 0x7fdba057aae0>
2023-11-20 04:23:15,133 - rasterio.env - DEBUG - Cleared existing <rasterio._env.GDALEnv object at 0x7fdba06a0be0> options
2023-11-20 04:23:15,133 - rasterio._env - DEBUG - Stopped GDALEnv <rasterio._env.GDALEnv object at 0x7fdba06a0be0>.
2023-11-20 04:23:15,133 - rasterio.env - DEBUG - Exiting outermost env
2023-11-20 04:23:15,134 - rasterio.env - DEBUG - Exited env context: <rasterio.env.Env object at 0x7fdba057aae0>
2023-11-20 04:23:15,134 - rasterio.env - DEBUG - Entering env context: <rasterio.env.Env object at 0x7fdba03b3e60>
2023-11-20 04:23:15,134 - rasterio.env - DEBUG - Starting outermost env
2023-11-20 04:23:15,134 - rasterio.env - DEBUG - No GDAL environment exists
2023-11-20 04:23:15,135 - rasterio.env - DEBUG - New GDAL environment <rasterio._env.GDALEnv object at 0x7fdba0461ab0> created
2023-11-20 04:23:15,135 - rasterio._env - DEBUG - GDAL data found in package: path='/home/swx/miniconda3/envs/present_weather/lib/python3.12/site-packages/rasterio/gdal_data'.
2023-11-20 04:23:15,135 - rasterio._env - DEBUG - PROJ_LIB found in environment.
2023-11-20 04:23:15,135 - rasterio._env - DEBUG - Started GDALEnv: self=<rasterio._env.GDALEnv object at 0x7fdba0461ab0>.
2023-11-20 04:23:15,136 - rasterio.env - DEBUG - Entered env context: <rasterio.env.Env object at 0x7fdba03b3e60>
2023-11-20 04:23:15,136 - rasterio._base - DEBUG - Sharing flag: 0
2023-11-20 04:23:15,137 - rasterio._base - DEBUG - Nodata success: 0, Nodata value: 0.000000
2023-11-20 04:23:15,137 - rasterio._base - DEBUG - Dataset <open DatasetReader name='/home/swx/present_weather/src/H09_B13_Indonesia_20231120.Z0410.cor.tiff' mode='r'> is started.
2023-11-20 04:23:15,137 - rasterio.env - DEBUG - Exiting env context: <rasterio.env.Env object at 0x7fdba03b3e60>
2023-11-20 04:23:15,137 - rasterio.env - DEBUG - Cleared existing <rasterio._env.GDALEnv object at 0x7fdba0461ab0> options
2023-11-20 04:23:15,137 - rasterio._env - DEBUG - Stopped GDALEnv <rasterio._env.GDALEnv object at 0x7fdba0461ab0>.
2023-11-20 04:23:15,137 - rasterio.env - DEBUG - Exiting outermost env
2023-11-20 04:23:15,137 - rasterio.env - DEBUG - Exited env context: <rasterio.env.Env object at 0x7fdba03b3e60>
2023-11-20 04:23:15,158 - asyncio - DEBUG - Using selector: EpollSelector
2023-11-20 04:23:18,500 - root - INFO - dask.bag<lambda, npartitions=34>
2023-11-20 04:24:34,565 - root - INFO - Total elapsed time: 0:01:31.090253
