2023-12-05 20:53:02,726 - root - INFO - Initiating present weather
2023-12-05 20:53:02,728 - asyncio - DEBUG - Using selector: EpollSelector
2023-12-05 20:53:04,214 - urllib3.connectionpool - DEBUG - Starting new HTTPS connection (1): radar.bmkg.go.id:8060
2023-12-05 20:53:04,227 - urllib3.connectionpool - DEBUG - https://radar.bmkg.go.id:8060 "GET /getLatestLD?typeData=1 HTTP/1.1" 200 62
2023-12-05 20:53:04,229 - urllib3.connectionpool - DEBUG - Starting new HTTPS connection (1): radar.bmkg.go.id:8060
2023-12-05 20:53:04,247 - urllib3.connectionpool - DEBUG - https://radar.bmkg.go.id:8060 "GET /getRadarGeotif?token=19387e71e78522ae4172ec0fda640983b8438c9cfa0ca571623cb69d8327&radar=amandemenForecast&type=latest HTTP/1.1" 200 90
2023-12-05 20:53:04,248 - rasterio.env - DEBUG - Entering env context: <rasterio.env.Env object at 0x7f33b4e6fb20>
2023-12-05 20:53:04,248 - rasterio.env - DEBUG - Starting outermost env
2023-12-05 20:53:04,248 - rasterio.env - DEBUG - No GDAL environment exists
2023-12-05 20:53:04,248 - rasterio.env - DEBUG - New GDAL environment <rasterio._env.GDALEnv object at 0x7f33b4e6f760> created
2023-12-05 20:53:04,251 - rasterio._filepath - DEBUG - Installing FilePath filesystem handler plugin...
2023-12-05 20:53:04,251 - rasterio._env - DEBUG - GDAL data found in package: path='/home/metpublic/PYTHON_VENV/present_weather/lib/python3.10/site-packages/rasterio/gdal_data'.
2023-12-05 20:53:04,252 - rasterio._env - DEBUG - PROJ data found in package: path='/home/metpublic/PYTHON_VENV/present_weather/lib/python3.10/site-packages/rasterio/proj_data'.
2023-12-05 20:53:04,252 - rasterio._env - DEBUG - Started GDALEnv: self=<rasterio._env.GDALEnv object at 0x7f33b4e6f760>.
2023-12-05 20:53:04,252 - rasterio.env - DEBUG - Entered env context: <rasterio.env.Env object at 0x7f33b4e6fb20>
2023-12-05 20:53:04,252 - rasterio._base - DEBUG - Sharing flag: 0
2023-12-05 20:53:04,509 - rasterio._base - DEBUG - Nodata success: 1, Nodata value: nan
2023-12-05 20:53:04,509 - rasterio._base - DEBUG - Dataset <open DatasetReader name='https://radar.bmkg.go.id/raster/radarsatelit_202312052050.tif' mode='r'> is started.
2023-12-05 20:53:04,510 - rasterio.env - DEBUG - Exiting env context: <rasterio.env.Env object at 0x7f33b4e6fb20>
2023-12-05 20:53:04,510 - rasterio.env - DEBUG - Cleared existing <rasterio._env.GDALEnv object at 0x7f33b4e6f760> options
2023-12-05 20:53:04,510 - rasterio._env - DEBUG - Stopped GDALEnv <rasterio._env.GDALEnv object at 0x7f33b4e6f760>.
2023-12-05 20:53:04,510 - rasterio.env - DEBUG - Exiting outermost env
2023-12-05 20:53:04,510 - rasterio.env - DEBUG - Exited env context: <rasterio.env.Env object at 0x7f33b4e6fb20>
2023-12-05 20:53:04,510 - rasterio.env - DEBUG - Entering env context: <rasterio.env.Env object at 0x7f33b4e30730>
2023-12-05 20:53:04,510 - rasterio.env - DEBUG - Starting outermost env
2023-12-05 20:53:04,510 - rasterio.env - DEBUG - No GDAL environment exists
2023-12-05 20:53:04,510 - rasterio.env - DEBUG - New GDAL environment <rasterio._env.GDALEnv object at 0x7f33b4e6f760> created
2023-12-05 20:53:04,511 - rasterio._env - DEBUG - GDAL data found in package: path='/home/metpublic/PYTHON_VENV/present_weather/lib/python3.10/site-packages/rasterio/gdal_data'.
2023-12-05 20:53:04,511 - rasterio._env - DEBUG - PROJ data found in package: path='/home/metpublic/PYTHON_VENV/present_weather/lib/python3.10/site-packages/rasterio/proj_data'.
2023-12-05 20:53:04,511 - rasterio._env - DEBUG - Started GDALEnv: self=<rasterio._env.GDALEnv object at 0x7f33b4e6f760>.
2023-12-05 20:53:04,511 - rasterio.env - DEBUG - Entered env context: <rasterio.env.Env object at 0x7f33b4e30730>
2023-12-05 20:53:04,512 - rasterio.env - DEBUG - Got a copy of environment <rasterio._env.GDALEnv object at 0x7f33b4e6f760> options
2023-12-05 20:53:04,512 - rasterio.env - DEBUG - Entering env context: <rasterio.env.Env object at 0x7f33b453e260>
2023-12-05 20:53:04,512 - rasterio.env - DEBUG - Got a copy of environment <rasterio._env.GDALEnv object at 0x7f33b4e6f760> options
2023-12-05 20:53:04,512 - rasterio.env - DEBUG - Entered env context: <rasterio.env.Env object at 0x7f33b453e260>
2023-12-05 20:53:04,512 - rasterio._base - DEBUG - Sharing flag: 0
2023-12-05 20:53:04,513 - rasterio._base - DEBUG - Nodata success: 1, Nodata value: nan
2023-12-05 20:53:04,513 - rasterio._base - DEBUG - Dataset <open DatasetReader name='https://radar.bmkg.go.id/raster/radarsatelit_202312052050.tif' mode='r'> is started.
2023-12-05 20:53:04,513 - rasterio.env - DEBUG - Exiting env context: <rasterio.env.Env object at 0x7f33b453e260>
2023-12-05 20:53:04,513 - rasterio.env - DEBUG - Cleared existing <rasterio._env.GDALEnv object at 0x7f33b4e6f760> options
2023-12-05 20:53:04,513 - rasterio._env - DEBUG - Stopped GDALEnv <rasterio._env.GDALEnv object at 0x7f33b4e6f760>.
2023-12-05 20:53:04,513 - rasterio.env - DEBUG - No GDAL environment exists
2023-12-05 20:53:04,513 - rasterio.env - DEBUG - New GDAL environment <rasterio._env.GDALEnv object at 0x7f33b4e6f760> created
2023-12-05 20:53:04,514 - rasterio._env - DEBUG - GDAL data found in package: path='/home/metpublic/PYTHON_VENV/present_weather/lib/python3.10/site-packages/rasterio/gdal_data'.
2023-12-05 20:53:04,514 - rasterio._env - DEBUG - PROJ data found in package: path='/home/metpublic/PYTHON_VENV/present_weather/lib/python3.10/site-packages/rasterio/proj_data'.
2023-12-05 20:53:04,514 - rasterio._env - DEBUG - Started GDALEnv: self=<rasterio._env.GDALEnv object at 0x7f33b4e6f760>.
2023-12-05 20:53:04,514 - rasterio.env - DEBUG - Exited env context: <rasterio.env.Env object at 0x7f33b453e260>
2023-12-05 20:53:04,529 - rasterio._io - DEBUG - Output nodata value read from file: nan
2023-12-05 20:53:04,529 - rasterio._io - DEBUG - Output nodata values: [nan]
2023-12-05 20:53:04,529 - rasterio._io - DEBUG - all_valid: False
2023-12-05 20:53:04,529 - rasterio._io - DEBUG - mask_flags: ([<MaskFlags.nodata: 8>],)
2023-12-05 20:53:04,530 - rasterio._io - DEBUG - Jump straight to _read()
2023-12-05 20:53:04,530 - rasterio._io - DEBUG - Window: Window(col_off=0, row_off=0, width=10177, height=3732)
2023-12-05 20:53:04,530 - rasterio._io - DEBUG - IO window xoff=0.0 yoff=0.0 width=10177.0 height=3732.0
2023-12-05 20:53:05,064 - rasterio.env - DEBUG - Exiting env context: <rasterio.env.Env object at 0x7f33b4e30730>
2023-12-05 20:53:05,065 - rasterio.env - DEBUG - Cleared existing <rasterio._env.GDALEnv object at 0x7f33b4e6f760> options
2023-12-05 20:53:05,065 - rasterio._env - DEBUG - Stopped GDALEnv <rasterio._env.GDALEnv object at 0x7f33b4e6f760>.
2023-12-05 20:53:05,065 - rasterio.env - DEBUG - Exiting outermost env
2023-12-05 20:53:05,065 - rasterio.env - DEBUG - Exited env context: <rasterio.env.Env object at 0x7f33b4e30730>
2023-12-05 20:57:16,002 - rasterio.env - DEBUG - Entering env context: <rasterio.env.Env object at 0x7f33b433e320>
2023-12-05 20:57:16,003 - rasterio.env - DEBUG - Starting outermost env
2023-12-05 20:57:16,003 - rasterio.env - DEBUG - No GDAL environment exists
2023-12-05 20:57:16,003 - rasterio.env - DEBUG - New GDAL environment <rasterio._env.GDALEnv object at 0x7f33b433f6a0> created
2023-12-05 20:57:16,004 - rasterio._env - DEBUG - GDAL data found in package: path='/home/metpublic/PYTHON_VENV/present_weather/lib/python3.10/site-packages/rasterio/gdal_data'.
2023-12-05 20:57:16,004 - rasterio._env - DEBUG - PROJ data found in package: path='/home/metpublic/PYTHON_VENV/present_weather/lib/python3.10/site-packages/rasterio/proj_data'.
2023-12-05 20:57:16,004 - rasterio._env - DEBUG - Started GDALEnv: self=<rasterio._env.GDALEnv object at 0x7f33b433f6a0>.
2023-12-05 20:57:16,005 - rasterio.env - DEBUG - Entered env context: <rasterio.env.Env object at 0x7f33b433e320>
2023-12-05 20:57:16,005 - rasterio._base - DEBUG - Sharing flag: 0
2023-12-05 20:57:16,008 - rasterio._base - DEBUG - Nodata success: 0, Nodata value: 0.000000
2023-12-05 20:57:16,009 - rasterio._base - DEBUG - Dataset <open DatasetReader name='/home/metpublic/TASK_RELEASE/EFAN/present_weather/src/H09_B13_Indonesia_20231205.Z2040.cor.tiff' mode='r'> is started.
2023-12-05 20:57:16,009 - rasterio.env - DEBUG - Exiting env context: <rasterio.env.Env object at 0x7f33b433e320>
2023-12-05 20:57:16,009 - rasterio.env - DEBUG - Cleared existing <rasterio._env.GDALEnv object at 0x7f33b433f6a0> options
2023-12-05 20:57:16,009 - rasterio._env - DEBUG - Stopped GDALEnv <rasterio._env.GDALEnv object at 0x7f33b433f6a0>.
2023-12-05 20:57:16,009 - rasterio.env - DEBUG - Exiting outermost env
2023-12-05 20:57:16,010 - rasterio.env - DEBUG - Exited env context: <rasterio.env.Env object at 0x7f33b433e320>
2023-12-05 20:57:16,010 - rasterio.env - DEBUG - Entering env context: <rasterio.env.Env object at 0x7f33b433ddb0>
2023-12-05 20:57:16,010 - rasterio.env - DEBUG - Starting outermost env
2023-12-05 20:57:16,010 - rasterio.env - DEBUG - No GDAL environment exists
2023-12-05 20:57:16,011 - rasterio.env - DEBUG - New GDAL environment <rasterio._env.GDALEnv object at 0x7f33b433c520> created
2023-12-05 20:57:16,011 - rasterio._env - DEBUG - GDAL data found in package: path='/home/metpublic/PYTHON_VENV/present_weather/lib/python3.10/site-packages/rasterio/gdal_data'.
2023-12-05 20:57:16,011 - rasterio._env - DEBUG - PROJ data found in package: path='/home/metpublic/PYTHON_VENV/present_weather/lib/python3.10/site-packages/rasterio/proj_data'.
2023-12-05 20:57:16,012 - rasterio._env - DEBUG - Started GDALEnv: self=<rasterio._env.GDALEnv object at 0x7f33b433c520>.
2023-12-05 20:57:16,012 - rasterio.env - DEBUG - Entered env context: <rasterio.env.Env object at 0x7f33b433ddb0>
2023-12-05 20:57:16,012 - rasterio._base - DEBUG - Sharing flag: 0
2023-12-05 20:57:16,013 - rasterio._base - DEBUG - Nodata success: 0, Nodata value: 0.000000
2023-12-05 20:57:16,014 - rasterio._base - DEBUG - Dataset <open DatasetReader name='/home/metpublic/TASK_RELEASE/EFAN/present_weather/src/H09_B13_Indonesia_20231205.Z2040.cor.tiff' mode='r'> is started.
2023-12-05 20:57:16,014 - rasterio.env - DEBUG - Exiting env context: <rasterio.env.Env object at 0x7f33b433ddb0>
2023-12-05 20:57:16,014 - rasterio.env - DEBUG - Cleared existing <rasterio._env.GDALEnv object at 0x7f33b433c520> options
2023-12-05 20:57:16,014 - rasterio._env - DEBUG - Stopped GDALEnv <rasterio._env.GDALEnv object at 0x7f33b433c520>.
2023-12-05 20:57:16,014 - rasterio.env - DEBUG - Exiting outermost env
2023-12-05 20:57:16,014 - rasterio.env - DEBUG - Exited env context: <rasterio.env.Env object at 0x7f33b433ddb0>
2023-12-05 20:57:16,029 - root - INFO - Generating present weather using SATELITE data
2023-12-05 20:59:27,356 - root - INFO - Total elapsed time: 0:06:24.630080
