2023-11-26 06:23:03,871 - root - INFO - Initiating present weather
2023-11-26 06:23:03,875 - asyncio - DEBUG - Using selector: EpollSelector
2023-11-26 06:23:07,210 - urllib3.connectionpool - DEBUG - Starting new HTTPS connection (1): radar.bmkg.go.id:8060
2023-11-26 06:23:07,286 - urllib3.connectionpool - DEBUG - https://radar.bmkg.go.id:8060 "GET /getRadarGeotif?token=19387e71e78522ae4172ec0fda640983b8438c9cfa0ca571623cb69d8327&radar=amandemenForecast&type=latest HTTP/1.1" 200 90
2023-11-26 06:23:07,288 - rasterio.env - DEBUG - Entering env context: <rasterio.env.Env object at 0x7f6aa1f8daf0>
2023-11-26 06:23:07,289 - rasterio.env - DEBUG - Starting outermost env
2023-11-26 06:23:07,289 - rasterio.env - DEBUG - No GDAL environment exists
2023-11-26 06:23:07,290 - rasterio.env - DEBUG - New GDAL environment <rasterio._env.GDALEnv object at 0x7f6aa2272f80> created
2023-11-26 06:23:07,294 - rasterio._filepath - DEBUG - Installing FilePath filesystem handler plugin...
2023-11-26 06:23:07,294 - rasterio._env - DEBUG - GDAL data found in package: path='/home/swx/miniconda3/envs/present_weather/lib/python3.12/site-packages/rasterio/gdal_data'.
2023-11-26 06:23:07,294 - rasterio._env - DEBUG - PROJ_LIB found in environment.
2023-11-26 06:23:07,294 - rasterio._env - DEBUG - Started GDALEnv: self=<rasterio._env.GDALEnv object at 0x7f6aa2272f80>.
2023-11-26 06:23:07,295 - rasterio.env - DEBUG - Entered env context: <rasterio.env.Env object at 0x7f6aa1f8daf0>
2023-11-26 06:23:07,295 - rasterio._base - DEBUG - Sharing flag: 0
2023-11-26 06:23:07,506 - rasterio._base - DEBUG - Nodata success: 1, Nodata value: nan
2023-11-26 06:23:07,506 - rasterio._base - DEBUG - Dataset <open DatasetReader name='https://radar.bmkg.go.id/raster/radarsatelit_202311260620.tif' mode='r'> is started.
2023-11-26 06:23:07,507 - rasterio.env - DEBUG - Exiting env context: <rasterio.env.Env object at 0x7f6aa1f8daf0>
2023-11-26 06:23:07,507 - rasterio.env - DEBUG - Cleared existing <rasterio._env.GDALEnv object at 0x7f6aa2272f80> options
2023-11-26 06:23:07,507 - rasterio._env - DEBUG - Stopped GDALEnv <rasterio._env.GDALEnv object at 0x7f6aa2272f80>.
2023-11-26 06:23:07,507 - rasterio.env - DEBUG - Exiting outermost env
2023-11-26 06:23:07,507 - rasterio.env - DEBUG - Exited env context: <rasterio.env.Env object at 0x7f6aa1f8daf0>
2023-11-26 06:23:07,507 - rasterio.env - DEBUG - Entering env context: <rasterio.env.Env object at 0x7f6aa1f8fc50>
2023-11-26 06:23:07,507 - rasterio.env - DEBUG - Starting outermost env
2023-11-26 06:23:07,507 - rasterio.env - DEBUG - No GDAL environment exists
2023-11-26 06:23:07,508 - rasterio.env - DEBUG - New GDAL environment <rasterio._env.GDALEnv object at 0x7f6aa2272f80> created
2023-11-26 06:23:07,508 - rasterio._env - DEBUG - GDAL data found in package: path='/home/swx/miniconda3/envs/present_weather/lib/python3.12/site-packages/rasterio/gdal_data'.
2023-11-26 06:23:07,508 - rasterio._env - DEBUG - PROJ_LIB found in environment.
2023-11-26 06:23:07,509 - rasterio._env - DEBUG - Started GDALEnv: self=<rasterio._env.GDALEnv object at 0x7f6aa2272f80>.
2023-11-26 06:23:07,509 - rasterio.env - DEBUG - Entered env context: <rasterio.env.Env object at 0x7f6aa1f8fc50>
2023-11-26 06:23:07,509 - rasterio.env - DEBUG - Got a copy of environment <rasterio._env.GDALEnv object at 0x7f6aa2272f80> options
2023-11-26 06:23:07,509 - rasterio.env - DEBUG - Entering env context: <rasterio.env.Env object at 0x7f6aa034de50>
2023-11-26 06:23:07,510 - rasterio.env - DEBUG - Got a copy of environment <rasterio._env.GDALEnv object at 0x7f6aa2272f80> options
2023-11-26 06:23:07,510 - rasterio.env - DEBUG - Entered env context: <rasterio.env.Env object at 0x7f6aa034de50>
2023-11-26 06:23:07,510 - rasterio._base - DEBUG - Sharing flag: 0
2023-11-26 06:23:07,511 - rasterio._base - DEBUG - Nodata success: 1, Nodata value: nan
2023-11-26 06:23:07,511 - rasterio._base - DEBUG - Dataset <open DatasetReader name='https://radar.bmkg.go.id/raster/radarsatelit_202311260620.tif' mode='r'> is started.
2023-11-26 06:23:07,511 - rasterio.env - DEBUG - Exiting env context: <rasterio.env.Env object at 0x7f6aa034de50>
2023-11-26 06:23:07,512 - rasterio.env - DEBUG - Cleared existing <rasterio._env.GDALEnv object at 0x7f6aa2272f80> options
2023-11-26 06:23:07,512 - rasterio._env - DEBUG - Stopped GDALEnv <rasterio._env.GDALEnv object at 0x7f6aa2272f80>.
2023-11-26 06:23:07,512 - rasterio.env - DEBUG - No GDAL environment exists
2023-11-26 06:23:07,512 - rasterio.env - DEBUG - New GDAL environment <rasterio._env.GDALEnv object at 0x7f6aa2272f80> created
2023-11-26 06:23:07,513 - rasterio._env - DEBUG - GDAL data found in package: path='/home/swx/miniconda3/envs/present_weather/lib/python3.12/site-packages/rasterio/gdal_data'.
2023-11-26 06:23:07,513 - rasterio._env - DEBUG - PROJ_LIB found in environment.
2023-11-26 06:23:07,513 - rasterio._env - DEBUG - Started GDALEnv: self=<rasterio._env.GDALEnv object at 0x7f6aa2272f80>.
2023-11-26 06:23:07,513 - rasterio.env - DEBUG - Exited env context: <rasterio.env.Env object at 0x7f6aa034de50>
2023-11-26 06:23:07,543 - rasterio._io - DEBUG - Output nodata value read from file: nan
2023-11-26 06:23:07,543 - rasterio._io - DEBUG - Output nodata values: [nan]
2023-11-26 06:23:07,543 - rasterio._io - DEBUG - all_valid: False
2023-11-26 06:23:07,543 - rasterio._io - DEBUG - mask_flags: ([<MaskFlags.nodata: 8>],)
2023-11-26 06:23:07,544 - rasterio._io - DEBUG - Jump straight to _read()
2023-11-26 06:23:07,544 - rasterio._io - DEBUG - Window: Window(col_off=0, row_off=0, width=10215, height=3792)
2023-11-26 06:23:07,544 - rasterio._io - DEBUG - IO window xoff=0.0 yoff=0.0 width=10215.0 height=3792.0
2023-11-26 06:23:08,424 - rasterio.env - DEBUG - Exiting env context: <rasterio.env.Env object at 0x7f6aa1f8fc50>
2023-11-26 06:23:08,424 - rasterio.env - DEBUG - Cleared existing <rasterio._env.GDALEnv object at 0x7f6aa2272f80> options
2023-11-26 06:23:08,424 - rasterio._env - DEBUG - Stopped GDALEnv <rasterio._env.GDALEnv object at 0x7f6aa2272f80>.
2023-11-26 06:23:08,425 - rasterio.env - DEBUG - Exiting outermost env
2023-11-26 06:23:08,425 - rasterio.env - DEBUG - Exited env context: <rasterio.env.Env object at 0x7f6aa1f8fc50>
2023-11-26 06:23:08,427 - urllib3.connectionpool - DEBUG - Starting new HTTPS connection (1): radar.bmkg.go.id:8060
2023-11-26 06:23:08,474 - urllib3.connectionpool - DEBUG - https://radar.bmkg.go.id:8060 "GET /getLatestLD?typeData=1 HTTP/1.1" 200 4615
2023-11-26 06:23:08,482 - root - INFO - Generating present weather using RADAR data
2023-11-26 06:23:11,842 - root - INFO - dask.bag<lambda, npartitions=20>
2023-11-26 06:34:28,904 - root - INFO - Total elapsed time: 0:11:25.033610
