2023-12-27 22:23:02,571 - root - INFO - Initiating present weather
2023-12-27 22:23:02,573 - asyncio - DEBUG - Using selector: EpollSelector
2023-12-27 22:23:04,344 - urllib3.connectionpool - DEBUG - Starting new HTTPS connection (1): radar.bmkg.go.id:8060
2023-12-27 22:23:04,361 - urllib3.connectionpool - DEBUG - https://radar.bmkg.go.id:8060 "GET /getLatestLD?typeData=1 HTTP/1.1" 200 62
2023-12-27 22:23:04,363 - urllib3.connectionpool - DEBUG - Starting new HTTPS connection (1): radar.bmkg.go.id:8060
2023-12-27 22:23:04,380 - urllib3.connectionpool - DEBUG - https://radar.bmkg.go.id:8060 "GET /getRadarGeotif?token=19387e71e78522ae4172ec0fda640983b8438c9cfa0ca571623cb69d8327&radar=amandemenForecast&type=latest HTTP/1.1" 200 90
2023-12-27 22:23:04,381 - rasterio.env - DEBUG - Entering env context: <rasterio.env.Env object at 0x7f2ac65df2e0>
2023-12-27 22:23:04,382 - rasterio.env - DEBUG - Starting outermost env
2023-12-27 22:23:04,382 - rasterio.env - DEBUG - No GDAL environment exists
2023-12-27 22:23:04,382 - rasterio.env - DEBUG - New GDAL environment <rasterio._env.GDALEnv object at 0x7f2ac65dd510> created
2023-12-27 22:23:04,384 - rasterio._filepath - DEBUG - Installing FilePath filesystem handler plugin...
2023-12-27 22:23:04,385 - rasterio._env - DEBUG - GDAL data found in package: path='/home/metpublic/PYTHON_VENV/present_weather/lib/python3.10/site-packages/rasterio/gdal_data'.
2023-12-27 22:23:04,385 - rasterio._env - DEBUG - PROJ data found in package: path='/home/metpublic/PYTHON_VENV/present_weather/lib/python3.10/site-packages/rasterio/proj_data'.
2023-12-27 22:23:04,385 - rasterio._env - DEBUG - Started GDALEnv: self=<rasterio._env.GDALEnv object at 0x7f2ac65dd510>.
2023-12-27 22:23:04,385 - rasterio.env - DEBUG - Entered env context: <rasterio.env.Env object at 0x7f2ac65df2e0>
2023-12-27 22:23:04,385 - rasterio._base - DEBUG - Sharing flag: 0
2023-12-27 22:23:04,760 - rasterio._base - DEBUG - Nodata success: 1, Nodata value: nan
2023-12-27 22:23:04,760 - rasterio._base - DEBUG - Dataset <open DatasetReader name='https://radar.bmkg.go.id/raster/radarsatelit_202312272110.tif' mode='r'> is started.
2023-12-27 22:23:04,761 - rasterio.env - DEBUG - Exiting env context: <rasterio.env.Env object at 0x7f2ac65df2e0>
2023-12-27 22:23:04,761 - rasterio.env - DEBUG - Cleared existing <rasterio._env.GDALEnv object at 0x7f2ac65dd510> options
2023-12-27 22:23:04,761 - rasterio._env - DEBUG - Stopped GDALEnv <rasterio._env.GDALEnv object at 0x7f2ac65dd510>.
2023-12-27 22:23:04,761 - rasterio.env - DEBUG - Exiting outermost env
2023-12-27 22:23:04,761 - rasterio.env - DEBUG - Exited env context: <rasterio.env.Env object at 0x7f2ac65df2e0>
2023-12-27 22:23:04,761 - rasterio.env - DEBUG - Entering env context: <rasterio.env.Env object at 0x7f2ac6595810>
2023-12-27 22:23:04,761 - rasterio.env - DEBUG - Starting outermost env
2023-12-27 22:23:04,761 - rasterio.env - DEBUG - No GDAL environment exists
2023-12-27 22:23:04,761 - rasterio.env - DEBUG - New GDAL environment <rasterio._env.GDALEnv object at 0x7f2ac65dd510> created
2023-12-27 22:23:04,762 - rasterio._env - DEBUG - GDAL data found in package: path='/home/metpublic/PYTHON_VENV/present_weather/lib/python3.10/site-packages/rasterio/gdal_data'.
2023-12-27 22:23:04,762 - rasterio._env - DEBUG - PROJ data found in package: path='/home/metpublic/PYTHON_VENV/present_weather/lib/python3.10/site-packages/rasterio/proj_data'.
2023-12-27 22:23:04,762 - rasterio._env - DEBUG - Started GDALEnv: self=<rasterio._env.GDALEnv object at 0x7f2ac65dd510>.
2023-12-27 22:23:04,762 - rasterio.env - DEBUG - Entered env context: <rasterio.env.Env object at 0x7f2ac6595810>
2023-12-27 22:23:04,762 - rasterio.env - DEBUG - Got a copy of environment <rasterio._env.GDALEnv object at 0x7f2ac65dd510> options
2023-12-27 22:23:04,763 - rasterio.env - DEBUG - Entering env context: <rasterio.env.Env object at 0x7f2ac4497790>
2023-12-27 22:23:04,763 - rasterio.env - DEBUG - Got a copy of environment <rasterio._env.GDALEnv object at 0x7f2ac65dd510> options
2023-12-27 22:23:04,763 - rasterio.env - DEBUG - Entered env context: <rasterio.env.Env object at 0x7f2ac4497790>
2023-12-27 22:23:04,763 - rasterio._base - DEBUG - Sharing flag: 0
2023-12-27 22:23:04,764 - rasterio._base - DEBUG - Nodata success: 1, Nodata value: nan
2023-12-27 22:23:04,764 - rasterio._base - DEBUG - Dataset <open DatasetReader name='https://radar.bmkg.go.id/raster/radarsatelit_202312272110.tif' mode='r'> is started.
2023-12-27 22:23:04,764 - rasterio.env - DEBUG - Exiting env context: <rasterio.env.Env object at 0x7f2ac4497790>
2023-12-27 22:23:04,764 - rasterio.env - DEBUG - Cleared existing <rasterio._env.GDALEnv object at 0x7f2ac65dd510> options
2023-12-27 22:23:04,764 - rasterio._env - DEBUG - Stopped GDALEnv <rasterio._env.GDALEnv object at 0x7f2ac65dd510>.
2023-12-27 22:23:04,764 - rasterio.env - DEBUG - No GDAL environment exists
2023-12-27 22:23:04,764 - rasterio.env - DEBUG - New GDAL environment <rasterio._env.GDALEnv object at 0x7f2ac65dd510> created
2023-12-27 22:23:04,765 - rasterio._env - DEBUG - GDAL data found in package: path='/home/metpublic/PYTHON_VENV/present_weather/lib/python3.10/site-packages/rasterio/gdal_data'.
2023-12-27 22:23:04,765 - rasterio._env - DEBUG - PROJ data found in package: path='/home/metpublic/PYTHON_VENV/present_weather/lib/python3.10/site-packages/rasterio/proj_data'.
2023-12-27 22:23:04,765 - rasterio._env - DEBUG - Started GDALEnv: self=<rasterio._env.GDALEnv object at 0x7f2ac65dd510>.
2023-12-27 22:23:04,765 - rasterio.env - DEBUG - Exited env context: <rasterio.env.Env object at 0x7f2ac4497790>
2023-12-27 22:23:04,781 - rasterio._io - DEBUG - Output nodata value read from file: nan
2023-12-27 22:23:04,781 - rasterio._io - DEBUG - Output nodata values: [nan]
2023-12-27 22:23:04,781 - rasterio._io - DEBUG - all_valid: False
2023-12-27 22:23:04,782 - rasterio._io - DEBUG - mask_flags: ([<MaskFlags.nodata: 8>],)
2023-12-27 22:23:04,782 - rasterio._io - DEBUG - Jump straight to _read()
2023-12-27 22:23:04,782 - rasterio._io - DEBUG - Window: Window(col_off=0, row_off=0, width=10215, height=3792)
2023-12-27 22:23:04,782 - rasterio._io - DEBUG - IO window xoff=0.0 yoff=0.0 width=10215.0 height=3792.0
2023-12-27 22:23:05,326 - rasterio.env - DEBUG - Exiting env context: <rasterio.env.Env object at 0x7f2ac6595810>
2023-12-27 22:23:05,326 - rasterio.env - DEBUG - Cleared existing <rasterio._env.GDALEnv object at 0x7f2ac65dd510> options
2023-12-27 22:23:05,326 - rasterio._env - DEBUG - Stopped GDALEnv <rasterio._env.GDALEnv object at 0x7f2ac65dd510>.
2023-12-27 22:23:05,326 - rasterio.env - DEBUG - Exiting outermost env
2023-12-27 22:23:05,326 - rasterio.env - DEBUG - Exited env context: <rasterio.env.Env object at 0x7f2ac6595810>
2023-12-27 22:23:05,328 - urllib3.connectionpool - DEBUG - Starting new HTTPS connection (1): radar.bmkg.go.id:8060
2023-12-27 22:23:05,438 - urllib3.connectionpool - DEBUG - https://radar.bmkg.go.id:8060 "GET /getRadarGeotif?token=19387e71e78522ae4172ec0fda640983b8438c9cfa0ca571623cb69d8327&radar=amandemenForecastRadarMosaic&type=latest HTTP/1.1" 200 84
2023-12-27 22:23:05,439 - rasterio.env - DEBUG - Entering env context: <rasterio.env.Env object at 0x7f2ac6608a30>
2023-12-27 22:23:05,440 - rasterio.env - DEBUG - Starting outermost env
2023-12-27 22:23:05,440 - rasterio.env - DEBUG - No GDAL environment exists
2023-12-27 22:23:05,440 - rasterio.env - DEBUG - New GDAL environment <rasterio._env.GDALEnv object at 0x7f2ac65dd510> created
2023-12-27 22:23:05,440 - rasterio._env - DEBUG - GDAL data found in package: path='/home/metpublic/PYTHON_VENV/present_weather/lib/python3.10/site-packages/rasterio/gdal_data'.
2023-12-27 22:23:05,440 - rasterio._env - DEBUG - PROJ data found in package: path='/home/metpublic/PYTHON_VENV/present_weather/lib/python3.10/site-packages/rasterio/proj_data'.
2023-12-27 22:23:05,440 - rasterio._env - DEBUG - Started GDALEnv: self=<rasterio._env.GDALEnv object at 0x7f2ac65dd510>.
2023-12-27 22:23:05,440 - rasterio.env - DEBUG - Entered env context: <rasterio.env.Env object at 0x7f2ac6608a30>
2023-12-27 22:23:05,441 - rasterio._base - DEBUG - Sharing flag: 0
2023-12-27 22:23:05,445 - rasterio._base - DEBUG - Nodata success: 1, Nodata value: nan
2023-12-27 22:23:05,445 - rasterio._base - DEBUG - Dataset <open DatasetReader name='https://radar.bmkg.go.id/raster/mosaic_202312272220.tif' mode='r'> is started.
2023-12-27 22:23:05,445 - rasterio.env - DEBUG - Exiting env context: <rasterio.env.Env object at 0x7f2ac6608a30>
2023-12-27 22:23:05,445 - rasterio.env - DEBUG - Cleared existing <rasterio._env.GDALEnv object at 0x7f2ac65dd510> options
2023-12-27 22:23:05,445 - rasterio._env - DEBUG - Stopped GDALEnv <rasterio._env.GDALEnv object at 0x7f2ac65dd510>.
2023-12-27 22:23:05,445 - rasterio.env - DEBUG - Exiting outermost env
2023-12-27 22:23:05,445 - rasterio.env - DEBUG - Exited env context: <rasterio.env.Env object at 0x7f2ac6608a30>
2023-12-27 22:23:05,445 - rasterio.env - DEBUG - Entering env context: <rasterio.env.Env object at 0x7f2ac6f1ba30>
2023-12-27 22:23:05,445 - rasterio.env - DEBUG - Starting outermost env
2023-12-27 22:23:05,445 - rasterio.env - DEBUG - No GDAL environment exists
2023-12-27 22:23:05,446 - rasterio.env - DEBUG - New GDAL environment <rasterio._env.GDALEnv object at 0x7f2ac65dd510> created
2023-12-27 22:23:05,446 - rasterio._env - DEBUG - GDAL data found in package: path='/home/metpublic/PYTHON_VENV/present_weather/lib/python3.10/site-packages/rasterio/gdal_data'.
2023-12-27 22:23:05,446 - rasterio._env - DEBUG - PROJ data found in package: path='/home/metpublic/PYTHON_VENV/present_weather/lib/python3.10/site-packages/rasterio/proj_data'.
2023-12-27 22:23:05,446 - rasterio._env - DEBUG - Started GDALEnv: self=<rasterio._env.GDALEnv object at 0x7f2ac65dd510>.
2023-12-27 22:23:05,446 - rasterio.env - DEBUG - Entered env context: <rasterio.env.Env object at 0x7f2ac6f1ba30>
2023-12-27 22:23:05,446 - rasterio.env - DEBUG - Got a copy of environment <rasterio._env.GDALEnv object at 0x7f2ac65dd510> options
2023-12-27 22:23:05,447 - rasterio.env - DEBUG - Entering env context: <rasterio.env.Env object at 0x7f2ac4496620>
2023-12-27 22:23:05,447 - rasterio.env - DEBUG - Got a copy of environment <rasterio._env.GDALEnv object at 0x7f2ac65dd510> options
2023-12-27 22:23:05,447 - rasterio.env - DEBUG - Entered env context: <rasterio.env.Env object at 0x7f2ac4496620>
2023-12-27 22:23:05,447 - rasterio._base - DEBUG - Sharing flag: 0
2023-12-27 22:23:05,447 - rasterio._base - DEBUG - Nodata success: 1, Nodata value: nan
2023-12-27 22:23:05,447 - rasterio._base - DEBUG - Dataset <open DatasetReader name='https://radar.bmkg.go.id/raster/mosaic_202312272220.tif' mode='r'> is started.
2023-12-27 22:23:05,447 - rasterio.env - DEBUG - Exiting env context: <rasterio.env.Env object at 0x7f2ac4496620>
2023-12-27 22:23:05,448 - rasterio.env - DEBUG - Cleared existing <rasterio._env.GDALEnv object at 0x7f2ac65dd510> options
2023-12-27 22:23:05,448 - rasterio._env - DEBUG - Stopped GDALEnv <rasterio._env.GDALEnv object at 0x7f2ac65dd510>.
2023-12-27 22:23:05,448 - rasterio.env - DEBUG - No GDAL environment exists
2023-12-27 22:23:05,448 - rasterio.env - DEBUG - New GDAL environment <rasterio._env.GDALEnv object at 0x7f2ac65dd510> created
2023-12-27 22:23:05,448 - rasterio._env - DEBUG - GDAL data found in package: path='/home/metpublic/PYTHON_VENV/present_weather/lib/python3.10/site-packages/rasterio/gdal_data'.
2023-12-27 22:23:05,448 - rasterio._env - DEBUG - PROJ data found in package: path='/home/metpublic/PYTHON_VENV/present_weather/lib/python3.10/site-packages/rasterio/proj_data'.
2023-12-27 22:23:05,448 - rasterio._env - DEBUG - Started GDALEnv: self=<rasterio._env.GDALEnv object at 0x7f2ac65dd510>.
2023-12-27 22:23:05,448 - rasterio.env - DEBUG - Exited env context: <rasterio.env.Env object at 0x7f2ac4496620>
2023-12-27 22:23:05,456 - rasterio._io - DEBUG - Output nodata value read from file: nan
2023-12-27 22:23:05,457 - rasterio._io - DEBUG - Output nodata values: [nan]
2023-12-27 22:23:05,457 - rasterio._io - DEBUG - all_valid: False
2023-12-27 22:23:05,457 - rasterio._io - DEBUG - mask_flags: ([<MaskFlags.nodata: 8>],)
2023-12-27 22:23:05,457 - rasterio._io - DEBUG - Jump straight to _read()
2023-12-27 22:23:05,457 - rasterio._io - DEBUG - Window: Window(col_off=0, row_off=0, width=10215, height=3792)
2023-12-27 22:23:05,457 - rasterio._io - DEBUG - IO window xoff=0.0 yoff=0.0 width=10215.0 height=3792.0
2023-12-27 22:23:10,061 - rasterio.env - DEBUG - Exiting env context: <rasterio.env.Env object at 0x7f2ac6f1ba30>
2023-12-27 22:23:10,061 - rasterio.env - DEBUG - Cleared existing <rasterio._env.GDALEnv object at 0x7f2ac65dd510> options
2023-12-27 22:23:10,061 - rasterio._env - DEBUG - Stopped GDALEnv <rasterio._env.GDALEnv object at 0x7f2ac65dd510>.
2023-12-27 22:23:10,061 - rasterio.env - DEBUG - Exiting outermost env
2023-12-27 22:23:10,061 - rasterio.env - DEBUG - Exited env context: <rasterio.env.Env object at 0x7f2ac6f1ba30>
2023-12-27 22:30:05,968 - root - INFO - Total elapsed time: 0:07:03.397285
