2023-11-05 22:20:04,020 - root - INFO - Initiating present weather
2023-11-05 22:20:04,023 - urllib3.connectionpool - DEBUG - Starting new HTTPS connection (1): radar.bmkg.go.id:8060
2023-11-05 22:20:04,109 - urllib3.connectionpool - DEBUG - https://radar.bmkg.go.id:8060 "GET /getRadarGeotif?token=19387e71e78522ae4172ec0fda640983b8438c9cfa0ca571623cb69d8327&radar=amandemenForecast&type=latest HTTP/1.1" 200 90
2023-11-05 22:20:04,114 - rasterio.env - DEBUG - Entering env context: <rasterio.env.Env object at 0x7f8c00f27920>
2023-11-05 22:20:04,118 - rasterio.env - DEBUG - Starting outermost env
2023-11-05 22:20:04,118 - rasterio.env - DEBUG - No GDAL environment exists
2023-11-05 22:20:04,118 - rasterio.env - DEBUG - New GDAL environment <rasterio._env.GDALEnv object at 0x7f8c010b12a0> created
2023-11-05 22:20:04,123 - rasterio._filepath - DEBUG - Installing FilePath filesystem handler plugin...
2023-11-05 22:20:04,123 - rasterio._env - DEBUG - GDAL data found in package: path='/home/swx/miniconda3/envs/present_weather/lib/python3.12/site-packages/rasterio/gdal_data'.
2023-11-05 22:20:04,123 - rasterio._env - DEBUG - PROJ_LIB found in environment.
2023-11-05 22:20:04,123 - rasterio._env - DEBUG - Started GDALEnv: self=<rasterio._env.GDALEnv object at 0x7f8c010b12a0>.
2023-11-05 22:20:04,123 - rasterio.env - DEBUG - Entered env context: <rasterio.env.Env object at 0x7f8c00f27920>
2023-11-05 22:20:04,124 - rasterio._base - DEBUG - Sharing flag: 0
2023-11-05 22:20:04,292 - rasterio._base - DEBUG - Nodata success: 1, Nodata value: nan
2023-11-05 22:20:04,292 - rasterio._base - DEBUG - Dataset <open DatasetReader name='https://radar.bmkg.go.id/raster/radarsatelit_202311052200.tif' mode='r'> is started.
2023-11-05 22:20:04,293 - rasterio.env - DEBUG - Exiting env context: <rasterio.env.Env object at 0x7f8c00f27920>
2023-11-05 22:20:04,293 - rasterio.env - DEBUG - Cleared existing <rasterio._env.GDALEnv object at 0x7f8c010b12a0> options
2023-11-05 22:20:04,293 - rasterio._env - DEBUG - Stopped GDALEnv <rasterio._env.GDALEnv object at 0x7f8c010b12a0>.
2023-11-05 22:20:04,293 - rasterio.env - DEBUG - Exiting outermost env
2023-11-05 22:20:04,294 - rasterio.env - DEBUG - Exited env context: <rasterio.env.Env object at 0x7f8c00f27920>
2023-11-05 22:20:04,294 - rasterio.env - DEBUG - Entering env context: <rasterio.env.Env object at 0x7f8c11c62600>
2023-11-05 22:20:04,294 - rasterio.env - DEBUG - Starting outermost env
2023-11-05 22:20:04,294 - rasterio.env - DEBUG - No GDAL environment exists
2023-11-05 22:20:04,294 - rasterio.env - DEBUG - New GDAL environment <rasterio._env.GDALEnv object at 0x7f8c010b12a0> created
2023-11-05 22:20:04,295 - rasterio._env - DEBUG - GDAL data found in package: path='/home/swx/miniconda3/envs/present_weather/lib/python3.12/site-packages/rasterio/gdal_data'.
2023-11-05 22:20:04,295 - rasterio._env - DEBUG - PROJ_LIB found in environment.
2023-11-05 22:20:04,295 - rasterio._env - DEBUG - Started GDALEnv: self=<rasterio._env.GDALEnv object at 0x7f8c010b12a0>.
2023-11-05 22:20:04,295 - rasterio.env - DEBUG - Entered env context: <rasterio.env.Env object at 0x7f8c11c62600>
2023-11-05 22:20:04,296 - rasterio.env - DEBUG - Got a copy of environment <rasterio._env.GDALEnv object at 0x7f8c010b12a0> options
2023-11-05 22:20:04,296 - rasterio.env - DEBUG - Entering env context: <rasterio.env.Env object at 0x7f8c0143fec0>
2023-11-05 22:20:04,296 - rasterio.env - DEBUG - Got a copy of environment <rasterio._env.GDALEnv object at 0x7f8c010b12a0> options
2023-11-05 22:20:04,296 - rasterio.env - DEBUG - Entered env context: <rasterio.env.Env object at 0x7f8c0143fec0>
2023-11-05 22:20:04,296 - rasterio._base - DEBUG - Sharing flag: 0
2023-11-05 22:20:04,297 - rasterio._base - DEBUG - Nodata success: 1, Nodata value: nan
2023-11-05 22:20:04,297 - rasterio._base - DEBUG - Dataset <open DatasetReader name='https://radar.bmkg.go.id/raster/radarsatelit_202311052200.tif' mode='r'> is started.
2023-11-05 22:20:04,298 - rasterio.env - DEBUG - Exiting env context: <rasterio.env.Env object at 0x7f8c0143fec0>
2023-11-05 22:20:04,298 - rasterio.env - DEBUG - Cleared existing <rasterio._env.GDALEnv object at 0x7f8c010b12a0> options
2023-11-05 22:20:04,298 - rasterio._env - DEBUG - Stopped GDALEnv <rasterio._env.GDALEnv object at 0x7f8c010b12a0>.
2023-11-05 22:20:04,298 - rasterio.env - DEBUG - No GDAL environment exists
2023-11-05 22:20:04,298 - rasterio.env - DEBUG - New GDAL environment <rasterio._env.GDALEnv object at 0x7f8c010b12a0> created
2023-11-05 22:20:04,298 - rasterio._env - DEBUG - GDAL data found in package: path='/home/swx/miniconda3/envs/present_weather/lib/python3.12/site-packages/rasterio/gdal_data'.
2023-11-05 22:20:04,299 - rasterio._env - DEBUG - PROJ_LIB found in environment.
2023-11-05 22:20:04,299 - rasterio._env - DEBUG - Started GDALEnv: self=<rasterio._env.GDALEnv object at 0x7f8c010b12a0>.
2023-11-05 22:20:04,299 - rasterio.env - DEBUG - Exited env context: <rasterio.env.Env object at 0x7f8c0143fec0>
2023-11-05 22:20:04,331 - rasterio._io - DEBUG - Output nodata value read from file: nan
2023-11-05 22:20:04,332 - rasterio._io - DEBUG - Output nodata values: [nan]
2023-11-05 22:20:04,332 - rasterio._io - DEBUG - all_valid: False
2023-11-05 22:20:04,332 - rasterio._io - DEBUG - mask_flags: ([<MaskFlags.nodata: 8>],)
2023-11-05 22:20:04,332 - rasterio._io - DEBUG - Jump straight to _read()
2023-11-05 22:20:04,333 - rasterio._io - DEBUG - Window: Window(col_off=0, row_off=0, width=10215, height=3792)
2023-11-05 22:20:04,333 - rasterio._io - DEBUG - IO window xoff=0.0 yoff=0.0 width=10215.0 height=3792.0
2023-11-05 22:20:05,170 - rasterio.env - DEBUG - Exiting env context: <rasterio.env.Env object at 0x7f8c11c62600>
2023-11-05 22:20:05,170 - rasterio.env - DEBUG - Cleared existing <rasterio._env.GDALEnv object at 0x7f8c010b12a0> options
2023-11-05 22:20:05,171 - rasterio._env - DEBUG - Stopped GDALEnv <rasterio._env.GDALEnv object at 0x7f8c010b12a0>.
2023-11-05 22:20:05,171 - rasterio.env - DEBUG - Exiting outermost env
2023-11-05 22:20:05,171 - rasterio.env - DEBUG - Exited env context: <rasterio.env.Env object at 0x7f8c11c62600>
2023-11-05 22:20:05,173 - urllib3.connectionpool - DEBUG - Starting new HTTPS connection (1): radar.bmkg.go.id:8060
2023-11-05 22:20:05,299 - urllib3.connectionpool - DEBUG - https://radar.bmkg.go.id:8060 "GET /getLatestLD?typeData=1 HTTP/1.1" 200 169528
2023-11-05 22:20:05,390 - asyncio - DEBUG - Using selector: EpollSelector
2023-11-05 22:36:04,022 - root - INFO - Total elapsed time: 0:16:00.001966
