2023-11-19 13:00:03,703 - root - INFO - Initiating present weather
2023-11-19 13:00:03,707 - urllib3.connectionpool - DEBUG - Starting new HTTPS connection (1): radar.bmkg.go.id:8060
2023-11-19 13:00:03,785 - urllib3.connectionpool - DEBUG - https://radar.bmkg.go.id:8060 "GET /getRadarGeotif?token=19387e71e78522ae4172ec0fda640983b8438c9cfa0ca571623cb69d8327&radar=amandemenForecast&type=latest HTTP/1.1" 200 90
2023-11-19 13:00:03,788 - rasterio.env - DEBUG - Entering env context: <rasterio.env.Env object at 0x7fe1061dc0e0>
2023-11-19 13:00:03,790 - rasterio.env - DEBUG - Starting outermost env
2023-11-19 13:00:03,790 - rasterio.env - DEBUG - No GDAL environment exists
2023-11-19 13:00:03,790 - rasterio.env - DEBUG - New GDAL environment <rasterio._env.GDALEnv object at 0x7fe09b18e980> created
2023-11-19 13:00:03,795 - rasterio._filepath - DEBUG - Installing FilePath filesystem handler plugin...
2023-11-19 13:00:03,795 - rasterio._env - DEBUG - GDAL data found in package: path='/home/swx/miniconda3/envs/present_weather/lib/python3.12/site-packages/rasterio/gdal_data'.
2023-11-19 13:00:03,795 - rasterio._env - DEBUG - PROJ_LIB found in environment.
2023-11-19 13:00:03,796 - rasterio._env - DEBUG - Started GDALEnv: self=<rasterio._env.GDALEnv object at 0x7fe09b18e980>.
2023-11-19 13:00:03,796 - rasterio.env - DEBUG - Entered env context: <rasterio.env.Env object at 0x7fe1061dc0e0>
2023-11-19 13:00:03,796 - rasterio._base - DEBUG - Sharing flag: 0
2023-11-19 13:00:03,995 - rasterio._base - DEBUG - Nodata success: 1, Nodata value: nan
2023-11-19 13:00:03,996 - rasterio._base - DEBUG - Dataset <open DatasetReader name='https://radar.bmkg.go.id/raster/radarsatelit_202311191250.tif' mode='r'> is started.
2023-11-19 13:00:03,996 - rasterio.env - DEBUG - Exiting env context: <rasterio.env.Env object at 0x7fe1061dc0e0>
2023-11-19 13:00:03,996 - rasterio.env - DEBUG - Cleared existing <rasterio._env.GDALEnv object at 0x7fe09b18e980> options
2023-11-19 13:00:03,996 - rasterio._env - DEBUG - Stopped GDALEnv <rasterio._env.GDALEnv object at 0x7fe09b18e980>.
2023-11-19 13:00:03,996 - rasterio.env - DEBUG - Exiting outermost env
2023-11-19 13:00:03,997 - rasterio.env - DEBUG - Exited env context: <rasterio.env.Env object at 0x7fe1061dc0e0>
2023-11-19 13:00:03,997 - rasterio.env - DEBUG - Entering env context: <rasterio.env.Env object at 0x7fe0dc540980>
2023-11-19 13:00:03,997 - rasterio.env - DEBUG - Starting outermost env
2023-11-19 13:00:03,997 - rasterio.env - DEBUG - No GDAL environment exists
2023-11-19 13:00:03,997 - rasterio.env - DEBUG - New GDAL environment <rasterio._env.GDALEnv object at 0x7fe09b18e980> created
2023-11-19 13:00:03,998 - rasterio._env - DEBUG - GDAL data found in package: path='/home/swx/miniconda3/envs/present_weather/lib/python3.12/site-packages/rasterio/gdal_data'.
2023-11-19 13:00:03,998 - rasterio._env - DEBUG - PROJ_LIB found in environment.
2023-11-19 13:00:03,998 - rasterio._env - DEBUG - Started GDALEnv: self=<rasterio._env.GDALEnv object at 0x7fe09b18e980>.
2023-11-19 13:00:03,998 - rasterio.env - DEBUG - Entered env context: <rasterio.env.Env object at 0x7fe0dc540980>
2023-11-19 13:00:03,999 - rasterio.env - DEBUG - Got a copy of environment <rasterio._env.GDALEnv object at 0x7fe09b18e980> options
2023-11-19 13:00:03,999 - rasterio.env - DEBUG - Entering env context: <rasterio.env.Env object at 0x7fe0dc87a7b0>
2023-11-19 13:00:03,999 - rasterio.env - DEBUG - Got a copy of environment <rasterio._env.GDALEnv object at 0x7fe09b18e980> options
2023-11-19 13:00:03,999 - rasterio.env - DEBUG - Entered env context: <rasterio.env.Env object at 0x7fe0dc87a7b0>
2023-11-19 13:00:03,999 - rasterio._base - DEBUG - Sharing flag: 0
2023-11-19 13:00:04,000 - rasterio._base - DEBUG - Nodata success: 1, Nodata value: nan
2023-11-19 13:00:04,000 - rasterio._base - DEBUG - Dataset <open DatasetReader name='https://radar.bmkg.go.id/raster/radarsatelit_202311191250.tif' mode='r'> is started.
2023-11-19 13:00:04,001 - rasterio.env - DEBUG - Exiting env context: <rasterio.env.Env object at 0x7fe0dc87a7b0>
2023-11-19 13:00:04,001 - rasterio.env - DEBUG - Cleared existing <rasterio._env.GDALEnv object at 0x7fe09b18e980> options
2023-11-19 13:00:04,001 - rasterio._env - DEBUG - Stopped GDALEnv <rasterio._env.GDALEnv object at 0x7fe09b18e980>.
2023-11-19 13:00:04,001 - rasterio.env - DEBUG - No GDAL environment exists
2023-11-19 13:00:04,001 - rasterio.env - DEBUG - New GDAL environment <rasterio._env.GDALEnv object at 0x7fe09b18e980> created
2023-11-19 13:00:04,002 - rasterio._env - DEBUG - GDAL data found in package: path='/home/swx/miniconda3/envs/present_weather/lib/python3.12/site-packages/rasterio/gdal_data'.
2023-11-19 13:00:04,002 - rasterio._env - DEBUG - PROJ_LIB found in environment.
2023-11-19 13:00:04,002 - rasterio._env - DEBUG - Started GDALEnv: self=<rasterio._env.GDALEnv object at 0x7fe09b18e980>.
2023-11-19 13:00:04,002 - rasterio.env - DEBUG - Exited env context: <rasterio.env.Env object at 0x7fe0dc87a7b0>
2023-11-19 13:00:04,032 - rasterio._io - DEBUG - Output nodata value read from file: nan
2023-11-19 13:00:04,032 - rasterio._io - DEBUG - Output nodata values: [nan]
2023-11-19 13:00:04,033 - rasterio._io - DEBUG - all_valid: False
2023-11-19 13:00:04,033 - rasterio._io - DEBUG - mask_flags: ([<MaskFlags.nodata: 8>],)
2023-11-19 13:00:04,033 - rasterio._io - DEBUG - Jump straight to _read()
2023-11-19 13:00:04,033 - rasterio._io - DEBUG - Window: Window(col_off=0, row_off=0, width=10215, height=3792)
2023-11-19 13:00:04,033 - rasterio._io - DEBUG - IO window xoff=0.0 yoff=0.0 width=10215.0 height=3792.0
2023-11-19 13:00:04,706 - rasterio.env - DEBUG - Exiting env context: <rasterio.env.Env object at 0x7fe0dc540980>
2023-11-19 13:00:04,707 - rasterio.env - DEBUG - Cleared existing <rasterio._env.GDALEnv object at 0x7fe09b18e980> options
2023-11-19 13:00:04,707 - rasterio._env - DEBUG - Stopped GDALEnv <rasterio._env.GDALEnv object at 0x7fe09b18e980>.
2023-11-19 13:00:04,707 - rasterio.env - DEBUG - Exiting outermost env
2023-11-19 13:00:04,707 - rasterio.env - DEBUG - Exited env context: <rasterio.env.Env object at 0x7fe0dc540980>
2023-11-19 13:00:04,709 - urllib3.connectionpool - DEBUG - Starting new HTTPS connection (1): radar.bmkg.go.id:8060
2023-11-19 13:00:04,764 - urllib3.connectionpool - DEBUG - https://radar.bmkg.go.id:8060 "GET /getLatestLD?typeData=1 HTTP/1.1" 200 34438
2023-11-19 13:00:04,788 - asyncio - DEBUG - Using selector: EpollSelector
2023-11-19 13:00:11,621 - root - INFO - dask.bag<lambda, npartitions=34>
2023-11-19 13:16:44,680 - root - INFO - Total elapsed time: 0:16:40.978160
