2023-11-23 22:03:03,182 - root - INFO - Initiating present weather
2023-11-23 22:03:03,186 - asyncio - DEBUG - Using selector: EpollSelector
2023-11-23 22:03:06,388 - urllib3.connectionpool - DEBUG - Starting new HTTPS connection (1): radar.bmkg.go.id:8060
2023-11-23 22:03:11,463 - urllib3.connectionpool - DEBUG - https://radar.bmkg.go.id:8060 "GET /getRadarGeotif?token=19387e71e78522ae4172ec0fda640983b8438c9cfa0ca571623cb69d8327&radar=amandemenForecast&type=latest HTTP/1.1" 200 90
2023-11-23 22:03:11,465 - rasterio.env - DEBUG - Entering env context: <rasterio.env.Env object at 0x7f8733823aa0>
2023-11-23 22:03:11,466 - rasterio.env - DEBUG - Starting outermost env
2023-11-23 22:03:11,467 - rasterio.env - DEBUG - No GDAL environment exists
2023-11-23 22:03:11,467 - rasterio.env - DEBUG - New GDAL environment <rasterio._env.GDALEnv object at 0x7f8733823af0> created
2023-11-23 22:03:11,471 - rasterio._filepath - DEBUG - Installing FilePath filesystem handler plugin...
2023-11-23 22:03:11,471 - rasterio._env - DEBUG - GDAL data found in package: path='/home/swx/miniconda3/envs/present_weather/lib/python3.12/site-packages/rasterio/gdal_data'.
2023-11-23 22:03:11,471 - rasterio._env - DEBUG - PROJ_LIB found in environment.
2023-11-23 22:03:11,472 - rasterio._env - DEBUG - Started GDALEnv: self=<rasterio._env.GDALEnv object at 0x7f8733823af0>.
2023-11-23 22:03:11,472 - rasterio.env - DEBUG - Entered env context: <rasterio.env.Env object at 0x7f8733823aa0>
2023-11-23 22:03:11,472 - rasterio._base - DEBUG - Sharing flag: 0
2023-11-23 22:03:11,676 - rasterio._base - DEBUG - Nodata success: 1, Nodata value: nan
2023-11-23 22:03:11,677 - rasterio._base - DEBUG - Dataset <open DatasetReader name='https://radar.bmkg.go.id/raster/radarsatelit_202311232200.tif' mode='r'> is started.
2023-11-23 22:03:11,677 - rasterio.env - DEBUG - Exiting env context: <rasterio.env.Env object at 0x7f8733823aa0>
2023-11-23 22:03:11,678 - rasterio.env - DEBUG - Cleared existing <rasterio._env.GDALEnv object at 0x7f8733823af0> options
2023-11-23 22:03:11,678 - rasterio._env - DEBUG - Stopped GDALEnv <rasterio._env.GDALEnv object at 0x7f8733823af0>.
2023-11-23 22:03:11,678 - rasterio.env - DEBUG - Exiting outermost env
2023-11-23 22:03:11,678 - rasterio.env - DEBUG - Exited env context: <rasterio.env.Env object at 0x7f8733823aa0>
2023-11-23 22:03:11,678 - rasterio.env - DEBUG - Entering env context: <rasterio.env.Env object at 0x7f87329f7290>
2023-11-23 22:03:11,679 - rasterio.env - DEBUG - Starting outermost env
2023-11-23 22:03:11,679 - rasterio.env - DEBUG - No GDAL environment exists
2023-11-23 22:03:11,679 - rasterio.env - DEBUG - New GDAL environment <rasterio._env.GDALEnv object at 0x7f8732b92680> created
2023-11-23 22:03:11,680 - rasterio._env - DEBUG - GDAL data found in package: path='/home/swx/miniconda3/envs/present_weather/lib/python3.12/site-packages/rasterio/gdal_data'.
2023-11-23 22:03:11,680 - rasterio._env - DEBUG - PROJ_LIB found in environment.
2023-11-23 22:03:11,680 - rasterio._env - DEBUG - Started GDALEnv: self=<rasterio._env.GDALEnv object at 0x7f8732b92680>.
2023-11-23 22:03:11,680 - rasterio.env - DEBUG - Entered env context: <rasterio.env.Env object at 0x7f87329f7290>
2023-11-23 22:03:11,681 - rasterio.env - DEBUG - Got a copy of environment <rasterio._env.GDALEnv object at 0x7f8732b92680> options
2023-11-23 22:03:11,681 - rasterio.env - DEBUG - Entering env context: <rasterio.env.Env object at 0x7f87321455b0>
2023-11-23 22:03:11,681 - rasterio.env - DEBUG - Got a copy of environment <rasterio._env.GDALEnv object at 0x7f8732b92680> options
2023-11-23 22:03:11,681 - rasterio.env - DEBUG - Entered env context: <rasterio.env.Env object at 0x7f87321455b0>
2023-11-23 22:03:11,681 - rasterio._base - DEBUG - Sharing flag: 0
2023-11-23 22:03:11,683 - rasterio._base - DEBUG - Nodata success: 1, Nodata value: nan
2023-11-23 22:03:11,683 - rasterio._base - DEBUG - Dataset <open DatasetReader name='https://radar.bmkg.go.id/raster/radarsatelit_202311232200.tif' mode='r'> is started.
2023-11-23 22:03:11,683 - rasterio.env - DEBUG - Exiting env context: <rasterio.env.Env object at 0x7f87321455b0>
2023-11-23 22:03:11,683 - rasterio.env - DEBUG - Cleared existing <rasterio._env.GDALEnv object at 0x7f8732b92680> options
2023-11-23 22:03:11,683 - rasterio._env - DEBUG - Stopped GDALEnv <rasterio._env.GDALEnv object at 0x7f8732b92680>.
2023-11-23 22:03:11,683 - rasterio.env - DEBUG - No GDAL environment exists
2023-11-23 22:03:11,683 - rasterio.env - DEBUG - New GDAL environment <rasterio._env.GDALEnv object at 0x7f8732b92680> created
2023-11-23 22:03:11,684 - rasterio._env - DEBUG - GDAL data found in package: path='/home/swx/miniconda3/envs/present_weather/lib/python3.12/site-packages/rasterio/gdal_data'.
2023-11-23 22:03:11,684 - rasterio._env - DEBUG - PROJ_LIB found in environment.
2023-11-23 22:03:11,684 - rasterio._env - DEBUG - Started GDALEnv: self=<rasterio._env.GDALEnv object at 0x7f8732b92680>.
2023-11-23 22:03:11,684 - rasterio.env - DEBUG - Exited env context: <rasterio.env.Env object at 0x7f87321455b0>
2023-11-23 22:03:11,715 - rasterio._io - DEBUG - Output nodata value read from file: nan
2023-11-23 22:03:11,715 - rasterio._io - DEBUG - Output nodata values: [nan]
2023-11-23 22:03:11,716 - rasterio._io - DEBUG - all_valid: False
2023-11-23 22:03:11,716 - rasterio._io - DEBUG - mask_flags: ([<MaskFlags.nodata: 8>],)
2023-11-23 22:03:11,716 - rasterio._io - DEBUG - Jump straight to _read()
2023-11-23 22:03:11,716 - rasterio._io - DEBUG - Window: Window(col_off=0, row_off=0, width=10215, height=3792)
2023-11-23 22:03:11,717 - rasterio._io - DEBUG - IO window xoff=0.0 yoff=0.0 width=10215.0 height=3792.0
2023-11-23 22:03:12,453 - rasterio.env - DEBUG - Exiting env context: <rasterio.env.Env object at 0x7f87329f7290>
2023-11-23 22:03:12,453 - rasterio.env - DEBUG - Cleared existing <rasterio._env.GDALEnv object at 0x7f8732b92680> options
2023-11-23 22:03:12,453 - rasterio._env - DEBUG - Stopped GDALEnv <rasterio._env.GDALEnv object at 0x7f8732b92680>.
2023-11-23 22:03:12,454 - rasterio.env - DEBUG - Exiting outermost env
2023-11-23 22:03:12,454 - rasterio.env - DEBUG - Exited env context: <rasterio.env.Env object at 0x7f87329f7290>
2023-11-23 22:03:12,456 - urllib3.connectionpool - DEBUG - Starting new HTTPS connection (1): radar.bmkg.go.id:8060
2023-11-23 22:03:12,503 - urllib3.connectionpool - DEBUG - https://radar.bmkg.go.id:8060 "GET /getLatestLD?typeData=1 HTTP/1.1" 200 28191
2023-11-23 22:03:15,876 - root - INFO - dask.bag<lambda, npartitions=20>
2023-11-23 22:06:12,727 - root - INFO - Total elapsed time: 0:03:09.545792
