2023-11-20 10:03:03,825 - root - INFO - Initiating present weather
2023-11-20 10:03:03,830 - urllib3.connectionpool - DEBUG - Starting new HTTPS connection (1): radar.bmkg.go.id:8060
2023-11-20 10:03:03,908 - urllib3.connectionpool - DEBUG - https://radar.bmkg.go.id:8060 "GET /getRadarGeotif?token=19387e71e78522ae4172ec0fda640983b8438c9cfa0ca571623cb69d8327&radar=amandemenForecast&type=latest HTTP/1.1" 200 90
2023-11-20 10:03:03,911 - rasterio.env - DEBUG - Entering env context: <rasterio.env.Env object at 0x7fc388cc1970>
2023-11-20 10:03:03,912 - rasterio.env - DEBUG - Starting outermost env
2023-11-20 10:03:03,912 - rasterio.env - DEBUG - No GDAL environment exists
2023-11-20 10:03:03,912 - rasterio.env - DEBUG - New GDAL environment <rasterio._env.GDALEnv object at 0x7fc2fbb61e70> created
2023-11-20 10:03:03,917 - rasterio._filepath - DEBUG - Installing FilePath filesystem handler plugin...
2023-11-20 10:03:03,917 - rasterio._env - DEBUG - GDAL data found in package: path='/home/swx/miniconda3/envs/present_weather/lib/python3.12/site-packages/rasterio/gdal_data'.
2023-11-20 10:03:03,917 - rasterio._env - DEBUG - PROJ_LIB found in environment.
2023-11-20 10:03:03,917 - rasterio._env - DEBUG - Started GDALEnv: self=<rasterio._env.GDALEnv object at 0x7fc2fbb61e70>.
2023-11-20 10:03:03,917 - rasterio.env - DEBUG - Entered env context: <rasterio.env.Env object at 0x7fc388cc1970>
2023-11-20 10:03:03,918 - rasterio._base - DEBUG - Sharing flag: 0
2023-11-20 10:03:04,107 - rasterio._base - DEBUG - Nodata success: 1, Nodata value: nan
2023-11-20 10:03:04,107 - rasterio._base - DEBUG - Dataset <open DatasetReader name='https://radar.bmkg.go.id/raster/radarsatelit_202311201000.tif' mode='r'> is started.
2023-11-20 10:03:04,108 - rasterio.env - DEBUG - Exiting env context: <rasterio.env.Env object at 0x7fc388cc1970>
2023-11-20 10:03:04,108 - rasterio.env - DEBUG - Cleared existing <rasterio._env.GDALEnv object at 0x7fc2fbb61e70> options
2023-11-20 10:03:04,108 - rasterio._env - DEBUG - Stopped GDALEnv <rasterio._env.GDALEnv object at 0x7fc2fbb61e70>.
2023-11-20 10:03:04,108 - rasterio.env - DEBUG - Exiting outermost env
2023-11-20 10:03:04,108 - rasterio.env - DEBUG - Exited env context: <rasterio.env.Env object at 0x7fc388cc1970>
2023-11-20 10:03:04,108 - rasterio.env - DEBUG - Entering env context: <rasterio.env.Env object at 0x7fc2fbb3ed80>
2023-11-20 10:03:04,108 - rasterio.env - DEBUG - Starting outermost env
2023-11-20 10:03:04,108 - rasterio.env - DEBUG - No GDAL environment exists
2023-11-20 10:03:04,108 - rasterio.env - DEBUG - New GDAL environment <rasterio._env.GDALEnv object at 0x7fc2fbb61e70> created
2023-11-20 10:03:04,109 - rasterio._env - DEBUG - GDAL data found in package: path='/home/swx/miniconda3/envs/present_weather/lib/python3.12/site-packages/rasterio/gdal_data'.
2023-11-20 10:03:04,109 - rasterio._env - DEBUG - PROJ_LIB found in environment.
2023-11-20 10:03:04,109 - rasterio._env - DEBUG - Started GDALEnv: self=<rasterio._env.GDALEnv object at 0x7fc2fbb61e70>.
2023-11-20 10:03:04,109 - rasterio.env - DEBUG - Entered env context: <rasterio.env.Env object at 0x7fc2fbb3ed80>
2023-11-20 10:03:04,110 - rasterio.env - DEBUG - Got a copy of environment <rasterio._env.GDALEnv object at 0x7fc2fbb61e70> options
2023-11-20 10:03:04,110 - rasterio.env - DEBUG - Entering env context: <rasterio.env.Env object at 0x7fc2fb8fe570>
2023-11-20 10:03:04,110 - rasterio.env - DEBUG - Got a copy of environment <rasterio._env.GDALEnv object at 0x7fc2fbb61e70> options
2023-11-20 10:03:04,110 - rasterio.env - DEBUG - Entered env context: <rasterio.env.Env object at 0x7fc2fb8fe570>
2023-11-20 10:03:04,110 - rasterio._base - DEBUG - Sharing flag: 0
2023-11-20 10:03:04,111 - rasterio._base - DEBUG - Nodata success: 1, Nodata value: nan
2023-11-20 10:03:04,111 - rasterio._base - DEBUG - Dataset <open DatasetReader name='https://radar.bmkg.go.id/raster/radarsatelit_202311201000.tif' mode='r'> is started.
2023-11-20 10:03:04,111 - rasterio.env - DEBUG - Exiting env context: <rasterio.env.Env object at 0x7fc2fb8fe570>
2023-11-20 10:03:04,111 - rasterio.env - DEBUG - Cleared existing <rasterio._env.GDALEnv object at 0x7fc2fbb61e70> options
2023-11-20 10:03:04,111 - rasterio._env - DEBUG - Stopped GDALEnv <rasterio._env.GDALEnv object at 0x7fc2fbb61e70>.
2023-11-20 10:03:04,111 - rasterio.env - DEBUG - No GDAL environment exists
2023-11-20 10:03:04,111 - rasterio.env - DEBUG - New GDAL environment <rasterio._env.GDALEnv object at 0x7fc2fbb61e70> created
2023-11-20 10:03:04,112 - rasterio._env - DEBUG - GDAL data found in package: path='/home/swx/miniconda3/envs/present_weather/lib/python3.12/site-packages/rasterio/gdal_data'.
2023-11-20 10:03:04,112 - rasterio._env - DEBUG - PROJ_LIB found in environment.
2023-11-20 10:03:04,112 - rasterio._env - DEBUG - Started GDALEnv: self=<rasterio._env.GDALEnv object at 0x7fc2fbb61e70>.
2023-11-20 10:03:04,112 - rasterio.env - DEBUG - Exited env context: <rasterio.env.Env object at 0x7fc2fb8fe570>
2023-11-20 10:03:04,134 - rasterio._io - DEBUG - Output nodata value read from file: nan
2023-11-20 10:03:04,135 - rasterio._io - DEBUG - Output nodata values: [nan]
2023-11-20 10:03:04,135 - rasterio._io - DEBUG - all_valid: False
2023-11-20 10:03:04,135 - rasterio._io - DEBUG - mask_flags: ([<MaskFlags.nodata: 8>],)
2023-11-20 10:03:04,135 - rasterio._io - DEBUG - Jump straight to _read()
2023-11-20 10:03:04,135 - rasterio._io - DEBUG - Window: Window(col_off=0, row_off=0, width=10215, height=3792)
2023-11-20 10:03:04,136 - rasterio._io - DEBUG - IO window xoff=0.0 yoff=0.0 width=10215.0 height=3792.0
2023-11-20 10:03:04,842 - rasterio.env - DEBUG - Exiting env context: <rasterio.env.Env object at 0x7fc2fbb3ed80>
2023-11-20 10:03:04,842 - rasterio.env - DEBUG - Cleared existing <rasterio._env.GDALEnv object at 0x7fc2fbb61e70> options
2023-11-20 10:03:04,842 - rasterio._env - DEBUG - Stopped GDALEnv <rasterio._env.GDALEnv object at 0x7fc2fbb61e70>.
2023-11-20 10:03:04,843 - rasterio.env - DEBUG - Exiting outermost env
2023-11-20 10:03:04,843 - rasterio.env - DEBUG - Exited env context: <rasterio.env.Env object at 0x7fc2fbb3ed80>
2023-11-20 10:03:04,845 - urllib3.connectionpool - DEBUG - Starting new HTTPS connection (1): radar.bmkg.go.id:8060
2023-11-20 10:03:04,922 - urllib3.connectionpool - DEBUG - https://radar.bmkg.go.id:8060 "GET /getLatestLD?typeData=1 HTTP/1.1" 200 67208
2023-11-20 10:03:04,952 - asyncio - DEBUG - Using selector: EpollSelector
2023-11-20 10:03:11,660 - root - INFO - dask.bag<lambda, npartitions=34>
2023-11-20 10:19:16,297 - root - INFO - Total elapsed time: 0:16:12.472344
