2023-11-26 17:03:03,298 - root - INFO - Initiating present weather
2023-11-26 17:03:03,302 - asyncio - DEBUG - Using selector: EpollSelector
2023-11-26 17:03:06,581 - urllib3.connectionpool - DEBUG - Starting new HTTPS connection (1): radar.bmkg.go.id:8060
2023-11-26 17:03:06,650 - urllib3.connectionpool - DEBUG - https://radar.bmkg.go.id:8060 "GET /getRadarGeotif?token=19387e71e78522ae4172ec0fda640983b8438c9cfa0ca571623cb69d8327&radar=amandemenForecast&type=latest HTTP/1.1" 200 90
2023-11-26 17:03:06,653 - rasterio.env - DEBUG - Entering env context: <rasterio.env.Env object at 0x7f21262b05f0>
2023-11-26 17:03:06,654 - rasterio.env - DEBUG - Starting outermost env
2023-11-26 17:03:06,654 - rasterio.env - DEBUG - No GDAL environment exists
2023-11-26 17:03:06,654 - rasterio.env - DEBUG - New GDAL environment <rasterio._env.GDALEnv object at 0x7f2126f29db0> created
2023-11-26 17:03:06,659 - rasterio._filepath - DEBUG - Installing FilePath filesystem handler plugin...
2023-11-26 17:03:06,659 - rasterio._env - DEBUG - GDAL data found in package: path='/home/swx/miniconda3/envs/present_weather/lib/python3.12/site-packages/rasterio/gdal_data'.
2023-11-26 17:03:06,659 - rasterio._env - DEBUG - PROJ_LIB found in environment.
2023-11-26 17:03:06,659 - rasterio._env - DEBUG - Started GDALEnv: self=<rasterio._env.GDALEnv object at 0x7f2126f29db0>.
2023-11-26 17:03:06,659 - rasterio.env - DEBUG - Entered env context: <rasterio.env.Env object at 0x7f21262b05f0>
2023-11-26 17:03:06,660 - rasterio._base - DEBUG - Sharing flag: 0
2023-11-26 17:03:06,867 - rasterio._base - DEBUG - Nodata success: 1, Nodata value: nan
2023-11-26 17:03:06,867 - rasterio._base - DEBUG - Dataset <open DatasetReader name='https://radar.bmkg.go.id/raster/radarsatelit_202311261700.tif' mode='r'> is started.
2023-11-26 17:03:06,868 - rasterio.env - DEBUG - Exiting env context: <rasterio.env.Env object at 0x7f21262b05f0>
2023-11-26 17:03:06,868 - rasterio.env - DEBUG - Cleared existing <rasterio._env.GDALEnv object at 0x7f2126f29db0> options
2023-11-26 17:03:06,868 - rasterio._env - DEBUG - Stopped GDALEnv <rasterio._env.GDALEnv object at 0x7f2126f29db0>.
2023-11-26 17:03:06,868 - rasterio.env - DEBUG - Exiting outermost env
2023-11-26 17:03:06,868 - rasterio.env - DEBUG - Exited env context: <rasterio.env.Env object at 0x7f21262b05f0>
2023-11-26 17:03:06,868 - rasterio.env - DEBUG - Entering env context: <rasterio.env.Env object at 0x7f2126279dc0>
2023-11-26 17:03:06,868 - rasterio.env - DEBUG - Starting outermost env
2023-11-26 17:03:06,869 - rasterio.env - DEBUG - No GDAL environment exists
2023-11-26 17:03:06,869 - rasterio.env - DEBUG - New GDAL environment <rasterio._env.GDALEnv object at 0x7f2126f29db0> created
2023-11-26 17:03:06,869 - rasterio._env - DEBUG - GDAL data found in package: path='/home/swx/miniconda3/envs/present_weather/lib/python3.12/site-packages/rasterio/gdal_data'.
2023-11-26 17:03:06,869 - rasterio._env - DEBUG - PROJ_LIB found in environment.
2023-11-26 17:03:06,870 - rasterio._env - DEBUG - Started GDALEnv: self=<rasterio._env.GDALEnv object at 0x7f2126f29db0>.
2023-11-26 17:03:06,870 - rasterio.env - DEBUG - Entered env context: <rasterio.env.Env object at 0x7f2126279dc0>
2023-11-26 17:03:06,870 - rasterio.env - DEBUG - Got a copy of environment <rasterio._env.GDALEnv object at 0x7f2126f29db0> options
2023-11-26 17:03:06,870 - rasterio.env - DEBUG - Entering env context: <rasterio.env.Env object at 0x7f2124569d60>
2023-11-26 17:03:06,871 - rasterio.env - DEBUG - Got a copy of environment <rasterio._env.GDALEnv object at 0x7f2126f29db0> options
2023-11-26 17:03:06,871 - rasterio.env - DEBUG - Entered env context: <rasterio.env.Env object at 0x7f2124569d60>
2023-11-26 17:03:06,871 - rasterio._base - DEBUG - Sharing flag: 0
2023-11-26 17:03:06,872 - rasterio._base - DEBUG - Nodata success: 1, Nodata value: nan
2023-11-26 17:03:06,872 - rasterio._base - DEBUG - Dataset <open DatasetReader name='https://radar.bmkg.go.id/raster/radarsatelit_202311261700.tif' mode='r'> is started.
2023-11-26 17:03:06,872 - rasterio.env - DEBUG - Exiting env context: <rasterio.env.Env object at 0x7f2124569d60>
2023-11-26 17:03:06,873 - rasterio.env - DEBUG - Cleared existing <rasterio._env.GDALEnv object at 0x7f2126f29db0> options
2023-11-26 17:03:06,873 - rasterio._env - DEBUG - Stopped GDALEnv <rasterio._env.GDALEnv object at 0x7f2126f29db0>.
2023-11-26 17:03:06,873 - rasterio.env - DEBUG - No GDAL environment exists
2023-11-26 17:03:06,873 - rasterio.env - DEBUG - New GDAL environment <rasterio._env.GDALEnv object at 0x7f2126f29db0> created
2023-11-26 17:03:06,874 - rasterio._env - DEBUG - GDAL data found in package: path='/home/swx/miniconda3/envs/present_weather/lib/python3.12/site-packages/rasterio/gdal_data'.
2023-11-26 17:03:06,874 - rasterio._env - DEBUG - PROJ_LIB found in environment.
2023-11-26 17:03:06,874 - rasterio._env - DEBUG - Started GDALEnv: self=<rasterio._env.GDALEnv object at 0x7f2126f29db0>.
2023-11-26 17:03:06,874 - rasterio.env - DEBUG - Exited env context: <rasterio.env.Env object at 0x7f2124569d60>
2023-11-26 17:03:06,902 - rasterio._io - DEBUG - Output nodata value read from file: nan
2023-11-26 17:03:06,903 - rasterio._io - DEBUG - Output nodata values: [nan]
2023-11-26 17:03:06,903 - rasterio._io - DEBUG - all_valid: False
2023-11-26 17:03:06,903 - rasterio._io - DEBUG - mask_flags: ([<MaskFlags.nodata: 8>],)
2023-11-26 17:03:06,903 - rasterio._io - DEBUG - Jump straight to _read()
2023-11-26 17:03:06,904 - rasterio._io - DEBUG - Window: Window(col_off=0, row_off=0, width=10215, height=3792)
2023-11-26 17:03:06,904 - rasterio._io - DEBUG - IO window xoff=0.0 yoff=0.0 width=10215.0 height=3792.0
2023-11-26 17:03:07,746 - rasterio.env - DEBUG - Exiting env context: <rasterio.env.Env object at 0x7f2126279dc0>
2023-11-26 17:03:07,747 - rasterio.env - DEBUG - Cleared existing <rasterio._env.GDALEnv object at 0x7f2126f29db0> options
2023-11-26 17:03:07,747 - rasterio._env - DEBUG - Stopped GDALEnv <rasterio._env.GDALEnv object at 0x7f2126f29db0>.
2023-11-26 17:03:07,747 - rasterio.env - DEBUG - Exiting outermost env
2023-11-26 17:03:07,747 - rasterio.env - DEBUG - Exited env context: <rasterio.env.Env object at 0x7f2126279dc0>
2023-11-26 17:03:07,749 - urllib3.connectionpool - DEBUG - Starting new HTTPS connection (1): radar.bmkg.go.id:8060
2023-11-26 17:03:07,804 - urllib3.connectionpool - DEBUG - https://radar.bmkg.go.id:8060 "GET /getLatestLD?typeData=1 HTTP/1.1" 200 5402
2023-11-26 17:03:07,815 - root - INFO - Generating present weather using RADAR data
2023-11-26 17:03:11,156 - root - INFO - dask.bag<lambda, npartitions=20>
2023-11-26 17:16:00,232 - root - INFO - Total elapsed time: 0:12:56.935113
