2023-11-22 06:43:03,970 - root - INFO - Initiating present weather
2023-11-22 06:43:03,975 - urllib3.connectionpool - DEBUG - Starting new HTTPS connection (1): radar.bmkg.go.id:8060
2023-11-22 06:43:04,047 - urllib3.connectionpool - DEBUG - https://radar.bmkg.go.id:8060 "GET /getRadarGeotif?token=19387e71e78522ae4172ec0fda640983b8438c9cfa0ca571623cb69d8327&radar=amandemenForecast&type=latest HTTP/1.1" 200 90
2023-11-22 06:43:04,050 - rasterio.env - DEBUG - Entering env context: <rasterio.env.Env object at 0x7f7c796d6cc0>
2023-11-22 06:43:04,051 - rasterio.env - DEBUG - Starting outermost env
2023-11-22 06:43:04,051 - rasterio.env - DEBUG - No GDAL environment exists
2023-11-22 06:43:04,051 - rasterio.env - DEBUG - New GDAL environment <rasterio._env.GDALEnv object at 0x7f7cd41d9fc0> created
2023-11-22 06:43:04,056 - rasterio._filepath - DEBUG - Installing FilePath filesystem handler plugin...
2023-11-22 06:43:04,056 - rasterio._env - DEBUG - GDAL data found in package: path='/home/swx/miniconda3/envs/present_weather/lib/python3.12/site-packages/rasterio/gdal_data'.
2023-11-22 06:43:04,056 - rasterio._env - DEBUG - PROJ_LIB found in environment.
2023-11-22 06:43:04,057 - rasterio._env - DEBUG - Started GDALEnv: self=<rasterio._env.GDALEnv object at 0x7f7cd41d9fc0>.
2023-11-22 06:43:04,057 - rasterio.env - DEBUG - Entered env context: <rasterio.env.Env object at 0x7f7c796d6cc0>
2023-11-22 06:43:04,057 - rasterio._base - DEBUG - Sharing flag: 0
2023-11-22 06:43:04,245 - rasterio._base - DEBUG - Nodata success: 1, Nodata value: nan
2023-11-22 06:43:04,246 - rasterio._base - DEBUG - Dataset <open DatasetReader name='https://radar.bmkg.go.id/raster/radarsatelit_202311220640.tif' mode='r'> is started.
2023-11-22 06:43:04,246 - rasterio.env - DEBUG - Exiting env context: <rasterio.env.Env object at 0x7f7c796d6cc0>
2023-11-22 06:43:04,246 - rasterio.env - DEBUG - Cleared existing <rasterio._env.GDALEnv object at 0x7f7cd41d9fc0> options
2023-11-22 06:43:04,246 - rasterio._env - DEBUG - Stopped GDALEnv <rasterio._env.GDALEnv object at 0x7f7cd41d9fc0>.
2023-11-22 06:43:04,246 - rasterio.env - DEBUG - Exiting outermost env
2023-11-22 06:43:04,246 - rasterio.env - DEBUG - Exited env context: <rasterio.env.Env object at 0x7f7c796d6cc0>
2023-11-22 06:43:04,247 - rasterio.env - DEBUG - Entering env context: <rasterio.env.Env object at 0x7f7c796d6cc0>
2023-11-22 06:43:04,247 - rasterio.env - DEBUG - Starting outermost env
2023-11-22 06:43:04,247 - rasterio.env - DEBUG - No GDAL environment exists
2023-11-22 06:43:04,247 - rasterio.env - DEBUG - New GDAL environment <rasterio._env.GDALEnv object at 0x7f7cbb1ee320> created
2023-11-22 06:43:04,248 - rasterio._env - DEBUG - GDAL data found in package: path='/home/swx/miniconda3/envs/present_weather/lib/python3.12/site-packages/rasterio/gdal_data'.
2023-11-22 06:43:04,248 - rasterio._env - DEBUG - PROJ_LIB found in environment.
2023-11-22 06:43:04,248 - rasterio._env - DEBUG - Started GDALEnv: self=<rasterio._env.GDALEnv object at 0x7f7cbb1ee320>.
2023-11-22 06:43:04,248 - rasterio.env - DEBUG - Entered env context: <rasterio.env.Env object at 0x7f7c796d6cc0>
2023-11-22 06:43:04,249 - rasterio.env - DEBUG - Got a copy of environment <rasterio._env.GDALEnv object at 0x7f7cbb1ee320> options
2023-11-22 06:43:04,249 - rasterio.env - DEBUG - Entering env context: <rasterio.env.Env object at 0x7f7c79c8ecf0>
2023-11-22 06:43:04,249 - rasterio.env - DEBUG - Got a copy of environment <rasterio._env.GDALEnv object at 0x7f7cbb1ee320> options
2023-11-22 06:43:04,249 - rasterio.env - DEBUG - Entered env context: <rasterio.env.Env object at 0x7f7c79c8ecf0>
2023-11-22 06:43:04,249 - rasterio._base - DEBUG - Sharing flag: 0
2023-11-22 06:43:04,250 - rasterio._base - DEBUG - Nodata success: 1, Nodata value: nan
2023-11-22 06:43:04,250 - rasterio._base - DEBUG - Dataset <open DatasetReader name='https://radar.bmkg.go.id/raster/radarsatelit_202311220640.tif' mode='r'> is started.
2023-11-22 06:43:04,250 - rasterio.env - DEBUG - Exiting env context: <rasterio.env.Env object at 0x7f7c79c8ecf0>
2023-11-22 06:43:04,251 - rasterio.env - DEBUG - Cleared existing <rasterio._env.GDALEnv object at 0x7f7cbb1ee320> options
2023-11-22 06:43:04,251 - rasterio._env - DEBUG - Stopped GDALEnv <rasterio._env.GDALEnv object at 0x7f7cbb1ee320>.
2023-11-22 06:43:04,251 - rasterio.env - DEBUG - No GDAL environment exists
2023-11-22 06:43:04,251 - rasterio.env - DEBUG - New GDAL environment <rasterio._env.GDALEnv object at 0x7f7cbb1ee320> created
2023-11-22 06:43:04,251 - rasterio._env - DEBUG - GDAL data found in package: path='/home/swx/miniconda3/envs/present_weather/lib/python3.12/site-packages/rasterio/gdal_data'.
2023-11-22 06:43:04,251 - rasterio._env - DEBUG - PROJ_LIB found in environment.
2023-11-22 06:43:04,252 - rasterio._env - DEBUG - Started GDALEnv: self=<rasterio._env.GDALEnv object at 0x7f7cbb1ee320>.
2023-11-22 06:43:04,252 - rasterio.env - DEBUG - Exited env context: <rasterio.env.Env object at 0x7f7c79c8ecf0>
2023-11-22 06:43:04,281 - rasterio._io - DEBUG - Output nodata value read from file: nan
2023-11-22 06:43:04,281 - rasterio._io - DEBUG - Output nodata values: [nan]
2023-11-22 06:43:04,282 - rasterio._io - DEBUG - all_valid: False
2023-11-22 06:43:04,282 - rasterio._io - DEBUG - mask_flags: ([<MaskFlags.nodata: 8>],)
2023-11-22 06:43:04,282 - rasterio._io - DEBUG - Jump straight to _read()
2023-11-22 06:43:04,282 - rasterio._io - DEBUG - Window: Window(col_off=0, row_off=0, width=10215, height=3792)
2023-11-22 06:43:04,283 - rasterio._io - DEBUG - IO window xoff=0.0 yoff=0.0 width=10215.0 height=3792.0
2023-11-22 06:43:05,023 - rasterio.env - DEBUG - Exiting env context: <rasterio.env.Env object at 0x7f7c796d6cc0>
2023-11-22 06:43:05,023 - rasterio.env - DEBUG - Cleared existing <rasterio._env.GDALEnv object at 0x7f7cbb1ee320> options
2023-11-22 06:43:05,023 - rasterio._env - DEBUG - Stopped GDALEnv <rasterio._env.GDALEnv object at 0x7f7cbb1ee320>.
2023-11-22 06:43:05,023 - rasterio.env - DEBUG - Exiting outermost env
2023-11-22 06:43:05,023 - rasterio.env - DEBUG - Exited env context: <rasterio.env.Env object at 0x7f7c796d6cc0>
2023-11-22 06:43:05,025 - urllib3.connectionpool - DEBUG - Starting new HTTPS connection (1): radar.bmkg.go.id:8060
2023-11-22 06:43:05,108 - urllib3.connectionpool - DEBUG - https://radar.bmkg.go.id:8060 "GET /getLatestLD?typeData=1 HTTP/1.1" 200 90486
2023-11-22 06:43:05,145 - asyncio - DEBUG - Using selector: EpollSelector
2023-11-22 06:43:11,829 - root - INFO - dask.bag<lambda, npartitions=34>
2023-11-22 06:59:32,817 - root - INFO - Total elapsed time: 0:16:28.848090
