2023-11-19 04:20:03,799 - root - INFO - Initiating present weather
2023-11-19 04:20:03,804 - urllib3.connectionpool - DEBUG - Starting new HTTPS connection (1): radar.bmkg.go.id:8060
2023-11-19 04:20:03,873 - urllib3.connectionpool - DEBUG - https://radar.bmkg.go.id:8060 "GET /getRadarGeotif?token=19387e71e78522ae4172ec0fda640983b8438c9cfa0ca571623cb69d8327&radar=amandemenForecast&type=latest HTTP/1.1" 200 90
2023-11-19 04:20:03,876 - rasterio.env - DEBUG - Entering env context: <rasterio.env.Env object at 0x7f8dad3ff920>
2023-11-19 04:20:03,877 - rasterio.env - DEBUG - Starting outermost env
2023-11-19 04:20:03,877 - rasterio.env - DEBUG - No GDAL environment exists
2023-11-19 04:20:03,877 - rasterio.env - DEBUG - New GDAL environment <rasterio._env.GDALEnv object at 0x7f8d6bd8cc70> created
2023-11-19 04:20:03,881 - rasterio._filepath - DEBUG - Installing FilePath filesystem handler plugin...
2023-11-19 04:20:03,882 - rasterio._env - DEBUG - GDAL data found in package: path='/home/swx/miniconda3/envs/present_weather/lib/python3.12/site-packages/rasterio/gdal_data'.
2023-11-19 04:20:03,882 - rasterio._env - DEBUG - PROJ_LIB found in environment.
2023-11-19 04:20:03,882 - rasterio._env - DEBUG - Started GDALEnv: self=<rasterio._env.GDALEnv object at 0x7f8d6bd8cc70>.
2023-11-19 04:20:03,882 - rasterio.env - DEBUG - Entered env context: <rasterio.env.Env object at 0x7f8dad3ff920>
2023-11-19 04:20:03,882 - rasterio._base - DEBUG - Sharing flag: 0
2023-11-19 04:20:04,075 - rasterio._base - DEBUG - Nodata success: 1, Nodata value: nan
2023-11-19 04:20:04,075 - rasterio._base - DEBUG - Dataset <open DatasetReader name='https://radar.bmkg.go.id/raster/radarsatelit_202311190410.tif' mode='r'> is started.
2023-11-19 04:20:04,075 - rasterio.env - DEBUG - Exiting env context: <rasterio.env.Env object at 0x7f8dad3ff920>
2023-11-19 04:20:04,076 - rasterio.env - DEBUG - Cleared existing <rasterio._env.GDALEnv object at 0x7f8d6bd8cc70> options
2023-11-19 04:20:04,076 - rasterio._env - DEBUG - Stopped GDALEnv <rasterio._env.GDALEnv object at 0x7f8d6bd8cc70>.
2023-11-19 04:20:04,076 - rasterio.env - DEBUG - Exiting outermost env
2023-11-19 04:20:04,076 - rasterio.env - DEBUG - Exited env context: <rasterio.env.Env object at 0x7f8dad3ff920>
2023-11-19 04:20:04,076 - rasterio.env - DEBUG - Entering env context: <rasterio.env.Env object at 0x7f8dad3ff920>
2023-11-19 04:20:04,076 - rasterio.env - DEBUG - Starting outermost env
2023-11-19 04:20:04,076 - rasterio.env - DEBUG - No GDAL environment exists
2023-11-19 04:20:04,076 - rasterio.env - DEBUG - New GDAL environment <rasterio._env.GDALEnv object at 0x7f8dad827af0> created
2023-11-19 04:20:04,077 - rasterio._env - DEBUG - GDAL data found in package: path='/home/swx/miniconda3/envs/present_weather/lib/python3.12/site-packages/rasterio/gdal_data'.
2023-11-19 04:20:04,077 - rasterio._env - DEBUG - PROJ_LIB found in environment.
2023-11-19 04:20:04,077 - rasterio._env - DEBUG - Started GDALEnv: self=<rasterio._env.GDALEnv object at 0x7f8dad827af0>.
2023-11-19 04:20:04,077 - rasterio.env - DEBUG - Entered env context: <rasterio.env.Env object at 0x7f8dad3ff920>
2023-11-19 04:20:04,078 - rasterio.env - DEBUG - Got a copy of environment <rasterio._env.GDALEnv object at 0x7f8dad827af0> options
2023-11-19 04:20:04,078 - rasterio.env - DEBUG - Entering env context: <rasterio.env.Env object at 0x7f8dad562150>
2023-11-19 04:20:04,078 - rasterio.env - DEBUG - Got a copy of environment <rasterio._env.GDALEnv object at 0x7f8dad827af0> options
2023-11-19 04:20:04,078 - rasterio.env - DEBUG - Entered env context: <rasterio.env.Env object at 0x7f8dad562150>
2023-11-19 04:20:04,078 - rasterio._base - DEBUG - Sharing flag: 0
2023-11-19 04:20:04,079 - rasterio._base - DEBUG - Nodata success: 1, Nodata value: nan
2023-11-19 04:20:04,079 - rasterio._base - DEBUG - Dataset <open DatasetReader name='https://radar.bmkg.go.id/raster/radarsatelit_202311190410.tif' mode='r'> is started.
2023-11-19 04:20:04,080 - rasterio.env - DEBUG - Exiting env context: <rasterio.env.Env object at 0x7f8dad562150>
2023-11-19 04:20:04,080 - rasterio.env - DEBUG - Cleared existing <rasterio._env.GDALEnv object at 0x7f8dad827af0> options
2023-11-19 04:20:04,080 - rasterio._env - DEBUG - Stopped GDALEnv <rasterio._env.GDALEnv object at 0x7f8dad827af0>.
2023-11-19 04:20:04,080 - rasterio.env - DEBUG - No GDAL environment exists
2023-11-19 04:20:04,080 - rasterio.env - DEBUG - New GDAL environment <rasterio._env.GDALEnv object at 0x7f8dad827af0> created
2023-11-19 04:20:04,080 - rasterio._env - DEBUG - GDAL data found in package: path='/home/swx/miniconda3/envs/present_weather/lib/python3.12/site-packages/rasterio/gdal_data'.
2023-11-19 04:20:04,081 - rasterio._env - DEBUG - PROJ_LIB found in environment.
2023-11-19 04:20:04,081 - rasterio._env - DEBUG - Started GDALEnv: self=<rasterio._env.GDALEnv object at 0x7f8dad827af0>.
2023-11-19 04:20:04,081 - rasterio.env - DEBUG - Exited env context: <rasterio.env.Env object at 0x7f8dad562150>
2023-11-19 04:20:04,109 - rasterio._io - DEBUG - Output nodata value read from file: nan
2023-11-19 04:20:04,110 - rasterio._io - DEBUG - Output nodata values: [nan]
2023-11-19 04:20:04,110 - rasterio._io - DEBUG - all_valid: False
2023-11-19 04:20:04,110 - rasterio._io - DEBUG - mask_flags: ([<MaskFlags.nodata: 8>],)
2023-11-19 04:20:04,110 - rasterio._io - DEBUG - Jump straight to _read()
2023-11-19 04:20:04,110 - rasterio._io - DEBUG - Window: Window(col_off=0, row_off=0, width=10215, height=3792)
2023-11-19 04:20:04,111 - rasterio._io - DEBUG - IO window xoff=0.0 yoff=0.0 width=10215.0 height=3792.0
2023-11-19 04:20:04,749 - rasterio.env - DEBUG - Exiting env context: <rasterio.env.Env object at 0x7f8dad3ff920>
2023-11-19 04:20:04,749 - rasterio.env - DEBUG - Cleared existing <rasterio._env.GDALEnv object at 0x7f8dad827af0> options
2023-11-19 04:20:04,749 - rasterio._env - DEBUG - Stopped GDALEnv <rasterio._env.GDALEnv object at 0x7f8dad827af0>.
2023-11-19 04:20:04,749 - rasterio.env - DEBUG - Exiting outermost env
2023-11-19 04:20:04,749 - rasterio.env - DEBUG - Exited env context: <rasterio.env.Env object at 0x7f8dad3ff920>
2023-11-19 04:20:04,751 - urllib3.connectionpool - DEBUG - Starting new HTTPS connection (1): radar.bmkg.go.id:8060
2023-11-19 04:20:04,809 - urllib3.connectionpool - DEBUG - https://radar.bmkg.go.id:8060 "GET /getLatestLD?typeData=1 HTTP/1.1" 200 47965
2023-11-19 04:20:04,831 - asyncio - DEBUG - Using selector: EpollSelector
2023-11-19 04:20:11,694 - root - INFO - dask.bag<lambda, npartitions=34>
2023-11-19 04:33:25,302 - root - INFO - Total elapsed time: 0:13:21.503482
