2023-11-20 07:43:03,249 - root - INFO - Initiating present weather
2023-11-20 07:43:03,254 - urllib3.connectionpool - DEBUG - Starting new HTTPS connection (1): radar.bmkg.go.id:8060
2023-11-20 07:43:14,842 - rasterio.env - DEBUG - Entering env context: <rasterio.env.Env object at 0x7f87fcb54d10>
2023-11-20 07:43:14,843 - rasterio.env - DEBUG - Starting outermost env
2023-11-20 07:43:14,843 - rasterio.env - DEBUG - No GDAL environment exists
2023-11-20 07:43:14,843 - rasterio.env - DEBUG - New GDAL environment <rasterio._env.GDALEnv object at 0x7f883e2429b0> created
2023-11-20 07:43:14,849 - rasterio._filepath - DEBUG - Installing FilePath filesystem handler plugin...
2023-11-20 07:43:14,849 - rasterio._env - DEBUG - GDAL data found in package: path='/home/swx/miniconda3/envs/present_weather/lib/python3.12/site-packages/rasterio/gdal_data'.
2023-11-20 07:43:14,849 - rasterio._env - DEBUG - PROJ_LIB found in environment.
2023-11-20 07:43:14,850 - rasterio._env - DEBUG - Started GDALEnv: self=<rasterio._env.GDALEnv object at 0x7f883e2429b0>.
2023-11-20 07:43:14,850 - rasterio.env - DEBUG - Entered env context: <rasterio.env.Env object at 0x7f87fcb54d10>
2023-11-20 07:43:14,850 - rasterio._base - DEBUG - Sharing flag: 0
2023-11-20 07:43:14,870 - rasterio._base - DEBUG - Nodata success: 0, Nodata value: 0.000000
2023-11-20 07:43:14,870 - rasterio._base - DEBUG - Dataset <open DatasetReader name='/home/swx/present_weather/src/H09_B13_Indonesia_20231120.Z0730.cor.tiff' mode='r'> is started.
2023-11-20 07:43:14,871 - rasterio.env - DEBUG - Exiting env context: <rasterio.env.Env object at 0x7f87fcb54d10>
2023-11-20 07:43:14,871 - rasterio.env - DEBUG - Cleared existing <rasterio._env.GDALEnv object at 0x7f883e2429b0> options
2023-11-20 07:43:14,871 - rasterio._env - DEBUG - Stopped GDALEnv <rasterio._env.GDALEnv object at 0x7f883e2429b0>.
2023-11-20 07:43:14,871 - rasterio.env - DEBUG - Exiting outermost env
2023-11-20 07:43:14,871 - rasterio.env - DEBUG - Exited env context: <rasterio.env.Env object at 0x7f87fcb54d10>
2023-11-20 07:43:14,872 - rasterio.env - DEBUG - Entering env context: <rasterio.env.Env object at 0x7f87fcc20a70>
2023-11-20 07:43:14,872 - rasterio.env - DEBUG - Starting outermost env
2023-11-20 07:43:14,872 - rasterio.env - DEBUG - No GDAL environment exists
2023-11-20 07:43:14,872 - rasterio.env - DEBUG - New GDAL environment <rasterio._env.GDALEnv object at 0x7f87fca4f940> created
2023-11-20 07:43:14,873 - rasterio._env - DEBUG - GDAL data found in package: path='/home/swx/miniconda3/envs/present_weather/lib/python3.12/site-packages/rasterio/gdal_data'.
2023-11-20 07:43:14,873 - rasterio._env - DEBUG - PROJ_LIB found in environment.
2023-11-20 07:43:14,873 - rasterio._env - DEBUG - Started GDALEnv: self=<rasterio._env.GDALEnv object at 0x7f87fca4f940>.
2023-11-20 07:43:14,873 - rasterio.env - DEBUG - Entered env context: <rasterio.env.Env object at 0x7f87fcc20a70>
2023-11-20 07:43:14,873 - rasterio._base - DEBUG - Sharing flag: 0
2023-11-20 07:43:14,874 - rasterio._base - DEBUG - Nodata success: 0, Nodata value: 0.000000
2023-11-20 07:43:14,874 - rasterio._base - DEBUG - Dataset <open DatasetReader name='/home/swx/present_weather/src/H09_B13_Indonesia_20231120.Z0730.cor.tiff' mode='r'> is started.
2023-11-20 07:43:14,874 - rasterio.env - DEBUG - Exiting env context: <rasterio.env.Env object at 0x7f87fcc20a70>
2023-11-20 07:43:14,875 - rasterio.env - DEBUG - Cleared existing <rasterio._env.GDALEnv object at 0x7f87fca4f940> options
2023-11-20 07:43:14,875 - rasterio._env - DEBUG - Stopped GDALEnv <rasterio._env.GDALEnv object at 0x7f87fca4f940>.
2023-11-20 07:43:14,875 - rasterio.env - DEBUG - Exiting outermost env
2023-11-20 07:43:14,875 - rasterio.env - DEBUG - Exited env context: <rasterio.env.Env object at 0x7f87fcc20a70>
2023-11-20 07:43:14,896 - asyncio - DEBUG - Using selector: EpollSelector
2023-11-20 07:43:18,181 - root - INFO - dask.bag<lambda, npartitions=34>
2023-11-20 07:44:32,868 - root - INFO - Total elapsed time: 0:01:29.619965
