2023-11-14 21:20:04,125 - root - INFO - Initiating present weather
2023-11-14 21:20:04,129 - urllib3.connectionpool - DEBUG - Starting new HTTPS connection (1): radar.bmkg.go.id:8060
2023-11-14 21:20:04,209 - urllib3.connectionpool - DEBUG - https://radar.bmkg.go.id:8060 "GET /getRadarGeotif?token=19387e71e78522ae4172ec0fda640983b8438c9cfa0ca571623cb69d8327&radar=amandemenForecast&type=latest HTTP/1.1" 200 90
2023-11-14 21:20:04,212 - rasterio.env - DEBUG - Entering env context: <rasterio.env.Env object at 0x7f2a48c4c290>
2023-11-14 21:20:04,213 - rasterio.env - DEBUG - Starting outermost env
2023-11-14 21:20:04,214 - rasterio.env - DEBUG - No GDAL environment exists
2023-11-14 21:20:04,214 - rasterio.env - DEBUG - New GDAL environment <rasterio._env.GDALEnv object at 0x7f2a48c4cbe0> created
2023-11-14 21:20:04,218 - rasterio._filepath - DEBUG - Installing FilePath filesystem handler plugin...
2023-11-14 21:20:04,219 - rasterio._env - DEBUG - GDAL data found in package: path='/home/swx/miniconda3/envs/present_weather/lib/python3.12/site-packages/rasterio/gdal_data'.
2023-11-14 21:20:04,219 - rasterio._env - DEBUG - PROJ_LIB found in environment.
2023-11-14 21:20:04,219 - rasterio._env - DEBUG - Started GDALEnv: self=<rasterio._env.GDALEnv object at 0x7f2a48c4cbe0>.
2023-11-14 21:20:04,219 - rasterio.env - DEBUG - Entered env context: <rasterio.env.Env object at 0x7f2a48c4c290>
2023-11-14 21:20:04,220 - rasterio._base - DEBUG - Sharing flag: 0
2023-11-14 21:20:04,400 - rasterio._base - DEBUG - Nodata success: 1, Nodata value: nan
2023-11-14 21:20:04,400 - rasterio._base - DEBUG - Dataset <open DatasetReader name='https://radar.bmkg.go.id/raster/radarsatelit_202311142110.tif' mode='r'> is started.
2023-11-14 21:20:04,401 - rasterio.env - DEBUG - Exiting env context: <rasterio.env.Env object at 0x7f2a48c4c290>
2023-11-14 21:20:04,401 - rasterio.env - DEBUG - Cleared existing <rasterio._env.GDALEnv object at 0x7f2a48c4cbe0> options
2023-11-14 21:20:04,401 - rasterio._env - DEBUG - Stopped GDALEnv <rasterio._env.GDALEnv object at 0x7f2a48c4cbe0>.
2023-11-14 21:20:04,401 - rasterio.env - DEBUG - Exiting outermost env
2023-11-14 21:20:04,401 - rasterio.env - DEBUG - Exited env context: <rasterio.env.Env object at 0x7f2a48c4c290>
2023-11-14 21:20:04,401 - rasterio.env - DEBUG - Entering env context: <rasterio.env.Env object at 0x7f2a8a0f4c80>
2023-11-14 21:20:04,401 - rasterio.env - DEBUG - Starting outermost env
2023-11-14 21:20:04,401 - rasterio.env - DEBUG - No GDAL environment exists
2023-11-14 21:20:04,402 - rasterio.env - DEBUG - New GDAL environment <rasterio._env.GDALEnv object at 0x7f2a48c4cbe0> created
2023-11-14 21:20:04,402 - rasterio._env - DEBUG - GDAL data found in package: path='/home/swx/miniconda3/envs/present_weather/lib/python3.12/site-packages/rasterio/gdal_data'.
2023-11-14 21:20:04,402 - rasterio._env - DEBUG - PROJ_LIB found in environment.
2023-11-14 21:20:04,402 - rasterio._env - DEBUG - Started GDALEnv: self=<rasterio._env.GDALEnv object at 0x7f2a48c4cbe0>.
2023-11-14 21:20:04,403 - rasterio.env - DEBUG - Entered env context: <rasterio.env.Env object at 0x7f2a8a0f4c80>
2023-11-14 21:20:04,403 - rasterio.env - DEBUG - Got a copy of environment <rasterio._env.GDALEnv object at 0x7f2a48c4cbe0> options
2023-11-14 21:20:04,403 - rasterio.env - DEBUG - Entering env context: <rasterio.env.Env object at 0x7f2a48a03a70>
2023-11-14 21:20:04,403 - rasterio.env - DEBUG - Got a copy of environment <rasterio._env.GDALEnv object at 0x7f2a48c4cbe0> options
2023-11-14 21:20:04,403 - rasterio.env - DEBUG - Entered env context: <rasterio.env.Env object at 0x7f2a48a03a70>
2023-11-14 21:20:04,403 - rasterio._base - DEBUG - Sharing flag: 0
2023-11-14 21:20:04,404 - rasterio._base - DEBUG - Nodata success: 1, Nodata value: nan
2023-11-14 21:20:04,404 - rasterio._base - DEBUG - Dataset <open DatasetReader name='https://radar.bmkg.go.id/raster/radarsatelit_202311142110.tif' mode='r'> is started.
2023-11-14 21:20:04,405 - rasterio.env - DEBUG - Exiting env context: <rasterio.env.Env object at 0x7f2a48a03a70>
2023-11-14 21:20:04,405 - rasterio.env - DEBUG - Cleared existing <rasterio._env.GDALEnv object at 0x7f2a48c4cbe0> options
2023-11-14 21:20:04,405 - rasterio._env - DEBUG - Stopped GDALEnv <rasterio._env.GDALEnv object at 0x7f2a48c4cbe0>.
2023-11-14 21:20:04,405 - rasterio.env - DEBUG - No GDAL environment exists
2023-11-14 21:20:04,405 - rasterio.env - DEBUG - New GDAL environment <rasterio._env.GDALEnv object at 0x7f2a48c4cbe0> created
2023-11-14 21:20:04,405 - rasterio._env - DEBUG - GDAL data found in package: path='/home/swx/miniconda3/envs/present_weather/lib/python3.12/site-packages/rasterio/gdal_data'.
2023-11-14 21:20:04,405 - rasterio._env - DEBUG - PROJ_LIB found in environment.
2023-11-14 21:20:04,406 - rasterio._env - DEBUG - Started GDALEnv: self=<rasterio._env.GDALEnv object at 0x7f2a48c4cbe0>.
2023-11-14 21:20:04,406 - rasterio.env - DEBUG - Exited env context: <rasterio.env.Env object at 0x7f2a48a03a70>
2023-11-14 21:20:04,431 - rasterio._io - DEBUG - Output nodata value read from file: nan
2023-11-14 21:20:04,432 - rasterio._io - DEBUG - Output nodata values: [nan]
2023-11-14 21:20:04,432 - rasterio._io - DEBUG - all_valid: False
2023-11-14 21:20:04,432 - rasterio._io - DEBUG - mask_flags: ([<MaskFlags.nodata: 8>],)
2023-11-14 21:20:04,432 - rasterio._io - DEBUG - Jump straight to _read()
2023-11-14 21:20:04,432 - rasterio._io - DEBUG - Window: Window(col_off=0, row_off=0, width=10215, height=3792)
2023-11-14 21:20:04,433 - rasterio._io - DEBUG - IO window xoff=0.0 yoff=0.0 width=10215.0 height=3792.0
2023-11-14 21:20:05,074 - rasterio.env - DEBUG - Exiting env context: <rasterio.env.Env object at 0x7f2a8a0f4c80>
2023-11-14 21:20:05,074 - rasterio.env - DEBUG - Cleared existing <rasterio._env.GDALEnv object at 0x7f2a48c4cbe0> options
2023-11-14 21:20:05,074 - rasterio._env - DEBUG - Stopped GDALEnv <rasterio._env.GDALEnv object at 0x7f2a48c4cbe0>.
2023-11-14 21:20:05,074 - rasterio.env - DEBUG - Exiting outermost env
2023-11-14 21:20:05,074 - rasterio.env - DEBUG - Exited env context: <rasterio.env.Env object at 0x7f2a8a0f4c80>
2023-11-14 21:20:05,076 - urllib3.connectionpool - DEBUG - Starting new HTTPS connection (1): radar.bmkg.go.id:8060
2023-11-14 21:20:05,194 - urllib3.connectionpool - DEBUG - https://radar.bmkg.go.id:8060 "GET /getLatestLD?typeData=1 HTTP/1.1" 200 108948
2023-11-14 21:20:05,266 - asyncio - DEBUG - Using selector: EpollSelector
2023-11-14 21:20:11,985 - root - INFO - dask.bag<lambda, npartitions=34>
2023-11-14 21:34:59,442 - root - INFO - Total elapsed time: 0:14:55.317955
