2023-11-21 03:03:03,504 - root - INFO - Initiating present weather
2023-11-21 03:03:03,509 - urllib3.connectionpool - DEBUG - Starting new HTTPS connection (1): radar.bmkg.go.id:8060
2023-11-21 03:03:03,580 - urllib3.connectionpool - DEBUG - https://radar.bmkg.go.id:8060 "GET /getRadarGeotif?token=19387e71e78522ae4172ec0fda640983b8438c9cfa0ca571623cb69d8327&radar=amandemenForecast&type=latest HTTP/1.1" 200 90
2023-11-21 03:03:03,582 - rasterio.env - DEBUG - Entering env context: <rasterio.env.Env object at 0x7f83a9374230>
2023-11-21 03:03:03,583 - rasterio.env - DEBUG - Starting outermost env
2023-11-21 03:03:03,584 - rasterio.env - DEBUG - No GDAL environment exists
2023-11-21 03:03:03,584 - rasterio.env - DEBUG - New GDAL environment <rasterio._env.GDALEnv object at 0x7f83680c27d0> created
2023-11-21 03:03:03,588 - rasterio._filepath - DEBUG - Installing FilePath filesystem handler plugin...
2023-11-21 03:03:03,589 - rasterio._env - DEBUG - GDAL data found in package: path='/home/swx/miniconda3/envs/present_weather/lib/python3.12/site-packages/rasterio/gdal_data'.
2023-11-21 03:03:03,589 - rasterio._env - DEBUG - PROJ_LIB found in environment.
2023-11-21 03:03:03,589 - rasterio._env - DEBUG - Started GDALEnv: self=<rasterio._env.GDALEnv object at 0x7f83680c27d0>.
2023-11-21 03:03:03,589 - rasterio.env - DEBUG - Entered env context: <rasterio.env.Env object at 0x7f83a9374230>
2023-11-21 03:03:03,589 - rasterio._base - DEBUG - Sharing flag: 0
2023-11-21 03:03:03,788 - rasterio._base - DEBUG - Nodata success: 1, Nodata value: nan
2023-11-21 03:03:03,789 - rasterio._base - DEBUG - Dataset <open DatasetReader name='https://radar.bmkg.go.id/raster/radarsatelit_202311210300.tif' mode='r'> is started.
2023-11-21 03:03:03,789 - rasterio.env - DEBUG - Exiting env context: <rasterio.env.Env object at 0x7f83a9374230>
2023-11-21 03:03:03,789 - rasterio.env - DEBUG - Cleared existing <rasterio._env.GDALEnv object at 0x7f83680c27d0> options
2023-11-21 03:03:03,790 - rasterio._env - DEBUG - Stopped GDALEnv <rasterio._env.GDALEnv object at 0x7f83680c27d0>.
2023-11-21 03:03:03,790 - rasterio.env - DEBUG - Exiting outermost env
2023-11-21 03:03:03,790 - rasterio.env - DEBUG - Exited env context: <rasterio.env.Env object at 0x7f83a9374230>
2023-11-21 03:03:03,790 - rasterio.env - DEBUG - Entering env context: <rasterio.env.Env object at 0x7f83680c1820>
2023-11-21 03:03:03,790 - rasterio.env - DEBUG - Starting outermost env
2023-11-21 03:03:03,790 - rasterio.env - DEBUG - No GDAL environment exists
2023-11-21 03:03:03,790 - rasterio.env - DEBUG - New GDAL environment <rasterio._env.GDALEnv object at 0x7f83a9642320> created
2023-11-21 03:03:03,791 - rasterio._env - DEBUG - GDAL data found in package: path='/home/swx/miniconda3/envs/present_weather/lib/python3.12/site-packages/rasterio/gdal_data'.
2023-11-21 03:03:03,791 - rasterio._env - DEBUG - PROJ_LIB found in environment.
2023-11-21 03:03:03,791 - rasterio._env - DEBUG - Started GDALEnv: self=<rasterio._env.GDALEnv object at 0x7f83a9642320>.
2023-11-21 03:03:03,791 - rasterio.env - DEBUG - Entered env context: <rasterio.env.Env object at 0x7f83680c1820>
2023-11-21 03:03:03,792 - rasterio.env - DEBUG - Got a copy of environment <rasterio._env.GDALEnv object at 0x7f83a9642320> options
2023-11-21 03:03:03,792 - rasterio.env - DEBUG - Entering env context: <rasterio.env.Env object at 0x7f83680096d0>
2023-11-21 03:03:03,793 - rasterio.env - DEBUG - Got a copy of environment <rasterio._env.GDALEnv object at 0x7f83a9642320> options
2023-11-21 03:03:03,793 - rasterio.env - DEBUG - Entered env context: <rasterio.env.Env object at 0x7f83680096d0>
2023-11-21 03:03:03,793 - rasterio._base - DEBUG - Sharing flag: 0
2023-11-21 03:03:03,794 - rasterio._base - DEBUG - Nodata success: 1, Nodata value: nan
2023-11-21 03:03:03,794 - rasterio._base - DEBUG - Dataset <open DatasetReader name='https://radar.bmkg.go.id/raster/radarsatelit_202311210300.tif' mode='r'> is started.
2023-11-21 03:03:03,794 - rasterio.env - DEBUG - Exiting env context: <rasterio.env.Env object at 0x7f83680096d0>
2023-11-21 03:03:03,794 - rasterio.env - DEBUG - Cleared existing <rasterio._env.GDALEnv object at 0x7f83a9642320> options
2023-11-21 03:03:03,794 - rasterio._env - DEBUG - Stopped GDALEnv <rasterio._env.GDALEnv object at 0x7f83a9642320>.
2023-11-21 03:03:03,795 - rasterio.env - DEBUG - No GDAL environment exists
2023-11-21 03:03:03,795 - rasterio.env - DEBUG - New GDAL environment <rasterio._env.GDALEnv object at 0x7f83a9642320> created
2023-11-21 03:03:03,795 - rasterio._env - DEBUG - GDAL data found in package: path='/home/swx/miniconda3/envs/present_weather/lib/python3.12/site-packages/rasterio/gdal_data'.
2023-11-21 03:03:03,795 - rasterio._env - DEBUG - PROJ_LIB found in environment.
2023-11-21 03:03:03,795 - rasterio._env - DEBUG - Started GDALEnv: self=<rasterio._env.GDALEnv object at 0x7f83a9642320>.
2023-11-21 03:03:03,796 - rasterio.env - DEBUG - Exited env context: <rasterio.env.Env object at 0x7f83680096d0>
2023-11-21 03:03:03,829 - rasterio._io - DEBUG - Output nodata value read from file: nan
2023-11-21 03:03:03,829 - rasterio._io - DEBUG - Output nodata values: [nan]
2023-11-21 03:03:03,830 - rasterio._io - DEBUG - all_valid: False
2023-11-21 03:03:03,830 - rasterio._io - DEBUG - mask_flags: ([<MaskFlags.nodata: 8>],)
2023-11-21 03:03:03,830 - rasterio._io - DEBUG - Jump straight to _read()
2023-11-21 03:03:03,830 - rasterio._io - DEBUG - Window: Window(col_off=0, row_off=0, width=10215, height=3792)
2023-11-21 03:03:03,831 - rasterio._io - DEBUG - IO window xoff=0.0 yoff=0.0 width=10215.0 height=3792.0
2023-11-21 03:03:04,522 - rasterio.env - DEBUG - Exiting env context: <rasterio.env.Env object at 0x7f83680c1820>
2023-11-21 03:03:04,523 - rasterio.env - DEBUG - Cleared existing <rasterio._env.GDALEnv object at 0x7f83a9642320> options
2023-11-21 03:03:04,523 - rasterio._env - DEBUG - Stopped GDALEnv <rasterio._env.GDALEnv object at 0x7f83a9642320>.
2023-11-21 03:03:04,523 - rasterio.env - DEBUG - Exiting outermost env
2023-11-21 03:03:04,523 - rasterio.env - DEBUG - Exited env context: <rasterio.env.Env object at 0x7f83680c1820>
2023-11-21 03:03:04,525 - urllib3.connectionpool - DEBUG - Starting new HTTPS connection (1): radar.bmkg.go.id:8060
2023-11-21 03:03:09,588 - urllib3.connectionpool - DEBUG - https://radar.bmkg.go.id:8060 "GET /getLatestLD?typeData=1 HTTP/1.1" 200 13062
2023-11-21 03:03:09,602 - asyncio - DEBUG - Using selector: EpollSelector
2023-11-21 03:03:16,291 - root - INFO - dask.bag<lambda, npartitions=34>
2023-11-21 03:07:35,118 - root - INFO - Total elapsed time: 0:04:31.614800
