2023-11-19 20:00:03,351 - root - INFO - Initiating present weather
2023-11-19 20:00:03,359 - urllib3.connectionpool - DEBUG - Starting new HTTPS connection (1): radar.bmkg.go.id:8060
2023-11-19 20:00:03,431 - urllib3.connectionpool - DEBUG - https://radar.bmkg.go.id:8060 "GET /getRadarGeotif?token=19387e71e78522ae4172ec0fda640983b8438c9cfa0ca571623cb69d8327&radar=amandemenForecast&type=latest HTTP/1.1" 200 90
2023-11-19 20:00:03,434 - rasterio.env - DEBUG - Entering env context: <rasterio.env.Env object at 0x7fdee5b8e360>
2023-11-19 20:00:03,435 - rasterio.env - DEBUG - Starting outermost env
2023-11-19 20:00:03,435 - rasterio.env - DEBUG - No GDAL environment exists
2023-11-19 20:00:03,435 - rasterio.env - DEBUG - New GDAL environment <rasterio._env.GDALEnv object at 0x7fdf48d85c90> created
2023-11-19 20:00:03,440 - rasterio._filepath - DEBUG - Installing FilePath filesystem handler plugin...
2023-11-19 20:00:03,440 - rasterio._env - DEBUG - GDAL data found in package: path='/home/swx/miniconda3/envs/present_weather/lib/python3.12/site-packages/rasterio/gdal_data'.
2023-11-19 20:00:03,440 - rasterio._env - DEBUG - PROJ_LIB found in environment.
2023-11-19 20:00:03,440 - rasterio._env - DEBUG - Started GDALEnv: self=<rasterio._env.GDALEnv object at 0x7fdf48d85c90>.
2023-11-19 20:00:03,440 - rasterio.env - DEBUG - Entered env context: <rasterio.env.Env object at 0x7fdee5b8e360>
2023-11-19 20:00:03,440 - rasterio._base - DEBUG - Sharing flag: 0
2023-11-19 20:00:03,642 - rasterio._base - DEBUG - Nodata success: 1, Nodata value: nan
2023-11-19 20:00:03,643 - rasterio._base - DEBUG - Dataset <open DatasetReader name='https://radar.bmkg.go.id/raster/radarsatelit_202311191950.tif' mode='r'> is started.
2023-11-19 20:00:03,643 - rasterio.env - DEBUG - Exiting env context: <rasterio.env.Env object at 0x7fdee5b8e360>
2023-11-19 20:00:03,643 - rasterio.env - DEBUG - Cleared existing <rasterio._env.GDALEnv object at 0x7fdf48d85c90> options
2023-11-19 20:00:03,644 - rasterio._env - DEBUG - Stopped GDALEnv <rasterio._env.GDALEnv object at 0x7fdf48d85c90>.
2023-11-19 20:00:03,644 - rasterio.env - DEBUG - Exiting outermost env
2023-11-19 20:00:03,644 - rasterio.env - DEBUG - Exited env context: <rasterio.env.Env object at 0x7fdee5b8e360>
2023-11-19 20:00:03,644 - rasterio.env - DEBUG - Entering env context: <rasterio.env.Env object at 0x7fdf1f541af0>
2023-11-19 20:00:03,644 - rasterio.env - DEBUG - Starting outermost env
2023-11-19 20:00:03,644 - rasterio.env - DEBUG - No GDAL environment exists
2023-11-19 20:00:03,644 - rasterio.env - DEBUG - New GDAL environment <rasterio._env.GDALEnv object at 0x7fdf48d85c90> created
2023-11-19 20:00:03,645 - rasterio._env - DEBUG - GDAL data found in package: path='/home/swx/miniconda3/envs/present_weather/lib/python3.12/site-packages/rasterio/gdal_data'.
2023-11-19 20:00:03,645 - rasterio._env - DEBUG - PROJ_LIB found in environment.
2023-11-19 20:00:03,645 - rasterio._env - DEBUG - Started GDALEnv: self=<rasterio._env.GDALEnv object at 0x7fdf48d85c90>.
2023-11-19 20:00:03,645 - rasterio.env - DEBUG - Entered env context: <rasterio.env.Env object at 0x7fdf1f541af0>
2023-11-19 20:00:03,646 - rasterio.env - DEBUG - Got a copy of environment <rasterio._env.GDALEnv object at 0x7fdf48d85c90> options
2023-11-19 20:00:03,647 - rasterio.env - DEBUG - Entering env context: <rasterio.env.Env object at 0x7fdf48a0f620>
2023-11-19 20:00:03,647 - rasterio.env - DEBUG - Got a copy of environment <rasterio._env.GDALEnv object at 0x7fdf48d85c90> options
2023-11-19 20:00:03,647 - rasterio.env - DEBUG - Entered env context: <rasterio.env.Env object at 0x7fdf48a0f620>
2023-11-19 20:00:03,647 - rasterio._base - DEBUG - Sharing flag: 0
2023-11-19 20:00:03,648 - rasterio._base - DEBUG - Nodata success: 1, Nodata value: nan
2023-11-19 20:00:03,648 - rasterio._base - DEBUG - Dataset <open DatasetReader name='https://radar.bmkg.go.id/raster/radarsatelit_202311191950.tif' mode='r'> is started.
2023-11-19 20:00:03,648 - rasterio.env - DEBUG - Exiting env context: <rasterio.env.Env object at 0x7fdf48a0f620>
2023-11-19 20:00:03,648 - rasterio.env - DEBUG - Cleared existing <rasterio._env.GDALEnv object at 0x7fdf48d85c90> options
2023-11-19 20:00:03,649 - rasterio._env - DEBUG - Stopped GDALEnv <rasterio._env.GDALEnv object at 0x7fdf48d85c90>.
2023-11-19 20:00:03,649 - rasterio.env - DEBUG - No GDAL environment exists
2023-11-19 20:00:03,649 - rasterio.env - DEBUG - New GDAL environment <rasterio._env.GDALEnv object at 0x7fdf48d85c90> created
2023-11-19 20:00:03,649 - rasterio._env - DEBUG - GDAL data found in package: path='/home/swx/miniconda3/envs/present_weather/lib/python3.12/site-packages/rasterio/gdal_data'.
2023-11-19 20:00:03,649 - rasterio._env - DEBUG - PROJ_LIB found in environment.
2023-11-19 20:00:03,650 - rasterio._env - DEBUG - Started GDALEnv: self=<rasterio._env.GDALEnv object at 0x7fdf48d85c90>.
2023-11-19 20:00:03,650 - rasterio.env - DEBUG - Exited env context: <rasterio.env.Env object at 0x7fdf48a0f620>
2023-11-19 20:00:03,686 - rasterio._io - DEBUG - Output nodata value read from file: nan
2023-11-19 20:00:03,687 - rasterio._io - DEBUG - Output nodata values: [nan]
2023-11-19 20:00:03,687 - rasterio._io - DEBUG - all_valid: False
2023-11-19 20:00:03,687 - rasterio._io - DEBUG - mask_flags: ([<MaskFlags.nodata: 8>],)
2023-11-19 20:00:03,688 - rasterio._io - DEBUG - Jump straight to _read()
2023-11-19 20:00:03,688 - rasterio._io - DEBUG - Window: Window(col_off=0, row_off=0, width=10215, height=3792)
2023-11-19 20:00:03,688 - rasterio._io - DEBUG - IO window xoff=0.0 yoff=0.0 width=10215.0 height=3792.0
2023-11-19 20:00:04,371 - rasterio.env - DEBUG - Exiting env context: <rasterio.env.Env object at 0x7fdf1f541af0>
2023-11-19 20:00:04,371 - rasterio.env - DEBUG - Cleared existing <rasterio._env.GDALEnv object at 0x7fdf48d85c90> options
2023-11-19 20:00:04,371 - rasterio._env - DEBUG - Stopped GDALEnv <rasterio._env.GDALEnv object at 0x7fdf48d85c90>.
2023-11-19 20:00:04,371 - rasterio.env - DEBUG - Exiting outermost env
2023-11-19 20:00:04,371 - rasterio.env - DEBUG - Exited env context: <rasterio.env.Env object at 0x7fdf1f541af0>
2023-11-19 20:00:04,374 - urllib3.connectionpool - DEBUG - Starting new HTTPS connection (1): radar.bmkg.go.id:8060
2023-11-19 20:00:04,445 - urllib3.connectionpool - DEBUG - https://radar.bmkg.go.id:8060 "GET /getLatestLD?typeData=1 HTTP/1.1" 200 50835
2023-11-19 20:00:04,471 - asyncio - DEBUG - Using selector: EpollSelector
2023-11-19 20:00:11,079 - root - INFO - dask.bag<lambda, npartitions=34>
2023-11-19 20:16:17,224 - root - INFO - Total elapsed time: 0:16:13.873862
