2023-11-23 04:43:03,176 - root - INFO - Initiating present weather
2023-11-23 04:43:03,180 - asyncio - DEBUG - Using selector: EpollSelector
2023-11-23 04:43:06,441 - urllib3.connectionpool - DEBUG - Starting new HTTPS connection (1): radar.bmkg.go.id:8060
2023-11-23 04:43:18,047 - rasterio.env - DEBUG - Entering env context: <rasterio.env.Env object at 0x7fe82533be30>
2023-11-23 04:43:18,048 - rasterio.env - DEBUG - Starting outermost env
2023-11-23 04:43:18,049 - rasterio.env - DEBUG - No GDAL environment exists
2023-11-23 04:43:18,049 - rasterio.env - DEBUG - New GDAL environment <rasterio._env.GDALEnv object at 0x7fe82533bdc0> created
2023-11-23 04:43:18,056 - rasterio._filepath - DEBUG - Installing FilePath filesystem handler plugin...
2023-11-23 04:43:18,057 - rasterio._env - DEBUG - GDAL data found in package: path='/home/swx/miniconda3/envs/present_weather/lib/python3.12/site-packages/rasterio/gdal_data'.
2023-11-23 04:43:18,057 - rasterio._env - DEBUG - PROJ_LIB found in environment.
2023-11-23 04:43:18,057 - rasterio._env - DEBUG - Started GDALEnv: self=<rasterio._env.GDALEnv object at 0x7fe82533bdc0>.
2023-11-23 04:43:18,057 - rasterio.env - DEBUG - Entered env context: <rasterio.env.Env object at 0x7fe82533be30>
2023-11-23 04:43:18,057 - rasterio._base - DEBUG - Sharing flag: 0
2023-11-23 04:43:18,078 - rasterio._base - DEBUG - Nodata success: 0, Nodata value: 0.000000
2023-11-23 04:43:18,078 - rasterio._base - DEBUG - Dataset <open DatasetReader name='/home/swx/present_weather/src/H09_B13_Indonesia_20231123.Z0430.cor.tiff' mode='r'> is started.
2023-11-23 04:43:18,079 - rasterio.env - DEBUG - Exiting env context: <rasterio.env.Env object at 0x7fe82533be30>
2023-11-23 04:43:18,079 - rasterio.env - DEBUG - Cleared existing <rasterio._env.GDALEnv object at 0x7fe82533bdc0> options
2023-11-23 04:43:18,079 - rasterio._env - DEBUG - Stopped GDALEnv <rasterio._env.GDALEnv object at 0x7fe82533bdc0>.
2023-11-23 04:43:18,079 - rasterio.env - DEBUG - Exiting outermost env
2023-11-23 04:43:18,079 - rasterio.env - DEBUG - Exited env context: <rasterio.env.Env object at 0x7fe82533be30>
2023-11-23 04:43:18,080 - rasterio.env - DEBUG - Entering env context: <rasterio.env.Env object at 0x7fe82533b920>
2023-11-23 04:43:18,080 - rasterio.env - DEBUG - Starting outermost env
2023-11-23 04:43:18,080 - rasterio.env - DEBUG - No GDAL environment exists
2023-11-23 04:43:18,080 - rasterio.env - DEBUG - New GDAL environment <rasterio._env.GDALEnv object at 0x7fe82533a200> created
2023-11-23 04:43:18,081 - rasterio._env - DEBUG - GDAL data found in package: path='/home/swx/miniconda3/envs/present_weather/lib/python3.12/site-packages/rasterio/gdal_data'.
2023-11-23 04:43:18,081 - rasterio._env - DEBUG - PROJ_LIB found in environment.
2023-11-23 04:43:18,081 - rasterio._env - DEBUG - Started GDALEnv: self=<rasterio._env.GDALEnv object at 0x7fe82533a200>.
2023-11-23 04:43:18,081 - rasterio.env - DEBUG - Entered env context: <rasterio.env.Env object at 0x7fe82533b920>
2023-11-23 04:43:18,082 - rasterio._base - DEBUG - Sharing flag: 0
2023-11-23 04:43:18,083 - rasterio._base - DEBUG - Nodata success: 0, Nodata value: 0.000000
2023-11-23 04:43:18,083 - rasterio._base - DEBUG - Dataset <open DatasetReader name='/home/swx/present_weather/src/H09_B13_Indonesia_20231123.Z0430.cor.tiff' mode='r'> is started.
2023-11-23 04:43:18,083 - rasterio.env - DEBUG - Exiting env context: <rasterio.env.Env object at 0x7fe82533b920>
2023-11-23 04:43:18,084 - rasterio.env - DEBUG - Cleared existing <rasterio._env.GDALEnv object at 0x7fe82533a200> options
2023-11-23 04:43:18,084 - rasterio._env - DEBUG - Stopped GDALEnv <rasterio._env.GDALEnv object at 0x7fe82533a200>.
2023-11-23 04:43:18,084 - rasterio.env - DEBUG - Exiting outermost env
2023-11-23 04:43:18,084 - rasterio.env - DEBUG - Exited env context: <rasterio.env.Env object at 0x7fe82533b920>
2023-11-23 04:43:18,121 - root - INFO - dask.bag<lambda, npartitions=20>
2023-11-23 04:44:25,297 - root - INFO - Total elapsed time: 0:01:22.122056
