2023-11-15 22:00:03,971 - root - INFO - Initiating present weather
2023-11-15 22:00:03,973 - urllib3.connectionpool - DEBUG - Starting new HTTPS connection (1): radar.bmkg.go.id:8060
2023-11-15 22:00:04,039 - urllib3.connectionpool - DEBUG - https://radar.bmkg.go.id:8060 "GET /getRadarGeotif?token=19387e71e78522ae4172ec0fda640983b8438c9cfa0ca571623cb69d8327&radar=amandemenForecast&type=latest HTTP/1.1" 200 90
2023-11-15 22:00:04,043 - rasterio.env - DEBUG - Entering env context: <rasterio.env.Env object at 0x7f8a268f90d0>
2023-11-15 22:00:04,044 - rasterio.env - DEBUG - Starting outermost env
2023-11-15 22:00:04,044 - rasterio.env - DEBUG - No GDAL environment exists
2023-11-15 22:00:04,044 - rasterio.env - DEBUG - New GDAL environment <rasterio._env.GDALEnv object at 0x7f89d4374190> created
2023-11-15 22:00:04,049 - rasterio._filepath - DEBUG - Installing FilePath filesystem handler plugin...
2023-11-15 22:00:04,049 - rasterio._env - DEBUG - GDAL data found in package: path='/home/swx/miniconda3/envs/present_weather/lib/python3.12/site-packages/rasterio/gdal_data'.
2023-11-15 22:00:04,049 - rasterio._env - DEBUG - PROJ_LIB found in environment.
2023-11-15 22:00:04,049 - rasterio._env - DEBUG - Started GDALEnv: self=<rasterio._env.GDALEnv object at 0x7f89d4374190>.
2023-11-15 22:00:04,049 - rasterio.env - DEBUG - Entered env context: <rasterio.env.Env object at 0x7f8a268f90d0>
2023-11-15 22:00:04,049 - rasterio._base - DEBUG - Sharing flag: 0
2023-11-15 22:00:04,259 - rasterio._base - DEBUG - Nodata success: 1, Nodata value: nan
2023-11-15 22:00:04,259 - rasterio._base - DEBUG - Dataset <open DatasetReader name='https://radar.bmkg.go.id/raster/radarsatelit_202311152150.tif' mode='r'> is started.
2023-11-15 22:00:04,260 - rasterio.env - DEBUG - Exiting env context: <rasterio.env.Env object at 0x7f8a268f90d0>
2023-11-15 22:00:04,260 - rasterio.env - DEBUG - Cleared existing <rasterio._env.GDALEnv object at 0x7f89d4374190> options
2023-11-15 22:00:04,260 - rasterio._env - DEBUG - Stopped GDALEnv <rasterio._env.GDALEnv object at 0x7f89d4374190>.
2023-11-15 22:00:04,260 - rasterio.env - DEBUG - Exiting outermost env
2023-11-15 22:00:04,260 - rasterio.env - DEBUG - Exited env context: <rasterio.env.Env object at 0x7f8a268f90d0>
2023-11-15 22:00:04,260 - rasterio.env - DEBUG - Entering env context: <rasterio.env.Env object at 0x7f8a268f90d0>
2023-11-15 22:00:04,260 - rasterio.env - DEBUG - Starting outermost env
2023-11-15 22:00:04,260 - rasterio.env - DEBUG - No GDAL environment exists
2023-11-15 22:00:04,261 - rasterio.env - DEBUG - New GDAL environment <rasterio._env.GDALEnv object at 0x7f89d43a35b0> created
2023-11-15 22:00:04,261 - rasterio._env - DEBUG - GDAL data found in package: path='/home/swx/miniconda3/envs/present_weather/lib/python3.12/site-packages/rasterio/gdal_data'.
2023-11-15 22:00:04,261 - rasterio._env - DEBUG - PROJ_LIB found in environment.
2023-11-15 22:00:04,261 - rasterio._env - DEBUG - Started GDALEnv: self=<rasterio._env.GDALEnv object at 0x7f89d43a35b0>.
2023-11-15 22:00:04,262 - rasterio.env - DEBUG - Entered env context: <rasterio.env.Env object at 0x7f8a268f90d0>
2023-11-15 22:00:04,262 - rasterio.env - DEBUG - Got a copy of environment <rasterio._env.GDALEnv object at 0x7f89d43a35b0> options
2023-11-15 22:00:04,262 - rasterio.env - DEBUG - Entering env context: <rasterio.env.Env object at 0x7f89d4870cb0>
2023-11-15 22:00:04,262 - rasterio.env - DEBUG - Got a copy of environment <rasterio._env.GDALEnv object at 0x7f89d43a35b0> options
2023-11-15 22:00:04,262 - rasterio.env - DEBUG - Entered env context: <rasterio.env.Env object at 0x7f89d4870cb0>
2023-11-15 22:00:04,263 - rasterio._base - DEBUG - Sharing flag: 0
2023-11-15 22:00:04,264 - rasterio._base - DEBUG - Nodata success: 1, Nodata value: nan
2023-11-15 22:00:04,264 - rasterio._base - DEBUG - Dataset <open DatasetReader name='https://radar.bmkg.go.id/raster/radarsatelit_202311152150.tif' mode='r'> is started.
2023-11-15 22:00:04,264 - rasterio.env - DEBUG - Exiting env context: <rasterio.env.Env object at 0x7f89d4870cb0>
2023-11-15 22:00:04,264 - rasterio.env - DEBUG - Cleared existing <rasterio._env.GDALEnv object at 0x7f89d43a35b0> options
2023-11-15 22:00:04,264 - rasterio._env - DEBUG - Stopped GDALEnv <rasterio._env.GDALEnv object at 0x7f89d43a35b0>.
2023-11-15 22:00:04,264 - rasterio.env - DEBUG - No GDAL environment exists
2023-11-15 22:00:04,264 - rasterio.env - DEBUG - New GDAL environment <rasterio._env.GDALEnv object at 0x7f89d43a35b0> created
2023-11-15 22:00:04,265 - rasterio._env - DEBUG - GDAL data found in package: path='/home/swx/miniconda3/envs/present_weather/lib/python3.12/site-packages/rasterio/gdal_data'.
2023-11-15 22:00:04,265 - rasterio._env - DEBUG - PROJ_LIB found in environment.
2023-11-15 22:00:04,265 - rasterio._env - DEBUG - Started GDALEnv: self=<rasterio._env.GDALEnv object at 0x7f89d43a35b0>.
2023-11-15 22:00:04,265 - rasterio.env - DEBUG - Exited env context: <rasterio.env.Env object at 0x7f89d4870cb0>
2023-11-15 22:00:04,295 - rasterio._io - DEBUG - Output nodata value read from file: nan
2023-11-15 22:00:04,295 - rasterio._io - DEBUG - Output nodata values: [nan]
2023-11-15 22:00:04,296 - rasterio._io - DEBUG - all_valid: False
2023-11-15 22:00:04,296 - rasterio._io - DEBUG - mask_flags: ([<MaskFlags.nodata: 8>],)
2023-11-15 22:00:04,296 - rasterio._io - DEBUG - Jump straight to _read()
2023-11-15 22:00:04,296 - rasterio._io - DEBUG - Window: Window(col_off=0, row_off=0, width=10215, height=3789)
2023-11-15 22:00:04,297 - rasterio._io - DEBUG - IO window xoff=0.0 yoff=0.0 width=10215.0 height=3789.0
2023-11-15 22:00:05,011 - rasterio.env - DEBUG - Exiting env context: <rasterio.env.Env object at 0x7f8a268f90d0>
2023-11-15 22:00:05,011 - rasterio.env - DEBUG - Cleared existing <rasterio._env.GDALEnv object at 0x7f89d43a35b0> options
2023-11-15 22:00:05,011 - rasterio._env - DEBUG - Stopped GDALEnv <rasterio._env.GDALEnv object at 0x7f89d43a35b0>.
2023-11-15 22:00:05,011 - rasterio.env - DEBUG - Exiting outermost env
2023-11-15 22:00:05,012 - rasterio.env - DEBUG - Exited env context: <rasterio.env.Env object at 0x7f8a268f90d0>
2023-11-15 22:00:05,014 - urllib3.connectionpool - DEBUG - Starting new HTTPS connection (1): radar.bmkg.go.id:8060
2023-11-15 22:00:05,079 - urllib3.connectionpool - DEBUG - https://radar.bmkg.go.id:8060 "GET /getLatestLD?typeData=1 HTTP/1.1" 200 81927
2023-11-15 22:00:05,108 - asyncio - DEBUG - Using selector: EpollSelector
2023-11-15 22:00:12,164 - root - INFO - dask.bag<lambda, npartitions=34>
2023-11-15 22:13:52,687 - root - INFO - Total elapsed time: 0:13:48.716500
