2023-11-28 12:12:16,983 - root - INFO - Initiating present weather
2023-11-28 12:12:16,985 - asyncio - DEBUG - Using selector: EpollSelector
2023-11-28 12:12:18,454 - urllib3.connectionpool - DEBUG - Starting new HTTPS connection (1): radar.bmkg.go.id:8060
2023-11-28 12:12:18,467 - urllib3.connectionpool - DEBUG - https://radar.bmkg.go.id:8060 "GET /getLatestLD?typeData=1 HTTP/1.1" 200 62
2023-11-28 12:12:18,469 - urllib3.connectionpool - DEBUG - Starting new HTTPS connection (1): radar.bmkg.go.id:8060
2023-11-28 12:12:18,490 - urllib3.connectionpool - DEBUG - https://radar.bmkg.go.id:8060 "GET /getRadarGeotif?token=19387e71e78522ae4172ec0fda640983b8438c9cfa0ca571623cb69d8327&radar=amandemenForecast&type=latest HTTP/1.1" 200 90
2023-11-28 12:12:18,490 - rasterio.env - DEBUG - Entering env context: <rasterio.env.Env object at 0x7f7d64202800>
2023-11-28 12:12:18,491 - rasterio.env - DEBUG - Starting outermost env
2023-11-28 12:12:18,491 - rasterio.env - DEBUG - No GDAL environment exists
2023-11-28 12:12:18,491 - rasterio.env - DEBUG - New GDAL environment <rasterio._env.GDALEnv object at 0x7f7d642028c0> created
2023-11-28 12:12:18,494 - rasterio._filepath - DEBUG - Installing FilePath filesystem handler plugin...
2023-11-28 12:12:18,494 - rasterio._env - DEBUG - GDAL data found in package: path='/home/metpublic/PYTHON_VENV/present_weather/lib/python3.10/site-packages/rasterio/gdal_data'.
2023-11-28 12:12:18,494 - rasterio._env - DEBUG - PROJ data found in package: path='/home/metpublic/PYTHON_VENV/present_weather/lib/python3.10/site-packages/rasterio/proj_data'.
2023-11-28 12:12:18,494 - rasterio._env - DEBUG - Started GDALEnv: self=<rasterio._env.GDALEnv object at 0x7f7d642028c0>.
2023-11-28 12:12:18,494 - rasterio.env - DEBUG - Entered env context: <rasterio.env.Env object at 0x7f7d64202800>
2023-11-28 12:12:18,494 - rasterio._base - DEBUG - Sharing flag: 0
2023-11-28 12:12:18,673 - rasterio._base - DEBUG - Nodata success: 1, Nodata value: nan
2023-11-28 12:12:18,673 - rasterio._base - DEBUG - Dataset <open DatasetReader name='https://radar.bmkg.go.id/raster/radarsatelit_202311281210.tif' mode='r'> is started.
2023-11-28 12:12:18,674 - rasterio.env - DEBUG - Exiting env context: <rasterio.env.Env object at 0x7f7d64202800>
2023-11-28 12:12:18,674 - rasterio.env - DEBUG - Cleared existing <rasterio._env.GDALEnv object at 0x7f7d642028c0> options
2023-11-28 12:12:18,674 - rasterio._env - DEBUG - Stopped GDALEnv <rasterio._env.GDALEnv object at 0x7f7d642028c0>.
2023-11-28 12:12:18,674 - rasterio.env - DEBUG - Exiting outermost env
2023-11-28 12:12:18,674 - rasterio.env - DEBUG - Exited env context: <rasterio.env.Env object at 0x7f7d64202800>
2023-11-28 12:12:18,674 - rasterio.env - DEBUG - Entering env context: <rasterio.env.Env object at 0x7f7d638a8220>
2023-11-28 12:12:18,674 - rasterio.env - DEBUG - Starting outermost env
2023-11-28 12:12:18,674 - rasterio.env - DEBUG - No GDAL environment exists
2023-11-28 12:12:18,674 - rasterio.env - DEBUG - New GDAL environment <rasterio._env.GDALEnv object at 0x7f7d642028c0> created
2023-11-28 12:12:18,675 - rasterio._env - DEBUG - GDAL data found in package: path='/home/metpublic/PYTHON_VENV/present_weather/lib/python3.10/site-packages/rasterio/gdal_data'.
2023-11-28 12:12:18,675 - rasterio._env - DEBUG - PROJ data found in package: path='/home/metpublic/PYTHON_VENV/present_weather/lib/python3.10/site-packages/rasterio/proj_data'.
2023-11-28 12:12:18,675 - rasterio._env - DEBUG - Started GDALEnv: self=<rasterio._env.GDALEnv object at 0x7f7d642028c0>.
2023-11-28 12:12:18,675 - rasterio.env - DEBUG - Entered env context: <rasterio.env.Env object at 0x7f7d638a8220>
2023-11-28 12:12:18,675 - rasterio.env - DEBUG - Got a copy of environment <rasterio._env.GDALEnv object at 0x7f7d642028c0> options
2023-11-28 12:12:18,675 - rasterio.env - DEBUG - Entering env context: <rasterio.env.Env object at 0x7f7d638cf6a0>
2023-11-28 12:12:18,675 - rasterio.env - DEBUG - Got a copy of environment <rasterio._env.GDALEnv object at 0x7f7d642028c0> options
2023-11-28 12:12:18,675 - rasterio.env - DEBUG - Entered env context: <rasterio.env.Env object at 0x7f7d638cf6a0>
2023-11-28 12:12:18,676 - rasterio._base - DEBUG - Sharing flag: 0
2023-11-28 12:12:18,678 - rasterio._base - DEBUG - Nodata success: 1, Nodata value: nan
2023-11-28 12:12:18,678 - rasterio._base - DEBUG - Dataset <open DatasetReader name='https://radar.bmkg.go.id/raster/radarsatelit_202311281210.tif' mode='r'> is started.
2023-11-28 12:12:18,678 - rasterio.env - DEBUG - Exiting env context: <rasterio.env.Env object at 0x7f7d638cf6a0>
2023-11-28 12:12:18,678 - rasterio.env - DEBUG - Cleared existing <rasterio._env.GDALEnv object at 0x7f7d642028c0> options
2023-11-28 12:12:18,678 - rasterio._env - DEBUG - Stopped GDALEnv <rasterio._env.GDALEnv object at 0x7f7d642028c0>.
2023-11-28 12:12:18,678 - rasterio.env - DEBUG - No GDAL environment exists
2023-11-28 12:12:18,678 - rasterio.env - DEBUG - New GDAL environment <rasterio._env.GDALEnv object at 0x7f7d642028c0> created
2023-11-28 12:12:18,679 - rasterio._env - DEBUG - GDAL data found in package: path='/home/metpublic/PYTHON_VENV/present_weather/lib/python3.10/site-packages/rasterio/gdal_data'.
2023-11-28 12:12:18,679 - rasterio._env - DEBUG - PROJ data found in package: path='/home/metpublic/PYTHON_VENV/present_weather/lib/python3.10/site-packages/rasterio/proj_data'.
2023-11-28 12:12:18,679 - rasterio._env - DEBUG - Started GDALEnv: self=<rasterio._env.GDALEnv object at 0x7f7d642028c0>.
2023-11-28 12:12:18,679 - rasterio.env - DEBUG - Exited env context: <rasterio.env.Env object at 0x7f7d638cf6a0>
2023-11-28 12:12:18,695 - rasterio._io - DEBUG - Output nodata value read from file: nan
2023-11-28 12:12:18,695 - rasterio._io - DEBUG - Output nodata values: [nan]
2023-11-28 12:12:18,696 - rasterio._io - DEBUG - all_valid: False
2023-11-28 12:12:18,696 - rasterio._io - DEBUG - mask_flags: ([<MaskFlags.nodata: 8>],)
2023-11-28 12:12:18,696 - rasterio._io - DEBUG - Jump straight to _read()
2023-11-28 12:12:18,696 - rasterio._io - DEBUG - Window: Window(col_off=0, row_off=0, width=10178, height=3732)
2023-11-28 12:12:18,696 - rasterio._io - DEBUG - IO window xoff=0.0 yoff=0.0 width=10178.0 height=3732.0
2023-11-28 12:12:19,262 - rasterio.env - DEBUG - Exiting env context: <rasterio.env.Env object at 0x7f7d638a8220>
2023-11-28 12:12:19,263 - rasterio.env - DEBUG - Cleared existing <rasterio._env.GDALEnv object at 0x7f7d642028c0> options
2023-11-28 12:12:19,263 - rasterio._env - DEBUG - Stopped GDALEnv <rasterio._env.GDALEnv object at 0x7f7d642028c0>.
2023-11-28 12:12:19,263 - rasterio.env - DEBUG - Exiting outermost env
2023-11-28 12:12:19,263 - rasterio.env - DEBUG - Exited env context: <rasterio.env.Env object at 0x7f7d638a8220>
2023-11-28 12:19:42,816 - root - INFO - Total elapsed time: 0:07:25.832515
