2023-11-23 21:23:03,881 - root - INFO - Initiating present weather
2023-11-23 21:23:03,884 - asyncio - DEBUG - Using selector: EpollSelector
2023-11-23 21:23:07,180 - urllib3.connectionpool - DEBUG - Starting new HTTPS connection (1): radar.bmkg.go.id:8060
2023-11-23 21:23:07,249 - urllib3.connectionpool - DEBUG - https://radar.bmkg.go.id:8060 "GET /getRadarGeotif?token=19387e71e78522ae4172ec0fda640983b8438c9cfa0ca571623cb69d8327&radar=amandemenForecast&type=latest HTTP/1.1" 200 90
2023-11-23 21:23:07,252 - rasterio.env - DEBUG - Entering env context: <rasterio.env.Env object at 0x7fc6530c77d0>
2023-11-23 21:23:07,252 - rasterio.env - DEBUG - Starting outermost env
2023-11-23 21:23:07,253 - rasterio.env - DEBUG - No GDAL environment exists
2023-11-23 21:23:07,253 - rasterio.env - DEBUG - New GDAL environment <rasterio._env.GDALEnv object at 0x7fc6530c7940> created
2023-11-23 21:23:07,257 - rasterio._filepath - DEBUG - Installing FilePath filesystem handler plugin...
2023-11-23 21:23:07,257 - rasterio._env - DEBUG - GDAL data found in package: path='/home/swx/miniconda3/envs/present_weather/lib/python3.12/site-packages/rasterio/gdal_data'.
2023-11-23 21:23:07,257 - rasterio._env - DEBUG - PROJ_LIB found in environment.
2023-11-23 21:23:07,257 - rasterio._env - DEBUG - Started GDALEnv: self=<rasterio._env.GDALEnv object at 0x7fc6530c7940>.
2023-11-23 21:23:07,257 - rasterio.env - DEBUG - Entered env context: <rasterio.env.Env object at 0x7fc6530c77d0>
2023-11-23 21:23:07,258 - rasterio._base - DEBUG - Sharing flag: 0
2023-11-23 21:23:07,455 - rasterio._base - DEBUG - Nodata success: 1, Nodata value: nan
2023-11-23 21:23:07,455 - rasterio._base - DEBUG - Dataset <open DatasetReader name='https://radar.bmkg.go.id/raster/radarsatelit_202311232120.tif' mode='r'> is started.
2023-11-23 21:23:07,455 - rasterio.env - DEBUG - Exiting env context: <rasterio.env.Env object at 0x7fc6530c77d0>
2023-11-23 21:23:07,456 - rasterio.env - DEBUG - Cleared existing <rasterio._env.GDALEnv object at 0x7fc6530c7940> options
2023-11-23 21:23:07,456 - rasterio._env - DEBUG - Stopped GDALEnv <rasterio._env.GDALEnv object at 0x7fc6530c7940>.
2023-11-23 21:23:07,456 - rasterio.env - DEBUG - Exiting outermost env
2023-11-23 21:23:07,456 - rasterio.env - DEBUG - Exited env context: <rasterio.env.Env object at 0x7fc6530c77d0>
2023-11-23 21:23:07,457 - rasterio.env - DEBUG - Entering env context: <rasterio.env.Env object at 0x7fc6522a3260>
2023-11-23 21:23:07,457 - rasterio.env - DEBUG - Starting outermost env
2023-11-23 21:23:07,457 - rasterio.env - DEBUG - No GDAL environment exists
2023-11-23 21:23:07,457 - rasterio.env - DEBUG - New GDAL environment <rasterio._env.GDALEnv object at 0x7fc650718be0> created
2023-11-23 21:23:07,458 - rasterio._env - DEBUG - GDAL data found in package: path='/home/swx/miniconda3/envs/present_weather/lib/python3.12/site-packages/rasterio/gdal_data'.
2023-11-23 21:23:07,458 - rasterio._env - DEBUG - PROJ_LIB found in environment.
2023-11-23 21:23:07,459 - rasterio._env - DEBUG - Started GDALEnv: self=<rasterio._env.GDALEnv object at 0x7fc650718be0>.
2023-11-23 21:23:07,459 - rasterio.env - DEBUG - Entered env context: <rasterio.env.Env object at 0x7fc6522a3260>
2023-11-23 21:23:07,459 - rasterio.env - DEBUG - Got a copy of environment <rasterio._env.GDALEnv object at 0x7fc650718be0> options
2023-11-23 21:23:07,460 - rasterio.env - DEBUG - Entering env context: <rasterio.env.Env object at 0x7fc6307484d0>
2023-11-23 21:23:07,460 - rasterio.env - DEBUG - Got a copy of environment <rasterio._env.GDALEnv object at 0x7fc650718be0> options
2023-11-23 21:23:07,460 - rasterio.env - DEBUG - Entered env context: <rasterio.env.Env object at 0x7fc6307484d0>
2023-11-23 21:23:07,460 - rasterio._base - DEBUG - Sharing flag: 0
2023-11-23 21:23:07,461 - rasterio._base - DEBUG - Nodata success: 1, Nodata value: nan
2023-11-23 21:23:07,461 - rasterio._base - DEBUG - Dataset <open DatasetReader name='https://radar.bmkg.go.id/raster/radarsatelit_202311232120.tif' mode='r'> is started.
2023-11-23 21:23:07,461 - rasterio.env - DEBUG - Exiting env context: <rasterio.env.Env object at 0x7fc6307484d0>
2023-11-23 21:23:07,461 - rasterio.env - DEBUG - Cleared existing <rasterio._env.GDALEnv object at 0x7fc650718be0> options
2023-11-23 21:23:07,461 - rasterio._env - DEBUG - Stopped GDALEnv <rasterio._env.GDALEnv object at 0x7fc650718be0>.
2023-11-23 21:23:07,461 - rasterio.env - DEBUG - No GDAL environment exists
2023-11-23 21:23:07,462 - rasterio.env - DEBUG - New GDAL environment <rasterio._env.GDALEnv object at 0x7fc650718be0> created
2023-11-23 21:23:07,462 - rasterio._env - DEBUG - GDAL data found in package: path='/home/swx/miniconda3/envs/present_weather/lib/python3.12/site-packages/rasterio/gdal_data'.
2023-11-23 21:23:07,462 - rasterio._env - DEBUG - PROJ_LIB found in environment.
2023-11-23 21:23:07,462 - rasterio._env - DEBUG - Started GDALEnv: self=<rasterio._env.GDALEnv object at 0x7fc650718be0>.
2023-11-23 21:23:07,463 - rasterio.env - DEBUG - Exited env context: <rasterio.env.Env object at 0x7fc6307484d0>
2023-11-23 21:23:07,490 - rasterio._io - DEBUG - Output nodata value read from file: nan
2023-11-23 21:23:07,490 - rasterio._io - DEBUG - Output nodata values: [nan]
2023-11-23 21:23:07,490 - rasterio._io - DEBUG - all_valid: False
2023-11-23 21:23:07,490 - rasterio._io - DEBUG - mask_flags: ([<MaskFlags.nodata: 8>],)
2023-11-23 21:23:07,491 - rasterio._io - DEBUG - Jump straight to _read()
2023-11-23 21:23:07,491 - rasterio._io - DEBUG - Window: Window(col_off=0, row_off=0, width=10215, height=3792)
2023-11-23 21:23:07,491 - rasterio._io - DEBUG - IO window xoff=0.0 yoff=0.0 width=10215.0 height=3792.0
2023-11-23 21:23:08,236 - rasterio.env - DEBUG - Exiting env context: <rasterio.env.Env object at 0x7fc6522a3260>
2023-11-23 21:23:08,236 - rasterio.env - DEBUG - Cleared existing <rasterio._env.GDALEnv object at 0x7fc650718be0> options
2023-11-23 21:23:08,236 - rasterio._env - DEBUG - Stopped GDALEnv <rasterio._env.GDALEnv object at 0x7fc650718be0>.
2023-11-23 21:23:08,236 - rasterio.env - DEBUG - Exiting outermost env
2023-11-23 21:23:08,236 - rasterio.env - DEBUG - Exited env context: <rasterio.env.Env object at 0x7fc6522a3260>
2023-11-23 21:23:08,239 - urllib3.connectionpool - DEBUG - Starting new HTTPS connection (1): radar.bmkg.go.id:8060
2023-11-23 21:23:08,301 - urllib3.connectionpool - DEBUG - https://radar.bmkg.go.id:8060 "GET /getLatestLD?typeData=1 HTTP/1.1" 200 28191
2023-11-23 21:23:11,666 - root - INFO - dask.bag<lambda, npartitions=20>
2023-11-23 21:28:00,676 - root - INFO - Total elapsed time: 0:04:56.796228
