2023-11-28 14:53:02,187 - root - INFO - Initiating present weather
2023-11-28 14:53:02,189 - asyncio - DEBUG - Using selector: EpollSelector
2023-11-28 14:53:03,757 - urllib3.connectionpool - DEBUG - Starting new HTTPS connection (1): radar.bmkg.go.id:8060
2023-11-28 14:53:03,768 - urllib3.connectionpool - DEBUG - https://radar.bmkg.go.id:8060 "GET /getLatestLD?typeData=1 HTTP/1.1" 200 62
2023-11-28 14:53:03,770 - urllib3.connectionpool - DEBUG - Starting new HTTPS connection (1): radar.bmkg.go.id:8060
2023-11-28 14:53:03,785 - urllib3.connectionpool - DEBUG - https://radar.bmkg.go.id:8060 "GET /getRadarGeotif?token=19387e71e78522ae4172ec0fda640983b8438c9cfa0ca571623cb69d8327&radar=amandemenForecast&type=latest HTTP/1.1" 200 90
2023-11-28 14:53:03,785 - rasterio.env - DEBUG - Entering env context: <rasterio.env.Env object at 0x7efd4dac3f70>
2023-11-28 14:53:03,786 - rasterio.env - DEBUG - Starting outermost env
2023-11-28 14:53:03,786 - rasterio.env - DEBUG - No GDAL environment exists
2023-11-28 14:53:03,786 - rasterio.env - DEBUG - New GDAL environment <rasterio._env.GDALEnv object at 0x7efd4da67af0> created
2023-11-28 14:53:03,789 - rasterio._filepath - DEBUG - Installing FilePath filesystem handler plugin...
2023-11-28 14:53:03,789 - rasterio._env - DEBUG - GDAL data found in package: path='/home/metpublic/PYTHON_VENV/present_weather/lib/python3.10/site-packages/rasterio/gdal_data'.
2023-11-28 14:53:03,790 - rasterio._env - DEBUG - PROJ data found in package: path='/home/metpublic/PYTHON_VENV/present_weather/lib/python3.10/site-packages/rasterio/proj_data'.
2023-11-28 14:53:03,790 - rasterio._env - DEBUG - Started GDALEnv: self=<rasterio._env.GDALEnv object at 0x7efd4da67af0>.
2023-11-28 14:53:03,790 - rasterio.env - DEBUG - Entered env context: <rasterio.env.Env object at 0x7efd4dac3f70>
2023-11-28 14:53:03,790 - rasterio._base - DEBUG - Sharing flag: 0
2023-11-28 14:53:03,976 - rasterio._base - DEBUG - Nodata success: 1, Nodata value: nan
2023-11-28 14:53:03,976 - rasterio._base - DEBUG - Dataset <open DatasetReader name='https://radar.bmkg.go.id/raster/radarsatelit_202311281450.tif' mode='r'> is started.
2023-11-28 14:53:03,976 - rasterio.env - DEBUG - Exiting env context: <rasterio.env.Env object at 0x7efd4dac3f70>
2023-11-28 14:53:03,976 - rasterio.env - DEBUG - Cleared existing <rasterio._env.GDALEnv object at 0x7efd4da67af0> options
2023-11-28 14:53:03,976 - rasterio._env - DEBUG - Stopped GDALEnv <rasterio._env.GDALEnv object at 0x7efd4da67af0>.
2023-11-28 14:53:03,976 - rasterio.env - DEBUG - Exiting outermost env
2023-11-28 14:53:03,977 - rasterio.env - DEBUG - Exited env context: <rasterio.env.Env object at 0x7efd4dac3f70>
2023-11-28 14:53:03,977 - rasterio.env - DEBUG - Entering env context: <rasterio.env.Env object at 0x7efd4dac3fa0>
2023-11-28 14:53:03,977 - rasterio.env - DEBUG - Starting outermost env
2023-11-28 14:53:03,977 - rasterio.env - DEBUG - No GDAL environment exists
2023-11-28 14:53:03,977 - rasterio.env - DEBUG - New GDAL environment <rasterio._env.GDALEnv object at 0x7efd4da67af0> created
2023-11-28 14:53:03,977 - rasterio._env - DEBUG - GDAL data found in package: path='/home/metpublic/PYTHON_VENV/present_weather/lib/python3.10/site-packages/rasterio/gdal_data'.
2023-11-28 14:53:03,977 - rasterio._env - DEBUG - PROJ data found in package: path='/home/metpublic/PYTHON_VENV/present_weather/lib/python3.10/site-packages/rasterio/proj_data'.
2023-11-28 14:53:03,977 - rasterio._env - DEBUG - Started GDALEnv: self=<rasterio._env.GDALEnv object at 0x7efd4da67af0>.
2023-11-28 14:53:03,977 - rasterio.env - DEBUG - Entered env context: <rasterio.env.Env object at 0x7efd4dac3fa0>
2023-11-28 14:53:03,978 - rasterio.env - DEBUG - Got a copy of environment <rasterio._env.GDALEnv object at 0x7efd4da67af0> options
2023-11-28 14:53:03,978 - rasterio.env - DEBUG - Entering env context: <rasterio.env.Env object at 0x7efd4c1ad930>
2023-11-28 14:53:03,978 - rasterio.env - DEBUG - Got a copy of environment <rasterio._env.GDALEnv object at 0x7efd4da67af0> options
2023-11-28 14:53:03,978 - rasterio.env - DEBUG - Entered env context: <rasterio.env.Env object at 0x7efd4c1ad930>
2023-11-28 14:53:03,978 - rasterio._base - DEBUG - Sharing flag: 0
2023-11-28 14:53:03,979 - rasterio._base - DEBUG - Nodata success: 1, Nodata value: nan
2023-11-28 14:53:03,979 - rasterio._base - DEBUG - Dataset <open DatasetReader name='https://radar.bmkg.go.id/raster/radarsatelit_202311281450.tif' mode='r'> is started.
2023-11-28 14:53:03,979 - rasterio.env - DEBUG - Exiting env context: <rasterio.env.Env object at 0x7efd4c1ad930>
2023-11-28 14:53:03,979 - rasterio.env - DEBUG - Cleared existing <rasterio._env.GDALEnv object at 0x7efd4da67af0> options
2023-11-28 14:53:03,979 - rasterio._env - DEBUG - Stopped GDALEnv <rasterio._env.GDALEnv object at 0x7efd4da67af0>.
2023-11-28 14:53:03,979 - rasterio.env - DEBUG - No GDAL environment exists
2023-11-28 14:53:03,979 - rasterio.env - DEBUG - New GDAL environment <rasterio._env.GDALEnv object at 0x7efd4da67af0> created
2023-11-28 14:53:03,980 - rasterio._env - DEBUG - GDAL data found in package: path='/home/metpublic/PYTHON_VENV/present_weather/lib/python3.10/site-packages/rasterio/gdal_data'.
2023-11-28 14:53:03,980 - rasterio._env - DEBUG - PROJ data found in package: path='/home/metpublic/PYTHON_VENV/present_weather/lib/python3.10/site-packages/rasterio/proj_data'.
2023-11-28 14:53:03,980 - rasterio._env - DEBUG - Started GDALEnv: self=<rasterio._env.GDALEnv object at 0x7efd4da67af0>.
2023-11-28 14:53:03,980 - rasterio.env - DEBUG - Exited env context: <rasterio.env.Env object at 0x7efd4c1ad930>
2023-11-28 14:53:03,995 - rasterio._io - DEBUG - Output nodata value read from file: nan
2023-11-28 14:53:03,995 - rasterio._io - DEBUG - Output nodata values: [nan]
2023-11-28 14:53:03,996 - rasterio._io - DEBUG - all_valid: False
2023-11-28 14:53:03,996 - rasterio._io - DEBUG - mask_flags: ([<MaskFlags.nodata: 8>],)
2023-11-28 14:53:03,996 - rasterio._io - DEBUG - Jump straight to _read()
2023-11-28 14:53:03,996 - rasterio._io - DEBUG - Window: Window(col_off=0, row_off=0, width=10177, height=3732)
2023-11-28 14:53:03,996 - rasterio._io - DEBUG - IO window xoff=0.0 yoff=0.0 width=10177.0 height=3732.0
2023-11-28 14:53:04,554 - rasterio.env - DEBUG - Exiting env context: <rasterio.env.Env object at 0x7efd4dac3fa0>
2023-11-28 14:53:04,554 - rasterio.env - DEBUG - Cleared existing <rasterio._env.GDALEnv object at 0x7efd4da67af0> options
2023-11-28 14:53:04,554 - rasterio._env - DEBUG - Stopped GDALEnv <rasterio._env.GDALEnv object at 0x7efd4da67af0>.
2023-11-28 14:53:04,555 - rasterio.env - DEBUG - Exiting outermost env
2023-11-28 14:53:04,555 - rasterio.env - DEBUG - Exited env context: <rasterio.env.Env object at 0x7efd4dac3fa0>
2023-11-28 14:57:51,265 - rasterio.env - DEBUG - Entering env context: <rasterio.env.Env object at 0x7efd4c161ba0>
2023-11-28 14:57:51,265 - rasterio.env - DEBUG - Starting outermost env
2023-11-28 14:57:51,265 - rasterio.env - DEBUG - No GDAL environment exists
2023-11-28 14:57:51,266 - rasterio.env - DEBUG - New GDAL environment <rasterio._env.GDALEnv object at 0x7efd4c161270> created
2023-11-28 14:57:51,266 - rasterio._env - DEBUG - GDAL data found in package: path='/home/metpublic/PYTHON_VENV/present_weather/lib/python3.10/site-packages/rasterio/gdal_data'.
2023-11-28 14:57:51,266 - rasterio._env - DEBUG - PROJ data found in package: path='/home/metpublic/PYTHON_VENV/present_weather/lib/python3.10/site-packages/rasterio/proj_data'.
2023-11-28 14:57:51,267 - rasterio._env - DEBUG - Started GDALEnv: self=<rasterio._env.GDALEnv object at 0x7efd4c161270>.
2023-11-28 14:57:51,267 - rasterio.env - DEBUG - Entered env context: <rasterio.env.Env object at 0x7efd4c161ba0>
2023-11-28 14:57:51,267 - rasterio._base - DEBUG - Sharing flag: 0
2023-11-28 14:57:51,268 - rasterio._base - DEBUG - Nodata success: 0, Nodata value: 0.000000
2023-11-28 14:57:51,269 - rasterio._base - DEBUG - Dataset <open DatasetReader name='/home/metpublic/TASK_RELEASE/EFAN/present_weather/src/H09_B13_Indonesia_20231128.Z1440.cor.tiff' mode='r'> is started.
2023-11-28 14:57:51,269 - rasterio.env - DEBUG - Exiting env context: <rasterio.env.Env object at 0x7efd4c161ba0>
2023-11-28 14:57:51,269 - rasterio.env - DEBUG - Cleared existing <rasterio._env.GDALEnv object at 0x7efd4c161270> options
2023-11-28 14:57:51,269 - rasterio._env - DEBUG - Stopped GDALEnv <rasterio._env.GDALEnv object at 0x7efd4c161270>.
2023-11-28 14:57:51,269 - rasterio.env - DEBUG - Exiting outermost env
2023-11-28 14:57:51,269 - rasterio.env - DEBUG - Exited env context: <rasterio.env.Env object at 0x7efd4c161ba0>
2023-11-28 14:57:51,269 - rasterio.env - DEBUG - Entering env context: <rasterio.env.Env object at 0x7efd3c714070>
2023-11-28 14:57:51,269 - rasterio.env - DEBUG - Starting outermost env
2023-11-28 14:57:51,270 - rasterio.env - DEBUG - No GDAL environment exists
2023-11-28 14:57:51,270 - rasterio.env - DEBUG - New GDAL environment <rasterio._env.GDALEnv object at 0x7efd3c7166b0> created
2023-11-28 14:57:51,270 - rasterio._env - DEBUG - GDAL data found in package: path='/home/metpublic/PYTHON_VENV/present_weather/lib/python3.10/site-packages/rasterio/gdal_data'.
2023-11-28 14:57:51,270 - rasterio._env - DEBUG - PROJ data found in package: path='/home/metpublic/PYTHON_VENV/present_weather/lib/python3.10/site-packages/rasterio/proj_data'.
2023-11-28 14:57:51,271 - rasterio._env - DEBUG - Started GDALEnv: self=<rasterio._env.GDALEnv object at 0x7efd3c7166b0>.
2023-11-28 14:57:51,271 - rasterio.env - DEBUG - Entered env context: <rasterio.env.Env object at 0x7efd3c714070>
2023-11-28 14:57:51,271 - rasterio._base - DEBUG - Sharing flag: 0
2023-11-28 14:57:51,272 - rasterio._base - DEBUG - Nodata success: 0, Nodata value: 0.000000
2023-11-28 14:57:51,272 - rasterio._base - DEBUG - Dataset <open DatasetReader name='/home/metpublic/TASK_RELEASE/EFAN/present_weather/src/H09_B13_Indonesia_20231128.Z1440.cor.tiff' mode='r'> is started.
2023-11-28 14:57:51,273 - rasterio.env - DEBUG - Exiting env context: <rasterio.env.Env object at 0x7efd3c714070>
2023-11-28 14:57:51,273 - rasterio.env - DEBUG - Cleared existing <rasterio._env.GDALEnv object at 0x7efd3c7166b0> options
2023-11-28 14:57:51,273 - rasterio._env - DEBUG - Stopped GDALEnv <rasterio._env.GDALEnv object at 0x7efd3c7166b0>.
2023-11-28 14:57:51,273 - rasterio.env - DEBUG - Exiting outermost env
2023-11-28 14:57:51,273 - rasterio.env - DEBUG - Exited env context: <rasterio.env.Env object at 0x7efd3c714070>
2023-11-28 14:57:51,285 - root - INFO - Generating present weather using SATELITE data
2023-11-28 14:59:40,674 - root - INFO - Total elapsed time: 0:06:38.487027
