2023-12-22 16:53:02,779 - root - INFO - Initiating present weather
2023-12-22 16:53:02,781 - asyncio - DEBUG - Using selector: EpollSelector
2023-12-22 16:53:04,497 - urllib3.connectionpool - DEBUG - Starting new HTTPS connection (1): radar.bmkg.go.id:8060
2023-12-22 16:53:04,512 - urllib3.connectionpool - DEBUG - https://radar.bmkg.go.id:8060 "GET /getLatestLD?typeData=1 HTTP/1.1" 200 62
2023-12-22 16:53:04,514 - urllib3.connectionpool - DEBUG - Starting new HTTPS connection (1): radar.bmkg.go.id:8060
2023-12-22 16:53:04,539 - urllib3.connectionpool - DEBUG - https://radar.bmkg.go.id:8060 "GET /getRadarGeotif?token=19387e71e78522ae4172ec0fda640983b8438c9cfa0ca571623cb69d8327&radar=amandemenForecast&type=latest HTTP/1.1" 200 90
2023-12-22 16:53:04,540 - rasterio.env - DEBUG - Entering env context: <rasterio.env.Env object at 0x7f0bb3ce15a0>
2023-12-22 16:53:04,540 - rasterio.env - DEBUG - Starting outermost env
2023-12-22 16:53:04,540 - rasterio.env - DEBUG - No GDAL environment exists
2023-12-22 16:53:04,540 - rasterio.env - DEBUG - New GDAL environment <rasterio._env.GDALEnv object at 0x7f0bb3ce15d0> created
2023-12-22 16:53:04,543 - rasterio._filepath - DEBUG - Installing FilePath filesystem handler plugin...
2023-12-22 16:53:04,543 - rasterio._env - DEBUG - GDAL data found in package: path='/home/metpublic/PYTHON_VENV/present_weather/lib/python3.10/site-packages/rasterio/gdal_data'.
2023-12-22 16:53:04,543 - rasterio._env - DEBUG - PROJ data found in package: path='/home/metpublic/PYTHON_VENV/present_weather/lib/python3.10/site-packages/rasterio/proj_data'.
2023-12-22 16:53:04,543 - rasterio._env - DEBUG - Started GDALEnv: self=<rasterio._env.GDALEnv object at 0x7f0bb3ce15d0>.
2023-12-22 16:53:04,543 - rasterio.env - DEBUG - Entered env context: <rasterio.env.Env object at 0x7f0bb3ce15a0>
2023-12-22 16:53:04,543 - rasterio._base - DEBUG - Sharing flag: 0
2023-12-22 16:53:04,887 - rasterio._base - DEBUG - Nodata success: 1, Nodata value: nan
2023-12-22 16:53:04,887 - rasterio._base - DEBUG - Dataset <open DatasetReader name='https://radar.bmkg.go.id/raster/radarsatelit_202312221650.tif' mode='r'> is started.
2023-12-22 16:53:04,887 - rasterio.env - DEBUG - Exiting env context: <rasterio.env.Env object at 0x7f0bb3ce15a0>
2023-12-22 16:53:04,887 - rasterio.env - DEBUG - Cleared existing <rasterio._env.GDALEnv object at 0x7f0bb3ce15d0> options
2023-12-22 16:53:04,887 - rasterio._env - DEBUG - Stopped GDALEnv <rasterio._env.GDALEnv object at 0x7f0bb3ce15d0>.
2023-12-22 16:53:04,887 - rasterio.env - DEBUG - Exiting outermost env
2023-12-22 16:53:04,888 - rasterio.env - DEBUG - Exited env context: <rasterio.env.Env object at 0x7f0bb3ce15a0>
2023-12-22 16:53:04,888 - rasterio.env - DEBUG - Entering env context: <rasterio.env.Env object at 0x7f0bb3c9d8a0>
2023-12-22 16:53:04,888 - rasterio.env - DEBUG - Starting outermost env
2023-12-22 16:53:04,888 - rasterio.env - DEBUG - No GDAL environment exists
2023-12-22 16:53:04,888 - rasterio.env - DEBUG - New GDAL environment <rasterio._env.GDALEnv object at 0x7f0bb461fac0> created
2023-12-22 16:53:04,888 - rasterio._env - DEBUG - GDAL data found in package: path='/home/metpublic/PYTHON_VENV/present_weather/lib/python3.10/site-packages/rasterio/gdal_data'.
2023-12-22 16:53:04,889 - rasterio._env - DEBUG - PROJ data found in package: path='/home/metpublic/PYTHON_VENV/present_weather/lib/python3.10/site-packages/rasterio/proj_data'.
2023-12-22 16:53:04,889 - rasterio._env - DEBUG - Started GDALEnv: self=<rasterio._env.GDALEnv object at 0x7f0bb461fac0>.
2023-12-22 16:53:04,889 - rasterio.env - DEBUG - Entered env context: <rasterio.env.Env object at 0x7f0bb3c9d8a0>
2023-12-22 16:53:04,889 - rasterio.env - DEBUG - Got a copy of environment <rasterio._env.GDALEnv object at 0x7f0bb461fac0> options
2023-12-22 16:53:04,889 - rasterio.env - DEBUG - Entering env context: <rasterio.env.Env object at 0x7f0bb0397490>
2023-12-22 16:53:04,889 - rasterio.env - DEBUG - Got a copy of environment <rasterio._env.GDALEnv object at 0x7f0bb461fac0> options
2023-12-22 16:53:04,889 - rasterio.env - DEBUG - Entered env context: <rasterio.env.Env object at 0x7f0bb0397490>
2023-12-22 16:53:04,889 - rasterio._base - DEBUG - Sharing flag: 0
2023-12-22 16:53:04,891 - rasterio._base - DEBUG - Nodata success: 1, Nodata value: nan
2023-12-22 16:53:04,891 - rasterio._base - DEBUG - Dataset <open DatasetReader name='https://radar.bmkg.go.id/raster/radarsatelit_202312221650.tif' mode='r'> is started.
2023-12-22 16:53:04,891 - rasterio.env - DEBUG - Exiting env context: <rasterio.env.Env object at 0x7f0bb0397490>
2023-12-22 16:53:04,891 - rasterio.env - DEBUG - Cleared existing <rasterio._env.GDALEnv object at 0x7f0bb461fac0> options
2023-12-22 16:53:04,891 - rasterio._env - DEBUG - Stopped GDALEnv <rasterio._env.GDALEnv object at 0x7f0bb461fac0>.
2023-12-22 16:53:04,891 - rasterio.env - DEBUG - No GDAL environment exists
2023-12-22 16:53:04,891 - rasterio.env - DEBUG - New GDAL environment <rasterio._env.GDALEnv object at 0x7f0bb461fac0> created
2023-12-22 16:53:04,891 - rasterio._env - DEBUG - GDAL data found in package: path='/home/metpublic/PYTHON_VENV/present_weather/lib/python3.10/site-packages/rasterio/gdal_data'.
2023-12-22 16:53:04,891 - rasterio._env - DEBUG - PROJ data found in package: path='/home/metpublic/PYTHON_VENV/present_weather/lib/python3.10/site-packages/rasterio/proj_data'.
2023-12-22 16:53:04,892 - rasterio._env - DEBUG - Started GDALEnv: self=<rasterio._env.GDALEnv object at 0x7f0bb461fac0>.
2023-12-22 16:53:04,892 - rasterio.env - DEBUG - Exited env context: <rasterio.env.Env object at 0x7f0bb0397490>
2023-12-22 16:53:04,909 - rasterio._io - DEBUG - Output nodata value read from file: nan
2023-12-22 16:53:04,909 - rasterio._io - DEBUG - Output nodata values: [nan]
2023-12-22 16:53:04,909 - rasterio._io - DEBUG - all_valid: False
2023-12-22 16:53:04,909 - rasterio._io - DEBUG - mask_flags: ([<MaskFlags.nodata: 8>],)
2023-12-22 16:53:04,910 - rasterio._io - DEBUG - Jump straight to _read()
2023-12-22 16:53:04,910 - rasterio._io - DEBUG - Window: Window(col_off=0, row_off=0, width=10176, height=3732)
2023-12-22 16:53:04,910 - rasterio._io - DEBUG - IO window xoff=0.0 yoff=0.0 width=10176.0 height=3732.0
2023-12-22 16:53:05,529 - rasterio.env - DEBUG - Exiting env context: <rasterio.env.Env object at 0x7f0bb3c9d8a0>
2023-12-22 16:53:05,529 - rasterio.env - DEBUG - Cleared existing <rasterio._env.GDALEnv object at 0x7f0bb461fac0> options
2023-12-22 16:53:05,529 - rasterio._env - DEBUG - Stopped GDALEnv <rasterio._env.GDALEnv object at 0x7f0bb461fac0>.
2023-12-22 16:53:05,529 - rasterio.env - DEBUG - Exiting outermost env
2023-12-22 16:53:05,529 - rasterio.env - DEBUG - Exited env context: <rasterio.env.Env object at 0x7f0bb3c9d8a0>
2023-12-22 16:57:49,178 - rasterio.env - DEBUG - Entering env context: <rasterio.env.Env object at 0x7f0bb0050e20>
2023-12-22 16:57:49,179 - rasterio.env - DEBUG - Starting outermost env
2023-12-22 16:57:49,179 - rasterio.env - DEBUG - No GDAL environment exists
2023-12-22 16:57:49,179 - rasterio.env - DEBUG - New GDAL environment <rasterio._env.GDALEnv object at 0x7f0bb0050460> created
2023-12-22 16:57:49,180 - rasterio._env - DEBUG - GDAL data found in package: path='/home/metpublic/PYTHON_VENV/present_weather/lib/python3.10/site-packages/rasterio/gdal_data'.
2023-12-22 16:57:49,180 - rasterio._env - DEBUG - PROJ data found in package: path='/home/metpublic/PYTHON_VENV/present_weather/lib/python3.10/site-packages/rasterio/proj_data'.
2023-12-22 16:57:49,180 - rasterio._env - DEBUG - Started GDALEnv: self=<rasterio._env.GDALEnv object at 0x7f0bb0050460>.
2023-12-22 16:57:49,180 - rasterio.env - DEBUG - Entered env context: <rasterio.env.Env object at 0x7f0bb0050e20>
2023-12-22 16:57:49,180 - rasterio._base - DEBUG - Sharing flag: 0
2023-12-22 16:57:49,182 - rasterio._base - DEBUG - Nodata success: 0, Nodata value: 0.000000
2023-12-22 16:57:49,182 - rasterio._base - DEBUG - Dataset <open DatasetReader name='/home/metpublic/TASK_RELEASE/EFAN/present_weather/src/H09_B13_Indonesia_20231222.Z1630.cor.tiff' mode='r'> is started.
2023-12-22 16:57:49,182 - rasterio.env - DEBUG - Exiting env context: <rasterio.env.Env object at 0x7f0bb0050e20>
2023-12-22 16:57:49,182 - rasterio.env - DEBUG - Cleared existing <rasterio._env.GDALEnv object at 0x7f0bb0050460> options
2023-12-22 16:57:49,182 - rasterio._env - DEBUG - Stopped GDALEnv <rasterio._env.GDALEnv object at 0x7f0bb0050460>.
2023-12-22 16:57:49,182 - rasterio.env - DEBUG - Exiting outermost env
2023-12-22 16:57:49,182 - rasterio.env - DEBUG - Exited env context: <rasterio.env.Env object at 0x7f0bb0050e20>
2023-12-22 16:57:49,182 - rasterio.env - DEBUG - Entering env context: <rasterio.env.Env object at 0x7f0bb0395780>
2023-12-22 16:57:49,182 - rasterio.env - DEBUG - Starting outermost env
2023-12-22 16:57:49,183 - rasterio.env - DEBUG - No GDAL environment exists
2023-12-22 16:57:49,183 - rasterio.env - DEBUG - New GDAL environment <rasterio._env.GDALEnv object at 0x7f0bb03969b0> created
2023-12-22 16:57:49,184 - rasterio._env - DEBUG - GDAL data found in package: path='/home/metpublic/PYTHON_VENV/present_weather/lib/python3.10/site-packages/rasterio/gdal_data'.
2023-12-22 16:57:49,184 - rasterio._env - DEBUG - PROJ data found in package: path='/home/metpublic/PYTHON_VENV/present_weather/lib/python3.10/site-packages/rasterio/proj_data'.
2023-12-22 16:57:49,184 - rasterio._env - DEBUG - Started GDALEnv: self=<rasterio._env.GDALEnv object at 0x7f0bb03969b0>.
2023-12-22 16:57:49,184 - rasterio.env - DEBUG - Entered env context: <rasterio.env.Env object at 0x7f0bb0395780>
2023-12-22 16:57:49,185 - rasterio._base - DEBUG - Sharing flag: 0
2023-12-22 16:57:49,186 - rasterio._base - DEBUG - Nodata success: 0, Nodata value: 0.000000
2023-12-22 16:57:49,186 - rasterio._base - DEBUG - Dataset <open DatasetReader name='/home/metpublic/TASK_RELEASE/EFAN/present_weather/src/H09_B13_Indonesia_20231222.Z1630.cor.tiff' mode='r'> is started.
2023-12-22 16:57:49,186 - rasterio.env - DEBUG - Exiting env context: <rasterio.env.Env object at 0x7f0bb0395780>
2023-12-22 16:57:49,186 - rasterio.env - DEBUG - Cleared existing <rasterio._env.GDALEnv object at 0x7f0bb03969b0> options
2023-12-22 16:57:49,187 - rasterio._env - DEBUG - Stopped GDALEnv <rasterio._env.GDALEnv object at 0x7f0bb03969b0>.
2023-12-22 16:57:49,187 - rasterio.env - DEBUG - Exiting outermost env
2023-12-22 16:57:49,187 - rasterio.env - DEBUG - Exited env context: <rasterio.env.Env object at 0x7f0bb0395780>
2023-12-22 16:57:49,204 - root - INFO - Generating present weather using SATELITE data
2023-12-22 16:59:19,367 - root - INFO - Total elapsed time: 0:06:16.589586
