2023-11-24 23:23:03,862 - root - INFO - Initiating present weather
2023-11-24 23:23:03,866 - asyncio - DEBUG - Using selector: EpollSelector
2023-11-24 23:23:07,135 - urllib3.connectionpool - DEBUG - Starting new HTTPS connection (1): radar.bmkg.go.id:8060
2023-11-24 23:23:07,203 - urllib3.connectionpool - DEBUG - https://radar.bmkg.go.id:8060 "GET /getRadarGeotif?token=19387e71e78522ae4172ec0fda640983b8438c9cfa0ca571623cb69d8327&radar=amandemenForecast&type=latest HTTP/1.1" 200 90
2023-11-24 23:23:07,205 - rasterio.env - DEBUG - Entering env context: <rasterio.env.Env object at 0x7f5e0bc29af0>
2023-11-24 23:23:07,206 - rasterio.env - DEBUG - Starting outermost env
2023-11-24 23:23:07,206 - rasterio.env - DEBUG - No GDAL environment exists
2023-11-24 23:23:07,206 - rasterio.env - DEBUG - New GDAL environment <rasterio._env.GDALEnv object at 0x7f5e0bc4d690> created
2023-11-24 23:23:07,211 - rasterio._filepath - DEBUG - Installing FilePath filesystem handler plugin...
2023-11-24 23:23:07,211 - rasterio._env - DEBUG - GDAL data found in package: path='/home/swx/miniconda3/envs/present_weather/lib/python3.12/site-packages/rasterio/gdal_data'.
2023-11-24 23:23:07,211 - rasterio._env - DEBUG - PROJ_LIB found in environment.
2023-11-24 23:23:07,211 - rasterio._env - DEBUG - Started GDALEnv: self=<rasterio._env.GDALEnv object at 0x7f5e0bc4d690>.
2023-11-24 23:23:07,211 - rasterio.env - DEBUG - Entered env context: <rasterio.env.Env object at 0x7f5e0bc29af0>
2023-11-24 23:23:07,212 - rasterio._base - DEBUG - Sharing flag: 0
2023-11-24 23:23:07,412 - rasterio._base - DEBUG - Nodata success: 1, Nodata value: nan
2023-11-24 23:23:07,413 - rasterio._base - DEBUG - Dataset <open DatasetReader name='https://radar.bmkg.go.id/raster/radarsatelit_202311242320.tif' mode='r'> is started.
2023-11-24 23:23:07,413 - rasterio.env - DEBUG - Exiting env context: <rasterio.env.Env object at 0x7f5e0bc29af0>
2023-11-24 23:23:07,414 - rasterio.env - DEBUG - Cleared existing <rasterio._env.GDALEnv object at 0x7f5e0bc4d690> options
2023-11-24 23:23:07,414 - rasterio._env - DEBUG - Stopped GDALEnv <rasterio._env.GDALEnv object at 0x7f5e0bc4d690>.
2023-11-24 23:23:07,414 - rasterio.env - DEBUG - Exiting outermost env
2023-11-24 23:23:07,414 - rasterio.env - DEBUG - Exited env context: <rasterio.env.Env object at 0x7f5e0bc29af0>
2023-11-24 23:23:07,414 - rasterio.env - DEBUG - Entering env context: <rasterio.env.Env object at 0x7f5e0bdc7380>
2023-11-24 23:23:07,414 - rasterio.env - DEBUG - Starting outermost env
2023-11-24 23:23:07,414 - rasterio.env - DEBUG - No GDAL environment exists
2023-11-24 23:23:07,414 - rasterio.env - DEBUG - New GDAL environment <rasterio._env.GDALEnv object at 0x7f5e0bc4d690> created
2023-11-24 23:23:07,415 - rasterio._env - DEBUG - GDAL data found in package: path='/home/swx/miniconda3/envs/present_weather/lib/python3.12/site-packages/rasterio/gdal_data'.
2023-11-24 23:23:07,415 - rasterio._env - DEBUG - PROJ_LIB found in environment.
2023-11-24 23:23:07,416 - rasterio._env - DEBUG - Started GDALEnv: self=<rasterio._env.GDALEnv object at 0x7f5e0bc4d690>.
2023-11-24 23:23:07,416 - rasterio.env - DEBUG - Entered env context: <rasterio.env.Env object at 0x7f5e0bdc7380>
2023-11-24 23:23:07,416 - rasterio.env - DEBUG - Got a copy of environment <rasterio._env.GDALEnv object at 0x7f5e0bc4d690> options
2023-11-24 23:23:07,416 - rasterio.env - DEBUG - Entering env context: <rasterio.env.Env object at 0x7f5e10a5cda0>
2023-11-24 23:23:07,416 - rasterio.env - DEBUG - Got a copy of environment <rasterio._env.GDALEnv object at 0x7f5e0bc4d690> options
2023-11-24 23:23:07,417 - rasterio.env - DEBUG - Entered env context: <rasterio.env.Env object at 0x7f5e10a5cda0>
2023-11-24 23:23:07,417 - rasterio._base - DEBUG - Sharing flag: 0
2023-11-24 23:23:07,418 - rasterio._base - DEBUG - Nodata success: 1, Nodata value: nan
2023-11-24 23:23:07,418 - rasterio._base - DEBUG - Dataset <open DatasetReader name='https://radar.bmkg.go.id/raster/radarsatelit_202311242320.tif' mode='r'> is started.
2023-11-24 23:23:07,418 - rasterio.env - DEBUG - Exiting env context: <rasterio.env.Env object at 0x7f5e10a5cda0>
2023-11-24 23:23:07,419 - rasterio.env - DEBUG - Cleared existing <rasterio._env.GDALEnv object at 0x7f5e0bc4d690> options
2023-11-24 23:23:07,419 - rasterio._env - DEBUG - Stopped GDALEnv <rasterio._env.GDALEnv object at 0x7f5e0bc4d690>.
2023-11-24 23:23:07,419 - rasterio.env - DEBUG - No GDAL environment exists
2023-11-24 23:23:07,419 - rasterio.env - DEBUG - New GDAL environment <rasterio._env.GDALEnv object at 0x7f5e0bc4d690> created
2023-11-24 23:23:07,419 - rasterio._env - DEBUG - GDAL data found in package: path='/home/swx/miniconda3/envs/present_weather/lib/python3.12/site-packages/rasterio/gdal_data'.
2023-11-24 23:23:07,420 - rasterio._env - DEBUG - PROJ_LIB found in environment.
2023-11-24 23:23:07,420 - rasterio._env - DEBUG - Started GDALEnv: self=<rasterio._env.GDALEnv object at 0x7f5e0bc4d690>.
2023-11-24 23:23:07,420 - rasterio.env - DEBUG - Exited env context: <rasterio.env.Env object at 0x7f5e10a5cda0>
2023-11-24 23:23:07,451 - rasterio._io - DEBUG - Output nodata value read from file: nan
2023-11-24 23:23:07,451 - rasterio._io - DEBUG - Output nodata values: [nan]
2023-11-24 23:23:07,451 - rasterio._io - DEBUG - all_valid: False
2023-11-24 23:23:07,452 - rasterio._io - DEBUG - mask_flags: ([<MaskFlags.nodata: 8>],)
2023-11-24 23:23:07,452 - rasterio._io - DEBUG - Jump straight to _read()
2023-11-24 23:23:07,452 - rasterio._io - DEBUG - Window: Window(col_off=0, row_off=0, width=10215, height=3792)
2023-11-24 23:23:07,452 - rasterio._io - DEBUG - IO window xoff=0.0 yoff=0.0 width=10215.0 height=3792.0
2023-11-24 23:23:08,217 - rasterio.env - DEBUG - Exiting env context: <rasterio.env.Env object at 0x7f5e0bdc7380>
2023-11-24 23:23:08,217 - rasterio.env - DEBUG - Cleared existing <rasterio._env.GDALEnv object at 0x7f5e0bc4d690> options
2023-11-24 23:23:08,217 - rasterio._env - DEBUG - Stopped GDALEnv <rasterio._env.GDALEnv object at 0x7f5e0bc4d690>.
2023-11-24 23:23:08,218 - rasterio.env - DEBUG - Exiting outermost env
2023-11-24 23:23:08,218 - rasterio.env - DEBUG - Exited env context: <rasterio.env.Env object at 0x7f5e0bdc7380>
2023-11-24 23:23:08,220 - urllib3.connectionpool - DEBUG - Starting new HTTPS connection (1): radar.bmkg.go.id:8060
2023-11-24 23:23:08,269 - urllib3.connectionpool - DEBUG - https://radar.bmkg.go.id:8060 "GET /getLatestLD?typeData=1 HTTP/1.1" 200 17613
2023-11-24 23:23:08,280 - root - INFO - Generating present weather using RADAR data
2023-11-24 23:23:11,619 - root - INFO - dask.bag<lambda, npartitions=20>
2023-11-24 23:36:04,675 - root - INFO - Total elapsed time: 0:13:00.814176
