2023-11-15 22:20:03,267 - root - INFO - Initiating present weather
2023-11-15 22:20:03,269 - urllib3.connectionpool - DEBUG - Starting new HTTPS connection (1): radar.bmkg.go.id:8060
2023-11-15 22:20:03,351 - urllib3.connectionpool - DEBUG - https://radar.bmkg.go.id:8060 "GET /getRadarGeotif?token=19387e71e78522ae4172ec0fda640983b8438c9cfa0ca571623cb69d8327&radar=amandemenForecast&type=latest HTTP/1.1" 200 90
2023-11-15 22:20:03,362 - rasterio.env - DEBUG - Entering env context: <rasterio.env.Env object at 0x7f4d85b6d2b0>
2023-11-15 22:20:03,367 - rasterio.env - DEBUG - Starting outermost env
2023-11-15 22:20:03,367 - rasterio.env - DEBUG - No GDAL environment exists
2023-11-15 22:20:03,367 - rasterio.env - DEBUG - New GDAL environment <rasterio._env.GDALEnv object at 0x7f4d85b5d180> created
2023-11-15 22:20:03,372 - rasterio._filepath - DEBUG - Installing FilePath filesystem handler plugin...
2023-11-15 22:20:03,373 - rasterio._env - DEBUG - GDAL data found in package: path='/home/swx/miniconda3/envs/present_weather/lib/python3.12/site-packages/rasterio/gdal_data'.
2023-11-15 22:20:03,373 - rasterio._env - DEBUG - PROJ_LIB found in environment.
2023-11-15 22:20:03,373 - rasterio._env - DEBUG - Started GDALEnv: self=<rasterio._env.GDALEnv object at 0x7f4d85b5d180>.
2023-11-15 22:20:03,373 - rasterio.env - DEBUG - Entered env context: <rasterio.env.Env object at 0x7f4d85b6d2b0>
2023-11-15 22:20:03,374 - rasterio._base - DEBUG - Sharing flag: 0
2023-11-15 22:20:03,587 - rasterio._base - DEBUG - Nodata success: 1, Nodata value: nan
2023-11-15 22:20:03,587 - rasterio._base - DEBUG - Dataset <open DatasetReader name='https://radar.bmkg.go.id/raster/radarsatelit_202311152210.tif' mode='r'> is started.
2023-11-15 22:20:03,588 - rasterio.env - DEBUG - Exiting env context: <rasterio.env.Env object at 0x7f4d85b6d2b0>
2023-11-15 22:20:03,588 - rasterio.env - DEBUG - Cleared existing <rasterio._env.GDALEnv object at 0x7f4d85b5d180> options
2023-11-15 22:20:03,588 - rasterio._env - DEBUG - Stopped GDALEnv <rasterio._env.GDALEnv object at 0x7f4d85b5d180>.
2023-11-15 22:20:03,588 - rasterio.env - DEBUG - Exiting outermost env
2023-11-15 22:20:03,588 - rasterio.env - DEBUG - Exited env context: <rasterio.env.Env object at 0x7f4d85b6d2b0>
2023-11-15 22:20:03,588 - rasterio.env - DEBUG - Entering env context: <rasterio.env.Env object at 0x7f4d41b653d0>
2023-11-15 22:20:03,588 - rasterio.env - DEBUG - Starting outermost env
2023-11-15 22:20:03,588 - rasterio.env - DEBUG - No GDAL environment exists
2023-11-15 22:20:03,589 - rasterio.env - DEBUG - New GDAL environment <rasterio._env.GDALEnv object at 0x7f4d33baa260> created
2023-11-15 22:20:03,589 - rasterio._env - DEBUG - GDAL data found in package: path='/home/swx/miniconda3/envs/present_weather/lib/python3.12/site-packages/rasterio/gdal_data'.
2023-11-15 22:20:03,589 - rasterio._env - DEBUG - PROJ_LIB found in environment.
2023-11-15 22:20:03,590 - rasterio._env - DEBUG - Started GDALEnv: self=<rasterio._env.GDALEnv object at 0x7f4d33baa260>.
2023-11-15 22:20:03,590 - rasterio.env - DEBUG - Entered env context: <rasterio.env.Env object at 0x7f4d41b653d0>
2023-11-15 22:20:03,590 - rasterio.env - DEBUG - Got a copy of environment <rasterio._env.GDALEnv object at 0x7f4d33baa260> options
2023-11-15 22:20:03,590 - rasterio.env - DEBUG - Entering env context: <rasterio.env.Env object at 0x7f4d85bc4da0>
2023-11-15 22:20:03,591 - rasterio.env - DEBUG - Got a copy of environment <rasterio._env.GDALEnv object at 0x7f4d33baa260> options
2023-11-15 22:20:03,591 - rasterio.env - DEBUG - Entered env context: <rasterio.env.Env object at 0x7f4d85bc4da0>
2023-11-15 22:20:03,591 - rasterio._base - DEBUG - Sharing flag: 0
2023-11-15 22:20:03,592 - rasterio._base - DEBUG - Nodata success: 1, Nodata value: nan
2023-11-15 22:20:03,592 - rasterio._base - DEBUG - Dataset <open DatasetReader name='https://radar.bmkg.go.id/raster/radarsatelit_202311152210.tif' mode='r'> is started.
2023-11-15 22:20:03,592 - rasterio.env - DEBUG - Exiting env context: <rasterio.env.Env object at 0x7f4d85bc4da0>
2023-11-15 22:20:03,592 - rasterio.env - DEBUG - Cleared existing <rasterio._env.GDALEnv object at 0x7f4d33baa260> options
2023-11-15 22:20:03,592 - rasterio._env - DEBUG - Stopped GDALEnv <rasterio._env.GDALEnv object at 0x7f4d33baa260>.
2023-11-15 22:20:03,593 - rasterio.env - DEBUG - No GDAL environment exists
2023-11-15 22:20:03,593 - rasterio.env - DEBUG - New GDAL environment <rasterio._env.GDALEnv object at 0x7f4d33baa260> created
2023-11-15 22:20:03,593 - rasterio._env - DEBUG - GDAL data found in package: path='/home/swx/miniconda3/envs/present_weather/lib/python3.12/site-packages/rasterio/gdal_data'.
2023-11-15 22:20:03,593 - rasterio._env - DEBUG - PROJ_LIB found in environment.
2023-11-15 22:20:03,593 - rasterio._env - DEBUG - Started GDALEnv: self=<rasterio._env.GDALEnv object at 0x7f4d33baa260>.
2023-11-15 22:20:03,594 - rasterio.env - DEBUG - Exited env context: <rasterio.env.Env object at 0x7f4d85bc4da0>
2023-11-15 22:20:03,623 - rasterio._io - DEBUG - Output nodata value read from file: nan
2023-11-15 22:20:03,623 - rasterio._io - DEBUG - Output nodata values: [nan]
2023-11-15 22:20:03,624 - rasterio._io - DEBUG - all_valid: False
2023-11-15 22:20:03,624 - rasterio._io - DEBUG - mask_flags: ([<MaskFlags.nodata: 8>],)
2023-11-15 22:20:03,624 - rasterio._io - DEBUG - Jump straight to _read()
2023-11-15 22:20:03,624 - rasterio._io - DEBUG - Window: Window(col_off=0, row_off=0, width=10215, height=3789)
2023-11-15 22:20:03,625 - rasterio._io - DEBUG - IO window xoff=0.0 yoff=0.0 width=10215.0 height=3789.0
2023-11-15 22:20:04,325 - rasterio.env - DEBUG - Exiting env context: <rasterio.env.Env object at 0x7f4d41b653d0>
2023-11-15 22:20:04,325 - rasterio.env - DEBUG - Cleared existing <rasterio._env.GDALEnv object at 0x7f4d33baa260> options
2023-11-15 22:20:04,325 - rasterio._env - DEBUG - Stopped GDALEnv <rasterio._env.GDALEnv object at 0x7f4d33baa260>.
2023-11-15 22:20:04,325 - rasterio.env - DEBUG - Exiting outermost env
2023-11-15 22:20:04,325 - rasterio.env - DEBUG - Exited env context: <rasterio.env.Env object at 0x7f4d41b653d0>
2023-11-15 22:20:04,328 - urllib3.connectionpool - DEBUG - Starting new HTTPS connection (1): radar.bmkg.go.id:8060
2023-11-15 22:20:04,405 - urllib3.connectionpool - DEBUG - https://radar.bmkg.go.id:8060 "GET /getLatestLD?typeData=1 HTTP/1.1" 200 81927
2023-11-15 22:20:04,444 - asyncio - DEBUG - Using selector: EpollSelector
2023-11-15 22:20:11,414 - root - INFO - dask.bag<lambda, npartitions=34>
2023-11-15 22:33:46,791 - root - INFO - Total elapsed time: 0:13:43.524775
