2023-11-05 16:20:03,349 - root - INFO - Initiating present weather
2023-11-05 16:20:03,358 - urllib3.connectionpool - DEBUG - Starting new HTTPS connection (1): radar.bmkg.go.id:8060
2023-11-05 16:20:03,433 - urllib3.connectionpool - DEBUG - https://radar.bmkg.go.id:8060 "GET /getRadarGeotif?token=19387e71e78522ae4172ec0fda640983b8438c9cfa0ca571623cb69d8327&radar=amandemenForecast&type=latest HTTP/1.1" 200 90
2023-11-05 16:20:03,437 - rasterio.env - DEBUG - Entering env context: <rasterio.env.Env object at 0x7f1d09271460>
2023-11-05 16:20:03,438 - rasterio.env - DEBUG - Starting outermost env
2023-11-05 16:20:03,439 - rasterio.env - DEBUG - No GDAL environment exists
2023-11-05 16:20:03,439 - rasterio.env - DEBUG - New GDAL environment <rasterio._env.GDALEnv object at 0x7f1d09659f00> created
2023-11-05 16:20:03,444 - rasterio._filepath - DEBUG - Installing FilePath filesystem handler plugin...
2023-11-05 16:20:03,444 - rasterio._env - DEBUG - GDAL data found in package: path='/home/swx/miniconda3/envs/present_weather/lib/python3.12/site-packages/rasterio/gdal_data'.
2023-11-05 16:20:03,444 - rasterio._env - DEBUG - PROJ_LIB found in environment.
2023-11-05 16:20:03,445 - rasterio._env - DEBUG - Started GDALEnv: self=<rasterio._env.GDALEnv object at 0x7f1d09659f00>.
2023-11-05 16:20:03,445 - rasterio.env - DEBUG - Entered env context: <rasterio.env.Env object at 0x7f1d09271460>
2023-11-05 16:20:03,445 - rasterio._base - DEBUG - Sharing flag: 0
2023-11-05 16:20:03,613 - rasterio._base - DEBUG - Nodata success: 1, Nodata value: nan
2023-11-05 16:20:03,613 - rasterio._base - DEBUG - Dataset <open DatasetReader name='https://radar.bmkg.go.id/raster/radarsatelit_202311051600.tif' mode='r'> is started.
2023-11-05 16:20:03,613 - rasterio.env - DEBUG - Exiting env context: <rasterio.env.Env object at 0x7f1d09271460>
2023-11-05 16:20:03,614 - rasterio.env - DEBUG - Cleared existing <rasterio._env.GDALEnv object at 0x7f1d09659f00> options
2023-11-05 16:20:03,614 - rasterio._env - DEBUG - Stopped GDALEnv <rasterio._env.GDALEnv object at 0x7f1d09659f00>.
2023-11-05 16:20:03,614 - rasterio.env - DEBUG - Exiting outermost env
2023-11-05 16:20:03,614 - rasterio.env - DEBUG - Exited env context: <rasterio.env.Env object at 0x7f1d09271460>
2023-11-05 16:20:03,614 - rasterio.env - DEBUG - Entering env context: <rasterio.env.Env object at 0x7f1d0924fd40>
2023-11-05 16:20:03,614 - rasterio.env - DEBUG - Starting outermost env
2023-11-05 16:20:03,614 - rasterio.env - DEBUG - No GDAL environment exists
2023-11-05 16:20:03,614 - rasterio.env - DEBUG - New GDAL environment <rasterio._env.GDALEnv object at 0x7f1d09659f00> created
2023-11-05 16:20:03,615 - rasterio._env - DEBUG - GDAL data found in package: path='/home/swx/miniconda3/envs/present_weather/lib/python3.12/site-packages/rasterio/gdal_data'.
2023-11-05 16:20:03,615 - rasterio._env - DEBUG - PROJ_LIB found in environment.
2023-11-05 16:20:03,615 - rasterio._env - DEBUG - Started GDALEnv: self=<rasterio._env.GDALEnv object at 0x7f1d09659f00>.
2023-11-05 16:20:03,615 - rasterio.env - DEBUG - Entered env context: <rasterio.env.Env object at 0x7f1d0924fd40>
2023-11-05 16:20:03,616 - rasterio.env - DEBUG - Got a copy of environment <rasterio._env.GDALEnv object at 0x7f1d09659f00> options
2023-11-05 16:20:03,616 - rasterio.env - DEBUG - Entering env context: <rasterio.env.Env object at 0x7f1cc8098200>
2023-11-05 16:20:03,616 - rasterio.env - DEBUG - Got a copy of environment <rasterio._env.GDALEnv object at 0x7f1d09659f00> options
2023-11-05 16:20:03,617 - rasterio.env - DEBUG - Entered env context: <rasterio.env.Env object at 0x7f1cc8098200>
2023-11-05 16:20:03,617 - rasterio._base - DEBUG - Sharing flag: 0
2023-11-05 16:20:03,618 - rasterio._base - DEBUG - Nodata success: 1, Nodata value: nan
2023-11-05 16:20:03,618 - rasterio._base - DEBUG - Dataset <open DatasetReader name='https://radar.bmkg.go.id/raster/radarsatelit_202311051600.tif' mode='r'> is started.
2023-11-05 16:20:03,618 - rasterio.env - DEBUG - Exiting env context: <rasterio.env.Env object at 0x7f1cc8098200>
2023-11-05 16:20:03,618 - rasterio.env - DEBUG - Cleared existing <rasterio._env.GDALEnv object at 0x7f1d09659f00> options
2023-11-05 16:20:03,618 - rasterio._env - DEBUG - Stopped GDALEnv <rasterio._env.GDALEnv object at 0x7f1d09659f00>.
2023-11-05 16:20:03,618 - rasterio.env - DEBUG - No GDAL environment exists
2023-11-05 16:20:03,618 - rasterio.env - DEBUG - New GDAL environment <rasterio._env.GDALEnv object at 0x7f1d09659f00> created
2023-11-05 16:20:03,619 - rasterio._env - DEBUG - GDAL data found in package: path='/home/swx/miniconda3/envs/present_weather/lib/python3.12/site-packages/rasterio/gdal_data'.
2023-11-05 16:20:03,619 - rasterio._env - DEBUG - PROJ_LIB found in environment.
2023-11-05 16:20:03,619 - rasterio._env - DEBUG - Started GDALEnv: self=<rasterio._env.GDALEnv object at 0x7f1d09659f00>.
2023-11-05 16:20:03,619 - rasterio.env - DEBUG - Exited env context: <rasterio.env.Env object at 0x7f1cc8098200>
2023-11-05 16:20:03,652 - rasterio._io - DEBUG - Output nodata value read from file: nan
2023-11-05 16:20:03,652 - rasterio._io - DEBUG - Output nodata values: [nan]
2023-11-05 16:20:03,652 - rasterio._io - DEBUG - all_valid: False
2023-11-05 16:20:03,653 - rasterio._io - DEBUG - mask_flags: ([<MaskFlags.nodata: 8>],)
2023-11-05 16:20:03,653 - rasterio._io - DEBUG - Jump straight to _read()
2023-11-05 16:20:03,653 - rasterio._io - DEBUG - Window: Window(col_off=0, row_off=0, width=10215, height=3792)
2023-11-05 16:20:03,653 - rasterio._io - DEBUG - IO window xoff=0.0 yoff=0.0 width=10215.0 height=3792.0
2023-11-05 16:20:04,325 - rasterio.env - DEBUG - Exiting env context: <rasterio.env.Env object at 0x7f1d0924fd40>
2023-11-05 16:20:04,325 - rasterio.env - DEBUG - Cleared existing <rasterio._env.GDALEnv object at 0x7f1d09659f00> options
2023-11-05 16:20:04,325 - rasterio._env - DEBUG - Stopped GDALEnv <rasterio._env.GDALEnv object at 0x7f1d09659f00>.
2023-11-05 16:20:04,325 - rasterio.env - DEBUG - Exiting outermost env
2023-11-05 16:20:04,325 - rasterio.env - DEBUG - Exited env context: <rasterio.env.Env object at 0x7f1d0924fd40>
2023-11-05 16:20:04,328 - urllib3.connectionpool - DEBUG - Starting new HTTPS connection (1): radar.bmkg.go.id:8060
2023-11-05 16:20:04,445 - urllib3.connectionpool - DEBUG - https://radar.bmkg.go.id:8060 "GET /getLatestLD?typeData=1 HTTP/1.1" 200 287400
2023-11-05 16:20:04,544 - asyncio - DEBUG - Using selector: EpollSelector
2023-11-05 16:35:59,923 - root - INFO - Total elapsed time: 0:15:56.574672
