2023-12-05 17:13:02,821 - root - INFO - Initiating present weather
2023-12-05 17:13:02,823 - asyncio - DEBUG - Using selector: EpollSelector
2023-12-05 17:13:04,316 - urllib3.connectionpool - DEBUG - Starting new HTTPS connection (1): radar.bmkg.go.id:8060
2023-12-05 17:13:04,327 - urllib3.connectionpool - DEBUG - https://radar.bmkg.go.id:8060 "GET /getLatestLD?typeData=1 HTTP/1.1" 200 62
2023-12-05 17:13:04,329 - urllib3.connectionpool - DEBUG - Starting new HTTPS connection (1): radar.bmkg.go.id:8060
2023-12-05 17:13:04,347 - urllib3.connectionpool - DEBUG - https://radar.bmkg.go.id:8060 "GET /getRadarGeotif?token=19387e71e78522ae4172ec0fda640983b8438c9cfa0ca571623cb69d8327&radar=amandemenForecast&type=latest HTTP/1.1" 200 90
2023-12-05 17:13:04,347 - rasterio.env - DEBUG - Entering env context: <rasterio.env.Env object at 0x7fb7f117ec80>
2023-12-05 17:13:04,348 - rasterio.env - DEBUG - Starting outermost env
2023-12-05 17:13:04,348 - rasterio.env - DEBUG - No GDAL environment exists
2023-12-05 17:13:04,348 - rasterio.env - DEBUG - New GDAL environment <rasterio._env.GDALEnv object at 0x7fb7f117e9b0> created
2023-12-05 17:13:04,351 - rasterio._filepath - DEBUG - Installing FilePath filesystem handler plugin...
2023-12-05 17:13:04,351 - rasterio._env - DEBUG - GDAL data found in package: path='/home/metpublic/PYTHON_VENV/present_weather/lib/python3.10/site-packages/rasterio/gdal_data'.
2023-12-05 17:13:04,351 - rasterio._env - DEBUG - PROJ data found in package: path='/home/metpublic/PYTHON_VENV/present_weather/lib/python3.10/site-packages/rasterio/proj_data'.
2023-12-05 17:13:04,351 - rasterio._env - DEBUG - Started GDALEnv: self=<rasterio._env.GDALEnv object at 0x7fb7f117e9b0>.
2023-12-05 17:13:04,351 - rasterio.env - DEBUG - Entered env context: <rasterio.env.Env object at 0x7fb7f117ec80>
2023-12-05 17:13:04,351 - rasterio._base - DEBUG - Sharing flag: 0
2023-12-05 17:13:04,597 - rasterio._base - DEBUG - Nodata success: 1, Nodata value: nan
2023-12-05 17:13:04,597 - rasterio._base - DEBUG - Dataset <open DatasetReader name='https://radar.bmkg.go.id/raster/radarsatelit_202312051710.tif' mode='r'> is started.
2023-12-05 17:13:04,598 - rasterio.env - DEBUG - Exiting env context: <rasterio.env.Env object at 0x7fb7f117ec80>
2023-12-05 17:13:04,598 - rasterio.env - DEBUG - Cleared existing <rasterio._env.GDALEnv object at 0x7fb7f117e9b0> options
2023-12-05 17:13:04,598 - rasterio._env - DEBUG - Stopped GDALEnv <rasterio._env.GDALEnv object at 0x7fb7f117e9b0>.
2023-12-05 17:13:04,598 - rasterio.env - DEBUG - Exiting outermost env
2023-12-05 17:13:04,598 - rasterio.env - DEBUG - Exited env context: <rasterio.env.Env object at 0x7fb7f117ec80>
2023-12-05 17:13:04,598 - rasterio.env - DEBUG - Entering env context: <rasterio.env.Env object at 0x7fb7f080c5b0>
2023-12-05 17:13:04,599 - rasterio.env - DEBUG - Starting outermost env
2023-12-05 17:13:04,599 - rasterio.env - DEBUG - No GDAL environment exists
2023-12-05 17:13:04,599 - rasterio.env - DEBUG - New GDAL environment <rasterio._env.GDALEnv object at 0x7fb7f117e9b0> created
2023-12-05 17:13:04,599 - rasterio._env - DEBUG - GDAL data found in package: path='/home/metpublic/PYTHON_VENV/present_weather/lib/python3.10/site-packages/rasterio/gdal_data'.
2023-12-05 17:13:04,599 - rasterio._env - DEBUG - PROJ data found in package: path='/home/metpublic/PYTHON_VENV/present_weather/lib/python3.10/site-packages/rasterio/proj_data'.
2023-12-05 17:13:04,600 - rasterio._env - DEBUG - Started GDALEnv: self=<rasterio._env.GDALEnv object at 0x7fb7f117e9b0>.
2023-12-05 17:13:04,600 - rasterio.env - DEBUG - Entered env context: <rasterio.env.Env object at 0x7fb7f080c5b0>
2023-12-05 17:13:04,600 - rasterio.env - DEBUG - Got a copy of environment <rasterio._env.GDALEnv object at 0x7fb7f117e9b0> options
2023-12-05 17:13:04,600 - rasterio.env - DEBUG - Entering env context: <rasterio.env.Env object at 0x7fb7f070c8b0>
2023-12-05 17:13:04,600 - rasterio.env - DEBUG - Got a copy of environment <rasterio._env.GDALEnv object at 0x7fb7f117e9b0> options
2023-12-05 17:13:04,600 - rasterio.env - DEBUG - Entered env context: <rasterio.env.Env object at 0x7fb7f070c8b0>
2023-12-05 17:13:04,601 - rasterio._base - DEBUG - Sharing flag: 0
2023-12-05 17:13:04,602 - rasterio._base - DEBUG - Nodata success: 1, Nodata value: nan
2023-12-05 17:13:04,602 - rasterio._base - DEBUG - Dataset <open DatasetReader name='https://radar.bmkg.go.id/raster/radarsatelit_202312051710.tif' mode='r'> is started.
2023-12-05 17:13:04,602 - rasterio.env - DEBUG - Exiting env context: <rasterio.env.Env object at 0x7fb7f070c8b0>
2023-12-05 17:13:04,602 - rasterio.env - DEBUG - Cleared existing <rasterio._env.GDALEnv object at 0x7fb7f117e9b0> options
2023-12-05 17:13:04,602 - rasterio._env - DEBUG - Stopped GDALEnv <rasterio._env.GDALEnv object at 0x7fb7f117e9b0>.
2023-12-05 17:13:04,602 - rasterio.env - DEBUG - No GDAL environment exists
2023-12-05 17:13:04,602 - rasterio.env - DEBUG - New GDAL environment <rasterio._env.GDALEnv object at 0x7fb7f117e9b0> created
2023-12-05 17:13:04,603 - rasterio._env - DEBUG - GDAL data found in package: path='/home/metpublic/PYTHON_VENV/present_weather/lib/python3.10/site-packages/rasterio/gdal_data'.
2023-12-05 17:13:04,603 - rasterio._env - DEBUG - PROJ data found in package: path='/home/metpublic/PYTHON_VENV/present_weather/lib/python3.10/site-packages/rasterio/proj_data'.
2023-12-05 17:13:04,603 - rasterio._env - DEBUG - Started GDALEnv: self=<rasterio._env.GDALEnv object at 0x7fb7f117e9b0>.
2023-12-05 17:13:04,603 - rasterio.env - DEBUG - Exited env context: <rasterio.env.Env object at 0x7fb7f070c8b0>
2023-12-05 17:13:04,621 - rasterio._io - DEBUG - Output nodata value read from file: nan
2023-12-05 17:13:04,621 - rasterio._io - DEBUG - Output nodata values: [nan]
2023-12-05 17:13:04,621 - rasterio._io - DEBUG - all_valid: False
2023-12-05 17:13:04,621 - rasterio._io - DEBUG - mask_flags: ([<MaskFlags.nodata: 8>],)
2023-12-05 17:13:04,621 - rasterio._io - DEBUG - Jump straight to _read()
2023-12-05 17:13:04,622 - rasterio._io - DEBUG - Window: Window(col_off=0, row_off=0, width=10177, height=3732)
2023-12-05 17:13:04,622 - rasterio._io - DEBUG - IO window xoff=0.0 yoff=0.0 width=10177.0 height=3732.0
2023-12-05 17:13:05,157 - rasterio.env - DEBUG - Exiting env context: <rasterio.env.Env object at 0x7fb7f080c5b0>
2023-12-05 17:13:05,158 - rasterio.env - DEBUG - Cleared existing <rasterio._env.GDALEnv object at 0x7fb7f117e9b0> options
2023-12-05 17:13:05,158 - rasterio._env - DEBUG - Stopped GDALEnv <rasterio._env.GDALEnv object at 0x7fb7f117e9b0>.
2023-12-05 17:13:05,158 - rasterio.env - DEBUG - Exiting outermost env
2023-12-05 17:13:05,158 - rasterio.env - DEBUG - Exited env context: <rasterio.env.Env object at 0x7fb7f080c5b0>
2023-12-05 17:17:33,274 - rasterio.env - DEBUG - Entering env context: <rasterio.env.Env object at 0x7fb7f0799e40>
2023-12-05 17:17:33,274 - rasterio.env - DEBUG - Starting outermost env
2023-12-05 17:17:33,274 - rasterio.env - DEBUG - No GDAL environment exists
2023-12-05 17:17:33,274 - rasterio.env - DEBUG - New GDAL environment <rasterio._env.GDALEnv object at 0x7fb7f0678310> created
2023-12-05 17:17:33,275 - rasterio._env - DEBUG - GDAL data found in package: path='/home/metpublic/PYTHON_VENV/present_weather/lib/python3.10/site-packages/rasterio/gdal_data'.
2023-12-05 17:17:33,275 - rasterio._env - DEBUG - PROJ data found in package: path='/home/metpublic/PYTHON_VENV/present_weather/lib/python3.10/site-packages/rasterio/proj_data'.
2023-12-05 17:17:33,275 - rasterio._env - DEBUG - Started GDALEnv: self=<rasterio._env.GDALEnv object at 0x7fb7f0678310>.
2023-12-05 17:17:33,275 - rasterio.env - DEBUG - Entered env context: <rasterio.env.Env object at 0x7fb7f0799e40>
2023-12-05 17:17:33,275 - rasterio._base - DEBUG - Sharing flag: 0
2023-12-05 17:17:33,277 - rasterio._base - DEBUG - Nodata success: 0, Nodata value: 0.000000
2023-12-05 17:17:33,277 - rasterio._base - DEBUG - Dataset <open DatasetReader name='/home/metpublic/TASK_RELEASE/EFAN/present_weather/src/H09_B13_Indonesia_20231205.Z1700.cor.tiff' mode='r'> is started.
2023-12-05 17:17:33,277 - rasterio.env - DEBUG - Exiting env context: <rasterio.env.Env object at 0x7fb7f0799e40>
2023-12-05 17:17:33,277 - rasterio.env - DEBUG - Cleared existing <rasterio._env.GDALEnv object at 0x7fb7f0678310> options
2023-12-05 17:17:33,277 - rasterio._env - DEBUG - Stopped GDALEnv <rasterio._env.GDALEnv object at 0x7fb7f0678310>.
2023-12-05 17:17:33,277 - rasterio.env - DEBUG - Exiting outermost env
2023-12-05 17:17:33,277 - rasterio.env - DEBUG - Exited env context: <rasterio.env.Env object at 0x7fb7f0799e40>
2023-12-05 17:17:33,278 - rasterio.env - DEBUG - Entering env context: <rasterio.env.Env object at 0x7fb7f06782b0>
2023-12-05 17:17:33,278 - rasterio.env - DEBUG - Starting outermost env
2023-12-05 17:17:33,278 - rasterio.env - DEBUG - No GDAL environment exists
2023-12-05 17:17:33,278 - rasterio.env - DEBUG - New GDAL environment <rasterio._env.GDALEnv object at 0x7fb7f0679150> created
2023-12-05 17:17:33,278 - rasterio._env - DEBUG - GDAL data found in package: path='/home/metpublic/PYTHON_VENV/present_weather/lib/python3.10/site-packages/rasterio/gdal_data'.
2023-12-05 17:17:33,279 - rasterio._env - DEBUG - PROJ data found in package: path='/home/metpublic/PYTHON_VENV/present_weather/lib/python3.10/site-packages/rasterio/proj_data'.
2023-12-05 17:17:33,279 - rasterio._env - DEBUG - Started GDALEnv: self=<rasterio._env.GDALEnv object at 0x7fb7f0679150>.
2023-12-05 17:17:33,280 - rasterio.env - DEBUG - Entered env context: <rasterio.env.Env object at 0x7fb7f06782b0>
2023-12-05 17:17:33,280 - rasterio._base - DEBUG - Sharing flag: 0
2023-12-05 17:17:33,281 - rasterio._base - DEBUG - Nodata success: 0, Nodata value: 0.000000
2023-12-05 17:17:33,281 - rasterio._base - DEBUG - Dataset <open DatasetReader name='/home/metpublic/TASK_RELEASE/EFAN/present_weather/src/H09_B13_Indonesia_20231205.Z1700.cor.tiff' mode='r'> is started.
2023-12-05 17:17:33,281 - rasterio.env - DEBUG - Exiting env context: <rasterio.env.Env object at 0x7fb7f06782b0>
2023-12-05 17:17:33,281 - rasterio.env - DEBUG - Cleared existing <rasterio._env.GDALEnv object at 0x7fb7f0679150> options
2023-12-05 17:17:33,281 - rasterio._env - DEBUG - Stopped GDALEnv <rasterio._env.GDALEnv object at 0x7fb7f0679150>.
2023-12-05 17:17:33,281 - rasterio.env - DEBUG - Exiting outermost env
2023-12-05 17:17:33,281 - rasterio.env - DEBUG - Exited env context: <rasterio.env.Env object at 0x7fb7f06782b0>
2023-12-05 17:17:33,290 - root - INFO - Generating present weather using SATELITE data
2023-12-05 17:20:06,875 - root - INFO - Total elapsed time: 0:07:04.054636
