2023-11-24 19:03:03,549 - root - INFO - Initiating present weather
2023-11-24 19:03:03,552 - asyncio - DEBUG - Using selector: EpollSelector
2023-11-24 19:03:06,811 - urllib3.connectionpool - DEBUG - Starting new HTTPS connection (1): radar.bmkg.go.id:8060
2023-11-24 19:03:06,876 - urllib3.connectionpool - DEBUG - https://radar.bmkg.go.id:8060 "GET /getRadarGeotif?token=19387e71e78522ae4172ec0fda640983b8438c9cfa0ca571623cb69d8327&radar=amandemenForecast&type=latest HTTP/1.1" 200 90
2023-11-24 19:03:06,878 - rasterio.env - DEBUG - Entering env context: <rasterio.env.Env object at 0x7fcb3a67a120>
2023-11-24 19:03:06,879 - rasterio.env - DEBUG - Starting outermost env
2023-11-24 19:03:06,879 - rasterio.env - DEBUG - No GDAL environment exists
2023-11-24 19:03:06,879 - rasterio.env - DEBUG - New GDAL environment <rasterio._env.GDALEnv object at 0x7fcb3a8918a0> created
2023-11-24 19:03:06,884 - rasterio._filepath - DEBUG - Installing FilePath filesystem handler plugin...
2023-11-24 19:03:06,884 - rasterio._env - DEBUG - GDAL data found in package: path='/home/swx/miniconda3/envs/present_weather/lib/python3.12/site-packages/rasterio/gdal_data'.
2023-11-24 19:03:06,884 - rasterio._env - DEBUG - PROJ_LIB found in environment.
2023-11-24 19:03:06,884 - rasterio._env - DEBUG - Started GDALEnv: self=<rasterio._env.GDALEnv object at 0x7fcb3a8918a0>.
2023-11-24 19:03:06,884 - rasterio.env - DEBUG - Entered env context: <rasterio.env.Env object at 0x7fcb3a67a120>
2023-11-24 19:03:06,885 - rasterio._base - DEBUG - Sharing flag: 0
2023-11-24 19:03:07,091 - rasterio._base - DEBUG - Nodata success: 1, Nodata value: nan
2023-11-24 19:03:07,091 - rasterio._base - DEBUG - Dataset <open DatasetReader name='https://radar.bmkg.go.id/raster/radarsatelit_202311241900.tif' mode='r'> is started.
2023-11-24 19:03:07,092 - rasterio.env - DEBUG - Exiting env context: <rasterio.env.Env object at 0x7fcb3a67a120>
2023-11-24 19:03:07,092 - rasterio.env - DEBUG - Cleared existing <rasterio._env.GDALEnv object at 0x7fcb3a8918a0> options
2023-11-24 19:03:07,092 - rasterio._env - DEBUG - Stopped GDALEnv <rasterio._env.GDALEnv object at 0x7fcb3a8918a0>.
2023-11-24 19:03:07,092 - rasterio.env - DEBUG - Exiting outermost env
2023-11-24 19:03:07,092 - rasterio.env - DEBUG - Exited env context: <rasterio.env.Env object at 0x7fcb3a67a120>
2023-11-24 19:03:07,092 - rasterio.env - DEBUG - Entering env context: <rasterio.env.Env object at 0x7fcb3a8918b0>
2023-11-24 19:03:07,093 - rasterio.env - DEBUG - Starting outermost env
2023-11-24 19:03:07,093 - rasterio.env - DEBUG - No GDAL environment exists
2023-11-24 19:03:07,093 - rasterio.env - DEBUG - New GDAL environment <rasterio._env.GDALEnv object at 0x7fcb3a64b5b0> created
2023-11-24 19:03:07,093 - rasterio._env - DEBUG - GDAL data found in package: path='/home/swx/miniconda3/envs/present_weather/lib/python3.12/site-packages/rasterio/gdal_data'.
2023-11-24 19:03:07,094 - rasterio._env - DEBUG - PROJ_LIB found in environment.
2023-11-24 19:03:07,094 - rasterio._env - DEBUG - Started GDALEnv: self=<rasterio._env.GDALEnv object at 0x7fcb3a64b5b0>.
2023-11-24 19:03:07,094 - rasterio.env - DEBUG - Entered env context: <rasterio.env.Env object at 0x7fcb3a8918b0>
2023-11-24 19:03:07,095 - rasterio.env - DEBUG - Got a copy of environment <rasterio._env.GDALEnv object at 0x7fcb3a64b5b0> options
2023-11-24 19:03:07,095 - rasterio.env - DEBUG - Entering env context: <rasterio.env.Env object at 0x7fcb389619a0>
2023-11-24 19:03:07,095 - rasterio.env - DEBUG - Got a copy of environment <rasterio._env.GDALEnv object at 0x7fcb3a64b5b0> options
2023-11-24 19:03:07,095 - rasterio.env - DEBUG - Entered env context: <rasterio.env.Env object at 0x7fcb389619a0>
2023-11-24 19:03:07,095 - rasterio._base - DEBUG - Sharing flag: 0
2023-11-24 19:03:07,096 - rasterio._base - DEBUG - Nodata success: 1, Nodata value: nan
2023-11-24 19:03:07,097 - rasterio._base - DEBUG - Dataset <open DatasetReader name='https://radar.bmkg.go.id/raster/radarsatelit_202311241900.tif' mode='r'> is started.
2023-11-24 19:03:07,097 - rasterio.env - DEBUG - Exiting env context: <rasterio.env.Env object at 0x7fcb389619a0>
2023-11-24 19:03:07,097 - rasterio.env - DEBUG - Cleared existing <rasterio._env.GDALEnv object at 0x7fcb3a64b5b0> options
2023-11-24 19:03:07,097 - rasterio._env - DEBUG - Stopped GDALEnv <rasterio._env.GDALEnv object at 0x7fcb3a64b5b0>.
2023-11-24 19:03:07,097 - rasterio.env - DEBUG - No GDAL environment exists
2023-11-24 19:03:07,097 - rasterio.env - DEBUG - New GDAL environment <rasterio._env.GDALEnv object at 0x7fcb3a64b5b0> created
2023-11-24 19:03:07,098 - rasterio._env - DEBUG - GDAL data found in package: path='/home/swx/miniconda3/envs/present_weather/lib/python3.12/site-packages/rasterio/gdal_data'.
2023-11-24 19:03:07,098 - rasterio._env - DEBUG - PROJ_LIB found in environment.
2023-11-24 19:03:07,098 - rasterio._env - DEBUG - Started GDALEnv: self=<rasterio._env.GDALEnv object at 0x7fcb3a64b5b0>.
2023-11-24 19:03:07,098 - rasterio.env - DEBUG - Exited env context: <rasterio.env.Env object at 0x7fcb389619a0>
2023-11-24 19:03:07,128 - rasterio._io - DEBUG - Output nodata value read from file: nan
2023-11-24 19:03:07,129 - rasterio._io - DEBUG - Output nodata values: [nan]
2023-11-24 19:03:07,129 - rasterio._io - DEBUG - all_valid: False
2023-11-24 19:03:07,129 - rasterio._io - DEBUG - mask_flags: ([<MaskFlags.nodata: 8>],)
2023-11-24 19:03:07,129 - rasterio._io - DEBUG - Jump straight to _read()
2023-11-24 19:03:07,129 - rasterio._io - DEBUG - Window: Window(col_off=0, row_off=0, width=10215, height=3792)
2023-11-24 19:03:07,130 - rasterio._io - DEBUG - IO window xoff=0.0 yoff=0.0 width=10215.0 height=3792.0
2023-11-24 19:03:07,942 - rasterio.env - DEBUG - Exiting env context: <rasterio.env.Env object at 0x7fcb3a8918b0>
2023-11-24 19:03:07,942 - rasterio.env - DEBUG - Cleared existing <rasterio._env.GDALEnv object at 0x7fcb3a64b5b0> options
2023-11-24 19:03:07,943 - rasterio._env - DEBUG - Stopped GDALEnv <rasterio._env.GDALEnv object at 0x7fcb3a64b5b0>.
2023-11-24 19:03:07,943 - rasterio.env - DEBUG - Exiting outermost env
2023-11-24 19:03:07,943 - rasterio.env - DEBUG - Exited env context: <rasterio.env.Env object at 0x7fcb3a8918b0>
2023-11-24 19:03:07,945 - urllib3.connectionpool - DEBUG - Starting new HTTPS connection (1): radar.bmkg.go.id:8060
2023-11-24 19:03:08,010 - urllib3.connectionpool - DEBUG - https://radar.bmkg.go.id:8060 "GET /getLatestLD?typeData=1 HTTP/1.1" 200 21553
2023-11-24 19:03:08,023 - root - INFO - Generating present weather using RADAR data
2023-11-24 19:03:11,366 - root - INFO - dask.bag<lambda, npartitions=20>
2023-11-24 19:15:59,241 - root - INFO - Total elapsed time: 0:12:55.694091
