2023-12-26 21:03:03,410 - root - INFO - Initiating present weather
2023-12-26 21:03:03,412 - asyncio - DEBUG - Using selector: EpollSelector
2023-12-26 21:03:05,149 - urllib3.connectionpool - DEBUG - Starting new HTTPS connection (1): radar.bmkg.go.id:8060
2023-12-26 21:03:05,162 - urllib3.connectionpool - DEBUG - https://radar.bmkg.go.id:8060 "GET /getLatestLD?typeData=1 HTTP/1.1" 200 62
2023-12-26 21:03:05,163 - urllib3.connectionpool - DEBUG - Starting new HTTPS connection (1): radar.bmkg.go.id:8060
2023-12-26 21:03:05,181 - urllib3.connectionpool - DEBUG - https://radar.bmkg.go.id:8060 "GET /getRadarGeotif?token=19387e71e78522ae4172ec0fda640983b8438c9cfa0ca571623cb69d8327&radar=amandemenForecast&type=latest HTTP/1.1" 200 90
2023-12-26 21:03:05,182 - rasterio.env - DEBUG - Entering env context: <rasterio.env.Env object at 0x7fa0d416bb20>
2023-12-26 21:03:05,182 - rasterio.env - DEBUG - Starting outermost env
2023-12-26 21:03:05,182 - rasterio.env - DEBUG - No GDAL environment exists
2023-12-26 21:03:05,182 - rasterio.env - DEBUG - New GDAL environment <rasterio._env.GDALEnv object at 0x7fa0d416ba30> created
2023-12-26 21:03:05,185 - rasterio._filepath - DEBUG - Installing FilePath filesystem handler plugin...
2023-12-26 21:03:05,185 - rasterio._env - DEBUG - GDAL data found in package: path='/home/metpublic/PYTHON_VENV/present_weather/lib/python3.10/site-packages/rasterio/gdal_data'.
2023-12-26 21:03:05,185 - rasterio._env - DEBUG - PROJ data found in package: path='/home/metpublic/PYTHON_VENV/present_weather/lib/python3.10/site-packages/rasterio/proj_data'.
2023-12-26 21:03:05,185 - rasterio._env - DEBUG - Started GDALEnv: self=<rasterio._env.GDALEnv object at 0x7fa0d416ba30>.
2023-12-26 21:03:05,186 - rasterio.env - DEBUG - Entered env context: <rasterio.env.Env object at 0x7fa0d416bb20>
2023-12-26 21:03:05,186 - rasterio._base - DEBUG - Sharing flag: 0
2023-12-26 21:03:05,550 - rasterio._base - DEBUG - Nodata success: 1, Nodata value: nan
2023-12-26 21:03:05,550 - rasterio._base - DEBUG - Dataset <open DatasetReader name='https://radar.bmkg.go.id/raster/radarsatelit_202312262100.tif' mode='r'> is started.
2023-12-26 21:03:05,550 - rasterio.env - DEBUG - Exiting env context: <rasterio.env.Env object at 0x7fa0d416bb20>
2023-12-26 21:03:05,551 - rasterio.env - DEBUG - Cleared existing <rasterio._env.GDALEnv object at 0x7fa0d416ba30> options
2023-12-26 21:03:05,551 - rasterio._env - DEBUG - Stopped GDALEnv <rasterio._env.GDALEnv object at 0x7fa0d416ba30>.
2023-12-26 21:03:05,551 - rasterio.env - DEBUG - Exiting outermost env
2023-12-26 21:03:05,551 - rasterio.env - DEBUG - Exited env context: <rasterio.env.Env object at 0x7fa0d416bb20>
2023-12-26 21:03:05,551 - rasterio.env - DEBUG - Entering env context: <rasterio.env.Env object at 0x7fa0d37e96f0>
2023-12-26 21:03:05,551 - rasterio.env - DEBUG - Starting outermost env
2023-12-26 21:03:05,551 - rasterio.env - DEBUG - No GDAL environment exists
2023-12-26 21:03:05,551 - rasterio.env - DEBUG - New GDAL environment <rasterio._env.GDALEnv object at 0x7fa0d416ba30> created
2023-12-26 21:03:05,551 - rasterio._env - DEBUG - GDAL data found in package: path='/home/metpublic/PYTHON_VENV/present_weather/lib/python3.10/site-packages/rasterio/gdal_data'.
2023-12-26 21:03:05,551 - rasterio._env - DEBUG - PROJ data found in package: path='/home/metpublic/PYTHON_VENV/present_weather/lib/python3.10/site-packages/rasterio/proj_data'.
2023-12-26 21:03:05,552 - rasterio._env - DEBUG - Started GDALEnv: self=<rasterio._env.GDALEnv object at 0x7fa0d416ba30>.
2023-12-26 21:03:05,552 - rasterio.env - DEBUG - Entered env context: <rasterio.env.Env object at 0x7fa0d37e96f0>
2023-12-26 21:03:05,552 - rasterio.env - DEBUG - Got a copy of environment <rasterio._env.GDALEnv object at 0x7fa0d416ba30> options
2023-12-26 21:03:05,552 - rasterio.env - DEBUG - Entering env context: <rasterio.env.Env object at 0x7fa0d05f7730>
2023-12-26 21:03:05,552 - rasterio.env - DEBUG - Got a copy of environment <rasterio._env.GDALEnv object at 0x7fa0d416ba30> options
2023-12-26 21:03:05,552 - rasterio.env - DEBUG - Entered env context: <rasterio.env.Env object at 0x7fa0d05f7730>
2023-12-26 21:03:05,552 - rasterio._base - DEBUG - Sharing flag: 0
2023-12-26 21:03:05,553 - rasterio._base - DEBUG - Nodata success: 1, Nodata value: nan
2023-12-26 21:03:05,553 - rasterio._base - DEBUG - Dataset <open DatasetReader name='https://radar.bmkg.go.id/raster/radarsatelit_202312262100.tif' mode='r'> is started.
2023-12-26 21:03:05,554 - rasterio.env - DEBUG - Exiting env context: <rasterio.env.Env object at 0x7fa0d05f7730>
2023-12-26 21:03:05,554 - rasterio.env - DEBUG - Cleared existing <rasterio._env.GDALEnv object at 0x7fa0d416ba30> options
2023-12-26 21:03:05,554 - rasterio._env - DEBUG - Stopped GDALEnv <rasterio._env.GDALEnv object at 0x7fa0d416ba30>.
2023-12-26 21:03:05,554 - rasterio.env - DEBUG - No GDAL environment exists
2023-12-26 21:03:05,554 - rasterio.env - DEBUG - New GDAL environment <rasterio._env.GDALEnv object at 0x7fa0d416ba30> created
2023-12-26 21:03:05,554 - rasterio._env - DEBUG - GDAL data found in package: path='/home/metpublic/PYTHON_VENV/present_weather/lib/python3.10/site-packages/rasterio/gdal_data'.
2023-12-26 21:03:05,554 - rasterio._env - DEBUG - PROJ data found in package: path='/home/metpublic/PYTHON_VENV/present_weather/lib/python3.10/site-packages/rasterio/proj_data'.
2023-12-26 21:03:05,554 - rasterio._env - DEBUG - Started GDALEnv: self=<rasterio._env.GDALEnv object at 0x7fa0d416ba30>.
2023-12-26 21:03:05,555 - rasterio.env - DEBUG - Exited env context: <rasterio.env.Env object at 0x7fa0d05f7730>
2023-12-26 21:03:05,570 - rasterio._io - DEBUG - Output nodata value read from file: nan
2023-12-26 21:03:05,570 - rasterio._io - DEBUG - Output nodata values: [nan]
2023-12-26 21:03:05,571 - rasterio._io - DEBUG - all_valid: False
2023-12-26 21:03:05,571 - rasterio._io - DEBUG - mask_flags: ([<MaskFlags.nodata: 8>],)
2023-12-26 21:03:05,571 - rasterio._io - DEBUG - Jump straight to _read()
2023-12-26 21:03:05,571 - rasterio._io - DEBUG - Window: Window(col_off=0, row_off=0, width=10215, height=3792)
2023-12-26 21:03:05,571 - rasterio._io - DEBUG - IO window xoff=0.0 yoff=0.0 width=10215.0 height=3792.0
2023-12-26 21:03:06,128 - rasterio.env - DEBUG - Exiting env context: <rasterio.env.Env object at 0x7fa0d37e96f0>
2023-12-26 21:03:06,129 - rasterio.env - DEBUG - Cleared existing <rasterio._env.GDALEnv object at 0x7fa0d416ba30> options
2023-12-26 21:03:06,129 - rasterio._env - DEBUG - Stopped GDALEnv <rasterio._env.GDALEnv object at 0x7fa0d416ba30>.
2023-12-26 21:03:06,129 - rasterio.env - DEBUG - Exiting outermost env
2023-12-26 21:03:06,129 - rasterio.env - DEBUG - Exited env context: <rasterio.env.Env object at 0x7fa0d37e96f0>
2023-12-26 21:09:46,229 - root - INFO - Total elapsed time: 0:06:42.819332
