2023-11-12 22:20:03,222 - root - INFO - Initiating present weather
2023-11-12 22:20:03,227 - urllib3.connectionpool - DEBUG - Starting new HTTPS connection (1): radar.bmkg.go.id:8060
2023-11-12 22:20:03,298 - urllib3.connectionpool - DEBUG - https://radar.bmkg.go.id:8060 "GET /getRadarGeotif?token=19387e71e78522ae4172ec0fda640983b8438c9cfa0ca571623cb69d8327&radar=amandemenForecast&type=latest HTTP/1.1" 200 90
2023-11-12 22:20:03,301 - rasterio.env - DEBUG - Entering env context: <rasterio.env.Env object at 0x7efe897cd490>
2023-11-12 22:20:03,302 - rasterio.env - DEBUG - Starting outermost env
2023-11-12 22:20:03,303 - rasterio.env - DEBUG - No GDAL environment exists
2023-11-12 22:20:03,303 - rasterio.env - DEBUG - New GDAL environment <rasterio._env.GDALEnv object at 0x7efe89628b20> created
2023-11-12 22:20:03,307 - rasterio._filepath - DEBUG - Installing FilePath filesystem handler plugin...
2023-11-12 22:20:03,307 - rasterio._env - DEBUG - GDAL data found in package: path='/home/swx/miniconda3/envs/present_weather/lib/python3.12/site-packages/rasterio/gdal_data'.
2023-11-12 22:20:03,308 - rasterio._env - DEBUG - PROJ_LIB found in environment.
2023-11-12 22:20:03,308 - rasterio._env - DEBUG - Started GDALEnv: self=<rasterio._env.GDALEnv object at 0x7efe89628b20>.
2023-11-12 22:20:03,308 - rasterio.env - DEBUG - Entered env context: <rasterio.env.Env object at 0x7efe897cd490>
2023-11-12 22:20:03,308 - rasterio._base - DEBUG - Sharing flag: 0
2023-11-12 22:20:03,511 - rasterio._base - DEBUG - Nodata success: 1, Nodata value: nan
2023-11-12 22:20:03,511 - rasterio._base - DEBUG - Dataset <open DatasetReader name='https://radar.bmkg.go.id/raster/radarsatelit_202311122210.tif' mode='r'> is started.
2023-11-12 22:20:03,512 - rasterio.env - DEBUG - Exiting env context: <rasterio.env.Env object at 0x7efe897cd490>
2023-11-12 22:20:03,512 - rasterio.env - DEBUG - Cleared existing <rasterio._env.GDALEnv object at 0x7efe89628b20> options
2023-11-12 22:20:03,512 - rasterio._env - DEBUG - Stopped GDALEnv <rasterio._env.GDALEnv object at 0x7efe89628b20>.
2023-11-12 22:20:03,512 - rasterio.env - DEBUG - Exiting outermost env
2023-11-12 22:20:03,512 - rasterio.env - DEBUG - Exited env context: <rasterio.env.Env object at 0x7efe897cd490>
2023-11-12 22:20:03,512 - rasterio.env - DEBUG - Entering env context: <rasterio.env.Env object at 0x7efeebb79190>
2023-11-12 22:20:03,512 - rasterio.env - DEBUG - Starting outermost env
2023-11-12 22:20:03,513 - rasterio.env - DEBUG - No GDAL environment exists
2023-11-12 22:20:03,513 - rasterio.env - DEBUG - New GDAL environment <rasterio._env.GDALEnv object at 0x7efe89628b20> created
2023-11-12 22:20:03,513 - rasterio._env - DEBUG - GDAL data found in package: path='/home/swx/miniconda3/envs/present_weather/lib/python3.12/site-packages/rasterio/gdal_data'.
2023-11-12 22:20:03,513 - rasterio._env - DEBUG - PROJ_LIB found in environment.
2023-11-12 22:20:03,514 - rasterio._env - DEBUG - Started GDALEnv: self=<rasterio._env.GDALEnv object at 0x7efe89628b20>.
2023-11-12 22:20:03,514 - rasterio.env - DEBUG - Entered env context: <rasterio.env.Env object at 0x7efeebb79190>
2023-11-12 22:20:03,514 - rasterio.env - DEBUG - Got a copy of environment <rasterio._env.GDALEnv object at 0x7efe89628b20> options
2023-11-12 22:20:03,515 - rasterio.env - DEBUG - Entering env context: <rasterio.env.Env object at 0x7efeec0ae2d0>
2023-11-12 22:20:03,515 - rasterio.env - DEBUG - Got a copy of environment <rasterio._env.GDALEnv object at 0x7efe89628b20> options
2023-11-12 22:20:03,515 - rasterio.env - DEBUG - Entered env context: <rasterio.env.Env object at 0x7efeec0ae2d0>
2023-11-12 22:20:03,515 - rasterio._base - DEBUG - Sharing flag: 0
2023-11-12 22:20:03,516 - rasterio._base - DEBUG - Nodata success: 1, Nodata value: nan
2023-11-12 22:20:03,516 - rasterio._base - DEBUG - Dataset <open DatasetReader name='https://radar.bmkg.go.id/raster/radarsatelit_202311122210.tif' mode='r'> is started.
2023-11-12 22:20:03,516 - rasterio.env - DEBUG - Exiting env context: <rasterio.env.Env object at 0x7efeec0ae2d0>
2023-11-12 22:20:03,516 - rasterio.env - DEBUG - Cleared existing <rasterio._env.GDALEnv object at 0x7efe89628b20> options
2023-11-12 22:20:03,516 - rasterio._env - DEBUG - Stopped GDALEnv <rasterio._env.GDALEnv object at 0x7efe89628b20>.
2023-11-12 22:20:03,516 - rasterio.env - DEBUG - No GDAL environment exists
2023-11-12 22:20:03,517 - rasterio.env - DEBUG - New GDAL environment <rasterio._env.GDALEnv object at 0x7efe89628b20> created
2023-11-12 22:20:03,517 - rasterio._env - DEBUG - GDAL data found in package: path='/home/swx/miniconda3/envs/present_weather/lib/python3.12/site-packages/rasterio/gdal_data'.
2023-11-12 22:20:03,517 - rasterio._env - DEBUG - PROJ_LIB found in environment.
2023-11-12 22:20:03,517 - rasterio._env - DEBUG - Started GDALEnv: self=<rasterio._env.GDALEnv object at 0x7efe89628b20>.
2023-11-12 22:20:03,517 - rasterio.env - DEBUG - Exited env context: <rasterio.env.Env object at 0x7efeec0ae2d0>
2023-11-12 22:20:03,548 - rasterio._io - DEBUG - Output nodata value read from file: nan
2023-11-12 22:20:03,548 - rasterio._io - DEBUG - Output nodata values: [nan]
2023-11-12 22:20:03,549 - rasterio._io - DEBUG - all_valid: False
2023-11-12 22:20:03,549 - rasterio._io - DEBUG - mask_flags: ([<MaskFlags.nodata: 8>],)
2023-11-12 22:20:03,549 - rasterio._io - DEBUG - Jump straight to _read()
2023-11-12 22:20:03,549 - rasterio._io - DEBUG - Window: Window(col_off=0, row_off=0, width=10215, height=3792)
2023-11-12 22:20:03,550 - rasterio._io - DEBUG - IO window xoff=0.0 yoff=0.0 width=10215.0 height=3792.0
2023-11-12 22:20:04,238 - rasterio.env - DEBUG - Exiting env context: <rasterio.env.Env object at 0x7efeebb79190>
2023-11-12 22:20:04,239 - rasterio.env - DEBUG - Cleared existing <rasterio._env.GDALEnv object at 0x7efe89628b20> options
2023-11-12 22:20:04,239 - rasterio._env - DEBUG - Stopped GDALEnv <rasterio._env.GDALEnv object at 0x7efe89628b20>.
2023-11-12 22:20:04,239 - rasterio.env - DEBUG - Exiting outermost env
2023-11-12 22:20:04,239 - rasterio.env - DEBUG - Exited env context: <rasterio.env.Env object at 0x7efeebb79190>
2023-11-12 22:20:04,241 - urllib3.connectionpool - DEBUG - Starting new HTTPS connection (1): radar.bmkg.go.id:8060
2023-11-12 22:20:04,353 - urllib3.connectionpool - DEBUG - https://radar.bmkg.go.id:8060 "GET /getLatestLD?typeData=1 HTTP/1.1" 200 84387
2023-11-12 22:20:04,403 - asyncio - DEBUG - Using selector: EpollSelector
2023-11-12 22:20:11,326 - root - INFO - dask.bag<lambda, npartitions=34>
2023-11-12 22:34:46,759 - root - INFO - Total elapsed time: 0:14:43.538737
