2023-11-22 16:03:03,417 - root - INFO - Initiating present weather
2023-11-22 16:03:03,420 - asyncio - DEBUG - Using selector: EpollSelector
2023-11-22 16:03:06,683 - urllib3.connectionpool - DEBUG - Starting new HTTPS connection (1): radar.bmkg.go.id:8060
2023-11-22 16:03:18,439 - rasterio.env - DEBUG - Entering env context: <rasterio.env.Env object at 0x7ff1f0be4da0>
2023-11-22 16:03:18,441 - rasterio.env - DEBUG - Starting outermost env
2023-11-22 16:03:18,441 - rasterio.env - DEBUG - No GDAL environment exists
2023-11-22 16:03:18,441 - rasterio.env - DEBUG - New GDAL environment <rasterio._env.GDALEnv object at 0x7ff1f0ad8a60> created
2023-11-22 16:03:18,449 - rasterio._filepath - DEBUG - Installing FilePath filesystem handler plugin...
2023-11-22 16:03:18,450 - rasterio._env - DEBUG - GDAL data found in package: path='/home/swx/miniconda3/envs/present_weather/lib/python3.12/site-packages/rasterio/gdal_data'.
2023-11-22 16:03:18,450 - rasterio._env - DEBUG - PROJ_LIB found in environment.
2023-11-22 16:03:18,450 - rasterio._env - DEBUG - Started GDALEnv: self=<rasterio._env.GDALEnv object at 0x7ff1f0ad8a60>.
2023-11-22 16:03:18,450 - rasterio.env - DEBUG - Entered env context: <rasterio.env.Env object at 0x7ff1f0be4da0>
2023-11-22 16:03:18,450 - rasterio._base - DEBUG - Sharing flag: 0
2023-11-22 16:03:18,472 - rasterio._base - DEBUG - Nodata success: 0, Nodata value: 0.000000
2023-11-22 16:03:18,472 - rasterio._base - DEBUG - Dataset <open DatasetReader name='/home/swx/present_weather/src/H09_B13_Indonesia_20231122.Z1550.cor.tiff' mode='r'> is started.
2023-11-22 16:03:18,472 - rasterio.env - DEBUG - Exiting env context: <rasterio.env.Env object at 0x7ff1f0be4da0>
2023-11-22 16:03:18,473 - rasterio.env - DEBUG - Cleared existing <rasterio._env.GDALEnv object at 0x7ff1f0ad8a60> options
2023-11-22 16:03:18,473 - rasterio._env - DEBUG - Stopped GDALEnv <rasterio._env.GDALEnv object at 0x7ff1f0ad8a60>.
2023-11-22 16:03:18,473 - rasterio.env - DEBUG - Exiting outermost env
2023-11-22 16:03:18,473 - rasterio.env - DEBUG - Exited env context: <rasterio.env.Env object at 0x7ff1f0be4da0>
2023-11-22 16:03:18,474 - rasterio.env - DEBUG - Entering env context: <rasterio.env.Env object at 0x7ff1f09dea50>
2023-11-22 16:03:18,474 - rasterio.env - DEBUG - Starting outermost env
2023-11-22 16:03:18,474 - rasterio.env - DEBUG - No GDAL environment exists
2023-11-22 16:03:18,474 - rasterio.env - DEBUG - New GDAL environment <rasterio._env.GDALEnv object at 0x7ff1f09dfca0> created
2023-11-22 16:03:18,475 - rasterio._env - DEBUG - GDAL data found in package: path='/home/swx/miniconda3/envs/present_weather/lib/python3.12/site-packages/rasterio/gdal_data'.
2023-11-22 16:03:18,475 - rasterio._env - DEBUG - PROJ_LIB found in environment.
2023-11-22 16:03:18,475 - rasterio._env - DEBUG - Started GDALEnv: self=<rasterio._env.GDALEnv object at 0x7ff1f09dfca0>.
2023-11-22 16:03:18,475 - rasterio.env - DEBUG - Entered env context: <rasterio.env.Env object at 0x7ff1f09dea50>
2023-11-22 16:03:18,475 - rasterio._base - DEBUG - Sharing flag: 0
2023-11-22 16:03:18,477 - rasterio._base - DEBUG - Nodata success: 0, Nodata value: 0.000000
2023-11-22 16:03:18,477 - rasterio._base - DEBUG - Dataset <open DatasetReader name='/home/swx/present_weather/src/H09_B13_Indonesia_20231122.Z1550.cor.tiff' mode='r'> is started.
2023-11-22 16:03:18,477 - rasterio.env - DEBUG - Exiting env context: <rasterio.env.Env object at 0x7ff1f09dea50>
2023-11-22 16:03:18,477 - rasterio.env - DEBUG - Cleared existing <rasterio._env.GDALEnv object at 0x7ff1f09dfca0> options
2023-11-22 16:03:18,477 - rasterio._env - DEBUG - Stopped GDALEnv <rasterio._env.GDALEnv object at 0x7ff1f09dfca0>.
2023-11-22 16:03:18,477 - rasterio.env - DEBUG - Exiting outermost env
2023-11-22 16:03:18,477 - rasterio.env - DEBUG - Exited env context: <rasterio.env.Env object at 0x7ff1f09dea50>
2023-11-22 16:03:18,515 - root - INFO - dask.bag<lambda, npartitions=34>
2023-11-22 16:04:33,443 - root - INFO - Total elapsed time: 0:01:30.027108
