2023-12-10 21:53:03,133 - root - INFO - Initiating present weather
2023-12-10 21:53:03,135 - asyncio - DEBUG - Using selector: EpollSelector
2023-12-10 21:53:04,736 - urllib3.connectionpool - DEBUG - Starting new HTTPS connection (1): radar.bmkg.go.id:8060
2023-12-10 21:53:04,751 - urllib3.connectionpool - DEBUG - https://radar.bmkg.go.id:8060 "GET /getLatestLD?typeData=1 HTTP/1.1" 200 62
2023-12-10 21:53:04,753 - urllib3.connectionpool - DEBUG - Starting new HTTPS connection (1): radar.bmkg.go.id:8060
2023-12-10 21:53:04,774 - urllib3.connectionpool - DEBUG - https://radar.bmkg.go.id:8060 "GET /getRadarGeotif?token=19387e71e78522ae4172ec0fda640983b8438c9cfa0ca571623cb69d8327&radar=amandemenForecast&type=latest HTTP/1.1" 200 90
2023-12-10 21:53:04,774 - rasterio.env - DEBUG - Entering env context: <rasterio.env.Env object at 0x7f7e8cfcae00>
2023-12-10 21:53:04,775 - rasterio.env - DEBUG - Starting outermost env
2023-12-10 21:53:04,775 - rasterio.env - DEBUG - No GDAL environment exists
2023-12-10 21:53:04,775 - rasterio.env - DEBUG - New GDAL environment <rasterio._env.GDALEnv object at 0x7f7e8cfcbf70> created
2023-12-10 21:53:04,778 - rasterio._filepath - DEBUG - Installing FilePath filesystem handler plugin...
2023-12-10 21:53:04,778 - rasterio._env - DEBUG - GDAL data found in package: path='/home/metpublic/PYTHON_VENV/present_weather/lib/python3.10/site-packages/rasterio/gdal_data'.
2023-12-10 21:53:04,778 - rasterio._env - DEBUG - PROJ data found in package: path='/home/metpublic/PYTHON_VENV/present_weather/lib/python3.10/site-packages/rasterio/proj_data'.
2023-12-10 21:53:04,779 - rasterio._env - DEBUG - Started GDALEnv: self=<rasterio._env.GDALEnv object at 0x7f7e8cfcbf70>.
2023-12-10 21:53:04,779 - rasterio.env - DEBUG - Entered env context: <rasterio.env.Env object at 0x7f7e8cfcae00>
2023-12-10 21:53:04,779 - rasterio._base - DEBUG - Sharing flag: 0
2023-12-10 21:53:05,050 - rasterio._base - DEBUG - Nodata success: 1, Nodata value: nan
2023-12-10 21:53:05,051 - rasterio._base - DEBUG - Dataset <open DatasetReader name='https://radar.bmkg.go.id/raster/radarsatelit_202312102150.tif' mode='r'> is started.
2023-12-10 21:53:05,051 - rasterio.env - DEBUG - Exiting env context: <rasterio.env.Env object at 0x7f7e8cfcae00>
2023-12-10 21:53:05,051 - rasterio.env - DEBUG - Cleared existing <rasterio._env.GDALEnv object at 0x7f7e8cfcbf70> options
2023-12-10 21:53:05,051 - rasterio._env - DEBUG - Stopped GDALEnv <rasterio._env.GDALEnv object at 0x7f7e8cfcbf70>.
2023-12-10 21:53:05,051 - rasterio.env - DEBUG - Exiting outermost env
2023-12-10 21:53:05,051 - rasterio.env - DEBUG - Exited env context: <rasterio.env.Env object at 0x7f7e8cfcae00>
2023-12-10 21:53:05,051 - rasterio.env - DEBUG - Entering env context: <rasterio.env.Env object at 0x7f7e8cf88730>
2023-12-10 21:53:05,051 - rasterio.env - DEBUG - Starting outermost env
2023-12-10 21:53:05,051 - rasterio.env - DEBUG - No GDAL environment exists
2023-12-10 21:53:05,051 - rasterio.env - DEBUG - New GDAL environment <rasterio._env.GDALEnv object at 0x7f7e8cfcbf70> created
2023-12-10 21:53:05,052 - rasterio._env - DEBUG - GDAL data found in package: path='/home/metpublic/PYTHON_VENV/present_weather/lib/python3.10/site-packages/rasterio/gdal_data'.
2023-12-10 21:53:05,052 - rasterio._env - DEBUG - PROJ data found in package: path='/home/metpublic/PYTHON_VENV/present_weather/lib/python3.10/site-packages/rasterio/proj_data'.
2023-12-10 21:53:05,052 - rasterio._env - DEBUG - Started GDALEnv: self=<rasterio._env.GDALEnv object at 0x7f7e8cfcbf70>.
2023-12-10 21:53:05,052 - rasterio.env - DEBUG - Entered env context: <rasterio.env.Env object at 0x7f7e8cf88730>
2023-12-10 21:53:05,052 - rasterio.env - DEBUG - Got a copy of environment <rasterio._env.GDALEnv object at 0x7f7e8cfcbf70> options
2023-12-10 21:53:05,053 - rasterio.env - DEBUG - Entering env context: <rasterio.env.Env object at 0x7f7e8c6920e0>
2023-12-10 21:53:05,053 - rasterio.env - DEBUG - Got a copy of environment <rasterio._env.GDALEnv object at 0x7f7e8cfcbf70> options
2023-12-10 21:53:05,053 - rasterio.env - DEBUG - Entered env context: <rasterio.env.Env object at 0x7f7e8c6920e0>
2023-12-10 21:53:05,053 - rasterio._base - DEBUG - Sharing flag: 0
2023-12-10 21:53:05,054 - rasterio._base - DEBUG - Nodata success: 1, Nodata value: nan
2023-12-10 21:53:05,054 - rasterio._base - DEBUG - Dataset <open DatasetReader name='https://radar.bmkg.go.id/raster/radarsatelit_202312102150.tif' mode='r'> is started.
2023-12-10 21:53:05,054 - rasterio.env - DEBUG - Exiting env context: <rasterio.env.Env object at 0x7f7e8c6920e0>
2023-12-10 21:53:05,054 - rasterio.env - DEBUG - Cleared existing <rasterio._env.GDALEnv object at 0x7f7e8cfcbf70> options
2023-12-10 21:53:05,054 - rasterio._env - DEBUG - Stopped GDALEnv <rasterio._env.GDALEnv object at 0x7f7e8cfcbf70>.
2023-12-10 21:53:05,054 - rasterio.env - DEBUG - No GDAL environment exists
2023-12-10 21:53:05,054 - rasterio.env - DEBUG - New GDAL environment <rasterio._env.GDALEnv object at 0x7f7e8cfcbf70> created
2023-12-10 21:53:05,054 - rasterio._env - DEBUG - GDAL data found in package: path='/home/metpublic/PYTHON_VENV/present_weather/lib/python3.10/site-packages/rasterio/gdal_data'.
2023-12-10 21:53:05,054 - rasterio._env - DEBUG - PROJ data found in package: path='/home/metpublic/PYTHON_VENV/present_weather/lib/python3.10/site-packages/rasterio/proj_data'.
2023-12-10 21:53:05,055 - rasterio._env - DEBUG - Started GDALEnv: self=<rasterio._env.GDALEnv object at 0x7f7e8cfcbf70>.
2023-12-10 21:53:05,055 - rasterio.env - DEBUG - Exited env context: <rasterio.env.Env object at 0x7f7e8c6920e0>
2023-12-10 21:53:05,071 - rasterio._io - DEBUG - Output nodata value read from file: nan
2023-12-10 21:53:05,071 - rasterio._io - DEBUG - Output nodata values: [nan]
2023-12-10 21:53:05,072 - rasterio._io - DEBUG - all_valid: False
2023-12-10 21:53:05,072 - rasterio._io - DEBUG - mask_flags: ([<MaskFlags.nodata: 8>],)
2023-12-10 21:53:05,072 - rasterio._io - DEBUG - Jump straight to _read()
2023-12-10 21:53:05,072 - rasterio._io - DEBUG - Window: Window(col_off=0, row_off=0, width=10177, height=3692)
2023-12-10 21:53:05,072 - rasterio._io - DEBUG - IO window xoff=0.0 yoff=0.0 width=10177.0 height=3692.0
2023-12-10 21:53:05,581 - rasterio.env - DEBUG - Exiting env context: <rasterio.env.Env object at 0x7f7e8cf88730>
2023-12-10 21:53:05,582 - rasterio.env - DEBUG - Cleared existing <rasterio._env.GDALEnv object at 0x7f7e8cfcbf70> options
2023-12-10 21:53:05,582 - rasterio._env - DEBUG - Stopped GDALEnv <rasterio._env.GDALEnv object at 0x7f7e8cfcbf70>.
2023-12-10 21:53:05,582 - rasterio.env - DEBUG - Exiting outermost env
2023-12-10 21:53:05,582 - rasterio.env - DEBUG - Exited env context: <rasterio.env.Env object at 0x7f7e8cf88730>
2023-12-10 21:57:22,884 - rasterio.env - DEBUG - Entering env context: <rasterio.env.Env object at 0x7f7e8c691ed0>
2023-12-10 21:57:22,885 - rasterio.env - DEBUG - Starting outermost env
2023-12-10 21:57:22,885 - rasterio.env - DEBUG - No GDAL environment exists
2023-12-10 21:57:22,885 - rasterio.env - DEBUG - New GDAL environment <rasterio._env.GDALEnv object at 0x7f7e8c691840> created
2023-12-10 21:57:22,886 - rasterio._env - DEBUG - GDAL data found in package: path='/home/metpublic/PYTHON_VENV/present_weather/lib/python3.10/site-packages/rasterio/gdal_data'.
2023-12-10 21:57:22,886 - rasterio._env - DEBUG - PROJ data found in package: path='/home/metpublic/PYTHON_VENV/present_weather/lib/python3.10/site-packages/rasterio/proj_data'.
2023-12-10 21:57:22,886 - rasterio._env - DEBUG - Started GDALEnv: self=<rasterio._env.GDALEnv object at 0x7f7e8c691840>.
2023-12-10 21:57:22,886 - rasterio.env - DEBUG - Entered env context: <rasterio.env.Env object at 0x7f7e8c691ed0>
2023-12-10 21:57:22,886 - rasterio._base - DEBUG - Sharing flag: 0
2023-12-10 21:57:22,889 - rasterio._base - DEBUG - Nodata success: 0, Nodata value: 0.000000
2023-12-10 21:57:22,889 - rasterio._base - DEBUG - Dataset <open DatasetReader name='/home/metpublic/TASK_RELEASE/EFAN/present_weather/src/H09_B13_Indonesia_20231210.Z2140.cor.tiff' mode='r'> is started.
2023-12-10 21:57:22,889 - rasterio.env - DEBUG - Exiting env context: <rasterio.env.Env object at 0x7f7e8c691ed0>
2023-12-10 21:57:22,889 - rasterio.env - DEBUG - Cleared existing <rasterio._env.GDALEnv object at 0x7f7e8c691840> options
2023-12-10 21:57:22,889 - rasterio._env - DEBUG - Stopped GDALEnv <rasterio._env.GDALEnv object at 0x7f7e8c691840>.
2023-12-10 21:57:22,889 - rasterio.env - DEBUG - Exiting outermost env
2023-12-10 21:57:22,889 - rasterio.env - DEBUG - Exited env context: <rasterio.env.Env object at 0x7f7e8c691ed0>
2023-12-10 21:57:22,890 - rasterio.env - DEBUG - Entering env context: <rasterio.env.Env object at 0x7f7e8c495720>
2023-12-10 21:57:22,890 - rasterio.env - DEBUG - Starting outermost env
2023-12-10 21:57:22,890 - rasterio.env - DEBUG - No GDAL environment exists
2023-12-10 21:57:22,890 - rasterio.env - DEBUG - New GDAL environment <rasterio._env.GDALEnv object at 0x7f7e8c4942e0> created
2023-12-10 21:57:22,890 - rasterio._env - DEBUG - GDAL data found in package: path='/home/metpublic/PYTHON_VENV/present_weather/lib/python3.10/site-packages/rasterio/gdal_data'.
2023-12-10 21:57:22,890 - rasterio._env - DEBUG - PROJ data found in package: path='/home/metpublic/PYTHON_VENV/present_weather/lib/python3.10/site-packages/rasterio/proj_data'.
2023-12-10 21:57:22,891 - rasterio._env - DEBUG - Started GDALEnv: self=<rasterio._env.GDALEnv object at 0x7f7e8c4942e0>.
2023-12-10 21:57:22,891 - rasterio.env - DEBUG - Entered env context: <rasterio.env.Env object at 0x7f7e8c495720>
2023-12-10 21:57:22,891 - rasterio._base - DEBUG - Sharing flag: 0
2023-12-10 21:57:22,893 - rasterio._base - DEBUG - Nodata success: 0, Nodata value: 0.000000
2023-12-10 21:57:22,893 - rasterio._base - DEBUG - Dataset <open DatasetReader name='/home/metpublic/TASK_RELEASE/EFAN/present_weather/src/H09_B13_Indonesia_20231210.Z2140.cor.tiff' mode='r'> is started.
2023-12-10 21:57:22,893 - rasterio.env - DEBUG - Exiting env context: <rasterio.env.Env object at 0x7f7e8c495720>
2023-12-10 21:57:22,893 - rasterio.env - DEBUG - Cleared existing <rasterio._env.GDALEnv object at 0x7f7e8c4942e0> options
2023-12-10 21:57:22,893 - rasterio._env - DEBUG - Stopped GDALEnv <rasterio._env.GDALEnv object at 0x7f7e8c4942e0>.
2023-12-10 21:57:22,893 - rasterio.env - DEBUG - Exiting outermost env
2023-12-10 21:57:22,894 - rasterio.env - DEBUG - Exited env context: <rasterio.env.Env object at 0x7f7e8c495720>
2023-12-10 21:57:22,904 - root - INFO - Generating present weather using SATELITE data
2023-12-10 21:58:50,868 - root - INFO - Total elapsed time: 0:05:47.735298
