2023-11-06 00:40:03,875 - root - INFO - Initiating present weather
2023-11-06 00:40:03,879 - urllib3.connectionpool - DEBUG - Starting new HTTPS connection (1): radar.bmkg.go.id:8060
2023-11-06 00:40:03,950 - urllib3.connectionpool - DEBUG - https://radar.bmkg.go.id:8060 "GET /getRadarGeotif?token=19387e71e78522ae4172ec0fda640983b8438c9cfa0ca571623cb69d8327&radar=amandemenForecast&type=latest HTTP/1.1" 200 90
2023-11-06 00:40:03,953 - rasterio.env - DEBUG - Entering env context: <rasterio.env.Env object at 0x7f18402bb170>
2023-11-06 00:40:03,954 - rasterio.env - DEBUG - Starting outermost env
2023-11-06 00:40:03,955 - rasterio.env - DEBUG - No GDAL environment exists
2023-11-06 00:40:03,955 - rasterio.env - DEBUG - New GDAL environment <rasterio._env.GDALEnv object at 0x7f18401f9930> created
2023-11-06 00:40:03,959 - rasterio._filepath - DEBUG - Installing FilePath filesystem handler plugin...
2023-11-06 00:40:03,960 - rasterio._env - DEBUG - GDAL data found in package: path='/home/swx/miniconda3/envs/present_weather/lib/python3.12/site-packages/rasterio/gdal_data'.
2023-11-06 00:40:03,960 - rasterio._env - DEBUG - PROJ_LIB found in environment.
2023-11-06 00:40:03,960 - rasterio._env - DEBUG - Started GDALEnv: self=<rasterio._env.GDALEnv object at 0x7f18401f9930>.
2023-11-06 00:40:03,960 - rasterio.env - DEBUG - Entered env context: <rasterio.env.Env object at 0x7f18402bb170>
2023-11-06 00:40:03,960 - rasterio._base - DEBUG - Sharing flag: 0
2023-11-06 00:40:04,133 - rasterio._base - DEBUG - Nodata success: 1, Nodata value: nan
2023-11-06 00:40:04,133 - rasterio._base - DEBUG - Dataset <open DatasetReader name='https://radar.bmkg.go.id/raster/radarsatelit_202311060020.tif' mode='r'> is started.
2023-11-06 00:40:04,133 - rasterio.env - DEBUG - Exiting env context: <rasterio.env.Env object at 0x7f18402bb170>
2023-11-06 00:40:04,134 - rasterio.env - DEBUG - Cleared existing <rasterio._env.GDALEnv object at 0x7f18401f9930> options
2023-11-06 00:40:04,134 - rasterio._env - DEBUG - Stopped GDALEnv <rasterio._env.GDALEnv object at 0x7f18401f9930>.
2023-11-06 00:40:04,134 - rasterio.env - DEBUG - Exiting outermost env
2023-11-06 00:40:04,134 - rasterio.env - DEBUG - Exited env context: <rasterio.env.Env object at 0x7f18402bb170>
2023-11-06 00:40:04,134 - rasterio.env - DEBUG - Entering env context: <rasterio.env.Env object at 0x7f1861bd04d0>
2023-11-06 00:40:04,134 - rasterio.env - DEBUG - Starting outermost env
2023-11-06 00:40:04,134 - rasterio.env - DEBUG - No GDAL environment exists
2023-11-06 00:40:04,134 - rasterio.env - DEBUG - New GDAL environment <rasterio._env.GDALEnv object at 0x7f18401f9930> created
2023-11-06 00:40:04,135 - rasterio._env - DEBUG - GDAL data found in package: path='/home/swx/miniconda3/envs/present_weather/lib/python3.12/site-packages/rasterio/gdal_data'.
2023-11-06 00:40:04,135 - rasterio._env - DEBUG - PROJ_LIB found in environment.
2023-11-06 00:40:04,135 - rasterio._env - DEBUG - Started GDALEnv: self=<rasterio._env.GDALEnv object at 0x7f18401f9930>.
2023-11-06 00:40:04,136 - rasterio.env - DEBUG - Entered env context: <rasterio.env.Env object at 0x7f1861bd04d0>
2023-11-06 00:40:04,136 - rasterio.env - DEBUG - Got a copy of environment <rasterio._env.GDALEnv object at 0x7f18401f9930> options
2023-11-06 00:40:04,136 - rasterio.env - DEBUG - Entering env context: <rasterio.env.Env object at 0x7f17fed13110>
2023-11-06 00:40:04,136 - rasterio.env - DEBUG - Got a copy of environment <rasterio._env.GDALEnv object at 0x7f18401f9930> options
2023-11-06 00:40:04,136 - rasterio.env - DEBUG - Entered env context: <rasterio.env.Env object at 0x7f17fed13110>
2023-11-06 00:40:04,137 - rasterio._base - DEBUG - Sharing flag: 0
2023-11-06 00:40:04,138 - rasterio._base - DEBUG - Nodata success: 1, Nodata value: nan
2023-11-06 00:40:04,138 - rasterio._base - DEBUG - Dataset <open DatasetReader name='https://radar.bmkg.go.id/raster/radarsatelit_202311060020.tif' mode='r'> is started.
2023-11-06 00:40:04,138 - rasterio.env - DEBUG - Exiting env context: <rasterio.env.Env object at 0x7f17fed13110>
2023-11-06 00:40:04,138 - rasterio.env - DEBUG - Cleared existing <rasterio._env.GDALEnv object at 0x7f18401f9930> options
2023-11-06 00:40:04,138 - rasterio._env - DEBUG - Stopped GDALEnv <rasterio._env.GDALEnv object at 0x7f18401f9930>.
2023-11-06 00:40:04,138 - rasterio.env - DEBUG - No GDAL environment exists
2023-11-06 00:40:04,138 - rasterio.env - DEBUG - New GDAL environment <rasterio._env.GDALEnv object at 0x7f18401f9930> created
2023-11-06 00:40:04,139 - rasterio._env - DEBUG - GDAL data found in package: path='/home/swx/miniconda3/envs/present_weather/lib/python3.12/site-packages/rasterio/gdal_data'.
2023-11-06 00:40:04,139 - rasterio._env - DEBUG - PROJ_LIB found in environment.
2023-11-06 00:40:04,139 - rasterio._env - DEBUG - Started GDALEnv: self=<rasterio._env.GDALEnv object at 0x7f18401f9930>.
2023-11-06 00:40:04,139 - rasterio.env - DEBUG - Exited env context: <rasterio.env.Env object at 0x7f17fed13110>
2023-11-06 00:40:04,170 - rasterio._io - DEBUG - Output nodata value read from file: nan
2023-11-06 00:40:04,170 - rasterio._io - DEBUG - Output nodata values: [nan]
2023-11-06 00:40:04,171 - rasterio._io - DEBUG - all_valid: False
2023-11-06 00:40:04,171 - rasterio._io - DEBUG - mask_flags: ([<MaskFlags.nodata: 8>],)
2023-11-06 00:40:04,171 - rasterio._io - DEBUG - Jump straight to _read()
2023-11-06 00:40:04,171 - rasterio._io - DEBUG - Window: Window(col_off=0, row_off=0, width=10215, height=3792)
2023-11-06 00:40:04,171 - rasterio._io - DEBUG - IO window xoff=0.0 yoff=0.0 width=10215.0 height=3792.0
2023-11-06 00:40:04,824 - rasterio.env - DEBUG - Exiting env context: <rasterio.env.Env object at 0x7f1861bd04d0>
2023-11-06 00:40:04,825 - rasterio.env - DEBUG - Cleared existing <rasterio._env.GDALEnv object at 0x7f18401f9930> options
2023-11-06 00:40:04,825 - rasterio._env - DEBUG - Stopped GDALEnv <rasterio._env.GDALEnv object at 0x7f18401f9930>.
2023-11-06 00:40:04,825 - rasterio.env - DEBUG - Exiting outermost env
2023-11-06 00:40:04,825 - rasterio.env - DEBUG - Exited env context: <rasterio.env.Env object at 0x7f1861bd04d0>
2023-11-06 00:40:04,827 - urllib3.connectionpool - DEBUG - Starting new HTTPS connection (1): radar.bmkg.go.id:8060
2023-11-06 00:40:04,910 - urllib3.connectionpool - DEBUG - https://radar.bmkg.go.id:8060 "GET /getLatestLD?typeData=1 HTTP/1.1" 200 109892
2023-11-06 00:40:04,951 - asyncio - DEBUG - Using selector: EpollSelector
2023-11-06 00:56:38,371 - root - INFO - Total elapsed time: 0:16:34.496954
