2023-11-26 09:43:03,448 - root - INFO - Initiating present weather
2023-11-26 09:43:03,451 - asyncio - DEBUG - Using selector: EpollSelector
2023-11-26 09:43:06,758 - urllib3.connectionpool - DEBUG - Starting new HTTPS connection (1): radar.bmkg.go.id:8060
2023-11-26 09:43:06,816 - urllib3.connectionpool - DEBUG - https://radar.bmkg.go.id:8060 "GET /getRadarGeotif?token=19387e71e78522ae4172ec0fda640983b8438c9cfa0ca571623cb69d8327&radar=amandemenForecast&type=latest HTTP/1.1" 200 90
2023-11-26 09:43:06,818 - rasterio.env - DEBUG - Entering env context: <rasterio.env.Env object at 0x7f4678aa7560>
2023-11-26 09:43:06,819 - rasterio.env - DEBUG - Starting outermost env
2023-11-26 09:43:06,819 - rasterio.env - DEBUG - No GDAL environment exists
2023-11-26 09:43:06,819 - rasterio.env - DEBUG - New GDAL environment <rasterio._env.GDALEnv object at 0x7f4678990ee0> created
2023-11-26 09:43:06,822 - rasterio._filepath - DEBUG - Installing FilePath filesystem handler plugin...
2023-11-26 09:43:06,823 - rasterio._env - DEBUG - GDAL data found in package: path='/home/swx/miniconda3/envs/present_weather/lib/python3.12/site-packages/rasterio/gdal_data'.
2023-11-26 09:43:06,823 - rasterio._env - DEBUG - PROJ_LIB found in environment.
2023-11-26 09:43:06,823 - rasterio._env - DEBUG - Started GDALEnv: self=<rasterio._env.GDALEnv object at 0x7f4678990ee0>.
2023-11-26 09:43:06,823 - rasterio.env - DEBUG - Entered env context: <rasterio.env.Env object at 0x7f4678aa7560>
2023-11-26 09:43:06,823 - rasterio._base - DEBUG - Sharing flag: 0
2023-11-26 09:43:07,026 - rasterio._base - DEBUG - Nodata success: 1, Nodata value: nan
2023-11-26 09:43:07,026 - rasterio._base - DEBUG - Dataset <open DatasetReader name='https://radar.bmkg.go.id/raster/radarsatelit_202311260940.tif' mode='r'> is started.
2023-11-26 09:43:07,026 - rasterio.env - DEBUG - Exiting env context: <rasterio.env.Env object at 0x7f4678aa7560>
2023-11-26 09:43:07,026 - rasterio.env - DEBUG - Cleared existing <rasterio._env.GDALEnv object at 0x7f4678990ee0> options
2023-11-26 09:43:07,027 - rasterio._env - DEBUG - Stopped GDALEnv <rasterio._env.GDALEnv object at 0x7f4678990ee0>.
2023-11-26 09:43:07,027 - rasterio.env - DEBUG - Exiting outermost env
2023-11-26 09:43:07,027 - rasterio.env - DEBUG - Exited env context: <rasterio.env.Env object at 0x7f4678aa7560>
2023-11-26 09:43:07,027 - rasterio.env - DEBUG - Entering env context: <rasterio.env.Env object at 0x7f4678992240>
2023-11-26 09:43:07,027 - rasterio.env - DEBUG - Starting outermost env
2023-11-26 09:43:07,028 - rasterio.env - DEBUG - No GDAL environment exists
2023-11-26 09:43:07,028 - rasterio.env - DEBUG - New GDAL environment <rasterio._env.GDALEnv object at 0x7f4678bf2350> created
2023-11-26 09:43:07,028 - rasterio._env - DEBUG - GDAL data found in package: path='/home/swx/miniconda3/envs/present_weather/lib/python3.12/site-packages/rasterio/gdal_data'.
2023-11-26 09:43:07,028 - rasterio._env - DEBUG - PROJ_LIB found in environment.
2023-11-26 09:43:07,029 - rasterio._env - DEBUG - Started GDALEnv: self=<rasterio._env.GDALEnv object at 0x7f4678bf2350>.
2023-11-26 09:43:07,029 - rasterio.env - DEBUG - Entered env context: <rasterio.env.Env object at 0x7f4678992240>
2023-11-26 09:43:07,029 - rasterio.env - DEBUG - Got a copy of environment <rasterio._env.GDALEnv object at 0x7f4678bf2350> options
2023-11-26 09:43:07,030 - rasterio.env - DEBUG - Entering env context: <rasterio.env.Env object at 0x7f4661d4a990>
2023-11-26 09:43:07,030 - rasterio.env - DEBUG - Got a copy of environment <rasterio._env.GDALEnv object at 0x7f4678bf2350> options
2023-11-26 09:43:07,030 - rasterio.env - DEBUG - Entered env context: <rasterio.env.Env object at 0x7f4661d4a990>
2023-11-26 09:43:07,030 - rasterio._base - DEBUG - Sharing flag: 0
2023-11-26 09:43:07,031 - rasterio._base - DEBUG - Nodata success: 1, Nodata value: nan
2023-11-26 09:43:07,031 - rasterio._base - DEBUG - Dataset <open DatasetReader name='https://radar.bmkg.go.id/raster/radarsatelit_202311260940.tif' mode='r'> is started.
2023-11-26 09:43:07,032 - rasterio.env - DEBUG - Exiting env context: <rasterio.env.Env object at 0x7f4661d4a990>
2023-11-26 09:43:07,032 - rasterio.env - DEBUG - Cleared existing <rasterio._env.GDALEnv object at 0x7f4678bf2350> options
2023-11-26 09:43:07,032 - rasterio._env - DEBUG - Stopped GDALEnv <rasterio._env.GDALEnv object at 0x7f4678bf2350>.
2023-11-26 09:43:07,032 - rasterio.env - DEBUG - No GDAL environment exists
2023-11-26 09:43:07,032 - rasterio.env - DEBUG - New GDAL environment <rasterio._env.GDALEnv object at 0x7f4678bf2350> created
2023-11-26 09:43:07,033 - rasterio._env - DEBUG - GDAL data found in package: path='/home/swx/miniconda3/envs/present_weather/lib/python3.12/site-packages/rasterio/gdal_data'.
2023-11-26 09:43:07,033 - rasterio._env - DEBUG - PROJ_LIB found in environment.
2023-11-26 09:43:07,033 - rasterio._env - DEBUG - Started GDALEnv: self=<rasterio._env.GDALEnv object at 0x7f4678bf2350>.
2023-11-26 09:43:07,033 - rasterio.env - DEBUG - Exited env context: <rasterio.env.Env object at 0x7f4661d4a990>
2023-11-26 09:43:07,065 - rasterio._io - DEBUG - Output nodata value read from file: nan
2023-11-26 09:43:07,065 - rasterio._io - DEBUG - Output nodata values: [nan]
2023-11-26 09:43:07,066 - rasterio._io - DEBUG - all_valid: False
2023-11-26 09:43:07,066 - rasterio._io - DEBUG - mask_flags: ([<MaskFlags.nodata: 8>],)
2023-11-26 09:43:07,066 - rasterio._io - DEBUG - Jump straight to _read()
2023-11-26 09:43:07,066 - rasterio._io - DEBUG - Window: Window(col_off=0, row_off=0, width=10215, height=3792)
2023-11-26 09:43:07,067 - rasterio._io - DEBUG - IO window xoff=0.0 yoff=0.0 width=10215.0 height=3792.0
2023-11-26 09:43:08,012 - rasterio.env - DEBUG - Exiting env context: <rasterio.env.Env object at 0x7f4678992240>
2023-11-26 09:43:08,013 - rasterio.env - DEBUG - Cleared existing <rasterio._env.GDALEnv object at 0x7f4678bf2350> options
2023-11-26 09:43:08,013 - rasterio._env - DEBUG - Stopped GDALEnv <rasterio._env.GDALEnv object at 0x7f4678bf2350>.
2023-11-26 09:43:08,013 - rasterio.env - DEBUG - Exiting outermost env
2023-11-26 09:43:08,014 - rasterio.env - DEBUG - Exited env context: <rasterio.env.Env object at 0x7f4678992240>
2023-11-26 09:43:08,017 - urllib3.connectionpool - DEBUG - Starting new HTTPS connection (1): radar.bmkg.go.id:8060
2023-11-26 09:43:08,062 - urllib3.connectionpool - DEBUG - https://radar.bmkg.go.id:8060 "GET /getLatestLD?typeData=1 HTTP/1.1" 200 8863
2023-11-26 09:43:08,071 - root - INFO - Generating present weather using RADAR data
2023-11-26 09:43:11,430 - root - INFO - dask.bag<lambda, npartitions=20>
2023-11-26 09:56:11,399 - root - INFO - Total elapsed time: 0:13:07.952078
