2023-11-22 19:03:03,561 - root - INFO - Initiating present weather
2023-11-22 19:03:03,564 - asyncio - DEBUG - Using selector: EpollSelector
2023-11-22 19:03:06,789 - urllib3.connectionpool - DEBUG - Starting new HTTPS connection (1): radar.bmkg.go.id:8060
2023-11-22 19:03:11,861 - urllib3.connectionpool - DEBUG - https://radar.bmkg.go.id:8060 "GET /getRadarGeotif?token=19387e71e78522ae4172ec0fda640983b8438c9cfa0ca571623cb69d8327&radar=amandemenForecast&type=latest HTTP/1.1" 200 90
2023-11-22 19:03:11,864 - rasterio.env - DEBUG - Entering env context: <rasterio.env.Env object at 0x7fbb8d58d280>
2023-11-22 19:03:11,865 - rasterio.env - DEBUG - Starting outermost env
2023-11-22 19:03:11,866 - rasterio.env - DEBUG - No GDAL environment exists
2023-11-22 19:03:11,866 - rasterio.env - DEBUG - New GDAL environment <rasterio._env.GDALEnv object at 0x7fbb8d297c70> created
2023-11-22 19:03:11,871 - rasterio._filepath - DEBUG - Installing FilePath filesystem handler plugin...
2023-11-22 19:03:11,871 - rasterio._env - DEBUG - GDAL data found in package: path='/home/swx/miniconda3/envs/present_weather/lib/python3.12/site-packages/rasterio/gdal_data'.
2023-11-22 19:03:11,871 - rasterio._env - DEBUG - PROJ_LIB found in environment.
2023-11-22 19:03:11,871 - rasterio._env - DEBUG - Started GDALEnv: self=<rasterio._env.GDALEnv object at 0x7fbb8d297c70>.
2023-11-22 19:03:11,871 - rasterio.env - DEBUG - Entered env context: <rasterio.env.Env object at 0x7fbb8d58d280>
2023-11-22 19:03:11,872 - rasterio._base - DEBUG - Sharing flag: 0
2023-11-22 19:03:12,077 - rasterio._base - DEBUG - Nodata success: 1, Nodata value: nan
2023-11-22 19:03:12,077 - rasterio._base - DEBUG - Dataset <open DatasetReader name='https://radar.bmkg.go.id/raster/radarsatelit_202311221900.tif' mode='r'> is started.
2023-11-22 19:03:12,078 - rasterio.env - DEBUG - Exiting env context: <rasterio.env.Env object at 0x7fbb8d58d280>
2023-11-22 19:03:12,078 - rasterio.env - DEBUG - Cleared existing <rasterio._env.GDALEnv object at 0x7fbb8d297c70> options
2023-11-22 19:03:12,078 - rasterio._env - DEBUG - Stopped GDALEnv <rasterio._env.GDALEnv object at 0x7fbb8d297c70>.
2023-11-22 19:03:12,079 - rasterio.env - DEBUG - Exiting outermost env
2023-11-22 19:03:12,079 - rasterio.env - DEBUG - Exited env context: <rasterio.env.Env object at 0x7fbb8d58d280>
2023-11-22 19:03:12,079 - rasterio.env - DEBUG - Entering env context: <rasterio.env.Env object at 0x7fbb8d413980>
2023-11-22 19:03:12,079 - rasterio.env - DEBUG - Starting outermost env
2023-11-22 19:03:12,079 - rasterio.env - DEBUG - No GDAL environment exists
2023-11-22 19:03:12,079 - rasterio.env - DEBUG - New GDAL environment <rasterio._env.GDALEnv object at 0x7fbb8d4ef220> created
2023-11-22 19:03:12,080 - rasterio._env - DEBUG - GDAL data found in package: path='/home/swx/miniconda3/envs/present_weather/lib/python3.12/site-packages/rasterio/gdal_data'.
2023-11-22 19:03:12,080 - rasterio._env - DEBUG - PROJ_LIB found in environment.
2023-11-22 19:03:12,081 - rasterio._env - DEBUG - Started GDALEnv: self=<rasterio._env.GDALEnv object at 0x7fbb8d4ef220>.
2023-11-22 19:03:12,081 - rasterio.env - DEBUG - Entered env context: <rasterio.env.Env object at 0x7fbb8d413980>
2023-11-22 19:03:12,081 - rasterio.env - DEBUG - Got a copy of environment <rasterio._env.GDALEnv object at 0x7fbb8d4ef220> options
2023-11-22 19:03:12,081 - rasterio.env - DEBUG - Entering env context: <rasterio.env.Env object at 0x7fbb8d2eb350>
2023-11-22 19:03:12,082 - rasterio.env - DEBUG - Got a copy of environment <rasterio._env.GDALEnv object at 0x7fbb8d4ef220> options
2023-11-22 19:03:12,082 - rasterio.env - DEBUG - Entered env context: <rasterio.env.Env object at 0x7fbb8d2eb350>
2023-11-22 19:03:12,082 - rasterio._base - DEBUG - Sharing flag: 0
2023-11-22 19:03:12,083 - rasterio._base - DEBUG - Nodata success: 1, Nodata value: nan
2023-11-22 19:03:12,083 - rasterio._base - DEBUG - Dataset <open DatasetReader name='https://radar.bmkg.go.id/raster/radarsatelit_202311221900.tif' mode='r'> is started.
2023-11-22 19:03:12,083 - rasterio.env - DEBUG - Exiting env context: <rasterio.env.Env object at 0x7fbb8d2eb350>
2023-11-22 19:03:12,083 - rasterio.env - DEBUG - Cleared existing <rasterio._env.GDALEnv object at 0x7fbb8d4ef220> options
2023-11-22 19:03:12,084 - rasterio._env - DEBUG - Stopped GDALEnv <rasterio._env.GDALEnv object at 0x7fbb8d4ef220>.
2023-11-22 19:03:12,084 - rasterio.env - DEBUG - No GDAL environment exists
2023-11-22 19:03:12,084 - rasterio.env - DEBUG - New GDAL environment <rasterio._env.GDALEnv object at 0x7fbb8d4ef220> created
2023-11-22 19:03:12,084 - rasterio._env - DEBUG - GDAL data found in package: path='/home/swx/miniconda3/envs/present_weather/lib/python3.12/site-packages/rasterio/gdal_data'.
2023-11-22 19:03:12,084 - rasterio._env - DEBUG - PROJ_LIB found in environment.
2023-11-22 19:03:12,085 - rasterio._env - DEBUG - Started GDALEnv: self=<rasterio._env.GDALEnv object at 0x7fbb8d4ef220>.
2023-11-22 19:03:12,085 - rasterio.env - DEBUG - Exited env context: <rasterio.env.Env object at 0x7fbb8d2eb350>
2023-11-22 19:03:12,112 - rasterio._io - DEBUG - Output nodata value read from file: nan
2023-11-22 19:03:12,113 - rasterio._io - DEBUG - Output nodata values: [nan]
2023-11-22 19:03:12,113 - rasterio._io - DEBUG - all_valid: False
2023-11-22 19:03:12,113 - rasterio._io - DEBUG - mask_flags: ([<MaskFlags.nodata: 8>],)
2023-11-22 19:03:12,114 - rasterio._io - DEBUG - Jump straight to _read()
2023-11-22 19:03:12,114 - rasterio._io - DEBUG - Window: Window(col_off=0, row_off=0, width=10215, height=3792)
2023-11-22 19:03:12,115 - rasterio._io - DEBUG - IO window xoff=0.0 yoff=0.0 width=10215.0 height=3792.0
2023-11-22 19:03:12,904 - rasterio.env - DEBUG - Exiting env context: <rasterio.env.Env object at 0x7fbb8d413980>
2023-11-22 19:03:12,905 - rasterio.env - DEBUG - Cleared existing <rasterio._env.GDALEnv object at 0x7fbb8d4ef220> options
2023-11-22 19:03:12,905 - rasterio._env - DEBUG - Stopped GDALEnv <rasterio._env.GDALEnv object at 0x7fbb8d4ef220>.
2023-11-22 19:03:12,905 - rasterio.env - DEBUG - Exiting outermost env
2023-11-22 19:03:12,905 - rasterio.env - DEBUG - Exited env context: <rasterio.env.Env object at 0x7fbb8d413980>
2023-11-22 19:03:12,907 - urllib3.connectionpool - DEBUG - Starting new HTTPS connection (1): radar.bmkg.go.id:8060
2023-11-22 19:03:17,972 - urllib3.connectionpool - DEBUG - https://radar.bmkg.go.id:8060 "GET /getLatestLD?typeData=1 HTTP/1.1" 200 19709
2023-11-22 19:03:21,361 - root - INFO - dask.bag<lambda, npartitions=34>
2023-11-22 19:19:23,773 - root - INFO - Total elapsed time: 0:16:20.212953
