2023-11-25 21:23:03,656 - root - INFO - Initiating present weather
2023-11-25 21:23:03,659 - asyncio - DEBUG - Using selector: EpollSelector
2023-11-25 21:23:06,945 - urllib3.connectionpool - DEBUG - Starting new HTTPS connection (1): radar.bmkg.go.id:8060
2023-11-25 21:23:07,012 - urllib3.connectionpool - DEBUG - https://radar.bmkg.go.id:8060 "GET /getRadarGeotif?token=19387e71e78522ae4172ec0fda640983b8438c9cfa0ca571623cb69d8327&radar=amandemenForecast&type=latest HTTP/1.1" 200 90
2023-11-25 21:23:07,014 - rasterio.env - DEBUG - Entering env context: <rasterio.env.Env object at 0x7fdff6b64410>
2023-11-25 21:23:07,015 - rasterio.env - DEBUG - Starting outermost env
2023-11-25 21:23:07,015 - rasterio.env - DEBUG - No GDAL environment exists
2023-11-25 21:23:07,015 - rasterio.env - DEBUG - New GDAL environment <rasterio._env.GDALEnv object at 0x7fdff6b643a0> created
2023-11-25 21:23:07,019 - rasterio._filepath - DEBUG - Installing FilePath filesystem handler plugin...
2023-11-25 21:23:07,019 - rasterio._env - DEBUG - GDAL data found in package: path='/home/swx/miniconda3/envs/present_weather/lib/python3.12/site-packages/rasterio/gdal_data'.
2023-11-25 21:23:07,020 - rasterio._env - DEBUG - PROJ_LIB found in environment.
2023-11-25 21:23:07,020 - rasterio._env - DEBUG - Started GDALEnv: self=<rasterio._env.GDALEnv object at 0x7fdff6b643a0>.
2023-11-25 21:23:07,020 - rasterio.env - DEBUG - Entered env context: <rasterio.env.Env object at 0x7fdff6b64410>
2023-11-25 21:23:07,020 - rasterio._base - DEBUG - Sharing flag: 0
2023-11-25 21:23:07,218 - rasterio._base - DEBUG - Nodata success: 1, Nodata value: nan
2023-11-25 21:23:07,219 - rasterio._base - DEBUG - Dataset <open DatasetReader name='https://radar.bmkg.go.id/raster/radarsatelit_202311252120.tif' mode='r'> is started.
2023-11-25 21:23:07,220 - rasterio.env - DEBUG - Exiting env context: <rasterio.env.Env object at 0x7fdff6b64410>
2023-11-25 21:23:07,220 - rasterio.env - DEBUG - Cleared existing <rasterio._env.GDALEnv object at 0x7fdff6b643a0> options
2023-11-25 21:23:07,220 - rasterio._env - DEBUG - Stopped GDALEnv <rasterio._env.GDALEnv object at 0x7fdff6b643a0>.
2023-11-25 21:23:07,220 - rasterio.env - DEBUG - Exiting outermost env
2023-11-25 21:23:07,220 - rasterio.env - DEBUG - Exited env context: <rasterio.env.Env object at 0x7fdff6b64410>
2023-11-25 21:23:07,221 - rasterio.env - DEBUG - Entering env context: <rasterio.env.Env object at 0x7fdff6c8c1d0>
2023-11-25 21:23:07,221 - rasterio.env - DEBUG - Starting outermost env
2023-11-25 21:23:07,221 - rasterio.env - DEBUG - No GDAL environment exists
2023-11-25 21:23:07,221 - rasterio.env - DEBUG - New GDAL environment <rasterio._env.GDALEnv object at 0x7fdff6b643a0> created
2023-11-25 21:23:07,221 - rasterio._env - DEBUG - GDAL data found in package: path='/home/swx/miniconda3/envs/present_weather/lib/python3.12/site-packages/rasterio/gdal_data'.
2023-11-25 21:23:07,222 - rasterio._env - DEBUG - PROJ_LIB found in environment.
2023-11-25 21:23:07,222 - rasterio._env - DEBUG - Started GDALEnv: self=<rasterio._env.GDALEnv object at 0x7fdff6b643a0>.
2023-11-25 21:23:07,222 - rasterio.env - DEBUG - Entered env context: <rasterio.env.Env object at 0x7fdff6c8c1d0>
2023-11-25 21:23:07,223 - rasterio.env - DEBUG - Got a copy of environment <rasterio._env.GDALEnv object at 0x7fdff6b643a0> options
2023-11-25 21:23:07,223 - rasterio.env - DEBUG - Entering env context: <rasterio.env.Env object at 0x7fdff4f0c3e0>
2023-11-25 21:23:07,223 - rasterio.env - DEBUG - Got a copy of environment <rasterio._env.GDALEnv object at 0x7fdff6b643a0> options
2023-11-25 21:23:07,223 - rasterio.env - DEBUG - Entered env context: <rasterio.env.Env object at 0x7fdff4f0c3e0>
2023-11-25 21:23:07,223 - rasterio._base - DEBUG - Sharing flag: 0
2023-11-25 21:23:07,224 - rasterio._base - DEBUG - Nodata success: 1, Nodata value: nan
2023-11-25 21:23:07,224 - rasterio._base - DEBUG - Dataset <open DatasetReader name='https://radar.bmkg.go.id/raster/radarsatelit_202311252120.tif' mode='r'> is started.
2023-11-25 21:23:07,225 - rasterio.env - DEBUG - Exiting env context: <rasterio.env.Env object at 0x7fdff4f0c3e0>
2023-11-25 21:23:07,225 - rasterio.env - DEBUG - Cleared existing <rasterio._env.GDALEnv object at 0x7fdff6b643a0> options
2023-11-25 21:23:07,225 - rasterio._env - DEBUG - Stopped GDALEnv <rasterio._env.GDALEnv object at 0x7fdff6b643a0>.
2023-11-25 21:23:07,225 - rasterio.env - DEBUG - No GDAL environment exists
2023-11-25 21:23:07,225 - rasterio.env - DEBUG - New GDAL environment <rasterio._env.GDALEnv object at 0x7fdff6b643a0> created
2023-11-25 21:23:07,226 - rasterio._env - DEBUG - GDAL data found in package: path='/home/swx/miniconda3/envs/present_weather/lib/python3.12/site-packages/rasterio/gdal_data'.
2023-11-25 21:23:07,226 - rasterio._env - DEBUG - PROJ_LIB found in environment.
2023-11-25 21:23:07,226 - rasterio._env - DEBUG - Started GDALEnv: self=<rasterio._env.GDALEnv object at 0x7fdff6b643a0>.
2023-11-25 21:23:07,226 - rasterio.env - DEBUG - Exited env context: <rasterio.env.Env object at 0x7fdff4f0c3e0>
2023-11-25 21:23:07,254 - rasterio._io - DEBUG - Output nodata value read from file: nan
2023-11-25 21:23:07,255 - rasterio._io - DEBUG - Output nodata values: [nan]
2023-11-25 21:23:07,255 - rasterio._io - DEBUG - all_valid: False
2023-11-25 21:23:07,255 - rasterio._io - DEBUG - mask_flags: ([<MaskFlags.nodata: 8>],)
2023-11-25 21:23:07,255 - rasterio._io - DEBUG - Jump straight to _read()
2023-11-25 21:23:07,255 - rasterio._io - DEBUG - Window: Window(col_off=0, row_off=0, width=10215, height=3792)
2023-11-25 21:23:07,256 - rasterio._io - DEBUG - IO window xoff=0.0 yoff=0.0 width=10215.0 height=3792.0
2023-11-25 21:23:07,974 - rasterio.env - DEBUG - Exiting env context: <rasterio.env.Env object at 0x7fdff6c8c1d0>
2023-11-25 21:23:07,974 - rasterio.env - DEBUG - Cleared existing <rasterio._env.GDALEnv object at 0x7fdff6b643a0> options
2023-11-25 21:23:07,974 - rasterio._env - DEBUG - Stopped GDALEnv <rasterio._env.GDALEnv object at 0x7fdff6b643a0>.
2023-11-25 21:23:07,974 - rasterio.env - DEBUG - Exiting outermost env
2023-11-25 21:23:07,974 - rasterio.env - DEBUG - Exited env context: <rasterio.env.Env object at 0x7fdff6c8c1d0>
2023-11-25 21:23:07,976 - urllib3.connectionpool - DEBUG - Starting new HTTPS connection (1): radar.bmkg.go.id:8060
2023-11-25 21:23:08,018 - urllib3.connectionpool - DEBUG - https://radar.bmkg.go.id:8060 "GET /getLatestLD?typeData=1 HTTP/1.1" 200 108
2023-11-25 21:23:08,021 - root - INFO - Generating present weather using RADAR data
2023-11-25 21:23:11,394 - root - INFO - dask.bag<lambda, npartitions=20>
2023-11-25 21:23:17,322 - root - INFO - Total elapsed time: 0:00:13.666892
