2023-11-19 08:20:03,482 - root - INFO - Initiating present weather
2023-11-19 08:20:03,486 - urllib3.connectionpool - DEBUG - Starting new HTTPS connection (1): radar.bmkg.go.id:8060
2023-11-19 08:20:03,569 - urllib3.connectionpool - DEBUG - https://radar.bmkg.go.id:8060 "GET /getRadarGeotif?token=19387e71e78522ae4172ec0fda640983b8438c9cfa0ca571623cb69d8327&radar=amandemenForecast&type=latest HTTP/1.1" 200 90
2023-11-19 08:20:03,572 - rasterio.env - DEBUG - Entering env context: <rasterio.env.Env object at 0x7f69a7c21c40>
2023-11-19 08:20:03,573 - rasterio.env - DEBUG - Starting outermost env
2023-11-19 08:20:03,573 - rasterio.env - DEBUG - No GDAL environment exists
2023-11-19 08:20:03,573 - rasterio.env - DEBUG - New GDAL environment <rasterio._env.GDALEnv object at 0x7f69a7eb2110> created
2023-11-19 08:20:03,577 - rasterio._filepath - DEBUG - Installing FilePath filesystem handler plugin...
2023-11-19 08:20:03,578 - rasterio._env - DEBUG - GDAL data found in package: path='/home/swx/miniconda3/envs/present_weather/lib/python3.12/site-packages/rasterio/gdal_data'.
2023-11-19 08:20:03,578 - rasterio._env - DEBUG - PROJ_LIB found in environment.
2023-11-19 08:20:03,578 - rasterio._env - DEBUG - Started GDALEnv: self=<rasterio._env.GDALEnv object at 0x7f69a7eb2110>.
2023-11-19 08:20:03,578 - rasterio.env - DEBUG - Entered env context: <rasterio.env.Env object at 0x7f69a7c21c40>
2023-11-19 08:20:03,578 - rasterio._base - DEBUG - Sharing flag: 0
2023-11-19 08:20:03,764 - rasterio._base - DEBUG - Nodata success: 1, Nodata value: nan
2023-11-19 08:20:03,764 - rasterio._base - DEBUG - Dataset <open DatasetReader name='https://radar.bmkg.go.id/raster/radarsatelit_202311190810.tif' mode='r'> is started.
2023-11-19 08:20:03,765 - rasterio.env - DEBUG - Exiting env context: <rasterio.env.Env object at 0x7f69a7c21c40>
2023-11-19 08:20:03,765 - rasterio.env - DEBUG - Cleared existing <rasterio._env.GDALEnv object at 0x7f69a7eb2110> options
2023-11-19 08:20:03,765 - rasterio._env - DEBUG - Stopped GDALEnv <rasterio._env.GDALEnv object at 0x7f69a7eb2110>.
2023-11-19 08:20:03,765 - rasterio.env - DEBUG - Exiting outermost env
2023-11-19 08:20:03,765 - rasterio.env - DEBUG - Exited env context: <rasterio.env.Env object at 0x7f69a7c21c40>
2023-11-19 08:20:03,765 - rasterio.env - DEBUG - Entering env context: <rasterio.env.Env object at 0x7f6a01664590>
2023-11-19 08:20:03,765 - rasterio.env - DEBUG - Starting outermost env
2023-11-19 08:20:03,765 - rasterio.env - DEBUG - No GDAL environment exists
2023-11-19 08:20:03,766 - rasterio.env - DEBUG - New GDAL environment <rasterio._env.GDALEnv object at 0x7f69a7eb2110> created
2023-11-19 08:20:03,766 - rasterio._env - DEBUG - GDAL data found in package: path='/home/swx/miniconda3/envs/present_weather/lib/python3.12/site-packages/rasterio/gdal_data'.
2023-11-19 08:20:03,766 - rasterio._env - DEBUG - PROJ_LIB found in environment.
2023-11-19 08:20:03,766 - rasterio._env - DEBUG - Started GDALEnv: self=<rasterio._env.GDALEnv object at 0x7f69a7eb2110>.
2023-11-19 08:20:03,767 - rasterio.env - DEBUG - Entered env context: <rasterio.env.Env object at 0x7f6a01664590>
2023-11-19 08:20:03,767 - rasterio.env - DEBUG - Got a copy of environment <rasterio._env.GDALEnv object at 0x7f69a7eb2110> options
2023-11-19 08:20:03,767 - rasterio.env - DEBUG - Entering env context: <rasterio.env.Env object at 0x7f6a34f0a690>
2023-11-19 08:20:03,768 - rasterio.env - DEBUG - Got a copy of environment <rasterio._env.GDALEnv object at 0x7f69a7eb2110> options
2023-11-19 08:20:03,768 - rasterio.env - DEBUG - Entered env context: <rasterio.env.Env object at 0x7f6a34f0a690>
2023-11-19 08:20:03,768 - rasterio._base - DEBUG - Sharing flag: 0
2023-11-19 08:20:03,769 - rasterio._base - DEBUG - Nodata success: 1, Nodata value: nan
2023-11-19 08:20:03,769 - rasterio._base - DEBUG - Dataset <open DatasetReader name='https://radar.bmkg.go.id/raster/radarsatelit_202311190810.tif' mode='r'> is started.
2023-11-19 08:20:03,769 - rasterio.env - DEBUG - Exiting env context: <rasterio.env.Env object at 0x7f6a34f0a690>
2023-11-19 08:20:03,769 - rasterio.env - DEBUG - Cleared existing <rasterio._env.GDALEnv object at 0x7f69a7eb2110> options
2023-11-19 08:20:03,769 - rasterio._env - DEBUG - Stopped GDALEnv <rasterio._env.GDALEnv object at 0x7f69a7eb2110>.
2023-11-19 08:20:03,769 - rasterio.env - DEBUG - No GDAL environment exists
2023-11-19 08:20:03,769 - rasterio.env - DEBUG - New GDAL environment <rasterio._env.GDALEnv object at 0x7f69a7eb2110> created
2023-11-19 08:20:03,770 - rasterio._env - DEBUG - GDAL data found in package: path='/home/swx/miniconda3/envs/present_weather/lib/python3.12/site-packages/rasterio/gdal_data'.
2023-11-19 08:20:03,770 - rasterio._env - DEBUG - PROJ_LIB found in environment.
2023-11-19 08:20:03,770 - rasterio._env - DEBUG - Started GDALEnv: self=<rasterio._env.GDALEnv object at 0x7f69a7eb2110>.
2023-11-19 08:20:03,770 - rasterio.env - DEBUG - Exited env context: <rasterio.env.Env object at 0x7f6a34f0a690>
2023-11-19 08:20:03,801 - rasterio._io - DEBUG - Output nodata value read from file: nan
2023-11-19 08:20:03,802 - rasterio._io - DEBUG - Output nodata values: [nan]
2023-11-19 08:20:03,802 - rasterio._io - DEBUG - all_valid: False
2023-11-19 08:20:03,802 - rasterio._io - DEBUG - mask_flags: ([<MaskFlags.nodata: 8>],)
2023-11-19 08:20:03,803 - rasterio._io - DEBUG - Jump straight to _read()
2023-11-19 08:20:03,803 - rasterio._io - DEBUG - Window: Window(col_off=0, row_off=0, width=10215, height=3792)
2023-11-19 08:20:03,803 - rasterio._io - DEBUG - IO window xoff=0.0 yoff=0.0 width=10215.0 height=3792.0
2023-11-19 08:20:04,493 - rasterio.env - DEBUG - Exiting env context: <rasterio.env.Env object at 0x7f6a01664590>
2023-11-19 08:20:04,493 - rasterio.env - DEBUG - Cleared existing <rasterio._env.GDALEnv object at 0x7f69a7eb2110> options
2023-11-19 08:20:04,493 - rasterio._env - DEBUG - Stopped GDALEnv <rasterio._env.GDALEnv object at 0x7f69a7eb2110>.
2023-11-19 08:20:04,494 - rasterio.env - DEBUG - Exiting outermost env
2023-11-19 08:20:04,494 - rasterio.env - DEBUG - Exited env context: <rasterio.env.Env object at 0x7f6a01664590>
2023-11-19 08:20:04,496 - urllib3.connectionpool - DEBUG - Starting new HTTPS connection (1): radar.bmkg.go.id:8060
2023-11-19 08:20:04,577 - urllib3.connectionpool - DEBUG - https://radar.bmkg.go.id:8060 "GET /getLatestLD?typeData=1 HTTP/1.1" 200 140268
2023-11-19 08:20:04,621 - asyncio - DEBUG - Using selector: EpollSelector
2023-11-19 08:20:11,299 - root - INFO - dask.bag<lambda, npartitions=34>
2023-11-19 08:25:53,042 - root - INFO - Total elapsed time: 0:05:49.560439
