2023-11-26 09:23:03,299 - root - INFO - Initiating present weather
2023-11-26 09:23:03,303 - asyncio - DEBUG - Using selector: EpollSelector
2023-11-26 09:23:06,550 - urllib3.connectionpool - DEBUG - Starting new HTTPS connection (1): radar.bmkg.go.id:8060
2023-11-26 09:23:06,616 - urllib3.connectionpool - DEBUG - https://radar.bmkg.go.id:8060 "GET /getRadarGeotif?token=19387e71e78522ae4172ec0fda640983b8438c9cfa0ca571623cb69d8327&radar=amandemenForecast&type=latest HTTP/1.1" 200 90
2023-11-26 09:23:06,618 - rasterio.env - DEBUG - Entering env context: <rasterio.env.Env object at 0x7ff1943486e0>
2023-11-26 09:23:06,618 - rasterio.env - DEBUG - Starting outermost env
2023-11-26 09:23:06,619 - rasterio.env - DEBUG - No GDAL environment exists
2023-11-26 09:23:06,619 - rasterio.env - DEBUG - New GDAL environment <rasterio._env.GDALEnv object at 0x7ff18dba9300> created
2023-11-26 09:23:06,623 - rasterio._filepath - DEBUG - Installing FilePath filesystem handler plugin...
2023-11-26 09:23:06,623 - rasterio._env - DEBUG - GDAL data found in package: path='/home/swx/miniconda3/envs/present_weather/lib/python3.12/site-packages/rasterio/gdal_data'.
2023-11-26 09:23:06,623 - rasterio._env - DEBUG - PROJ_LIB found in environment.
2023-11-26 09:23:06,623 - rasterio._env - DEBUG - Started GDALEnv: self=<rasterio._env.GDALEnv object at 0x7ff18dba9300>.
2023-11-26 09:23:06,623 - rasterio.env - DEBUG - Entered env context: <rasterio.env.Env object at 0x7ff1943486e0>
2023-11-26 09:23:06,623 - rasterio._base - DEBUG - Sharing flag: 0
2023-11-26 09:23:06,834 - rasterio._base - DEBUG - Nodata success: 1, Nodata value: nan
2023-11-26 09:23:06,835 - rasterio._base - DEBUG - Dataset <open DatasetReader name='https://radar.bmkg.go.id/raster/radarsatelit_202311260920.tif' mode='r'> is started.
2023-11-26 09:23:06,835 - rasterio.env - DEBUG - Exiting env context: <rasterio.env.Env object at 0x7ff1943486e0>
2023-11-26 09:23:06,835 - rasterio.env - DEBUG - Cleared existing <rasterio._env.GDALEnv object at 0x7ff18dba9300> options
2023-11-26 09:23:06,835 - rasterio._env - DEBUG - Stopped GDALEnv <rasterio._env.GDALEnv object at 0x7ff18dba9300>.
2023-11-26 09:23:06,836 - rasterio.env - DEBUG - Exiting outermost env
2023-11-26 09:23:06,836 - rasterio.env - DEBUG - Exited env context: <rasterio.env.Env object at 0x7ff1943486e0>
2023-11-26 09:23:06,836 - rasterio.env - DEBUG - Entering env context: <rasterio.env.Env object at 0x7ff18dba9310>
2023-11-26 09:23:06,837 - rasterio.env - DEBUG - Starting outermost env
2023-11-26 09:23:06,837 - rasterio.env - DEBUG - No GDAL environment exists
2023-11-26 09:23:06,837 - rasterio.env - DEBUG - New GDAL environment <rasterio._env.GDALEnv object at 0x7ff194349db0> created
2023-11-26 09:23:06,838 - rasterio._env - DEBUG - GDAL data found in package: path='/home/swx/miniconda3/envs/present_weather/lib/python3.12/site-packages/rasterio/gdal_data'.
2023-11-26 09:23:06,838 - rasterio._env - DEBUG - PROJ_LIB found in environment.
2023-11-26 09:23:06,839 - rasterio._env - DEBUG - Started GDALEnv: self=<rasterio._env.GDALEnv object at 0x7ff194349db0>.
2023-11-26 09:23:06,839 - rasterio.env - DEBUG - Entered env context: <rasterio.env.Env object at 0x7ff18dba9310>
2023-11-26 09:23:06,839 - rasterio.env - DEBUG - Got a copy of environment <rasterio._env.GDALEnv object at 0x7ff194349db0> options
2023-11-26 09:23:06,839 - rasterio.env - DEBUG - Entering env context: <rasterio.env.Env object at 0x7ff17475ec60>
2023-11-26 09:23:06,839 - rasterio.env - DEBUG - Got a copy of environment <rasterio._env.GDALEnv object at 0x7ff194349db0> options
2023-11-26 09:23:06,840 - rasterio.env - DEBUG - Entered env context: <rasterio.env.Env object at 0x7ff17475ec60>
2023-11-26 09:23:06,840 - rasterio._base - DEBUG - Sharing flag: 0
2023-11-26 09:23:06,841 - rasterio._base - DEBUG - Nodata success: 1, Nodata value: nan
2023-11-26 09:23:06,841 - rasterio._base - DEBUG - Dataset <open DatasetReader name='https://radar.bmkg.go.id/raster/radarsatelit_202311260920.tif' mode='r'> is started.
2023-11-26 09:23:06,841 - rasterio.env - DEBUG - Exiting env context: <rasterio.env.Env object at 0x7ff17475ec60>
2023-11-26 09:23:06,842 - rasterio.env - DEBUG - Cleared existing <rasterio._env.GDALEnv object at 0x7ff194349db0> options
2023-11-26 09:23:06,842 - rasterio._env - DEBUG - Stopped GDALEnv <rasterio._env.GDALEnv object at 0x7ff194349db0>.
2023-11-26 09:23:06,842 - rasterio.env - DEBUG - No GDAL environment exists
2023-11-26 09:23:06,842 - rasterio.env - DEBUG - New GDAL environment <rasterio._env.GDALEnv object at 0x7ff194349db0> created
2023-11-26 09:23:06,843 - rasterio._env - DEBUG - GDAL data found in package: path='/home/swx/miniconda3/envs/present_weather/lib/python3.12/site-packages/rasterio/gdal_data'.
2023-11-26 09:23:06,843 - rasterio._env - DEBUG - PROJ_LIB found in environment.
2023-11-26 09:23:06,843 - rasterio._env - DEBUG - Started GDALEnv: self=<rasterio._env.GDALEnv object at 0x7ff194349db0>.
2023-11-26 09:23:06,843 - rasterio.env - DEBUG - Exited env context: <rasterio.env.Env object at 0x7ff17475ec60>
2023-11-26 09:23:06,872 - rasterio._io - DEBUG - Output nodata value read from file: nan
2023-11-26 09:23:06,873 - rasterio._io - DEBUG - Output nodata values: [nan]
2023-11-26 09:23:06,873 - rasterio._io - DEBUG - all_valid: False
2023-11-26 09:23:06,873 - rasterio._io - DEBUG - mask_flags: ([<MaskFlags.nodata: 8>],)
2023-11-26 09:23:06,873 - rasterio._io - DEBUG - Jump straight to _read()
2023-11-26 09:23:06,874 - rasterio._io - DEBUG - Window: Window(col_off=0, row_off=0, width=10215, height=3792)
2023-11-26 09:23:06,874 - rasterio._io - DEBUG - IO window xoff=0.0 yoff=0.0 width=10215.0 height=3792.0
2023-11-26 09:23:07,831 - rasterio.env - DEBUG - Exiting env context: <rasterio.env.Env object at 0x7ff18dba9310>
2023-11-26 09:23:07,831 - rasterio.env - DEBUG - Cleared existing <rasterio._env.GDALEnv object at 0x7ff194349db0> options
2023-11-26 09:23:07,831 - rasterio._env - DEBUG - Stopped GDALEnv <rasterio._env.GDALEnv object at 0x7ff194349db0>.
2023-11-26 09:23:07,831 - rasterio.env - DEBUG - Exiting outermost env
2023-11-26 09:23:07,831 - rasterio.env - DEBUG - Exited env context: <rasterio.env.Env object at 0x7ff18dba9310>
2023-11-26 09:23:07,834 - urllib3.connectionpool - DEBUG - Starting new HTTPS connection (1): radar.bmkg.go.id:8060
2023-11-26 09:23:07,878 - urllib3.connectionpool - DEBUG - https://radar.bmkg.go.id:8060 "GET /getLatestLD?typeData=1 HTTP/1.1" 200 5682
2023-11-26 09:23:07,891 - root - INFO - Generating present weather using RADAR data
2023-11-26 09:23:11,256 - root - INFO - dask.bag<lambda, npartitions=20>
2023-11-26 09:36:03,895 - root - INFO - Total elapsed time: 0:13:00.596931
