2023-11-06 08:00:04,009 - root - INFO - Initiating present weather
2023-11-06 08:00:04,014 - urllib3.connectionpool - DEBUG - Starting new HTTPS connection (1): radar.bmkg.go.id:8060
2023-11-06 08:00:04,090 - urllib3.connectionpool - DEBUG - https://radar.bmkg.go.id:8060 "GET /getRadarGeotif?token=19387e71e78522ae4172ec0fda640983b8438c9cfa0ca571623cb69d8327&radar=amandemenForecast&type=latest HTTP/1.1" 200 90
2023-11-06 08:00:04,093 - rasterio.env - DEBUG - Entering env context: <rasterio.env.Env object at 0x7f46bbc15e80>
2023-11-06 08:00:04,094 - rasterio.env - DEBUG - Starting outermost env
2023-11-06 08:00:04,094 - rasterio.env - DEBUG - No GDAL environment exists
2023-11-06 08:00:04,095 - rasterio.env - DEBUG - New GDAL environment <rasterio._env.GDALEnv object at 0x7f46dd8de080> created
2023-11-06 08:00:04,099 - rasterio._filepath - DEBUG - Installing FilePath filesystem handler plugin...
2023-11-06 08:00:04,099 - rasterio._env - DEBUG - GDAL data found in package: path='/home/swx/miniconda3/envs/present_weather/lib/python3.12/site-packages/rasterio/gdal_data'.
2023-11-06 08:00:04,100 - rasterio._env - DEBUG - PROJ_LIB found in environment.
2023-11-06 08:00:04,100 - rasterio._env - DEBUG - Started GDALEnv: self=<rasterio._env.GDALEnv object at 0x7f46dd8de080>.
2023-11-06 08:00:04,100 - rasterio.env - DEBUG - Entered env context: <rasterio.env.Env object at 0x7f46bbc15e80>
2023-11-06 08:00:04,100 - rasterio._base - DEBUG - Sharing flag: 0
2023-11-06 08:00:04,268 - rasterio._base - DEBUG - Nodata success: 1, Nodata value: nan
2023-11-06 08:00:04,268 - rasterio._base - DEBUG - Dataset <open DatasetReader name='https://radar.bmkg.go.id/raster/radarsatelit_202311060740.tif' mode='r'> is started.
2023-11-06 08:00:04,269 - rasterio.env - DEBUG - Exiting env context: <rasterio.env.Env object at 0x7f46bbc15e80>
2023-11-06 08:00:04,269 - rasterio.env - DEBUG - Cleared existing <rasterio._env.GDALEnv object at 0x7f46dd8de080> options
2023-11-06 08:00:04,269 - rasterio._env - DEBUG - Stopped GDALEnv <rasterio._env.GDALEnv object at 0x7f46dd8de080>.
2023-11-06 08:00:04,269 - rasterio.env - DEBUG - Exiting outermost env
2023-11-06 08:00:04,269 - rasterio.env - DEBUG - Exited env context: <rasterio.env.Env object at 0x7f46bbc15e80>
2023-11-06 08:00:04,269 - rasterio.env - DEBUG - Entering env context: <rasterio.env.Env object at 0x7f4688132c90>
2023-11-06 08:00:04,269 - rasterio.env - DEBUG - Starting outermost env
2023-11-06 08:00:04,269 - rasterio.env - DEBUG - No GDAL environment exists
2023-11-06 08:00:04,269 - rasterio.env - DEBUG - New GDAL environment <rasterio._env.GDALEnv object at 0x7f46823a2470> created
2023-11-06 08:00:04,270 - rasterio._env - DEBUG - GDAL data found in package: path='/home/swx/miniconda3/envs/present_weather/lib/python3.12/site-packages/rasterio/gdal_data'.
2023-11-06 08:00:04,270 - rasterio._env - DEBUG - PROJ_LIB found in environment.
2023-11-06 08:00:04,270 - rasterio._env - DEBUG - Started GDALEnv: self=<rasterio._env.GDALEnv object at 0x7f46823a2470>.
2023-11-06 08:00:04,270 - rasterio.env - DEBUG - Entered env context: <rasterio.env.Env object at 0x7f4688132c90>
2023-11-06 08:00:04,271 - rasterio.env - DEBUG - Got a copy of environment <rasterio._env.GDALEnv object at 0x7f46823a2470> options
2023-11-06 08:00:04,271 - rasterio.env - DEBUG - Entering env context: <rasterio.env.Env object at 0x7f46dc934560>
2023-11-06 08:00:04,271 - rasterio.env - DEBUG - Got a copy of environment <rasterio._env.GDALEnv object at 0x7f46823a2470> options
2023-11-06 08:00:04,271 - rasterio.env - DEBUG - Entered env context: <rasterio.env.Env object at 0x7f46dc934560>
2023-11-06 08:00:04,271 - rasterio._base - DEBUG - Sharing flag: 0
2023-11-06 08:00:04,272 - rasterio._base - DEBUG - Nodata success: 1, Nodata value: nan
2023-11-06 08:00:04,273 - rasterio._base - DEBUG - Dataset <open DatasetReader name='https://radar.bmkg.go.id/raster/radarsatelit_202311060740.tif' mode='r'> is started.
2023-11-06 08:00:04,273 - rasterio.env - DEBUG - Exiting env context: <rasterio.env.Env object at 0x7f46dc934560>
2023-11-06 08:00:04,273 - rasterio.env - DEBUG - Cleared existing <rasterio._env.GDALEnv object at 0x7f46823a2470> options
2023-11-06 08:00:04,273 - rasterio._env - DEBUG - Stopped GDALEnv <rasterio._env.GDALEnv object at 0x7f46823a2470>.
2023-11-06 08:00:04,273 - rasterio.env - DEBUG - No GDAL environment exists
2023-11-06 08:00:04,273 - rasterio.env - DEBUG - New GDAL environment <rasterio._env.GDALEnv object at 0x7f46823a2470> created
2023-11-06 08:00:04,273 - rasterio._env - DEBUG - GDAL data found in package: path='/home/swx/miniconda3/envs/present_weather/lib/python3.12/site-packages/rasterio/gdal_data'.
2023-11-06 08:00:04,274 - rasterio._env - DEBUG - PROJ_LIB found in environment.
2023-11-06 08:00:04,274 - rasterio._env - DEBUG - Started GDALEnv: self=<rasterio._env.GDALEnv object at 0x7f46823a2470>.
2023-11-06 08:00:04,274 - rasterio.env - DEBUG - Exited env context: <rasterio.env.Env object at 0x7f46dc934560>
2023-11-06 08:00:04,301 - rasterio._io - DEBUG - Output nodata value read from file: nan
2023-11-06 08:00:04,301 - rasterio._io - DEBUG - Output nodata values: [nan]
2023-11-06 08:00:04,302 - rasterio._io - DEBUG - all_valid: False
2023-11-06 08:00:04,302 - rasterio._io - DEBUG - mask_flags: ([<MaskFlags.nodata: 8>],)
2023-11-06 08:00:04,302 - rasterio._io - DEBUG - Jump straight to _read()
2023-11-06 08:00:04,302 - rasterio._io - DEBUG - Window: Window(col_off=0, row_off=0, width=10215, height=3792)
2023-11-06 08:00:04,302 - rasterio._io - DEBUG - IO window xoff=0.0 yoff=0.0 width=10215.0 height=3792.0
2023-11-06 08:00:05,126 - rasterio.env - DEBUG - Exiting env context: <rasterio.env.Env object at 0x7f4688132c90>
2023-11-06 08:00:05,126 - rasterio.env - DEBUG - Cleared existing <rasterio._env.GDALEnv object at 0x7f46823a2470> options
2023-11-06 08:00:05,126 - rasterio._env - DEBUG - Stopped GDALEnv <rasterio._env.GDALEnv object at 0x7f46823a2470>.
2023-11-06 08:00:05,126 - rasterio.env - DEBUG - Exiting outermost env
2023-11-06 08:00:05,126 - rasterio.env - DEBUG - Exited env context: <rasterio.env.Env object at 0x7f4688132c90>
2023-11-06 08:00:05,129 - urllib3.connectionpool - DEBUG - Starting new HTTPS connection (1): radar.bmkg.go.id:8060
2023-11-06 08:00:05,371 - urllib3.connectionpool - DEBUG - https://radar.bmkg.go.id:8060 "GET /getLatestLD?typeData=1 HTTP/1.1" 200 912539
2023-11-06 08:00:05,640 - asyncio - DEBUG - Using selector: EpollSelector
2023-11-06 08:00:12,347 - root - INFO - dask.bag<lambda, npartitions=34>
2023-11-06 08:15:40,464 - root - INFO - Total elapsed time: 0:15:36.455362
