2023-12-30 00:43:02,917 - root - INFO - Initiating present weather
2023-12-30 00:43:02,919 - asyncio - DEBUG - Using selector: EpollSelector
2023-12-30 00:43:04,646 - urllib3.connectionpool - DEBUG - Starting new HTTPS connection (1): radar.bmkg.go.id:8060
2023-12-30 00:43:04,658 - urllib3.connectionpool - DEBUG - https://radar.bmkg.go.id:8060 "GET /getLatestLD?typeData=1 HTTP/1.1" 200 62
2023-12-30 00:43:04,661 - urllib3.connectionpool - DEBUG - Starting new HTTPS connection (1): radar.bmkg.go.id:8060
2023-12-30 00:43:04,681 - urllib3.connectionpool - DEBUG - https://radar.bmkg.go.id:8060 "GET /getRadarGeotif?token=19387e71e78522ae4172ec0fda640983b8438c9cfa0ca571623cb69d8327&radar=amandemenForecast&type=latest HTTP/1.1" 200 90
2023-12-30 00:43:04,682 - rasterio.env - DEBUG - Entering env context: <rasterio.env.Env object at 0x7f68fbf67940>
2023-12-30 00:43:04,682 - rasterio.env - DEBUG - Starting outermost env
2023-12-30 00:43:04,682 - rasterio.env - DEBUG - No GDAL environment exists
2023-12-30 00:43:04,682 - rasterio.env - DEBUG - New GDAL environment <rasterio._env.GDALEnv object at 0x7f68fbf67c40> created
2023-12-30 00:43:04,685 - rasterio._filepath - DEBUG - Installing FilePath filesystem handler plugin...
2023-12-30 00:43:04,685 - rasterio._env - DEBUG - GDAL data found in package: path='/home/metpublic/PYTHON_VENV/present_weather/lib/python3.10/site-packages/rasterio/gdal_data'.
2023-12-30 00:43:04,685 - rasterio._env - DEBUG - PROJ data found in package: path='/home/metpublic/PYTHON_VENV/present_weather/lib/python3.10/site-packages/rasterio/proj_data'.
2023-12-30 00:43:04,686 - rasterio._env - DEBUG - Started GDALEnv: self=<rasterio._env.GDALEnv object at 0x7f68fbf67c40>.
2023-12-30 00:43:04,686 - rasterio.env - DEBUG - Entered env context: <rasterio.env.Env object at 0x7f68fbf67940>
2023-12-30 00:43:04,686 - rasterio._base - DEBUG - Sharing flag: 0
2023-12-30 00:43:05,077 - rasterio._base - DEBUG - Nodata success: 1, Nodata value: nan
2023-12-30 00:43:05,078 - rasterio._base - DEBUG - Dataset <open DatasetReader name='https://radar.bmkg.go.id/raster/radarsatelit_202312300040.tif' mode='r'> is started.
2023-12-30 00:43:05,078 - rasterio.env - DEBUG - Exiting env context: <rasterio.env.Env object at 0x7f68fbf67940>
2023-12-30 00:43:05,078 - rasterio.env - DEBUG - Cleared existing <rasterio._env.GDALEnv object at 0x7f68fbf67c40> options
2023-12-30 00:43:05,079 - rasterio._env - DEBUG - Stopped GDALEnv <rasterio._env.GDALEnv object at 0x7f68fbf67c40>.
2023-12-30 00:43:05,079 - rasterio.env - DEBUG - Exiting outermost env
2023-12-30 00:43:05,079 - rasterio.env - DEBUG - Exited env context: <rasterio.env.Env object at 0x7f68fbf67940>
2023-12-30 00:43:05,079 - rasterio.env - DEBUG - Entering env context: <rasterio.env.Env object at 0x7f68fb5e5480>
2023-12-30 00:43:05,079 - rasterio.env - DEBUG - Starting outermost env
2023-12-30 00:43:05,079 - rasterio.env - DEBUG - No GDAL environment exists
2023-12-30 00:43:05,079 - rasterio.env - DEBUG - New GDAL environment <rasterio._env.GDALEnv object at 0x7f68fbf67a30> created
2023-12-30 00:43:05,080 - rasterio._env - DEBUG - GDAL data found in package: path='/home/metpublic/PYTHON_VENV/present_weather/lib/python3.10/site-packages/rasterio/gdal_data'.
2023-12-30 00:43:05,080 - rasterio._env - DEBUG - PROJ data found in package: path='/home/metpublic/PYTHON_VENV/present_weather/lib/python3.10/site-packages/rasterio/proj_data'.
2023-12-30 00:43:05,081 - rasterio._env - DEBUG - Started GDALEnv: self=<rasterio._env.GDALEnv object at 0x7f68fbf67a30>.
2023-12-30 00:43:05,082 - rasterio.env - DEBUG - Entered env context: <rasterio.env.Env object at 0x7f68fb5e5480>
2023-12-30 00:43:05,082 - rasterio.env - DEBUG - Got a copy of environment <rasterio._env.GDALEnv object at 0x7f68fbf67a30> options
2023-12-30 00:43:05,082 - rasterio.env - DEBUG - Entering env context: <rasterio.env.Env object at 0x7f68f84e3e50>
2023-12-30 00:43:05,082 - rasterio.env - DEBUG - Got a copy of environment <rasterio._env.GDALEnv object at 0x7f68fbf67a30> options
2023-12-30 00:43:05,082 - rasterio.env - DEBUG - Entered env context: <rasterio.env.Env object at 0x7f68f84e3e50>
2023-12-30 00:43:05,082 - rasterio._base - DEBUG - Sharing flag: 0
2023-12-30 00:43:05,083 - rasterio._base - DEBUG - Nodata success: 1, Nodata value: nan
2023-12-30 00:43:05,084 - rasterio._base - DEBUG - Dataset <open DatasetReader name='https://radar.bmkg.go.id/raster/radarsatelit_202312300040.tif' mode='r'> is started.
2023-12-30 00:43:05,084 - rasterio.env - DEBUG - Exiting env context: <rasterio.env.Env object at 0x7f68f84e3e50>
2023-12-30 00:43:05,084 - rasterio.env - DEBUG - Cleared existing <rasterio._env.GDALEnv object at 0x7f68fbf67a30> options
2023-12-30 00:43:05,084 - rasterio._env - DEBUG - Stopped GDALEnv <rasterio._env.GDALEnv object at 0x7f68fbf67a30>.
2023-12-30 00:43:05,084 - rasterio.env - DEBUG - No GDAL environment exists
2023-12-30 00:43:05,084 - rasterio.env - DEBUG - New GDAL environment <rasterio._env.GDALEnv object at 0x7f68fbf67a30> created
2023-12-30 00:43:05,084 - rasterio._env - DEBUG - GDAL data found in package: path='/home/metpublic/PYTHON_VENV/present_weather/lib/python3.10/site-packages/rasterio/gdal_data'.
2023-12-30 00:43:05,085 - rasterio._env - DEBUG - PROJ data found in package: path='/home/metpublic/PYTHON_VENV/present_weather/lib/python3.10/site-packages/rasterio/proj_data'.
2023-12-30 00:43:05,085 - rasterio._env - DEBUG - Started GDALEnv: self=<rasterio._env.GDALEnv object at 0x7f68fbf67a30>.
2023-12-30 00:43:05,085 - rasterio.env - DEBUG - Exited env context: <rasterio.env.Env object at 0x7f68f84e3e50>
2023-12-30 00:43:05,106 - rasterio._io - DEBUG - Output nodata value read from file: nan
2023-12-30 00:43:05,106 - rasterio._io - DEBUG - Output nodata values: [nan]
2023-12-30 00:43:05,106 - rasterio._io - DEBUG - all_valid: False
2023-12-30 00:43:05,106 - rasterio._io - DEBUG - mask_flags: ([<MaskFlags.nodata: 8>],)
2023-12-30 00:43:05,106 - rasterio._io - DEBUG - Jump straight to _read()
2023-12-30 00:43:05,106 - rasterio._io - DEBUG - Window: Window(col_off=0, row_off=0, width=10215, height=3792)
2023-12-30 00:43:05,107 - rasterio._io - DEBUG - IO window xoff=0.0 yoff=0.0 width=10215.0 height=3792.0
2023-12-30 00:43:05,651 - rasterio.env - DEBUG - Exiting env context: <rasterio.env.Env object at 0x7f68fb5e5480>
2023-12-30 00:43:05,651 - rasterio.env - DEBUG - Cleared existing <rasterio._env.GDALEnv object at 0x7f68fbf67a30> options
2023-12-30 00:43:05,651 - rasterio._env - DEBUG - Stopped GDALEnv <rasterio._env.GDALEnv object at 0x7f68fbf67a30>.
2023-12-30 00:43:05,651 - rasterio.env - DEBUG - Exiting outermost env
2023-12-30 00:43:05,651 - rasterio.env - DEBUG - Exited env context: <rasterio.env.Env object at 0x7f68fb5e5480>
2023-12-30 00:49:47,027 - root - INFO - Total elapsed time: 0:06:44.109962
