2023-12-22 17:53:02,764 - root - INFO - Initiating present weather
2023-12-22 17:53:02,766 - asyncio - DEBUG - Using selector: EpollSelector
2023-12-22 17:53:04,376 - urllib3.connectionpool - DEBUG - Starting new HTTPS connection (1): radar.bmkg.go.id:8060
2023-12-22 17:53:04,390 - urllib3.connectionpool - DEBUG - https://radar.bmkg.go.id:8060 "GET /getLatestLD?typeData=1 HTTP/1.1" 200 62
2023-12-22 17:53:04,391 - urllib3.connectionpool - DEBUG - Starting new HTTPS connection (1): radar.bmkg.go.id:8060
2023-12-22 17:53:04,414 - urllib3.connectionpool - DEBUG - https://radar.bmkg.go.id:8060 "GET /getRadarGeotif?token=19387e71e78522ae4172ec0fda640983b8438c9cfa0ca571623cb69d8327&radar=amandemenForecast&type=latest HTTP/1.1" 200 90
2023-12-22 17:53:04,415 - rasterio.env - DEBUG - Entering env context: <rasterio.env.Env object at 0x7fec13a68130>
2023-12-22 17:53:04,415 - rasterio.env - DEBUG - Starting outermost env
2023-12-22 17:53:04,416 - rasterio.env - DEBUG - No GDAL environment exists
2023-12-22 17:53:04,416 - rasterio.env - DEBUG - New GDAL environment <rasterio._env.GDALEnv object at 0x7fec13a68d90> created
2023-12-22 17:53:04,418 - rasterio._filepath - DEBUG - Installing FilePath filesystem handler plugin...
2023-12-22 17:53:04,418 - rasterio._env - DEBUG - GDAL data found in package: path='/home/metpublic/PYTHON_VENV/present_weather/lib/python3.10/site-packages/rasterio/gdal_data'.
2023-12-22 17:53:04,418 - rasterio._env - DEBUG - PROJ data found in package: path='/home/metpublic/PYTHON_VENV/present_weather/lib/python3.10/site-packages/rasterio/proj_data'.
2023-12-22 17:53:04,418 - rasterio._env - DEBUG - Started GDALEnv: self=<rasterio._env.GDALEnv object at 0x7fec13a68d90>.
2023-12-22 17:53:04,418 - rasterio.env - DEBUG - Entered env context: <rasterio.env.Env object at 0x7fec13a68130>
2023-12-22 17:53:04,419 - rasterio._base - DEBUG - Sharing flag: 0
2023-12-22 17:53:04,755 - rasterio._base - DEBUG - Nodata success: 1, Nodata value: nan
2023-12-22 17:53:04,755 - rasterio._base - DEBUG - Dataset <open DatasetReader name='https://radar.bmkg.go.id/raster/radarsatelit_202312221750.tif' mode='r'> is started.
2023-12-22 17:53:04,755 - rasterio.env - DEBUG - Exiting env context: <rasterio.env.Env object at 0x7fec13a68130>
2023-12-22 17:53:04,755 - rasterio.env - DEBUG - Cleared existing <rasterio._env.GDALEnv object at 0x7fec13a68d90> options
2023-12-22 17:53:04,755 - rasterio._env - DEBUG - Stopped GDALEnv <rasterio._env.GDALEnv object at 0x7fec13a68d90>.
2023-12-22 17:53:04,755 - rasterio.env - DEBUG - Exiting outermost env
2023-12-22 17:53:04,755 - rasterio.env - DEBUG - Exited env context: <rasterio.env.Env object at 0x7fec13a68130>
2023-12-22 17:53:04,756 - rasterio.env - DEBUG - Entering env context: <rasterio.env.Env object at 0x7fec139fd4e0>
2023-12-22 17:53:04,756 - rasterio.env - DEBUG - Starting outermost env
2023-12-22 17:53:04,756 - rasterio.env - DEBUG - No GDAL environment exists
2023-12-22 17:53:04,756 - rasterio.env - DEBUG - New GDAL environment <rasterio._env.GDALEnv object at 0x7fec13a68d90> created
2023-12-22 17:53:04,756 - rasterio._env - DEBUG - GDAL data found in package: path='/home/metpublic/PYTHON_VENV/present_weather/lib/python3.10/site-packages/rasterio/gdal_data'.
2023-12-22 17:53:04,756 - rasterio._env - DEBUG - PROJ data found in package: path='/home/metpublic/PYTHON_VENV/present_weather/lib/python3.10/site-packages/rasterio/proj_data'.
2023-12-22 17:53:04,756 - rasterio._env - DEBUG - Started GDALEnv: self=<rasterio._env.GDALEnv object at 0x7fec13a68d90>.
2023-12-22 17:53:04,757 - rasterio.env - DEBUG - Entered env context: <rasterio.env.Env object at 0x7fec139fd4e0>
2023-12-22 17:53:04,757 - rasterio.env - DEBUG - Got a copy of environment <rasterio._env.GDALEnv object at 0x7fec13a68d90> options
2023-12-22 17:53:04,757 - rasterio.env - DEBUG - Entering env context: <rasterio.env.Env object at 0x7febf070efb0>
2023-12-22 17:53:04,757 - rasterio.env - DEBUG - Got a copy of environment <rasterio._env.GDALEnv object at 0x7fec13a68d90> options
2023-12-22 17:53:04,757 - rasterio.env - DEBUG - Entered env context: <rasterio.env.Env object at 0x7febf070efb0>
2023-12-22 17:53:04,757 - rasterio._base - DEBUG - Sharing flag: 0
2023-12-22 17:53:04,758 - rasterio._base - DEBUG - Nodata success: 1, Nodata value: nan
2023-12-22 17:53:04,758 - rasterio._base - DEBUG - Dataset <open DatasetReader name='https://radar.bmkg.go.id/raster/radarsatelit_202312221750.tif' mode='r'> is started.
2023-12-22 17:53:04,758 - rasterio.env - DEBUG - Exiting env context: <rasterio.env.Env object at 0x7febf070efb0>
2023-12-22 17:53:04,758 - rasterio.env - DEBUG - Cleared existing <rasterio._env.GDALEnv object at 0x7fec13a68d90> options
2023-12-22 17:53:04,758 - rasterio._env - DEBUG - Stopped GDALEnv <rasterio._env.GDALEnv object at 0x7fec13a68d90>.
2023-12-22 17:53:04,758 - rasterio.env - DEBUG - No GDAL environment exists
2023-12-22 17:53:04,758 - rasterio.env - DEBUG - New GDAL environment <rasterio._env.GDALEnv object at 0x7fec13a68d90> created
2023-12-22 17:53:04,759 - rasterio._env - DEBUG - GDAL data found in package: path='/home/metpublic/PYTHON_VENV/present_weather/lib/python3.10/site-packages/rasterio/gdal_data'.
2023-12-22 17:53:04,759 - rasterio._env - DEBUG - PROJ data found in package: path='/home/metpublic/PYTHON_VENV/present_weather/lib/python3.10/site-packages/rasterio/proj_data'.
2023-12-22 17:53:04,759 - rasterio._env - DEBUG - Started GDALEnv: self=<rasterio._env.GDALEnv object at 0x7fec13a68d90>.
2023-12-22 17:53:04,759 - rasterio.env - DEBUG - Exited env context: <rasterio.env.Env object at 0x7febf070efb0>
2023-12-22 17:53:04,777 - rasterio._io - DEBUG - Output nodata value read from file: nan
2023-12-22 17:53:04,777 - rasterio._io - DEBUG - Output nodata values: [nan]
2023-12-22 17:53:04,778 - rasterio._io - DEBUG - all_valid: False
2023-12-22 17:53:04,778 - rasterio._io - DEBUG - mask_flags: ([<MaskFlags.nodata: 8>],)
2023-12-22 17:53:04,778 - rasterio._io - DEBUG - Jump straight to _read()
2023-12-22 17:53:04,778 - rasterio._io - DEBUG - Window: Window(col_off=0, row_off=0, width=10176, height=3732)
2023-12-22 17:53:04,779 - rasterio._io - DEBUG - IO window xoff=0.0 yoff=0.0 width=10176.0 height=3732.0
2023-12-22 17:53:05,366 - rasterio.env - DEBUG - Exiting env context: <rasterio.env.Env object at 0x7fec139fd4e0>
2023-12-22 17:53:05,366 - rasterio.env - DEBUG - Cleared existing <rasterio._env.GDALEnv object at 0x7fec13a68d90> options
2023-12-22 17:53:05,366 - rasterio._env - DEBUG - Stopped GDALEnv <rasterio._env.GDALEnv object at 0x7fec13a68d90>.
2023-12-22 17:53:05,366 - rasterio.env - DEBUG - Exiting outermost env
2023-12-22 17:53:05,366 - rasterio.env - DEBUG - Exited env context: <rasterio.env.Env object at 0x7fec139fd4e0>
2023-12-22 17:57:54,174 - rasterio.env - DEBUG - Entering env context: <rasterio.env.Env object at 0x7febf041cbb0>
2023-12-22 17:57:54,174 - rasterio.env - DEBUG - Starting outermost env
2023-12-22 17:57:54,174 - rasterio.env - DEBUG - No GDAL environment exists
2023-12-22 17:57:54,174 - rasterio.env - DEBUG - New GDAL environment <rasterio._env.GDALEnv object at 0x7febf041e830> created
2023-12-22 17:57:54,175 - rasterio._env - DEBUG - GDAL data found in package: path='/home/metpublic/PYTHON_VENV/present_weather/lib/python3.10/site-packages/rasterio/gdal_data'.
2023-12-22 17:57:54,175 - rasterio._env - DEBUG - PROJ data found in package: path='/home/metpublic/PYTHON_VENV/present_weather/lib/python3.10/site-packages/rasterio/proj_data'.
2023-12-22 17:57:54,176 - rasterio._env - DEBUG - Started GDALEnv: self=<rasterio._env.GDALEnv object at 0x7febf041e830>.
2023-12-22 17:57:54,176 - rasterio.env - DEBUG - Entered env context: <rasterio.env.Env object at 0x7febf041cbb0>
2023-12-22 17:57:54,176 - rasterio._base - DEBUG - Sharing flag: 0
2023-12-22 17:57:54,177 - rasterio._base - DEBUG - Nodata success: 0, Nodata value: 0.000000
2023-12-22 17:57:54,177 - rasterio._base - DEBUG - Dataset <open DatasetReader name='/home/metpublic/TASK_RELEASE/EFAN/present_weather/src/H09_B13_Indonesia_20231222.Z1730.cor.tiff' mode='r'> is started.
2023-12-22 17:57:54,178 - rasterio.env - DEBUG - Exiting env context: <rasterio.env.Env object at 0x7febf041cbb0>
2023-12-22 17:57:54,178 - rasterio.env - DEBUG - Cleared existing <rasterio._env.GDALEnv object at 0x7febf041e830> options
2023-12-22 17:57:54,178 - rasterio._env - DEBUG - Stopped GDALEnv <rasterio._env.GDALEnv object at 0x7febf041e830>.
2023-12-22 17:57:54,178 - rasterio.env - DEBUG - Exiting outermost env
2023-12-22 17:57:54,178 - rasterio.env - DEBUG - Exited env context: <rasterio.env.Env object at 0x7febf041cbb0>
2023-12-22 17:57:54,178 - rasterio.env - DEBUG - Entering env context: <rasterio.env.Env object at 0x7febf041e860>
2023-12-22 17:57:54,178 - rasterio.env - DEBUG - Starting outermost env
2023-12-22 17:57:54,178 - rasterio.env - DEBUG - No GDAL environment exists
2023-12-22 17:57:54,178 - rasterio.env - DEBUG - New GDAL environment <rasterio._env.GDALEnv object at 0x7febf041d930> created
2023-12-22 17:57:54,179 - rasterio._env - DEBUG - GDAL data found in package: path='/home/metpublic/PYTHON_VENV/present_weather/lib/python3.10/site-packages/rasterio/gdal_data'.
2023-12-22 17:57:54,179 - rasterio._env - DEBUG - PROJ data found in package: path='/home/metpublic/PYTHON_VENV/present_weather/lib/python3.10/site-packages/rasterio/proj_data'.
2023-12-22 17:57:54,180 - rasterio._env - DEBUG - Started GDALEnv: self=<rasterio._env.GDALEnv object at 0x7febf041d930>.
2023-12-22 17:57:54,180 - rasterio.env - DEBUG - Entered env context: <rasterio.env.Env object at 0x7febf041e860>
2023-12-22 17:57:54,180 - rasterio._base - DEBUG - Sharing flag: 0
2023-12-22 17:57:54,181 - rasterio._base - DEBUG - Nodata success: 0, Nodata value: 0.000000
2023-12-22 17:57:54,181 - rasterio._base - DEBUG - Dataset <open DatasetReader name='/home/metpublic/TASK_RELEASE/EFAN/present_weather/src/H09_B13_Indonesia_20231222.Z1730.cor.tiff' mode='r'> is started.
2023-12-22 17:57:54,181 - rasterio.env - DEBUG - Exiting env context: <rasterio.env.Env object at 0x7febf041e860>
2023-12-22 17:57:54,181 - rasterio.env - DEBUG - Cleared existing <rasterio._env.GDALEnv object at 0x7febf041d930> options
2023-12-22 17:57:54,181 - rasterio._env - DEBUG - Stopped GDALEnv <rasterio._env.GDALEnv object at 0x7febf041d930>.
2023-12-22 17:57:54,181 - rasterio.env - DEBUG - Exiting outermost env
2023-12-22 17:57:54,181 - rasterio.env - DEBUG - Exited env context: <rasterio.env.Env object at 0x7febf041e860>
2023-12-22 17:57:54,195 - root - INFO - Generating present weather using SATELITE data
2023-12-22 18:00:10,107 - root - INFO - Total elapsed time: 0:07:07.343337
