2023-12-22 20:23:02,869 - root - INFO - Initiating present weather
2023-12-22 20:23:02,871 - asyncio - DEBUG - Using selector: EpollSelector
2023-12-22 20:23:04,489 - urllib3.connectionpool - DEBUG - Starting new HTTPS connection (1): radar.bmkg.go.id:8060
2023-12-22 20:23:04,503 - urllib3.connectionpool - DEBUG - https://radar.bmkg.go.id:8060 "GET /getLatestLD?typeData=1 HTTP/1.1" 200 62
2023-12-22 20:23:04,506 - urllib3.connectionpool - DEBUG - Starting new HTTPS connection (1): radar.bmkg.go.id:8060
2023-12-22 20:23:04,534 - urllib3.connectionpool - DEBUG - https://radar.bmkg.go.id:8060 "GET /getRadarGeotif?token=19387e71e78522ae4172ec0fda640983b8438c9cfa0ca571623cb69d8327&radar=amandemenForecast&type=latest HTTP/1.1" 200 90
2023-12-22 20:23:04,535 - rasterio.env - DEBUG - Entering env context: <rasterio.env.Env object at 0x7f26c6ee5660>
2023-12-22 20:23:04,535 - rasterio.env - DEBUG - Starting outermost env
2023-12-22 20:23:04,535 - rasterio.env - DEBUG - No GDAL environment exists
2023-12-22 20:23:04,535 - rasterio.env - DEBUG - New GDAL environment <rasterio._env.GDALEnv object at 0x7f26c6ee56c0> created
2023-12-22 20:23:04,538 - rasterio._filepath - DEBUG - Installing FilePath filesystem handler plugin...
2023-12-22 20:23:04,538 - rasterio._env - DEBUG - GDAL data found in package: path='/home/metpublic/PYTHON_VENV/present_weather/lib/python3.10/site-packages/rasterio/gdal_data'.
2023-12-22 20:23:04,538 - rasterio._env - DEBUG - PROJ data found in package: path='/home/metpublic/PYTHON_VENV/present_weather/lib/python3.10/site-packages/rasterio/proj_data'.
2023-12-22 20:23:04,539 - rasterio._env - DEBUG - Started GDALEnv: self=<rasterio._env.GDALEnv object at 0x7f26c6ee56c0>.
2023-12-22 20:23:04,539 - rasterio.env - DEBUG - Entered env context: <rasterio.env.Env object at 0x7f26c6ee5660>
2023-12-22 20:23:04,539 - rasterio._base - DEBUG - Sharing flag: 0
2023-12-22 20:23:04,878 - rasterio._base - DEBUG - Nodata success: 1, Nodata value: nan
2023-12-22 20:23:04,878 - rasterio._base - DEBUG - Dataset <open DatasetReader name='https://radar.bmkg.go.id/raster/radarsatelit_202312222020.tif' mode='r'> is started.
2023-12-22 20:23:04,879 - rasterio.env - DEBUG - Exiting env context: <rasterio.env.Env object at 0x7f26c6ee5660>
2023-12-22 20:23:04,879 - rasterio.env - DEBUG - Cleared existing <rasterio._env.GDALEnv object at 0x7f26c6ee56c0> options
2023-12-22 20:23:04,879 - rasterio._env - DEBUG - Stopped GDALEnv <rasterio._env.GDALEnv object at 0x7f26c6ee56c0>.
2023-12-22 20:23:04,879 - rasterio.env - DEBUG - Exiting outermost env
2023-12-22 20:23:04,879 - rasterio.env - DEBUG - Exited env context: <rasterio.env.Env object at 0x7f26c6ee5660>
2023-12-22 20:23:04,879 - rasterio.env - DEBUG - Entering env context: <rasterio.env.Env object at 0x7f26c6ea1510>
2023-12-22 20:23:04,879 - rasterio.env - DEBUG - Starting outermost env
2023-12-22 20:23:04,879 - rasterio.env - DEBUG - No GDAL environment exists
2023-12-22 20:23:04,879 - rasterio.env - DEBUG - New GDAL environment <rasterio._env.GDALEnv object at 0x7f26c6ee6b90> created
2023-12-22 20:23:04,880 - rasterio._env - DEBUG - GDAL data found in package: path='/home/metpublic/PYTHON_VENV/present_weather/lib/python3.10/site-packages/rasterio/gdal_data'.
2023-12-22 20:23:04,880 - rasterio._env - DEBUG - PROJ data found in package: path='/home/metpublic/PYTHON_VENV/present_weather/lib/python3.10/site-packages/rasterio/proj_data'.
2023-12-22 20:23:04,880 - rasterio._env - DEBUG - Started GDALEnv: self=<rasterio._env.GDALEnv object at 0x7f26c6ee6b90>.
2023-12-22 20:23:04,880 - rasterio.env - DEBUG - Entered env context: <rasterio.env.Env object at 0x7f26c6ea1510>
2023-12-22 20:23:04,881 - rasterio.env - DEBUG - Got a copy of environment <rasterio._env.GDALEnv object at 0x7f26c6ee6b90> options
2023-12-22 20:23:04,881 - rasterio.env - DEBUG - Entering env context: <rasterio.env.Env object at 0x7f26c459f0a0>
2023-12-22 20:23:04,881 - rasterio.env - DEBUG - Got a copy of environment <rasterio._env.GDALEnv object at 0x7f26c6ee6b90> options
2023-12-22 20:23:04,881 - rasterio.env - DEBUG - Entered env context: <rasterio.env.Env object at 0x7f26c459f0a0>
2023-12-22 20:23:04,881 - rasterio._base - DEBUG - Sharing flag: 0
2023-12-22 20:23:04,882 - rasterio._base - DEBUG - Nodata success: 1, Nodata value: nan
2023-12-22 20:23:04,882 - rasterio._base - DEBUG - Dataset <open DatasetReader name='https://radar.bmkg.go.id/raster/radarsatelit_202312222020.tif' mode='r'> is started.
2023-12-22 20:23:04,882 - rasterio.env - DEBUG - Exiting env context: <rasterio.env.Env object at 0x7f26c459f0a0>
2023-12-22 20:23:04,882 - rasterio.env - DEBUG - Cleared existing <rasterio._env.GDALEnv object at 0x7f26c6ee6b90> options
2023-12-22 20:23:04,882 - rasterio._env - DEBUG - Stopped GDALEnv <rasterio._env.GDALEnv object at 0x7f26c6ee6b90>.
2023-12-22 20:23:04,882 - rasterio.env - DEBUG - No GDAL environment exists
2023-12-22 20:23:04,882 - rasterio.env - DEBUG - New GDAL environment <rasterio._env.GDALEnv object at 0x7f26c6ee6b90> created
2023-12-22 20:23:04,883 - rasterio._env - DEBUG - GDAL data found in package: path='/home/metpublic/PYTHON_VENV/present_weather/lib/python3.10/site-packages/rasterio/gdal_data'.
2023-12-22 20:23:04,883 - rasterio._env - DEBUG - PROJ data found in package: path='/home/metpublic/PYTHON_VENV/present_weather/lib/python3.10/site-packages/rasterio/proj_data'.
2023-12-22 20:23:04,883 - rasterio._env - DEBUG - Started GDALEnv: self=<rasterio._env.GDALEnv object at 0x7f26c6ee6b90>.
2023-12-22 20:23:04,883 - rasterio.env - DEBUG - Exited env context: <rasterio.env.Env object at 0x7f26c459f0a0>
2023-12-22 20:23:04,901 - rasterio._io - DEBUG - Output nodata value read from file: nan
2023-12-22 20:23:04,902 - rasterio._io - DEBUG - Output nodata values: [nan]
2023-12-22 20:23:04,902 - rasterio._io - DEBUG - all_valid: False
2023-12-22 20:23:04,902 - rasterio._io - DEBUG - mask_flags: ([<MaskFlags.nodata: 8>],)
2023-12-22 20:23:04,903 - rasterio._io - DEBUG - Jump straight to _read()
2023-12-22 20:23:04,903 - rasterio._io - DEBUG - Window: Window(col_off=0, row_off=0, width=10176, height=3732)
2023-12-22 20:23:04,903 - rasterio._io - DEBUG - IO window xoff=0.0 yoff=0.0 width=10176.0 height=3732.0
2023-12-22 20:23:05,529 - rasterio.env - DEBUG - Exiting env context: <rasterio.env.Env object at 0x7f26c6ea1510>
2023-12-22 20:23:05,529 - rasterio.env - DEBUG - Cleared existing <rasterio._env.GDALEnv object at 0x7f26c6ee6b90> options
2023-12-22 20:23:05,529 - rasterio._env - DEBUG - Stopped GDALEnv <rasterio._env.GDALEnv object at 0x7f26c6ee6b90>.
2023-12-22 20:23:05,529 - rasterio.env - DEBUG - Exiting outermost env
2023-12-22 20:23:05,529 - rasterio.env - DEBUG - Exited env context: <rasterio.env.Env object at 0x7f26c6ea1510>
2023-12-22 20:27:54,630 - rasterio.env - DEBUG - Entering env context: <rasterio.env.Env object at 0x7f26c459c6d0>
2023-12-22 20:27:54,630 - rasterio.env - DEBUG - Starting outermost env
2023-12-22 20:27:54,631 - rasterio.env - DEBUG - No GDAL environment exists
2023-12-22 20:27:54,631 - rasterio.env - DEBUG - New GDAL environment <rasterio._env.GDALEnv object at 0x7f26c6f5ed40> created
2023-12-22 20:27:54,631 - rasterio._env - DEBUG - GDAL data found in package: path='/home/metpublic/PYTHON_VENV/present_weather/lib/python3.10/site-packages/rasterio/gdal_data'.
2023-12-22 20:27:54,631 - rasterio._env - DEBUG - PROJ data found in package: path='/home/metpublic/PYTHON_VENV/present_weather/lib/python3.10/site-packages/rasterio/proj_data'.
2023-12-22 20:27:54,632 - rasterio._env - DEBUG - Started GDALEnv: self=<rasterio._env.GDALEnv object at 0x7f26c6f5ed40>.
2023-12-22 20:27:54,632 - rasterio.env - DEBUG - Entered env context: <rasterio.env.Env object at 0x7f26c459c6d0>
2023-12-22 20:27:54,632 - rasterio._base - DEBUG - Sharing flag: 0
2023-12-22 20:27:54,634 - rasterio._base - DEBUG - Nodata success: 0, Nodata value: 0.000000
2023-12-22 20:27:54,634 - rasterio._base - DEBUG - Dataset <open DatasetReader name='/home/metpublic/TASK_RELEASE/EFAN/present_weather/src/H09_B13_Indonesia_20231222.Z2000.cor.tiff' mode='r'> is started.
2023-12-22 20:27:54,634 - rasterio.env - DEBUG - Exiting env context: <rasterio.env.Env object at 0x7f26c459c6d0>
2023-12-22 20:27:54,635 - rasterio.env - DEBUG - Cleared existing <rasterio._env.GDALEnv object at 0x7f26c6f5ed40> options
2023-12-22 20:27:54,635 - rasterio._env - DEBUG - Stopped GDALEnv <rasterio._env.GDALEnv object at 0x7f26c6f5ed40>.
2023-12-22 20:27:54,635 - rasterio.env - DEBUG - Exiting outermost env
2023-12-22 20:27:54,635 - rasterio.env - DEBUG - Exited env context: <rasterio.env.Env object at 0x7f26c459c6d0>
2023-12-22 20:27:54,635 - rasterio.env - DEBUG - Entering env context: <rasterio.env.Env object at 0x7f26c462f790>
2023-12-22 20:27:54,635 - rasterio.env - DEBUG - Starting outermost env
2023-12-22 20:27:54,635 - rasterio.env - DEBUG - No GDAL environment exists
2023-12-22 20:27:54,635 - rasterio.env - DEBUG - New GDAL environment <rasterio._env.GDALEnv object at 0x7f26c462db40> created
2023-12-22 20:27:54,636 - rasterio._env - DEBUG - GDAL data found in package: path='/home/metpublic/PYTHON_VENV/present_weather/lib/python3.10/site-packages/rasterio/gdal_data'.
2023-12-22 20:27:54,636 - rasterio._env - DEBUG - PROJ data found in package: path='/home/metpublic/PYTHON_VENV/present_weather/lib/python3.10/site-packages/rasterio/proj_data'.
2023-12-22 20:27:54,637 - rasterio._env - DEBUG - Started GDALEnv: self=<rasterio._env.GDALEnv object at 0x7f26c462db40>.
2023-12-22 20:27:54,637 - rasterio.env - DEBUG - Entered env context: <rasterio.env.Env object at 0x7f26c462f790>
2023-12-22 20:27:54,637 - rasterio._base - DEBUG - Sharing flag: 0
2023-12-22 20:27:54,638 - rasterio._base - DEBUG - Nodata success: 0, Nodata value: 0.000000
2023-12-22 20:27:54,638 - rasterio._base - DEBUG - Dataset <open DatasetReader name='/home/metpublic/TASK_RELEASE/EFAN/present_weather/src/H09_B13_Indonesia_20231222.Z2000.cor.tiff' mode='r'> is started.
2023-12-22 20:27:54,639 - rasterio.env - DEBUG - Exiting env context: <rasterio.env.Env object at 0x7f26c462f790>
2023-12-22 20:27:54,639 - rasterio.env - DEBUG - Cleared existing <rasterio._env.GDALEnv object at 0x7f26c462db40> options
2023-12-22 20:27:54,639 - rasterio._env - DEBUG - Stopped GDALEnv <rasterio._env.GDALEnv object at 0x7f26c462db40>.
2023-12-22 20:27:54,639 - rasterio.env - DEBUG - Exiting outermost env
2023-12-22 20:27:54,639 - rasterio.env - DEBUG - Exited env context: <rasterio.env.Env object at 0x7f26c462f790>
2023-12-22 20:27:54,653 - root - INFO - Generating present weather using SATELITE data
2023-12-22 20:29:48,056 - root - INFO - Total elapsed time: 0:06:45.187319
