2023-11-22 07:03:03,609 - root - INFO - Initiating present weather
2023-11-22 07:03:03,614 - urllib3.connectionpool - DEBUG - Starting new HTTPS connection (1): radar.bmkg.go.id:8060
2023-11-22 07:03:03,683 - urllib3.connectionpool - DEBUG - https://radar.bmkg.go.id:8060 "GET /getRadarGeotif?token=19387e71e78522ae4172ec0fda640983b8438c9cfa0ca571623cb69d8327&radar=amandemenForecast&type=latest HTTP/1.1" 200 90
2023-11-22 07:03:03,686 - rasterio.env - DEBUG - Entering env context: <rasterio.env.Env object at 0x7f0646d0e810>
2023-11-22 07:03:03,687 - rasterio.env - DEBUG - Starting outermost env
2023-11-22 07:03:03,687 - rasterio.env - DEBUG - No GDAL environment exists
2023-11-22 07:03:03,687 - rasterio.env - DEBUG - New GDAL environment <rasterio._env.GDALEnv object at 0x7f05e424caf0> created
2023-11-22 07:03:03,691 - rasterio._filepath - DEBUG - Installing FilePath filesystem handler plugin...
2023-11-22 07:03:03,691 - rasterio._env - DEBUG - GDAL data found in package: path='/home/swx/miniconda3/envs/present_weather/lib/python3.12/site-packages/rasterio/gdal_data'.
2023-11-22 07:03:03,691 - rasterio._env - DEBUG - PROJ_LIB found in environment.
2023-11-22 07:03:03,692 - rasterio._env - DEBUG - Started GDALEnv: self=<rasterio._env.GDALEnv object at 0x7f05e424caf0>.
2023-11-22 07:03:03,692 - rasterio.env - DEBUG - Entered env context: <rasterio.env.Env object at 0x7f0646d0e810>
2023-11-22 07:03:03,692 - rasterio._base - DEBUG - Sharing flag: 0
2023-11-22 07:03:03,887 - rasterio._base - DEBUG - Nodata success: 1, Nodata value: nan
2023-11-22 07:03:03,887 - rasterio._base - DEBUG - Dataset <open DatasetReader name='https://radar.bmkg.go.id/raster/radarsatelit_202311220700.tif' mode='r'> is started.
2023-11-22 07:03:03,887 - rasterio.env - DEBUG - Exiting env context: <rasterio.env.Env object at 0x7f0646d0e810>
2023-11-22 07:03:03,888 - rasterio.env - DEBUG - Cleared existing <rasterio._env.GDALEnv object at 0x7f05e424caf0> options
2023-11-22 07:03:03,888 - rasterio._env - DEBUG - Stopped GDALEnv <rasterio._env.GDALEnv object at 0x7f05e424caf0>.
2023-11-22 07:03:03,888 - rasterio.env - DEBUG - Exiting outermost env
2023-11-22 07:03:03,888 - rasterio.env - DEBUG - Exited env context: <rasterio.env.Env object at 0x7f0646d0e810>
2023-11-22 07:03:03,888 - rasterio.env - DEBUG - Entering env context: <rasterio.env.Env object at 0x7f05e419a180>
2023-11-22 07:03:03,888 - rasterio.env - DEBUG - Starting outermost env
2023-11-22 07:03:03,888 - rasterio.env - DEBUG - No GDAL environment exists
2023-11-22 07:03:03,888 - rasterio.env - DEBUG - New GDAL environment <rasterio._env.GDALEnv object at 0x7f05e424caf0> created
2023-11-22 07:03:03,889 - rasterio._env - DEBUG - GDAL data found in package: path='/home/swx/miniconda3/envs/present_weather/lib/python3.12/site-packages/rasterio/gdal_data'.
2023-11-22 07:03:03,889 - rasterio._env - DEBUG - PROJ_LIB found in environment.
2023-11-22 07:03:03,889 - rasterio._env - DEBUG - Started GDALEnv: self=<rasterio._env.GDALEnv object at 0x7f05e424caf0>.
2023-11-22 07:03:03,890 - rasterio.env - DEBUG - Entered env context: <rasterio.env.Env object at 0x7f05e419a180>
2023-11-22 07:03:03,890 - rasterio.env - DEBUG - Got a copy of environment <rasterio._env.GDALEnv object at 0x7f05e424caf0> options
2023-11-22 07:03:03,890 - rasterio.env - DEBUG - Entering env context: <rasterio.env.Env object at 0x7f06471658b0>
2023-11-22 07:03:03,890 - rasterio.env - DEBUG - Got a copy of environment <rasterio._env.GDALEnv object at 0x7f05e424caf0> options
2023-11-22 07:03:03,890 - rasterio.env - DEBUG - Entered env context: <rasterio.env.Env object at 0x7f06471658b0>
2023-11-22 07:03:03,891 - rasterio._base - DEBUG - Sharing flag: 0
2023-11-22 07:03:03,892 - rasterio._base - DEBUG - Nodata success: 1, Nodata value: nan
2023-11-22 07:03:03,892 - rasterio._base - DEBUG - Dataset <open DatasetReader name='https://radar.bmkg.go.id/raster/radarsatelit_202311220700.tif' mode='r'> is started.
2023-11-22 07:03:03,892 - rasterio.env - DEBUG - Exiting env context: <rasterio.env.Env object at 0x7f06471658b0>
2023-11-22 07:03:03,892 - rasterio.env - DEBUG - Cleared existing <rasterio._env.GDALEnv object at 0x7f05e424caf0> options
2023-11-22 07:03:03,892 - rasterio._env - DEBUG - Stopped GDALEnv <rasterio._env.GDALEnv object at 0x7f05e424caf0>.
2023-11-22 07:03:03,892 - rasterio.env - DEBUG - No GDAL environment exists
2023-11-22 07:03:03,892 - rasterio.env - DEBUG - New GDAL environment <rasterio._env.GDALEnv object at 0x7f05e424caf0> created
2023-11-22 07:03:03,893 - rasterio._env - DEBUG - GDAL data found in package: path='/home/swx/miniconda3/envs/present_weather/lib/python3.12/site-packages/rasterio/gdal_data'.
2023-11-22 07:03:03,893 - rasterio._env - DEBUG - PROJ_LIB found in environment.
2023-11-22 07:03:03,893 - rasterio._env - DEBUG - Started GDALEnv: self=<rasterio._env.GDALEnv object at 0x7f05e424caf0>.
2023-11-22 07:03:03,893 - rasterio.env - DEBUG - Exited env context: <rasterio.env.Env object at 0x7f06471658b0>
2023-11-22 07:03:03,924 - rasterio._io - DEBUG - Output nodata value read from file: nan
2023-11-22 07:03:03,925 - rasterio._io - DEBUG - Output nodata values: [nan]
2023-11-22 07:03:03,925 - rasterio._io - DEBUG - all_valid: False
2023-11-22 07:03:03,925 - rasterio._io - DEBUG - mask_flags: ([<MaskFlags.nodata: 8>],)
2023-11-22 07:03:03,926 - rasterio._io - DEBUG - Jump straight to _read()
2023-11-22 07:03:03,926 - rasterio._io - DEBUG - Window: Window(col_off=0, row_off=0, width=10215, height=3792)
2023-11-22 07:03:03,926 - rasterio._io - DEBUG - IO window xoff=0.0 yoff=0.0 width=10215.0 height=3792.0
2023-11-22 07:03:04,676 - rasterio.env - DEBUG - Exiting env context: <rasterio.env.Env object at 0x7f05e419a180>
2023-11-22 07:03:04,676 - rasterio.env - DEBUG - Cleared existing <rasterio._env.GDALEnv object at 0x7f05e424caf0> options
2023-11-22 07:03:04,676 - rasterio._env - DEBUG - Stopped GDALEnv <rasterio._env.GDALEnv object at 0x7f05e424caf0>.
2023-11-22 07:03:04,677 - rasterio.env - DEBUG - Exiting outermost env
2023-11-22 07:03:04,677 - rasterio.env - DEBUG - Exited env context: <rasterio.env.Env object at 0x7f05e419a180>
2023-11-22 07:03:04,679 - urllib3.connectionpool - DEBUG - Starting new HTTPS connection (1): radar.bmkg.go.id:8060
2023-11-22 07:03:04,750 - urllib3.connectionpool - DEBUG - https://radar.bmkg.go.id:8060 "GET /getLatestLD?typeData=1 HTTP/1.1" 200 122382
2023-11-22 07:03:04,792 - asyncio - DEBUG - Using selector: EpollSelector
2023-11-22 07:03:11,611 - root - INFO - dask.bag<lambda, npartitions=34>
2023-11-22 07:19:19,295 - root - INFO - Total elapsed time: 0:16:15.686786
