2023-11-26 12:23:03,608 - root - INFO - Initiating present weather
2023-11-26 12:23:03,611 - asyncio - DEBUG - Using selector: EpollSelector
2023-11-26 12:23:06,896 - urllib3.connectionpool - DEBUG - Starting new HTTPS connection (1): radar.bmkg.go.id:8060
2023-11-26 12:23:06,965 - urllib3.connectionpool - DEBUG - https://radar.bmkg.go.id:8060 "GET /getRadarGeotif?token=19387e71e78522ae4172ec0fda640983b8438c9cfa0ca571623cb69d8327&radar=amandemenForecast&type=latest HTTP/1.1" 200 90
2023-11-26 12:23:06,967 - rasterio.env - DEBUG - Entering env context: <rasterio.env.Env object at 0x7f8405571ca0>
2023-11-26 12:23:06,968 - rasterio.env - DEBUG - Starting outermost env
2023-11-26 12:23:06,968 - rasterio.env - DEBUG - No GDAL environment exists
2023-11-26 12:23:06,968 - rasterio.env - DEBUG - New GDAL environment <rasterio._env.GDALEnv object at 0x7f8405570ca0> created
2023-11-26 12:23:06,972 - rasterio._filepath - DEBUG - Installing FilePath filesystem handler plugin...
2023-11-26 12:23:06,973 - rasterio._env - DEBUG - GDAL data found in package: path='/home/swx/miniconda3/envs/present_weather/lib/python3.12/site-packages/rasterio/gdal_data'.
2023-11-26 12:23:06,973 - rasterio._env - DEBUG - PROJ_LIB found in environment.
2023-11-26 12:23:06,973 - rasterio._env - DEBUG - Started GDALEnv: self=<rasterio._env.GDALEnv object at 0x7f8405570ca0>.
2023-11-26 12:23:06,973 - rasterio.env - DEBUG - Entered env context: <rasterio.env.Env object at 0x7f8405571ca0>
2023-11-26 12:23:06,973 - rasterio._base - DEBUG - Sharing flag: 0
2023-11-26 12:23:07,177 - rasterio._base - DEBUG - Nodata success: 1, Nodata value: nan
2023-11-26 12:23:07,177 - rasterio._base - DEBUG - Dataset <open DatasetReader name='https://radar.bmkg.go.id/raster/radarsatelit_202311261220.tif' mode='r'> is started.
2023-11-26 12:23:07,178 - rasterio.env - DEBUG - Exiting env context: <rasterio.env.Env object at 0x7f8405571ca0>
2023-11-26 12:23:07,178 - rasterio.env - DEBUG - Cleared existing <rasterio._env.GDALEnv object at 0x7f8405570ca0> options
2023-11-26 12:23:07,178 - rasterio._env - DEBUG - Stopped GDALEnv <rasterio._env.GDALEnv object at 0x7f8405570ca0>.
2023-11-26 12:23:07,178 - rasterio.env - DEBUG - Exiting outermost env
2023-11-26 12:23:07,178 - rasterio.env - DEBUG - Exited env context: <rasterio.env.Env object at 0x7f8405571ca0>
2023-11-26 12:23:07,179 - rasterio.env - DEBUG - Entering env context: <rasterio.env.Env object at 0x7f8405571d60>
2023-11-26 12:23:07,179 - rasterio.env - DEBUG - Starting outermost env
2023-11-26 12:23:07,179 - rasterio.env - DEBUG - No GDAL environment exists
2023-11-26 12:23:07,179 - rasterio.env - DEBUG - New GDAL environment <rasterio._env.GDALEnv object at 0x7f8405570ca0> created
2023-11-26 12:23:07,180 - rasterio._env - DEBUG - GDAL data found in package: path='/home/swx/miniconda3/envs/present_weather/lib/python3.12/site-packages/rasterio/gdal_data'.
2023-11-26 12:23:07,180 - rasterio._env - DEBUG - PROJ_LIB found in environment.
2023-11-26 12:23:07,181 - rasterio._env - DEBUG - Started GDALEnv: self=<rasterio._env.GDALEnv object at 0x7f8405570ca0>.
2023-11-26 12:23:07,181 - rasterio.env - DEBUG - Entered env context: <rasterio.env.Env object at 0x7f8405571d60>
2023-11-26 12:23:07,181 - rasterio.env - DEBUG - Got a copy of environment <rasterio._env.GDALEnv object at 0x7f8405570ca0> options
2023-11-26 12:23:07,181 - rasterio.env - DEBUG - Entering env context: <rasterio.env.Env object at 0x7f84046a5a30>
2023-11-26 12:23:07,182 - rasterio.env - DEBUG - Got a copy of environment <rasterio._env.GDALEnv object at 0x7f8405570ca0> options
2023-11-26 12:23:07,182 - rasterio.env - DEBUG - Entered env context: <rasterio.env.Env object at 0x7f84046a5a30>
2023-11-26 12:23:07,182 - rasterio._base - DEBUG - Sharing flag: 0
2023-11-26 12:23:07,184 - rasterio._base - DEBUG - Nodata success: 1, Nodata value: nan
2023-11-26 12:23:07,184 - rasterio._base - DEBUG - Dataset <open DatasetReader name='https://radar.bmkg.go.id/raster/radarsatelit_202311261220.tif' mode='r'> is started.
2023-11-26 12:23:07,184 - rasterio.env - DEBUG - Exiting env context: <rasterio.env.Env object at 0x7f84046a5a30>
2023-11-26 12:23:07,184 - rasterio.env - DEBUG - Cleared existing <rasterio._env.GDALEnv object at 0x7f8405570ca0> options
2023-11-26 12:23:07,184 - rasterio._env - DEBUG - Stopped GDALEnv <rasterio._env.GDALEnv object at 0x7f8405570ca0>.
2023-11-26 12:23:07,184 - rasterio.env - DEBUG - No GDAL environment exists
2023-11-26 12:23:07,184 - rasterio.env - DEBUG - New GDAL environment <rasterio._env.GDALEnv object at 0x7f8405570ca0> created
2023-11-26 12:23:07,185 - rasterio._env - DEBUG - GDAL data found in package: path='/home/swx/miniconda3/envs/present_weather/lib/python3.12/site-packages/rasterio/gdal_data'.
2023-11-26 12:23:07,185 - rasterio._env - DEBUG - PROJ_LIB found in environment.
2023-11-26 12:23:07,185 - rasterio._env - DEBUG - Started GDALEnv: self=<rasterio._env.GDALEnv object at 0x7f8405570ca0>.
2023-11-26 12:23:07,185 - rasterio.env - DEBUG - Exited env context: <rasterio.env.Env object at 0x7f84046a5a30>
2023-11-26 12:23:07,212 - rasterio._io - DEBUG - Output nodata value read from file: nan
2023-11-26 12:23:07,212 - rasterio._io - DEBUG - Output nodata values: [nan]
2023-11-26 12:23:07,213 - rasterio._io - DEBUG - all_valid: False
2023-11-26 12:23:07,213 - rasterio._io - DEBUG - mask_flags: ([<MaskFlags.nodata: 8>],)
2023-11-26 12:23:07,213 - rasterio._io - DEBUG - Jump straight to _read()
2023-11-26 12:23:07,213 - rasterio._io - DEBUG - Window: Window(col_off=0, row_off=0, width=10215, height=3792)
2023-11-26 12:23:07,214 - rasterio._io - DEBUG - IO window xoff=0.0 yoff=0.0 width=10215.0 height=3792.0
2023-11-26 12:23:08,103 - rasterio.env - DEBUG - Exiting env context: <rasterio.env.Env object at 0x7f8405571d60>
2023-11-26 12:23:08,103 - rasterio.env - DEBUG - Cleared existing <rasterio._env.GDALEnv object at 0x7f8405570ca0> options
2023-11-26 12:23:08,103 - rasterio._env - DEBUG - Stopped GDALEnv <rasterio._env.GDALEnv object at 0x7f8405570ca0>.
2023-11-26 12:23:08,103 - rasterio.env - DEBUG - Exiting outermost env
2023-11-26 12:23:08,103 - rasterio.env - DEBUG - Exited env context: <rasterio.env.Env object at 0x7f8405571d60>
2023-11-26 12:23:08,106 - urllib3.connectionpool - DEBUG - Starting new HTTPS connection (1): radar.bmkg.go.id:8060
2023-11-26 12:23:08,172 - urllib3.connectionpool - DEBUG - https://radar.bmkg.go.id:8060 "GET /getLatestLD?typeData=1 HTTP/1.1" 200 21577
2023-11-26 12:23:08,188 - root - INFO - Generating present weather using RADAR data
2023-11-26 12:23:11,575 - root - INFO - dask.bag<lambda, npartitions=20>
2023-11-26 12:36:07,170 - root - INFO - Total elapsed time: 0:13:03.563990
