2023-12-22 17:23:02,522 - root - INFO - Initiating present weather
2023-12-22 17:23:02,524 - asyncio - DEBUG - Using selector: EpollSelector
2023-12-22 17:23:04,293 - urllib3.connectionpool - DEBUG - Starting new HTTPS connection (1): radar.bmkg.go.id:8060
2023-12-22 17:23:04,310 - urllib3.connectionpool - DEBUG - https://radar.bmkg.go.id:8060 "GET /getLatestLD?typeData=1 HTTP/1.1" 200 62
2023-12-22 17:23:04,312 - urllib3.connectionpool - DEBUG - Starting new HTTPS connection (1): radar.bmkg.go.id:8060
2023-12-22 17:23:04,338 - urllib3.connectionpool - DEBUG - https://radar.bmkg.go.id:8060 "GET /getRadarGeotif?token=19387e71e78522ae4172ec0fda640983b8438c9cfa0ca571623cb69d8327&radar=amandemenForecast&type=latest HTTP/1.1" 200 90
2023-12-22 17:23:04,339 - rasterio.env - DEBUG - Entering env context: <rasterio.env.Env object at 0x7f404ffa8a90>
2023-12-22 17:23:04,339 - rasterio.env - DEBUG - Starting outermost env
2023-12-22 17:23:04,339 - rasterio.env - DEBUG - No GDAL environment exists
2023-12-22 17:23:04,339 - rasterio.env - DEBUG - New GDAL environment <rasterio._env.GDALEnv object at 0x7f40549afa30> created
2023-12-22 17:23:04,342 - rasterio._filepath - DEBUG - Installing FilePath filesystem handler plugin...
2023-12-22 17:23:04,342 - rasterio._env - DEBUG - GDAL data found in package: path='/home/metpublic/PYTHON_VENV/present_weather/lib/python3.10/site-packages/rasterio/gdal_data'.
2023-12-22 17:23:04,342 - rasterio._env - DEBUG - PROJ data found in package: path='/home/metpublic/PYTHON_VENV/present_weather/lib/python3.10/site-packages/rasterio/proj_data'.
2023-12-22 17:23:04,343 - rasterio._env - DEBUG - Started GDALEnv: self=<rasterio._env.GDALEnv object at 0x7f40549afa30>.
2023-12-22 17:23:04,343 - rasterio.env - DEBUG - Entered env context: <rasterio.env.Env object at 0x7f404ffa8a90>
2023-12-22 17:23:04,343 - rasterio._base - DEBUG - Sharing flag: 0
2023-12-22 17:23:04,678 - rasterio._base - DEBUG - Nodata success: 1, Nodata value: nan
2023-12-22 17:23:04,678 - rasterio._base - DEBUG - Dataset <open DatasetReader name='https://radar.bmkg.go.id/raster/radarsatelit_202312221720.tif' mode='r'> is started.
2023-12-22 17:23:04,679 - rasterio.env - DEBUG - Exiting env context: <rasterio.env.Env object at 0x7f404ffa8a90>
2023-12-22 17:23:04,679 - rasterio.env - DEBUG - Cleared existing <rasterio._env.GDALEnv object at 0x7f40549afa30> options
2023-12-22 17:23:04,679 - rasterio._env - DEBUG - Stopped GDALEnv <rasterio._env.GDALEnv object at 0x7f40549afa30>.
2023-12-22 17:23:04,679 - rasterio.env - DEBUG - Exiting outermost env
2023-12-22 17:23:04,679 - rasterio.env - DEBUG - Exited env context: <rasterio.env.Env object at 0x7f404ffa8a90>
2023-12-22 17:23:04,679 - rasterio.env - DEBUG - Entering env context: <rasterio.env.Env object at 0x7f404ff398a0>
2023-12-22 17:23:04,679 - rasterio.env - DEBUG - Starting outermost env
2023-12-22 17:23:04,680 - rasterio.env - DEBUG - No GDAL environment exists
2023-12-22 17:23:04,680 - rasterio.env - DEBUG - New GDAL environment <rasterio._env.GDALEnv object at 0x7f40549afa30> created
2023-12-22 17:23:04,680 - rasterio._env - DEBUG - GDAL data found in package: path='/home/metpublic/PYTHON_VENV/present_weather/lib/python3.10/site-packages/rasterio/gdal_data'.
2023-12-22 17:23:04,680 - rasterio._env - DEBUG - PROJ data found in package: path='/home/metpublic/PYTHON_VENV/present_weather/lib/python3.10/site-packages/rasterio/proj_data'.
2023-12-22 17:23:04,680 - rasterio._env - DEBUG - Started GDALEnv: self=<rasterio._env.GDALEnv object at 0x7f40549afa30>.
2023-12-22 17:23:04,680 - rasterio.env - DEBUG - Entered env context: <rasterio.env.Env object at 0x7f404ff398a0>
2023-12-22 17:23:04,681 - rasterio.env - DEBUG - Got a copy of environment <rasterio._env.GDALEnv object at 0x7f40549afa30> options
2023-12-22 17:23:04,681 - rasterio.env - DEBUG - Entering env context: <rasterio.env.Env object at 0x7f404c6375b0>
2023-12-22 17:23:04,681 - rasterio.env - DEBUG - Got a copy of environment <rasterio._env.GDALEnv object at 0x7f40549afa30> options
2023-12-22 17:23:04,681 - rasterio.env - DEBUG - Entered env context: <rasterio.env.Env object at 0x7f404c6375b0>
2023-12-22 17:23:04,681 - rasterio._base - DEBUG - Sharing flag: 0
2023-12-22 17:23:04,682 - rasterio._base - DEBUG - Nodata success: 1, Nodata value: nan
2023-12-22 17:23:04,682 - rasterio._base - DEBUG - Dataset <open DatasetReader name='https://radar.bmkg.go.id/raster/radarsatelit_202312221720.tif' mode='r'> is started.
2023-12-22 17:23:04,682 - rasterio.env - DEBUG - Exiting env context: <rasterio.env.Env object at 0x7f404c6375b0>
2023-12-22 17:23:04,682 - rasterio.env - DEBUG - Cleared existing <rasterio._env.GDALEnv object at 0x7f40549afa30> options
2023-12-22 17:23:04,682 - rasterio._env - DEBUG - Stopped GDALEnv <rasterio._env.GDALEnv object at 0x7f40549afa30>.
2023-12-22 17:23:04,682 - rasterio.env - DEBUG - No GDAL environment exists
2023-12-22 17:23:04,682 - rasterio.env - DEBUG - New GDAL environment <rasterio._env.GDALEnv object at 0x7f40549afa30> created
2023-12-22 17:23:04,683 - rasterio._env - DEBUG - GDAL data found in package: path='/home/metpublic/PYTHON_VENV/present_weather/lib/python3.10/site-packages/rasterio/gdal_data'.
2023-12-22 17:23:04,683 - rasterio._env - DEBUG - PROJ data found in package: path='/home/metpublic/PYTHON_VENV/present_weather/lib/python3.10/site-packages/rasterio/proj_data'.
2023-12-22 17:23:04,683 - rasterio._env - DEBUG - Started GDALEnv: self=<rasterio._env.GDALEnv object at 0x7f40549afa30>.
2023-12-22 17:23:04,683 - rasterio.env - DEBUG - Exited env context: <rasterio.env.Env object at 0x7f404c6375b0>
2023-12-22 17:23:04,700 - rasterio._io - DEBUG - Output nodata value read from file: nan
2023-12-22 17:23:04,700 - rasterio._io - DEBUG - Output nodata values: [nan]
2023-12-22 17:23:04,700 - rasterio._io - DEBUG - all_valid: False
2023-12-22 17:23:04,700 - rasterio._io - DEBUG - mask_flags: ([<MaskFlags.nodata: 8>],)
2023-12-22 17:23:04,700 - rasterio._io - DEBUG - Jump straight to _read()
2023-12-22 17:23:04,700 - rasterio._io - DEBUG - Window: Window(col_off=0, row_off=0, width=10176, height=3732)
2023-12-22 17:23:04,701 - rasterio._io - DEBUG - IO window xoff=0.0 yoff=0.0 width=10176.0 height=3732.0
2023-12-22 17:23:05,314 - rasterio.env - DEBUG - Exiting env context: <rasterio.env.Env object at 0x7f404ff398a0>
2023-12-22 17:23:05,314 - rasterio.env - DEBUG - Cleared existing <rasterio._env.GDALEnv object at 0x7f40549afa30> options
2023-12-22 17:23:05,314 - rasterio._env - DEBUG - Stopped GDALEnv <rasterio._env.GDALEnv object at 0x7f40549afa30>.
2023-12-22 17:23:05,314 - rasterio.env - DEBUG - Exiting outermost env
2023-12-22 17:23:05,314 - rasterio.env - DEBUG - Exited env context: <rasterio.env.Env object at 0x7f404ff398a0>
2023-12-22 17:27:55,234 - rasterio.env - DEBUG - Entering env context: <rasterio.env.Env object at 0x7f404c20e470>
2023-12-22 17:27:55,235 - rasterio.env - DEBUG - Starting outermost env
2023-12-22 17:27:55,235 - rasterio.env - DEBUG - No GDAL environment exists
2023-12-22 17:27:55,235 - rasterio.env - DEBUG - New GDAL environment <rasterio._env.GDALEnv object at 0x7f404c20e410> created
2023-12-22 17:27:55,235 - rasterio._env - DEBUG - GDAL data found in package: path='/home/metpublic/PYTHON_VENV/present_weather/lib/python3.10/site-packages/rasterio/gdal_data'.
2023-12-22 17:27:55,236 - rasterio._env - DEBUG - PROJ data found in package: path='/home/metpublic/PYTHON_VENV/present_weather/lib/python3.10/site-packages/rasterio/proj_data'.
2023-12-22 17:27:55,236 - rasterio._env - DEBUG - Started GDALEnv: self=<rasterio._env.GDALEnv object at 0x7f404c20e410>.
2023-12-22 17:27:55,236 - rasterio.env - DEBUG - Entered env context: <rasterio.env.Env object at 0x7f404c20e470>
2023-12-22 17:27:55,236 - rasterio._base - DEBUG - Sharing flag: 0
2023-12-22 17:27:55,237 - rasterio._base - DEBUG - Nodata success: 0, Nodata value: 0.000000
2023-12-22 17:27:55,238 - rasterio._base - DEBUG - Dataset <open DatasetReader name='/home/metpublic/TASK_RELEASE/EFAN/present_weather/src/H09_B13_Indonesia_20231222.Z1700.cor.tiff' mode='r'> is started.
2023-12-22 17:27:55,238 - rasterio.env - DEBUG - Exiting env context: <rasterio.env.Env object at 0x7f404c20e470>
2023-12-22 17:27:55,238 - rasterio.env - DEBUG - Cleared existing <rasterio._env.GDALEnv object at 0x7f404c20e410> options
2023-12-22 17:27:55,238 - rasterio._env - DEBUG - Stopped GDALEnv <rasterio._env.GDALEnv object at 0x7f404c20e410>.
2023-12-22 17:27:55,238 - rasterio.env - DEBUG - Exiting outermost env
2023-12-22 17:27:55,238 - rasterio.env - DEBUG - Exited env context: <rasterio.env.Env object at 0x7f404c20e470>
2023-12-22 17:27:55,239 - rasterio.env - DEBUG - Entering env context: <rasterio.env.Env object at 0x7f404c20e110>
2023-12-22 17:27:55,239 - rasterio.env - DEBUG - Starting outermost env
2023-12-22 17:27:55,239 - rasterio.env - DEBUG - No GDAL environment exists
2023-12-22 17:27:55,239 - rasterio.env - DEBUG - New GDAL environment <rasterio._env.GDALEnv object at 0x7f404c20e6b0> created
2023-12-22 17:27:55,239 - rasterio._env - DEBUG - GDAL data found in package: path='/home/metpublic/PYTHON_VENV/present_weather/lib/python3.10/site-packages/rasterio/gdal_data'.
2023-12-22 17:27:55,239 - rasterio._env - DEBUG - PROJ data found in package: path='/home/metpublic/PYTHON_VENV/present_weather/lib/python3.10/site-packages/rasterio/proj_data'.
2023-12-22 17:27:55,239 - rasterio._env - DEBUG - Started GDALEnv: self=<rasterio._env.GDALEnv object at 0x7f404c20e6b0>.
2023-12-22 17:27:55,239 - rasterio.env - DEBUG - Entered env context: <rasterio.env.Env object at 0x7f404c20e110>
2023-12-22 17:27:55,240 - rasterio._base - DEBUG - Sharing flag: 0
2023-12-22 17:27:55,240 - rasterio._base - DEBUG - Nodata success: 0, Nodata value: 0.000000
2023-12-22 17:27:55,241 - rasterio._base - DEBUG - Dataset <open DatasetReader name='/home/metpublic/TASK_RELEASE/EFAN/present_weather/src/H09_B13_Indonesia_20231222.Z1700.cor.tiff' mode='r'> is started.
2023-12-22 17:27:55,241 - rasterio.env - DEBUG - Exiting env context: <rasterio.env.Env object at 0x7f404c20e110>
2023-12-22 17:27:55,241 - rasterio.env - DEBUG - Cleared existing <rasterio._env.GDALEnv object at 0x7f404c20e6b0> options
2023-12-22 17:27:55,241 - rasterio._env - DEBUG - Stopped GDALEnv <rasterio._env.GDALEnv object at 0x7f404c20e6b0>.
2023-12-22 17:27:55,241 - rasterio.env - DEBUG - Exiting outermost env
2023-12-22 17:27:55,241 - rasterio.env - DEBUG - Exited env context: <rasterio.env.Env object at 0x7f404c20e110>
2023-12-22 17:27:55,252 - root - INFO - Generating present weather using SATELITE data
2023-12-22 17:29:59,852 - root - INFO - Total elapsed time: 0:06:57.330106
