2023-11-06 05:00:03,205 - root - INFO - Initiating present weather
2023-11-06 05:00:03,209 - urllib3.connectionpool - DEBUG - Starting new HTTPS connection (1): radar.bmkg.go.id:8060
2023-11-06 05:00:08,284 - urllib3.connectionpool - DEBUG - https://radar.bmkg.go.id:8060 "GET /getRadarGeotif?token=19387e71e78522ae4172ec0fda640983b8438c9cfa0ca571623cb69d8327&radar=amandemenForecast&type=latest HTTP/1.1" 200 90
2023-11-06 05:00:08,287 - rasterio.env - DEBUG - Entering env context: <rasterio.env.Env object at 0x7f4f02e1a990>
2023-11-06 05:00:08,288 - rasterio.env - DEBUG - Starting outermost env
2023-11-06 05:00:08,288 - rasterio.env - DEBUG - No GDAL environment exists
2023-11-06 05:00:08,288 - rasterio.env - DEBUG - New GDAL environment <rasterio._env.GDALEnv object at 0x7f4f02e19750> created
2023-11-06 05:00:08,292 - rasterio._filepath - DEBUG - Installing FilePath filesystem handler plugin...
2023-11-06 05:00:08,293 - rasterio._env - DEBUG - GDAL data found in package: path='/home/swx/miniconda3/envs/present_weather/lib/python3.12/site-packages/rasterio/gdal_data'.
2023-11-06 05:00:08,293 - rasterio._env - DEBUG - PROJ_LIB found in environment.
2023-11-06 05:00:08,293 - rasterio._env - DEBUG - Started GDALEnv: self=<rasterio._env.GDALEnv object at 0x7f4f02e19750>.
2023-11-06 05:00:08,293 - rasterio.env - DEBUG - Entered env context: <rasterio.env.Env object at 0x7f4f02e1a990>
2023-11-06 05:00:08,293 - rasterio._base - DEBUG - Sharing flag: 0
2023-11-06 05:00:08,474 - rasterio._base - DEBUG - Nodata success: 1, Nodata value: nan
2023-11-06 05:00:08,474 - rasterio._base - DEBUG - Dataset <open DatasetReader name='https://radar.bmkg.go.id/raster/radarsatelit_202311060440.tif' mode='r'> is started.
2023-11-06 05:00:08,475 - rasterio.env - DEBUG - Exiting env context: <rasterio.env.Env object at 0x7f4f02e1a990>
2023-11-06 05:00:08,475 - rasterio.env - DEBUG - Cleared existing <rasterio._env.GDALEnv object at 0x7f4f02e19750> options
2023-11-06 05:00:08,475 - rasterio._env - DEBUG - Stopped GDALEnv <rasterio._env.GDALEnv object at 0x7f4f02e19750>.
2023-11-06 05:00:08,475 - rasterio.env - DEBUG - Exiting outermost env
2023-11-06 05:00:08,475 - rasterio.env - DEBUG - Exited env context: <rasterio.env.Env object at 0x7f4f02e1a990>
2023-11-06 05:00:08,476 - rasterio.env - DEBUG - Entering env context: <rasterio.env.Env object at 0x7f4f02e1a990>
2023-11-06 05:00:08,476 - rasterio.env - DEBUG - Starting outermost env
2023-11-06 05:00:08,476 - rasterio.env - DEBUG - No GDAL environment exists
2023-11-06 05:00:08,476 - rasterio.env - DEBUG - New GDAL environment <rasterio._env.GDALEnv object at 0x7f4f0b6e1de0> created
2023-11-06 05:00:08,476 - rasterio._env - DEBUG - GDAL data found in package: path='/home/swx/miniconda3/envs/present_weather/lib/python3.12/site-packages/rasterio/gdal_data'.
2023-11-06 05:00:08,477 - rasterio._env - DEBUG - PROJ_LIB found in environment.
2023-11-06 05:00:08,477 - rasterio._env - DEBUG - Started GDALEnv: self=<rasterio._env.GDALEnv object at 0x7f4f0b6e1de0>.
2023-11-06 05:00:08,477 - rasterio.env - DEBUG - Entered env context: <rasterio.env.Env object at 0x7f4f02e1a990>
2023-11-06 05:00:08,478 - rasterio.env - DEBUG - Got a copy of environment <rasterio._env.GDALEnv object at 0x7f4f0b6e1de0> options
2023-11-06 05:00:08,478 - rasterio.env - DEBUG - Entering env context: <rasterio.env.Env object at 0x7f4ec1868bc0>
2023-11-06 05:00:08,478 - rasterio.env - DEBUG - Got a copy of environment <rasterio._env.GDALEnv object at 0x7f4f0b6e1de0> options
2023-11-06 05:00:08,478 - rasterio.env - DEBUG - Entered env context: <rasterio.env.Env object at 0x7f4ec1868bc0>
2023-11-06 05:00:08,478 - rasterio._base - DEBUG - Sharing flag: 0
2023-11-06 05:00:08,479 - rasterio._base - DEBUG - Nodata success: 1, Nodata value: nan
2023-11-06 05:00:08,479 - rasterio._base - DEBUG - Dataset <open DatasetReader name='https://radar.bmkg.go.id/raster/radarsatelit_202311060440.tif' mode='r'> is started.
2023-11-06 05:00:08,479 - rasterio.env - DEBUG - Exiting env context: <rasterio.env.Env object at 0x7f4ec1868bc0>
2023-11-06 05:00:08,479 - rasterio.env - DEBUG - Cleared existing <rasterio._env.GDALEnv object at 0x7f4f0b6e1de0> options
2023-11-06 05:00:08,479 - rasterio._env - DEBUG - Stopped GDALEnv <rasterio._env.GDALEnv object at 0x7f4f0b6e1de0>.
2023-11-06 05:00:08,480 - rasterio.env - DEBUG - No GDAL environment exists
2023-11-06 05:00:08,480 - rasterio.env - DEBUG - New GDAL environment <rasterio._env.GDALEnv object at 0x7f4f0b6e1de0> created
2023-11-06 05:00:08,480 - rasterio._env - DEBUG - GDAL data found in package: path='/home/swx/miniconda3/envs/present_weather/lib/python3.12/site-packages/rasterio/gdal_data'.
2023-11-06 05:00:08,480 - rasterio._env - DEBUG - PROJ_LIB found in environment.
2023-11-06 05:00:08,480 - rasterio._env - DEBUG - Started GDALEnv: self=<rasterio._env.GDALEnv object at 0x7f4f0b6e1de0>.
2023-11-06 05:00:08,480 - rasterio.env - DEBUG - Exited env context: <rasterio.env.Env object at 0x7f4ec1868bc0>
2023-11-06 05:00:08,509 - rasterio._io - DEBUG - Output nodata value read from file: nan
2023-11-06 05:00:08,510 - rasterio._io - DEBUG - Output nodata values: [nan]
2023-11-06 05:00:08,510 - rasterio._io - DEBUG - all_valid: False
2023-11-06 05:00:08,510 - rasterio._io - DEBUG - mask_flags: ([<MaskFlags.nodata: 8>],)
2023-11-06 05:00:08,511 - rasterio._io - DEBUG - Jump straight to _read()
2023-11-06 05:00:08,511 - rasterio._io - DEBUG - Window: Window(col_off=0, row_off=0, width=10215, height=3792)
2023-11-06 05:00:08,511 - rasterio._io - DEBUG - IO window xoff=0.0 yoff=0.0 width=10215.0 height=3792.0
2023-11-06 05:00:09,218 - rasterio.env - DEBUG - Exiting env context: <rasterio.env.Env object at 0x7f4f02e1a990>
2023-11-06 05:00:09,218 - rasterio.env - DEBUG - Cleared existing <rasterio._env.GDALEnv object at 0x7f4f0b6e1de0> options
2023-11-06 05:00:09,218 - rasterio._env - DEBUG - Stopped GDALEnv <rasterio._env.GDALEnv object at 0x7f4f0b6e1de0>.
2023-11-06 05:00:09,218 - rasterio.env - DEBUG - Exiting outermost env
2023-11-06 05:00:09,218 - rasterio.env - DEBUG - Exited env context: <rasterio.env.Env object at 0x7f4f02e1a990>
2023-11-06 05:00:09,221 - urllib3.connectionpool - DEBUG - Starting new HTTPS connection (1): radar.bmkg.go.id:8060
2023-11-06 05:00:09,317 - urllib3.connectionpool - DEBUG - https://radar.bmkg.go.id:8060 "GET /getLatestLD?typeData=1 HTTP/1.1" 200 233861
2023-11-06 05:00:09,382 - asyncio - DEBUG - Using selector: EpollSelector
2023-11-06 05:00:16,184 - root - INFO - dask.bag<lambda, npartitions=34>
2023-11-06 05:07:52,037 - root - INFO - Total elapsed time: 0:07:48.833374
