2023-12-22 23:23:02,659 - root - INFO - Initiating present weather
2023-12-22 23:23:02,661 - asyncio - DEBUG - Using selector: EpollSelector
2023-12-22 23:23:04,276 - urllib3.connectionpool - DEBUG - Starting new HTTPS connection (1): radar.bmkg.go.id:8060
2023-12-22 23:23:04,293 - urllib3.connectionpool - DEBUG - https://radar.bmkg.go.id:8060 "GET /getLatestLD?typeData=1 HTTP/1.1" 200 62
2023-12-22 23:23:04,295 - urllib3.connectionpool - DEBUG - Starting new HTTPS connection (1): radar.bmkg.go.id:8060
2023-12-22 23:23:04,316 - urllib3.connectionpool - DEBUG - https://radar.bmkg.go.id:8060 "GET /getRadarGeotif?token=19387e71e78522ae4172ec0fda640983b8438c9cfa0ca571623cb69d8327&radar=amandemenForecast&type=latest HTTP/1.1" 200 90
2023-12-22 23:23:04,317 - rasterio.env - DEBUG - Entering env context: <rasterio.env.Env object at 0x7f162c159330>
2023-12-22 23:23:04,317 - rasterio.env - DEBUG - Starting outermost env
2023-12-22 23:23:04,317 - rasterio.env - DEBUG - No GDAL environment exists
2023-12-22 23:23:04,318 - rasterio.env - DEBUG - New GDAL environment <rasterio._env.GDALEnv object at 0x7f162c159450> created
2023-12-22 23:23:04,320 - rasterio._filepath - DEBUG - Installing FilePath filesystem handler plugin...
2023-12-22 23:23:04,320 - rasterio._env - DEBUG - GDAL data found in package: path='/home/metpublic/PYTHON_VENV/present_weather/lib/python3.10/site-packages/rasterio/gdal_data'.
2023-12-22 23:23:04,320 - rasterio._env - DEBUG - PROJ data found in package: path='/home/metpublic/PYTHON_VENV/present_weather/lib/python3.10/site-packages/rasterio/proj_data'.
2023-12-22 23:23:04,321 - rasterio._env - DEBUG - Started GDALEnv: self=<rasterio._env.GDALEnv object at 0x7f162c159450>.
2023-12-22 23:23:04,321 - rasterio.env - DEBUG - Entered env context: <rasterio.env.Env object at 0x7f162c159330>
2023-12-22 23:23:04,321 - rasterio._base - DEBUG - Sharing flag: 0
2023-12-22 23:23:04,659 - rasterio._base - DEBUG - Nodata success: 1, Nodata value: nan
2023-12-22 23:23:04,659 - rasterio._base - DEBUG - Dataset <open DatasetReader name='https://radar.bmkg.go.id/raster/radarsatelit_202312222320.tif' mode='r'> is started.
2023-12-22 23:23:04,659 - rasterio.env - DEBUG - Exiting env context: <rasterio.env.Env object at 0x7f162c159330>
2023-12-22 23:23:04,659 - rasterio.env - DEBUG - Cleared existing <rasterio._env.GDALEnv object at 0x7f162c159450> options
2023-12-22 23:23:04,659 - rasterio._env - DEBUG - Stopped GDALEnv <rasterio._env.GDALEnv object at 0x7f162c159450>.
2023-12-22 23:23:04,660 - rasterio.env - DEBUG - Exiting outermost env
2023-12-22 23:23:04,660 - rasterio.env - DEBUG - Exited env context: <rasterio.env.Env object at 0x7f162c159330>
2023-12-22 23:23:04,660 - rasterio.env - DEBUG - Entering env context: <rasterio.env.Env object at 0x7f162c111810>
2023-12-22 23:23:04,660 - rasterio.env - DEBUG - Starting outermost env
2023-12-22 23:23:04,660 - rasterio.env - DEBUG - No GDAL environment exists
2023-12-22 23:23:04,660 - rasterio.env - DEBUG - New GDAL environment <rasterio._env.GDALEnv object at 0x7f162c159450> created
2023-12-22 23:23:04,660 - rasterio._env - DEBUG - GDAL data found in package: path='/home/metpublic/PYTHON_VENV/present_weather/lib/python3.10/site-packages/rasterio/gdal_data'.
2023-12-22 23:23:04,660 - rasterio._env - DEBUG - PROJ data found in package: path='/home/metpublic/PYTHON_VENV/present_weather/lib/python3.10/site-packages/rasterio/proj_data'.
2023-12-22 23:23:04,660 - rasterio._env - DEBUG - Started GDALEnv: self=<rasterio._env.GDALEnv object at 0x7f162c159450>.
2023-12-22 23:23:04,661 - rasterio.env - DEBUG - Entered env context: <rasterio.env.Env object at 0x7f162c111810>
2023-12-22 23:23:04,661 - rasterio.env - DEBUG - Got a copy of environment <rasterio._env.GDALEnv object at 0x7f162c159450> options
2023-12-22 23:23:04,661 - rasterio.env - DEBUG - Entering env context: <rasterio.env.Env object at 0x7f1624632ce0>
2023-12-22 23:23:04,661 - rasterio.env - DEBUG - Got a copy of environment <rasterio._env.GDALEnv object at 0x7f162c159450> options
2023-12-22 23:23:04,661 - rasterio.env - DEBUG - Entered env context: <rasterio.env.Env object at 0x7f1624632ce0>
2023-12-22 23:23:04,661 - rasterio._base - DEBUG - Sharing flag: 0
2023-12-22 23:23:04,662 - rasterio._base - DEBUG - Nodata success: 1, Nodata value: nan
2023-12-22 23:23:04,662 - rasterio._base - DEBUG - Dataset <open DatasetReader name='https://radar.bmkg.go.id/raster/radarsatelit_202312222320.tif' mode='r'> is started.
2023-12-22 23:23:04,662 - rasterio.env - DEBUG - Exiting env context: <rasterio.env.Env object at 0x7f1624632ce0>
2023-12-22 23:23:04,662 - rasterio.env - DEBUG - Cleared existing <rasterio._env.GDALEnv object at 0x7f162c159450> options
2023-12-22 23:23:04,662 - rasterio._env - DEBUG - Stopped GDALEnv <rasterio._env.GDALEnv object at 0x7f162c159450>.
2023-12-22 23:23:04,662 - rasterio.env - DEBUG - No GDAL environment exists
2023-12-22 23:23:04,662 - rasterio.env - DEBUG - New GDAL environment <rasterio._env.GDALEnv object at 0x7f162c159450> created
2023-12-22 23:23:04,663 - rasterio._env - DEBUG - GDAL data found in package: path='/home/metpublic/PYTHON_VENV/present_weather/lib/python3.10/site-packages/rasterio/gdal_data'.
2023-12-22 23:23:04,663 - rasterio._env - DEBUG - PROJ data found in package: path='/home/metpublic/PYTHON_VENV/present_weather/lib/python3.10/site-packages/rasterio/proj_data'.
2023-12-22 23:23:04,663 - rasterio._env - DEBUG - Started GDALEnv: self=<rasterio._env.GDALEnv object at 0x7f162c159450>.
2023-12-22 23:23:04,663 - rasterio.env - DEBUG - Exited env context: <rasterio.env.Env object at 0x7f1624632ce0>
2023-12-22 23:23:04,679 - rasterio._io - DEBUG - Output nodata value read from file: nan
2023-12-22 23:23:04,679 - rasterio._io - DEBUG - Output nodata values: [nan]
2023-12-22 23:23:04,680 - rasterio._io - DEBUG - all_valid: False
2023-12-22 23:23:04,680 - rasterio._io - DEBUG - mask_flags: ([<MaskFlags.nodata: 8>],)
2023-12-22 23:23:04,680 - rasterio._io - DEBUG - Jump straight to _read()
2023-12-22 23:23:04,680 - rasterio._io - DEBUG - Window: Window(col_off=0, row_off=0, width=10176, height=3732)
2023-12-22 23:23:04,680 - rasterio._io - DEBUG - IO window xoff=0.0 yoff=0.0 width=10176.0 height=3732.0
2023-12-22 23:23:05,248 - rasterio.env - DEBUG - Exiting env context: <rasterio.env.Env object at 0x7f162c111810>
2023-12-22 23:23:05,248 - rasterio.env - DEBUG - Cleared existing <rasterio._env.GDALEnv object at 0x7f162c159450> options
2023-12-22 23:23:05,248 - rasterio._env - DEBUG - Stopped GDALEnv <rasterio._env.GDALEnv object at 0x7f162c159450>.
2023-12-22 23:23:05,249 - rasterio.env - DEBUG - Exiting outermost env
2023-12-22 23:23:05,249 - rasterio.env - DEBUG - Exited env context: <rasterio.env.Env object at 0x7f162c111810>
2023-12-22 23:27:38,444 - rasterio.env - DEBUG - Entering env context: <rasterio.env.Env object at 0x7f1624460ac0>
2023-12-22 23:27:38,444 - rasterio.env - DEBUG - Starting outermost env
2023-12-22 23:27:38,445 - rasterio.env - DEBUG - No GDAL environment exists
2023-12-22 23:27:38,445 - rasterio.env - DEBUG - New GDAL environment <rasterio._env.GDALEnv object at 0x7f16244612d0> created
2023-12-22 23:27:38,446 - rasterio._env - DEBUG - GDAL data found in package: path='/home/metpublic/PYTHON_VENV/present_weather/lib/python3.10/site-packages/rasterio/gdal_data'.
2023-12-22 23:27:38,446 - rasterio._env - DEBUG - PROJ data found in package: path='/home/metpublic/PYTHON_VENV/present_weather/lib/python3.10/site-packages/rasterio/proj_data'.
2023-12-22 23:27:38,446 - rasterio._env - DEBUG - Started GDALEnv: self=<rasterio._env.GDALEnv object at 0x7f16244612d0>.
2023-12-22 23:27:38,446 - rasterio.env - DEBUG - Entered env context: <rasterio.env.Env object at 0x7f1624460ac0>
2023-12-22 23:27:38,446 - rasterio._base - DEBUG - Sharing flag: 0
2023-12-22 23:27:38,448 - rasterio._base - DEBUG - Nodata success: 0, Nodata value: 0.000000
2023-12-22 23:27:38,448 - rasterio._base - DEBUG - Dataset <open DatasetReader name='/home/metpublic/TASK_RELEASE/EFAN/present_weather/src/H09_B13_Indonesia_20231222.Z2300.cor.tiff' mode='r'> is started.
2023-12-22 23:27:38,448 - rasterio.env - DEBUG - Exiting env context: <rasterio.env.Env object at 0x7f1624460ac0>
2023-12-22 23:27:38,448 - rasterio.env - DEBUG - Cleared existing <rasterio._env.GDALEnv object at 0x7f16244612d0> options
2023-12-22 23:27:38,448 - rasterio._env - DEBUG - Stopped GDALEnv <rasterio._env.GDALEnv object at 0x7f16244612d0>.
2023-12-22 23:27:38,448 - rasterio.env - DEBUG - Exiting outermost env
2023-12-22 23:27:38,448 - rasterio.env - DEBUG - Exited env context: <rasterio.env.Env object at 0x7f1624460ac0>
2023-12-22 23:27:38,449 - rasterio.env - DEBUG - Entering env context: <rasterio.env.Env object at 0x7f1624462740>
2023-12-22 23:27:38,449 - rasterio.env - DEBUG - Starting outermost env
2023-12-22 23:27:38,449 - rasterio.env - DEBUG - No GDAL environment exists
2023-12-22 23:27:38,449 - rasterio.env - DEBUG - New GDAL environment <rasterio._env.GDALEnv object at 0x7f1624460cd0> created
2023-12-22 23:27:38,449 - rasterio._env - DEBUG - GDAL data found in package: path='/home/metpublic/PYTHON_VENV/present_weather/lib/python3.10/site-packages/rasterio/gdal_data'.
2023-12-22 23:27:38,449 - rasterio._env - DEBUG - PROJ data found in package: path='/home/metpublic/PYTHON_VENV/present_weather/lib/python3.10/site-packages/rasterio/proj_data'.
2023-12-22 23:27:38,450 - rasterio._env - DEBUG - Started GDALEnv: self=<rasterio._env.GDALEnv object at 0x7f1624460cd0>.
2023-12-22 23:27:38,450 - rasterio.env - DEBUG - Entered env context: <rasterio.env.Env object at 0x7f1624462740>
2023-12-22 23:27:38,450 - rasterio._base - DEBUG - Sharing flag: 0
2023-12-22 23:27:38,451 - rasterio._base - DEBUG - Nodata success: 0, Nodata value: 0.000000
2023-12-22 23:27:38,451 - rasterio._base - DEBUG - Dataset <open DatasetReader name='/home/metpublic/TASK_RELEASE/EFAN/present_weather/src/H09_B13_Indonesia_20231222.Z2300.cor.tiff' mode='r'> is started.
2023-12-22 23:27:38,451 - rasterio.env - DEBUG - Exiting env context: <rasterio.env.Env object at 0x7f1624462740>
2023-12-22 23:27:38,451 - rasterio.env - DEBUG - Cleared existing <rasterio._env.GDALEnv object at 0x7f1624460cd0> options
2023-12-22 23:27:38,451 - rasterio._env - DEBUG - Stopped GDALEnv <rasterio._env.GDALEnv object at 0x7f1624460cd0>.
2023-12-22 23:27:38,451 - rasterio.env - DEBUG - Exiting outermost env
2023-12-22 23:27:38,451 - rasterio.env - DEBUG - Exited env context: <rasterio.env.Env object at 0x7f1624462740>
2023-12-22 23:27:38,463 - root - INFO - Generating present weather using SATELITE data
2023-12-22 23:29:09,870 - root - INFO - Total elapsed time: 0:06:07.211565
