2023-11-26 01:48:02,692 - root - INFO - Initiating present weather
2023-11-26 01:48:02,694 - asyncio - DEBUG - Using selector: EpollSelector
2023-11-26 01:48:04,197 - urllib3.connectionpool - DEBUG - Starting new HTTPS connection (1): radar.bmkg.go.id:8060
2023-11-26 01:48:04,221 - urllib3.connectionpool - DEBUG - https://radar.bmkg.go.id:8060 "GET /getRadarGeotif?token=19387e71e78522ae4172ec0fda640983b8438c9cfa0ca571623cb69d8327&radar=amandemenForecast&type=latest HTTP/1.1" 200 90
2023-11-26 01:48:04,222 - rasterio.env - DEBUG - Entering env context: <rasterio.env.Env object at 0x7fd8c7c1da80>
2023-11-26 01:48:04,223 - rasterio.env - DEBUG - Starting outermost env
2023-11-26 01:48:04,223 - rasterio.env - DEBUG - No GDAL environment exists
2023-11-26 01:48:04,223 - rasterio.env - DEBUG - New GDAL environment <rasterio._env.GDALEnv object at 0x7fd8c72bb580> created
2023-11-26 01:48:04,226 - rasterio._filepath - DEBUG - Installing FilePath filesystem handler plugin...
2023-11-26 01:48:04,226 - rasterio._env - DEBUG - GDAL data found in package: path='/home/metpublic/PYTHON_VENV/present_weather/lib/python3.10/site-packages/rasterio/gdal_data'.
2023-11-26 01:48:04,227 - rasterio._env - DEBUG - PROJ data found in package: path='/home/metpublic/PYTHON_VENV/present_weather/lib/python3.10/site-packages/rasterio/proj_data'.
2023-11-26 01:48:04,227 - rasterio._env - DEBUG - Started GDALEnv: self=<rasterio._env.GDALEnv object at 0x7fd8c72bb580>.
2023-11-26 01:48:04,227 - rasterio.env - DEBUG - Entered env context: <rasterio.env.Env object at 0x7fd8c7c1da80>
2023-11-26 01:48:04,227 - rasterio._base - DEBUG - Sharing flag: 0
2023-11-26 01:48:04,414 - rasterio._base - DEBUG - Nodata success: 1, Nodata value: nan
2023-11-26 01:48:04,414 - rasterio._base - DEBUG - Dataset <open DatasetReader name='https://radar.bmkg.go.id/raster/radarsatelit_202311260140.tif' mode='r'> is started.
2023-11-26 01:48:04,415 - rasterio.env - DEBUG - Exiting env context: <rasterio.env.Env object at 0x7fd8c7c1da80>
2023-11-26 01:48:04,415 - rasterio.env - DEBUG - Cleared existing <rasterio._env.GDALEnv object at 0x7fd8c72bb580> options
2023-11-26 01:48:04,415 - rasterio._env - DEBUG - Stopped GDALEnv <rasterio._env.GDALEnv object at 0x7fd8c72bb580>.
2023-11-26 01:48:04,415 - rasterio.env - DEBUG - Exiting outermost env
2023-11-26 01:48:04,415 - rasterio.env - DEBUG - Exited env context: <rasterio.env.Env object at 0x7fd8c7c1da80>
2023-11-26 01:48:04,415 - rasterio.env - DEBUG - Entering env context: <rasterio.env.Env object at 0x7fd8c725f7c0>
2023-11-26 01:48:04,415 - rasterio.env - DEBUG - Starting outermost env
2023-11-26 01:48:04,415 - rasterio.env - DEBUG - No GDAL environment exists
2023-11-26 01:48:04,415 - rasterio.env - DEBUG - New GDAL environment <rasterio._env.GDALEnv object at 0x7fd8c414abf0> created
2023-11-26 01:48:04,415 - rasterio._env - DEBUG - GDAL data found in package: path='/home/metpublic/PYTHON_VENV/present_weather/lib/python3.10/site-packages/rasterio/gdal_data'.
2023-11-26 01:48:04,416 - rasterio._env - DEBUG - PROJ data found in package: path='/home/metpublic/PYTHON_VENV/present_weather/lib/python3.10/site-packages/rasterio/proj_data'.
2023-11-26 01:48:04,416 - rasterio._env - DEBUG - Started GDALEnv: self=<rasterio._env.GDALEnv object at 0x7fd8c414abf0>.
2023-11-26 01:48:04,416 - rasterio.env - DEBUG - Entered env context: <rasterio.env.Env object at 0x7fd8c725f7c0>
2023-11-26 01:48:04,416 - rasterio.env - DEBUG - Got a copy of environment <rasterio._env.GDALEnv object at 0x7fd8c414abf0> options
2023-11-26 01:48:04,417 - rasterio.env - DEBUG - Entering env context: <rasterio.env.Env object at 0x7fd8c41a4d30>
2023-11-26 01:48:04,417 - rasterio.env - DEBUG - Got a copy of environment <rasterio._env.GDALEnv object at 0x7fd8c414abf0> options
2023-11-26 01:48:04,417 - rasterio.env - DEBUG - Entered env context: <rasterio.env.Env object at 0x7fd8c41a4d30>
2023-11-26 01:48:04,417 - rasterio._base - DEBUG - Sharing flag: 0
2023-11-26 01:48:04,417 - rasterio._base - DEBUG - Nodata success: 1, Nodata value: nan
2023-11-26 01:48:04,418 - rasterio._base - DEBUG - Dataset <open DatasetReader name='https://radar.bmkg.go.id/raster/radarsatelit_202311260140.tif' mode='r'> is started.
2023-11-26 01:48:04,418 - rasterio.env - DEBUG - Exiting env context: <rasterio.env.Env object at 0x7fd8c41a4d30>
2023-11-26 01:48:04,418 - rasterio.env - DEBUG - Cleared existing <rasterio._env.GDALEnv object at 0x7fd8c414abf0> options
2023-11-26 01:48:04,418 - rasterio._env - DEBUG - Stopped GDALEnv <rasterio._env.GDALEnv object at 0x7fd8c414abf0>.
2023-11-26 01:48:04,418 - rasterio.env - DEBUG - No GDAL environment exists
2023-11-26 01:48:04,418 - rasterio.env - DEBUG - New GDAL environment <rasterio._env.GDALEnv object at 0x7fd8c414abf0> created
2023-11-26 01:48:04,418 - rasterio._env - DEBUG - GDAL data found in package: path='/home/metpublic/PYTHON_VENV/present_weather/lib/python3.10/site-packages/rasterio/gdal_data'.
2023-11-26 01:48:04,418 - rasterio._env - DEBUG - PROJ data found in package: path='/home/metpublic/PYTHON_VENV/present_weather/lib/python3.10/site-packages/rasterio/proj_data'.
2023-11-26 01:48:04,419 - rasterio._env - DEBUG - Started GDALEnv: self=<rasterio._env.GDALEnv object at 0x7fd8c414abf0>.
2023-11-26 01:48:04,419 - rasterio.env - DEBUG - Exited env context: <rasterio.env.Env object at 0x7fd8c41a4d30>
2023-11-26 01:48:04,435 - rasterio._io - DEBUG - Output nodata value read from file: nan
2023-11-26 01:48:04,435 - rasterio._io - DEBUG - Output nodata values: [nan]
2023-11-26 01:48:04,436 - rasterio._io - DEBUG - all_valid: False
2023-11-26 01:48:04,436 - rasterio._io - DEBUG - mask_flags: ([<MaskFlags.nodata: 8>],)
2023-11-26 01:48:04,436 - rasterio._io - DEBUG - Jump straight to _read()
2023-11-26 01:48:04,436 - rasterio._io - DEBUG - Window: Window(col_off=0, row_off=0, width=10215, height=3792)
2023-11-26 01:48:04,437 - rasterio._io - DEBUG - IO window xoff=0.0 yoff=0.0 width=10215.0 height=3792.0
2023-11-26 01:48:04,975 - rasterio.env - DEBUG - Exiting env context: <rasterio.env.Env object at 0x7fd8c725f7c0>
2023-11-26 01:48:04,975 - rasterio.env - DEBUG - Cleared existing <rasterio._env.GDALEnv object at 0x7fd8c414abf0> options
2023-11-26 01:48:04,976 - rasterio._env - DEBUG - Stopped GDALEnv <rasterio._env.GDALEnv object at 0x7fd8c414abf0>.
2023-11-26 01:48:04,976 - rasterio.env - DEBUG - Exiting outermost env
2023-11-26 01:48:04,976 - rasterio.env - DEBUG - Exited env context: <rasterio.env.Env object at 0x7fd8c725f7c0>
2023-11-26 01:48:04,977 - urllib3.connectionpool - DEBUG - Starting new HTTPS connection (1): radar.bmkg.go.id:8060
2023-11-26 01:48:04,992 - urllib3.connectionpool - DEBUG - https://radar.bmkg.go.id:8060 "GET /getLatestLD?typeData=1 HTTP/1.1" 200 901
2023-11-26 01:48:04,997 - root - INFO - Generating present weather using RADAR data
2023-11-26 01:48:08,926 - root - INFO - dask.bag<lambda, npartitions=20>
2023-11-26 01:54:09,251 - root - INFO - Total elapsed time: 0:06:06.559220
