2023-11-24 06:30:42,451 - root - INFO - Initiating present weather
2023-11-24 06:30:42,455 - asyncio - DEBUG - Using selector: EpollSelector
2023-11-24 06:30:45,799 - urllib3.connectionpool - DEBUG - Starting new HTTPS connection (1): radar.bmkg.go.id:8060
2023-11-24 06:30:50,868 - urllib3.connectionpool - DEBUG - https://radar.bmkg.go.id:8060 "GET /getRadarGeotif?token=19387e71e78522ae4172ec0fda640983b8438c9cfa0ca571623cb69d8327&radar=amandemenForecast&type=latest HTTP/1.1" 200 90
2023-11-24 06:30:50,871 - rasterio.env - DEBUG - Entering env context: <rasterio.env.Env object at 0x7f0060296390>
2023-11-24 06:30:50,872 - rasterio.env - DEBUG - Starting outermost env
2023-11-24 06:30:50,872 - rasterio.env - DEBUG - No GDAL environment exists
2023-11-24 06:30:50,872 - rasterio.env - DEBUG - New GDAL environment <rasterio._env.GDALEnv object at 0x7f0061427010> created
2023-11-24 06:30:50,877 - rasterio._filepath - DEBUG - Installing FilePath filesystem handler plugin...
2023-11-24 06:30:50,877 - rasterio._env - DEBUG - GDAL data found in package: path='/home/swx/miniconda3/envs/present_weather/lib/python3.12/site-packages/rasterio/gdal_data'.
2023-11-24 06:30:50,877 - rasterio._env - DEBUG - PROJ_LIB found in environment.
2023-11-24 06:30:50,877 - rasterio._env - DEBUG - Started GDALEnv: self=<rasterio._env.GDALEnv object at 0x7f0061427010>.
2023-11-24 06:30:50,877 - rasterio.env - DEBUG - Entered env context: <rasterio.env.Env object at 0x7f0060296390>
2023-11-24 06:30:50,878 - rasterio._base - DEBUG - Sharing flag: 0
2023-11-24 06:30:51,076 - rasterio._base - DEBUG - Nodata success: 1, Nodata value: nan
2023-11-24 06:30:51,077 - rasterio._base - DEBUG - Dataset <open DatasetReader name='https://radar.bmkg.go.id/raster/radarsatelit_202311240620.tif' mode='r'> is started.
2023-11-24 06:30:51,077 - rasterio.env - DEBUG - Exiting env context: <rasterio.env.Env object at 0x7f0060296390>
2023-11-24 06:30:51,078 - rasterio.env - DEBUG - Cleared existing <rasterio._env.GDALEnv object at 0x7f0061427010> options
2023-11-24 06:30:51,078 - rasterio._env - DEBUG - Stopped GDALEnv <rasterio._env.GDALEnv object at 0x7f0061427010>.
2023-11-24 06:30:51,078 - rasterio.env - DEBUG - Exiting outermost env
2023-11-24 06:30:51,078 - rasterio.env - DEBUG - Exited env context: <rasterio.env.Env object at 0x7f0060296390>
2023-11-24 06:30:51,078 - rasterio.env - DEBUG - Entering env context: <rasterio.env.Env object at 0x7f0061538aa0>
2023-11-24 06:30:51,078 - rasterio.env - DEBUG - Starting outermost env
2023-11-24 06:30:51,079 - rasterio.env - DEBUG - No GDAL environment exists
2023-11-24 06:30:51,079 - rasterio.env - DEBUG - New GDAL environment <rasterio._env.GDALEnv object at 0x7f00613a2140> created
2023-11-24 06:30:51,079 - rasterio._env - DEBUG - GDAL data found in package: path='/home/swx/miniconda3/envs/present_weather/lib/python3.12/site-packages/rasterio/gdal_data'.
2023-11-24 06:30:51,080 - rasterio._env - DEBUG - PROJ_LIB found in environment.
2023-11-24 06:30:51,080 - rasterio._env - DEBUG - Started GDALEnv: self=<rasterio._env.GDALEnv object at 0x7f00613a2140>.
2023-11-24 06:30:51,080 - rasterio.env - DEBUG - Entered env context: <rasterio.env.Env object at 0x7f0061538aa0>
2023-11-24 06:30:51,080 - rasterio.env - DEBUG - Got a copy of environment <rasterio._env.GDALEnv object at 0x7f00613a2140> options
2023-11-24 06:30:51,081 - rasterio.env - DEBUG - Entering env context: <rasterio.env.Env object at 0x7f0062158890>
2023-11-24 06:30:51,081 - rasterio.env - DEBUG - Got a copy of environment <rasterio._env.GDALEnv object at 0x7f00613a2140> options
2023-11-24 06:30:51,081 - rasterio.env - DEBUG - Entered env context: <rasterio.env.Env object at 0x7f0062158890>
2023-11-24 06:30:51,081 - rasterio._base - DEBUG - Sharing flag: 0
2023-11-24 06:30:51,082 - rasterio._base - DEBUG - Nodata success: 1, Nodata value: nan
2023-11-24 06:30:51,082 - rasterio._base - DEBUG - Dataset <open DatasetReader name='https://radar.bmkg.go.id/raster/radarsatelit_202311240620.tif' mode='r'> is started.
2023-11-24 06:30:51,082 - rasterio.env - DEBUG - Exiting env context: <rasterio.env.Env object at 0x7f0062158890>
2023-11-24 06:30:51,083 - rasterio.env - DEBUG - Cleared existing <rasterio._env.GDALEnv object at 0x7f00613a2140> options
2023-11-24 06:30:51,083 - rasterio._env - DEBUG - Stopped GDALEnv <rasterio._env.GDALEnv object at 0x7f00613a2140>.
2023-11-24 06:30:51,083 - rasterio.env - DEBUG - No GDAL environment exists
2023-11-24 06:30:51,083 - rasterio.env - DEBUG - New GDAL environment <rasterio._env.GDALEnv object at 0x7f00613a2140> created
2023-11-24 06:30:51,083 - rasterio._env - DEBUG - GDAL data found in package: path='/home/swx/miniconda3/envs/present_weather/lib/python3.12/site-packages/rasterio/gdal_data'.
2023-11-24 06:30:51,084 - rasterio._env - DEBUG - PROJ_LIB found in environment.
2023-11-24 06:30:51,084 - rasterio._env - DEBUG - Started GDALEnv: self=<rasterio._env.GDALEnv object at 0x7f00613a2140>.
2023-11-24 06:30:51,084 - rasterio.env - DEBUG - Exited env context: <rasterio.env.Env object at 0x7f0062158890>
2023-11-24 06:30:51,117 - rasterio._io - DEBUG - Output nodata value read from file: nan
2023-11-24 06:30:51,117 - rasterio._io - DEBUG - Output nodata values: [nan]
2023-11-24 06:30:51,117 - rasterio._io - DEBUG - all_valid: False
2023-11-24 06:30:51,117 - rasterio._io - DEBUG - mask_flags: ([<MaskFlags.nodata: 8>],)
2023-11-24 06:30:51,118 - rasterio._io - DEBUG - Jump straight to _read()
2023-11-24 06:30:51,118 - rasterio._io - DEBUG - Window: Window(col_off=0, row_off=0, width=10178, height=3732)
2023-11-24 06:30:51,118 - rasterio._io - DEBUG - IO window xoff=0.0 yoff=0.0 width=10178.0 height=3732.0
2023-11-24 06:30:52,041 - rasterio.env - DEBUG - Exiting env context: <rasterio.env.Env object at 0x7f0061538aa0>
2023-11-24 06:30:52,041 - rasterio.env - DEBUG - Cleared existing <rasterio._env.GDALEnv object at 0x7f00613a2140> options
2023-11-24 06:30:52,041 - rasterio._env - DEBUG - Stopped GDALEnv <rasterio._env.GDALEnv object at 0x7f00613a2140>.
2023-11-24 06:30:52,042 - rasterio.env - DEBUG - Exiting outermost env
2023-11-24 06:30:52,042 - rasterio.env - DEBUG - Exited env context: <rasterio.env.Env object at 0x7f0061538aa0>
2023-11-24 06:30:52,044 - urllib3.connectionpool - DEBUG - Starting new HTTPS connection (1): radar.bmkg.go.id:8060
2023-11-24 06:30:52,116 - urllib3.connectionpool - DEBUG - https://radar.bmkg.go.id:8060 "GET /getLatestLD?typeData=1 HTTP/1.1" 200 54234
2023-11-24 06:30:52,137 - root - INFO - Generating present weather using RADAR data
2023-11-24 06:30:55,442 - root - INFO - dask.bag<lambda, npartitions=20>
2023-11-24 06:31:11,365 - root - INFO - Total elapsed time: 0:00:28.915219
