2023-12-15 13:43:03,222 - root - INFO - Initiating present weather
2023-12-15 13:43:03,224 - asyncio - DEBUG - Using selector: EpollSelector
2023-12-15 13:43:04,856 - urllib3.connectionpool - DEBUG - Starting new HTTPS connection (1): radar.bmkg.go.id:8060
2023-12-15 13:43:04,869 - urllib3.connectionpool - DEBUG - https://radar.bmkg.go.id:8060 "GET /getLatestLD?typeData=1 HTTP/1.1" 200 62
2023-12-15 13:43:04,871 - urllib3.connectionpool - DEBUG - Starting new HTTPS connection (1): radar.bmkg.go.id:8060
2023-12-15 13:43:04,892 - urllib3.connectionpool - DEBUG - https://radar.bmkg.go.id:8060 "GET /getRadarGeotif?token=19387e71e78522ae4172ec0fda640983b8438c9cfa0ca571623cb69d8327&radar=amandemenForecast&type=latest HTTP/1.1" 200 90
2023-12-15 13:43:04,893 - rasterio.env - DEBUG - Entering env context: <rasterio.env.Env object at 0x7f696d9db8e0>
2023-12-15 13:43:04,893 - rasterio.env - DEBUG - Starting outermost env
2023-12-15 13:43:04,893 - rasterio.env - DEBUG - No GDAL environment exists
2023-12-15 13:43:04,893 - rasterio.env - DEBUG - New GDAL environment <rasterio._env.GDALEnv object at 0x7f696d9db6d0> created
2023-12-15 13:43:04,895 - rasterio._filepath - DEBUG - Installing FilePath filesystem handler plugin...
2023-12-15 13:43:04,895 - rasterio._env - DEBUG - GDAL data found in package: path='/home/metpublic/PYTHON_VENV/present_weather/lib/python3.10/site-packages/rasterio/gdal_data'.
2023-12-15 13:43:04,895 - rasterio._env - DEBUG - PROJ data found in package: path='/home/metpublic/PYTHON_VENV/present_weather/lib/python3.10/site-packages/rasterio/proj_data'.
2023-12-15 13:43:04,896 - rasterio._env - DEBUG - Started GDALEnv: self=<rasterio._env.GDALEnv object at 0x7f696d9db6d0>.
2023-12-15 13:43:04,896 - rasterio.env - DEBUG - Entered env context: <rasterio.env.Env object at 0x7f696d9db8e0>
2023-12-15 13:43:04,896 - rasterio._base - DEBUG - Sharing flag: 0
2023-12-15 13:43:05,208 - rasterio._base - DEBUG - Nodata success: 1, Nodata value: nan
2023-12-15 13:43:05,208 - rasterio._base - DEBUG - Dataset <open DatasetReader name='https://radar.bmkg.go.id/raster/radarsatelit_202312151340.tif' mode='r'> is started.
2023-12-15 13:43:05,209 - rasterio.env - DEBUG - Exiting env context: <rasterio.env.Env object at 0x7f696d9db8e0>
2023-12-15 13:43:05,209 - rasterio.env - DEBUG - Cleared existing <rasterio._env.GDALEnv object at 0x7f696d9db6d0> options
2023-12-15 13:43:05,209 - rasterio._env - DEBUG - Stopped GDALEnv <rasterio._env.GDALEnv object at 0x7f696d9db6d0>.
2023-12-15 13:43:05,209 - rasterio.env - DEBUG - Exiting outermost env
2023-12-15 13:43:05,209 - rasterio.env - DEBUG - Exited env context: <rasterio.env.Env object at 0x7f696d9db8e0>
2023-12-15 13:43:05,209 - rasterio.env - DEBUG - Entering env context: <rasterio.env.Env object at 0x7f696d05d180>
2023-12-15 13:43:05,209 - rasterio.env - DEBUG - Starting outermost env
2023-12-15 13:43:05,209 - rasterio.env - DEBUG - No GDAL environment exists
2023-12-15 13:43:05,209 - rasterio.env - DEBUG - New GDAL environment <rasterio._env.GDALEnv object at 0x7f696d9db6d0> created
2023-12-15 13:43:05,210 - rasterio._env - DEBUG - GDAL data found in package: path='/home/metpublic/PYTHON_VENV/present_weather/lib/python3.10/site-packages/rasterio/gdal_data'.
2023-12-15 13:43:05,210 - rasterio._env - DEBUG - PROJ data found in package: path='/home/metpublic/PYTHON_VENV/present_weather/lib/python3.10/site-packages/rasterio/proj_data'.
2023-12-15 13:43:05,210 - rasterio._env - DEBUG - Started GDALEnv: self=<rasterio._env.GDALEnv object at 0x7f696d9db6d0>.
2023-12-15 13:43:05,211 - rasterio.env - DEBUG - Entered env context: <rasterio.env.Env object at 0x7f696d05d180>
2023-12-15 13:43:05,211 - rasterio.env - DEBUG - Got a copy of environment <rasterio._env.GDALEnv object at 0x7f696d9db6d0> options
2023-12-15 13:43:05,211 - rasterio.env - DEBUG - Entering env context: <rasterio.env.Env object at 0x7f695c74a380>
2023-12-15 13:43:05,211 - rasterio.env - DEBUG - Got a copy of environment <rasterio._env.GDALEnv object at 0x7f696d9db6d0> options
2023-12-15 13:43:05,211 - rasterio.env - DEBUG - Entered env context: <rasterio.env.Env object at 0x7f695c74a380>
2023-12-15 13:43:05,211 - rasterio._base - DEBUG - Sharing flag: 0
2023-12-15 13:43:05,212 - rasterio._base - DEBUG - Nodata success: 1, Nodata value: nan
2023-12-15 13:43:05,212 - rasterio._base - DEBUG - Dataset <open DatasetReader name='https://radar.bmkg.go.id/raster/radarsatelit_202312151340.tif' mode='r'> is started.
2023-12-15 13:43:05,212 - rasterio.env - DEBUG - Exiting env context: <rasterio.env.Env object at 0x7f695c74a380>
2023-12-15 13:43:05,212 - rasterio.env - DEBUG - Cleared existing <rasterio._env.GDALEnv object at 0x7f696d9db6d0> options
2023-12-15 13:43:05,212 - rasterio._env - DEBUG - Stopped GDALEnv <rasterio._env.GDALEnv object at 0x7f696d9db6d0>.
2023-12-15 13:43:05,212 - rasterio.env - DEBUG - No GDAL environment exists
2023-12-15 13:43:05,212 - rasterio.env - DEBUG - New GDAL environment <rasterio._env.GDALEnv object at 0x7f696d9db6d0> created
2023-12-15 13:43:05,213 - rasterio._env - DEBUG - GDAL data found in package: path='/home/metpublic/PYTHON_VENV/present_weather/lib/python3.10/site-packages/rasterio/gdal_data'.
2023-12-15 13:43:05,213 - rasterio._env - DEBUG - PROJ data found in package: path='/home/metpublic/PYTHON_VENV/present_weather/lib/python3.10/site-packages/rasterio/proj_data'.
2023-12-15 13:43:05,213 - rasterio._env - DEBUG - Started GDALEnv: self=<rasterio._env.GDALEnv object at 0x7f696d9db6d0>.
2023-12-15 13:43:05,213 - rasterio.env - DEBUG - Exited env context: <rasterio.env.Env object at 0x7f695c74a380>
2023-12-15 13:43:05,228 - rasterio._io - DEBUG - Output nodata value read from file: nan
2023-12-15 13:43:05,229 - rasterio._io - DEBUG - Output nodata values: [nan]
2023-12-15 13:43:05,229 - rasterio._io - DEBUG - all_valid: False
2023-12-15 13:43:05,229 - rasterio._io - DEBUG - mask_flags: ([<MaskFlags.nodata: 8>],)
2023-12-15 13:43:05,230 - rasterio._io - DEBUG - Jump straight to _read()
2023-12-15 13:43:05,230 - rasterio._io - DEBUG - Window: Window(col_off=0, row_off=0, width=10177, height=3692)
2023-12-15 13:43:05,230 - rasterio._io - DEBUG - IO window xoff=0.0 yoff=0.0 width=10177.0 height=3692.0
2023-12-15 13:43:05,747 - rasterio.env - DEBUG - Exiting env context: <rasterio.env.Env object at 0x7f696d05d180>
2023-12-15 13:43:05,747 - rasterio.env - DEBUG - Cleared existing <rasterio._env.GDALEnv object at 0x7f696d9db6d0> options
2023-12-15 13:43:05,747 - rasterio._env - DEBUG - Stopped GDALEnv <rasterio._env.GDALEnv object at 0x7f696d9db6d0>.
2023-12-15 13:43:05,747 - rasterio.env - DEBUG - Exiting outermost env
2023-12-15 13:43:05,748 - rasterio.env - DEBUG - Exited env context: <rasterio.env.Env object at 0x7f696d05d180>
2023-12-15 13:47:12,016 - rasterio.env - DEBUG - Entering env context: <rasterio.env.Env object at 0x7f695c42aaa0>
2023-12-15 13:47:12,017 - rasterio.env - DEBUG - Starting outermost env
2023-12-15 13:47:12,017 - rasterio.env - DEBUG - No GDAL environment exists
2023-12-15 13:47:12,017 - rasterio.env - DEBUG - New GDAL environment <rasterio._env.GDALEnv object at 0x7f695c42b8e0> created
2023-12-15 13:47:12,017 - rasterio._env - DEBUG - GDAL data found in package: path='/home/metpublic/PYTHON_VENV/present_weather/lib/python3.10/site-packages/rasterio/gdal_data'.
2023-12-15 13:47:12,019 - rasterio._env - DEBUG - PROJ data found in package: path='/home/metpublic/PYTHON_VENV/present_weather/lib/python3.10/site-packages/rasterio/proj_data'.
2023-12-15 13:47:12,019 - rasterio._env - DEBUG - Started GDALEnv: self=<rasterio._env.GDALEnv object at 0x7f695c42b8e0>.
2023-12-15 13:47:12,019 - rasterio.env - DEBUG - Entered env context: <rasterio.env.Env object at 0x7f695c42aaa0>
2023-12-15 13:47:12,019 - rasterio._base - DEBUG - Sharing flag: 0
2023-12-15 13:47:12,020 - rasterio._base - DEBUG - Nodata success: 0, Nodata value: 0.000000
2023-12-15 13:47:12,021 - rasterio._base - DEBUG - Dataset <open DatasetReader name='/home/metpublic/TASK_RELEASE/EFAN/present_weather/src/H09_B13_Indonesia_20231215.Z1330.cor.tiff' mode='r'> is started.
2023-12-15 13:47:12,021 - rasterio.env - DEBUG - Exiting env context: <rasterio.env.Env object at 0x7f695c42aaa0>
2023-12-15 13:47:12,021 - rasterio.env - DEBUG - Cleared existing <rasterio._env.GDALEnv object at 0x7f695c42b8e0> options
2023-12-15 13:47:12,021 - rasterio._env - DEBUG - Stopped GDALEnv <rasterio._env.GDALEnv object at 0x7f695c42b8e0>.
2023-12-15 13:47:12,021 - rasterio.env - DEBUG - Exiting outermost env
2023-12-15 13:47:12,021 - rasterio.env - DEBUG - Exited env context: <rasterio.env.Env object at 0x7f695c42aaa0>
2023-12-15 13:47:12,022 - rasterio.env - DEBUG - Entering env context: <rasterio.env.Env object at 0x7f695c42a110>
2023-12-15 13:47:12,022 - rasterio.env - DEBUG - Starting outermost env
2023-12-15 13:47:12,022 - rasterio.env - DEBUG - No GDAL environment exists
2023-12-15 13:47:12,022 - rasterio.env - DEBUG - New GDAL environment <rasterio._env.GDALEnv object at 0x7f695c428bb0> created
2023-12-15 13:47:12,022 - rasterio._env - DEBUG - GDAL data found in package: path='/home/metpublic/PYTHON_VENV/present_weather/lib/python3.10/site-packages/rasterio/gdal_data'.
2023-12-15 13:47:12,022 - rasterio._env - DEBUG - PROJ data found in package: path='/home/metpublic/PYTHON_VENV/present_weather/lib/python3.10/site-packages/rasterio/proj_data'.
2023-12-15 13:47:12,023 - rasterio._env - DEBUG - Started GDALEnv: self=<rasterio._env.GDALEnv object at 0x7f695c428bb0>.
2023-12-15 13:47:12,023 - rasterio.env - DEBUG - Entered env context: <rasterio.env.Env object at 0x7f695c42a110>
2023-12-15 13:47:12,023 - rasterio._base - DEBUG - Sharing flag: 0
2023-12-15 13:47:12,024 - rasterio._base - DEBUG - Nodata success: 0, Nodata value: 0.000000
2023-12-15 13:47:12,024 - rasterio._base - DEBUG - Dataset <open DatasetReader name='/home/metpublic/TASK_RELEASE/EFAN/present_weather/src/H09_B13_Indonesia_20231215.Z1330.cor.tiff' mode='r'> is started.
2023-12-15 13:47:12,024 - rasterio.env - DEBUG - Exiting env context: <rasterio.env.Env object at 0x7f695c42a110>
2023-12-15 13:47:12,024 - rasterio.env - DEBUG - Cleared existing <rasterio._env.GDALEnv object at 0x7f695c428bb0> options
2023-12-15 13:47:12,024 - rasterio._env - DEBUG - Stopped GDALEnv <rasterio._env.GDALEnv object at 0x7f695c428bb0>.
2023-12-15 13:47:12,025 - rasterio.env - DEBUG - Exiting outermost env
2023-12-15 13:47:12,025 - rasterio.env - DEBUG - Exited env context: <rasterio.env.Env object at 0x7f695c42a110>
2023-12-15 13:47:12,036 - root - INFO - Generating present weather using SATELITE data
2023-12-15 13:48:43,844 - root - INFO - Total elapsed time: 0:05:40.623048
