2023-12-21 14:53:03,170 - root - INFO - Initiating present weather
2023-12-21 14:53:03,172 - asyncio - DEBUG - Using selector: EpollSelector
2023-12-21 14:53:04,955 - urllib3.connectionpool - DEBUG - Starting new HTTPS connection (1): radar.bmkg.go.id:8060
2023-12-21 14:53:04,968 - urllib3.connectionpool - DEBUG - https://radar.bmkg.go.id:8060 "GET /getLatestLD?typeData=1 HTTP/1.1" 200 62
2023-12-21 14:53:04,970 - urllib3.connectionpool - DEBUG - Starting new HTTPS connection (1): radar.bmkg.go.id:8060
2023-12-21 14:53:04,987 - urllib3.connectionpool - DEBUG - https://radar.bmkg.go.id:8060 "GET /getRadarGeotif?token=19387e71e78522ae4172ec0fda640983b8438c9cfa0ca571623cb69d8327&radar=amandemenForecast&type=latest HTTP/1.1" 200 90
2023-12-21 14:53:04,988 - rasterio.env - DEBUG - Entering env context: <rasterio.env.Env object at 0x7f15cdd094e0>
2023-12-21 14:53:04,988 - rasterio.env - DEBUG - Starting outermost env
2023-12-21 14:53:04,988 - rasterio.env - DEBUG - No GDAL environment exists
2023-12-21 14:53:04,988 - rasterio.env - DEBUG - New GDAL environment <rasterio._env.GDALEnv object at 0x7f15cdd094b0> created
2023-12-21 14:53:04,991 - rasterio._filepath - DEBUG - Installing FilePath filesystem handler plugin...
2023-12-21 14:53:04,991 - rasterio._env - DEBUG - GDAL data found in package: path='/home/metpublic/PYTHON_VENV/present_weather/lib/python3.10/site-packages/rasterio/gdal_data'.
2023-12-21 14:53:04,991 - rasterio._env - DEBUG - PROJ data found in package: path='/home/metpublic/PYTHON_VENV/present_weather/lib/python3.10/site-packages/rasterio/proj_data'.
2023-12-21 14:53:04,991 - rasterio._env - DEBUG - Started GDALEnv: self=<rasterio._env.GDALEnv object at 0x7f15cdd094b0>.
2023-12-21 14:53:04,991 - rasterio.env - DEBUG - Entered env context: <rasterio.env.Env object at 0x7f15cdd094e0>
2023-12-21 14:53:04,991 - rasterio._base - DEBUG - Sharing flag: 0
2023-12-21 14:53:05,319 - rasterio._base - DEBUG - Nodata success: 1, Nodata value: nan
2023-12-21 14:53:05,321 - rasterio._base - DEBUG - Dataset <open DatasetReader name='https://radar.bmkg.go.id/raster/radarsatelit_202312211210.tif' mode='r'> is started.
2023-12-21 14:53:05,321 - rasterio.env - DEBUG - Exiting env context: <rasterio.env.Env object at 0x7f15cdd094e0>
2023-12-21 14:53:05,322 - rasterio.env - DEBUG - Cleared existing <rasterio._env.GDALEnv object at 0x7f15cdd094b0> options
2023-12-21 14:53:05,322 - rasterio._env - DEBUG - Stopped GDALEnv <rasterio._env.GDALEnv object at 0x7f15cdd094b0>.
2023-12-21 14:53:05,322 - rasterio.env - DEBUG - Exiting outermost env
2023-12-21 14:53:05,322 - rasterio.env - DEBUG - Exited env context: <rasterio.env.Env object at 0x7f15cdd094e0>
2023-12-21 14:53:05,322 - rasterio.env - DEBUG - Entering env context: <rasterio.env.Env object at 0x7f15cdcc4c10>
2023-12-21 14:53:05,322 - rasterio.env - DEBUG - Starting outermost env
2023-12-21 14:53:05,322 - rasterio.env - DEBUG - No GDAL environment exists
2023-12-21 14:53:05,322 - rasterio.env - DEBUG - New GDAL environment <rasterio._env.GDALEnv object at 0x7f15cdd09360> created
2023-12-21 14:53:05,322 - rasterio._env - DEBUG - GDAL data found in package: path='/home/metpublic/PYTHON_VENV/present_weather/lib/python3.10/site-packages/rasterio/gdal_data'.
2023-12-21 14:53:05,322 - rasterio._env - DEBUG - PROJ data found in package: path='/home/metpublic/PYTHON_VENV/present_weather/lib/python3.10/site-packages/rasterio/proj_data'.
2023-12-21 14:53:05,323 - rasterio._env - DEBUG - Started GDALEnv: self=<rasterio._env.GDALEnv object at 0x7f15cdd09360>.
2023-12-21 14:53:05,323 - rasterio.env - DEBUG - Entered env context: <rasterio.env.Env object at 0x7f15cdcc4c10>
2023-12-21 14:53:05,323 - rasterio.env - DEBUG - Got a copy of environment <rasterio._env.GDALEnv object at 0x7f15cdd09360> options
2023-12-21 14:53:05,323 - rasterio.env - DEBUG - Entering env context: <rasterio.env.Env object at 0x7f15cc3c7df0>
2023-12-21 14:53:05,323 - rasterio.env - DEBUG - Got a copy of environment <rasterio._env.GDALEnv object at 0x7f15cdd09360> options
2023-12-21 14:53:05,323 - rasterio.env - DEBUG - Entered env context: <rasterio.env.Env object at 0x7f15cc3c7df0>
2023-12-21 14:53:05,325 - rasterio._base - DEBUG - Sharing flag: 0
2023-12-21 14:53:05,326 - rasterio._base - DEBUG - Nodata success: 1, Nodata value: nan
2023-12-21 14:53:05,327 - rasterio._base - DEBUG - Dataset <open DatasetReader name='https://radar.bmkg.go.id/raster/radarsatelit_202312211210.tif' mode='r'> is started.
2023-12-21 14:53:05,327 - rasterio.env - DEBUG - Exiting env context: <rasterio.env.Env object at 0x7f15cc3c7df0>
2023-12-21 14:53:05,327 - rasterio.env - DEBUG - Cleared existing <rasterio._env.GDALEnv object at 0x7f15cdd09360> options
2023-12-21 14:53:05,327 - rasterio._env - DEBUG - Stopped GDALEnv <rasterio._env.GDALEnv object at 0x7f15cdd09360>.
2023-12-21 14:53:05,327 - rasterio.env - DEBUG - No GDAL environment exists
2023-12-21 14:53:05,327 - rasterio.env - DEBUG - New GDAL environment <rasterio._env.GDALEnv object at 0x7f15cdd09360> created
2023-12-21 14:53:05,327 - rasterio._env - DEBUG - GDAL data found in package: path='/home/metpublic/PYTHON_VENV/present_weather/lib/python3.10/site-packages/rasterio/gdal_data'.
2023-12-21 14:53:05,327 - rasterio._env - DEBUG - PROJ data found in package: path='/home/metpublic/PYTHON_VENV/present_weather/lib/python3.10/site-packages/rasterio/proj_data'.
2023-12-21 14:53:05,327 - rasterio._env - DEBUG - Started GDALEnv: self=<rasterio._env.GDALEnv object at 0x7f15cdd09360>.
2023-12-21 14:53:05,327 - rasterio.env - DEBUG - Exited env context: <rasterio.env.Env object at 0x7f15cc3c7df0>
2023-12-21 14:53:05,347 - rasterio._io - DEBUG - Output nodata value read from file: nan
2023-12-21 14:53:05,347 - rasterio._io - DEBUG - Output nodata values: [nan]
2023-12-21 14:53:05,347 - rasterio._io - DEBUG - all_valid: False
2023-12-21 14:53:05,347 - rasterio._io - DEBUG - mask_flags: ([<MaskFlags.nodata: 8>],)
2023-12-21 14:53:05,347 - rasterio._io - DEBUG - Jump straight to _read()
2023-12-21 14:53:05,347 - rasterio._io - DEBUG - Window: Window(col_off=0, row_off=0, width=10215, height=3792)
2023-12-21 14:53:05,348 - rasterio._io - DEBUG - IO window xoff=0.0 yoff=0.0 width=10215.0 height=3792.0
2023-12-21 14:53:05,922 - rasterio.env - DEBUG - Exiting env context: <rasterio.env.Env object at 0x7f15cdcc4c10>
2023-12-21 14:53:05,922 - rasterio.env - DEBUG - Cleared existing <rasterio._env.GDALEnv object at 0x7f15cdd09360> options
2023-12-21 14:53:05,922 - rasterio._env - DEBUG - Stopped GDALEnv <rasterio._env.GDALEnv object at 0x7f15cdd09360>.
2023-12-21 14:53:05,923 - rasterio.env - DEBUG - Exiting outermost env
2023-12-21 14:53:05,923 - rasterio.env - DEBUG - Exited env context: <rasterio.env.Env object at 0x7f15cdcc4c10>
2023-12-21 14:53:16,012 - root - INFO - Initiating present weather
2023-12-21 14:53:16,015 - asyncio - DEBUG - Using selector: EpollSelector
2023-12-21 14:53:18,170 - urllib3.connectionpool - DEBUG - Starting new HTTPS connection (1): radar.bmkg.go.id:8060
2023-12-21 14:53:18,183 - urllib3.connectionpool - DEBUG - https://radar.bmkg.go.id:8060 "GET /getLatestLD?typeData=1 HTTP/1.1" 200 62
2023-12-21 14:53:18,185 - urllib3.connectionpool - DEBUG - Starting new HTTPS connection (1): radar.bmkg.go.id:8060
2023-12-21 14:53:18,205 - urllib3.connectionpool - DEBUG - https://radar.bmkg.go.id:8060 "GET /getRadarGeotif?token=19387e71e78522ae4172ec0fda640983b8438c9cfa0ca571623cb69d8327&radar=amandemenForecast&type=latest HTTP/1.1" 200 90
2023-12-21 14:53:18,206 - rasterio.env - DEBUG - Entering env context: <rasterio.env.Env object at 0x7f936cbe3ee0>
2023-12-21 14:53:18,207 - rasterio.env - DEBUG - Starting outermost env
2023-12-21 14:53:18,207 - rasterio.env - DEBUG - No GDAL environment exists
2023-12-21 14:53:18,207 - rasterio.env - DEBUG - New GDAL environment <rasterio._env.GDALEnv object at 0x7f936c2ad750> created
2023-12-21 14:53:18,210 - rasterio._filepath - DEBUG - Installing FilePath filesystem handler plugin...
2023-12-21 14:53:18,210 - rasterio._env - DEBUG - GDAL data found in package: path='/home/metpublic/PYTHON_VENV/present_weather/lib/python3.10/site-packages/rasterio/gdal_data'.
2023-12-21 14:53:18,211 - rasterio._env - DEBUG - PROJ data found in package: path='/home/metpublic/PYTHON_VENV/present_weather/lib/python3.10/site-packages/rasterio/proj_data'.
2023-12-21 14:53:18,211 - rasterio._env - DEBUG - Started GDALEnv: self=<rasterio._env.GDALEnv object at 0x7f936c2ad750>.
2023-12-21 14:53:18,211 - rasterio.env - DEBUG - Entered env context: <rasterio.env.Env object at 0x7f936cbe3ee0>
2023-12-21 14:53:18,211 - rasterio._base - DEBUG - Sharing flag: 0
2023-12-21 14:53:18,537 - rasterio._base - DEBUG - Nodata success: 1, Nodata value: nan
2023-12-21 14:53:18,538 - rasterio._base - DEBUG - Dataset <open DatasetReader name='https://radar.bmkg.go.id/raster/radarsatelit_202312211210.tif' mode='r'> is started.
2023-12-21 14:53:18,539 - rasterio.env - DEBUG - Exiting env context: <rasterio.env.Env object at 0x7f936cbe3ee0>
2023-12-21 14:53:18,539 - rasterio.env - DEBUG - Cleared existing <rasterio._env.GDALEnv object at 0x7f936c2ad750> options
2023-12-21 14:53:18,539 - rasterio._env - DEBUG - Stopped GDALEnv <rasterio._env.GDALEnv object at 0x7f936c2ad750>.
2023-12-21 14:53:18,539 - rasterio.env - DEBUG - Exiting outermost env
2023-12-21 14:53:18,539 - rasterio.env - DEBUG - Exited env context: <rasterio.env.Env object at 0x7f936cbe3ee0>
2023-12-21 14:53:18,539 - rasterio.env - DEBUG - Entering env context: <rasterio.env.Env object at 0x7f936c2658a0>
2023-12-21 14:53:18,539 - rasterio.env - DEBUG - Starting outermost env
2023-12-21 14:53:18,540 - rasterio.env - DEBUG - No GDAL environment exists
2023-12-21 14:53:18,540 - rasterio.env - DEBUG - New GDAL environment <rasterio._env.GDALEnv object at 0x7f936c2d8d00> created
2023-12-21 14:53:18,540 - rasterio._env - DEBUG - GDAL data found in package: path='/home/metpublic/PYTHON_VENV/present_weather/lib/python3.10/site-packages/rasterio/gdal_data'.
2023-12-21 14:53:18,540 - rasterio._env - DEBUG - PROJ data found in package: path='/home/metpublic/PYTHON_VENV/present_weather/lib/python3.10/site-packages/rasterio/proj_data'.
2023-12-21 14:53:18,540 - rasterio._env - DEBUG - Started GDALEnv: self=<rasterio._env.GDALEnv object at 0x7f936c2d8d00>.
2023-12-21 14:53:18,541 - rasterio.env - DEBUG - Entered env context: <rasterio.env.Env object at 0x7f936c2658a0>
2023-12-21 14:53:18,541 - rasterio.env - DEBUG - Got a copy of environment <rasterio._env.GDALEnv object at 0x7f936c2d8d00> options
2023-12-21 14:53:18,541 - rasterio.env - DEBUG - Entering env context: <rasterio.env.Env object at 0x7f936c067460>
2023-12-21 14:53:18,541 - rasterio.env - DEBUG - Got a copy of environment <rasterio._env.GDALEnv object at 0x7f936c2d8d00> options
2023-12-21 14:53:18,541 - rasterio.env - DEBUG - Entered env context: <rasterio.env.Env object at 0x7f936c067460>
2023-12-21 14:53:18,541 - rasterio._base - DEBUG - Sharing flag: 0
2023-12-21 14:53:18,542 - rasterio._base - DEBUG - Nodata success: 1, Nodata value: nan
2023-12-21 14:53:18,543 - rasterio._base - DEBUG - Dataset <open DatasetReader name='https://radar.bmkg.go.id/raster/radarsatelit_202312211210.tif' mode='r'> is started.
2023-12-21 14:53:18,543 - rasterio.env - DEBUG - Exiting env context: <rasterio.env.Env object at 0x7f936c067460>
2023-12-21 14:53:18,543 - rasterio.env - DEBUG - Cleared existing <rasterio._env.GDALEnv object at 0x7f936c2d8d00> options
2023-12-21 14:53:18,543 - rasterio._env - DEBUG - Stopped GDALEnv <rasterio._env.GDALEnv object at 0x7f936c2d8d00>.
2023-12-21 14:53:18,543 - rasterio.env - DEBUG - No GDAL environment exists
2023-12-21 14:53:18,543 - rasterio.env - DEBUG - New GDAL environment <rasterio._env.GDALEnv object at 0x7f936c2d8d00> created
2023-12-21 14:53:18,543 - rasterio._env - DEBUG - GDAL data found in package: path='/home/metpublic/PYTHON_VENV/present_weather/lib/python3.10/site-packages/rasterio/gdal_data'.
2023-12-21 14:53:18,544 - rasterio._env - DEBUG - PROJ data found in package: path='/home/metpublic/PYTHON_VENV/present_weather/lib/python3.10/site-packages/rasterio/proj_data'.
2023-12-21 14:53:18,544 - rasterio._env - DEBUG - Started GDALEnv: self=<rasterio._env.GDALEnv object at 0x7f936c2d8d00>.
2023-12-21 14:53:18,544 - rasterio.env - DEBUG - Exited env context: <rasterio.env.Env object at 0x7f936c067460>
2023-12-21 14:53:18,564 - rasterio._io - DEBUG - Output nodata value read from file: nan
2023-12-21 14:53:18,565 - rasterio._io - DEBUG - Output nodata values: [nan]
2023-12-21 14:53:18,565 - rasterio._io - DEBUG - all_valid: False
2023-12-21 14:53:18,565 - rasterio._io - DEBUG - mask_flags: ([<MaskFlags.nodata: 8>],)
2023-12-21 14:53:18,566 - rasterio._io - DEBUG - Jump straight to _read()
2023-12-21 14:53:18,566 - rasterio._io - DEBUG - Window: Window(col_off=0, row_off=0, width=10215, height=3792)
2023-12-21 14:53:18,566 - rasterio._io - DEBUG - IO window xoff=0.0 yoff=0.0 width=10215.0 height=3792.0
2023-12-21 14:53:19,188 - rasterio.env - DEBUG - Exiting env context: <rasterio.env.Env object at 0x7f936c2658a0>
2023-12-21 14:53:19,188 - rasterio.env - DEBUG - Cleared existing <rasterio._env.GDALEnv object at 0x7f936c2d8d00> options
2023-12-21 14:53:19,188 - rasterio._env - DEBUG - Stopped GDALEnv <rasterio._env.GDALEnv object at 0x7f936c2d8d00>.
2023-12-21 14:53:19,188 - rasterio.env - DEBUG - Exiting outermost env
2023-12-21 14:53:19,188 - rasterio.env - DEBUG - Exited env context: <rasterio.env.Env object at 0x7f936c2658a0>
2023-12-21 14:59:46,071 - root - INFO - Total elapsed time: 0:06:42.900755
