2023-11-25 01:43:03,339 - root - INFO - Initiating present weather
2023-11-25 01:43:03,342 - asyncio - DEBUG - Using selector: EpollSelector
2023-11-25 01:43:06,597 - urllib3.connectionpool - DEBUG - Starting new HTTPS connection (1): radar.bmkg.go.id:8060
2023-11-25 01:43:06,665 - urllib3.connectionpool - DEBUG - https://radar.bmkg.go.id:8060 "GET /getRadarGeotif?token=19387e71e78522ae4172ec0fda640983b8438c9cfa0ca571623cb69d8327&radar=amandemenForecast&type=latest HTTP/1.1" 200 90
2023-11-25 01:43:06,668 - rasterio.env - DEBUG - Entering env context: <rasterio.env.Env object at 0x7f5438698c80>
2023-11-25 01:43:06,668 - rasterio.env - DEBUG - Starting outermost env
2023-11-25 01:43:06,669 - rasterio.env - DEBUG - No GDAL environment exists
2023-11-25 01:43:06,669 - rasterio.env - DEBUG - New GDAL environment <rasterio._env.GDALEnv object at 0x7f54339f5360> created
2023-11-25 01:43:06,673 - rasterio._filepath - DEBUG - Installing FilePath filesystem handler plugin...
2023-11-25 01:43:06,673 - rasterio._env - DEBUG - GDAL data found in package: path='/home/swx/miniconda3/envs/present_weather/lib/python3.12/site-packages/rasterio/gdal_data'.
2023-11-25 01:43:06,673 - rasterio._env - DEBUG - PROJ_LIB found in environment.
2023-11-25 01:43:06,674 - rasterio._env - DEBUG - Started GDALEnv: self=<rasterio._env.GDALEnv object at 0x7f54339f5360>.
2023-11-25 01:43:06,674 - rasterio.env - DEBUG - Entered env context: <rasterio.env.Env object at 0x7f5438698c80>
2023-11-25 01:43:06,674 - rasterio._base - DEBUG - Sharing flag: 0
2023-11-25 01:43:06,874 - rasterio._base - DEBUG - Nodata success: 1, Nodata value: nan
2023-11-25 01:43:06,875 - rasterio._base - DEBUG - Dataset <open DatasetReader name='https://radar.bmkg.go.id/raster/radarsatelit_202311250140.tif' mode='r'> is started.
2023-11-25 01:43:06,875 - rasterio.env - DEBUG - Exiting env context: <rasterio.env.Env object at 0x7f5438698c80>
2023-11-25 01:43:06,875 - rasterio.env - DEBUG - Cleared existing <rasterio._env.GDALEnv object at 0x7f54339f5360> options
2023-11-25 01:43:06,875 - rasterio._env - DEBUG - Stopped GDALEnv <rasterio._env.GDALEnv object at 0x7f54339f5360>.
2023-11-25 01:43:06,876 - rasterio.env - DEBUG - Exiting outermost env
2023-11-25 01:43:06,876 - rasterio.env - DEBUG - Exited env context: <rasterio.env.Env object at 0x7f5438698c80>
2023-11-25 01:43:06,877 - rasterio.env - DEBUG - Entering env context: <rasterio.env.Env object at 0x7f5438698e30>
2023-11-25 01:43:06,877 - rasterio.env - DEBUG - Starting outermost env
2023-11-25 01:43:06,877 - rasterio.env - DEBUG - No GDAL environment exists
2023-11-25 01:43:06,877 - rasterio.env - DEBUG - New GDAL environment <rasterio._env.GDALEnv object at 0x7f54339f5360> created
2023-11-25 01:43:06,878 - rasterio._env - DEBUG - GDAL data found in package: path='/home/swx/miniconda3/envs/present_weather/lib/python3.12/site-packages/rasterio/gdal_data'.
2023-11-25 01:43:06,878 - rasterio._env - DEBUG - PROJ_LIB found in environment.
2023-11-25 01:43:06,878 - rasterio._env - DEBUG - Started GDALEnv: self=<rasterio._env.GDALEnv object at 0x7f54339f5360>.
2023-11-25 01:43:06,878 - rasterio.env - DEBUG - Entered env context: <rasterio.env.Env object at 0x7f5438698e30>
2023-11-25 01:43:06,879 - rasterio.env - DEBUG - Got a copy of environment <rasterio._env.GDALEnv object at 0x7f54339f5360> options
2023-11-25 01:43:06,879 - rasterio.env - DEBUG - Entering env context: <rasterio.env.Env object at 0x7f540875d940>
2023-11-25 01:43:06,879 - rasterio.env - DEBUG - Got a copy of environment <rasterio._env.GDALEnv object at 0x7f54339f5360> options
2023-11-25 01:43:06,879 - rasterio.env - DEBUG - Entered env context: <rasterio.env.Env object at 0x7f540875d940>
2023-11-25 01:43:06,879 - rasterio._base - DEBUG - Sharing flag: 0
2023-11-25 01:43:06,880 - rasterio._base - DEBUG - Nodata success: 1, Nodata value: nan
2023-11-25 01:43:06,880 - rasterio._base - DEBUG - Dataset <open DatasetReader name='https://radar.bmkg.go.id/raster/radarsatelit_202311250140.tif' mode='r'> is started.
2023-11-25 01:43:06,881 - rasterio.env - DEBUG - Exiting env context: <rasterio.env.Env object at 0x7f540875d940>
2023-11-25 01:43:06,881 - rasterio.env - DEBUG - Cleared existing <rasterio._env.GDALEnv object at 0x7f54339f5360> options
2023-11-25 01:43:06,881 - rasterio._env - DEBUG - Stopped GDALEnv <rasterio._env.GDALEnv object at 0x7f54339f5360>.
2023-11-25 01:43:06,881 - rasterio.env - DEBUG - No GDAL environment exists
2023-11-25 01:43:06,881 - rasterio.env - DEBUG - New GDAL environment <rasterio._env.GDALEnv object at 0x7f54339f5360> created
2023-11-25 01:43:06,882 - rasterio._env - DEBUG - GDAL data found in package: path='/home/swx/miniconda3/envs/present_weather/lib/python3.12/site-packages/rasterio/gdal_data'.
2023-11-25 01:43:06,882 - rasterio._env - DEBUG - PROJ_LIB found in environment.
2023-11-25 01:43:06,882 - rasterio._env - DEBUG - Started GDALEnv: self=<rasterio._env.GDALEnv object at 0x7f54339f5360>.
2023-11-25 01:43:06,882 - rasterio.env - DEBUG - Exited env context: <rasterio.env.Env object at 0x7f540875d940>
2023-11-25 01:43:06,910 - rasterio._io - DEBUG - Output nodata value read from file: nan
2023-11-25 01:43:06,910 - rasterio._io - DEBUG - Output nodata values: [nan]
2023-11-25 01:43:06,910 - rasterio._io - DEBUG - all_valid: False
2023-11-25 01:43:06,910 - rasterio._io - DEBUG - mask_flags: ([<MaskFlags.nodata: 8>],)
2023-11-25 01:43:06,911 - rasterio._io - DEBUG - Jump straight to _read()
2023-11-25 01:43:06,911 - rasterio._io - DEBUG - Window: Window(col_off=0, row_off=0, width=10215, height=3792)
2023-11-25 01:43:06,911 - rasterio._io - DEBUG - IO window xoff=0.0 yoff=0.0 width=10215.0 height=3792.0
2023-11-25 01:43:07,652 - rasterio.env - DEBUG - Exiting env context: <rasterio.env.Env object at 0x7f5438698e30>
2023-11-25 01:43:07,652 - rasterio.env - DEBUG - Cleared existing <rasterio._env.GDALEnv object at 0x7f54339f5360> options
2023-11-25 01:43:07,652 - rasterio._env - DEBUG - Stopped GDALEnv <rasterio._env.GDALEnv object at 0x7f54339f5360>.
2023-11-25 01:43:07,652 - rasterio.env - DEBUG - Exiting outermost env
2023-11-25 01:43:07,652 - rasterio.env - DEBUG - Exited env context: <rasterio.env.Env object at 0x7f5438698e30>
2023-11-25 01:43:07,655 - urllib3.connectionpool - DEBUG - Starting new HTTPS connection (1): radar.bmkg.go.id:8060
2023-11-25 01:43:07,728 - urllib3.connectionpool - DEBUG - https://radar.bmkg.go.id:8060 "GET /getLatestLD?typeData=1 HTTP/1.1" 200 46903
2023-11-25 01:43:07,751 - root - INFO - Generating present weather using RADAR data
2023-11-25 01:43:11,149 - root - INFO - dask.bag<lambda, npartitions=20>
2023-11-25 01:55:42,251 - root - INFO - Total elapsed time: 0:12:38.913430
