2023-12-22 16:43:02,726 - root - INFO - Initiating present weather
2023-12-22 16:43:02,728 - asyncio - DEBUG - Using selector: EpollSelector
2023-12-22 16:43:04,398 - urllib3.connectionpool - DEBUG - Starting new HTTPS connection (1): radar.bmkg.go.id:8060
2023-12-22 16:43:04,460 - urllib3.connectionpool - DEBUG - https://radar.bmkg.go.id:8060 "GET /getLatestLD?typeData=1 HTTP/1.1" 200 62
2023-12-22 16:43:04,462 - urllib3.connectionpool - DEBUG - Starting new HTTPS connection (1): radar.bmkg.go.id:8060
2023-12-22 16:43:04,484 - urllib3.connectionpool - DEBUG - https://radar.bmkg.go.id:8060 "GET /getRadarGeotif?token=19387e71e78522ae4172ec0fda640983b8438c9cfa0ca571623cb69d8327&radar=amandemenForecast&type=latest HTTP/1.1" 200 90
2023-12-22 16:43:04,485 - rasterio.env - DEBUG - Entering env context: <rasterio.env.Env object at 0x7f48559447f0>
2023-12-22 16:43:04,485 - rasterio.env - DEBUG - Starting outermost env
2023-12-22 16:43:04,485 - rasterio.env - DEBUG - No GDAL environment exists
2023-12-22 16:43:04,485 - rasterio.env - DEBUG - New GDAL environment <rasterio._env.GDALEnv object at 0x7f4855944790> created
2023-12-22 16:43:04,488 - rasterio._filepath - DEBUG - Installing FilePath filesystem handler plugin...
2023-12-22 16:43:04,488 - rasterio._env - DEBUG - GDAL data found in package: path='/home/metpublic/PYTHON_VENV/present_weather/lib/python3.10/site-packages/rasterio/gdal_data'.
2023-12-22 16:43:04,489 - rasterio._env - DEBUG - PROJ data found in package: path='/home/metpublic/PYTHON_VENV/present_weather/lib/python3.10/site-packages/rasterio/proj_data'.
2023-12-22 16:43:04,489 - rasterio._env - DEBUG - Started GDALEnv: self=<rasterio._env.GDALEnv object at 0x7f4855944790>.
2023-12-22 16:43:04,489 - rasterio.env - DEBUG - Entered env context: <rasterio.env.Env object at 0x7f48559447f0>
2023-12-22 16:43:04,489 - rasterio._base - DEBUG - Sharing flag: 0
2023-12-22 16:43:04,819 - rasterio._base - DEBUG - Nodata success: 1, Nodata value: nan
2023-12-22 16:43:04,820 - rasterio._base - DEBUG - Dataset <open DatasetReader name='https://radar.bmkg.go.id/raster/radarsatelit_202312221640.tif' mode='r'> is started.
2023-12-22 16:43:04,821 - rasterio.env - DEBUG - Exiting env context: <rasterio.env.Env object at 0x7f48559447f0>
2023-12-22 16:43:04,821 - rasterio.env - DEBUG - Cleared existing <rasterio._env.GDALEnv object at 0x7f4855944790> options
2023-12-22 16:43:04,821 - rasterio._env - DEBUG - Stopped GDALEnv <rasterio._env.GDALEnv object at 0x7f4855944790>.
2023-12-22 16:43:04,821 - rasterio.env - DEBUG - Exiting outermost env
2023-12-22 16:43:04,821 - rasterio.env - DEBUG - Exited env context: <rasterio.env.Env object at 0x7f48559447f0>
2023-12-22 16:43:04,821 - rasterio.env - DEBUG - Entering env context: <rasterio.env.Env object at 0x7f485591eef0>
2023-12-22 16:43:04,821 - rasterio.env - DEBUG - Starting outermost env
2023-12-22 16:43:04,822 - rasterio.env - DEBUG - No GDAL environment exists
2023-12-22 16:43:04,822 - rasterio.env - DEBUG - New GDAL environment <rasterio._env.GDALEnv object at 0x7f4855944820> created
2023-12-22 16:43:04,822 - rasterio._env - DEBUG - GDAL data found in package: path='/home/metpublic/PYTHON_VENV/present_weather/lib/python3.10/site-packages/rasterio/gdal_data'.
2023-12-22 16:43:04,822 - rasterio._env - DEBUG - PROJ data found in package: path='/home/metpublic/PYTHON_VENV/present_weather/lib/python3.10/site-packages/rasterio/proj_data'.
2023-12-22 16:43:04,822 - rasterio._env - DEBUG - Started GDALEnv: self=<rasterio._env.GDALEnv object at 0x7f4855944820>.
2023-12-22 16:43:04,822 - rasterio.env - DEBUG - Entered env context: <rasterio.env.Env object at 0x7f485591eef0>
2023-12-22 16:43:04,823 - rasterio.env - DEBUG - Got a copy of environment <rasterio._env.GDALEnv object at 0x7f4855944820> options
2023-12-22 16:43:04,823 - rasterio.env - DEBUG - Entering env context: <rasterio.env.Env object at 0x7f4844733a00>
2023-12-22 16:43:04,823 - rasterio.env - DEBUG - Got a copy of environment <rasterio._env.GDALEnv object at 0x7f4855944820> options
2023-12-22 16:43:04,823 - rasterio.env - DEBUG - Entered env context: <rasterio.env.Env object at 0x7f4844733a00>
2023-12-22 16:43:04,823 - rasterio._base - DEBUG - Sharing flag: 0
2023-12-22 16:43:04,824 - rasterio._base - DEBUG - Nodata success: 1, Nodata value: nan
2023-12-22 16:43:04,824 - rasterio._base - DEBUG - Dataset <open DatasetReader name='https://radar.bmkg.go.id/raster/radarsatelit_202312221640.tif' mode='r'> is started.
2023-12-22 16:43:04,824 - rasterio.env - DEBUG - Exiting env context: <rasterio.env.Env object at 0x7f4844733a00>
2023-12-22 16:43:04,824 - rasterio.env - DEBUG - Cleared existing <rasterio._env.GDALEnv object at 0x7f4855944820> options
2023-12-22 16:43:04,825 - rasterio._env - DEBUG - Stopped GDALEnv <rasterio._env.GDALEnv object at 0x7f4855944820>.
2023-12-22 16:43:04,825 - rasterio.env - DEBUG - No GDAL environment exists
2023-12-22 16:43:04,825 - rasterio.env - DEBUG - New GDAL environment <rasterio._env.GDALEnv object at 0x7f4855944820> created
2023-12-22 16:43:04,825 - rasterio._env - DEBUG - GDAL data found in package: path='/home/metpublic/PYTHON_VENV/present_weather/lib/python3.10/site-packages/rasterio/gdal_data'.
2023-12-22 16:43:04,826 - rasterio._env - DEBUG - PROJ data found in package: path='/home/metpublic/PYTHON_VENV/present_weather/lib/python3.10/site-packages/rasterio/proj_data'.
2023-12-22 16:43:04,826 - rasterio._env - DEBUG - Started GDALEnv: self=<rasterio._env.GDALEnv object at 0x7f4855944820>.
2023-12-22 16:43:04,826 - rasterio.env - DEBUG - Exited env context: <rasterio.env.Env object at 0x7f4844733a00>
2023-12-22 16:43:04,843 - rasterio._io - DEBUG - Output nodata value read from file: nan
2023-12-22 16:43:04,843 - rasterio._io - DEBUG - Output nodata values: [nan]
2023-12-22 16:43:04,843 - rasterio._io - DEBUG - all_valid: False
2023-12-22 16:43:04,843 - rasterio._io - DEBUG - mask_flags: ([<MaskFlags.nodata: 8>],)
2023-12-22 16:43:04,844 - rasterio._io - DEBUG - Jump straight to _read()
2023-12-22 16:43:04,844 - rasterio._io - DEBUG - Window: Window(col_off=0, row_off=0, width=10176, height=3732)
2023-12-22 16:43:04,844 - rasterio._io - DEBUG - IO window xoff=0.0 yoff=0.0 width=10176.0 height=3732.0
2023-12-22 16:43:05,425 - rasterio.env - DEBUG - Exiting env context: <rasterio.env.Env object at 0x7f485591eef0>
2023-12-22 16:43:05,426 - rasterio.env - DEBUG - Cleared existing <rasterio._env.GDALEnv object at 0x7f4855944820> options
2023-12-22 16:43:05,426 - rasterio._env - DEBUG - Stopped GDALEnv <rasterio._env.GDALEnv object at 0x7f4855944820>.
2023-12-22 16:43:05,426 - rasterio.env - DEBUG - Exiting outermost env
2023-12-22 16:43:05,426 - rasterio.env - DEBUG - Exited env context: <rasterio.env.Env object at 0x7f485591eef0>
2023-12-22 16:47:53,600 - rasterio.env - DEBUG - Entering env context: <rasterio.env.Env object at 0x7f4844732a40>
2023-12-22 16:47:53,600 - rasterio.env - DEBUG - Starting outermost env
2023-12-22 16:47:53,600 - rasterio.env - DEBUG - No GDAL environment exists
2023-12-22 16:47:53,600 - rasterio.env - DEBUG - New GDAL environment <rasterio._env.GDALEnv object at 0x7f4844733ca0> created
2023-12-22 16:47:53,602 - rasterio._env - DEBUG - GDAL data found in package: path='/home/metpublic/PYTHON_VENV/present_weather/lib/python3.10/site-packages/rasterio/gdal_data'.
2023-12-22 16:47:53,602 - rasterio._env - DEBUG - PROJ data found in package: path='/home/metpublic/PYTHON_VENV/present_weather/lib/python3.10/site-packages/rasterio/proj_data'.
2023-12-22 16:47:53,602 - rasterio._env - DEBUG - Started GDALEnv: self=<rasterio._env.GDALEnv object at 0x7f4844733ca0>.
2023-12-22 16:47:53,602 - rasterio.env - DEBUG - Entered env context: <rasterio.env.Env object at 0x7f4844732a40>
2023-12-22 16:47:53,602 - rasterio._base - DEBUG - Sharing flag: 0
2023-12-22 16:47:53,603 - rasterio._base - DEBUG - Nodata success: 0, Nodata value: 0.000000
2023-12-22 16:47:53,603 - rasterio._base - DEBUG - Dataset <open DatasetReader name='/home/metpublic/TASK_RELEASE/EFAN/present_weather/src/H09_B13_Indonesia_20231222.Z1620.cor.tiff' mode='r'> is started.
2023-12-22 16:47:53,603 - rasterio.env - DEBUG - Exiting env context: <rasterio.env.Env object at 0x7f4844732a40>
2023-12-22 16:47:53,604 - rasterio.env - DEBUG - Cleared existing <rasterio._env.GDALEnv object at 0x7f4844733ca0> options
2023-12-22 16:47:53,604 - rasterio._env - DEBUG - Stopped GDALEnv <rasterio._env.GDALEnv object at 0x7f4844733ca0>.
2023-12-22 16:47:53,604 - rasterio.env - DEBUG - Exiting outermost env
2023-12-22 16:47:53,604 - rasterio.env - DEBUG - Exited env context: <rasterio.env.Env object at 0x7f4844732a40>
2023-12-22 16:47:53,604 - rasterio.env - DEBUG - Entering env context: <rasterio.env.Env object at 0x7f48447310c0>
2023-12-22 16:47:53,604 - rasterio.env - DEBUG - Starting outermost env
2023-12-22 16:47:53,605 - rasterio.env - DEBUG - No GDAL environment exists
2023-12-22 16:47:53,605 - rasterio.env - DEBUG - New GDAL environment <rasterio._env.GDALEnv object at 0x7f4844733c40> created
2023-12-22 16:47:53,605 - rasterio._env - DEBUG - GDAL data found in package: path='/home/metpublic/PYTHON_VENV/present_weather/lib/python3.10/site-packages/rasterio/gdal_data'.
2023-12-22 16:47:53,605 - rasterio._env - DEBUG - PROJ data found in package: path='/home/metpublic/PYTHON_VENV/present_weather/lib/python3.10/site-packages/rasterio/proj_data'.
2023-12-22 16:47:53,606 - rasterio._env - DEBUG - Started GDALEnv: self=<rasterio._env.GDALEnv object at 0x7f4844733c40>.
2023-12-22 16:47:53,606 - rasterio.env - DEBUG - Entered env context: <rasterio.env.Env object at 0x7f48447310c0>
2023-12-22 16:47:53,606 - rasterio._base - DEBUG - Sharing flag: 0
2023-12-22 16:47:53,607 - rasterio._base - DEBUG - Nodata success: 0, Nodata value: 0.000000
2023-12-22 16:47:53,607 - rasterio._base - DEBUG - Dataset <open DatasetReader name='/home/metpublic/TASK_RELEASE/EFAN/present_weather/src/H09_B13_Indonesia_20231222.Z1620.cor.tiff' mode='r'> is started.
2023-12-22 16:47:53,607 - rasterio.env - DEBUG - Exiting env context: <rasterio.env.Env object at 0x7f48447310c0>
2023-12-22 16:47:53,607 - rasterio.env - DEBUG - Cleared existing <rasterio._env.GDALEnv object at 0x7f4844733c40> options
2023-12-22 16:47:53,607 - rasterio._env - DEBUG - Stopped GDALEnv <rasterio._env.GDALEnv object at 0x7f4844733c40>.
2023-12-22 16:47:53,608 - rasterio.env - DEBUG - Exiting outermost env
2023-12-22 16:47:53,608 - rasterio.env - DEBUG - Exited env context: <rasterio.env.Env object at 0x7f48447310c0>
2023-12-22 16:47:53,618 - root - INFO - Generating present weather using SATELITE data
2023-12-22 16:49:07,562 - root - INFO - Total elapsed time: 0:06:04.836416
