2023-11-28 14:23:02,990 - root - INFO - Initiating present weather
2023-11-28 14:23:02,992 - asyncio - DEBUG - Using selector: EpollSelector
2023-11-28 14:23:04,484 - urllib3.connectionpool - DEBUG - Starting new HTTPS connection (1): radar.bmkg.go.id:8060
2023-11-28 14:23:04,498 - urllib3.connectionpool - DEBUG - https://radar.bmkg.go.id:8060 "GET /getLatestLD?typeData=1 HTTP/1.1" 200 62
2023-11-28 14:23:04,500 - urllib3.connectionpool - DEBUG - Starting new HTTPS connection (1): radar.bmkg.go.id:8060
2023-11-28 14:23:04,523 - urllib3.connectionpool - DEBUG - https://radar.bmkg.go.id:8060 "GET /getRadarGeotif?token=19387e71e78522ae4172ec0fda640983b8438c9cfa0ca571623cb69d8327&radar=amandemenForecast&type=latest HTTP/1.1" 200 90
2023-11-28 14:23:04,523 - rasterio.env - DEBUG - Entering env context: <rasterio.env.Env object at 0x7f06f5ad3f40>
2023-11-28 14:23:04,524 - rasterio.env - DEBUG - Starting outermost env
2023-11-28 14:23:04,524 - rasterio.env - DEBUG - No GDAL environment exists
2023-11-28 14:23:04,524 - rasterio.env - DEBUG - New GDAL environment <rasterio._env.GDALEnv object at 0x7f06f5ad3f10> created
2023-11-28 14:23:04,527 - rasterio._filepath - DEBUG - Installing FilePath filesystem handler plugin...
2023-11-28 14:23:04,527 - rasterio._env - DEBUG - GDAL data found in package: path='/home/metpublic/PYTHON_VENV/present_weather/lib/python3.10/site-packages/rasterio/gdal_data'.
2023-11-28 14:23:04,527 - rasterio._env - DEBUG - PROJ data found in package: path='/home/metpublic/PYTHON_VENV/present_weather/lib/python3.10/site-packages/rasterio/proj_data'.
2023-11-28 14:23:04,527 - rasterio._env - DEBUG - Started GDALEnv: self=<rasterio._env.GDALEnv object at 0x7f06f5ad3f10>.
2023-11-28 14:23:04,527 - rasterio.env - DEBUG - Entered env context: <rasterio.env.Env object at 0x7f06f5ad3f40>
2023-11-28 14:23:04,528 - rasterio._base - DEBUG - Sharing flag: 0
2023-11-28 14:23:04,714 - rasterio._base - DEBUG - Nodata success: 1, Nodata value: nan
2023-11-28 14:23:04,715 - rasterio._base - DEBUG - Dataset <open DatasetReader name='https://radar.bmkg.go.id/raster/radarsatelit_202311281420.tif' mode='r'> is started.
2023-11-28 14:23:04,715 - rasterio.env - DEBUG - Exiting env context: <rasterio.env.Env object at 0x7f06f5ad3f40>
2023-11-28 14:23:04,715 - rasterio.env - DEBUG - Cleared existing <rasterio._env.GDALEnv object at 0x7f06f5ad3f10> options
2023-11-28 14:23:04,715 - rasterio._env - DEBUG - Stopped GDALEnv <rasterio._env.GDALEnv object at 0x7f06f5ad3f10>.
2023-11-28 14:23:04,715 - rasterio.env - DEBUG - Exiting outermost env
2023-11-28 14:23:04,715 - rasterio.env - DEBUG - Exited env context: <rasterio.env.Env object at 0x7f06f5ad3f40>
2023-11-28 14:23:04,715 - rasterio.env - DEBUG - Entering env context: <rasterio.env.Env object at 0x7f06f5a77970>
2023-11-28 14:23:04,715 - rasterio.env - DEBUG - Starting outermost env
2023-11-28 14:23:04,715 - rasterio.env - DEBUG - No GDAL environment exists
2023-11-28 14:23:04,715 - rasterio.env - DEBUG - New GDAL environment <rasterio._env.GDALEnv object at 0x7f06f5af7850> created
2023-11-28 14:23:04,716 - rasterio._env - DEBUG - GDAL data found in package: path='/home/metpublic/PYTHON_VENV/present_weather/lib/python3.10/site-packages/rasterio/gdal_data'.
2023-11-28 14:23:04,716 - rasterio._env - DEBUG - PROJ data found in package: path='/home/metpublic/PYTHON_VENV/present_weather/lib/python3.10/site-packages/rasterio/proj_data'.
2023-11-28 14:23:04,716 - rasterio._env - DEBUG - Started GDALEnv: self=<rasterio._env.GDALEnv object at 0x7f06f5af7850>.
2023-11-28 14:23:04,716 - rasterio.env - DEBUG - Entered env context: <rasterio.env.Env object at 0x7f06f5a77970>
2023-11-28 14:23:04,717 - rasterio.env - DEBUG - Got a copy of environment <rasterio._env.GDALEnv object at 0x7f06f5af7850> options
2023-11-28 14:23:04,717 - rasterio.env - DEBUG - Entering env context: <rasterio.env.Env object at 0x7f06f41b9720>
2023-11-28 14:23:04,717 - rasterio.env - DEBUG - Got a copy of environment <rasterio._env.GDALEnv object at 0x7f06f5af7850> options
2023-11-28 14:23:04,717 - rasterio.env - DEBUG - Entered env context: <rasterio.env.Env object at 0x7f06f41b9720>
2023-11-28 14:23:04,717 - rasterio._base - DEBUG - Sharing flag: 0
2023-11-28 14:23:04,718 - rasterio._base - DEBUG - Nodata success: 1, Nodata value: nan
2023-11-28 14:23:04,718 - rasterio._base - DEBUG - Dataset <open DatasetReader name='https://radar.bmkg.go.id/raster/radarsatelit_202311281420.tif' mode='r'> is started.
2023-11-28 14:23:04,718 - rasterio.env - DEBUG - Exiting env context: <rasterio.env.Env object at 0x7f06f41b9720>
2023-11-28 14:23:04,718 - rasterio.env - DEBUG - Cleared existing <rasterio._env.GDALEnv object at 0x7f06f5af7850> options
2023-11-28 14:23:04,718 - rasterio._env - DEBUG - Stopped GDALEnv <rasterio._env.GDALEnv object at 0x7f06f5af7850>.
2023-11-28 14:23:04,718 - rasterio.env - DEBUG - No GDAL environment exists
2023-11-28 14:23:04,718 - rasterio.env - DEBUG - New GDAL environment <rasterio._env.GDALEnv object at 0x7f06f5af7850> created
2023-11-28 14:23:04,718 - rasterio._env - DEBUG - GDAL data found in package: path='/home/metpublic/PYTHON_VENV/present_weather/lib/python3.10/site-packages/rasterio/gdal_data'.
2023-11-28 14:23:04,718 - rasterio._env - DEBUG - PROJ data found in package: path='/home/metpublic/PYTHON_VENV/present_weather/lib/python3.10/site-packages/rasterio/proj_data'.
2023-11-28 14:23:04,719 - rasterio._env - DEBUG - Started GDALEnv: self=<rasterio._env.GDALEnv object at 0x7f06f5af7850>.
2023-11-28 14:23:04,719 - rasterio.env - DEBUG - Exited env context: <rasterio.env.Env object at 0x7f06f41b9720>
2023-11-28 14:23:04,737 - rasterio._io - DEBUG - Output nodata value read from file: nan
2023-11-28 14:23:04,737 - rasterio._io - DEBUG - Output nodata values: [nan]
2023-11-28 14:23:04,737 - rasterio._io - DEBUG - all_valid: False
2023-11-28 14:23:04,737 - rasterio._io - DEBUG - mask_flags: ([<MaskFlags.nodata: 8>],)
2023-11-28 14:23:04,738 - rasterio._io - DEBUG - Jump straight to _read()
2023-11-28 14:23:04,738 - rasterio._io - DEBUG - Window: Window(col_off=0, row_off=0, width=10177, height=3732)
2023-11-28 14:23:04,738 - rasterio._io - DEBUG - IO window xoff=0.0 yoff=0.0 width=10177.0 height=3732.0
2023-11-28 14:23:05,310 - rasterio.env - DEBUG - Exiting env context: <rasterio.env.Env object at 0x7f06f5a77970>
2023-11-28 14:23:05,310 - rasterio.env - DEBUG - Cleared existing <rasterio._env.GDALEnv object at 0x7f06f5af7850> options
2023-11-28 14:23:05,310 - rasterio._env - DEBUG - Stopped GDALEnv <rasterio._env.GDALEnv object at 0x7f06f5af7850>.
2023-11-28 14:23:05,310 - rasterio.env - DEBUG - Exiting outermost env
2023-11-28 14:23:05,310 - rasterio.env - DEBUG - Exited env context: <rasterio.env.Env object at 0x7f06f5a77970>
2023-11-28 14:27:56,722 - rasterio.env - DEBUG - Entering env context: <rasterio.env.Env object at 0x7f06f423da80>
2023-11-28 14:27:56,722 - rasterio.env - DEBUG - Starting outermost env
2023-11-28 14:27:56,722 - rasterio.env - DEBUG - No GDAL environment exists
2023-11-28 14:27:56,722 - rasterio.env - DEBUG - New GDAL environment <rasterio._env.GDALEnv object at 0x7f06f423d990> created
2023-11-28 14:27:56,723 - rasterio._env - DEBUG - GDAL data found in package: path='/home/metpublic/PYTHON_VENV/present_weather/lib/python3.10/site-packages/rasterio/gdal_data'.
2023-11-28 14:27:56,723 - rasterio._env - DEBUG - PROJ data found in package: path='/home/metpublic/PYTHON_VENV/present_weather/lib/python3.10/site-packages/rasterio/proj_data'.
2023-11-28 14:27:56,723 - rasterio._env - DEBUG - Started GDALEnv: self=<rasterio._env.GDALEnv object at 0x7f06f423d990>.
2023-11-28 14:27:56,723 - rasterio.env - DEBUG - Entered env context: <rasterio.env.Env object at 0x7f06f423da80>
2023-11-28 14:27:56,723 - rasterio._base - DEBUG - Sharing flag: 0
2023-11-28 14:27:56,725 - rasterio._base - DEBUG - Nodata success: 0, Nodata value: 0.000000
2023-11-28 14:27:56,725 - rasterio._base - DEBUG - Dataset <open DatasetReader name='/home/metpublic/TASK_RELEASE/EFAN/present_weather/src/H09_B13_Indonesia_20231128.Z1410.cor.tiff' mode='r'> is started.
2023-11-28 14:27:56,725 - rasterio.env - DEBUG - Exiting env context: <rasterio.env.Env object at 0x7f06f423da80>
2023-11-28 14:27:56,726 - rasterio.env - DEBUG - Cleared existing <rasterio._env.GDALEnv object at 0x7f06f423d990> options
2023-11-28 14:27:56,726 - rasterio._env - DEBUG - Stopped GDALEnv <rasterio._env.GDALEnv object at 0x7f06f423d990>.
2023-11-28 14:27:56,726 - rasterio.env - DEBUG - Exiting outermost env
2023-11-28 14:27:56,726 - rasterio.env - DEBUG - Exited env context: <rasterio.env.Env object at 0x7f06f423da80>
2023-11-28 14:27:56,726 - rasterio.env - DEBUG - Entering env context: <rasterio.env.Env object at 0x7f06e47f67d0>
2023-11-28 14:27:56,726 - rasterio.env - DEBUG - Starting outermost env
2023-11-28 14:27:56,726 - rasterio.env - DEBUG - No GDAL environment exists
2023-11-28 14:27:56,726 - rasterio.env - DEBUG - New GDAL environment <rasterio._env.GDALEnv object at 0x7f06e47f4fa0> created
2023-11-28 14:27:56,727 - rasterio._env - DEBUG - GDAL data found in package: path='/home/metpublic/PYTHON_VENV/present_weather/lib/python3.10/site-packages/rasterio/gdal_data'.
2023-11-28 14:27:56,727 - rasterio._env - DEBUG - PROJ data found in package: path='/home/metpublic/PYTHON_VENV/present_weather/lib/python3.10/site-packages/rasterio/proj_data'.
2023-11-28 14:27:56,727 - rasterio._env - DEBUG - Started GDALEnv: self=<rasterio._env.GDALEnv object at 0x7f06e47f4fa0>.
2023-11-28 14:27:56,727 - rasterio.env - DEBUG - Entered env context: <rasterio.env.Env object at 0x7f06e47f67d0>
2023-11-28 14:27:56,728 - rasterio._base - DEBUG - Sharing flag: 0
2023-11-28 14:27:56,728 - rasterio._base - DEBUG - Nodata success: 0, Nodata value: 0.000000
2023-11-28 14:27:56,729 - rasterio._base - DEBUG - Dataset <open DatasetReader name='/home/metpublic/TASK_RELEASE/EFAN/present_weather/src/H09_B13_Indonesia_20231128.Z1410.cor.tiff' mode='r'> is started.
2023-11-28 14:27:56,729 - rasterio.env - DEBUG - Exiting env context: <rasterio.env.Env object at 0x7f06e47f67d0>
2023-11-28 14:27:56,729 - rasterio.env - DEBUG - Cleared existing <rasterio._env.GDALEnv object at 0x7f06e47f4fa0> options
2023-11-28 14:27:56,729 - rasterio._env - DEBUG - Stopped GDALEnv <rasterio._env.GDALEnv object at 0x7f06e47f4fa0>.
2023-11-28 14:27:56,729 - rasterio.env - DEBUG - Exiting outermost env
2023-11-28 14:27:56,729 - rasterio.env - DEBUG - Exited env context: <rasterio.env.Env object at 0x7f06e47f67d0>
2023-11-28 14:27:56,738 - root - INFO - Generating present weather using SATELITE data
2023-11-28 14:29:37,979 - root - INFO - Total elapsed time: 0:06:34.988969
