2023-11-27 01:03:03,814 - root - INFO - Initiating present weather
2023-11-27 01:03:03,818 - asyncio - DEBUG - Using selector: EpollSelector
2023-11-27 01:03:07,105 - urllib3.connectionpool - DEBUG - Starting new HTTPS connection (1): radar.bmkg.go.id:8060
2023-11-27 01:03:07,172 - urllib3.connectionpool - DEBUG - https://radar.bmkg.go.id:8060 "GET /getRadarGeotif?token=19387e71e78522ae4172ec0fda640983b8438c9cfa0ca571623cb69d8327&radar=amandemenForecast&type=latest HTTP/1.1" 200 90
2023-11-27 01:03:07,175 - rasterio.env - DEBUG - Entering env context: <rasterio.env.Env object at 0x7f07c06fc860>
2023-11-27 01:03:07,176 - rasterio.env - DEBUG - Starting outermost env
2023-11-27 01:03:07,176 - rasterio.env - DEBUG - No GDAL environment exists
2023-11-27 01:03:07,176 - rasterio.env - DEBUG - New GDAL environment <rasterio._env.GDALEnv object at 0x7f07c2a804f0> created
2023-11-27 01:03:07,180 - rasterio._filepath - DEBUG - Installing FilePath filesystem handler plugin...
2023-11-27 01:03:07,180 - rasterio._env - DEBUG - GDAL data found in package: path='/home/swx/miniconda3/envs/present_weather/lib/python3.12/site-packages/rasterio/gdal_data'.
2023-11-27 01:03:07,181 - rasterio._env - DEBUG - PROJ_LIB found in environment.
2023-11-27 01:03:07,181 - rasterio._env - DEBUG - Started GDALEnv: self=<rasterio._env.GDALEnv object at 0x7f07c2a804f0>.
2023-11-27 01:03:07,181 - rasterio.env - DEBUG - Entered env context: <rasterio.env.Env object at 0x7f07c06fc860>
2023-11-27 01:03:07,181 - rasterio._base - DEBUG - Sharing flag: 0
2023-11-27 01:03:07,388 - rasterio._base - DEBUG - Nodata success: 1, Nodata value: nan
2023-11-27 01:03:07,388 - rasterio._base - DEBUG - Dataset <open DatasetReader name='https://radar.bmkg.go.id/raster/radarsatelit_202311270100.tif' mode='r'> is started.
2023-11-27 01:03:07,389 - rasterio.env - DEBUG - Exiting env context: <rasterio.env.Env object at 0x7f07c06fc860>
2023-11-27 01:03:07,389 - rasterio.env - DEBUG - Cleared existing <rasterio._env.GDALEnv object at 0x7f07c2a804f0> options
2023-11-27 01:03:07,389 - rasterio._env - DEBUG - Stopped GDALEnv <rasterio._env.GDALEnv object at 0x7f07c2a804f0>.
2023-11-27 01:03:07,389 - rasterio.env - DEBUG - Exiting outermost env
2023-11-27 01:03:07,390 - rasterio.env - DEBUG - Exited env context: <rasterio.env.Env object at 0x7f07c06fc860>
2023-11-27 01:03:07,390 - rasterio.env - DEBUG - Entering env context: <rasterio.env.Env object at 0x7f07c071d1f0>
2023-11-27 01:03:07,391 - rasterio.env - DEBUG - Starting outermost env
2023-11-27 01:03:07,391 - rasterio.env - DEBUG - No GDAL environment exists
2023-11-27 01:03:07,391 - rasterio.env - DEBUG - New GDAL environment <rasterio._env.GDALEnv object at 0x7f07c2a804f0> created
2023-11-27 01:03:07,392 - rasterio._env - DEBUG - GDAL data found in package: path='/home/swx/miniconda3/envs/present_weather/lib/python3.12/site-packages/rasterio/gdal_data'.
2023-11-27 01:03:07,392 - rasterio._env - DEBUG - PROJ_LIB found in environment.
2023-11-27 01:03:07,392 - rasterio._env - DEBUG - Started GDALEnv: self=<rasterio._env.GDALEnv object at 0x7f07c2a804f0>.
2023-11-27 01:03:07,392 - rasterio.env - DEBUG - Entered env context: <rasterio.env.Env object at 0x7f07c071d1f0>
2023-11-27 01:03:07,393 - rasterio.env - DEBUG - Got a copy of environment <rasterio._env.GDALEnv object at 0x7f07c2a804f0> options
2023-11-27 01:03:07,393 - rasterio.env - DEBUG - Entering env context: <rasterio.env.Env object at 0x7f07a0752f00>
2023-11-27 01:03:07,393 - rasterio.env - DEBUG - Got a copy of environment <rasterio._env.GDALEnv object at 0x7f07c2a804f0> options
2023-11-27 01:03:07,393 - rasterio.env - DEBUG - Entered env context: <rasterio.env.Env object at 0x7f07a0752f00>
2023-11-27 01:03:07,393 - rasterio._base - DEBUG - Sharing flag: 0
2023-11-27 01:03:07,394 - rasterio._base - DEBUG - Nodata success: 1, Nodata value: nan
2023-11-27 01:03:07,395 - rasterio._base - DEBUG - Dataset <open DatasetReader name='https://radar.bmkg.go.id/raster/radarsatelit_202311270100.tif' mode='r'> is started.
2023-11-27 01:03:07,395 - rasterio.env - DEBUG - Exiting env context: <rasterio.env.Env object at 0x7f07a0752f00>
2023-11-27 01:03:07,395 - rasterio.env - DEBUG - Cleared existing <rasterio._env.GDALEnv object at 0x7f07c2a804f0> options
2023-11-27 01:03:07,395 - rasterio._env - DEBUG - Stopped GDALEnv <rasterio._env.GDALEnv object at 0x7f07c2a804f0>.
2023-11-27 01:03:07,395 - rasterio.env - DEBUG - No GDAL environment exists
2023-11-27 01:03:07,395 - rasterio.env - DEBUG - New GDAL environment <rasterio._env.GDALEnv object at 0x7f07c2a804f0> created
2023-11-27 01:03:07,395 - rasterio._env - DEBUG - GDAL data found in package: path='/home/swx/miniconda3/envs/present_weather/lib/python3.12/site-packages/rasterio/gdal_data'.
2023-11-27 01:03:07,396 - rasterio._env - DEBUG - PROJ_LIB found in environment.
2023-11-27 01:03:07,396 - rasterio._env - DEBUG - Started GDALEnv: self=<rasterio._env.GDALEnv object at 0x7f07c2a804f0>.
2023-11-27 01:03:07,396 - rasterio.env - DEBUG - Exited env context: <rasterio.env.Env object at 0x7f07a0752f00>
2023-11-27 01:03:07,419 - rasterio._io - DEBUG - Output nodata value read from file: nan
2023-11-27 01:03:07,420 - rasterio._io - DEBUG - Output nodata values: [nan]
2023-11-27 01:03:07,420 - rasterio._io - DEBUG - all_valid: False
2023-11-27 01:03:07,420 - rasterio._io - DEBUG - mask_flags: ([<MaskFlags.nodata: 8>],)
2023-11-27 01:03:07,420 - rasterio._io - DEBUG - Jump straight to _read()
2023-11-27 01:03:07,420 - rasterio._io - DEBUG - Window: Window(col_off=0, row_off=0, width=10215, height=3792)
2023-11-27 01:03:07,421 - rasterio._io - DEBUG - IO window xoff=0.0 yoff=0.0 width=10215.0 height=3792.0
2023-11-27 01:03:08,084 - rasterio.env - DEBUG - Exiting env context: <rasterio.env.Env object at 0x7f07c071d1f0>
2023-11-27 01:03:08,084 - rasterio.env - DEBUG - Cleared existing <rasterio._env.GDALEnv object at 0x7f07c2a804f0> options
2023-11-27 01:03:08,084 - rasterio._env - DEBUG - Stopped GDALEnv <rasterio._env.GDALEnv object at 0x7f07c2a804f0>.
2023-11-27 01:03:08,085 - rasterio.env - DEBUG - Exiting outermost env
2023-11-27 01:03:08,085 - rasterio.env - DEBUG - Exited env context: <rasterio.env.Env object at 0x7f07c071d1f0>
2023-11-27 01:03:08,087 - urllib3.connectionpool - DEBUG - Starting new HTTPS connection (1): radar.bmkg.go.id:8060
2023-11-27 01:03:08,130 - urllib3.connectionpool - DEBUG - https://radar.bmkg.go.id:8060 "GET /getLatestLD?typeData=1 HTTP/1.1" 200 8041
2023-11-27 01:03:08,139 - root - INFO - Generating present weather using RADAR data
2023-11-27 01:03:11,451 - root - INFO - dask.bag<lambda, npartitions=20>
2023-11-27 01:16:12,822 - root - INFO - Total elapsed time: 0:13:09.008846
