2023-12-22 19:33:03,350 - root - INFO - Initiating present weather
2023-12-22 19:33:03,352 - asyncio - DEBUG - Using selector: EpollSelector
2023-12-22 19:33:05,015 - urllib3.connectionpool - DEBUG - Starting new HTTPS connection (1): radar.bmkg.go.id:8060
2023-12-22 19:33:05,026 - urllib3.connectionpool - DEBUG - https://radar.bmkg.go.id:8060 "GET /getLatestLD?typeData=1 HTTP/1.1" 200 62
2023-12-22 19:33:05,027 - urllib3.connectionpool - DEBUG - Starting new HTTPS connection (1): radar.bmkg.go.id:8060
2023-12-22 19:33:05,047 - urllib3.connectionpool - DEBUG - https://radar.bmkg.go.id:8060 "GET /getRadarGeotif?token=19387e71e78522ae4172ec0fda640983b8438c9cfa0ca571623cb69d8327&radar=amandemenForecast&type=latest HTTP/1.1" 200 90
2023-12-22 19:33:05,048 - rasterio.env - DEBUG - Entering env context: <rasterio.env.Env object at 0x7fc77996d630>
2023-12-22 19:33:05,048 - rasterio.env - DEBUG - Starting outermost env
2023-12-22 19:33:05,048 - rasterio.env - DEBUG - No GDAL environment exists
2023-12-22 19:33:05,048 - rasterio.env - DEBUG - New GDAL environment <rasterio._env.GDALEnv object at 0x7fc77996d660> created
2023-12-22 19:33:05,051 - rasterio._filepath - DEBUG - Installing FilePath filesystem handler plugin...
2023-12-22 19:33:05,051 - rasterio._env - DEBUG - GDAL data found in package: path='/home/metpublic/PYTHON_VENV/present_weather/lib/python3.10/site-packages/rasterio/gdal_data'.
2023-12-22 19:33:05,051 - rasterio._env - DEBUG - PROJ data found in package: path='/home/metpublic/PYTHON_VENV/present_weather/lib/python3.10/site-packages/rasterio/proj_data'.
2023-12-22 19:33:05,051 - rasterio._env - DEBUG - Started GDALEnv: self=<rasterio._env.GDALEnv object at 0x7fc77996d660>.
2023-12-22 19:33:05,051 - rasterio.env - DEBUG - Entered env context: <rasterio.env.Env object at 0x7fc77996d630>
2023-12-22 19:33:05,051 - rasterio._base - DEBUG - Sharing flag: 0
2023-12-22 19:33:05,387 - rasterio._base - DEBUG - Nodata success: 1, Nodata value: nan
2023-12-22 19:33:05,387 - rasterio._base - DEBUG - Dataset <open DatasetReader name='https://radar.bmkg.go.id/raster/radarsatelit_202312221900.tif' mode='r'> is started.
2023-12-22 19:33:05,387 - rasterio.env - DEBUG - Exiting env context: <rasterio.env.Env object at 0x7fc77996d630>
2023-12-22 19:33:05,387 - rasterio.env - DEBUG - Cleared existing <rasterio._env.GDALEnv object at 0x7fc77996d660> options
2023-12-22 19:33:05,387 - rasterio._env - DEBUG - Stopped GDALEnv <rasterio._env.GDALEnv object at 0x7fc77996d660>.
2023-12-22 19:33:05,387 - rasterio.env - DEBUG - Exiting outermost env
2023-12-22 19:33:05,387 - rasterio.env - DEBUG - Exited env context: <rasterio.env.Env object at 0x7fc77996d630>
2023-12-22 19:33:05,388 - rasterio.env - DEBUG - Entering env context: <rasterio.env.Env object at 0x7fc7799256c0>
2023-12-22 19:33:05,388 - rasterio.env - DEBUG - Starting outermost env
2023-12-22 19:33:05,388 - rasterio.env - DEBUG - No GDAL environment exists
2023-12-22 19:33:05,388 - rasterio.env - DEBUG - New GDAL environment <rasterio._env.GDALEnv object at 0x7fc77a2a7c40> created
2023-12-22 19:33:05,388 - rasterio._env - DEBUG - GDAL data found in package: path='/home/metpublic/PYTHON_VENV/present_weather/lib/python3.10/site-packages/rasterio/gdal_data'.
2023-12-22 19:33:05,388 - rasterio._env - DEBUG - PROJ data found in package: path='/home/metpublic/PYTHON_VENV/present_weather/lib/python3.10/site-packages/rasterio/proj_data'.
2023-12-22 19:33:05,388 - rasterio._env - DEBUG - Started GDALEnv: self=<rasterio._env.GDALEnv object at 0x7fc77a2a7c40>.
2023-12-22 19:33:05,388 - rasterio.env - DEBUG - Entered env context: <rasterio.env.Env object at 0x7fc7799256c0>
2023-12-22 19:33:05,389 - rasterio.env - DEBUG - Got a copy of environment <rasterio._env.GDALEnv object at 0x7fc77a2a7c40> options
2023-12-22 19:33:05,389 - rasterio.env - DEBUG - Entering env context: <rasterio.env.Env object at 0x7fc768732fb0>
2023-12-22 19:33:05,389 - rasterio.env - DEBUG - Got a copy of environment <rasterio._env.GDALEnv object at 0x7fc77a2a7c40> options
2023-12-22 19:33:05,389 - rasterio.env - DEBUG - Entered env context: <rasterio.env.Env object at 0x7fc768732fb0>
2023-12-22 19:33:05,389 - rasterio._base - DEBUG - Sharing flag: 0
2023-12-22 19:33:05,390 - rasterio._base - DEBUG - Nodata success: 1, Nodata value: nan
2023-12-22 19:33:05,390 - rasterio._base - DEBUG - Dataset <open DatasetReader name='https://radar.bmkg.go.id/raster/radarsatelit_202312221900.tif' mode='r'> is started.
2023-12-22 19:33:05,390 - rasterio.env - DEBUG - Exiting env context: <rasterio.env.Env object at 0x7fc768732fb0>
2023-12-22 19:33:05,390 - rasterio.env - DEBUG - Cleared existing <rasterio._env.GDALEnv object at 0x7fc77a2a7c40> options
2023-12-22 19:33:05,390 - rasterio._env - DEBUG - Stopped GDALEnv <rasterio._env.GDALEnv object at 0x7fc77a2a7c40>.
2023-12-22 19:33:05,391 - rasterio.env - DEBUG - No GDAL environment exists
2023-12-22 19:33:05,391 - rasterio.env - DEBUG - New GDAL environment <rasterio._env.GDALEnv object at 0x7fc77a2a7c40> created
2023-12-22 19:33:05,391 - rasterio._env - DEBUG - GDAL data found in package: path='/home/metpublic/PYTHON_VENV/present_weather/lib/python3.10/site-packages/rasterio/gdal_data'.
2023-12-22 19:33:05,391 - rasterio._env - DEBUG - PROJ data found in package: path='/home/metpublic/PYTHON_VENV/present_weather/lib/python3.10/site-packages/rasterio/proj_data'.
2023-12-22 19:33:05,391 - rasterio._env - DEBUG - Started GDALEnv: self=<rasterio._env.GDALEnv object at 0x7fc77a2a7c40>.
2023-12-22 19:33:05,391 - rasterio.env - DEBUG - Exited env context: <rasterio.env.Env object at 0x7fc768732fb0>
2023-12-22 19:33:05,411 - rasterio._io - DEBUG - Output nodata value read from file: nan
2023-12-22 19:33:05,411 - rasterio._io - DEBUG - Output nodata values: [nan]
2023-12-22 19:33:05,411 - rasterio._io - DEBUG - all_valid: False
2023-12-22 19:33:05,411 - rasterio._io - DEBUG - mask_flags: ([<MaskFlags.nodata: 8>],)
2023-12-22 19:33:05,412 - rasterio._io - DEBUG - Jump straight to _read()
2023-12-22 19:33:05,412 - rasterio._io - DEBUG - Window: Window(col_off=0, row_off=0, width=10176, height=3732)
2023-12-22 19:33:05,412 - rasterio._io - DEBUG - IO window xoff=0.0 yoff=0.0 width=10176.0 height=3732.0
2023-12-22 19:33:06,059 - rasterio.env - DEBUG - Exiting env context: <rasterio.env.Env object at 0x7fc7799256c0>
2023-12-22 19:33:06,060 - rasterio.env - DEBUG - Cleared existing <rasterio._env.GDALEnv object at 0x7fc77a2a7c40> options
2023-12-22 19:33:06,060 - rasterio._env - DEBUG - Stopped GDALEnv <rasterio._env.GDALEnv object at 0x7fc77a2a7c40>.
2023-12-22 19:33:06,060 - rasterio.env - DEBUG - Exiting outermost env
2023-12-22 19:33:06,060 - rasterio.env - DEBUG - Exited env context: <rasterio.env.Env object at 0x7fc7799256c0>
2023-12-22 19:33:06,062 - urllib3.connectionpool - DEBUG - Starting new HTTPS connection (1): radar.bmkg.go.id:8060
2023-12-22 19:33:06,179 - urllib3.connectionpool - DEBUG - https://radar.bmkg.go.id:8060 "GET /getRadarGeotif?token=19387e71e78522ae4172ec0fda640983b8438c9cfa0ca571623cb69d8327&radar=amandemenForecastRadarMosaic&type=latest HTTP/1.1" 200 84
2023-12-22 19:33:06,180 - rasterio.env - DEBUG - Entering env context: <rasterio.env.Env object at 0x7fc77996d660>
2023-12-22 19:33:06,180 - rasterio.env - DEBUG - Starting outermost env
2023-12-22 19:33:06,180 - rasterio.env - DEBUG - No GDAL environment exists
2023-12-22 19:33:06,180 - rasterio.env - DEBUG - New GDAL environment <rasterio._env.GDALEnv object at 0x7fc77a2a7c40> created
2023-12-22 19:33:06,181 - rasterio._env - DEBUG - GDAL data found in package: path='/home/metpublic/PYTHON_VENV/present_weather/lib/python3.10/site-packages/rasterio/gdal_data'.
2023-12-22 19:33:06,181 - rasterio._env - DEBUG - PROJ data found in package: path='/home/metpublic/PYTHON_VENV/present_weather/lib/python3.10/site-packages/rasterio/proj_data'.
2023-12-22 19:33:06,181 - rasterio._env - DEBUG - Started GDALEnv: self=<rasterio._env.GDALEnv object at 0x7fc77a2a7c40>.
2023-12-22 19:33:06,181 - rasterio.env - DEBUG - Entered env context: <rasterio.env.Env object at 0x7fc77996d660>
2023-12-22 19:33:06,181 - rasterio._base - DEBUG - Sharing flag: 0
2023-12-22 19:33:06,189 - rasterio._base - DEBUG - Nodata success: 1, Nodata value: nan
2023-12-22 19:33:06,189 - rasterio._base - DEBUG - Dataset <open DatasetReader name='https://radar.bmkg.go.id/raster/mosaic_202312221930.tif' mode='r'> is started.
2023-12-22 19:33:06,189 - rasterio.env - DEBUG - Exiting env context: <rasterio.env.Env object at 0x7fc77996d660>
2023-12-22 19:33:06,189 - rasterio.env - DEBUG - Cleared existing <rasterio._env.GDALEnv object at 0x7fc77a2a7c40> options
2023-12-22 19:33:06,189 - rasterio._env - DEBUG - Stopped GDALEnv <rasterio._env.GDALEnv object at 0x7fc77a2a7c40>.
2023-12-22 19:33:06,189 - rasterio.env - DEBUG - Exiting outermost env
2023-12-22 19:33:06,189 - rasterio.env - DEBUG - Exited env context: <rasterio.env.Env object at 0x7fc77996d660>
2023-12-22 19:33:06,189 - rasterio.env - DEBUG - Entering env context: <rasterio.env.Env object at 0x7fc77996d6c0>
2023-12-22 19:33:06,189 - rasterio.env - DEBUG - Starting outermost env
2023-12-22 19:33:06,189 - rasterio.env - DEBUG - No GDAL environment exists
2023-12-22 19:33:06,189 - rasterio.env - DEBUG - New GDAL environment <rasterio._env.GDALEnv object at 0x7fc77a2a7c40> created
2023-12-22 19:33:06,190 - rasterio._env - DEBUG - GDAL data found in package: path='/home/metpublic/PYTHON_VENV/present_weather/lib/python3.10/site-packages/rasterio/gdal_data'.
2023-12-22 19:33:06,190 - rasterio._env - DEBUG - PROJ data found in package: path='/home/metpublic/PYTHON_VENV/present_weather/lib/python3.10/site-packages/rasterio/proj_data'.
2023-12-22 19:33:06,190 - rasterio._env - DEBUG - Started GDALEnv: self=<rasterio._env.GDALEnv object at 0x7fc77a2a7c40>.
2023-12-22 19:33:06,190 - rasterio.env - DEBUG - Entered env context: <rasterio.env.Env object at 0x7fc77996d6c0>
2023-12-22 19:33:06,190 - rasterio.env - DEBUG - Got a copy of environment <rasterio._env.GDALEnv object at 0x7fc77a2a7c40> options
2023-12-22 19:33:06,190 - rasterio.env - DEBUG - Entering env context: <rasterio.env.Env object at 0x7fc7687322f0>
2023-12-22 19:33:06,190 - rasterio.env - DEBUG - Got a copy of environment <rasterio._env.GDALEnv object at 0x7fc77a2a7c40> options
2023-12-22 19:33:06,190 - rasterio.env - DEBUG - Entered env context: <rasterio.env.Env object at 0x7fc7687322f0>
2023-12-22 19:33:06,190 - rasterio._base - DEBUG - Sharing flag: 0
2023-12-22 19:33:06,191 - rasterio._base - DEBUG - Nodata success: 1, Nodata value: nan
2023-12-22 19:33:06,191 - rasterio._base - DEBUG - Dataset <open DatasetReader name='https://radar.bmkg.go.id/raster/mosaic_202312221930.tif' mode='r'> is started.
2023-12-22 19:33:06,191 - rasterio.env - DEBUG - Exiting env context: <rasterio.env.Env object at 0x7fc7687322f0>
2023-12-22 19:33:06,191 - rasterio.env - DEBUG - Cleared existing <rasterio._env.GDALEnv object at 0x7fc77a2a7c40> options
2023-12-22 19:33:06,192 - rasterio._env - DEBUG - Stopped GDALEnv <rasterio._env.GDALEnv object at 0x7fc77a2a7c40>.
2023-12-22 19:33:06,192 - rasterio.env - DEBUG - No GDAL environment exists
2023-12-22 19:33:06,192 - rasterio.env - DEBUG - New GDAL environment <rasterio._env.GDALEnv object at 0x7fc77a2a7c40> created
2023-12-22 19:33:06,192 - rasterio._env - DEBUG - GDAL data found in package: path='/home/metpublic/PYTHON_VENV/present_weather/lib/python3.10/site-packages/rasterio/gdal_data'.
2023-12-22 19:33:06,192 - rasterio._env - DEBUG - PROJ data found in package: path='/home/metpublic/PYTHON_VENV/present_weather/lib/python3.10/site-packages/rasterio/proj_data'.
2023-12-22 19:33:06,192 - rasterio._env - DEBUG - Started GDALEnv: self=<rasterio._env.GDALEnv object at 0x7fc77a2a7c40>.
2023-12-22 19:33:06,192 - rasterio.env - DEBUG - Exited env context: <rasterio.env.Env object at 0x7fc7687322f0>
2023-12-22 19:33:06,201 - rasterio._io - DEBUG - Output nodata value read from file: nan
2023-12-22 19:33:06,202 - rasterio._io - DEBUG - Output nodata values: [nan]
2023-12-22 19:33:06,202 - rasterio._io - DEBUG - all_valid: False
2023-12-22 19:33:06,202 - rasterio._io - DEBUG - mask_flags: ([<MaskFlags.nodata: 8>],)
2023-12-22 19:33:06,202 - rasterio._io - DEBUG - Jump straight to _read()
2023-12-22 19:33:06,203 - rasterio._io - DEBUG - Window: Window(col_off=0, row_off=0, width=10121, height=3732)
2023-12-22 19:33:06,203 - rasterio._io - DEBUG - IO window xoff=0.0 yoff=0.0 width=10121.0 height=3732.0
2023-12-22 19:33:11,494 - rasterio.env - DEBUG - Exiting env context: <rasterio.env.Env object at 0x7fc77996d6c0>
2023-12-22 19:33:11,495 - rasterio.env - DEBUG - Cleared existing <rasterio._env.GDALEnv object at 0x7fc77a2a7c40> options
2023-12-22 19:33:11,495 - rasterio._env - DEBUG - Stopped GDALEnv <rasterio._env.GDALEnv object at 0x7fc77a2a7c40>.
2023-12-22 19:33:11,495 - rasterio.env - DEBUG - Exiting outermost env
2023-12-22 19:33:11,495 - rasterio.env - DEBUG - Exited env context: <rasterio.env.Env object at 0x7fc77996d6c0>
2023-12-22 19:37:36,349 - rasterio.env - DEBUG - Entering env context: <rasterio.env.Env object at 0x7fc779925210>
2023-12-22 19:37:36,349 - rasterio.env - DEBUG - Starting outermost env
2023-12-22 19:37:36,349 - rasterio.env - DEBUG - No GDAL environment exists
2023-12-22 19:37:36,349 - rasterio.env - DEBUG - New GDAL environment <rasterio._env.GDALEnv object at 0x7fc768732140> created
2023-12-22 19:37:36,350 - rasterio._env - DEBUG - GDAL data found in package: path='/home/metpublic/PYTHON_VENV/present_weather/lib/python3.10/site-packages/rasterio/gdal_data'.
2023-12-22 19:37:36,350 - rasterio._env - DEBUG - PROJ data found in package: path='/home/metpublic/PYTHON_VENV/present_weather/lib/python3.10/site-packages/rasterio/proj_data'.
2023-12-22 19:37:36,350 - rasterio._env - DEBUG - Started GDALEnv: self=<rasterio._env.GDALEnv object at 0x7fc768732140>.
2023-12-22 19:37:36,350 - rasterio.env - DEBUG - Entered env context: <rasterio.env.Env object at 0x7fc779925210>
2023-12-22 19:37:36,351 - rasterio._base - DEBUG - Sharing flag: 0
2023-12-22 19:37:36,352 - rasterio._base - DEBUG - Nodata success: 0, Nodata value: 0.000000
2023-12-22 19:37:36,352 - rasterio._base - DEBUG - Dataset <open DatasetReader name='/home/metpublic/TASK_RELEASE/EFAN/present_weather/src/H09_B13_Indonesia_20231222.Z1840.cor.tiff' mode='r'> is started.
2023-12-22 19:37:36,353 - rasterio.env - DEBUG - Exiting env context: <rasterio.env.Env object at 0x7fc779925210>
2023-12-22 19:37:36,353 - rasterio.env - DEBUG - Cleared existing <rasterio._env.GDALEnv object at 0x7fc768732140> options
2023-12-22 19:37:36,353 - rasterio._env - DEBUG - Stopped GDALEnv <rasterio._env.GDALEnv object at 0x7fc768732140>.
2023-12-22 19:37:36,353 - rasterio.env - DEBUG - Exiting outermost env
2023-12-22 19:37:36,353 - rasterio.env - DEBUG - Exited env context: <rasterio.env.Env object at 0x7fc779925210>
2023-12-22 19:37:36,353 - rasterio.env - DEBUG - Entering env context: <rasterio.env.Env object at 0x7fc768559600>
2023-12-22 19:37:36,353 - rasterio.env - DEBUG - Starting outermost env
2023-12-22 19:37:36,353 - rasterio.env - DEBUG - No GDAL environment exists
2023-12-22 19:37:36,353 - rasterio.env - DEBUG - New GDAL environment <rasterio._env.GDALEnv object at 0x7fc768559f00> created
2023-12-22 19:37:36,354 - rasterio._env - DEBUG - GDAL data found in package: path='/home/metpublic/PYTHON_VENV/present_weather/lib/python3.10/site-packages/rasterio/gdal_data'.
2023-12-22 19:37:36,354 - rasterio._env - DEBUG - PROJ data found in package: path='/home/metpublic/PYTHON_VENV/present_weather/lib/python3.10/site-packages/rasterio/proj_data'.
2023-12-22 19:37:36,354 - rasterio._env - DEBUG - Started GDALEnv: self=<rasterio._env.GDALEnv object at 0x7fc768559f00>.
2023-12-22 19:37:36,354 - rasterio.env - DEBUG - Entered env context: <rasterio.env.Env object at 0x7fc768559600>
2023-12-22 19:37:36,354 - rasterio._base - DEBUG - Sharing flag: 0
2023-12-22 19:37:36,356 - rasterio._base - DEBUG - Nodata success: 0, Nodata value: 0.000000
2023-12-22 19:37:36,356 - rasterio._base - DEBUG - Dataset <open DatasetReader name='/home/metpublic/TASK_RELEASE/EFAN/present_weather/src/H09_B13_Indonesia_20231222.Z1840.cor.tiff' mode='r'> is started.
2023-12-22 19:37:36,356 - rasterio.env - DEBUG - Exiting env context: <rasterio.env.Env object at 0x7fc768559600>
2023-12-22 19:37:36,356 - rasterio.env - DEBUG - Cleared existing <rasterio._env.GDALEnv object at 0x7fc768559f00> options
2023-12-22 19:37:36,357 - rasterio._env - DEBUG - Stopped GDALEnv <rasterio._env.GDALEnv object at 0x7fc768559f00>.
2023-12-22 19:37:36,357 - rasterio.env - DEBUG - Exiting outermost env
2023-12-22 19:37:36,357 - rasterio.env - DEBUG - Exited env context: <rasterio.env.Env object at 0x7fc768559600>
2023-12-22 19:37:36,368 - root - INFO - Generating present weather using SATELITE data
2023-12-22 19:39:01,281 - root - INFO - Total elapsed time: 0:05:57.931551
