2023-12-18 04:43:02,326 - root - INFO - Initiating present weather
2023-12-18 04:43:02,328 - asyncio - DEBUG - Using selector: EpollSelector
2023-12-18 04:43:03,890 - urllib3.connectionpool - DEBUG - Starting new HTTPS connection (1): radar.bmkg.go.id:8060
2023-12-18 04:43:03,902 - urllib3.connectionpool - DEBUG - https://radar.bmkg.go.id:8060 "GET /getLatestLD?typeData=1 HTTP/1.1" 200 62
2023-12-18 04:43:03,905 - urllib3.connectionpool - DEBUG - Starting new HTTPS connection (1): radar.bmkg.go.id:8060
2023-12-18 04:43:03,925 - urllib3.connectionpool - DEBUG - https://radar.bmkg.go.id:8060 "GET /getRadarGeotif?token=19387e71e78522ae4172ec0fda640983b8438c9cfa0ca571623cb69d8327&radar=amandemenForecast&type=latest HTTP/1.1" 200 90
2023-12-18 04:43:03,926 - rasterio.env - DEBUG - Entering env context: <rasterio.env.Env object at 0x7f94f850f8e0>
2023-12-18 04:43:03,927 - rasterio.env - DEBUG - Starting outermost env
2023-12-18 04:43:03,927 - rasterio.env - DEBUG - No GDAL environment exists
2023-12-18 04:43:03,927 - rasterio.env - DEBUG - New GDAL environment <rasterio._env.GDALEnv object at 0x7f94f850f730> created
2023-12-18 04:43:03,930 - rasterio._filepath - DEBUG - Installing FilePath filesystem handler plugin...
2023-12-18 04:43:03,930 - rasterio._env - DEBUG - GDAL data found in package: path='/home/metpublic/PYTHON_VENV/present_weather/lib/python3.10/site-packages/rasterio/gdal_data'.
2023-12-18 04:43:03,930 - rasterio._env - DEBUG - PROJ data found in package: path='/home/metpublic/PYTHON_VENV/present_weather/lib/python3.10/site-packages/rasterio/proj_data'.
2023-12-18 04:43:03,930 - rasterio._env - DEBUG - Started GDALEnv: self=<rasterio._env.GDALEnv object at 0x7f94f850f730>.
2023-12-18 04:43:03,930 - rasterio.env - DEBUG - Entered env context: <rasterio.env.Env object at 0x7f94f850f8e0>
2023-12-18 04:43:03,930 - rasterio._base - DEBUG - Sharing flag: 0
2023-12-18 04:43:04,255 - rasterio._base - DEBUG - Nodata success: 1, Nodata value: nan
2023-12-18 04:43:04,255 - rasterio._base - DEBUG - Dataset <open DatasetReader name='https://radar.bmkg.go.id/raster/radarsatelit_202312180440.tif' mode='r'> is started.
2023-12-18 04:43:04,256 - rasterio.env - DEBUG - Exiting env context: <rasterio.env.Env object at 0x7f94f850f8e0>
2023-12-18 04:43:04,256 - rasterio.env - DEBUG - Cleared existing <rasterio._env.GDALEnv object at 0x7f94f850f730> options
2023-12-18 04:43:04,256 - rasterio._env - DEBUG - Stopped GDALEnv <rasterio._env.GDALEnv object at 0x7f94f850f730>.
2023-12-18 04:43:04,256 - rasterio.env - DEBUG - Exiting outermost env
2023-12-18 04:43:04,256 - rasterio.env - DEBUG - Exited env context: <rasterio.env.Env object at 0x7f94f850f8e0>
2023-12-18 04:43:04,256 - rasterio.env - DEBUG - Entering env context: <rasterio.env.Env object at 0x7f94f7b914b0>
2023-12-18 04:43:04,256 - rasterio.env - DEBUG - Starting outermost env
2023-12-18 04:43:04,256 - rasterio.env - DEBUG - No GDAL environment exists
2023-12-18 04:43:04,256 - rasterio.env - DEBUG - New GDAL environment <rasterio._env.GDALEnv object at 0x7f94f850f730> created
2023-12-18 04:43:04,257 - rasterio._env - DEBUG - GDAL data found in package: path='/home/metpublic/PYTHON_VENV/present_weather/lib/python3.10/site-packages/rasterio/gdal_data'.
2023-12-18 04:43:04,257 - rasterio._env - DEBUG - PROJ data found in package: path='/home/metpublic/PYTHON_VENV/present_weather/lib/python3.10/site-packages/rasterio/proj_data'.
2023-12-18 04:43:04,257 - rasterio._env - DEBUG - Started GDALEnv: self=<rasterio._env.GDALEnv object at 0x7f94f850f730>.
2023-12-18 04:43:04,257 - rasterio.env - DEBUG - Entered env context: <rasterio.env.Env object at 0x7f94f7b914b0>
2023-12-18 04:43:04,257 - rasterio.env - DEBUG - Got a copy of environment <rasterio._env.GDALEnv object at 0x7f94f850f730> options
2023-12-18 04:43:04,257 - rasterio.env - DEBUG - Entering env context: <rasterio.env.Env object at 0x7f94f4292b30>
2023-12-18 04:43:04,257 - rasterio.env - DEBUG - Got a copy of environment <rasterio._env.GDALEnv object at 0x7f94f850f730> options
2023-12-18 04:43:04,257 - rasterio.env - DEBUG - Entered env context: <rasterio.env.Env object at 0x7f94f4292b30>
2023-12-18 04:43:04,258 - rasterio._base - DEBUG - Sharing flag: 0
2023-12-18 04:43:04,259 - rasterio._base - DEBUG - Nodata success: 1, Nodata value: nan
2023-12-18 04:43:04,259 - rasterio._base - DEBUG - Dataset <open DatasetReader name='https://radar.bmkg.go.id/raster/radarsatelit_202312180440.tif' mode='r'> is started.
2023-12-18 04:43:04,259 - rasterio.env - DEBUG - Exiting env context: <rasterio.env.Env object at 0x7f94f4292b30>
2023-12-18 04:43:04,259 - rasterio.env - DEBUG - Cleared existing <rasterio._env.GDALEnv object at 0x7f94f850f730> options
2023-12-18 04:43:04,259 - rasterio._env - DEBUG - Stopped GDALEnv <rasterio._env.GDALEnv object at 0x7f94f850f730>.
2023-12-18 04:43:04,259 - rasterio.env - DEBUG - No GDAL environment exists
2023-12-18 04:43:04,259 - rasterio.env - DEBUG - New GDAL environment <rasterio._env.GDALEnv object at 0x7f94f850f730> created
2023-12-18 04:43:04,259 - rasterio._env - DEBUG - GDAL data found in package: path='/home/metpublic/PYTHON_VENV/present_weather/lib/python3.10/site-packages/rasterio/gdal_data'.
2023-12-18 04:43:04,259 - rasterio._env - DEBUG - PROJ data found in package: path='/home/metpublic/PYTHON_VENV/present_weather/lib/python3.10/site-packages/rasterio/proj_data'.
2023-12-18 04:43:04,260 - rasterio._env - DEBUG - Started GDALEnv: self=<rasterio._env.GDALEnv object at 0x7f94f850f730>.
2023-12-18 04:43:04,260 - rasterio.env - DEBUG - Exited env context: <rasterio.env.Env object at 0x7f94f4292b30>
2023-12-18 04:43:04,277 - rasterio._io - DEBUG - Output nodata value read from file: nan
2023-12-18 04:43:04,278 - rasterio._io - DEBUG - Output nodata values: [nan]
2023-12-18 04:43:04,278 - rasterio._io - DEBUG - all_valid: False
2023-12-18 04:43:04,278 - rasterio._io - DEBUG - mask_flags: ([<MaskFlags.nodata: 8>],)
2023-12-18 04:43:04,279 - rasterio._io - DEBUG - Jump straight to _read()
2023-12-18 04:43:04,279 - rasterio._io - DEBUG - Window: Window(col_off=0, row_off=0, width=10215, height=3792)
2023-12-18 04:43:04,279 - rasterio._io - DEBUG - IO window xoff=0.0 yoff=0.0 width=10215.0 height=3792.0
2023-12-18 04:43:04,813 - rasterio.env - DEBUG - Exiting env context: <rasterio.env.Env object at 0x7f94f7b914b0>
2023-12-18 04:43:04,813 - rasterio.env - DEBUG - Cleared existing <rasterio._env.GDALEnv object at 0x7f94f850f730> options
2023-12-18 04:43:04,814 - rasterio._env - DEBUG - Stopped GDALEnv <rasterio._env.GDALEnv object at 0x7f94f850f730>.
2023-12-18 04:43:04,814 - rasterio.env - DEBUG - Exiting outermost env
2023-12-18 04:43:04,814 - rasterio.env - DEBUG - Exited env context: <rasterio.env.Env object at 0x7f94f7b914b0>
2023-12-18 04:48:41,494 - rasterio.env - DEBUG - Entering env context: <rasterio.env.Env object at 0x7f94d4672d10>
2023-12-18 04:48:41,494 - rasterio.env - DEBUG - Starting outermost env
2023-12-18 04:48:41,495 - rasterio.env - DEBUG - No GDAL environment exists
2023-12-18 04:48:41,495 - rasterio.env - DEBUG - New GDAL environment <rasterio._env.GDALEnv object at 0x7f94d4671690> created
2023-12-18 04:48:41,495 - rasterio._env - DEBUG - GDAL data found in package: path='/home/metpublic/PYTHON_VENV/present_weather/lib/python3.10/site-packages/rasterio/gdal_data'.
2023-12-18 04:48:41,495 - rasterio._env - DEBUG - PROJ data found in package: path='/home/metpublic/PYTHON_VENV/present_weather/lib/python3.10/site-packages/rasterio/proj_data'.
2023-12-18 04:48:41,495 - rasterio._env - DEBUG - Started GDALEnv: self=<rasterio._env.GDALEnv object at 0x7f94d4671690>.
2023-12-18 04:48:41,495 - rasterio.env - DEBUG - Entered env context: <rasterio.env.Env object at 0x7f94d4672d10>
2023-12-18 04:48:41,495 - rasterio._base - DEBUG - Sharing flag: 0
2023-12-18 04:48:41,496 - rasterio._base - DEBUG - Nodata success: 0, Nodata value: 0.000000
2023-12-18 04:48:41,497 - rasterio._base - DEBUG - Dataset <open DatasetReader name='/home/metpublic/TASK_RELEASE/EFAN/present_weather/src/H09_B13_Indonesia_20231218.Z0430.cor.tiff' mode='r'> is started.
2023-12-18 04:48:41,497 - rasterio.env - DEBUG - Exiting env context: <rasterio.env.Env object at 0x7f94d4672d10>
2023-12-18 04:48:41,497 - rasterio.env - DEBUG - Cleared existing <rasterio._env.GDALEnv object at 0x7f94d4671690> options
2023-12-18 04:48:41,497 - rasterio._env - DEBUG - Stopped GDALEnv <rasterio._env.GDALEnv object at 0x7f94d4671690>.
2023-12-18 04:48:41,497 - rasterio.env - DEBUG - Exiting outermost env
2023-12-18 04:48:41,497 - rasterio.env - DEBUG - Exited env context: <rasterio.env.Env object at 0x7f94d4672d10>
2023-12-18 04:48:41,498 - rasterio.env - DEBUG - Entering env context: <rasterio.env.Env object at 0x7f94d46731f0>
2023-12-18 04:48:41,498 - rasterio.env - DEBUG - Starting outermost env
2023-12-18 04:48:41,498 - rasterio.env - DEBUG - No GDAL environment exists
2023-12-18 04:48:41,498 - rasterio.env - DEBUG - New GDAL environment <rasterio._env.GDALEnv object at 0x7f94d4672ec0> created
2023-12-18 04:48:41,498 - rasterio._env - DEBUG - GDAL data found in package: path='/home/metpublic/PYTHON_VENV/present_weather/lib/python3.10/site-packages/rasterio/gdal_data'.
2023-12-18 04:48:41,498 - rasterio._env - DEBUG - PROJ data found in package: path='/home/metpublic/PYTHON_VENV/present_weather/lib/python3.10/site-packages/rasterio/proj_data'.
2023-12-18 04:48:41,498 - rasterio._env - DEBUG - Started GDALEnv: self=<rasterio._env.GDALEnv object at 0x7f94d4672ec0>.
2023-12-18 04:48:41,498 - rasterio.env - DEBUG - Entered env context: <rasterio.env.Env object at 0x7f94d46731f0>
2023-12-18 04:48:41,499 - rasterio._base - DEBUG - Sharing flag: 0
2023-12-18 04:48:41,499 - rasterio._base - DEBUG - Nodata success: 0, Nodata value: 0.000000
2023-12-18 04:48:41,499 - rasterio._base - DEBUG - Dataset <open DatasetReader name='/home/metpublic/TASK_RELEASE/EFAN/present_weather/src/H09_B13_Indonesia_20231218.Z0430.cor.tiff' mode='r'> is started.
2023-12-18 04:48:41,499 - rasterio.env - DEBUG - Exiting env context: <rasterio.env.Env object at 0x7f94d46731f0>
2023-12-18 04:48:41,499 - rasterio.env - DEBUG - Cleared existing <rasterio._env.GDALEnv object at 0x7f94d4672ec0> options
2023-12-18 04:48:41,499 - rasterio._env - DEBUG - Stopped GDALEnv <rasterio._env.GDALEnv object at 0x7f94d4672ec0>.
2023-12-18 04:48:41,499 - rasterio.env - DEBUG - Exiting outermost env
2023-12-18 04:48:41,500 - rasterio.env - DEBUG - Exited env context: <rasterio.env.Env object at 0x7f94d46731f0>
2023-12-18 04:48:41,507 - root - INFO - Generating present weather using SATELITE data
2023-12-18 04:50:15,983 - root - INFO - Total elapsed time: 0:07:13.657819
