2023-12-12 11:03:02,995 - root - INFO - Initiating present weather
2023-12-12 11:03:02,997 - asyncio - DEBUG - Using selector: EpollSelector
2023-12-12 11:03:04,600 - urllib3.connectionpool - DEBUG - Starting new HTTPS connection (1): radar.bmkg.go.id:8060
2023-12-12 11:03:04,614 - urllib3.connectionpool - DEBUG - https://radar.bmkg.go.id:8060 "GET /getLatestLD?typeData=1 HTTP/1.1" 200 62
2023-12-12 11:03:04,616 - urllib3.connectionpool - DEBUG - Starting new HTTPS connection (1): radar.bmkg.go.id:8060
2023-12-12 11:03:04,636 - urllib3.connectionpool - DEBUG - https://radar.bmkg.go.id:8060 "GET /getRadarGeotif?token=19387e71e78522ae4172ec0fda640983b8438c9cfa0ca571623cb69d8327&radar=amandemenForecast&type=latest HTTP/1.1" 200 90
2023-12-12 11:03:04,637 - rasterio.env - DEBUG - Entering env context: <rasterio.env.Env object at 0x7fb14e4fd210>
2023-12-12 11:03:04,637 - rasterio.env - DEBUG - Starting outermost env
2023-12-12 11:03:04,637 - rasterio.env - DEBUG - No GDAL environment exists
2023-12-12 11:03:04,638 - rasterio.env - DEBUG - New GDAL environment <rasterio._env.GDALEnv object at 0x7fb14e4fd1e0> created
2023-12-12 11:03:04,640 - rasterio._filepath - DEBUG - Installing FilePath filesystem handler plugin...
2023-12-12 11:03:04,640 - rasterio._env - DEBUG - GDAL data found in package: path='/home/metpublic/PYTHON_VENV/present_weather/lib/python3.10/site-packages/rasterio/gdal_data'.
2023-12-12 11:03:04,640 - rasterio._env - DEBUG - PROJ data found in package: path='/home/metpublic/PYTHON_VENV/present_weather/lib/python3.10/site-packages/rasterio/proj_data'.
2023-12-12 11:03:04,640 - rasterio._env - DEBUG - Started GDALEnv: self=<rasterio._env.GDALEnv object at 0x7fb14e4fd1e0>.
2023-12-12 11:03:04,640 - rasterio.env - DEBUG - Entered env context: <rasterio.env.Env object at 0x7fb14e4fd210>
2023-12-12 11:03:04,641 - rasterio._base - DEBUG - Sharing flag: 0
2023-12-12 11:03:04,935 - rasterio._base - DEBUG - Nodata success: 1, Nodata value: nan
2023-12-12 11:03:04,935 - rasterio._base - DEBUG - Dataset <open DatasetReader name='https://radar.bmkg.go.id/raster/radarsatelit_202312121100.tif' mode='r'> is started.
2023-12-12 11:03:04,936 - rasterio.env - DEBUG - Exiting env context: <rasterio.env.Env object at 0x7fb14e4fd210>
2023-12-12 11:03:04,936 - rasterio.env - DEBUG - Cleared existing <rasterio._env.GDALEnv object at 0x7fb14e4fd1e0> options
2023-12-12 11:03:04,936 - rasterio._env - DEBUG - Stopped GDALEnv <rasterio._env.GDALEnv object at 0x7fb14e4fd1e0>.
2023-12-12 11:03:04,936 - rasterio.env - DEBUG - Exiting outermost env
2023-12-12 11:03:04,936 - rasterio.env - DEBUG - Exited env context: <rasterio.env.Env object at 0x7fb14e4fd210>
2023-12-12 11:03:04,936 - rasterio.env - DEBUG - Entering env context: <rasterio.env.Env object at 0x7fb14e4b4910>
2023-12-12 11:03:04,936 - rasterio.env - DEBUG - Starting outermost env
2023-12-12 11:03:04,936 - rasterio.env - DEBUG - No GDAL environment exists
2023-12-12 11:03:04,936 - rasterio.env - DEBUG - New GDAL environment <rasterio._env.GDALEnv object at 0x7fb14e4fd1e0> created
2023-12-12 11:03:04,937 - rasterio._env - DEBUG - GDAL data found in package: path='/home/metpublic/PYTHON_VENV/present_weather/lib/python3.10/site-packages/rasterio/gdal_data'.
2023-12-12 11:03:04,937 - rasterio._env - DEBUG - PROJ data found in package: path='/home/metpublic/PYTHON_VENV/present_weather/lib/python3.10/site-packages/rasterio/proj_data'.
2023-12-12 11:03:04,937 - rasterio._env - DEBUG - Started GDALEnv: self=<rasterio._env.GDALEnv object at 0x7fb14e4fd1e0>.
2023-12-12 11:03:04,937 - rasterio.env - DEBUG - Entered env context: <rasterio.env.Env object at 0x7fb14e4b4910>
2023-12-12 11:03:04,937 - rasterio.env - DEBUG - Got a copy of environment <rasterio._env.GDALEnv object at 0x7fb14e4fd1e0> options
2023-12-12 11:03:04,938 - rasterio.env - DEBUG - Entering env context: <rasterio.env.Env object at 0x7fb14c3be320>
2023-12-12 11:03:04,938 - rasterio.env - DEBUG - Got a copy of environment <rasterio._env.GDALEnv object at 0x7fb14e4fd1e0> options
2023-12-12 11:03:04,938 - rasterio.env - DEBUG - Entered env context: <rasterio.env.Env object at 0x7fb14c3be320>
2023-12-12 11:03:04,938 - rasterio._base - DEBUG - Sharing flag: 0
2023-12-12 11:03:04,939 - rasterio._base - DEBUG - Nodata success: 1, Nodata value: nan
2023-12-12 11:03:04,939 - rasterio._base - DEBUG - Dataset <open DatasetReader name='https://radar.bmkg.go.id/raster/radarsatelit_202312121100.tif' mode='r'> is started.
2023-12-12 11:03:04,939 - rasterio.env - DEBUG - Exiting env context: <rasterio.env.Env object at 0x7fb14c3be320>
2023-12-12 11:03:04,939 - rasterio.env - DEBUG - Cleared existing <rasterio._env.GDALEnv object at 0x7fb14e4fd1e0> options
2023-12-12 11:03:04,939 - rasterio._env - DEBUG - Stopped GDALEnv <rasterio._env.GDALEnv object at 0x7fb14e4fd1e0>.
2023-12-12 11:03:04,939 - rasterio.env - DEBUG - No GDAL environment exists
2023-12-12 11:03:04,939 - rasterio.env - DEBUG - New GDAL environment <rasterio._env.GDALEnv object at 0x7fb14e4fd1e0> created
2023-12-12 11:03:04,939 - rasterio._env - DEBUG - GDAL data found in package: path='/home/metpublic/PYTHON_VENV/present_weather/lib/python3.10/site-packages/rasterio/gdal_data'.
2023-12-12 11:03:04,939 - rasterio._env - DEBUG - PROJ data found in package: path='/home/metpublic/PYTHON_VENV/present_weather/lib/python3.10/site-packages/rasterio/proj_data'.
2023-12-12 11:03:04,940 - rasterio._env - DEBUG - Started GDALEnv: self=<rasterio._env.GDALEnv object at 0x7fb14e4fd1e0>.
2023-12-12 11:03:04,940 - rasterio.env - DEBUG - Exited env context: <rasterio.env.Env object at 0x7fb14c3be320>
2023-12-12 11:03:04,957 - rasterio._io - DEBUG - Output nodata value read from file: nan
2023-12-12 11:03:04,957 - rasterio._io - DEBUG - Output nodata values: [nan]
2023-12-12 11:03:04,957 - rasterio._io - DEBUG - all_valid: False
2023-12-12 11:03:04,958 - rasterio._io - DEBUG - mask_flags: ([<MaskFlags.nodata: 8>],)
2023-12-12 11:03:04,958 - rasterio._io - DEBUG - Jump straight to _read()
2023-12-12 11:03:04,958 - rasterio._io - DEBUG - Window: Window(col_off=0, row_off=0, width=10215, height=3792)
2023-12-12 11:03:04,958 - rasterio._io - DEBUG - IO window xoff=0.0 yoff=0.0 width=10215.0 height=3792.0
2023-12-12 11:03:05,552 - rasterio.env - DEBUG - Exiting env context: <rasterio.env.Env object at 0x7fb14e4b4910>
2023-12-12 11:03:05,552 - rasterio.env - DEBUG - Cleared existing <rasterio._env.GDALEnv object at 0x7fb14e4fd1e0> options
2023-12-12 11:03:05,552 - rasterio._env - DEBUG - Stopped GDALEnv <rasterio._env.GDALEnv object at 0x7fb14e4fd1e0>.
2023-12-12 11:03:05,552 - rasterio.env - DEBUG - Exiting outermost env
2023-12-12 11:03:05,552 - rasterio.env - DEBUG - Exited env context: <rasterio.env.Env object at 0x7fb14e4b4910>
2023-12-12 11:03:45,803 - rasterio.env - DEBUG - Entering env context: <rasterio.env.Env object at 0x7fb14c09b1f0>
2023-12-12 11:03:45,804 - rasterio.env - DEBUG - Starting outermost env
2023-12-12 11:03:45,804 - rasterio.env - DEBUG - No GDAL environment exists
2023-12-12 11:03:45,804 - rasterio.env - DEBUG - New GDAL environment <rasterio._env.GDALEnv object at 0x7fb14c09b220> created
2023-12-12 11:03:45,805 - rasterio._env - DEBUG - GDAL data found in package: path='/home/metpublic/PYTHON_VENV/present_weather/lib/python3.10/site-packages/rasterio/gdal_data'.
2023-12-12 11:03:45,805 - rasterio._env - DEBUG - PROJ data found in package: path='/home/metpublic/PYTHON_VENV/present_weather/lib/python3.10/site-packages/rasterio/proj_data'.
2023-12-12 11:03:45,805 - rasterio._env - DEBUG - Started GDALEnv: self=<rasterio._env.GDALEnv object at 0x7fb14c09b220>.
2023-12-12 11:03:45,805 - rasterio.env - DEBUG - Entered env context: <rasterio.env.Env object at 0x7fb14c09b1f0>
2023-12-12 11:03:45,805 - rasterio._base - DEBUG - Sharing flag: 0
2023-12-12 11:03:45,806 - rasterio._base - DEBUG - Nodata success: 0, Nodata value: 0.000000
2023-12-12 11:03:45,807 - rasterio._base - DEBUG - Dataset <open DatasetReader name='/home/metpublic/TASK_RELEASE/EFAN/present_weather/src/H09_B13_Indonesia_20231212.Z1050.cor.tiff' mode='r'> is started.
2023-12-12 11:03:45,807 - rasterio.env - DEBUG - Exiting env context: <rasterio.env.Env object at 0x7fb14c09b1f0>
2023-12-12 11:03:45,807 - rasterio.env - DEBUG - Cleared existing <rasterio._env.GDALEnv object at 0x7fb14c09b220> options
2023-12-12 11:03:45,807 - rasterio._env - DEBUG - Stopped GDALEnv <rasterio._env.GDALEnv object at 0x7fb14c09b220>.
2023-12-12 11:03:45,807 - rasterio.env - DEBUG - Exiting outermost env
2023-12-12 11:03:45,807 - rasterio.env - DEBUG - Exited env context: <rasterio.env.Env object at 0x7fb14c09b1f0>
2023-12-12 11:03:45,807 - rasterio.env - DEBUG - Entering env context: <rasterio.env.Env object at 0x7fb14e57e9b0>
2023-12-12 11:03:45,807 - rasterio.env - DEBUG - Starting outermost env
2023-12-12 11:03:45,807 - rasterio.env - DEBUG - No GDAL environment exists
2023-12-12 11:03:45,807 - rasterio.env - DEBUG - New GDAL environment <rasterio._env.GDALEnv object at 0x7fb14e57ffd0> created
2023-12-12 11:03:45,808 - rasterio._env - DEBUG - GDAL data found in package: path='/home/metpublic/PYTHON_VENV/present_weather/lib/python3.10/site-packages/rasterio/gdal_data'.
2023-12-12 11:03:45,809 - rasterio._env - DEBUG - PROJ data found in package: path='/home/metpublic/PYTHON_VENV/present_weather/lib/python3.10/site-packages/rasterio/proj_data'.
2023-12-12 11:03:45,809 - rasterio._env - DEBUG - Started GDALEnv: self=<rasterio._env.GDALEnv object at 0x7fb14e57ffd0>.
2023-12-12 11:03:45,809 - rasterio.env - DEBUG - Entered env context: <rasterio.env.Env object at 0x7fb14e57e9b0>
2023-12-12 11:03:45,809 - rasterio._base - DEBUG - Sharing flag: 0
2023-12-12 11:03:45,810 - rasterio._base - DEBUG - Nodata success: 0, Nodata value: 0.000000
2023-12-12 11:03:45,810 - rasterio._base - DEBUG - Dataset <open DatasetReader name='/home/metpublic/TASK_RELEASE/EFAN/present_weather/src/H09_B13_Indonesia_20231212.Z1050.cor.tiff' mode='r'> is started.
2023-12-12 11:03:45,810 - rasterio.env - DEBUG - Exiting env context: <rasterio.env.Env object at 0x7fb14e57e9b0>
2023-12-12 11:03:45,810 - rasterio.env - DEBUG - Cleared existing <rasterio._env.GDALEnv object at 0x7fb14e57ffd0> options
2023-12-12 11:03:45,810 - rasterio._env - DEBUG - Stopped GDALEnv <rasterio._env.GDALEnv object at 0x7fb14e57ffd0>.
2023-12-12 11:03:45,810 - rasterio.env - DEBUG - Exiting outermost env
2023-12-12 11:03:45,810 - rasterio.env - DEBUG - Exited env context: <rasterio.env.Env object at 0x7fb14e57e9b0>
2023-12-12 11:03:45,826 - root - INFO - Generating present weather using SATELITE data
2023-12-12 11:07:21,137 - root - INFO - Total elapsed time: 0:04:18.142572
