2023-11-22 11:23:03,188 - root - INFO - Initiating present weather
2023-11-22 11:23:03,191 - asyncio - DEBUG - Using selector: EpollSelector
2023-11-22 11:23:06,497 - urllib3.connectionpool - DEBUG - Starting new HTTPS connection (1): radar.bmkg.go.id:8060
2023-11-22 11:23:06,577 - urllib3.connectionpool - DEBUG - https://radar.bmkg.go.id:8060 "GET /getRadarGeotif?token=19387e71e78522ae4172ec0fda640983b8438c9cfa0ca571623cb69d8327&radar=amandemenForecast&type=latest HTTP/1.1" 200 90
2023-11-22 11:23:06,580 - rasterio.env - DEBUG - Entering env context: <rasterio.env.Env object at 0x7f6487b4c3e0>
2023-11-22 11:23:06,581 - rasterio.env - DEBUG - Starting outermost env
2023-11-22 11:23:06,581 - rasterio.env - DEBUG - No GDAL environment exists
2023-11-22 11:23:06,581 - rasterio.env - DEBUG - New GDAL environment <rasterio._env.GDALEnv object at 0x7f6487b4c2e0> created
2023-11-22 11:23:06,586 - rasterio._filepath - DEBUG - Installing FilePath filesystem handler plugin...
2023-11-22 11:23:06,586 - rasterio._env - DEBUG - GDAL data found in package: path='/home/swx/miniconda3/envs/present_weather/lib/python3.12/site-packages/rasterio/gdal_data'.
2023-11-22 11:23:06,586 - rasterio._env - DEBUG - PROJ_LIB found in environment.
2023-11-22 11:23:06,586 - rasterio._env - DEBUG - Started GDALEnv: self=<rasterio._env.GDALEnv object at 0x7f6487b4c2e0>.
2023-11-22 11:23:06,586 - rasterio.env - DEBUG - Entered env context: <rasterio.env.Env object at 0x7f6487b4c3e0>
2023-11-22 11:23:06,587 - rasterio._base - DEBUG - Sharing flag: 0
2023-11-22 11:23:06,776 - rasterio._base - DEBUG - Nodata success: 1, Nodata value: nan
2023-11-22 11:23:06,777 - rasterio._base - DEBUG - Dataset <open DatasetReader name='https://radar.bmkg.go.id/raster/radarsatelit_202311221120.tif' mode='r'> is started.
2023-11-22 11:23:06,777 - rasterio.env - DEBUG - Exiting env context: <rasterio.env.Env object at 0x7f6487b4c3e0>
2023-11-22 11:23:06,777 - rasterio.env - DEBUG - Cleared existing <rasterio._env.GDALEnv object at 0x7f6487b4c2e0> options
2023-11-22 11:23:06,777 - rasterio._env - DEBUG - Stopped GDALEnv <rasterio._env.GDALEnv object at 0x7f6487b4c2e0>.
2023-11-22 11:23:06,777 - rasterio.env - DEBUG - Exiting outermost env
2023-11-22 11:23:06,778 - rasterio.env - DEBUG - Exited env context: <rasterio.env.Env object at 0x7f6487b4c3e0>
2023-11-22 11:23:06,778 - rasterio.env - DEBUG - Entering env context: <rasterio.env.Env object at 0x7f648704c470>
2023-11-22 11:23:06,778 - rasterio.env - DEBUG - Starting outermost env
2023-11-22 11:23:06,778 - rasterio.env - DEBUG - No GDAL environment exists
2023-11-22 11:23:06,778 - rasterio.env - DEBUG - New GDAL environment <rasterio._env.GDALEnv object at 0x7f6486d344f0> created
2023-11-22 11:23:06,779 - rasterio._env - DEBUG - GDAL data found in package: path='/home/swx/miniconda3/envs/present_weather/lib/python3.12/site-packages/rasterio/gdal_data'.
2023-11-22 11:23:06,779 - rasterio._env - DEBUG - PROJ_LIB found in environment.
2023-11-22 11:23:06,779 - rasterio._env - DEBUG - Started GDALEnv: self=<rasterio._env.GDALEnv object at 0x7f6486d344f0>.
2023-11-22 11:23:06,779 - rasterio.env - DEBUG - Entered env context: <rasterio.env.Env object at 0x7f648704c470>
2023-11-22 11:23:06,780 - rasterio.env - DEBUG - Got a copy of environment <rasterio._env.GDALEnv object at 0x7f6486d344f0> options
2023-11-22 11:23:06,780 - rasterio.env - DEBUG - Entering env context: <rasterio.env.Env object at 0x7f6487b4c3b0>
2023-11-22 11:23:06,780 - rasterio.env - DEBUG - Got a copy of environment <rasterio._env.GDALEnv object at 0x7f6486d344f0> options
2023-11-22 11:23:06,780 - rasterio.env - DEBUG - Entered env context: <rasterio.env.Env object at 0x7f6487b4c3b0>
2023-11-22 11:23:06,780 - rasterio._base - DEBUG - Sharing flag: 0
2023-11-22 11:23:06,782 - rasterio._base - DEBUG - Nodata success: 1, Nodata value: nan
2023-11-22 11:23:06,782 - rasterio._base - DEBUG - Dataset <open DatasetReader name='https://radar.bmkg.go.id/raster/radarsatelit_202311221120.tif' mode='r'> is started.
2023-11-22 11:23:06,782 - rasterio.env - DEBUG - Exiting env context: <rasterio.env.Env object at 0x7f6487b4c3b0>
2023-11-22 11:23:06,782 - rasterio.env - DEBUG - Cleared existing <rasterio._env.GDALEnv object at 0x7f6486d344f0> options
2023-11-22 11:23:06,782 - rasterio._env - DEBUG - Stopped GDALEnv <rasterio._env.GDALEnv object at 0x7f6486d344f0>.
2023-11-22 11:23:06,782 - rasterio.env - DEBUG - No GDAL environment exists
2023-11-22 11:23:06,782 - rasterio.env - DEBUG - New GDAL environment <rasterio._env.GDALEnv object at 0x7f6486d344f0> created
2023-11-22 11:23:06,783 - rasterio._env - DEBUG - GDAL data found in package: path='/home/swx/miniconda3/envs/present_weather/lib/python3.12/site-packages/rasterio/gdal_data'.
2023-11-22 11:23:06,783 - rasterio._env - DEBUG - PROJ_LIB found in environment.
2023-11-22 11:23:06,784 - rasterio._env - DEBUG - Started GDALEnv: self=<rasterio._env.GDALEnv object at 0x7f6486d344f0>.
2023-11-22 11:23:06,784 - rasterio.env - DEBUG - Exited env context: <rasterio.env.Env object at 0x7f6487b4c3b0>
2023-11-22 11:23:06,813 - rasterio._io - DEBUG - Output nodata value read from file: nan
2023-11-22 11:23:06,814 - rasterio._io - DEBUG - Output nodata values: [nan]
2023-11-22 11:23:06,814 - rasterio._io - DEBUG - all_valid: False
2023-11-22 11:23:06,814 - rasterio._io - DEBUG - mask_flags: ([<MaskFlags.nodata: 8>],)
2023-11-22 11:23:06,814 - rasterio._io - DEBUG - Jump straight to _read()
2023-11-22 11:23:06,814 - rasterio._io - DEBUG - Window: Window(col_off=0, row_off=0, width=10215, height=3792)
2023-11-22 11:23:06,815 - rasterio._io - DEBUG - IO window xoff=0.0 yoff=0.0 width=10215.0 height=3792.0
2023-11-22 11:23:07,591 - rasterio.env - DEBUG - Exiting env context: <rasterio.env.Env object at 0x7f648704c470>
2023-11-22 11:23:07,591 - rasterio.env - DEBUG - Cleared existing <rasterio._env.GDALEnv object at 0x7f6486d344f0> options
2023-11-22 11:23:07,592 - rasterio._env - DEBUG - Stopped GDALEnv <rasterio._env.GDALEnv object at 0x7f6486d344f0>.
2023-11-22 11:23:07,592 - rasterio.env - DEBUG - Exiting outermost env
2023-11-22 11:23:07,592 - rasterio.env - DEBUG - Exited env context: <rasterio.env.Env object at 0x7f648704c470>
2023-11-22 11:23:07,594 - urllib3.connectionpool - DEBUG - Starting new HTTPS connection (1): radar.bmkg.go.id:8060
2023-11-22 11:23:07,644 - urllib3.connectionpool - DEBUG - https://radar.bmkg.go.id:8060 "GET /getLatestLD?typeData=1 HTTP/1.1" 200 35310
2023-11-22 11:23:11,028 - root - INFO - dask.bag<lambda, npartitions=34>
2023-11-22 11:38:45,831 - root - INFO - Total elapsed time: 0:15:42.644430
