2023-11-28 11:23:02,306 - root - INFO - Initiating present weather
2023-11-28 11:23:02,307 - asyncio - DEBUG - Using selector: EpollSelector
2023-11-28 11:23:03,808 - urllib3.connectionpool - DEBUG - Starting new HTTPS connection (1): radar.bmkg.go.id:8060
2023-11-28 11:23:03,826 - urllib3.connectionpool - DEBUG - https://radar.bmkg.go.id:8060 "GET /getRadarGeotif?token=19387e71e78522ae4172ec0fda640983b8438c9cfa0ca571623cb69d8327&radar=amandemenForecast&type=latest HTTP/1.1" 200 90
2023-11-28 11:23:03,828 - rasterio.env - DEBUG - Entering env context: <rasterio.env.Env object at 0x7ff43af879d0>
2023-11-28 11:23:03,828 - rasterio.env - DEBUG - Starting outermost env
2023-11-28 11:23:03,828 - rasterio.env - DEBUG - No GDAL environment exists
2023-11-28 11:23:03,828 - rasterio.env - DEBUG - New GDAL environment <rasterio._env.GDALEnv object at 0x7ff43af87970> created
2023-11-28 11:23:03,831 - rasterio._filepath - DEBUG - Installing FilePath filesystem handler plugin...
2023-11-28 11:23:03,831 - rasterio._env - DEBUG - GDAL data found in package: path='/home/metpublic/PYTHON_VENV/present_weather/lib/python3.10/site-packages/rasterio/gdal_data'.
2023-11-28 11:23:03,831 - rasterio._env - DEBUG - PROJ data found in package: path='/home/metpublic/PYTHON_VENV/present_weather/lib/python3.10/site-packages/rasterio/proj_data'.
2023-11-28 11:23:03,831 - rasterio._env - DEBUG - Started GDALEnv: self=<rasterio._env.GDALEnv object at 0x7ff43af87970>.
2023-11-28 11:23:03,831 - rasterio.env - DEBUG - Entered env context: <rasterio.env.Env object at 0x7ff43af879d0>
2023-11-28 11:23:03,831 - rasterio._base - DEBUG - Sharing flag: 0
2023-11-28 11:23:04,011 - rasterio._base - DEBUG - Nodata success: 1, Nodata value: nan
2023-11-28 11:23:04,011 - rasterio._base - DEBUG - Dataset <open DatasetReader name='https://radar.bmkg.go.id/raster/radarsatelit_202311281120.tif' mode='r'> is started.
2023-11-28 11:23:04,012 - rasterio.env - DEBUG - Exiting env context: <rasterio.env.Env object at 0x7ff43af879d0>
2023-11-28 11:23:04,012 - rasterio.env - DEBUG - Cleared existing <rasterio._env.GDALEnv object at 0x7ff43af87970> options
2023-11-28 11:23:04,012 - rasterio._env - DEBUG - Stopped GDALEnv <rasterio._env.GDALEnv object at 0x7ff43af87970>.
2023-11-28 11:23:04,012 - rasterio.env - DEBUG - Exiting outermost env
2023-11-28 11:23:04,012 - rasterio.env - DEBUG - Exited env context: <rasterio.env.Env object at 0x7ff43af879d0>
2023-11-28 11:23:04,012 - rasterio.env - DEBUG - Entering env context: <rasterio.env.Env object at 0x7ff43af27130>
2023-11-28 11:23:04,012 - rasterio.env - DEBUG - Starting outermost env
2023-11-28 11:23:04,012 - rasterio.env - DEBUG - No GDAL environment exists
2023-11-28 11:23:04,012 - rasterio.env - DEBUG - New GDAL environment <rasterio._env.GDALEnv object at 0x7ff43af87a30> created
2023-11-28 11:23:04,013 - rasterio._env - DEBUG - GDAL data found in package: path='/home/metpublic/PYTHON_VENV/present_weather/lib/python3.10/site-packages/rasterio/gdal_data'.
2023-11-28 11:23:04,013 - rasterio._env - DEBUG - PROJ data found in package: path='/home/metpublic/PYTHON_VENV/present_weather/lib/python3.10/site-packages/rasterio/proj_data'.
2023-11-28 11:23:04,013 - rasterio._env - DEBUG - Started GDALEnv: self=<rasterio._env.GDALEnv object at 0x7ff43af87a30>.
2023-11-28 11:23:04,013 - rasterio.env - DEBUG - Entered env context: <rasterio.env.Env object at 0x7ff43af27130>
2023-11-28 11:23:04,013 - rasterio.env - DEBUG - Got a copy of environment <rasterio._env.GDALEnv object at 0x7ff43af87a30> options
2023-11-28 11:23:04,013 - rasterio.env - DEBUG - Entering env context: <rasterio.env.Env object at 0x7ff43866d060>
2023-11-28 11:23:04,013 - rasterio.env - DEBUG - Got a copy of environment <rasterio._env.GDALEnv object at 0x7ff43af87a30> options
2023-11-28 11:23:04,014 - rasterio.env - DEBUG - Entered env context: <rasterio.env.Env object at 0x7ff43866d060>
2023-11-28 11:23:04,014 - rasterio._base - DEBUG - Sharing flag: 0
2023-11-28 11:23:04,014 - rasterio._base - DEBUG - Nodata success: 1, Nodata value: nan
2023-11-28 11:23:04,014 - rasterio._base - DEBUG - Dataset <open DatasetReader name='https://radar.bmkg.go.id/raster/radarsatelit_202311281120.tif' mode='r'> is started.
2023-11-28 11:23:04,015 - rasterio.env - DEBUG - Exiting env context: <rasterio.env.Env object at 0x7ff43866d060>
2023-11-28 11:23:04,015 - rasterio.env - DEBUG - Cleared existing <rasterio._env.GDALEnv object at 0x7ff43af87a30> options
2023-11-28 11:23:04,015 - rasterio._env - DEBUG - Stopped GDALEnv <rasterio._env.GDALEnv object at 0x7ff43af87a30>.
2023-11-28 11:23:04,015 - rasterio.env - DEBUG - No GDAL environment exists
2023-11-28 11:23:04,015 - rasterio.env - DEBUG - New GDAL environment <rasterio._env.GDALEnv object at 0x7ff43af87a30> created
2023-11-28 11:23:04,015 - rasterio._env - DEBUG - GDAL data found in package: path='/home/metpublic/PYTHON_VENV/present_weather/lib/python3.10/site-packages/rasterio/gdal_data'.
2023-11-28 11:23:04,015 - rasterio._env - DEBUG - PROJ data found in package: path='/home/metpublic/PYTHON_VENV/present_weather/lib/python3.10/site-packages/rasterio/proj_data'.
2023-11-28 11:23:04,015 - rasterio._env - DEBUG - Started GDALEnv: self=<rasterio._env.GDALEnv object at 0x7ff43af87a30>.
2023-11-28 11:23:04,016 - rasterio.env - DEBUG - Exited env context: <rasterio.env.Env object at 0x7ff43866d060>
2023-11-28 11:23:04,032 - rasterio._io - DEBUG - Output nodata value read from file: nan
2023-11-28 11:23:04,032 - rasterio._io - DEBUG - Output nodata values: [nan]
2023-11-28 11:23:04,032 - rasterio._io - DEBUG - all_valid: False
2023-11-28 11:23:04,032 - rasterio._io - DEBUG - mask_flags: ([<MaskFlags.nodata: 8>],)
2023-11-28 11:23:04,033 - rasterio._io - DEBUG - Jump straight to _read()
2023-11-28 11:23:04,033 - rasterio._io - DEBUG - Window: Window(col_off=0, row_off=0, width=10178, height=3732)
2023-11-28 11:23:04,033 - rasterio._io - DEBUG - IO window xoff=0.0 yoff=0.0 width=10178.0 height=3732.0
2023-11-28 11:23:04,638 - rasterio.env - DEBUG - Exiting env context: <rasterio.env.Env object at 0x7ff43af27130>
2023-11-28 11:23:04,639 - rasterio.env - DEBUG - Cleared existing <rasterio._env.GDALEnv object at 0x7ff43af87a30> options
2023-11-28 11:23:04,639 - rasterio._env - DEBUG - Stopped GDALEnv <rasterio._env.GDALEnv object at 0x7ff43af87a30>.
2023-11-28 11:23:04,639 - rasterio.env - DEBUG - Exiting outermost env
2023-11-28 11:23:04,639 - rasterio.env - DEBUG - Exited env context: <rasterio.env.Env object at 0x7ff43af27130>
2023-11-28 11:23:04,641 - urllib3.connectionpool - DEBUG - Starting new HTTPS connection (1): radar.bmkg.go.id:8060
2023-11-28 11:23:04,653 - urllib3.connectionpool - DEBUG - https://radar.bmkg.go.id:8060 "GET /getLatestLD?typeData=1 HTTP/1.1" 200 62
2023-11-28 11:23:06,807 - rasterio.env - DEBUG - Entering env context: <rasterio.env.Env object at 0x7ff43afab2b0>
2023-11-28 11:23:06,807 - rasterio.env - DEBUG - Starting outermost env
2023-11-28 11:23:06,807 - rasterio.env - DEBUG - No GDAL environment exists
2023-11-28 11:23:06,807 - rasterio.env - DEBUG - New GDAL environment <rasterio._env.GDALEnv object at 0x7ff43afab340> created
2023-11-28 11:23:06,807 - rasterio._env - DEBUG - GDAL data found in package: path='/home/metpublic/PYTHON_VENV/present_weather/lib/python3.10/site-packages/rasterio/gdal_data'.
2023-11-28 11:23:06,808 - rasterio._env - DEBUG - PROJ data found in package: path='/home/metpublic/PYTHON_VENV/present_weather/lib/python3.10/site-packages/rasterio/proj_data'.
2023-11-28 11:23:06,808 - rasterio._env - DEBUG - Started GDALEnv: self=<rasterio._env.GDALEnv object at 0x7ff43afab340>.
2023-11-28 11:23:06,808 - rasterio.env - DEBUG - Entered env context: <rasterio.env.Env object at 0x7ff43afab2b0>
2023-11-28 11:23:06,808 - rasterio._base - DEBUG - Sharing flag: 0
2023-11-28 11:23:06,809 - rasterio._base - DEBUG - Nodata success: 0, Nodata value: 0.000000
2023-11-28 11:23:06,809 - rasterio._base - DEBUG - Dataset <open DatasetReader name='/home/metpublic/TASK_RELEASE/EFAN/present_weather/src/H09_B13_Indonesia_20231128.Z1110.cor.tiff' mode='r'> is started.
2023-11-28 11:23:06,809 - rasterio.env - DEBUG - Exiting env context: <rasterio.env.Env object at 0x7ff43afab2b0>
2023-11-28 11:23:06,809 - rasterio.env - DEBUG - Cleared existing <rasterio._env.GDALEnv object at 0x7ff43afab340> options
2023-11-28 11:23:06,809 - rasterio._env - DEBUG - Stopped GDALEnv <rasterio._env.GDALEnv object at 0x7ff43afab340>.
2023-11-28 11:23:06,809 - rasterio.env - DEBUG - Exiting outermost env
2023-11-28 11:23:06,809 - rasterio.env - DEBUG - Exited env context: <rasterio.env.Env object at 0x7ff43afab2b0>
2023-11-28 11:23:06,810 - rasterio.env - DEBUG - Entering env context: <rasterio.env.Env object at 0x7ff43866c0d0>
2023-11-28 11:23:06,810 - rasterio.env - DEBUG - Starting outermost env
2023-11-28 11:23:06,810 - rasterio.env - DEBUG - No GDAL environment exists
2023-11-28 11:23:06,810 - rasterio.env - DEBUG - New GDAL environment <rasterio._env.GDALEnv object at 0x7ff43866c9d0> created
2023-11-28 11:23:06,810 - rasterio._env - DEBUG - GDAL data found in package: path='/home/metpublic/PYTHON_VENV/present_weather/lib/python3.10/site-packages/rasterio/gdal_data'.
2023-11-28 11:23:06,810 - rasterio._env - DEBUG - PROJ data found in package: path='/home/metpublic/PYTHON_VENV/present_weather/lib/python3.10/site-packages/rasterio/proj_data'.
2023-11-28 11:23:06,810 - rasterio._env - DEBUG - Started GDALEnv: self=<rasterio._env.GDALEnv object at 0x7ff43866c9d0>.
2023-11-28 11:23:06,810 - rasterio.env - DEBUG - Entered env context: <rasterio.env.Env object at 0x7ff43866c0d0>
2023-11-28 11:23:06,810 - rasterio._base - DEBUG - Sharing flag: 0
2023-11-28 11:23:06,811 - rasterio._base - DEBUG - Nodata success: 0, Nodata value: 0.000000
2023-11-28 11:23:06,811 - rasterio._base - DEBUG - Dataset <open DatasetReader name='/home/metpublic/TASK_RELEASE/EFAN/present_weather/src/H09_B13_Indonesia_20231128.Z1110.cor.tiff' mode='r'> is started.
2023-11-28 11:23:06,812 - rasterio.env - DEBUG - Exiting env context: <rasterio.env.Env object at 0x7ff43866c0d0>
2023-11-28 11:23:06,812 - rasterio.env - DEBUG - Cleared existing <rasterio._env.GDALEnv object at 0x7ff43866c9d0> options
2023-11-28 11:23:06,812 - rasterio._env - DEBUG - Stopped GDALEnv <rasterio._env.GDALEnv object at 0x7ff43866c9d0>.
2023-11-28 11:23:06,812 - rasterio.env - DEBUG - Exiting outermost env
2023-11-28 11:23:06,812 - rasterio.env - DEBUG - Exited env context: <rasterio.env.Env object at 0x7ff43866c0d0>
2023-11-28 11:23:06,820 - root - INFO - Generating present weather using SATELITE data
2023-11-28 11:24:05,477 - root - INFO - Total elapsed time: 0:01:03.171242
