2023-11-17 14:20:03,158 - root - INFO - Initiating present weather
2023-11-17 14:20:03,162 - urllib3.connectionpool - DEBUG - Starting new HTTPS connection (1): radar.bmkg.go.id:8060
2023-11-17 14:20:03,238 - urllib3.connectionpool - DEBUG - https://radar.bmkg.go.id:8060 "GET /getRadarGeotif?token=19387e71e78522ae4172ec0fda640983b8438c9cfa0ca571623cb69d8327&radar=amandemenForecast&type=latest HTTP/1.1" 200 90
2023-11-17 14:20:03,241 - rasterio.env - DEBUG - Entering env context: <rasterio.env.Env object at 0x7fb623f40b90>
2023-11-17 14:20:03,242 - rasterio.env - DEBUG - Starting outermost env
2023-11-17 14:20:03,243 - rasterio.env - DEBUG - No GDAL environment exists
2023-11-17 14:20:03,243 - rasterio.env - DEBUG - New GDAL environment <rasterio._env.GDALEnv object at 0x7fb685436770> created
2023-11-17 14:20:03,247 - rasterio._filepath - DEBUG - Installing FilePath filesystem handler plugin...
2023-11-17 14:20:03,248 - rasterio._env - DEBUG - GDAL data found in package: path='/home/swx/miniconda3/envs/present_weather/lib/python3.12/site-packages/rasterio/gdal_data'.
2023-11-17 14:20:03,248 - rasterio._env - DEBUG - PROJ_LIB found in environment.
2023-11-17 14:20:03,248 - rasterio._env - DEBUG - Started GDALEnv: self=<rasterio._env.GDALEnv object at 0x7fb685436770>.
2023-11-17 14:20:03,248 - rasterio.env - DEBUG - Entered env context: <rasterio.env.Env object at 0x7fb623f40b90>
2023-11-17 14:20:03,248 - rasterio._base - DEBUG - Sharing flag: 0
2023-11-17 14:20:03,446 - rasterio._base - DEBUG - Nodata success: 1, Nodata value: nan
2023-11-17 14:20:03,446 - rasterio._base - DEBUG - Dataset <open DatasetReader name='https://radar.bmkg.go.id/raster/radarsatelit_202311171410.tif' mode='r'> is started.
2023-11-17 14:20:03,447 - rasterio.env - DEBUG - Exiting env context: <rasterio.env.Env object at 0x7fb623f40b90>
2023-11-17 14:20:03,447 - rasterio.env - DEBUG - Cleared existing <rasterio._env.GDALEnv object at 0x7fb685436770> options
2023-11-17 14:20:03,447 - rasterio._env - DEBUG - Stopped GDALEnv <rasterio._env.GDALEnv object at 0x7fb685436770>.
2023-11-17 14:20:03,447 - rasterio.env - DEBUG - Exiting outermost env
2023-11-17 14:20:03,448 - rasterio.env - DEBUG - Exited env context: <rasterio.env.Env object at 0x7fb623f40b90>
2023-11-17 14:20:03,448 - rasterio.env - DEBUG - Entering env context: <rasterio.env.Env object at 0x7fb66b8f2c30>
2023-11-17 14:20:03,448 - rasterio.env - DEBUG - Starting outermost env
2023-11-17 14:20:03,448 - rasterio.env - DEBUG - No GDAL environment exists
2023-11-17 14:20:03,448 - rasterio.env - DEBUG - New GDAL environment <rasterio._env.GDALEnv object at 0x7fb685436770> created
2023-11-17 14:20:03,449 - rasterio._env - DEBUG - GDAL data found in package: path='/home/swx/miniconda3/envs/present_weather/lib/python3.12/site-packages/rasterio/gdal_data'.
2023-11-17 14:20:03,449 - rasterio._env - DEBUG - PROJ_LIB found in environment.
2023-11-17 14:20:03,449 - rasterio._env - DEBUG - Started GDALEnv: self=<rasterio._env.GDALEnv object at 0x7fb685436770>.
2023-11-17 14:20:03,449 - rasterio.env - DEBUG - Entered env context: <rasterio.env.Env object at 0x7fb66b8f2c30>
2023-11-17 14:20:03,450 - rasterio.env - DEBUG - Got a copy of environment <rasterio._env.GDALEnv object at 0x7fb685436770> options
2023-11-17 14:20:03,450 - rasterio.env - DEBUG - Entering env context: <rasterio.env.Env object at 0x7fb684e94da0>
2023-11-17 14:20:03,450 - rasterio.env - DEBUG - Got a copy of environment <rasterio._env.GDALEnv object at 0x7fb685436770> options
2023-11-17 14:20:03,450 - rasterio.env - DEBUG - Entered env context: <rasterio.env.Env object at 0x7fb684e94da0>
2023-11-17 14:20:03,450 - rasterio._base - DEBUG - Sharing flag: 0
2023-11-17 14:20:03,451 - rasterio._base - DEBUG - Nodata success: 1, Nodata value: nan
2023-11-17 14:20:03,451 - rasterio._base - DEBUG - Dataset <open DatasetReader name='https://radar.bmkg.go.id/raster/radarsatelit_202311171410.tif' mode='r'> is started.
2023-11-17 14:20:03,452 - rasterio.env - DEBUG - Exiting env context: <rasterio.env.Env object at 0x7fb684e94da0>
2023-11-17 14:20:03,452 - rasterio.env - DEBUG - Cleared existing <rasterio._env.GDALEnv object at 0x7fb685436770> options
2023-11-17 14:20:03,452 - rasterio._env - DEBUG - Stopped GDALEnv <rasterio._env.GDALEnv object at 0x7fb685436770>.
2023-11-17 14:20:03,452 - rasterio.env - DEBUG - No GDAL environment exists
2023-11-17 14:20:03,452 - rasterio.env - DEBUG - New GDAL environment <rasterio._env.GDALEnv object at 0x7fb685436770> created
2023-11-17 14:20:03,452 - rasterio._env - DEBUG - GDAL data found in package: path='/home/swx/miniconda3/envs/present_weather/lib/python3.12/site-packages/rasterio/gdal_data'.
2023-11-17 14:20:03,453 - rasterio._env - DEBUG - PROJ_LIB found in environment.
2023-11-17 14:20:03,453 - rasterio._env - DEBUG - Started GDALEnv: self=<rasterio._env.GDALEnv object at 0x7fb685436770>.
2023-11-17 14:20:03,453 - rasterio.env - DEBUG - Exited env context: <rasterio.env.Env object at 0x7fb684e94da0>
2023-11-17 14:20:03,484 - rasterio._io - DEBUG - Output nodata value read from file: nan
2023-11-17 14:20:03,484 - rasterio._io - DEBUG - Output nodata values: [nan]
2023-11-17 14:20:03,485 - rasterio._io - DEBUG - all_valid: False
2023-11-17 14:20:03,485 - rasterio._io - DEBUG - mask_flags: ([<MaskFlags.nodata: 8>],)
2023-11-17 14:20:03,485 - rasterio._io - DEBUG - Jump straight to _read()
2023-11-17 14:20:03,485 - rasterio._io - DEBUG - Window: Window(col_off=0, row_off=0, width=10215, height=3792)
2023-11-17 14:20:03,486 - rasterio._io - DEBUG - IO window xoff=0.0 yoff=0.0 width=10215.0 height=3792.0
2023-11-17 14:20:04,223 - rasterio.env - DEBUG - Exiting env context: <rasterio.env.Env object at 0x7fb66b8f2c30>
2023-11-17 14:20:04,224 - rasterio.env - DEBUG - Cleared existing <rasterio._env.GDALEnv object at 0x7fb685436770> options
2023-11-17 14:20:04,224 - rasterio._env - DEBUG - Stopped GDALEnv <rasterio._env.GDALEnv object at 0x7fb685436770>.
2023-11-17 14:20:04,224 - rasterio.env - DEBUG - Exiting outermost env
2023-11-17 14:20:04,224 - rasterio.env - DEBUG - Exited env context: <rasterio.env.Env object at 0x7fb66b8f2c30>
2023-11-17 14:20:04,226 - urllib3.connectionpool - DEBUG - Starting new HTTPS connection (1): radar.bmkg.go.id:8060
2023-11-17 14:20:04,322 - urllib3.connectionpool - DEBUG - https://radar.bmkg.go.id:8060 "GET /getLatestLD?typeData=1 HTTP/1.1" 200 187199
2023-11-17 14:20:04,382 - asyncio - DEBUG - Using selector: EpollSelector
2023-11-17 14:20:11,061 - root - INFO - dask.bag<lambda, npartitions=34>
2023-11-17 14:33:40,906 - root - INFO - Total elapsed time: 0:13:37.749436
