2023-12-05 17:33:02,768 - root - INFO - Initiating present weather
2023-12-05 17:33:02,770 - asyncio - DEBUG - Using selector: EpollSelector
2023-12-05 17:33:04,280 - urllib3.connectionpool - DEBUG - Starting new HTTPS connection (1): radar.bmkg.go.id:8060
2023-12-05 17:33:04,292 - urllib3.connectionpool - DEBUG - https://radar.bmkg.go.id:8060 "GET /getLatestLD?typeData=1 HTTP/1.1" 200 62
2023-12-05 17:33:04,294 - urllib3.connectionpool - DEBUG - Starting new HTTPS connection (1): radar.bmkg.go.id:8060
2023-12-05 17:33:04,316 - urllib3.connectionpool - DEBUG - https://radar.bmkg.go.id:8060 "GET /getRadarGeotif?token=19387e71e78522ae4172ec0fda640983b8438c9cfa0ca571623cb69d8327&radar=amandemenForecast&type=latest HTTP/1.1" 200 90
2023-12-05 17:33:04,318 - rasterio.env - DEBUG - Entering env context: <rasterio.env.Env object at 0x7ff3e38f6ce0>
2023-12-05 17:33:04,319 - rasterio.env - DEBUG - Starting outermost env
2023-12-05 17:33:04,319 - rasterio.env - DEBUG - No GDAL environment exists
2023-12-05 17:33:04,319 - rasterio.env - DEBUG - New GDAL environment <rasterio._env.GDALEnv object at 0x7ff3e38f6bc0> created
2023-12-05 17:33:04,321 - rasterio._filepath - DEBUG - Installing FilePath filesystem handler plugin...
2023-12-05 17:33:04,322 - rasterio._env - DEBUG - GDAL data found in package: path='/home/metpublic/PYTHON_VENV/present_weather/lib/python3.10/site-packages/rasterio/gdal_data'.
2023-12-05 17:33:04,322 - rasterio._env - DEBUG - PROJ data found in package: path='/home/metpublic/PYTHON_VENV/present_weather/lib/python3.10/site-packages/rasterio/proj_data'.
2023-12-05 17:33:04,322 - rasterio._env - DEBUG - Started GDALEnv: self=<rasterio._env.GDALEnv object at 0x7ff3e38f6bc0>.
2023-12-05 17:33:04,322 - rasterio.env - DEBUG - Entered env context: <rasterio.env.Env object at 0x7ff3e38f6ce0>
2023-12-05 17:33:04,322 - rasterio._base - DEBUG - Sharing flag: 0
2023-12-05 17:33:04,542 - rasterio._base - DEBUG - Nodata success: 1, Nodata value: nan
2023-12-05 17:33:04,542 - rasterio._base - DEBUG - Dataset <open DatasetReader name='https://radar.bmkg.go.id/raster/radarsatelit_202312051730.tif' mode='r'> is started.
2023-12-05 17:33:04,543 - rasterio.env - DEBUG - Exiting env context: <rasterio.env.Env object at 0x7ff3e38f6ce0>
2023-12-05 17:33:04,543 - rasterio.env - DEBUG - Cleared existing <rasterio._env.GDALEnv object at 0x7ff3e38f6bc0> options
2023-12-05 17:33:04,543 - rasterio._env - DEBUG - Stopped GDALEnv <rasterio._env.GDALEnv object at 0x7ff3e38f6bc0>.
2023-12-05 17:33:04,543 - rasterio.env - DEBUG - Exiting outermost env
2023-12-05 17:33:04,543 - rasterio.env - DEBUG - Exited env context: <rasterio.env.Env object at 0x7ff3e38f6ce0>
2023-12-05 17:33:04,543 - rasterio.env - DEBUG - Entering env context: <rasterio.env.Env object at 0x7ff3e2f805b0>
2023-12-05 17:33:04,543 - rasterio.env - DEBUG - Starting outermost env
2023-12-05 17:33:04,543 - rasterio.env - DEBUG - No GDAL environment exists
2023-12-05 17:33:04,543 - rasterio.env - DEBUG - New GDAL environment <rasterio._env.GDALEnv object at 0x7ff3e38f6bc0> created
2023-12-05 17:33:04,544 - rasterio._env - DEBUG - GDAL data found in package: path='/home/metpublic/PYTHON_VENV/present_weather/lib/python3.10/site-packages/rasterio/gdal_data'.
2023-12-05 17:33:04,544 - rasterio._env - DEBUG - PROJ data found in package: path='/home/metpublic/PYTHON_VENV/present_weather/lib/python3.10/site-packages/rasterio/proj_data'.
2023-12-05 17:33:04,544 - rasterio._env - DEBUG - Started GDALEnv: self=<rasterio._env.GDALEnv object at 0x7ff3e38f6bc0>.
2023-12-05 17:33:04,544 - rasterio.env - DEBUG - Entered env context: <rasterio.env.Env object at 0x7ff3e2f805b0>
2023-12-05 17:33:04,544 - rasterio.env - DEBUG - Got a copy of environment <rasterio._env.GDALEnv object at 0x7ff3e38f6bc0> options
2023-12-05 17:33:04,545 - rasterio.env - DEBUG - Entering env context: <rasterio.env.Env object at 0x7ff3e0686080>
2023-12-05 17:33:04,545 - rasterio.env - DEBUG - Got a copy of environment <rasterio._env.GDALEnv object at 0x7ff3e38f6bc0> options
2023-12-05 17:33:04,545 - rasterio.env - DEBUG - Entered env context: <rasterio.env.Env object at 0x7ff3e0686080>
2023-12-05 17:33:04,545 - rasterio._base - DEBUG - Sharing flag: 0
2023-12-05 17:33:04,546 - rasterio._base - DEBUG - Nodata success: 1, Nodata value: nan
2023-12-05 17:33:04,546 - rasterio._base - DEBUG - Dataset <open DatasetReader name='https://radar.bmkg.go.id/raster/radarsatelit_202312051730.tif' mode='r'> is started.
2023-12-05 17:33:04,546 - rasterio.env - DEBUG - Exiting env context: <rasterio.env.Env object at 0x7ff3e0686080>
2023-12-05 17:33:04,546 - rasterio.env - DEBUG - Cleared existing <rasterio._env.GDALEnv object at 0x7ff3e38f6bc0> options
2023-12-05 17:33:04,546 - rasterio._env - DEBUG - Stopped GDALEnv <rasterio._env.GDALEnv object at 0x7ff3e38f6bc0>.
2023-12-05 17:33:04,546 - rasterio.env - DEBUG - No GDAL environment exists
2023-12-05 17:33:04,546 - rasterio.env - DEBUG - New GDAL environment <rasterio._env.GDALEnv object at 0x7ff3e38f6bc0> created
2023-12-05 17:33:04,547 - rasterio._env - DEBUG - GDAL data found in package: path='/home/metpublic/PYTHON_VENV/present_weather/lib/python3.10/site-packages/rasterio/gdal_data'.
2023-12-05 17:33:04,547 - rasterio._env - DEBUG - PROJ data found in package: path='/home/metpublic/PYTHON_VENV/present_weather/lib/python3.10/site-packages/rasterio/proj_data'.
2023-12-05 17:33:04,547 - rasterio._env - DEBUG - Started GDALEnv: self=<rasterio._env.GDALEnv object at 0x7ff3e38f6bc0>.
2023-12-05 17:33:04,547 - rasterio.env - DEBUG - Exited env context: <rasterio.env.Env object at 0x7ff3e0686080>
2023-12-05 17:33:04,562 - rasterio._io - DEBUG - Output nodata value read from file: nan
2023-12-05 17:33:04,562 - rasterio._io - DEBUG - Output nodata values: [nan]
2023-12-05 17:33:04,563 - rasterio._io - DEBUG - all_valid: False
2023-12-05 17:33:04,563 - rasterio._io - DEBUG - mask_flags: ([<MaskFlags.nodata: 8>],)
2023-12-05 17:33:04,563 - rasterio._io - DEBUG - Jump straight to _read()
2023-12-05 17:33:04,563 - rasterio._io - DEBUG - Window: Window(col_off=0, row_off=0, width=10177, height=3732)
2023-12-05 17:33:04,563 - rasterio._io - DEBUG - IO window xoff=0.0 yoff=0.0 width=10177.0 height=3732.0
2023-12-05 17:33:05,104 - rasterio.env - DEBUG - Exiting env context: <rasterio.env.Env object at 0x7ff3e2f805b0>
2023-12-05 17:33:05,104 - rasterio.env - DEBUG - Cleared existing <rasterio._env.GDALEnv object at 0x7ff3e38f6bc0> options
2023-12-05 17:33:05,104 - rasterio._env - DEBUG - Stopped GDALEnv <rasterio._env.GDALEnv object at 0x7ff3e38f6bc0>.
2023-12-05 17:33:05,104 - rasterio.env - DEBUG - Exiting outermost env
2023-12-05 17:33:05,104 - rasterio.env - DEBUG - Exited env context: <rasterio.env.Env object at 0x7ff3e2f805b0>
2023-12-05 17:37:50,766 - rasterio.env - DEBUG - Entering env context: <rasterio.env.Env object at 0x7ff3e0684490>
2023-12-05 17:37:50,766 - rasterio.env - DEBUG - Starting outermost env
2023-12-05 17:37:50,766 - rasterio.env - DEBUG - No GDAL environment exists
2023-12-05 17:37:50,766 - rasterio.env - DEBUG - New GDAL environment <rasterio._env.GDALEnv object at 0x7ff3e0702920> created
2023-12-05 17:37:50,767 - rasterio._env - DEBUG - GDAL data found in package: path='/home/metpublic/PYTHON_VENV/present_weather/lib/python3.10/site-packages/rasterio/gdal_data'.
2023-12-05 17:37:50,768 - rasterio._env - DEBUG - PROJ data found in package: path='/home/metpublic/PYTHON_VENV/present_weather/lib/python3.10/site-packages/rasterio/proj_data'.
2023-12-05 17:37:50,768 - rasterio._env - DEBUG - Started GDALEnv: self=<rasterio._env.GDALEnv object at 0x7ff3e0702920>.
2023-12-05 17:37:50,768 - rasterio.env - DEBUG - Entered env context: <rasterio.env.Env object at 0x7ff3e0684490>
2023-12-05 17:37:50,768 - rasterio._base - DEBUG - Sharing flag: 0
2023-12-05 17:37:50,770 - rasterio._base - DEBUG - Nodata success: 0, Nodata value: 0.000000
2023-12-05 17:37:50,770 - rasterio._base - DEBUG - Dataset <open DatasetReader name='/home/metpublic/TASK_RELEASE/EFAN/present_weather/src/H09_B13_Indonesia_20231205.Z1720.cor.tiff' mode='r'> is started.
2023-12-05 17:37:50,770 - rasterio.env - DEBUG - Exiting env context: <rasterio.env.Env object at 0x7ff3e0684490>
2023-12-05 17:37:50,770 - rasterio.env - DEBUG - Cleared existing <rasterio._env.GDALEnv object at 0x7ff3e0702920> options
2023-12-05 17:37:50,770 - rasterio._env - DEBUG - Stopped GDALEnv <rasterio._env.GDALEnv object at 0x7ff3e0702920>.
2023-12-05 17:37:50,770 - rasterio.env - DEBUG - Exiting outermost env
2023-12-05 17:37:50,771 - rasterio.env - DEBUG - Exited env context: <rasterio.env.Env object at 0x7ff3e0684490>
2023-12-05 17:37:50,772 - rasterio.env - DEBUG - Entering env context: <rasterio.env.Env object at 0x7ff3e048ee00>
2023-12-05 17:37:50,772 - rasterio.env - DEBUG - Starting outermost env
2023-12-05 17:37:50,772 - rasterio.env - DEBUG - No GDAL environment exists
2023-12-05 17:37:50,772 - rasterio.env - DEBUG - New GDAL environment <rasterio._env.GDALEnv object at 0x7ff3e048cf10> created
2023-12-05 17:37:50,772 - rasterio._env - DEBUG - GDAL data found in package: path='/home/metpublic/PYTHON_VENV/present_weather/lib/python3.10/site-packages/rasterio/gdal_data'.
2023-12-05 17:37:50,773 - rasterio._env - DEBUG - PROJ data found in package: path='/home/metpublic/PYTHON_VENV/present_weather/lib/python3.10/site-packages/rasterio/proj_data'.
2023-12-05 17:37:50,773 - rasterio._env - DEBUG - Started GDALEnv: self=<rasterio._env.GDALEnv object at 0x7ff3e048cf10>.
2023-12-05 17:37:50,773 - rasterio.env - DEBUG - Entered env context: <rasterio.env.Env object at 0x7ff3e048ee00>
2023-12-05 17:37:50,773 - rasterio._base - DEBUG - Sharing flag: 0
2023-12-05 17:37:50,774 - rasterio._base - DEBUG - Nodata success: 0, Nodata value: 0.000000
2023-12-05 17:37:50,775 - rasterio._base - DEBUG - Dataset <open DatasetReader name='/home/metpublic/TASK_RELEASE/EFAN/present_weather/src/H09_B13_Indonesia_20231205.Z1720.cor.tiff' mode='r'> is started.
2023-12-05 17:37:50,775 - rasterio.env - DEBUG - Exiting env context: <rasterio.env.Env object at 0x7ff3e048ee00>
2023-12-05 17:37:50,775 - rasterio.env - DEBUG - Cleared existing <rasterio._env.GDALEnv object at 0x7ff3e048cf10> options
2023-12-05 17:37:50,775 - rasterio._env - DEBUG - Stopped GDALEnv <rasterio._env.GDALEnv object at 0x7ff3e048cf10>.
2023-12-05 17:37:50,775 - rasterio.env - DEBUG - Exiting outermost env
2023-12-05 17:37:50,775 - rasterio.env - DEBUG - Exited env context: <rasterio.env.Env object at 0x7ff3e048ee00>
2023-12-05 17:37:50,787 - root - INFO - Generating present weather using SATELITE data
2023-12-05 17:39:43,366 - root - INFO - Total elapsed time: 0:06:40.598987
