2023-11-28 11:03:02,772 - root - INFO - Initiating present weather
2023-11-28 11:03:02,774 - asyncio - DEBUG - Using selector: EpollSelector
2023-11-28 11:03:04,240 - urllib3.connectionpool - DEBUG - Starting new HTTPS connection (1): radar.bmkg.go.id:8060
2023-11-28 11:03:04,259 - urllib3.connectionpool - DEBUG - https://radar.bmkg.go.id:8060 "GET /getRadarGeotif?token=19387e71e78522ae4172ec0fda640983b8438c9cfa0ca571623cb69d8327&radar=amandemenForecast&type=latest HTTP/1.1" 200 90
2023-11-28 11:03:04,260 - rasterio.env - DEBUG - Entering env context: <rasterio.env.Env object at 0x7f5d0e172dd0>
2023-11-28 11:03:04,261 - rasterio.env - DEBUG - Starting outermost env
2023-11-28 11:03:04,261 - rasterio.env - DEBUG - No GDAL environment exists
2023-11-28 11:03:04,261 - rasterio.env - DEBUG - New GDAL environment <rasterio._env.GDALEnv object at 0x7f5d0e172ef0> created
2023-11-28 11:03:04,264 - rasterio._filepath - DEBUG - Installing FilePath filesystem handler plugin...
2023-11-28 11:03:04,264 - rasterio._env - DEBUG - GDAL data found in package: path='/home/metpublic/PYTHON_VENV/present_weather/lib/python3.10/site-packages/rasterio/gdal_data'.
2023-11-28 11:03:04,264 - rasterio._env - DEBUG - PROJ data found in package: path='/home/metpublic/PYTHON_VENV/present_weather/lib/python3.10/site-packages/rasterio/proj_data'.
2023-11-28 11:03:04,264 - rasterio._env - DEBUG - Started GDALEnv: self=<rasterio._env.GDALEnv object at 0x7f5d0e172ef0>.
2023-11-28 11:03:04,264 - rasterio.env - DEBUG - Entered env context: <rasterio.env.Env object at 0x7f5d0e172dd0>
2023-11-28 11:03:04,264 - rasterio._base - DEBUG - Sharing flag: 0
2023-11-28 11:03:04,446 - rasterio._base - DEBUG - Nodata success: 1, Nodata value: nan
2023-11-28 11:03:04,446 - rasterio._base - DEBUG - Dataset <open DatasetReader name='https://radar.bmkg.go.id/raster/radarsatelit_202311281100.tif' mode='r'> is started.
2023-11-28 11:03:04,447 - rasterio.env - DEBUG - Exiting env context: <rasterio.env.Env object at 0x7f5d0e172dd0>
2023-11-28 11:03:04,447 - rasterio.env - DEBUG - Cleared existing <rasterio._env.GDALEnv object at 0x7f5d0e172ef0> options
2023-11-28 11:03:04,447 - rasterio._env - DEBUG - Stopped GDALEnv <rasterio._env.GDALEnv object at 0x7f5d0e172ef0>.
2023-11-28 11:03:04,447 - rasterio.env - DEBUG - Exiting outermost env
2023-11-28 11:03:04,447 - rasterio.env - DEBUG - Exited env context: <rasterio.env.Env object at 0x7f5d0e172dd0>
2023-11-28 11:03:04,447 - rasterio.env - DEBUG - Entering env context: <rasterio.env.Env object at 0x7f5d0e1705b0>
2023-11-28 11:03:04,447 - rasterio.env - DEBUG - Starting outermost env
2023-11-28 11:03:04,447 - rasterio.env - DEBUG - No GDAL environment exists
2023-11-28 11:03:04,447 - rasterio.env - DEBUG - New GDAL environment <rasterio._env.GDALEnv object at 0x7f5d0e172ef0> created
2023-11-28 11:03:04,448 - rasterio._env - DEBUG - GDAL data found in package: path='/home/metpublic/PYTHON_VENV/present_weather/lib/python3.10/site-packages/rasterio/gdal_data'.
2023-11-28 11:03:04,448 - rasterio._env - DEBUG - PROJ data found in package: path='/home/metpublic/PYTHON_VENV/present_weather/lib/python3.10/site-packages/rasterio/proj_data'.
2023-11-28 11:03:04,448 - rasterio._env - DEBUG - Started GDALEnv: self=<rasterio._env.GDALEnv object at 0x7f5d0e172ef0>.
2023-11-28 11:03:04,448 - rasterio.env - DEBUG - Entered env context: <rasterio.env.Env object at 0x7f5d0e1705b0>
2023-11-28 11:03:04,448 - rasterio.env - DEBUG - Got a copy of environment <rasterio._env.GDALEnv object at 0x7f5d0e172ef0> options
2023-11-28 11:03:04,449 - rasterio.env - DEBUG - Entering env context: <rasterio.env.Env object at 0x7f5cf47592a0>
2023-11-28 11:03:04,449 - rasterio.env - DEBUG - Got a copy of environment <rasterio._env.GDALEnv object at 0x7f5d0e172ef0> options
2023-11-28 11:03:04,449 - rasterio.env - DEBUG - Entered env context: <rasterio.env.Env object at 0x7f5cf47592a0>
2023-11-28 11:03:04,449 - rasterio._base - DEBUG - Sharing flag: 0
2023-11-28 11:03:04,451 - rasterio._base - DEBUG - Nodata success: 1, Nodata value: nan
2023-11-28 11:03:04,451 - rasterio._base - DEBUG - Dataset <open DatasetReader name='https://radar.bmkg.go.id/raster/radarsatelit_202311281100.tif' mode='r'> is started.
2023-11-28 11:03:04,451 - rasterio.env - DEBUG - Exiting env context: <rasterio.env.Env object at 0x7f5cf47592a0>
2023-11-28 11:03:04,451 - rasterio.env - DEBUG - Cleared existing <rasterio._env.GDALEnv object at 0x7f5d0e172ef0> options
2023-11-28 11:03:04,451 - rasterio._env - DEBUG - Stopped GDALEnv <rasterio._env.GDALEnv object at 0x7f5d0e172ef0>.
2023-11-28 11:03:04,451 - rasterio.env - DEBUG - No GDAL environment exists
2023-11-28 11:03:04,451 - rasterio.env - DEBUG - New GDAL environment <rasterio._env.GDALEnv object at 0x7f5d0e172ef0> created
2023-11-28 11:03:04,452 - rasterio._env - DEBUG - GDAL data found in package: path='/home/metpublic/PYTHON_VENV/present_weather/lib/python3.10/site-packages/rasterio/gdal_data'.
2023-11-28 11:03:04,452 - rasterio._env - DEBUG - PROJ data found in package: path='/home/metpublic/PYTHON_VENV/present_weather/lib/python3.10/site-packages/rasterio/proj_data'.
2023-11-28 11:03:04,452 - rasterio._env - DEBUG - Started GDALEnv: self=<rasterio._env.GDALEnv object at 0x7f5d0e172ef0>.
2023-11-28 11:03:04,452 - rasterio.env - DEBUG - Exited env context: <rasterio.env.Env object at 0x7f5cf47592a0>
2023-11-28 11:03:04,468 - rasterio._io - DEBUG - Output nodata value read from file: nan
2023-11-28 11:03:04,468 - rasterio._io - DEBUG - Output nodata values: [nan]
2023-11-28 11:03:04,469 - rasterio._io - DEBUG - all_valid: False
2023-11-28 11:03:04,469 - rasterio._io - DEBUG - mask_flags: ([<MaskFlags.nodata: 8>],)
2023-11-28 11:03:04,470 - rasterio._io - DEBUG - Jump straight to _read()
2023-11-28 11:03:04,470 - rasterio._io - DEBUG - Window: Window(col_off=0, row_off=0, width=10178, height=3732)
2023-11-28 11:03:04,470 - rasterio._io - DEBUG - IO window xoff=0.0 yoff=0.0 width=10178.0 height=3732.0
2023-11-28 11:03:05,075 - rasterio.env - DEBUG - Exiting env context: <rasterio.env.Env object at 0x7f5d0e1705b0>
2023-11-28 11:03:05,075 - rasterio.env - DEBUG - Cleared existing <rasterio._env.GDALEnv object at 0x7f5d0e172ef0> options
2023-11-28 11:03:05,075 - rasterio._env - DEBUG - Stopped GDALEnv <rasterio._env.GDALEnv object at 0x7f5d0e172ef0>.
2023-11-28 11:03:05,075 - rasterio.env - DEBUG - Exiting outermost env
2023-11-28 11:03:05,075 - rasterio.env - DEBUG - Exited env context: <rasterio.env.Env object at 0x7f5d0e1705b0>
2023-11-28 11:03:05,077 - urllib3.connectionpool - DEBUG - Starting new HTTPS connection (1): radar.bmkg.go.id:8060
2023-11-28 11:03:05,092 - urllib3.connectionpool - DEBUG - https://radar.bmkg.go.id:8060 "GET /getLatestLD?typeData=1 HTTP/1.1" 200 62
2023-11-28 11:03:06,800 - rasterio.env - DEBUG - Entering env context: <rasterio.env.Env object at 0x7f5d0e0ef6a0>
2023-11-28 11:03:06,801 - rasterio.env - DEBUG - Starting outermost env
2023-11-28 11:03:06,801 - rasterio.env - DEBUG - No GDAL environment exists
2023-11-28 11:03:06,801 - rasterio.env - DEBUG - New GDAL environment <rasterio._env.GDALEnv object at 0x7f5d0e0efa30> created
2023-11-28 11:03:06,802 - rasterio._env - DEBUG - GDAL data found in package: path='/home/metpublic/PYTHON_VENV/present_weather/lib/python3.10/site-packages/rasterio/gdal_data'.
2023-11-28 11:03:06,803 - rasterio._env - DEBUG - PROJ data found in package: path='/home/metpublic/PYTHON_VENV/present_weather/lib/python3.10/site-packages/rasterio/proj_data'.
2023-11-28 11:03:06,803 - rasterio._env - DEBUG - Started GDALEnv: self=<rasterio._env.GDALEnv object at 0x7f5d0e0efa30>.
2023-11-28 11:03:06,803 - rasterio.env - DEBUG - Entered env context: <rasterio.env.Env object at 0x7f5d0e0ef6a0>
2023-11-28 11:03:06,803 - rasterio._base - DEBUG - Sharing flag: 0
2023-11-28 11:03:06,804 - rasterio._base - DEBUG - Nodata success: 0, Nodata value: 0.000000
2023-11-28 11:03:06,806 - rasterio._base - DEBUG - Dataset <open DatasetReader name='/home/metpublic/TASK_RELEASE/EFAN/present_weather/src/H09_B13_Indonesia_20231128.Z1050.cor.tiff' mode='r'> is started.
2023-11-28 11:03:06,807 - rasterio.env - DEBUG - Exiting env context: <rasterio.env.Env object at 0x7f5d0e0ef6a0>
2023-11-28 11:03:06,807 - rasterio.env - DEBUG - Cleared existing <rasterio._env.GDALEnv object at 0x7f5d0e0efa30> options
2023-11-28 11:03:06,807 - rasterio._env - DEBUG - Stopped GDALEnv <rasterio._env.GDALEnv object at 0x7f5d0e0efa30>.
2023-11-28 11:03:06,807 - rasterio.env - DEBUG - Exiting outermost env
2023-11-28 11:03:06,807 - rasterio.env - DEBUG - Exited env context: <rasterio.env.Env object at 0x7f5d0e0ef6a0>
2023-11-28 11:03:06,807 - rasterio.env - DEBUG - Entering env context: <rasterio.env.Env object at 0x7f5cf4759420>
2023-11-28 11:03:06,807 - rasterio.env - DEBUG - Starting outermost env
2023-11-28 11:03:06,807 - rasterio.env - DEBUG - No GDAL environment exists
2023-11-28 11:03:06,807 - rasterio.env - DEBUG - New GDAL environment <rasterio._env.GDALEnv object at 0x7f5cf475b250> created
2023-11-28 11:03:06,808 - rasterio._env - DEBUG - GDAL data found in package: path='/home/metpublic/PYTHON_VENV/present_weather/lib/python3.10/site-packages/rasterio/gdal_data'.
2023-11-28 11:03:06,808 - rasterio._env - DEBUG - PROJ data found in package: path='/home/metpublic/PYTHON_VENV/present_weather/lib/python3.10/site-packages/rasterio/proj_data'.
2023-11-28 11:03:06,808 - rasterio._env - DEBUG - Started GDALEnv: self=<rasterio._env.GDALEnv object at 0x7f5cf475b250>.
2023-11-28 11:03:06,808 - rasterio.env - DEBUG - Entered env context: <rasterio.env.Env object at 0x7f5cf4759420>
2023-11-28 11:03:06,808 - rasterio._base - DEBUG - Sharing flag: 0
2023-11-28 11:03:06,809 - rasterio._base - DEBUG - Nodata success: 0, Nodata value: 0.000000
2023-11-28 11:03:06,810 - rasterio._base - DEBUG - Dataset <open DatasetReader name='/home/metpublic/TASK_RELEASE/EFAN/present_weather/src/H09_B13_Indonesia_20231128.Z1050.cor.tiff' mode='r'> is started.
2023-11-28 11:03:06,810 - rasterio.env - DEBUG - Exiting env context: <rasterio.env.Env object at 0x7f5cf4759420>
2023-11-28 11:03:06,810 - rasterio.env - DEBUG - Cleared existing <rasterio._env.GDALEnv object at 0x7f5cf475b250> options
2023-11-28 11:03:06,810 - rasterio._env - DEBUG - Stopped GDALEnv <rasterio._env.GDALEnv object at 0x7f5cf475b250>.
2023-11-28 11:03:06,810 - rasterio.env - DEBUG - Exiting outermost env
2023-11-28 11:03:06,810 - rasterio.env - DEBUG - Exited env context: <rasterio.env.Env object at 0x7f5cf4759420>
2023-11-28 11:03:06,820 - root - INFO - Generating present weather using SATELITE data
2023-11-28 11:04:02,886 - root - INFO - Total elapsed time: 0:01:00.114413
