2023-12-10 18:23:02,533 - root - INFO - Initiating present weather
2023-12-10 18:23:02,536 - asyncio - DEBUG - Using selector: EpollSelector
2023-12-10 18:23:04,156 - urllib3.connectionpool - DEBUG - Starting new HTTPS connection (1): radar.bmkg.go.id:8060
2023-12-10 18:23:04,174 - urllib3.connectionpool - DEBUG - https://radar.bmkg.go.id:8060 "GET /getLatestLD?typeData=1 HTTP/1.1" 200 62
2023-12-10 18:23:04,177 - urllib3.connectionpool - DEBUG - Starting new HTTPS connection (1): radar.bmkg.go.id:8060
2023-12-10 18:23:04,198 - urllib3.connectionpool - DEBUG - https://radar.bmkg.go.id:8060 "GET /getRadarGeotif?token=19387e71e78522ae4172ec0fda640983b8438c9cfa0ca571623cb69d8327&radar=amandemenForecast&type=latest HTTP/1.1" 200 90
2023-12-10 18:23:04,199 - rasterio.env - DEBUG - Entering env context: <rasterio.env.Env object at 0x7f55a2196cb0>
2023-12-10 18:23:04,199 - rasterio.env - DEBUG - Starting outermost env
2023-12-10 18:23:04,199 - rasterio.env - DEBUG - No GDAL environment exists
2023-12-10 18:23:04,199 - rasterio.env - DEBUG - New GDAL environment <rasterio._env.GDALEnv object at 0x7f55a2196b90> created
2023-12-10 18:23:04,202 - rasterio._filepath - DEBUG - Installing FilePath filesystem handler plugin...
2023-12-10 18:23:04,202 - rasterio._env - DEBUG - GDAL data found in package: path='/home/metpublic/PYTHON_VENV/present_weather/lib/python3.10/site-packages/rasterio/gdal_data'.
2023-12-10 18:23:04,202 - rasterio._env - DEBUG - PROJ data found in package: path='/home/metpublic/PYTHON_VENV/present_weather/lib/python3.10/site-packages/rasterio/proj_data'.
2023-12-10 18:23:04,202 - rasterio._env - DEBUG - Started GDALEnv: self=<rasterio._env.GDALEnv object at 0x7f55a2196b90>.
2023-12-10 18:23:04,202 - rasterio.env - DEBUG - Entered env context: <rasterio.env.Env object at 0x7f55a2196cb0>
2023-12-10 18:23:04,202 - rasterio._base - DEBUG - Sharing flag: 0
2023-12-10 18:23:04,463 - rasterio._base - DEBUG - Nodata success: 1, Nodata value: nan
2023-12-10 18:23:04,463 - rasterio._base - DEBUG - Dataset <open DatasetReader name='https://radar.bmkg.go.id/raster/radarsatelit_202312101820.tif' mode='r'> is started.
2023-12-10 18:23:04,463 - rasterio.env - DEBUG - Exiting env context: <rasterio.env.Env object at 0x7f55a2196cb0>
2023-12-10 18:23:04,463 - rasterio.env - DEBUG - Cleared existing <rasterio._env.GDALEnv object at 0x7f55a2196b90> options
2023-12-10 18:23:04,463 - rasterio._env - DEBUG - Stopped GDALEnv <rasterio._env.GDALEnv object at 0x7f55a2196b90>.
2023-12-10 18:23:04,464 - rasterio.env - DEBUG - Exiting outermost env
2023-12-10 18:23:04,464 - rasterio.env - DEBUG - Exited env context: <rasterio.env.Env object at 0x7f55a2196cb0>
2023-12-10 18:23:04,464 - rasterio.env - DEBUG - Entering env context: <rasterio.env.Env object at 0x7f55a18202e0>
2023-12-10 18:23:04,464 - rasterio.env - DEBUG - Starting outermost env
2023-12-10 18:23:04,464 - rasterio.env - DEBUG - No GDAL environment exists
2023-12-10 18:23:04,464 - rasterio.env - DEBUG - New GDAL environment <rasterio._env.GDALEnv object at 0x7f55a2196b90> created
2023-12-10 18:23:04,464 - rasterio._env - DEBUG - GDAL data found in package: path='/home/metpublic/PYTHON_VENV/present_weather/lib/python3.10/site-packages/rasterio/gdal_data'.
2023-12-10 18:23:04,464 - rasterio._env - DEBUG - PROJ data found in package: path='/home/metpublic/PYTHON_VENV/present_weather/lib/python3.10/site-packages/rasterio/proj_data'.
2023-12-10 18:23:04,464 - rasterio._env - DEBUG - Started GDALEnv: self=<rasterio._env.GDALEnv object at 0x7f55a2196b90>.
2023-12-10 18:23:04,465 - rasterio.env - DEBUG - Entered env context: <rasterio.env.Env object at 0x7f55a18202e0>
2023-12-10 18:23:04,465 - rasterio.env - DEBUG - Got a copy of environment <rasterio._env.GDALEnv object at 0x7f55a2196b90> options
2023-12-10 18:23:04,465 - rasterio.env - DEBUG - Entering env context: <rasterio.env.Env object at 0x7f55a072a110>
2023-12-10 18:23:04,465 - rasterio.env - DEBUG - Got a copy of environment <rasterio._env.GDALEnv object at 0x7f55a2196b90> options
2023-12-10 18:23:04,465 - rasterio.env - DEBUG - Entered env context: <rasterio.env.Env object at 0x7f55a072a110>
2023-12-10 18:23:04,465 - rasterio._base - DEBUG - Sharing flag: 0
2023-12-10 18:23:04,466 - rasterio._base - DEBUG - Nodata success: 1, Nodata value: nan
2023-12-10 18:23:04,466 - rasterio._base - DEBUG - Dataset <open DatasetReader name='https://radar.bmkg.go.id/raster/radarsatelit_202312101820.tif' mode='r'> is started.
2023-12-10 18:23:04,466 - rasterio.env - DEBUG - Exiting env context: <rasterio.env.Env object at 0x7f55a072a110>
2023-12-10 18:23:04,466 - rasterio.env - DEBUG - Cleared existing <rasterio._env.GDALEnv object at 0x7f55a2196b90> options
2023-12-10 18:23:04,466 - rasterio._env - DEBUG - Stopped GDALEnv <rasterio._env.GDALEnv object at 0x7f55a2196b90>.
2023-12-10 18:23:04,466 - rasterio.env - DEBUG - No GDAL environment exists
2023-12-10 18:23:04,466 - rasterio.env - DEBUG - New GDAL environment <rasterio._env.GDALEnv object at 0x7f55a2196b90> created
2023-12-10 18:23:04,467 - rasterio._env - DEBUG - GDAL data found in package: path='/home/metpublic/PYTHON_VENV/present_weather/lib/python3.10/site-packages/rasterio/gdal_data'.
2023-12-10 18:23:04,467 - rasterio._env - DEBUG - PROJ data found in package: path='/home/metpublic/PYTHON_VENV/present_weather/lib/python3.10/site-packages/rasterio/proj_data'.
2023-12-10 18:23:04,467 - rasterio._env - DEBUG - Started GDALEnv: self=<rasterio._env.GDALEnv object at 0x7f55a2196b90>.
2023-12-10 18:23:04,467 - rasterio.env - DEBUG - Exited env context: <rasterio.env.Env object at 0x7f55a072a110>
2023-12-10 18:23:04,483 - rasterio._io - DEBUG - Output nodata value read from file: nan
2023-12-10 18:23:04,483 - rasterio._io - DEBUG - Output nodata values: [nan]
2023-12-10 18:23:04,483 - rasterio._io - DEBUG - all_valid: False
2023-12-10 18:23:04,483 - rasterio._io - DEBUG - mask_flags: ([<MaskFlags.nodata: 8>],)
2023-12-10 18:23:04,483 - rasterio._io - DEBUG - Jump straight to _read()
2023-12-10 18:23:04,483 - rasterio._io - DEBUG - Window: Window(col_off=0, row_off=0, width=10177, height=3692)
2023-12-10 18:23:04,484 - rasterio._io - DEBUG - IO window xoff=0.0 yoff=0.0 width=10177.0 height=3692.0
2023-12-10 18:23:05,011 - rasterio.env - DEBUG - Exiting env context: <rasterio.env.Env object at 0x7f55a18202e0>
2023-12-10 18:23:05,012 - rasterio.env - DEBUG - Cleared existing <rasterio._env.GDALEnv object at 0x7f55a2196b90> options
2023-12-10 18:23:05,012 - rasterio._env - DEBUG - Stopped GDALEnv <rasterio._env.GDALEnv object at 0x7f55a2196b90>.
2023-12-10 18:23:05,012 - rasterio.env - DEBUG - Exiting outermost env
2023-12-10 18:23:05,012 - rasterio.env - DEBUG - Exited env context: <rasterio.env.Env object at 0x7f55a18202e0>
2023-12-10 18:27:53,755 - rasterio.env - DEBUG - Entering env context: <rasterio.env.Env object at 0x7f55a07ab280>
2023-12-10 18:27:53,755 - rasterio.env - DEBUG - Starting outermost env
2023-12-10 18:27:53,755 - rasterio.env - DEBUG - No GDAL environment exists
2023-12-10 18:27:53,755 - rasterio.env - DEBUG - New GDAL environment <rasterio._env.GDALEnv object at 0x7f55a07abc10> created
2023-12-10 18:27:53,757 - rasterio._env - DEBUG - GDAL data found in package: path='/home/metpublic/PYTHON_VENV/present_weather/lib/python3.10/site-packages/rasterio/gdal_data'.
2023-12-10 18:27:53,757 - rasterio._env - DEBUG - PROJ data found in package: path='/home/metpublic/PYTHON_VENV/present_weather/lib/python3.10/site-packages/rasterio/proj_data'.
2023-12-10 18:27:53,757 - rasterio._env - DEBUG - Started GDALEnv: self=<rasterio._env.GDALEnv object at 0x7f55a07abc10>.
2023-12-10 18:27:53,757 - rasterio.env - DEBUG - Entered env context: <rasterio.env.Env object at 0x7f55a07ab280>
2023-12-10 18:27:53,758 - rasterio._base - DEBUG - Sharing flag: 0
2023-12-10 18:27:53,759 - rasterio._base - DEBUG - Nodata success: 0, Nodata value: 0.000000
2023-12-10 18:27:53,759 - rasterio._base - DEBUG - Dataset <open DatasetReader name='/home/metpublic/TASK_RELEASE/EFAN/present_weather/src/H09_B13_Indonesia_20231210.Z1810.cor.tiff' mode='r'> is started.
2023-12-10 18:27:53,759 - rasterio.env - DEBUG - Exiting env context: <rasterio.env.Env object at 0x7f55a07ab280>
2023-12-10 18:27:53,759 - rasterio.env - DEBUG - Cleared existing <rasterio._env.GDALEnv object at 0x7f55a07abc10> options
2023-12-10 18:27:53,759 - rasterio._env - DEBUG - Stopped GDALEnv <rasterio._env.GDALEnv object at 0x7f55a07abc10>.
2023-12-10 18:27:53,760 - rasterio.env - DEBUG - Exiting outermost env
2023-12-10 18:27:53,760 - rasterio.env - DEBUG - Exited env context: <rasterio.env.Env object at 0x7f55a07ab280>
2023-12-10 18:27:53,761 - rasterio.env - DEBUG - Entering env context: <rasterio.env.Env object at 0x7f55a05df940>
2023-12-10 18:27:53,762 - rasterio.env - DEBUG - Starting outermost env
2023-12-10 18:27:53,762 - rasterio.env - DEBUG - No GDAL environment exists
2023-12-10 18:27:53,762 - rasterio.env - DEBUG - New GDAL environment <rasterio._env.GDALEnv object at 0x7f55a05dcc70> created
2023-12-10 18:27:53,762 - rasterio._env - DEBUG - GDAL data found in package: path='/home/metpublic/PYTHON_VENV/present_weather/lib/python3.10/site-packages/rasterio/gdal_data'.
2023-12-10 18:27:53,762 - rasterio._env - DEBUG - PROJ data found in package: path='/home/metpublic/PYTHON_VENV/present_weather/lib/python3.10/site-packages/rasterio/proj_data'.
2023-12-10 18:27:53,763 - rasterio._env - DEBUG - Started GDALEnv: self=<rasterio._env.GDALEnv object at 0x7f55a05dcc70>.
2023-12-10 18:27:53,763 - rasterio.env - DEBUG - Entered env context: <rasterio.env.Env object at 0x7f55a05df940>
2023-12-10 18:27:53,763 - rasterio._base - DEBUG - Sharing flag: 0
2023-12-10 18:27:53,765 - rasterio._base - DEBUG - Nodata success: 0, Nodata value: 0.000000
2023-12-10 18:27:53,765 - rasterio._base - DEBUG - Dataset <open DatasetReader name='/home/metpublic/TASK_RELEASE/EFAN/present_weather/src/H09_B13_Indonesia_20231210.Z1810.cor.tiff' mode='r'> is started.
2023-12-10 18:27:53,765 - rasterio.env - DEBUG - Exiting env context: <rasterio.env.Env object at 0x7f55a05df940>
2023-12-10 18:27:53,765 - rasterio.env - DEBUG - Cleared existing <rasterio._env.GDALEnv object at 0x7f55a05dcc70> options
2023-12-10 18:27:53,765 - rasterio._env - DEBUG - Stopped GDALEnv <rasterio._env.GDALEnv object at 0x7f55a05dcc70>.
2023-12-10 18:27:53,765 - rasterio.env - DEBUG - Exiting outermost env
2023-12-10 18:27:53,765 - rasterio.env - DEBUG - Exited env context: <rasterio.env.Env object at 0x7f55a05df940>
2023-12-10 18:27:53,780 - root - INFO - Generating present weather using SATELITE data
2023-12-10 18:29:29,102 - root - INFO - Total elapsed time: 0:06:26.568952
