2023-12-27 04:43:02,421 - root - INFO - Initiating present weather
2023-12-27 04:43:02,423 - asyncio - DEBUG - Using selector: EpollSelector
2023-12-27 04:43:04,202 - urllib3.connectionpool - DEBUG - Starting new HTTPS connection (1): radar.bmkg.go.id:8060
2023-12-27 04:43:04,216 - urllib3.connectionpool - DEBUG - https://radar.bmkg.go.id:8060 "GET /getLatestLD?typeData=1 HTTP/1.1" 200 62
2023-12-27 04:43:04,218 - urllib3.connectionpool - DEBUG - Starting new HTTPS connection (1): radar.bmkg.go.id:8060
2023-12-27 04:43:04,238 - urllib3.connectionpool - DEBUG - https://radar.bmkg.go.id:8060 "GET /getRadarGeotif?token=19387e71e78522ae4172ec0fda640983b8438c9cfa0ca571623cb69d8327&radar=amandemenForecast&type=latest HTTP/1.1" 200 90
2023-12-27 04:43:04,239 - rasterio.env - DEBUG - Entering env context: <rasterio.env.Env object at 0x7f513601fc40>
2023-12-27 04:43:04,240 - rasterio.env - DEBUG - Starting outermost env
2023-12-27 04:43:04,240 - rasterio.env - DEBUG - No GDAL environment exists
2023-12-27 04:43:04,240 - rasterio.env - DEBUG - New GDAL environment <rasterio._env.GDALEnv object at 0x7f513601e590> created
2023-12-27 04:43:04,242 - rasterio._filepath - DEBUG - Installing FilePath filesystem handler plugin...
2023-12-27 04:43:04,243 - rasterio._env - DEBUG - GDAL data found in package: path='/home/metpublic/PYTHON_VENV/present_weather/lib/python3.10/site-packages/rasterio/gdal_data'.
2023-12-27 04:43:04,243 - rasterio._env - DEBUG - PROJ data found in package: path='/home/metpublic/PYTHON_VENV/present_weather/lib/python3.10/site-packages/rasterio/proj_data'.
2023-12-27 04:43:04,243 - rasterio._env - DEBUG - Started GDALEnv: self=<rasterio._env.GDALEnv object at 0x7f513601e590>.
2023-12-27 04:43:04,243 - rasterio.env - DEBUG - Entered env context: <rasterio.env.Env object at 0x7f513601fc40>
2023-12-27 04:43:04,243 - rasterio._base - DEBUG - Sharing flag: 0
2023-12-27 04:43:04,602 - rasterio._base - DEBUG - Nodata success: 1, Nodata value: nan
2023-12-27 04:43:04,602 - rasterio._base - DEBUG - Dataset <open DatasetReader name='https://radar.bmkg.go.id/raster/radarsatelit_202312270440.tif' mode='r'> is started.
2023-12-27 04:43:04,603 - rasterio.env - DEBUG - Exiting env context: <rasterio.env.Env object at 0x7f513601fc40>
2023-12-27 04:43:04,603 - rasterio.env - DEBUG - Cleared existing <rasterio._env.GDALEnv object at 0x7f513601e590> options
2023-12-27 04:43:04,603 - rasterio._env - DEBUG - Stopped GDALEnv <rasterio._env.GDALEnv object at 0x7f513601e590>.
2023-12-27 04:43:04,603 - rasterio.env - DEBUG - Exiting outermost env
2023-12-27 04:43:04,603 - rasterio.env - DEBUG - Exited env context: <rasterio.env.Env object at 0x7f513601fc40>
2023-12-27 04:43:04,603 - rasterio.env - DEBUG - Entering env context: <rasterio.env.Env object at 0x7f513601fc40>
2023-12-27 04:43:04,603 - rasterio.env - DEBUG - Starting outermost env
2023-12-27 04:43:04,603 - rasterio.env - DEBUG - No GDAL environment exists
2023-12-27 04:43:04,603 - rasterio.env - DEBUG - New GDAL environment <rasterio._env.GDALEnv object at 0x7f513601fa30> created
2023-12-27 04:43:04,604 - rasterio._env - DEBUG - GDAL data found in package: path='/home/metpublic/PYTHON_VENV/present_weather/lib/python3.10/site-packages/rasterio/gdal_data'.
2023-12-27 04:43:04,604 - rasterio._env - DEBUG - PROJ data found in package: path='/home/metpublic/PYTHON_VENV/present_weather/lib/python3.10/site-packages/rasterio/proj_data'.
2023-12-27 04:43:04,604 - rasterio._env - DEBUG - Started GDALEnv: self=<rasterio._env.GDALEnv object at 0x7f513601fa30>.
2023-12-27 04:43:04,604 - rasterio.env - DEBUG - Entered env context: <rasterio.env.Env object at 0x7f513601fc40>
2023-12-27 04:43:04,604 - rasterio.env - DEBUG - Got a copy of environment <rasterio._env.GDALEnv object at 0x7f513601fa30> options
2023-12-27 04:43:04,604 - rasterio.env - DEBUG - Entering env context: <rasterio.env.Env object at 0x7f51345a35b0>
2023-12-27 04:43:04,604 - rasterio.env - DEBUG - Got a copy of environment <rasterio._env.GDALEnv object at 0x7f513601fa30> options
2023-12-27 04:43:04,604 - rasterio.env - DEBUG - Entered env context: <rasterio.env.Env object at 0x7f51345a35b0>
2023-12-27 04:43:04,605 - rasterio._base - DEBUG - Sharing flag: 0
2023-12-27 04:43:04,605 - rasterio._base - DEBUG - Nodata success: 1, Nodata value: nan
2023-12-27 04:43:04,606 - rasterio._base - DEBUG - Dataset <open DatasetReader name='https://radar.bmkg.go.id/raster/radarsatelit_202312270440.tif' mode='r'> is started.
2023-12-27 04:43:04,606 - rasterio.env - DEBUG - Exiting env context: <rasterio.env.Env object at 0x7f51345a35b0>
2023-12-27 04:43:04,606 - rasterio.env - DEBUG - Cleared existing <rasterio._env.GDALEnv object at 0x7f513601fa30> options
2023-12-27 04:43:04,606 - rasterio._env - DEBUG - Stopped GDALEnv <rasterio._env.GDALEnv object at 0x7f513601fa30>.
2023-12-27 04:43:04,606 - rasterio.env - DEBUG - No GDAL environment exists
2023-12-27 04:43:04,606 - rasterio.env - DEBUG - New GDAL environment <rasterio._env.GDALEnv object at 0x7f513601fa30> created
2023-12-27 04:43:04,606 - rasterio._env - DEBUG - GDAL data found in package: path='/home/metpublic/PYTHON_VENV/present_weather/lib/python3.10/site-packages/rasterio/gdal_data'.
2023-12-27 04:43:04,606 - rasterio._env - DEBUG - PROJ data found in package: path='/home/metpublic/PYTHON_VENV/present_weather/lib/python3.10/site-packages/rasterio/proj_data'.
2023-12-27 04:43:04,606 - rasterio._env - DEBUG - Started GDALEnv: self=<rasterio._env.GDALEnv object at 0x7f513601fa30>.
2023-12-27 04:43:04,606 - rasterio.env - DEBUG - Exited env context: <rasterio.env.Env object at 0x7f51345a35b0>
2023-12-27 04:43:04,622 - rasterio._io - DEBUG - Output nodata value read from file: nan
2023-12-27 04:43:04,622 - rasterio._io - DEBUG - Output nodata values: [nan]
2023-12-27 04:43:04,622 - rasterio._io - DEBUG - all_valid: False
2023-12-27 04:43:04,622 - rasterio._io - DEBUG - mask_flags: ([<MaskFlags.nodata: 8>],)
2023-12-27 04:43:04,622 - rasterio._io - DEBUG - Jump straight to _read()
2023-12-27 04:43:04,622 - rasterio._io - DEBUG - Window: Window(col_off=0, row_off=0, width=10215, height=3792)
2023-12-27 04:43:04,623 - rasterio._io - DEBUG - IO window xoff=0.0 yoff=0.0 width=10215.0 height=3792.0
2023-12-27 04:43:05,172 - rasterio.env - DEBUG - Exiting env context: <rasterio.env.Env object at 0x7f513601fc40>
2023-12-27 04:43:05,172 - rasterio.env - DEBUG - Cleared existing <rasterio._env.GDALEnv object at 0x7f513601fa30> options
2023-12-27 04:43:05,172 - rasterio._env - DEBUG - Stopped GDALEnv <rasterio._env.GDALEnv object at 0x7f513601fa30>.
2023-12-27 04:43:05,172 - rasterio.env - DEBUG - Exiting outermost env
2023-12-27 04:43:05,172 - rasterio.env - DEBUG - Exited env context: <rasterio.env.Env object at 0x7f513601fc40>
2023-12-27 04:49:40,852 - root - INFO - Total elapsed time: 0:06:38.430543
