2023-12-05 21:03:02,917 - root - INFO - Initiating present weather
2023-12-05 21:03:02,919 - asyncio - DEBUG - Using selector: EpollSelector
2023-12-05 21:03:04,416 - urllib3.connectionpool - DEBUG - Starting new HTTPS connection (1): radar.bmkg.go.id:8060
2023-12-05 21:03:04,430 - urllib3.connectionpool - DEBUG - https://radar.bmkg.go.id:8060 "GET /getLatestLD?typeData=1 HTTP/1.1" 200 62
2023-12-05 21:03:04,432 - urllib3.connectionpool - DEBUG - Starting new HTTPS connection (1): radar.bmkg.go.id:8060
2023-12-05 21:03:04,453 - urllib3.connectionpool - DEBUG - https://radar.bmkg.go.id:8060 "GET /getRadarGeotif?token=19387e71e78522ae4172ec0fda640983b8438c9cfa0ca571623cb69d8327&radar=amandemenForecast&type=latest HTTP/1.1" 200 90
2023-12-05 21:03:04,454 - rasterio.env - DEBUG - Entering env context: <rasterio.env.Env object at 0x7f96a3a432b0>
2023-12-05 21:03:04,454 - rasterio.env - DEBUG - Starting outermost env
2023-12-05 21:03:04,454 - rasterio.env - DEBUG - No GDAL environment exists
2023-12-05 21:03:04,454 - rasterio.env - DEBUG - New GDAL environment <rasterio._env.GDALEnv object at 0x7f96a42f6980> created
2023-12-05 21:03:04,457 - rasterio._filepath - DEBUG - Installing FilePath filesystem handler plugin...
2023-12-05 21:03:04,458 - rasterio._env - DEBUG - GDAL data found in package: path='/home/metpublic/PYTHON_VENV/present_weather/lib/python3.10/site-packages/rasterio/gdal_data'.
2023-12-05 21:03:04,459 - rasterio._env - DEBUG - PROJ data found in package: path='/home/metpublic/PYTHON_VENV/present_weather/lib/python3.10/site-packages/rasterio/proj_data'.
2023-12-05 21:03:04,459 - rasterio._env - DEBUG - Started GDALEnv: self=<rasterio._env.GDALEnv object at 0x7f96a42f6980>.
2023-12-05 21:03:04,460 - rasterio.env - DEBUG - Entered env context: <rasterio.env.Env object at 0x7f96a3a432b0>
2023-12-05 21:03:04,460 - rasterio._base - DEBUG - Sharing flag: 0
2023-12-05 21:03:04,710 - rasterio._base - DEBUG - Nodata success: 1, Nodata value: nan
2023-12-05 21:03:04,710 - rasterio._base - DEBUG - Dataset <open DatasetReader name='https://radar.bmkg.go.id/raster/radarsatelit_202312052100.tif' mode='r'> is started.
2023-12-05 21:03:04,710 - rasterio.env - DEBUG - Exiting env context: <rasterio.env.Env object at 0x7f96a3a432b0>
2023-12-05 21:03:04,711 - rasterio.env - DEBUG - Cleared existing <rasterio._env.GDALEnv object at 0x7f96a42f6980> options
2023-12-05 21:03:04,711 - rasterio._env - DEBUG - Stopped GDALEnv <rasterio._env.GDALEnv object at 0x7f96a42f6980>.
2023-12-05 21:03:04,711 - rasterio.env - DEBUG - Exiting outermost env
2023-12-05 21:03:04,711 - rasterio.env - DEBUG - Exited env context: <rasterio.env.Env object at 0x7f96a3a432b0>
2023-12-05 21:03:04,711 - rasterio.env - DEBUG - Entering env context: <rasterio.env.Env object at 0x7f96a3980a90>
2023-12-05 21:03:04,711 - rasterio.env - DEBUG - Starting outermost env
2023-12-05 21:03:04,711 - rasterio.env - DEBUG - No GDAL environment exists
2023-12-05 21:03:04,711 - rasterio.env - DEBUG - New GDAL environment <rasterio._env.GDALEnv object at 0x7f96a42f6c50> created
2023-12-05 21:03:04,711 - rasterio._env - DEBUG - GDAL data found in package: path='/home/metpublic/PYTHON_VENV/present_weather/lib/python3.10/site-packages/rasterio/gdal_data'.
2023-12-05 21:03:04,712 - rasterio._env - DEBUG - PROJ data found in package: path='/home/metpublic/PYTHON_VENV/present_weather/lib/python3.10/site-packages/rasterio/proj_data'.
2023-12-05 21:03:04,712 - rasterio._env - DEBUG - Started GDALEnv: self=<rasterio._env.GDALEnv object at 0x7f96a42f6c50>.
2023-12-05 21:03:04,712 - rasterio.env - DEBUG - Entered env context: <rasterio.env.Env object at 0x7f96a3980a90>
2023-12-05 21:03:04,712 - rasterio.env - DEBUG - Got a copy of environment <rasterio._env.GDALEnv object at 0x7f96a42f6c50> options
2023-12-05 21:03:04,712 - rasterio.env - DEBUG - Entering env context: <rasterio.env.Env object at 0x7f96a008a200>
2023-12-05 21:03:04,712 - rasterio.env - DEBUG - Got a copy of environment <rasterio._env.GDALEnv object at 0x7f96a42f6c50> options
2023-12-05 21:03:04,712 - rasterio.env - DEBUG - Entered env context: <rasterio.env.Env object at 0x7f96a008a200>
2023-12-05 21:03:04,713 - rasterio._base - DEBUG - Sharing flag: 0
2023-12-05 21:03:04,713 - rasterio._base - DEBUG - Nodata success: 1, Nodata value: nan
2023-12-05 21:03:04,713 - rasterio._base - DEBUG - Dataset <open DatasetReader name='https://radar.bmkg.go.id/raster/radarsatelit_202312052100.tif' mode='r'> is started.
2023-12-05 21:03:04,714 - rasterio.env - DEBUG - Exiting env context: <rasterio.env.Env object at 0x7f96a008a200>
2023-12-05 21:03:04,714 - rasterio.env - DEBUG - Cleared existing <rasterio._env.GDALEnv object at 0x7f96a42f6c50> options
2023-12-05 21:03:04,714 - rasterio._env - DEBUG - Stopped GDALEnv <rasterio._env.GDALEnv object at 0x7f96a42f6c50>.
2023-12-05 21:03:04,714 - rasterio.env - DEBUG - No GDAL environment exists
2023-12-05 21:03:04,714 - rasterio.env - DEBUG - New GDAL environment <rasterio._env.GDALEnv object at 0x7f96a42f6c50> created
2023-12-05 21:03:04,714 - rasterio._env - DEBUG - GDAL data found in package: path='/home/metpublic/PYTHON_VENV/present_weather/lib/python3.10/site-packages/rasterio/gdal_data'.
2023-12-05 21:03:04,714 - rasterio._env - DEBUG - PROJ data found in package: path='/home/metpublic/PYTHON_VENV/present_weather/lib/python3.10/site-packages/rasterio/proj_data'.
2023-12-05 21:03:04,714 - rasterio._env - DEBUG - Started GDALEnv: self=<rasterio._env.GDALEnv object at 0x7f96a42f6c50>.
2023-12-05 21:03:04,714 - rasterio.env - DEBUG - Exited env context: <rasterio.env.Env object at 0x7f96a008a200>
2023-12-05 21:03:04,731 - rasterio._io - DEBUG - Output nodata value read from file: nan
2023-12-05 21:03:04,731 - rasterio._io - DEBUG - Output nodata values: [nan]
2023-12-05 21:03:04,731 - rasterio._io - DEBUG - all_valid: False
2023-12-05 21:03:04,731 - rasterio._io - DEBUG - mask_flags: ([<MaskFlags.nodata: 8>],)
2023-12-05 21:03:04,731 - rasterio._io - DEBUG - Jump straight to _read()
2023-12-05 21:03:04,731 - rasterio._io - DEBUG - Window: Window(col_off=0, row_off=0, width=10177, height=3732)
2023-12-05 21:03:04,732 - rasterio._io - DEBUG - IO window xoff=0.0 yoff=0.0 width=10177.0 height=3732.0
2023-12-05 21:03:05,269 - rasterio.env - DEBUG - Exiting env context: <rasterio.env.Env object at 0x7f96a3980a90>
2023-12-05 21:03:05,269 - rasterio.env - DEBUG - Cleared existing <rasterio._env.GDALEnv object at 0x7f96a42f6c50> options
2023-12-05 21:03:05,269 - rasterio._env - DEBUG - Stopped GDALEnv <rasterio._env.GDALEnv object at 0x7f96a42f6c50>.
2023-12-05 21:03:05,270 - rasterio.env - DEBUG - Exiting outermost env
2023-12-05 21:03:05,270 - rasterio.env - DEBUG - Exited env context: <rasterio.env.Env object at 0x7f96a3980a90>
2023-12-05 21:07:16,959 - rasterio.env - DEBUG - Entering env context: <rasterio.env.Env object at 0x7f96a0107040>
2023-12-05 21:07:16,960 - rasterio.env - DEBUG - Starting outermost env
2023-12-05 21:07:16,960 - rasterio.env - DEBUG - No GDAL environment exists
2023-12-05 21:07:16,960 - rasterio.env - DEBUG - New GDAL environment <rasterio._env.GDALEnv object at 0x7f96a01076a0> created
2023-12-05 21:07:16,960 - rasterio._env - DEBUG - GDAL data found in package: path='/home/metpublic/PYTHON_VENV/present_weather/lib/python3.10/site-packages/rasterio/gdal_data'.
2023-12-05 21:07:16,961 - rasterio._env - DEBUG - PROJ data found in package: path='/home/metpublic/PYTHON_VENV/present_weather/lib/python3.10/site-packages/rasterio/proj_data'.
2023-12-05 21:07:16,961 - rasterio._env - DEBUG - Started GDALEnv: self=<rasterio._env.GDALEnv object at 0x7f96a01076a0>.
2023-12-05 21:07:16,961 - rasterio.env - DEBUG - Entered env context: <rasterio.env.Env object at 0x7f96a0107040>
2023-12-05 21:07:16,961 - rasterio._base - DEBUG - Sharing flag: 0
2023-12-05 21:07:16,963 - rasterio._base - DEBUG - Nodata success: 0, Nodata value: 0.000000
2023-12-05 21:07:16,963 - rasterio._base - DEBUG - Dataset <open DatasetReader name='/home/metpublic/TASK_RELEASE/EFAN/present_weather/src/H09_B13_Indonesia_20231205.Z2050.cor.tiff' mode='r'> is started.
2023-12-05 21:07:16,963 - rasterio.env - DEBUG - Exiting env context: <rasterio.env.Env object at 0x7f96a0107040>
2023-12-05 21:07:16,963 - rasterio.env - DEBUG - Cleared existing <rasterio._env.GDALEnv object at 0x7f96a01076a0> options
2023-12-05 21:07:16,963 - rasterio._env - DEBUG - Stopped GDALEnv <rasterio._env.GDALEnv object at 0x7f96a01076a0>.
2023-12-05 21:07:16,963 - rasterio.env - DEBUG - Exiting outermost env
2023-12-05 21:07:16,963 - rasterio.env - DEBUG - Exited env context: <rasterio.env.Env object at 0x7f96a0107040>
2023-12-05 21:07:16,963 - rasterio.env - DEBUG - Entering env context: <rasterio.env.Env object at 0x7f96806394b0>
2023-12-05 21:07:16,964 - rasterio.env - DEBUG - Starting outermost env
2023-12-05 21:07:16,964 - rasterio.env - DEBUG - No GDAL environment exists
2023-12-05 21:07:16,964 - rasterio.env - DEBUG - New GDAL environment <rasterio._env.GDALEnv object at 0x7f9680638670> created
2023-12-05 21:07:16,964 - rasterio._env - DEBUG - GDAL data found in package: path='/home/metpublic/PYTHON_VENV/present_weather/lib/python3.10/site-packages/rasterio/gdal_data'.
2023-12-05 21:07:16,964 - rasterio._env - DEBUG - PROJ data found in package: path='/home/metpublic/PYTHON_VENV/present_weather/lib/python3.10/site-packages/rasterio/proj_data'.
2023-12-05 21:07:16,964 - rasterio._env - DEBUG - Started GDALEnv: self=<rasterio._env.GDALEnv object at 0x7f9680638670>.
2023-12-05 21:07:16,964 - rasterio.env - DEBUG - Entered env context: <rasterio.env.Env object at 0x7f96806394b0>
2023-12-05 21:07:16,964 - rasterio._base - DEBUG - Sharing flag: 0
2023-12-05 21:07:16,966 - rasterio._base - DEBUG - Nodata success: 0, Nodata value: 0.000000
2023-12-05 21:07:16,966 - rasterio._base - DEBUG - Dataset <open DatasetReader name='/home/metpublic/TASK_RELEASE/EFAN/present_weather/src/H09_B13_Indonesia_20231205.Z2050.cor.tiff' mode='r'> is started.
2023-12-05 21:07:16,966 - rasterio.env - DEBUG - Exiting env context: <rasterio.env.Env object at 0x7f96806394b0>
2023-12-05 21:07:16,966 - rasterio.env - DEBUG - Cleared existing <rasterio._env.GDALEnv object at 0x7f9680638670> options
2023-12-05 21:07:16,966 - rasterio._env - DEBUG - Stopped GDALEnv <rasterio._env.GDALEnv object at 0x7f9680638670>.
2023-12-05 21:07:16,966 - rasterio.env - DEBUG - Exiting outermost env
2023-12-05 21:07:16,966 - rasterio.env - DEBUG - Exited env context: <rasterio.env.Env object at 0x7f96806394b0>
2023-12-05 21:07:16,976 - root - INFO - Generating present weather using SATELITE data
2023-12-05 21:09:23,320 - root - INFO - Total elapsed time: 0:06:20.403545
