2023-11-29 21:00:32,506 - root - INFO - Initiating present weather
2023-11-29 21:00:32,507 - asyncio - DEBUG - Using selector: KqueueSelector
2023-11-29 21:00:34,252 - urllib3.connectionpool - DEBUG - Starting new HTTPS connection (1): radar.bmkg.go.id:8060
2023-11-29 21:00:34,322 - urllib3.connectionpool - DEBUG - https://radar.bmkg.go.id:8060 "GET /getRadarGeotif?token=19387e71e78522ae4172ec0fda640983b8438c9cfa0ca571623cb69d8327&radar=amandemenForecast&type=latest HTTP/1.1" 200 90
2023-11-29 21:00:34,325 - rasterio.env - DEBUG - Entering env context: <rasterio.env.Env object at 0x15558eea0>
2023-11-29 21:00:34,325 - rasterio.env - DEBUG - Starting outermost env
2023-11-29 21:00:34,325 - rasterio.env - DEBUG - No GDAL environment exists
2023-11-29 21:00:34,328 - rasterio.env - DEBUG - New GDAL environment <rasterio._env.GDALEnv object at 0x1561b0d00> created
2023-11-29 21:00:34,356 - rasterio._filepath - DEBUG - Installing FilePath filesystem handler plugin...
2023-11-29 21:00:34,356 - rasterio._env - DEBUG - GDAL_DATA found in environment.
2023-11-29 21:00:34,356 - rasterio._env - DEBUG - PROJ_DATA found in environment.
2023-11-29 21:00:34,356 - rasterio._env - DEBUG - Started GDALEnv: self=<rasterio._env.GDALEnv object at 0x1561b0d00>.
2023-11-29 21:00:34,356 - rasterio.env - DEBUG - Entered env context: <rasterio.env.Env object at 0x15558eea0>
2023-11-29 21:00:34,356 - rasterio._base - DEBUG - Sharing flag: 0
2023-11-29 21:00:34,710 - rasterio._base - DEBUG - Nodata success: 1, Nodata value: nan
2023-11-29 21:00:34,712 - rasterio._base - DEBUG - Dataset <open DatasetReader name='https://radar.bmkg.go.id/raster/radarsatelit_202311291350.tif' mode='r'> is started.
2023-11-29 21:00:34,712 - rasterio.env - DEBUG - Exiting env context: <rasterio.env.Env object at 0x15558eea0>
2023-11-29 21:00:34,712 - rasterio.env - DEBUG - Cleared existing <rasterio._env.GDALEnv object at 0x1561b0d00> options
2023-11-29 21:00:34,712 - rasterio._env - DEBUG - Stopped GDALEnv <rasterio._env.GDALEnv object at 0x1561b0d00>.
2023-11-29 21:00:34,712 - rasterio.env - DEBUG - Exiting outermost env
2023-11-29 21:00:34,712 - rasterio.env - DEBUG - Exited env context: <rasterio.env.Env object at 0x15558eea0>
2023-11-29 21:00:34,712 - rasterio.env - DEBUG - Entering env context: <rasterio.env.Env object at 0x155680410>
2023-11-29 21:00:34,712 - rasterio.env - DEBUG - Starting outermost env
2023-11-29 21:00:34,712 - rasterio.env - DEBUG - No GDAL environment exists
2023-11-29 21:00:34,712 - rasterio.env - DEBUG - New GDAL environment <rasterio._env.GDALEnv object at 0x1561b0d00> created
2023-11-29 21:00:34,713 - rasterio._env - DEBUG - GDAL_DATA found in environment.
2023-11-29 21:00:34,713 - rasterio._env - DEBUG - PROJ_DATA found in environment.
2023-11-29 21:00:34,713 - rasterio._env - DEBUG - Started GDALEnv: self=<rasterio._env.GDALEnv object at 0x1561b0d00>.
2023-11-29 21:00:34,713 - rasterio.env - DEBUG - Entered env context: <rasterio.env.Env object at 0x155680410>
2023-11-29 21:00:34,713 - rasterio.env - DEBUG - Got a copy of environment <rasterio._env.GDALEnv object at 0x1561b0d00> options
2023-11-29 21:00:34,713 - rasterio.env - DEBUG - Entering env context: <rasterio.env.Env object at 0x1561549b0>
2023-11-29 21:00:34,713 - rasterio.env - DEBUG - Got a copy of environment <rasterio._env.GDALEnv object at 0x1561b0d00> options
2023-11-29 21:00:34,714 - rasterio.env - DEBUG - Entered env context: <rasterio.env.Env object at 0x1561549b0>
2023-11-29 21:00:34,714 - rasterio._base - DEBUG - Sharing flag: 0
2023-11-29 21:00:34,714 - rasterio._base - DEBUG - Nodata success: 1, Nodata value: nan
2023-11-29 21:00:34,714 - rasterio._base - DEBUG - Dataset <open DatasetReader name='https://radar.bmkg.go.id/raster/radarsatelit_202311291350.tif' mode='r'> is started.
2023-11-29 21:00:34,714 - rasterio.env - DEBUG - Exiting env context: <rasterio.env.Env object at 0x1561549b0>
2023-11-29 21:00:34,714 - rasterio.env - DEBUG - Cleared existing <rasterio._env.GDALEnv object at 0x1561b0d00> options
2023-11-29 21:00:34,714 - rasterio._env - DEBUG - Stopped GDALEnv <rasterio._env.GDALEnv object at 0x1561b0d00>.
2023-11-29 21:00:34,714 - rasterio.env - DEBUG - No GDAL environment exists
2023-11-29 21:00:34,714 - rasterio.env - DEBUG - New GDAL environment <rasterio._env.GDALEnv object at 0x1561b0d00> created
2023-11-29 21:00:34,714 - rasterio._env - DEBUG - GDAL_DATA found in environment.
2023-11-29 21:00:34,715 - rasterio._env - DEBUG - PROJ_DATA found in environment.
2023-11-29 21:00:34,715 - rasterio._env - DEBUG - Started GDALEnv: self=<rasterio._env.GDALEnv object at 0x1561b0d00>.
2023-11-29 21:00:34,715 - rasterio.env - DEBUG - Exited env context: <rasterio.env.Env object at 0x1561549b0>
2023-11-29 21:00:34,731 - rasterio._io - DEBUG - Output nodata value read from file: nan
2023-11-29 21:00:34,732 - rasterio._io - DEBUG - Output nodata values: [nan]
2023-11-29 21:00:34,732 - rasterio._io - DEBUG - all_valid: False
2023-11-29 21:00:34,732 - rasterio._io - DEBUG - mask_flags: ([<MaskFlags.nodata: 8>],)
2023-11-29 21:00:34,732 - rasterio._io - DEBUG - Jump straight to _read()
2023-11-29 21:00:34,732 - rasterio._io - DEBUG - Window: Window(col_off=0, row_off=0, width=10215, height=3792)
2023-11-29 21:00:34,732 - rasterio._io - DEBUG - IO window xoff=0.0 yoff=0.0 width=10215.0 height=3792.0
2023-11-29 21:00:35,359 - rasterio.env - DEBUG - Exiting env context: <rasterio.env.Env object at 0x155680410>
2023-11-29 21:00:35,359 - rasterio.env - DEBUG - Cleared existing <rasterio._env.GDALEnv object at 0x1561b0d00> options
2023-11-29 21:00:35,360 - rasterio._env - DEBUG - Stopped GDALEnv <rasterio._env.GDALEnv object at 0x1561b0d00>.
2023-11-29 21:00:35,360 - rasterio.env - DEBUG - Exiting outermost env
2023-11-29 21:00:35,360 - rasterio.env - DEBUG - Exited env context: <rasterio.env.Env object at 0x155680410>
2023-11-29 21:00:35,363 - urllib3.connectionpool - DEBUG - Starting new HTTPS connection (1): radar.bmkg.go.id:8060
2023-11-29 21:00:35,423 - urllib3.connectionpool - DEBUG - https://radar.bmkg.go.id:8060 "GET /getLatestLD?typeData=1 HTTP/1.1" 200 62
2023-11-29 21:00:37,408 - rasterio.env - DEBUG - Entering env context: <rasterio.env.Env object at 0x156194b90>
2023-11-29 21:00:37,408 - rasterio.env - DEBUG - Starting outermost env
2023-11-29 21:00:37,408 - rasterio.env - DEBUG - No GDAL environment exists
2023-11-29 21:00:37,409 - rasterio.env - DEBUG - New GDAL environment <rasterio._env.GDALEnv object at 0x1556eabc0> created
2023-11-29 21:00:37,410 - rasterio._env - DEBUG - GDAL_DATA found in environment.
2023-11-29 21:00:37,410 - rasterio._env - DEBUG - PROJ_DATA found in environment.
2023-11-29 21:00:37,410 - rasterio._env - DEBUG - Started GDALEnv: self=<rasterio._env.GDALEnv object at 0x1556eabc0>.
2023-11-29 21:00:37,411 - rasterio.env - DEBUG - Entered env context: <rasterio.env.Env object at 0x156194b90>
2023-11-29 21:00:37,411 - rasterio._base - DEBUG - Sharing flag: 0
2023-11-29 21:00:37,413 - rasterio._base - DEBUG - Nodata success: 0, Nodata value: 0.000000
2023-11-29 21:00:37,413 - rasterio._base - DEBUG - Dataset <open DatasetReader name='/Users/abidinz/Projects/present_weather/src/H09_B13_Indonesia_20231129.Z1350.cor.tiff' mode='r'> is started.
2023-11-29 21:00:37,413 - rasterio.env - DEBUG - Exiting env context: <rasterio.env.Env object at 0x156194b90>
2023-11-29 21:00:37,413 - rasterio.env - DEBUG - Cleared existing <rasterio._env.GDALEnv object at 0x1556eabc0> options
2023-11-29 21:00:37,413 - rasterio._env - DEBUG - Stopped GDALEnv <rasterio._env.GDALEnv object at 0x1556eabc0>.
2023-11-29 21:00:37,414 - rasterio.env - DEBUG - Exiting outermost env
2023-11-29 21:00:37,414 - rasterio.env - DEBUG - Exited env context: <rasterio.env.Env object at 0x156194b90>
2023-11-29 21:00:37,414 - rasterio.env - DEBUG - Entering env context: <rasterio.env.Env object at 0x1561cb4a0>
2023-11-29 21:00:37,414 - rasterio.env - DEBUG - Starting outermost env
2023-11-29 21:00:37,414 - rasterio.env - DEBUG - No GDAL environment exists
2023-11-29 21:00:37,414 - rasterio.env - DEBUG - New GDAL environment <rasterio._env.GDALEnv object at 0x1560ce980> created
2023-11-29 21:00:37,415 - rasterio._env - DEBUG - GDAL_DATA found in environment.
2023-11-29 21:00:37,415 - rasterio._env - DEBUG - PROJ_DATA found in environment.
2023-11-29 21:00:37,415 - rasterio._env - DEBUG - Started GDALEnv: self=<rasterio._env.GDALEnv object at 0x1560ce980>.
2023-11-29 21:00:37,415 - rasterio.env - DEBUG - Entered env context: <rasterio.env.Env object at 0x1561cb4a0>
2023-11-29 21:00:37,415 - rasterio._base - DEBUG - Sharing flag: 0
2023-11-29 21:00:37,416 - rasterio._base - DEBUG - Nodata success: 0, Nodata value: 0.000000
2023-11-29 21:00:37,416 - rasterio._base - DEBUG - Dataset <open DatasetReader name='/Users/abidinz/Projects/present_weather/src/H09_B13_Indonesia_20231129.Z1350.cor.tiff' mode='r'> is started.
2023-11-29 21:00:37,416 - rasterio.env - DEBUG - Exiting env context: <rasterio.env.Env object at 0x1561cb4a0>
2023-11-29 21:00:37,416 - rasterio.env - DEBUG - Cleared existing <rasterio._env.GDALEnv object at 0x1560ce980> options
2023-11-29 21:00:37,416 - rasterio._env - DEBUG - Stopped GDALEnv <rasterio._env.GDALEnv object at 0x1560ce980>.
2023-11-29 21:00:37,416 - rasterio.env - DEBUG - Exiting outermost env
2023-11-29 21:00:37,416 - rasterio.env - DEBUG - Exited env context: <rasterio.env.Env object at 0x1561cb4a0>
2023-11-29 21:00:37,422 - root - INFO - Generating present weather using SATELITE data
2023-11-29 21:01:00,675 - root - INFO - Total elapsed time: 0:00:28.169714
