2023-12-06 00:23:02,366 - root - INFO - Initiating present weather
2023-12-06 00:23:02,368 - asyncio - DEBUG - Using selector: EpollSelector
2023-12-06 00:23:03,925 - urllib3.connectionpool - DEBUG - Starting new HTTPS connection (1): radar.bmkg.go.id:8060
2023-12-06 00:23:03,943 - urllib3.connectionpool - DEBUG - https://radar.bmkg.go.id:8060 "GET /getLatestLD?typeData=1 HTTP/1.1" 200 62
2023-12-06 00:23:03,944 - urllib3.connectionpool - DEBUG - Starting new HTTPS connection (1): radar.bmkg.go.id:8060
2023-12-06 00:23:03,966 - urllib3.connectionpool - DEBUG - https://radar.bmkg.go.id:8060 "GET /getRadarGeotif?token=19387e71e78522ae4172ec0fda640983b8438c9cfa0ca571623cb69d8327&radar=amandemenForecast&type=latest HTTP/1.1" 200 90
2023-12-06 00:23:03,967 - rasterio.env - DEBUG - Entering env context: <rasterio.env.Env object at 0x7f142686ed70>
2023-12-06 00:23:03,967 - rasterio.env - DEBUG - Starting outermost env
2023-12-06 00:23:03,967 - rasterio.env - DEBUG - No GDAL environment exists
2023-12-06 00:23:03,967 - rasterio.env - DEBUG - New GDAL environment <rasterio._env.GDALEnv object at 0x7f142686ec80> created
2023-12-06 00:23:03,970 - rasterio._filepath - DEBUG - Installing FilePath filesystem handler plugin...
2023-12-06 00:23:03,970 - rasterio._env - DEBUG - GDAL data found in package: path='/home/metpublic/PYTHON_VENV/present_weather/lib/python3.10/site-packages/rasterio/gdal_data'.
2023-12-06 00:23:03,970 - rasterio._env - DEBUG - PROJ data found in package: path='/home/metpublic/PYTHON_VENV/present_weather/lib/python3.10/site-packages/rasterio/proj_data'.
2023-12-06 00:23:03,970 - rasterio._env - DEBUG - Started GDALEnv: self=<rasterio._env.GDALEnv object at 0x7f142686ec80>.
2023-12-06 00:23:03,971 - rasterio.env - DEBUG - Entered env context: <rasterio.env.Env object at 0x7f142686ed70>
2023-12-06 00:23:03,971 - rasterio._base - DEBUG - Sharing flag: 0
2023-12-06 00:23:04,209 - rasterio._base - DEBUG - Nodata success: 1, Nodata value: nan
2023-12-06 00:23:04,210 - rasterio._base - DEBUG - Dataset <open DatasetReader name='https://radar.bmkg.go.id/raster/radarsatelit_202312060020.tif' mode='r'> is started.
2023-12-06 00:23:04,210 - rasterio.env - DEBUG - Exiting env context: <rasterio.env.Env object at 0x7f142686ed70>
2023-12-06 00:23:04,210 - rasterio.env - DEBUG - Cleared existing <rasterio._env.GDALEnv object at 0x7f142686ec80> options
2023-12-06 00:23:04,210 - rasterio._env - DEBUG - Stopped GDALEnv <rasterio._env.GDALEnv object at 0x7f142686ec80>.
2023-12-06 00:23:04,210 - rasterio.env - DEBUG - Exiting outermost env
2023-12-06 00:23:04,210 - rasterio.env - DEBUG - Exited env context: <rasterio.env.Env object at 0x7f142686ed70>
2023-12-06 00:23:04,210 - rasterio.env - DEBUG - Entering env context: <rasterio.env.Env object at 0x7f1425ef8af0>
2023-12-06 00:23:04,210 - rasterio.env - DEBUG - Starting outermost env
2023-12-06 00:23:04,210 - rasterio.env - DEBUG - No GDAL environment exists
2023-12-06 00:23:04,211 - rasterio.env - DEBUG - New GDAL environment <rasterio._env.GDALEnv object at 0x7f142686ec80> created
2023-12-06 00:23:04,211 - rasterio._env - DEBUG - GDAL data found in package: path='/home/metpublic/PYTHON_VENV/present_weather/lib/python3.10/site-packages/rasterio/gdal_data'.
2023-12-06 00:23:04,211 - rasterio._env - DEBUG - PROJ data found in package: path='/home/metpublic/PYTHON_VENV/present_weather/lib/python3.10/site-packages/rasterio/proj_data'.
2023-12-06 00:23:04,212 - rasterio._env - DEBUG - Started GDALEnv: self=<rasterio._env.GDALEnv object at 0x7f142686ec80>.
2023-12-06 00:23:04,212 - rasterio.env - DEBUG - Entered env context: <rasterio.env.Env object at 0x7f1425ef8af0>
2023-12-06 00:23:04,212 - rasterio.env - DEBUG - Got a copy of environment <rasterio._env.GDALEnv object at 0x7f142686ec80> options
2023-12-06 00:23:04,212 - rasterio.env - DEBUG - Entering env context: <rasterio.env.Env object at 0x7f1424601930>
2023-12-06 00:23:04,212 - rasterio.env - DEBUG - Got a copy of environment <rasterio._env.GDALEnv object at 0x7f142686ec80> options
2023-12-06 00:23:04,212 - rasterio.env - DEBUG - Entered env context: <rasterio.env.Env object at 0x7f1424601930>
2023-12-06 00:23:04,212 - rasterio._base - DEBUG - Sharing flag: 0
2023-12-06 00:23:04,213 - rasterio._base - DEBUG - Nodata success: 1, Nodata value: nan
2023-12-06 00:23:04,214 - rasterio._base - DEBUG - Dataset <open DatasetReader name='https://radar.bmkg.go.id/raster/radarsatelit_202312060020.tif' mode='r'> is started.
2023-12-06 00:23:04,214 - rasterio.env - DEBUG - Exiting env context: <rasterio.env.Env object at 0x7f1424601930>
2023-12-06 00:23:04,214 - rasterio.env - DEBUG - Cleared existing <rasterio._env.GDALEnv object at 0x7f142686ec80> options
2023-12-06 00:23:04,214 - rasterio._env - DEBUG - Stopped GDALEnv <rasterio._env.GDALEnv object at 0x7f142686ec80>.
2023-12-06 00:23:04,214 - rasterio.env - DEBUG - No GDAL environment exists
2023-12-06 00:23:04,214 - rasterio.env - DEBUG - New GDAL environment <rasterio._env.GDALEnv object at 0x7f142686ec80> created
2023-12-06 00:23:04,214 - rasterio._env - DEBUG - GDAL data found in package: path='/home/metpublic/PYTHON_VENV/present_weather/lib/python3.10/site-packages/rasterio/gdal_data'.
2023-12-06 00:23:04,214 - rasterio._env - DEBUG - PROJ data found in package: path='/home/metpublic/PYTHON_VENV/present_weather/lib/python3.10/site-packages/rasterio/proj_data'.
2023-12-06 00:23:04,214 - rasterio._env - DEBUG - Started GDALEnv: self=<rasterio._env.GDALEnv object at 0x7f142686ec80>.
2023-12-06 00:23:04,215 - rasterio.env - DEBUG - Exited env context: <rasterio.env.Env object at 0x7f1424601930>
2023-12-06 00:23:04,230 - rasterio._io - DEBUG - Output nodata value read from file: nan
2023-12-06 00:23:04,231 - rasterio._io - DEBUG - Output nodata values: [nan]
2023-12-06 00:23:04,231 - rasterio._io - DEBUG - all_valid: False
2023-12-06 00:23:04,231 - rasterio._io - DEBUG - mask_flags: ([<MaskFlags.nodata: 8>],)
2023-12-06 00:23:04,231 - rasterio._io - DEBUG - Jump straight to _read()
2023-12-06 00:23:04,231 - rasterio._io - DEBUG - Window: Window(col_off=0, row_off=0, width=10177, height=3732)
2023-12-06 00:23:04,232 - rasterio._io - DEBUG - IO window xoff=0.0 yoff=0.0 width=10177.0 height=3732.0
2023-12-06 00:23:04,744 - rasterio.env - DEBUG - Exiting env context: <rasterio.env.Env object at 0x7f1425ef8af0>
2023-12-06 00:23:04,745 - rasterio.env - DEBUG - Cleared existing <rasterio._env.GDALEnv object at 0x7f142686ec80> options
2023-12-06 00:23:04,745 - rasterio._env - DEBUG - Stopped GDALEnv <rasterio._env.GDALEnv object at 0x7f142686ec80>.
2023-12-06 00:23:04,745 - rasterio.env - DEBUG - Exiting outermost env
2023-12-06 00:23:04,745 - rasterio.env - DEBUG - Exited env context: <rasterio.env.Env object at 0x7f1425ef8af0>
2023-12-06 00:27:49,316 - rasterio.env - DEBUG - Entering env context: <rasterio.env.Env object at 0x7f1424681a80>
2023-12-06 00:27:49,317 - rasterio.env - DEBUG - Starting outermost env
2023-12-06 00:27:49,317 - rasterio.env - DEBUG - No GDAL environment exists
2023-12-06 00:27:49,317 - rasterio.env - DEBUG - New GDAL environment <rasterio._env.GDALEnv object at 0x7f1426a6bd00> created
2023-12-06 00:27:49,317 - rasterio._env - DEBUG - GDAL data found in package: path='/home/metpublic/PYTHON_VENV/present_weather/lib/python3.10/site-packages/rasterio/gdal_data'.
2023-12-06 00:27:49,318 - rasterio._env - DEBUG - PROJ data found in package: path='/home/metpublic/PYTHON_VENV/present_weather/lib/python3.10/site-packages/rasterio/proj_data'.
2023-12-06 00:27:49,318 - rasterio._env - DEBUG - Started GDALEnv: self=<rasterio._env.GDALEnv object at 0x7f1426a6bd00>.
2023-12-06 00:27:49,318 - rasterio.env - DEBUG - Entered env context: <rasterio.env.Env object at 0x7f1424681a80>
2023-12-06 00:27:49,318 - rasterio._base - DEBUG - Sharing flag: 0
2023-12-06 00:27:49,319 - rasterio._base - DEBUG - Nodata success: 0, Nodata value: 0.000000
2023-12-06 00:27:49,320 - rasterio._base - DEBUG - Dataset <open DatasetReader name='/home/metpublic/TASK_RELEASE/EFAN/present_weather/src/H09_B13_Indonesia_20231206.Z0010.cor.tiff' mode='r'> is started.
2023-12-06 00:27:49,320 - rasterio.env - DEBUG - Exiting env context: <rasterio.env.Env object at 0x7f1424681a80>
2023-12-06 00:27:49,320 - rasterio.env - DEBUG - Cleared existing <rasterio._env.GDALEnv object at 0x7f1426a6bd00> options
2023-12-06 00:27:49,320 - rasterio._env - DEBUG - Stopped GDALEnv <rasterio._env.GDALEnv object at 0x7f1426a6bd00>.
2023-12-06 00:27:49,320 - rasterio.env - DEBUG - Exiting outermost env
2023-12-06 00:27:49,320 - rasterio.env - DEBUG - Exited env context: <rasterio.env.Env object at 0x7f1424681a80>
2023-12-06 00:27:49,321 - rasterio.env - DEBUG - Entering env context: <rasterio.env.Env object at 0x7f14244814b0>
2023-12-06 00:27:49,321 - rasterio.env - DEBUG - Starting outermost env
2023-12-06 00:27:49,321 - rasterio.env - DEBUG - No GDAL environment exists
2023-12-06 00:27:49,321 - rasterio.env - DEBUG - New GDAL environment <rasterio._env.GDALEnv object at 0x7f1424480e20> created
2023-12-06 00:27:49,321 - rasterio._env - DEBUG - GDAL data found in package: path='/home/metpublic/PYTHON_VENV/present_weather/lib/python3.10/site-packages/rasterio/gdal_data'.
2023-12-06 00:27:49,321 - rasterio._env - DEBUG - PROJ data found in package: path='/home/metpublic/PYTHON_VENV/present_weather/lib/python3.10/site-packages/rasterio/proj_data'.
2023-12-06 00:27:49,322 - rasterio._env - DEBUG - Started GDALEnv: self=<rasterio._env.GDALEnv object at 0x7f1424480e20>.
2023-12-06 00:27:49,322 - rasterio.env - DEBUG - Entered env context: <rasterio.env.Env object at 0x7f14244814b0>
2023-12-06 00:27:49,322 - rasterio._base - DEBUG - Sharing flag: 0
2023-12-06 00:27:49,323 - rasterio._base - DEBUG - Nodata success: 0, Nodata value: 0.000000
2023-12-06 00:27:49,323 - rasterio._base - DEBUG - Dataset <open DatasetReader name='/home/metpublic/TASK_RELEASE/EFAN/present_weather/src/H09_B13_Indonesia_20231206.Z0010.cor.tiff' mode='r'> is started.
2023-12-06 00:27:49,324 - rasterio.env - DEBUG - Exiting env context: <rasterio.env.Env object at 0x7f14244814b0>
2023-12-06 00:27:49,325 - rasterio.env - DEBUG - Cleared existing <rasterio._env.GDALEnv object at 0x7f1424480e20> options
2023-12-06 00:27:49,325 - rasterio._env - DEBUG - Stopped GDALEnv <rasterio._env.GDALEnv object at 0x7f1424480e20>.
2023-12-06 00:27:49,325 - rasterio.env - DEBUG - Exiting outermost env
2023-12-06 00:27:49,325 - rasterio.env - DEBUG - Exited env context: <rasterio.env.Env object at 0x7f14244814b0>
2023-12-06 00:27:49,337 - root - INFO - Generating present weather using SATELITE data
2023-12-06 00:29:40,309 - root - INFO - Total elapsed time: 0:06:37.943155
