2023-11-28 12:33:02,305 - root - INFO - Initiating present weather
2023-11-28 12:33:02,307 - asyncio - DEBUG - Using selector: EpollSelector
2023-11-28 12:33:03,809 - urllib3.connectionpool - DEBUG - Starting new HTTPS connection (1): radar.bmkg.go.id:8060
2023-11-28 12:33:03,825 - urllib3.connectionpool - DEBUG - https://radar.bmkg.go.id:8060 "GET /getLatestLD?typeData=1 HTTP/1.1" 200 62
2023-11-28 12:33:03,827 - urllib3.connectionpool - DEBUG - Starting new HTTPS connection (1): radar.bmkg.go.id:8060
2023-11-28 12:33:03,851 - urllib3.connectionpool - DEBUG - https://radar.bmkg.go.id:8060 "GET /getRadarGeotif?token=19387e71e78522ae4172ec0fda640983b8438c9cfa0ca571623cb69d8327&radar=amandemenForecast&type=latest HTTP/1.1" 200 90
2023-11-28 12:33:03,853 - rasterio.env - DEBUG - Entering env context: <rasterio.env.Env object at 0x7fb1b1b36fb0>
2023-11-28 12:33:03,853 - rasterio.env - DEBUG - Starting outermost env
2023-11-28 12:33:03,853 - rasterio.env - DEBUG - No GDAL environment exists
2023-11-28 12:33:03,853 - rasterio.env - DEBUG - New GDAL environment <rasterio._env.GDALEnv object at 0x7fb1b1baa170> created
2023-11-28 12:33:03,856 - rasterio._filepath - DEBUG - Installing FilePath filesystem handler plugin...
2023-11-28 12:33:03,856 - rasterio._env - DEBUG - GDAL data found in package: path='/home/metpublic/PYTHON_VENV/present_weather/lib/python3.10/site-packages/rasterio/gdal_data'.
2023-11-28 12:33:03,856 - rasterio._env - DEBUG - PROJ data found in package: path='/home/metpublic/PYTHON_VENV/present_weather/lib/python3.10/site-packages/rasterio/proj_data'.
2023-11-28 12:33:03,856 - rasterio._env - DEBUG - Started GDALEnv: self=<rasterio._env.GDALEnv object at 0x7fb1b1baa170>.
2023-11-28 12:33:03,857 - rasterio.env - DEBUG - Entered env context: <rasterio.env.Env object at 0x7fb1b1b36fb0>
2023-11-28 12:33:03,857 - rasterio._base - DEBUG - Sharing flag: 0
2023-11-28 12:33:04,036 - rasterio._base - DEBUG - Nodata success: 1, Nodata value: nan
2023-11-28 12:33:04,036 - rasterio._base - DEBUG - Dataset <open DatasetReader name='https://radar.bmkg.go.id/raster/radarsatelit_202311281230.tif' mode='r'> is started.
2023-11-28 12:33:04,037 - rasterio.env - DEBUG - Exiting env context: <rasterio.env.Env object at 0x7fb1b1b36fb0>
2023-11-28 12:33:04,037 - rasterio.env - DEBUG - Cleared existing <rasterio._env.GDALEnv object at 0x7fb1b1baa170> options
2023-11-28 12:33:04,037 - rasterio._env - DEBUG - Stopped GDALEnv <rasterio._env.GDALEnv object at 0x7fb1b1baa170>.
2023-11-28 12:33:04,037 - rasterio.env - DEBUG - Exiting outermost env
2023-11-28 12:33:04,037 - rasterio.env - DEBUG - Exited env context: <rasterio.env.Env object at 0x7fb1b1b36fb0>
2023-11-28 12:33:04,037 - rasterio.env - DEBUG - Entering env context: <rasterio.env.Env object at 0x7fb1b24b3ee0>
2023-11-28 12:33:04,037 - rasterio.env - DEBUG - Starting outermost env
2023-11-28 12:33:04,037 - rasterio.env - DEBUG - No GDAL environment exists
2023-11-28 12:33:04,037 - rasterio.env - DEBUG - New GDAL environment <rasterio._env.GDALEnv object at 0x7fb1b1baa170> created
2023-11-28 12:33:04,038 - rasterio._env - DEBUG - GDAL data found in package: path='/home/metpublic/PYTHON_VENV/present_weather/lib/python3.10/site-packages/rasterio/gdal_data'.
2023-11-28 12:33:04,038 - rasterio._env - DEBUG - PROJ data found in package: path='/home/metpublic/PYTHON_VENV/present_weather/lib/python3.10/site-packages/rasterio/proj_data'.
2023-11-28 12:33:04,038 - rasterio._env - DEBUG - Started GDALEnv: self=<rasterio._env.GDALEnv object at 0x7fb1b1baa170>.
2023-11-28 12:33:04,038 - rasterio.env - DEBUG - Entered env context: <rasterio.env.Env object at 0x7fb1b24b3ee0>
2023-11-28 12:33:04,039 - rasterio.env - DEBUG - Got a copy of environment <rasterio._env.GDALEnv object at 0x7fb1b1baa170> options
2023-11-28 12:33:04,039 - rasterio.env - DEBUG - Entering env context: <rasterio.env.Env object at 0x7fb1b01f4b50>
2023-11-28 12:33:04,039 - rasterio.env - DEBUG - Got a copy of environment <rasterio._env.GDALEnv object at 0x7fb1b1baa170> options
2023-11-28 12:33:04,039 - rasterio.env - DEBUG - Entered env context: <rasterio.env.Env object at 0x7fb1b01f4b50>
2023-11-28 12:33:04,039 - rasterio._base - DEBUG - Sharing flag: 0
2023-11-28 12:33:04,040 - rasterio._base - DEBUG - Nodata success: 1, Nodata value: nan
2023-11-28 12:33:04,040 - rasterio._base - DEBUG - Dataset <open DatasetReader name='https://radar.bmkg.go.id/raster/radarsatelit_202311281230.tif' mode='r'> is started.
2023-11-28 12:33:04,040 - rasterio.env - DEBUG - Exiting env context: <rasterio.env.Env object at 0x7fb1b01f4b50>
2023-11-28 12:33:04,040 - rasterio.env - DEBUG - Cleared existing <rasterio._env.GDALEnv object at 0x7fb1b1baa170> options
2023-11-28 12:33:04,040 - rasterio._env - DEBUG - Stopped GDALEnv <rasterio._env.GDALEnv object at 0x7fb1b1baa170>.
2023-11-28 12:33:04,040 - rasterio.env - DEBUG - No GDAL environment exists
2023-11-28 12:33:04,040 - rasterio.env - DEBUG - New GDAL environment <rasterio._env.GDALEnv object at 0x7fb1b1baa170> created
2023-11-28 12:33:04,041 - rasterio._env - DEBUG - GDAL data found in package: path='/home/metpublic/PYTHON_VENV/present_weather/lib/python3.10/site-packages/rasterio/gdal_data'.
2023-11-28 12:33:04,041 - rasterio._env - DEBUG - PROJ data found in package: path='/home/metpublic/PYTHON_VENV/present_weather/lib/python3.10/site-packages/rasterio/proj_data'.
2023-11-28 12:33:04,041 - rasterio._env - DEBUG - Started GDALEnv: self=<rasterio._env.GDALEnv object at 0x7fb1b1baa170>.
2023-11-28 12:33:04,041 - rasterio.env - DEBUG - Exited env context: <rasterio.env.Env object at 0x7fb1b01f4b50>
2023-11-28 12:33:04,057 - rasterio._io - DEBUG - Output nodata value read from file: nan
2023-11-28 12:33:04,057 - rasterio._io - DEBUG - Output nodata values: [nan]
2023-11-28 12:33:04,057 - rasterio._io - DEBUG - all_valid: False
2023-11-28 12:33:04,057 - rasterio._io - DEBUG - mask_flags: ([<MaskFlags.nodata: 8>],)
2023-11-28 12:33:04,058 - rasterio._io - DEBUG - Jump straight to _read()
2023-11-28 12:33:04,058 - rasterio._io - DEBUG - Window: Window(col_off=0, row_off=0, width=10177, height=3732)
2023-11-28 12:33:04,058 - rasterio._io - DEBUG - IO window xoff=0.0 yoff=0.0 width=10177.0 height=3732.0
2023-11-28 12:33:04,630 - rasterio.env - DEBUG - Exiting env context: <rasterio.env.Env object at 0x7fb1b24b3ee0>
2023-11-28 12:33:04,630 - rasterio.env - DEBUG - Cleared existing <rasterio._env.GDALEnv object at 0x7fb1b1baa170> options
2023-11-28 12:33:04,630 - rasterio._env - DEBUG - Stopped GDALEnv <rasterio._env.GDALEnv object at 0x7fb1b1baa170>.
2023-11-28 12:33:04,630 - rasterio.env - DEBUG - Exiting outermost env
2023-11-28 12:33:04,630 - rasterio.env - DEBUG - Exited env context: <rasterio.env.Env object at 0x7fb1b24b3ee0>
2023-11-28 12:37:35,203 - rasterio.env - DEBUG - Entering env context: <rasterio.env.Env object at 0x7fb1a0616470>
2023-11-28 12:37:35,203 - rasterio.env - DEBUG - Starting outermost env
2023-11-28 12:37:35,203 - rasterio.env - DEBUG - No GDAL environment exists
2023-11-28 12:37:35,203 - rasterio.env - DEBUG - New GDAL environment <rasterio._env.GDALEnv object at 0x7fb1a0617b50> created
2023-11-28 12:37:35,204 - rasterio._env - DEBUG - GDAL data found in package: path='/home/metpublic/PYTHON_VENV/present_weather/lib/python3.10/site-packages/rasterio/gdal_data'.
2023-11-28 12:37:35,204 - rasterio._env - DEBUG - PROJ data found in package: path='/home/metpublic/PYTHON_VENV/present_weather/lib/python3.10/site-packages/rasterio/proj_data'.
2023-11-28 12:37:35,204 - rasterio._env - DEBUG - Started GDALEnv: self=<rasterio._env.GDALEnv object at 0x7fb1a0617b50>.
2023-11-28 12:37:35,204 - rasterio.env - DEBUG - Entered env context: <rasterio.env.Env object at 0x7fb1a0616470>
2023-11-28 12:37:35,204 - rasterio._base - DEBUG - Sharing flag: 0
2023-11-28 12:37:35,206 - rasterio._base - DEBUG - Nodata success: 0, Nodata value: 0.000000
2023-11-28 12:37:35,206 - rasterio._base - DEBUG - Dataset <open DatasetReader name='/home/metpublic/TASK_RELEASE/EFAN/present_weather/src/H09_B13_Indonesia_20231128.Z1220.cor.tiff' mode='r'> is started.
2023-11-28 12:37:35,206 - rasterio.env - DEBUG - Exiting env context: <rasterio.env.Env object at 0x7fb1a0616470>
2023-11-28 12:37:35,206 - rasterio.env - DEBUG - Cleared existing <rasterio._env.GDALEnv object at 0x7fb1a0617b50> options
2023-11-28 12:37:35,206 - rasterio._env - DEBUG - Stopped GDALEnv <rasterio._env.GDALEnv object at 0x7fb1a0617b50>.
2023-11-28 12:37:35,206 - rasterio.env - DEBUG - Exiting outermost env
2023-11-28 12:37:35,206 - rasterio.env - DEBUG - Exited env context: <rasterio.env.Env object at 0x7fb1a0616470>
2023-11-28 12:37:35,207 - rasterio.env - DEBUG - Entering env context: <rasterio.env.Env object at 0x7fb1a07548b0>
2023-11-28 12:37:35,207 - rasterio.env - DEBUG - Starting outermost env
2023-11-28 12:37:35,207 - rasterio.env - DEBUG - No GDAL environment exists
2023-11-28 12:37:35,207 - rasterio.env - DEBUG - New GDAL environment <rasterio._env.GDALEnv object at 0x7fb1a07556c0> created
2023-11-28 12:37:35,207 - rasterio._env - DEBUG - GDAL data found in package: path='/home/metpublic/PYTHON_VENV/present_weather/lib/python3.10/site-packages/rasterio/gdal_data'.
2023-11-28 12:37:35,208 - rasterio._env - DEBUG - PROJ data found in package: path='/home/metpublic/PYTHON_VENV/present_weather/lib/python3.10/site-packages/rasterio/proj_data'.
2023-11-28 12:37:35,208 - rasterio._env - DEBUG - Started GDALEnv: self=<rasterio._env.GDALEnv object at 0x7fb1a07556c0>.
2023-11-28 12:37:35,208 - rasterio.env - DEBUG - Entered env context: <rasterio.env.Env object at 0x7fb1a07548b0>
2023-11-28 12:37:35,208 - rasterio._base - DEBUG - Sharing flag: 0
2023-11-28 12:37:35,209 - rasterio._base - DEBUG - Nodata success: 0, Nodata value: 0.000000
2023-11-28 12:37:35,209 - rasterio._base - DEBUG - Dataset <open DatasetReader name='/home/metpublic/TASK_RELEASE/EFAN/present_weather/src/H09_B13_Indonesia_20231128.Z1220.cor.tiff' mode='r'> is started.
2023-11-28 12:37:35,209 - rasterio.env - DEBUG - Exiting env context: <rasterio.env.Env object at 0x7fb1a07548b0>
2023-11-28 12:37:35,209 - rasterio.env - DEBUG - Cleared existing <rasterio._env.GDALEnv object at 0x7fb1a07556c0> options
2023-11-28 12:37:35,209 - rasterio._env - DEBUG - Stopped GDALEnv <rasterio._env.GDALEnv object at 0x7fb1a07556c0>.
2023-11-28 12:37:35,209 - rasterio.env - DEBUG - Exiting outermost env
2023-11-28 12:37:35,209 - rasterio.env - DEBUG - Exited env context: <rasterio.env.Env object at 0x7fb1a07548b0>
2023-11-28 12:37:35,220 - root - INFO - Generating present weather using SATELITE data
2023-11-28 12:39:01,151 - root - INFO - Total elapsed time: 0:05:58.845616
