2023-12-23 05:43:02,710 - root - INFO - Initiating present weather
2023-12-23 05:43:02,712 - asyncio - DEBUG - Using selector: EpollSelector
2023-12-23 05:43:04,325 - urllib3.connectionpool - DEBUG - Starting new HTTPS connection (1): radar.bmkg.go.id:8060
2023-12-23 05:43:04,343 - urllib3.connectionpool - DEBUG - https://radar.bmkg.go.id:8060 "GET /getLatestLD?typeData=1 HTTP/1.1" 200 62
2023-12-23 05:43:04,345 - urllib3.connectionpool - DEBUG - Starting new HTTPS connection (1): radar.bmkg.go.id:8060
2023-12-23 05:43:04,366 - urllib3.connectionpool - DEBUG - https://radar.bmkg.go.id:8060 "GET /getRadarGeotif?token=19387e71e78522ae4172ec0fda640983b8438c9cfa0ca571623cb69d8327&radar=amandemenForecast&type=latest HTTP/1.1" 200 90
2023-12-23 05:43:04,368 - rasterio.env - DEBUG - Entering env context: <rasterio.env.Env object at 0x7f53bb28b9a0>
2023-12-23 05:43:04,368 - rasterio.env - DEBUG - Starting outermost env
2023-12-23 05:43:04,368 - rasterio.env - DEBUG - No GDAL environment exists
2023-12-23 05:43:04,369 - rasterio.env - DEBUG - New GDAL environment <rasterio._env.GDALEnv object at 0x7f53bb28ba60> created
2023-12-23 05:43:04,372 - rasterio._filepath - DEBUG - Installing FilePath filesystem handler plugin...
2023-12-23 05:43:04,372 - rasterio._env - DEBUG - GDAL data found in package: path='/home/metpublic/PYTHON_VENV/present_weather/lib/python3.10/site-packages/rasterio/gdal_data'.
2023-12-23 05:43:04,372 - rasterio._env - DEBUG - PROJ data found in package: path='/home/metpublic/PYTHON_VENV/present_weather/lib/python3.10/site-packages/rasterio/proj_data'.
2023-12-23 05:43:04,372 - rasterio._env - DEBUG - Started GDALEnv: self=<rasterio._env.GDALEnv object at 0x7f53bb28ba60>.
2023-12-23 05:43:04,372 - rasterio.env - DEBUG - Entered env context: <rasterio.env.Env object at 0x7f53bb28b9a0>
2023-12-23 05:43:04,373 - rasterio._base - DEBUG - Sharing flag: 0
2023-12-23 05:43:04,717 - rasterio._base - DEBUG - Nodata success: 1, Nodata value: nan
2023-12-23 05:43:04,717 - rasterio._base - DEBUG - Dataset <open DatasetReader name='https://radar.bmkg.go.id/raster/radarsatelit_202312230540.tif' mode='r'> is started.
2023-12-23 05:43:04,717 - rasterio.env - DEBUG - Exiting env context: <rasterio.env.Env object at 0x7f53bb28b9a0>
2023-12-23 05:43:04,717 - rasterio.env - DEBUG - Cleared existing <rasterio._env.GDALEnv object at 0x7f53bb28ba60> options
2023-12-23 05:43:04,717 - rasterio._env - DEBUG - Stopped GDALEnv <rasterio._env.GDALEnv object at 0x7f53bb28ba60>.
2023-12-23 05:43:04,718 - rasterio.env - DEBUG - Exiting outermost env
2023-12-23 05:43:04,718 - rasterio.env - DEBUG - Exited env context: <rasterio.env.Env object at 0x7f53bb28b9a0>
2023-12-23 05:43:04,718 - rasterio.env - DEBUG - Entering env context: <rasterio.env.Env object at 0x7f53ba9cb550>
2023-12-23 05:43:04,718 - rasterio.env - DEBUG - Starting outermost env
2023-12-23 05:43:04,718 - rasterio.env - DEBUG - No GDAL environment exists
2023-12-23 05:43:04,718 - rasterio.env - DEBUG - New GDAL environment <rasterio._env.GDALEnv object at 0x7f53bb28ba60> created
2023-12-23 05:43:04,718 - rasterio._env - DEBUG - GDAL data found in package: path='/home/metpublic/PYTHON_VENV/present_weather/lib/python3.10/site-packages/rasterio/gdal_data'.
2023-12-23 05:43:04,719 - rasterio._env - DEBUG - PROJ data found in package: path='/home/metpublic/PYTHON_VENV/present_weather/lib/python3.10/site-packages/rasterio/proj_data'.
2023-12-23 05:43:04,719 - rasterio._env - DEBUG - Started GDALEnv: self=<rasterio._env.GDALEnv object at 0x7f53bb28ba60>.
2023-12-23 05:43:04,719 - rasterio.env - DEBUG - Entered env context: <rasterio.env.Env object at 0x7f53ba9cb550>
2023-12-23 05:43:04,719 - rasterio.env - DEBUG - Got a copy of environment <rasterio._env.GDALEnv object at 0x7f53bb28ba60> options
2023-12-23 05:43:04,720 - rasterio.env - DEBUG - Entering env context: <rasterio.env.Env object at 0x7f53a073ad70>
2023-12-23 05:43:04,720 - rasterio.env - DEBUG - Got a copy of environment <rasterio._env.GDALEnv object at 0x7f53bb28ba60> options
2023-12-23 05:43:04,720 - rasterio.env - DEBUG - Entered env context: <rasterio.env.Env object at 0x7f53a073ad70>
2023-12-23 05:43:04,720 - rasterio._base - DEBUG - Sharing flag: 0
2023-12-23 05:43:04,721 - rasterio._base - DEBUG - Nodata success: 1, Nodata value: nan
2023-12-23 05:43:04,721 - rasterio._base - DEBUG - Dataset <open DatasetReader name='https://radar.bmkg.go.id/raster/radarsatelit_202312230540.tif' mode='r'> is started.
2023-12-23 05:43:04,721 - rasterio.env - DEBUG - Exiting env context: <rasterio.env.Env object at 0x7f53a073ad70>
2023-12-23 05:43:04,721 - rasterio.env - DEBUG - Cleared existing <rasterio._env.GDALEnv object at 0x7f53bb28ba60> options
2023-12-23 05:43:04,721 - rasterio._env - DEBUG - Stopped GDALEnv <rasterio._env.GDALEnv object at 0x7f53bb28ba60>.
2023-12-23 05:43:04,721 - rasterio.env - DEBUG - No GDAL environment exists
2023-12-23 05:43:04,721 - rasterio.env - DEBUG - New GDAL environment <rasterio._env.GDALEnv object at 0x7f53bb28ba60> created
2023-12-23 05:43:04,722 - rasterio._env - DEBUG - GDAL data found in package: path='/home/metpublic/PYTHON_VENV/present_weather/lib/python3.10/site-packages/rasterio/gdal_data'.
2023-12-23 05:43:04,722 - rasterio._env - DEBUG - PROJ data found in package: path='/home/metpublic/PYTHON_VENV/present_weather/lib/python3.10/site-packages/rasterio/proj_data'.
2023-12-23 05:43:04,722 - rasterio._env - DEBUG - Started GDALEnv: self=<rasterio._env.GDALEnv object at 0x7f53bb28ba60>.
2023-12-23 05:43:04,722 - rasterio.env - DEBUG - Exited env context: <rasterio.env.Env object at 0x7f53a073ad70>
2023-12-23 05:43:04,740 - rasterio._io - DEBUG - Output nodata value read from file: nan
2023-12-23 05:43:04,741 - rasterio._io - DEBUG - Output nodata values: [nan]
2023-12-23 05:43:04,741 - rasterio._io - DEBUG - all_valid: False
2023-12-23 05:43:04,741 - rasterio._io - DEBUG - mask_flags: ([<MaskFlags.nodata: 8>],)
2023-12-23 05:43:04,741 - rasterio._io - DEBUG - Jump straight to _read()
2023-12-23 05:43:04,741 - rasterio._io - DEBUG - Window: Window(col_off=0, row_off=0, width=10215, height=3792)
2023-12-23 05:43:04,741 - rasterio._io - DEBUG - IO window xoff=0.0 yoff=0.0 width=10215.0 height=3792.0
2023-12-23 05:43:05,281 - rasterio.env - DEBUG - Exiting env context: <rasterio.env.Env object at 0x7f53ba9cb550>
2023-12-23 05:43:05,281 - rasterio.env - DEBUG - Cleared existing <rasterio._env.GDALEnv object at 0x7f53bb28ba60> options
2023-12-23 05:43:05,281 - rasterio._env - DEBUG - Stopped GDALEnv <rasterio._env.GDALEnv object at 0x7f53bb28ba60>.
2023-12-23 05:43:05,281 - rasterio.env - DEBUG - Exiting outermost env
2023-12-23 05:43:05,281 - rasterio.env - DEBUG - Exited env context: <rasterio.env.Env object at 0x7f53ba9cb550>
2023-12-23 05:49:45,200 - root - INFO - Total elapsed time: 0:06:42.490921
