2023-11-24 14:23:03,658 - root - INFO - Initiating present weather
2023-11-24 14:23:03,662 - asyncio - DEBUG - Using selector: EpollSelector
2023-11-24 14:23:07,001 - urllib3.connectionpool - DEBUG - Starting new HTTPS connection (1): radar.bmkg.go.id:8060
2023-11-24 14:23:07,056 - urllib3.connectionpool - DEBUG - https://radar.bmkg.go.id:8060 "GET /getRadarGeotif?token=19387e71e78522ae4172ec0fda640983b8438c9cfa0ca571623cb69d8327&radar=amandemenForecast&type=latest HTTP/1.1" 200 90
2023-11-24 14:23:07,058 - rasterio.env - DEBUG - Entering env context: <rasterio.env.Env object at 0x7f9a9b11d0a0>
2023-11-24 14:23:07,059 - rasterio.env - DEBUG - Starting outermost env
2023-11-24 14:23:07,059 - rasterio.env - DEBUG - No GDAL environment exists
2023-11-24 14:23:07,059 - rasterio.env - DEBUG - New GDAL environment <rasterio._env.GDALEnv object at 0x7f9a9bbad7b0> created
2023-11-24 14:23:07,062 - rasterio._filepath - DEBUG - Installing FilePath filesystem handler plugin...
2023-11-24 14:23:07,063 - rasterio._env - DEBUG - GDAL data found in package: path='/home/swx/miniconda3/envs/present_weather/lib/python3.12/site-packages/rasterio/gdal_data'.
2023-11-24 14:23:07,063 - rasterio._env - DEBUG - PROJ_LIB found in environment.
2023-11-24 14:23:07,063 - rasterio._env - DEBUG - Started GDALEnv: self=<rasterio._env.GDALEnv object at 0x7f9a9bbad7b0>.
2023-11-24 14:23:07,063 - rasterio.env - DEBUG - Entered env context: <rasterio.env.Env object at 0x7f9a9b11d0a0>
2023-11-24 14:23:07,063 - rasterio._base - DEBUG - Sharing flag: 0
2023-11-24 14:23:07,241 - rasterio._base - DEBUG - Nodata success: 1, Nodata value: nan
2023-11-24 14:23:07,242 - rasterio._base - DEBUG - Dataset <open DatasetReader name='https://radar.bmkg.go.id/raster/radarsatelit_202311241420.tif' mode='r'> is started.
2023-11-24 14:23:07,242 - rasterio.env - DEBUG - Exiting env context: <rasterio.env.Env object at 0x7f9a9b11d0a0>
2023-11-24 14:23:07,242 - rasterio.env - DEBUG - Cleared existing <rasterio._env.GDALEnv object at 0x7f9a9bbad7b0> options
2023-11-24 14:23:07,242 - rasterio._env - DEBUG - Stopped GDALEnv <rasterio._env.GDALEnv object at 0x7f9a9bbad7b0>.
2023-11-24 14:23:07,243 - rasterio.env - DEBUG - Exiting outermost env
2023-11-24 14:23:07,243 - rasterio.env - DEBUG - Exited env context: <rasterio.env.Env object at 0x7f9a9b11d0a0>
2023-11-24 14:23:07,243 - rasterio.env - DEBUG - Entering env context: <rasterio.env.Env object at 0x7f9a9b11f980>
2023-11-24 14:23:07,243 - rasterio.env - DEBUG - Starting outermost env
2023-11-24 14:23:07,243 - rasterio.env - DEBUG - No GDAL environment exists
2023-11-24 14:23:07,243 - rasterio.env - DEBUG - New GDAL environment <rasterio._env.GDALEnv object at 0x7f9a9bbad7b0> created
2023-11-24 14:23:07,244 - rasterio._env - DEBUG - GDAL data found in package: path='/home/swx/miniconda3/envs/present_weather/lib/python3.12/site-packages/rasterio/gdal_data'.
2023-11-24 14:23:07,244 - rasterio._env - DEBUG - PROJ_LIB found in environment.
2023-11-24 14:23:07,244 - rasterio._env - DEBUG - Started GDALEnv: self=<rasterio._env.GDALEnv object at 0x7f9a9bbad7b0>.
2023-11-24 14:23:07,244 - rasterio.env - DEBUG - Entered env context: <rasterio.env.Env object at 0x7f9a9b11f980>
2023-11-24 14:23:07,245 - rasterio.env - DEBUG - Got a copy of environment <rasterio._env.GDALEnv object at 0x7f9a9bbad7b0> options
2023-11-24 14:23:07,245 - rasterio.env - DEBUG - Entering env context: <rasterio.env.Env object at 0x7f9a9badcce0>
2023-11-24 14:23:07,245 - rasterio.env - DEBUG - Got a copy of environment <rasterio._env.GDALEnv object at 0x7f9a9bbad7b0> options
2023-11-24 14:23:07,245 - rasterio.env - DEBUG - Entered env context: <rasterio.env.Env object at 0x7f9a9badcce0>
2023-11-24 14:23:07,245 - rasterio._base - DEBUG - Sharing flag: 0
2023-11-24 14:23:07,246 - rasterio._base - DEBUG - Nodata success: 1, Nodata value: nan
2023-11-24 14:23:07,246 - rasterio._base - DEBUG - Dataset <open DatasetReader name='https://radar.bmkg.go.id/raster/radarsatelit_202311241420.tif' mode='r'> is started.
2023-11-24 14:23:07,247 - rasterio.env - DEBUG - Exiting env context: <rasterio.env.Env object at 0x7f9a9badcce0>
2023-11-24 14:23:07,247 - rasterio.env - DEBUG - Cleared existing <rasterio._env.GDALEnv object at 0x7f9a9bbad7b0> options
2023-11-24 14:23:07,247 - rasterio._env - DEBUG - Stopped GDALEnv <rasterio._env.GDALEnv object at 0x7f9a9bbad7b0>.
2023-11-24 14:23:07,247 - rasterio.env - DEBUG - No GDAL environment exists
2023-11-24 14:23:07,247 - rasterio.env - DEBUG - New GDAL environment <rasterio._env.GDALEnv object at 0x7f9a9bbad7b0> created
2023-11-24 14:23:07,247 - rasterio._env - DEBUG - GDAL data found in package: path='/home/swx/miniconda3/envs/present_weather/lib/python3.12/site-packages/rasterio/gdal_data'.
2023-11-24 14:23:07,248 - rasterio._env - DEBUG - PROJ_LIB found in environment.
2023-11-24 14:23:07,248 - rasterio._env - DEBUG - Started GDALEnv: self=<rasterio._env.GDALEnv object at 0x7f9a9bbad7b0>.
2023-11-24 14:23:07,248 - rasterio.env - DEBUG - Exited env context: <rasterio.env.Env object at 0x7f9a9badcce0>
2023-11-24 14:23:07,271 - rasterio._io - DEBUG - Output nodata value read from file: nan
2023-11-24 14:23:07,272 - rasterio._io - DEBUG - Output nodata values: [nan]
2023-11-24 14:23:07,272 - rasterio._io - DEBUG - all_valid: False
2023-11-24 14:23:07,272 - rasterio._io - DEBUG - mask_flags: ([<MaskFlags.nodata: 8>],)
2023-11-24 14:23:07,272 - rasterio._io - DEBUG - Jump straight to _read()
2023-11-24 14:23:07,272 - rasterio._io - DEBUG - Window: Window(col_off=0, row_off=0, width=10215, height=3792)
2023-11-24 14:23:07,273 - rasterio._io - DEBUG - IO window xoff=0.0 yoff=0.0 width=10215.0 height=3792.0
2023-11-24 14:23:08,101 - rasterio.env - DEBUG - Exiting env context: <rasterio.env.Env object at 0x7f9a9b11f980>
2023-11-24 14:23:08,102 - rasterio.env - DEBUG - Cleared existing <rasterio._env.GDALEnv object at 0x7f9a9bbad7b0> options
2023-11-24 14:23:08,102 - rasterio._env - DEBUG - Stopped GDALEnv <rasterio._env.GDALEnv object at 0x7f9a9bbad7b0>.
2023-11-24 14:23:08,102 - rasterio.env - DEBUG - Exiting outermost env
2023-11-24 14:23:08,102 - rasterio.env - DEBUG - Exited env context: <rasterio.env.Env object at 0x7f9a9b11f980>
2023-11-24 14:23:08,104 - urllib3.connectionpool - DEBUG - Starting new HTTPS connection (1): radar.bmkg.go.id:8060
2023-11-24 14:23:08,148 - urllib3.connectionpool - DEBUG - https://radar.bmkg.go.id:8060 "GET /getLatestLD?typeData=1 HTTP/1.1" 200 2495
2023-11-24 14:23:08,155 - root - INFO - Generating present weather using RADAR data
2023-11-24 14:23:11,435 - root - INFO - dask.bag<lambda, npartitions=20>
2023-11-24 14:34:22,724 - root - INFO - Total elapsed time: 0:11:19.067707
