2023-11-18 02:20:03,511 - root - INFO - Initiating present weather
2023-11-18 02:20:03,516 - urllib3.connectionpool - DEBUG - Starting new HTTPS connection (1): radar.bmkg.go.id:8060
2023-11-18 02:20:03,581 - urllib3.connectionpool - DEBUG - https://radar.bmkg.go.id:8060 "GET /getRadarGeotif?token=19387e71e78522ae4172ec0fda640983b8438c9cfa0ca571623cb69d8327&radar=amandemenForecast&type=latest HTTP/1.1" 200 90
2023-11-18 02:20:03,584 - rasterio.env - DEBUG - Entering env context: <rasterio.env.Env object at 0x7fe37f081100>
2023-11-18 02:20:03,585 - rasterio.env - DEBUG - Starting outermost env
2023-11-18 02:20:03,585 - rasterio.env - DEBUG - No GDAL environment exists
2023-11-18 02:20:03,585 - rasterio.env - DEBUG - New GDAL environment <rasterio._env.GDALEnv object at 0x7fe32cd9a8c0> created
2023-11-18 02:20:03,589 - rasterio._filepath - DEBUG - Installing FilePath filesystem handler plugin...
2023-11-18 02:20:03,589 - rasterio._env - DEBUG - GDAL data found in package: path='/home/swx/miniconda3/envs/present_weather/lib/python3.12/site-packages/rasterio/gdal_data'.
2023-11-18 02:20:03,589 - rasterio._env - DEBUG - PROJ_LIB found in environment.
2023-11-18 02:20:03,590 - rasterio._env - DEBUG - Started GDALEnv: self=<rasterio._env.GDALEnv object at 0x7fe32cd9a8c0>.
2023-11-18 02:20:03,590 - rasterio.env - DEBUG - Entered env context: <rasterio.env.Env object at 0x7fe37f081100>
2023-11-18 02:20:03,590 - rasterio._base - DEBUG - Sharing flag: 0
2023-11-18 02:20:03,771 - rasterio._base - DEBUG - Nodata success: 1, Nodata value: nan
2023-11-18 02:20:03,771 - rasterio._base - DEBUG - Dataset <open DatasetReader name='https://radar.bmkg.go.id/raster/radarsatelit_202311180210.tif' mode='r'> is started.
2023-11-18 02:20:03,772 - rasterio.env - DEBUG - Exiting env context: <rasterio.env.Env object at 0x7fe37f081100>
2023-11-18 02:20:03,772 - rasterio.env - DEBUG - Cleared existing <rasterio._env.GDALEnv object at 0x7fe32cd9a8c0> options
2023-11-18 02:20:03,772 - rasterio._env - DEBUG - Stopped GDALEnv <rasterio._env.GDALEnv object at 0x7fe32cd9a8c0>.
2023-11-18 02:20:03,772 - rasterio.env - DEBUG - Exiting outermost env
2023-11-18 02:20:03,772 - rasterio.env - DEBUG - Exited env context: <rasterio.env.Env object at 0x7fe37f081100>
2023-11-18 02:20:03,772 - rasterio.env - DEBUG - Entering env context: <rasterio.env.Env object at 0x7fe32d0bea80>
2023-11-18 02:20:03,772 - rasterio.env - DEBUG - Starting outermost env
2023-11-18 02:20:03,772 - rasterio.env - DEBUG - No GDAL environment exists
2023-11-18 02:20:03,773 - rasterio.env - DEBUG - New GDAL environment <rasterio._env.GDALEnv object at 0x7fe32cd9a8c0> created
2023-11-18 02:20:03,773 - rasterio._env - DEBUG - GDAL data found in package: path='/home/swx/miniconda3/envs/present_weather/lib/python3.12/site-packages/rasterio/gdal_data'.
2023-11-18 02:20:03,773 - rasterio._env - DEBUG - PROJ_LIB found in environment.
2023-11-18 02:20:03,773 - rasterio._env - DEBUG - Started GDALEnv: self=<rasterio._env.GDALEnv object at 0x7fe32cd9a8c0>.
2023-11-18 02:20:03,774 - rasterio.env - DEBUG - Entered env context: <rasterio.env.Env object at 0x7fe32d0bea80>
2023-11-18 02:20:03,774 - rasterio.env - DEBUG - Got a copy of environment <rasterio._env.GDALEnv object at 0x7fe32cd9a8c0> options
2023-11-18 02:20:03,774 - rasterio.env - DEBUG - Entering env context: <rasterio.env.Env object at 0x7fe3879892e0>
2023-11-18 02:20:03,774 - rasterio.env - DEBUG - Got a copy of environment <rasterio._env.GDALEnv object at 0x7fe32cd9a8c0> options
2023-11-18 02:20:03,774 - rasterio.env - DEBUG - Entered env context: <rasterio.env.Env object at 0x7fe3879892e0>
2023-11-18 02:20:03,775 - rasterio._base - DEBUG - Sharing flag: 0
2023-11-18 02:20:03,776 - rasterio._base - DEBUG - Nodata success: 1, Nodata value: nan
2023-11-18 02:20:03,776 - rasterio._base - DEBUG - Dataset <open DatasetReader name='https://radar.bmkg.go.id/raster/radarsatelit_202311180210.tif' mode='r'> is started.
2023-11-18 02:20:03,776 - rasterio.env - DEBUG - Exiting env context: <rasterio.env.Env object at 0x7fe3879892e0>
2023-11-18 02:20:03,776 - rasterio.env - DEBUG - Cleared existing <rasterio._env.GDALEnv object at 0x7fe32cd9a8c0> options
2023-11-18 02:20:03,776 - rasterio._env - DEBUG - Stopped GDALEnv <rasterio._env.GDALEnv object at 0x7fe32cd9a8c0>.
2023-11-18 02:20:03,776 - rasterio.env - DEBUG - No GDAL environment exists
2023-11-18 02:20:03,776 - rasterio.env - DEBUG - New GDAL environment <rasterio._env.GDALEnv object at 0x7fe32cd9a8c0> created
2023-11-18 02:20:03,777 - rasterio._env - DEBUG - GDAL data found in package: path='/home/swx/miniconda3/envs/present_weather/lib/python3.12/site-packages/rasterio/gdal_data'.
2023-11-18 02:20:03,777 - rasterio._env - DEBUG - PROJ_LIB found in environment.
2023-11-18 02:20:03,777 - rasterio._env - DEBUG - Started GDALEnv: self=<rasterio._env.GDALEnv object at 0x7fe32cd9a8c0>.
2023-11-18 02:20:03,777 - rasterio.env - DEBUG - Exited env context: <rasterio.env.Env object at 0x7fe3879892e0>
2023-11-18 02:20:03,808 - rasterio._io - DEBUG - Output nodata value read from file: nan
2023-11-18 02:20:03,808 - rasterio._io - DEBUG - Output nodata values: [nan]
2023-11-18 02:20:03,809 - rasterio._io - DEBUG - all_valid: False
2023-11-18 02:20:03,809 - rasterio._io - DEBUG - mask_flags: ([<MaskFlags.nodata: 8>],)
2023-11-18 02:20:03,809 - rasterio._io - DEBUG - Jump straight to _read()
2023-11-18 02:20:03,809 - rasterio._io - DEBUG - Window: Window(col_off=0, row_off=0, width=10215, height=3792)
2023-11-18 02:20:03,809 - rasterio._io - DEBUG - IO window xoff=0.0 yoff=0.0 width=10215.0 height=3792.0
2023-11-18 02:20:04,466 - rasterio.env - DEBUG - Exiting env context: <rasterio.env.Env object at 0x7fe32d0bea80>
2023-11-18 02:20:04,466 - rasterio.env - DEBUG - Cleared existing <rasterio._env.GDALEnv object at 0x7fe32cd9a8c0> options
2023-11-18 02:20:04,466 - rasterio._env - DEBUG - Stopped GDALEnv <rasterio._env.GDALEnv object at 0x7fe32cd9a8c0>.
2023-11-18 02:20:04,467 - rasterio.env - DEBUG - Exiting outermost env
2023-11-18 02:20:04,467 - rasterio.env - DEBUG - Exited env context: <rasterio.env.Env object at 0x7fe32d0bea80>
2023-11-18 02:20:04,469 - urllib3.connectionpool - DEBUG - Starting new HTTPS connection (1): radar.bmkg.go.id:8060
2023-11-18 02:20:04,524 - urllib3.connectionpool - DEBUG - https://radar.bmkg.go.id:8060 "GET /getLatestLD?typeData=1 HTTP/1.1" 200 637
2023-11-18 02:20:04,537 - asyncio - DEBUG - Using selector: EpollSelector
2023-11-18 02:20:11,220 - root - INFO - dask.bag<lambda, npartitions=34>
2023-11-18 02:34:33,166 - root - INFO - Total elapsed time: 0:14:29.655980
