2023-11-20 11:03:03,451 - root - INFO - Initiating present weather
2023-11-20 11:03:03,455 - urllib3.connectionpool - DEBUG - Starting new HTTPS connection (1): radar.bmkg.go.id:8060
2023-11-20 11:03:03,534 - urllib3.connectionpool - DEBUG - https://radar.bmkg.go.id:8060 "GET /getRadarGeotif?token=19387e71e78522ae4172ec0fda640983b8438c9cfa0ca571623cb69d8327&radar=amandemenForecast&type=latest HTTP/1.1" 200 90
2023-11-20 11:03:03,537 - rasterio.env - DEBUG - Entering env context: <rasterio.env.Env object at 0x7fb23cefbc80>
2023-11-20 11:03:03,538 - rasterio.env - DEBUG - Starting outermost env
2023-11-20 11:03:03,538 - rasterio.env - DEBUG - No GDAL environment exists
2023-11-20 11:03:03,539 - rasterio.env - DEBUG - New GDAL environment <rasterio._env.GDALEnv object at 0x7fb28e520fa0> created
2023-11-20 11:03:03,543 - rasterio._filepath - DEBUG - Installing FilePath filesystem handler plugin...
2023-11-20 11:03:03,543 - rasterio._env - DEBUG - GDAL data found in package: path='/home/swx/miniconda3/envs/present_weather/lib/python3.12/site-packages/rasterio/gdal_data'.
2023-11-20 11:03:03,544 - rasterio._env - DEBUG - PROJ_LIB found in environment.
2023-11-20 11:03:03,544 - rasterio._env - DEBUG - Started GDALEnv: self=<rasterio._env.GDALEnv object at 0x7fb28e520fa0>.
2023-11-20 11:03:03,544 - rasterio.env - DEBUG - Entered env context: <rasterio.env.Env object at 0x7fb23cefbc80>
2023-11-20 11:03:03,544 - rasterio._base - DEBUG - Sharing flag: 0
2023-11-20 11:03:03,728 - rasterio._base - DEBUG - Nodata success: 1, Nodata value: nan
2023-11-20 11:03:03,728 - rasterio._base - DEBUG - Dataset <open DatasetReader name='https://radar.bmkg.go.id/raster/radarsatelit_202311201100.tif' mode='r'> is started.
2023-11-20 11:03:03,728 - rasterio.env - DEBUG - Exiting env context: <rasterio.env.Env object at 0x7fb23cefbc80>
2023-11-20 11:03:03,729 - rasterio.env - DEBUG - Cleared existing <rasterio._env.GDALEnv object at 0x7fb28e520fa0> options
2023-11-20 11:03:03,729 - rasterio._env - DEBUG - Stopped GDALEnv <rasterio._env.GDALEnv object at 0x7fb28e520fa0>.
2023-11-20 11:03:03,729 - rasterio.env - DEBUG - Exiting outermost env
2023-11-20 11:03:03,729 - rasterio.env - DEBUG - Exited env context: <rasterio.env.Env object at 0x7fb23cefbc80>
2023-11-20 11:03:03,729 - rasterio.env - DEBUG - Entering env context: <rasterio.env.Env object at 0x7fb29f658d40>
2023-11-20 11:03:03,729 - rasterio.env - DEBUG - Starting outermost env
2023-11-20 11:03:03,729 - rasterio.env - DEBUG - No GDAL environment exists
2023-11-20 11:03:03,729 - rasterio.env - DEBUG - New GDAL environment <rasterio._env.GDALEnv object at 0x7fb23d064df0> created
2023-11-20 11:03:03,730 - rasterio._env - DEBUG - GDAL data found in package: path='/home/swx/miniconda3/envs/present_weather/lib/python3.12/site-packages/rasterio/gdal_data'.
2023-11-20 11:03:03,730 - rasterio._env - DEBUG - PROJ_LIB found in environment.
2023-11-20 11:03:03,731 - rasterio._env - DEBUG - Started GDALEnv: self=<rasterio._env.GDALEnv object at 0x7fb23d064df0>.
2023-11-20 11:03:03,731 - rasterio.env - DEBUG - Entered env context: <rasterio.env.Env object at 0x7fb29f658d40>
2023-11-20 11:03:03,731 - rasterio.env - DEBUG - Got a copy of environment <rasterio._env.GDALEnv object at 0x7fb23d064df0> options
2023-11-20 11:03:03,731 - rasterio.env - DEBUG - Entering env context: <rasterio.env.Env object at 0x7fb23d136270>
2023-11-20 11:03:03,731 - rasterio.env - DEBUG - Got a copy of environment <rasterio._env.GDALEnv object at 0x7fb23d064df0> options
2023-11-20 11:03:03,732 - rasterio.env - DEBUG - Entered env context: <rasterio.env.Env object at 0x7fb23d136270>
2023-11-20 11:03:03,732 - rasterio._base - DEBUG - Sharing flag: 0
2023-11-20 11:03:03,733 - rasterio._base - DEBUG - Nodata success: 1, Nodata value: nan
2023-11-20 11:03:03,733 - rasterio._base - DEBUG - Dataset <open DatasetReader name='https://radar.bmkg.go.id/raster/radarsatelit_202311201100.tif' mode='r'> is started.
2023-11-20 11:03:03,733 - rasterio.env - DEBUG - Exiting env context: <rasterio.env.Env object at 0x7fb23d136270>
2023-11-20 11:03:03,733 - rasterio.env - DEBUG - Cleared existing <rasterio._env.GDALEnv object at 0x7fb23d064df0> options
2023-11-20 11:03:03,733 - rasterio._env - DEBUG - Stopped GDALEnv <rasterio._env.GDALEnv object at 0x7fb23d064df0>.
2023-11-20 11:03:03,733 - rasterio.env - DEBUG - No GDAL environment exists
2023-11-20 11:03:03,734 - rasterio.env - DEBUG - New GDAL environment <rasterio._env.GDALEnv object at 0x7fb23d064df0> created
2023-11-20 11:03:03,734 - rasterio._env - DEBUG - GDAL data found in package: path='/home/swx/miniconda3/envs/present_weather/lib/python3.12/site-packages/rasterio/gdal_data'.
2023-11-20 11:03:03,734 - rasterio._env - DEBUG - PROJ_LIB found in environment.
2023-11-20 11:03:03,734 - rasterio._env - DEBUG - Started GDALEnv: self=<rasterio._env.GDALEnv object at 0x7fb23d064df0>.
2023-11-20 11:03:03,735 - rasterio.env - DEBUG - Exited env context: <rasterio.env.Env object at 0x7fb23d136270>
2023-11-20 11:03:03,765 - rasterio._io - DEBUG - Output nodata value read from file: nan
2023-11-20 11:03:03,766 - rasterio._io - DEBUG - Output nodata values: [nan]
2023-11-20 11:03:03,766 - rasterio._io - DEBUG - all_valid: False
2023-11-20 11:03:03,766 - rasterio._io - DEBUG - mask_flags: ([<MaskFlags.nodata: 8>],)
2023-11-20 11:03:03,767 - rasterio._io - DEBUG - Jump straight to _read()
2023-11-20 11:03:03,767 - rasterio._io - DEBUG - Window: Window(col_off=0, row_off=0, width=10215, height=3792)
2023-11-20 11:03:03,767 - rasterio._io - DEBUG - IO window xoff=0.0 yoff=0.0 width=10215.0 height=3792.0
2023-11-20 11:03:04,451 - rasterio.env - DEBUG - Exiting env context: <rasterio.env.Env object at 0x7fb29f658d40>
2023-11-20 11:03:04,452 - rasterio.env - DEBUG - Cleared existing <rasterio._env.GDALEnv object at 0x7fb23d064df0> options
2023-11-20 11:03:04,452 - rasterio._env - DEBUG - Stopped GDALEnv <rasterio._env.GDALEnv object at 0x7fb23d064df0>.
2023-11-20 11:03:04,452 - rasterio.env - DEBUG - Exiting outermost env
2023-11-20 11:03:04,452 - rasterio.env - DEBUG - Exited env context: <rasterio.env.Env object at 0x7fb29f658d40>
2023-11-20 11:03:04,454 - urllib3.connectionpool - DEBUG - Starting new HTTPS connection (1): radar.bmkg.go.id:8060
2023-11-20 11:03:04,533 - urllib3.connectionpool - DEBUG - https://radar.bmkg.go.id:8060 "GET /getLatestLD?typeData=1 HTTP/1.1" 200 85353
2023-11-20 11:03:04,572 - asyncio - DEBUG - Using selector: EpollSelector
2023-11-20 11:03:11,320 - root - INFO - dask.bag<lambda, npartitions=34>
2023-11-20 11:19:17,997 - root - INFO - Total elapsed time: 0:16:14.547694
