2023-11-14 20:20:03,368 - root - INFO - Initiating present weather
2023-11-14 20:20:03,373 - urllib3.connectionpool - DEBUG - Starting new HTTPS connection (1): radar.bmkg.go.id:8060
2023-11-14 20:20:03,442 - urllib3.connectionpool - DEBUG - https://radar.bmkg.go.id:8060 "GET /getRadarGeotif?token=19387e71e78522ae4172ec0fda640983b8438c9cfa0ca571623cb69d8327&radar=amandemenForecast&type=latest HTTP/1.1" 200 90
2023-11-14 20:20:03,445 - rasterio.env - DEBUG - Entering env context: <rasterio.env.Env object at 0x7f9e73848c80>
2023-11-14 20:20:03,446 - rasterio.env - DEBUG - Starting outermost env
2023-11-14 20:20:03,446 - rasterio.env - DEBUG - No GDAL environment exists
2023-11-14 20:20:03,446 - rasterio.env - DEBUG - New GDAL environment <rasterio._env.GDALEnv object at 0x7f9e324d3880> created
2023-11-14 20:20:03,450 - rasterio._filepath - DEBUG - Installing FilePath filesystem handler plugin...
2023-11-14 20:20:03,450 - rasterio._env - DEBUG - GDAL data found in package: path='/home/swx/miniconda3/envs/present_weather/lib/python3.12/site-packages/rasterio/gdal_data'.
2023-11-14 20:20:03,450 - rasterio._env - DEBUG - PROJ_LIB found in environment.
2023-11-14 20:20:03,450 - rasterio._env - DEBUG - Started GDALEnv: self=<rasterio._env.GDALEnv object at 0x7f9e324d3880>.
2023-11-14 20:20:03,450 - rasterio.env - DEBUG - Entered env context: <rasterio.env.Env object at 0x7f9e73848c80>
2023-11-14 20:20:03,451 - rasterio._base - DEBUG - Sharing flag: 0
2023-11-14 20:20:03,642 - rasterio._base - DEBUG - Nodata success: 1, Nodata value: nan
2023-11-14 20:20:03,643 - rasterio._base - DEBUG - Dataset <open DatasetReader name='https://radar.bmkg.go.id/raster/radarsatelit_202311142010.tif' mode='r'> is started.
2023-11-14 20:20:03,643 - rasterio.env - DEBUG - Exiting env context: <rasterio.env.Env object at 0x7f9e73848c80>
2023-11-14 20:20:03,643 - rasterio.env - DEBUG - Cleared existing <rasterio._env.GDALEnv object at 0x7f9e324d3880> options
2023-11-14 20:20:03,643 - rasterio._env - DEBUG - Stopped GDALEnv <rasterio._env.GDALEnv object at 0x7f9e324d3880>.
2023-11-14 20:20:03,644 - rasterio.env - DEBUG - Exiting outermost env
2023-11-14 20:20:03,644 - rasterio.env - DEBUG - Exited env context: <rasterio.env.Env object at 0x7f9e73848c80>
2023-11-14 20:20:03,644 - rasterio.env - DEBUG - Entering env context: <rasterio.env.Env object at 0x7f9e737f3920>
2023-11-14 20:20:03,644 - rasterio.env - DEBUG - Starting outermost env
2023-11-14 20:20:03,644 - rasterio.env - DEBUG - No GDAL environment exists
2023-11-14 20:20:03,644 - rasterio.env - DEBUG - New GDAL environment <rasterio._env.GDALEnv object at 0x7f9e324d3880> created
2023-11-14 20:20:03,645 - rasterio._env - DEBUG - GDAL data found in package: path='/home/swx/miniconda3/envs/present_weather/lib/python3.12/site-packages/rasterio/gdal_data'.
2023-11-14 20:20:03,645 - rasterio._env - DEBUG - PROJ_LIB found in environment.
2023-11-14 20:20:03,645 - rasterio._env - DEBUG - Started GDALEnv: self=<rasterio._env.GDALEnv object at 0x7f9e324d3880>.
2023-11-14 20:20:03,645 - rasterio.env - DEBUG - Entered env context: <rasterio.env.Env object at 0x7f9e737f3920>
2023-11-14 20:20:03,646 - rasterio.env - DEBUG - Got a copy of environment <rasterio._env.GDALEnv object at 0x7f9e324d3880> options
2023-11-14 20:20:03,646 - rasterio.env - DEBUG - Entering env context: <rasterio.env.Env object at 0x7f9e32387f50>
2023-11-14 20:20:03,647 - rasterio.env - DEBUG - Got a copy of environment <rasterio._env.GDALEnv object at 0x7f9e324d3880> options
2023-11-14 20:20:03,647 - rasterio.env - DEBUG - Entered env context: <rasterio.env.Env object at 0x7f9e32387f50>
2023-11-14 20:20:03,647 - rasterio._base - DEBUG - Sharing flag: 0
2023-11-14 20:20:03,648 - rasterio._base - DEBUG - Nodata success: 1, Nodata value: nan
2023-11-14 20:20:03,648 - rasterio._base - DEBUG - Dataset <open DatasetReader name='https://radar.bmkg.go.id/raster/radarsatelit_202311142010.tif' mode='r'> is started.
2023-11-14 20:20:03,648 - rasterio.env - DEBUG - Exiting env context: <rasterio.env.Env object at 0x7f9e32387f50>
2023-11-14 20:20:03,648 - rasterio.env - DEBUG - Cleared existing <rasterio._env.GDALEnv object at 0x7f9e324d3880> options
2023-11-14 20:20:03,648 - rasterio._env - DEBUG - Stopped GDALEnv <rasterio._env.GDALEnv object at 0x7f9e324d3880>.
2023-11-14 20:20:03,648 - rasterio.env - DEBUG - No GDAL environment exists
2023-11-14 20:20:03,648 - rasterio.env - DEBUG - New GDAL environment <rasterio._env.GDALEnv object at 0x7f9e324d3880> created
2023-11-14 20:20:03,649 - rasterio._env - DEBUG - GDAL data found in package: path='/home/swx/miniconda3/envs/present_weather/lib/python3.12/site-packages/rasterio/gdal_data'.
2023-11-14 20:20:03,649 - rasterio._env - DEBUG - PROJ_LIB found in environment.
2023-11-14 20:20:03,649 - rasterio._env - DEBUG - Started GDALEnv: self=<rasterio._env.GDALEnv object at 0x7f9e324d3880>.
2023-11-14 20:20:03,649 - rasterio.env - DEBUG - Exited env context: <rasterio.env.Env object at 0x7f9e32387f50>
2023-11-14 20:20:03,679 - rasterio._io - DEBUG - Output nodata value read from file: nan
2023-11-14 20:20:03,680 - rasterio._io - DEBUG - Output nodata values: [nan]
2023-11-14 20:20:03,680 - rasterio._io - DEBUG - all_valid: False
2023-11-14 20:20:03,680 - rasterio._io - DEBUG - mask_flags: ([<MaskFlags.nodata: 8>],)
2023-11-14 20:20:03,680 - rasterio._io - DEBUG - Jump straight to _read()
2023-11-14 20:20:03,681 - rasterio._io - DEBUG - Window: Window(col_off=0, row_off=0, width=10215, height=3792)
2023-11-14 20:20:03,681 - rasterio._io - DEBUG - IO window xoff=0.0 yoff=0.0 width=10215.0 height=3792.0
2023-11-14 20:20:04,315 - rasterio.env - DEBUG - Exiting env context: <rasterio.env.Env object at 0x7f9e737f3920>
2023-11-14 20:20:04,315 - rasterio.env - DEBUG - Cleared existing <rasterio._env.GDALEnv object at 0x7f9e324d3880> options
2023-11-14 20:20:04,315 - rasterio._env - DEBUG - Stopped GDALEnv <rasterio._env.GDALEnv object at 0x7f9e324d3880>.
2023-11-14 20:20:04,315 - rasterio.env - DEBUG - Exiting outermost env
2023-11-14 20:20:04,315 - rasterio.env - DEBUG - Exited env context: <rasterio.env.Env object at 0x7f9e737f3920>
2023-11-14 20:20:04,317 - urllib3.connectionpool - DEBUG - Starting new HTTPS connection (1): radar.bmkg.go.id:8060
2023-11-14 20:20:14,332 - asyncio - DEBUG - Using selector: EpollSelector
2023-11-14 20:20:20,991 - root - INFO - dask.bag<lambda, npartitions=34>
2023-11-14 20:20:24,837 - root - INFO - Total elapsed time: 0:00:21.469632
