2023-12-05 11:33:02,819 - root - INFO - Initiating present weather
2023-12-05 11:33:02,822 - asyncio - DEBUG - Using selector: EpollSelector
2023-12-05 11:33:04,289 - urllib3.connectionpool - DEBUG - Starting new HTTPS connection (1): radar.bmkg.go.id:8060
2023-12-05 11:33:04,303 - urllib3.connectionpool - DEBUG - https://radar.bmkg.go.id:8060 "GET /getLatestLD?typeData=1 HTTP/1.1" 200 62
2023-12-05 11:33:04,306 - urllib3.connectionpool - DEBUG - Starting new HTTPS connection (1): radar.bmkg.go.id:8060
2023-12-05 11:33:04,328 - urllib3.connectionpool - DEBUG - https://radar.bmkg.go.id:8060 "GET /getRadarGeotif?token=19387e71e78522ae4172ec0fda640983b8438c9cfa0ca571623cb69d8327&radar=amandemenForecast&type=latest HTTP/1.1" 200 90
2023-12-05 11:33:04,329 - rasterio.env - DEBUG - Entering env context: <rasterio.env.Env object at 0x7f49f9d54130>
2023-12-05 11:33:04,329 - rasterio.env - DEBUG - Starting outermost env
2023-12-05 11:33:04,329 - rasterio.env - DEBUG - No GDAL environment exists
2023-12-05 11:33:04,330 - rasterio.env - DEBUG - New GDAL environment <rasterio._env.GDALEnv object at 0x7f49fa66a9e0> created
2023-12-05 11:33:04,332 - rasterio._filepath - DEBUG - Installing FilePath filesystem handler plugin...
2023-12-05 11:33:04,333 - rasterio._env - DEBUG - GDAL data found in package: path='/home/metpublic/PYTHON_VENV/present_weather/lib/python3.10/site-packages/rasterio/gdal_data'.
2023-12-05 11:33:04,333 - rasterio._env - DEBUG - PROJ data found in package: path='/home/metpublic/PYTHON_VENV/present_weather/lib/python3.10/site-packages/rasterio/proj_data'.
2023-12-05 11:33:04,333 - rasterio._env - DEBUG - Started GDALEnv: self=<rasterio._env.GDALEnv object at 0x7f49fa66a9e0>.
2023-12-05 11:33:04,333 - rasterio.env - DEBUG - Entered env context: <rasterio.env.Env object at 0x7f49f9d54130>
2023-12-05 11:33:04,334 - rasterio._base - DEBUG - Sharing flag: 0
2023-12-05 11:33:04,564 - rasterio._base - DEBUG - Nodata success: 1, Nodata value: nan
2023-12-05 11:33:04,565 - rasterio._base - DEBUG - Dataset <open DatasetReader name='https://radar.bmkg.go.id/raster/radarsatelit_202312051130.tif' mode='r'> is started.
2023-12-05 11:33:04,565 - rasterio.env - DEBUG - Exiting env context: <rasterio.env.Env object at 0x7f49f9d54130>
2023-12-05 11:33:04,565 - rasterio.env - DEBUG - Cleared existing <rasterio._env.GDALEnv object at 0x7f49fa66a9e0> options
2023-12-05 11:33:04,565 - rasterio._env - DEBUG - Stopped GDALEnv <rasterio._env.GDALEnv object at 0x7f49fa66a9e0>.
2023-12-05 11:33:04,565 - rasterio.env - DEBUG - Exiting outermost env
2023-12-05 11:33:04,565 - rasterio.env - DEBUG - Exited env context: <rasterio.env.Env object at 0x7f49f9d54130>
2023-12-05 11:33:04,565 - rasterio.env - DEBUG - Entering env context: <rasterio.env.Env object at 0x7f49f83b5990>
2023-12-05 11:33:04,565 - rasterio.env - DEBUG - Starting outermost env
2023-12-05 11:33:04,565 - rasterio.env - DEBUG - No GDAL environment exists
2023-12-05 11:33:04,565 - rasterio.env - DEBUG - New GDAL environment <rasterio._env.GDALEnv object at 0x7f49fa66a9e0> created
2023-12-05 11:33:04,566 - rasterio._env - DEBUG - GDAL data found in package: path='/home/metpublic/PYTHON_VENV/present_weather/lib/python3.10/site-packages/rasterio/gdal_data'.
2023-12-05 11:33:04,566 - rasterio._env - DEBUG - PROJ data found in package: path='/home/metpublic/PYTHON_VENV/present_weather/lib/python3.10/site-packages/rasterio/proj_data'.
2023-12-05 11:33:04,566 - rasterio._env - DEBUG - Started GDALEnv: self=<rasterio._env.GDALEnv object at 0x7f49fa66a9e0>.
2023-12-05 11:33:04,566 - rasterio.env - DEBUG - Entered env context: <rasterio.env.Env object at 0x7f49f83b5990>
2023-12-05 11:33:04,567 - rasterio.env - DEBUG - Got a copy of environment <rasterio._env.GDALEnv object at 0x7f49fa66a9e0> options
2023-12-05 11:33:04,567 - rasterio.env - DEBUG - Entering env context: <rasterio.env.Env object at 0x7f49f8401540>
2023-12-05 11:33:04,567 - rasterio.env - DEBUG - Got a copy of environment <rasterio._env.GDALEnv object at 0x7f49fa66a9e0> options
2023-12-05 11:33:04,567 - rasterio.env - DEBUG - Entered env context: <rasterio.env.Env object at 0x7f49f8401540>
2023-12-05 11:33:04,567 - rasterio._base - DEBUG - Sharing flag: 0
2023-12-05 11:33:04,568 - rasterio._base - DEBUG - Nodata success: 1, Nodata value: nan
2023-12-05 11:33:04,568 - rasterio._base - DEBUG - Dataset <open DatasetReader name='https://radar.bmkg.go.id/raster/radarsatelit_202312051130.tif' mode='r'> is started.
2023-12-05 11:33:04,568 - rasterio.env - DEBUG - Exiting env context: <rasterio.env.Env object at 0x7f49f8401540>
2023-12-05 11:33:04,568 - rasterio.env - DEBUG - Cleared existing <rasterio._env.GDALEnv object at 0x7f49fa66a9e0> options
2023-12-05 11:33:04,568 - rasterio._env - DEBUG - Stopped GDALEnv <rasterio._env.GDALEnv object at 0x7f49fa66a9e0>.
2023-12-05 11:33:04,568 - rasterio.env - DEBUG - No GDAL environment exists
2023-12-05 11:33:04,568 - rasterio.env - DEBUG - New GDAL environment <rasterio._env.GDALEnv object at 0x7f49fa66a9e0> created
2023-12-05 11:33:04,569 - rasterio._env - DEBUG - GDAL data found in package: path='/home/metpublic/PYTHON_VENV/present_weather/lib/python3.10/site-packages/rasterio/gdal_data'.
2023-12-05 11:33:04,569 - rasterio._env - DEBUG - PROJ data found in package: path='/home/metpublic/PYTHON_VENV/present_weather/lib/python3.10/site-packages/rasterio/proj_data'.
2023-12-05 11:33:04,569 - rasterio._env - DEBUG - Started GDALEnv: self=<rasterio._env.GDALEnv object at 0x7f49fa66a9e0>.
2023-12-05 11:33:04,569 - rasterio.env - DEBUG - Exited env context: <rasterio.env.Env object at 0x7f49f8401540>
2023-12-05 11:33:04,587 - rasterio._io - DEBUG - Output nodata value read from file: nan
2023-12-05 11:33:04,587 - rasterio._io - DEBUG - Output nodata values: [nan]
2023-12-05 11:33:04,587 - rasterio._io - DEBUG - all_valid: False
2023-12-05 11:33:04,587 - rasterio._io - DEBUG - mask_flags: ([<MaskFlags.nodata: 8>],)
2023-12-05 11:33:04,588 - rasterio._io - DEBUG - Jump straight to _read()
2023-12-05 11:33:04,588 - rasterio._io - DEBUG - Window: Window(col_off=0, row_off=0, width=10177, height=3732)
2023-12-05 11:33:04,588 - rasterio._io - DEBUG - IO window xoff=0.0 yoff=0.0 width=10177.0 height=3732.0
2023-12-05 11:33:05,154 - rasterio.env - DEBUG - Exiting env context: <rasterio.env.Env object at 0x7f49f83b5990>
2023-12-05 11:33:05,154 - rasterio.env - DEBUG - Cleared existing <rasterio._env.GDALEnv object at 0x7f49fa66a9e0> options
2023-12-05 11:33:05,154 - rasterio._env - DEBUG - Stopped GDALEnv <rasterio._env.GDALEnv object at 0x7f49fa66a9e0>.
2023-12-05 11:33:05,154 - rasterio.env - DEBUG - Exiting outermost env
2023-12-05 11:33:05,154 - rasterio.env - DEBUG - Exited env context: <rasterio.env.Env object at 0x7f49f83b5990>
2023-12-05 11:37:32,636 - rasterio.env - DEBUG - Entering env context: <rasterio.env.Env object at 0x7f49f847c100>
2023-12-05 11:37:32,636 - rasterio.env - DEBUG - Starting outermost env
2023-12-05 11:37:32,636 - rasterio.env - DEBUG - No GDAL environment exists
2023-12-05 11:37:32,636 - rasterio.env - DEBUG - New GDAL environment <rasterio._env.GDALEnv object at 0x7f49f847e200> created
2023-12-05 11:37:32,637 - rasterio._env - DEBUG - GDAL data found in package: path='/home/metpublic/PYTHON_VENV/present_weather/lib/python3.10/site-packages/rasterio/gdal_data'.
2023-12-05 11:37:32,637 - rasterio._env - DEBUG - PROJ data found in package: path='/home/metpublic/PYTHON_VENV/present_weather/lib/python3.10/site-packages/rasterio/proj_data'.
2023-12-05 11:37:32,637 - rasterio._env - DEBUG - Started GDALEnv: self=<rasterio._env.GDALEnv object at 0x7f49f847e200>.
2023-12-05 11:37:32,637 - rasterio.env - DEBUG - Entered env context: <rasterio.env.Env object at 0x7f49f847c100>
2023-12-05 11:37:32,637 - rasterio._base - DEBUG - Sharing flag: 0
2023-12-05 11:37:32,639 - rasterio._base - DEBUG - Nodata success: 0, Nodata value: 0.000000
2023-12-05 11:37:32,639 - rasterio._base - DEBUG - Dataset <open DatasetReader name='/home/metpublic/TASK_RELEASE/EFAN/present_weather/src/H09_B13_Indonesia_20231205.Z1120.cor.tiff' mode='r'> is started.
2023-12-05 11:37:32,639 - rasterio.env - DEBUG - Exiting env context: <rasterio.env.Env object at 0x7f49f847c100>
2023-12-05 11:37:32,639 - rasterio.env - DEBUG - Cleared existing <rasterio._env.GDALEnv object at 0x7f49f847e200> options
2023-12-05 11:37:32,639 - rasterio._env - DEBUG - Stopped GDALEnv <rasterio._env.GDALEnv object at 0x7f49f847e200>.
2023-12-05 11:37:32,639 - rasterio.env - DEBUG - Exiting outermost env
2023-12-05 11:37:32,639 - rasterio.env - DEBUG - Exited env context: <rasterio.env.Env object at 0x7f49f847c100>
2023-12-05 11:37:32,639 - rasterio.env - DEBUG - Entering env context: <rasterio.env.Env object at 0x7f49f847d210>
2023-12-05 11:37:32,640 - rasterio.env - DEBUG - Starting outermost env
2023-12-05 11:37:32,640 - rasterio.env - DEBUG - No GDAL environment exists
2023-12-05 11:37:32,640 - rasterio.env - DEBUG - New GDAL environment <rasterio._env.GDALEnv object at 0x7f49f847d750> created
2023-12-05 11:37:32,640 - rasterio._env - DEBUG - GDAL data found in package: path='/home/metpublic/PYTHON_VENV/present_weather/lib/python3.10/site-packages/rasterio/gdal_data'.
2023-12-05 11:37:32,640 - rasterio._env - DEBUG - PROJ data found in package: path='/home/metpublic/PYTHON_VENV/present_weather/lib/python3.10/site-packages/rasterio/proj_data'.
2023-12-05 11:37:32,640 - rasterio._env - DEBUG - Started GDALEnv: self=<rasterio._env.GDALEnv object at 0x7f49f847d750>.
2023-12-05 11:37:32,641 - rasterio.env - DEBUG - Entered env context: <rasterio.env.Env object at 0x7f49f847d210>
2023-12-05 11:37:32,641 - rasterio._base - DEBUG - Sharing flag: 0
2023-12-05 11:37:32,642 - rasterio._base - DEBUG - Nodata success: 0, Nodata value: 0.000000
2023-12-05 11:37:32,642 - rasterio._base - DEBUG - Dataset <open DatasetReader name='/home/metpublic/TASK_RELEASE/EFAN/present_weather/src/H09_B13_Indonesia_20231205.Z1120.cor.tiff' mode='r'> is started.
2023-12-05 11:37:32,642 - rasterio.env - DEBUG - Exiting env context: <rasterio.env.Env object at 0x7f49f847d210>
2023-12-05 11:37:32,642 - rasterio.env - DEBUG - Cleared existing <rasterio._env.GDALEnv object at 0x7f49f847d750> options
2023-12-05 11:37:32,642 - rasterio._env - DEBUG - Stopped GDALEnv <rasterio._env.GDALEnv object at 0x7f49f847d750>.
2023-12-05 11:37:32,642 - rasterio.env - DEBUG - Exiting outermost env
2023-12-05 11:37:32,643 - rasterio.env - DEBUG - Exited env context: <rasterio.env.Env object at 0x7f49f847d210>
2023-12-05 11:37:32,653 - root - INFO - Generating present weather using SATELITE data
2023-12-05 11:39:00,186 - root - INFO - Total elapsed time: 0:05:57.367370
