2023-11-21 23:23:03,270 - root - INFO - Initiating present weather
2023-11-21 23:23:03,275 - urllib3.connectionpool - DEBUG - Starting new HTTPS connection (1): radar.bmkg.go.id:8060
2023-11-21 23:23:03,352 - urllib3.connectionpool - DEBUG - https://radar.bmkg.go.id:8060 "GET /getRadarGeotif?token=19387e71e78522ae4172ec0fda640983b8438c9cfa0ca571623cb69d8327&radar=amandemenForecast&type=latest HTTP/1.1" 200 90
2023-11-21 23:23:03,355 - rasterio.env - DEBUG - Entering env context: <rasterio.env.Env object at 0x7f0e988a9e80>
2023-11-21 23:23:03,356 - rasterio.env - DEBUG - Starting outermost env
2023-11-21 23:23:03,356 - rasterio.env - DEBUG - No GDAL environment exists
2023-11-21 23:23:03,356 - rasterio.env - DEBUG - New GDAL environment <rasterio._env.GDALEnv object at 0x7f0e99a8cac0> created
2023-11-21 23:23:03,361 - rasterio._filepath - DEBUG - Installing FilePath filesystem handler plugin...
2023-11-21 23:23:03,361 - rasterio._env - DEBUG - GDAL data found in package: path='/home/swx/miniconda3/envs/present_weather/lib/python3.12/site-packages/rasterio/gdal_data'.
2023-11-21 23:23:03,361 - rasterio._env - DEBUG - PROJ_LIB found in environment.
2023-11-21 23:23:03,361 - rasterio._env - DEBUG - Started GDALEnv: self=<rasterio._env.GDALEnv object at 0x7f0e99a8cac0>.
2023-11-21 23:23:03,362 - rasterio.env - DEBUG - Entered env context: <rasterio.env.Env object at 0x7f0e988a9e80>
2023-11-21 23:23:03,362 - rasterio._base - DEBUG - Sharing flag: 0
2023-11-21 23:23:03,557 - rasterio._base - DEBUG - Nodata success: 1, Nodata value: nan
2023-11-21 23:23:03,557 - rasterio._base - DEBUG - Dataset <open DatasetReader name='https://radar.bmkg.go.id/raster/radarsatelit_202311212320.tif' mode='r'> is started.
2023-11-21 23:23:03,558 - rasterio.env - DEBUG - Exiting env context: <rasterio.env.Env object at 0x7f0e988a9e80>
2023-11-21 23:23:03,558 - rasterio.env - DEBUG - Cleared existing <rasterio._env.GDALEnv object at 0x7f0e99a8cac0> options
2023-11-21 23:23:03,558 - rasterio._env - DEBUG - Stopped GDALEnv <rasterio._env.GDALEnv object at 0x7f0e99a8cac0>.
2023-11-21 23:23:03,558 - rasterio.env - DEBUG - Exiting outermost env
2023-11-21 23:23:03,558 - rasterio.env - DEBUG - Exited env context: <rasterio.env.Env object at 0x7f0e988a9e80>
2023-11-21 23:23:03,559 - rasterio.env - DEBUG - Entering env context: <rasterio.env.Env object at 0x7f0e98bc2e70>
2023-11-21 23:23:03,559 - rasterio.env - DEBUG - Starting outermost env
2023-11-21 23:23:03,559 - rasterio.env - DEBUG - No GDAL environment exists
2023-11-21 23:23:03,559 - rasterio.env - DEBUG - New GDAL environment <rasterio._env.GDALEnv object at 0x7f0e99a8cac0> created
2023-11-21 23:23:03,560 - rasterio._env - DEBUG - GDAL data found in package: path='/home/swx/miniconda3/envs/present_weather/lib/python3.12/site-packages/rasterio/gdal_data'.
2023-11-21 23:23:03,560 - rasterio._env - DEBUG - PROJ_LIB found in environment.
2023-11-21 23:23:03,560 - rasterio._env - DEBUG - Started GDALEnv: self=<rasterio._env.GDALEnv object at 0x7f0e99a8cac0>.
2023-11-21 23:23:03,560 - rasterio.env - DEBUG - Entered env context: <rasterio.env.Env object at 0x7f0e98bc2e70>
2023-11-21 23:23:03,561 - rasterio.env - DEBUG - Got a copy of environment <rasterio._env.GDALEnv object at 0x7f0e99a8cac0> options
2023-11-21 23:23:03,561 - rasterio.env - DEBUG - Entering env context: <rasterio.env.Env object at 0x7f0e984a6d20>
2023-11-21 23:23:03,561 - rasterio.env - DEBUG - Got a copy of environment <rasterio._env.GDALEnv object at 0x7f0e99a8cac0> options
2023-11-21 23:23:03,561 - rasterio.env - DEBUG - Entered env context: <rasterio.env.Env object at 0x7f0e984a6d20>
2023-11-21 23:23:03,561 - rasterio._base - DEBUG - Sharing flag: 0
2023-11-21 23:23:03,562 - rasterio._base - DEBUG - Nodata success: 1, Nodata value: nan
2023-11-21 23:23:03,562 - rasterio._base - DEBUG - Dataset <open DatasetReader name='https://radar.bmkg.go.id/raster/radarsatelit_202311212320.tif' mode='r'> is started.
2023-11-21 23:23:03,563 - rasterio.env - DEBUG - Exiting env context: <rasterio.env.Env object at 0x7f0e984a6d20>
2023-11-21 23:23:03,563 - rasterio.env - DEBUG - Cleared existing <rasterio._env.GDALEnv object at 0x7f0e99a8cac0> options
2023-11-21 23:23:03,563 - rasterio._env - DEBUG - Stopped GDALEnv <rasterio._env.GDALEnv object at 0x7f0e99a8cac0>.
2023-11-21 23:23:03,563 - rasterio.env - DEBUG - No GDAL environment exists
2023-11-21 23:23:03,563 - rasterio.env - DEBUG - New GDAL environment <rasterio._env.GDALEnv object at 0x7f0e99a8cac0> created
2023-11-21 23:23:03,563 - rasterio._env - DEBUG - GDAL data found in package: path='/home/swx/miniconda3/envs/present_weather/lib/python3.12/site-packages/rasterio/gdal_data'.
2023-11-21 23:23:03,564 - rasterio._env - DEBUG - PROJ_LIB found in environment.
2023-11-21 23:23:03,564 - rasterio._env - DEBUG - Started GDALEnv: self=<rasterio._env.GDALEnv object at 0x7f0e99a8cac0>.
2023-11-21 23:23:03,564 - rasterio.env - DEBUG - Exited env context: <rasterio.env.Env object at 0x7f0e984a6d20>
2023-11-21 23:23:03,594 - rasterio._io - DEBUG - Output nodata value read from file: nan
2023-11-21 23:23:03,594 - rasterio._io - DEBUG - Output nodata values: [nan]
2023-11-21 23:23:03,595 - rasterio._io - DEBUG - all_valid: False
2023-11-21 23:23:03,595 - rasterio._io - DEBUG - mask_flags: ([<MaskFlags.nodata: 8>],)
2023-11-21 23:23:03,595 - rasterio._io - DEBUG - Jump straight to _read()
2023-11-21 23:23:03,595 - rasterio._io - DEBUG - Window: Window(col_off=0, row_off=0, width=10215, height=3792)
2023-11-21 23:23:03,595 - rasterio._io - DEBUG - IO window xoff=0.0 yoff=0.0 width=10215.0 height=3792.0
2023-11-21 23:23:04,311 - rasterio.env - DEBUG - Exiting env context: <rasterio.env.Env object at 0x7f0e98bc2e70>
2023-11-21 23:23:04,311 - rasterio.env - DEBUG - Cleared existing <rasterio._env.GDALEnv object at 0x7f0e99a8cac0> options
2023-11-21 23:23:04,311 - rasterio._env - DEBUG - Stopped GDALEnv <rasterio._env.GDALEnv object at 0x7f0e99a8cac0>.
2023-11-21 23:23:04,311 - rasterio.env - DEBUG - Exiting outermost env
2023-11-21 23:23:04,311 - rasterio.env - DEBUG - Exited env context: <rasterio.env.Env object at 0x7f0e98bc2e70>
2023-11-21 23:23:04,313 - urllib3.connectionpool - DEBUG - Starting new HTTPS connection (1): radar.bmkg.go.id:8060
2023-11-21 23:23:04,385 - urllib3.connectionpool - DEBUG - https://radar.bmkg.go.id:8060 "GET /getLatestLD?typeData=1 HTTP/1.1" 200 82192
2023-11-21 23:23:04,420 - asyncio - DEBUG - Using selector: EpollSelector
2023-11-21 23:23:11,138 - root - INFO - dask.bag<lambda, npartitions=34>
2023-11-21 23:38:43,284 - root - INFO - Total elapsed time: 0:15:40.014764
