2023-11-26 18:43:04,047 - root - INFO - Initiating present weather
2023-11-26 18:43:04,051 - asyncio - DEBUG - Using selector: EpollSelector
2023-11-26 18:43:07,340 - urllib3.connectionpool - DEBUG - Starting new HTTPS connection (1): radar.bmkg.go.id:8060
2023-11-26 18:43:07,396 - urllib3.connectionpool - DEBUG - https://radar.bmkg.go.id:8060 "GET /getRadarGeotif?token=19387e71e78522ae4172ec0fda640983b8438c9cfa0ca571623cb69d8327&radar=amandemenForecast&type=latest HTTP/1.1" 200 90
2023-11-26 18:43:07,398 - rasterio.env - DEBUG - Entering env context: <rasterio.env.Env object at 0x7f3812812030>
2023-11-26 18:43:07,399 - rasterio.env - DEBUG - Starting outermost env
2023-11-26 18:43:07,399 - rasterio.env - DEBUG - No GDAL environment exists
2023-11-26 18:43:07,399 - rasterio.env - DEBUG - New GDAL environment <rasterio._env.GDALEnv object at 0x7f3812ac1840> created
2023-11-26 18:43:07,403 - rasterio._filepath - DEBUG - Installing FilePath filesystem handler plugin...
2023-11-26 18:43:07,403 - rasterio._env - DEBUG - GDAL data found in package: path='/home/swx/miniconda3/envs/present_weather/lib/python3.12/site-packages/rasterio/gdal_data'.
2023-11-26 18:43:07,403 - rasterio._env - DEBUG - PROJ_LIB found in environment.
2023-11-26 18:43:07,403 - rasterio._env - DEBUG - Started GDALEnv: self=<rasterio._env.GDALEnv object at 0x7f3812ac1840>.
2023-11-26 18:43:07,403 - rasterio.env - DEBUG - Entered env context: <rasterio.env.Env object at 0x7f3812812030>
2023-11-26 18:43:07,404 - rasterio._base - DEBUG - Sharing flag: 0
2023-11-26 18:43:07,614 - rasterio._base - DEBUG - Nodata success: 1, Nodata value: nan
2023-11-26 18:43:07,615 - rasterio._base - DEBUG - Dataset <open DatasetReader name='https://radar.bmkg.go.id/raster/radarsatelit_202311261840.tif' mode='r'> is started.
2023-11-26 18:43:07,615 - rasterio.env - DEBUG - Exiting env context: <rasterio.env.Env object at 0x7f3812812030>
2023-11-26 18:43:07,615 - rasterio.env - DEBUG - Cleared existing <rasterio._env.GDALEnv object at 0x7f3812ac1840> options
2023-11-26 18:43:07,616 - rasterio._env - DEBUG - Stopped GDALEnv <rasterio._env.GDALEnv object at 0x7f3812ac1840>.
2023-11-26 18:43:07,616 - rasterio.env - DEBUG - Exiting outermost env
2023-11-26 18:43:07,616 - rasterio.env - DEBUG - Exited env context: <rasterio.env.Env object at 0x7f3812812030>
2023-11-26 18:43:07,616 - rasterio.env - DEBUG - Entering env context: <rasterio.env.Env object at 0x7f3812812030>
2023-11-26 18:43:07,616 - rasterio.env - DEBUG - Starting outermost env
2023-11-26 18:43:07,616 - rasterio.env - DEBUG - No GDAL environment exists
2023-11-26 18:43:07,616 - rasterio.env - DEBUG - New GDAL environment <rasterio._env.GDALEnv object at 0x7f3812ac1840> created
2023-11-26 18:43:07,617 - rasterio._env - DEBUG - GDAL data found in package: path='/home/swx/miniconda3/envs/present_weather/lib/python3.12/site-packages/rasterio/gdal_data'.
2023-11-26 18:43:07,617 - rasterio._env - DEBUG - PROJ_LIB found in environment.
2023-11-26 18:43:07,617 - rasterio._env - DEBUG - Started GDALEnv: self=<rasterio._env.GDALEnv object at 0x7f3812ac1840>.
2023-11-26 18:43:07,617 - rasterio.env - DEBUG - Entered env context: <rasterio.env.Env object at 0x7f3812812030>
2023-11-26 18:43:07,618 - rasterio.env - DEBUG - Got a copy of environment <rasterio._env.GDALEnv object at 0x7f3812ac1840> options
2023-11-26 18:43:07,618 - rasterio.env - DEBUG - Entering env context: <rasterio.env.Env object at 0x7f3812789d60>
2023-11-26 18:43:07,618 - rasterio.env - DEBUG - Got a copy of environment <rasterio._env.GDALEnv object at 0x7f3812ac1840> options
2023-11-26 18:43:07,618 - rasterio.env - DEBUG - Entered env context: <rasterio.env.Env object at 0x7f3812789d60>
2023-11-26 18:43:07,619 - rasterio._base - DEBUG - Sharing flag: 0
2023-11-26 18:43:07,620 - rasterio._base - DEBUG - Nodata success: 1, Nodata value: nan
2023-11-26 18:43:07,620 - rasterio._base - DEBUG - Dataset <open DatasetReader name='https://radar.bmkg.go.id/raster/radarsatelit_202311261840.tif' mode='r'> is started.
2023-11-26 18:43:07,620 - rasterio.env - DEBUG - Exiting env context: <rasterio.env.Env object at 0x7f3812789d60>
2023-11-26 18:43:07,620 - rasterio.env - DEBUG - Cleared existing <rasterio._env.GDALEnv object at 0x7f3812ac1840> options
2023-11-26 18:43:07,620 - rasterio._env - DEBUG - Stopped GDALEnv <rasterio._env.GDALEnv object at 0x7f3812ac1840>.
2023-11-26 18:43:07,621 - rasterio.env - DEBUG - No GDAL environment exists
2023-11-26 18:43:07,621 - rasterio.env - DEBUG - New GDAL environment <rasterio._env.GDALEnv object at 0x7f3812ac1840> created
2023-11-26 18:43:07,621 - rasterio._env - DEBUG - GDAL data found in package: path='/home/swx/miniconda3/envs/present_weather/lib/python3.12/site-packages/rasterio/gdal_data'.
2023-11-26 18:43:07,621 - rasterio._env - DEBUG - PROJ_LIB found in environment.
2023-11-26 18:43:07,622 - rasterio._env - DEBUG - Started GDALEnv: self=<rasterio._env.GDALEnv object at 0x7f3812ac1840>.
2023-11-26 18:43:07,622 - rasterio.env - DEBUG - Exited env context: <rasterio.env.Env object at 0x7f3812789d60>
2023-11-26 18:43:07,647 - rasterio._io - DEBUG - Output nodata value read from file: nan
2023-11-26 18:43:07,647 - rasterio._io - DEBUG - Output nodata values: [nan]
2023-11-26 18:43:07,647 - rasterio._io - DEBUG - all_valid: False
2023-11-26 18:43:07,647 - rasterio._io - DEBUG - mask_flags: ([<MaskFlags.nodata: 8>],)
2023-11-26 18:43:07,648 - rasterio._io - DEBUG - Jump straight to _read()
2023-11-26 18:43:07,648 - rasterio._io - DEBUG - Window: Window(col_off=0, row_off=0, width=10215, height=3792)
2023-11-26 18:43:07,649 - rasterio._io - DEBUG - IO window xoff=0.0 yoff=0.0 width=10215.0 height=3792.0
2023-11-26 18:43:08,500 - rasterio.env - DEBUG - Exiting env context: <rasterio.env.Env object at 0x7f3812812030>
2023-11-26 18:43:08,500 - rasterio.env - DEBUG - Cleared existing <rasterio._env.GDALEnv object at 0x7f3812ac1840> options
2023-11-26 18:43:08,500 - rasterio._env - DEBUG - Stopped GDALEnv <rasterio._env.GDALEnv object at 0x7f3812ac1840>.
2023-11-26 18:43:08,500 - rasterio.env - DEBUG - Exiting outermost env
2023-11-26 18:43:08,500 - rasterio.env - DEBUG - Exited env context: <rasterio.env.Env object at 0x7f3812812030>
2023-11-26 18:43:08,503 - urllib3.connectionpool - DEBUG - Starting new HTTPS connection (1): radar.bmkg.go.id:8060
2023-11-26 18:43:08,543 - urllib3.connectionpool - DEBUG - https://radar.bmkg.go.id:8060 "GET /getLatestLD?typeData=1 HTTP/1.1" 200 2227
2023-11-26 18:43:08,550 - root - INFO - Generating present weather using RADAR data
2023-11-26 18:43:11,900 - root - INFO - dask.bag<lambda, npartitions=20>
2023-11-26 18:56:04,087 - root - INFO - Total elapsed time: 0:13:00.040559
