2023-12-12 07:23:02,321 - root - INFO - Initiating present weather
2023-12-12 07:23:02,324 - asyncio - DEBUG - Using selector: EpollSelector
2023-12-12 07:23:03,928 - urllib3.connectionpool - DEBUG - Starting new HTTPS connection (1): radar.bmkg.go.id:8060
2023-12-12 07:23:03,946 - urllib3.connectionpool - DEBUG - https://radar.bmkg.go.id:8060 "GET /getLatestLD?typeData=1 HTTP/1.1" 200 62
2023-12-12 07:23:03,948 - urllib3.connectionpool - DEBUG - Starting new HTTPS connection (1): radar.bmkg.go.id:8060
2023-12-12 07:23:03,972 - urllib3.connectionpool - DEBUG - https://radar.bmkg.go.id:8060 "GET /getRadarGeotif?token=19387e71e78522ae4172ec0fda640983b8438c9cfa0ca571623cb69d8327&radar=amandemenForecast&type=latest HTTP/1.1" 200 90
2023-12-12 07:23:03,972 - rasterio.env - DEBUG - Entering env context: <rasterio.env.Env object at 0x7fb878561240>
2023-12-12 07:23:03,973 - rasterio.env - DEBUG - Starting outermost env
2023-12-12 07:23:03,973 - rasterio.env - DEBUG - No GDAL environment exists
2023-12-12 07:23:03,973 - rasterio.env - DEBUG - New GDAL environment <rasterio._env.GDALEnv object at 0x7fb8785612a0> created
2023-12-12 07:23:03,975 - rasterio._filepath - DEBUG - Installing FilePath filesystem handler plugin...
2023-12-12 07:23:03,975 - rasterio._env - DEBUG - GDAL data found in package: path='/home/metpublic/PYTHON_VENV/present_weather/lib/python3.10/site-packages/rasterio/gdal_data'.
2023-12-12 07:23:03,975 - rasterio._env - DEBUG - PROJ data found in package: path='/home/metpublic/PYTHON_VENV/present_weather/lib/python3.10/site-packages/rasterio/proj_data'.
2023-12-12 07:23:03,975 - rasterio._env - DEBUG - Started GDALEnv: self=<rasterio._env.GDALEnv object at 0x7fb8785612a0>.
2023-12-12 07:23:03,976 - rasterio.env - DEBUG - Entered env context: <rasterio.env.Env object at 0x7fb878561240>
2023-12-12 07:23:03,976 - rasterio._base - DEBUG - Sharing flag: 0
2023-12-12 07:23:04,259 - rasterio._base - DEBUG - Nodata success: 1, Nodata value: nan
2023-12-12 07:23:04,260 - rasterio._base - DEBUG - Dataset <open DatasetReader name='https://radar.bmkg.go.id/raster/radarsatelit_202312120720.tif' mode='r'> is started.
2023-12-12 07:23:04,261 - rasterio.env - DEBUG - Exiting env context: <rasterio.env.Env object at 0x7fb878561240>
2023-12-12 07:23:04,261 - rasterio.env - DEBUG - Cleared existing <rasterio._env.GDALEnv object at 0x7fb8785612a0> options
2023-12-12 07:23:04,261 - rasterio._env - DEBUG - Stopped GDALEnv <rasterio._env.GDALEnv object at 0x7fb8785612a0>.
2023-12-12 07:23:04,261 - rasterio.env - DEBUG - Exiting outermost env
2023-12-12 07:23:04,261 - rasterio.env - DEBUG - Exited env context: <rasterio.env.Env object at 0x7fb878561240>
2023-12-12 07:23:04,261 - rasterio.env - DEBUG - Entering env context: <rasterio.env.Env object at 0x7fb87851c9a0>
2023-12-12 07:23:04,261 - rasterio.env - DEBUG - Starting outermost env
2023-12-12 07:23:04,261 - rasterio.env - DEBUG - No GDAL environment exists
2023-12-12 07:23:04,261 - rasterio.env - DEBUG - New GDAL environment <rasterio._env.GDALEnv object at 0x7fb8785612a0> created
2023-12-12 07:23:04,261 - rasterio._env - DEBUG - GDAL data found in package: path='/home/metpublic/PYTHON_VENV/present_weather/lib/python3.10/site-packages/rasterio/gdal_data'.
2023-12-12 07:23:04,262 - rasterio._env - DEBUG - PROJ data found in package: path='/home/metpublic/PYTHON_VENV/present_weather/lib/python3.10/site-packages/rasterio/proj_data'.
2023-12-12 07:23:04,262 - rasterio._env - DEBUG - Started GDALEnv: self=<rasterio._env.GDALEnv object at 0x7fb8785612a0>.
2023-12-12 07:23:04,262 - rasterio.env - DEBUG - Entered env context: <rasterio.env.Env object at 0x7fb87851c9a0>
2023-12-12 07:23:04,262 - rasterio.env - DEBUG - Got a copy of environment <rasterio._env.GDALEnv object at 0x7fb8785612a0> options
2023-12-12 07:23:04,262 - rasterio.env - DEBUG - Entering env context: <rasterio.env.Env object at 0x7fb878422f80>
2023-12-12 07:23:04,262 - rasterio.env - DEBUG - Got a copy of environment <rasterio._env.GDALEnv object at 0x7fb8785612a0> options
2023-12-12 07:23:04,262 - rasterio.env - DEBUG - Entered env context: <rasterio.env.Env object at 0x7fb878422f80>
2023-12-12 07:23:04,262 - rasterio._base - DEBUG - Sharing flag: 0
2023-12-12 07:23:04,263 - rasterio._base - DEBUG - Nodata success: 1, Nodata value: nan
2023-12-12 07:23:04,263 - rasterio._base - DEBUG - Dataset <open DatasetReader name='https://radar.bmkg.go.id/raster/radarsatelit_202312120720.tif' mode='r'> is started.
2023-12-12 07:23:04,263 - rasterio.env - DEBUG - Exiting env context: <rasterio.env.Env object at 0x7fb878422f80>
2023-12-12 07:23:04,263 - rasterio.env - DEBUG - Cleared existing <rasterio._env.GDALEnv object at 0x7fb8785612a0> options
2023-12-12 07:23:04,264 - rasterio._env - DEBUG - Stopped GDALEnv <rasterio._env.GDALEnv object at 0x7fb8785612a0>.
2023-12-12 07:23:04,264 - rasterio.env - DEBUG - No GDAL environment exists
2023-12-12 07:23:04,264 - rasterio.env - DEBUG - New GDAL environment <rasterio._env.GDALEnv object at 0x7fb8785612a0> created
2023-12-12 07:23:04,264 - rasterio._env - DEBUG - GDAL data found in package: path='/home/metpublic/PYTHON_VENV/present_weather/lib/python3.10/site-packages/rasterio/gdal_data'.
2023-12-12 07:23:04,264 - rasterio._env - DEBUG - PROJ data found in package: path='/home/metpublic/PYTHON_VENV/present_weather/lib/python3.10/site-packages/rasterio/proj_data'.
2023-12-12 07:23:04,264 - rasterio._env - DEBUG - Started GDALEnv: self=<rasterio._env.GDALEnv object at 0x7fb8785612a0>.
2023-12-12 07:23:04,264 - rasterio.env - DEBUG - Exited env context: <rasterio.env.Env object at 0x7fb878422f80>
2023-12-12 07:23:04,280 - rasterio._io - DEBUG - Output nodata value read from file: nan
2023-12-12 07:23:04,280 - rasterio._io - DEBUG - Output nodata values: [nan]
2023-12-12 07:23:04,280 - rasterio._io - DEBUG - all_valid: False
2023-12-12 07:23:04,280 - rasterio._io - DEBUG - mask_flags: ([<MaskFlags.nodata: 8>],)
2023-12-12 07:23:04,280 - rasterio._io - DEBUG - Jump straight to _read()
2023-12-12 07:23:04,280 - rasterio._io - DEBUG - Window: Window(col_off=0, row_off=0, width=10176, height=3692)
2023-12-12 07:23:04,281 - rasterio._io - DEBUG - IO window xoff=0.0 yoff=0.0 width=10176.0 height=3692.0
2023-12-12 07:23:04,801 - rasterio.env - DEBUG - Exiting env context: <rasterio.env.Env object at 0x7fb87851c9a0>
2023-12-12 07:23:04,802 - rasterio.env - DEBUG - Cleared existing <rasterio._env.GDALEnv object at 0x7fb8785612a0> options
2023-12-12 07:23:04,802 - rasterio._env - DEBUG - Stopped GDALEnv <rasterio._env.GDALEnv object at 0x7fb8785612a0>.
2023-12-12 07:23:04,802 - rasterio.env - DEBUG - Exiting outermost env
2023-12-12 07:23:04,802 - rasterio.env - DEBUG - Exited env context: <rasterio.env.Env object at 0x7fb87851c9a0>
2023-12-12 07:27:49,377 - rasterio.env - DEBUG - Entering env context: <rasterio.env.Env object at 0x7fb87821d180>
2023-12-12 07:27:49,377 - rasterio.env - DEBUG - Starting outermost env
2023-12-12 07:27:49,377 - rasterio.env - DEBUG - No GDAL environment exists
2023-12-12 07:27:49,377 - rasterio.env - DEBUG - New GDAL environment <rasterio._env.GDALEnv object at 0x7fb87821d1b0> created
2023-12-12 07:27:49,378 - rasterio._env - DEBUG - GDAL data found in package: path='/home/metpublic/PYTHON_VENV/present_weather/lib/python3.10/site-packages/rasterio/gdal_data'.
2023-12-12 07:27:49,378 - rasterio._env - DEBUG - PROJ data found in package: path='/home/metpublic/PYTHON_VENV/present_weather/lib/python3.10/site-packages/rasterio/proj_data'.
2023-12-12 07:27:49,378 - rasterio._env - DEBUG - Started GDALEnv: self=<rasterio._env.GDALEnv object at 0x7fb87821d1b0>.
2023-12-12 07:27:49,378 - rasterio.env - DEBUG - Entered env context: <rasterio.env.Env object at 0x7fb87821d180>
2023-12-12 07:27:49,379 - rasterio._base - DEBUG - Sharing flag: 0
2023-12-12 07:27:49,380 - rasterio._base - DEBUG - Nodata success: 0, Nodata value: 0.000000
2023-12-12 07:27:49,381 - rasterio._base - DEBUG - Dataset <open DatasetReader name='/home/metpublic/TASK_RELEASE/EFAN/present_weather/src/H09_B13_Indonesia_20231212.Z0710.cor.tiff' mode='r'> is started.
2023-12-12 07:27:49,381 - rasterio.env - DEBUG - Exiting env context: <rasterio.env.Env object at 0x7fb87821d180>
2023-12-12 07:27:49,381 - rasterio.env - DEBUG - Cleared existing <rasterio._env.GDALEnv object at 0x7fb87821d1b0> options
2023-12-12 07:27:49,381 - rasterio._env - DEBUG - Stopped GDALEnv <rasterio._env.GDALEnv object at 0x7fb87821d1b0>.
2023-12-12 07:27:49,381 - rasterio.env - DEBUG - Exiting outermost env
2023-12-12 07:27:49,381 - rasterio.env - DEBUG - Exited env context: <rasterio.env.Env object at 0x7fb87821d180>
2023-12-12 07:27:49,382 - rasterio.env - DEBUG - Entering env context: <rasterio.env.Env object at 0x7fb87821d840>
2023-12-12 07:27:49,382 - rasterio.env - DEBUG - Starting outermost env
2023-12-12 07:27:49,382 - rasterio.env - DEBUG - No GDAL environment exists
2023-12-12 07:27:49,382 - rasterio.env - DEBUG - New GDAL environment <rasterio._env.GDALEnv object at 0x7fb87821e800> created
2023-12-12 07:27:49,383 - rasterio._env - DEBUG - GDAL data found in package: path='/home/metpublic/PYTHON_VENV/present_weather/lib/python3.10/site-packages/rasterio/gdal_data'.
2023-12-12 07:27:49,383 - rasterio._env - DEBUG - PROJ data found in package: path='/home/metpublic/PYTHON_VENV/present_weather/lib/python3.10/site-packages/rasterio/proj_data'.
2023-12-12 07:27:49,383 - rasterio._env - DEBUG - Started GDALEnv: self=<rasterio._env.GDALEnv object at 0x7fb87821e800>.
2023-12-12 07:27:49,383 - rasterio.env - DEBUG - Entered env context: <rasterio.env.Env object at 0x7fb87821d840>
2023-12-12 07:27:49,383 - rasterio._base - DEBUG - Sharing flag: 0
2023-12-12 07:27:49,384 - rasterio._base - DEBUG - Nodata success: 0, Nodata value: 0.000000
2023-12-12 07:27:49,385 - rasterio._base - DEBUG - Dataset <open DatasetReader name='/home/metpublic/TASK_RELEASE/EFAN/present_weather/src/H09_B13_Indonesia_20231212.Z0710.cor.tiff' mode='r'> is started.
2023-12-12 07:27:49,385 - rasterio.env - DEBUG - Exiting env context: <rasterio.env.Env object at 0x7fb87821d840>
2023-12-12 07:27:49,385 - rasterio.env - DEBUG - Cleared existing <rasterio._env.GDALEnv object at 0x7fb87821e800> options
2023-12-12 07:27:49,385 - rasterio._env - DEBUG - Stopped GDALEnv <rasterio._env.GDALEnv object at 0x7fb87821e800>.
2023-12-12 07:27:49,385 - rasterio.env - DEBUG - Exiting outermost env
2023-12-12 07:27:49,385 - rasterio.env - DEBUG - Exited env context: <rasterio.env.Env object at 0x7fb87821d840>
2023-12-12 07:27:49,399 - root - INFO - Generating present weather using SATELITE data
2023-12-12 07:29:23,043 - root - INFO - Total elapsed time: 0:06:20.722355
