2023-12-10 16:23:02,622 - root - INFO - Initiating present weather
2023-12-10 16:23:02,624 - asyncio - DEBUG - Using selector: EpollSelector
2023-12-10 16:23:04,312 - urllib3.connectionpool - DEBUG - Starting new HTTPS connection (1): radar.bmkg.go.id:8060
2023-12-10 16:23:04,324 - urllib3.connectionpool - DEBUG - https://radar.bmkg.go.id:8060 "GET /getLatestLD?typeData=1 HTTP/1.1" 200 62
2023-12-10 16:23:04,326 - urllib3.connectionpool - DEBUG - Starting new HTTPS connection (1): radar.bmkg.go.id:8060
2023-12-10 16:23:04,349 - urllib3.connectionpool - DEBUG - https://radar.bmkg.go.id:8060 "GET /getRadarGeotif?token=19387e71e78522ae4172ec0fda640983b8438c9cfa0ca571623cb69d8327&radar=amandemenForecast&type=latest HTTP/1.1" 200 90
2023-12-10 16:23:04,350 - rasterio.env - DEBUG - Entering env context: <rasterio.env.Env object at 0x7eff69704070>
2023-12-10 16:23:04,350 - rasterio.env - DEBUG - Starting outermost env
2023-12-10 16:23:04,350 - rasterio.env - DEBUG - No GDAL environment exists
2023-12-10 16:23:04,351 - rasterio.env - DEBUG - New GDAL environment <rasterio._env.GDALEnv object at 0x7eff6a01e980> created
2023-12-10 16:23:04,353 - rasterio._filepath - DEBUG - Installing FilePath filesystem handler plugin...
2023-12-10 16:23:04,353 - rasterio._env - DEBUG - GDAL data found in package: path='/home/metpublic/PYTHON_VENV/present_weather/lib/python3.10/site-packages/rasterio/gdal_data'.
2023-12-10 16:23:04,353 - rasterio._env - DEBUG - PROJ data found in package: path='/home/metpublic/PYTHON_VENV/present_weather/lib/python3.10/site-packages/rasterio/proj_data'.
2023-12-10 16:23:04,353 - rasterio._env - DEBUG - Started GDALEnv: self=<rasterio._env.GDALEnv object at 0x7eff6a01e980>.
2023-12-10 16:23:04,354 - rasterio.env - DEBUG - Entered env context: <rasterio.env.Env object at 0x7eff69704070>
2023-12-10 16:23:04,354 - rasterio._base - DEBUG - Sharing flag: 0
2023-12-10 16:23:04,606 - rasterio._base - DEBUG - Nodata success: 1, Nodata value: nan
2023-12-10 16:23:04,606 - rasterio._base - DEBUG - Dataset <open DatasetReader name='https://radar.bmkg.go.id/raster/radarsatelit_202312101620.tif' mode='r'> is started.
2023-12-10 16:23:04,607 - rasterio.env - DEBUG - Exiting env context: <rasterio.env.Env object at 0x7eff69704070>
2023-12-10 16:23:04,607 - rasterio.env - DEBUG - Cleared existing <rasterio._env.GDALEnv object at 0x7eff6a01e980> options
2023-12-10 16:23:04,607 - rasterio._env - DEBUG - Stopped GDALEnv <rasterio._env.GDALEnv object at 0x7eff6a01e980>.
2023-12-10 16:23:04,607 - rasterio.env - DEBUG - Exiting outermost env
2023-12-10 16:23:04,607 - rasterio.env - DEBUG - Exited env context: <rasterio.env.Env object at 0x7eff69704070>
2023-12-10 16:23:04,607 - rasterio.env - DEBUG - Entering env context: <rasterio.env.Env object at 0x7eff68563220>
2023-12-10 16:23:04,608 - rasterio.env - DEBUG - Starting outermost env
2023-12-10 16:23:04,608 - rasterio.env - DEBUG - No GDAL environment exists
2023-12-10 16:23:04,608 - rasterio.env - DEBUG - New GDAL environment <rasterio._env.GDALEnv object at 0x7eff6a01e980> created
2023-12-10 16:23:04,608 - rasterio._env - DEBUG - GDAL data found in package: path='/home/metpublic/PYTHON_VENV/present_weather/lib/python3.10/site-packages/rasterio/gdal_data'.
2023-12-10 16:23:04,608 - rasterio._env - DEBUG - PROJ data found in package: path='/home/metpublic/PYTHON_VENV/present_weather/lib/python3.10/site-packages/rasterio/proj_data'.
2023-12-10 16:23:04,608 - rasterio._env - DEBUG - Started GDALEnv: self=<rasterio._env.GDALEnv object at 0x7eff6a01e980>.
2023-12-10 16:23:04,609 - rasterio.env - DEBUG - Entered env context: <rasterio.env.Env object at 0x7eff68563220>
2023-12-10 16:23:04,609 - rasterio.env - DEBUG - Got a copy of environment <rasterio._env.GDALEnv object at 0x7eff6a01e980> options
2023-12-10 16:23:04,609 - rasterio.env - DEBUG - Entering env context: <rasterio.env.Env object at 0x7eff684b5150>
2023-12-10 16:23:04,609 - rasterio.env - DEBUG - Got a copy of environment <rasterio._env.GDALEnv object at 0x7eff6a01e980> options
2023-12-10 16:23:04,609 - rasterio.env - DEBUG - Entered env context: <rasterio.env.Env object at 0x7eff684b5150>
2023-12-10 16:23:04,609 - rasterio._base - DEBUG - Sharing flag: 0
2023-12-10 16:23:04,610 - rasterio._base - DEBUG - Nodata success: 1, Nodata value: nan
2023-12-10 16:23:04,610 - rasterio._base - DEBUG - Dataset <open DatasetReader name='https://radar.bmkg.go.id/raster/radarsatelit_202312101620.tif' mode='r'> is started.
2023-12-10 16:23:04,611 - rasterio.env - DEBUG - Exiting env context: <rasterio.env.Env object at 0x7eff684b5150>
2023-12-10 16:23:04,611 - rasterio.env - DEBUG - Cleared existing <rasterio._env.GDALEnv object at 0x7eff6a01e980> options
2023-12-10 16:23:04,611 - rasterio._env - DEBUG - Stopped GDALEnv <rasterio._env.GDALEnv object at 0x7eff6a01e980>.
2023-12-10 16:23:04,611 - rasterio.env - DEBUG - No GDAL environment exists
2023-12-10 16:23:04,611 - rasterio.env - DEBUG - New GDAL environment <rasterio._env.GDALEnv object at 0x7eff6a01e980> created
2023-12-10 16:23:04,611 - rasterio._env - DEBUG - GDAL data found in package: path='/home/metpublic/PYTHON_VENV/present_weather/lib/python3.10/site-packages/rasterio/gdal_data'.
2023-12-10 16:23:04,611 - rasterio._env - DEBUG - PROJ data found in package: path='/home/metpublic/PYTHON_VENV/present_weather/lib/python3.10/site-packages/rasterio/proj_data'.
2023-12-10 16:23:04,611 - rasterio._env - DEBUG - Started GDALEnv: self=<rasterio._env.GDALEnv object at 0x7eff6a01e980>.
2023-12-10 16:23:04,611 - rasterio.env - DEBUG - Exited env context: <rasterio.env.Env object at 0x7eff684b5150>
2023-12-10 16:23:04,628 - rasterio._io - DEBUG - Output nodata value read from file: nan
2023-12-10 16:23:04,628 - rasterio._io - DEBUG - Output nodata values: [nan]
2023-12-10 16:23:04,628 - rasterio._io - DEBUG - all_valid: False
2023-12-10 16:23:04,628 - rasterio._io - DEBUG - mask_flags: ([<MaskFlags.nodata: 8>],)
2023-12-10 16:23:04,628 - rasterio._io - DEBUG - Jump straight to _read()
2023-12-10 16:23:04,628 - rasterio._io - DEBUG - Window: Window(col_off=0, row_off=0, width=10177, height=3692)
2023-12-10 16:23:04,629 - rasterio._io - DEBUG - IO window xoff=0.0 yoff=0.0 width=10177.0 height=3692.0
2023-12-10 16:23:05,188 - rasterio.env - DEBUG - Exiting env context: <rasterio.env.Env object at 0x7eff68563220>
2023-12-10 16:23:05,188 - rasterio.env - DEBUG - Cleared existing <rasterio._env.GDALEnv object at 0x7eff6a01e980> options
2023-12-10 16:23:05,188 - rasterio._env - DEBUG - Stopped GDALEnv <rasterio._env.GDALEnv object at 0x7eff6a01e980>.
2023-12-10 16:23:05,189 - rasterio.env - DEBUG - Exiting outermost env
2023-12-10 16:23:05,189 - rasterio.env - DEBUG - Exited env context: <rasterio.env.Env object at 0x7eff68563220>
2023-12-10 16:27:03,444 - rasterio.env - DEBUG - Entering env context: <rasterio.env.Env object at 0x7eff68331cc0>
2023-12-10 16:27:03,444 - rasterio.env - DEBUG - Starting outermost env
2023-12-10 16:27:03,444 - rasterio.env - DEBUG - No GDAL environment exists
2023-12-10 16:27:03,445 - rasterio.env - DEBUG - New GDAL environment <rasterio._env.GDALEnv object at 0x7eff68332a70> created
2023-12-10 16:27:03,445 - rasterio._env - DEBUG - GDAL data found in package: path='/home/metpublic/PYTHON_VENV/present_weather/lib/python3.10/site-packages/rasterio/gdal_data'.
2023-12-10 16:27:03,445 - rasterio._env - DEBUG - PROJ data found in package: path='/home/metpublic/PYTHON_VENV/present_weather/lib/python3.10/site-packages/rasterio/proj_data'.
2023-12-10 16:27:03,446 - rasterio._env - DEBUG - Started GDALEnv: self=<rasterio._env.GDALEnv object at 0x7eff68332a70>.
2023-12-10 16:27:03,448 - rasterio.env - DEBUG - Entered env context: <rasterio.env.Env object at 0x7eff68331cc0>
2023-12-10 16:27:03,448 - rasterio._base - DEBUG - Sharing flag: 0
2023-12-10 16:27:03,449 - rasterio._base - DEBUG - Nodata success: 0, Nodata value: 0.000000
2023-12-10 16:27:03,450 - rasterio._base - DEBUG - Dataset <open DatasetReader name='/home/metpublic/TASK_RELEASE/EFAN/present_weather/src/H09_B13_Indonesia_20231210.Z1610.cor.tiff' mode='r'> is started.
2023-12-10 16:27:03,450 - rasterio.env - DEBUG - Exiting env context: <rasterio.env.Env object at 0x7eff68331cc0>
2023-12-10 16:27:03,450 - rasterio.env - DEBUG - Cleared existing <rasterio._env.GDALEnv object at 0x7eff68332a70> options
2023-12-10 16:27:03,450 - rasterio._env - DEBUG - Stopped GDALEnv <rasterio._env.GDALEnv object at 0x7eff68332a70>.
2023-12-10 16:27:03,450 - rasterio.env - DEBUG - Exiting outermost env
2023-12-10 16:27:03,450 - rasterio.env - DEBUG - Exited env context: <rasterio.env.Env object at 0x7eff68331cc0>
2023-12-10 16:27:03,450 - rasterio.env - DEBUG - Entering env context: <rasterio.env.Env object at 0x7eff68563070>
2023-12-10 16:27:03,450 - rasterio.env - DEBUG - Starting outermost env
2023-12-10 16:27:03,450 - rasterio.env - DEBUG - No GDAL environment exists
2023-12-10 16:27:03,451 - rasterio.env - DEBUG - New GDAL environment <rasterio._env.GDALEnv object at 0x7eff68563bb0> created
2023-12-10 16:27:03,451 - rasterio._env - DEBUG - GDAL data found in package: path='/home/metpublic/PYTHON_VENV/present_weather/lib/python3.10/site-packages/rasterio/gdal_data'.
2023-12-10 16:27:03,451 - rasterio._env - DEBUG - PROJ data found in package: path='/home/metpublic/PYTHON_VENV/present_weather/lib/python3.10/site-packages/rasterio/proj_data'.
2023-12-10 16:27:03,451 - rasterio._env - DEBUG - Started GDALEnv: self=<rasterio._env.GDALEnv object at 0x7eff68563bb0>.
2023-12-10 16:27:03,452 - rasterio.env - DEBUG - Entered env context: <rasterio.env.Env object at 0x7eff68563070>
2023-12-10 16:27:03,452 - rasterio._base - DEBUG - Sharing flag: 0
2023-12-10 16:27:03,453 - rasterio._base - DEBUG - Nodata success: 0, Nodata value: 0.000000
2023-12-10 16:27:03,453 - rasterio._base - DEBUG - Dataset <open DatasetReader name='/home/metpublic/TASK_RELEASE/EFAN/present_weather/src/H09_B13_Indonesia_20231210.Z1610.cor.tiff' mode='r'> is started.
2023-12-10 16:27:03,453 - rasterio.env - DEBUG - Exiting env context: <rasterio.env.Env object at 0x7eff68563070>
2023-12-10 16:27:03,453 - rasterio.env - DEBUG - Cleared existing <rasterio._env.GDALEnv object at 0x7eff68563bb0> options
2023-12-10 16:27:03,454 - rasterio._env - DEBUG - Stopped GDALEnv <rasterio._env.GDALEnv object at 0x7eff68563bb0>.
2023-12-10 16:27:03,454 - rasterio.env - DEBUG - Exiting outermost env
2023-12-10 16:27:03,454 - rasterio.env - DEBUG - Exited env context: <rasterio.env.Env object at 0x7eff68563070>
2023-12-10 16:27:03,466 - root - INFO - Generating present weather using SATELITE data
2023-12-10 16:28:30,657 - root - INFO - Total elapsed time: 0:05:28.034655
