2023-12-14 03:13:03,000 - root - INFO - Initiating present weather
2023-12-14 03:13:03,002 - asyncio - DEBUG - Using selector: EpollSelector
2023-12-14 03:13:04,563 - urllib3.connectionpool - DEBUG - Starting new HTTPS connection (1): radar.bmkg.go.id:8060
2023-12-14 03:13:06,584 - urllib3.connectionpool - DEBUG - https://radar.bmkg.go.id:8060 "GET /getLatestLD?typeData=1 HTTP/1.1" 200 62
2023-12-14 03:13:06,587 - urllib3.connectionpool - DEBUG - Starting new HTTPS connection (1): radar.bmkg.go.id:8060
2023-12-14 03:13:06,604 - urllib3.connectionpool - DEBUG - https://radar.bmkg.go.id:8060 "GET /getRadarGeotif?token=19387e71e78522ae4172ec0fda640983b8438c9cfa0ca571623cb69d8327&radar=amandemenForecast&type=latest HTTP/1.1" 200 90
2023-12-14 03:13:06,605 - rasterio.env - DEBUG - Entering env context: <rasterio.env.Env object at 0x7fedf3475210>
2023-12-14 03:13:06,605 - rasterio.env - DEBUG - Starting outermost env
2023-12-14 03:13:06,605 - rasterio.env - DEBUG - No GDAL environment exists
2023-12-14 03:13:06,605 - rasterio.env - DEBUG - New GDAL environment <rasterio._env.GDALEnv object at 0x7fedf3475270> created
2023-12-14 03:13:06,608 - rasterio._filepath - DEBUG - Installing FilePath filesystem handler plugin...
2023-12-14 03:13:06,608 - rasterio._env - DEBUG - GDAL data found in package: path='/home/metpublic/PYTHON_VENV/present_weather/lib/python3.10/site-packages/rasterio/gdal_data'.
2023-12-14 03:13:06,608 - rasterio._env - DEBUG - PROJ data found in package: path='/home/metpublic/PYTHON_VENV/present_weather/lib/python3.10/site-packages/rasterio/proj_data'.
2023-12-14 03:13:06,608 - rasterio._env - DEBUG - Started GDALEnv: self=<rasterio._env.GDALEnv object at 0x7fedf3475270>.
2023-12-14 03:13:06,608 - rasterio.env - DEBUG - Entered env context: <rasterio.env.Env object at 0x7fedf3475210>
2023-12-14 03:13:06,608 - rasterio._base - DEBUG - Sharing flag: 0
2023-12-14 03:13:06,922 - rasterio._base - DEBUG - Nodata success: 1, Nodata value: nan
2023-12-14 03:13:06,922 - rasterio._base - DEBUG - Dataset <open DatasetReader name='https://radar.bmkg.go.id/raster/radarsatelit_202312140310.tif' mode='r'> is started.
2023-12-14 03:13:06,923 - rasterio.env - DEBUG - Exiting env context: <rasterio.env.Env object at 0x7fedf3475210>
2023-12-14 03:13:06,923 - rasterio.env - DEBUG - Cleared existing <rasterio._env.GDALEnv object at 0x7fedf3475270> options
2023-12-14 03:13:06,923 - rasterio._env - DEBUG - Stopped GDALEnv <rasterio._env.GDALEnv object at 0x7fedf3475270>.
2023-12-14 03:13:06,923 - rasterio.env - DEBUG - Exiting outermost env
2023-12-14 03:13:06,923 - rasterio.env - DEBUG - Exited env context: <rasterio.env.Env object at 0x7fedf3475210>
2023-12-14 03:13:06,923 - rasterio.env - DEBUG - Entering env context: <rasterio.env.Env object at 0x7fedf3431510>
2023-12-14 03:13:06,923 - rasterio.env - DEBUG - Starting outermost env
2023-12-14 03:13:06,923 - rasterio.env - DEBUG - No GDAL environment exists
2023-12-14 03:13:06,923 - rasterio.env - DEBUG - New GDAL environment <rasterio._env.GDALEnv object at 0x7fedf3475270> created
2023-12-14 03:13:06,924 - rasterio._env - DEBUG - GDAL data found in package: path='/home/metpublic/PYTHON_VENV/present_weather/lib/python3.10/site-packages/rasterio/gdal_data'.
2023-12-14 03:13:06,924 - rasterio._env - DEBUG - PROJ data found in package: path='/home/metpublic/PYTHON_VENV/present_weather/lib/python3.10/site-packages/rasterio/proj_data'.
2023-12-14 03:13:06,924 - rasterio._env - DEBUG - Started GDALEnv: self=<rasterio._env.GDALEnv object at 0x7fedf3475270>.
2023-12-14 03:13:06,924 - rasterio.env - DEBUG - Entered env context: <rasterio.env.Env object at 0x7fedf3431510>
2023-12-14 03:13:06,924 - rasterio.env - DEBUG - Got a copy of environment <rasterio._env.GDALEnv object at 0x7fedf3475270> options
2023-12-14 03:13:06,925 - rasterio.env - DEBUG - Entering env context: <rasterio.env.Env object at 0x7fedf02474c0>
2023-12-14 03:13:06,925 - rasterio.env - DEBUG - Got a copy of environment <rasterio._env.GDALEnv object at 0x7fedf3475270> options
2023-12-14 03:13:06,925 - rasterio.env - DEBUG - Entered env context: <rasterio.env.Env object at 0x7fedf02474c0>
2023-12-14 03:13:06,925 - rasterio._base - DEBUG - Sharing flag: 0
2023-12-14 03:13:06,926 - rasterio._base - DEBUG - Nodata success: 1, Nodata value: nan
2023-12-14 03:13:06,926 - rasterio._base - DEBUG - Dataset <open DatasetReader name='https://radar.bmkg.go.id/raster/radarsatelit_202312140310.tif' mode='r'> is started.
2023-12-14 03:13:06,926 - rasterio.env - DEBUG - Exiting env context: <rasterio.env.Env object at 0x7fedf02474c0>
2023-12-14 03:13:06,926 - rasterio.env - DEBUG - Cleared existing <rasterio._env.GDALEnv object at 0x7fedf3475270> options
2023-12-14 03:13:06,926 - rasterio._env - DEBUG - Stopped GDALEnv <rasterio._env.GDALEnv object at 0x7fedf3475270>.
2023-12-14 03:13:06,926 - rasterio.env - DEBUG - No GDAL environment exists
2023-12-14 03:13:06,926 - rasterio.env - DEBUG - New GDAL environment <rasterio._env.GDALEnv object at 0x7fedf3475270> created
2023-12-14 03:13:06,927 - rasterio._env - DEBUG - GDAL data found in package: path='/home/metpublic/PYTHON_VENV/present_weather/lib/python3.10/site-packages/rasterio/gdal_data'.
2023-12-14 03:13:06,927 - rasterio._env - DEBUG - PROJ data found in package: path='/home/metpublic/PYTHON_VENV/present_weather/lib/python3.10/site-packages/rasterio/proj_data'.
2023-12-14 03:13:06,927 - rasterio._env - DEBUG - Started GDALEnv: self=<rasterio._env.GDALEnv object at 0x7fedf3475270>.
2023-12-14 03:13:06,927 - rasterio.env - DEBUG - Exited env context: <rasterio.env.Env object at 0x7fedf02474c0>
2023-12-14 03:13:06,945 - rasterio._io - DEBUG - Output nodata value read from file: nan
2023-12-14 03:13:06,945 - rasterio._io - DEBUG - Output nodata values: [nan]
2023-12-14 03:13:06,946 - rasterio._io - DEBUG - all_valid: False
2023-12-14 03:13:06,946 - rasterio._io - DEBUG - mask_flags: ([<MaskFlags.nodata: 8>],)
2023-12-14 03:13:06,946 - rasterio._io - DEBUG - Jump straight to _read()
2023-12-14 03:13:06,946 - rasterio._io - DEBUG - Window: Window(col_off=0, row_off=0, width=10215, height=3792)
2023-12-14 03:13:06,947 - rasterio._io - DEBUG - IO window xoff=0.0 yoff=0.0 width=10215.0 height=3792.0
2023-12-14 03:13:07,496 - rasterio.env - DEBUG - Exiting env context: <rasterio.env.Env object at 0x7fedf3431510>
2023-12-14 03:13:07,496 - rasterio.env - DEBUG - Cleared existing <rasterio._env.GDALEnv object at 0x7fedf3475270> options
2023-12-14 03:13:07,496 - rasterio._env - DEBUG - Stopped GDALEnv <rasterio._env.GDALEnv object at 0x7fedf3475270>.
2023-12-14 03:13:07,496 - rasterio.env - DEBUG - Exiting outermost env
2023-12-14 03:13:07,496 - rasterio.env - DEBUG - Exited env context: <rasterio.env.Env object at 0x7fedf3431510>
2023-12-14 03:20:00,152 - root - INFO - Total elapsed time: 0:06:57.152082
