2023-11-24 06:16:12,255 - root - INFO - Initiating present weather
2023-11-24 06:16:12,259 - asyncio - DEBUG - Using selector: EpollSelector
2023-11-24 06:16:15,479 - urllib3.connectionpool - DEBUG - Starting new HTTPS connection (1): radar.bmkg.go.id:8060
2023-11-24 06:16:15,542 - urllib3.connectionpool - DEBUG - https://radar.bmkg.go.id:8060 "GET /getRadarGeotif?token=19387e71e78522ae4172ec0fda640983b8438c9cfa0ca571623cb69d8327&radar=amandemenForecast&type=latest HTTP/1.1" 200 90
2023-11-24 06:16:15,544 - rasterio.env - DEBUG - Entering env context: <rasterio.env.Env object at 0x7fbef515aff0>
2023-11-24 06:16:15,545 - rasterio.env - DEBUG - Starting outermost env
2023-11-24 06:16:15,545 - rasterio.env - DEBUG - No GDAL environment exists
2023-11-24 06:16:15,545 - rasterio.env - DEBUG - New GDAL environment <rasterio._env.GDALEnv object at 0x7fbef51e8d00> created
2023-11-24 06:16:15,549 - rasterio._filepath - DEBUG - Installing FilePath filesystem handler plugin...
2023-11-24 06:16:15,549 - rasterio._env - DEBUG - GDAL data found in package: path='/home/swx/miniconda3/envs/present_weather/lib/python3.12/site-packages/rasterio/gdal_data'.
2023-11-24 06:16:15,549 - rasterio._env - DEBUG - PROJ_LIB found in environment.
2023-11-24 06:16:15,549 - rasterio._env - DEBUG - Started GDALEnv: self=<rasterio._env.GDALEnv object at 0x7fbef51e8d00>.
2023-11-24 06:16:15,549 - rasterio.env - DEBUG - Entered env context: <rasterio.env.Env object at 0x7fbef515aff0>
2023-11-24 06:16:15,549 - rasterio._base - DEBUG - Sharing flag: 0
2023-11-24 06:16:15,750 - rasterio._base - DEBUG - Nodata success: 1, Nodata value: nan
2023-11-24 06:16:15,750 - rasterio._base - DEBUG - Dataset <open DatasetReader name='https://radar.bmkg.go.id/raster/radarsatelit_202311240610.tif' mode='r'> is started.
2023-11-24 06:16:15,751 - rasterio.env - DEBUG - Exiting env context: <rasterio.env.Env object at 0x7fbef515aff0>
2023-11-24 06:16:15,751 - rasterio.env - DEBUG - Cleared existing <rasterio._env.GDALEnv object at 0x7fbef51e8d00> options
2023-11-24 06:16:15,751 - rasterio._env - DEBUG - Stopped GDALEnv <rasterio._env.GDALEnv object at 0x7fbef51e8d00>.
2023-11-24 06:16:15,751 - rasterio.env - DEBUG - Exiting outermost env
2023-11-24 06:16:15,751 - rasterio.env - DEBUG - Exited env context: <rasterio.env.Env object at 0x7fbef515aff0>
2023-11-24 06:16:15,751 - rasterio.env - DEBUG - Entering env context: <rasterio.env.Env object at 0x7fbef515ac90>
2023-11-24 06:16:15,752 - rasterio.env - DEBUG - Starting outermost env
2023-11-24 06:16:15,752 - rasterio.env - DEBUG - No GDAL environment exists
2023-11-24 06:16:15,752 - rasterio.env - DEBUG - New GDAL environment <rasterio._env.GDALEnv object at 0x7fbef51e8d00> created
2023-11-24 06:16:15,752 - rasterio._env - DEBUG - GDAL data found in package: path='/home/swx/miniconda3/envs/present_weather/lib/python3.12/site-packages/rasterio/gdal_data'.
2023-11-24 06:16:15,753 - rasterio._env - DEBUG - PROJ_LIB found in environment.
2023-11-24 06:16:15,753 - rasterio._env - DEBUG - Started GDALEnv: self=<rasterio._env.GDALEnv object at 0x7fbef51e8d00>.
2023-11-24 06:16:15,753 - rasterio.env - DEBUG - Entered env context: <rasterio.env.Env object at 0x7fbef515ac90>
2023-11-24 06:16:15,753 - rasterio.env - DEBUG - Got a copy of environment <rasterio._env.GDALEnv object at 0x7fbef51e8d00> options
2023-11-24 06:16:15,753 - rasterio.env - DEBUG - Entering env context: <rasterio.env.Env object at 0x7fbebc728ad0>
2023-11-24 06:16:15,754 - rasterio.env - DEBUG - Got a copy of environment <rasterio._env.GDALEnv object at 0x7fbef51e8d00> options
2023-11-24 06:16:15,754 - rasterio.env - DEBUG - Entered env context: <rasterio.env.Env object at 0x7fbebc728ad0>
2023-11-24 06:16:15,754 - rasterio._base - DEBUG - Sharing flag: 0
2023-11-24 06:16:15,755 - rasterio._base - DEBUG - Nodata success: 1, Nodata value: nan
2023-11-24 06:16:15,755 - rasterio._base - DEBUG - Dataset <open DatasetReader name='https://radar.bmkg.go.id/raster/radarsatelit_202311240610.tif' mode='r'> is started.
2023-11-24 06:16:15,755 - rasterio.env - DEBUG - Exiting env context: <rasterio.env.Env object at 0x7fbebc728ad0>
2023-11-24 06:16:15,755 - rasterio.env - DEBUG - Cleared existing <rasterio._env.GDALEnv object at 0x7fbef51e8d00> options
2023-11-24 06:16:15,756 - rasterio._env - DEBUG - Stopped GDALEnv <rasterio._env.GDALEnv object at 0x7fbef51e8d00>.
2023-11-24 06:16:15,756 - rasterio.env - DEBUG - No GDAL environment exists
2023-11-24 06:16:15,756 - rasterio.env - DEBUG - New GDAL environment <rasterio._env.GDALEnv object at 0x7fbef51e8d00> created
2023-11-24 06:16:15,756 - rasterio._env - DEBUG - GDAL data found in package: path='/home/swx/miniconda3/envs/present_weather/lib/python3.12/site-packages/rasterio/gdal_data'.
2023-11-24 06:16:15,756 - rasterio._env - DEBUG - PROJ_LIB found in environment.
2023-11-24 06:16:15,757 - rasterio._env - DEBUG - Started GDALEnv: self=<rasterio._env.GDALEnv object at 0x7fbef51e8d00>.
2023-11-24 06:16:15,757 - rasterio.env - DEBUG - Exited env context: <rasterio.env.Env object at 0x7fbebc728ad0>
2023-11-24 06:16:15,785 - rasterio._io - DEBUG - Output nodata value read from file: nan
2023-11-24 06:16:15,785 - rasterio._io - DEBUG - Output nodata values: [nan]
2023-11-24 06:16:15,785 - rasterio._io - DEBUG - all_valid: False
2023-11-24 06:16:15,785 - rasterio._io - DEBUG - mask_flags: ([<MaskFlags.nodata: 8>],)
2023-11-24 06:16:15,786 - rasterio._io - DEBUG - Jump straight to _read()
2023-11-24 06:16:15,786 - rasterio._io - DEBUG - Window: Window(col_off=0, row_off=0, width=10178, height=3732)
2023-11-24 06:16:15,786 - rasterio._io - DEBUG - IO window xoff=0.0 yoff=0.0 width=10178.0 height=3732.0
2023-11-24 06:16:16,653 - rasterio.env - DEBUG - Exiting env context: <rasterio.env.Env object at 0x7fbef515ac90>
2023-11-24 06:16:16,653 - rasterio.env - DEBUG - Cleared existing <rasterio._env.GDALEnv object at 0x7fbef51e8d00> options
2023-11-24 06:16:16,654 - rasterio._env - DEBUG - Stopped GDALEnv <rasterio._env.GDALEnv object at 0x7fbef51e8d00>.
2023-11-24 06:16:16,654 - rasterio.env - DEBUG - Exiting outermost env
2023-11-24 06:16:16,654 - rasterio.env - DEBUG - Exited env context: <rasterio.env.Env object at 0x7fbef515ac90>
2023-11-24 06:16:16,656 - urllib3.connectionpool - DEBUG - Starting new HTTPS connection (1): radar.bmkg.go.id:8060
2023-11-24 06:16:16,716 - urllib3.connectionpool - DEBUG - https://radar.bmkg.go.id:8060 "GET /getLatestLD?typeData=1 HTTP/1.1" 200 53972
2023-11-24 06:16:16,737 - root - INFO - Generating present weather using RADAR data
2023-11-24 06:16:20,007 - root - INFO - dask.bag<lambda, npartitions=20>
2023-11-24 06:16:36,375 - root - INFO - Total elapsed time: 0:00:24.121282
