2023-12-21 18:33:02,793 - root - INFO - Initiating present weather
2023-12-21 18:33:02,795 - asyncio - DEBUG - Using selector: EpollSelector
2023-12-21 18:33:04,411 - urllib3.connectionpool - DEBUG - Starting new HTTPS connection (1): radar.bmkg.go.id:8060
2023-12-21 18:33:04,429 - urllib3.connectionpool - DEBUG - https://radar.bmkg.go.id:8060 "GET /getLatestLD?typeData=1 HTTP/1.1" 200 62
2023-12-21 18:33:04,431 - urllib3.connectionpool - DEBUG - Starting new HTTPS connection (1): radar.bmkg.go.id:8060
2023-12-21 18:33:04,447 - urllib3.connectionpool - DEBUG - https://radar.bmkg.go.id:8060 "GET /getRadarGeotif?token=19387e71e78522ae4172ec0fda640983b8438c9cfa0ca571623cb69d8327&radar=amandemenForecast&type=latest HTTP/1.1" 200 90
2023-12-21 18:33:04,448 - rasterio.env - DEBUG - Entering env context: <rasterio.env.Env object at 0x7f99a291fa30>
2023-12-21 18:33:04,448 - rasterio.env - DEBUG - Starting outermost env
2023-12-21 18:33:04,448 - rasterio.env - DEBUG - No GDAL environment exists
2023-12-21 18:33:04,448 - rasterio.env - DEBUG - New GDAL environment <rasterio._env.GDALEnv object at 0x7f99a291f760> created
2023-12-21 18:33:04,451 - rasterio._filepath - DEBUG - Installing FilePath filesystem handler plugin...
2023-12-21 18:33:04,451 - rasterio._env - DEBUG - GDAL data found in package: path='/home/metpublic/PYTHON_VENV/present_weather/lib/python3.10/site-packages/rasterio/gdal_data'.
2023-12-21 18:33:04,451 - rasterio._env - DEBUG - PROJ data found in package: path='/home/metpublic/PYTHON_VENV/present_weather/lib/python3.10/site-packages/rasterio/proj_data'.
2023-12-21 18:33:04,451 - rasterio._env - DEBUG - Started GDALEnv: self=<rasterio._env.GDALEnv object at 0x7f99a291f760>.
2023-12-21 18:33:04,451 - rasterio.env - DEBUG - Entered env context: <rasterio.env.Env object at 0x7f99a291fa30>
2023-12-21 18:33:04,452 - rasterio._base - DEBUG - Sharing flag: 0
2023-12-21 18:33:04,788 - rasterio._base - DEBUG - Nodata success: 1, Nodata value: nan
2023-12-21 18:33:04,788 - rasterio._base - DEBUG - Dataset <open DatasetReader name='https://radar.bmkg.go.id/raster/radarsatelit_202312211800.tif' mode='r'> is started.
2023-12-21 18:33:04,788 - rasterio.env - DEBUG - Exiting env context: <rasterio.env.Env object at 0x7f99a291fa30>
2023-12-21 18:33:04,788 - rasterio.env - DEBUG - Cleared existing <rasterio._env.GDALEnv object at 0x7f99a291f760> options
2023-12-21 18:33:04,788 - rasterio._env - DEBUG - Stopped GDALEnv <rasterio._env.GDALEnv object at 0x7f99a291f760>.
2023-12-21 18:33:04,789 - rasterio.env - DEBUG - Exiting outermost env
2023-12-21 18:33:04,789 - rasterio.env - DEBUG - Exited env context: <rasterio.env.Env object at 0x7f99a291fa30>
2023-12-21 18:33:04,789 - rasterio.env - DEBUG - Entering env context: <rasterio.env.Env object at 0x7f99a1f9ccd0>
2023-12-21 18:33:04,789 - rasterio.env - DEBUG - Starting outermost env
2023-12-21 18:33:04,789 - rasterio.env - DEBUG - No GDAL environment exists
2023-12-21 18:33:04,789 - rasterio.env - DEBUG - New GDAL environment <rasterio._env.GDALEnv object at 0x7f99a291f760> created
2023-12-21 18:33:04,789 - rasterio._env - DEBUG - GDAL data found in package: path='/home/metpublic/PYTHON_VENV/present_weather/lib/python3.10/site-packages/rasterio/gdal_data'.
2023-12-21 18:33:04,790 - rasterio._env - DEBUG - PROJ data found in package: path='/home/metpublic/PYTHON_VENV/present_weather/lib/python3.10/site-packages/rasterio/proj_data'.
2023-12-21 18:33:04,790 - rasterio._env - DEBUG - Started GDALEnv: self=<rasterio._env.GDALEnv object at 0x7f99a291f760>.
2023-12-21 18:33:04,790 - rasterio.env - DEBUG - Entered env context: <rasterio.env.Env object at 0x7f99a1f9ccd0>
2023-12-21 18:33:04,790 - rasterio.env - DEBUG - Got a copy of environment <rasterio._env.GDALEnv object at 0x7f99a291f760> options
2023-12-21 18:33:04,790 - rasterio.env - DEBUG - Entering env context: <rasterio.env.Env object at 0x7f99a0697310>
2023-12-21 18:33:04,790 - rasterio.env - DEBUG - Got a copy of environment <rasterio._env.GDALEnv object at 0x7f99a291f760> options
2023-12-21 18:33:04,790 - rasterio.env - DEBUG - Entered env context: <rasterio.env.Env object at 0x7f99a0697310>
2023-12-21 18:33:04,791 - rasterio._base - DEBUG - Sharing flag: 0
2023-12-21 18:33:04,791 - rasterio._base - DEBUG - Nodata success: 1, Nodata value: nan
2023-12-21 18:33:04,792 - rasterio._base - DEBUG - Dataset <open DatasetReader name='https://radar.bmkg.go.id/raster/radarsatelit_202312211800.tif' mode='r'> is started.
2023-12-21 18:33:04,792 - rasterio.env - DEBUG - Exiting env context: <rasterio.env.Env object at 0x7f99a0697310>
2023-12-21 18:33:04,792 - rasterio.env - DEBUG - Cleared existing <rasterio._env.GDALEnv object at 0x7f99a291f760> options
2023-12-21 18:33:04,792 - rasterio._env - DEBUG - Stopped GDALEnv <rasterio._env.GDALEnv object at 0x7f99a291f760>.
2023-12-21 18:33:04,792 - rasterio.env - DEBUG - No GDAL environment exists
2023-12-21 18:33:04,792 - rasterio.env - DEBUG - New GDAL environment <rasterio._env.GDALEnv object at 0x7f99a291f760> created
2023-12-21 18:33:04,792 - rasterio._env - DEBUG - GDAL data found in package: path='/home/metpublic/PYTHON_VENV/present_weather/lib/python3.10/site-packages/rasterio/gdal_data'.
2023-12-21 18:33:04,792 - rasterio._env - DEBUG - PROJ data found in package: path='/home/metpublic/PYTHON_VENV/present_weather/lib/python3.10/site-packages/rasterio/proj_data'.
2023-12-21 18:33:04,792 - rasterio._env - DEBUG - Started GDALEnv: self=<rasterio._env.GDALEnv object at 0x7f99a291f760>.
2023-12-21 18:33:04,792 - rasterio.env - DEBUG - Exited env context: <rasterio.env.Env object at 0x7f99a0697310>
2023-12-21 18:33:04,808 - rasterio._io - DEBUG - Output nodata value read from file: nan
2023-12-21 18:33:04,809 - rasterio._io - DEBUG - Output nodata values: [nan]
2023-12-21 18:33:04,809 - rasterio._io - DEBUG - all_valid: False
2023-12-21 18:33:04,809 - rasterio._io - DEBUG - mask_flags: ([<MaskFlags.nodata: 8>],)
2023-12-21 18:33:04,809 - rasterio._io - DEBUG - Jump straight to _read()
2023-12-21 18:33:04,809 - rasterio._io - DEBUG - Window: Window(col_off=0, row_off=0, width=10215, height=3792)
2023-12-21 18:33:04,809 - rasterio._io - DEBUG - IO window xoff=0.0 yoff=0.0 width=10215.0 height=3792.0
2023-12-21 18:33:05,348 - rasterio.env - DEBUG - Exiting env context: <rasterio.env.Env object at 0x7f99a1f9ccd0>
2023-12-21 18:33:05,348 - rasterio.env - DEBUG - Cleared existing <rasterio._env.GDALEnv object at 0x7f99a291f760> options
2023-12-21 18:33:05,349 - rasterio._env - DEBUG - Stopped GDALEnv <rasterio._env.GDALEnv object at 0x7f99a291f760>.
2023-12-21 18:33:05,349 - rasterio.env - DEBUG - Exiting outermost env
2023-12-21 18:33:05,349 - rasterio.env - DEBUG - Exited env context: <rasterio.env.Env object at 0x7f99a1f9ccd0>
2023-12-21 18:33:05,351 - urllib3.connectionpool - DEBUG - Starting new HTTPS connection (1): radar.bmkg.go.id:8060
2023-12-21 18:33:05,462 - urllib3.connectionpool - DEBUG - https://radar.bmkg.go.id:8060 "GET /getRadarGeotif?token=19387e71e78522ae4172ec0fda640983b8438c9cfa0ca571623cb69d8327&radar=amandemenForecastRadarMosaic&type=latest HTTP/1.1" 200 84
2023-12-21 18:33:05,463 - rasterio.env - DEBUG - Entering env context: <rasterio.env.Env object at 0x7f99a1f9ccd0>
2023-12-21 18:33:05,463 - rasterio.env - DEBUG - Starting outermost env
2023-12-21 18:33:05,463 - rasterio.env - DEBUG - No GDAL environment exists
2023-12-21 18:33:05,463 - rasterio.env - DEBUG - New GDAL environment <rasterio._env.GDALEnv object at 0x7f99a291fa30> created
2023-12-21 18:33:05,464 - rasterio._env - DEBUG - GDAL data found in package: path='/home/metpublic/PYTHON_VENV/present_weather/lib/python3.10/site-packages/rasterio/gdal_data'.
2023-12-21 18:33:05,464 - rasterio._env - DEBUG - PROJ data found in package: path='/home/metpublic/PYTHON_VENV/present_weather/lib/python3.10/site-packages/rasterio/proj_data'.
2023-12-21 18:33:05,464 - rasterio._env - DEBUG - Started GDALEnv: self=<rasterio._env.GDALEnv object at 0x7f99a291fa30>.
2023-12-21 18:33:05,464 - rasterio.env - DEBUG - Entered env context: <rasterio.env.Env object at 0x7f99a1f9ccd0>
2023-12-21 18:33:05,464 - rasterio._base - DEBUG - Sharing flag: 0
2023-12-21 18:33:05,469 - rasterio._base - DEBUG - Nodata success: 1, Nodata value: nan
2023-12-21 18:33:05,470 - rasterio._base - DEBUG - Dataset <open DatasetReader name='https://radar.bmkg.go.id/raster/mosaic_202312211830.tif' mode='r'> is started.
2023-12-21 18:33:05,470 - rasterio.env - DEBUG - Exiting env context: <rasterio.env.Env object at 0x7f99a1f9ccd0>
2023-12-21 18:33:05,470 - rasterio.env - DEBUG - Cleared existing <rasterio._env.GDALEnv object at 0x7f99a291fa30> options
2023-12-21 18:33:05,470 - rasterio._env - DEBUG - Stopped GDALEnv <rasterio._env.GDALEnv object at 0x7f99a291fa30>.
2023-12-21 18:33:05,470 - rasterio.env - DEBUG - Exiting outermost env
2023-12-21 18:33:05,470 - rasterio.env - DEBUG - Exited env context: <rasterio.env.Env object at 0x7f99a1f9ccd0>
2023-12-21 18:33:05,470 - rasterio.env - DEBUG - Entering env context: <rasterio.env.Env object at 0x7f99a2008be0>
2023-12-21 18:33:05,470 - rasterio.env - DEBUG - Starting outermost env
2023-12-21 18:33:05,470 - rasterio.env - DEBUG - No GDAL environment exists
2023-12-21 18:33:05,470 - rasterio.env - DEBUG - New GDAL environment <rasterio._env.GDALEnv object at 0x7f99a291fa30> created
2023-12-21 18:33:05,470 - rasterio._env - DEBUG - GDAL data found in package: path='/home/metpublic/PYTHON_VENV/present_weather/lib/python3.10/site-packages/rasterio/gdal_data'.
2023-12-21 18:33:05,470 - rasterio._env - DEBUG - PROJ data found in package: path='/home/metpublic/PYTHON_VENV/present_weather/lib/python3.10/site-packages/rasterio/proj_data'.
2023-12-21 18:33:05,471 - rasterio._env - DEBUG - Started GDALEnv: self=<rasterio._env.GDALEnv object at 0x7f99a291fa30>.
2023-12-21 18:33:05,471 - rasterio.env - DEBUG - Entered env context: <rasterio.env.Env object at 0x7f99a2008be0>
2023-12-21 18:33:05,471 - rasterio.env - DEBUG - Got a copy of environment <rasterio._env.GDALEnv object at 0x7f99a291fa30> options
2023-12-21 18:33:05,471 - rasterio.env - DEBUG - Entering env context: <rasterio.env.Env object at 0x7f99a0696ef0>
2023-12-21 18:33:05,471 - rasterio.env - DEBUG - Got a copy of environment <rasterio._env.GDALEnv object at 0x7f99a291fa30> options
2023-12-21 18:33:05,471 - rasterio.env - DEBUG - Entered env context: <rasterio.env.Env object at 0x7f99a0696ef0>
2023-12-21 18:33:05,471 - rasterio._base - DEBUG - Sharing flag: 0
2023-12-21 18:33:05,472 - rasterio._base - DEBUG - Nodata success: 1, Nodata value: nan
2023-12-21 18:33:05,472 - rasterio._base - DEBUG - Dataset <open DatasetReader name='https://radar.bmkg.go.id/raster/mosaic_202312211830.tif' mode='r'> is started.
2023-12-21 18:33:05,472 - rasterio.env - DEBUG - Exiting env context: <rasterio.env.Env object at 0x7f99a0696ef0>
2023-12-21 18:33:05,472 - rasterio.env - DEBUG - Cleared existing <rasterio._env.GDALEnv object at 0x7f99a291fa30> options
2023-12-21 18:33:05,472 - rasterio._env - DEBUG - Stopped GDALEnv <rasterio._env.GDALEnv object at 0x7f99a291fa30>.
2023-12-21 18:33:05,472 - rasterio.env - DEBUG - No GDAL environment exists
2023-12-21 18:33:05,472 - rasterio.env - DEBUG - New GDAL environment <rasterio._env.GDALEnv object at 0x7f99a291fa30> created
2023-12-21 18:33:05,472 - rasterio._env - DEBUG - GDAL data found in package: path='/home/metpublic/PYTHON_VENV/present_weather/lib/python3.10/site-packages/rasterio/gdal_data'.
2023-12-21 18:33:05,473 - rasterio._env - DEBUG - PROJ data found in package: path='/home/metpublic/PYTHON_VENV/present_weather/lib/python3.10/site-packages/rasterio/proj_data'.
2023-12-21 18:33:05,473 - rasterio._env - DEBUG - Started GDALEnv: self=<rasterio._env.GDALEnv object at 0x7f99a291fa30>.
2023-12-21 18:33:05,473 - rasterio.env - DEBUG - Exited env context: <rasterio.env.Env object at 0x7f99a0696ef0>
2023-12-21 18:33:05,482 - rasterio._io - DEBUG - Output nodata value read from file: nan
2023-12-21 18:33:05,483 - rasterio._io - DEBUG - Output nodata values: [nan]
2023-12-21 18:33:05,483 - rasterio._io - DEBUG - all_valid: False
2023-12-21 18:33:05,483 - rasterio._io - DEBUG - mask_flags: ([<MaskFlags.nodata: 8>],)
2023-12-21 18:33:05,483 - rasterio._io - DEBUG - Jump straight to _read()
2023-12-21 18:33:05,483 - rasterio._io - DEBUG - Window: Window(col_off=0, row_off=0, width=10215, height=3792)
2023-12-21 18:33:05,483 - rasterio._io - DEBUG - IO window xoff=0.0 yoff=0.0 width=10215.0 height=3792.0
2023-12-21 18:33:09,419 - rasterio.env - DEBUG - Exiting env context: <rasterio.env.Env object at 0x7f99a2008be0>
2023-12-21 18:33:09,420 - rasterio.env - DEBUG - Cleared existing <rasterio._env.GDALEnv object at 0x7f99a291fa30> options
2023-12-21 18:33:09,420 - rasterio._env - DEBUG - Stopped GDALEnv <rasterio._env.GDALEnv object at 0x7f99a291fa30>.
2023-12-21 18:33:09,420 - rasterio.env - DEBUG - Exiting outermost env
2023-12-21 18:33:09,420 - rasterio.env - DEBUG - Exited env context: <rasterio.env.Env object at 0x7f99a2008be0>
2023-12-21 18:39:59,874 - root - INFO - Total elapsed time: 0:06:57.080918
