2023-12-22 13:53:02,672 - root - INFO - Initiating present weather
2023-12-22 13:53:02,674 - asyncio - DEBUG - Using selector: EpollSelector
2023-12-22 13:53:04,459 - urllib3.connectionpool - DEBUG - Starting new HTTPS connection (1): radar.bmkg.go.id:8060
2023-12-22 13:53:04,473 - urllib3.connectionpool - DEBUG - https://radar.bmkg.go.id:8060 "GET /getLatestLD?typeData=1 HTTP/1.1" 200 62
2023-12-22 13:53:04,476 - urllib3.connectionpool - DEBUG - Starting new HTTPS connection (1): radar.bmkg.go.id:8060
2023-12-22 13:53:04,495 - urllib3.connectionpool - DEBUG - https://radar.bmkg.go.id:8060 "GET /getRadarGeotif?token=19387e71e78522ae4172ec0fda640983b8438c9cfa0ca571623cb69d8327&radar=amandemenForecast&type=latest HTTP/1.1" 200 90
2023-12-22 13:53:04,496 - rasterio.env - DEBUG - Entering env context: <rasterio.env.Env object at 0x7f370c92dfc0>
2023-12-22 13:53:04,496 - rasterio.env - DEBUG - Starting outermost env
2023-12-22 13:53:04,496 - rasterio.env - DEBUG - No GDAL environment exists
2023-12-22 13:53:04,496 - rasterio.env - DEBUG - New GDAL environment <rasterio._env.GDALEnv object at 0x7f370c92d660> created
2023-12-22 13:53:04,499 - rasterio._filepath - DEBUG - Installing FilePath filesystem handler plugin...
2023-12-22 13:53:04,499 - rasterio._env - DEBUG - GDAL data found in package: path='/home/metpublic/PYTHON_VENV/present_weather/lib/python3.10/site-packages/rasterio/gdal_data'.
2023-12-22 13:53:04,499 - rasterio._env - DEBUG - PROJ data found in package: path='/home/metpublic/PYTHON_VENV/present_weather/lib/python3.10/site-packages/rasterio/proj_data'.
2023-12-22 13:53:04,499 - rasterio._env - DEBUG - Started GDALEnv: self=<rasterio._env.GDALEnv object at 0x7f370c92d660>.
2023-12-22 13:53:04,499 - rasterio.env - DEBUG - Entered env context: <rasterio.env.Env object at 0x7f370c92dfc0>
2023-12-22 13:53:04,499 - rasterio._base - DEBUG - Sharing flag: 0
2023-12-22 13:53:04,844 - rasterio._base - DEBUG - Nodata success: 1, Nodata value: nan
2023-12-22 13:53:04,845 - rasterio._base - DEBUG - Dataset <open DatasetReader name='https://radar.bmkg.go.id/raster/radarsatelit_202312221340.tif' mode='r'> is started.
2023-12-22 13:53:04,845 - rasterio.env - DEBUG - Exiting env context: <rasterio.env.Env object at 0x7f370c92dfc0>
2023-12-22 13:53:04,845 - rasterio.env - DEBUG - Cleared existing <rasterio._env.GDALEnv object at 0x7f370c92d660> options
2023-12-22 13:53:04,845 - rasterio._env - DEBUG - Stopped GDALEnv <rasterio._env.GDALEnv object at 0x7f370c92d660>.
2023-12-22 13:53:04,845 - rasterio.env - DEBUG - Exiting outermost env
2023-12-22 13:53:04,845 - rasterio.env - DEBUG - Exited env context: <rasterio.env.Env object at 0x7f370c92dfc0>
2023-12-22 13:53:04,845 - rasterio.env - DEBUG - Entering env context: <rasterio.env.Env object at 0x7f370c8e5810>
2023-12-22 13:53:04,846 - rasterio.env - DEBUG - Starting outermost env
2023-12-22 13:53:04,846 - rasterio.env - DEBUG - No GDAL environment exists
2023-12-22 13:53:04,846 - rasterio.env - DEBUG - New GDAL environment <rasterio._env.GDALEnv object at 0x7f370c92d600> created
2023-12-22 13:53:04,846 - rasterio._env - DEBUG - GDAL data found in package: path='/home/metpublic/PYTHON_VENV/present_weather/lib/python3.10/site-packages/rasterio/gdal_data'.
2023-12-22 13:53:04,846 - rasterio._env - DEBUG - PROJ data found in package: path='/home/metpublic/PYTHON_VENV/present_weather/lib/python3.10/site-packages/rasterio/proj_data'.
2023-12-22 13:53:04,846 - rasterio._env - DEBUG - Started GDALEnv: self=<rasterio._env.GDALEnv object at 0x7f370c92d600>.
2023-12-22 13:53:04,846 - rasterio.env - DEBUG - Entered env context: <rasterio.env.Env object at 0x7f370c8e5810>
2023-12-22 13:53:04,847 - rasterio.env - DEBUG - Got a copy of environment <rasterio._env.GDALEnv object at 0x7f370c92d600> options
2023-12-22 13:53:04,847 - rasterio.env - DEBUG - Entering env context: <rasterio.env.Env object at 0x7f37047365f0>
2023-12-22 13:53:04,847 - rasterio.env - DEBUG - Got a copy of environment <rasterio._env.GDALEnv object at 0x7f370c92d600> options
2023-12-22 13:53:04,847 - rasterio.env - DEBUG - Entered env context: <rasterio.env.Env object at 0x7f37047365f0>
2023-12-22 13:53:04,847 - rasterio._base - DEBUG - Sharing flag: 0
2023-12-22 13:53:04,848 - rasterio._base - DEBUG - Nodata success: 1, Nodata value: nan
2023-12-22 13:53:04,848 - rasterio._base - DEBUG - Dataset <open DatasetReader name='https://radar.bmkg.go.id/raster/radarsatelit_202312221340.tif' mode='r'> is started.
2023-12-22 13:53:04,848 - rasterio.env - DEBUG - Exiting env context: <rasterio.env.Env object at 0x7f37047365f0>
2023-12-22 13:53:04,848 - rasterio.env - DEBUG - Cleared existing <rasterio._env.GDALEnv object at 0x7f370c92d600> options
2023-12-22 13:53:04,848 - rasterio._env - DEBUG - Stopped GDALEnv <rasterio._env.GDALEnv object at 0x7f370c92d600>.
2023-12-22 13:53:04,848 - rasterio.env - DEBUG - No GDAL environment exists
2023-12-22 13:53:04,848 - rasterio.env - DEBUG - New GDAL environment <rasterio._env.GDALEnv object at 0x7f370c92d600> created
2023-12-22 13:53:04,849 - rasterio._env - DEBUG - GDAL data found in package: path='/home/metpublic/PYTHON_VENV/present_weather/lib/python3.10/site-packages/rasterio/gdal_data'.
2023-12-22 13:53:04,849 - rasterio._env - DEBUG - PROJ data found in package: path='/home/metpublic/PYTHON_VENV/present_weather/lib/python3.10/site-packages/rasterio/proj_data'.
2023-12-22 13:53:04,849 - rasterio._env - DEBUG - Started GDALEnv: self=<rasterio._env.GDALEnv object at 0x7f370c92d600>.
2023-12-22 13:53:04,849 - rasterio.env - DEBUG - Exited env context: <rasterio.env.Env object at 0x7f37047365f0>
2023-12-22 13:53:04,864 - rasterio._io - DEBUG - Output nodata value read from file: nan
2023-12-22 13:53:04,864 - rasterio._io - DEBUG - Output nodata values: [nan]
2023-12-22 13:53:04,864 - rasterio._io - DEBUG - all_valid: False
2023-12-22 13:53:04,864 - rasterio._io - DEBUG - mask_flags: ([<MaskFlags.nodata: 8>],)
2023-12-22 13:53:04,865 - rasterio._io - DEBUG - Jump straight to _read()
2023-12-22 13:53:04,865 - rasterio._io - DEBUG - Window: Window(col_off=0, row_off=0, width=10177, height=3732)
2023-12-22 13:53:04,865 - rasterio._io - DEBUG - IO window xoff=0.0 yoff=0.0 width=10177.0 height=3732.0
2023-12-22 13:53:05,442 - rasterio.env - DEBUG - Exiting env context: <rasterio.env.Env object at 0x7f370c8e5810>
2023-12-22 13:53:05,442 - rasterio.env - DEBUG - Cleared existing <rasterio._env.GDALEnv object at 0x7f370c92d600> options
2023-12-22 13:53:05,442 - rasterio._env - DEBUG - Stopped GDALEnv <rasterio._env.GDALEnv object at 0x7f370c92d600>.
2023-12-22 13:53:05,442 - rasterio.env - DEBUG - Exiting outermost env
2023-12-22 13:53:05,442 - rasterio.env - DEBUG - Exited env context: <rasterio.env.Env object at 0x7f370c8e5810>
2023-12-22 13:57:39,221 - rasterio.env - DEBUG - Entering env context: <rasterio.env.Env object at 0x7f37046427d0>
2023-12-22 13:57:39,221 - rasterio.env - DEBUG - Starting outermost env
2023-12-22 13:57:39,221 - rasterio.env - DEBUG - No GDAL environment exists
2023-12-22 13:57:39,221 - rasterio.env - DEBUG - New GDAL environment <rasterio._env.GDALEnv object at 0x7f3704640b50> created
2023-12-22 13:57:39,222 - rasterio._env - DEBUG - GDAL data found in package: path='/home/metpublic/PYTHON_VENV/present_weather/lib/python3.10/site-packages/rasterio/gdal_data'.
2023-12-22 13:57:39,222 - rasterio._env - DEBUG - PROJ data found in package: path='/home/metpublic/PYTHON_VENV/present_weather/lib/python3.10/site-packages/rasterio/proj_data'.
2023-12-22 13:57:39,222 - rasterio._env - DEBUG - Started GDALEnv: self=<rasterio._env.GDALEnv object at 0x7f3704640b50>.
2023-12-22 13:57:39,222 - rasterio.env - DEBUG - Entered env context: <rasterio.env.Env object at 0x7f37046427d0>
2023-12-22 13:57:39,222 - rasterio._base - DEBUG - Sharing flag: 0
2023-12-22 13:57:39,224 - rasterio._base - DEBUG - Nodata success: 0, Nodata value: 0.000000
2023-12-22 13:57:39,224 - rasterio._base - DEBUG - Dataset <open DatasetReader name='/home/metpublic/TASK_RELEASE/EFAN/present_weather/src/H09_B13_Indonesia_20231222.Z1320.cor.tiff' mode='r'> is started.
2023-12-22 13:57:39,224 - rasterio.env - DEBUG - Exiting env context: <rasterio.env.Env object at 0x7f37046427d0>
2023-12-22 13:57:39,224 - rasterio.env - DEBUG - Cleared existing <rasterio._env.GDALEnv object at 0x7f3704640b50> options
2023-12-22 13:57:39,224 - rasterio._env - DEBUG - Stopped GDALEnv <rasterio._env.GDALEnv object at 0x7f3704640b50>.
2023-12-22 13:57:39,224 - rasterio.env - DEBUG - Exiting outermost env
2023-12-22 13:57:39,224 - rasterio.env - DEBUG - Exited env context: <rasterio.env.Env object at 0x7f37046427d0>
2023-12-22 13:57:39,224 - rasterio.env - DEBUG - Entering env context: <rasterio.env.Env object at 0x7f3704641120>
2023-12-22 13:57:39,225 - rasterio.env - DEBUG - Starting outermost env
2023-12-22 13:57:39,225 - rasterio.env - DEBUG - No GDAL environment exists
2023-12-22 13:57:39,225 - rasterio.env - DEBUG - New GDAL environment <rasterio._env.GDALEnv object at 0x7f37046427a0> created
2023-12-22 13:57:39,225 - rasterio._env - DEBUG - GDAL data found in package: path='/home/metpublic/PYTHON_VENV/present_weather/lib/python3.10/site-packages/rasterio/gdal_data'.
2023-12-22 13:57:39,225 - rasterio._env - DEBUG - PROJ data found in package: path='/home/metpublic/PYTHON_VENV/present_weather/lib/python3.10/site-packages/rasterio/proj_data'.
2023-12-22 13:57:39,225 - rasterio._env - DEBUG - Started GDALEnv: self=<rasterio._env.GDALEnv object at 0x7f37046427a0>.
2023-12-22 13:57:39,225 - rasterio.env - DEBUG - Entered env context: <rasterio.env.Env object at 0x7f3704641120>
2023-12-22 13:57:39,225 - rasterio._base - DEBUG - Sharing flag: 0
2023-12-22 13:57:39,226 - rasterio._base - DEBUG - Nodata success: 0, Nodata value: 0.000000
2023-12-22 13:57:39,226 - rasterio._base - DEBUG - Dataset <open DatasetReader name='/home/metpublic/TASK_RELEASE/EFAN/present_weather/src/H09_B13_Indonesia_20231222.Z1320.cor.tiff' mode='r'> is started.
2023-12-22 13:57:39,226 - rasterio.env - DEBUG - Exiting env context: <rasterio.env.Env object at 0x7f3704641120>
2023-12-22 13:57:39,227 - rasterio.env - DEBUG - Cleared existing <rasterio._env.GDALEnv object at 0x7f37046427a0> options
2023-12-22 13:57:39,227 - rasterio._env - DEBUG - Stopped GDALEnv <rasterio._env.GDALEnv object at 0x7f37046427a0>.
2023-12-22 13:57:39,227 - rasterio.env - DEBUG - Exiting outermost env
2023-12-22 13:57:39,227 - rasterio.env - DEBUG - Exited env context: <rasterio.env.Env object at 0x7f3704641120>
2023-12-22 13:57:39,237 - root - INFO - Generating present weather using SATELITE data
2023-12-22 13:59:02,771 - root - INFO - Total elapsed time: 0:06:00.099288
