2023-12-10 21:43:02,299 - root - INFO - Initiating present weather
2023-12-10 21:43:02,301 - asyncio - DEBUG - Using selector: EpollSelector
2023-12-10 21:43:03,908 - urllib3.connectionpool - DEBUG - Starting new HTTPS connection (1): radar.bmkg.go.id:8060
2023-12-10 21:43:03,924 - urllib3.connectionpool - DEBUG - https://radar.bmkg.go.id:8060 "GET /getLatestLD?typeData=1 HTTP/1.1" 200 62
2023-12-10 21:43:03,926 - urllib3.connectionpool - DEBUG - Starting new HTTPS connection (1): radar.bmkg.go.id:8060
2023-12-10 21:43:03,949 - urllib3.connectionpool - DEBUG - https://radar.bmkg.go.id:8060 "GET /getRadarGeotif?token=19387e71e78522ae4172ec0fda640983b8438c9cfa0ca571623cb69d8327&radar=amandemenForecast&type=latest HTTP/1.1" 200 90
2023-12-10 21:43:03,950 - rasterio.env - DEBUG - Entering env context: <rasterio.env.Env object at 0x7ff0c746af20>
2023-12-10 21:43:03,950 - rasterio.env - DEBUG - Starting outermost env
2023-12-10 21:43:03,950 - rasterio.env - DEBUG - No GDAL environment exists
2023-12-10 21:43:03,950 - rasterio.env - DEBUG - New GDAL environment <rasterio._env.GDALEnv object at 0x7ff0c746a9e0> created
2023-12-10 21:43:03,953 - rasterio._filepath - DEBUG - Installing FilePath filesystem handler plugin...
2023-12-10 21:43:03,953 - rasterio._env - DEBUG - GDAL data found in package: path='/home/metpublic/PYTHON_VENV/present_weather/lib/python3.10/site-packages/rasterio/gdal_data'.
2023-12-10 21:43:03,953 - rasterio._env - DEBUG - PROJ data found in package: path='/home/metpublic/PYTHON_VENV/present_weather/lib/python3.10/site-packages/rasterio/proj_data'.
2023-12-10 21:43:03,953 - rasterio._env - DEBUG - Started GDALEnv: self=<rasterio._env.GDALEnv object at 0x7ff0c746a9e0>.
2023-12-10 21:43:03,953 - rasterio.env - DEBUG - Entered env context: <rasterio.env.Env object at 0x7ff0c746af20>
2023-12-10 21:43:03,953 - rasterio._base - DEBUG - Sharing flag: 0
2023-12-10 21:43:04,237 - rasterio._base - DEBUG - Nodata success: 1, Nodata value: nan
2023-12-10 21:43:04,238 - rasterio._base - DEBUG - Dataset <open DatasetReader name='https://radar.bmkg.go.id/raster/radarsatelit_202312102140.tif' mode='r'> is started.
2023-12-10 21:43:04,239 - rasterio.env - DEBUG - Exiting env context: <rasterio.env.Env object at 0x7ff0c746af20>
2023-12-10 21:43:04,239 - rasterio.env - DEBUG - Cleared existing <rasterio._env.GDALEnv object at 0x7ff0c746a9e0> options
2023-12-10 21:43:04,239 - rasterio._env - DEBUG - Stopped GDALEnv <rasterio._env.GDALEnv object at 0x7ff0c746a9e0>.
2023-12-10 21:43:04,239 - rasterio.env - DEBUG - Exiting outermost env
2023-12-10 21:43:04,239 - rasterio.env - DEBUG - Exited env context: <rasterio.env.Env object at 0x7ff0c746af20>
2023-12-10 21:43:04,239 - rasterio.env - DEBUG - Entering env context: <rasterio.env.Env object at 0x7ff0c6af4760>
2023-12-10 21:43:04,239 - rasterio.env - DEBUG - Starting outermost env
2023-12-10 21:43:04,239 - rasterio.env - DEBUG - No GDAL environment exists
2023-12-10 21:43:04,239 - rasterio.env - DEBUG - New GDAL environment <rasterio._env.GDALEnv object at 0x7ff0c746a9e0> created
2023-12-10 21:43:04,240 - rasterio._env - DEBUG - GDAL data found in package: path='/home/metpublic/PYTHON_VENV/present_weather/lib/python3.10/site-packages/rasterio/gdal_data'.
2023-12-10 21:43:04,240 - rasterio._env - DEBUG - PROJ data found in package: path='/home/metpublic/PYTHON_VENV/present_weather/lib/python3.10/site-packages/rasterio/proj_data'.
2023-12-10 21:43:04,240 - rasterio._env - DEBUG - Started GDALEnv: self=<rasterio._env.GDALEnv object at 0x7ff0c746a9e0>.
2023-12-10 21:43:04,240 - rasterio.env - DEBUG - Entered env context: <rasterio.env.Env object at 0x7ff0c6af4760>
2023-12-10 21:43:04,240 - rasterio.env - DEBUG - Got a copy of environment <rasterio._env.GDALEnv object at 0x7ff0c746a9e0> options
2023-12-10 21:43:04,241 - rasterio.env - DEBUG - Entering env context: <rasterio.env.Env object at 0x7ff0c41f6470>
2023-12-10 21:43:04,241 - rasterio.env - DEBUG - Got a copy of environment <rasterio._env.GDALEnv object at 0x7ff0c746a9e0> options
2023-12-10 21:43:04,241 - rasterio.env - DEBUG - Entered env context: <rasterio.env.Env object at 0x7ff0c41f6470>
2023-12-10 21:43:04,241 - rasterio._base - DEBUG - Sharing flag: 0
2023-12-10 21:43:04,242 - rasterio._base - DEBUG - Nodata success: 1, Nodata value: nan
2023-12-10 21:43:04,242 - rasterio._base - DEBUG - Dataset <open DatasetReader name='https://radar.bmkg.go.id/raster/radarsatelit_202312102140.tif' mode='r'> is started.
2023-12-10 21:43:04,242 - rasterio.env - DEBUG - Exiting env context: <rasterio.env.Env object at 0x7ff0c41f6470>
2023-12-10 21:43:04,242 - rasterio.env - DEBUG - Cleared existing <rasterio._env.GDALEnv object at 0x7ff0c746a9e0> options
2023-12-10 21:43:04,242 - rasterio._env - DEBUG - Stopped GDALEnv <rasterio._env.GDALEnv object at 0x7ff0c746a9e0>.
2023-12-10 21:43:04,242 - rasterio.env - DEBUG - No GDAL environment exists
2023-12-10 21:43:04,242 - rasterio.env - DEBUG - New GDAL environment <rasterio._env.GDALEnv object at 0x7ff0c746a9e0> created
2023-12-10 21:43:04,243 - rasterio._env - DEBUG - GDAL data found in package: path='/home/metpublic/PYTHON_VENV/present_weather/lib/python3.10/site-packages/rasterio/gdal_data'.
2023-12-10 21:43:04,243 - rasterio._env - DEBUG - PROJ data found in package: path='/home/metpublic/PYTHON_VENV/present_weather/lib/python3.10/site-packages/rasterio/proj_data'.
2023-12-10 21:43:04,243 - rasterio._env - DEBUG - Started GDALEnv: self=<rasterio._env.GDALEnv object at 0x7ff0c746a9e0>.
2023-12-10 21:43:04,243 - rasterio.env - DEBUG - Exited env context: <rasterio.env.Env object at 0x7ff0c41f6470>
2023-12-10 21:43:04,260 - rasterio._io - DEBUG - Output nodata value read from file: nan
2023-12-10 21:43:04,260 - rasterio._io - DEBUG - Output nodata values: [nan]
2023-12-10 21:43:04,261 - rasterio._io - DEBUG - all_valid: False
2023-12-10 21:43:04,261 - rasterio._io - DEBUG - mask_flags: ([<MaskFlags.nodata: 8>],)
2023-12-10 21:43:04,261 - rasterio._io - DEBUG - Jump straight to _read()
2023-12-10 21:43:04,261 - rasterio._io - DEBUG - Window: Window(col_off=0, row_off=0, width=10177, height=3692)
2023-12-10 21:43:04,261 - rasterio._io - DEBUG - IO window xoff=0.0 yoff=0.0 width=10177.0 height=3692.0
2023-12-10 21:43:04,812 - rasterio.env - DEBUG - Exiting env context: <rasterio.env.Env object at 0x7ff0c6af4760>
2023-12-10 21:43:04,812 - rasterio.env - DEBUG - Cleared existing <rasterio._env.GDALEnv object at 0x7ff0c746a9e0> options
2023-12-10 21:43:04,812 - rasterio._env - DEBUG - Stopped GDALEnv <rasterio._env.GDALEnv object at 0x7ff0c746a9e0>.
2023-12-10 21:43:04,812 - rasterio.env - DEBUG - Exiting outermost env
2023-12-10 21:43:04,812 - rasterio.env - DEBUG - Exited env context: <rasterio.env.Env object at 0x7ff0c6af4760>
2023-12-10 21:47:49,977 - rasterio.env - DEBUG - Entering env context: <rasterio.env.Env object at 0x7ff0ac602d10>
2023-12-10 21:47:49,977 - rasterio.env - DEBUG - Starting outermost env
2023-12-10 21:47:49,977 - rasterio.env - DEBUG - No GDAL environment exists
2023-12-10 21:47:49,977 - rasterio.env - DEBUG - New GDAL environment <rasterio._env.GDALEnv object at 0x7ff0ac602350> created
2023-12-10 21:47:49,978 - rasterio._env - DEBUG - GDAL data found in package: path='/home/metpublic/PYTHON_VENV/present_weather/lib/python3.10/site-packages/rasterio/gdal_data'.
2023-12-10 21:47:49,978 - rasterio._env - DEBUG - PROJ data found in package: path='/home/metpublic/PYTHON_VENV/present_weather/lib/python3.10/site-packages/rasterio/proj_data'.
2023-12-10 21:47:49,978 - rasterio._env - DEBUG - Started GDALEnv: self=<rasterio._env.GDALEnv object at 0x7ff0ac602350>.
2023-12-10 21:47:49,978 - rasterio.env - DEBUG - Entered env context: <rasterio.env.Env object at 0x7ff0ac602d10>
2023-12-10 21:47:49,978 - rasterio._base - DEBUG - Sharing flag: 0
2023-12-10 21:47:49,980 - rasterio._base - DEBUG - Nodata success: 0, Nodata value: 0.000000
2023-12-10 21:47:49,980 - rasterio._base - DEBUG - Dataset <open DatasetReader name='/home/metpublic/TASK_RELEASE/EFAN/present_weather/src/H09_B13_Indonesia_20231210.Z2130.cor.tiff' mode='r'> is started.
2023-12-10 21:47:49,980 - rasterio.env - DEBUG - Exiting env context: <rasterio.env.Env object at 0x7ff0ac602d10>
2023-12-10 21:47:49,980 - rasterio.env - DEBUG - Cleared existing <rasterio._env.GDALEnv object at 0x7ff0ac602350> options
2023-12-10 21:47:49,980 - rasterio._env - DEBUG - Stopped GDALEnv <rasterio._env.GDALEnv object at 0x7ff0ac602350>.
2023-12-10 21:47:49,980 - rasterio.env - DEBUG - Exiting outermost env
2023-12-10 21:47:49,980 - rasterio.env - DEBUG - Exited env context: <rasterio.env.Env object at 0x7ff0ac602d10>
2023-12-10 21:47:49,980 - rasterio.env - DEBUG - Entering env context: <rasterio.env.Env object at 0x7ff0ac7677c0>
2023-12-10 21:47:49,981 - rasterio.env - DEBUG - Starting outermost env
2023-12-10 21:47:49,981 - rasterio.env - DEBUG - No GDAL environment exists
2023-12-10 21:47:49,981 - rasterio.env - DEBUG - New GDAL environment <rasterio._env.GDALEnv object at 0x7ff0ac765f90> created
2023-12-10 21:47:49,981 - rasterio._env - DEBUG - GDAL data found in package: path='/home/metpublic/PYTHON_VENV/present_weather/lib/python3.10/site-packages/rasterio/gdal_data'.
2023-12-10 21:47:49,981 - rasterio._env - DEBUG - PROJ data found in package: path='/home/metpublic/PYTHON_VENV/present_weather/lib/python3.10/site-packages/rasterio/proj_data'.
2023-12-10 21:47:49,982 - rasterio._env - DEBUG - Started GDALEnv: self=<rasterio._env.GDALEnv object at 0x7ff0ac765f90>.
2023-12-10 21:47:49,982 - rasterio.env - DEBUG - Entered env context: <rasterio.env.Env object at 0x7ff0ac7677c0>
2023-12-10 21:47:49,982 - rasterio._base - DEBUG - Sharing flag: 0
2023-12-10 21:47:49,983 - rasterio._base - DEBUG - Nodata success: 0, Nodata value: 0.000000
2023-12-10 21:47:49,983 - rasterio._base - DEBUG - Dataset <open DatasetReader name='/home/metpublic/TASK_RELEASE/EFAN/present_weather/src/H09_B13_Indonesia_20231210.Z2130.cor.tiff' mode='r'> is started.
2023-12-10 21:47:49,983 - rasterio.env - DEBUG - Exiting env context: <rasterio.env.Env object at 0x7ff0ac7677c0>
2023-12-10 21:47:49,983 - rasterio.env - DEBUG - Cleared existing <rasterio._env.GDALEnv object at 0x7ff0ac765f90> options
2023-12-10 21:47:49,983 - rasterio._env - DEBUG - Stopped GDALEnv <rasterio._env.GDALEnv object at 0x7ff0ac765f90>.
2023-12-10 21:47:49,984 - rasterio.env - DEBUG - Exiting outermost env
2023-12-10 21:47:49,984 - rasterio.env - DEBUG - Exited env context: <rasterio.env.Env object at 0x7ff0ac7677c0>
2023-12-10 21:47:49,994 - root - INFO - Generating present weather using SATELITE data
2023-12-10 21:49:17,378 - root - INFO - Total elapsed time: 0:06:15.079233
