2023-11-26 00:43:03,430 - root - INFO - Initiating present weather
2023-11-26 00:43:03,433 - asyncio - DEBUG - Using selector: EpollSelector
2023-11-26 00:43:06,720 - urllib3.connectionpool - DEBUG - Starting new HTTPS connection (1): radar.bmkg.go.id:8060
2023-11-26 00:43:06,787 - urllib3.connectionpool - DEBUG - https://radar.bmkg.go.id:8060 "GET /getRadarGeotif?token=19387e71e78522ae4172ec0fda640983b8438c9cfa0ca571623cb69d8327&radar=amandemenForecast&type=latest HTTP/1.1" 200 90
2023-11-26 00:43:06,789 - rasterio.env - DEBUG - Entering env context: <rasterio.env.Env object at 0x7f1ca5113800>
2023-11-26 00:43:06,790 - rasterio.env - DEBUG - Starting outermost env
2023-11-26 00:43:06,790 - rasterio.env - DEBUG - No GDAL environment exists
2023-11-26 00:43:06,790 - rasterio.env - DEBUG - New GDAL environment <rasterio._env.GDALEnv object at 0x7f1ca7dd5960> created
2023-11-26 00:43:06,794 - rasterio._filepath - DEBUG - Installing FilePath filesystem handler plugin...
2023-11-26 00:43:06,794 - rasterio._env - DEBUG - GDAL data found in package: path='/home/swx/miniconda3/envs/present_weather/lib/python3.12/site-packages/rasterio/gdal_data'.
2023-11-26 00:43:06,795 - rasterio._env - DEBUG - PROJ_LIB found in environment.
2023-11-26 00:43:06,795 - rasterio._env - DEBUG - Started GDALEnv: self=<rasterio._env.GDALEnv object at 0x7f1ca7dd5960>.
2023-11-26 00:43:06,795 - rasterio.env - DEBUG - Entered env context: <rasterio.env.Env object at 0x7f1ca5113800>
2023-11-26 00:43:06,795 - rasterio._base - DEBUG - Sharing flag: 0
2023-11-26 00:43:07,002 - rasterio._base - DEBUG - Nodata success: 1, Nodata value: nan
2023-11-26 00:43:07,003 - rasterio._base - DEBUG - Dataset <open DatasetReader name='https://radar.bmkg.go.id/raster/radarsatelit_202311260040.tif' mode='r'> is started.
2023-11-26 00:43:07,004 - rasterio.env - DEBUG - Exiting env context: <rasterio.env.Env object at 0x7f1ca5113800>
2023-11-26 00:43:07,004 - rasterio.env - DEBUG - Cleared existing <rasterio._env.GDALEnv object at 0x7f1ca7dd5960> options
2023-11-26 00:43:07,004 - rasterio._env - DEBUG - Stopped GDALEnv <rasterio._env.GDALEnv object at 0x7f1ca7dd5960>.
2023-11-26 00:43:07,004 - rasterio.env - DEBUG - Exiting outermost env
2023-11-26 00:43:07,004 - rasterio.env - DEBUG - Exited env context: <rasterio.env.Env object at 0x7f1ca5113800>
2023-11-26 00:43:07,004 - rasterio.env - DEBUG - Entering env context: <rasterio.env.Env object at 0x7f1ca5113bc0>
2023-11-26 00:43:07,004 - rasterio.env - DEBUG - Starting outermost env
2023-11-26 00:43:07,004 - rasterio.env - DEBUG - No GDAL environment exists
2023-11-26 00:43:07,005 - rasterio.env - DEBUG - New GDAL environment <rasterio._env.GDALEnv object at 0x7f1ca7dd5960> created
2023-11-26 00:43:07,005 - rasterio._env - DEBUG - GDAL data found in package: path='/home/swx/miniconda3/envs/present_weather/lib/python3.12/site-packages/rasterio/gdal_data'.
2023-11-26 00:43:07,006 - rasterio._env - DEBUG - PROJ_LIB found in environment.
2023-11-26 00:43:07,006 - rasterio._env - DEBUG - Started GDALEnv: self=<rasterio._env.GDALEnv object at 0x7f1ca7dd5960>.
2023-11-26 00:43:07,006 - rasterio.env - DEBUG - Entered env context: <rasterio.env.Env object at 0x7f1ca5113bc0>
2023-11-26 00:43:07,006 - rasterio.env - DEBUG - Got a copy of environment <rasterio._env.GDALEnv object at 0x7f1ca7dd5960> options
2023-11-26 00:43:07,007 - rasterio.env - DEBUG - Entering env context: <rasterio.env.Env object at 0x7f1ca453db20>
2023-11-26 00:43:07,007 - rasterio.env - DEBUG - Got a copy of environment <rasterio._env.GDALEnv object at 0x7f1ca7dd5960> options
2023-11-26 00:43:07,007 - rasterio.env - DEBUG - Entered env context: <rasterio.env.Env object at 0x7f1ca453db20>
2023-11-26 00:43:07,008 - rasterio._base - DEBUG - Sharing flag: 0
2023-11-26 00:43:07,009 - rasterio._base - DEBUG - Nodata success: 1, Nodata value: nan
2023-11-26 00:43:07,009 - rasterio._base - DEBUG - Dataset <open DatasetReader name='https://radar.bmkg.go.id/raster/radarsatelit_202311260040.tif' mode='r'> is started.
2023-11-26 00:43:07,009 - rasterio.env - DEBUG - Exiting env context: <rasterio.env.Env object at 0x7f1ca453db20>
2023-11-26 00:43:07,009 - rasterio.env - DEBUG - Cleared existing <rasterio._env.GDALEnv object at 0x7f1ca7dd5960> options
2023-11-26 00:43:07,009 - rasterio._env - DEBUG - Stopped GDALEnv <rasterio._env.GDALEnv object at 0x7f1ca7dd5960>.
2023-11-26 00:43:07,010 - rasterio.env - DEBUG - No GDAL environment exists
2023-11-26 00:43:07,010 - rasterio.env - DEBUG - New GDAL environment <rasterio._env.GDALEnv object at 0x7f1ca7dd5960> created
2023-11-26 00:43:07,010 - rasterio._env - DEBUG - GDAL data found in package: path='/home/swx/miniconda3/envs/present_weather/lib/python3.12/site-packages/rasterio/gdal_data'.
2023-11-26 00:43:07,010 - rasterio._env - DEBUG - PROJ_LIB found in environment.
2023-11-26 00:43:07,010 - rasterio._env - DEBUG - Started GDALEnv: self=<rasterio._env.GDALEnv object at 0x7f1ca7dd5960>.
2023-11-26 00:43:07,011 - rasterio.env - DEBUG - Exited env context: <rasterio.env.Env object at 0x7f1ca453db20>
2023-11-26 00:43:07,039 - rasterio._io - DEBUG - Output nodata value read from file: nan
2023-11-26 00:43:07,039 - rasterio._io - DEBUG - Output nodata values: [nan]
2023-11-26 00:43:07,039 - rasterio._io - DEBUG - all_valid: False
2023-11-26 00:43:07,040 - rasterio._io - DEBUG - mask_flags: ([<MaskFlags.nodata: 8>],)
2023-11-26 00:43:07,040 - rasterio._io - DEBUG - Jump straight to _read()
2023-11-26 00:43:07,040 - rasterio._io - DEBUG - Window: Window(col_off=0, row_off=0, width=10215, height=3792)
2023-11-26 00:43:07,040 - rasterio._io - DEBUG - IO window xoff=0.0 yoff=0.0 width=10215.0 height=3792.0
2023-11-26 00:43:07,773 - rasterio.env - DEBUG - Exiting env context: <rasterio.env.Env object at 0x7f1ca5113bc0>
2023-11-26 00:43:07,774 - rasterio.env - DEBUG - Cleared existing <rasterio._env.GDALEnv object at 0x7f1ca7dd5960> options
2023-11-26 00:43:07,774 - rasterio._env - DEBUG - Stopped GDALEnv <rasterio._env.GDALEnv object at 0x7f1ca7dd5960>.
2023-11-26 00:43:07,774 - rasterio.env - DEBUG - Exiting outermost env
2023-11-26 00:43:07,774 - rasterio.env - DEBUG - Exited env context: <rasterio.env.Env object at 0x7f1ca5113bc0>
2023-11-26 00:43:07,776 - urllib3.connectionpool - DEBUG - Starting new HTTPS connection (1): radar.bmkg.go.id:8060
2023-11-26 00:43:07,819 - urllib3.connectionpool - DEBUG - https://radar.bmkg.go.id:8060 "GET /getLatestLD?typeData=1 HTTP/1.1" 200 637
2023-11-26 00:43:07,826 - root - INFO - Generating present weather using RADAR data
2023-11-26 00:43:11,187 - root - INFO - dask.bag<lambda, npartitions=20>
2023-11-26 00:54:16,515 - root - INFO - Total elapsed time: 0:11:13.086130
