2023-11-26 16:23:03,938 - root - INFO - Initiating present weather
2023-11-26 16:23:03,942 - asyncio - DEBUG - Using selector: EpollSelector
2023-11-26 16:23:07,269 - urllib3.connectionpool - DEBUG - Starting new HTTPS connection (1): radar.bmkg.go.id:8060
2023-11-26 16:23:07,328 - urllib3.connectionpool - DEBUG - https://radar.bmkg.go.id:8060 "GET /getRadarGeotif?token=19387e71e78522ae4172ec0fda640983b8438c9cfa0ca571623cb69d8327&radar=amandemenForecast&type=latest HTTP/1.1" 200 90
2023-11-26 16:23:07,330 - rasterio.env - DEBUG - Entering env context: <rasterio.env.Env object at 0x7f01ccc20410>
2023-11-26 16:23:07,331 - rasterio.env - DEBUG - Starting outermost env
2023-11-26 16:23:07,331 - rasterio.env - DEBUG - No GDAL environment exists
2023-11-26 16:23:07,331 - rasterio.env - DEBUG - New GDAL environment <rasterio._env.GDALEnv object at 0x7f01cca57d00> created
2023-11-26 16:23:07,335 - rasterio._filepath - DEBUG - Installing FilePath filesystem handler plugin...
2023-11-26 16:23:07,335 - rasterio._env - DEBUG - GDAL data found in package: path='/home/swx/miniconda3/envs/present_weather/lib/python3.12/site-packages/rasterio/gdal_data'.
2023-11-26 16:23:07,335 - rasterio._env - DEBUG - PROJ_LIB found in environment.
2023-11-26 16:23:07,335 - rasterio._env - DEBUG - Started GDALEnv: self=<rasterio._env.GDALEnv object at 0x7f01cca57d00>.
2023-11-26 16:23:07,335 - rasterio.env - DEBUG - Entered env context: <rasterio.env.Env object at 0x7f01ccc20410>
2023-11-26 16:23:07,335 - rasterio._base - DEBUG - Sharing flag: 0
2023-11-26 16:23:07,544 - rasterio._base - DEBUG - Nodata success: 1, Nodata value: nan
2023-11-26 16:23:07,544 - rasterio._base - DEBUG - Dataset <open DatasetReader name='https://radar.bmkg.go.id/raster/radarsatelit_202311261620.tif' mode='r'> is started.
2023-11-26 16:23:07,545 - rasterio.env - DEBUG - Exiting env context: <rasterio.env.Env object at 0x7f01ccc20410>
2023-11-26 16:23:07,545 - rasterio.env - DEBUG - Cleared existing <rasterio._env.GDALEnv object at 0x7f01cca57d00> options
2023-11-26 16:23:07,545 - rasterio._env - DEBUG - Stopped GDALEnv <rasterio._env.GDALEnv object at 0x7f01cca57d00>.
2023-11-26 16:23:07,545 - rasterio.env - DEBUG - Exiting outermost env
2023-11-26 16:23:07,545 - rasterio.env - DEBUG - Exited env context: <rasterio.env.Env object at 0x7f01ccc20410>
2023-11-26 16:23:07,545 - rasterio.env - DEBUG - Entering env context: <rasterio.env.Env object at 0x7f01cccc51c0>
2023-11-26 16:23:07,546 - rasterio.env - DEBUG - Starting outermost env
2023-11-26 16:23:07,546 - rasterio.env - DEBUG - No GDAL environment exists
2023-11-26 16:23:07,546 - rasterio.env - DEBUG - New GDAL environment <rasterio._env.GDALEnv object at 0x7f01ccc20400> created
2023-11-26 16:23:07,547 - rasterio._env - DEBUG - GDAL data found in package: path='/home/swx/miniconda3/envs/present_weather/lib/python3.12/site-packages/rasterio/gdal_data'.
2023-11-26 16:23:07,548 - rasterio._env - DEBUG - PROJ_LIB found in environment.
2023-11-26 16:23:07,548 - rasterio._env - DEBUG - Started GDALEnv: self=<rasterio._env.GDALEnv object at 0x7f01ccc20400>.
2023-11-26 16:23:07,548 - rasterio.env - DEBUG - Entered env context: <rasterio.env.Env object at 0x7f01cccc51c0>
2023-11-26 16:23:07,549 - rasterio.env - DEBUG - Got a copy of environment <rasterio._env.GDALEnv object at 0x7f01ccc20400> options
2023-11-26 16:23:07,549 - rasterio.env - DEBUG - Entering env context: <rasterio.env.Env object at 0x7f01ccad1010>
2023-11-26 16:23:07,549 - rasterio.env - DEBUG - Got a copy of environment <rasterio._env.GDALEnv object at 0x7f01ccc20400> options
2023-11-26 16:23:07,549 - rasterio.env - DEBUG - Entered env context: <rasterio.env.Env object at 0x7f01ccad1010>
2023-11-26 16:23:07,549 - rasterio._base - DEBUG - Sharing flag: 0
2023-11-26 16:23:07,550 - rasterio._base - DEBUG - Nodata success: 1, Nodata value: nan
2023-11-26 16:23:07,550 - rasterio._base - DEBUG - Dataset <open DatasetReader name='https://radar.bmkg.go.id/raster/radarsatelit_202311261620.tif' mode='r'> is started.
2023-11-26 16:23:07,550 - rasterio.env - DEBUG - Exiting env context: <rasterio.env.Env object at 0x7f01ccad1010>
2023-11-26 16:23:07,551 - rasterio.env - DEBUG - Cleared existing <rasterio._env.GDALEnv object at 0x7f01ccc20400> options
2023-11-26 16:23:07,551 - rasterio._env - DEBUG - Stopped GDALEnv <rasterio._env.GDALEnv object at 0x7f01ccc20400>.
2023-11-26 16:23:07,551 - rasterio.env - DEBUG - No GDAL environment exists
2023-11-26 16:23:07,551 - rasterio.env - DEBUG - New GDAL environment <rasterio._env.GDALEnv object at 0x7f01ccc20400> created
2023-11-26 16:23:07,552 - rasterio._env - DEBUG - GDAL data found in package: path='/home/swx/miniconda3/envs/present_weather/lib/python3.12/site-packages/rasterio/gdal_data'.
2023-11-26 16:23:07,552 - rasterio._env - DEBUG - PROJ_LIB found in environment.
2023-11-26 16:23:07,552 - rasterio._env - DEBUG - Started GDALEnv: self=<rasterio._env.GDALEnv object at 0x7f01ccc20400>.
2023-11-26 16:23:07,552 - rasterio.env - DEBUG - Exited env context: <rasterio.env.Env object at 0x7f01ccad1010>
2023-11-26 16:23:07,580 - rasterio._io - DEBUG - Output nodata value read from file: nan
2023-11-26 16:23:07,580 - rasterio._io - DEBUG - Output nodata values: [nan]
2023-11-26 16:23:07,581 - rasterio._io - DEBUG - all_valid: False
2023-11-26 16:23:07,581 - rasterio._io - DEBUG - mask_flags: ([<MaskFlags.nodata: 8>],)
2023-11-26 16:23:07,581 - rasterio._io - DEBUG - Jump straight to _read()
2023-11-26 16:23:07,581 - rasterio._io - DEBUG - Window: Window(col_off=0, row_off=0, width=10215, height=3792)
2023-11-26 16:23:07,582 - rasterio._io - DEBUG - IO window xoff=0.0 yoff=0.0 width=10215.0 height=3792.0
2023-11-26 16:23:08,425 - rasterio.env - DEBUG - Exiting env context: <rasterio.env.Env object at 0x7f01cccc51c0>
2023-11-26 16:23:08,426 - rasterio.env - DEBUG - Cleared existing <rasterio._env.GDALEnv object at 0x7f01ccc20400> options
2023-11-26 16:23:08,426 - rasterio._env - DEBUG - Stopped GDALEnv <rasterio._env.GDALEnv object at 0x7f01ccc20400>.
2023-11-26 16:23:08,426 - rasterio.env - DEBUG - Exiting outermost env
2023-11-26 16:23:08,426 - rasterio.env - DEBUG - Exited env context: <rasterio.env.Env object at 0x7f01cccc51c0>
2023-11-26 16:23:08,428 - urllib3.connectionpool - DEBUG - Starting new HTTPS connection (1): radar.bmkg.go.id:8060
2023-11-26 16:23:08,475 - urllib3.connectionpool - DEBUG - https://radar.bmkg.go.id:8060 "GET /getLatestLD?typeData=1 HTTP/1.1" 200 10970
2023-11-26 16:23:08,484 - root - INFO - Generating present weather using RADAR data
2023-11-26 16:23:11,861 - root - INFO - dask.bag<lambda, npartitions=20>
2023-11-26 16:34:00,563 - root - INFO - Total elapsed time: 0:10:56.626146
