2023-11-13 00:20:04,167 - root - INFO - Initiating present weather
2023-11-13 00:20:04,173 - urllib3.connectionpool - DEBUG - Starting new HTTPS connection (1): radar.bmkg.go.id:8060
2023-11-13 00:20:04,255 - urllib3.connectionpool - DEBUG - https://radar.bmkg.go.id:8060 "GET /getRadarGeotif?token=19387e71e78522ae4172ec0fda640983b8438c9cfa0ca571623cb69d8327&radar=amandemenForecast&type=latest HTTP/1.1" 200 90
2023-11-13 00:20:04,258 - rasterio.env - DEBUG - Entering env context: <rasterio.env.Env object at 0x7f96253ff230>
2023-11-13 00:20:04,259 - rasterio.env - DEBUG - Starting outermost env
2023-11-13 00:20:04,259 - rasterio.env - DEBUG - No GDAL environment exists
2023-11-13 00:20:04,259 - rasterio.env - DEBUG - New GDAL environment <rasterio._env.GDALEnv object at 0x7f96669df670> created
2023-11-13 00:20:04,264 - rasterio._filepath - DEBUG - Installing FilePath filesystem handler plugin...
2023-11-13 00:20:04,264 - rasterio._env - DEBUG - GDAL data found in package: path='/home/swx/miniconda3/envs/present_weather/lib/python3.12/site-packages/rasterio/gdal_data'.
2023-11-13 00:20:04,264 - rasterio._env - DEBUG - PROJ_LIB found in environment.
2023-11-13 00:20:04,264 - rasterio._env - DEBUG - Started GDALEnv: self=<rasterio._env.GDALEnv object at 0x7f96669df670>.
2023-11-13 00:20:04,264 - rasterio.env - DEBUG - Entered env context: <rasterio.env.Env object at 0x7f96253ff230>
2023-11-13 00:20:04,265 - rasterio._base - DEBUG - Sharing flag: 0
2023-11-13 00:20:04,448 - rasterio._base - DEBUG - Nodata success: 1, Nodata value: nan
2023-11-13 00:20:04,448 - rasterio._base - DEBUG - Dataset <open DatasetReader name='https://radar.bmkg.go.id/raster/radarsatelit_202311130010.tif' mode='r'> is started.
2023-11-13 00:20:04,449 - rasterio.env - DEBUG - Exiting env context: <rasterio.env.Env object at 0x7f96253ff230>
2023-11-13 00:20:04,449 - rasterio.env - DEBUG - Cleared existing <rasterio._env.GDALEnv object at 0x7f96669df670> options
2023-11-13 00:20:04,449 - rasterio._env - DEBUG - Stopped GDALEnv <rasterio._env.GDALEnv object at 0x7f96669df670>.
2023-11-13 00:20:04,449 - rasterio.env - DEBUG - Exiting outermost env
2023-11-13 00:20:04,449 - rasterio.env - DEBUG - Exited env context: <rasterio.env.Env object at 0x7f96253ff230>
2023-11-13 00:20:04,449 - rasterio.env - DEBUG - Entering env context: <rasterio.env.Env object at 0x7f966f587170>
2023-11-13 00:20:04,450 - rasterio.env - DEBUG - Starting outermost env
2023-11-13 00:20:04,450 - rasterio.env - DEBUG - No GDAL environment exists
2023-11-13 00:20:04,450 - rasterio.env - DEBUG - New GDAL environment <rasterio._env.GDALEnv object at 0x7f9666af61d0> created
2023-11-13 00:20:04,450 - rasterio._env - DEBUG - GDAL data found in package: path='/home/swx/miniconda3/envs/present_weather/lib/python3.12/site-packages/rasterio/gdal_data'.
2023-11-13 00:20:04,451 - rasterio._env - DEBUG - PROJ_LIB found in environment.
2023-11-13 00:20:04,451 - rasterio._env - DEBUG - Started GDALEnv: self=<rasterio._env.GDALEnv object at 0x7f9666af61d0>.
2023-11-13 00:20:04,451 - rasterio.env - DEBUG - Entered env context: <rasterio.env.Env object at 0x7f966f587170>
2023-11-13 00:20:04,451 - rasterio.env - DEBUG - Got a copy of environment <rasterio._env.GDALEnv object at 0x7f9666af61d0> options
2023-11-13 00:20:04,452 - rasterio.env - DEBUG - Entering env context: <rasterio.env.Env object at 0x7f96779f1e20>
2023-11-13 00:20:04,452 - rasterio.env - DEBUG - Got a copy of environment <rasterio._env.GDALEnv object at 0x7f9666af61d0> options
2023-11-13 00:20:04,452 - rasterio.env - DEBUG - Entered env context: <rasterio.env.Env object at 0x7f96779f1e20>
2023-11-13 00:20:04,452 - rasterio._base - DEBUG - Sharing flag: 0
2023-11-13 00:20:04,453 - rasterio._base - DEBUG - Nodata success: 1, Nodata value: nan
2023-11-13 00:20:04,453 - rasterio._base - DEBUG - Dataset <open DatasetReader name='https://radar.bmkg.go.id/raster/radarsatelit_202311130010.tif' mode='r'> is started.
2023-11-13 00:20:04,453 - rasterio.env - DEBUG - Exiting env context: <rasterio.env.Env object at 0x7f96779f1e20>
2023-11-13 00:20:04,453 - rasterio.env - DEBUG - Cleared existing <rasterio._env.GDALEnv object at 0x7f9666af61d0> options
2023-11-13 00:20:04,454 - rasterio._env - DEBUG - Stopped GDALEnv <rasterio._env.GDALEnv object at 0x7f9666af61d0>.
2023-11-13 00:20:04,454 - rasterio.env - DEBUG - No GDAL environment exists
2023-11-13 00:20:04,454 - rasterio.env - DEBUG - New GDAL environment <rasterio._env.GDALEnv object at 0x7f9666af61d0> created
2023-11-13 00:20:04,454 - rasterio._env - DEBUG - GDAL data found in package: path='/home/swx/miniconda3/envs/present_weather/lib/python3.12/site-packages/rasterio/gdal_data'.
2023-11-13 00:20:04,454 - rasterio._env - DEBUG - PROJ_LIB found in environment.
2023-11-13 00:20:04,455 - rasterio._env - DEBUG - Started GDALEnv: self=<rasterio._env.GDALEnv object at 0x7f9666af61d0>.
2023-11-13 00:20:04,455 - rasterio.env - DEBUG - Exited env context: <rasterio.env.Env object at 0x7f96779f1e20>
2023-11-13 00:20:04,485 - rasterio._io - DEBUG - Output nodata value read from file: nan
2023-11-13 00:20:04,486 - rasterio._io - DEBUG - Output nodata values: [nan]
2023-11-13 00:20:04,486 - rasterio._io - DEBUG - all_valid: False
2023-11-13 00:20:04,486 - rasterio._io - DEBUG - mask_flags: ([<MaskFlags.nodata: 8>],)
2023-11-13 00:20:04,487 - rasterio._io - DEBUG - Jump straight to _read()
2023-11-13 00:20:04,487 - rasterio._io - DEBUG - Window: Window(col_off=0, row_off=0, width=10215, height=3789)
2023-11-13 00:20:04,487 - rasterio._io - DEBUG - IO window xoff=0.0 yoff=0.0 width=10215.0 height=3789.0
2023-11-13 00:20:05,127 - rasterio.env - DEBUG - Exiting env context: <rasterio.env.Env object at 0x7f966f587170>
2023-11-13 00:20:05,127 - rasterio.env - DEBUG - Cleared existing <rasterio._env.GDALEnv object at 0x7f9666af61d0> options
2023-11-13 00:20:05,127 - rasterio._env - DEBUG - Stopped GDALEnv <rasterio._env.GDALEnv object at 0x7f9666af61d0>.
2023-11-13 00:20:05,127 - rasterio.env - DEBUG - Exiting outermost env
2023-11-13 00:20:05,127 - rasterio.env - DEBUG - Exited env context: <rasterio.env.Env object at 0x7f966f587170>
2023-11-13 00:20:05,130 - urllib3.connectionpool - DEBUG - Starting new HTTPS connection (1): radar.bmkg.go.id:8060
2023-11-13 00:20:10,191 - urllib3.connectionpool - DEBUG - https://radar.bmkg.go.id:8060 "GET /getLatestLD?typeData=1 HTTP/1.1" 200 10435
2023-11-13 00:20:10,207 - asyncio - DEBUG - Using selector: EpollSelector
2023-11-13 00:20:16,919 - root - INFO - dask.bag<lambda, npartitions=34>
2023-11-13 00:36:14,193 - root - INFO - Total elapsed time: 0:16:10.026754
