2023-12-10 19:03:02,745 - root - INFO - Initiating present weather
2023-12-10 19:03:02,747 - asyncio - DEBUG - Using selector: EpollSelector
2023-12-10 19:03:04,359 - urllib3.connectionpool - DEBUG - Starting new HTTPS connection (1): radar.bmkg.go.id:8060
2023-12-10 19:03:04,372 - urllib3.connectionpool - DEBUG - https://radar.bmkg.go.id:8060 "GET /getLatestLD?typeData=1 HTTP/1.1" 200 62
2023-12-10 19:03:04,374 - urllib3.connectionpool - DEBUG - Starting new HTTPS connection (1): radar.bmkg.go.id:8060
2023-12-10 19:03:04,394 - urllib3.connectionpool - DEBUG - https://radar.bmkg.go.id:8060 "GET /getRadarGeotif?token=19387e71e78522ae4172ec0fda640983b8438c9cfa0ca571623cb69d8327&radar=amandemenForecast&type=latest HTTP/1.1" 200 90
2023-12-10 19:03:04,395 - rasterio.env - DEBUG - Entering env context: <rasterio.env.Env object at 0x7f0c4a8a2b90>
2023-12-10 19:03:04,396 - rasterio.env - DEBUG - Starting outermost env
2023-12-10 19:03:04,396 - rasterio.env - DEBUG - No GDAL environment exists
2023-12-10 19:03:04,396 - rasterio.env - DEBUG - New GDAL environment <rasterio._env.GDALEnv object at 0x7f0c4a8a2e90> created
2023-12-10 19:03:04,398 - rasterio._filepath - DEBUG - Installing FilePath filesystem handler plugin...
2023-12-10 19:03:04,398 - rasterio._env - DEBUG - GDAL data found in package: path='/home/metpublic/PYTHON_VENV/present_weather/lib/python3.10/site-packages/rasterio/gdal_data'.
2023-12-10 19:03:04,398 - rasterio._env - DEBUG - PROJ data found in package: path='/home/metpublic/PYTHON_VENV/present_weather/lib/python3.10/site-packages/rasterio/proj_data'.
2023-12-10 19:03:04,398 - rasterio._env - DEBUG - Started GDALEnv: self=<rasterio._env.GDALEnv object at 0x7f0c4a8a2e90>.
2023-12-10 19:03:04,399 - rasterio.env - DEBUG - Entered env context: <rasterio.env.Env object at 0x7f0c4a8a2b90>
2023-12-10 19:03:04,399 - rasterio._base - DEBUG - Sharing flag: 0
2023-12-10 19:03:04,678 - rasterio._base - DEBUG - Nodata success: 1, Nodata value: nan
2023-12-10 19:03:04,679 - rasterio._base - DEBUG - Dataset <open DatasetReader name='https://radar.bmkg.go.id/raster/radarsatelit_202312101900.tif' mode='r'> is started.
2023-12-10 19:03:04,679 - rasterio.env - DEBUG - Exiting env context: <rasterio.env.Env object at 0x7f0c4a8a2b90>
2023-12-10 19:03:04,679 - rasterio.env - DEBUG - Cleared existing <rasterio._env.GDALEnv object at 0x7f0c4a8a2e90> options
2023-12-10 19:03:04,679 - rasterio._env - DEBUG - Stopped GDALEnv <rasterio._env.GDALEnv object at 0x7f0c4a8a2e90>.
2023-12-10 19:03:04,679 - rasterio.env - DEBUG - Exiting outermost env
2023-12-10 19:03:04,679 - rasterio.env - DEBUG - Exited env context: <rasterio.env.Env object at 0x7f0c4a8a2b90>
2023-12-10 19:03:04,679 - rasterio.env - DEBUG - Entering env context: <rasterio.env.Env object at 0x7f0c49f2c6d0>
2023-12-10 19:03:04,679 - rasterio.env - DEBUG - Starting outermost env
2023-12-10 19:03:04,679 - rasterio.env - DEBUG - No GDAL environment exists
2023-12-10 19:03:04,680 - rasterio.env - DEBUG - New GDAL environment <rasterio._env.GDALEnv object at 0x7f0c4a8a2e90> created
2023-12-10 19:03:04,680 - rasterio._env - DEBUG - GDAL data found in package: path='/home/metpublic/PYTHON_VENV/present_weather/lib/python3.10/site-packages/rasterio/gdal_data'.
2023-12-10 19:03:04,680 - rasterio._env - DEBUG - PROJ data found in package: path='/home/metpublic/PYTHON_VENV/present_weather/lib/python3.10/site-packages/rasterio/proj_data'.
2023-12-10 19:03:04,680 - rasterio._env - DEBUG - Started GDALEnv: self=<rasterio._env.GDALEnv object at 0x7f0c4a8a2e90>.
2023-12-10 19:03:04,680 - rasterio.env - DEBUG - Entered env context: <rasterio.env.Env object at 0x7f0c49f2c6d0>
2023-12-10 19:03:04,681 - rasterio.env - DEBUG - Got a copy of environment <rasterio._env.GDALEnv object at 0x7f0c4a8a2e90> options
2023-12-10 19:03:04,681 - rasterio.env - DEBUG - Entering env context: <rasterio.env.Env object at 0x7f0c48632290>
2023-12-10 19:03:04,681 - rasterio.env - DEBUG - Got a copy of environment <rasterio._env.GDALEnv object at 0x7f0c4a8a2e90> options
2023-12-10 19:03:04,681 - rasterio.env - DEBUG - Entered env context: <rasterio.env.Env object at 0x7f0c48632290>
2023-12-10 19:03:04,681 - rasterio._base - DEBUG - Sharing flag: 0
2023-12-10 19:03:04,682 - rasterio._base - DEBUG - Nodata success: 1, Nodata value: nan
2023-12-10 19:03:04,682 - rasterio._base - DEBUG - Dataset <open DatasetReader name='https://radar.bmkg.go.id/raster/radarsatelit_202312101900.tif' mode='r'> is started.
2023-12-10 19:03:04,682 - rasterio.env - DEBUG - Exiting env context: <rasterio.env.Env object at 0x7f0c48632290>
2023-12-10 19:03:04,682 - rasterio.env - DEBUG - Cleared existing <rasterio._env.GDALEnv object at 0x7f0c4a8a2e90> options
2023-12-10 19:03:04,682 - rasterio._env - DEBUG - Stopped GDALEnv <rasterio._env.GDALEnv object at 0x7f0c4a8a2e90>.
2023-12-10 19:03:04,682 - rasterio.env - DEBUG - No GDAL environment exists
2023-12-10 19:03:04,682 - rasterio.env - DEBUG - New GDAL environment <rasterio._env.GDALEnv object at 0x7f0c4a8a2e90> created
2023-12-10 19:03:04,683 - rasterio._env - DEBUG - GDAL data found in package: path='/home/metpublic/PYTHON_VENV/present_weather/lib/python3.10/site-packages/rasterio/gdal_data'.
2023-12-10 19:03:04,683 - rasterio._env - DEBUG - PROJ data found in package: path='/home/metpublic/PYTHON_VENV/present_weather/lib/python3.10/site-packages/rasterio/proj_data'.
2023-12-10 19:03:04,683 - rasterio._env - DEBUG - Started GDALEnv: self=<rasterio._env.GDALEnv object at 0x7f0c4a8a2e90>.
2023-12-10 19:03:04,683 - rasterio.env - DEBUG - Exited env context: <rasterio.env.Env object at 0x7f0c48632290>
2023-12-10 19:03:04,698 - rasterio._io - DEBUG - Output nodata value read from file: nan
2023-12-10 19:03:04,698 - rasterio._io - DEBUG - Output nodata values: [nan]
2023-12-10 19:03:04,699 - rasterio._io - DEBUG - all_valid: False
2023-12-10 19:03:04,699 - rasterio._io - DEBUG - mask_flags: ([<MaskFlags.nodata: 8>],)
2023-12-10 19:03:04,699 - rasterio._io - DEBUG - Jump straight to _read()
2023-12-10 19:03:04,699 - rasterio._io - DEBUG - Window: Window(col_off=0, row_off=0, width=10177, height=3692)
2023-12-10 19:03:04,699 - rasterio._io - DEBUG - IO window xoff=0.0 yoff=0.0 width=10177.0 height=3692.0
2023-12-10 19:03:05,249 - rasterio.env - DEBUG - Exiting env context: <rasterio.env.Env object at 0x7f0c49f2c6d0>
2023-12-10 19:03:05,249 - rasterio.env - DEBUG - Cleared existing <rasterio._env.GDALEnv object at 0x7f0c4a8a2e90> options
2023-12-10 19:03:05,249 - rasterio._env - DEBUG - Stopped GDALEnv <rasterio._env.GDALEnv object at 0x7f0c4a8a2e90>.
2023-12-10 19:03:05,249 - rasterio.env - DEBUG - Exiting outermost env
2023-12-10 19:03:05,249 - rasterio.env - DEBUG - Exited env context: <rasterio.env.Env object at 0x7f0c49f2c6d0>
2023-12-10 19:07:32,012 - rasterio.env - DEBUG - Entering env context: <rasterio.env.Env object at 0x7f0c484ad7e0>
2023-12-10 19:07:32,012 - rasterio.env - DEBUG - Starting outermost env
2023-12-10 19:07:32,012 - rasterio.env - DEBUG - No GDAL environment exists
2023-12-10 19:07:32,012 - rasterio.env - DEBUG - New GDAL environment <rasterio._env.GDALEnv object at 0x7f0c484ad030> created
2023-12-10 19:07:32,013 - rasterio._env - DEBUG - GDAL data found in package: path='/home/metpublic/PYTHON_VENV/present_weather/lib/python3.10/site-packages/rasterio/gdal_data'.
2023-12-10 19:07:32,014 - rasterio._env - DEBUG - PROJ data found in package: path='/home/metpublic/PYTHON_VENV/present_weather/lib/python3.10/site-packages/rasterio/proj_data'.
2023-12-10 19:07:32,014 - rasterio._env - DEBUG - Started GDALEnv: self=<rasterio._env.GDALEnv object at 0x7f0c484ad030>.
2023-12-10 19:07:32,014 - rasterio.env - DEBUG - Entered env context: <rasterio.env.Env object at 0x7f0c484ad7e0>
2023-12-10 19:07:32,014 - rasterio._base - DEBUG - Sharing flag: 0
2023-12-10 19:07:32,015 - rasterio._base - DEBUG - Nodata success: 0, Nodata value: 0.000000
2023-12-10 19:07:32,016 - rasterio._base - DEBUG - Dataset <open DatasetReader name='/home/metpublic/TASK_RELEASE/EFAN/present_weather/src/H09_B13_Indonesia_20231210.Z1850.cor.tiff' mode='r'> is started.
2023-12-10 19:07:32,016 - rasterio.env - DEBUG - Exiting env context: <rasterio.env.Env object at 0x7f0c484ad7e0>
2023-12-10 19:07:32,016 - rasterio.env - DEBUG - Cleared existing <rasterio._env.GDALEnv object at 0x7f0c484ad030> options
2023-12-10 19:07:32,016 - rasterio._env - DEBUG - Stopped GDALEnv <rasterio._env.GDALEnv object at 0x7f0c484ad030>.
2023-12-10 19:07:32,016 - rasterio.env - DEBUG - Exiting outermost env
2023-12-10 19:07:32,016 - rasterio.env - DEBUG - Exited env context: <rasterio.env.Env object at 0x7f0c484ad7e0>
2023-12-10 19:07:32,016 - rasterio.env - DEBUG - Entering env context: <rasterio.env.Env object at 0x7f0c484ae0b0>
2023-12-10 19:07:32,016 - rasterio.env - DEBUG - Starting outermost env
2023-12-10 19:07:32,016 - rasterio.env - DEBUG - No GDAL environment exists
2023-12-10 19:07:32,017 - rasterio.env - DEBUG - New GDAL environment <rasterio._env.GDALEnv object at 0x7f0c484ae200> created
2023-12-10 19:07:32,017 - rasterio._env - DEBUG - GDAL data found in package: path='/home/metpublic/PYTHON_VENV/present_weather/lib/python3.10/site-packages/rasterio/gdal_data'.
2023-12-10 19:07:32,017 - rasterio._env - DEBUG - PROJ data found in package: path='/home/metpublic/PYTHON_VENV/present_weather/lib/python3.10/site-packages/rasterio/proj_data'.
2023-12-10 19:07:32,017 - rasterio._env - DEBUG - Started GDALEnv: self=<rasterio._env.GDALEnv object at 0x7f0c484ae200>.
2023-12-10 19:07:32,017 - rasterio.env - DEBUG - Entered env context: <rasterio.env.Env object at 0x7f0c484ae0b0>
2023-12-10 19:07:32,017 - rasterio._base - DEBUG - Sharing flag: 0
2023-12-10 19:07:32,018 - rasterio._base - DEBUG - Nodata success: 0, Nodata value: 0.000000
2023-12-10 19:07:32,019 - rasterio._base - DEBUG - Dataset <open DatasetReader name='/home/metpublic/TASK_RELEASE/EFAN/present_weather/src/H09_B13_Indonesia_20231210.Z1850.cor.tiff' mode='r'> is started.
2023-12-10 19:07:32,019 - rasterio.env - DEBUG - Exiting env context: <rasterio.env.Env object at 0x7f0c484ae0b0>
2023-12-10 19:07:32,019 - rasterio.env - DEBUG - Cleared existing <rasterio._env.GDALEnv object at 0x7f0c484ae200> options
2023-12-10 19:07:32,019 - rasterio._env - DEBUG - Stopped GDALEnv <rasterio._env.GDALEnv object at 0x7f0c484ae200>.
2023-12-10 19:07:32,019 - rasterio.env - DEBUG - Exiting outermost env
2023-12-10 19:07:32,019 - rasterio.env - DEBUG - Exited env context: <rasterio.env.Env object at 0x7f0c484ae0b0>
2023-12-10 19:07:32,030 - root - INFO - Generating present weather using SATELITE data
2023-12-10 19:10:01,007 - root - INFO - Total elapsed time: 0:06:58.262705
