2023-12-04 11:33:03,165 - root - INFO - Initiating present weather
2023-12-04 11:33:03,167 - asyncio - DEBUG - Using selector: EpollSelector
2023-12-04 11:33:04,708 - urllib3.connectionpool - DEBUG - Starting new HTTPS connection (1): radar.bmkg.go.id:8060
2023-12-04 11:33:04,719 - urllib3.connectionpool - DEBUG - https://radar.bmkg.go.id:8060 "GET /getLatestLD?typeData=1 HTTP/1.1" 200 62
2023-12-04 11:33:04,720 - urllib3.connectionpool - DEBUG - Starting new HTTPS connection (1): radar.bmkg.go.id:8060
2023-12-04 11:33:04,743 - urllib3.connectionpool - DEBUG - https://radar.bmkg.go.id:8060 "GET /getRadarGeotif?token=19387e71e78522ae4172ec0fda640983b8438c9cfa0ca571623cb69d8327&radar=amandemenForecast&type=latest HTTP/1.1" 200 90
2023-12-04 11:33:04,743 - rasterio.env - DEBUG - Entering env context: <rasterio.env.Env object at 0x7fc1bc04ef50>
2023-12-04 11:33:04,744 - rasterio.env - DEBUG - Starting outermost env
2023-12-04 11:33:04,744 - rasterio.env - DEBUG - No GDAL environment exists
2023-12-04 11:33:04,745 - rasterio.env - DEBUG - New GDAL environment <rasterio._env.GDALEnv object at 0x7fc1bc04eda0> created
2023-12-04 11:33:04,748 - rasterio._filepath - DEBUG - Installing FilePath filesystem handler plugin...
2023-12-04 11:33:04,748 - rasterio._env - DEBUG - GDAL data found in package: path='/home/metpublic/PYTHON_VENV/present_weather/lib/python3.10/site-packages/rasterio/gdal_data'.
2023-12-04 11:33:04,748 - rasterio._env - DEBUG - PROJ data found in package: path='/home/metpublic/PYTHON_VENV/present_weather/lib/python3.10/site-packages/rasterio/proj_data'.
2023-12-04 11:33:04,748 - rasterio._env - DEBUG - Started GDALEnv: self=<rasterio._env.GDALEnv object at 0x7fc1bc04eda0>.
2023-12-04 11:33:04,748 - rasterio.env - DEBUG - Entered env context: <rasterio.env.Env object at 0x7fc1bc04ef50>
2023-12-04 11:33:04,748 - rasterio._base - DEBUG - Sharing flag: 0
2023-12-04 11:33:04,975 - rasterio._base - DEBUG - Nodata success: 1, Nodata value: nan
2023-12-04 11:33:04,976 - rasterio._base - DEBUG - Dataset <open DatasetReader name='https://radar.bmkg.go.id/raster/radarsatelit_202312041130.tif' mode='r'> is started.
2023-12-04 11:33:04,976 - rasterio.env - DEBUG - Exiting env context: <rasterio.env.Env object at 0x7fc1bc04ef50>
2023-12-04 11:33:04,976 - rasterio.env - DEBUG - Cleared existing <rasterio._env.GDALEnv object at 0x7fc1bc04eda0> options
2023-12-04 11:33:04,976 - rasterio._env - DEBUG - Stopped GDALEnv <rasterio._env.GDALEnv object at 0x7fc1bc04eda0>.
2023-12-04 11:33:04,976 - rasterio.env - DEBUG - Exiting outermost env
2023-12-04 11:33:04,976 - rasterio.env - DEBUG - Exited env context: <rasterio.env.Env object at 0x7fc1bc04ef50>
2023-12-04 11:33:04,976 - rasterio.env - DEBUG - Entering env context: <rasterio.env.Env object at 0x7fc1bb6dc790>
2023-12-04 11:33:04,976 - rasterio.env - DEBUG - Starting outermost env
2023-12-04 11:33:04,976 - rasterio.env - DEBUG - No GDAL environment exists
2023-12-04 11:33:04,977 - rasterio.env - DEBUG - New GDAL environment <rasterio._env.GDALEnv object at 0x7fc1bc04eda0> created
2023-12-04 11:33:04,977 - rasterio._env - DEBUG - GDAL data found in package: path='/home/metpublic/PYTHON_VENV/present_weather/lib/python3.10/site-packages/rasterio/gdal_data'.
2023-12-04 11:33:04,977 - rasterio._env - DEBUG - PROJ data found in package: path='/home/metpublic/PYTHON_VENV/present_weather/lib/python3.10/site-packages/rasterio/proj_data'.
2023-12-04 11:33:04,977 - rasterio._env - DEBUG - Started GDALEnv: self=<rasterio._env.GDALEnv object at 0x7fc1bc04eda0>.
2023-12-04 11:33:04,977 - rasterio.env - DEBUG - Entered env context: <rasterio.env.Env object at 0x7fc1bb6dc790>
2023-12-04 11:33:04,978 - rasterio.env - DEBUG - Got a copy of environment <rasterio._env.GDALEnv object at 0x7fc1bc04eda0> options
2023-12-04 11:33:04,978 - rasterio.env - DEBUG - Entering env context: <rasterio.env.Env object at 0x7fc1b85e2140>
2023-12-04 11:33:04,978 - rasterio.env - DEBUG - Got a copy of environment <rasterio._env.GDALEnv object at 0x7fc1bc04eda0> options
2023-12-04 11:33:04,978 - rasterio.env - DEBUG - Entered env context: <rasterio.env.Env object at 0x7fc1b85e2140>
2023-12-04 11:33:04,978 - rasterio._base - DEBUG - Sharing flag: 0
2023-12-04 11:33:04,979 - rasterio._base - DEBUG - Nodata success: 1, Nodata value: nan
2023-12-04 11:33:04,979 - rasterio._base - DEBUG - Dataset <open DatasetReader name='https://radar.bmkg.go.id/raster/radarsatelit_202312041130.tif' mode='r'> is started.
2023-12-04 11:33:04,979 - rasterio.env - DEBUG - Exiting env context: <rasterio.env.Env object at 0x7fc1b85e2140>
2023-12-04 11:33:04,980 - rasterio.env - DEBUG - Cleared existing <rasterio._env.GDALEnv object at 0x7fc1bc04eda0> options
2023-12-04 11:33:04,980 - rasterio._env - DEBUG - Stopped GDALEnv <rasterio._env.GDALEnv object at 0x7fc1bc04eda0>.
2023-12-04 11:33:04,980 - rasterio.env - DEBUG - No GDAL environment exists
2023-12-04 11:33:04,980 - rasterio.env - DEBUG - New GDAL environment <rasterio._env.GDALEnv object at 0x7fc1bc04eda0> created
2023-12-04 11:33:04,980 - rasterio._env - DEBUG - GDAL data found in package: path='/home/metpublic/PYTHON_VENV/present_weather/lib/python3.10/site-packages/rasterio/gdal_data'.
2023-12-04 11:33:04,980 - rasterio._env - DEBUG - PROJ data found in package: path='/home/metpublic/PYTHON_VENV/present_weather/lib/python3.10/site-packages/rasterio/proj_data'.
2023-12-04 11:33:04,980 - rasterio._env - DEBUG - Started GDALEnv: self=<rasterio._env.GDALEnv object at 0x7fc1bc04eda0>.
2023-12-04 11:33:04,980 - rasterio.env - DEBUG - Exited env context: <rasterio.env.Env object at 0x7fc1b85e2140>
2023-12-04 11:33:04,997 - rasterio._io - DEBUG - Output nodata value read from file: nan
2023-12-04 11:33:04,998 - rasterio._io - DEBUG - Output nodata values: [nan]
2023-12-04 11:33:04,998 - rasterio._io - DEBUG - all_valid: False
2023-12-04 11:33:04,998 - rasterio._io - DEBUG - mask_flags: ([<MaskFlags.nodata: 8>],)
2023-12-04 11:33:04,998 - rasterio._io - DEBUG - Jump straight to _read()
2023-12-04 11:33:04,998 - rasterio._io - DEBUG - Window: Window(col_off=0, row_off=0, width=10215, height=3792)
2023-12-04 11:33:04,999 - rasterio._io - DEBUG - IO window xoff=0.0 yoff=0.0 width=10215.0 height=3792.0
2023-12-04 11:33:05,620 - rasterio.env - DEBUG - Exiting env context: <rasterio.env.Env object at 0x7fc1bb6dc790>
2023-12-04 11:33:05,621 - rasterio.env - DEBUG - Cleared existing <rasterio._env.GDALEnv object at 0x7fc1bc04eda0> options
2023-12-04 11:33:05,621 - rasterio._env - DEBUG - Stopped GDALEnv <rasterio._env.GDALEnv object at 0x7fc1bc04eda0>.
2023-12-04 11:33:05,621 - rasterio.env - DEBUG - Exiting outermost env
2023-12-04 11:33:05,621 - rasterio.env - DEBUG - Exited env context: <rasterio.env.Env object at 0x7fc1bb6dc790>
2023-12-04 11:39:36,739 - root - INFO - Total elapsed time: 0:06:33.574389
