2023-12-19 19:23:02,344 - root - INFO - Initiating present weather
2023-12-19 19:23:02,345 - asyncio - DEBUG - Using selector: EpollSelector
2023-12-19 19:23:04,053 - urllib3.connectionpool - DEBUG - Starting new HTTPS connection (1): radar.bmkg.go.id:8060
2023-12-19 19:23:04,132 - urllib3.connectionpool - DEBUG - https://radar.bmkg.go.id:8060 "GET /getLatestLD?typeData=1 HTTP/1.1" 200 62
2023-12-19 19:23:04,134 - urllib3.connectionpool - DEBUG - Starting new HTTPS connection (1): radar.bmkg.go.id:8060
2023-12-19 19:23:04,151 - urllib3.connectionpool - DEBUG - https://radar.bmkg.go.id:8060 "GET /getRadarGeotif?token=19387e71e78522ae4172ec0fda640983b8438c9cfa0ca571623cb69d8327&radar=amandemenForecast&type=latest HTTP/1.1" 200 90
2023-12-19 19:23:04,152 - rasterio.env - DEBUG - Entering env context: <rasterio.env.Env object at 0x7f92174d7670>
2023-12-19 19:23:04,152 - rasterio.env - DEBUG - Starting outermost env
2023-12-19 19:23:04,152 - rasterio.env - DEBUG - No GDAL environment exists
2023-12-19 19:23:04,153 - rasterio.env - DEBUG - New GDAL environment <rasterio._env.GDALEnv object at 0x7f92174d7970> created
2023-12-19 19:23:04,155 - rasterio._filepath - DEBUG - Installing FilePath filesystem handler plugin...
2023-12-19 19:23:04,155 - rasterio._env - DEBUG - GDAL data found in package: path='/home/metpublic/PYTHON_VENV/present_weather/lib/python3.10/site-packages/rasterio/gdal_data'.
2023-12-19 19:23:04,156 - rasterio._env - DEBUG - PROJ data found in package: path='/home/metpublic/PYTHON_VENV/present_weather/lib/python3.10/site-packages/rasterio/proj_data'.
2023-12-19 19:23:04,156 - rasterio._env - DEBUG - Started GDALEnv: self=<rasterio._env.GDALEnv object at 0x7f92174d7970>.
2023-12-19 19:23:04,156 - rasterio.env - DEBUG - Entered env context: <rasterio.env.Env object at 0x7f92174d7670>
2023-12-19 19:23:04,156 - rasterio._base - DEBUG - Sharing flag: 0
2023-12-19 19:23:04,497 - rasterio._base - DEBUG - Nodata success: 1, Nodata value: nan
2023-12-19 19:23:04,498 - rasterio._base - DEBUG - Dataset <open DatasetReader name='https://radar.bmkg.go.id/raster/radarsatelit_202312191920.tif' mode='r'> is started.
2023-12-19 19:23:04,499 - rasterio.env - DEBUG - Exiting env context: <rasterio.env.Env object at 0x7f92174d7670>
2023-12-19 19:23:04,499 - rasterio.env - DEBUG - Cleared existing <rasterio._env.GDALEnv object at 0x7f92174d7970> options
2023-12-19 19:23:04,499 - rasterio._env - DEBUG - Stopped GDALEnv <rasterio._env.GDALEnv object at 0x7f92174d7970>.
2023-12-19 19:23:04,499 - rasterio.env - DEBUG - Exiting outermost env
2023-12-19 19:23:04,499 - rasterio.env - DEBUG - Exited env context: <rasterio.env.Env object at 0x7f92174d7670>
2023-12-19 19:23:04,499 - rasterio.env - DEBUG - Entering env context: <rasterio.env.Env object at 0x7f9216b551b0>
2023-12-19 19:23:04,499 - rasterio.env - DEBUG - Starting outermost env
2023-12-19 19:23:04,499 - rasterio.env - DEBUG - No GDAL environment exists
2023-12-19 19:23:04,499 - rasterio.env - DEBUG - New GDAL environment <rasterio._env.GDALEnv object at 0x7f92174d7970> created
2023-12-19 19:23:04,500 - rasterio._env - DEBUG - GDAL data found in package: path='/home/metpublic/PYTHON_VENV/present_weather/lib/python3.10/site-packages/rasterio/gdal_data'.
2023-12-19 19:23:04,500 - rasterio._env - DEBUG - PROJ data found in package: path='/home/metpublic/PYTHON_VENV/present_weather/lib/python3.10/site-packages/rasterio/proj_data'.
2023-12-19 19:23:04,500 - rasterio._env - DEBUG - Started GDALEnv: self=<rasterio._env.GDALEnv object at 0x7f92174d7970>.
2023-12-19 19:23:04,500 - rasterio.env - DEBUG - Entered env context: <rasterio.env.Env object at 0x7f9216b551b0>
2023-12-19 19:23:04,500 - rasterio.env - DEBUG - Got a copy of environment <rasterio._env.GDALEnv object at 0x7f92174d7970> options
2023-12-19 19:23:04,500 - rasterio.env - DEBUG - Entering env context: <rasterio.env.Env object at 0x7f9214253dc0>
2023-12-19 19:23:04,501 - rasterio.env - DEBUG - Got a copy of environment <rasterio._env.GDALEnv object at 0x7f92174d7970> options
2023-12-19 19:23:04,501 - rasterio.env - DEBUG - Entered env context: <rasterio.env.Env object at 0x7f9214253dc0>
2023-12-19 19:23:04,501 - rasterio._base - DEBUG - Sharing flag: 0
2023-12-19 19:23:04,502 - rasterio._base - DEBUG - Nodata success: 1, Nodata value: nan
2023-12-19 19:23:04,503 - rasterio._base - DEBUG - Dataset <open DatasetReader name='https://radar.bmkg.go.id/raster/radarsatelit_202312191920.tif' mode='r'> is started.
2023-12-19 19:23:04,503 - rasterio.env - DEBUG - Exiting env context: <rasterio.env.Env object at 0x7f9214253dc0>
2023-12-19 19:23:04,503 - rasterio.env - DEBUG - Cleared existing <rasterio._env.GDALEnv object at 0x7f92174d7970> options
2023-12-19 19:23:04,503 - rasterio._env - DEBUG - Stopped GDALEnv <rasterio._env.GDALEnv object at 0x7f92174d7970>.
2023-12-19 19:23:04,503 - rasterio.env - DEBUG - No GDAL environment exists
2023-12-19 19:23:04,503 - rasterio.env - DEBUG - New GDAL environment <rasterio._env.GDALEnv object at 0x7f92174d7970> created
2023-12-19 19:23:04,504 - rasterio._env - DEBUG - GDAL data found in package: path='/home/metpublic/PYTHON_VENV/present_weather/lib/python3.10/site-packages/rasterio/gdal_data'.
2023-12-19 19:23:04,504 - rasterio._env - DEBUG - PROJ data found in package: path='/home/metpublic/PYTHON_VENV/present_weather/lib/python3.10/site-packages/rasterio/proj_data'.
2023-12-19 19:23:04,504 - rasterio._env - DEBUG - Started GDALEnv: self=<rasterio._env.GDALEnv object at 0x7f92174d7970>.
2023-12-19 19:23:04,504 - rasterio.env - DEBUG - Exited env context: <rasterio.env.Env object at 0x7f9214253dc0>
2023-12-19 19:23:04,521 - rasterio._io - DEBUG - Output nodata value read from file: nan
2023-12-19 19:23:04,522 - rasterio._io - DEBUG - Output nodata values: [nan]
2023-12-19 19:23:04,522 - rasterio._io - DEBUG - all_valid: False
2023-12-19 19:23:04,522 - rasterio._io - DEBUG - mask_flags: ([<MaskFlags.nodata: 8>],)
2023-12-19 19:23:04,522 - rasterio._io - DEBUG - Jump straight to _read()
2023-12-19 19:23:04,522 - rasterio._io - DEBUG - Window: Window(col_off=0, row_off=0, width=10215, height=3792)
2023-12-19 19:23:04,522 - rasterio._io - DEBUG - IO window xoff=0.0 yoff=0.0 width=10215.0 height=3792.0
2023-12-19 19:23:05,051 - rasterio.env - DEBUG - Exiting env context: <rasterio.env.Env object at 0x7f9216b551b0>
2023-12-19 19:23:05,051 - rasterio.env - DEBUG - Cleared existing <rasterio._env.GDALEnv object at 0x7f92174d7970> options
2023-12-19 19:23:05,051 - rasterio._env - DEBUG - Stopped GDALEnv <rasterio._env.GDALEnv object at 0x7f92174d7970>.
2023-12-19 19:23:05,051 - rasterio.env - DEBUG - Exiting outermost env
2023-12-19 19:23:05,051 - rasterio.env - DEBUG - Exited env context: <rasterio.env.Env object at 0x7f9216b551b0>
2023-12-19 19:29:40,435 - root - INFO - Total elapsed time: 0:06:38.091968
