2023-11-15 01:20:03,145 - root - INFO - Initiating present weather
2023-11-15 01:20:03,149 - urllib3.connectionpool - DEBUG - Starting new HTTPS connection (1): radar.bmkg.go.id:8060
2023-11-15 01:20:03,222 - urllib3.connectionpool - DEBUG - https://radar.bmkg.go.id:8060 "GET /getRadarGeotif?token=19387e71e78522ae4172ec0fda640983b8438c9cfa0ca571623cb69d8327&radar=amandemenForecast&type=latest HTTP/1.1" 200 90
2023-11-15 01:20:03,224 - rasterio.env - DEBUG - Entering env context: <rasterio.env.Env object at 0x7fb42cab4ce0>
2023-11-15 01:20:03,225 - rasterio.env - DEBUG - Starting outermost env
2023-11-15 01:20:03,225 - rasterio.env - DEBUG - No GDAL environment exists
2023-11-15 01:20:03,226 - rasterio.env - DEBUG - New GDAL environment <rasterio._env.GDALEnv object at 0x7fb42c99fc70> created
2023-11-15 01:20:03,230 - rasterio._filepath - DEBUG - Installing FilePath filesystem handler plugin...
2023-11-15 01:20:03,230 - rasterio._env - DEBUG - GDAL data found in package: path='/home/swx/miniconda3/envs/present_weather/lib/python3.12/site-packages/rasterio/gdal_data'.
2023-11-15 01:20:03,230 - rasterio._env - DEBUG - PROJ_LIB found in environment.
2023-11-15 01:20:03,231 - rasterio._env - DEBUG - Started GDALEnv: self=<rasterio._env.GDALEnv object at 0x7fb42c99fc70>.
2023-11-15 01:20:03,231 - rasterio.env - DEBUG - Entered env context: <rasterio.env.Env object at 0x7fb42cab4ce0>
2023-11-15 01:20:03,231 - rasterio._base - DEBUG - Sharing flag: 0
2023-11-15 01:20:03,451 - rasterio._base - DEBUG - Nodata success: 1, Nodata value: nan
2023-11-15 01:20:03,452 - rasterio._base - DEBUG - Dataset <open DatasetReader name='https://radar.bmkg.go.id/raster/radarsatelit_202311150110.tif' mode='r'> is started.
2023-11-15 01:20:03,452 - rasterio.env - DEBUG - Exiting env context: <rasterio.env.Env object at 0x7fb42cab4ce0>
2023-11-15 01:20:03,453 - rasterio.env - DEBUG - Cleared existing <rasterio._env.GDALEnv object at 0x7fb42c99fc70> options
2023-11-15 01:20:03,453 - rasterio._env - DEBUG - Stopped GDALEnv <rasterio._env.GDALEnv object at 0x7fb42c99fc70>.
2023-11-15 01:20:03,453 - rasterio.env - DEBUG - Exiting outermost env
2023-11-15 01:20:03,453 - rasterio.env - DEBUG - Exited env context: <rasterio.env.Env object at 0x7fb42cab4ce0>
2023-11-15 01:20:03,453 - rasterio.env - DEBUG - Entering env context: <rasterio.env.Env object at 0x7fb42c82e8a0>
2023-11-15 01:20:03,453 - rasterio.env - DEBUG - Starting outermost env
2023-11-15 01:20:03,453 - rasterio.env - DEBUG - No GDAL environment exists
2023-11-15 01:20:03,453 - rasterio.env - DEBUG - New GDAL environment <rasterio._env.GDALEnv object at 0x7fb42c99fc70> created
2023-11-15 01:20:03,454 - rasterio._env - DEBUG - GDAL data found in package: path='/home/swx/miniconda3/envs/present_weather/lib/python3.12/site-packages/rasterio/gdal_data'.
2023-11-15 01:20:03,454 - rasterio._env - DEBUG - PROJ_LIB found in environment.
2023-11-15 01:20:03,454 - rasterio._env - DEBUG - Started GDALEnv: self=<rasterio._env.GDALEnv object at 0x7fb42c99fc70>.
2023-11-15 01:20:03,454 - rasterio.env - DEBUG - Entered env context: <rasterio.env.Env object at 0x7fb42c82e8a0>
2023-11-15 01:20:03,455 - rasterio.env - DEBUG - Got a copy of environment <rasterio._env.GDALEnv object at 0x7fb42c99fc70> options
2023-11-15 01:20:03,455 - rasterio.env - DEBUG - Entering env context: <rasterio.env.Env object at 0x7fb42c75fe00>
2023-11-15 01:20:03,455 - rasterio.env - DEBUG - Got a copy of environment <rasterio._env.GDALEnv object at 0x7fb42c99fc70> options
2023-11-15 01:20:03,456 - rasterio.env - DEBUG - Entered env context: <rasterio.env.Env object at 0x7fb42c75fe00>
2023-11-15 01:20:03,456 - rasterio._base - DEBUG - Sharing flag: 0
2023-11-15 01:20:03,457 - rasterio._base - DEBUG - Nodata success: 1, Nodata value: nan
2023-11-15 01:20:03,457 - rasterio._base - DEBUG - Dataset <open DatasetReader name='https://radar.bmkg.go.id/raster/radarsatelit_202311150110.tif' mode='r'> is started.
2023-11-15 01:20:03,457 - rasterio.env - DEBUG - Exiting env context: <rasterio.env.Env object at 0x7fb42c75fe00>
2023-11-15 01:20:03,457 - rasterio.env - DEBUG - Cleared existing <rasterio._env.GDALEnv object at 0x7fb42c99fc70> options
2023-11-15 01:20:03,457 - rasterio._env - DEBUG - Stopped GDALEnv <rasterio._env.GDALEnv object at 0x7fb42c99fc70>.
2023-11-15 01:20:03,457 - rasterio.env - DEBUG - No GDAL environment exists
2023-11-15 01:20:03,457 - rasterio.env - DEBUG - New GDAL environment <rasterio._env.GDALEnv object at 0x7fb42c99fc70> created
2023-11-15 01:20:03,458 - rasterio._env - DEBUG - GDAL data found in package: path='/home/swx/miniconda3/envs/present_weather/lib/python3.12/site-packages/rasterio/gdal_data'.
2023-11-15 01:20:03,458 - rasterio._env - DEBUG - PROJ_LIB found in environment.
2023-11-15 01:20:03,458 - rasterio._env - DEBUG - Started GDALEnv: self=<rasterio._env.GDALEnv object at 0x7fb42c99fc70>.
2023-11-15 01:20:03,458 - rasterio.env - DEBUG - Exited env context: <rasterio.env.Env object at 0x7fb42c75fe00>
2023-11-15 01:20:03,489 - rasterio._io - DEBUG - Output nodata value read from file: nan
2023-11-15 01:20:03,489 - rasterio._io - DEBUG - Output nodata values: [nan]
2023-11-15 01:20:03,490 - rasterio._io - DEBUG - all_valid: False
2023-11-15 01:20:03,490 - rasterio._io - DEBUG - mask_flags: ([<MaskFlags.nodata: 8>],)
2023-11-15 01:20:03,490 - rasterio._io - DEBUG - Jump straight to _read()
2023-11-15 01:20:03,490 - rasterio._io - DEBUG - Window: Window(col_off=0, row_off=0, width=10215, height=3792)
2023-11-15 01:20:03,491 - rasterio._io - DEBUG - IO window xoff=0.0 yoff=0.0 width=10215.0 height=3792.0
2023-11-15 01:20:04,128 - rasterio.env - DEBUG - Exiting env context: <rasterio.env.Env object at 0x7fb42c82e8a0>
2023-11-15 01:20:04,128 - rasterio.env - DEBUG - Cleared existing <rasterio._env.GDALEnv object at 0x7fb42c99fc70> options
2023-11-15 01:20:04,128 - rasterio._env - DEBUG - Stopped GDALEnv <rasterio._env.GDALEnv object at 0x7fb42c99fc70>.
2023-11-15 01:20:04,128 - rasterio.env - DEBUG - Exiting outermost env
2023-11-15 01:20:04,128 - rasterio.env - DEBUG - Exited env context: <rasterio.env.Env object at 0x7fb42c82e8a0>
2023-11-15 01:20:04,130 - urllib3.connectionpool - DEBUG - Starting new HTTPS connection (1): radar.bmkg.go.id:8060
2023-11-15 01:20:09,194 - urllib3.connectionpool - DEBUG - https://radar.bmkg.go.id:8060 "GET /getLatestLD?typeData=1 HTTP/1.1" 200 15416
2023-11-15 01:20:09,212 - asyncio - DEBUG - Using selector: EpollSelector
2023-11-15 01:20:15,929 - root - INFO - dask.bag<lambda, npartitions=34>
2023-11-15 01:39:34,613 - root - INFO - Total elapsed time: 0:19:31.469252
