2023-12-23 15:03:03,207 - root - INFO - Initiating present weather
2023-12-23 15:03:03,209 - asyncio - DEBUG - Using selector: EpollSelector
2023-12-23 15:03:05,192 - urllib3.connectionpool - DEBUG - Starting new HTTPS connection (1): radar.bmkg.go.id:8060
2023-12-23 15:03:05,217 - urllib3.connectionpool - DEBUG - https://radar.bmkg.go.id:8060 "GET /getLatestLD?typeData=1 HTTP/1.1" 200 62
2023-12-23 15:03:05,219 - urllib3.connectionpool - DEBUG - Starting new HTTPS connection (1): radar.bmkg.go.id:8060
2023-12-23 15:03:05,238 - urllib3.connectionpool - DEBUG - https://radar.bmkg.go.id:8060 "GET /getRadarGeotif?token=19387e71e78522ae4172ec0fda640983b8438c9cfa0ca571623cb69d8327&radar=amandemenForecast&type=latest HTTP/1.1" 200 90
2023-12-23 15:03:05,239 - rasterio.env - DEBUG - Entering env context: <rasterio.env.Env object at 0x7f11c0a5d390>
2023-12-23 15:03:05,240 - rasterio.env - DEBUG - Starting outermost env
2023-12-23 15:03:05,240 - rasterio.env - DEBUG - No GDAL environment exists
2023-12-23 15:03:05,240 - rasterio.env - DEBUG - New GDAL environment <rasterio._env.GDALEnv object at 0x7f11c0a5d570> created
2023-12-23 15:03:05,243 - rasterio._filepath - DEBUG - Installing FilePath filesystem handler plugin...
2023-12-23 15:03:05,243 - rasterio._env - DEBUG - GDAL data found in package: path='/home/metpublic/PYTHON_VENV/present_weather/lib/python3.10/site-packages/rasterio/gdal_data'.
2023-12-23 15:03:05,243 - rasterio._env - DEBUG - PROJ data found in package: path='/home/metpublic/PYTHON_VENV/present_weather/lib/python3.10/site-packages/rasterio/proj_data'.
2023-12-23 15:03:05,243 - rasterio._env - DEBUG - Started GDALEnv: self=<rasterio._env.GDALEnv object at 0x7f11c0a5d570>.
2023-12-23 15:03:05,244 - rasterio.env - DEBUG - Entered env context: <rasterio.env.Env object at 0x7f11c0a5d390>
2023-12-23 15:03:05,244 - rasterio._base - DEBUG - Sharing flag: 0
2023-12-23 15:03:05,589 - rasterio._base - DEBUG - Nodata success: 1, Nodata value: nan
2023-12-23 15:03:05,590 - rasterio._base - DEBUG - Dataset <open DatasetReader name='https://radar.bmkg.go.id/raster/radarsatelit_202312231500.tif' mode='r'> is started.
2023-12-23 15:03:05,591 - rasterio.env - DEBUG - Exiting env context: <rasterio.env.Env object at 0x7f11c0a5d390>
2023-12-23 15:03:05,591 - rasterio.env - DEBUG - Cleared existing <rasterio._env.GDALEnv object at 0x7f11c0a5d570> options
2023-12-23 15:03:05,591 - rasterio._env - DEBUG - Stopped GDALEnv <rasterio._env.GDALEnv object at 0x7f11c0a5d570>.
2023-12-23 15:03:05,591 - rasterio.env - DEBUG - Exiting outermost env
2023-12-23 15:03:05,591 - rasterio.env - DEBUG - Exited env context: <rasterio.env.Env object at 0x7f11c0a5d390>
2023-12-23 15:03:05,591 - rasterio.env - DEBUG - Entering env context: <rasterio.env.Env object at 0x7f11c0a14670>
2023-12-23 15:03:05,591 - rasterio.env - DEBUG - Starting outermost env
2023-12-23 15:03:05,591 - rasterio.env - DEBUG - No GDAL environment exists
2023-12-23 15:03:05,591 - rasterio.env - DEBUG - New GDAL environment <rasterio._env.GDALEnv object at 0x7f11c0a5d570> created
2023-12-23 15:03:05,592 - rasterio._env - DEBUG - GDAL data found in package: path='/home/metpublic/PYTHON_VENV/present_weather/lib/python3.10/site-packages/rasterio/gdal_data'.
2023-12-23 15:03:05,592 - rasterio._env - DEBUG - PROJ data found in package: path='/home/metpublic/PYTHON_VENV/present_weather/lib/python3.10/site-packages/rasterio/proj_data'.
2023-12-23 15:03:05,592 - rasterio._env - DEBUG - Started GDALEnv: self=<rasterio._env.GDALEnv object at 0x7f11c0a5d570>.
2023-12-23 15:03:05,592 - rasterio.env - DEBUG - Entered env context: <rasterio.env.Env object at 0x7f11c0a14670>
2023-12-23 15:03:05,593 - rasterio.env - DEBUG - Got a copy of environment <rasterio._env.GDALEnv object at 0x7f11c0a5d570> options
2023-12-23 15:03:05,593 - rasterio.env - DEBUG - Entering env context: <rasterio.env.Env object at 0x7f11b8747100>
2023-12-23 15:03:05,593 - rasterio.env - DEBUG - Got a copy of environment <rasterio._env.GDALEnv object at 0x7f11c0a5d570> options
2023-12-23 15:03:05,593 - rasterio.env - DEBUG - Entered env context: <rasterio.env.Env object at 0x7f11b8747100>
2023-12-23 15:03:05,593 - rasterio._base - DEBUG - Sharing flag: 0
2023-12-23 15:03:05,594 - rasterio._base - DEBUG - Nodata success: 1, Nodata value: nan
2023-12-23 15:03:05,594 - rasterio._base - DEBUG - Dataset <open DatasetReader name='https://radar.bmkg.go.id/raster/radarsatelit_202312231500.tif' mode='r'> is started.
2023-12-23 15:03:05,594 - rasterio.env - DEBUG - Exiting env context: <rasterio.env.Env object at 0x7f11b8747100>
2023-12-23 15:03:05,595 - rasterio.env - DEBUG - Cleared existing <rasterio._env.GDALEnv object at 0x7f11c0a5d570> options
2023-12-23 15:03:05,595 - rasterio._env - DEBUG - Stopped GDALEnv <rasterio._env.GDALEnv object at 0x7f11c0a5d570>.
2023-12-23 15:03:05,595 - rasterio.env - DEBUG - No GDAL environment exists
2023-12-23 15:03:05,595 - rasterio.env - DEBUG - New GDAL environment <rasterio._env.GDALEnv object at 0x7f11c0a5d570> created
2023-12-23 15:03:05,595 - rasterio._env - DEBUG - GDAL data found in package: path='/home/metpublic/PYTHON_VENV/present_weather/lib/python3.10/site-packages/rasterio/gdal_data'.
2023-12-23 15:03:05,595 - rasterio._env - DEBUG - PROJ data found in package: path='/home/metpublic/PYTHON_VENV/present_weather/lib/python3.10/site-packages/rasterio/proj_data'.
2023-12-23 15:03:05,596 - rasterio._env - DEBUG - Started GDALEnv: self=<rasterio._env.GDALEnv object at 0x7f11c0a5d570>.
2023-12-23 15:03:05,596 - rasterio.env - DEBUG - Exited env context: <rasterio.env.Env object at 0x7f11b8747100>
2023-12-23 15:03:05,612 - rasterio._io - DEBUG - Output nodata value read from file: nan
2023-12-23 15:03:05,612 - rasterio._io - DEBUG - Output nodata values: [nan]
2023-12-23 15:03:05,613 - rasterio._io - DEBUG - all_valid: False
2023-12-23 15:03:05,613 - rasterio._io - DEBUG - mask_flags: ([<MaskFlags.nodata: 8>],)
2023-12-23 15:03:05,613 - rasterio._io - DEBUG - Jump straight to _read()
2023-12-23 15:03:05,613 - rasterio._io - DEBUG - Window: Window(col_off=0, row_off=0, width=10215, height=3792)
2023-12-23 15:03:05,613 - rasterio._io - DEBUG - IO window xoff=0.0 yoff=0.0 width=10215.0 height=3792.0
2023-12-23 15:03:06,177 - rasterio.env - DEBUG - Exiting env context: <rasterio.env.Env object at 0x7f11c0a14670>
2023-12-23 15:03:06,178 - rasterio.env - DEBUG - Cleared existing <rasterio._env.GDALEnv object at 0x7f11c0a5d570> options
2023-12-23 15:03:06,178 - rasterio._env - DEBUG - Stopped GDALEnv <rasterio._env.GDALEnv object at 0x7f11c0a5d570>.
2023-12-23 15:03:06,178 - rasterio.env - DEBUG - Exiting outermost env
2023-12-23 15:03:06,178 - rasterio.env - DEBUG - Exited env context: <rasterio.env.Env object at 0x7f11c0a14670>
2023-12-23 15:09:40,153 - root - INFO - Total elapsed time: 0:06:36.946108
