2023-12-10 17:23:02,980 - root - INFO - Initiating present weather
2023-12-10 17:23:02,982 - asyncio - DEBUG - Using selector: EpollSelector
2023-12-10 17:23:04,536 - urllib3.connectionpool - DEBUG - Starting new HTTPS connection (1): radar.bmkg.go.id:8060
2023-12-10 17:23:04,549 - urllib3.connectionpool - DEBUG - https://radar.bmkg.go.id:8060 "GET /getLatestLD?typeData=1 HTTP/1.1" 200 62
2023-12-10 17:23:04,551 - urllib3.connectionpool - DEBUG - Starting new HTTPS connection (1): radar.bmkg.go.id:8060
2023-12-10 17:23:04,574 - urllib3.connectionpool - DEBUG - https://radar.bmkg.go.id:8060 "GET /getRadarGeotif?token=19387e71e78522ae4172ec0fda640983b8438c9cfa0ca571623cb69d8327&radar=amandemenForecast&type=latest HTTP/1.1" 200 90
2023-12-10 17:23:04,575 - rasterio.env - DEBUG - Entering env context: <rasterio.env.Env object at 0x7f93e22a3b80>
2023-12-10 17:23:04,575 - rasterio.env - DEBUG - Starting outermost env
2023-12-10 17:23:04,575 - rasterio.env - DEBUG - No GDAL environment exists
2023-12-10 17:23:04,576 - rasterio.env - DEBUG - New GDAL environment <rasterio._env.GDALEnv object at 0x7f93e22a08b0> created
2023-12-10 17:23:04,578 - rasterio._filepath - DEBUG - Installing FilePath filesystem handler plugin...
2023-12-10 17:23:04,578 - rasterio._env - DEBUG - GDAL data found in package: path='/home/metpublic/PYTHON_VENV/present_weather/lib/python3.10/site-packages/rasterio/gdal_data'.
2023-12-10 17:23:04,578 - rasterio._env - DEBUG - PROJ data found in package: path='/home/metpublic/PYTHON_VENV/present_weather/lib/python3.10/site-packages/rasterio/proj_data'.
2023-12-10 17:23:04,578 - rasterio._env - DEBUG - Started GDALEnv: self=<rasterio._env.GDALEnv object at 0x7f93e22a08b0>.
2023-12-10 17:23:04,578 - rasterio.env - DEBUG - Entered env context: <rasterio.env.Env object at 0x7f93e22a3b80>
2023-12-10 17:23:04,579 - rasterio._base - DEBUG - Sharing flag: 0
2023-12-10 17:23:04,841 - rasterio._base - DEBUG - Nodata success: 1, Nodata value: nan
2023-12-10 17:23:04,841 - rasterio._base - DEBUG - Dataset <open DatasetReader name='https://radar.bmkg.go.id/raster/radarsatelit_202312101720.tif' mode='r'> is started.
2023-12-10 17:23:04,841 - rasterio.env - DEBUG - Exiting env context: <rasterio.env.Env object at 0x7f93e22a3b80>
2023-12-10 17:23:04,842 - rasterio.env - DEBUG - Cleared existing <rasterio._env.GDALEnv object at 0x7f93e22a08b0> options
2023-12-10 17:23:04,842 - rasterio._env - DEBUG - Stopped GDALEnv <rasterio._env.GDALEnv object at 0x7f93e22a08b0>.
2023-12-10 17:23:04,842 - rasterio.env - DEBUG - Exiting outermost env
2023-12-10 17:23:04,842 - rasterio.env - DEBUG - Exited env context: <rasterio.env.Env object at 0x7f93e22a3b80>
2023-12-10 17:23:04,842 - rasterio.env - DEBUG - Entering env context: <rasterio.env.Env object at 0x7f93e2260af0>
2023-12-10 17:23:04,842 - rasterio.env - DEBUG - Starting outermost env
2023-12-10 17:23:04,842 - rasterio.env - DEBUG - No GDAL environment exists
2023-12-10 17:23:04,842 - rasterio.env - DEBUG - New GDAL environment <rasterio._env.GDALEnv object at 0x7f93e22a08b0> created
2023-12-10 17:23:04,843 - rasterio._env - DEBUG - GDAL data found in package: path='/home/metpublic/PYTHON_VENV/present_weather/lib/python3.10/site-packages/rasterio/gdal_data'.
2023-12-10 17:23:04,843 - rasterio._env - DEBUG - PROJ data found in package: path='/home/metpublic/PYTHON_VENV/present_weather/lib/python3.10/site-packages/rasterio/proj_data'.
2023-12-10 17:23:04,843 - rasterio._env - DEBUG - Started GDALEnv: self=<rasterio._env.GDALEnv object at 0x7f93e22a08b0>.
2023-12-10 17:23:04,843 - rasterio.env - DEBUG - Entered env context: <rasterio.env.Env object at 0x7f93e2260af0>
2023-12-10 17:23:04,843 - rasterio.env - DEBUG - Got a copy of environment <rasterio._env.GDALEnv object at 0x7f93e22a08b0> options
2023-12-10 17:23:04,843 - rasterio.env - DEBUG - Entering env context: <rasterio.env.Env object at 0x7f93e01661d0>
2023-12-10 17:23:04,843 - rasterio.env - DEBUG - Got a copy of environment <rasterio._env.GDALEnv object at 0x7f93e22a08b0> options
2023-12-10 17:23:04,843 - rasterio.env - DEBUG - Entered env context: <rasterio.env.Env object at 0x7f93e01661d0>
2023-12-10 17:23:04,844 - rasterio._base - DEBUG - Sharing flag: 0
2023-12-10 17:23:04,845 - rasterio._base - DEBUG - Nodata success: 1, Nodata value: nan
2023-12-10 17:23:04,845 - rasterio._base - DEBUG - Dataset <open DatasetReader name='https://radar.bmkg.go.id/raster/radarsatelit_202312101720.tif' mode='r'> is started.
2023-12-10 17:23:04,845 - rasterio.env - DEBUG - Exiting env context: <rasterio.env.Env object at 0x7f93e01661d0>
2023-12-10 17:23:04,845 - rasterio.env - DEBUG - Cleared existing <rasterio._env.GDALEnv object at 0x7f93e22a08b0> options
2023-12-10 17:23:04,845 - rasterio._env - DEBUG - Stopped GDALEnv <rasterio._env.GDALEnv object at 0x7f93e22a08b0>.
2023-12-10 17:23:04,846 - rasterio.env - DEBUG - No GDAL environment exists
2023-12-10 17:23:04,846 - rasterio.env - DEBUG - New GDAL environment <rasterio._env.GDALEnv object at 0x7f93e22a08b0> created
2023-12-10 17:23:04,846 - rasterio._env - DEBUG - GDAL data found in package: path='/home/metpublic/PYTHON_VENV/present_weather/lib/python3.10/site-packages/rasterio/gdal_data'.
2023-12-10 17:23:04,846 - rasterio._env - DEBUG - PROJ data found in package: path='/home/metpublic/PYTHON_VENV/present_weather/lib/python3.10/site-packages/rasterio/proj_data'.
2023-12-10 17:23:04,846 - rasterio._env - DEBUG - Started GDALEnv: self=<rasterio._env.GDALEnv object at 0x7f93e22a08b0>.
2023-12-10 17:23:04,846 - rasterio.env - DEBUG - Exited env context: <rasterio.env.Env object at 0x7f93e01661d0>
2023-12-10 17:23:04,863 - rasterio._io - DEBUG - Output nodata value read from file: nan
2023-12-10 17:23:04,863 - rasterio._io - DEBUG - Output nodata values: [nan]
2023-12-10 17:23:04,863 - rasterio._io - DEBUG - all_valid: False
2023-12-10 17:23:04,863 - rasterio._io - DEBUG - mask_flags: ([<MaskFlags.nodata: 8>],)
2023-12-10 17:23:04,864 - rasterio._io - DEBUG - Jump straight to _read()
2023-12-10 17:23:04,864 - rasterio._io - DEBUG - Window: Window(col_off=0, row_off=0, width=10177, height=3692)
2023-12-10 17:23:04,864 - rasterio._io - DEBUG - IO window xoff=0.0 yoff=0.0 width=10177.0 height=3692.0
2023-12-10 17:23:05,438 - rasterio.env - DEBUG - Exiting env context: <rasterio.env.Env object at 0x7f93e2260af0>
2023-12-10 17:23:05,438 - rasterio.env - DEBUG - Cleared existing <rasterio._env.GDALEnv object at 0x7f93e22a08b0> options
2023-12-10 17:23:05,438 - rasterio._env - DEBUG - Stopped GDALEnv <rasterio._env.GDALEnv object at 0x7f93e22a08b0>.
2023-12-10 17:23:05,438 - rasterio.env - DEBUG - Exiting outermost env
2023-12-10 17:23:05,438 - rasterio.env - DEBUG - Exited env context: <rasterio.env.Env object at 0x7f93e2260af0>
2023-12-10 17:27:55,259 - rasterio.env - DEBUG - Entering env context: <rasterio.env.Env object at 0x7f93e01e9ff0>
2023-12-10 17:27:55,259 - rasterio.env - DEBUG - Starting outermost env
2023-12-10 17:27:55,259 - rasterio.env - DEBUG - No GDAL environment exists
2023-12-10 17:27:55,259 - rasterio.env - DEBUG - New GDAL environment <rasterio._env.GDALEnv object at 0x7f93e01eb670> created
2023-12-10 17:27:55,260 - rasterio._env - DEBUG - GDAL data found in package: path='/home/metpublic/PYTHON_VENV/present_weather/lib/python3.10/site-packages/rasterio/gdal_data'.
2023-12-10 17:27:55,261 - rasterio._env - DEBUG - PROJ data found in package: path='/home/metpublic/PYTHON_VENV/present_weather/lib/python3.10/site-packages/rasterio/proj_data'.
2023-12-10 17:27:55,262 - rasterio._env - DEBUG - Started GDALEnv: self=<rasterio._env.GDALEnv object at 0x7f93e01eb670>.
2023-12-10 17:27:55,262 - rasterio.env - DEBUG - Entered env context: <rasterio.env.Env object at 0x7f93e01e9ff0>
2023-12-10 17:27:55,262 - rasterio._base - DEBUG - Sharing flag: 0
2023-12-10 17:27:55,264 - rasterio._base - DEBUG - Nodata success: 0, Nodata value: 0.000000
2023-12-10 17:27:55,264 - rasterio._base - DEBUG - Dataset <open DatasetReader name='/home/metpublic/TASK_RELEASE/EFAN/present_weather/src/H09_B13_Indonesia_20231210.Z1710.cor.tiff' mode='r'> is started.
2023-12-10 17:27:55,265 - rasterio.env - DEBUG - Exiting env context: <rasterio.env.Env object at 0x7f93e01e9ff0>
2023-12-10 17:27:55,265 - rasterio.env - DEBUG - Cleared existing <rasterio._env.GDALEnv object at 0x7f93e01eb670> options
2023-12-10 17:27:55,265 - rasterio._env - DEBUG - Stopped GDALEnv <rasterio._env.GDALEnv object at 0x7f93e01eb670>.
2023-12-10 17:27:55,265 - rasterio.env - DEBUG - Exiting outermost env
2023-12-10 17:27:55,265 - rasterio.env - DEBUG - Exited env context: <rasterio.env.Env object at 0x7f93e01e9ff0>
2023-12-10 17:27:55,265 - rasterio.env - DEBUG - Entering env context: <rasterio.env.Env object at 0x7f93e01e9570>
2023-12-10 17:27:55,265 - rasterio.env - DEBUG - Starting outermost env
2023-12-10 17:27:55,265 - rasterio.env - DEBUG - No GDAL environment exists
2023-12-10 17:27:55,265 - rasterio.env - DEBUG - New GDAL environment <rasterio._env.GDALEnv object at 0x7f93c87311b0> created
2023-12-10 17:27:55,266 - rasterio._env - DEBUG - GDAL data found in package: path='/home/metpublic/PYTHON_VENV/present_weather/lib/python3.10/site-packages/rasterio/gdal_data'.
2023-12-10 17:27:55,266 - rasterio._env - DEBUG - PROJ data found in package: path='/home/metpublic/PYTHON_VENV/present_weather/lib/python3.10/site-packages/rasterio/proj_data'.
2023-12-10 17:27:55,266 - rasterio._env - DEBUG - Started GDALEnv: self=<rasterio._env.GDALEnv object at 0x7f93c87311b0>.
2023-12-10 17:27:55,266 - rasterio.env - DEBUG - Entered env context: <rasterio.env.Env object at 0x7f93e01e9570>
2023-12-10 17:27:55,266 - rasterio._base - DEBUG - Sharing flag: 0
2023-12-10 17:27:55,267 - rasterio._base - DEBUG - Nodata success: 0, Nodata value: 0.000000
2023-12-10 17:27:55,268 - rasterio._base - DEBUG - Dataset <open DatasetReader name='/home/metpublic/TASK_RELEASE/EFAN/present_weather/src/H09_B13_Indonesia_20231210.Z1710.cor.tiff' mode='r'> is started.
2023-12-10 17:27:55,268 - rasterio.env - DEBUG - Exiting env context: <rasterio.env.Env object at 0x7f93e01e9570>
2023-12-10 17:27:55,268 - rasterio.env - DEBUG - Cleared existing <rasterio._env.GDALEnv object at 0x7f93c87311b0> options
2023-12-10 17:27:55,268 - rasterio._env - DEBUG - Stopped GDALEnv <rasterio._env.GDALEnv object at 0x7f93c87311b0>.
2023-12-10 17:27:55,268 - rasterio.env - DEBUG - Exiting outermost env
2023-12-10 17:27:55,268 - rasterio.env - DEBUG - Exited env context: <rasterio.env.Env object at 0x7f93e01e9570>
2023-12-10 17:27:55,280 - root - INFO - Generating present weather using SATELITE data
2023-12-10 17:29:20,341 - root - INFO - Total elapsed time: 0:06:17.361119
