2023-11-19 23:20:03,185 - root - INFO - Initiating present weather
2023-11-19 23:20:03,190 - urllib3.connectionpool - DEBUG - Starting new HTTPS connection (1): radar.bmkg.go.id:8060
2023-11-19 23:20:03,284 - urllib3.connectionpool - DEBUG - https://radar.bmkg.go.id:8060 "GET /getRadarGeotif?token=19387e71e78522ae4172ec0fda640983b8438c9cfa0ca571623cb69d8327&radar=amandemenForecast&type=latest HTTP/1.1" 200 90
2023-11-19 23:20:03,288 - rasterio.env - DEBUG - Entering env context: <rasterio.env.Env object at 0x7f9758aab0b0>
2023-11-19 23:20:03,289 - rasterio.env - DEBUG - Starting outermost env
2023-11-19 23:20:03,290 - rasterio.env - DEBUG - No GDAL environment exists
2023-11-19 23:20:03,290 - rasterio.env - DEBUG - New GDAL environment <rasterio._env.GDALEnv object at 0x7f9760f49090> created
2023-11-19 23:20:03,294 - rasterio._filepath - DEBUG - Installing FilePath filesystem handler plugin...
2023-11-19 23:20:03,294 - rasterio._env - DEBUG - GDAL data found in package: path='/home/swx/miniconda3/envs/present_weather/lib/python3.12/site-packages/rasterio/gdal_data'.
2023-11-19 23:20:03,294 - rasterio._env - DEBUG - PROJ_LIB found in environment.
2023-11-19 23:20:03,295 - rasterio._env - DEBUG - Started GDALEnv: self=<rasterio._env.GDALEnv object at 0x7f9760f49090>.
2023-11-19 23:20:03,295 - rasterio.env - DEBUG - Entered env context: <rasterio.env.Env object at 0x7f9758aab0b0>
2023-11-19 23:20:03,295 - rasterio._base - DEBUG - Sharing flag: 0
2023-11-19 23:20:03,566 - rasterio._base - DEBUG - Nodata success: 1, Nodata value: nan
2023-11-19 23:20:03,566 - rasterio._base - DEBUG - Dataset <open DatasetReader name='https://radar.bmkg.go.id/raster/radarsatelit_202311192310.tif' mode='r'> is started.
2023-11-19 23:20:03,567 - rasterio.env - DEBUG - Exiting env context: <rasterio.env.Env object at 0x7f9758aab0b0>
2023-11-19 23:20:03,567 - rasterio.env - DEBUG - Cleared existing <rasterio._env.GDALEnv object at 0x7f9760f49090> options
2023-11-19 23:20:03,567 - rasterio._env - DEBUG - Stopped GDALEnv <rasterio._env.GDALEnv object at 0x7f9760f49090>.
2023-11-19 23:20:03,567 - rasterio.env - DEBUG - Exiting outermost env
2023-11-19 23:20:03,568 - rasterio.env - DEBUG - Exited env context: <rasterio.env.Env object at 0x7f9758aab0b0>
2023-11-19 23:20:03,568 - rasterio.env - DEBUG - Entering env context: <rasterio.env.Env object at 0x7f9758aab0b0>
2023-11-19 23:20:03,568 - rasterio.env - DEBUG - Starting outermost env
2023-11-19 23:20:03,568 - rasterio.env - DEBUG - No GDAL environment exists
2023-11-19 23:20:03,568 - rasterio.env - DEBUG - New GDAL environment <rasterio._env.GDALEnv object at 0x7f9758b36f50> created
2023-11-19 23:20:03,569 - rasterio._env - DEBUG - GDAL data found in package: path='/home/swx/miniconda3/envs/present_weather/lib/python3.12/site-packages/rasterio/gdal_data'.
2023-11-19 23:20:03,569 - rasterio._env - DEBUG - PROJ_LIB found in environment.
2023-11-19 23:20:03,570 - rasterio._env - DEBUG - Started GDALEnv: self=<rasterio._env.GDALEnv object at 0x7f9758b36f50>.
2023-11-19 23:20:03,570 - rasterio.env - DEBUG - Entered env context: <rasterio.env.Env object at 0x7f9758aab0b0>
2023-11-19 23:20:03,571 - rasterio.env - DEBUG - Got a copy of environment <rasterio._env.GDALEnv object at 0x7f9758b36f50> options
2023-11-19 23:20:03,572 - rasterio.env - DEBUG - Entering env context: <rasterio.env.Env object at 0x7f9714443e00>
2023-11-19 23:20:03,572 - rasterio.env - DEBUG - Got a copy of environment <rasterio._env.GDALEnv object at 0x7f9758b36f50> options
2023-11-19 23:20:03,572 - rasterio.env - DEBUG - Entered env context: <rasterio.env.Env object at 0x7f9714443e00>
2023-11-19 23:20:03,572 - rasterio._base - DEBUG - Sharing flag: 0
2023-11-19 23:20:03,574 - rasterio._base - DEBUG - Nodata success: 1, Nodata value: nan
2023-11-19 23:20:03,574 - rasterio._base - DEBUG - Dataset <open DatasetReader name='https://radar.bmkg.go.id/raster/radarsatelit_202311192310.tif' mode='r'> is started.
2023-11-19 23:20:03,574 - rasterio.env - DEBUG - Exiting env context: <rasterio.env.Env object at 0x7f9714443e00>
2023-11-19 23:20:03,574 - rasterio.env - DEBUG - Cleared existing <rasterio._env.GDALEnv object at 0x7f9758b36f50> options
2023-11-19 23:20:03,574 - rasterio._env - DEBUG - Stopped GDALEnv <rasterio._env.GDALEnv object at 0x7f9758b36f50>.
2023-11-19 23:20:03,574 - rasterio.env - DEBUG - No GDAL environment exists
2023-11-19 23:20:03,575 - rasterio.env - DEBUG - New GDAL environment <rasterio._env.GDALEnv object at 0x7f9758b36f50> created
2023-11-19 23:20:03,575 - rasterio._env - DEBUG - GDAL data found in package: path='/home/swx/miniconda3/envs/present_weather/lib/python3.12/site-packages/rasterio/gdal_data'.
2023-11-19 23:20:03,575 - rasterio._env - DEBUG - PROJ_LIB found in environment.
2023-11-19 23:20:03,576 - rasterio._env - DEBUG - Started GDALEnv: self=<rasterio._env.GDALEnv object at 0x7f9758b36f50>.
2023-11-19 23:20:03,576 - rasterio.env - DEBUG - Exited env context: <rasterio.env.Env object at 0x7f9714443e00>
2023-11-19 23:20:03,626 - rasterio._io - DEBUG - Output nodata value read from file: nan
2023-11-19 23:20:03,626 - rasterio._io - DEBUG - Output nodata values: [nan]
2023-11-19 23:20:03,627 - rasterio._io - DEBUG - all_valid: False
2023-11-19 23:20:03,627 - rasterio._io - DEBUG - mask_flags: ([<MaskFlags.nodata: 8>],)
2023-11-19 23:20:03,628 - rasterio._io - DEBUG - Jump straight to _read()
2023-11-19 23:20:03,628 - rasterio._io - DEBUG - Window: Window(col_off=0, row_off=0, width=10215, height=3792)
2023-11-19 23:20:03,628 - rasterio._io - DEBUG - IO window xoff=0.0 yoff=0.0 width=10215.0 height=3792.0
2023-11-19 23:20:04,436 - rasterio.env - DEBUG - Exiting env context: <rasterio.env.Env object at 0x7f9758aab0b0>
2023-11-19 23:20:04,436 - rasterio.env - DEBUG - Cleared existing <rasterio._env.GDALEnv object at 0x7f9758b36f50> options
2023-11-19 23:20:04,437 - rasterio._env - DEBUG - Stopped GDALEnv <rasterio._env.GDALEnv object at 0x7f9758b36f50>.
2023-11-19 23:20:04,437 - rasterio.env - DEBUG - Exiting outermost env
2023-11-19 23:20:04,437 - rasterio.env - DEBUG - Exited env context: <rasterio.env.Env object at 0x7f9758aab0b0>
2023-11-19 23:20:04,439 - urllib3.connectionpool - DEBUG - Starting new HTTPS connection (1): radar.bmkg.go.id:8060
2023-11-19 23:20:04,543 - urllib3.connectionpool - DEBUG - https://radar.bmkg.go.id:8060 "GET /getLatestLD?typeData=1 HTTP/1.1" 200 36497
2023-11-19 23:20:04,611 - asyncio - DEBUG - Using selector: EpollSelector
2023-11-19 23:20:11,501 - root - INFO - dask.bag<lambda, npartitions=34>
2023-11-19 23:36:30,828 - root - INFO - Total elapsed time: 0:16:27.645375
