2023-12-21 15:43:02,799 - root - INFO - Initiating present weather
2023-12-21 15:43:02,801 - asyncio - DEBUG - Using selector: EpollSelector
2023-12-21 15:43:04,432 - urllib3.connectionpool - DEBUG - Starting new HTTPS connection (1): radar.bmkg.go.id:8060
2023-12-21 15:43:04,444 - urllib3.connectionpool - DEBUG - https://radar.bmkg.go.id:8060 "GET /getLatestLD?typeData=1 HTTP/1.1" 200 62
2023-12-21 15:43:04,447 - urllib3.connectionpool - DEBUG - Starting new HTTPS connection (1): radar.bmkg.go.id:8060
2023-12-21 15:43:04,466 - urllib3.connectionpool - DEBUG - https://radar.bmkg.go.id:8060 "GET /getRadarGeotif?token=19387e71e78522ae4172ec0fda640983b8438c9cfa0ca571623cb69d8327&radar=amandemenForecast&type=latest HTTP/1.1" 200 90
2023-12-21 15:43:04,466 - rasterio.env - DEBUG - Entering env context: <rasterio.env.Env object at 0x7fceeeb8fa00>
2023-12-21 15:43:04,467 - rasterio.env - DEBUG - Starting outermost env
2023-12-21 15:43:04,467 - rasterio.env - DEBUG - No GDAL environment exists
2023-12-21 15:43:04,467 - rasterio.env - DEBUG - New GDAL environment <rasterio._env.GDALEnv object at 0x7fceeeb8e6b0> created
2023-12-21 15:43:04,470 - rasterio._filepath - DEBUG - Installing FilePath filesystem handler plugin...
2023-12-21 15:43:04,470 - rasterio._env - DEBUG - GDAL data found in package: path='/home/metpublic/PYTHON_VENV/present_weather/lib/python3.10/site-packages/rasterio/gdal_data'.
2023-12-21 15:43:04,470 - rasterio._env - DEBUG - PROJ data found in package: path='/home/metpublic/PYTHON_VENV/present_weather/lib/python3.10/site-packages/rasterio/proj_data'.
2023-12-21 15:43:04,471 - rasterio._env - DEBUG - Started GDALEnv: self=<rasterio._env.GDALEnv object at 0x7fceeeb8e6b0>.
2023-12-21 15:43:04,471 - rasterio.env - DEBUG - Entered env context: <rasterio.env.Env object at 0x7fceeeb8fa00>
2023-12-21 15:43:04,471 - rasterio._base - DEBUG - Sharing flag: 0
2023-12-21 15:43:04,806 - rasterio._base - DEBUG - Nodata success: 1, Nodata value: nan
2023-12-21 15:43:04,806 - rasterio._base - DEBUG - Dataset <open DatasetReader name='https://radar.bmkg.go.id/raster/radarsatelit_202312211540.tif' mode='r'> is started.
2023-12-21 15:43:04,807 - rasterio.env - DEBUG - Exiting env context: <rasterio.env.Env object at 0x7fceeeb8fa00>
2023-12-21 15:43:04,807 - rasterio.env - DEBUG - Cleared existing <rasterio._env.GDALEnv object at 0x7fceeeb8e6b0> options
2023-12-21 15:43:04,807 - rasterio._env - DEBUG - Stopped GDALEnv <rasterio._env.GDALEnv object at 0x7fceeeb8e6b0>.
2023-12-21 15:43:04,807 - rasterio.env - DEBUG - Exiting outermost env
2023-12-21 15:43:04,807 - rasterio.env - DEBUG - Exited env context: <rasterio.env.Env object at 0x7fceeeb8fa00>
2023-12-21 15:43:04,807 - rasterio.env - DEBUG - Entering env context: <rasterio.env.Env object at 0x7fceee209840>
2023-12-21 15:43:04,807 - rasterio.env - DEBUG - Starting outermost env
2023-12-21 15:43:04,807 - rasterio.env - DEBUG - No GDAL environment exists
2023-12-21 15:43:04,807 - rasterio.env - DEBUG - New GDAL environment <rasterio._env.GDALEnv object at 0x7fceeeb8e6b0> created
2023-12-21 15:43:04,808 - rasterio._env - DEBUG - GDAL data found in package: path='/home/metpublic/PYTHON_VENV/present_weather/lib/python3.10/site-packages/rasterio/gdal_data'.
2023-12-21 15:43:04,808 - rasterio._env - DEBUG - PROJ data found in package: path='/home/metpublic/PYTHON_VENV/present_weather/lib/python3.10/site-packages/rasterio/proj_data'.
2023-12-21 15:43:04,808 - rasterio._env - DEBUG - Started GDALEnv: self=<rasterio._env.GDALEnv object at 0x7fceeeb8e6b0>.
2023-12-21 15:43:04,808 - rasterio.env - DEBUG - Entered env context: <rasterio.env.Env object at 0x7fceee209840>
2023-12-21 15:43:04,809 - rasterio.env - DEBUG - Got a copy of environment <rasterio._env.GDALEnv object at 0x7fceeeb8e6b0> options
2023-12-21 15:43:04,809 - rasterio.env - DEBUG - Entering env context: <rasterio.env.Env object at 0x7fceec102e60>
2023-12-21 15:43:04,809 - rasterio.env - DEBUG - Got a copy of environment <rasterio._env.GDALEnv object at 0x7fceeeb8e6b0> options
2023-12-21 15:43:04,809 - rasterio.env - DEBUG - Entered env context: <rasterio.env.Env object at 0x7fceec102e60>
2023-12-21 15:43:04,809 - rasterio._base - DEBUG - Sharing flag: 0
2023-12-21 15:43:04,810 - rasterio._base - DEBUG - Nodata success: 1, Nodata value: nan
2023-12-21 15:43:04,810 - rasterio._base - DEBUG - Dataset <open DatasetReader name='https://radar.bmkg.go.id/raster/radarsatelit_202312211540.tif' mode='r'> is started.
2023-12-21 15:43:04,810 - rasterio.env - DEBUG - Exiting env context: <rasterio.env.Env object at 0x7fceec102e60>
2023-12-21 15:43:04,810 - rasterio.env - DEBUG - Cleared existing <rasterio._env.GDALEnv object at 0x7fceeeb8e6b0> options
2023-12-21 15:43:04,810 - rasterio._env - DEBUG - Stopped GDALEnv <rasterio._env.GDALEnv object at 0x7fceeeb8e6b0>.
2023-12-21 15:43:04,810 - rasterio.env - DEBUG - No GDAL environment exists
2023-12-21 15:43:04,810 - rasterio.env - DEBUG - New GDAL environment <rasterio._env.GDALEnv object at 0x7fceeeb8e6b0> created
2023-12-21 15:43:04,811 - rasterio._env - DEBUG - GDAL data found in package: path='/home/metpublic/PYTHON_VENV/present_weather/lib/python3.10/site-packages/rasterio/gdal_data'.
2023-12-21 15:43:04,811 - rasterio._env - DEBUG - PROJ data found in package: path='/home/metpublic/PYTHON_VENV/present_weather/lib/python3.10/site-packages/rasterio/proj_data'.
2023-12-21 15:43:04,811 - rasterio._env - DEBUG - Started GDALEnv: self=<rasterio._env.GDALEnv object at 0x7fceeeb8e6b0>.
2023-12-21 15:43:04,811 - rasterio.env - DEBUG - Exited env context: <rasterio.env.Env object at 0x7fceec102e60>
2023-12-21 15:43:04,829 - rasterio._io - DEBUG - Output nodata value read from file: nan
2023-12-21 15:43:04,829 - rasterio._io - DEBUG - Output nodata values: [nan]
2023-12-21 15:43:04,829 - rasterio._io - DEBUG - all_valid: False
2023-12-21 15:43:04,830 - rasterio._io - DEBUG - mask_flags: ([<MaskFlags.nodata: 8>],)
2023-12-21 15:43:04,830 - rasterio._io - DEBUG - Jump straight to _read()
2023-12-21 15:43:04,830 - rasterio._io - DEBUG - Window: Window(col_off=0, row_off=0, width=10215, height=3792)
2023-12-21 15:43:04,830 - rasterio._io - DEBUG - IO window xoff=0.0 yoff=0.0 width=10215.0 height=3792.0
2023-12-21 15:43:05,424 - rasterio.env - DEBUG - Exiting env context: <rasterio.env.Env object at 0x7fceee209840>
2023-12-21 15:43:05,425 - rasterio.env - DEBUG - Cleared existing <rasterio._env.GDALEnv object at 0x7fceeeb8e6b0> options
2023-12-21 15:43:05,425 - rasterio._env - DEBUG - Stopped GDALEnv <rasterio._env.GDALEnv object at 0x7fceeeb8e6b0>.
2023-12-21 15:43:05,425 - rasterio.env - DEBUG - Exiting outermost env
2023-12-21 15:43:05,425 - rasterio.env - DEBUG - Exited env context: <rasterio.env.Env object at 0x7fceee209840>
2023-12-21 15:49:59,378 - root - INFO - Total elapsed time: 0:06:56.578743
