2023-11-09 14:40:14,975 - root - INFO - Initiating present weather
2023-11-09 14:40:14,984 - urllib3.connectionpool - DEBUG - Starting new HTTPS connection (1): radar.bmkg.go.id:8060
2023-11-09 14:40:15,125 - urllib3.connectionpool - DEBUG - https://radar.bmkg.go.id:8060 "GET /getRadarGeotif?token=19387e71e78522ae4172ec0fda640983b8438c9cfa0ca571623cb69d8327&radar=amandemenForecast&type=latest HTTP/1.1" 200 90
2023-11-09 14:40:15,132 - rasterio.env - DEBUG - Entering env context: <rasterio.env.Env object at 0x7fbb1fd68d10>
2023-11-09 14:40:15,142 - rasterio.env - DEBUG - Starting outermost env
2023-11-09 14:40:15,142 - rasterio.env - DEBUG - No GDAL environment exists
2023-11-09 14:40:15,143 - rasterio.env - DEBUG - New GDAL environment <rasterio._env.GDALEnv object at 0x7fbb21aaeaa0> created
2023-11-09 14:40:15,159 - rasterio._filepath - DEBUG - Installing FilePath filesystem handler plugin...
2023-11-09 14:40:15,160 - rasterio._env - DEBUG - GDAL data found in package: path='/home/swx/miniconda3/envs/present_weather/lib/python3.12/site-packages/rasterio/gdal_data'.
2023-11-09 14:40:15,160 - rasterio._env - DEBUG - PROJ_LIB found in environment.
2023-11-09 14:40:15,161 - rasterio._env - DEBUG - Started GDALEnv: self=<rasterio._env.GDALEnv object at 0x7fbb21aaeaa0>.
2023-11-09 14:40:15,161 - rasterio.env - DEBUG - Entered env context: <rasterio.env.Env object at 0x7fbb1fd68d10>
2023-11-09 14:40:15,162 - rasterio._base - DEBUG - Sharing flag: 0
2023-11-09 14:40:15,652 - rasterio._base - DEBUG - Nodata success: 1, Nodata value: nan
2023-11-09 14:40:15,653 - rasterio._base - DEBUG - Dataset <open DatasetReader name='https://radar.bmkg.go.id/raster/radarsatelit_202311091430.tif' mode='r'> is started.
2023-11-09 14:40:15,656 - rasterio.env - DEBUG - Exiting env context: <rasterio.env.Env object at 0x7fbb1fd68d10>
2023-11-09 14:40:15,658 - rasterio.env - DEBUG - Cleared existing <rasterio._env.GDALEnv object at 0x7fbb21aaeaa0> options
2023-11-09 14:40:15,659 - rasterio._env - DEBUG - Stopped GDALEnv <rasterio._env.GDALEnv object at 0x7fbb21aaeaa0>.
2023-11-09 14:40:15,660 - rasterio.env - DEBUG - Exiting outermost env
2023-11-09 14:40:15,660 - rasterio.env - DEBUG - Exited env context: <rasterio.env.Env object at 0x7fbb1fd68d10>
2023-11-09 14:40:15,661 - rasterio.env - DEBUG - Entering env context: <rasterio.env.Env object at 0x7fbb20178d40>
2023-11-09 14:40:15,662 - rasterio.env - DEBUG - Starting outermost env
2023-11-09 14:40:15,663 - rasterio.env - DEBUG - No GDAL environment exists
2023-11-09 14:40:15,681 - rasterio.env - DEBUG - New GDAL environment <rasterio._env.GDALEnv object at 0x7fbb21aaeaa0> created
2023-11-09 14:40:15,684 - rasterio._env - DEBUG - GDAL data found in package: path='/home/swx/miniconda3/envs/present_weather/lib/python3.12/site-packages/rasterio/gdal_data'.
2023-11-09 14:40:15,685 - rasterio._env - DEBUG - PROJ_LIB found in environment.
2023-11-09 14:40:15,686 - rasterio._env - DEBUG - Started GDALEnv: self=<rasterio._env.GDALEnv object at 0x7fbb21aaeaa0>.
2023-11-09 14:40:15,687 - rasterio.env - DEBUG - Entered env context: <rasterio.env.Env object at 0x7fbb20178d40>
2023-11-09 14:40:15,702 - rasterio.env - DEBUG - Got a copy of environment <rasterio._env.GDALEnv object at 0x7fbb21aaeaa0> options
2023-11-09 14:40:15,706 - rasterio.env - DEBUG - Entering env context: <rasterio.env.Env object at 0x7fbb1ffe6240>
2023-11-09 14:40:15,711 - rasterio.env - DEBUG - Got a copy of environment <rasterio._env.GDALEnv object at 0x7fbb21aaeaa0> options
2023-11-09 14:40:15,713 - rasterio.env - DEBUG - Entered env context: <rasterio.env.Env object at 0x7fbb1ffe6240>
2023-11-09 14:40:15,714 - rasterio._base - DEBUG - Sharing flag: 0
2023-11-09 14:40:15,725 - rasterio._base - DEBUG - Nodata success: 1, Nodata value: nan
2023-11-09 14:40:15,725 - rasterio._base - DEBUG - Dataset <open DatasetReader name='https://radar.bmkg.go.id/raster/radarsatelit_202311091430.tif' mode='r'> is started.
2023-11-09 14:40:15,726 - rasterio.env - DEBUG - Exiting env context: <rasterio.env.Env object at 0x7fbb1ffe6240>
2023-11-09 14:40:15,726 - rasterio.env - DEBUG - Cleared existing <rasterio._env.GDALEnv object at 0x7fbb21aaeaa0> options
2023-11-09 14:40:15,726 - rasterio._env - DEBUG - Stopped GDALEnv <rasterio._env.GDALEnv object at 0x7fbb21aaeaa0>.
2023-11-09 14:40:15,727 - rasterio.env - DEBUG - No GDAL environment exists
2023-11-09 14:40:15,727 - rasterio.env - DEBUG - New GDAL environment <rasterio._env.GDALEnv object at 0x7fbb21aaeaa0> created
2023-11-09 14:40:15,728 - rasterio._env - DEBUG - GDAL data found in package: path='/home/swx/miniconda3/envs/present_weather/lib/python3.12/site-packages/rasterio/gdal_data'.
2023-11-09 14:40:15,729 - rasterio._env - DEBUG - PROJ_LIB found in environment.
2023-11-09 14:40:15,729 - rasterio._env - DEBUG - Started GDALEnv: self=<rasterio._env.GDALEnv object at 0x7fbb21aaeaa0>.
2023-11-09 14:40:15,730 - rasterio.env - DEBUG - Exited env context: <rasterio.env.Env object at 0x7fbb1ffe6240>
2023-11-09 14:40:15,858 - rasterio._io - DEBUG - Output nodata value read from file: nan
2023-11-09 14:40:15,859 - rasterio._io - DEBUG - Output nodata values: [nan]
2023-11-09 14:40:15,860 - rasterio._io - DEBUG - all_valid: False
2023-11-09 14:40:15,860 - rasterio._io - DEBUG - mask_flags: ([<MaskFlags.nodata: 8>],)
2023-11-09 14:40:15,861 - rasterio._io - DEBUG - Jump straight to _read()
2023-11-09 14:40:15,861 - rasterio._io - DEBUG - Window: Window(col_off=0, row_off=0, width=10215, height=3792)
2023-11-09 14:40:15,862 - rasterio._io - DEBUG - IO window xoff=0.0 yoff=0.0 width=10215.0 height=3792.0
2023-11-09 14:40:19,426 - rasterio.env - DEBUG - Exiting env context: <rasterio.env.Env object at 0x7fbb20178d40>
2023-11-09 14:40:19,427 - rasterio.env - DEBUG - Cleared existing <rasterio._env.GDALEnv object at 0x7fbb21aaeaa0> options
2023-11-09 14:40:19,428 - rasterio._env - DEBUG - Stopped GDALEnv <rasterio._env.GDALEnv object at 0x7fbb21aaeaa0>.
2023-11-09 14:40:19,429 - rasterio.env - DEBUG - Exiting outermost env
2023-11-09 14:40:19,430 - rasterio.env - DEBUG - Exited env context: <rasterio.env.Env object at 0x7fbb20178d40>
2023-11-09 14:40:19,444 - urllib3.connectionpool - DEBUG - Starting new HTTPS connection (1): radar.bmkg.go.id:8060
2023-11-09 14:40:19,755 - urllib3.connectionpool - DEBUG - https://radar.bmkg.go.id:8060 "GET /getLatestLD?typeData=1 HTTP/1.1" 200 22627
2023-11-09 14:40:19,892 - asyncio - DEBUG - Using selector: EpollSelector
2023-11-09 14:40:58,882 - root - INFO - dask.bag<lambda, npartitions=34>
2023-11-09 15:00:16,493 - root - INFO - Total elapsed time: 0:20:01.519337
