2023-11-05 08:20:03,899 - root - INFO - Initiating present weather
2023-11-05 08:20:03,904 - urllib3.connectionpool - DEBUG - Starting new HTTPS connection (1): radar.bmkg.go.id:8060
2023-11-05 08:20:03,975 - urllib3.connectionpool - DEBUG - https://radar.bmkg.go.id:8060 "GET /getRadarGeotif?token=19387e71e78522ae4172ec0fda640983b8438c9cfa0ca571623cb69d8327&radar=amandemenForecast&type=latest HTTP/1.1" 200 90
2023-11-05 08:20:03,978 - rasterio.env - DEBUG - Entering env context: <rasterio.env.Env object at 0x7f5861c23170>
2023-11-05 08:20:03,979 - rasterio.env - DEBUG - Starting outermost env
2023-11-05 08:20:03,979 - rasterio.env - DEBUG - No GDAL environment exists
2023-11-05 08:20:03,979 - rasterio.env - DEBUG - New GDAL environment <rasterio._env.GDALEnv object at 0x7f58a3508e50> created
2023-11-05 08:20:03,984 - rasterio._filepath - DEBUG - Installing FilePath filesystem handler plugin...
2023-11-05 08:20:03,984 - rasterio._env - DEBUG - GDAL data found in package: path='/home/swx/miniconda3/envs/present_weather/lib/python3.12/site-packages/rasterio/gdal_data'.
2023-11-05 08:20:03,984 - rasterio._env - DEBUG - PROJ_LIB found in environment.
2023-11-05 08:20:03,984 - rasterio._env - DEBUG - Started GDALEnv: self=<rasterio._env.GDALEnv object at 0x7f58a3508e50>.
2023-11-05 08:20:03,985 - rasterio.env - DEBUG - Entered env context: <rasterio.env.Env object at 0x7f5861c23170>
2023-11-05 08:20:03,985 - rasterio._base - DEBUG - Sharing flag: 0
2023-11-05 08:20:04,150 - rasterio._base - DEBUG - Nodata success: 1, Nodata value: nan
2023-11-05 08:20:04,150 - rasterio._base - DEBUG - Dataset <open DatasetReader name='https://radar.bmkg.go.id/raster/radarsatelit_202311050800.tif' mode='r'> is started.
2023-11-05 08:20:04,151 - rasterio.env - DEBUG - Exiting env context: <rasterio.env.Env object at 0x7f5861c23170>
2023-11-05 08:20:04,151 - rasterio.env - DEBUG - Cleared existing <rasterio._env.GDALEnv object at 0x7f58a3508e50> options
2023-11-05 08:20:04,151 - rasterio._env - DEBUG - Stopped GDALEnv <rasterio._env.GDALEnv object at 0x7f58a3508e50>.
2023-11-05 08:20:04,151 - rasterio.env - DEBUG - Exiting outermost env
2023-11-05 08:20:04,151 - rasterio.env - DEBUG - Exited env context: <rasterio.env.Env object at 0x7f5861c23170>
2023-11-05 08:20:04,151 - rasterio.env - DEBUG - Entering env context: <rasterio.env.Env object at 0x7f58a32879e0>
2023-11-05 08:20:04,151 - rasterio.env - DEBUG - Starting outermost env
2023-11-05 08:20:04,152 - rasterio.env - DEBUG - No GDAL environment exists
2023-11-05 08:20:04,152 - rasterio.env - DEBUG - New GDAL environment <rasterio._env.GDALEnv object at 0x7f5861c23160> created
2023-11-05 08:20:04,152 - rasterio._env - DEBUG - GDAL data found in package: path='/home/swx/miniconda3/envs/present_weather/lib/python3.12/site-packages/rasterio/gdal_data'.
2023-11-05 08:20:04,152 - rasterio._env - DEBUG - PROJ_LIB found in environment.
2023-11-05 08:20:04,152 - rasterio._env - DEBUG - Started GDALEnv: self=<rasterio._env.GDALEnv object at 0x7f5861c23160>.
2023-11-05 08:20:04,152 - rasterio.env - DEBUG - Entered env context: <rasterio.env.Env object at 0x7f58a32879e0>
2023-11-05 08:20:04,153 - rasterio.env - DEBUG - Got a copy of environment <rasterio._env.GDALEnv object at 0x7f5861c23160> options
2023-11-05 08:20:04,153 - rasterio.env - DEBUG - Entering env context: <rasterio.env.Env object at 0x7f58c4991070>
2023-11-05 08:20:04,153 - rasterio.env - DEBUG - Got a copy of environment <rasterio._env.GDALEnv object at 0x7f5861c23160> options
2023-11-05 08:20:04,153 - rasterio.env - DEBUG - Entered env context: <rasterio.env.Env object at 0x7f58c4991070>
2023-11-05 08:20:04,154 - rasterio._base - DEBUG - Sharing flag: 0
2023-11-05 08:20:04,154 - rasterio._base - DEBUG - Nodata success: 1, Nodata value: nan
2023-11-05 08:20:04,154 - rasterio._base - DEBUG - Dataset <open DatasetReader name='https://radar.bmkg.go.id/raster/radarsatelit_202311050800.tif' mode='r'> is started.
2023-11-05 08:20:04,155 - rasterio.env - DEBUG - Exiting env context: <rasterio.env.Env object at 0x7f58c4991070>
2023-11-05 08:20:04,155 - rasterio.env - DEBUG - Cleared existing <rasterio._env.GDALEnv object at 0x7f5861c23160> options
2023-11-05 08:20:04,155 - rasterio._env - DEBUG - Stopped GDALEnv <rasterio._env.GDALEnv object at 0x7f5861c23160>.
2023-11-05 08:20:04,155 - rasterio.env - DEBUG - No GDAL environment exists
2023-11-05 08:20:04,155 - rasterio.env - DEBUG - New GDAL environment <rasterio._env.GDALEnv object at 0x7f5861c23160> created
2023-11-05 08:20:04,155 - rasterio._env - DEBUG - GDAL data found in package: path='/home/swx/miniconda3/envs/present_weather/lib/python3.12/site-packages/rasterio/gdal_data'.
2023-11-05 08:20:04,155 - rasterio._env - DEBUG - PROJ_LIB found in environment.
2023-11-05 08:20:04,156 - rasterio._env - DEBUG - Started GDALEnv: self=<rasterio._env.GDALEnv object at 0x7f5861c23160>.
2023-11-05 08:20:04,156 - rasterio.env - DEBUG - Exited env context: <rasterio.env.Env object at 0x7f58c4991070>
2023-11-05 08:20:04,182 - rasterio._io - DEBUG - Output nodata value read from file: nan
2023-11-05 08:20:04,182 - rasterio._io - DEBUG - Output nodata values: [nan]
2023-11-05 08:20:04,182 - rasterio._io - DEBUG - all_valid: False
2023-11-05 08:20:04,183 - rasterio._io - DEBUG - mask_flags: ([<MaskFlags.nodata: 8>],)
2023-11-05 08:20:04,183 - rasterio._io - DEBUG - Jump straight to _read()
2023-11-05 08:20:04,183 - rasterio._io - DEBUG - Window: Window(col_off=0, row_off=0, width=10215, height=3792)
2023-11-05 08:20:04,183 - rasterio._io - DEBUG - IO window xoff=0.0 yoff=0.0 width=10215.0 height=3792.0
2023-11-05 08:20:04,968 - rasterio.env - DEBUG - Exiting env context: <rasterio.env.Env object at 0x7f58a32879e0>
2023-11-05 08:20:04,968 - rasterio.env - DEBUG - Cleared existing <rasterio._env.GDALEnv object at 0x7f5861c23160> options
2023-11-05 08:20:04,968 - rasterio._env - DEBUG - Stopped GDALEnv <rasterio._env.GDALEnv object at 0x7f5861c23160>.
2023-11-05 08:20:04,968 - rasterio.env - DEBUG - Exiting outermost env
2023-11-05 08:20:04,968 - rasterio.env - DEBUG - Exited env context: <rasterio.env.Env object at 0x7f58a32879e0>
2023-11-05 08:20:04,970 - urllib3.connectionpool - DEBUG - Starting new HTTPS connection (1): radar.bmkg.go.id:8060
2023-11-05 08:20:05,165 - urllib3.connectionpool - DEBUG - https://radar.bmkg.go.id:8060 "GET /getLatestLD?typeData=1 HTTP/1.1" 200 563389
2023-11-05 08:20:05,312 - asyncio - DEBUG - Using selector: EpollSelector
2023-11-05 08:24:13,171 - root - INFO - Total elapsed time: 0:04:09.272221
