2023-11-22 10:23:03,484 - root - INFO - Initiating present weather
2023-11-22 10:23:03,488 - asyncio - DEBUG - Using selector: EpollSelector
2023-11-22 10:23:06,830 - urllib3.connectionpool - DEBUG - Starting new HTTPS connection (1): radar.bmkg.go.id:8060
2023-11-22 10:23:19,679 - rasterio.env - DEBUG - Entering env context: <rasterio.env.Env object at 0x7fdaedec34d0>
2023-11-22 10:23:19,681 - rasterio.env - DEBUG - Starting outermost env
2023-11-22 10:23:19,681 - rasterio.env - DEBUG - No GDAL environment exists
2023-11-22 10:23:19,682 - rasterio.env - DEBUG - New GDAL environment <rasterio._env.GDALEnv object at 0x7fdaec3066b0> created
2023-11-22 10:23:19,689 - rasterio._filepath - DEBUG - Installing FilePath filesystem handler plugin...
2023-11-22 10:23:19,689 - rasterio._env - DEBUG - GDAL data found in package: path='/home/swx/miniconda3/envs/present_weather/lib/python3.12/site-packages/rasterio/gdal_data'.
2023-11-22 10:23:19,689 - rasterio._env - DEBUG - PROJ_LIB found in environment.
2023-11-22 10:23:19,690 - rasterio._env - DEBUG - Started GDALEnv: self=<rasterio._env.GDALEnv object at 0x7fdaec3066b0>.
2023-11-22 10:23:19,690 - rasterio.env - DEBUG - Entered env context: <rasterio.env.Env object at 0x7fdaedec34d0>
2023-11-22 10:23:19,690 - rasterio._base - DEBUG - Sharing flag: 0
2023-11-22 10:23:19,711 - rasterio._base - DEBUG - Nodata success: 0, Nodata value: 0.000000
2023-11-22 10:23:19,712 - rasterio._base - DEBUG - Dataset <open DatasetReader name='/home/swx/present_weather/src/H09_B13_Indonesia_20231122.Z1010.cor.tiff' mode='r'> is started.
2023-11-22 10:23:19,712 - rasterio.env - DEBUG - Exiting env context: <rasterio.env.Env object at 0x7fdaedec34d0>
2023-11-22 10:23:19,712 - rasterio.env - DEBUG - Cleared existing <rasterio._env.GDALEnv object at 0x7fdaec3066b0> options
2023-11-22 10:23:19,712 - rasterio._env - DEBUG - Stopped GDALEnv <rasterio._env.GDALEnv object at 0x7fdaec3066b0>.
2023-11-22 10:23:19,713 - rasterio.env - DEBUG - Exiting outermost env
2023-11-22 10:23:19,713 - rasterio.env - DEBUG - Exited env context: <rasterio.env.Env object at 0x7fdaedec34d0>
2023-11-22 10:23:19,713 - rasterio.env - DEBUG - Entering env context: <rasterio.env.Env object at 0x7fdaec3064b0>
2023-11-22 10:23:19,713 - rasterio.env - DEBUG - Starting outermost env
2023-11-22 10:23:19,714 - rasterio.env - DEBUG - No GDAL environment exists
2023-11-22 10:23:19,714 - rasterio.env - DEBUG - New GDAL environment <rasterio._env.GDALEnv object at 0x7fdaec307bb0> created
2023-11-22 10:23:19,714 - rasterio._env - DEBUG - GDAL data found in package: path='/home/swx/miniconda3/envs/present_weather/lib/python3.12/site-packages/rasterio/gdal_data'.
2023-11-22 10:23:19,714 - rasterio._env - DEBUG - PROJ_LIB found in environment.
2023-11-22 10:23:19,715 - rasterio._env - DEBUG - Started GDALEnv: self=<rasterio._env.GDALEnv object at 0x7fdaec307bb0>.
2023-11-22 10:23:19,715 - rasterio.env - DEBUG - Entered env context: <rasterio.env.Env object at 0x7fdaec3064b0>
2023-11-22 10:23:19,715 - rasterio._base - DEBUG - Sharing flag: 0
2023-11-22 10:23:19,716 - rasterio._base - DEBUG - Nodata success: 0, Nodata value: 0.000000
2023-11-22 10:23:19,716 - rasterio._base - DEBUG - Dataset <open DatasetReader name='/home/swx/present_weather/src/H09_B13_Indonesia_20231122.Z1010.cor.tiff' mode='r'> is started.
2023-11-22 10:23:19,716 - rasterio.env - DEBUG - Exiting env context: <rasterio.env.Env object at 0x7fdaec3064b0>
2023-11-22 10:23:19,717 - rasterio.env - DEBUG - Cleared existing <rasterio._env.GDALEnv object at 0x7fdaec307bb0> options
2023-11-22 10:23:19,717 - rasterio._env - DEBUG - Stopped GDALEnv <rasterio._env.GDALEnv object at 0x7fdaec307bb0>.
2023-11-22 10:23:19,717 - rasterio.env - DEBUG - Exiting outermost env
2023-11-22 10:23:19,717 - rasterio.env - DEBUG - Exited env context: <rasterio.env.Env object at 0x7fdaec3064b0>
2023-11-22 10:23:19,753 - root - INFO - dask.bag<lambda, npartitions=34>
2023-11-22 10:24:39,292 - root - INFO - Total elapsed time: 0:01:35.811798
