2023-12-04 00:13:02,395 - root - INFO - Initiating present weather
2023-12-04 00:13:02,396 - asyncio - DEBUG - Using selector: EpollSelector
2023-12-04 00:13:03,892 - urllib3.connectionpool - DEBUG - Starting new HTTPS connection (1): radar.bmkg.go.id:8060
2023-12-04 00:13:03,906 - urllib3.connectionpool - DEBUG - https://radar.bmkg.go.id:8060 "GET /getLatestLD?typeData=1 HTTP/1.1" 200 62
2023-12-04 00:13:03,908 - urllib3.connectionpool - DEBUG - Starting new HTTPS connection (1): radar.bmkg.go.id:8060
2023-12-04 00:13:03,929 - urllib3.connectionpool - DEBUG - https://radar.bmkg.go.id:8060 "GET /getRadarGeotif?token=19387e71e78522ae4172ec0fda640983b8438c9cfa0ca571623cb69d8327&radar=amandemenForecast&type=latest HTTP/1.1" 200 90
2023-12-04 00:13:03,929 - rasterio.env - DEBUG - Entering env context: <rasterio.env.Env object at 0x7feb91ca7d90>
2023-12-04 00:13:03,930 - rasterio.env - DEBUG - Starting outermost env
2023-12-04 00:13:03,930 - rasterio.env - DEBUG - No GDAL environment exists
2023-12-04 00:13:03,930 - rasterio.env - DEBUG - New GDAL environment <rasterio._env.GDALEnv object at 0x7feb91ca48b0> created
2023-12-04 00:13:03,933 - rasterio._filepath - DEBUG - Installing FilePath filesystem handler plugin...
2023-12-04 00:13:03,934 - rasterio._env - DEBUG - GDAL data found in package: path='/home/metpublic/PYTHON_VENV/present_weather/lib/python3.10/site-packages/rasterio/gdal_data'.
2023-12-04 00:13:03,934 - rasterio._env - DEBUG - PROJ data found in package: path='/home/metpublic/PYTHON_VENV/present_weather/lib/python3.10/site-packages/rasterio/proj_data'.
2023-12-04 00:13:03,934 - rasterio._env - DEBUG - Started GDALEnv: self=<rasterio._env.GDALEnv object at 0x7feb91ca48b0>.
2023-12-04 00:13:03,934 - rasterio.env - DEBUG - Entered env context: <rasterio.env.Env object at 0x7feb91ca7d90>
2023-12-04 00:13:03,935 - rasterio._base - DEBUG - Sharing flag: 0
2023-12-04 00:13:04,152 - rasterio._base - DEBUG - Nodata success: 1, Nodata value: nan
2023-12-04 00:13:04,152 - rasterio._base - DEBUG - Dataset <open DatasetReader name='https://radar.bmkg.go.id/raster/radarsatelit_202312040010.tif' mode='r'> is started.
2023-12-04 00:13:04,152 - rasterio.env - DEBUG - Exiting env context: <rasterio.env.Env object at 0x7feb91ca7d90>
2023-12-04 00:13:04,152 - rasterio.env - DEBUG - Cleared existing <rasterio._env.GDALEnv object at 0x7feb91ca48b0> options
2023-12-04 00:13:04,153 - rasterio._env - DEBUG - Stopped GDALEnv <rasterio._env.GDALEnv object at 0x7feb91ca48b0>.
2023-12-04 00:13:04,153 - rasterio.env - DEBUG - Exiting outermost env
2023-12-04 00:13:04,153 - rasterio.env - DEBUG - Exited env context: <rasterio.env.Env object at 0x7feb91ca7d90>
2023-12-04 00:13:04,153 - rasterio.env - DEBUG - Entering env context: <rasterio.env.Env object at 0x7feb91c68700>
2023-12-04 00:13:04,153 - rasterio.env - DEBUG - Starting outermost env
2023-12-04 00:13:04,153 - rasterio.env - DEBUG - No GDAL environment exists
2023-12-04 00:13:04,153 - rasterio.env - DEBUG - New GDAL environment <rasterio._env.GDALEnv object at 0x7feb925dabc0> created
2023-12-04 00:13:04,154 - rasterio._env - DEBUG - GDAL data found in package: path='/home/metpublic/PYTHON_VENV/present_weather/lib/python3.10/site-packages/rasterio/gdal_data'.
2023-12-04 00:13:04,154 - rasterio._env - DEBUG - PROJ data found in package: path='/home/metpublic/PYTHON_VENV/present_weather/lib/python3.10/site-packages/rasterio/proj_data'.
2023-12-04 00:13:04,154 - rasterio._env - DEBUG - Started GDALEnv: self=<rasterio._env.GDALEnv object at 0x7feb925dabc0>.
2023-12-04 00:13:04,154 - rasterio.env - DEBUG - Entered env context: <rasterio.env.Env object at 0x7feb91c68700>
2023-12-04 00:13:04,154 - rasterio.env - DEBUG - Got a copy of environment <rasterio._env.GDALEnv object at 0x7feb925dabc0> options
2023-12-04 00:13:04,155 - rasterio.env - DEBUG - Entering env context: <rasterio.env.Env object at 0x7feb90372110>
2023-12-04 00:13:04,155 - rasterio.env - DEBUG - Got a copy of environment <rasterio._env.GDALEnv object at 0x7feb925dabc0> options
2023-12-04 00:13:04,155 - rasterio.env - DEBUG - Entered env context: <rasterio.env.Env object at 0x7feb90372110>
2023-12-04 00:13:04,155 - rasterio._base - DEBUG - Sharing flag: 0
2023-12-04 00:13:04,156 - rasterio._base - DEBUG - Nodata success: 1, Nodata value: nan
2023-12-04 00:13:04,156 - rasterio._base - DEBUG - Dataset <open DatasetReader name='https://radar.bmkg.go.id/raster/radarsatelit_202312040010.tif' mode='r'> is started.
2023-12-04 00:13:04,156 - rasterio.env - DEBUG - Exiting env context: <rasterio.env.Env object at 0x7feb90372110>
2023-12-04 00:13:04,156 - rasterio.env - DEBUG - Cleared existing <rasterio._env.GDALEnv object at 0x7feb925dabc0> options
2023-12-04 00:13:04,156 - rasterio._env - DEBUG - Stopped GDALEnv <rasterio._env.GDALEnv object at 0x7feb925dabc0>.
2023-12-04 00:13:04,156 - rasterio.env - DEBUG - No GDAL environment exists
2023-12-04 00:13:04,157 - rasterio.env - DEBUG - New GDAL environment <rasterio._env.GDALEnv object at 0x7feb925dabc0> created
2023-12-04 00:13:04,157 - rasterio._env - DEBUG - GDAL data found in package: path='/home/metpublic/PYTHON_VENV/present_weather/lib/python3.10/site-packages/rasterio/gdal_data'.
2023-12-04 00:13:04,157 - rasterio._env - DEBUG - PROJ data found in package: path='/home/metpublic/PYTHON_VENV/present_weather/lib/python3.10/site-packages/rasterio/proj_data'.
2023-12-04 00:13:04,157 - rasterio._env - DEBUG - Started GDALEnv: self=<rasterio._env.GDALEnv object at 0x7feb925dabc0>.
2023-12-04 00:13:04,158 - rasterio.env - DEBUG - Exited env context: <rasterio.env.Env object at 0x7feb90372110>
2023-12-04 00:13:04,174 - rasterio._io - DEBUG - Output nodata value read from file: nan
2023-12-04 00:13:04,174 - rasterio._io - DEBUG - Output nodata values: [nan]
2023-12-04 00:13:04,174 - rasterio._io - DEBUG - all_valid: False
2023-12-04 00:13:04,175 - rasterio._io - DEBUG - mask_flags: ([<MaskFlags.nodata: 8>],)
2023-12-04 00:13:04,175 - rasterio._io - DEBUG - Jump straight to _read()
2023-12-04 00:13:04,175 - rasterio._io - DEBUG - Window: Window(col_off=0, row_off=0, width=10215, height=3789)
2023-12-04 00:13:04,176 - rasterio._io - DEBUG - IO window xoff=0.0 yoff=0.0 width=10215.0 height=3789.0
2023-12-04 00:13:04,743 - rasterio.env - DEBUG - Exiting env context: <rasterio.env.Env object at 0x7feb91c68700>
2023-12-04 00:13:04,743 - rasterio.env - DEBUG - Cleared existing <rasterio._env.GDALEnv object at 0x7feb925dabc0> options
2023-12-04 00:13:04,743 - rasterio._env - DEBUG - Stopped GDALEnv <rasterio._env.GDALEnv object at 0x7feb925dabc0>.
2023-12-04 00:13:04,744 - rasterio.env - DEBUG - Exiting outermost env
2023-12-04 00:13:04,744 - rasterio.env - DEBUG - Exited env context: <rasterio.env.Env object at 0x7feb91c68700>
2023-12-04 00:19:32,316 - root - INFO - Total elapsed time: 0:06:29.921621
