2023-11-15 10:00:03,491 - root - INFO - Initiating present weather
2023-11-15 10:00:03,496 - urllib3.connectionpool - DEBUG - Starting new HTTPS connection (1): radar.bmkg.go.id:8060
2023-11-15 10:00:03,564 - urllib3.connectionpool - DEBUG - https://radar.bmkg.go.id:8060 "GET /getRadarGeotif?token=19387e71e78522ae4172ec0fda640983b8438c9cfa0ca571623cb69d8327&radar=amandemenForecast&type=latest HTTP/1.1" 200 90
2023-11-15 10:00:03,568 - rasterio.env - DEBUG - Entering env context: <rasterio.env.Env object at 0x7fb8579524e0>
2023-11-15 10:00:03,569 - rasterio.env - DEBUG - Starting outermost env
2023-11-15 10:00:03,569 - rasterio.env - DEBUG - No GDAL environment exists
2023-11-15 10:00:03,569 - rasterio.env - DEBUG - New GDAL environment <rasterio._env.GDALEnv object at 0x7fb8576d2a10> created
2023-11-15 10:00:03,574 - rasterio._filepath - DEBUG - Installing FilePath filesystem handler plugin...
2023-11-15 10:00:03,574 - rasterio._env - DEBUG - GDAL data found in package: path='/home/swx/miniconda3/envs/present_weather/lib/python3.12/site-packages/rasterio/gdal_data'.
2023-11-15 10:00:03,575 - rasterio._env - DEBUG - PROJ_LIB found in environment.
2023-11-15 10:00:03,575 - rasterio._env - DEBUG - Started GDALEnv: self=<rasterio._env.GDALEnv object at 0x7fb8576d2a10>.
2023-11-15 10:00:03,575 - rasterio.env - DEBUG - Entered env context: <rasterio.env.Env object at 0x7fb8579524e0>
2023-11-15 10:00:03,575 - rasterio._base - DEBUG - Sharing flag: 0
2023-11-15 10:00:03,759 - rasterio._base - DEBUG - Nodata success: 1, Nodata value: nan
2023-11-15 10:00:03,759 - rasterio._base - DEBUG - Dataset <open DatasetReader name='https://radar.bmkg.go.id/raster/radarsatelit_202311150950.tif' mode='r'> is started.
2023-11-15 10:00:03,760 - rasterio.env - DEBUG - Exiting env context: <rasterio.env.Env object at 0x7fb8579524e0>
2023-11-15 10:00:03,760 - rasterio.env - DEBUG - Cleared existing <rasterio._env.GDALEnv object at 0x7fb8576d2a10> options
2023-11-15 10:00:03,760 - rasterio._env - DEBUG - Stopped GDALEnv <rasterio._env.GDALEnv object at 0x7fb8576d2a10>.
2023-11-15 10:00:03,760 - rasterio.env - DEBUG - Exiting outermost env
2023-11-15 10:00:03,760 - rasterio.env - DEBUG - Exited env context: <rasterio.env.Env object at 0x7fb8579524e0>
2023-11-15 10:00:03,760 - rasterio.env - DEBUG - Entering env context: <rasterio.env.Env object at 0x7fb89902a450>
2023-11-15 10:00:03,761 - rasterio.env - DEBUG - Starting outermost env
2023-11-15 10:00:03,761 - rasterio.env - DEBUG - No GDAL environment exists
2023-11-15 10:00:03,761 - rasterio.env - DEBUG - New GDAL environment <rasterio._env.GDALEnv object at 0x7fb8576d2a10> created
2023-11-15 10:00:03,761 - rasterio._env - DEBUG - GDAL data found in package: path='/home/swx/miniconda3/envs/present_weather/lib/python3.12/site-packages/rasterio/gdal_data'.
2023-11-15 10:00:03,762 - rasterio._env - DEBUG - PROJ_LIB found in environment.
2023-11-15 10:00:03,762 - rasterio._env - DEBUG - Started GDALEnv: self=<rasterio._env.GDALEnv object at 0x7fb8576d2a10>.
2023-11-15 10:00:03,762 - rasterio.env - DEBUG - Entered env context: <rasterio.env.Env object at 0x7fb89902a450>
2023-11-15 10:00:03,763 - rasterio.env - DEBUG - Got a copy of environment <rasterio._env.GDALEnv object at 0x7fb8576d2a10> options
2023-11-15 10:00:03,763 - rasterio.env - DEBUG - Entering env context: <rasterio.env.Env object at 0x7fb857a34710>
2023-11-15 10:00:03,763 - rasterio.env - DEBUG - Got a copy of environment <rasterio._env.GDALEnv object at 0x7fb8576d2a10> options
2023-11-15 10:00:03,763 - rasterio.env - DEBUG - Entered env context: <rasterio.env.Env object at 0x7fb857a34710>
2023-11-15 10:00:03,763 - rasterio._base - DEBUG - Sharing flag: 0
2023-11-15 10:00:03,764 - rasterio._base - DEBUG - Nodata success: 1, Nodata value: nan
2023-11-15 10:00:03,764 - rasterio._base - DEBUG - Dataset <open DatasetReader name='https://radar.bmkg.go.id/raster/radarsatelit_202311150950.tif' mode='r'> is started.
2023-11-15 10:00:03,764 - rasterio.env - DEBUG - Exiting env context: <rasterio.env.Env object at 0x7fb857a34710>
2023-11-15 10:00:03,765 - rasterio.env - DEBUG - Cleared existing <rasterio._env.GDALEnv object at 0x7fb8576d2a10> options
2023-11-15 10:00:03,765 - rasterio._env - DEBUG - Stopped GDALEnv <rasterio._env.GDALEnv object at 0x7fb8576d2a10>.
2023-11-15 10:00:03,765 - rasterio.env - DEBUG - No GDAL environment exists
2023-11-15 10:00:03,765 - rasterio.env - DEBUG - New GDAL environment <rasterio._env.GDALEnv object at 0x7fb8576d2a10> created
2023-11-15 10:00:03,765 - rasterio._env - DEBUG - GDAL data found in package: path='/home/swx/miniconda3/envs/present_weather/lib/python3.12/site-packages/rasterio/gdal_data'.
2023-11-15 10:00:03,766 - rasterio._env - DEBUG - PROJ_LIB found in environment.
2023-11-15 10:00:03,766 - rasterio._env - DEBUG - Started GDALEnv: self=<rasterio._env.GDALEnv object at 0x7fb8576d2a10>.
2023-11-15 10:00:03,766 - rasterio.env - DEBUG - Exited env context: <rasterio.env.Env object at 0x7fb857a34710>
2023-11-15 10:00:03,796 - rasterio._io - DEBUG - Output nodata value read from file: nan
2023-11-15 10:00:03,796 - rasterio._io - DEBUG - Output nodata values: [nan]
2023-11-15 10:00:03,797 - rasterio._io - DEBUG - all_valid: False
2023-11-15 10:00:03,797 - rasterio._io - DEBUG - mask_flags: ([<MaskFlags.nodata: 8>],)
2023-11-15 10:00:03,797 - rasterio._io - DEBUG - Jump straight to _read()
2023-11-15 10:00:03,797 - rasterio._io - DEBUG - Window: Window(col_off=0, row_off=0, width=10215, height=3792)
2023-11-15 10:00:03,798 - rasterio._io - DEBUG - IO window xoff=0.0 yoff=0.0 width=10215.0 height=3792.0
2023-11-15 10:00:04,518 - rasterio.env - DEBUG - Exiting env context: <rasterio.env.Env object at 0x7fb89902a450>
2023-11-15 10:00:04,518 - rasterio.env - DEBUG - Cleared existing <rasterio._env.GDALEnv object at 0x7fb8576d2a10> options
2023-11-15 10:00:04,518 - rasterio._env - DEBUG - Stopped GDALEnv <rasterio._env.GDALEnv object at 0x7fb8576d2a10>.
2023-11-15 10:00:04,518 - rasterio.env - DEBUG - Exiting outermost env
2023-11-15 10:00:04,519 - rasterio.env - DEBUG - Exited env context: <rasterio.env.Env object at 0x7fb89902a450>
2023-11-15 10:00:04,521 - urllib3.connectionpool - DEBUG - Starting new HTTPS connection (1): radar.bmkg.go.id:8060
2023-11-15 10:00:04,638 - urllib3.connectionpool - DEBUG - https://radar.bmkg.go.id:8060 "GET /getLatestLD?typeData=1 HTTP/1.1" 200 134577
2023-11-15 10:00:04,719 - asyncio - DEBUG - Using selector: EpollSelector
2023-11-15 10:00:11,495 - root - INFO - dask.bag<lambda, npartitions=34>
2023-11-15 10:19:52,358 - root - INFO - Total elapsed time: 0:19:48.867869
