2023-12-05 22:13:02,555 - root - INFO - Initiating present weather
2023-12-05 22:13:02,557 - asyncio - DEBUG - Using selector: EpollSelector
2023-12-05 22:13:04,059 - urllib3.connectionpool - DEBUG - Starting new HTTPS connection (1): radar.bmkg.go.id:8060
2023-12-05 22:13:04,076 - urllib3.connectionpool - DEBUG - https://radar.bmkg.go.id:8060 "GET /getLatestLD?typeData=1 HTTP/1.1" 200 62
2023-12-05 22:13:04,079 - urllib3.connectionpool - DEBUG - Starting new HTTPS connection (1): radar.bmkg.go.id:8060
2023-12-05 22:13:04,097 - urllib3.connectionpool - DEBUG - https://radar.bmkg.go.id:8060 "GET /getRadarGeotif?token=19387e71e78522ae4172ec0fda640983b8438c9cfa0ca571623cb69d8327&radar=amandemenForecast&type=latest HTTP/1.1" 200 90
2023-12-05 22:13:04,097 - rasterio.env - DEBUG - Entering env context: <rasterio.env.Env object at 0x7fa9f28b35b0>
2023-12-05 22:13:04,098 - rasterio.env - DEBUG - Starting outermost env
2023-12-05 22:13:04,098 - rasterio.env - DEBUG - No GDAL environment exists
2023-12-05 22:13:04,098 - rasterio.env - DEBUG - New GDAL environment <rasterio._env.GDALEnv object at 0x7fa9f28b08b0> created
2023-12-05 22:13:04,101 - rasterio._filepath - DEBUG - Installing FilePath filesystem handler plugin...
2023-12-05 22:13:04,101 - rasterio._env - DEBUG - GDAL data found in package: path='/home/metpublic/PYTHON_VENV/present_weather/lib/python3.10/site-packages/rasterio/gdal_data'.
2023-12-05 22:13:04,101 - rasterio._env - DEBUG - PROJ data found in package: path='/home/metpublic/PYTHON_VENV/present_weather/lib/python3.10/site-packages/rasterio/proj_data'.
2023-12-05 22:13:04,101 - rasterio._env - DEBUG - Started GDALEnv: self=<rasterio._env.GDALEnv object at 0x7fa9f28b08b0>.
2023-12-05 22:13:04,101 - rasterio.env - DEBUG - Entered env context: <rasterio.env.Env object at 0x7fa9f28b35b0>
2023-12-05 22:13:04,101 - rasterio._base - DEBUG - Sharing flag: 0
2023-12-05 22:13:04,327 - rasterio._base - DEBUG - Nodata success: 1, Nodata value: nan
2023-12-05 22:13:04,328 - rasterio._base - DEBUG - Dataset <open DatasetReader name='https://radar.bmkg.go.id/raster/radarsatelit_202312052200.tif' mode='r'> is started.
2023-12-05 22:13:04,328 - rasterio.env - DEBUG - Exiting env context: <rasterio.env.Env object at 0x7fa9f28b35b0>
2023-12-05 22:13:04,328 - rasterio.env - DEBUG - Cleared existing <rasterio._env.GDALEnv object at 0x7fa9f28b08b0> options
2023-12-05 22:13:04,328 - rasterio._env - DEBUG - Stopped GDALEnv <rasterio._env.GDALEnv object at 0x7fa9f28b08b0>.
2023-12-05 22:13:04,328 - rasterio.env - DEBUG - Exiting outermost env
2023-12-05 22:13:04,328 - rasterio.env - DEBUG - Exited env context: <rasterio.env.Env object at 0x7fa9f28b35b0>
2023-12-05 22:13:04,328 - rasterio.env - DEBUG - Entering env context: <rasterio.env.Env object at 0x7fa9f2878a60>
2023-12-05 22:13:04,328 - rasterio.env - DEBUG - Starting outermost env
2023-12-05 22:13:04,329 - rasterio.env - DEBUG - No GDAL environment exists
2023-12-05 22:13:04,329 - rasterio.env - DEBUG - New GDAL environment <rasterio._env.GDALEnv object at 0x7fa9f28b08b0> created
2023-12-05 22:13:04,329 - rasterio._env - DEBUG - GDAL data found in package: path='/home/metpublic/PYTHON_VENV/present_weather/lib/python3.10/site-packages/rasterio/gdal_data'.
2023-12-05 22:13:04,329 - rasterio._env - DEBUG - PROJ data found in package: path='/home/metpublic/PYTHON_VENV/present_weather/lib/python3.10/site-packages/rasterio/proj_data'.
2023-12-05 22:13:04,329 - rasterio._env - DEBUG - Started GDALEnv: self=<rasterio._env.GDALEnv object at 0x7fa9f28b08b0>.
2023-12-05 22:13:04,329 - rasterio.env - DEBUG - Entered env context: <rasterio.env.Env object at 0x7fa9f2878a60>
2023-12-05 22:13:04,330 - rasterio.env - DEBUG - Got a copy of environment <rasterio._env.GDALEnv object at 0x7fa9f28b08b0> options
2023-12-05 22:13:04,330 - rasterio.env - DEBUG - Entering env context: <rasterio.env.Env object at 0x7fa9f31eece0>
2023-12-05 22:13:04,330 - rasterio.env - DEBUG - Got a copy of environment <rasterio._env.GDALEnv object at 0x7fa9f28b08b0> options
2023-12-05 22:13:04,330 - rasterio.env - DEBUG - Entered env context: <rasterio.env.Env object at 0x7fa9f31eece0>
2023-12-05 22:13:04,330 - rasterio._base - DEBUG - Sharing flag: 0
2023-12-05 22:13:04,331 - rasterio._base - DEBUG - Nodata success: 1, Nodata value: nan
2023-12-05 22:13:04,331 - rasterio._base - DEBUG - Dataset <open DatasetReader name='https://radar.bmkg.go.id/raster/radarsatelit_202312052200.tif' mode='r'> is started.
2023-12-05 22:13:04,331 - rasterio.env - DEBUG - Exiting env context: <rasterio.env.Env object at 0x7fa9f31eece0>
2023-12-05 22:13:04,331 - rasterio.env - DEBUG - Cleared existing <rasterio._env.GDALEnv object at 0x7fa9f28b08b0> options
2023-12-05 22:13:04,331 - rasterio._env - DEBUG - Stopped GDALEnv <rasterio._env.GDALEnv object at 0x7fa9f28b08b0>.
2023-12-05 22:13:04,332 - rasterio.env - DEBUG - No GDAL environment exists
2023-12-05 22:13:04,332 - rasterio.env - DEBUG - New GDAL environment <rasterio._env.GDALEnv object at 0x7fa9f28b08b0> created
2023-12-05 22:13:04,332 - rasterio._env - DEBUG - GDAL data found in package: path='/home/metpublic/PYTHON_VENV/present_weather/lib/python3.10/site-packages/rasterio/gdal_data'.
2023-12-05 22:13:04,332 - rasterio._env - DEBUG - PROJ data found in package: path='/home/metpublic/PYTHON_VENV/present_weather/lib/python3.10/site-packages/rasterio/proj_data'.
2023-12-05 22:13:04,332 - rasterio._env - DEBUG - Started GDALEnv: self=<rasterio._env.GDALEnv object at 0x7fa9f28b08b0>.
2023-12-05 22:13:04,332 - rasterio.env - DEBUG - Exited env context: <rasterio.env.Env object at 0x7fa9f31eece0>
2023-12-05 22:13:04,349 - rasterio._io - DEBUG - Output nodata value read from file: nan
2023-12-05 22:13:04,349 - rasterio._io - DEBUG - Output nodata values: [nan]
2023-12-05 22:13:04,349 - rasterio._io - DEBUG - all_valid: False
2023-12-05 22:13:04,349 - rasterio._io - DEBUG - mask_flags: ([<MaskFlags.nodata: 8>],)
2023-12-05 22:13:04,349 - rasterio._io - DEBUG - Jump straight to _read()
2023-12-05 22:13:04,350 - rasterio._io - DEBUG - Window: Window(col_off=0, row_off=0, width=10177, height=3732)
2023-12-05 22:13:04,350 - rasterio._io - DEBUG - IO window xoff=0.0 yoff=0.0 width=10177.0 height=3732.0
2023-12-05 22:13:04,869 - rasterio.env - DEBUG - Exiting env context: <rasterio.env.Env object at 0x7fa9f2878a60>
2023-12-05 22:13:04,869 - rasterio.env - DEBUG - Cleared existing <rasterio._env.GDALEnv object at 0x7fa9f28b08b0> options
2023-12-05 22:13:04,869 - rasterio._env - DEBUG - Stopped GDALEnv <rasterio._env.GDALEnv object at 0x7fa9f28b08b0>.
2023-12-05 22:13:04,870 - rasterio.env - DEBUG - Exiting outermost env
2023-12-05 22:13:04,870 - rasterio.env - DEBUG - Exited env context: <rasterio.env.Env object at 0x7fa9f2878a60>
2023-12-05 22:17:14,324 - rasterio.env - DEBUG - Entering env context: <rasterio.env.Env object at 0x7fa9d83f5450>
2023-12-05 22:17:14,325 - rasterio.env - DEBUG - Starting outermost env
2023-12-05 22:17:14,325 - rasterio.env - DEBUG - No GDAL environment exists
2023-12-05 22:17:14,325 - rasterio.env - DEBUG - New GDAL environment <rasterio._env.GDALEnv object at 0x7fa9d83f7310> created
2023-12-05 22:17:14,326 - rasterio._env - DEBUG - GDAL data found in package: path='/home/metpublic/PYTHON_VENV/present_weather/lib/python3.10/site-packages/rasterio/gdal_data'.
2023-12-05 22:17:14,326 - rasterio._env - DEBUG - PROJ data found in package: path='/home/metpublic/PYTHON_VENV/present_weather/lib/python3.10/site-packages/rasterio/proj_data'.
2023-12-05 22:17:14,326 - rasterio._env - DEBUG - Started GDALEnv: self=<rasterio._env.GDALEnv object at 0x7fa9d83f7310>.
2023-12-05 22:17:14,326 - rasterio.env - DEBUG - Entered env context: <rasterio.env.Env object at 0x7fa9d83f5450>
2023-12-05 22:17:14,326 - rasterio._base - DEBUG - Sharing flag: 0
2023-12-05 22:17:14,328 - rasterio._base - DEBUG - Nodata success: 0, Nodata value: 0.000000
2023-12-05 22:17:14,328 - rasterio._base - DEBUG - Dataset <open DatasetReader name='/home/metpublic/TASK_RELEASE/EFAN/present_weather/src/H09_B13_Indonesia_20231205.Z2150.cor.tiff' mode='r'> is started.
2023-12-05 22:17:14,328 - rasterio.env - DEBUG - Exiting env context: <rasterio.env.Env object at 0x7fa9d83f5450>
2023-12-05 22:17:14,329 - rasterio.env - DEBUG - Cleared existing <rasterio._env.GDALEnv object at 0x7fa9d83f7310> options
2023-12-05 22:17:14,329 - rasterio._env - DEBUG - Stopped GDALEnv <rasterio._env.GDALEnv object at 0x7fa9d83f7310>.
2023-12-05 22:17:14,329 - rasterio.env - DEBUG - Exiting outermost env
2023-12-05 22:17:14,329 - rasterio.env - DEBUG - Exited env context: <rasterio.env.Env object at 0x7fa9d83f5450>
2023-12-05 22:17:14,329 - rasterio.env - DEBUG - Entering env context: <rasterio.env.Env object at 0x7fa9d83f6b30>
2023-12-05 22:17:14,329 - rasterio.env - DEBUG - Starting outermost env
2023-12-05 22:17:14,329 - rasterio.env - DEBUG - No GDAL environment exists
2023-12-05 22:17:14,329 - rasterio.env - DEBUG - New GDAL environment <rasterio._env.GDALEnv object at 0x7fa9d83f58a0> created
2023-12-05 22:17:14,330 - rasterio._env - DEBUG - GDAL data found in package: path='/home/metpublic/PYTHON_VENV/present_weather/lib/python3.10/site-packages/rasterio/gdal_data'.
2023-12-05 22:17:14,330 - rasterio._env - DEBUG - PROJ data found in package: path='/home/metpublic/PYTHON_VENV/present_weather/lib/python3.10/site-packages/rasterio/proj_data'.
2023-12-05 22:17:14,330 - rasterio._env - DEBUG - Started GDALEnv: self=<rasterio._env.GDALEnv object at 0x7fa9d83f58a0>.
2023-12-05 22:17:14,330 - rasterio.env - DEBUG - Entered env context: <rasterio.env.Env object at 0x7fa9d83f6b30>
2023-12-05 22:17:14,330 - rasterio._base - DEBUG - Sharing flag: 0
2023-12-05 22:17:14,331 - rasterio._base - DEBUG - Nodata success: 0, Nodata value: 0.000000
2023-12-05 22:17:14,331 - rasterio._base - DEBUG - Dataset <open DatasetReader name='/home/metpublic/TASK_RELEASE/EFAN/present_weather/src/H09_B13_Indonesia_20231205.Z2150.cor.tiff' mode='r'> is started.
2023-12-05 22:17:14,332 - rasterio.env - DEBUG - Exiting env context: <rasterio.env.Env object at 0x7fa9d83f6b30>
2023-12-05 22:17:14,332 - rasterio.env - DEBUG - Cleared existing <rasterio._env.GDALEnv object at 0x7fa9d83f58a0> options
2023-12-05 22:17:14,332 - rasterio._env - DEBUG - Stopped GDALEnv <rasterio._env.GDALEnv object at 0x7fa9d83f58a0>.
2023-12-05 22:17:14,332 - rasterio.env - DEBUG - Exiting outermost env
2023-12-05 22:17:14,332 - rasterio.env - DEBUG - Exited env context: <rasterio.env.Env object at 0x7fa9d83f6b30>
2023-12-05 22:17:14,342 - root - INFO - Generating present weather using SATELITE data
2023-12-05 22:19:21,430 - root - INFO - Total elapsed time: 0:06:18.874657
