2023-11-23 00:23:03,221 - root - INFO - Initiating present weather
2023-11-23 00:23:03,225 - asyncio - DEBUG - Using selector: EpollSelector
2023-11-23 00:23:06,500 - urllib3.connectionpool - DEBUG - Starting new HTTPS connection (1): radar.bmkg.go.id:8060
2023-11-23 00:23:06,577 - urllib3.connectionpool - DEBUG - https://radar.bmkg.go.id:8060 "GET /getRadarGeotif?token=19387e71e78522ae4172ec0fda640983b8438c9cfa0ca571623cb69d8327&radar=amandemenForecast&type=latest HTTP/1.1" 200 90
2023-11-23 00:23:06,579 - rasterio.env - DEBUG - Entering env context: <rasterio.env.Env object at 0x7f68c80f3830>
2023-11-23 00:23:06,580 - rasterio.env - DEBUG - Starting outermost env
2023-11-23 00:23:06,580 - rasterio.env - DEBUG - No GDAL environment exists
2023-11-23 00:23:06,580 - rasterio.env - DEBUG - New GDAL environment <rasterio._env.GDALEnv object at 0x7f68c80f20e0> created
2023-11-23 00:23:06,584 - rasterio._filepath - DEBUG - Installing FilePath filesystem handler plugin...
2023-11-23 00:23:06,585 - rasterio._env - DEBUG - GDAL data found in package: path='/home/swx/miniconda3/envs/present_weather/lib/python3.12/site-packages/rasterio/gdal_data'.
2023-11-23 00:23:06,585 - rasterio._env - DEBUG - PROJ_LIB found in environment.
2023-11-23 00:23:06,585 - rasterio._env - DEBUG - Started GDALEnv: self=<rasterio._env.GDALEnv object at 0x7f68c80f20e0>.
2023-11-23 00:23:06,585 - rasterio.env - DEBUG - Entered env context: <rasterio.env.Env object at 0x7f68c80f3830>
2023-11-23 00:23:06,585 - rasterio._base - DEBUG - Sharing flag: 0
2023-11-23 00:23:06,805 - rasterio._base - DEBUG - Nodata success: 1, Nodata value: nan
2023-11-23 00:23:06,805 - rasterio._base - DEBUG - Dataset <open DatasetReader name='https://radar.bmkg.go.id/raster/radarsatelit_202311230020.tif' mode='r'> is started.
2023-11-23 00:23:06,806 - rasterio.env - DEBUG - Exiting env context: <rasterio.env.Env object at 0x7f68c80f3830>
2023-11-23 00:23:06,806 - rasterio.env - DEBUG - Cleared existing <rasterio._env.GDALEnv object at 0x7f68c80f20e0> options
2023-11-23 00:23:06,806 - rasterio._env - DEBUG - Stopped GDALEnv <rasterio._env.GDALEnv object at 0x7f68c80f20e0>.
2023-11-23 00:23:06,806 - rasterio.env - DEBUG - Exiting outermost env
2023-11-23 00:23:06,806 - rasterio.env - DEBUG - Exited env context: <rasterio.env.Env object at 0x7f68c80f3830>
2023-11-23 00:23:06,807 - rasterio.env - DEBUG - Entering env context: <rasterio.env.Env object at 0x7f68c1a97dd0>
2023-11-23 00:23:06,807 - rasterio.env - DEBUG - Starting outermost env
2023-11-23 00:23:06,807 - rasterio.env - DEBUG - No GDAL environment exists
2023-11-23 00:23:06,807 - rasterio.env - DEBUG - New GDAL environment <rasterio._env.GDALEnv object at 0x7f68a8757b20> created
2023-11-23 00:23:06,808 - rasterio._env - DEBUG - GDAL data found in package: path='/home/swx/miniconda3/envs/present_weather/lib/python3.12/site-packages/rasterio/gdal_data'.
2023-11-23 00:23:06,808 - rasterio._env - DEBUG - PROJ_LIB found in environment.
2023-11-23 00:23:06,808 - rasterio._env - DEBUG - Started GDALEnv: self=<rasterio._env.GDALEnv object at 0x7f68a8757b20>.
2023-11-23 00:23:06,808 - rasterio.env - DEBUG - Entered env context: <rasterio.env.Env object at 0x7f68c1a97dd0>
2023-11-23 00:23:06,809 - rasterio.env - DEBUG - Got a copy of environment <rasterio._env.GDALEnv object at 0x7f68a8757b20> options
2023-11-23 00:23:06,809 - rasterio.env - DEBUG - Entering env context: <rasterio.env.Env object at 0x7f68c80f20f0>
2023-11-23 00:23:06,809 - rasterio.env - DEBUG - Got a copy of environment <rasterio._env.GDALEnv object at 0x7f68a8757b20> options
2023-11-23 00:23:06,810 - rasterio.env - DEBUG - Entered env context: <rasterio.env.Env object at 0x7f68c80f20f0>
2023-11-23 00:23:06,810 - rasterio._base - DEBUG - Sharing flag: 0
2023-11-23 00:23:06,811 - rasterio._base - DEBUG - Nodata success: 1, Nodata value: nan
2023-11-23 00:23:06,811 - rasterio._base - DEBUG - Dataset <open DatasetReader name='https://radar.bmkg.go.id/raster/radarsatelit_202311230020.tif' mode='r'> is started.
2023-11-23 00:23:06,811 - rasterio.env - DEBUG - Exiting env context: <rasterio.env.Env object at 0x7f68c80f20f0>
2023-11-23 00:23:06,811 - rasterio.env - DEBUG - Cleared existing <rasterio._env.GDALEnv object at 0x7f68a8757b20> options
2023-11-23 00:23:06,811 - rasterio._env - DEBUG - Stopped GDALEnv <rasterio._env.GDALEnv object at 0x7f68a8757b20>.
2023-11-23 00:23:06,812 - rasterio.env - DEBUG - No GDAL environment exists
2023-11-23 00:23:06,812 - rasterio.env - DEBUG - New GDAL environment <rasterio._env.GDALEnv object at 0x7f68a8757b20> created
2023-11-23 00:23:06,812 - rasterio._env - DEBUG - GDAL data found in package: path='/home/swx/miniconda3/envs/present_weather/lib/python3.12/site-packages/rasterio/gdal_data'.
2023-11-23 00:23:06,813 - rasterio._env - DEBUG - PROJ_LIB found in environment.
2023-11-23 00:23:06,813 - rasterio._env - DEBUG - Started GDALEnv: self=<rasterio._env.GDALEnv object at 0x7f68a8757b20>.
2023-11-23 00:23:06,813 - rasterio.env - DEBUG - Exited env context: <rasterio.env.Env object at 0x7f68c80f20f0>
2023-11-23 00:23:06,840 - rasterio._io - DEBUG - Output nodata value read from file: nan
2023-11-23 00:23:06,841 - rasterio._io - DEBUG - Output nodata values: [nan]
2023-11-23 00:23:06,841 - rasterio._io - DEBUG - all_valid: False
2023-11-23 00:23:06,841 - rasterio._io - DEBUG - mask_flags: ([<MaskFlags.nodata: 8>],)
2023-11-23 00:23:06,841 - rasterio._io - DEBUG - Jump straight to _read()
2023-11-23 00:23:06,842 - rasterio._io - DEBUG - Window: Window(col_off=0, row_off=0, width=10215, height=3792)
2023-11-23 00:23:06,842 - rasterio._io - DEBUG - IO window xoff=0.0 yoff=0.0 width=10215.0 height=3792.0
2023-11-23 00:23:07,517 - rasterio.env - DEBUG - Exiting env context: <rasterio.env.Env object at 0x7f68c1a97dd0>
2023-11-23 00:23:07,517 - rasterio.env - DEBUG - Cleared existing <rasterio._env.GDALEnv object at 0x7f68a8757b20> options
2023-11-23 00:23:07,517 - rasterio._env - DEBUG - Stopped GDALEnv <rasterio._env.GDALEnv object at 0x7f68a8757b20>.
2023-11-23 00:23:07,517 - rasterio.env - DEBUG - Exiting outermost env
2023-11-23 00:23:07,517 - rasterio.env - DEBUG - Exited env context: <rasterio.env.Env object at 0x7f68c1a97dd0>
2023-11-23 00:23:07,519 - urllib3.connectionpool - DEBUG - Starting new HTTPS connection (1): radar.bmkg.go.id:8060
2023-11-23 00:23:07,615 - urllib3.connectionpool - DEBUG - https://radar.bmkg.go.id:8060 "GET /getLatestLD?typeData=1 HTTP/1.1" 200 123575
2023-11-23 00:23:11,073 - root - INFO - dask.bag<lambda, npartitions=20>
2023-11-23 00:35:08,594 - root - INFO - Total elapsed time: 0:12:05.373738
