2023-11-21 21:23:03,615 - root - INFO - Initiating present weather
2023-11-21 21:23:03,620 - urllib3.connectionpool - DEBUG - Starting new HTTPS connection (1): radar.bmkg.go.id:8060
2023-11-21 21:23:03,696 - urllib3.connectionpool - DEBUG - https://radar.bmkg.go.id:8060 "GET /getRadarGeotif?token=19387e71e78522ae4172ec0fda640983b8438c9cfa0ca571623cb69d8327&radar=amandemenForecast&type=latest HTTP/1.1" 200 90
2023-11-21 21:23:03,699 - rasterio.env - DEBUG - Entering env context: <rasterio.env.Env object at 0x7f25765b2ab0>
2023-11-21 21:23:03,700 - rasterio.env - DEBUG - Starting outermost env
2023-11-21 21:23:03,701 - rasterio.env - DEBUG - No GDAL environment exists
2023-11-21 21:23:03,701 - rasterio.env - DEBUG - New GDAL environment <rasterio._env.GDALEnv object at 0x7f25b61bec20> created
2023-11-21 21:23:03,705 - rasterio._filepath - DEBUG - Installing FilePath filesystem handler plugin...
2023-11-21 21:23:03,706 - rasterio._env - DEBUG - GDAL data found in package: path='/home/swx/miniconda3/envs/present_weather/lib/python3.12/site-packages/rasterio/gdal_data'.
2023-11-21 21:23:03,706 - rasterio._env - DEBUG - PROJ_LIB found in environment.
2023-11-21 21:23:03,706 - rasterio._env - DEBUG - Started GDALEnv: self=<rasterio._env.GDALEnv object at 0x7f25b61bec20>.
2023-11-21 21:23:03,706 - rasterio.env - DEBUG - Entered env context: <rasterio.env.Env object at 0x7f25765b2ab0>
2023-11-21 21:23:03,707 - rasterio._base - DEBUG - Sharing flag: 0
2023-11-21 21:23:03,905 - rasterio._base - DEBUG - Nodata success: 1, Nodata value: nan
2023-11-21 21:23:03,905 - rasterio._base - DEBUG - Dataset <open DatasetReader name='https://radar.bmkg.go.id/raster/radarsatelit_202311212120.tif' mode='r'> is started.
2023-11-21 21:23:03,906 - rasterio.env - DEBUG - Exiting env context: <rasterio.env.Env object at 0x7f25765b2ab0>
2023-11-21 21:23:03,906 - rasterio.env - DEBUG - Cleared existing <rasterio._env.GDALEnv object at 0x7f25b61bec20> options
2023-11-21 21:23:03,906 - rasterio._env - DEBUG - Stopped GDALEnv <rasterio._env.GDALEnv object at 0x7f25b61bec20>.
2023-11-21 21:23:03,906 - rasterio.env - DEBUG - Exiting outermost env
2023-11-21 21:23:03,907 - rasterio.env - DEBUG - Exited env context: <rasterio.env.Env object at 0x7f25765b2ab0>
2023-11-21 21:23:03,907 - rasterio.env - DEBUG - Entering env context: <rasterio.env.Env object at 0x7f2574b3d2e0>
2023-11-21 21:23:03,907 - rasterio.env - DEBUG - Starting outermost env
2023-11-21 21:23:03,907 - rasterio.env - DEBUG - No GDAL environment exists
2023-11-21 21:23:03,907 - rasterio.env - DEBUG - New GDAL environment <rasterio._env.GDALEnv object at 0x7f25b61bec20> created
2023-11-21 21:23:03,908 - rasterio._env - DEBUG - GDAL data found in package: path='/home/swx/miniconda3/envs/present_weather/lib/python3.12/site-packages/rasterio/gdal_data'.
2023-11-21 21:23:03,908 - rasterio._env - DEBUG - PROJ_LIB found in environment.
2023-11-21 21:23:03,908 - rasterio._env - DEBUG - Started GDALEnv: self=<rasterio._env.GDALEnv object at 0x7f25b61bec20>.
2023-11-21 21:23:03,908 - rasterio.env - DEBUG - Entered env context: <rasterio.env.Env object at 0x7f2574b3d2e0>
2023-11-21 21:23:03,909 - rasterio.env - DEBUG - Got a copy of environment <rasterio._env.GDALEnv object at 0x7f25b61bec20> options
2023-11-21 21:23:03,909 - rasterio.env - DEBUG - Entering env context: <rasterio.env.Env object at 0x7f25d6c133e0>
2023-11-21 21:23:03,909 - rasterio.env - DEBUG - Got a copy of environment <rasterio._env.GDALEnv object at 0x7f25b61bec20> options
2023-11-21 21:23:03,909 - rasterio.env - DEBUG - Entered env context: <rasterio.env.Env object at 0x7f25d6c133e0>
2023-11-21 21:23:03,910 - rasterio._base - DEBUG - Sharing flag: 0
2023-11-21 21:23:03,911 - rasterio._base - DEBUG - Nodata success: 1, Nodata value: nan
2023-11-21 21:23:03,911 - rasterio._base - DEBUG - Dataset <open DatasetReader name='https://radar.bmkg.go.id/raster/radarsatelit_202311212120.tif' mode='r'> is started.
2023-11-21 21:23:03,911 - rasterio.env - DEBUG - Exiting env context: <rasterio.env.Env object at 0x7f25d6c133e0>
2023-11-21 21:23:03,911 - rasterio.env - DEBUG - Cleared existing <rasterio._env.GDALEnv object at 0x7f25b61bec20> options
2023-11-21 21:23:03,911 - rasterio._env - DEBUG - Stopped GDALEnv <rasterio._env.GDALEnv object at 0x7f25b61bec20>.
2023-11-21 21:23:03,911 - rasterio.env - DEBUG - No GDAL environment exists
2023-11-21 21:23:03,911 - rasterio.env - DEBUG - New GDAL environment <rasterio._env.GDALEnv object at 0x7f25b61bec20> created
2023-11-21 21:23:03,912 - rasterio._env - DEBUG - GDAL data found in package: path='/home/swx/miniconda3/envs/present_weather/lib/python3.12/site-packages/rasterio/gdal_data'.
2023-11-21 21:23:03,912 - rasterio._env - DEBUG - PROJ_LIB found in environment.
2023-11-21 21:23:03,912 - rasterio._env - DEBUG - Started GDALEnv: self=<rasterio._env.GDALEnv object at 0x7f25b61bec20>.
2023-11-21 21:23:03,912 - rasterio.env - DEBUG - Exited env context: <rasterio.env.Env object at 0x7f25d6c133e0>
2023-11-21 21:23:03,944 - rasterio._io - DEBUG - Output nodata value read from file: nan
2023-11-21 21:23:03,945 - rasterio._io - DEBUG - Output nodata values: [nan]
2023-11-21 21:23:03,945 - rasterio._io - DEBUG - all_valid: False
2023-11-21 21:23:03,945 - rasterio._io - DEBUG - mask_flags: ([<MaskFlags.nodata: 8>],)
2023-11-21 21:23:03,946 - rasterio._io - DEBUG - Jump straight to _read()
2023-11-21 21:23:03,946 - rasterio._io - DEBUG - Window: Window(col_off=0, row_off=0, width=10215, height=3792)
2023-11-21 21:23:03,946 - rasterio._io - DEBUG - IO window xoff=0.0 yoff=0.0 width=10215.0 height=3792.0
2023-11-21 21:23:04,707 - rasterio.env - DEBUG - Exiting env context: <rasterio.env.Env object at 0x7f2574b3d2e0>
2023-11-21 21:23:04,707 - rasterio.env - DEBUG - Cleared existing <rasterio._env.GDALEnv object at 0x7f25b61bec20> options
2023-11-21 21:23:04,708 - rasterio._env - DEBUG - Stopped GDALEnv <rasterio._env.GDALEnv object at 0x7f25b61bec20>.
2023-11-21 21:23:04,708 - rasterio.env - DEBUG - Exiting outermost env
2023-11-21 21:23:04,708 - rasterio.env - DEBUG - Exited env context: <rasterio.env.Env object at 0x7f2574b3d2e0>
2023-11-21 21:23:04,710 - urllib3.connectionpool - DEBUG - Starting new HTTPS connection (1): radar.bmkg.go.id:8060
2023-11-21 21:23:04,774 - urllib3.connectionpool - DEBUG - https://radar.bmkg.go.id:8060 "GET /getLatestLD?typeData=1 HTTP/1.1" 200 108
2023-11-21 21:23:04,782 - asyncio - DEBUG - Using selector: EpollSelector
2023-11-21 21:23:11,417 - root - INFO - dask.bag<lambda, npartitions=34>
2023-11-21 21:23:15,185 - root - INFO - Total elapsed time: 0:00:11.570458
