2023-12-22 19:13:03,109 - root - INFO - Initiating present weather
2023-12-22 19:13:03,110 - asyncio - DEBUG - Using selector: EpollSelector
2023-12-22 19:13:04,798 - urllib3.connectionpool - DEBUG - Starting new HTTPS connection (1): radar.bmkg.go.id:8060
2023-12-22 19:13:04,818 - urllib3.connectionpool - DEBUG - https://radar.bmkg.go.id:8060 "GET /getLatestLD?typeData=1 HTTP/1.1" 200 62
2023-12-22 19:13:04,820 - urllib3.connectionpool - DEBUG - Starting new HTTPS connection (1): radar.bmkg.go.id:8060
2023-12-22 19:13:04,840 - urllib3.connectionpool - DEBUG - https://radar.bmkg.go.id:8060 "GET /getRadarGeotif?token=19387e71e78522ae4172ec0fda640983b8438c9cfa0ca571623cb69d8327&radar=amandemenForecast&type=latest HTTP/1.1" 200 90
2023-12-22 19:13:04,841 - rasterio.env - DEBUG - Entering env context: <rasterio.env.Env object at 0x7f2ddadb9600>
2023-12-22 19:13:04,842 - rasterio.env - DEBUG - Starting outermost env
2023-12-22 19:13:04,842 - rasterio.env - DEBUG - No GDAL environment exists
2023-12-22 19:13:04,842 - rasterio.env - DEBUG - New GDAL environment <rasterio._env.GDALEnv object at 0x7f2ddadb9630> created
2023-12-22 19:13:04,844 - rasterio._filepath - DEBUG - Installing FilePath filesystem handler plugin...
2023-12-22 19:13:04,844 - rasterio._env - DEBUG - GDAL data found in package: path='/home/metpublic/PYTHON_VENV/present_weather/lib/python3.10/site-packages/rasterio/gdal_data'.
2023-12-22 19:13:04,844 - rasterio._env - DEBUG - PROJ data found in package: path='/home/metpublic/PYTHON_VENV/present_weather/lib/python3.10/site-packages/rasterio/proj_data'.
2023-12-22 19:13:04,845 - rasterio._env - DEBUG - Started GDALEnv: self=<rasterio._env.GDALEnv object at 0x7f2ddadb9630>.
2023-12-22 19:13:04,845 - rasterio.env - DEBUG - Entered env context: <rasterio.env.Env object at 0x7f2ddadb9600>
2023-12-22 19:13:04,845 - rasterio._base - DEBUG - Sharing flag: 0
2023-12-22 19:13:05,175 - rasterio._base - DEBUG - Nodata success: 1, Nodata value: nan
2023-12-22 19:13:05,176 - rasterio._base - DEBUG - Dataset <open DatasetReader name='https://radar.bmkg.go.id/raster/radarsatelit_202312221900.tif' mode='r'> is started.
2023-12-22 19:13:05,176 - rasterio.env - DEBUG - Exiting env context: <rasterio.env.Env object at 0x7f2ddadb9600>
2023-12-22 19:13:05,176 - rasterio.env - DEBUG - Cleared existing <rasterio._env.GDALEnv object at 0x7f2ddadb9630> options
2023-12-22 19:13:05,176 - rasterio._env - DEBUG - Stopped GDALEnv <rasterio._env.GDALEnv object at 0x7f2ddadb9630>.
2023-12-22 19:13:05,177 - rasterio.env - DEBUG - Exiting outermost env
2023-12-22 19:13:05,177 - rasterio.env - DEBUG - Exited env context: <rasterio.env.Env object at 0x7f2ddadb9600>
2023-12-22 19:13:05,177 - rasterio.env - DEBUG - Entering env context: <rasterio.env.Env object at 0x7f2ddad710f0>
2023-12-22 19:13:05,177 - rasterio.env - DEBUG - Starting outermost env
2023-12-22 19:13:05,177 - rasterio.env - DEBUG - No GDAL environment exists
2023-12-22 19:13:05,177 - rasterio.env - DEBUG - New GDAL environment <rasterio._env.GDALEnv object at 0x7f2ddade0d60> created
2023-12-22 19:13:05,177 - rasterio._env - DEBUG - GDAL data found in package: path='/home/metpublic/PYTHON_VENV/present_weather/lib/python3.10/site-packages/rasterio/gdal_data'.
2023-12-22 19:13:05,177 - rasterio._env - DEBUG - PROJ data found in package: path='/home/metpublic/PYTHON_VENV/present_weather/lib/python3.10/site-packages/rasterio/proj_data'.
2023-12-22 19:13:05,178 - rasterio._env - DEBUG - Started GDALEnv: self=<rasterio._env.GDALEnv object at 0x7f2ddade0d60>.
2023-12-22 19:13:05,178 - rasterio.env - DEBUG - Entered env context: <rasterio.env.Env object at 0x7f2ddad710f0>
2023-12-22 19:13:05,178 - rasterio.env - DEBUG - Got a copy of environment <rasterio._env.GDALEnv object at 0x7f2ddade0d60> options
2023-12-22 19:13:05,178 - rasterio.env - DEBUG - Entering env context: <rasterio.env.Env object at 0x7f2dd8473130>
2023-12-22 19:13:05,178 - rasterio.env - DEBUG - Got a copy of environment <rasterio._env.GDALEnv object at 0x7f2ddade0d60> options
2023-12-22 19:13:05,178 - rasterio.env - DEBUG - Entered env context: <rasterio.env.Env object at 0x7f2dd8473130>
2023-12-22 19:13:05,179 - rasterio._base - DEBUG - Sharing flag: 0
2023-12-22 19:13:05,180 - rasterio._base - DEBUG - Nodata success: 1, Nodata value: nan
2023-12-22 19:13:05,180 - rasterio._base - DEBUG - Dataset <open DatasetReader name='https://radar.bmkg.go.id/raster/radarsatelit_202312221900.tif' mode='r'> is started.
2023-12-22 19:13:05,180 - rasterio.env - DEBUG - Exiting env context: <rasterio.env.Env object at 0x7f2dd8473130>
2023-12-22 19:13:05,180 - rasterio.env - DEBUG - Cleared existing <rasterio._env.GDALEnv object at 0x7f2ddade0d60> options
2023-12-22 19:13:05,180 - rasterio._env - DEBUG - Stopped GDALEnv <rasterio._env.GDALEnv object at 0x7f2ddade0d60>.
2023-12-22 19:13:05,180 - rasterio.env - DEBUG - No GDAL environment exists
2023-12-22 19:13:05,180 - rasterio.env - DEBUG - New GDAL environment <rasterio._env.GDALEnv object at 0x7f2ddade0d60> created
2023-12-22 19:13:05,181 - rasterio._env - DEBUG - GDAL data found in package: path='/home/metpublic/PYTHON_VENV/present_weather/lib/python3.10/site-packages/rasterio/gdal_data'.
2023-12-22 19:13:05,181 - rasterio._env - DEBUG - PROJ data found in package: path='/home/metpublic/PYTHON_VENV/present_weather/lib/python3.10/site-packages/rasterio/proj_data'.
2023-12-22 19:13:05,181 - rasterio._env - DEBUG - Started GDALEnv: self=<rasterio._env.GDALEnv object at 0x7f2ddade0d60>.
2023-12-22 19:13:05,181 - rasterio.env - DEBUG - Exited env context: <rasterio.env.Env object at 0x7f2dd8473130>
2023-12-22 19:13:05,197 - rasterio._io - DEBUG - Output nodata value read from file: nan
2023-12-22 19:13:05,198 - rasterio._io - DEBUG - Output nodata values: [nan]
2023-12-22 19:13:05,198 - rasterio._io - DEBUG - all_valid: False
2023-12-22 19:13:05,198 - rasterio._io - DEBUG - mask_flags: ([<MaskFlags.nodata: 8>],)
2023-12-22 19:13:05,198 - rasterio._io - DEBUG - Jump straight to _read()
2023-12-22 19:13:05,198 - rasterio._io - DEBUG - Window: Window(col_off=0, row_off=0, width=10176, height=3732)
2023-12-22 19:13:05,199 - rasterio._io - DEBUG - IO window xoff=0.0 yoff=0.0 width=10176.0 height=3732.0
2023-12-22 19:13:05,804 - rasterio.env - DEBUG - Exiting env context: <rasterio.env.Env object at 0x7f2ddad710f0>
2023-12-22 19:13:05,804 - rasterio.env - DEBUG - Cleared existing <rasterio._env.GDALEnv object at 0x7f2ddade0d60> options
2023-12-22 19:13:05,805 - rasterio._env - DEBUG - Stopped GDALEnv <rasterio._env.GDALEnv object at 0x7f2ddade0d60>.
2023-12-22 19:13:05,805 - rasterio.env - DEBUG - Exiting outermost env
2023-12-22 19:13:05,805 - rasterio.env - DEBUG - Exited env context: <rasterio.env.Env object at 0x7f2ddad710f0>
2023-12-22 19:17:54,981 - rasterio.env - DEBUG - Entering env context: <rasterio.env.Env object at 0x7f2dd82fa200>
2023-12-22 19:17:54,981 - rasterio.env - DEBUG - Starting outermost env
2023-12-22 19:17:54,982 - rasterio.env - DEBUG - No GDAL environment exists
2023-12-22 19:17:54,982 - rasterio.env - DEBUG - New GDAL environment <rasterio._env.GDALEnv object at 0x7f2dd826f010> created
2023-12-22 19:17:54,982 - rasterio._env - DEBUG - GDAL data found in package: path='/home/metpublic/PYTHON_VENV/present_weather/lib/python3.10/site-packages/rasterio/gdal_data'.
2023-12-22 19:17:54,983 - rasterio._env - DEBUG - PROJ data found in package: path='/home/metpublic/PYTHON_VENV/present_weather/lib/python3.10/site-packages/rasterio/proj_data'.
2023-12-22 19:17:54,983 - rasterio._env - DEBUG - Started GDALEnv: self=<rasterio._env.GDALEnv object at 0x7f2dd826f010>.
2023-12-22 19:17:54,983 - rasterio.env - DEBUG - Entered env context: <rasterio.env.Env object at 0x7f2dd82fa200>
2023-12-22 19:17:54,983 - rasterio._base - DEBUG - Sharing flag: 0
2023-12-22 19:17:54,985 - rasterio._base - DEBUG - Nodata success: 0, Nodata value: 0.000000
2023-12-22 19:17:54,985 - rasterio._base - DEBUG - Dataset <open DatasetReader name='/home/metpublic/TASK_RELEASE/EFAN/present_weather/src/H09_B13_Indonesia_20231222.Z1840.cor.tiff' mode='r'> is started.
2023-12-22 19:17:54,985 - rasterio.env - DEBUG - Exiting env context: <rasterio.env.Env object at 0x7f2dd82fa200>
2023-12-22 19:17:54,985 - rasterio.env - DEBUG - Cleared existing <rasterio._env.GDALEnv object at 0x7f2dd826f010> options
2023-12-22 19:17:54,985 - rasterio._env - DEBUG - Stopped GDALEnv <rasterio._env.GDALEnv object at 0x7f2dd826f010>.
2023-12-22 19:17:54,985 - rasterio.env - DEBUG - Exiting outermost env
2023-12-22 19:17:54,985 - rasterio.env - DEBUG - Exited env context: <rasterio.env.Env object at 0x7f2dd82fa200>
2023-12-22 19:17:54,986 - rasterio.env - DEBUG - Entering env context: <rasterio.env.Env object at 0x7f2dd826d600>
2023-12-22 19:17:54,986 - rasterio.env - DEBUG - Starting outermost env
2023-12-22 19:17:54,986 - rasterio.env - DEBUG - No GDAL environment exists
2023-12-22 19:17:54,986 - rasterio.env - DEBUG - New GDAL environment <rasterio._env.GDALEnv object at 0x7f2dd826f280> created
2023-12-22 19:17:54,987 - rasterio._env - DEBUG - GDAL data found in package: path='/home/metpublic/PYTHON_VENV/present_weather/lib/python3.10/site-packages/rasterio/gdal_data'.
2023-12-22 19:17:54,987 - rasterio._env - DEBUG - PROJ data found in package: path='/home/metpublic/PYTHON_VENV/present_weather/lib/python3.10/site-packages/rasterio/proj_data'.
2023-12-22 19:17:54,987 - rasterio._env - DEBUG - Started GDALEnv: self=<rasterio._env.GDALEnv object at 0x7f2dd826f280>.
2023-12-22 19:17:54,987 - rasterio.env - DEBUG - Entered env context: <rasterio.env.Env object at 0x7f2dd826d600>
2023-12-22 19:17:54,988 - rasterio._base - DEBUG - Sharing flag: 0
2023-12-22 19:17:54,989 - rasterio._base - DEBUG - Nodata success: 0, Nodata value: 0.000000
2023-12-22 19:17:54,989 - rasterio._base - DEBUG - Dataset <open DatasetReader name='/home/metpublic/TASK_RELEASE/EFAN/present_weather/src/H09_B13_Indonesia_20231222.Z1840.cor.tiff' mode='r'> is started.
2023-12-22 19:17:54,990 - rasterio.env - DEBUG - Exiting env context: <rasterio.env.Env object at 0x7f2dd826d600>
2023-12-22 19:17:54,990 - rasterio.env - DEBUG - Cleared existing <rasterio._env.GDALEnv object at 0x7f2dd826f280> options
2023-12-22 19:17:54,990 - rasterio._env - DEBUG - Stopped GDALEnv <rasterio._env.GDALEnv object at 0x7f2dd826f280>.
2023-12-22 19:17:54,990 - rasterio.env - DEBUG - Exiting outermost env
2023-12-22 19:17:54,990 - rasterio.env - DEBUG - Exited env context: <rasterio.env.Env object at 0x7f2dd826d600>
2023-12-22 19:17:55,006 - root - INFO - Generating present weather using SATELITE data
2023-12-22 19:20:07,231 - root - INFO - Total elapsed time: 0:07:04.123141
