2023-12-11 19:23:02,742 - root - INFO - Initiating present weather
2023-12-11 19:23:02,744 - asyncio - DEBUG - Using selector: EpollSelector
2023-12-11 19:23:04,239 - urllib3.connectionpool - DEBUG - Starting new HTTPS connection (1): radar.bmkg.go.id:8060
2023-12-11 19:23:04,254 - urllib3.connectionpool - DEBUG - https://radar.bmkg.go.id:8060 "GET /getLatestLD?typeData=1 HTTP/1.1" 200 62
2023-12-11 19:23:04,257 - urllib3.connectionpool - DEBUG - Starting new HTTPS connection (1): radar.bmkg.go.id:8060
2023-12-11 19:23:04,276 - urllib3.connectionpool - DEBUG - https://radar.bmkg.go.id:8060 "GET /getRadarGeotif?token=19387e71e78522ae4172ec0fda640983b8438c9cfa0ca571623cb69d8327&radar=amandemenForecast&type=latest HTTP/1.1" 200 90
2023-12-11 19:23:04,277 - rasterio.env - DEBUG - Entering env context: <rasterio.env.Env object at 0x7f4308402d70>
2023-12-11 19:23:04,277 - rasterio.env - DEBUG - Starting outermost env
2023-12-11 19:23:04,277 - rasterio.env - DEBUG - No GDAL environment exists
2023-12-11 19:23:04,277 - rasterio.env - DEBUG - New GDAL environment <rasterio._env.GDALEnv object at 0x7f4308402c80> created
2023-12-11 19:23:04,280 - rasterio._filepath - DEBUG - Installing FilePath filesystem handler plugin...
2023-12-11 19:23:04,280 - rasterio._env - DEBUG - GDAL data found in package: path='/home/metpublic/PYTHON_VENV/present_weather/lib/python3.10/site-packages/rasterio/gdal_data'.
2023-12-11 19:23:04,280 - rasterio._env - DEBUG - PROJ data found in package: path='/home/metpublic/PYTHON_VENV/present_weather/lib/python3.10/site-packages/rasterio/proj_data'.
2023-12-11 19:23:04,280 - rasterio._env - DEBUG - Started GDALEnv: self=<rasterio._env.GDALEnv object at 0x7f4308402c80>.
2023-12-11 19:23:04,280 - rasterio.env - DEBUG - Entered env context: <rasterio.env.Env object at 0x7f4308402d70>
2023-12-11 19:23:04,281 - rasterio._base - DEBUG - Sharing flag: 0
2023-12-11 19:23:04,567 - rasterio._base - DEBUG - Nodata success: 1, Nodata value: nan
2023-12-11 19:23:04,567 - rasterio._base - DEBUG - Dataset <open DatasetReader name='https://radar.bmkg.go.id/raster/radarsatelit_202312111530.tif' mode='r'> is started.
2023-12-11 19:23:04,568 - rasterio.env - DEBUG - Exiting env context: <rasterio.env.Env object at 0x7f4308402d70>
2023-12-11 19:23:04,568 - rasterio.env - DEBUG - Cleared existing <rasterio._env.GDALEnv object at 0x7f4308402c80> options
2023-12-11 19:23:04,568 - rasterio._env - DEBUG - Stopped GDALEnv <rasterio._env.GDALEnv object at 0x7f4308402c80>.
2023-12-11 19:23:04,568 - rasterio.env - DEBUG - Exiting outermost env
2023-12-11 19:23:04,568 - rasterio.env - DEBUG - Exited env context: <rasterio.env.Env object at 0x7f4308402d70>
2023-12-11 19:23:04,568 - rasterio.env - DEBUG - Entering env context: <rasterio.env.Env object at 0x7f4307a90760>
2023-12-11 19:23:04,568 - rasterio.env - DEBUG - Starting outermost env
2023-12-11 19:23:04,568 - rasterio.env - DEBUG - No GDAL environment exists
2023-12-11 19:23:04,568 - rasterio.env - DEBUG - New GDAL environment <rasterio._env.GDALEnv object at 0x7f4308402c80> created
2023-12-11 19:23:04,568 - rasterio._env - DEBUG - GDAL data found in package: path='/home/metpublic/PYTHON_VENV/present_weather/lib/python3.10/site-packages/rasterio/gdal_data'.
2023-12-11 19:23:04,569 - rasterio._env - DEBUG - PROJ data found in package: path='/home/metpublic/PYTHON_VENV/present_weather/lib/python3.10/site-packages/rasterio/proj_data'.
2023-12-11 19:23:04,569 - rasterio._env - DEBUG - Started GDALEnv: self=<rasterio._env.GDALEnv object at 0x7f4308402c80>.
2023-12-11 19:23:04,569 - rasterio.env - DEBUG - Entered env context: <rasterio.env.Env object at 0x7f4307a90760>
2023-12-11 19:23:04,569 - rasterio.env - DEBUG - Got a copy of environment <rasterio._env.GDALEnv object at 0x7f4308402c80> options
2023-12-11 19:23:04,569 - rasterio.env - DEBUG - Entering env context: <rasterio.env.Env object at 0x7f43041920e0>
2023-12-11 19:23:04,570 - rasterio.env - DEBUG - Got a copy of environment <rasterio._env.GDALEnv object at 0x7f4308402c80> options
2023-12-11 19:23:04,570 - rasterio.env - DEBUG - Entered env context: <rasterio.env.Env object at 0x7f43041920e0>
2023-12-11 19:23:04,570 - rasterio._base - DEBUG - Sharing flag: 0
2023-12-11 19:23:04,571 - rasterio._base - DEBUG - Nodata success: 1, Nodata value: nan
2023-12-11 19:23:04,571 - rasterio._base - DEBUG - Dataset <open DatasetReader name='https://radar.bmkg.go.id/raster/radarsatelit_202312111530.tif' mode='r'> is started.
2023-12-11 19:23:04,571 - rasterio.env - DEBUG - Exiting env context: <rasterio.env.Env object at 0x7f43041920e0>
2023-12-11 19:23:04,571 - rasterio.env - DEBUG - Cleared existing <rasterio._env.GDALEnv object at 0x7f4308402c80> options
2023-12-11 19:23:04,571 - rasterio._env - DEBUG - Stopped GDALEnv <rasterio._env.GDALEnv object at 0x7f4308402c80>.
2023-12-11 19:23:04,571 - rasterio.env - DEBUG - No GDAL environment exists
2023-12-11 19:23:04,571 - rasterio.env - DEBUG - New GDAL environment <rasterio._env.GDALEnv object at 0x7f4308402c80> created
2023-12-11 19:23:04,571 - rasterio._env - DEBUG - GDAL data found in package: path='/home/metpublic/PYTHON_VENV/present_weather/lib/python3.10/site-packages/rasterio/gdal_data'.
2023-12-11 19:23:04,572 - rasterio._env - DEBUG - PROJ data found in package: path='/home/metpublic/PYTHON_VENV/present_weather/lib/python3.10/site-packages/rasterio/proj_data'.
2023-12-11 19:23:04,572 - rasterio._env - DEBUG - Started GDALEnv: self=<rasterio._env.GDALEnv object at 0x7f4308402c80>.
2023-12-11 19:23:04,572 - rasterio.env - DEBUG - Exited env context: <rasterio.env.Env object at 0x7f43041920e0>
2023-12-11 19:23:04,591 - rasterio._io - DEBUG - Output nodata value read from file: nan
2023-12-11 19:23:04,591 - rasterio._io - DEBUG - Output nodata values: [nan]
2023-12-11 19:23:04,592 - rasterio._io - DEBUG - all_valid: False
2023-12-11 19:23:04,592 - rasterio._io - DEBUG - mask_flags: ([<MaskFlags.nodata: 8>],)
2023-12-11 19:23:04,592 - rasterio._io - DEBUG - Jump straight to _read()
2023-12-11 19:23:04,592 - rasterio._io - DEBUG - Window: Window(col_off=0, row_off=0, width=10215, height=3792)
2023-12-11 19:23:04,592 - rasterio._io - DEBUG - IO window xoff=0.0 yoff=0.0 width=10215.0 height=3792.0
2023-12-11 19:23:05,193 - rasterio.env - DEBUG - Exiting env context: <rasterio.env.Env object at 0x7f4307a90760>
2023-12-11 19:23:05,193 - rasterio.env - DEBUG - Cleared existing <rasterio._env.GDALEnv object at 0x7f4308402c80> options
2023-12-11 19:23:05,193 - rasterio._env - DEBUG - Stopped GDALEnv <rasterio._env.GDALEnv object at 0x7f4308402c80>.
2023-12-11 19:23:05,193 - rasterio.env - DEBUG - Exiting outermost env
2023-12-11 19:23:05,193 - rasterio.env - DEBUG - Exited env context: <rasterio.env.Env object at 0x7f4307a90760>
2023-12-11 19:29:40,431 - root - INFO - Total elapsed time: 0:06:37.689031
