2023-11-26 17:43:03,229 - root - INFO - Initiating present weather
2023-11-26 17:43:03,233 - asyncio - DEBUG - Using selector: EpollSelector
2023-11-26 17:43:06,523 - urllib3.connectionpool - DEBUG - Starting new HTTPS connection (1): radar.bmkg.go.id:8060
2023-11-26 17:43:06,588 - urllib3.connectionpool - DEBUG - https://radar.bmkg.go.id:8060 "GET /getRadarGeotif?token=19387e71e78522ae4172ec0fda640983b8438c9cfa0ca571623cb69d8327&radar=amandemenForecast&type=latest HTTP/1.1" 200 90
2023-11-26 17:43:06,591 - rasterio.env - DEBUG - Entering env context: <rasterio.env.Env object at 0x7fccda54dee0>
2023-11-26 17:43:06,592 - rasterio.env - DEBUG - Starting outermost env
2023-11-26 17:43:06,592 - rasterio.env - DEBUG - No GDAL environment exists
2023-11-26 17:43:06,592 - rasterio.env - DEBUG - New GDAL environment <rasterio._env.GDALEnv object at 0x7fccd992ba00> created
2023-11-26 17:43:06,596 - rasterio._filepath - DEBUG - Installing FilePath filesystem handler plugin...
2023-11-26 17:43:06,596 - rasterio._env - DEBUG - GDAL data found in package: path='/home/swx/miniconda3/envs/present_weather/lib/python3.12/site-packages/rasterio/gdal_data'.
2023-11-26 17:43:06,597 - rasterio._env - DEBUG - PROJ_LIB found in environment.
2023-11-26 17:43:06,597 - rasterio._env - DEBUG - Started GDALEnv: self=<rasterio._env.GDALEnv object at 0x7fccd992ba00>.
2023-11-26 17:43:06,597 - rasterio.env - DEBUG - Entered env context: <rasterio.env.Env object at 0x7fccda54dee0>
2023-11-26 17:43:06,597 - rasterio._base - DEBUG - Sharing flag: 0
2023-11-26 17:43:06,794 - rasterio._base - DEBUG - Nodata success: 1, Nodata value: nan
2023-11-26 17:43:06,794 - rasterio._base - DEBUG - Dataset <open DatasetReader name='https://radar.bmkg.go.id/raster/radarsatelit_202311261740.tif' mode='r'> is started.
2023-11-26 17:43:06,795 - rasterio.env - DEBUG - Exiting env context: <rasterio.env.Env object at 0x7fccda54dee0>
2023-11-26 17:43:06,795 - rasterio.env - DEBUG - Cleared existing <rasterio._env.GDALEnv object at 0x7fccd992ba00> options
2023-11-26 17:43:06,795 - rasterio._env - DEBUG - Stopped GDALEnv <rasterio._env.GDALEnv object at 0x7fccd992ba00>.
2023-11-26 17:43:06,795 - rasterio.env - DEBUG - Exiting outermost env
2023-11-26 17:43:06,795 - rasterio.env - DEBUG - Exited env context: <rasterio.env.Env object at 0x7fccda54dee0>
2023-11-26 17:43:06,795 - rasterio.env - DEBUG - Entering env context: <rasterio.env.Env object at 0x7fccd99aa690>
2023-11-26 17:43:06,795 - rasterio.env - DEBUG - Starting outermost env
2023-11-26 17:43:06,796 - rasterio.env - DEBUG - No GDAL environment exists
2023-11-26 17:43:06,796 - rasterio.env - DEBUG - New GDAL environment <rasterio._env.GDALEnv object at 0x7fccd9904670> created
2023-11-26 17:43:06,797 - rasterio._env - DEBUG - GDAL data found in package: path='/home/swx/miniconda3/envs/present_weather/lib/python3.12/site-packages/rasterio/gdal_data'.
2023-11-26 17:43:06,797 - rasterio._env - DEBUG - PROJ_LIB found in environment.
2023-11-26 17:43:06,797 - rasterio._env - DEBUG - Started GDALEnv: self=<rasterio._env.GDALEnv object at 0x7fccd9904670>.
2023-11-26 17:43:06,797 - rasterio.env - DEBUG - Entered env context: <rasterio.env.Env object at 0x7fccd99aa690>
2023-11-26 17:43:06,798 - rasterio.env - DEBUG - Got a copy of environment <rasterio._env.GDALEnv object at 0x7fccd9904670> options
2023-11-26 17:43:06,798 - rasterio.env - DEBUG - Entering env context: <rasterio.env.Env object at 0x7fccda54deb0>
2023-11-26 17:43:06,798 - rasterio.env - DEBUG - Got a copy of environment <rasterio._env.GDALEnv object at 0x7fccd9904670> options
2023-11-26 17:43:06,798 - rasterio.env - DEBUG - Entered env context: <rasterio.env.Env object at 0x7fccda54deb0>
2023-11-26 17:43:06,798 - rasterio._base - DEBUG - Sharing flag: 0
2023-11-26 17:43:06,799 - rasterio._base - DEBUG - Nodata success: 1, Nodata value: nan
2023-11-26 17:43:06,799 - rasterio._base - DEBUG - Dataset <open DatasetReader name='https://radar.bmkg.go.id/raster/radarsatelit_202311261740.tif' mode='r'> is started.
2023-11-26 17:43:06,799 - rasterio.env - DEBUG - Exiting env context: <rasterio.env.Env object at 0x7fccda54deb0>
2023-11-26 17:43:06,799 - rasterio.env - DEBUG - Cleared existing <rasterio._env.GDALEnv object at 0x7fccd9904670> options
2023-11-26 17:43:06,800 - rasterio._env - DEBUG - Stopped GDALEnv <rasterio._env.GDALEnv object at 0x7fccd9904670>.
2023-11-26 17:43:06,800 - rasterio.env - DEBUG - No GDAL environment exists
2023-11-26 17:43:06,800 - rasterio.env - DEBUG - New GDAL environment <rasterio._env.GDALEnv object at 0x7fccd9904670> created
2023-11-26 17:43:06,800 - rasterio._env - DEBUG - GDAL data found in package: path='/home/swx/miniconda3/envs/present_weather/lib/python3.12/site-packages/rasterio/gdal_data'.
2023-11-26 17:43:06,800 - rasterio._env - DEBUG - PROJ_LIB found in environment.
2023-11-26 17:43:06,800 - rasterio._env - DEBUG - Started GDALEnv: self=<rasterio._env.GDALEnv object at 0x7fccd9904670>.
2023-11-26 17:43:06,800 - rasterio.env - DEBUG - Exited env context: <rasterio.env.Env object at 0x7fccda54deb0>
2023-11-26 17:43:06,824 - rasterio._io - DEBUG - Output nodata value read from file: nan
2023-11-26 17:43:06,824 - rasterio._io - DEBUG - Output nodata values: [nan]
2023-11-26 17:43:06,824 - rasterio._io - DEBUG - all_valid: False
2023-11-26 17:43:06,824 - rasterio._io - DEBUG - mask_flags: ([<MaskFlags.nodata: 8>],)
2023-11-26 17:43:06,825 - rasterio._io - DEBUG - Jump straight to _read()
2023-11-26 17:43:06,825 - rasterio._io - DEBUG - Window: Window(col_off=0, row_off=0, width=10215, height=3792)
2023-11-26 17:43:06,825 - rasterio._io - DEBUG - IO window xoff=0.0 yoff=0.0 width=10215.0 height=3792.0
2023-11-26 17:43:07,683 - rasterio.env - DEBUG - Exiting env context: <rasterio.env.Env object at 0x7fccd99aa690>
2023-11-26 17:43:07,684 - rasterio.env - DEBUG - Cleared existing <rasterio._env.GDALEnv object at 0x7fccd9904670> options
2023-11-26 17:43:07,684 - rasterio._env - DEBUG - Stopped GDALEnv <rasterio._env.GDALEnv object at 0x7fccd9904670>.
2023-11-26 17:43:07,684 - rasterio.env - DEBUG - Exiting outermost env
2023-11-26 17:43:07,684 - rasterio.env - DEBUG - Exited env context: <rasterio.env.Env object at 0x7fccd99aa690>
2023-11-26 17:43:07,686 - urllib3.connectionpool - DEBUG - Starting new HTTPS connection (1): radar.bmkg.go.id:8060
2023-11-26 17:43:07,734 - urllib3.connectionpool - DEBUG - https://radar.bmkg.go.id:8060 "GET /getLatestLD?typeData=1 HTTP/1.1" 200 9918
2023-11-26 17:43:07,746 - root - INFO - Generating present weather using RADAR data
2023-11-26 17:43:11,149 - root - INFO - dask.bag<lambda, npartitions=20>
2023-11-26 17:56:06,059 - root - INFO - Total elapsed time: 0:13:02.831357
