2023-12-22 21:53:02,757 - root - INFO - Initiating present weather
2023-12-22 21:53:02,759 - asyncio - DEBUG - Using selector: EpollSelector
2023-12-22 21:53:04,466 - urllib3.connectionpool - DEBUG - Starting new HTTPS connection (1): radar.bmkg.go.id:8060
2023-12-22 21:53:04,480 - urllib3.connectionpool - DEBUG - https://radar.bmkg.go.id:8060 "GET /getLatestLD?typeData=1 HTTP/1.1" 200 62
2023-12-22 21:53:04,482 - urllib3.connectionpool - DEBUG - Starting new HTTPS connection (1): radar.bmkg.go.id:8060
2023-12-22 21:53:04,501 - urllib3.connectionpool - DEBUG - https://radar.bmkg.go.id:8060 "GET /getRadarGeotif?token=19387e71e78522ae4172ec0fda640983b8438c9cfa0ca571623cb69d8327&radar=amandemenForecast&type=latest HTTP/1.1" 200 90
2023-12-22 21:53:04,502 - rasterio.env - DEBUG - Entering env context: <rasterio.env.Env object at 0x7f8349c9bca0>
2023-12-22 21:53:04,503 - rasterio.env - DEBUG - Starting outermost env
2023-12-22 21:53:04,503 - rasterio.env - DEBUG - No GDAL environment exists
2023-12-22 21:53:04,503 - rasterio.env - DEBUG - New GDAL environment <rasterio._env.GDALEnv object at 0x7f8349c9ba90> created
2023-12-22 21:53:04,505 - rasterio._filepath - DEBUG - Installing FilePath filesystem handler plugin...
2023-12-22 21:53:04,505 - rasterio._env - DEBUG - GDAL data found in package: path='/home/metpublic/PYTHON_VENV/present_weather/lib/python3.10/site-packages/rasterio/gdal_data'.
2023-12-22 21:53:04,506 - rasterio._env - DEBUG - PROJ data found in package: path='/home/metpublic/PYTHON_VENV/present_weather/lib/python3.10/site-packages/rasterio/proj_data'.
2023-12-22 21:53:04,506 - rasterio._env - DEBUG - Started GDALEnv: self=<rasterio._env.GDALEnv object at 0x7f8349c9ba90>.
2023-12-22 21:53:04,506 - rasterio.env - DEBUG - Entered env context: <rasterio.env.Env object at 0x7f8349c9bca0>
2023-12-22 21:53:04,506 - rasterio._base - DEBUG - Sharing flag: 0
2023-12-22 21:53:04,839 - rasterio._base - DEBUG - Nodata success: 1, Nodata value: nan
2023-12-22 21:53:04,839 - rasterio._base - DEBUG - Dataset <open DatasetReader name='https://radar.bmkg.go.id/raster/radarsatelit_202312222140.tif' mode='r'> is started.
2023-12-22 21:53:04,840 - rasterio.env - DEBUG - Exiting env context: <rasterio.env.Env object at 0x7f8349c9bca0>
2023-12-22 21:53:04,840 - rasterio.env - DEBUG - Cleared existing <rasterio._env.GDALEnv object at 0x7f8349c9ba90> options
2023-12-22 21:53:04,840 - rasterio._env - DEBUG - Stopped GDALEnv <rasterio._env.GDALEnv object at 0x7f8349c9ba90>.
2023-12-22 21:53:04,840 - rasterio.env - DEBUG - Exiting outermost env
2023-12-22 21:53:04,840 - rasterio.env - DEBUG - Exited env context: <rasterio.env.Env object at 0x7f8349c9bca0>
2023-12-22 21:53:04,840 - rasterio.env - DEBUG - Entering env context: <rasterio.env.Env object at 0x7f8349319720>
2023-12-22 21:53:04,840 - rasterio.env - DEBUG - Starting outermost env
2023-12-22 21:53:04,840 - rasterio.env - DEBUG - No GDAL environment exists
2023-12-22 21:53:04,840 - rasterio.env - DEBUG - New GDAL environment <rasterio._env.GDALEnv object at 0x7f8349c9ba90> created
2023-12-22 21:53:04,841 - rasterio._env - DEBUG - GDAL data found in package: path='/home/metpublic/PYTHON_VENV/present_weather/lib/python3.10/site-packages/rasterio/gdal_data'.
2023-12-22 21:53:04,841 - rasterio._env - DEBUG - PROJ data found in package: path='/home/metpublic/PYTHON_VENV/present_weather/lib/python3.10/site-packages/rasterio/proj_data'.
2023-12-22 21:53:04,841 - rasterio._env - DEBUG - Started GDALEnv: self=<rasterio._env.GDALEnv object at 0x7f8349c9ba90>.
2023-12-22 21:53:04,841 - rasterio.env - DEBUG - Entered env context: <rasterio.env.Env object at 0x7f8349319720>
2023-12-22 21:53:04,841 - rasterio.env - DEBUG - Got a copy of environment <rasterio._env.GDALEnv object at 0x7f8349c9ba90> options
2023-12-22 21:53:04,842 - rasterio.env - DEBUG - Entering env context: <rasterio.env.Env object at 0x7f834821b2b0>
2023-12-22 21:53:04,842 - rasterio.env - DEBUG - Got a copy of environment <rasterio._env.GDALEnv object at 0x7f8349c9ba90> options
2023-12-22 21:53:04,842 - rasterio.env - DEBUG - Entered env context: <rasterio.env.Env object at 0x7f834821b2b0>
2023-12-22 21:53:04,842 - rasterio._base - DEBUG - Sharing flag: 0
2023-12-22 21:53:04,843 - rasterio._base - DEBUG - Nodata success: 1, Nodata value: nan
2023-12-22 21:53:04,843 - rasterio._base - DEBUG - Dataset <open DatasetReader name='https://radar.bmkg.go.id/raster/radarsatelit_202312222140.tif' mode='r'> is started.
2023-12-22 21:53:04,843 - rasterio.env - DEBUG - Exiting env context: <rasterio.env.Env object at 0x7f834821b2b0>
2023-12-22 21:53:04,843 - rasterio.env - DEBUG - Cleared existing <rasterio._env.GDALEnv object at 0x7f8349c9ba90> options
2023-12-22 21:53:04,843 - rasterio._env - DEBUG - Stopped GDALEnv <rasterio._env.GDALEnv object at 0x7f8349c9ba90>.
2023-12-22 21:53:04,843 - rasterio.env - DEBUG - No GDAL environment exists
2023-12-22 21:53:04,843 - rasterio.env - DEBUG - New GDAL environment <rasterio._env.GDALEnv object at 0x7f8349c9ba90> created
2023-12-22 21:53:04,843 - rasterio._env - DEBUG - GDAL data found in package: path='/home/metpublic/PYTHON_VENV/present_weather/lib/python3.10/site-packages/rasterio/gdal_data'.
2023-12-22 21:53:04,843 - rasterio._env - DEBUG - PROJ data found in package: path='/home/metpublic/PYTHON_VENV/present_weather/lib/python3.10/site-packages/rasterio/proj_data'.
2023-12-22 21:53:04,844 - rasterio._env - DEBUG - Started GDALEnv: self=<rasterio._env.GDALEnv object at 0x7f8349c9ba90>.
2023-12-22 21:53:04,844 - rasterio.env - DEBUG - Exited env context: <rasterio.env.Env object at 0x7f834821b2b0>
2023-12-22 21:53:04,863 - rasterio._io - DEBUG - Output nodata value read from file: nan
2023-12-22 21:53:04,864 - rasterio._io - DEBUG - Output nodata values: [nan]
2023-12-22 21:53:04,864 - rasterio._io - DEBUG - all_valid: False
2023-12-22 21:53:04,864 - rasterio._io - DEBUG - mask_flags: ([<MaskFlags.nodata: 8>],)
2023-12-22 21:53:04,864 - rasterio._io - DEBUG - Jump straight to _read()
2023-12-22 21:53:04,864 - rasterio._io - DEBUG - Window: Window(col_off=0, row_off=0, width=10176, height=3732)
2023-12-22 21:53:04,864 - rasterio._io - DEBUG - IO window xoff=0.0 yoff=0.0 width=10176.0 height=3732.0
2023-12-22 21:53:05,410 - rasterio.env - DEBUG - Exiting env context: <rasterio.env.Env object at 0x7f8349319720>
2023-12-22 21:53:05,410 - rasterio.env - DEBUG - Cleared existing <rasterio._env.GDALEnv object at 0x7f8349c9ba90> options
2023-12-22 21:53:05,410 - rasterio._env - DEBUG - Stopped GDALEnv <rasterio._env.GDALEnv object at 0x7f8349c9ba90>.
2023-12-22 21:53:05,410 - rasterio.env - DEBUG - Exiting outermost env
2023-12-22 21:53:05,410 - rasterio.env - DEBUG - Exited env context: <rasterio.env.Env object at 0x7f8349319720>
2023-12-22 21:57:09,257 - rasterio.env - DEBUG - Entering env context: <rasterio.env.Env object at 0x7f83482afee0>
2023-12-22 21:57:09,257 - rasterio.env - DEBUG - Starting outermost env
2023-12-22 21:57:09,257 - rasterio.env - DEBUG - No GDAL environment exists
2023-12-22 21:57:09,257 - rasterio.env - DEBUG - New GDAL environment <rasterio._env.GDALEnv object at 0x7f83482ac8b0> created
2023-12-22 21:57:09,258 - rasterio._env - DEBUG - GDAL data found in package: path='/home/metpublic/PYTHON_VENV/present_weather/lib/python3.10/site-packages/rasterio/gdal_data'.
2023-12-22 21:57:09,258 - rasterio._env - DEBUG - PROJ data found in package: path='/home/metpublic/PYTHON_VENV/present_weather/lib/python3.10/site-packages/rasterio/proj_data'.
2023-12-22 21:57:09,259 - rasterio._env - DEBUG - Started GDALEnv: self=<rasterio._env.GDALEnv object at 0x7f83482ac8b0>.
2023-12-22 21:57:09,259 - rasterio.env - DEBUG - Entered env context: <rasterio.env.Env object at 0x7f83482afee0>
2023-12-22 21:57:09,259 - rasterio._base - DEBUG - Sharing flag: 0
2023-12-22 21:57:09,260 - rasterio._base - DEBUG - Nodata success: 0, Nodata value: 0.000000
2023-12-22 21:57:09,260 - rasterio._base - DEBUG - Dataset <open DatasetReader name='/home/metpublic/TASK_RELEASE/EFAN/present_weather/src/H09_B13_Indonesia_20231222.Z2120.cor.tiff' mode='r'> is started.
2023-12-22 21:57:09,260 - rasterio.env - DEBUG - Exiting env context: <rasterio.env.Env object at 0x7f83482afee0>
2023-12-22 21:57:09,260 - rasterio.env - DEBUG - Cleared existing <rasterio._env.GDALEnv object at 0x7f83482ac8b0> options
2023-12-22 21:57:09,260 - rasterio._env - DEBUG - Stopped GDALEnv <rasterio._env.GDALEnv object at 0x7f83482ac8b0>.
2023-12-22 21:57:09,261 - rasterio.env - DEBUG - Exiting outermost env
2023-12-22 21:57:09,261 - rasterio.env - DEBUG - Exited env context: <rasterio.env.Env object at 0x7f83482afee0>
2023-12-22 21:57:09,261 - rasterio.env - DEBUG - Entering env context: <rasterio.env.Env object at 0x7f8338756a40>
2023-12-22 21:57:09,261 - rasterio.env - DEBUG - Starting outermost env
2023-12-22 21:57:09,261 - rasterio.env - DEBUG - No GDAL environment exists
2023-12-22 21:57:09,261 - rasterio.env - DEBUG - New GDAL environment <rasterio._env.GDALEnv object at 0x7f8338754820> created
2023-12-22 21:57:09,262 - rasterio._env - DEBUG - GDAL data found in package: path='/home/metpublic/PYTHON_VENV/present_weather/lib/python3.10/site-packages/rasterio/gdal_data'.
2023-12-22 21:57:09,262 - rasterio._env - DEBUG - PROJ data found in package: path='/home/metpublic/PYTHON_VENV/present_weather/lib/python3.10/site-packages/rasterio/proj_data'.
2023-12-22 21:57:09,262 - rasterio._env - DEBUG - Started GDALEnv: self=<rasterio._env.GDALEnv object at 0x7f8338754820>.
2023-12-22 21:57:09,262 - rasterio.env - DEBUG - Entered env context: <rasterio.env.Env object at 0x7f8338756a40>
2023-12-22 21:57:09,262 - rasterio._base - DEBUG - Sharing flag: 0
2023-12-22 21:57:09,263 - rasterio._base - DEBUG - Nodata success: 0, Nodata value: 0.000000
2023-12-22 21:57:09,263 - rasterio._base - DEBUG - Dataset <open DatasetReader name='/home/metpublic/TASK_RELEASE/EFAN/present_weather/src/H09_B13_Indonesia_20231222.Z2120.cor.tiff' mode='r'> is started.
2023-12-22 21:57:09,263 - rasterio.env - DEBUG - Exiting env context: <rasterio.env.Env object at 0x7f8338756a40>
2023-12-22 21:57:09,263 - rasterio.env - DEBUG - Cleared existing <rasterio._env.GDALEnv object at 0x7f8338754820> options
2023-12-22 21:57:09,263 - rasterio._env - DEBUG - Stopped GDALEnv <rasterio._env.GDALEnv object at 0x7f8338754820>.
2023-12-22 21:57:09,263 - rasterio.env - DEBUG - Exiting outermost env
2023-12-22 21:57:09,263 - rasterio.env - DEBUG - Exited env context: <rasterio.env.Env object at 0x7f8338756a40>
2023-12-22 21:57:09,278 - root - INFO - Generating present weather using SATELITE data
2023-12-22 21:58:34,199 - root - INFO - Total elapsed time: 0:05:31.442136
