2023-12-02 19:23:02,918 - root - INFO - Initiating present weather
2023-12-02 19:23:02,920 - asyncio - DEBUG - Using selector: EpollSelector
2023-12-02 19:23:04,468 - urllib3.connectionpool - DEBUG - Starting new HTTPS connection (1): radar.bmkg.go.id:8060
2023-12-02 19:23:04,487 - urllib3.connectionpool - DEBUG - https://radar.bmkg.go.id:8060 "GET /getLatestLD?typeData=1 HTTP/1.1" 200 62
2023-12-02 19:23:04,489 - urllib3.connectionpool - DEBUG - Starting new HTTPS connection (1): radar.bmkg.go.id:8060
2023-12-02 19:23:04,513 - urllib3.connectionpool - DEBUG - https://radar.bmkg.go.id:8060 "GET /getRadarGeotif?token=19387e71e78522ae4172ec0fda640983b8438c9cfa0ca571623cb69d8327&radar=amandemenForecast&type=latest HTTP/1.1" 200 90
2023-12-02 19:23:04,514 - rasterio.env - DEBUG - Entering env context: <rasterio.env.Env object at 0x7fbc756d8880>
2023-12-02 19:23:04,515 - rasterio.env - DEBUG - Starting outermost env
2023-12-02 19:23:04,515 - rasterio.env - DEBUG - No GDAL environment exists
2023-12-02 19:23:04,515 - rasterio.env - DEBUG - New GDAL environment <rasterio._env.GDALEnv object at 0x7fbc756dbd30> created
2023-12-02 19:23:04,518 - rasterio._filepath - DEBUG - Installing FilePath filesystem handler plugin...
2023-12-02 19:23:04,518 - rasterio._env - DEBUG - GDAL data found in package: path='/home/metpublic/PYTHON_VENV/present_weather/lib/python3.10/site-packages/rasterio/gdal_data'.
2023-12-02 19:23:04,518 - rasterio._env - DEBUG - PROJ data found in package: path='/home/metpublic/PYTHON_VENV/present_weather/lib/python3.10/site-packages/rasterio/proj_data'.
2023-12-02 19:23:04,518 - rasterio._env - DEBUG - Started GDALEnv: self=<rasterio._env.GDALEnv object at 0x7fbc756dbd30>.
2023-12-02 19:23:04,518 - rasterio.env - DEBUG - Entered env context: <rasterio.env.Env object at 0x7fbc756d8880>
2023-12-02 19:23:04,518 - rasterio._base - DEBUG - Sharing flag: 0
2023-12-02 19:23:04,729 - rasterio._base - DEBUG - Nodata success: 1, Nodata value: nan
2023-12-02 19:23:04,729 - rasterio._base - DEBUG - Dataset <open DatasetReader name='https://radar.bmkg.go.id/raster/radarsatelit_202312021920.tif' mode='r'> is started.
2023-12-02 19:23:04,730 - rasterio.env - DEBUG - Exiting env context: <rasterio.env.Env object at 0x7fbc756d8880>
2023-12-02 19:23:04,730 - rasterio.env - DEBUG - Cleared existing <rasterio._env.GDALEnv object at 0x7fbc756dbd30> options
2023-12-02 19:23:04,730 - rasterio._env - DEBUG - Stopped GDALEnv <rasterio._env.GDALEnv object at 0x7fbc756dbd30>.
2023-12-02 19:23:04,730 - rasterio.env - DEBUG - Exiting outermost env
2023-12-02 19:23:04,730 - rasterio.env - DEBUG - Exited env context: <rasterio.env.Env object at 0x7fbc756d8880>
2023-12-02 19:23:04,730 - rasterio.env - DEBUG - Entering env context: <rasterio.env.Env object at 0x7fbc756985e0>
2023-12-02 19:23:04,730 - rasterio.env - DEBUG - Starting outermost env
2023-12-02 19:23:04,730 - rasterio.env - DEBUG - No GDAL environment exists
2023-12-02 19:23:04,730 - rasterio.env - DEBUG - New GDAL environment <rasterio._env.GDALEnv object at 0x7fbc756dbd30> created
2023-12-02 19:23:04,731 - rasterio._env - DEBUG - GDAL data found in package: path='/home/metpublic/PYTHON_VENV/present_weather/lib/python3.10/site-packages/rasterio/gdal_data'.
2023-12-02 19:23:04,731 - rasterio._env - DEBUG - PROJ data found in package: path='/home/metpublic/PYTHON_VENV/present_weather/lib/python3.10/site-packages/rasterio/proj_data'.
2023-12-02 19:23:04,731 - rasterio._env - DEBUG - Started GDALEnv: self=<rasterio._env.GDALEnv object at 0x7fbc756dbd30>.
2023-12-02 19:23:04,731 - rasterio.env - DEBUG - Entered env context: <rasterio.env.Env object at 0x7fbc756985e0>
2023-12-02 19:23:04,731 - rasterio.env - DEBUG - Got a copy of environment <rasterio._env.GDALEnv object at 0x7fbc756dbd30> options
2023-12-02 19:23:04,732 - rasterio.env - DEBUG - Entering env context: <rasterio.env.Env object at 0x7fbc745aa1d0>
2023-12-02 19:23:04,732 - rasterio.env - DEBUG - Got a copy of environment <rasterio._env.GDALEnv object at 0x7fbc756dbd30> options
2023-12-02 19:23:04,732 - rasterio.env - DEBUG - Entered env context: <rasterio.env.Env object at 0x7fbc745aa1d0>
2023-12-02 19:23:04,732 - rasterio._base - DEBUG - Sharing flag: 0
2023-12-02 19:23:04,733 - rasterio._base - DEBUG - Nodata success: 1, Nodata value: nan
2023-12-02 19:23:04,733 - rasterio._base - DEBUG - Dataset <open DatasetReader name='https://radar.bmkg.go.id/raster/radarsatelit_202312021920.tif' mode='r'> is started.
2023-12-02 19:23:04,733 - rasterio.env - DEBUG - Exiting env context: <rasterio.env.Env object at 0x7fbc745aa1d0>
2023-12-02 19:23:04,733 - rasterio.env - DEBUG - Cleared existing <rasterio._env.GDALEnv object at 0x7fbc756dbd30> options
2023-12-02 19:23:04,733 - rasterio._env - DEBUG - Stopped GDALEnv <rasterio._env.GDALEnv object at 0x7fbc756dbd30>.
2023-12-02 19:23:04,733 - rasterio.env - DEBUG - No GDAL environment exists
2023-12-02 19:23:04,733 - rasterio.env - DEBUG - New GDAL environment <rasterio._env.GDALEnv object at 0x7fbc756dbd30> created
2023-12-02 19:23:04,734 - rasterio._env - DEBUG - GDAL data found in package: path='/home/metpublic/PYTHON_VENV/present_weather/lib/python3.10/site-packages/rasterio/gdal_data'.
2023-12-02 19:23:04,734 - rasterio._env - DEBUG - PROJ data found in package: path='/home/metpublic/PYTHON_VENV/present_weather/lib/python3.10/site-packages/rasterio/proj_data'.
2023-12-02 19:23:04,734 - rasterio._env - DEBUG - Started GDALEnv: self=<rasterio._env.GDALEnv object at 0x7fbc756dbd30>.
2023-12-02 19:23:04,734 - rasterio.env - DEBUG - Exited env context: <rasterio.env.Env object at 0x7fbc745aa1d0>
2023-12-02 19:23:04,750 - rasterio._io - DEBUG - Output nodata value read from file: nan
2023-12-02 19:23:04,750 - rasterio._io - DEBUG - Output nodata values: [nan]
2023-12-02 19:23:04,751 - rasterio._io - DEBUG - all_valid: False
2023-12-02 19:23:04,751 - rasterio._io - DEBUG - mask_flags: ([<MaskFlags.nodata: 8>],)
2023-12-02 19:23:04,751 - rasterio._io - DEBUG - Jump straight to _read()
2023-12-02 19:23:04,751 - rasterio._io - DEBUG - Window: Window(col_off=0, row_off=0, width=10215, height=3792)
2023-12-02 19:23:04,752 - rasterio._io - DEBUG - IO window xoff=0.0 yoff=0.0 width=10215.0 height=3792.0
2023-12-02 19:23:05,333 - rasterio.env - DEBUG - Exiting env context: <rasterio.env.Env object at 0x7fbc756985e0>
2023-12-02 19:23:05,333 - rasterio.env - DEBUG - Cleared existing <rasterio._env.GDALEnv object at 0x7fbc756dbd30> options
2023-12-02 19:23:05,333 - rasterio._env - DEBUG - Stopped GDALEnv <rasterio._env.GDALEnv object at 0x7fbc756dbd30>.
2023-12-02 19:23:05,333 - rasterio.env - DEBUG - Exiting outermost env
2023-12-02 19:23:05,333 - rasterio.env - DEBUG - Exited env context: <rasterio.env.Env object at 0x7fbc756985e0>
2023-12-02 19:29:31,918 - root - INFO - Total elapsed time: 0:06:29.000365
