2023-11-20 17:23:03,631 - root - INFO - Initiating present weather
2023-11-20 17:23:03,635 - urllib3.connectionpool - DEBUG - Starting new HTTPS connection (1): radar.bmkg.go.id:8060
2023-11-20 17:23:03,711 - urllib3.connectionpool - DEBUG - https://radar.bmkg.go.id:8060 "GET /getRadarGeotif?token=19387e71e78522ae4172ec0fda640983b8438c9cfa0ca571623cb69d8327&radar=amandemenForecast&type=latest HTTP/1.1" 200 90
2023-11-20 17:23:03,714 - rasterio.env - DEBUG - Entering env context: <rasterio.env.Env object at 0x7f0730bf92e0>
2023-11-20 17:23:03,715 - rasterio.env - DEBUG - Starting outermost env
2023-11-20 17:23:03,715 - rasterio.env - DEBUG - No GDAL environment exists
2023-11-20 17:23:03,716 - rasterio.env - DEBUG - New GDAL environment <rasterio._env.GDALEnv object at 0x7f0730b66d40> created
2023-11-20 17:23:03,720 - rasterio._filepath - DEBUG - Installing FilePath filesystem handler plugin...
2023-11-20 17:23:03,720 - rasterio._env - DEBUG - GDAL data found in package: path='/home/swx/miniconda3/envs/present_weather/lib/python3.12/site-packages/rasterio/gdal_data'.
2023-11-20 17:23:03,720 - rasterio._env - DEBUG - PROJ_LIB found in environment.
2023-11-20 17:23:03,720 - rasterio._env - DEBUG - Started GDALEnv: self=<rasterio._env.GDALEnv object at 0x7f0730b66d40>.
2023-11-20 17:23:03,721 - rasterio.env - DEBUG - Entered env context: <rasterio.env.Env object at 0x7f0730bf92e0>
2023-11-20 17:23:03,721 - rasterio._base - DEBUG - Sharing flag: 0
2023-11-20 17:23:03,910 - rasterio._base - DEBUG - Nodata success: 1, Nodata value: nan
2023-11-20 17:23:03,910 - rasterio._base - DEBUG - Dataset <open DatasetReader name='https://radar.bmkg.go.id/raster/radarsatelit_202311201720.tif' mode='r'> is started.
2023-11-20 17:23:03,911 - rasterio.env - DEBUG - Exiting env context: <rasterio.env.Env object at 0x7f0730bf92e0>
2023-11-20 17:23:03,911 - rasterio.env - DEBUG - Cleared existing <rasterio._env.GDALEnv object at 0x7f0730b66d40> options
2023-11-20 17:23:03,911 - rasterio._env - DEBUG - Stopped GDALEnv <rasterio._env.GDALEnv object at 0x7f0730b66d40>.
2023-11-20 17:23:03,911 - rasterio.env - DEBUG - Exiting outermost env
2023-11-20 17:23:03,911 - rasterio.env - DEBUG - Exited env context: <rasterio.env.Env object at 0x7f0730bf92e0>
2023-11-20 17:23:03,911 - rasterio.env - DEBUG - Entering env context: <rasterio.env.Env object at 0x7f07bdf6e360>
2023-11-20 17:23:03,912 - rasterio.env - DEBUG - Starting outermost env
2023-11-20 17:23:03,912 - rasterio.env - DEBUG - No GDAL environment exists
2023-11-20 17:23:03,912 - rasterio.env - DEBUG - New GDAL environment <rasterio._env.GDALEnv object at 0x7f0730b66d40> created
2023-11-20 17:23:03,912 - rasterio._env - DEBUG - GDAL data found in package: path='/home/swx/miniconda3/envs/present_weather/lib/python3.12/site-packages/rasterio/gdal_data'.
2023-11-20 17:23:03,913 - rasterio._env - DEBUG - PROJ_LIB found in environment.
2023-11-20 17:23:03,913 - rasterio._env - DEBUG - Started GDALEnv: self=<rasterio._env.GDALEnv object at 0x7f0730b66d40>.
2023-11-20 17:23:03,913 - rasterio.env - DEBUG - Entered env context: <rasterio.env.Env object at 0x7f07bdf6e360>
2023-11-20 17:23:03,914 - rasterio.env - DEBUG - Got a copy of environment <rasterio._env.GDALEnv object at 0x7f0730b66d40> options
2023-11-20 17:23:03,914 - rasterio.env - DEBUG - Entering env context: <rasterio.env.Env object at 0x7f0730c51790>
2023-11-20 17:23:03,914 - rasterio.env - DEBUG - Got a copy of environment <rasterio._env.GDALEnv object at 0x7f0730b66d40> options
2023-11-20 17:23:03,914 - rasterio.env - DEBUG - Entered env context: <rasterio.env.Env object at 0x7f0730c51790>
2023-11-20 17:23:03,914 - rasterio._base - DEBUG - Sharing flag: 0
2023-11-20 17:23:03,915 - rasterio._base - DEBUG - Nodata success: 1, Nodata value: nan
2023-11-20 17:23:03,915 - rasterio._base - DEBUG - Dataset <open DatasetReader name='https://radar.bmkg.go.id/raster/radarsatelit_202311201720.tif' mode='r'> is started.
2023-11-20 17:23:03,916 - rasterio.env - DEBUG - Exiting env context: <rasterio.env.Env object at 0x7f0730c51790>
2023-11-20 17:23:03,916 - rasterio.env - DEBUG - Cleared existing <rasterio._env.GDALEnv object at 0x7f0730b66d40> options
2023-11-20 17:23:03,916 - rasterio._env - DEBUG - Stopped GDALEnv <rasterio._env.GDALEnv object at 0x7f0730b66d40>.
2023-11-20 17:23:03,916 - rasterio.env - DEBUG - No GDAL environment exists
2023-11-20 17:23:03,916 - rasterio.env - DEBUG - New GDAL environment <rasterio._env.GDALEnv object at 0x7f0730b66d40> created
2023-11-20 17:23:03,916 - rasterio._env - DEBUG - GDAL data found in package: path='/home/swx/miniconda3/envs/present_weather/lib/python3.12/site-packages/rasterio/gdal_data'.
2023-11-20 17:23:03,917 - rasterio._env - DEBUG - PROJ_LIB found in environment.
2023-11-20 17:23:03,917 - rasterio._env - DEBUG - Started GDALEnv: self=<rasterio._env.GDALEnv object at 0x7f0730b66d40>.
2023-11-20 17:23:03,917 - rasterio.env - DEBUG - Exited env context: <rasterio.env.Env object at 0x7f0730c51790>
2023-11-20 17:23:03,950 - rasterio._io - DEBUG - Output nodata value read from file: nan
2023-11-20 17:23:03,950 - rasterio._io - DEBUG - Output nodata values: [nan]
2023-11-20 17:23:03,950 - rasterio._io - DEBUG - all_valid: False
2023-11-20 17:23:03,951 - rasterio._io - DEBUG - mask_flags: ([<MaskFlags.nodata: 8>],)
2023-11-20 17:23:03,951 - rasterio._io - DEBUG - Jump straight to _read()
2023-11-20 17:23:03,951 - rasterio._io - DEBUG - Window: Window(col_off=0, row_off=0, width=10215, height=3792)
2023-11-20 17:23:03,951 - rasterio._io - DEBUG - IO window xoff=0.0 yoff=0.0 width=10215.0 height=3792.0
2023-11-20 17:23:04,714 - rasterio.env - DEBUG - Exiting env context: <rasterio.env.Env object at 0x7f07bdf6e360>
2023-11-20 17:23:04,715 - rasterio.env - DEBUG - Cleared existing <rasterio._env.GDALEnv object at 0x7f0730b66d40> options
2023-11-20 17:23:04,715 - rasterio._env - DEBUG - Stopped GDALEnv <rasterio._env.GDALEnv object at 0x7f0730b66d40>.
2023-11-20 17:23:04,715 - rasterio.env - DEBUG - Exiting outermost env
2023-11-20 17:23:04,715 - rasterio.env - DEBUG - Exited env context: <rasterio.env.Env object at 0x7f07bdf6e360>
2023-11-20 17:23:04,717 - urllib3.connectionpool - DEBUG - Starting new HTTPS connection (1): radar.bmkg.go.id:8060
2023-11-20 17:23:09,860 - urllib3.connectionpool - DEBUG - https://radar.bmkg.go.id:8060 "GET /getLatestLD?typeData=1 HTTP/1.1" 200 223200
2023-11-20 17:23:09,940 - asyncio - DEBUG - Using selector: EpollSelector
2023-11-20 17:23:16,742 - root - INFO - dask.bag<lambda, npartitions=34>
2023-11-20 17:25:45,936 - root - INFO - Total elapsed time: 0:02:42.306420
