2023-12-22 14:33:03,105 - root - INFO - Initiating present weather
2023-12-22 14:33:03,107 - asyncio - DEBUG - Using selector: EpollSelector
2023-12-22 14:33:04,872 - urllib3.connectionpool - DEBUG - Starting new HTTPS connection (1): radar.bmkg.go.id:8060
2023-12-22 14:33:04,886 - urllib3.connectionpool - DEBUG - https://radar.bmkg.go.id:8060 "GET /getLatestLD?typeData=1 HTTP/1.1" 200 62
2023-12-22 14:33:04,888 - urllib3.connectionpool - DEBUG - Starting new HTTPS connection (1): radar.bmkg.go.id:8060
2023-12-22 14:33:04,914 - urllib3.connectionpool - DEBUG - https://radar.bmkg.go.id:8060 "GET /getRadarGeotif?token=19387e71e78522ae4172ec0fda640983b8438c9cfa0ca571623cb69d8327&radar=amandemenForecast&type=latest HTTP/1.1" 200 90
2023-12-22 14:33:04,915 - rasterio.env - DEBUG - Entering env context: <rasterio.env.Env object at 0x7f2039c60d60>
2023-12-22 14:33:04,915 - rasterio.env - DEBUG - Starting outermost env
2023-12-22 14:33:04,915 - rasterio.env - DEBUG - No GDAL environment exists
2023-12-22 14:33:04,915 - rasterio.env - DEBUG - New GDAL environment <rasterio._env.GDALEnv object at 0x7f2039c603d0> created
2023-12-22 14:33:04,918 - rasterio._filepath - DEBUG - Installing FilePath filesystem handler plugin...
2023-12-22 14:33:04,918 - rasterio._env - DEBUG - GDAL data found in package: path='/home/metpublic/PYTHON_VENV/present_weather/lib/python3.10/site-packages/rasterio/gdal_data'.
2023-12-22 14:33:04,918 - rasterio._env - DEBUG - PROJ data found in package: path='/home/metpublic/PYTHON_VENV/present_weather/lib/python3.10/site-packages/rasterio/proj_data'.
2023-12-22 14:33:04,918 - rasterio._env - DEBUG - Started GDALEnv: self=<rasterio._env.GDALEnv object at 0x7f2039c603d0>.
2023-12-22 14:33:04,919 - rasterio.env - DEBUG - Entered env context: <rasterio.env.Env object at 0x7f2039c60d60>
2023-12-22 14:33:04,919 - rasterio._base - DEBUG - Sharing flag: 0
2023-12-22 14:33:05,270 - rasterio._base - DEBUG - Nodata success: 1, Nodata value: nan
2023-12-22 14:33:05,270 - rasterio._base - DEBUG - Dataset <open DatasetReader name='https://radar.bmkg.go.id/raster/radarsatelit_202312221430.tif' mode='r'> is started.
2023-12-22 14:33:05,271 - rasterio.env - DEBUG - Exiting env context: <rasterio.env.Env object at 0x7f2039c60d60>
2023-12-22 14:33:05,271 - rasterio.env - DEBUG - Cleared existing <rasterio._env.GDALEnv object at 0x7f2039c603d0> options
2023-12-22 14:33:05,271 - rasterio._env - DEBUG - Stopped GDALEnv <rasterio._env.GDALEnv object at 0x7f2039c603d0>.
2023-12-22 14:33:05,271 - rasterio.env - DEBUG - Exiting outermost env
2023-12-22 14:33:05,271 - rasterio.env - DEBUG - Exited env context: <rasterio.env.Env object at 0x7f2039c60d60>
2023-12-22 14:33:05,271 - rasterio.env - DEBUG - Entering env context: <rasterio.env.Env object at 0x7f2039bf5540>
2023-12-22 14:33:05,271 - rasterio.env - DEBUG - Starting outermost env
2023-12-22 14:33:05,272 - rasterio.env - DEBUG - No GDAL environment exists
2023-12-22 14:33:05,272 - rasterio.env - DEBUG - New GDAL environment <rasterio._env.GDALEnv object at 0x7f2039c603d0> created
2023-12-22 14:33:05,272 - rasterio._env - DEBUG - GDAL data found in package: path='/home/metpublic/PYTHON_VENV/present_weather/lib/python3.10/site-packages/rasterio/gdal_data'.
2023-12-22 14:33:05,272 - rasterio._env - DEBUG - PROJ data found in package: path='/home/metpublic/PYTHON_VENV/present_weather/lib/python3.10/site-packages/rasterio/proj_data'.
2023-12-22 14:33:05,272 - rasterio._env - DEBUG - Started GDALEnv: self=<rasterio._env.GDALEnv object at 0x7f2039c603d0>.
2023-12-22 14:33:05,272 - rasterio.env - DEBUG - Entered env context: <rasterio.env.Env object at 0x7f2039bf5540>
2023-12-22 14:33:05,273 - rasterio.env - DEBUG - Got a copy of environment <rasterio._env.GDALEnv object at 0x7f2039c603d0> options
2023-12-22 14:33:05,273 - rasterio.env - DEBUG - Entering env context: <rasterio.env.Env object at 0x7f20382fb640>
2023-12-22 14:33:05,273 - rasterio.env - DEBUG - Got a copy of environment <rasterio._env.GDALEnv object at 0x7f2039c603d0> options
2023-12-22 14:33:05,273 - rasterio.env - DEBUG - Entered env context: <rasterio.env.Env object at 0x7f20382fb640>
2023-12-22 14:33:05,273 - rasterio._base - DEBUG - Sharing flag: 0
2023-12-22 14:33:05,274 - rasterio._base - DEBUG - Nodata success: 1, Nodata value: nan
2023-12-22 14:33:05,274 - rasterio._base - DEBUG - Dataset <open DatasetReader name='https://radar.bmkg.go.id/raster/radarsatelit_202312221430.tif' mode='r'> is started.
2023-12-22 14:33:05,274 - rasterio.env - DEBUG - Exiting env context: <rasterio.env.Env object at 0x7f20382fb640>
2023-12-22 14:33:05,274 - rasterio.env - DEBUG - Cleared existing <rasterio._env.GDALEnv object at 0x7f2039c603d0> options
2023-12-22 14:33:05,274 - rasterio._env - DEBUG - Stopped GDALEnv <rasterio._env.GDALEnv object at 0x7f2039c603d0>.
2023-12-22 14:33:05,274 - rasterio.env - DEBUG - No GDAL environment exists
2023-12-22 14:33:05,275 - rasterio.env - DEBUG - New GDAL environment <rasterio._env.GDALEnv object at 0x7f2039c603d0> created
2023-12-22 14:33:05,275 - rasterio._env - DEBUG - GDAL data found in package: path='/home/metpublic/PYTHON_VENV/present_weather/lib/python3.10/site-packages/rasterio/gdal_data'.
2023-12-22 14:33:05,275 - rasterio._env - DEBUG - PROJ data found in package: path='/home/metpublic/PYTHON_VENV/present_weather/lib/python3.10/site-packages/rasterio/proj_data'.
2023-12-22 14:33:05,275 - rasterio._env - DEBUG - Started GDALEnv: self=<rasterio._env.GDALEnv object at 0x7f2039c603d0>.
2023-12-22 14:33:05,275 - rasterio.env - DEBUG - Exited env context: <rasterio.env.Env object at 0x7f20382fb640>
2023-12-22 14:33:05,292 - rasterio._io - DEBUG - Output nodata value read from file: nan
2023-12-22 14:33:05,292 - rasterio._io - DEBUG - Output nodata values: [nan]
2023-12-22 14:33:05,292 - rasterio._io - DEBUG - all_valid: False
2023-12-22 14:33:05,292 - rasterio._io - DEBUG - mask_flags: ([<MaskFlags.nodata: 8>],)
2023-12-22 14:33:05,293 - rasterio._io - DEBUG - Jump straight to _read()
2023-12-22 14:33:05,293 - rasterio._io - DEBUG - Window: Window(col_off=0, row_off=0, width=10177, height=3732)
2023-12-22 14:33:05,293 - rasterio._io - DEBUG - IO window xoff=0.0 yoff=0.0 width=10177.0 height=3732.0
2023-12-22 14:33:05,906 - rasterio.env - DEBUG - Exiting env context: <rasterio.env.Env object at 0x7f2039bf5540>
2023-12-22 14:33:05,907 - rasterio.env - DEBUG - Cleared existing <rasterio._env.GDALEnv object at 0x7f2039c603d0> options
2023-12-22 14:33:05,907 - rasterio._env - DEBUG - Stopped GDALEnv <rasterio._env.GDALEnv object at 0x7f2039c603d0>.
2023-12-22 14:33:05,907 - rasterio.env - DEBUG - Exiting outermost env
2023-12-22 14:33:05,907 - rasterio.env - DEBUG - Exited env context: <rasterio.env.Env object at 0x7f2039bf5540>
2023-12-22 14:38:02,286 - rasterio.env - DEBUG - Entering env context: <rasterio.env.Env object at 0x7f2038386950>
2023-12-22 14:38:02,286 - rasterio.env - DEBUG - Starting outermost env
2023-12-22 14:38:02,286 - rasterio.env - DEBUG - No GDAL environment exists
2023-12-22 14:38:02,286 - rasterio.env - DEBUG - New GDAL environment <rasterio._env.GDALEnv object at 0x7f20382f8160> created
2023-12-22 14:38:02,287 - rasterio._env - DEBUG - GDAL data found in package: path='/home/metpublic/PYTHON_VENV/present_weather/lib/python3.10/site-packages/rasterio/gdal_data'.
2023-12-22 14:38:02,287 - rasterio._env - DEBUG - PROJ data found in package: path='/home/metpublic/PYTHON_VENV/present_weather/lib/python3.10/site-packages/rasterio/proj_data'.
2023-12-22 14:38:02,287 - rasterio._env - DEBUG - Started GDALEnv: self=<rasterio._env.GDALEnv object at 0x7f20382f8160>.
2023-12-22 14:38:02,287 - rasterio.env - DEBUG - Entered env context: <rasterio.env.Env object at 0x7f2038386950>
2023-12-22 14:38:02,287 - rasterio._base - DEBUG - Sharing flag: 0
2023-12-22 14:38:02,290 - rasterio._base - DEBUG - Nodata success: 0, Nodata value: 0.000000
2023-12-22 14:38:02,290 - rasterio._base - DEBUG - Dataset <open DatasetReader name='/home/metpublic/TASK_RELEASE/EFAN/present_weather/src/H09_B13_Indonesia_20231222.Z1410.cor.tiff' mode='r'> is started.
2023-12-22 14:38:02,290 - rasterio.env - DEBUG - Exiting env context: <rasterio.env.Env object at 0x7f2038386950>
2023-12-22 14:38:02,290 - rasterio.env - DEBUG - Cleared existing <rasterio._env.GDALEnv object at 0x7f20382f8160> options
2023-12-22 14:38:02,290 - rasterio._env - DEBUG - Stopped GDALEnv <rasterio._env.GDALEnv object at 0x7f20382f8160>.
2023-12-22 14:38:02,291 - rasterio.env - DEBUG - Exiting outermost env
2023-12-22 14:38:02,291 - rasterio.env - DEBUG - Exited env context: <rasterio.env.Env object at 0x7f2038386950>
2023-12-22 14:38:02,291 - rasterio.env - DEBUG - Entering env context: <rasterio.env.Env object at 0x7f2028743010>
2023-12-22 14:38:02,291 - rasterio.env - DEBUG - Starting outermost env
2023-12-22 14:38:02,291 - rasterio.env - DEBUG - No GDAL environment exists
2023-12-22 14:38:02,291 - rasterio.env - DEBUG - New GDAL environment <rasterio._env.GDALEnv object at 0x7f2028666890> created
2023-12-22 14:38:02,292 - rasterio._env - DEBUG - GDAL data found in package: path='/home/metpublic/PYTHON_VENV/present_weather/lib/python3.10/site-packages/rasterio/gdal_data'.
2023-12-22 14:38:02,292 - rasterio._env - DEBUG - PROJ data found in package: path='/home/metpublic/PYTHON_VENV/present_weather/lib/python3.10/site-packages/rasterio/proj_data'.
2023-12-22 14:38:02,292 - rasterio._env - DEBUG - Started GDALEnv: self=<rasterio._env.GDALEnv object at 0x7f2028666890>.
2023-12-22 14:38:02,292 - rasterio.env - DEBUG - Entered env context: <rasterio.env.Env object at 0x7f2028743010>
2023-12-22 14:38:02,292 - rasterio._base - DEBUG - Sharing flag: 0
2023-12-22 14:38:02,293 - rasterio._base - DEBUG - Nodata success: 0, Nodata value: 0.000000
2023-12-22 14:38:02,294 - rasterio._base - DEBUG - Dataset <open DatasetReader name='/home/metpublic/TASK_RELEASE/EFAN/present_weather/src/H09_B13_Indonesia_20231222.Z1410.cor.tiff' mode='r'> is started.
2023-12-22 14:38:02,294 - rasterio.env - DEBUG - Exiting env context: <rasterio.env.Env object at 0x7f2028743010>
2023-12-22 14:38:02,294 - rasterio.env - DEBUG - Cleared existing <rasterio._env.GDALEnv object at 0x7f2028666890> options
2023-12-22 14:38:02,294 - rasterio._env - DEBUG - Stopped GDALEnv <rasterio._env.GDALEnv object at 0x7f2028666890>.
2023-12-22 14:38:02,294 - rasterio.env - DEBUG - Exiting outermost env
2023-12-22 14:38:02,294 - rasterio.env - DEBUG - Exited env context: <rasterio.env.Env object at 0x7f2028743010>
2023-12-22 14:38:02,306 - root - INFO - Generating present weather using SATELITE data
2023-12-22 14:39:58,883 - root - INFO - Total elapsed time: 0:06:55.778144
