2023-11-17 14:00:03,623 - root - INFO - Initiating present weather
2023-11-17 14:00:03,627 - urllib3.connectionpool - DEBUG - Starting new HTTPS connection (1): radar.bmkg.go.id:8060
2023-11-17 14:00:08,701 - urllib3.connectionpool - DEBUG - https://radar.bmkg.go.id:8060 "GET /getRadarGeotif?token=19387e71e78522ae4172ec0fda640983b8438c9cfa0ca571623cb69d8327&radar=amandemenForecast&type=latest HTTP/1.1" 200 90
2023-11-17 14:00:08,704 - rasterio.env - DEBUG - Entering env context: <rasterio.env.Env object at 0x7fd18e8896a0>
2023-11-17 14:00:08,705 - rasterio.env - DEBUG - Starting outermost env
2023-11-17 14:00:08,705 - rasterio.env - DEBUG - No GDAL environment exists
2023-11-17 14:00:08,705 - rasterio.env - DEBUG - New GDAL environment <rasterio._env.GDALEnv object at 0x7fd19f347c70> created
2023-11-17 14:00:08,709 - rasterio._filepath - DEBUG - Installing FilePath filesystem handler plugin...
2023-11-17 14:00:08,709 - rasterio._env - DEBUG - GDAL data found in package: path='/home/swx/miniconda3/envs/present_weather/lib/python3.12/site-packages/rasterio/gdal_data'.
2023-11-17 14:00:08,709 - rasterio._env - DEBUG - PROJ_LIB found in environment.
2023-11-17 14:00:08,710 - rasterio._env - DEBUG - Started GDALEnv: self=<rasterio._env.GDALEnv object at 0x7fd19f347c70>.
2023-11-17 14:00:08,710 - rasterio.env - DEBUG - Entered env context: <rasterio.env.Env object at 0x7fd18e8896a0>
2023-11-17 14:00:08,710 - rasterio._base - DEBUG - Sharing flag: 0
2023-11-17 14:00:08,902 - rasterio._base - DEBUG - Nodata success: 1, Nodata value: nan
2023-11-17 14:00:08,903 - rasterio._base - DEBUG - Dataset <open DatasetReader name='https://radar.bmkg.go.id/raster/radarsatelit_202311171350.tif' mode='r'> is started.
2023-11-17 14:00:08,903 - rasterio.env - DEBUG - Exiting env context: <rasterio.env.Env object at 0x7fd18e8896a0>
2023-11-17 14:00:08,903 - rasterio.env - DEBUG - Cleared existing <rasterio._env.GDALEnv object at 0x7fd19f347c70> options
2023-11-17 14:00:08,903 - rasterio._env - DEBUG - Stopped GDALEnv <rasterio._env.GDALEnv object at 0x7fd19f347c70>.
2023-11-17 14:00:08,903 - rasterio.env - DEBUG - Exiting outermost env
2023-11-17 14:00:08,904 - rasterio.env - DEBUG - Exited env context: <rasterio.env.Env object at 0x7fd18e8896a0>
2023-11-17 14:00:08,904 - rasterio.env - DEBUG - Entering env context: <rasterio.env.Env object at 0x7fd19f3b3ad0>
2023-11-17 14:00:08,904 - rasterio.env - DEBUG - Starting outermost env
2023-11-17 14:00:08,904 - rasterio.env - DEBUG - No GDAL environment exists
2023-11-17 14:00:08,904 - rasterio.env - DEBUG - New GDAL environment <rasterio._env.GDALEnv object at 0x7fd19f347c70> created
2023-11-17 14:00:08,905 - rasterio._env - DEBUG - GDAL data found in package: path='/home/swx/miniconda3/envs/present_weather/lib/python3.12/site-packages/rasterio/gdal_data'.
2023-11-17 14:00:08,905 - rasterio._env - DEBUG - PROJ_LIB found in environment.
2023-11-17 14:00:08,905 - rasterio._env - DEBUG - Started GDALEnv: self=<rasterio._env.GDALEnv object at 0x7fd19f347c70>.
2023-11-17 14:00:08,905 - rasterio.env - DEBUG - Entered env context: <rasterio.env.Env object at 0x7fd19f3b3ad0>
2023-11-17 14:00:08,906 - rasterio.env - DEBUG - Got a copy of environment <rasterio._env.GDALEnv object at 0x7fd19f347c70> options
2023-11-17 14:00:08,906 - rasterio.env - DEBUG - Entering env context: <rasterio.env.Env object at 0x7fd14d0aac00>
2023-11-17 14:00:08,906 - rasterio.env - DEBUG - Got a copy of environment <rasterio._env.GDALEnv object at 0x7fd19f347c70> options
2023-11-17 14:00:08,906 - rasterio.env - DEBUG - Entered env context: <rasterio.env.Env object at 0x7fd14d0aac00>
2023-11-17 14:00:08,906 - rasterio._base - DEBUG - Sharing flag: 0
2023-11-17 14:00:08,907 - rasterio._base - DEBUG - Nodata success: 1, Nodata value: nan
2023-11-17 14:00:08,908 - rasterio._base - DEBUG - Dataset <open DatasetReader name='https://radar.bmkg.go.id/raster/radarsatelit_202311171350.tif' mode='r'> is started.
2023-11-17 14:00:08,908 - rasterio.env - DEBUG - Exiting env context: <rasterio.env.Env object at 0x7fd14d0aac00>
2023-11-17 14:00:08,908 - rasterio.env - DEBUG - Cleared existing <rasterio._env.GDALEnv object at 0x7fd19f347c70> options
2023-11-17 14:00:08,908 - rasterio._env - DEBUG - Stopped GDALEnv <rasterio._env.GDALEnv object at 0x7fd19f347c70>.
2023-11-17 14:00:08,908 - rasterio.env - DEBUG - No GDAL environment exists
2023-11-17 14:00:08,908 - rasterio.env - DEBUG - New GDAL environment <rasterio._env.GDALEnv object at 0x7fd19f347c70> created
2023-11-17 14:00:08,909 - rasterio._env - DEBUG - GDAL data found in package: path='/home/swx/miniconda3/envs/present_weather/lib/python3.12/site-packages/rasterio/gdal_data'.
2023-11-17 14:00:08,909 - rasterio._env - DEBUG - PROJ_LIB found in environment.
2023-11-17 14:00:08,909 - rasterio._env - DEBUG - Started GDALEnv: self=<rasterio._env.GDALEnv object at 0x7fd19f347c70>.
2023-11-17 14:00:08,909 - rasterio.env - DEBUG - Exited env context: <rasterio.env.Env object at 0x7fd14d0aac00>
2023-11-17 14:00:08,941 - rasterio._io - DEBUG - Output nodata value read from file: nan
2023-11-17 14:00:08,941 - rasterio._io - DEBUG - Output nodata values: [nan]
2023-11-17 14:00:08,941 - rasterio._io - DEBUG - all_valid: False
2023-11-17 14:00:08,942 - rasterio._io - DEBUG - mask_flags: ([<MaskFlags.nodata: 8>],)
2023-11-17 14:00:08,942 - rasterio._io - DEBUG - Jump straight to _read()
2023-11-17 14:00:08,942 - rasterio._io - DEBUG - Window: Window(col_off=0, row_off=0, width=10215, height=3792)
2023-11-17 14:00:08,942 - rasterio._io - DEBUG - IO window xoff=0.0 yoff=0.0 width=10215.0 height=3792.0
2023-11-17 14:00:09,695 - rasterio.env - DEBUG - Exiting env context: <rasterio.env.Env object at 0x7fd19f3b3ad0>
2023-11-17 14:00:09,695 - rasterio.env - DEBUG - Cleared existing <rasterio._env.GDALEnv object at 0x7fd19f347c70> options
2023-11-17 14:00:09,695 - rasterio._env - DEBUG - Stopped GDALEnv <rasterio._env.GDALEnv object at 0x7fd19f347c70>.
2023-11-17 14:00:09,695 - rasterio.env - DEBUG - Exiting outermost env
2023-11-17 14:00:09,695 - rasterio.env - DEBUG - Exited env context: <rasterio.env.Env object at 0x7fd19f3b3ad0>
2023-11-17 14:00:09,697 - urllib3.connectionpool - DEBUG - Starting new HTTPS connection (1): radar.bmkg.go.id:8060
2023-11-17 14:00:09,795 - urllib3.connectionpool - DEBUG - https://radar.bmkg.go.id:8060 "GET /getLatestLD?typeData=1 HTTP/1.1" 200 160040
2023-11-17 14:00:09,849 - asyncio - DEBUG - Using selector: EpollSelector
2023-11-17 14:00:16,620 - root - INFO - dask.bag<lambda, npartitions=34>
2023-11-17 14:15:41,675 - root - INFO - Total elapsed time: 0:15:38.052993
