2023-11-21 01:43:03,896 - root - INFO - Initiating present weather
2023-11-21 01:43:03,901 - urllib3.connectionpool - DEBUG - Starting new HTTPS connection (1): radar.bmkg.go.id:8060
2023-11-21 01:43:03,971 - urllib3.connectionpool - DEBUG - https://radar.bmkg.go.id:8060 "GET /getRadarGeotif?token=19387e71e78522ae4172ec0fda640983b8438c9cfa0ca571623cb69d8327&radar=amandemenForecast&type=latest HTTP/1.1" 200 90
2023-11-21 01:43:03,974 - rasterio.env - DEBUG - Entering env context: <rasterio.env.Env object at 0x7f59e4467920>
2023-11-21 01:43:03,975 - rasterio.env - DEBUG - Starting outermost env
2023-11-21 01:43:03,975 - rasterio.env - DEBUG - No GDAL environment exists
2023-11-21 01:43:03,975 - rasterio.env - DEBUG - New GDAL environment <rasterio._env.GDALEnv object at 0x7f59e415e1a0> created
2023-11-21 01:43:03,979 - rasterio._filepath - DEBUG - Installing FilePath filesystem handler plugin...
2023-11-21 01:43:03,980 - rasterio._env - DEBUG - GDAL data found in package: path='/home/swx/miniconda3/envs/present_weather/lib/python3.12/site-packages/rasterio/gdal_data'.
2023-11-21 01:43:03,980 - rasterio._env - DEBUG - PROJ_LIB found in environment.
2023-11-21 01:43:03,980 - rasterio._env - DEBUG - Started GDALEnv: self=<rasterio._env.GDALEnv object at 0x7f59e415e1a0>.
2023-11-21 01:43:03,980 - rasterio.env - DEBUG - Entered env context: <rasterio.env.Env object at 0x7f59e4467920>
2023-11-21 01:43:03,980 - rasterio._base - DEBUG - Sharing flag: 0
2023-11-21 01:43:04,172 - rasterio._base - DEBUG - Nodata success: 1, Nodata value: nan
2023-11-21 01:43:04,172 - rasterio._base - DEBUG - Dataset <open DatasetReader name='https://radar.bmkg.go.id/raster/radarsatelit_202311210140.tif' mode='r'> is started.
2023-11-21 01:43:04,173 - rasterio.env - DEBUG - Exiting env context: <rasterio.env.Env object at 0x7f59e4467920>
2023-11-21 01:43:04,173 - rasterio.env - DEBUG - Cleared existing <rasterio._env.GDALEnv object at 0x7f59e415e1a0> options
2023-11-21 01:43:04,173 - rasterio._env - DEBUG - Stopped GDALEnv <rasterio._env.GDALEnv object at 0x7f59e415e1a0>.
2023-11-21 01:43:04,173 - rasterio.env - DEBUG - Exiting outermost env
2023-11-21 01:43:04,173 - rasterio.env - DEBUG - Exited env context: <rasterio.env.Env object at 0x7f59e4467920>
2023-11-21 01:43:04,173 - rasterio.env - DEBUG - Entering env context: <rasterio.env.Env object at 0x7f59e415e1b0>
2023-11-21 01:43:04,174 - rasterio.env - DEBUG - Starting outermost env
2023-11-21 01:43:04,174 - rasterio.env - DEBUG - No GDAL environment exists
2023-11-21 01:43:04,174 - rasterio.env - DEBUG - New GDAL environment <rasterio._env.GDALEnv object at 0x7f59e460ba60> created
2023-11-21 01:43:04,174 - rasterio._env - DEBUG - GDAL data found in package: path='/home/swx/miniconda3/envs/present_weather/lib/python3.12/site-packages/rasterio/gdal_data'.
2023-11-21 01:43:04,174 - rasterio._env - DEBUG - PROJ_LIB found in environment.
2023-11-21 01:43:04,175 - rasterio._env - DEBUG - Started GDALEnv: self=<rasterio._env.GDALEnv object at 0x7f59e460ba60>.
2023-11-21 01:43:04,175 - rasterio.env - DEBUG - Entered env context: <rasterio.env.Env object at 0x7f59e415e1b0>
2023-11-21 01:43:04,175 - rasterio.env - DEBUG - Got a copy of environment <rasterio._env.GDALEnv object at 0x7f59e460ba60> options
2023-11-21 01:43:04,175 - rasterio.env - DEBUG - Entering env context: <rasterio.env.Env object at 0x7f59e3f91d90>
2023-11-21 01:43:04,175 - rasterio.env - DEBUG - Got a copy of environment <rasterio._env.GDALEnv object at 0x7f59e460ba60> options
2023-11-21 01:43:04,176 - rasterio.env - DEBUG - Entered env context: <rasterio.env.Env object at 0x7f59e3f91d90>
2023-11-21 01:43:04,176 - rasterio._base - DEBUG - Sharing flag: 0
2023-11-21 01:43:04,177 - rasterio._base - DEBUG - Nodata success: 1, Nodata value: nan
2023-11-21 01:43:04,177 - rasterio._base - DEBUG - Dataset <open DatasetReader name='https://radar.bmkg.go.id/raster/radarsatelit_202311210140.tif' mode='r'> is started.
2023-11-21 01:43:04,177 - rasterio.env - DEBUG - Exiting env context: <rasterio.env.Env object at 0x7f59e3f91d90>
2023-11-21 01:43:04,177 - rasterio.env - DEBUG - Cleared existing <rasterio._env.GDALEnv object at 0x7f59e460ba60> options
2023-11-21 01:43:04,177 - rasterio._env - DEBUG - Stopped GDALEnv <rasterio._env.GDALEnv object at 0x7f59e460ba60>.
2023-11-21 01:43:04,177 - rasterio.env - DEBUG - No GDAL environment exists
2023-11-21 01:43:04,177 - rasterio.env - DEBUG - New GDAL environment <rasterio._env.GDALEnv object at 0x7f59e460ba60> created
2023-11-21 01:43:04,178 - rasterio._env - DEBUG - GDAL data found in package: path='/home/swx/miniconda3/envs/present_weather/lib/python3.12/site-packages/rasterio/gdal_data'.
2023-11-21 01:43:04,178 - rasterio._env - DEBUG - PROJ_LIB found in environment.
2023-11-21 01:43:04,178 - rasterio._env - DEBUG - Started GDALEnv: self=<rasterio._env.GDALEnv object at 0x7f59e460ba60>.
2023-11-21 01:43:04,178 - rasterio.env - DEBUG - Exited env context: <rasterio.env.Env object at 0x7f59e3f91d90>
2023-11-21 01:43:04,205 - rasterio._io - DEBUG - Output nodata value read from file: nan
2023-11-21 01:43:04,205 - rasterio._io - DEBUG - Output nodata values: [nan]
2023-11-21 01:43:04,206 - rasterio._io - DEBUG - all_valid: False
2023-11-21 01:43:04,206 - rasterio._io - DEBUG - mask_flags: ([<MaskFlags.nodata: 8>],)
2023-11-21 01:43:04,206 - rasterio._io - DEBUG - Jump straight to _read()
2023-11-21 01:43:04,206 - rasterio._io - DEBUG - Window: Window(col_off=0, row_off=0, width=10215, height=3792)
2023-11-21 01:43:04,206 - rasterio._io - DEBUG - IO window xoff=0.0 yoff=0.0 width=10215.0 height=3792.0
2023-11-21 01:43:04,896 - rasterio.env - DEBUG - Exiting env context: <rasterio.env.Env object at 0x7f59e415e1b0>
2023-11-21 01:43:04,896 - rasterio.env - DEBUG - Cleared existing <rasterio._env.GDALEnv object at 0x7f59e460ba60> options
2023-11-21 01:43:04,896 - rasterio._env - DEBUG - Stopped GDALEnv <rasterio._env.GDALEnv object at 0x7f59e460ba60>.
2023-11-21 01:43:04,896 - rasterio.env - DEBUG - Exiting outermost env
2023-11-21 01:43:04,896 - rasterio.env - DEBUG - Exited env context: <rasterio.env.Env object at 0x7f59e415e1b0>
2023-11-21 01:43:04,898 - urllib3.connectionpool - DEBUG - Starting new HTTPS connection (1): radar.bmkg.go.id:8060
2023-11-21 01:43:04,951 - urllib3.connectionpool - DEBUG - https://radar.bmkg.go.id:8060 "GET /getLatestLD?typeData=1 HTTP/1.1" 200 27826
2023-11-21 01:43:04,974 - asyncio - DEBUG - Using selector: EpollSelector
2023-11-21 01:43:11,813 - root - INFO - dask.bag<lambda, npartitions=34>
2023-11-21 01:56:29,751 - root - INFO - Total elapsed time: 0:13:25.855967
