2023-12-19 17:13:02,483 - root - INFO - Initiating present weather
2023-12-19 17:13:02,485 - asyncio - DEBUG - Using selector: EpollSelector
2023-12-19 17:13:04,088 - urllib3.connectionpool - DEBUG - Starting new HTTPS connection (1): radar.bmkg.go.id:8060
2023-12-19 17:13:04,098 - urllib3.connectionpool - DEBUG - https://radar.bmkg.go.id:8060 "GET /getLatestLD?typeData=1 HTTP/1.1" 200 62
2023-12-19 17:13:04,100 - urllib3.connectionpool - DEBUG - Starting new HTTPS connection (1): radar.bmkg.go.id:8060
2023-12-19 17:13:04,121 - urllib3.connectionpool - DEBUG - https://radar.bmkg.go.id:8060 "GET /getRadarGeotif?token=19387e71e78522ae4172ec0fda640983b8438c9cfa0ca571623cb69d8327&radar=amandemenForecast&type=latest HTTP/1.1" 200 90
2023-12-19 17:13:04,121 - rasterio.env - DEBUG - Entering env context: <rasterio.env.Env object at 0x7f94796d12d0>
2023-12-19 17:13:04,122 - rasterio.env - DEBUG - Starting outermost env
2023-12-19 17:13:04,122 - rasterio.env - DEBUG - No GDAL environment exists
2023-12-19 17:13:04,122 - rasterio.env - DEBUG - New GDAL environment <rasterio._env.GDALEnv object at 0x7f94796d1330> created
2023-12-19 17:13:04,125 - rasterio._filepath - DEBUG - Installing FilePath filesystem handler plugin...
2023-12-19 17:13:04,125 - rasterio._env - DEBUG - GDAL data found in package: path='/home/metpublic/PYTHON_VENV/present_weather/lib/python3.10/site-packages/rasterio/gdal_data'.
2023-12-19 17:13:04,125 - rasterio._env - DEBUG - PROJ data found in package: path='/home/metpublic/PYTHON_VENV/present_weather/lib/python3.10/site-packages/rasterio/proj_data'.
2023-12-19 17:13:04,125 - rasterio._env - DEBUG - Started GDALEnv: self=<rasterio._env.GDALEnv object at 0x7f94796d1330>.
2023-12-19 17:13:04,125 - rasterio.env - DEBUG - Entered env context: <rasterio.env.Env object at 0x7f94796d12d0>
2023-12-19 17:13:04,125 - rasterio._base - DEBUG - Sharing flag: 0
2023-12-19 17:13:04,475 - rasterio._base - DEBUG - Nodata success: 1, Nodata value: nan
2023-12-19 17:13:04,476 - rasterio._base - DEBUG - Dataset <open DatasetReader name='https://radar.bmkg.go.id/raster/radarsatelit_202312191710.tif' mode='r'> is started.
2023-12-19 17:13:04,477 - rasterio.env - DEBUG - Exiting env context: <rasterio.env.Env object at 0x7f94796d12d0>
2023-12-19 17:13:04,477 - rasterio.env - DEBUG - Cleared existing <rasterio._env.GDALEnv object at 0x7f94796d1330> options
2023-12-19 17:13:04,477 - rasterio._env - DEBUG - Stopped GDALEnv <rasterio._env.GDALEnv object at 0x7f94796d1330>.
2023-12-19 17:13:04,477 - rasterio.env - DEBUG - Exiting outermost env
2023-12-19 17:13:04,477 - rasterio.env - DEBUG - Exited env context: <rasterio.env.Env object at 0x7f94796d12d0>
2023-12-19 17:13:04,477 - rasterio.env - DEBUG - Entering env context: <rasterio.env.Env object at 0x7f947968cdc0>
2023-12-19 17:13:04,477 - rasterio.env - DEBUG - Starting outermost env
2023-12-19 17:13:04,477 - rasterio.env - DEBUG - No GDAL environment exists
2023-12-19 17:13:04,477 - rasterio.env - DEBUG - New GDAL environment <rasterio._env.GDALEnv object at 0x7f94796d1330> created
2023-12-19 17:13:04,478 - rasterio._env - DEBUG - GDAL data found in package: path='/home/metpublic/PYTHON_VENV/present_weather/lib/python3.10/site-packages/rasterio/gdal_data'.
2023-12-19 17:13:04,478 - rasterio._env - DEBUG - PROJ data found in package: path='/home/metpublic/PYTHON_VENV/present_weather/lib/python3.10/site-packages/rasterio/proj_data'.
2023-12-19 17:13:04,478 - rasterio._env - DEBUG - Started GDALEnv: self=<rasterio._env.GDALEnv object at 0x7f94796d1330>.
2023-12-19 17:13:04,478 - rasterio.env - DEBUG - Entered env context: <rasterio.env.Env object at 0x7f947968cdc0>
2023-12-19 17:13:04,479 - rasterio.env - DEBUG - Got a copy of environment <rasterio._env.GDALEnv object at 0x7f94796d1330> options
2023-12-19 17:13:04,479 - rasterio.env - DEBUG - Entering env context: <rasterio.env.Env object at 0x7f947858e200>
2023-12-19 17:13:04,479 - rasterio.env - DEBUG - Got a copy of environment <rasterio._env.GDALEnv object at 0x7f94796d1330> options
2023-12-19 17:13:04,479 - rasterio.env - DEBUG - Entered env context: <rasterio.env.Env object at 0x7f947858e200>
2023-12-19 17:13:04,479 - rasterio._base - DEBUG - Sharing flag: 0
2023-12-19 17:13:04,480 - rasterio._base - DEBUG - Nodata success: 1, Nodata value: nan
2023-12-19 17:13:04,480 - rasterio._base - DEBUG - Dataset <open DatasetReader name='https://radar.bmkg.go.id/raster/radarsatelit_202312191710.tif' mode='r'> is started.
2023-12-19 17:13:04,480 - rasterio.env - DEBUG - Exiting env context: <rasterio.env.Env object at 0x7f947858e200>
2023-12-19 17:13:04,480 - rasterio.env - DEBUG - Cleared existing <rasterio._env.GDALEnv object at 0x7f94796d1330> options
2023-12-19 17:13:04,480 - rasterio._env - DEBUG - Stopped GDALEnv <rasterio._env.GDALEnv object at 0x7f94796d1330>.
2023-12-19 17:13:04,480 - rasterio.env - DEBUG - No GDAL environment exists
2023-12-19 17:13:04,480 - rasterio.env - DEBUG - New GDAL environment <rasterio._env.GDALEnv object at 0x7f94796d1330> created
2023-12-19 17:13:04,481 - rasterio._env - DEBUG - GDAL data found in package: path='/home/metpublic/PYTHON_VENV/present_weather/lib/python3.10/site-packages/rasterio/gdal_data'.
2023-12-19 17:13:04,481 - rasterio._env - DEBUG - PROJ data found in package: path='/home/metpublic/PYTHON_VENV/present_weather/lib/python3.10/site-packages/rasterio/proj_data'.
2023-12-19 17:13:04,481 - rasterio._env - DEBUG - Started GDALEnv: self=<rasterio._env.GDALEnv object at 0x7f94796d1330>.
2023-12-19 17:13:04,481 - rasterio.env - DEBUG - Exited env context: <rasterio.env.Env object at 0x7f947858e200>
2023-12-19 17:13:04,496 - rasterio._io - DEBUG - Output nodata value read from file: nan
2023-12-19 17:13:04,496 - rasterio._io - DEBUG - Output nodata values: [nan]
2023-12-19 17:13:04,497 - rasterio._io - DEBUG - all_valid: False
2023-12-19 17:13:04,497 - rasterio._io - DEBUG - mask_flags: ([<MaskFlags.nodata: 8>],)
2023-12-19 17:13:04,497 - rasterio._io - DEBUG - Jump straight to _read()
2023-12-19 17:13:04,497 - rasterio._io - DEBUG - Window: Window(col_off=0, row_off=0, width=10215, height=3792)
2023-12-19 17:13:04,497 - rasterio._io - DEBUG - IO window xoff=0.0 yoff=0.0 width=10215.0 height=3792.0
2023-12-19 17:13:05,034 - rasterio.env - DEBUG - Exiting env context: <rasterio.env.Env object at 0x7f947968cdc0>
2023-12-19 17:13:05,034 - rasterio.env - DEBUG - Cleared existing <rasterio._env.GDALEnv object at 0x7f94796d1330> options
2023-12-19 17:13:05,034 - rasterio._env - DEBUG - Stopped GDALEnv <rasterio._env.GDALEnv object at 0x7f94796d1330>.
2023-12-19 17:13:05,034 - rasterio.env - DEBUG - Exiting outermost env
2023-12-19 17:13:05,034 - rasterio.env - DEBUG - Exited env context: <rasterio.env.Env object at 0x7f947968cdc0>
2023-12-19 17:14:10,875 - rasterio.env - DEBUG - Entering env context: <rasterio.env.Env object at 0x7f947858dea0>
2023-12-19 17:14:10,876 - rasterio.env - DEBUG - Starting outermost env
2023-12-19 17:14:10,876 - rasterio.env - DEBUG - No GDAL environment exists
2023-12-19 17:14:10,876 - rasterio.env - DEBUG - New GDAL environment <rasterio._env.GDALEnv object at 0x7f947861df90> created
2023-12-19 17:14:10,877 - rasterio._env - DEBUG - GDAL data found in package: path='/home/metpublic/PYTHON_VENV/present_weather/lib/python3.10/site-packages/rasterio/gdal_data'.
2023-12-19 17:14:10,877 - rasterio._env - DEBUG - PROJ data found in package: path='/home/metpublic/PYTHON_VENV/present_weather/lib/python3.10/site-packages/rasterio/proj_data'.
2023-12-19 17:14:10,877 - rasterio._env - DEBUG - Started GDALEnv: self=<rasterio._env.GDALEnv object at 0x7f947861df90>.
2023-12-19 17:14:10,877 - rasterio.env - DEBUG - Entered env context: <rasterio.env.Env object at 0x7f947858dea0>
2023-12-19 17:14:10,877 - rasterio._base - DEBUG - Sharing flag: 0
2023-12-19 17:14:10,879 - rasterio._base - DEBUG - Nodata success: 0, Nodata value: 0.000000
2023-12-19 17:14:10,879 - rasterio._base - DEBUG - Dataset <open DatasetReader name='/home/metpublic/TASK_RELEASE/EFAN/present_weather/src/H09_B13_Indonesia_20231219.Z1700.cor.tiff' mode='r'> is started.
2023-12-19 17:14:10,879 - rasterio.env - DEBUG - Exiting env context: <rasterio.env.Env object at 0x7f947858dea0>
2023-12-19 17:14:10,879 - rasterio.env - DEBUG - Cleared existing <rasterio._env.GDALEnv object at 0x7f947861df90> options
2023-12-19 17:14:10,879 - rasterio._env - DEBUG - Stopped GDALEnv <rasterio._env.GDALEnv object at 0x7f947861df90>.
2023-12-19 17:14:10,879 - rasterio.env - DEBUG - Exiting outermost env
2023-12-19 17:14:10,879 - rasterio.env - DEBUG - Exited env context: <rasterio.env.Env object at 0x7f947858dea0>
2023-12-19 17:14:10,879 - rasterio.env - DEBUG - Entering env context: <rasterio.env.Env object at 0x7f947840df90>
2023-12-19 17:14:10,879 - rasterio.env - DEBUG - Starting outermost env
2023-12-19 17:14:10,880 - rasterio.env - DEBUG - No GDAL environment exists
2023-12-19 17:14:10,880 - rasterio.env - DEBUG - New GDAL environment <rasterio._env.GDALEnv object at 0x7f9479757bb0> created
2023-12-19 17:14:10,880 - rasterio._env - DEBUG - GDAL data found in package: path='/home/metpublic/PYTHON_VENV/present_weather/lib/python3.10/site-packages/rasterio/gdal_data'.
2023-12-19 17:14:10,880 - rasterio._env - DEBUG - PROJ data found in package: path='/home/metpublic/PYTHON_VENV/present_weather/lib/python3.10/site-packages/rasterio/proj_data'.
2023-12-19 17:14:10,880 - rasterio._env - DEBUG - Started GDALEnv: self=<rasterio._env.GDALEnv object at 0x7f9479757bb0>.
2023-12-19 17:14:10,881 - rasterio.env - DEBUG - Entered env context: <rasterio.env.Env object at 0x7f947840df90>
2023-12-19 17:14:10,881 - rasterio._base - DEBUG - Sharing flag: 0
2023-12-19 17:14:10,882 - rasterio._base - DEBUG - Nodata success: 0, Nodata value: 0.000000
2023-12-19 17:14:10,882 - rasterio._base - DEBUG - Dataset <open DatasetReader name='/home/metpublic/TASK_RELEASE/EFAN/present_weather/src/H09_B13_Indonesia_20231219.Z1700.cor.tiff' mode='r'> is started.
2023-12-19 17:14:10,882 - rasterio.env - DEBUG - Exiting env context: <rasterio.env.Env object at 0x7f947840df90>
2023-12-19 17:14:10,882 - rasterio.env - DEBUG - Cleared existing <rasterio._env.GDALEnv object at 0x7f9479757bb0> options
2023-12-19 17:14:10,882 - rasterio._env - DEBUG - Stopped GDALEnv <rasterio._env.GDALEnv object at 0x7f9479757bb0>.
2023-12-19 17:14:10,882 - rasterio.env - DEBUG - Exiting outermost env
2023-12-19 17:14:10,882 - rasterio.env - DEBUG - Exited env context: <rasterio.env.Env object at 0x7f947840df90>
2023-12-19 17:14:10,892 - root - INFO - Generating present weather using SATELITE data
2023-12-19 17:14:28,130 - root - INFO - Total elapsed time: 0:01:25.647854
