2023-12-05 16:13:03,095 - root - INFO - Initiating present weather
2023-12-05 16:13:03,097 - asyncio - DEBUG - Using selector: EpollSelector
2023-12-05 16:13:04,586 - urllib3.connectionpool - DEBUG - Starting new HTTPS connection (1): radar.bmkg.go.id:8060
2023-12-05 16:13:04,597 - urllib3.connectionpool - DEBUG - https://radar.bmkg.go.id:8060 "GET /getLatestLD?typeData=1 HTTP/1.1" 200 62
2023-12-05 16:13:04,599 - urllib3.connectionpool - DEBUG - Starting new HTTPS connection (1): radar.bmkg.go.id:8060
2023-12-05 16:13:04,619 - urllib3.connectionpool - DEBUG - https://radar.bmkg.go.id:8060 "GET /getRadarGeotif?token=19387e71e78522ae4172ec0fda640983b8438c9cfa0ca571623cb69d8327&radar=amandemenForecast&type=latest HTTP/1.1" 200 90
2023-12-05 16:13:04,620 - rasterio.env - DEBUG - Entering env context: <rasterio.env.Env object at 0x7f2580827fa0>
2023-12-05 16:13:04,620 - rasterio.env - DEBUG - Starting outermost env
2023-12-05 16:13:04,620 - rasterio.env - DEBUG - No GDAL environment exists
2023-12-05 16:13:04,621 - rasterio.env - DEBUG - New GDAL environment <rasterio._env.GDALEnv object at 0x7f2580827f70> created
2023-12-05 16:13:04,624 - rasterio._filepath - DEBUG - Installing FilePath filesystem handler plugin...
2023-12-05 16:13:04,625 - rasterio._env - DEBUG - GDAL data found in package: path='/home/metpublic/PYTHON_VENV/present_weather/lib/python3.10/site-packages/rasterio/gdal_data'.
2023-12-05 16:13:04,625 - rasterio._env - DEBUG - PROJ data found in package: path='/home/metpublic/PYTHON_VENV/present_weather/lib/python3.10/site-packages/rasterio/proj_data'.
2023-12-05 16:13:04,625 - rasterio._env - DEBUG - Started GDALEnv: self=<rasterio._env.GDALEnv object at 0x7f2580827f70>.
2023-12-05 16:13:04,625 - rasterio.env - DEBUG - Entered env context: <rasterio.env.Env object at 0x7f2580827fa0>
2023-12-05 16:13:04,625 - rasterio._base - DEBUG - Sharing flag: 0
2023-12-05 16:13:04,862 - rasterio._base - DEBUG - Nodata success: 1, Nodata value: nan
2023-12-05 16:13:04,862 - rasterio._base - DEBUG - Dataset <open DatasetReader name='https://radar.bmkg.go.id/raster/radarsatelit_202312051520.tif' mode='r'> is started.
2023-12-05 16:13:04,863 - rasterio.env - DEBUG - Exiting env context: <rasterio.env.Env object at 0x7f2580827fa0>
2023-12-05 16:13:04,863 - rasterio.env - DEBUG - Cleared existing <rasterio._env.GDALEnv object at 0x7f2580827f70> options
2023-12-05 16:13:04,863 - rasterio._env - DEBUG - Stopped GDALEnv <rasterio._env.GDALEnv object at 0x7f2580827f70>.
2023-12-05 16:13:04,863 - rasterio.env - DEBUG - Exiting outermost env
2023-12-05 16:13:04,863 - rasterio.env - DEBUG - Exited env context: <rasterio.env.Env object at 0x7f2580827fa0>
2023-12-05 16:13:04,863 - rasterio.env - DEBUG - Entering env context: <rasterio.env.Env object at 0x7f25806abac0>
2023-12-05 16:13:04,863 - rasterio.env - DEBUG - Starting outermost env
2023-12-05 16:13:04,863 - rasterio.env - DEBUG - No GDAL environment exists
2023-12-05 16:13:04,863 - rasterio.env - DEBUG - New GDAL environment <rasterio._env.GDALEnv object at 0x7f2580827f70> created
2023-12-05 16:13:04,863 - rasterio._env - DEBUG - GDAL data found in package: path='/home/metpublic/PYTHON_VENV/present_weather/lib/python3.10/site-packages/rasterio/gdal_data'.
2023-12-05 16:13:04,863 - rasterio._env - DEBUG - PROJ data found in package: path='/home/metpublic/PYTHON_VENV/present_weather/lib/python3.10/site-packages/rasterio/proj_data'.
2023-12-05 16:13:04,864 - rasterio._env - DEBUG - Started GDALEnv: self=<rasterio._env.GDALEnv object at 0x7f2580827f70>.
2023-12-05 16:13:04,864 - rasterio.env - DEBUG - Entered env context: <rasterio.env.Env object at 0x7f25806abac0>
2023-12-05 16:13:04,864 - rasterio.env - DEBUG - Got a copy of environment <rasterio._env.GDALEnv object at 0x7f2580827f70> options
2023-12-05 16:13:04,864 - rasterio.env - DEBUG - Entering env context: <rasterio.env.Env object at 0x7f25806e5c60>
2023-12-05 16:13:04,864 - rasterio.env - DEBUG - Got a copy of environment <rasterio._env.GDALEnv object at 0x7f2580827f70> options
2023-12-05 16:13:04,864 - rasterio.env - DEBUG - Entered env context: <rasterio.env.Env object at 0x7f25806e5c60>
2023-12-05 16:13:04,865 - rasterio._base - DEBUG - Sharing flag: 0
2023-12-05 16:13:04,866 - rasterio._base - DEBUG - Nodata success: 1, Nodata value: nan
2023-12-05 16:13:04,866 - rasterio._base - DEBUG - Dataset <open DatasetReader name='https://radar.bmkg.go.id/raster/radarsatelit_202312051520.tif' mode='r'> is started.
2023-12-05 16:13:04,866 - rasterio.env - DEBUG - Exiting env context: <rasterio.env.Env object at 0x7f25806e5c60>
2023-12-05 16:13:04,866 - rasterio.env - DEBUG - Cleared existing <rasterio._env.GDALEnv object at 0x7f2580827f70> options
2023-12-05 16:13:04,866 - rasterio._env - DEBUG - Stopped GDALEnv <rasterio._env.GDALEnv object at 0x7f2580827f70>.
2023-12-05 16:13:04,866 - rasterio.env - DEBUG - No GDAL environment exists
2023-12-05 16:13:04,866 - rasterio.env - DEBUG - New GDAL environment <rasterio._env.GDALEnv object at 0x7f2580827f70> created
2023-12-05 16:13:04,866 - rasterio._env - DEBUG - GDAL data found in package: path='/home/metpublic/PYTHON_VENV/present_weather/lib/python3.10/site-packages/rasterio/gdal_data'.
2023-12-05 16:13:04,866 - rasterio._env - DEBUG - PROJ data found in package: path='/home/metpublic/PYTHON_VENV/present_weather/lib/python3.10/site-packages/rasterio/proj_data'.
2023-12-05 16:13:04,866 - rasterio._env - DEBUG - Started GDALEnv: self=<rasterio._env.GDALEnv object at 0x7f2580827f70>.
2023-12-05 16:13:04,866 - rasterio.env - DEBUG - Exited env context: <rasterio.env.Env object at 0x7f25806e5c60>
2023-12-05 16:13:04,882 - rasterio._io - DEBUG - Output nodata value read from file: nan
2023-12-05 16:13:04,882 - rasterio._io - DEBUG - Output nodata values: [nan]
2023-12-05 16:13:04,883 - rasterio._io - DEBUG - all_valid: False
2023-12-05 16:13:04,883 - rasterio._io - DEBUG - mask_flags: ([<MaskFlags.nodata: 8>],)
2023-12-05 16:13:04,883 - rasterio._io - DEBUG - Jump straight to _read()
2023-12-05 16:13:04,883 - rasterio._io - DEBUG - Window: Window(col_off=0, row_off=0, width=10177, height=3732)
2023-12-05 16:13:04,883 - rasterio._io - DEBUG - IO window xoff=0.0 yoff=0.0 width=10177.0 height=3732.0
2023-12-05 16:13:05,447 - rasterio.env - DEBUG - Exiting env context: <rasterio.env.Env object at 0x7f25806abac0>
2023-12-05 16:13:05,448 - rasterio.env - DEBUG - Cleared existing <rasterio._env.GDALEnv object at 0x7f2580827f70> options
2023-12-05 16:13:05,448 - rasterio._env - DEBUG - Stopped GDALEnv <rasterio._env.GDALEnv object at 0x7f2580827f70>.
2023-12-05 16:13:05,448 - rasterio.env - DEBUG - Exiting outermost env
2023-12-05 16:13:05,448 - rasterio.env - DEBUG - Exited env context: <rasterio.env.Env object at 0x7f25806abac0>
2023-12-05 16:17:23,856 - rasterio.env - DEBUG - Entering env context: <rasterio.env.Env object at 0x7f25806e4550>
2023-12-05 16:17:23,856 - rasterio.env - DEBUG - Starting outermost env
2023-12-05 16:17:23,856 - rasterio.env - DEBUG - No GDAL environment exists
2023-12-05 16:17:23,856 - rasterio.env - DEBUG - New GDAL environment <rasterio._env.GDALEnv object at 0x7f258055ceb0> created
2023-12-05 16:17:23,857 - rasterio._env - DEBUG - GDAL data found in package: path='/home/metpublic/PYTHON_VENV/present_weather/lib/python3.10/site-packages/rasterio/gdal_data'.
2023-12-05 16:17:23,857 - rasterio._env - DEBUG - PROJ data found in package: path='/home/metpublic/PYTHON_VENV/present_weather/lib/python3.10/site-packages/rasterio/proj_data'.
2023-12-05 16:17:23,857 - rasterio._env - DEBUG - Started GDALEnv: self=<rasterio._env.GDALEnv object at 0x7f258055ceb0>.
2023-12-05 16:17:23,857 - rasterio.env - DEBUG - Entered env context: <rasterio.env.Env object at 0x7f25806e4550>
2023-12-05 16:17:23,858 - rasterio._base - DEBUG - Sharing flag: 0
2023-12-05 16:17:23,859 - rasterio._base - DEBUG - Nodata success: 0, Nodata value: 0.000000
2023-12-05 16:17:23,859 - rasterio._base - DEBUG - Dataset <open DatasetReader name='/home/metpublic/TASK_RELEASE/EFAN/present_weather/src/H09_B13_Indonesia_20231205.Z1500.cor.tiff' mode='r'> is started.
2023-12-05 16:17:23,859 - rasterio.env - DEBUG - Exiting env context: <rasterio.env.Env object at 0x7f25806e4550>
2023-12-05 16:17:23,859 - rasterio.env - DEBUG - Cleared existing <rasterio._env.GDALEnv object at 0x7f258055ceb0> options
2023-12-05 16:17:23,859 - rasterio._env - DEBUG - Stopped GDALEnv <rasterio._env.GDALEnv object at 0x7f258055ceb0>.
2023-12-05 16:17:23,859 - rasterio.env - DEBUG - Exiting outermost env
2023-12-05 16:17:23,860 - rasterio.env - DEBUG - Exited env context: <rasterio.env.Env object at 0x7f25806e4550>
2023-12-05 16:17:23,860 - rasterio.env - DEBUG - Entering env context: <rasterio.env.Env object at 0x7f258055c670>
2023-12-05 16:17:23,860 - rasterio.env - DEBUG - Starting outermost env
2023-12-05 16:17:23,860 - rasterio.env - DEBUG - No GDAL environment exists
2023-12-05 16:17:23,860 - rasterio.env - DEBUG - New GDAL environment <rasterio._env.GDALEnv object at 0x7f258055ca90> created
2023-12-05 16:17:23,861 - rasterio._env - DEBUG - GDAL data found in package: path='/home/metpublic/PYTHON_VENV/present_weather/lib/python3.10/site-packages/rasterio/gdal_data'.
2023-12-05 16:17:23,861 - rasterio._env - DEBUG - PROJ data found in package: path='/home/metpublic/PYTHON_VENV/present_weather/lib/python3.10/site-packages/rasterio/proj_data'.
2023-12-05 16:17:23,861 - rasterio._env - DEBUG - Started GDALEnv: self=<rasterio._env.GDALEnv object at 0x7f258055ca90>.
2023-12-05 16:17:23,861 - rasterio.env - DEBUG - Entered env context: <rasterio.env.Env object at 0x7f258055c670>
2023-12-05 16:17:23,861 - rasterio._base - DEBUG - Sharing flag: 0
2023-12-05 16:17:23,862 - rasterio._base - DEBUG - Nodata success: 0, Nodata value: 0.000000
2023-12-05 16:17:23,863 - rasterio._base - DEBUG - Dataset <open DatasetReader name='/home/metpublic/TASK_RELEASE/EFAN/present_weather/src/H09_B13_Indonesia_20231205.Z1500.cor.tiff' mode='r'> is started.
2023-12-05 16:17:23,863 - rasterio.env - DEBUG - Exiting env context: <rasterio.env.Env object at 0x7f258055c670>
2023-12-05 16:17:23,863 - rasterio.env - DEBUG - Cleared existing <rasterio._env.GDALEnv object at 0x7f258055ca90> options
2023-12-05 16:17:23,863 - rasterio._env - DEBUG - Stopped GDALEnv <rasterio._env.GDALEnv object at 0x7f258055ca90>.
2023-12-05 16:17:23,863 - rasterio.env - DEBUG - Exiting outermost env
2023-12-05 16:17:23,863 - rasterio.env - DEBUG - Exited env context: <rasterio.env.Env object at 0x7f258055c670>
2023-12-05 16:17:23,874 - root - INFO - Generating present weather using SATELITE data
2023-12-05 16:19:32,395 - root - INFO - Total elapsed time: 0:06:29.300429
