2023-11-06 02:40:03,958 - root - INFO - Initiating present weather
2023-11-06 02:40:03,963 - urllib3.connectionpool - DEBUG - Starting new HTTPS connection (1): radar.bmkg.go.id:8060
2023-11-06 02:40:04,028 - urllib3.connectionpool - DEBUG - https://radar.bmkg.go.id:8060 "GET /getRadarGeotif?token=19387e71e78522ae4172ec0fda640983b8438c9cfa0ca571623cb69d8327&radar=amandemenForecast&type=latest HTTP/1.1" 200 90
2023-11-06 02:40:04,030 - rasterio.env - DEBUG - Entering env context: <rasterio.env.Env object at 0x7fcf0268c950>
2023-11-06 02:40:04,031 - rasterio.env - DEBUG - Starting outermost env
2023-11-06 02:40:04,031 - rasterio.env - DEBUG - No GDAL environment exists
2023-11-06 02:40:04,031 - rasterio.env - DEBUG - New GDAL environment <rasterio._env.GDALEnv object at 0x7fceff157910> created
2023-11-06 02:40:04,036 - rasterio._filepath - DEBUG - Installing FilePath filesystem handler plugin...
2023-11-06 02:40:04,036 - rasterio._env - DEBUG - GDAL data found in package: path='/home/swx/miniconda3/envs/present_weather/lib/python3.12/site-packages/rasterio/gdal_data'.
2023-11-06 02:40:04,036 - rasterio._env - DEBUG - PROJ_LIB found in environment.
2023-11-06 02:40:04,036 - rasterio._env - DEBUG - Started GDALEnv: self=<rasterio._env.GDALEnv object at 0x7fceff157910>.
2023-11-06 02:40:04,036 - rasterio.env - DEBUG - Entered env context: <rasterio.env.Env object at 0x7fcf0268c950>
2023-11-06 02:40:04,037 - rasterio._base - DEBUG - Sharing flag: 0
2023-11-06 02:40:04,203 - rasterio._base - DEBUG - Nodata success: 1, Nodata value: nan
2023-11-06 02:40:04,204 - rasterio._base - DEBUG - Dataset <open DatasetReader name='https://radar.bmkg.go.id/raster/radarsatelit_202311060220.tif' mode='r'> is started.
2023-11-06 02:40:04,204 - rasterio.env - DEBUG - Exiting env context: <rasterio.env.Env object at 0x7fcf0268c950>
2023-11-06 02:40:04,204 - rasterio.env - DEBUG - Cleared existing <rasterio._env.GDALEnv object at 0x7fceff157910> options
2023-11-06 02:40:04,204 - rasterio._env - DEBUG - Stopped GDALEnv <rasterio._env.GDALEnv object at 0x7fceff157910>.
2023-11-06 02:40:04,205 - rasterio.env - DEBUG - Exiting outermost env
2023-11-06 02:40:04,205 - rasterio.env - DEBUG - Exited env context: <rasterio.env.Env object at 0x7fcf0268c950>
2023-11-06 02:40:04,205 - rasterio.env - DEBUG - Entering env context: <rasterio.env.Env object at 0x7fcefef102f0>
2023-11-06 02:40:04,205 - rasterio.env - DEBUG - Starting outermost env
2023-11-06 02:40:04,205 - rasterio.env - DEBUG - No GDAL environment exists
2023-11-06 02:40:04,205 - rasterio.env - DEBUG - New GDAL environment <rasterio._env.GDALEnv object at 0x7fceff157910> created
2023-11-06 02:40:04,206 - rasterio._env - DEBUG - GDAL data found in package: path='/home/swx/miniconda3/envs/present_weather/lib/python3.12/site-packages/rasterio/gdal_data'.
2023-11-06 02:40:04,206 - rasterio._env - DEBUG - PROJ_LIB found in environment.
2023-11-06 02:40:04,206 - rasterio._env - DEBUG - Started GDALEnv: self=<rasterio._env.GDALEnv object at 0x7fceff157910>.
2023-11-06 02:40:04,206 - rasterio.env - DEBUG - Entered env context: <rasterio.env.Env object at 0x7fcefef102f0>
2023-11-06 02:40:04,207 - rasterio.env - DEBUG - Got a copy of environment <rasterio._env.GDALEnv object at 0x7fceff157910> options
2023-11-06 02:40:04,207 - rasterio.env - DEBUG - Entering env context: <rasterio.env.Env object at 0x7fcefeef1670>
2023-11-06 02:40:04,207 - rasterio.env - DEBUG - Got a copy of environment <rasterio._env.GDALEnv object at 0x7fceff157910> options
2023-11-06 02:40:04,207 - rasterio.env - DEBUG - Entered env context: <rasterio.env.Env object at 0x7fcefeef1670>
2023-11-06 02:40:04,207 - rasterio._base - DEBUG - Sharing flag: 0
2023-11-06 02:40:04,208 - rasterio._base - DEBUG - Nodata success: 1, Nodata value: nan
2023-11-06 02:40:04,208 - rasterio._base - DEBUG - Dataset <open DatasetReader name='https://radar.bmkg.go.id/raster/radarsatelit_202311060220.tif' mode='r'> is started.
2023-11-06 02:40:04,209 - rasterio.env - DEBUG - Exiting env context: <rasterio.env.Env object at 0x7fcefeef1670>
2023-11-06 02:40:04,209 - rasterio.env - DEBUG - Cleared existing <rasterio._env.GDALEnv object at 0x7fceff157910> options
2023-11-06 02:40:04,209 - rasterio._env - DEBUG - Stopped GDALEnv <rasterio._env.GDALEnv object at 0x7fceff157910>.
2023-11-06 02:40:04,209 - rasterio.env - DEBUG - No GDAL environment exists
2023-11-06 02:40:04,209 - rasterio.env - DEBUG - New GDAL environment <rasterio._env.GDALEnv object at 0x7fceff157910> created
2023-11-06 02:40:04,209 - rasterio._env - DEBUG - GDAL data found in package: path='/home/swx/miniconda3/envs/present_weather/lib/python3.12/site-packages/rasterio/gdal_data'.
2023-11-06 02:40:04,210 - rasterio._env - DEBUG - PROJ_LIB found in environment.
2023-11-06 02:40:04,210 - rasterio._env - DEBUG - Started GDALEnv: self=<rasterio._env.GDALEnv object at 0x7fceff157910>.
2023-11-06 02:40:04,210 - rasterio.env - DEBUG - Exited env context: <rasterio.env.Env object at 0x7fcefeef1670>
2023-11-06 02:40:04,238 - rasterio._io - DEBUG - Output nodata value read from file: nan
2023-11-06 02:40:04,239 - rasterio._io - DEBUG - Output nodata values: [nan]
2023-11-06 02:40:04,239 - rasterio._io - DEBUG - all_valid: False
2023-11-06 02:40:04,239 - rasterio._io - DEBUG - mask_flags: ([<MaskFlags.nodata: 8>],)
2023-11-06 02:40:04,239 - rasterio._io - DEBUG - Jump straight to _read()
2023-11-06 02:40:04,240 - rasterio._io - DEBUG - Window: Window(col_off=0, row_off=0, width=10215, height=3792)
2023-11-06 02:40:04,240 - rasterio._io - DEBUG - IO window xoff=0.0 yoff=0.0 width=10215.0 height=3792.0
2023-11-06 02:40:04,873 - rasterio.env - DEBUG - Exiting env context: <rasterio.env.Env object at 0x7fcefef102f0>
2023-11-06 02:40:04,873 - rasterio.env - DEBUG - Cleared existing <rasterio._env.GDALEnv object at 0x7fceff157910> options
2023-11-06 02:40:04,873 - rasterio._env - DEBUG - Stopped GDALEnv <rasterio._env.GDALEnv object at 0x7fceff157910>.
2023-11-06 02:40:04,873 - rasterio.env - DEBUG - Exiting outermost env
2023-11-06 02:40:04,873 - rasterio.env - DEBUG - Exited env context: <rasterio.env.Env object at 0x7fcefef102f0>
2023-11-06 02:40:04,876 - urllib3.connectionpool - DEBUG - Starting new HTTPS connection (1): radar.bmkg.go.id:8060
2023-11-06 02:40:04,934 - urllib3.connectionpool - DEBUG - https://radar.bmkg.go.id:8060 "GET /getLatestLD?typeData=1 HTTP/1.1" 200 58316
2023-11-06 02:40:04,959 - asyncio - DEBUG - Using selector: EpollSelector
2023-11-06 02:56:31,337 - root - INFO - Total elapsed time: 0:16:27.379671
