2023-11-05 14:00:04,091 - root - INFO - Initiating present weather
2023-11-05 14:00:04,094 - urllib3.connectionpool - DEBUG - Starting new HTTPS connection (1): radar.bmkg.go.id:8060
2023-11-05 14:00:04,147 - urllib3.connectionpool - DEBUG - https://radar.bmkg.go.id:8060 "GET /getRadarGeotif?token=19387e71e78522ae4172ec0fda640983b8438c9cfa0ca571623cb69d8327&radar=amandemenForecast&type=latest HTTP/1.1" 200 90
2023-11-05 14:00:04,149 - rasterio.env - DEBUG - Entering env context: <rasterio.env.Env object at 0x7f4c7f9a3200>
2023-11-05 14:00:04,150 - rasterio.env - DEBUG - Starting outermost env
2023-11-05 14:00:04,150 - rasterio.env - DEBUG - No GDAL environment exists
2023-11-05 14:00:04,150 - rasterio.env - DEBUG - New GDAL environment <rasterio._env.GDALEnv object at 0x7f4ca19936d0> created
2023-11-05 14:00:04,153 - rasterio._filepath - DEBUG - Installing FilePath filesystem handler plugin...
2023-11-05 14:00:04,153 - rasterio._env - DEBUG - GDAL data found in package: path='/home/swx/miniconda3/envs/present_weather/lib/python3.12/site-packages/rasterio/gdal_data'.
2023-11-05 14:00:04,153 - rasterio._env - DEBUG - PROJ_LIB found in environment.
2023-11-05 14:00:04,154 - rasterio._env - DEBUG - Started GDALEnv: self=<rasterio._env.GDALEnv object at 0x7f4ca19936d0>.
2023-11-05 14:00:04,154 - rasterio.env - DEBUG - Entered env context: <rasterio.env.Env object at 0x7f4c7f9a3200>
2023-11-05 14:00:04,154 - rasterio._base - DEBUG - Sharing flag: 0
2023-11-05 14:00:04,319 - rasterio._base - DEBUG - Nodata success: 1, Nodata value: nan
2023-11-05 14:00:04,319 - rasterio._base - DEBUG - Dataset <open DatasetReader name='https://radar.bmkg.go.id/raster/radarsatelit_202311051340.tif' mode='r'> is started.
2023-11-05 14:00:04,320 - rasterio.env - DEBUG - Exiting env context: <rasterio.env.Env object at 0x7f4c7f9a3200>
2023-11-05 14:00:04,320 - rasterio.env - DEBUG - Cleared existing <rasterio._env.GDALEnv object at 0x7f4ca19936d0> options
2023-11-05 14:00:04,320 - rasterio._env - DEBUG - Stopped GDALEnv <rasterio._env.GDALEnv object at 0x7f4ca19936d0>.
2023-11-05 14:00:04,320 - rasterio.env - DEBUG - Exiting outermost env
2023-11-05 14:00:04,320 - rasterio.env - DEBUG - Exited env context: <rasterio.env.Env object at 0x7f4c7f9a3200>
2023-11-05 14:00:04,320 - rasterio.env - DEBUG - Entering env context: <rasterio.env.Env object at 0x7f4ccb88b260>
2023-11-05 14:00:04,320 - rasterio.env - DEBUG - Starting outermost env
2023-11-05 14:00:04,320 - rasterio.env - DEBUG - No GDAL environment exists
2023-11-05 14:00:04,321 - rasterio.env - DEBUG - New GDAL environment <rasterio._env.GDALEnv object at 0x7f4ca19936d0> created
2023-11-05 14:00:04,321 - rasterio._env - DEBUG - GDAL data found in package: path='/home/swx/miniconda3/envs/present_weather/lib/python3.12/site-packages/rasterio/gdal_data'.
2023-11-05 14:00:04,321 - rasterio._env - DEBUG - PROJ_LIB found in environment.
2023-11-05 14:00:04,322 - rasterio._env - DEBUG - Started GDALEnv: self=<rasterio._env.GDALEnv object at 0x7f4ca19936d0>.
2023-11-05 14:00:04,322 - rasterio.env - DEBUG - Entered env context: <rasterio.env.Env object at 0x7f4ccb88b260>
2023-11-05 14:00:04,323 - rasterio.env - DEBUG - Got a copy of environment <rasterio._env.GDALEnv object at 0x7f4ca19936d0> options
2023-11-05 14:00:04,323 - rasterio.env - DEBUG - Entering env context: <rasterio.env.Env object at 0x7f4c7feccef0>
2023-11-05 14:00:04,323 - rasterio.env - DEBUG - Got a copy of environment <rasterio._env.GDALEnv object at 0x7f4ca19936d0> options
2023-11-05 14:00:04,323 - rasterio.env - DEBUG - Entered env context: <rasterio.env.Env object at 0x7f4c7feccef0>
2023-11-05 14:00:04,323 - rasterio._base - DEBUG - Sharing flag: 0
2023-11-05 14:00:04,324 - rasterio._base - DEBUG - Nodata success: 1, Nodata value: nan
2023-11-05 14:00:04,324 - rasterio._base - DEBUG - Dataset <open DatasetReader name='https://radar.bmkg.go.id/raster/radarsatelit_202311051340.tif' mode='r'> is started.
2023-11-05 14:00:04,325 - rasterio.env - DEBUG - Exiting env context: <rasterio.env.Env object at 0x7f4c7feccef0>
2023-11-05 14:00:04,325 - rasterio.env - DEBUG - Cleared existing <rasterio._env.GDALEnv object at 0x7f4ca19936d0> options
2023-11-05 14:00:04,325 - rasterio._env - DEBUG - Stopped GDALEnv <rasterio._env.GDALEnv object at 0x7f4ca19936d0>.
2023-11-05 14:00:04,325 - rasterio.env - DEBUG - No GDAL environment exists
2023-11-05 14:00:04,325 - rasterio.env - DEBUG - New GDAL environment <rasterio._env.GDALEnv object at 0x7f4ca19936d0> created
2023-11-05 14:00:04,326 - rasterio._env - DEBUG - GDAL data found in package: path='/home/swx/miniconda3/envs/present_weather/lib/python3.12/site-packages/rasterio/gdal_data'.
2023-11-05 14:00:04,326 - rasterio._env - DEBUG - PROJ_LIB found in environment.
2023-11-05 14:00:04,326 - rasterio._env - DEBUG - Started GDALEnv: self=<rasterio._env.GDALEnv object at 0x7f4ca19936d0>.
2023-11-05 14:00:04,326 - rasterio.env - DEBUG - Exited env context: <rasterio.env.Env object at 0x7f4c7feccef0>
2023-11-05 14:00:04,362 - rasterio._io - DEBUG - Output nodata value read from file: nan
2023-11-05 14:00:04,362 - rasterio._io - DEBUG - Output nodata values: [nan]
2023-11-05 14:00:04,363 - rasterio._io - DEBUG - all_valid: False
2023-11-05 14:00:04,363 - rasterio._io - DEBUG - mask_flags: ([<MaskFlags.nodata: 8>],)
2023-11-05 14:00:04,363 - rasterio._io - DEBUG - Jump straight to _read()
2023-11-05 14:00:04,363 - rasterio._io - DEBUG - Window: Window(col_off=0, row_off=0, width=10215, height=3792)
2023-11-05 14:00:04,364 - rasterio._io - DEBUG - IO window xoff=0.0 yoff=0.0 width=10215.0 height=3792.0
2023-11-05 14:00:05,065 - rasterio.env - DEBUG - Exiting env context: <rasterio.env.Env object at 0x7f4ccb88b260>
2023-11-05 14:00:05,065 - rasterio.env - DEBUG - Cleared existing <rasterio._env.GDALEnv object at 0x7f4ca19936d0> options
2023-11-05 14:00:05,065 - rasterio._env - DEBUG - Stopped GDALEnv <rasterio._env.GDALEnv object at 0x7f4ca19936d0>.
2023-11-05 14:00:05,065 - rasterio.env - DEBUG - Exiting outermost env
2023-11-05 14:00:05,065 - rasterio.env - DEBUG - Exited env context: <rasterio.env.Env object at 0x7f4ccb88b260>
2023-11-05 14:00:05,068 - urllib3.connectionpool - DEBUG - Starting new HTTPS connection (1): radar.bmkg.go.id:8060
2023-11-05 14:00:05,158 - urllib3.connectionpool - DEBUG - https://radar.bmkg.go.id:8060 "GET /getLatestLD?typeData=1 HTTP/1.1" 200 150663
2023-11-05 14:00:05,209 - asyncio - DEBUG - Using selector: EpollSelector
2023-11-05 14:16:02,772 - root - INFO - Total elapsed time: 0:15:58.681509
