2023-12-11 06:13:02,677 - root - INFO - Initiating present weather
2023-12-11 06:13:02,679 - asyncio - DEBUG - Using selector: EpollSelector
2023-12-11 06:13:04,357 - urllib3.connectionpool - DEBUG - Starting new HTTPS connection (1): radar.bmkg.go.id:8060
2023-12-11 06:13:06,376 - urllib3.connectionpool - DEBUG - https://radar.bmkg.go.id:8060 "GET /getLatestLD?typeData=1 HTTP/1.1" 200 62
2023-12-11 06:13:06,378 - urllib3.connectionpool - DEBUG - Starting new HTTPS connection (1): radar.bmkg.go.id:8060
2023-12-11 06:13:06,397 - urllib3.connectionpool - DEBUG - https://radar.bmkg.go.id:8060 "GET /getRadarGeotif?token=19387e71e78522ae4172ec0fda640983b8438c9cfa0ca571623cb69d8327&radar=amandemenForecast&type=latest HTTP/1.1" 200 90
2023-12-11 06:13:06,397 - rasterio.env - DEBUG - Entering env context: <rasterio.env.Env object at 0x7f49abfb2ec0>
2023-12-11 06:13:06,398 - rasterio.env - DEBUG - Starting outermost env
2023-12-11 06:13:06,398 - rasterio.env - DEBUG - No GDAL environment exists
2023-12-11 06:13:06,398 - rasterio.env - DEBUG - New GDAL environment <rasterio._env.GDALEnv object at 0x7f49abfb2cb0> created
2023-12-11 06:13:06,400 - rasterio._filepath - DEBUG - Installing FilePath filesystem handler plugin...
2023-12-11 06:13:06,401 - rasterio._env - DEBUG - GDAL data found in package: path='/home/metpublic/PYTHON_VENV/present_weather/lib/python3.10/site-packages/rasterio/gdal_data'.
2023-12-11 06:13:06,401 - rasterio._env - DEBUG - PROJ data found in package: path='/home/metpublic/PYTHON_VENV/present_weather/lib/python3.10/site-packages/rasterio/proj_data'.
2023-12-11 06:13:06,401 - rasterio._env - DEBUG - Started GDALEnv: self=<rasterio._env.GDALEnv object at 0x7f49abfb2cb0>.
2023-12-11 06:13:06,401 - rasterio.env - DEBUG - Entered env context: <rasterio.env.Env object at 0x7f49abfb2ec0>
2023-12-11 06:13:06,401 - rasterio._base - DEBUG - Sharing flag: 0
2023-12-11 06:13:06,694 - rasterio._base - DEBUG - Nodata success: 1, Nodata value: nan
2023-12-11 06:13:06,694 - rasterio._base - DEBUG - Dataset <open DatasetReader name='https://radar.bmkg.go.id/raster/radarsatelit_202312110610.tif' mode='r'> is started.
2023-12-11 06:13:06,695 - rasterio.env - DEBUG - Exiting env context: <rasterio.env.Env object at 0x7f49abfb2ec0>
2023-12-11 06:13:06,696 - rasterio.env - DEBUG - Cleared existing <rasterio._env.GDALEnv object at 0x7f49abfb2cb0> options
2023-12-11 06:13:06,696 - rasterio._env - DEBUG - Stopped GDALEnv <rasterio._env.GDALEnv object at 0x7f49abfb2cb0>.
2023-12-11 06:13:06,696 - rasterio.env - DEBUG - Exiting outermost env
2023-12-11 06:13:06,696 - rasterio.env - DEBUG - Exited env context: <rasterio.env.Env object at 0x7f49abfb2ec0>
2023-12-11 06:13:06,696 - rasterio.env - DEBUG - Entering env context: <rasterio.env.Env object at 0x7f49ab640700>
2023-12-11 06:13:06,696 - rasterio.env - DEBUG - Starting outermost env
2023-12-11 06:13:06,696 - rasterio.env - DEBUG - No GDAL environment exists
2023-12-11 06:13:06,696 - rasterio.env - DEBUG - New GDAL environment <rasterio._env.GDALEnv object at 0x7f49abfb2cb0> created
2023-12-11 06:13:06,696 - rasterio._env - DEBUG - GDAL data found in package: path='/home/metpublic/PYTHON_VENV/present_weather/lib/python3.10/site-packages/rasterio/gdal_data'.
2023-12-11 06:13:06,697 - rasterio._env - DEBUG - PROJ data found in package: path='/home/metpublic/PYTHON_VENV/present_weather/lib/python3.10/site-packages/rasterio/proj_data'.
2023-12-11 06:13:06,697 - rasterio._env - DEBUG - Started GDALEnv: self=<rasterio._env.GDALEnv object at 0x7f49abfb2cb0>.
2023-12-11 06:13:06,697 - rasterio.env - DEBUG - Entered env context: <rasterio.env.Env object at 0x7f49ab640700>
2023-12-11 06:13:06,697 - rasterio.env - DEBUG - Got a copy of environment <rasterio._env.GDALEnv object at 0x7f49abfb2cb0> options
2023-12-11 06:13:06,697 - rasterio.env - DEBUG - Entering env context: <rasterio.env.Env object at 0x7f49a854ab30>
2023-12-11 06:13:06,697 - rasterio.env - DEBUG - Got a copy of environment <rasterio._env.GDALEnv object at 0x7f49abfb2cb0> options
2023-12-11 06:13:06,697 - rasterio.env - DEBUG - Entered env context: <rasterio.env.Env object at 0x7f49a854ab30>
2023-12-11 06:13:06,697 - rasterio._base - DEBUG - Sharing flag: 0
2023-12-11 06:13:06,698 - rasterio._base - DEBUG - Nodata success: 1, Nodata value: nan
2023-12-11 06:13:06,698 - rasterio._base - DEBUG - Dataset <open DatasetReader name='https://radar.bmkg.go.id/raster/radarsatelit_202312110610.tif' mode='r'> is started.
2023-12-11 06:13:06,698 - rasterio.env - DEBUG - Exiting env context: <rasterio.env.Env object at 0x7f49a854ab30>
2023-12-11 06:13:06,699 - rasterio.env - DEBUG - Cleared existing <rasterio._env.GDALEnv object at 0x7f49abfb2cb0> options
2023-12-11 06:13:06,699 - rasterio._env - DEBUG - Stopped GDALEnv <rasterio._env.GDALEnv object at 0x7f49abfb2cb0>.
2023-12-11 06:13:06,699 - rasterio.env - DEBUG - No GDAL environment exists
2023-12-11 06:13:06,699 - rasterio.env - DEBUG - New GDAL environment <rasterio._env.GDALEnv object at 0x7f49abfb2cb0> created
2023-12-11 06:13:06,699 - rasterio._env - DEBUG - GDAL data found in package: path='/home/metpublic/PYTHON_VENV/present_weather/lib/python3.10/site-packages/rasterio/gdal_data'.
2023-12-11 06:13:06,699 - rasterio._env - DEBUG - PROJ data found in package: path='/home/metpublic/PYTHON_VENV/present_weather/lib/python3.10/site-packages/rasterio/proj_data'.
2023-12-11 06:13:06,699 - rasterio._env - DEBUG - Started GDALEnv: self=<rasterio._env.GDALEnv object at 0x7f49abfb2cb0>.
2023-12-11 06:13:06,699 - rasterio.env - DEBUG - Exited env context: <rasterio.env.Env object at 0x7f49a854ab30>
2023-12-11 06:13:06,715 - rasterio._io - DEBUG - Output nodata value read from file: nan
2023-12-11 06:13:06,715 - rasterio._io - DEBUG - Output nodata values: [nan]
2023-12-11 06:13:06,715 - rasterio._io - DEBUG - all_valid: False
2023-12-11 06:13:06,715 - rasterio._io - DEBUG - mask_flags: ([<MaskFlags.nodata: 8>],)
2023-12-11 06:13:06,716 - rasterio._io - DEBUG - Jump straight to _read()
2023-12-11 06:13:06,716 - rasterio._io - DEBUG - Window: Window(col_off=0, row_off=0, width=10215, height=3792)
2023-12-11 06:13:06,716 - rasterio._io - DEBUG - IO window xoff=0.0 yoff=0.0 width=10215.0 height=3792.0
2023-12-11 06:13:07,263 - rasterio.env - DEBUG - Exiting env context: <rasterio.env.Env object at 0x7f49ab640700>
2023-12-11 06:13:07,264 - rasterio.env - DEBUG - Cleared existing <rasterio._env.GDALEnv object at 0x7f49abfb2cb0> options
2023-12-11 06:13:07,264 - rasterio._env - DEBUG - Stopped GDALEnv <rasterio._env.GDALEnv object at 0x7f49abfb2cb0>.
2023-12-11 06:13:07,264 - rasterio.env - DEBUG - Exiting outermost env
2023-12-11 06:13:07,264 - rasterio.env - DEBUG - Exited env context: <rasterio.env.Env object at 0x7f49ab640700>
2023-12-11 06:20:00,905 - root - INFO - Total elapsed time: 0:06:58.228601
