2023-11-15 15:20:03,848 - root - INFO - Initiating present weather
2023-11-15 15:20:03,852 - urllib3.connectionpool - DEBUG - Starting new HTTPS connection (1): radar.bmkg.go.id:8060
2023-11-15 15:20:03,918 - urllib3.connectionpool - DEBUG - https://radar.bmkg.go.id:8060 "GET /getRadarGeotif?token=19387e71e78522ae4172ec0fda640983b8438c9cfa0ca571623cb69d8327&radar=amandemenForecast&type=latest HTTP/1.1" 200 90
2023-11-15 15:20:03,921 - rasterio.env - DEBUG - Entering env context: <rasterio.env.Env object at 0x7f6127b46840>
2023-11-15 15:20:03,922 - rasterio.env - DEBUG - Starting outermost env
2023-11-15 15:20:03,922 - rasterio.env - DEBUG - No GDAL environment exists
2023-11-15 15:20:03,922 - rasterio.env - DEBUG - New GDAL environment <rasterio._env.GDALEnv object at 0x7f6127b9a170> created
2023-11-15 15:20:03,926 - rasterio._filepath - DEBUG - Installing FilePath filesystem handler plugin...
2023-11-15 15:20:03,926 - rasterio._env - DEBUG - GDAL data found in package: path='/home/swx/miniconda3/envs/present_weather/lib/python3.12/site-packages/rasterio/gdal_data'.
2023-11-15 15:20:03,926 - rasterio._env - DEBUG - PROJ_LIB found in environment.
2023-11-15 15:20:03,926 - rasterio._env - DEBUG - Started GDALEnv: self=<rasterio._env.GDALEnv object at 0x7f6127b9a170>.
2023-11-15 15:20:03,926 - rasterio.env - DEBUG - Entered env context: <rasterio.env.Env object at 0x7f6127b46840>
2023-11-15 15:20:03,927 - rasterio._base - DEBUG - Sharing flag: 0
2023-11-15 15:20:04,132 - rasterio._base - DEBUG - Nodata success: 1, Nodata value: nan
2023-11-15 15:20:04,132 - rasterio._base - DEBUG - Dataset <open DatasetReader name='https://radar.bmkg.go.id/raster/radarsatelit_202311151510.tif' mode='r'> is started.
2023-11-15 15:20:04,132 - rasterio.env - DEBUG - Exiting env context: <rasterio.env.Env object at 0x7f6127b46840>
2023-11-15 15:20:04,133 - rasterio.env - DEBUG - Cleared existing <rasterio._env.GDALEnv object at 0x7f6127b9a170> options
2023-11-15 15:20:04,133 - rasterio._env - DEBUG - Stopped GDALEnv <rasterio._env.GDALEnv object at 0x7f6127b9a170>.
2023-11-15 15:20:04,133 - rasterio.env - DEBUG - Exiting outermost env
2023-11-15 15:20:04,133 - rasterio.env - DEBUG - Exited env context: <rasterio.env.Env object at 0x7f6127b46840>
2023-11-15 15:20:04,133 - rasterio.env - DEBUG - Entering env context: <rasterio.env.Env object at 0x7f6168e20920>
2023-11-15 15:20:04,133 - rasterio.env - DEBUG - Starting outermost env
2023-11-15 15:20:04,133 - rasterio.env - DEBUG - No GDAL environment exists
2023-11-15 15:20:04,133 - rasterio.env - DEBUG - New GDAL environment <rasterio._env.GDALEnv object at 0x7f6179da8a30> created
2023-11-15 15:20:04,134 - rasterio._env - DEBUG - GDAL data found in package: path='/home/swx/miniconda3/envs/present_weather/lib/python3.12/site-packages/rasterio/gdal_data'.
2023-11-15 15:20:04,134 - rasterio._env - DEBUG - PROJ_LIB found in environment.
2023-11-15 15:20:04,135 - rasterio._env - DEBUG - Started GDALEnv: self=<rasterio._env.GDALEnv object at 0x7f6179da8a30>.
2023-11-15 15:20:04,135 - rasterio.env - DEBUG - Entered env context: <rasterio.env.Env object at 0x7f6168e20920>
2023-11-15 15:20:04,135 - rasterio.env - DEBUG - Got a copy of environment <rasterio._env.GDALEnv object at 0x7f6179da8a30> options
2023-11-15 15:20:04,135 - rasterio.env - DEBUG - Entering env context: <rasterio.env.Env object at 0x7f61277bf8f0>
2023-11-15 15:20:04,135 - rasterio.env - DEBUG - Got a copy of environment <rasterio._env.GDALEnv object at 0x7f6179da8a30> options
2023-11-15 15:20:04,136 - rasterio.env - DEBUG - Entered env context: <rasterio.env.Env object at 0x7f61277bf8f0>
2023-11-15 15:20:04,136 - rasterio._base - DEBUG - Sharing flag: 0
2023-11-15 15:20:04,137 - rasterio._base - DEBUG - Nodata success: 1, Nodata value: nan
2023-11-15 15:20:04,137 - rasterio._base - DEBUG - Dataset <open DatasetReader name='https://radar.bmkg.go.id/raster/radarsatelit_202311151510.tif' mode='r'> is started.
2023-11-15 15:20:04,137 - rasterio.env - DEBUG - Exiting env context: <rasterio.env.Env object at 0x7f61277bf8f0>
2023-11-15 15:20:04,137 - rasterio.env - DEBUG - Cleared existing <rasterio._env.GDALEnv object at 0x7f6179da8a30> options
2023-11-15 15:20:04,137 - rasterio._env - DEBUG - Stopped GDALEnv <rasterio._env.GDALEnv object at 0x7f6179da8a30>.
2023-11-15 15:20:04,137 - rasterio.env - DEBUG - No GDAL environment exists
2023-11-15 15:20:04,138 - rasterio.env - DEBUG - New GDAL environment <rasterio._env.GDALEnv object at 0x7f6179da8a30> created
2023-11-15 15:20:04,138 - rasterio._env - DEBUG - GDAL data found in package: path='/home/swx/miniconda3/envs/present_weather/lib/python3.12/site-packages/rasterio/gdal_data'.
2023-11-15 15:20:04,138 - rasterio._env - DEBUG - PROJ_LIB found in environment.
2023-11-15 15:20:04,138 - rasterio._env - DEBUG - Started GDALEnv: self=<rasterio._env.GDALEnv object at 0x7f6179da8a30>.
2023-11-15 15:20:04,138 - rasterio.env - DEBUG - Exited env context: <rasterio.env.Env object at 0x7f61277bf8f0>
2023-11-15 15:20:04,169 - rasterio._io - DEBUG - Output nodata value read from file: nan
2023-11-15 15:20:04,170 - rasterio._io - DEBUG - Output nodata values: [nan]
2023-11-15 15:20:04,170 - rasterio._io - DEBUG - all_valid: False
2023-11-15 15:20:04,170 - rasterio._io - DEBUG - mask_flags: ([<MaskFlags.nodata: 8>],)
2023-11-15 15:20:04,170 - rasterio._io - DEBUG - Jump straight to _read()
2023-11-15 15:20:04,170 - rasterio._io - DEBUG - Window: Window(col_off=0, row_off=0, width=10215, height=3789)
2023-11-15 15:20:04,171 - rasterio._io - DEBUG - IO window xoff=0.0 yoff=0.0 width=10215.0 height=3789.0
2023-11-15 15:20:04,903 - rasterio.env - DEBUG - Exiting env context: <rasterio.env.Env object at 0x7f6168e20920>
2023-11-15 15:20:04,903 - rasterio.env - DEBUG - Cleared existing <rasterio._env.GDALEnv object at 0x7f6179da8a30> options
2023-11-15 15:20:04,903 - rasterio._env - DEBUG - Stopped GDALEnv <rasterio._env.GDALEnv object at 0x7f6179da8a30>.
2023-11-15 15:20:04,903 - rasterio.env - DEBUG - Exiting outermost env
2023-11-15 15:20:04,903 - rasterio.env - DEBUG - Exited env context: <rasterio.env.Env object at 0x7f6168e20920>
2023-11-15 15:20:04,905 - urllib3.connectionpool - DEBUG - Starting new HTTPS connection (1): radar.bmkg.go.id:8060
2023-11-15 15:20:04,987 - urllib3.connectionpool - DEBUG - https://radar.bmkg.go.id:8060 "GET /getLatestLD?typeData=1 HTTP/1.1" 200 107892
2023-11-15 15:20:05,031 - asyncio - DEBUG - Using selector: EpollSelector
2023-11-15 15:20:11,551 - root - INFO - dask.bag<lambda, npartitions=34>
2023-11-15 15:36:01,883 - root - INFO - Total elapsed time: 0:15:58.036001
