2023-11-18 04:00:03,218 - root - INFO - Initiating present weather
2023-11-18 04:00:03,220 - urllib3.connectionpool - DEBUG - Starting new HTTPS connection (1): radar.bmkg.go.id:8060
2023-11-18 04:00:03,287 - urllib3.connectionpool - DEBUG - https://radar.bmkg.go.id:8060 "GET /getRadarGeotif?token=19387e71e78522ae4172ec0fda640983b8438c9cfa0ca571623cb69d8327&radar=amandemenForecast&type=latest HTTP/1.1" 200 90
2023-11-18 04:00:03,291 - rasterio.env - DEBUG - Entering env context: <rasterio.env.Env object at 0x7fda1dcb0b60>
2023-11-18 04:00:03,292 - rasterio.env - DEBUG - Starting outermost env
2023-11-18 04:00:03,292 - rasterio.env - DEBUG - No GDAL environment exists
2023-11-18 04:00:03,293 - rasterio.env - DEBUG - New GDAL environment <rasterio._env.GDALEnv object at 0x7fd9be9c9d20> created
2023-11-18 04:00:03,297 - rasterio._filepath - DEBUG - Installing FilePath filesystem handler plugin...
2023-11-18 04:00:03,297 - rasterio._env - DEBUG - GDAL data found in package: path='/home/swx/miniconda3/envs/present_weather/lib/python3.12/site-packages/rasterio/gdal_data'.
2023-11-18 04:00:03,297 - rasterio._env - DEBUG - PROJ_LIB found in environment.
2023-11-18 04:00:03,297 - rasterio._env - DEBUG - Started GDALEnv: self=<rasterio._env.GDALEnv object at 0x7fd9be9c9d20>.
2023-11-18 04:00:03,298 - rasterio.env - DEBUG - Entered env context: <rasterio.env.Env object at 0x7fda1dcb0b60>
2023-11-18 04:00:03,298 - rasterio._base - DEBUG - Sharing flag: 0
2023-11-18 04:00:03,495 - rasterio._base - DEBUG - Nodata success: 1, Nodata value: nan
2023-11-18 04:00:03,496 - rasterio._base - DEBUG - Dataset <open DatasetReader name='https://radar.bmkg.go.id/raster/radarsatelit_202311180350.tif' mode='r'> is started.
2023-11-18 04:00:03,497 - rasterio.env - DEBUG - Exiting env context: <rasterio.env.Env object at 0x7fda1dcb0b60>
2023-11-18 04:00:03,497 - rasterio.env - DEBUG - Cleared existing <rasterio._env.GDALEnv object at 0x7fd9be9c9d20> options
2023-11-18 04:00:03,497 - rasterio._env - DEBUG - Stopped GDALEnv <rasterio._env.GDALEnv object at 0x7fd9be9c9d20>.
2023-11-18 04:00:03,497 - rasterio.env - DEBUG - Exiting outermost env
2023-11-18 04:00:03,497 - rasterio.env - DEBUG - Exited env context: <rasterio.env.Env object at 0x7fda1dcb0b60>
2023-11-18 04:00:03,497 - rasterio.env - DEBUG - Entering env context: <rasterio.env.Env object at 0x7fda0d1d1760>
2023-11-18 04:00:03,497 - rasterio.env - DEBUG - Starting outermost env
2023-11-18 04:00:03,498 - rasterio.env - DEBUG - No GDAL environment exists
2023-11-18 04:00:03,498 - rasterio.env - DEBUG - New GDAL environment <rasterio._env.GDALEnv object at 0x7fd9be9c9d20> created
2023-11-18 04:00:03,498 - rasterio._env - DEBUG - GDAL data found in package: path='/home/swx/miniconda3/envs/present_weather/lib/python3.12/site-packages/rasterio/gdal_data'.
2023-11-18 04:00:03,498 - rasterio._env - DEBUG - PROJ_LIB found in environment.
2023-11-18 04:00:03,499 - rasterio._env - DEBUG - Started GDALEnv: self=<rasterio._env.GDALEnv object at 0x7fd9be9c9d20>.
2023-11-18 04:00:03,499 - rasterio.env - DEBUG - Entered env context: <rasterio.env.Env object at 0x7fda0d1d1760>
2023-11-18 04:00:03,500 - rasterio.env - DEBUG - Got a copy of environment <rasterio._env.GDALEnv object at 0x7fd9be9c9d20> options
2023-11-18 04:00:03,500 - rasterio.env - DEBUG - Entering env context: <rasterio.env.Env object at 0x7fd9bad08500>
2023-11-18 04:00:03,501 - rasterio.env - DEBUG - Got a copy of environment <rasterio._env.GDALEnv object at 0x7fd9be9c9d20> options
2023-11-18 04:00:03,501 - rasterio.env - DEBUG - Entered env context: <rasterio.env.Env object at 0x7fd9bad08500>
2023-11-18 04:00:03,501 - rasterio._base - DEBUG - Sharing flag: 0
2023-11-18 04:00:03,502 - rasterio._base - DEBUG - Nodata success: 1, Nodata value: nan
2023-11-18 04:00:03,502 - rasterio._base - DEBUG - Dataset <open DatasetReader name='https://radar.bmkg.go.id/raster/radarsatelit_202311180350.tif' mode='r'> is started.
2023-11-18 04:00:03,502 - rasterio.env - DEBUG - Exiting env context: <rasterio.env.Env object at 0x7fd9bad08500>
2023-11-18 04:00:03,502 - rasterio.env - DEBUG - Cleared existing <rasterio._env.GDALEnv object at 0x7fd9be9c9d20> options
2023-11-18 04:00:03,502 - rasterio._env - DEBUG - Stopped GDALEnv <rasterio._env.GDALEnv object at 0x7fd9be9c9d20>.
2023-11-18 04:00:03,503 - rasterio.env - DEBUG - No GDAL environment exists
2023-11-18 04:00:03,503 - rasterio.env - DEBUG - New GDAL environment <rasterio._env.GDALEnv object at 0x7fd9be9c9d20> created
2023-11-18 04:00:03,503 - rasterio._env - DEBUG - GDAL data found in package: path='/home/swx/miniconda3/envs/present_weather/lib/python3.12/site-packages/rasterio/gdal_data'.
2023-11-18 04:00:03,503 - rasterio._env - DEBUG - PROJ_LIB found in environment.
2023-11-18 04:00:03,503 - rasterio._env - DEBUG - Started GDALEnv: self=<rasterio._env.GDALEnv object at 0x7fd9be9c9d20>.
2023-11-18 04:00:03,504 - rasterio.env - DEBUG - Exited env context: <rasterio.env.Env object at 0x7fd9bad08500>
2023-11-18 04:00:03,545 - rasterio._io - DEBUG - Output nodata value read from file: nan
2023-11-18 04:00:03,546 - rasterio._io - DEBUG - Output nodata values: [nan]
2023-11-18 04:00:03,546 - rasterio._io - DEBUG - all_valid: False
2023-11-18 04:00:03,546 - rasterio._io - DEBUG - mask_flags: ([<MaskFlags.nodata: 8>],)
2023-11-18 04:00:03,547 - rasterio._io - DEBUG - Jump straight to _read()
2023-11-18 04:00:03,547 - rasterio._io - DEBUG - Window: Window(col_off=0, row_off=0, width=10215, height=3792)
2023-11-18 04:00:03,547 - rasterio._io - DEBUG - IO window xoff=0.0 yoff=0.0 width=10215.0 height=3792.0
2023-11-18 04:00:04,209 - rasterio.env - DEBUG - Exiting env context: <rasterio.env.Env object at 0x7fda0d1d1760>
2023-11-18 04:00:04,209 - rasterio.env - DEBUG - Cleared existing <rasterio._env.GDALEnv object at 0x7fd9be9c9d20> options
2023-11-18 04:00:04,210 - rasterio._env - DEBUG - Stopped GDALEnv <rasterio._env.GDALEnv object at 0x7fd9be9c9d20>.
2023-11-18 04:00:04,210 - rasterio.env - DEBUG - Exiting outermost env
2023-11-18 04:00:04,210 - rasterio.env - DEBUG - Exited env context: <rasterio.env.Env object at 0x7fda0d1d1760>
2023-11-18 04:00:04,213 - urllib3.connectionpool - DEBUG - Starting new HTTPS connection (1): radar.bmkg.go.id:8060
2023-11-18 04:00:04,274 - urllib3.connectionpool - DEBUG - https://radar.bmkg.go.id:8060 "GET /getLatestLD?typeData=1 HTTP/1.1" 200 10400
2023-11-18 04:00:04,288 - asyncio - DEBUG - Using selector: EpollSelector
2023-11-18 04:00:11,025 - root - INFO - dask.bag<lambda, npartitions=34>
2023-11-18 04:14:18,149 - root - INFO - Total elapsed time: 0:14:14.931438
