2023-11-24 10:43:03,966 - root - INFO - Initiating present weather
2023-11-24 10:43:03,969 - asyncio - DEBUG - Using selector: EpollSelector
2023-11-24 10:43:07,241 - urllib3.connectionpool - DEBUG - Starting new HTTPS connection (1): radar.bmkg.go.id:8060
2023-11-24 10:43:07,303 - urllib3.connectionpool - DEBUG - https://radar.bmkg.go.id:8060 "GET /getRadarGeotif?token=19387e71e78522ae4172ec0fda640983b8438c9cfa0ca571623cb69d8327&radar=amandemenForecast&type=latest HTTP/1.1" 200 90
2023-11-24 10:43:07,305 - rasterio.env - DEBUG - Entering env context: <rasterio.env.Env object at 0x7f3f2013b6b0>
2023-11-24 10:43:07,306 - rasterio.env - DEBUG - Starting outermost env
2023-11-24 10:43:07,306 - rasterio.env - DEBUG - No GDAL environment exists
2023-11-24 10:43:07,306 - rasterio.env - DEBUG - New GDAL environment <rasterio._env.GDALEnv object at 0x7f3f2013bd60> created
2023-11-24 10:43:07,310 - rasterio._filepath - DEBUG - Installing FilePath filesystem handler plugin...
2023-11-24 10:43:07,310 - rasterio._env - DEBUG - GDAL data found in package: path='/home/swx/miniconda3/envs/present_weather/lib/python3.12/site-packages/rasterio/gdal_data'.
2023-11-24 10:43:07,310 - rasterio._env - DEBUG - PROJ_LIB found in environment.
2023-11-24 10:43:07,310 - rasterio._env - DEBUG - Started GDALEnv: self=<rasterio._env.GDALEnv object at 0x7f3f2013bd60>.
2023-11-24 10:43:07,310 - rasterio.env - DEBUG - Entered env context: <rasterio.env.Env object at 0x7f3f2013b6b0>
2023-11-24 10:43:07,310 - rasterio._base - DEBUG - Sharing flag: 0
2023-11-24 10:43:07,520 - rasterio._base - DEBUG - Nodata success: 1, Nodata value: nan
2023-11-24 10:43:07,520 - rasterio._base - DEBUG - Dataset <open DatasetReader name='https://radar.bmkg.go.id/raster/radarsatelit_202311241040.tif' mode='r'> is started.
2023-11-24 10:43:07,521 - rasterio.env - DEBUG - Exiting env context: <rasterio.env.Env object at 0x7f3f2013b6b0>
2023-11-24 10:43:07,521 - rasterio.env - DEBUG - Cleared existing <rasterio._env.GDALEnv object at 0x7f3f2013bd60> options
2023-11-24 10:43:07,521 - rasterio._env - DEBUG - Stopped GDALEnv <rasterio._env.GDALEnv object at 0x7f3f2013bd60>.
2023-11-24 10:43:07,521 - rasterio.env - DEBUG - Exiting outermost env
2023-11-24 10:43:07,521 - rasterio.env - DEBUG - Exited env context: <rasterio.env.Env object at 0x7f3f2013b6b0>
2023-11-24 10:43:07,521 - rasterio.env - DEBUG - Entering env context: <rasterio.env.Env object at 0x7f3f2013bef0>
2023-11-24 10:43:07,521 - rasterio.env - DEBUG - Starting outermost env
2023-11-24 10:43:07,522 - rasterio.env - DEBUG - No GDAL environment exists
2023-11-24 10:43:07,522 - rasterio.env - DEBUG - New GDAL environment <rasterio._env.GDALEnv object at 0x7f3f2013bd60> created
2023-11-24 10:43:07,522 - rasterio._env - DEBUG - GDAL data found in package: path='/home/swx/miniconda3/envs/present_weather/lib/python3.12/site-packages/rasterio/gdal_data'.
2023-11-24 10:43:07,522 - rasterio._env - DEBUG - PROJ_LIB found in environment.
2023-11-24 10:43:07,523 - rasterio._env - DEBUG - Started GDALEnv: self=<rasterio._env.GDALEnv object at 0x7f3f2013bd60>.
2023-11-24 10:43:07,523 - rasterio.env - DEBUG - Entered env context: <rasterio.env.Env object at 0x7f3f2013bef0>
2023-11-24 10:43:07,523 - rasterio.env - DEBUG - Got a copy of environment <rasterio._env.GDALEnv object at 0x7f3f2013bd60> options
2023-11-24 10:43:07,523 - rasterio.env - DEBUG - Entering env context: <rasterio.env.Env object at 0x7f3f1b2de330>
2023-11-24 10:43:07,524 - rasterio.env - DEBUG - Got a copy of environment <rasterio._env.GDALEnv object at 0x7f3f2013bd60> options
2023-11-24 10:43:07,524 - rasterio.env - DEBUG - Entered env context: <rasterio.env.Env object at 0x7f3f1b2de330>
2023-11-24 10:43:07,524 - rasterio._base - DEBUG - Sharing flag: 0
2023-11-24 10:43:07,525 - rasterio._base - DEBUG - Nodata success: 1, Nodata value: nan
2023-11-24 10:43:07,525 - rasterio._base - DEBUG - Dataset <open DatasetReader name='https://radar.bmkg.go.id/raster/radarsatelit_202311241040.tif' mode='r'> is started.
2023-11-24 10:43:07,525 - rasterio.env - DEBUG - Exiting env context: <rasterio.env.Env object at 0x7f3f1b2de330>
2023-11-24 10:43:07,525 - rasterio.env - DEBUG - Cleared existing <rasterio._env.GDALEnv object at 0x7f3f2013bd60> options
2023-11-24 10:43:07,526 - rasterio._env - DEBUG - Stopped GDALEnv <rasterio._env.GDALEnv object at 0x7f3f2013bd60>.
2023-11-24 10:43:07,526 - rasterio.env - DEBUG - No GDAL environment exists
2023-11-24 10:43:07,526 - rasterio.env - DEBUG - New GDAL environment <rasterio._env.GDALEnv object at 0x7f3f2013bd60> created
2023-11-24 10:43:07,526 - rasterio._env - DEBUG - GDAL data found in package: path='/home/swx/miniconda3/envs/present_weather/lib/python3.12/site-packages/rasterio/gdal_data'.
2023-11-24 10:43:07,526 - rasterio._env - DEBUG - PROJ_LIB found in environment.
2023-11-24 10:43:07,527 - rasterio._env - DEBUG - Started GDALEnv: self=<rasterio._env.GDALEnv object at 0x7f3f2013bd60>.
2023-11-24 10:43:07,527 - rasterio.env - DEBUG - Exited env context: <rasterio.env.Env object at 0x7f3f1b2de330>
2023-11-24 10:43:07,554 - rasterio._io - DEBUG - Output nodata value read from file: nan
2023-11-24 10:43:07,554 - rasterio._io - DEBUG - Output nodata values: [nan]
2023-11-24 10:43:07,554 - rasterio._io - DEBUG - all_valid: False
2023-11-24 10:43:07,554 - rasterio._io - DEBUG - mask_flags: ([<MaskFlags.nodata: 8>],)
2023-11-24 10:43:07,555 - rasterio._io - DEBUG - Jump straight to _read()
2023-11-24 10:43:07,555 - rasterio._io - DEBUG - Window: Window(col_off=0, row_off=0, width=10178, height=3732)
2023-11-24 10:43:07,555 - rasterio._io - DEBUG - IO window xoff=0.0 yoff=0.0 width=10178.0 height=3732.0
2023-11-24 10:43:08,474 - rasterio.env - DEBUG - Exiting env context: <rasterio.env.Env object at 0x7f3f2013bef0>
2023-11-24 10:43:08,474 - rasterio.env - DEBUG - Cleared existing <rasterio._env.GDALEnv object at 0x7f3f2013bd60> options
2023-11-24 10:43:08,474 - rasterio._env - DEBUG - Stopped GDALEnv <rasterio._env.GDALEnv object at 0x7f3f2013bd60>.
2023-11-24 10:43:08,474 - rasterio.env - DEBUG - Exiting outermost env
2023-11-24 10:43:08,474 - rasterio.env - DEBUG - Exited env context: <rasterio.env.Env object at 0x7f3f2013bef0>
2023-11-24 10:43:08,476 - urllib3.connectionpool - DEBUG - Starting new HTTPS connection (1): radar.bmkg.go.id:8060
2023-11-24 10:43:08,542 - urllib3.connectionpool - DEBUG - https://radar.bmkg.go.id:8060 "GET /getLatestLD?typeData=1 HTTP/1.1" 200 29238
2023-11-24 10:43:08,559 - root - INFO - Generating present weather using RADAR data
2023-11-24 10:43:11,854 - root - INFO - dask.bag<lambda, npartitions=20>
2023-11-24 10:43:29,454 - root - INFO - Total elapsed time: 0:00:25.489459
