2023-12-05 11:03:02,835 - root - INFO - Initiating present weather
2023-12-05 11:03:02,837 - asyncio - DEBUG - Using selector: EpollSelector
2023-12-05 11:03:04,351 - urllib3.connectionpool - DEBUG - Starting new HTTPS connection (1): radar.bmkg.go.id:8060
2023-12-05 11:03:04,365 - urllib3.connectionpool - DEBUG - https://radar.bmkg.go.id:8060 "GET /getLatestLD?typeData=1 HTTP/1.1" 200 62
2023-12-05 11:03:04,367 - urllib3.connectionpool - DEBUG - Starting new HTTPS connection (1): radar.bmkg.go.id:8060
2023-12-05 11:03:04,390 - urllib3.connectionpool - DEBUG - https://radar.bmkg.go.id:8060 "GET /getRadarGeotif?token=19387e71e78522ae4172ec0fda640983b8438c9cfa0ca571623cb69d8327&radar=amandemenForecast&type=latest HTTP/1.1" 200 90
2023-12-05 11:03:04,391 - rasterio.env - DEBUG - Entering env context: <rasterio.env.Env object at 0x7f6667132f50>
2023-12-05 11:03:04,391 - rasterio.env - DEBUG - Starting outermost env
2023-12-05 11:03:04,392 - rasterio.env - DEBUG - No GDAL environment exists
2023-12-05 11:03:04,392 - rasterio.env - DEBUG - New GDAL environment <rasterio._env.GDALEnv object at 0x7f6667132a10> created
2023-12-05 11:03:04,394 - rasterio._filepath - DEBUG - Installing FilePath filesystem handler plugin...
2023-12-05 11:03:04,395 - rasterio._env - DEBUG - GDAL data found in package: path='/home/metpublic/PYTHON_VENV/present_weather/lib/python3.10/site-packages/rasterio/gdal_data'.
2023-12-05 11:03:04,395 - rasterio._env - DEBUG - PROJ data found in package: path='/home/metpublic/PYTHON_VENV/present_weather/lib/python3.10/site-packages/rasterio/proj_data'.
2023-12-05 11:03:04,395 - rasterio._env - DEBUG - Started GDALEnv: self=<rasterio._env.GDALEnv object at 0x7f6667132a10>.
2023-12-05 11:03:04,395 - rasterio.env - DEBUG - Entered env context: <rasterio.env.Env object at 0x7f6667132f50>
2023-12-05 11:03:04,395 - rasterio._base - DEBUG - Sharing flag: 0
2023-12-05 11:03:04,624 - rasterio._base - DEBUG - Nodata success: 1, Nodata value: nan
2023-12-05 11:03:04,625 - rasterio._base - DEBUG - Dataset <open DatasetReader name='https://radar.bmkg.go.id/raster/radarsatelit_202312051100.tif' mode='r'> is started.
2023-12-05 11:03:04,625 - rasterio.env - DEBUG - Exiting env context: <rasterio.env.Env object at 0x7f6667132f50>
2023-12-05 11:03:04,625 - rasterio.env - DEBUG - Cleared existing <rasterio._env.GDALEnv object at 0x7f6667132a10> options
2023-12-05 11:03:04,625 - rasterio._env - DEBUG - Stopped GDALEnv <rasterio._env.GDALEnv object at 0x7f6667132a10>.
2023-12-05 11:03:04,625 - rasterio.env - DEBUG - Exiting outermost env
2023-12-05 11:03:04,625 - rasterio.env - DEBUG - Exited env context: <rasterio.env.Env object at 0x7f6667132f50>
2023-12-05 11:03:04,625 - rasterio.env - DEBUG - Entering env context: <rasterio.env.Env object at 0x7f66667c0790>
2023-12-05 11:03:04,625 - rasterio.env - DEBUG - Starting outermost env
2023-12-05 11:03:04,626 - rasterio.env - DEBUG - No GDAL environment exists
2023-12-05 11:03:04,626 - rasterio.env - DEBUG - New GDAL environment <rasterio._env.GDALEnv object at 0x7f6667132a10> created
2023-12-05 11:03:04,626 - rasterio._env - DEBUG - GDAL data found in package: path='/home/metpublic/PYTHON_VENV/present_weather/lib/python3.10/site-packages/rasterio/gdal_data'.
2023-12-05 11:03:04,626 - rasterio._env - DEBUG - PROJ data found in package: path='/home/metpublic/PYTHON_VENV/present_weather/lib/python3.10/site-packages/rasterio/proj_data'.
2023-12-05 11:03:04,626 - rasterio._env - DEBUG - Started GDALEnv: self=<rasterio._env.GDALEnv object at 0x7f6667132a10>.
2023-12-05 11:03:04,626 - rasterio.env - DEBUG - Entered env context: <rasterio.env.Env object at 0x7f66667c0790>
2023-12-05 11:03:04,627 - rasterio.env - DEBUG - Got a copy of environment <rasterio._env.GDALEnv object at 0x7f6667132a10> options
2023-12-05 11:03:04,627 - rasterio.env - DEBUG - Entering env context: <rasterio.env.Env object at 0x7f66646b9f00>
2023-12-05 11:03:04,627 - rasterio.env - DEBUG - Got a copy of environment <rasterio._env.GDALEnv object at 0x7f6667132a10> options
2023-12-05 11:03:04,627 - rasterio.env - DEBUG - Entered env context: <rasterio.env.Env object at 0x7f66646b9f00>
2023-12-05 11:03:04,627 - rasterio._base - DEBUG - Sharing flag: 0
2023-12-05 11:03:04,628 - rasterio._base - DEBUG - Nodata success: 1, Nodata value: nan
2023-12-05 11:03:04,628 - rasterio._base - DEBUG - Dataset <open DatasetReader name='https://radar.bmkg.go.id/raster/radarsatelit_202312051100.tif' mode='r'> is started.
2023-12-05 11:03:04,628 - rasterio.env - DEBUG - Exiting env context: <rasterio.env.Env object at 0x7f66646b9f00>
2023-12-05 11:03:04,628 - rasterio.env - DEBUG - Cleared existing <rasterio._env.GDALEnv object at 0x7f6667132a10> options
2023-12-05 11:03:04,629 - rasterio._env - DEBUG - Stopped GDALEnv <rasterio._env.GDALEnv object at 0x7f6667132a10>.
2023-12-05 11:03:04,629 - rasterio.env - DEBUG - No GDAL environment exists
2023-12-05 11:03:04,629 - rasterio.env - DEBUG - New GDAL environment <rasterio._env.GDALEnv object at 0x7f6667132a10> created
2023-12-05 11:03:04,629 - rasterio._env - DEBUG - GDAL data found in package: path='/home/metpublic/PYTHON_VENV/present_weather/lib/python3.10/site-packages/rasterio/gdal_data'.
2023-12-05 11:03:04,629 - rasterio._env - DEBUG - PROJ data found in package: path='/home/metpublic/PYTHON_VENV/present_weather/lib/python3.10/site-packages/rasterio/proj_data'.
2023-12-05 11:03:04,629 - rasterio._env - DEBUG - Started GDALEnv: self=<rasterio._env.GDALEnv object at 0x7f6667132a10>.
2023-12-05 11:03:04,629 - rasterio.env - DEBUG - Exited env context: <rasterio.env.Env object at 0x7f66646b9f00>
2023-12-05 11:03:04,649 - rasterio._io - DEBUG - Output nodata value read from file: nan
2023-12-05 11:03:04,649 - rasterio._io - DEBUG - Output nodata values: [nan]
2023-12-05 11:03:04,649 - rasterio._io - DEBUG - all_valid: False
2023-12-05 11:03:04,649 - rasterio._io - DEBUG - mask_flags: ([<MaskFlags.nodata: 8>],)
2023-12-05 11:03:04,649 - rasterio._io - DEBUG - Jump straight to _read()
2023-12-05 11:03:04,649 - rasterio._io - DEBUG - Window: Window(col_off=0, row_off=0, width=10177, height=3732)
2023-12-05 11:03:04,650 - rasterio._io - DEBUG - IO window xoff=0.0 yoff=0.0 width=10177.0 height=3732.0
2023-12-05 11:03:05,225 - rasterio.env - DEBUG - Exiting env context: <rasterio.env.Env object at 0x7f66667c0790>
2023-12-05 11:03:05,225 - rasterio.env - DEBUG - Cleared existing <rasterio._env.GDALEnv object at 0x7f6667132a10> options
2023-12-05 11:03:05,225 - rasterio._env - DEBUG - Stopped GDALEnv <rasterio._env.GDALEnv object at 0x7f6667132a10>.
2023-12-05 11:03:05,225 - rasterio.env - DEBUG - Exiting outermost env
2023-12-05 11:03:05,225 - rasterio.env - DEBUG - Exited env context: <rasterio.env.Env object at 0x7f66667c0790>
2023-12-05 11:07:48,068 - rasterio.env - DEBUG - Entering env context: <rasterio.env.Env object at 0x7f666456bcd0>
2023-12-05 11:07:48,068 - rasterio.env - DEBUG - Starting outermost env
2023-12-05 11:07:48,068 - rasterio.env - DEBUG - No GDAL environment exists
2023-12-05 11:07:48,068 - rasterio.env - DEBUG - New GDAL environment <rasterio._env.GDALEnv object at 0x7f6664569ba0> created
2023-12-05 11:07:48,069 - rasterio._env - DEBUG - GDAL data found in package: path='/home/metpublic/PYTHON_VENV/present_weather/lib/python3.10/site-packages/rasterio/gdal_data'.
2023-12-05 11:07:48,069 - rasterio._env - DEBUG - PROJ data found in package: path='/home/metpublic/PYTHON_VENV/present_weather/lib/python3.10/site-packages/rasterio/proj_data'.
2023-12-05 11:07:48,069 - rasterio._env - DEBUG - Started GDALEnv: self=<rasterio._env.GDALEnv object at 0x7f6664569ba0>.
2023-12-05 11:07:48,069 - rasterio.env - DEBUG - Entered env context: <rasterio.env.Env object at 0x7f666456bcd0>
2023-12-05 11:07:48,070 - rasterio._base - DEBUG - Sharing flag: 0
2023-12-05 11:07:48,071 - rasterio._base - DEBUG - Nodata success: 0, Nodata value: 0.000000
2023-12-05 11:07:48,071 - rasterio._base - DEBUG - Dataset <open DatasetReader name='/home/metpublic/TASK_RELEASE/EFAN/present_weather/src/H09_B13_Indonesia_20231205.Z1050.cor.tiff' mode='r'> is started.
2023-12-05 11:07:48,071 - rasterio.env - DEBUG - Exiting env context: <rasterio.env.Env object at 0x7f666456bcd0>
2023-12-05 11:07:48,071 - rasterio.env - DEBUG - Cleared existing <rasterio._env.GDALEnv object at 0x7f6664569ba0> options
2023-12-05 11:07:48,071 - rasterio._env - DEBUG - Stopped GDALEnv <rasterio._env.GDALEnv object at 0x7f6664569ba0>.
2023-12-05 11:07:48,071 - rasterio.env - DEBUG - Exiting outermost env
2023-12-05 11:07:48,071 - rasterio.env - DEBUG - Exited env context: <rasterio.env.Env object at 0x7f666456bcd0>
2023-12-05 11:07:48,072 - rasterio.env - DEBUG - Entering env context: <rasterio.env.Env object at 0x7f666456b8b0>
2023-12-05 11:07:48,072 - rasterio.env - DEBUG - Starting outermost env
2023-12-05 11:07:48,072 - rasterio.env - DEBUG - No GDAL environment exists
2023-12-05 11:07:48,072 - rasterio.env - DEBUG - New GDAL environment <rasterio._env.GDALEnv object at 0x7f666456ab60> created
2023-12-05 11:07:48,072 - rasterio._env - DEBUG - GDAL data found in package: path='/home/metpublic/PYTHON_VENV/present_weather/lib/python3.10/site-packages/rasterio/gdal_data'.
2023-12-05 11:07:48,072 - rasterio._env - DEBUG - PROJ data found in package: path='/home/metpublic/PYTHON_VENV/present_weather/lib/python3.10/site-packages/rasterio/proj_data'.
2023-12-05 11:07:48,072 - rasterio._env - DEBUG - Started GDALEnv: self=<rasterio._env.GDALEnv object at 0x7f666456ab60>.
2023-12-05 11:07:48,072 - rasterio.env - DEBUG - Entered env context: <rasterio.env.Env object at 0x7f666456b8b0>
2023-12-05 11:07:48,073 - rasterio._base - DEBUG - Sharing flag: 0
2023-12-05 11:07:48,073 - rasterio._base - DEBUG - Nodata success: 0, Nodata value: 0.000000
2023-12-05 11:07:48,073 - rasterio._base - DEBUG - Dataset <open DatasetReader name='/home/metpublic/TASK_RELEASE/EFAN/present_weather/src/H09_B13_Indonesia_20231205.Z1050.cor.tiff' mode='r'> is started.
2023-12-05 11:07:48,074 - rasterio.env - DEBUG - Exiting env context: <rasterio.env.Env object at 0x7f666456b8b0>
2023-12-05 11:07:48,074 - rasterio.env - DEBUG - Cleared existing <rasterio._env.GDALEnv object at 0x7f666456ab60> options
2023-12-05 11:07:48,074 - rasterio._env - DEBUG - Stopped GDALEnv <rasterio._env.GDALEnv object at 0x7f666456ab60>.
2023-12-05 11:07:48,074 - rasterio.env - DEBUG - Exiting outermost env
2023-12-05 11:07:48,074 - rasterio.env - DEBUG - Exited env context: <rasterio.env.Env object at 0x7f666456b8b0>
2023-12-05 11:07:48,082 - root - INFO - Generating present weather using SATELITE data
2023-12-05 11:09:03,160 - root - INFO - Total elapsed time: 0:06:00.325374
