2023-11-17 20:00:03,573 - root - INFO - Initiating present weather
2023-11-17 20:00:03,578 - urllib3.connectionpool - DEBUG - Starting new HTTPS connection (1): radar.bmkg.go.id:8060
2023-11-17 20:00:03,651 - urllib3.connectionpool - DEBUG - https://radar.bmkg.go.id:8060 "GET /getRadarGeotif?token=19387e71e78522ae4172ec0fda640983b8438c9cfa0ca571623cb69d8327&radar=amandemenForecast&type=latest HTTP/1.1" 200 90
2023-11-17 20:00:03,654 - rasterio.env - DEBUG - Entering env context: <rasterio.env.Env object at 0x7f8ac7db6f60>
2023-11-17 20:00:03,655 - rasterio.env - DEBUG - Starting outermost env
2023-11-17 20:00:03,655 - rasterio.env - DEBUG - No GDAL environment exists
2023-11-17 20:00:03,655 - rasterio.env - DEBUG - New GDAL environment <rasterio._env.GDALEnv object at 0x7f8b094dad10> created
2023-11-17 20:00:03,660 - rasterio._filepath - DEBUG - Installing FilePath filesystem handler plugin...
2023-11-17 20:00:03,660 - rasterio._env - DEBUG - GDAL data found in package: path='/home/swx/miniconda3/envs/present_weather/lib/python3.12/site-packages/rasterio/gdal_data'.
2023-11-17 20:00:03,660 - rasterio._env - DEBUG - PROJ_LIB found in environment.
2023-11-17 20:00:03,660 - rasterio._env - DEBUG - Started GDALEnv: self=<rasterio._env.GDALEnv object at 0x7f8b094dad10>.
2023-11-17 20:00:03,660 - rasterio.env - DEBUG - Entered env context: <rasterio.env.Env object at 0x7f8ac7db6f60>
2023-11-17 20:00:03,661 - rasterio._base - DEBUG - Sharing flag: 0
2023-11-17 20:00:03,851 - rasterio._base - DEBUG - Nodata success: 1, Nodata value: nan
2023-11-17 20:00:03,851 - rasterio._base - DEBUG - Dataset <open DatasetReader name='https://radar.bmkg.go.id/raster/radarsatelit_202311171950.tif' mode='r'> is started.
2023-11-17 20:00:03,852 - rasterio.env - DEBUG - Exiting env context: <rasterio.env.Env object at 0x7f8ac7db6f60>
2023-11-17 20:00:03,852 - rasterio.env - DEBUG - Cleared existing <rasterio._env.GDALEnv object at 0x7f8b094dad10> options
2023-11-17 20:00:03,852 - rasterio._env - DEBUG - Stopped GDALEnv <rasterio._env.GDALEnv object at 0x7f8b094dad10>.
2023-11-17 20:00:03,852 - rasterio.env - DEBUG - Exiting outermost env
2023-11-17 20:00:03,852 - rasterio.env - DEBUG - Exited env context: <rasterio.env.Env object at 0x7f8ac7db6f60>
2023-11-17 20:00:03,852 - rasterio.env - DEBUG - Entering env context: <rasterio.env.Env object at 0x7f8ac7b3e6c0>
2023-11-17 20:00:03,852 - rasterio.env - DEBUG - Starting outermost env
2023-11-17 20:00:03,853 - rasterio.env - DEBUG - No GDAL environment exists
2023-11-17 20:00:03,853 - rasterio.env - DEBUG - New GDAL environment <rasterio._env.GDALEnv object at 0x7f8b11c22ad0> created
2023-11-17 20:00:03,853 - rasterio._env - DEBUG - GDAL data found in package: path='/home/swx/miniconda3/envs/present_weather/lib/python3.12/site-packages/rasterio/gdal_data'.
2023-11-17 20:00:03,853 - rasterio._env - DEBUG - PROJ_LIB found in environment.
2023-11-17 20:00:03,854 - rasterio._env - DEBUG - Started GDALEnv: self=<rasterio._env.GDALEnv object at 0x7f8b11c22ad0>.
2023-11-17 20:00:03,854 - rasterio.env - DEBUG - Entered env context: <rasterio.env.Env object at 0x7f8ac7b3e6c0>
2023-11-17 20:00:03,854 - rasterio.env - DEBUG - Got a copy of environment <rasterio._env.GDALEnv object at 0x7f8b11c22ad0> options
2023-11-17 20:00:03,854 - rasterio.env - DEBUG - Entering env context: <rasterio.env.Env object at 0x7f8ac7db6d20>
2023-11-17 20:00:03,855 - rasterio.env - DEBUG - Got a copy of environment <rasterio._env.GDALEnv object at 0x7f8b11c22ad0> options
2023-11-17 20:00:03,855 - rasterio.env - DEBUG - Entered env context: <rasterio.env.Env object at 0x7f8ac7db6d20>
2023-11-17 20:00:03,855 - rasterio._base - DEBUG - Sharing flag: 0
2023-11-17 20:00:03,856 - rasterio._base - DEBUG - Nodata success: 1, Nodata value: nan
2023-11-17 20:00:03,856 - rasterio._base - DEBUG - Dataset <open DatasetReader name='https://radar.bmkg.go.id/raster/radarsatelit_202311171950.tif' mode='r'> is started.
2023-11-17 20:00:03,856 - rasterio.env - DEBUG - Exiting env context: <rasterio.env.Env object at 0x7f8ac7db6d20>
2023-11-17 20:00:03,856 - rasterio.env - DEBUG - Cleared existing <rasterio._env.GDALEnv object at 0x7f8b11c22ad0> options
2023-11-17 20:00:03,856 - rasterio._env - DEBUG - Stopped GDALEnv <rasterio._env.GDALEnv object at 0x7f8b11c22ad0>.
2023-11-17 20:00:03,856 - rasterio.env - DEBUG - No GDAL environment exists
2023-11-17 20:00:03,856 - rasterio.env - DEBUG - New GDAL environment <rasterio._env.GDALEnv object at 0x7f8b11c22ad0> created
2023-11-17 20:00:03,857 - rasterio._env - DEBUG - GDAL data found in package: path='/home/swx/miniconda3/envs/present_weather/lib/python3.12/site-packages/rasterio/gdal_data'.
2023-11-17 20:00:03,857 - rasterio._env - DEBUG - PROJ_LIB found in environment.
2023-11-17 20:00:03,857 - rasterio._env - DEBUG - Started GDALEnv: self=<rasterio._env.GDALEnv object at 0x7f8b11c22ad0>.
2023-11-17 20:00:03,857 - rasterio.env - DEBUG - Exited env context: <rasterio.env.Env object at 0x7f8ac7db6d20>
2023-11-17 20:00:03,886 - rasterio._io - DEBUG - Output nodata value read from file: nan
2023-11-17 20:00:03,887 - rasterio._io - DEBUG - Output nodata values: [nan]
2023-11-17 20:00:03,887 - rasterio._io - DEBUG - all_valid: False
2023-11-17 20:00:03,887 - rasterio._io - DEBUG - mask_flags: ([<MaskFlags.nodata: 8>],)
2023-11-17 20:00:03,888 - rasterio._io - DEBUG - Jump straight to _read()
2023-11-17 20:00:03,888 - rasterio._io - DEBUG - Window: Window(col_off=0, row_off=0, width=10215, height=3792)
2023-11-17 20:00:03,888 - rasterio._io - DEBUG - IO window xoff=0.0 yoff=0.0 width=10215.0 height=3792.0
2023-11-17 20:00:04,610 - rasterio.env - DEBUG - Exiting env context: <rasterio.env.Env object at 0x7f8ac7b3e6c0>
2023-11-17 20:00:04,611 - rasterio.env - DEBUG - Cleared existing <rasterio._env.GDALEnv object at 0x7f8b11c22ad0> options
2023-11-17 20:00:04,611 - rasterio._env - DEBUG - Stopped GDALEnv <rasterio._env.GDALEnv object at 0x7f8b11c22ad0>.
2023-11-17 20:00:04,611 - rasterio.env - DEBUG - Exiting outermost env
2023-11-17 20:00:04,611 - rasterio.env - DEBUG - Exited env context: <rasterio.env.Env object at 0x7f8ac7b3e6c0>
2023-11-17 20:00:04,613 - urllib3.connectionpool - DEBUG - Starting new HTTPS connection (1): radar.bmkg.go.id:8060
2023-11-17 20:00:04,679 - urllib3.connectionpool - DEBUG - https://radar.bmkg.go.id:8060 "GET /getLatestLD?typeData=1 HTTP/1.1" 200 89379
2023-11-17 20:00:04,710 - asyncio - DEBUG - Using selector: EpollSelector
2023-11-17 20:00:11,416 - root - INFO - dask.bag<lambda, npartitions=34>
2023-11-17 20:15:43,500 - root - INFO - Total elapsed time: 0:15:39.927746
