2023-11-28 02:53:02,505 - root - INFO - Initiating present weather
2023-11-28 02:53:02,507 - asyncio - DEBUG - Using selector: EpollSelector
2023-11-28 02:53:04,057 - urllib3.connectionpool - DEBUG - Starting new HTTPS connection (1): radar.bmkg.go.id:8060
2023-11-28 02:53:04,080 - urllib3.connectionpool - DEBUG - https://radar.bmkg.go.id:8060 "GET /getRadarGeotif?token=19387e71e78522ae4172ec0fda640983b8438c9cfa0ca571623cb69d8327&radar=amandemenForecast&type=latest HTTP/1.1" 200 90
2023-11-28 02:53:04,081 - rasterio.env - DEBUG - Entering env context: <rasterio.env.Env object at 0x7ffa340271f0>
2023-11-28 02:53:04,082 - rasterio.env - DEBUG - Starting outermost env
2023-11-28 02:53:04,082 - rasterio.env - DEBUG - No GDAL environment exists
2023-11-28 02:53:04,082 - rasterio.env - DEBUG - New GDAL environment <rasterio._env.GDALEnv object at 0x7ffa340270d0> created
2023-11-28 02:53:04,084 - rasterio._filepath - DEBUG - Installing FilePath filesystem handler plugin...
2023-11-28 02:53:04,084 - rasterio._env - DEBUG - GDAL data found in package: path='/home/metpublic/PYTHON_VENV/present_weather/lib/python3.10/site-packages/rasterio/gdal_data'.
2023-11-28 02:53:04,084 - rasterio._env - DEBUG - PROJ data found in package: path='/home/metpublic/PYTHON_VENV/present_weather/lib/python3.10/site-packages/rasterio/proj_data'.
2023-11-28 02:53:04,085 - rasterio._env - DEBUG - Started GDALEnv: self=<rasterio._env.GDALEnv object at 0x7ffa340270d0>.
2023-11-28 02:53:04,085 - rasterio.env - DEBUG - Entered env context: <rasterio.env.Env object at 0x7ffa340271f0>
2023-11-28 02:53:04,085 - rasterio._base - DEBUG - Sharing flag: 0
2023-11-28 02:53:04,269 - rasterio._base - DEBUG - Nodata success: 1, Nodata value: nan
2023-11-28 02:53:04,269 - rasterio._base - DEBUG - Dataset <open DatasetReader name='https://radar.bmkg.go.id/raster/radarsatelit_202311280250.tif' mode='r'> is started.
2023-11-28 02:53:04,270 - rasterio.env - DEBUG - Exiting env context: <rasterio.env.Env object at 0x7ffa340271f0>
2023-11-28 02:53:04,270 - rasterio.env - DEBUG - Cleared existing <rasterio._env.GDALEnv object at 0x7ffa340270d0> options
2023-11-28 02:53:04,270 - rasterio._env - DEBUG - Stopped GDALEnv <rasterio._env.GDALEnv object at 0x7ffa340270d0>.
2023-11-28 02:53:04,270 - rasterio.env - DEBUG - Exiting outermost env
2023-11-28 02:53:04,270 - rasterio.env - DEBUG - Exited env context: <rasterio.env.Env object at 0x7ffa340271f0>
2023-11-28 02:53:04,270 - rasterio.env - DEBUG - Entering env context: <rasterio.env.Env object at 0x7ffa34026ef0>
2023-11-28 02:53:04,270 - rasterio.env - DEBUG - Starting outermost env
2023-11-28 02:53:04,270 - rasterio.env - DEBUG - No GDAL environment exists
2023-11-28 02:53:04,270 - rasterio.env - DEBUG - New GDAL environment <rasterio._env.GDALEnv object at 0x7ffa340270d0> created
2023-11-28 02:53:04,271 - rasterio._env - DEBUG - GDAL data found in package: path='/home/metpublic/PYTHON_VENV/present_weather/lib/python3.10/site-packages/rasterio/gdal_data'.
2023-11-28 02:53:04,271 - rasterio._env - DEBUG - PROJ data found in package: path='/home/metpublic/PYTHON_VENV/present_weather/lib/python3.10/site-packages/rasterio/proj_data'.
2023-11-28 02:53:04,271 - rasterio._env - DEBUG - Started GDALEnv: self=<rasterio._env.GDALEnv object at 0x7ffa340270d0>.
2023-11-28 02:53:04,271 - rasterio.env - DEBUG - Entered env context: <rasterio.env.Env object at 0x7ffa34026ef0>
2023-11-28 02:53:04,271 - rasterio.env - DEBUG - Got a copy of environment <rasterio._env.GDALEnv object at 0x7ffa340270d0> options
2023-11-28 02:53:04,271 - rasterio.env - DEBUG - Entering env context: <rasterio.env.Env object at 0x7ffa34070fa0>
2023-11-28 02:53:04,271 - rasterio.env - DEBUG - Got a copy of environment <rasterio._env.GDALEnv object at 0x7ffa340270d0> options
2023-11-28 02:53:04,271 - rasterio.env - DEBUG - Entered env context: <rasterio.env.Env object at 0x7ffa34070fa0>
2023-11-28 02:53:04,272 - rasterio._base - DEBUG - Sharing flag: 0
2023-11-28 02:53:04,272 - rasterio._base - DEBUG - Nodata success: 1, Nodata value: nan
2023-11-28 02:53:04,273 - rasterio._base - DEBUG - Dataset <open DatasetReader name='https://radar.bmkg.go.id/raster/radarsatelit_202311280250.tif' mode='r'> is started.
2023-11-28 02:53:04,273 - rasterio.env - DEBUG - Exiting env context: <rasterio.env.Env object at 0x7ffa34070fa0>
2023-11-28 02:53:04,273 - rasterio.env - DEBUG - Cleared existing <rasterio._env.GDALEnv object at 0x7ffa340270d0> options
2023-11-28 02:53:04,273 - rasterio._env - DEBUG - Stopped GDALEnv <rasterio._env.GDALEnv object at 0x7ffa340270d0>.
2023-11-28 02:53:04,273 - rasterio.env - DEBUG - No GDAL environment exists
2023-11-28 02:53:04,273 - rasterio.env - DEBUG - New GDAL environment <rasterio._env.GDALEnv object at 0x7ffa340270d0> created
2023-11-28 02:53:04,273 - rasterio._env - DEBUG - GDAL data found in package: path='/home/metpublic/PYTHON_VENV/present_weather/lib/python3.10/site-packages/rasterio/gdal_data'.
2023-11-28 02:53:04,273 - rasterio._env - DEBUG - PROJ data found in package: path='/home/metpublic/PYTHON_VENV/present_weather/lib/python3.10/site-packages/rasterio/proj_data'.
2023-11-28 02:53:04,274 - rasterio._env - DEBUG - Started GDALEnv: self=<rasterio._env.GDALEnv object at 0x7ffa340270d0>.
2023-11-28 02:53:04,274 - rasterio.env - DEBUG - Exited env context: <rasterio.env.Env object at 0x7ffa34070fa0>
2023-11-28 02:53:04,290 - rasterio._io - DEBUG - Output nodata value read from file: nan
2023-11-28 02:53:04,290 - rasterio._io - DEBUG - Output nodata values: [nan]
2023-11-28 02:53:04,291 - rasterio._io - DEBUG - all_valid: False
2023-11-28 02:53:04,291 - rasterio._io - DEBUG - mask_flags: ([<MaskFlags.nodata: 8>],)
2023-11-28 02:53:04,291 - rasterio._io - DEBUG - Jump straight to _read()
2023-11-28 02:53:04,291 - rasterio._io - DEBUG - Window: Window(col_off=0, row_off=0, width=10215, height=3792)
2023-11-28 02:53:04,291 - rasterio._io - DEBUG - IO window xoff=0.0 yoff=0.0 width=10215.0 height=3792.0
2023-11-28 02:53:04,807 - rasterio.env - DEBUG - Exiting env context: <rasterio.env.Env object at 0x7ffa34026ef0>
2023-11-28 02:53:04,807 - rasterio.env - DEBUG - Cleared existing <rasterio._env.GDALEnv object at 0x7ffa340270d0> options
2023-11-28 02:53:04,807 - rasterio._env - DEBUG - Stopped GDALEnv <rasterio._env.GDALEnv object at 0x7ffa340270d0>.
2023-11-28 02:53:04,807 - rasterio.env - DEBUG - Exiting outermost env
2023-11-28 02:53:04,807 - rasterio.env - DEBUG - Exited env context: <rasterio.env.Env object at 0x7ffa34026ef0>
2023-11-28 02:53:04,809 - urllib3.connectionpool - DEBUG - Starting new HTTPS connection (1): radar.bmkg.go.id:8060
2023-11-28 02:53:04,822 - urllib3.connectionpool - DEBUG - https://radar.bmkg.go.id:8060 "GET /getLatestLD?typeData=1 HTTP/1.1" 200 62
2023-11-28 02:53:10,040 - rasterio.env - DEBUG - Entering env context: <rasterio.env.Env object at 0x7ffa352f4790>
2023-11-28 02:53:10,040 - rasterio.env - DEBUG - Starting outermost env
2023-11-28 02:53:10,040 - rasterio.env - DEBUG - No GDAL environment exists
2023-11-28 02:53:10,040 - rasterio.env - DEBUG - New GDAL environment <rasterio._env.GDALEnv object at 0x7ffa352f5c30> created
2023-11-28 02:53:10,041 - rasterio._env - DEBUG - GDAL data found in package: path='/home/metpublic/PYTHON_VENV/present_weather/lib/python3.10/site-packages/rasterio/gdal_data'.
2023-11-28 02:53:10,041 - rasterio._env - DEBUG - PROJ data found in package: path='/home/metpublic/PYTHON_VENV/present_weather/lib/python3.10/site-packages/rasterio/proj_data'.
2023-11-28 02:53:10,041 - rasterio._env - DEBUG - Started GDALEnv: self=<rasterio._env.GDALEnv object at 0x7ffa352f5c30>.
2023-11-28 02:53:10,041 - rasterio.env - DEBUG - Entered env context: <rasterio.env.Env object at 0x7ffa352f4790>
2023-11-28 02:53:10,041 - rasterio._base - DEBUG - Sharing flag: 0
2023-11-28 02:53:10,042 - rasterio._base - DEBUG - Nodata success: 0, Nodata value: 0.000000
2023-11-28 02:53:10,042 - rasterio._base - DEBUG - Dataset <open DatasetReader name='/home/metpublic/TASK_RELEASE/EFAN/present_weather/src/H09_B13_Indonesia_20231128.Z0240.cor.tiff' mode='r'> is started.
2023-11-28 02:53:10,042 - rasterio.env - DEBUG - Exiting env context: <rasterio.env.Env object at 0x7ffa352f4790>
2023-11-28 02:53:10,043 - rasterio.env - DEBUG - Cleared existing <rasterio._env.GDALEnv object at 0x7ffa352f5c30> options
2023-11-28 02:53:10,043 - rasterio._env - DEBUG - Stopped GDALEnv <rasterio._env.GDALEnv object at 0x7ffa352f5c30>.
2023-11-28 02:53:10,043 - rasterio.env - DEBUG - Exiting outermost env
2023-11-28 02:53:10,043 - rasterio.env - DEBUG - Exited env context: <rasterio.env.Env object at 0x7ffa352f4790>
2023-11-28 02:53:10,043 - rasterio.env - DEBUG - Entering env context: <rasterio.env.Env object at 0x7ffa34070bb0>
2023-11-28 02:53:10,043 - rasterio.env - DEBUG - Starting outermost env
2023-11-28 02:53:10,043 - rasterio.env - DEBUG - No GDAL environment exists
2023-11-28 02:53:10,043 - rasterio.env - DEBUG - New GDAL environment <rasterio._env.GDALEnv object at 0x7ffa34070c10> created
2023-11-28 02:53:10,043 - rasterio._env - DEBUG - GDAL data found in package: path='/home/metpublic/PYTHON_VENV/present_weather/lib/python3.10/site-packages/rasterio/gdal_data'.
2023-11-28 02:53:10,044 - rasterio._env - DEBUG - PROJ data found in package: path='/home/metpublic/PYTHON_VENV/present_weather/lib/python3.10/site-packages/rasterio/proj_data'.
2023-11-28 02:53:10,044 - rasterio._env - DEBUG - Started GDALEnv: self=<rasterio._env.GDALEnv object at 0x7ffa34070c10>.
2023-11-28 02:53:10,044 - rasterio.env - DEBUG - Entered env context: <rasterio.env.Env object at 0x7ffa34070bb0>
2023-11-28 02:53:10,044 - rasterio._base - DEBUG - Sharing flag: 0
2023-11-28 02:53:10,046 - rasterio._base - DEBUG - Nodata success: 0, Nodata value: 0.000000
2023-11-28 02:53:10,046 - rasterio._base - DEBUG - Dataset <open DatasetReader name='/home/metpublic/TASK_RELEASE/EFAN/present_weather/src/H09_B13_Indonesia_20231128.Z0240.cor.tiff' mode='r'> is started.
2023-11-28 02:53:10,046 - rasterio.env - DEBUG - Exiting env context: <rasterio.env.Env object at 0x7ffa34070bb0>
2023-11-28 02:53:10,046 - rasterio.env - DEBUG - Cleared existing <rasterio._env.GDALEnv object at 0x7ffa34070c10> options
2023-11-28 02:53:10,046 - rasterio._env - DEBUG - Stopped GDALEnv <rasterio._env.GDALEnv object at 0x7ffa34070c10>.
2023-11-28 02:53:10,046 - rasterio.env - DEBUG - Exiting outermost env
2023-11-28 02:53:10,046 - rasterio.env - DEBUG - Exited env context: <rasterio.env.Env object at 0x7ffa34070bb0>
2023-11-28 02:53:10,055 - root - INFO - Generating present weather using SATELITE data
2023-11-28 02:54:06,088 - root - INFO - Total elapsed time: 0:01:03.583185
