2023-11-25 23:03:03,402 - root - INFO - Initiating present weather
2023-11-25 23:03:03,406 - asyncio - DEBUG - Using selector: EpollSelector
2023-11-25 23:03:06,610 - urllib3.connectionpool - DEBUG - Starting new HTTPS connection (1): radar.bmkg.go.id:8060
2023-11-25 23:03:06,673 - urllib3.connectionpool - DEBUG - https://radar.bmkg.go.id:8060 "GET /getRadarGeotif?token=19387e71e78522ae4172ec0fda640983b8438c9cfa0ca571623cb69d8327&radar=amandemenForecast&type=latest HTTP/1.1" 200 90
2023-11-25 23:03:06,675 - rasterio.env - DEBUG - Entering env context: <rasterio.env.Env object at 0x7f04437c5ee0>
2023-11-25 23:03:06,676 - rasterio.env - DEBUG - Starting outermost env
2023-11-25 23:03:06,677 - rasterio.env - DEBUG - No GDAL environment exists
2023-11-25 23:03:06,677 - rasterio.env - DEBUG - New GDAL environment <rasterio._env.GDALEnv object at 0x7f0442c4da80> created
2023-11-25 23:03:06,681 - rasterio._filepath - DEBUG - Installing FilePath filesystem handler plugin...
2023-11-25 23:03:06,681 - rasterio._env - DEBUG - GDAL data found in package: path='/home/swx/miniconda3/envs/present_weather/lib/python3.12/site-packages/rasterio/gdal_data'.
2023-11-25 23:03:06,681 - rasterio._env - DEBUG - PROJ_LIB found in environment.
2023-11-25 23:03:06,681 - rasterio._env - DEBUG - Started GDALEnv: self=<rasterio._env.GDALEnv object at 0x7f0442c4da80>.
2023-11-25 23:03:06,682 - rasterio.env - DEBUG - Entered env context: <rasterio.env.Env object at 0x7f04437c5ee0>
2023-11-25 23:03:06,682 - rasterio._base - DEBUG - Sharing flag: 0
2023-11-25 23:03:06,886 - rasterio._base - DEBUG - Nodata success: 1, Nodata value: nan
2023-11-25 23:03:06,888 - rasterio._base - DEBUG - Dataset <open DatasetReader name='https://radar.bmkg.go.id/raster/radarsatelit_202311252300.tif' mode='r'> is started.
2023-11-25 23:03:06,889 - rasterio.env - DEBUG - Exiting env context: <rasterio.env.Env object at 0x7f04437c5ee0>
2023-11-25 23:03:06,889 - rasterio.env - DEBUG - Cleared existing <rasterio._env.GDALEnv object at 0x7f0442c4da80> options
2023-11-25 23:03:06,889 - rasterio._env - DEBUG - Stopped GDALEnv <rasterio._env.GDALEnv object at 0x7f0442c4da80>.
2023-11-25 23:03:06,889 - rasterio.env - DEBUG - Exiting outermost env
2023-11-25 23:03:06,889 - rasterio.env - DEBUG - Exited env context: <rasterio.env.Env object at 0x7f04437c5ee0>
2023-11-25 23:03:06,890 - rasterio.env - DEBUG - Entering env context: <rasterio.env.Env object at 0x7f044299c3b0>
2023-11-25 23:03:06,890 - rasterio.env - DEBUG - Starting outermost env
2023-11-25 23:03:06,890 - rasterio.env - DEBUG - No GDAL environment exists
2023-11-25 23:03:06,890 - rasterio.env - DEBUG - New GDAL environment <rasterio._env.GDALEnv object at 0x7f0442b17a60> created
2023-11-25 23:03:06,891 - rasterio._env - DEBUG - GDAL data found in package: path='/home/swx/miniconda3/envs/present_weather/lib/python3.12/site-packages/rasterio/gdal_data'.
2023-11-25 23:03:06,891 - rasterio._env - DEBUG - PROJ_LIB found in environment.
2023-11-25 23:03:06,891 - rasterio._env - DEBUG - Started GDALEnv: self=<rasterio._env.GDALEnv object at 0x7f0442b17a60>.
2023-11-25 23:03:06,891 - rasterio.env - DEBUG - Entered env context: <rasterio.env.Env object at 0x7f044299c3b0>
2023-11-25 23:03:06,892 - rasterio.env - DEBUG - Got a copy of environment <rasterio._env.GDALEnv object at 0x7f0442b17a60> options
2023-11-25 23:03:06,892 - rasterio.env - DEBUG - Entering env context: <rasterio.env.Env object at 0x7f04420cdc40>
2023-11-25 23:03:06,892 - rasterio.env - DEBUG - Got a copy of environment <rasterio._env.GDALEnv object at 0x7f0442b17a60> options
2023-11-25 23:03:06,892 - rasterio.env - DEBUG - Entered env context: <rasterio.env.Env object at 0x7f04420cdc40>
2023-11-25 23:03:06,892 - rasterio._base - DEBUG - Sharing flag: 0
2023-11-25 23:03:06,894 - rasterio._base - DEBUG - Nodata success: 1, Nodata value: nan
2023-11-25 23:03:06,894 - rasterio._base - DEBUG - Dataset <open DatasetReader name='https://radar.bmkg.go.id/raster/radarsatelit_202311252300.tif' mode='r'> is started.
2023-11-25 23:03:06,894 - rasterio.env - DEBUG - Exiting env context: <rasterio.env.Env object at 0x7f04420cdc40>
2023-11-25 23:03:06,894 - rasterio.env - DEBUG - Cleared existing <rasterio._env.GDALEnv object at 0x7f0442b17a60> options
2023-11-25 23:03:06,894 - rasterio._env - DEBUG - Stopped GDALEnv <rasterio._env.GDALEnv object at 0x7f0442b17a60>.
2023-11-25 23:03:06,894 - rasterio.env - DEBUG - No GDAL environment exists
2023-11-25 23:03:06,894 - rasterio.env - DEBUG - New GDAL environment <rasterio._env.GDALEnv object at 0x7f0442b17a60> created
2023-11-25 23:03:06,895 - rasterio._env - DEBUG - GDAL data found in package: path='/home/swx/miniconda3/envs/present_weather/lib/python3.12/site-packages/rasterio/gdal_data'.
2023-11-25 23:03:06,895 - rasterio._env - DEBUG - PROJ_LIB found in environment.
2023-11-25 23:03:06,895 - rasterio._env - DEBUG - Started GDALEnv: self=<rasterio._env.GDALEnv object at 0x7f0442b17a60>.
2023-11-25 23:03:06,895 - rasterio.env - DEBUG - Exited env context: <rasterio.env.Env object at 0x7f04420cdc40>
2023-11-25 23:03:06,927 - rasterio._io - DEBUG - Output nodata value read from file: nan
2023-11-25 23:03:06,928 - rasterio._io - DEBUG - Output nodata values: [nan]
2023-11-25 23:03:06,928 - rasterio._io - DEBUG - all_valid: False
2023-11-25 23:03:06,928 - rasterio._io - DEBUG - mask_flags: ([<MaskFlags.nodata: 8>],)
2023-11-25 23:03:06,929 - rasterio._io - DEBUG - Jump straight to _read()
2023-11-25 23:03:06,929 - rasterio._io - DEBUG - Window: Window(col_off=0, row_off=0, width=10215, height=3792)
2023-11-25 23:03:06,929 - rasterio._io - DEBUG - IO window xoff=0.0 yoff=0.0 width=10215.0 height=3792.0
2023-11-25 23:03:07,647 - rasterio.env - DEBUG - Exiting env context: <rasterio.env.Env object at 0x7f044299c3b0>
2023-11-25 23:03:07,647 - rasterio.env - DEBUG - Cleared existing <rasterio._env.GDALEnv object at 0x7f0442b17a60> options
2023-11-25 23:03:07,647 - rasterio._env - DEBUG - Stopped GDALEnv <rasterio._env.GDALEnv object at 0x7f0442b17a60>.
2023-11-25 23:03:07,647 - rasterio.env - DEBUG - Exiting outermost env
2023-11-25 23:03:07,647 - rasterio.env - DEBUG - Exited env context: <rasterio.env.Env object at 0x7f044299c3b0>
2023-11-25 23:03:07,650 - urllib3.connectionpool - DEBUG - Starting new HTTPS connection (1): radar.bmkg.go.id:8060
2023-11-25 23:03:07,699 - urllib3.connectionpool - DEBUG - https://radar.bmkg.go.id:8060 "GET /getLatestLD?typeData=1 HTTP/1.1" 200 1170
2023-11-25 23:03:07,705 - root - INFO - Generating present weather using RADAR data
2023-11-25 23:03:11,106 - root - INFO - dask.bag<lambda, npartitions=20>
2023-11-25 23:15:58,344 - root - INFO - Total elapsed time: 0:12:54.942975
