2023-12-05 20:33:02,133 - root - INFO - Initiating present weather
2023-12-05 20:33:02,136 - asyncio - DEBUG - Using selector: EpollSelector
2023-12-05 20:33:03,695 - urllib3.connectionpool - DEBUG - Starting new HTTPS connection (1): radar.bmkg.go.id:8060
2023-12-05 20:33:03,708 - urllib3.connectionpool - DEBUG - https://radar.bmkg.go.id:8060 "GET /getLatestLD?typeData=1 HTTP/1.1" 200 62
2023-12-05 20:33:03,710 - urllib3.connectionpool - DEBUG - Starting new HTTPS connection (1): radar.bmkg.go.id:8060
2023-12-05 20:33:03,732 - urllib3.connectionpool - DEBUG - https://radar.bmkg.go.id:8060 "GET /getRadarGeotif?token=19387e71e78522ae4172ec0fda640983b8438c9cfa0ca571623cb69d8327&radar=amandemenForecast&type=latest HTTP/1.1" 200 90
2023-12-05 20:33:03,732 - rasterio.env - DEBUG - Entering env context: <rasterio.env.Env object at 0x7f1be41ebc70>
2023-12-05 20:33:03,733 - rasterio.env - DEBUG - Starting outermost env
2023-12-05 20:33:03,733 - rasterio.env - DEBUG - No GDAL environment exists
2023-12-05 20:33:03,733 - rasterio.env - DEBUG - New GDAL environment <rasterio._env.GDALEnv object at 0x7f1be84a2cb0> created
2023-12-05 20:33:03,736 - rasterio._filepath - DEBUG - Installing FilePath filesystem handler plugin...
2023-12-05 20:33:03,736 - rasterio._env - DEBUG - GDAL data found in package: path='/home/metpublic/PYTHON_VENV/present_weather/lib/python3.10/site-packages/rasterio/gdal_data'.
2023-12-05 20:33:03,736 - rasterio._env - DEBUG - PROJ data found in package: path='/home/metpublic/PYTHON_VENV/present_weather/lib/python3.10/site-packages/rasterio/proj_data'.
2023-12-05 20:33:03,736 - rasterio._env - DEBUG - Started GDALEnv: self=<rasterio._env.GDALEnv object at 0x7f1be84a2cb0>.
2023-12-05 20:33:03,736 - rasterio.env - DEBUG - Entered env context: <rasterio.env.Env object at 0x7f1be41ebc70>
2023-12-05 20:33:03,736 - rasterio._base - DEBUG - Sharing flag: 0
2023-12-05 20:33:03,961 - rasterio._base - DEBUG - Nodata success: 1, Nodata value: nan
2023-12-05 20:33:03,961 - rasterio._base - DEBUG - Dataset <open DatasetReader name='https://radar.bmkg.go.id/raster/radarsatelit_202312052030.tif' mode='r'> is started.
2023-12-05 20:33:03,962 - rasterio.env - DEBUG - Exiting env context: <rasterio.env.Env object at 0x7f1be41ebc70>
2023-12-05 20:33:03,962 - rasterio.env - DEBUG - Cleared existing <rasterio._env.GDALEnv object at 0x7f1be84a2cb0> options
2023-12-05 20:33:03,962 - rasterio._env - DEBUG - Stopped GDALEnv <rasterio._env.GDALEnv object at 0x7f1be84a2cb0>.
2023-12-05 20:33:03,962 - rasterio.env - DEBUG - Exiting outermost env
2023-12-05 20:33:03,962 - rasterio.env - DEBUG - Exited env context: <rasterio.env.Env object at 0x7f1be41ebc70>
2023-12-05 20:33:03,962 - rasterio.env - DEBUG - Entering env context: <rasterio.env.Env object at 0x7f1be7b30af0>
2023-12-05 20:33:03,962 - rasterio.env - DEBUG - Starting outermost env
2023-12-05 20:33:03,962 - rasterio.env - DEBUG - No GDAL environment exists
2023-12-05 20:33:03,962 - rasterio.env - DEBUG - New GDAL environment <rasterio._env.GDALEnv object at 0x7f1be84a2cb0> created
2023-12-05 20:33:03,963 - rasterio._env - DEBUG - GDAL data found in package: path='/home/metpublic/PYTHON_VENV/present_weather/lib/python3.10/site-packages/rasterio/gdal_data'.
2023-12-05 20:33:03,963 - rasterio._env - DEBUG - PROJ data found in package: path='/home/metpublic/PYTHON_VENV/present_weather/lib/python3.10/site-packages/rasterio/proj_data'.
2023-12-05 20:33:03,963 - rasterio._env - DEBUG - Started GDALEnv: self=<rasterio._env.GDALEnv object at 0x7f1be84a2cb0>.
2023-12-05 20:33:03,963 - rasterio.env - DEBUG - Entered env context: <rasterio.env.Env object at 0x7f1be7b30af0>
2023-12-05 20:33:03,963 - rasterio.env - DEBUG - Got a copy of environment <rasterio._env.GDALEnv object at 0x7f1be84a2cb0> options
2023-12-05 20:33:03,964 - rasterio.env - DEBUG - Entering env context: <rasterio.env.Env object at 0x7f1be423a200>
2023-12-05 20:33:03,964 - rasterio.env - DEBUG - Got a copy of environment <rasterio._env.GDALEnv object at 0x7f1be84a2cb0> options
2023-12-05 20:33:03,964 - rasterio.env - DEBUG - Entered env context: <rasterio.env.Env object at 0x7f1be423a200>
2023-12-05 20:33:03,964 - rasterio._base - DEBUG - Sharing flag: 0
2023-12-05 20:33:03,965 - rasterio._base - DEBUG - Nodata success: 1, Nodata value: nan
2023-12-05 20:33:03,965 - rasterio._base - DEBUG - Dataset <open DatasetReader name='https://radar.bmkg.go.id/raster/radarsatelit_202312052030.tif' mode='r'> is started.
2023-12-05 20:33:03,965 - rasterio.env - DEBUG - Exiting env context: <rasterio.env.Env object at 0x7f1be423a200>
2023-12-05 20:33:03,965 - rasterio.env - DEBUG - Cleared existing <rasterio._env.GDALEnv object at 0x7f1be84a2cb0> options
2023-12-05 20:33:03,965 - rasterio._env - DEBUG - Stopped GDALEnv <rasterio._env.GDALEnv object at 0x7f1be84a2cb0>.
2023-12-05 20:33:03,965 - rasterio.env - DEBUG - No GDAL environment exists
2023-12-05 20:33:03,965 - rasterio.env - DEBUG - New GDAL environment <rasterio._env.GDALEnv object at 0x7f1be84a2cb0> created
2023-12-05 20:33:03,966 - rasterio._env - DEBUG - GDAL data found in package: path='/home/metpublic/PYTHON_VENV/present_weather/lib/python3.10/site-packages/rasterio/gdal_data'.
2023-12-05 20:33:03,966 - rasterio._env - DEBUG - PROJ data found in package: path='/home/metpublic/PYTHON_VENV/present_weather/lib/python3.10/site-packages/rasterio/proj_data'.
2023-12-05 20:33:03,966 - rasterio._env - DEBUG - Started GDALEnv: self=<rasterio._env.GDALEnv object at 0x7f1be84a2cb0>.
2023-12-05 20:33:03,966 - rasterio.env - DEBUG - Exited env context: <rasterio.env.Env object at 0x7f1be423a200>
2023-12-05 20:33:03,981 - rasterio._io - DEBUG - Output nodata value read from file: nan
2023-12-05 20:33:03,982 - rasterio._io - DEBUG - Output nodata values: [nan]
2023-12-05 20:33:03,982 - rasterio._io - DEBUG - all_valid: False
2023-12-05 20:33:03,982 - rasterio._io - DEBUG - mask_flags: ([<MaskFlags.nodata: 8>],)
2023-12-05 20:33:03,983 - rasterio._io - DEBUG - Jump straight to _read()
2023-12-05 20:33:03,983 - rasterio._io - DEBUG - Window: Window(col_off=0, row_off=0, width=10177, height=3732)
2023-12-05 20:33:03,983 - rasterio._io - DEBUG - IO window xoff=0.0 yoff=0.0 width=10177.0 height=3732.0
2023-12-05 20:33:04,511 - rasterio.env - DEBUG - Exiting env context: <rasterio.env.Env object at 0x7f1be7b30af0>
2023-12-05 20:33:04,511 - rasterio.env - DEBUG - Cleared existing <rasterio._env.GDALEnv object at 0x7f1be84a2cb0> options
2023-12-05 20:33:04,511 - rasterio._env - DEBUG - Stopped GDALEnv <rasterio._env.GDALEnv object at 0x7f1be84a2cb0>.
2023-12-05 20:33:04,511 - rasterio.env - DEBUG - Exiting outermost env
2023-12-05 20:33:04,511 - rasterio.env - DEBUG - Exited env context: <rasterio.env.Env object at 0x7f1be7b30af0>
2023-12-05 20:37:17,156 - rasterio.env - DEBUG - Entering env context: <rasterio.env.Env object at 0x7f1be42b61a0>
2023-12-05 20:37:17,157 - rasterio.env - DEBUG - Starting outermost env
2023-12-05 20:37:17,157 - rasterio.env - DEBUG - No GDAL environment exists
2023-12-05 20:37:17,157 - rasterio.env - DEBUG - New GDAL environment <rasterio._env.GDALEnv object at 0x7f1bc4771630> created
2023-12-05 20:37:17,157 - rasterio._env - DEBUG - GDAL data found in package: path='/home/metpublic/PYTHON_VENV/present_weather/lib/python3.10/site-packages/rasterio/gdal_data'.
2023-12-05 20:37:17,158 - rasterio._env - DEBUG - PROJ data found in package: path='/home/metpublic/PYTHON_VENV/present_weather/lib/python3.10/site-packages/rasterio/proj_data'.
2023-12-05 20:37:17,158 - rasterio._env - DEBUG - Started GDALEnv: self=<rasterio._env.GDALEnv object at 0x7f1bc4771630>.
2023-12-05 20:37:17,158 - rasterio.env - DEBUG - Entered env context: <rasterio.env.Env object at 0x7f1be42b61a0>
2023-12-05 20:37:17,158 - rasterio._base - DEBUG - Sharing flag: 0
2023-12-05 20:37:17,160 - rasterio._base - DEBUG - Nodata success: 0, Nodata value: 0.000000
2023-12-05 20:37:17,160 - rasterio._base - DEBUG - Dataset <open DatasetReader name='/home/metpublic/TASK_RELEASE/EFAN/present_weather/src/H09_B13_Indonesia_20231205.Z2020.cor.tiff' mode='r'> is started.
2023-12-05 20:37:17,160 - rasterio.env - DEBUG - Exiting env context: <rasterio.env.Env object at 0x7f1be42b61a0>
2023-12-05 20:37:17,160 - rasterio.env - DEBUG - Cleared existing <rasterio._env.GDALEnv object at 0x7f1bc4771630> options
2023-12-05 20:37:17,160 - rasterio._env - DEBUG - Stopped GDALEnv <rasterio._env.GDALEnv object at 0x7f1bc4771630>.
2023-12-05 20:37:17,160 - rasterio.env - DEBUG - Exiting outermost env
2023-12-05 20:37:17,160 - rasterio.env - DEBUG - Exited env context: <rasterio.env.Env object at 0x7f1be42b61a0>
2023-12-05 20:37:17,161 - rasterio.env - DEBUG - Entering env context: <rasterio.env.Env object at 0x7f1bc4771ba0>
2023-12-05 20:37:17,161 - rasterio.env - DEBUG - Starting outermost env
2023-12-05 20:37:17,161 - rasterio.env - DEBUG - No GDAL environment exists
2023-12-05 20:37:17,161 - rasterio.env - DEBUG - New GDAL environment <rasterio._env.GDALEnv object at 0x7f1bc4772650> created
2023-12-05 20:37:17,161 - rasterio._env - DEBUG - GDAL data found in package: path='/home/metpublic/PYTHON_VENV/present_weather/lib/python3.10/site-packages/rasterio/gdal_data'.
2023-12-05 20:37:17,161 - rasterio._env - DEBUG - PROJ data found in package: path='/home/metpublic/PYTHON_VENV/present_weather/lib/python3.10/site-packages/rasterio/proj_data'.
2023-12-05 20:37:17,162 - rasterio._env - DEBUG - Started GDALEnv: self=<rasterio._env.GDALEnv object at 0x7f1bc4772650>.
2023-12-05 20:37:17,162 - rasterio.env - DEBUG - Entered env context: <rasterio.env.Env object at 0x7f1bc4771ba0>
2023-12-05 20:37:17,162 - rasterio._base - DEBUG - Sharing flag: 0
2023-12-05 20:37:17,163 - rasterio._base - DEBUG - Nodata success: 0, Nodata value: 0.000000
2023-12-05 20:37:17,163 - rasterio._base - DEBUG - Dataset <open DatasetReader name='/home/metpublic/TASK_RELEASE/EFAN/present_weather/src/H09_B13_Indonesia_20231205.Z2020.cor.tiff' mode='r'> is started.
2023-12-05 20:37:17,163 - rasterio.env - DEBUG - Exiting env context: <rasterio.env.Env object at 0x7f1bc4771ba0>
2023-12-05 20:37:17,163 - rasterio.env - DEBUG - Cleared existing <rasterio._env.GDALEnv object at 0x7f1bc4772650> options
2023-12-05 20:37:17,163 - rasterio._env - DEBUG - Stopped GDALEnv <rasterio._env.GDALEnv object at 0x7f1bc4772650>.
2023-12-05 20:37:17,163 - rasterio.env - DEBUG - Exiting outermost env
2023-12-05 20:37:17,163 - rasterio.env - DEBUG - Exited env context: <rasterio.env.Env object at 0x7f1bc4771ba0>
2023-12-05 20:37:17,174 - root - INFO - Generating present weather using SATELITE data
2023-12-05 20:39:14,192 - root - INFO - Total elapsed time: 0:06:12.058831
