2023-11-14 19:00:03,930 - root - INFO - Initiating present weather
2023-11-14 19:00:03,934 - urllib3.connectionpool - DEBUG - Starting new HTTPS connection (1): radar.bmkg.go.id:8060
2023-11-14 19:00:03,993 - urllib3.connectionpool - DEBUG - https://radar.bmkg.go.id:8060 "GET /getRadarGeotif?token=19387e71e78522ae4172ec0fda640983b8438c9cfa0ca571623cb69d8327&radar=amandemenForecast&type=latest HTTP/1.1" 200 90
2023-11-14 19:00:03,995 - rasterio.env - DEBUG - Entering env context: <rasterio.env.Env object at 0x7fa6188f7230>
2023-11-14 19:00:03,996 - rasterio.env - DEBUG - Starting outermost env
2023-11-14 19:00:03,996 - rasterio.env - DEBUG - No GDAL environment exists
2023-11-14 19:00:03,996 - rasterio.env - DEBUG - New GDAL environment <rasterio._env.GDALEnv object at 0x7fa5d4a93160> created
2023-11-14 19:00:04,000 - rasterio._filepath - DEBUG - Installing FilePath filesystem handler plugin...
2023-11-14 19:00:04,000 - rasterio._env - DEBUG - GDAL data found in package: path='/home/swx/miniconda3/envs/present_weather/lib/python3.12/site-packages/rasterio/gdal_data'.
2023-11-14 19:00:04,000 - rasterio._env - DEBUG - PROJ_LIB found in environment.
2023-11-14 19:00:04,000 - rasterio._env - DEBUG - Started GDALEnv: self=<rasterio._env.GDALEnv object at 0x7fa5d4a93160>.
2023-11-14 19:00:04,000 - rasterio.env - DEBUG - Entered env context: <rasterio.env.Env object at 0x7fa6188f7230>
2023-11-14 19:00:04,000 - rasterio._base - DEBUG - Sharing flag: 0
2023-11-14 19:00:04,202 - rasterio._base - DEBUG - Nodata success: 1, Nodata value: nan
2023-11-14 19:00:04,202 - rasterio._base - DEBUG - Dataset <open DatasetReader name='https://radar.bmkg.go.id/raster/radarsatelit_202311141850.tif' mode='r'> is started.
2023-11-14 19:00:04,203 - rasterio.env - DEBUG - Exiting env context: <rasterio.env.Env object at 0x7fa6188f7230>
2023-11-14 19:00:04,203 - rasterio.env - DEBUG - Cleared existing <rasterio._env.GDALEnv object at 0x7fa5d4a93160> options
2023-11-14 19:00:04,203 - rasterio._env - DEBUG - Stopped GDALEnv <rasterio._env.GDALEnv object at 0x7fa5d4a93160>.
2023-11-14 19:00:04,203 - rasterio.env - DEBUG - Exiting outermost env
2023-11-14 19:00:04,203 - rasterio.env - DEBUG - Exited env context: <rasterio.env.Env object at 0x7fa6188f7230>
2023-11-14 19:00:04,204 - rasterio.env - DEBUG - Entering env context: <rasterio.env.Env object at 0x7fa5d4651430>
2023-11-14 19:00:04,204 - rasterio.env - DEBUG - Starting outermost env
2023-11-14 19:00:04,204 - rasterio.env - DEBUG - No GDAL environment exists
2023-11-14 19:00:04,204 - rasterio.env - DEBUG - New GDAL environment <rasterio._env.GDALEnv object at 0x7fa5d4a93160> created
2023-11-14 19:00:04,204 - rasterio._env - DEBUG - GDAL data found in package: path='/home/swx/miniconda3/envs/present_weather/lib/python3.12/site-packages/rasterio/gdal_data'.
2023-11-14 19:00:04,205 - rasterio._env - DEBUG - PROJ_LIB found in environment.
2023-11-14 19:00:04,205 - rasterio._env - DEBUG - Started GDALEnv: self=<rasterio._env.GDALEnv object at 0x7fa5d4a93160>.
2023-11-14 19:00:04,205 - rasterio.env - DEBUG - Entered env context: <rasterio.env.Env object at 0x7fa5d4651430>
2023-11-14 19:00:04,206 - rasterio.env - DEBUG - Got a copy of environment <rasterio._env.GDALEnv object at 0x7fa5d4a93160> options
2023-11-14 19:00:04,206 - rasterio.env - DEBUG - Entering env context: <rasterio.env.Env object at 0x7fa5d4a3db20>
2023-11-14 19:00:04,206 - rasterio.env - DEBUG - Got a copy of environment <rasterio._env.GDALEnv object at 0x7fa5d4a93160> options
2023-11-14 19:00:04,206 - rasterio.env - DEBUG - Entered env context: <rasterio.env.Env object at 0x7fa5d4a3db20>
2023-11-14 19:00:04,206 - rasterio._base - DEBUG - Sharing flag: 0
2023-11-14 19:00:04,207 - rasterio._base - DEBUG - Nodata success: 1, Nodata value: nan
2023-11-14 19:00:04,208 - rasterio._base - DEBUG - Dataset <open DatasetReader name='https://radar.bmkg.go.id/raster/radarsatelit_202311141850.tif' mode='r'> is started.
2023-11-14 19:00:04,208 - rasterio.env - DEBUG - Exiting env context: <rasterio.env.Env object at 0x7fa5d4a3db20>
2023-11-14 19:00:04,208 - rasterio.env - DEBUG - Cleared existing <rasterio._env.GDALEnv object at 0x7fa5d4a93160> options
2023-11-14 19:00:04,208 - rasterio._env - DEBUG - Stopped GDALEnv <rasterio._env.GDALEnv object at 0x7fa5d4a93160>.
2023-11-14 19:00:04,208 - rasterio.env - DEBUG - No GDAL environment exists
2023-11-14 19:00:04,208 - rasterio.env - DEBUG - New GDAL environment <rasterio._env.GDALEnv object at 0x7fa5d4a93160> created
2023-11-14 19:00:04,209 - rasterio._env - DEBUG - GDAL data found in package: path='/home/swx/miniconda3/envs/present_weather/lib/python3.12/site-packages/rasterio/gdal_data'.
2023-11-14 19:00:04,209 - rasterio._env - DEBUG - PROJ_LIB found in environment.
2023-11-14 19:00:04,209 - rasterio._env - DEBUG - Started GDALEnv: self=<rasterio._env.GDALEnv object at 0x7fa5d4a93160>.
2023-11-14 19:00:04,209 - rasterio.env - DEBUG - Exited env context: <rasterio.env.Env object at 0x7fa5d4a3db20>
2023-11-14 19:00:04,240 - rasterio._io - DEBUG - Output nodata value read from file: nan
2023-11-14 19:00:04,241 - rasterio._io - DEBUG - Output nodata values: [nan]
2023-11-14 19:00:04,241 - rasterio._io - DEBUG - all_valid: False
2023-11-14 19:00:04,241 - rasterio._io - DEBUG - mask_flags: ([<MaskFlags.nodata: 8>],)
2023-11-14 19:00:04,242 - rasterio._io - DEBUG - Jump straight to _read()
2023-11-14 19:00:04,242 - rasterio._io - DEBUG - Window: Window(col_off=0, row_off=0, width=10215, height=3792)
2023-11-14 19:00:04,242 - rasterio._io - DEBUG - IO window xoff=0.0 yoff=0.0 width=10215.0 height=3792.0
2023-11-14 19:00:04,879 - rasterio.env - DEBUG - Exiting env context: <rasterio.env.Env object at 0x7fa5d4651430>
2023-11-14 19:00:04,880 - rasterio.env - DEBUG - Cleared existing <rasterio._env.GDALEnv object at 0x7fa5d4a93160> options
2023-11-14 19:00:04,880 - rasterio._env - DEBUG - Stopped GDALEnv <rasterio._env.GDALEnv object at 0x7fa5d4a93160>.
2023-11-14 19:00:04,880 - rasterio.env - DEBUG - Exiting outermost env
2023-11-14 19:00:04,880 - rasterio.env - DEBUG - Exited env context: <rasterio.env.Env object at 0x7fa5d4651430>
2023-11-14 19:00:04,882 - urllib3.connectionpool - DEBUG - Starting new HTTPS connection (1): radar.bmkg.go.id:8060
2023-11-14 19:00:04,949 - urllib3.connectionpool - DEBUG - https://radar.bmkg.go.id:8060 "GET /getLatestLD?typeData=1 HTTP/1.1" 200 75275
2023-11-14 19:00:04,978 - asyncio - DEBUG - Using selector: EpollSelector
2023-11-14 19:00:11,598 - root - INFO - dask.bag<lambda, npartitions=34>
2023-11-14 19:13:40,414 - root - INFO - Total elapsed time: 0:13:36.485816
