2023-11-19 19:20:03,783 - root - INFO - Initiating present weather
2023-11-19 19:20:03,788 - urllib3.connectionpool - DEBUG - Starting new HTTPS connection (1): radar.bmkg.go.id:8060
2023-11-19 19:20:03,854 - urllib3.connectionpool - DEBUG - https://radar.bmkg.go.id:8060 "GET /getRadarGeotif?token=19387e71e78522ae4172ec0fda640983b8438c9cfa0ca571623cb69d8327&radar=amandemenForecast&type=latest HTTP/1.1" 200 90
2023-11-19 19:20:03,857 - rasterio.env - DEBUG - Entering env context: <rasterio.env.Env object at 0x7f1a5e210fb0>
2023-11-19 19:20:03,857 - rasterio.env - DEBUG - Starting outermost env
2023-11-19 19:20:03,858 - rasterio.env - DEBUG - No GDAL environment exists
2023-11-19 19:20:03,858 - rasterio.env - DEBUG - New GDAL environment <rasterio._env.GDALEnv object at 0x7f1a0ee629e0> created
2023-11-19 19:20:03,862 - rasterio._filepath - DEBUG - Installing FilePath filesystem handler plugin...
2023-11-19 19:20:03,862 - rasterio._env - DEBUG - GDAL data found in package: path='/home/swx/miniconda3/envs/present_weather/lib/python3.12/site-packages/rasterio/gdal_data'.
2023-11-19 19:20:03,862 - rasterio._env - DEBUG - PROJ_LIB found in environment.
2023-11-19 19:20:03,862 - rasterio._env - DEBUG - Started GDALEnv: self=<rasterio._env.GDALEnv object at 0x7f1a0ee629e0>.
2023-11-19 19:20:03,862 - rasterio.env - DEBUG - Entered env context: <rasterio.env.Env object at 0x7f1a5e210fb0>
2023-11-19 19:20:03,863 - rasterio._base - DEBUG - Sharing flag: 0
2023-11-19 19:20:04,053 - rasterio._base - DEBUG - Nodata success: 1, Nodata value: nan
2023-11-19 19:20:04,053 - rasterio._base - DEBUG - Dataset <open DatasetReader name='https://radar.bmkg.go.id/raster/radarsatelit_202311191910.tif' mode='r'> is started.
2023-11-19 19:20:04,054 - rasterio.env - DEBUG - Exiting env context: <rasterio.env.Env object at 0x7f1a5e210fb0>
2023-11-19 19:20:04,054 - rasterio.env - DEBUG - Cleared existing <rasterio._env.GDALEnv object at 0x7f1a0ee629e0> options
2023-11-19 19:20:04,054 - rasterio._env - DEBUG - Stopped GDALEnv <rasterio._env.GDALEnv object at 0x7f1a0ee629e0>.
2023-11-19 19:20:04,054 - rasterio.env - DEBUG - Exiting outermost env
2023-11-19 19:20:04,054 - rasterio.env - DEBUG - Exited env context: <rasterio.env.Env object at 0x7f1a5e210fb0>
2023-11-19 19:20:04,055 - rasterio.env - DEBUG - Entering env context: <rasterio.env.Env object at 0x7f1a55df93d0>
2023-11-19 19:20:04,055 - rasterio.env - DEBUG - Starting outermost env
2023-11-19 19:20:04,055 - rasterio.env - DEBUG - No GDAL environment exists
2023-11-19 19:20:04,055 - rasterio.env - DEBUG - New GDAL environment <rasterio._env.GDALEnv object at 0x7f1a0ee629e0> created
2023-11-19 19:20:04,055 - rasterio._env - DEBUG - GDAL data found in package: path='/home/swx/miniconda3/envs/present_weather/lib/python3.12/site-packages/rasterio/gdal_data'.
2023-11-19 19:20:04,056 - rasterio._env - DEBUG - PROJ_LIB found in environment.
2023-11-19 19:20:04,056 - rasterio._env - DEBUG - Started GDALEnv: self=<rasterio._env.GDALEnv object at 0x7f1a0ee629e0>.
2023-11-19 19:20:04,056 - rasterio.env - DEBUG - Entered env context: <rasterio.env.Env object at 0x7f1a55df93d0>
2023-11-19 19:20:04,057 - rasterio.env - DEBUG - Got a copy of environment <rasterio._env.GDALEnv object at 0x7f1a0ee629e0> options
2023-11-19 19:20:04,057 - rasterio.env - DEBUG - Entering env context: <rasterio.env.Env object at 0x7f1a0c048f20>
2023-11-19 19:20:04,057 - rasterio.env - DEBUG - Got a copy of environment <rasterio._env.GDALEnv object at 0x7f1a0ee629e0> options
2023-11-19 19:20:04,057 - rasterio.env - DEBUG - Entered env context: <rasterio.env.Env object at 0x7f1a0c048f20>
2023-11-19 19:20:04,057 - rasterio._base - DEBUG - Sharing flag: 0
2023-11-19 19:20:04,058 - rasterio._base - DEBUG - Nodata success: 1, Nodata value: nan
2023-11-19 19:20:04,058 - rasterio._base - DEBUG - Dataset <open DatasetReader name='https://radar.bmkg.go.id/raster/radarsatelit_202311191910.tif' mode='r'> is started.
2023-11-19 19:20:04,058 - rasterio.env - DEBUG - Exiting env context: <rasterio.env.Env object at 0x7f1a0c048f20>
2023-11-19 19:20:04,059 - rasterio.env - DEBUG - Cleared existing <rasterio._env.GDALEnv object at 0x7f1a0ee629e0> options
2023-11-19 19:20:04,059 - rasterio._env - DEBUG - Stopped GDALEnv <rasterio._env.GDALEnv object at 0x7f1a0ee629e0>.
2023-11-19 19:20:04,059 - rasterio.env - DEBUG - No GDAL environment exists
2023-11-19 19:20:04,059 - rasterio.env - DEBUG - New GDAL environment <rasterio._env.GDALEnv object at 0x7f1a0ee629e0> created
2023-11-19 19:20:04,059 - rasterio._env - DEBUG - GDAL data found in package: path='/home/swx/miniconda3/envs/present_weather/lib/python3.12/site-packages/rasterio/gdal_data'.
2023-11-19 19:20:04,059 - rasterio._env - DEBUG - PROJ_LIB found in environment.
2023-11-19 19:20:04,060 - rasterio._env - DEBUG - Started GDALEnv: self=<rasterio._env.GDALEnv object at 0x7f1a0ee629e0>.
2023-11-19 19:20:04,060 - rasterio.env - DEBUG - Exited env context: <rasterio.env.Env object at 0x7f1a0c048f20>
2023-11-19 19:20:04,090 - rasterio._io - DEBUG - Output nodata value read from file: nan
2023-11-19 19:20:04,091 - rasterio._io - DEBUG - Output nodata values: [nan]
2023-11-19 19:20:04,091 - rasterio._io - DEBUG - all_valid: False
2023-11-19 19:20:04,091 - rasterio._io - DEBUG - mask_flags: ([<MaskFlags.nodata: 8>],)
2023-11-19 19:20:04,092 - rasterio._io - DEBUG - Jump straight to _read()
2023-11-19 19:20:04,092 - rasterio._io - DEBUG - Window: Window(col_off=0, row_off=0, width=10215, height=3792)
2023-11-19 19:20:04,092 - rasterio._io - DEBUG - IO window xoff=0.0 yoff=0.0 width=10215.0 height=3792.0
2023-11-19 19:20:04,764 - rasterio.env - DEBUG - Exiting env context: <rasterio.env.Env object at 0x7f1a55df93d0>
2023-11-19 19:20:04,764 - rasterio.env - DEBUG - Cleared existing <rasterio._env.GDALEnv object at 0x7f1a0ee629e0> options
2023-11-19 19:20:04,764 - rasterio._env - DEBUG - Stopped GDALEnv <rasterio._env.GDALEnv object at 0x7f1a0ee629e0>.
2023-11-19 19:20:04,764 - rasterio.env - DEBUG - Exiting outermost env
2023-11-19 19:20:04,764 - rasterio.env - DEBUG - Exited env context: <rasterio.env.Env object at 0x7f1a55df93d0>
2023-11-19 19:20:04,767 - urllib3.connectionpool - DEBUG - Starting new HTTPS connection (1): radar.bmkg.go.id:8060
2023-11-19 19:20:04,830 - urllib3.connectionpool - DEBUG - https://radar.bmkg.go.id:8060 "GET /getLatestLD?typeData=1 HTTP/1.1" 200 37436
2023-11-19 19:20:04,852 - asyncio - DEBUG - Using selector: EpollSelector
2023-11-19 19:20:11,528 - root - INFO - dask.bag<lambda, npartitions=34>
2023-11-19 19:35:43,160 - root - INFO - Total elapsed time: 0:15:39.377772
