2023-11-09 18:40:04,114 - root - INFO - Initiating present weather
2023-11-09 18:40:04,119 - urllib3.connectionpool - DEBUG - Starting new HTTPS connection (1): radar.bmkg.go.id:8060
2023-11-09 18:40:04,179 - urllib3.connectionpool - DEBUG - https://radar.bmkg.go.id:8060 "GET /getRadarGeotif?token=19387e71e78522ae4172ec0fda640983b8438c9cfa0ca571623cb69d8327&radar=amandemenForecast&type=latest HTTP/1.1" 200 90
2023-11-09 18:40:04,181 - rasterio.env - DEBUG - Entering env context: <rasterio.env.Env object at 0x7f3edfe42360>
2023-11-09 18:40:04,182 - rasterio.env - DEBUG - Starting outermost env
2023-11-09 18:40:04,182 - rasterio.env - DEBUG - No GDAL environment exists
2023-11-09 18:40:04,182 - rasterio.env - DEBUG - New GDAL environment <rasterio._env.GDALEnv object at 0x7f3edfd8e080> created
2023-11-09 18:40:04,185 - rasterio._filepath - DEBUG - Installing FilePath filesystem handler plugin...
2023-11-09 18:40:04,185 - rasterio._env - DEBUG - GDAL data found in package: path='/home/swx/miniconda3/envs/present_weather/lib/python3.12/site-packages/rasterio/gdal_data'.
2023-11-09 18:40:04,186 - rasterio._env - DEBUG - PROJ_LIB found in environment.
2023-11-09 18:40:04,186 - rasterio._env - DEBUG - Started GDALEnv: self=<rasterio._env.GDALEnv object at 0x7f3edfd8e080>.
2023-11-09 18:40:04,186 - rasterio.env - DEBUG - Entered env context: <rasterio.env.Env object at 0x7f3edfe42360>
2023-11-09 18:40:04,186 - rasterio._base - DEBUG - Sharing flag: 0
2023-11-09 18:40:04,389 - rasterio._base - DEBUG - Nodata success: 1, Nodata value: nan
2023-11-09 18:40:04,389 - rasterio._base - DEBUG - Dataset <open DatasetReader name='https://radar.bmkg.go.id/raster/radarsatelit_202311091830.tif' mode='r'> is started.
2023-11-09 18:40:04,390 - rasterio.env - DEBUG - Exiting env context: <rasterio.env.Env object at 0x7f3edfe42360>
2023-11-09 18:40:04,390 - rasterio.env - DEBUG - Cleared existing <rasterio._env.GDALEnv object at 0x7f3edfd8e080> options
2023-11-09 18:40:04,390 - rasterio._env - DEBUG - Stopped GDALEnv <rasterio._env.GDALEnv object at 0x7f3edfd8e080>.
2023-11-09 18:40:04,390 - rasterio.env - DEBUG - Exiting outermost env
2023-11-09 18:40:04,390 - rasterio.env - DEBUG - Exited env context: <rasterio.env.Env object at 0x7f3edfe42360>
2023-11-09 18:40:04,390 - rasterio.env - DEBUG - Entering env context: <rasterio.env.Env object at 0x7f3ecf43d9a0>
2023-11-09 18:40:04,391 - rasterio.env - DEBUG - Starting outermost env
2023-11-09 18:40:04,391 - rasterio.env - DEBUG - No GDAL environment exists
2023-11-09 18:40:04,391 - rasterio.env - DEBUG - New GDAL environment <rasterio._env.GDALEnv object at 0x7f3edfd8e080> created
2023-11-09 18:40:04,391 - rasterio._env - DEBUG - GDAL data found in package: path='/home/swx/miniconda3/envs/present_weather/lib/python3.12/site-packages/rasterio/gdal_data'.
2023-11-09 18:40:04,392 - rasterio._env - DEBUG - PROJ_LIB found in environment.
2023-11-09 18:40:04,392 - rasterio._env - DEBUG - Started GDALEnv: self=<rasterio._env.GDALEnv object at 0x7f3edfd8e080>.
2023-11-09 18:40:04,392 - rasterio.env - DEBUG - Entered env context: <rasterio.env.Env object at 0x7f3ecf43d9a0>
2023-11-09 18:40:04,393 - rasterio.env - DEBUG - Got a copy of environment <rasterio._env.GDALEnv object at 0x7f3edfd8e080> options
2023-11-09 18:40:04,393 - rasterio.env - DEBUG - Entering env context: <rasterio.env.Env object at 0x7f3eceb77020>
2023-11-09 18:40:04,393 - rasterio.env - DEBUG - Got a copy of environment <rasterio._env.GDALEnv object at 0x7f3edfd8e080> options
2023-11-09 18:40:04,393 - rasterio.env - DEBUG - Entered env context: <rasterio.env.Env object at 0x7f3eceb77020>
2023-11-09 18:40:04,393 - rasterio._base - DEBUG - Sharing flag: 0
2023-11-09 18:40:04,394 - rasterio._base - DEBUG - Nodata success: 1, Nodata value: nan
2023-11-09 18:40:04,395 - rasterio._base - DEBUG - Dataset <open DatasetReader name='https://radar.bmkg.go.id/raster/radarsatelit_202311091830.tif' mode='r'> is started.
2023-11-09 18:40:04,395 - rasterio.env - DEBUG - Exiting env context: <rasterio.env.Env object at 0x7f3eceb77020>
2023-11-09 18:40:04,395 - rasterio.env - DEBUG - Cleared existing <rasterio._env.GDALEnv object at 0x7f3edfd8e080> options
2023-11-09 18:40:04,395 - rasterio._env - DEBUG - Stopped GDALEnv <rasterio._env.GDALEnv object at 0x7f3edfd8e080>.
2023-11-09 18:40:04,395 - rasterio.env - DEBUG - No GDAL environment exists
2023-11-09 18:40:04,395 - rasterio.env - DEBUG - New GDAL environment <rasterio._env.GDALEnv object at 0x7f3edfd8e080> created
2023-11-09 18:40:04,396 - rasterio._env - DEBUG - GDAL data found in package: path='/home/swx/miniconda3/envs/present_weather/lib/python3.12/site-packages/rasterio/gdal_data'.
2023-11-09 18:40:04,396 - rasterio._env - DEBUG - PROJ_LIB found in environment.
2023-11-09 18:40:04,396 - rasterio._env - DEBUG - Started GDALEnv: self=<rasterio._env.GDALEnv object at 0x7f3edfd8e080>.
2023-11-09 18:40:04,396 - rasterio.env - DEBUG - Exited env context: <rasterio.env.Env object at 0x7f3eceb77020>
2023-11-09 18:40:04,429 - rasterio._io - DEBUG - Output nodata value read from file: nan
2023-11-09 18:40:04,429 - rasterio._io - DEBUG - Output nodata values: [nan]
2023-11-09 18:40:04,429 - rasterio._io - DEBUG - all_valid: False
2023-11-09 18:40:04,430 - rasterio._io - DEBUG - mask_flags: ([<MaskFlags.nodata: 8>],)
2023-11-09 18:40:04,430 - rasterio._io - DEBUG - Jump straight to _read()
2023-11-09 18:40:04,430 - rasterio._io - DEBUG - Window: Window(col_off=0, row_off=0, width=10215, height=3789)
2023-11-09 18:40:04,430 - rasterio._io - DEBUG - IO window xoff=0.0 yoff=0.0 width=10215.0 height=3789.0
2023-11-09 18:40:05,049 - rasterio.env - DEBUG - Exiting env context: <rasterio.env.Env object at 0x7f3ecf43d9a0>
2023-11-09 18:40:05,050 - rasterio.env - DEBUG - Cleared existing <rasterio._env.GDALEnv object at 0x7f3edfd8e080> options
2023-11-09 18:40:05,050 - rasterio._env - DEBUG - Stopped GDALEnv <rasterio._env.GDALEnv object at 0x7f3edfd8e080>.
2023-11-09 18:40:05,050 - rasterio.env - DEBUG - Exiting outermost env
2023-11-09 18:40:05,050 - rasterio.env - DEBUG - Exited env context: <rasterio.env.Env object at 0x7f3ecf43d9a0>
2023-11-09 18:40:05,052 - urllib3.connectionpool - DEBUG - Starting new HTTPS connection (1): radar.bmkg.go.id:8060
2023-11-09 18:40:05,102 - urllib3.connectionpool - DEBUG - https://radar.bmkg.go.id:8060 "GET /getLatestLD?typeData=1 HTTP/1.1" 200 33174
2023-11-09 18:40:05,121 - asyncio - DEBUG - Using selector: EpollSelector
2023-11-09 18:40:11,824 - root - INFO - dask.bag<lambda, npartitions=34>
2023-11-09 18:44:37,888 - root - INFO - Total elapsed time: 0:04:33.774207
