2023-11-26 07:03:03,830 - root - INFO - Initiating present weather
2023-11-26 07:03:03,831 - asyncio - DEBUG - Using selector: EpollSelector
2023-11-26 07:03:07,031 - urllib3.connectionpool - DEBUG - Starting new HTTPS connection (1): radar.bmkg.go.id:8060
2023-11-26 07:03:07,099 - urllib3.connectionpool - DEBUG - https://radar.bmkg.go.id:8060 "GET /getRadarGeotif?token=19387e71e78522ae4172ec0fda640983b8438c9cfa0ca571623cb69d8327&radar=amandemenForecast&type=latest HTTP/1.1" 200 90
2023-11-26 07:03:07,101 - rasterio.env - DEBUG - Entering env context: <rasterio.env.Env object at 0x7f17077ba090>
2023-11-26 07:03:07,102 - rasterio.env - DEBUG - Starting outermost env
2023-11-26 07:03:07,102 - rasterio.env - DEBUG - No GDAL environment exists
2023-11-26 07:03:07,102 - rasterio.env - DEBUG - New GDAL environment <rasterio._env.GDALEnv object at 0x7f1706b68700> created
2023-11-26 07:03:07,106 - rasterio._filepath - DEBUG - Installing FilePath filesystem handler plugin...
2023-11-26 07:03:07,106 - rasterio._env - DEBUG - GDAL data found in package: path='/home/swx/miniconda3/envs/present_weather/lib/python3.12/site-packages/rasterio/gdal_data'.
2023-11-26 07:03:07,107 - rasterio._env - DEBUG - PROJ_LIB found in environment.
2023-11-26 07:03:07,107 - rasterio._env - DEBUG - Started GDALEnv: self=<rasterio._env.GDALEnv object at 0x7f1706b68700>.
2023-11-26 07:03:07,107 - rasterio.env - DEBUG - Entered env context: <rasterio.env.Env object at 0x7f17077ba090>
2023-11-26 07:03:07,107 - rasterio._base - DEBUG - Sharing flag: 0
2023-11-26 07:03:07,325 - rasterio._base - DEBUG - Nodata success: 1, Nodata value: nan
2023-11-26 07:03:07,326 - rasterio._base - DEBUG - Dataset <open DatasetReader name='https://radar.bmkg.go.id/raster/radarsatelit_202311260700.tif' mode='r'> is started.
2023-11-26 07:03:07,326 - rasterio.env - DEBUG - Exiting env context: <rasterio.env.Env object at 0x7f17077ba090>
2023-11-26 07:03:07,326 - rasterio.env - DEBUG - Cleared existing <rasterio._env.GDALEnv object at 0x7f1706b68700> options
2023-11-26 07:03:07,326 - rasterio._env - DEBUG - Stopped GDALEnv <rasterio._env.GDALEnv object at 0x7f1706b68700>.
2023-11-26 07:03:07,327 - rasterio.env - DEBUG - Exiting outermost env
2023-11-26 07:03:07,327 - rasterio.env - DEBUG - Exited env context: <rasterio.env.Env object at 0x7f17077ba090>
2023-11-26 07:03:07,327 - rasterio.env - DEBUG - Entering env context: <rasterio.env.Env object at 0x7f17069be7e0>
2023-11-26 07:03:07,327 - rasterio.env - DEBUG - Starting outermost env
2023-11-26 07:03:07,327 - rasterio.env - DEBUG - No GDAL environment exists
2023-11-26 07:03:07,327 - rasterio.env - DEBUG - New GDAL environment <rasterio._env.GDALEnv object at 0x7f1706aca080> created
2023-11-26 07:03:07,328 - rasterio._env - DEBUG - GDAL data found in package: path='/home/swx/miniconda3/envs/present_weather/lib/python3.12/site-packages/rasterio/gdal_data'.
2023-11-26 07:03:07,328 - rasterio._env - DEBUG - PROJ_LIB found in environment.
2023-11-26 07:03:07,328 - rasterio._env - DEBUG - Started GDALEnv: self=<rasterio._env.GDALEnv object at 0x7f1706aca080>.
2023-11-26 07:03:07,328 - rasterio.env - DEBUG - Entered env context: <rasterio.env.Env object at 0x7f17069be7e0>
2023-11-26 07:03:07,329 - rasterio.env - DEBUG - Got a copy of environment <rasterio._env.GDALEnv object at 0x7f1706aca080> options
2023-11-26 07:03:07,329 - rasterio.env - DEBUG - Entering env context: <rasterio.env.Env object at 0x7f17077b9460>
2023-11-26 07:03:07,329 - rasterio.env - DEBUG - Got a copy of environment <rasterio._env.GDALEnv object at 0x7f1706aca080> options
2023-11-26 07:03:07,329 - rasterio.env - DEBUG - Entered env context: <rasterio.env.Env object at 0x7f17077b9460>
2023-11-26 07:03:07,330 - rasterio._base - DEBUG - Sharing flag: 0
2023-11-26 07:03:07,331 - rasterio._base - DEBUG - Nodata success: 1, Nodata value: nan
2023-11-26 07:03:07,332 - rasterio._base - DEBUG - Dataset <open DatasetReader name='https://radar.bmkg.go.id/raster/radarsatelit_202311260700.tif' mode='r'> is started.
2023-11-26 07:03:07,332 - rasterio.env - DEBUG - Exiting env context: <rasterio.env.Env object at 0x7f17077b9460>
2023-11-26 07:03:07,332 - rasterio.env - DEBUG - Cleared existing <rasterio._env.GDALEnv object at 0x7f1706aca080> options
2023-11-26 07:03:07,332 - rasterio._env - DEBUG - Stopped GDALEnv <rasterio._env.GDALEnv object at 0x7f1706aca080>.
2023-11-26 07:03:07,332 - rasterio.env - DEBUG - No GDAL environment exists
2023-11-26 07:03:07,332 - rasterio.env - DEBUG - New GDAL environment <rasterio._env.GDALEnv object at 0x7f1706aca080> created
2023-11-26 07:03:07,333 - rasterio._env - DEBUG - GDAL data found in package: path='/home/swx/miniconda3/envs/present_weather/lib/python3.12/site-packages/rasterio/gdal_data'.
2023-11-26 07:03:07,334 - rasterio._env - DEBUG - PROJ_LIB found in environment.
2023-11-26 07:03:07,334 - rasterio._env - DEBUG - Started GDALEnv: self=<rasterio._env.GDALEnv object at 0x7f1706aca080>.
2023-11-26 07:03:07,334 - rasterio.env - DEBUG - Exited env context: <rasterio.env.Env object at 0x7f17077b9460>
2023-11-26 07:03:07,366 - rasterio._io - DEBUG - Output nodata value read from file: nan
2023-11-26 07:03:07,366 - rasterio._io - DEBUG - Output nodata values: [nan]
2023-11-26 07:03:07,366 - rasterio._io - DEBUG - all_valid: False
2023-11-26 07:03:07,367 - rasterio._io - DEBUG - mask_flags: ([<MaskFlags.nodata: 8>],)
2023-11-26 07:03:07,367 - rasterio._io - DEBUG - Jump straight to _read()
2023-11-26 07:03:07,367 - rasterio._io - DEBUG - Window: Window(col_off=0, row_off=0, width=10215, height=3792)
2023-11-26 07:03:07,368 - rasterio._io - DEBUG - IO window xoff=0.0 yoff=0.0 width=10215.0 height=3792.0
2023-11-26 07:03:08,299 - rasterio.env - DEBUG - Exiting env context: <rasterio.env.Env object at 0x7f17069be7e0>
2023-11-26 07:03:08,299 - rasterio.env - DEBUG - Cleared existing <rasterio._env.GDALEnv object at 0x7f1706aca080> options
2023-11-26 07:03:08,299 - rasterio._env - DEBUG - Stopped GDALEnv <rasterio._env.GDALEnv object at 0x7f1706aca080>.
2023-11-26 07:03:08,300 - rasterio.env - DEBUG - Exiting outermost env
2023-11-26 07:03:08,300 - rasterio.env - DEBUG - Exited env context: <rasterio.env.Env object at 0x7f17069be7e0>
2023-11-26 07:03:08,302 - urllib3.connectionpool - DEBUG - Starting new HTTPS connection (1): radar.bmkg.go.id:8060
2023-11-26 07:03:08,346 - urllib3.connectionpool - DEBUG - https://radar.bmkg.go.id:8060 "GET /getLatestLD?typeData=1 HTTP/1.1" 200 8061
2023-11-26 07:03:08,356 - root - INFO - Generating present weather using RADAR data
2023-11-26 07:03:11,667 - root - INFO - dask.bag<lambda, npartitions=20>
2023-11-26 07:16:17,711 - root - INFO - Total elapsed time: 0:13:13.882022
