2023-12-29 21:33:02,812 - root - INFO - Initiating present weather
2023-12-29 21:33:02,814 - asyncio - DEBUG - Using selector: EpollSelector
2023-12-29 21:33:04,430 - urllib3.connectionpool - DEBUG - Starting new HTTPS connection (1): radar.bmkg.go.id:8060
2023-12-29 21:33:04,459 - urllib3.connectionpool - DEBUG - https://radar.bmkg.go.id:8060 "GET /getLatestLD?typeData=1 HTTP/1.1" 200 62
2023-12-29 21:33:04,461 - urllib3.connectionpool - DEBUG - Starting new HTTPS connection (1): radar.bmkg.go.id:8060
2023-12-29 21:33:04,482 - urllib3.connectionpool - DEBUG - https://radar.bmkg.go.id:8060 "GET /getRadarGeotif?token=19387e71e78522ae4172ec0fda640983b8438c9cfa0ca571623cb69d8327&radar=amandemenForecast&type=latest HTTP/1.1" 200 90
2023-12-29 21:33:04,482 - rasterio.env - DEBUG - Entering env context: <rasterio.env.Env object at 0x7f9635f979a0>
2023-12-29 21:33:04,483 - rasterio.env - DEBUG - Starting outermost env
2023-12-29 21:33:04,483 - rasterio.env - DEBUG - No GDAL environment exists
2023-12-29 21:33:04,483 - rasterio.env - DEBUG - New GDAL environment <rasterio._env.GDALEnv object at 0x7f9635f97a30> created
2023-12-29 21:33:04,486 - rasterio._filepath - DEBUG - Installing FilePath filesystem handler plugin...
2023-12-29 21:33:04,486 - rasterio._env - DEBUG - GDAL data found in package: path='/home/metpublic/PYTHON_VENV/present_weather/lib/python3.10/site-packages/rasterio/gdal_data'.
2023-12-29 21:33:04,486 - rasterio._env - DEBUG - PROJ data found in package: path='/home/metpublic/PYTHON_VENV/present_weather/lib/python3.10/site-packages/rasterio/proj_data'.
2023-12-29 21:33:04,486 - rasterio._env - DEBUG - Started GDALEnv: self=<rasterio._env.GDALEnv object at 0x7f9635f97a30>.
2023-12-29 21:33:04,486 - rasterio.env - DEBUG - Entered env context: <rasterio.env.Env object at 0x7f9635f979a0>
2023-12-29 21:33:04,486 - rasterio._base - DEBUG - Sharing flag: 0
2023-12-29 21:33:04,868 - rasterio._base - DEBUG - Nodata success: 1, Nodata value: nan
2023-12-29 21:33:04,869 - rasterio._base - DEBUG - Dataset <open DatasetReader name='https://radar.bmkg.go.id/raster/radarsatelit_202312292130.tif' mode='r'> is started.
2023-12-29 21:33:04,869 - rasterio.env - DEBUG - Exiting env context: <rasterio.env.Env object at 0x7f9635f979a0>
2023-12-29 21:33:04,869 - rasterio.env - DEBUG - Cleared existing <rasterio._env.GDALEnv object at 0x7f9635f97a30> options
2023-12-29 21:33:04,869 - rasterio._env - DEBUG - Stopped GDALEnv <rasterio._env.GDALEnv object at 0x7f9635f97a30>.
2023-12-29 21:33:04,870 - rasterio.env - DEBUG - Exiting outermost env
2023-12-29 21:33:04,870 - rasterio.env - DEBUG - Exited env context: <rasterio.env.Env object at 0x7f9635f979a0>
2023-12-29 21:33:04,870 - rasterio.env - DEBUG - Entering env context: <rasterio.env.Env object at 0x7f9635610ca0>
2023-12-29 21:33:04,870 - rasterio.env - DEBUG - Starting outermost env
2023-12-29 21:33:04,870 - rasterio.env - DEBUG - No GDAL environment exists
2023-12-29 21:33:04,870 - rasterio.env - DEBUG - New GDAL environment <rasterio._env.GDALEnv object at 0x7f9635f97a30> created
2023-12-29 21:33:04,870 - rasterio._env - DEBUG - GDAL data found in package: path='/home/metpublic/PYTHON_VENV/present_weather/lib/python3.10/site-packages/rasterio/gdal_data'.
2023-12-29 21:33:04,870 - rasterio._env - DEBUG - PROJ data found in package: path='/home/metpublic/PYTHON_VENV/present_weather/lib/python3.10/site-packages/rasterio/proj_data'.
2023-12-29 21:33:04,870 - rasterio._env - DEBUG - Started GDALEnv: self=<rasterio._env.GDALEnv object at 0x7f9635f97a30>.
2023-12-29 21:33:04,871 - rasterio.env - DEBUG - Entered env context: <rasterio.env.Env object at 0x7f9635610ca0>
2023-12-29 21:33:04,871 - rasterio.env - DEBUG - Got a copy of environment <rasterio._env.GDALEnv object at 0x7f9635f97a30> options
2023-12-29 21:33:04,871 - rasterio.env - DEBUG - Entering env context: <rasterio.env.Env object at 0x7f9634517970>
2023-12-29 21:33:04,871 - rasterio.env - DEBUG - Got a copy of environment <rasterio._env.GDALEnv object at 0x7f9635f97a30> options
2023-12-29 21:33:04,871 - rasterio.env - DEBUG - Entered env context: <rasterio.env.Env object at 0x7f9634517970>
2023-12-29 21:33:04,871 - rasterio._base - DEBUG - Sharing flag: 0
2023-12-29 21:33:04,873 - rasterio._base - DEBUG - Nodata success: 1, Nodata value: nan
2023-12-29 21:33:04,873 - rasterio._base - DEBUG - Dataset <open DatasetReader name='https://radar.bmkg.go.id/raster/radarsatelit_202312292130.tif' mode='r'> is started.
2023-12-29 21:33:04,873 - rasterio.env - DEBUG - Exiting env context: <rasterio.env.Env object at 0x7f9634517970>
2023-12-29 21:33:04,873 - rasterio.env - DEBUG - Cleared existing <rasterio._env.GDALEnv object at 0x7f9635f97a30> options
2023-12-29 21:33:04,873 - rasterio._env - DEBUG - Stopped GDALEnv <rasterio._env.GDALEnv object at 0x7f9635f97a30>.
2023-12-29 21:33:04,873 - rasterio.env - DEBUG - No GDAL environment exists
2023-12-29 21:33:04,873 - rasterio.env - DEBUG - New GDAL environment <rasterio._env.GDALEnv object at 0x7f9635f97a30> created
2023-12-29 21:33:04,874 - rasterio._env - DEBUG - GDAL data found in package: path='/home/metpublic/PYTHON_VENV/present_weather/lib/python3.10/site-packages/rasterio/gdal_data'.
2023-12-29 21:33:04,874 - rasterio._env - DEBUG - PROJ data found in package: path='/home/metpublic/PYTHON_VENV/present_weather/lib/python3.10/site-packages/rasterio/proj_data'.
2023-12-29 21:33:04,874 - rasterio._env - DEBUG - Started GDALEnv: self=<rasterio._env.GDALEnv object at 0x7f9635f97a30>.
2023-12-29 21:33:04,874 - rasterio.env - DEBUG - Exited env context: <rasterio.env.Env object at 0x7f9634517970>
2023-12-29 21:33:04,892 - rasterio._io - DEBUG - Output nodata value read from file: nan
2023-12-29 21:33:04,892 - rasterio._io - DEBUG - Output nodata values: [nan]
2023-12-29 21:33:04,892 - rasterio._io - DEBUG - all_valid: False
2023-12-29 21:33:04,892 - rasterio._io - DEBUG - mask_flags: ([<MaskFlags.nodata: 8>],)
2023-12-29 21:33:04,893 - rasterio._io - DEBUG - Jump straight to _read()
2023-12-29 21:33:04,893 - rasterio._io - DEBUG - Window: Window(col_off=0, row_off=0, width=10215, height=3792)
2023-12-29 21:33:04,893 - rasterio._io - DEBUG - IO window xoff=0.0 yoff=0.0 width=10215.0 height=3792.0
2023-12-29 21:33:05,448 - rasterio.env - DEBUG - Exiting env context: <rasterio.env.Env object at 0x7f9635610ca0>
2023-12-29 21:33:05,448 - rasterio.env - DEBUG - Cleared existing <rasterio._env.GDALEnv object at 0x7f9635f97a30> options
2023-12-29 21:33:05,448 - rasterio._env - DEBUG - Stopped GDALEnv <rasterio._env.GDALEnv object at 0x7f9635f97a30>.
2023-12-29 21:33:05,448 - rasterio.env - DEBUG - Exiting outermost env
2023-12-29 21:33:05,448 - rasterio.env - DEBUG - Exited env context: <rasterio.env.Env object at 0x7f9635610ca0>
2023-12-29 21:40:02,727 - root - INFO - Total elapsed time: 0:06:59.915468
