2023-11-23 22:43:03,172 - root - INFO - Initiating present weather
2023-11-23 22:43:03,176 - asyncio - DEBUG - Using selector: EpollSelector
2023-11-23 22:43:06,419 - urllib3.connectionpool - DEBUG - Starting new HTTPS connection (1): radar.bmkg.go.id:8060
2023-11-23 22:43:06,487 - urllib3.connectionpool - DEBUG - https://radar.bmkg.go.id:8060 "GET /getRadarGeotif?token=19387e71e78522ae4172ec0fda640983b8438c9cfa0ca571623cb69d8327&radar=amandemenForecast&type=latest HTTP/1.1" 200 90
2023-11-23 22:43:06,490 - rasterio.env - DEBUG - Entering env context: <rasterio.env.Env object at 0x7f52d0955310>
2023-11-23 22:43:06,491 - rasterio.env - DEBUG - Starting outermost env
2023-11-23 22:43:06,491 - rasterio.env - DEBUG - No GDAL environment exists
2023-11-23 22:43:06,491 - rasterio.env - DEBUG - New GDAL environment <rasterio._env.GDALEnv object at 0x7f52d09550f0> created
2023-11-23 22:43:06,496 - rasterio._filepath - DEBUG - Installing FilePath filesystem handler plugin...
2023-11-23 22:43:06,496 - rasterio._env - DEBUG - GDAL data found in package: path='/home/swx/miniconda3/envs/present_weather/lib/python3.12/site-packages/rasterio/gdal_data'.
2023-11-23 22:43:06,496 - rasterio._env - DEBUG - PROJ_LIB found in environment.
2023-11-23 22:43:06,496 - rasterio._env - DEBUG - Started GDALEnv: self=<rasterio._env.GDALEnv object at 0x7f52d09550f0>.
2023-11-23 22:43:06,496 - rasterio.env - DEBUG - Entered env context: <rasterio.env.Env object at 0x7f52d0955310>
2023-11-23 22:43:06,497 - rasterio._base - DEBUG - Sharing flag: 0
2023-11-23 22:43:06,699 - rasterio._base - DEBUG - Nodata success: 1, Nodata value: nan
2023-11-23 22:43:06,700 - rasterio._base - DEBUG - Dataset <open DatasetReader name='https://radar.bmkg.go.id/raster/radarsatelit_202311232240.tif' mode='r'> is started.
2023-11-23 22:43:06,700 - rasterio.env - DEBUG - Exiting env context: <rasterio.env.Env object at 0x7f52d0955310>
2023-11-23 22:43:06,700 - rasterio.env - DEBUG - Cleared existing <rasterio._env.GDALEnv object at 0x7f52d09550f0> options
2023-11-23 22:43:06,700 - rasterio._env - DEBUG - Stopped GDALEnv <rasterio._env.GDALEnv object at 0x7f52d09550f0>.
2023-11-23 22:43:06,701 - rasterio.env - DEBUG - Exiting outermost env
2023-11-23 22:43:06,701 - rasterio.env - DEBUG - Exited env context: <rasterio.env.Env object at 0x7f52d0955310>
2023-11-23 22:43:06,701 - rasterio.env - DEBUG - Entering env context: <rasterio.env.Env object at 0x7f52d0955310>
2023-11-23 22:43:06,701 - rasterio.env - DEBUG - Starting outermost env
2023-11-23 22:43:06,701 - rasterio.env - DEBUG - No GDAL environment exists
2023-11-23 22:43:06,701 - rasterio.env - DEBUG - New GDAL environment <rasterio._env.GDALEnv object at 0x7f52d08a52a0> created
2023-11-23 22:43:06,702 - rasterio._env - DEBUG - GDAL data found in package: path='/home/swx/miniconda3/envs/present_weather/lib/python3.12/site-packages/rasterio/gdal_data'.
2023-11-23 22:43:06,702 - rasterio._env - DEBUG - PROJ_LIB found in environment.
2023-11-23 22:43:06,702 - rasterio._env - DEBUG - Started GDALEnv: self=<rasterio._env.GDALEnv object at 0x7f52d08a52a0>.
2023-11-23 22:43:06,702 - rasterio.env - DEBUG - Entered env context: <rasterio.env.Env object at 0x7f52d0955310>
2023-11-23 22:43:06,703 - rasterio.env - DEBUG - Got a copy of environment <rasterio._env.GDALEnv object at 0x7f52d08a52a0> options
2023-11-23 22:43:06,703 - rasterio.env - DEBUG - Entering env context: <rasterio.env.Env object at 0x7f52b9d3fbf0>
2023-11-23 22:43:06,703 - rasterio.env - DEBUG - Got a copy of environment <rasterio._env.GDALEnv object at 0x7f52d08a52a0> options
2023-11-23 22:43:06,703 - rasterio.env - DEBUG - Entered env context: <rasterio.env.Env object at 0x7f52b9d3fbf0>
2023-11-23 22:43:06,703 - rasterio._base - DEBUG - Sharing flag: 0
2023-11-23 22:43:06,705 - rasterio._base - DEBUG - Nodata success: 1, Nodata value: nan
2023-11-23 22:43:06,705 - rasterio._base - DEBUG - Dataset <open DatasetReader name='https://radar.bmkg.go.id/raster/radarsatelit_202311232240.tif' mode='r'> is started.
2023-11-23 22:43:06,705 - rasterio.env - DEBUG - Exiting env context: <rasterio.env.Env object at 0x7f52b9d3fbf0>
2023-11-23 22:43:06,705 - rasterio.env - DEBUG - Cleared existing <rasterio._env.GDALEnv object at 0x7f52d08a52a0> options
2023-11-23 22:43:06,705 - rasterio._env - DEBUG - Stopped GDALEnv <rasterio._env.GDALEnv object at 0x7f52d08a52a0>.
2023-11-23 22:43:06,705 - rasterio.env - DEBUG - No GDAL environment exists
2023-11-23 22:43:06,705 - rasterio.env - DEBUG - New GDAL environment <rasterio._env.GDALEnv object at 0x7f52d08a52a0> created
2023-11-23 22:43:06,706 - rasterio._env - DEBUG - GDAL data found in package: path='/home/swx/miniconda3/envs/present_weather/lib/python3.12/site-packages/rasterio/gdal_data'.
2023-11-23 22:43:06,706 - rasterio._env - DEBUG - PROJ_LIB found in environment.
2023-11-23 22:43:06,706 - rasterio._env - DEBUG - Started GDALEnv: self=<rasterio._env.GDALEnv object at 0x7f52d08a52a0>.
2023-11-23 22:43:06,706 - rasterio.env - DEBUG - Exited env context: <rasterio.env.Env object at 0x7f52b9d3fbf0>
2023-11-23 22:43:06,737 - rasterio._io - DEBUG - Output nodata value read from file: nan
2023-11-23 22:43:06,737 - rasterio._io - DEBUG - Output nodata values: [nan]
2023-11-23 22:43:06,737 - rasterio._io - DEBUG - all_valid: False
2023-11-23 22:43:06,737 - rasterio._io - DEBUG - mask_flags: ([<MaskFlags.nodata: 8>],)
2023-11-23 22:43:06,738 - rasterio._io - DEBUG - Jump straight to _read()
2023-11-23 22:43:06,738 - rasterio._io - DEBUG - Window: Window(col_off=0, row_off=0, width=10215, height=3792)
2023-11-23 22:43:06,738 - rasterio._io - DEBUG - IO window xoff=0.0 yoff=0.0 width=10215.0 height=3792.0
2023-11-23 22:43:07,488 - rasterio.env - DEBUG - Exiting env context: <rasterio.env.Env object at 0x7f52d0955310>
2023-11-23 22:43:07,488 - rasterio.env - DEBUG - Cleared existing <rasterio._env.GDALEnv object at 0x7f52d08a52a0> options
2023-11-23 22:43:07,488 - rasterio._env - DEBUG - Stopped GDALEnv <rasterio._env.GDALEnv object at 0x7f52d08a52a0>.
2023-11-23 22:43:07,488 - rasterio.env - DEBUG - Exiting outermost env
2023-11-23 22:43:07,488 - rasterio.env - DEBUG - Exited env context: <rasterio.env.Env object at 0x7f52d0955310>
2023-11-23 22:43:07,491 - urllib3.connectionpool - DEBUG - Starting new HTTPS connection (1): radar.bmkg.go.id:8060
2023-11-23 22:43:07,541 - urllib3.connectionpool - DEBUG - https://radar.bmkg.go.id:8060 "GET /getLatestLD?typeData=1 HTTP/1.1" 200 28191
2023-11-23 22:43:10,838 - root - INFO - dask.bag<lambda, npartitions=20>
2023-11-23 22:56:11,127 - root - INFO - Total elapsed time: 0:13:07.955519
