2023-12-23 09:43:02,757 - root - INFO - Initiating present weather
2023-12-23 09:43:02,759 - asyncio - DEBUG - Using selector: EpollSelector
2023-12-23 09:43:04,369 - urllib3.connectionpool - DEBUG - Starting new HTTPS connection (1): radar.bmkg.go.id:8060
2023-12-23 09:43:04,380 - urllib3.connectionpool - DEBUG - https://radar.bmkg.go.id:8060 "GET /getLatestLD?typeData=1 HTTP/1.1" 200 62
2023-12-23 09:43:04,382 - urllib3.connectionpool - DEBUG - Starting new HTTPS connection (1): radar.bmkg.go.id:8060
2023-12-23 09:43:04,397 - urllib3.connectionpool - DEBUG - https://radar.bmkg.go.id:8060 "GET /getRadarGeotif?token=19387e71e78522ae4172ec0fda640983b8438c9cfa0ca571623cb69d8327&radar=amandemenForecast&type=latest HTTP/1.1" 200 90
2023-12-23 09:43:04,398 - rasterio.env - DEBUG - Entering env context: <rasterio.env.Env object at 0x7f50688d95a0>
2023-12-23 09:43:04,399 - rasterio.env - DEBUG - Starting outermost env
2023-12-23 09:43:04,399 - rasterio.env - DEBUG - No GDAL environment exists
2023-12-23 09:43:04,399 - rasterio.env - DEBUG - New GDAL environment <rasterio._env.GDALEnv object at 0x7f50688d9570> created
2023-12-23 09:43:04,402 - rasterio._filepath - DEBUG - Installing FilePath filesystem handler plugin...
2023-12-23 09:43:04,402 - rasterio._env - DEBUG - GDAL data found in package: path='/home/metpublic/PYTHON_VENV/present_weather/lib/python3.10/site-packages/rasterio/gdal_data'.
2023-12-23 09:43:04,402 - rasterio._env - DEBUG - PROJ data found in package: path='/home/metpublic/PYTHON_VENV/present_weather/lib/python3.10/site-packages/rasterio/proj_data'.
2023-12-23 09:43:04,402 - rasterio._env - DEBUG - Started GDALEnv: self=<rasterio._env.GDALEnv object at 0x7f50688d9570>.
2023-12-23 09:43:04,402 - rasterio.env - DEBUG - Entered env context: <rasterio.env.Env object at 0x7f50688d95a0>
2023-12-23 09:43:04,402 - rasterio._base - DEBUG - Sharing flag: 0
2023-12-23 09:43:04,749 - rasterio._base - DEBUG - Nodata success: 1, Nodata value: nan
2023-12-23 09:43:04,750 - rasterio._base - DEBUG - Dataset <open DatasetReader name='https://radar.bmkg.go.id/raster/radarsatelit_202312230910.tif' mode='r'> is started.
2023-12-23 09:43:04,750 - rasterio.env - DEBUG - Exiting env context: <rasterio.env.Env object at 0x7f50688d95a0>
2023-12-23 09:43:04,750 - rasterio.env - DEBUG - Cleared existing <rasterio._env.GDALEnv object at 0x7f50688d9570> options
2023-12-23 09:43:04,750 - rasterio._env - DEBUG - Stopped GDALEnv <rasterio._env.GDALEnv object at 0x7f50688d9570>.
2023-12-23 09:43:04,750 - rasterio.env - DEBUG - Exiting outermost env
2023-12-23 09:43:04,750 - rasterio.env - DEBUG - Exited env context: <rasterio.env.Env object at 0x7f50688d95a0>
2023-12-23 09:43:04,750 - rasterio.env - DEBUG - Entering env context: <rasterio.env.Env object at 0x7f5068895870>
2023-12-23 09:43:04,751 - rasterio.env - DEBUG - Starting outermost env
2023-12-23 09:43:04,751 - rasterio.env - DEBUG - No GDAL environment exists
2023-12-23 09:43:04,751 - rasterio.env - DEBUG - New GDAL environment <rasterio._env.GDALEnv object at 0x7f50688d9570> created
2023-12-23 09:43:04,751 - rasterio._env - DEBUG - GDAL data found in package: path='/home/metpublic/PYTHON_VENV/present_weather/lib/python3.10/site-packages/rasterio/gdal_data'.
2023-12-23 09:43:04,751 - rasterio._env - DEBUG - PROJ data found in package: path='/home/metpublic/PYTHON_VENV/present_weather/lib/python3.10/site-packages/rasterio/proj_data'.
2023-12-23 09:43:04,751 - rasterio._env - DEBUG - Started GDALEnv: self=<rasterio._env.GDALEnv object at 0x7f50688d9570>.
2023-12-23 09:43:04,752 - rasterio.env - DEBUG - Entered env context: <rasterio.env.Env object at 0x7f5068895870>
2023-12-23 09:43:04,752 - rasterio.env - DEBUG - Got a copy of environment <rasterio._env.GDALEnv object at 0x7f50688d9570> options
2023-12-23 09:43:04,752 - rasterio.env - DEBUG - Entering env context: <rasterio.env.Env object at 0x7f5060742590>
2023-12-23 09:43:04,752 - rasterio.env - DEBUG - Got a copy of environment <rasterio._env.GDALEnv object at 0x7f50688d9570> options
2023-12-23 09:43:04,752 - rasterio.env - DEBUG - Entered env context: <rasterio.env.Env object at 0x7f5060742590>
2023-12-23 09:43:04,752 - rasterio._base - DEBUG - Sharing flag: 0
2023-12-23 09:43:04,753 - rasterio._base - DEBUG - Nodata success: 1, Nodata value: nan
2023-12-23 09:43:04,754 - rasterio._base - DEBUG - Dataset <open DatasetReader name='https://radar.bmkg.go.id/raster/radarsatelit_202312230910.tif' mode='r'> is started.
2023-12-23 09:43:04,754 - rasterio.env - DEBUG - Exiting env context: <rasterio.env.Env object at 0x7f5060742590>
2023-12-23 09:43:04,754 - rasterio.env - DEBUG - Cleared existing <rasterio._env.GDALEnv object at 0x7f50688d9570> options
2023-12-23 09:43:04,754 - rasterio._env - DEBUG - Stopped GDALEnv <rasterio._env.GDALEnv object at 0x7f50688d9570>.
2023-12-23 09:43:04,754 - rasterio.env - DEBUG - No GDAL environment exists
2023-12-23 09:43:04,754 - rasterio.env - DEBUG - New GDAL environment <rasterio._env.GDALEnv object at 0x7f50688d9570> created
2023-12-23 09:43:04,755 - rasterio._env - DEBUG - GDAL data found in package: path='/home/metpublic/PYTHON_VENV/present_weather/lib/python3.10/site-packages/rasterio/gdal_data'.
2023-12-23 09:43:04,755 - rasterio._env - DEBUG - PROJ data found in package: path='/home/metpublic/PYTHON_VENV/present_weather/lib/python3.10/site-packages/rasterio/proj_data'.
2023-12-23 09:43:04,755 - rasterio._env - DEBUG - Started GDALEnv: self=<rasterio._env.GDALEnv object at 0x7f50688d9570>.
2023-12-23 09:43:04,755 - rasterio.env - DEBUG - Exited env context: <rasterio.env.Env object at 0x7f5060742590>
2023-12-23 09:43:04,773 - rasterio._io - DEBUG - Output nodata value read from file: nan
2023-12-23 09:43:04,774 - rasterio._io - DEBUG - Output nodata values: [nan]
2023-12-23 09:43:04,774 - rasterio._io - DEBUG - all_valid: False
2023-12-23 09:43:04,775 - rasterio._io - DEBUG - mask_flags: ([<MaskFlags.nodata: 8>],)
2023-12-23 09:43:04,775 - rasterio._io - DEBUG - Jump straight to _read()
2023-12-23 09:43:04,775 - rasterio._io - DEBUG - Window: Window(col_off=0, row_off=0, width=10215, height=3792)
2023-12-23 09:43:04,775 - rasterio._io - DEBUG - IO window xoff=0.0 yoff=0.0 width=10215.0 height=3792.0
2023-12-23 09:43:05,347 - rasterio.env - DEBUG - Exiting env context: <rasterio.env.Env object at 0x7f5068895870>
2023-12-23 09:43:05,347 - rasterio.env - DEBUG - Cleared existing <rasterio._env.GDALEnv object at 0x7f50688d9570> options
2023-12-23 09:43:05,347 - rasterio._env - DEBUG - Stopped GDALEnv <rasterio._env.GDALEnv object at 0x7f50688d9570>.
2023-12-23 09:43:05,347 - rasterio.env - DEBUG - Exiting outermost env
2023-12-23 09:43:05,347 - rasterio.env - DEBUG - Exited env context: <rasterio.env.Env object at 0x7f5068895870>
2023-12-23 09:43:05,349 - urllib3.connectionpool - DEBUG - Starting new HTTPS connection (1): radar.bmkg.go.id:8060
2023-12-23 09:43:05,468 - urllib3.connectionpool - DEBUG - https://radar.bmkg.go.id:8060 "GET /getRadarGeotif?token=19387e71e78522ae4172ec0fda640983b8438c9cfa0ca571623cb69d8327&radar=amandemenForecastRadarMosaic&type=latest HTTP/1.1" 200 84
2023-12-23 09:43:05,469 - rasterio.env - DEBUG - Entering env context: <rasterio.env.Env object at 0x7f5069217a30>
2023-12-23 09:43:05,469 - rasterio.env - DEBUG - Starting outermost env
2023-12-23 09:43:05,469 - rasterio.env - DEBUG - No GDAL environment exists
2023-12-23 09:43:05,470 - rasterio.env - DEBUG - New GDAL environment <rasterio._env.GDALEnv object at 0x7f50688d9570> created
2023-12-23 09:43:05,470 - rasterio._env - DEBUG - GDAL data found in package: path='/home/metpublic/PYTHON_VENV/present_weather/lib/python3.10/site-packages/rasterio/gdal_data'.
2023-12-23 09:43:05,470 - rasterio._env - DEBUG - PROJ data found in package: path='/home/metpublic/PYTHON_VENV/present_weather/lib/python3.10/site-packages/rasterio/proj_data'.
2023-12-23 09:43:05,470 - rasterio._env - DEBUG - Started GDALEnv: self=<rasterio._env.GDALEnv object at 0x7f50688d9570>.
2023-12-23 09:43:05,470 - rasterio.env - DEBUG - Entered env context: <rasterio.env.Env object at 0x7f5069217a30>
2023-12-23 09:43:05,470 - rasterio._base - DEBUG - Sharing flag: 0
2023-12-23 09:43:05,475 - rasterio._base - DEBUG - Nodata success: 1, Nodata value: nan
2023-12-23 09:43:05,475 - rasterio._base - DEBUG - Dataset <open DatasetReader name='https://radar.bmkg.go.id/raster/mosaic_202312230940.tif' mode='r'> is started.
2023-12-23 09:43:05,475 - rasterio.env - DEBUG - Exiting env context: <rasterio.env.Env object at 0x7f5069217a30>
2023-12-23 09:43:05,476 - rasterio.env - DEBUG - Cleared existing <rasterio._env.GDALEnv object at 0x7f50688d9570> options
2023-12-23 09:43:05,476 - rasterio._env - DEBUG - Stopped GDALEnv <rasterio._env.GDALEnv object at 0x7f50688d9570>.
2023-12-23 09:43:05,476 - rasterio.env - DEBUG - Exiting outermost env
2023-12-23 09:43:05,476 - rasterio.env - DEBUG - Exited env context: <rasterio.env.Env object at 0x7f5069217a30>
2023-12-23 09:43:05,476 - rasterio.env - DEBUG - Entering env context: <rasterio.env.Env object at 0x7f5069217a60>
2023-12-23 09:43:05,476 - rasterio.env - DEBUG - Starting outermost env
2023-12-23 09:43:05,476 - rasterio.env - DEBUG - No GDAL environment exists
2023-12-23 09:43:05,476 - rasterio.env - DEBUG - New GDAL environment <rasterio._env.GDALEnv object at 0x7f50688d9570> created
2023-12-23 09:43:05,476 - rasterio._env - DEBUG - GDAL data found in package: path='/home/metpublic/PYTHON_VENV/present_weather/lib/python3.10/site-packages/rasterio/gdal_data'.
2023-12-23 09:43:05,476 - rasterio._env - DEBUG - PROJ data found in package: path='/home/metpublic/PYTHON_VENV/present_weather/lib/python3.10/site-packages/rasterio/proj_data'.
2023-12-23 09:43:05,476 - rasterio._env - DEBUG - Started GDALEnv: self=<rasterio._env.GDALEnv object at 0x7f50688d9570>.
2023-12-23 09:43:05,477 - rasterio.env - DEBUG - Entered env context: <rasterio.env.Env object at 0x7f5069217a60>
2023-12-23 09:43:05,477 - rasterio.env - DEBUG - Got a copy of environment <rasterio._env.GDALEnv object at 0x7f50688d9570> options
2023-12-23 09:43:05,477 - rasterio.env - DEBUG - Entering env context: <rasterio.env.Env object at 0x7f5060742a40>
2023-12-23 09:43:05,477 - rasterio.env - DEBUG - Got a copy of environment <rasterio._env.GDALEnv object at 0x7f50688d9570> options
2023-12-23 09:43:05,477 - rasterio.env - DEBUG - Entered env context: <rasterio.env.Env object at 0x7f5060742a40>
2023-12-23 09:43:05,477 - rasterio._base - DEBUG - Sharing flag: 0
2023-12-23 09:43:05,478 - rasterio._base - DEBUG - Nodata success: 1, Nodata value: nan
2023-12-23 09:43:05,478 - rasterio._base - DEBUG - Dataset <open DatasetReader name='https://radar.bmkg.go.id/raster/mosaic_202312230940.tif' mode='r'> is started.
2023-12-23 09:43:05,478 - rasterio.env - DEBUG - Exiting env context: <rasterio.env.Env object at 0x7f5060742a40>
2023-12-23 09:43:05,478 - rasterio.env - DEBUG - Cleared existing <rasterio._env.GDALEnv object at 0x7f50688d9570> options
2023-12-23 09:43:05,479 - rasterio._env - DEBUG - Stopped GDALEnv <rasterio._env.GDALEnv object at 0x7f50688d9570>.
2023-12-23 09:43:05,479 - rasterio.env - DEBUG - No GDAL environment exists
2023-12-23 09:43:05,479 - rasterio.env - DEBUG - New GDAL environment <rasterio._env.GDALEnv object at 0x7f50688d9570> created
2023-12-23 09:43:05,479 - rasterio._env - DEBUG - GDAL data found in package: path='/home/metpublic/PYTHON_VENV/present_weather/lib/python3.10/site-packages/rasterio/gdal_data'.
2023-12-23 09:43:05,479 - rasterio._env - DEBUG - PROJ data found in package: path='/home/metpublic/PYTHON_VENV/present_weather/lib/python3.10/site-packages/rasterio/proj_data'.
2023-12-23 09:43:05,479 - rasterio._env - DEBUG - Started GDALEnv: self=<rasterio._env.GDALEnv object at 0x7f50688d9570>.
2023-12-23 09:43:05,479 - rasterio.env - DEBUG - Exited env context: <rasterio.env.Env object at 0x7f5060742a40>
2023-12-23 09:43:05,488 - rasterio._io - DEBUG - Output nodata value read from file: nan
2023-12-23 09:43:05,489 - rasterio._io - DEBUG - Output nodata values: [nan]
2023-12-23 09:43:05,489 - rasterio._io - DEBUG - all_valid: False
2023-12-23 09:43:05,489 - rasterio._io - DEBUG - mask_flags: ([<MaskFlags.nodata: 8>],)
2023-12-23 09:43:05,489 - rasterio._io - DEBUG - Jump straight to _read()
2023-12-23 09:43:05,489 - rasterio._io - DEBUG - Window: Window(col_off=0, row_off=0, width=10215, height=3792)
2023-12-23 09:43:05,489 - rasterio._io - DEBUG - IO window xoff=0.0 yoff=0.0 width=10215.0 height=3792.0
2023-12-23 09:43:09,847 - rasterio.env - DEBUG - Exiting env context: <rasterio.env.Env object at 0x7f5069217a60>
2023-12-23 09:43:09,847 - rasterio.env - DEBUG - Cleared existing <rasterio._env.GDALEnv object at 0x7f50688d9570> options
2023-12-23 09:43:09,847 - rasterio._env - DEBUG - Stopped GDALEnv <rasterio._env.GDALEnv object at 0x7f50688d9570>.
2023-12-23 09:43:09,847 - rasterio.env - DEBUG - Exiting outermost env
2023-12-23 09:43:09,847 - rasterio.env - DEBUG - Exited env context: <rasterio.env.Env object at 0x7f5069217a60>
2023-12-23 09:50:07,441 - root - INFO - Total elapsed time: 0:07:04.684139
