2023-11-18 02:40:03,495 - root - INFO - Initiating present weather
2023-11-18 02:40:03,502 - urllib3.connectionpool - DEBUG - Starting new HTTPS connection (1): radar.bmkg.go.id:8060
2023-11-18 02:40:03,578 - urllib3.connectionpool - DEBUG - https://radar.bmkg.go.id:8060 "GET /getRadarGeotif?token=19387e71e78522ae4172ec0fda640983b8438c9cfa0ca571623cb69d8327&radar=amandemenForecast&type=latest HTTP/1.1" 200 90
2023-11-18 02:40:03,582 - rasterio.env - DEBUG - Entering env context: <rasterio.env.Env object at 0x7fafa44e3500>
2023-11-18 02:40:03,584 - rasterio.env - DEBUG - Starting outermost env
2023-11-18 02:40:03,584 - rasterio.env - DEBUG - No GDAL environment exists
2023-11-18 02:40:03,584 - rasterio.env - DEBUG - New GDAL environment <rasterio._env.GDALEnv object at 0x7fafa43a0bb0> created
2023-11-18 02:40:03,589 - rasterio._filepath - DEBUG - Installing FilePath filesystem handler plugin...
2023-11-18 02:40:03,589 - rasterio._env - DEBUG - GDAL data found in package: path='/home/swx/miniconda3/envs/present_weather/lib/python3.12/site-packages/rasterio/gdal_data'.
2023-11-18 02:40:03,589 - rasterio._env - DEBUG - PROJ_LIB found in environment.
2023-11-18 02:40:03,590 - rasterio._env - DEBUG - Started GDALEnv: self=<rasterio._env.GDALEnv object at 0x7fafa43a0bb0>.
2023-11-18 02:40:03,590 - rasterio.env - DEBUG - Entered env context: <rasterio.env.Env object at 0x7fafa44e3500>
2023-11-18 02:40:03,590 - rasterio._base - DEBUG - Sharing flag: 0
2023-11-18 02:40:03,802 - rasterio._base - DEBUG - Nodata success: 1, Nodata value: nan
2023-11-18 02:40:03,802 - rasterio._base - DEBUG - Dataset <open DatasetReader name='https://radar.bmkg.go.id/raster/radarsatelit_202311180230.tif' mode='r'> is started.
2023-11-18 02:40:03,803 - rasterio.env - DEBUG - Exiting env context: <rasterio.env.Env object at 0x7fafa44e3500>
2023-11-18 02:40:03,803 - rasterio.env - DEBUG - Cleared existing <rasterio._env.GDALEnv object at 0x7fafa43a0bb0> options
2023-11-18 02:40:03,803 - rasterio._env - DEBUG - Stopped GDALEnv <rasterio._env.GDALEnv object at 0x7fafa43a0bb0>.
2023-11-18 02:40:03,803 - rasterio.env - DEBUG - Exiting outermost env
2023-11-18 02:40:03,803 - rasterio.env - DEBUG - Exited env context: <rasterio.env.Env object at 0x7fafa44e3500>
2023-11-18 02:40:03,803 - rasterio.env - DEBUG - Entering env context: <rasterio.env.Env object at 0x7fafe8168500>
2023-11-18 02:40:03,804 - rasterio.env - DEBUG - Starting outermost env
2023-11-18 02:40:03,804 - rasterio.env - DEBUG - No GDAL environment exists
2023-11-18 02:40:03,804 - rasterio.env - DEBUG - New GDAL environment <rasterio._env.GDALEnv object at 0x7fafa43a0bb0> created
2023-11-18 02:40:03,804 - rasterio._env - DEBUG - GDAL data found in package: path='/home/swx/miniconda3/envs/present_weather/lib/python3.12/site-packages/rasterio/gdal_data'.
2023-11-18 02:40:03,805 - rasterio._env - DEBUG - PROJ_LIB found in environment.
2023-11-18 02:40:03,805 - rasterio._env - DEBUG - Started GDALEnv: self=<rasterio._env.GDALEnv object at 0x7fafa43a0bb0>.
2023-11-18 02:40:03,805 - rasterio.env - DEBUG - Entered env context: <rasterio.env.Env object at 0x7fafe8168500>
2023-11-18 02:40:03,806 - rasterio.env - DEBUG - Got a copy of environment <rasterio._env.GDALEnv object at 0x7fafa43a0bb0> options
2023-11-18 02:40:03,806 - rasterio.env - DEBUG - Entering env context: <rasterio.env.Env object at 0x7fafe8404c80>
2023-11-18 02:40:03,806 - rasterio.env - DEBUG - Got a copy of environment <rasterio._env.GDALEnv object at 0x7fafa43a0bb0> options
2023-11-18 02:40:03,806 - rasterio.env - DEBUG - Entered env context: <rasterio.env.Env object at 0x7fafe8404c80>
2023-11-18 02:40:03,806 - rasterio._base - DEBUG - Sharing flag: 0
2023-11-18 02:40:03,807 - rasterio._base - DEBUG - Nodata success: 1, Nodata value: nan
2023-11-18 02:40:03,807 - rasterio._base - DEBUG - Dataset <open DatasetReader name='https://radar.bmkg.go.id/raster/radarsatelit_202311180230.tif' mode='r'> is started.
2023-11-18 02:40:03,807 - rasterio.env - DEBUG - Exiting env context: <rasterio.env.Env object at 0x7fafe8404c80>
2023-11-18 02:40:03,807 - rasterio.env - DEBUG - Cleared existing <rasterio._env.GDALEnv object at 0x7fafa43a0bb0> options
2023-11-18 02:40:03,808 - rasterio._env - DEBUG - Stopped GDALEnv <rasterio._env.GDALEnv object at 0x7fafa43a0bb0>.
2023-11-18 02:40:03,808 - rasterio.env - DEBUG - No GDAL environment exists
2023-11-18 02:40:03,808 - rasterio.env - DEBUG - New GDAL environment <rasterio._env.GDALEnv object at 0x7fafa43a0bb0> created
2023-11-18 02:40:03,808 - rasterio._env - DEBUG - GDAL data found in package: path='/home/swx/miniconda3/envs/present_weather/lib/python3.12/site-packages/rasterio/gdal_data'.
2023-11-18 02:40:03,808 - rasterio._env - DEBUG - PROJ_LIB found in environment.
2023-11-18 02:40:03,809 - rasterio._env - DEBUG - Started GDALEnv: self=<rasterio._env.GDALEnv object at 0x7fafa43a0bb0>.
2023-11-18 02:40:03,809 - rasterio.env - DEBUG - Exited env context: <rasterio.env.Env object at 0x7fafe8404c80>
2023-11-18 02:40:03,837 - rasterio._io - DEBUG - Output nodata value read from file: nan
2023-11-18 02:40:03,837 - rasterio._io - DEBUG - Output nodata values: [nan]
2023-11-18 02:40:03,837 - rasterio._io - DEBUG - all_valid: False
2023-11-18 02:40:03,837 - rasterio._io - DEBUG - mask_flags: ([<MaskFlags.nodata: 8>],)
2023-11-18 02:40:03,838 - rasterio._io - DEBUG - Jump straight to _read()
2023-11-18 02:40:03,838 - rasterio._io - DEBUG - Window: Window(col_off=0, row_off=0, width=10215, height=3792)
2023-11-18 02:40:03,838 - rasterio._io - DEBUG - IO window xoff=0.0 yoff=0.0 width=10215.0 height=3792.0
2023-11-18 02:40:04,490 - rasterio.env - DEBUG - Exiting env context: <rasterio.env.Env object at 0x7fafe8168500>
2023-11-18 02:40:04,490 - rasterio.env - DEBUG - Cleared existing <rasterio._env.GDALEnv object at 0x7fafa43a0bb0> options
2023-11-18 02:40:04,491 - rasterio._env - DEBUG - Stopped GDALEnv <rasterio._env.GDALEnv object at 0x7fafa43a0bb0>.
2023-11-18 02:40:04,491 - rasterio.env - DEBUG - Exiting outermost env
2023-11-18 02:40:04,491 - rasterio.env - DEBUG - Exited env context: <rasterio.env.Env object at 0x7fafe8168500>
2023-11-18 02:40:04,493 - urllib3.connectionpool - DEBUG - Starting new HTTPS connection (1): radar.bmkg.go.id:8060
2023-11-18 02:40:04,545 - urllib3.connectionpool - DEBUG - https://radar.bmkg.go.id:8060 "GET /getLatestLD?typeData=1 HTTP/1.1" 200 10129
2023-11-18 02:40:04,561 - asyncio - DEBUG - Using selector: EpollSelector
2023-11-18 02:40:11,216 - root - INFO - dask.bag<lambda, npartitions=34>
2023-11-18 02:55:37,474 - root - INFO - Total elapsed time: 0:15:33.978942
