2023-12-10 19:23:02,744 - root - INFO - Initiating present weather
2023-12-10 19:23:02,746 - asyncio - DEBUG - Using selector: EpollSelector
2023-12-10 19:23:04,358 - urllib3.connectionpool - DEBUG - Starting new HTTPS connection (1): radar.bmkg.go.id:8060
2023-12-10 19:23:04,370 - urllib3.connectionpool - DEBUG - https://radar.bmkg.go.id:8060 "GET /getLatestLD?typeData=1 HTTP/1.1" 200 62
2023-12-10 19:23:04,372 - urllib3.connectionpool - DEBUG - Starting new HTTPS connection (1): radar.bmkg.go.id:8060
2023-12-10 19:23:04,396 - urllib3.connectionpool - DEBUG - https://radar.bmkg.go.id:8060 "GET /getRadarGeotif?token=19387e71e78522ae4172ec0fda640983b8438c9cfa0ca571623cb69d8327&radar=amandemenForecast&type=latest HTTP/1.1" 200 90
2023-12-10 19:23:04,396 - rasterio.env - DEBUG - Entering env context: <rasterio.env.Env object at 0x7f0d6d91ec50>
2023-12-10 19:23:04,397 - rasterio.env - DEBUG - Starting outermost env
2023-12-10 19:23:04,397 - rasterio.env - DEBUG - No GDAL environment exists
2023-12-10 19:23:04,397 - rasterio.env - DEBUG - New GDAL environment <rasterio._env.GDALEnv object at 0x7f0d6d91eef0> created
2023-12-10 19:23:04,399 - rasterio._filepath - DEBUG - Installing FilePath filesystem handler plugin...
2023-12-10 19:23:04,399 - rasterio._env - DEBUG - GDAL data found in package: path='/home/metpublic/PYTHON_VENV/present_weather/lib/python3.10/site-packages/rasterio/gdal_data'.
2023-12-10 19:23:04,399 - rasterio._env - DEBUG - PROJ data found in package: path='/home/metpublic/PYTHON_VENV/present_weather/lib/python3.10/site-packages/rasterio/proj_data'.
2023-12-10 19:23:04,399 - rasterio._env - DEBUG - Started GDALEnv: self=<rasterio._env.GDALEnv object at 0x7f0d6d91eef0>.
2023-12-10 19:23:04,399 - rasterio.env - DEBUG - Entered env context: <rasterio.env.Env object at 0x7f0d6d91ec50>
2023-12-10 19:23:04,400 - rasterio._base - DEBUG - Sharing flag: 0
2023-12-10 19:23:04,675 - rasterio._base - DEBUG - Nodata success: 1, Nodata value: nan
2023-12-10 19:23:04,675 - rasterio._base - DEBUG - Dataset <open DatasetReader name='https://radar.bmkg.go.id/raster/radarsatelit_202312101920.tif' mode='r'> is started.
2023-12-10 19:23:04,675 - rasterio.env - DEBUG - Exiting env context: <rasterio.env.Env object at 0x7f0d6d91ec50>
2023-12-10 19:23:04,676 - rasterio.env - DEBUG - Cleared existing <rasterio._env.GDALEnv object at 0x7f0d6d91eef0> options
2023-12-10 19:23:04,676 - rasterio._env - DEBUG - Stopped GDALEnv <rasterio._env.GDALEnv object at 0x7f0d6d91eef0>.
2023-12-10 19:23:04,676 - rasterio.env - DEBUG - Exiting outermost env
2023-12-10 19:23:04,676 - rasterio.env - DEBUG - Exited env context: <rasterio.env.Env object at 0x7f0d6d91ec50>
2023-12-10 19:23:04,676 - rasterio.env - DEBUG - Entering env context: <rasterio.env.Env object at 0x7f0d6cfa8ac0>
2023-12-10 19:23:04,676 - rasterio.env - DEBUG - Starting outermost env
2023-12-10 19:23:04,676 - rasterio.env - DEBUG - No GDAL environment exists
2023-12-10 19:23:04,676 - rasterio.env - DEBUG - New GDAL environment <rasterio._env.GDALEnv object at 0x7f0d6d91eef0> created
2023-12-10 19:23:04,676 - rasterio._env - DEBUG - GDAL data found in package: path='/home/metpublic/PYTHON_VENV/present_weather/lib/python3.10/site-packages/rasterio/gdal_data'.
2023-12-10 19:23:04,676 - rasterio._env - DEBUG - PROJ data found in package: path='/home/metpublic/PYTHON_VENV/present_weather/lib/python3.10/site-packages/rasterio/proj_data'.
2023-12-10 19:23:04,677 - rasterio._env - DEBUG - Started GDALEnv: self=<rasterio._env.GDALEnv object at 0x7f0d6d91eef0>.
2023-12-10 19:23:04,677 - rasterio.env - DEBUG - Entered env context: <rasterio.env.Env object at 0x7f0d6cfa8ac0>
2023-12-10 19:23:04,677 - rasterio.env - DEBUG - Got a copy of environment <rasterio._env.GDALEnv object at 0x7f0d6d91eef0> options
2023-12-10 19:23:04,677 - rasterio.env - DEBUG - Entering env context: <rasterio.env.Env object at 0x7f0d6c5ae0e0>
2023-12-10 19:23:04,677 - rasterio.env - DEBUG - Got a copy of environment <rasterio._env.GDALEnv object at 0x7f0d6d91eef0> options
2023-12-10 19:23:04,677 - rasterio.env - DEBUG - Entered env context: <rasterio.env.Env object at 0x7f0d6c5ae0e0>
2023-12-10 19:23:04,677 - rasterio._base - DEBUG - Sharing flag: 0
2023-12-10 19:23:04,679 - rasterio._base - DEBUG - Nodata success: 1, Nodata value: nan
2023-12-10 19:23:04,679 - rasterio._base - DEBUG - Dataset <open DatasetReader name='https://radar.bmkg.go.id/raster/radarsatelit_202312101920.tif' mode='r'> is started.
2023-12-10 19:23:04,679 - rasterio.env - DEBUG - Exiting env context: <rasterio.env.Env object at 0x7f0d6c5ae0e0>
2023-12-10 19:23:04,679 - rasterio.env - DEBUG - Cleared existing <rasterio._env.GDALEnv object at 0x7f0d6d91eef0> options
2023-12-10 19:23:04,679 - rasterio._env - DEBUG - Stopped GDALEnv <rasterio._env.GDALEnv object at 0x7f0d6d91eef0>.
2023-12-10 19:23:04,679 - rasterio.env - DEBUG - No GDAL environment exists
2023-12-10 19:23:04,679 - rasterio.env - DEBUG - New GDAL environment <rasterio._env.GDALEnv object at 0x7f0d6d91eef0> created
2023-12-10 19:23:04,679 - rasterio._env - DEBUG - GDAL data found in package: path='/home/metpublic/PYTHON_VENV/present_weather/lib/python3.10/site-packages/rasterio/gdal_data'.
2023-12-10 19:23:04,679 - rasterio._env - DEBUG - PROJ data found in package: path='/home/metpublic/PYTHON_VENV/present_weather/lib/python3.10/site-packages/rasterio/proj_data'.
2023-12-10 19:23:04,680 - rasterio._env - DEBUG - Started GDALEnv: self=<rasterio._env.GDALEnv object at 0x7f0d6d91eef0>.
2023-12-10 19:23:04,680 - rasterio.env - DEBUG - Exited env context: <rasterio.env.Env object at 0x7f0d6c5ae0e0>
2023-12-10 19:23:04,697 - rasterio._io - DEBUG - Output nodata value read from file: nan
2023-12-10 19:23:04,697 - rasterio._io - DEBUG - Output nodata values: [nan]
2023-12-10 19:23:04,697 - rasterio._io - DEBUG - all_valid: False
2023-12-10 19:23:04,697 - rasterio._io - DEBUG - mask_flags: ([<MaskFlags.nodata: 8>],)
2023-12-10 19:23:04,697 - rasterio._io - DEBUG - Jump straight to _read()
2023-12-10 19:23:04,697 - rasterio._io - DEBUG - Window: Window(col_off=0, row_off=0, width=10177, height=3692)
2023-12-10 19:23:04,698 - rasterio._io - DEBUG - IO window xoff=0.0 yoff=0.0 width=10177.0 height=3692.0
2023-12-10 19:23:05,277 - rasterio.env - DEBUG - Exiting env context: <rasterio.env.Env object at 0x7f0d6cfa8ac0>
2023-12-10 19:23:05,277 - rasterio.env - DEBUG - Cleared existing <rasterio._env.GDALEnv object at 0x7f0d6d91eef0> options
2023-12-10 19:23:05,277 - rasterio._env - DEBUG - Stopped GDALEnv <rasterio._env.GDALEnv object at 0x7f0d6d91eef0>.
2023-12-10 19:23:05,277 - rasterio.env - DEBUG - Exiting outermost env
2023-12-10 19:23:05,277 - rasterio.env - DEBUG - Exited env context: <rasterio.env.Env object at 0x7f0d6cfa8ac0>
2023-12-10 19:27:12,567 - rasterio.env - DEBUG - Entering env context: <rasterio.env.Env object at 0x7f0d6c5ae1a0>
2023-12-10 19:27:12,567 - rasterio.env - DEBUG - Starting outermost env
2023-12-10 19:27:12,567 - rasterio.env - DEBUG - No GDAL environment exists
2023-12-10 19:27:12,568 - rasterio.env - DEBUG - New GDAL environment <rasterio._env.GDALEnv object at 0x7f0d6c5ad3c0> created
2023-12-10 19:27:12,569 - rasterio._env - DEBUG - GDAL data found in package: path='/home/metpublic/PYTHON_VENV/present_weather/lib/python3.10/site-packages/rasterio/gdal_data'.
2023-12-10 19:27:12,569 - rasterio._env - DEBUG - PROJ data found in package: path='/home/metpublic/PYTHON_VENV/present_weather/lib/python3.10/site-packages/rasterio/proj_data'.
2023-12-10 19:27:12,569 - rasterio._env - DEBUG - Started GDALEnv: self=<rasterio._env.GDALEnv object at 0x7f0d6c5ad3c0>.
2023-12-10 19:27:12,569 - rasterio.env - DEBUG - Entered env context: <rasterio.env.Env object at 0x7f0d6c5ae1a0>
2023-12-10 19:27:12,569 - rasterio._base - DEBUG - Sharing flag: 0
2023-12-10 19:27:12,571 - rasterio._base - DEBUG - Nodata success: 0, Nodata value: 0.000000
2023-12-10 19:27:12,571 - rasterio._base - DEBUG - Dataset <open DatasetReader name='/home/metpublic/TASK_RELEASE/EFAN/present_weather/src/H09_B13_Indonesia_20231210.Z1910.cor.tiff' mode='r'> is started.
2023-12-10 19:27:12,571 - rasterio.env - DEBUG - Exiting env context: <rasterio.env.Env object at 0x7f0d6c5ae1a0>
2023-12-10 19:27:12,571 - rasterio.env - DEBUG - Cleared existing <rasterio._env.GDALEnv object at 0x7f0d6c5ad3c0> options
2023-12-10 19:27:12,571 - rasterio._env - DEBUG - Stopped GDALEnv <rasterio._env.GDALEnv object at 0x7f0d6c5ad3c0>.
2023-12-10 19:27:12,571 - rasterio.env - DEBUG - Exiting outermost env
2023-12-10 19:27:12,571 - rasterio.env - DEBUG - Exited env context: <rasterio.env.Env object at 0x7f0d6c5ae1a0>
2023-12-10 19:27:12,572 - rasterio.env - DEBUG - Entering env context: <rasterio.env.Env object at 0x7f0d6c5ace50>
2023-12-10 19:27:12,573 - rasterio.env - DEBUG - Starting outermost env
2023-12-10 19:27:12,573 - rasterio.env - DEBUG - No GDAL environment exists
2023-12-10 19:27:12,574 - rasterio.env - DEBUG - New GDAL environment <rasterio._env.GDALEnv object at 0x7f0d6c561ab0> created
2023-12-10 19:27:12,574 - rasterio._env - DEBUG - GDAL data found in package: path='/home/metpublic/PYTHON_VENV/present_weather/lib/python3.10/site-packages/rasterio/gdal_data'.
2023-12-10 19:27:12,574 - rasterio._env - DEBUG - PROJ data found in package: path='/home/metpublic/PYTHON_VENV/present_weather/lib/python3.10/site-packages/rasterio/proj_data'.
2023-12-10 19:27:12,574 - rasterio._env - DEBUG - Started GDALEnv: self=<rasterio._env.GDALEnv object at 0x7f0d6c561ab0>.
2023-12-10 19:27:12,574 - rasterio.env - DEBUG - Entered env context: <rasterio.env.Env object at 0x7f0d6c5ace50>
2023-12-10 19:27:12,575 - rasterio._base - DEBUG - Sharing flag: 0
2023-12-10 19:27:12,576 - rasterio._base - DEBUG - Nodata success: 0, Nodata value: 0.000000
2023-12-10 19:27:12,576 - rasterio._base - DEBUG - Dataset <open DatasetReader name='/home/metpublic/TASK_RELEASE/EFAN/present_weather/src/H09_B13_Indonesia_20231210.Z1910.cor.tiff' mode='r'> is started.
2023-12-10 19:27:12,576 - rasterio.env - DEBUG - Exiting env context: <rasterio.env.Env object at 0x7f0d6c5ace50>
2023-12-10 19:27:12,576 - rasterio.env - DEBUG - Cleared existing <rasterio._env.GDALEnv object at 0x7f0d6c561ab0> options
2023-12-10 19:27:12,576 - rasterio._env - DEBUG - Stopped GDALEnv <rasterio._env.GDALEnv object at 0x7f0d6c561ab0>.
2023-12-10 19:27:12,576 - rasterio.env - DEBUG - Exiting outermost env
2023-12-10 19:27:12,576 - rasterio.env - DEBUG - Exited env context: <rasterio.env.Env object at 0x7f0d6c5ace50>
2023-12-10 19:27:12,588 - root - INFO - Generating present weather using SATELITE data
2023-12-10 19:28:30,551 - root - INFO - Total elapsed time: 0:05:27.806946
