2023-12-10 16:33:02,604 - root - INFO - Initiating present weather
2023-12-10 16:33:02,606 - asyncio - DEBUG - Using selector: EpollSelector
2023-12-10 16:33:04,218 - urllib3.connectionpool - DEBUG - Starting new HTTPS connection (1): radar.bmkg.go.id:8060
2023-12-10 16:33:04,231 - urllib3.connectionpool - DEBUG - https://radar.bmkg.go.id:8060 "GET /getLatestLD?typeData=1 HTTP/1.1" 200 62
2023-12-10 16:33:04,233 - urllib3.connectionpool - DEBUG - Starting new HTTPS connection (1): radar.bmkg.go.id:8060
2023-12-10 16:33:04,256 - urllib3.connectionpool - DEBUG - https://radar.bmkg.go.id:8060 "GET /getRadarGeotif?token=19387e71e78522ae4172ec0fda640983b8438c9cfa0ca571623cb69d8327&radar=amandemenForecast&type=latest HTTP/1.1" 200 90
2023-12-10 16:33:04,257 - rasterio.env - DEBUG - Entering env context: <rasterio.env.Env object at 0x7f6083ce3c10>
2023-12-10 16:33:04,258 - rasterio.env - DEBUG - Starting outermost env
2023-12-10 16:33:04,258 - rasterio.env - DEBUG - No GDAL environment exists
2023-12-10 16:33:04,258 - rasterio.env - DEBUG - New GDAL environment <rasterio._env.GDALEnv object at 0x7f6083ce3d90> created
2023-12-10 16:33:04,260 - rasterio._filepath - DEBUG - Installing FilePath filesystem handler plugin...
2023-12-10 16:33:04,261 - rasterio._env - DEBUG - GDAL data found in package: path='/home/metpublic/PYTHON_VENV/present_weather/lib/python3.10/site-packages/rasterio/gdal_data'.
2023-12-10 16:33:04,261 - rasterio._env - DEBUG - PROJ data found in package: path='/home/metpublic/PYTHON_VENV/present_weather/lib/python3.10/site-packages/rasterio/proj_data'.
2023-12-10 16:33:04,261 - rasterio._env - DEBUG - Started GDALEnv: self=<rasterio._env.GDALEnv object at 0x7f6083ce3d90>.
2023-12-10 16:33:04,261 - rasterio.env - DEBUG - Entered env context: <rasterio.env.Env object at 0x7f6083ce3c10>
2023-12-10 16:33:04,261 - rasterio._base - DEBUG - Sharing flag: 0
2023-12-10 16:33:04,538 - rasterio._base - DEBUG - Nodata success: 1, Nodata value: nan
2023-12-10 16:33:04,538 - rasterio._base - DEBUG - Dataset <open DatasetReader name='https://radar.bmkg.go.id/raster/radarsatelit_202312101630.tif' mode='r'> is started.
2023-12-10 16:33:04,539 - rasterio.env - DEBUG - Exiting env context: <rasterio.env.Env object at 0x7f6083ce3c10>
2023-12-10 16:33:04,539 - rasterio.env - DEBUG - Cleared existing <rasterio._env.GDALEnv object at 0x7f6083ce3d90> options
2023-12-10 16:33:04,539 - rasterio._env - DEBUG - Stopped GDALEnv <rasterio._env.GDALEnv object at 0x7f6083ce3d90>.
2023-12-10 16:33:04,539 - rasterio.env - DEBUG - Exiting outermost env
2023-12-10 16:33:04,539 - rasterio.env - DEBUG - Exited env context: <rasterio.env.Env object at 0x7f6083ce3c10>
2023-12-10 16:33:04,539 - rasterio.env - DEBUG - Entering env context: <rasterio.env.Env object at 0x7f6083c20a60>
2023-12-10 16:33:04,539 - rasterio.env - DEBUG - Starting outermost env
2023-12-10 16:33:04,539 - rasterio.env - DEBUG - No GDAL environment exists
2023-12-10 16:33:04,539 - rasterio.env - DEBUG - New GDAL environment <rasterio._env.GDALEnv object at 0x7f6084596c20> created
2023-12-10 16:33:04,540 - rasterio._env - DEBUG - GDAL data found in package: path='/home/metpublic/PYTHON_VENV/present_weather/lib/python3.10/site-packages/rasterio/gdal_data'.
2023-12-10 16:33:04,540 - rasterio._env - DEBUG - PROJ data found in package: path='/home/metpublic/PYTHON_VENV/present_weather/lib/python3.10/site-packages/rasterio/proj_data'.
2023-12-10 16:33:04,540 - rasterio._env - DEBUG - Started GDALEnv: self=<rasterio._env.GDALEnv object at 0x7f6084596c20>.
2023-12-10 16:33:04,540 - rasterio.env - DEBUG - Entered env context: <rasterio.env.Env object at 0x7f6083c20a60>
2023-12-10 16:33:04,540 - rasterio.env - DEBUG - Got a copy of environment <rasterio._env.GDALEnv object at 0x7f6084596c20> options
2023-12-10 16:33:04,540 - rasterio.env - DEBUG - Entering env context: <rasterio.env.Env object at 0x7f6080321fc0>
2023-12-10 16:33:04,541 - rasterio.env - DEBUG - Got a copy of environment <rasterio._env.GDALEnv object at 0x7f6084596c20> options
2023-12-10 16:33:04,541 - rasterio.env - DEBUG - Entered env context: <rasterio.env.Env object at 0x7f6080321fc0>
2023-12-10 16:33:04,541 - rasterio._base - DEBUG - Sharing flag: 0
2023-12-10 16:33:04,542 - rasterio._base - DEBUG - Nodata success: 1, Nodata value: nan
2023-12-10 16:33:04,542 - rasterio._base - DEBUG - Dataset <open DatasetReader name='https://radar.bmkg.go.id/raster/radarsatelit_202312101630.tif' mode='r'> is started.
2023-12-10 16:33:04,542 - rasterio.env - DEBUG - Exiting env context: <rasterio.env.Env object at 0x7f6080321fc0>
2023-12-10 16:33:04,542 - rasterio.env - DEBUG - Cleared existing <rasterio._env.GDALEnv object at 0x7f6084596c20> options
2023-12-10 16:33:04,542 - rasterio._env - DEBUG - Stopped GDALEnv <rasterio._env.GDALEnv object at 0x7f6084596c20>.
2023-12-10 16:33:04,542 - rasterio.env - DEBUG - No GDAL environment exists
2023-12-10 16:33:04,542 - rasterio.env - DEBUG - New GDAL environment <rasterio._env.GDALEnv object at 0x7f6084596c20> created
2023-12-10 16:33:04,543 - rasterio._env - DEBUG - GDAL data found in package: path='/home/metpublic/PYTHON_VENV/present_weather/lib/python3.10/site-packages/rasterio/gdal_data'.
2023-12-10 16:33:04,543 - rasterio._env - DEBUG - PROJ data found in package: path='/home/metpublic/PYTHON_VENV/present_weather/lib/python3.10/site-packages/rasterio/proj_data'.
2023-12-10 16:33:04,543 - rasterio._env - DEBUG - Started GDALEnv: self=<rasterio._env.GDALEnv object at 0x7f6084596c20>.
2023-12-10 16:33:04,543 - rasterio.env - DEBUG - Exited env context: <rasterio.env.Env object at 0x7f6080321fc0>
2023-12-10 16:33:04,561 - rasterio._io - DEBUG - Output nodata value read from file: nan
2023-12-10 16:33:04,561 - rasterio._io - DEBUG - Output nodata values: [nan]
2023-12-10 16:33:04,562 - rasterio._io - DEBUG - all_valid: False
2023-12-10 16:33:04,562 - rasterio._io - DEBUG - mask_flags: ([<MaskFlags.nodata: 8>],)
2023-12-10 16:33:04,562 - rasterio._io - DEBUG - Jump straight to _read()
2023-12-10 16:33:04,562 - rasterio._io - DEBUG - Window: Window(col_off=0, row_off=0, width=10177, height=3692)
2023-12-10 16:33:04,563 - rasterio._io - DEBUG - IO window xoff=0.0 yoff=0.0 width=10177.0 height=3692.0
2023-12-10 16:33:05,115 - rasterio.env - DEBUG - Exiting env context: <rasterio.env.Env object at 0x7f6083c20a60>
2023-12-10 16:33:05,115 - rasterio.env - DEBUG - Cleared existing <rasterio._env.GDALEnv object at 0x7f6084596c20> options
2023-12-10 16:33:05,115 - rasterio._env - DEBUG - Stopped GDALEnv <rasterio._env.GDALEnv object at 0x7f6084596c20>.
2023-12-10 16:33:05,115 - rasterio.env - DEBUG - Exiting outermost env
2023-12-10 16:33:05,116 - rasterio.env - DEBUG - Exited env context: <rasterio.env.Env object at 0x7f6083c20a60>
2023-12-10 16:37:47,810 - rasterio.env - DEBUG - Entering env context: <rasterio.env.Env object at 0x7f60803a3250>
2023-12-10 16:37:47,811 - rasterio.env - DEBUG - Starting outermost env
2023-12-10 16:37:47,811 - rasterio.env - DEBUG - No GDAL environment exists
2023-12-10 16:37:47,811 - rasterio.env - DEBUG - New GDAL environment <rasterio._env.GDALEnv object at 0x7f60803a3cd0> created
2023-12-10 16:37:47,812 - rasterio._env - DEBUG - GDAL data found in package: path='/home/metpublic/PYTHON_VENV/present_weather/lib/python3.10/site-packages/rasterio/gdal_data'.
2023-12-10 16:37:47,812 - rasterio._env - DEBUG - PROJ data found in package: path='/home/metpublic/PYTHON_VENV/present_weather/lib/python3.10/site-packages/rasterio/proj_data'.
2023-12-10 16:37:47,812 - rasterio._env - DEBUG - Started GDALEnv: self=<rasterio._env.GDALEnv object at 0x7f60803a3cd0>.
2023-12-10 16:37:47,812 - rasterio.env - DEBUG - Entered env context: <rasterio.env.Env object at 0x7f60803a3250>
2023-12-10 16:37:47,813 - rasterio._base - DEBUG - Sharing flag: 0
2023-12-10 16:37:47,814 - rasterio._base - DEBUG - Nodata success: 0, Nodata value: 0.000000
2023-12-10 16:37:47,814 - rasterio._base - DEBUG - Dataset <open DatasetReader name='/home/metpublic/TASK_RELEASE/EFAN/present_weather/src/H09_B13_Indonesia_20231210.Z1620.cor.tiff' mode='r'> is started.
2023-12-10 16:37:47,815 - rasterio.env - DEBUG - Exiting env context: <rasterio.env.Env object at 0x7f60803a3250>
2023-12-10 16:37:47,815 - rasterio.env - DEBUG - Cleared existing <rasterio._env.GDALEnv object at 0x7f60803a3cd0> options
2023-12-10 16:37:47,815 - rasterio._env - DEBUG - Stopped GDALEnv <rasterio._env.GDALEnv object at 0x7f60803a3cd0>.
2023-12-10 16:37:47,815 - rasterio.env - DEBUG - Exiting outermost env
2023-12-10 16:37:47,815 - rasterio.env - DEBUG - Exited env context: <rasterio.env.Env object at 0x7f60803a3250>
2023-12-10 16:37:47,815 - rasterio.env - DEBUG - Entering env context: <rasterio.env.Env object at 0x7f60801214e0>
2023-12-10 16:37:47,815 - rasterio.env - DEBUG - Starting outermost env
2023-12-10 16:37:47,815 - rasterio.env - DEBUG - No GDAL environment exists
2023-12-10 16:37:47,815 - rasterio.env - DEBUG - New GDAL environment <rasterio._env.GDALEnv object at 0x7f6080120220> created
2023-12-10 16:37:47,816 - rasterio._env - DEBUG - GDAL data found in package: path='/home/metpublic/PYTHON_VENV/present_weather/lib/python3.10/site-packages/rasterio/gdal_data'.
2023-12-10 16:37:47,816 - rasterio._env - DEBUG - PROJ data found in package: path='/home/metpublic/PYTHON_VENV/present_weather/lib/python3.10/site-packages/rasterio/proj_data'.
2023-12-10 16:37:47,816 - rasterio._env - DEBUG - Started GDALEnv: self=<rasterio._env.GDALEnv object at 0x7f6080120220>.
2023-12-10 16:37:47,816 - rasterio.env - DEBUG - Entered env context: <rasterio.env.Env object at 0x7f60801214e0>
2023-12-10 16:37:47,816 - rasterio._base - DEBUG - Sharing flag: 0
2023-12-10 16:37:47,817 - rasterio._base - DEBUG - Nodata success: 0, Nodata value: 0.000000
2023-12-10 16:37:47,817 - rasterio._base - DEBUG - Dataset <open DatasetReader name='/home/metpublic/TASK_RELEASE/EFAN/present_weather/src/H09_B13_Indonesia_20231210.Z1620.cor.tiff' mode='r'> is started.
2023-12-10 16:37:47,817 - rasterio.env - DEBUG - Exiting env context: <rasterio.env.Env object at 0x7f60801214e0>
2023-12-10 16:37:47,817 - rasterio.env - DEBUG - Cleared existing <rasterio._env.GDALEnv object at 0x7f6080120220> options
2023-12-10 16:37:47,818 - rasterio._env - DEBUG - Stopped GDALEnv <rasterio._env.GDALEnv object at 0x7f6080120220>.
2023-12-10 16:37:47,818 - rasterio.env - DEBUG - Exiting outermost env
2023-12-10 16:37:47,818 - rasterio.env - DEBUG - Exited env context: <rasterio.env.Env object at 0x7f60801214e0>
2023-12-10 16:37:47,829 - root - INFO - Generating present weather using SATELITE data
2023-12-10 16:39:59,138 - root - INFO - Total elapsed time: 0:06:56.533995
