2023-11-28 13:13:02,917 - root - INFO - Initiating present weather
2023-11-28 13:13:02,919 - asyncio - DEBUG - Using selector: EpollSelector
2023-11-28 13:13:04,430 - urllib3.connectionpool - DEBUG - Starting new HTTPS connection (1): radar.bmkg.go.id:8060
2023-11-28 13:13:04,444 - urllib3.connectionpool - DEBUG - https://radar.bmkg.go.id:8060 "GET /getLatestLD?typeData=1 HTTP/1.1" 200 62
2023-11-28 13:13:04,446 - urllib3.connectionpool - DEBUG - Starting new HTTPS connection (1): radar.bmkg.go.id:8060
2023-11-28 13:13:04,469 - urllib3.connectionpool - DEBUG - https://radar.bmkg.go.id:8060 "GET /getRadarGeotif?token=19387e71e78522ae4172ec0fda640983b8438c9cfa0ca571623cb69d8327&radar=amandemenForecast&type=latest HTTP/1.1" 200 90
2023-11-28 13:13:04,470 - rasterio.env - DEBUG - Entering env context: <rasterio.env.Env object at 0x7f87cc17e470>
2023-11-28 13:13:04,470 - rasterio.env - DEBUG - Starting outermost env
2023-11-28 13:13:04,470 - rasterio.env - DEBUG - No GDAL environment exists
2023-11-28 13:13:04,470 - rasterio.env - DEBUG - New GDAL environment <rasterio._env.GDALEnv object at 0x7f87cc17e2c0> created
2023-11-28 13:13:04,473 - rasterio._filepath - DEBUG - Installing FilePath filesystem handler plugin...
2023-11-28 13:13:04,473 - rasterio._env - DEBUG - GDAL data found in package: path='/home/metpublic/PYTHON_VENV/present_weather/lib/python3.10/site-packages/rasterio/gdal_data'.
2023-11-28 13:13:04,473 - rasterio._env - DEBUG - PROJ data found in package: path='/home/metpublic/PYTHON_VENV/present_weather/lib/python3.10/site-packages/rasterio/proj_data'.
2023-11-28 13:13:04,473 - rasterio._env - DEBUG - Started GDALEnv: self=<rasterio._env.GDALEnv object at 0x7f87cc17e2c0>.
2023-11-28 13:13:04,474 - rasterio.env - DEBUG - Entered env context: <rasterio.env.Env object at 0x7f87cc17e470>
2023-11-28 13:13:04,474 - rasterio._base - DEBUG - Sharing flag: 0
2023-11-28 13:13:04,651 - rasterio._base - DEBUG - Nodata success: 1, Nodata value: nan
2023-11-28 13:13:04,652 - rasterio._base - DEBUG - Dataset <open DatasetReader name='https://radar.bmkg.go.id/raster/radarsatelit_202311281310.tif' mode='r'> is started.
2023-11-28 13:13:04,652 - rasterio.env - DEBUG - Exiting env context: <rasterio.env.Env object at 0x7f87cc17e470>
2023-11-28 13:13:04,653 - rasterio.env - DEBUG - Cleared existing <rasterio._env.GDALEnv object at 0x7f87cc17e2c0> options
2023-11-28 13:13:04,653 - rasterio._env - DEBUG - Stopped GDALEnv <rasterio._env.GDALEnv object at 0x7f87cc17e2c0>.
2023-11-28 13:13:04,653 - rasterio.env - DEBUG - Exiting outermost env
2023-11-28 13:13:04,653 - rasterio.env - DEBUG - Exited env context: <rasterio.env.Env object at 0x7f87cc17e470>
2023-11-28 13:13:04,653 - rasterio.env - DEBUG - Entering env context: <rasterio.env.Env object at 0x7f87cb7cb9a0>
2023-11-28 13:13:04,653 - rasterio.env - DEBUG - Starting outermost env
2023-11-28 13:13:04,653 - rasterio.env - DEBUG - No GDAL environment exists
2023-11-28 13:13:04,653 - rasterio.env - DEBUG - New GDAL environment <rasterio._env.GDALEnv object at 0x7f87cc17e2c0> created
2023-11-28 13:13:04,653 - rasterio._env - DEBUG - GDAL data found in package: path='/home/metpublic/PYTHON_VENV/present_weather/lib/python3.10/site-packages/rasterio/gdal_data'.
2023-11-28 13:13:04,653 - rasterio._env - DEBUG - PROJ data found in package: path='/home/metpublic/PYTHON_VENV/present_weather/lib/python3.10/site-packages/rasterio/proj_data'.
2023-11-28 13:13:04,654 - rasterio._env - DEBUG - Started GDALEnv: self=<rasterio._env.GDALEnv object at 0x7f87cc17e2c0>.
2023-11-28 13:13:04,654 - rasterio.env - DEBUG - Entered env context: <rasterio.env.Env object at 0x7f87cb7cb9a0>
2023-11-28 13:13:04,654 - rasterio.env - DEBUG - Got a copy of environment <rasterio._env.GDALEnv object at 0x7f87cc17e2c0> options
2023-11-28 13:13:04,654 - rasterio.env - DEBUG - Entering env context: <rasterio.env.Env object at 0x7f87c86096f0>
2023-11-28 13:13:04,654 - rasterio.env - DEBUG - Got a copy of environment <rasterio._env.GDALEnv object at 0x7f87cc17e2c0> options
2023-11-28 13:13:04,654 - rasterio.env - DEBUG - Entered env context: <rasterio.env.Env object at 0x7f87c86096f0>
2023-11-28 13:13:04,654 - rasterio._base - DEBUG - Sharing flag: 0
2023-11-28 13:13:04,655 - rasterio._base - DEBUG - Nodata success: 1, Nodata value: nan
2023-11-28 13:13:04,655 - rasterio._base - DEBUG - Dataset <open DatasetReader name='https://radar.bmkg.go.id/raster/radarsatelit_202311281310.tif' mode='r'> is started.
2023-11-28 13:13:04,655 - rasterio.env - DEBUG - Exiting env context: <rasterio.env.Env object at 0x7f87c86096f0>
2023-11-28 13:13:04,655 - rasterio.env - DEBUG - Cleared existing <rasterio._env.GDALEnv object at 0x7f87cc17e2c0> options
2023-11-28 13:13:04,655 - rasterio._env - DEBUG - Stopped GDALEnv <rasterio._env.GDALEnv object at 0x7f87cc17e2c0>.
2023-11-28 13:13:04,655 - rasterio.env - DEBUG - No GDAL environment exists
2023-11-28 13:13:04,655 - rasterio.env - DEBUG - New GDAL environment <rasterio._env.GDALEnv object at 0x7f87cc17e2c0> created
2023-11-28 13:13:04,656 - rasterio._env - DEBUG - GDAL data found in package: path='/home/metpublic/PYTHON_VENV/present_weather/lib/python3.10/site-packages/rasterio/gdal_data'.
2023-11-28 13:13:04,656 - rasterio._env - DEBUG - PROJ data found in package: path='/home/metpublic/PYTHON_VENV/present_weather/lib/python3.10/site-packages/rasterio/proj_data'.
2023-11-28 13:13:04,656 - rasterio._env - DEBUG - Started GDALEnv: self=<rasterio._env.GDALEnv object at 0x7f87cc17e2c0>.
2023-11-28 13:13:04,656 - rasterio.env - DEBUG - Exited env context: <rasterio.env.Env object at 0x7f87c86096f0>
2023-11-28 13:13:04,671 - rasterio._io - DEBUG - Output nodata value read from file: nan
2023-11-28 13:13:04,671 - rasterio._io - DEBUG - Output nodata values: [nan]
2023-11-28 13:13:04,672 - rasterio._io - DEBUG - all_valid: False
2023-11-28 13:13:04,672 - rasterio._io - DEBUG - mask_flags: ([<MaskFlags.nodata: 8>],)
2023-11-28 13:13:04,673 - rasterio._io - DEBUG - Jump straight to _read()
2023-11-28 13:13:04,673 - rasterio._io - DEBUG - Window: Window(col_off=0, row_off=0, width=10178, height=3732)
2023-11-28 13:13:04,673 - rasterio._io - DEBUG - IO window xoff=0.0 yoff=0.0 width=10178.0 height=3732.0
2023-11-28 13:13:05,234 - rasterio.env - DEBUG - Exiting env context: <rasterio.env.Env object at 0x7f87cb7cb9a0>
2023-11-28 13:13:05,234 - rasterio.env - DEBUG - Cleared existing <rasterio._env.GDALEnv object at 0x7f87cc17e2c0> options
2023-11-28 13:13:05,234 - rasterio._env - DEBUG - Stopped GDALEnv <rasterio._env.GDALEnv object at 0x7f87cc17e2c0>.
2023-11-28 13:13:05,234 - rasterio.env - DEBUG - Exiting outermost env
2023-11-28 13:13:05,234 - rasterio.env - DEBUG - Exited env context: <rasterio.env.Env object at 0x7f87cb7cb9a0>
2023-11-28 13:17:37,795 - rasterio.env - DEBUG - Entering env context: <rasterio.env.Env object at 0x7f87c8609570>
2023-11-28 13:17:37,796 - rasterio.env - DEBUG - Starting outermost env
2023-11-28 13:17:37,796 - rasterio.env - DEBUG - No GDAL environment exists
2023-11-28 13:17:37,796 - rasterio.env - DEBUG - New GDAL environment <rasterio._env.GDALEnv object at 0x7f87c8609690> created
2023-11-28 13:17:37,796 - rasterio._env - DEBUG - GDAL data found in package: path='/home/metpublic/PYTHON_VENV/present_weather/lib/python3.10/site-packages/rasterio/gdal_data'.
2023-11-28 13:17:37,796 - rasterio._env - DEBUG - PROJ data found in package: path='/home/metpublic/PYTHON_VENV/present_weather/lib/python3.10/site-packages/rasterio/proj_data'.
2023-11-28 13:17:37,797 - rasterio._env - DEBUG - Started GDALEnv: self=<rasterio._env.GDALEnv object at 0x7f87c8609690>.
2023-11-28 13:17:37,797 - rasterio.env - DEBUG - Entered env context: <rasterio.env.Env object at 0x7f87c8609570>
2023-11-28 13:17:37,797 - rasterio._base - DEBUG - Sharing flag: 0
2023-11-28 13:17:37,798 - rasterio._base - DEBUG - Nodata success: 0, Nodata value: 0.000000
2023-11-28 13:17:37,798 - rasterio._base - DEBUG - Dataset <open DatasetReader name='/home/metpublic/TASK_RELEASE/EFAN/present_weather/src/H09_B13_Indonesia_20231128.Z1300.cor.tiff' mode='r'> is started.
2023-11-28 13:17:37,798 - rasterio.env - DEBUG - Exiting env context: <rasterio.env.Env object at 0x7f87c8609570>
2023-11-28 13:17:37,799 - rasterio.env - DEBUG - Cleared existing <rasterio._env.GDALEnv object at 0x7f87c8609690> options
2023-11-28 13:17:37,799 - rasterio._env - DEBUG - Stopped GDALEnv <rasterio._env.GDALEnv object at 0x7f87c8609690>.
2023-11-28 13:17:37,799 - rasterio.env - DEBUG - Exiting outermost env
2023-11-28 13:17:37,799 - rasterio.env - DEBUG - Exited env context: <rasterio.env.Env object at 0x7f87c8609570>
2023-11-28 13:17:37,799 - rasterio.env - DEBUG - Entering env context: <rasterio.env.Env object at 0x7f87c80b0580>
2023-11-28 13:17:37,799 - rasterio.env - DEBUG - Starting outermost env
2023-11-28 13:17:37,799 - rasterio.env - DEBUG - No GDAL environment exists
2023-11-28 13:17:37,800 - rasterio.env - DEBUG - New GDAL environment <rasterio._env.GDALEnv object at 0x7f87c80b1330> created
2023-11-28 13:17:37,800 - rasterio._env - DEBUG - GDAL data found in package: path='/home/metpublic/PYTHON_VENV/present_weather/lib/python3.10/site-packages/rasterio/gdal_data'.
2023-11-28 13:17:37,800 - rasterio._env - DEBUG - PROJ data found in package: path='/home/metpublic/PYTHON_VENV/present_weather/lib/python3.10/site-packages/rasterio/proj_data'.
2023-11-28 13:17:37,800 - rasterio._env - DEBUG - Started GDALEnv: self=<rasterio._env.GDALEnv object at 0x7f87c80b1330>.
2023-11-28 13:17:37,800 - rasterio.env - DEBUG - Entered env context: <rasterio.env.Env object at 0x7f87c80b0580>
2023-11-28 13:17:37,800 - rasterio._base - DEBUG - Sharing flag: 0
2023-11-28 13:17:37,801 - rasterio._base - DEBUG - Nodata success: 0, Nodata value: 0.000000
2023-11-28 13:17:37,801 - rasterio._base - DEBUG - Dataset <open DatasetReader name='/home/metpublic/TASK_RELEASE/EFAN/present_weather/src/H09_B13_Indonesia_20231128.Z1300.cor.tiff' mode='r'> is started.
2023-11-28 13:17:37,801 - rasterio.env - DEBUG - Exiting env context: <rasterio.env.Env object at 0x7f87c80b0580>
2023-11-28 13:17:37,801 - rasterio.env - DEBUG - Cleared existing <rasterio._env.GDALEnv object at 0x7f87c80b1330> options
2023-11-28 13:17:37,801 - rasterio._env - DEBUG - Stopped GDALEnv <rasterio._env.GDALEnv object at 0x7f87c80b1330>.
2023-11-28 13:17:37,801 - rasterio.env - DEBUG - Exiting outermost env
2023-11-28 13:17:37,801 - rasterio.env - DEBUG - Exited env context: <rasterio.env.Env object at 0x7f87c80b0580>
2023-11-28 13:17:37,812 - root - INFO - Generating present weather using SATELITE data
2023-11-28 13:19:00,376 - root - INFO - Total elapsed time: 0:05:57.459298
