2023-11-23 06:43:03,767 - root - INFO - Initiating present weather
2023-11-23 06:43:03,771 - asyncio - DEBUG - Using selector: EpollSelector
2023-11-23 06:43:07,100 - urllib3.connectionpool - DEBUG - Starting new HTTPS connection (1): radar.bmkg.go.id:8060
2023-11-23 06:43:12,173 - urllib3.connectionpool - DEBUG - https://radar.bmkg.go.id:8060 "GET /getRadarGeotif?token=19387e71e78522ae4172ec0fda640983b8438c9cfa0ca571623cb69d8327&radar=amandemenForecast&type=latest HTTP/1.1" 200 90
2023-11-23 06:43:12,176 - rasterio.env - DEBUG - Entering env context: <rasterio.env.Env object at 0x7f8d34c47020>
2023-11-23 06:43:12,177 - rasterio.env - DEBUG - Starting outermost env
2023-11-23 06:43:12,177 - rasterio.env - DEBUG - No GDAL environment exists
2023-11-23 06:43:12,177 - rasterio.env - DEBUG - New GDAL environment <rasterio._env.GDALEnv object at 0x7f8d34c47fa0> created
2023-11-23 06:43:12,182 - rasterio._filepath - DEBUG - Installing FilePath filesystem handler plugin...
2023-11-23 06:43:12,182 - rasterio._env - DEBUG - GDAL data found in package: path='/home/swx/miniconda3/envs/present_weather/lib/python3.12/site-packages/rasterio/gdal_data'.
2023-11-23 06:43:12,182 - rasterio._env - DEBUG - PROJ_LIB found in environment.
2023-11-23 06:43:12,183 - rasterio._env - DEBUG - Started GDALEnv: self=<rasterio._env.GDALEnv object at 0x7f8d34c47fa0>.
2023-11-23 06:43:12,183 - rasterio.env - DEBUG - Entered env context: <rasterio.env.Env object at 0x7f8d34c47020>
2023-11-23 06:43:12,183 - rasterio._base - DEBUG - Sharing flag: 0
2023-11-23 06:43:12,390 - rasterio._base - DEBUG - Nodata success: 1, Nodata value: nan
2023-11-23 06:43:12,390 - rasterio._base - DEBUG - Dataset <open DatasetReader name='https://radar.bmkg.go.id/raster/radarsatelit_202311230640.tif' mode='r'> is started.
2023-11-23 06:43:12,391 - rasterio.env - DEBUG - Exiting env context: <rasterio.env.Env object at 0x7f8d34c47020>
2023-11-23 06:43:12,391 - rasterio.env - DEBUG - Cleared existing <rasterio._env.GDALEnv object at 0x7f8d34c47fa0> options
2023-11-23 06:43:12,391 - rasterio._env - DEBUG - Stopped GDALEnv <rasterio._env.GDALEnv object at 0x7f8d34c47fa0>.
2023-11-23 06:43:12,391 - rasterio.env - DEBUG - Exiting outermost env
2023-11-23 06:43:12,391 - rasterio.env - DEBUG - Exited env context: <rasterio.env.Env object at 0x7f8d34c47020>
2023-11-23 06:43:12,392 - rasterio.env - DEBUG - Entering env context: <rasterio.env.Env object at 0x7f8d34c46090>
2023-11-23 06:43:12,392 - rasterio.env - DEBUG - Starting outermost env
2023-11-23 06:43:12,392 - rasterio.env - DEBUG - No GDAL environment exists
2023-11-23 06:43:12,392 - rasterio.env - DEBUG - New GDAL environment <rasterio._env.GDALEnv object at 0x7f8d34c47fa0> created
2023-11-23 06:43:12,392 - rasterio._env - DEBUG - GDAL data found in package: path='/home/swx/miniconda3/envs/present_weather/lib/python3.12/site-packages/rasterio/gdal_data'.
2023-11-23 06:43:12,393 - rasterio._env - DEBUG - PROJ_LIB found in environment.
2023-11-23 06:43:12,393 - rasterio._env - DEBUG - Started GDALEnv: self=<rasterio._env.GDALEnv object at 0x7f8d34c47fa0>.
2023-11-23 06:43:12,393 - rasterio.env - DEBUG - Entered env context: <rasterio.env.Env object at 0x7f8d34c46090>
2023-11-23 06:43:12,394 - rasterio.env - DEBUG - Got a copy of environment <rasterio._env.GDALEnv object at 0x7f8d34c47fa0> options
2023-11-23 06:43:12,394 - rasterio.env - DEBUG - Entering env context: <rasterio.env.Env object at 0x7f8d34af5dc0>
2023-11-23 06:43:12,394 - rasterio.env - DEBUG - Got a copy of environment <rasterio._env.GDALEnv object at 0x7f8d34c47fa0> options
2023-11-23 06:43:12,394 - rasterio.env - DEBUG - Entered env context: <rasterio.env.Env object at 0x7f8d34af5dc0>
2023-11-23 06:43:12,395 - rasterio._base - DEBUG - Sharing flag: 0
2023-11-23 06:43:12,395 - rasterio._base - DEBUG - Nodata success: 1, Nodata value: nan
2023-11-23 06:43:12,396 - rasterio._base - DEBUG - Dataset <open DatasetReader name='https://radar.bmkg.go.id/raster/radarsatelit_202311230640.tif' mode='r'> is started.
2023-11-23 06:43:12,396 - rasterio.env - DEBUG - Exiting env context: <rasterio.env.Env object at 0x7f8d34af5dc0>
2023-11-23 06:43:12,396 - rasterio.env - DEBUG - Cleared existing <rasterio._env.GDALEnv object at 0x7f8d34c47fa0> options
2023-11-23 06:43:12,396 - rasterio._env - DEBUG - Stopped GDALEnv <rasterio._env.GDALEnv object at 0x7f8d34c47fa0>.
2023-11-23 06:43:12,396 - rasterio.env - DEBUG - No GDAL environment exists
2023-11-23 06:43:12,396 - rasterio.env - DEBUG - New GDAL environment <rasterio._env.GDALEnv object at 0x7f8d34c47fa0> created
2023-11-23 06:43:12,397 - rasterio._env - DEBUG - GDAL data found in package: path='/home/swx/miniconda3/envs/present_weather/lib/python3.12/site-packages/rasterio/gdal_data'.
2023-11-23 06:43:12,397 - rasterio._env - DEBUG - PROJ_LIB found in environment.
2023-11-23 06:43:12,397 - rasterio._env - DEBUG - Started GDALEnv: self=<rasterio._env.GDALEnv object at 0x7f8d34c47fa0>.
2023-11-23 06:43:12,397 - rasterio.env - DEBUG - Exited env context: <rasterio.env.Env object at 0x7f8d34af5dc0>
2023-11-23 06:43:12,422 - rasterio._io - DEBUG - Output nodata value read from file: nan
2023-11-23 06:43:12,422 - rasterio._io - DEBUG - Output nodata values: [nan]
2023-11-23 06:43:12,422 - rasterio._io - DEBUG - all_valid: False
2023-11-23 06:43:12,422 - rasterio._io - DEBUG - mask_flags: ([<MaskFlags.nodata: 8>],)
2023-11-23 06:43:12,423 - rasterio._io - DEBUG - Jump straight to _read()
2023-11-23 06:43:12,423 - rasterio._io - DEBUG - Window: Window(col_off=0, row_off=0, width=10215, height=3792)
2023-11-23 06:43:12,423 - rasterio._io - DEBUG - IO window xoff=0.0 yoff=0.0 width=10215.0 height=3792.0
2023-11-23 06:43:13,289 - rasterio.env - DEBUG - Exiting env context: <rasterio.env.Env object at 0x7f8d34c46090>
2023-11-23 06:43:13,289 - rasterio.env - DEBUG - Cleared existing <rasterio._env.GDALEnv object at 0x7f8d34c47fa0> options
2023-11-23 06:43:13,290 - rasterio._env - DEBUG - Stopped GDALEnv <rasterio._env.GDALEnv object at 0x7f8d34c47fa0>.
2023-11-23 06:43:13,290 - rasterio.env - DEBUG - Exiting outermost env
2023-11-23 06:43:13,290 - rasterio.env - DEBUG - Exited env context: <rasterio.env.Env object at 0x7f8d34c46090>
2023-11-23 06:43:13,292 - urllib3.connectionpool - DEBUG - Starting new HTTPS connection (1): radar.bmkg.go.id:8060
2023-11-23 06:43:13,347 - urllib3.connectionpool - DEBUG - https://radar.bmkg.go.id:8060 "GET /getLatestLD?typeData=1 HTTP/1.1" 200 34025
2023-11-23 06:43:16,718 - root - INFO - dask.bag<lambda, npartitions=20>
2023-11-23 06:56:10,485 - root - INFO - Total elapsed time: 0:13:06.718905
