2023-11-24 12:43:04,053 - root - INFO - Initiating present weather
2023-11-24 12:43:04,056 - asyncio - DEBUG - Using selector: EpollSelector
2023-11-24 12:43:07,388 - urllib3.connectionpool - DEBUG - Starting new HTTPS connection (1): radar.bmkg.go.id:8060
2023-11-24 12:43:07,456 - urllib3.connectionpool - DEBUG - https://radar.bmkg.go.id:8060 "GET /getRadarGeotif?token=19387e71e78522ae4172ec0fda640983b8438c9cfa0ca571623cb69d8327&radar=amandemenForecast&type=latest HTTP/1.1" 200 90
2023-11-24 12:43:07,458 - rasterio.env - DEBUG - Entering env context: <rasterio.env.Env object at 0x7fc2a8c2c5f0>
2023-11-24 12:43:07,459 - rasterio.env - DEBUG - Starting outermost env
2023-11-24 12:43:07,459 - rasterio.env - DEBUG - No GDAL environment exists
2023-11-24 12:43:07,459 - rasterio.env - DEBUG - New GDAL environment <rasterio._env.GDALEnv object at 0x7fc2a967c580> created
2023-11-24 12:43:07,463 - rasterio._filepath - DEBUG - Installing FilePath filesystem handler plugin...
2023-11-24 12:43:07,463 - rasterio._env - DEBUG - GDAL data found in package: path='/home/swx/miniconda3/envs/present_weather/lib/python3.12/site-packages/rasterio/gdal_data'.
2023-11-24 12:43:07,463 - rasterio._env - DEBUG - PROJ_LIB found in environment.
2023-11-24 12:43:07,463 - rasterio._env - DEBUG - Started GDALEnv: self=<rasterio._env.GDALEnv object at 0x7fc2a967c580>.
2023-11-24 12:43:07,464 - rasterio.env - DEBUG - Entered env context: <rasterio.env.Env object at 0x7fc2a8c2c5f0>
2023-11-24 12:43:07,464 - rasterio._base - DEBUG - Sharing flag: 0
2023-11-24 12:43:07,661 - rasterio._base - DEBUG - Nodata success: 1, Nodata value: nan
2023-11-24 12:43:07,661 - rasterio._base - DEBUG - Dataset <open DatasetReader name='https://radar.bmkg.go.id/raster/radarsatelit_202311241240.tif' mode='r'> is started.
2023-11-24 12:43:07,662 - rasterio.env - DEBUG - Exiting env context: <rasterio.env.Env object at 0x7fc2a8c2c5f0>
2023-11-24 12:43:07,662 - rasterio.env - DEBUG - Cleared existing <rasterio._env.GDALEnv object at 0x7fc2a967c580> options
2023-11-24 12:43:07,662 - rasterio._env - DEBUG - Stopped GDALEnv <rasterio._env.GDALEnv object at 0x7fc2a967c580>.
2023-11-24 12:43:07,662 - rasterio.env - DEBUG - Exiting outermost env
2023-11-24 12:43:07,663 - rasterio.env - DEBUG - Exited env context: <rasterio.env.Env object at 0x7fc2a8c2c5f0>
2023-11-24 12:43:07,663 - rasterio.env - DEBUG - Entering env context: <rasterio.env.Env object at 0x7fc2a8c2c290>
2023-11-24 12:43:07,663 - rasterio.env - DEBUG - Starting outermost env
2023-11-24 12:43:07,663 - rasterio.env - DEBUG - No GDAL environment exists
2023-11-24 12:43:07,663 - rasterio.env - DEBUG - New GDAL environment <rasterio._env.GDALEnv object at 0x7fc2a8a0f820> created
2023-11-24 12:43:07,664 - rasterio._env - DEBUG - GDAL data found in package: path='/home/swx/miniconda3/envs/present_weather/lib/python3.12/site-packages/rasterio/gdal_data'.
2023-11-24 12:43:07,664 - rasterio._env - DEBUG - PROJ_LIB found in environment.
2023-11-24 12:43:07,664 - rasterio._env - DEBUG - Started GDALEnv: self=<rasterio._env.GDALEnv object at 0x7fc2a8a0f820>.
2023-11-24 12:43:07,664 - rasterio.env - DEBUG - Entered env context: <rasterio.env.Env object at 0x7fc2a8c2c290>
2023-11-24 12:43:07,665 - rasterio.env - DEBUG - Got a copy of environment <rasterio._env.GDALEnv object at 0x7fc2a8a0f820> options
2023-11-24 12:43:07,665 - rasterio.env - DEBUG - Entering env context: <rasterio.env.Env object at 0x7fc2a8ab2810>
2023-11-24 12:43:07,665 - rasterio.env - DEBUG - Got a copy of environment <rasterio._env.GDALEnv object at 0x7fc2a8a0f820> options
2023-11-24 12:43:07,665 - rasterio.env - DEBUG - Entered env context: <rasterio.env.Env object at 0x7fc2a8ab2810>
2023-11-24 12:43:07,666 - rasterio._base - DEBUG - Sharing flag: 0
2023-11-24 12:43:07,667 - rasterio._base - DEBUG - Nodata success: 1, Nodata value: nan
2023-11-24 12:43:07,667 - rasterio._base - DEBUG - Dataset <open DatasetReader name='https://radar.bmkg.go.id/raster/radarsatelit_202311241240.tif' mode='r'> is started.
2023-11-24 12:43:07,667 - rasterio.env - DEBUG - Exiting env context: <rasterio.env.Env object at 0x7fc2a8ab2810>
2023-11-24 12:43:07,667 - rasterio.env - DEBUG - Cleared existing <rasterio._env.GDALEnv object at 0x7fc2a8a0f820> options
2023-11-24 12:43:07,667 - rasterio._env - DEBUG - Stopped GDALEnv <rasterio._env.GDALEnv object at 0x7fc2a8a0f820>.
2023-11-24 12:43:07,668 - rasterio.env - DEBUG - No GDAL environment exists
2023-11-24 12:43:07,668 - rasterio.env - DEBUG - New GDAL environment <rasterio._env.GDALEnv object at 0x7fc2a8a0f820> created
2023-11-24 12:43:07,668 - rasterio._env - DEBUG - GDAL data found in package: path='/home/swx/miniconda3/envs/present_weather/lib/python3.12/site-packages/rasterio/gdal_data'.
2023-11-24 12:43:07,668 - rasterio._env - DEBUG - PROJ_LIB found in environment.
2023-11-24 12:43:07,668 - rasterio._env - DEBUG - Started GDALEnv: self=<rasterio._env.GDALEnv object at 0x7fc2a8a0f820>.
2023-11-24 12:43:07,669 - rasterio.env - DEBUG - Exited env context: <rasterio.env.Env object at 0x7fc2a8ab2810>
2023-11-24 12:43:07,693 - rasterio._io - DEBUG - Output nodata value read from file: nan
2023-11-24 12:43:07,693 - rasterio._io - DEBUG - Output nodata values: [nan]
2023-11-24 12:43:07,694 - rasterio._io - DEBUG - all_valid: False
2023-11-24 12:43:07,694 - rasterio._io - DEBUG - mask_flags: ([<MaskFlags.nodata: 8>],)
2023-11-24 12:43:07,694 - rasterio._io - DEBUG - Jump straight to _read()
2023-11-24 12:43:07,694 - rasterio._io - DEBUG - Window: Window(col_off=0, row_off=0, width=10215, height=3792)
2023-11-24 12:43:07,694 - rasterio._io - DEBUG - IO window xoff=0.0 yoff=0.0 width=10215.0 height=3792.0
2023-11-24 12:43:08,559 - rasterio.env - DEBUG - Exiting env context: <rasterio.env.Env object at 0x7fc2a8c2c290>
2023-11-24 12:43:08,560 - rasterio.env - DEBUG - Cleared existing <rasterio._env.GDALEnv object at 0x7fc2a8a0f820> options
2023-11-24 12:43:08,560 - rasterio._env - DEBUG - Stopped GDALEnv <rasterio._env.GDALEnv object at 0x7fc2a8a0f820>.
2023-11-24 12:43:08,560 - rasterio.env - DEBUG - Exiting outermost env
2023-11-24 12:43:08,560 - rasterio.env - DEBUG - Exited env context: <rasterio.env.Env object at 0x7fc2a8c2c290>
2023-11-24 12:43:08,562 - urllib3.connectionpool - DEBUG - Starting new HTTPS connection (1): radar.bmkg.go.id:8060
2023-11-24 12:43:08,607 - urllib3.connectionpool - DEBUG - https://radar.bmkg.go.id:8060 "GET /getLatestLD?typeData=1 HTTP/1.1" 200 10172
2023-11-24 12:43:08,621 - root - INFO - Generating present weather using RADAR data
2023-11-24 12:43:11,931 - root - INFO - dask.bag<lambda, npartitions=20>
2023-11-24 12:55:59,365 - root - INFO - Total elapsed time: 0:12:55.312421
