2023-11-16 04:40:03,484 - root - INFO - Initiating present weather
2023-11-16 04:40:03,487 - urllib3.connectionpool - DEBUG - Starting new HTTPS connection (1): radar.bmkg.go.id:8060
2023-11-16 04:40:08,560 - urllib3.connectionpool - DEBUG - https://radar.bmkg.go.id:8060 "GET /getRadarGeotif?token=19387e71e78522ae4172ec0fda640983b8438c9cfa0ca571623cb69d8327&radar=amandemenForecast&type=latest HTTP/1.1" 200 90
2023-11-16 04:40:08,563 - rasterio.env - DEBUG - Entering env context: <rasterio.env.Env object at 0x7f779459e2a0>
2023-11-16 04:40:08,565 - rasterio.env - DEBUG - Starting outermost env
2023-11-16 04:40:08,565 - rasterio.env - DEBUG - No GDAL environment exists
2023-11-16 04:40:08,565 - rasterio.env - DEBUG - New GDAL environment <rasterio._env.GDALEnv object at 0x7f779461cd00> created
2023-11-16 04:40:08,569 - rasterio._filepath - DEBUG - Installing FilePath filesystem handler plugin...
2023-11-16 04:40:08,570 - rasterio._env - DEBUG - GDAL data found in package: path='/home/swx/miniconda3/envs/present_weather/lib/python3.12/site-packages/rasterio/gdal_data'.
2023-11-16 04:40:08,570 - rasterio._env - DEBUG - PROJ_LIB found in environment.
2023-11-16 04:40:08,570 - rasterio._env - DEBUG - Started GDALEnv: self=<rasterio._env.GDALEnv object at 0x7f779461cd00>.
2023-11-16 04:40:08,570 - rasterio.env - DEBUG - Entered env context: <rasterio.env.Env object at 0x7f779459e2a0>
2023-11-16 04:40:08,570 - rasterio._base - DEBUG - Sharing flag: 0
2023-11-16 04:40:08,764 - rasterio._base - DEBUG - Nodata success: 1, Nodata value: nan
2023-11-16 04:40:08,764 - rasterio._base - DEBUG - Dataset <open DatasetReader name='https://radar.bmkg.go.id/raster/radarsatelit_202311160430.tif' mode='r'> is started.
2023-11-16 04:40:08,764 - rasterio.env - DEBUG - Exiting env context: <rasterio.env.Env object at 0x7f779459e2a0>
2023-11-16 04:40:08,765 - rasterio.env - DEBUG - Cleared existing <rasterio._env.GDALEnv object at 0x7f779461cd00> options
2023-11-16 04:40:08,765 - rasterio._env - DEBUG - Stopped GDALEnv <rasterio._env.GDALEnv object at 0x7f779461cd00>.
2023-11-16 04:40:08,765 - rasterio.env - DEBUG - Exiting outermost env
2023-11-16 04:40:08,765 - rasterio.env - DEBUG - Exited env context: <rasterio.env.Env object at 0x7f779459e2a0>
2023-11-16 04:40:08,765 - rasterio.env - DEBUG - Entering env context: <rasterio.env.Env object at 0x7f77e61223c0>
2023-11-16 04:40:08,765 - rasterio.env - DEBUG - Starting outermost env
2023-11-16 04:40:08,765 - rasterio.env - DEBUG - No GDAL environment exists
2023-11-16 04:40:08,765 - rasterio.env - DEBUG - New GDAL environment <rasterio._env.GDALEnv object at 0x7f77944ccfd0> created
2023-11-16 04:40:08,766 - rasterio._env - DEBUG - GDAL data found in package: path='/home/swx/miniconda3/envs/present_weather/lib/python3.12/site-packages/rasterio/gdal_data'.
2023-11-16 04:40:08,766 - rasterio._env - DEBUG - PROJ_LIB found in environment.
2023-11-16 04:40:08,766 - rasterio._env - DEBUG - Started GDALEnv: self=<rasterio._env.GDALEnv object at 0x7f77944ccfd0>.
2023-11-16 04:40:08,766 - rasterio.env - DEBUG - Entered env context: <rasterio.env.Env object at 0x7f77e61223c0>
2023-11-16 04:40:08,767 - rasterio.env - DEBUG - Got a copy of environment <rasterio._env.GDALEnv object at 0x7f77944ccfd0> options
2023-11-16 04:40:08,767 - rasterio.env - DEBUG - Entering env context: <rasterio.env.Env object at 0x7f7794572bd0>
2023-11-16 04:40:08,767 - rasterio.env - DEBUG - Got a copy of environment <rasterio._env.GDALEnv object at 0x7f77944ccfd0> options
2023-11-16 04:40:08,767 - rasterio.env - DEBUG - Entered env context: <rasterio.env.Env object at 0x7f7794572bd0>
2023-11-16 04:40:08,767 - rasterio._base - DEBUG - Sharing flag: 0
2023-11-16 04:40:08,768 - rasterio._base - DEBUG - Nodata success: 1, Nodata value: nan
2023-11-16 04:40:08,768 - rasterio._base - DEBUG - Dataset <open DatasetReader name='https://radar.bmkg.go.id/raster/radarsatelit_202311160430.tif' mode='r'> is started.
2023-11-16 04:40:08,768 - rasterio.env - DEBUG - Exiting env context: <rasterio.env.Env object at 0x7f7794572bd0>
2023-11-16 04:40:08,768 - rasterio.env - DEBUG - Cleared existing <rasterio._env.GDALEnv object at 0x7f77944ccfd0> options
2023-11-16 04:40:08,768 - rasterio._env - DEBUG - Stopped GDALEnv <rasterio._env.GDALEnv object at 0x7f77944ccfd0>.
2023-11-16 04:40:08,768 - rasterio.env - DEBUG - No GDAL environment exists
2023-11-16 04:40:08,769 - rasterio.env - DEBUG - New GDAL environment <rasterio._env.GDALEnv object at 0x7f77944ccfd0> created
2023-11-16 04:40:08,769 - rasterio._env - DEBUG - GDAL data found in package: path='/home/swx/miniconda3/envs/present_weather/lib/python3.12/site-packages/rasterio/gdal_data'.
2023-11-16 04:40:08,769 - rasterio._env - DEBUG - PROJ_LIB found in environment.
2023-11-16 04:40:08,769 - rasterio._env - DEBUG - Started GDALEnv: self=<rasterio._env.GDALEnv object at 0x7f77944ccfd0>.
2023-11-16 04:40:08,769 - rasterio.env - DEBUG - Exited env context: <rasterio.env.Env object at 0x7f7794572bd0>
2023-11-16 04:40:08,794 - rasterio._io - DEBUG - Output nodata value read from file: nan
2023-11-16 04:40:08,794 - rasterio._io - DEBUG - Output nodata values: [nan]
2023-11-16 04:40:08,794 - rasterio._io - DEBUG - all_valid: False
2023-11-16 04:40:08,795 - rasterio._io - DEBUG - mask_flags: ([<MaskFlags.nodata: 8>],)
2023-11-16 04:40:08,795 - rasterio._io - DEBUG - Jump straight to _read()
2023-11-16 04:40:08,795 - rasterio._io - DEBUG - Window: Window(col_off=0, row_off=0, width=10215, height=3792)
2023-11-16 04:40:08,795 - rasterio._io - DEBUG - IO window xoff=0.0 yoff=0.0 width=10215.0 height=3792.0
2023-11-16 04:40:09,479 - rasterio.env - DEBUG - Exiting env context: <rasterio.env.Env object at 0x7f77e61223c0>
2023-11-16 04:40:09,480 - rasterio.env - DEBUG - Cleared existing <rasterio._env.GDALEnv object at 0x7f77944ccfd0> options
2023-11-16 04:40:09,480 - rasterio._env - DEBUG - Stopped GDALEnv <rasterio._env.GDALEnv object at 0x7f77944ccfd0>.
2023-11-16 04:40:09,480 - rasterio.env - DEBUG - Exiting outermost env
2023-11-16 04:40:09,480 - rasterio.env - DEBUG - Exited env context: <rasterio.env.Env object at 0x7f77e61223c0>
2023-11-16 04:40:09,482 - urllib3.connectionpool - DEBUG - Starting new HTTPS connection (1): radar.bmkg.go.id:8060
2023-11-16 04:40:09,586 - urllib3.connectionpool - DEBUG - https://radar.bmkg.go.id:8060 "GET /getLatestLD?typeData=1 HTTP/1.1" 200 310063
2023-11-16 04:40:09,670 - asyncio - DEBUG - Using selector: EpollSelector
2023-11-16 04:40:16,595 - root - INFO - dask.bag<lambda, npartitions=34>
2023-11-16 04:56:30,843 - root - INFO - Total elapsed time: 0:16:27.358835
