2023-11-24 20:03:03,490 - root - INFO - Initiating present weather
2023-11-24 20:03:03,494 - asyncio - DEBUG - Using selector: EpollSelector
2023-11-24 20:03:06,759 - urllib3.connectionpool - DEBUG - Starting new HTTPS connection (1): radar.bmkg.go.id:8060
2023-11-24 20:03:11,832 - urllib3.connectionpool - DEBUG - https://radar.bmkg.go.id:8060 "GET /getRadarGeotif?token=19387e71e78522ae4172ec0fda640983b8438c9cfa0ca571623cb69d8327&radar=amandemenForecast&type=latest HTTP/1.1" 200 90
2023-11-24 20:03:11,834 - rasterio.env - DEBUG - Entering env context: <rasterio.env.Env object at 0x7fad6fee2330>
2023-11-24 20:03:11,835 - rasterio.env - DEBUG - Starting outermost env
2023-11-24 20:03:11,836 - rasterio.env - DEBUG - No GDAL environment exists
2023-11-24 20:03:11,836 - rasterio.env - DEBUG - New GDAL environment <rasterio._env.GDALEnv object at 0x7fad6fee08b0> created
2023-11-24 20:03:11,840 - rasterio._filepath - DEBUG - Installing FilePath filesystem handler plugin...
2023-11-24 20:03:11,841 - rasterio._env - DEBUG - GDAL data found in package: path='/home/swx/miniconda3/envs/present_weather/lib/python3.12/site-packages/rasterio/gdal_data'.
2023-11-24 20:03:11,841 - rasterio._env - DEBUG - PROJ_LIB found in environment.
2023-11-24 20:03:11,841 - rasterio._env - DEBUG - Started GDALEnv: self=<rasterio._env.GDALEnv object at 0x7fad6fee08b0>.
2023-11-24 20:03:11,841 - rasterio.env - DEBUG - Entered env context: <rasterio.env.Env object at 0x7fad6fee2330>
2023-11-24 20:03:11,841 - rasterio._base - DEBUG - Sharing flag: 0
2023-11-24 20:03:12,046 - rasterio._base - DEBUG - Nodata success: 1, Nodata value: nan
2023-11-24 20:03:12,046 - rasterio._base - DEBUG - Dataset <open DatasetReader name='https://radar.bmkg.go.id/raster/radarsatelit_202311242000.tif' mode='r'> is started.
2023-11-24 20:03:12,047 - rasterio.env - DEBUG - Exiting env context: <rasterio.env.Env object at 0x7fad6fee2330>
2023-11-24 20:03:12,047 - rasterio.env - DEBUG - Cleared existing <rasterio._env.GDALEnv object at 0x7fad6fee08b0> options
2023-11-24 20:03:12,047 - rasterio._env - DEBUG - Stopped GDALEnv <rasterio._env.GDALEnv object at 0x7fad6fee08b0>.
2023-11-24 20:03:12,047 - rasterio.env - DEBUG - Exiting outermost env
2023-11-24 20:03:12,048 - rasterio.env - DEBUG - Exited env context: <rasterio.env.Env object at 0x7fad6fee2330>
2023-11-24 20:03:12,048 - rasterio.env - DEBUG - Entering env context: <rasterio.env.Env object at 0x7fad6ffa9b50>
2023-11-24 20:03:12,048 - rasterio.env - DEBUG - Starting outermost env
2023-11-24 20:03:12,048 - rasterio.env - DEBUG - No GDAL environment exists
2023-11-24 20:03:12,048 - rasterio.env - DEBUG - New GDAL environment <rasterio._env.GDALEnv object at 0x7fad6f500160> created
2023-11-24 20:03:12,049 - rasterio._env - DEBUG - GDAL data found in package: path='/home/swx/miniconda3/envs/present_weather/lib/python3.12/site-packages/rasterio/gdal_data'.
2023-11-24 20:03:12,049 - rasterio._env - DEBUG - PROJ_LIB found in environment.
2023-11-24 20:03:12,049 - rasterio._env - DEBUG - Started GDALEnv: self=<rasterio._env.GDALEnv object at 0x7fad6f500160>.
2023-11-24 20:03:12,049 - rasterio.env - DEBUG - Entered env context: <rasterio.env.Env object at 0x7fad6ffa9b50>
2023-11-24 20:03:12,050 - rasterio.env - DEBUG - Got a copy of environment <rasterio._env.GDALEnv object at 0x7fad6f500160> options
2023-11-24 20:03:12,050 - rasterio.env - DEBUG - Entering env context: <rasterio.env.Env object at 0x7fad6f5533b0>
2023-11-24 20:03:12,050 - rasterio.env - DEBUG - Got a copy of environment <rasterio._env.GDALEnv object at 0x7fad6f500160> options
2023-11-24 20:03:12,050 - rasterio.env - DEBUG - Entered env context: <rasterio.env.Env object at 0x7fad6f5533b0>
2023-11-24 20:03:12,051 - rasterio._base - DEBUG - Sharing flag: 0
2023-11-24 20:03:12,052 - rasterio._base - DEBUG - Nodata success: 1, Nodata value: nan
2023-11-24 20:03:12,052 - rasterio._base - DEBUG - Dataset <open DatasetReader name='https://radar.bmkg.go.id/raster/radarsatelit_202311242000.tif' mode='r'> is started.
2023-11-24 20:03:12,052 - rasterio.env - DEBUG - Exiting env context: <rasterio.env.Env object at 0x7fad6f5533b0>
2023-11-24 20:03:12,052 - rasterio.env - DEBUG - Cleared existing <rasterio._env.GDALEnv object at 0x7fad6f500160> options
2023-11-24 20:03:12,052 - rasterio._env - DEBUG - Stopped GDALEnv <rasterio._env.GDALEnv object at 0x7fad6f500160>.
2023-11-24 20:03:12,053 - rasterio.env - DEBUG - No GDAL environment exists
2023-11-24 20:03:12,053 - rasterio.env - DEBUG - New GDAL environment <rasterio._env.GDALEnv object at 0x7fad6f500160> created
2023-11-24 20:03:12,053 - rasterio._env - DEBUG - GDAL data found in package: path='/home/swx/miniconda3/envs/present_weather/lib/python3.12/site-packages/rasterio/gdal_data'.
2023-11-24 20:03:12,053 - rasterio._env - DEBUG - PROJ_LIB found in environment.
2023-11-24 20:03:12,054 - rasterio._env - DEBUG - Started GDALEnv: self=<rasterio._env.GDALEnv object at 0x7fad6f500160>.
2023-11-24 20:03:12,054 - rasterio.env - DEBUG - Exited env context: <rasterio.env.Env object at 0x7fad6f5533b0>
2023-11-24 20:03:12,081 - rasterio._io - DEBUG - Output nodata value read from file: nan
2023-11-24 20:03:12,081 - rasterio._io - DEBUG - Output nodata values: [nan]
2023-11-24 20:03:12,081 - rasterio._io - DEBUG - all_valid: False
2023-11-24 20:03:12,081 - rasterio._io - DEBUG - mask_flags: ([<MaskFlags.nodata: 8>],)
2023-11-24 20:03:12,082 - rasterio._io - DEBUG - Jump straight to _read()
2023-11-24 20:03:12,082 - rasterio._io - DEBUG - Window: Window(col_off=0, row_off=0, width=10215, height=3792)
2023-11-24 20:03:12,082 - rasterio._io - DEBUG - IO window xoff=0.0 yoff=0.0 width=10215.0 height=3792.0
2023-11-24 20:03:12,866 - rasterio.env - DEBUG - Exiting env context: <rasterio.env.Env object at 0x7fad6ffa9b50>
2023-11-24 20:03:12,866 - rasterio.env - DEBUG - Cleared existing <rasterio._env.GDALEnv object at 0x7fad6f500160> options
2023-11-24 20:03:12,866 - rasterio._env - DEBUG - Stopped GDALEnv <rasterio._env.GDALEnv object at 0x7fad6f500160>.
2023-11-24 20:03:12,866 - rasterio.env - DEBUG - Exiting outermost env
2023-11-24 20:03:12,866 - rasterio.env - DEBUG - Exited env context: <rasterio.env.Env object at 0x7fad6ffa9b50>
2023-11-24 20:03:12,869 - urllib3.connectionpool - DEBUG - Starting new HTTPS connection (1): radar.bmkg.go.id:8060
2023-11-24 20:03:12,913 - urllib3.connectionpool - DEBUG - https://radar.bmkg.go.id:8060 "GET /getLatestLD?typeData=1 HTTP/1.1" 200 13614
2023-11-24 20:03:12,925 - root - INFO - Generating present weather using RADAR data
2023-11-24 20:03:16,276 - root - INFO - dask.bag<lambda, npartitions=20>
2023-11-24 20:14:41,253 - root - INFO - Total elapsed time: 0:11:37.764152
