2023-11-16 00:40:03,427 - root - INFO - Initiating present weather
2023-11-16 00:40:03,431 - urllib3.connectionpool - DEBUG - Starting new HTTPS connection (1): radar.bmkg.go.id:8060
2023-11-16 00:40:03,498 - urllib3.connectionpool - DEBUG - https://radar.bmkg.go.id:8060 "GET /getRadarGeotif?token=19387e71e78522ae4172ec0fda640983b8438c9cfa0ca571623cb69d8327&radar=amandemenForecast&type=latest HTTP/1.1" 200 90
2023-11-16 00:40:03,501 - rasterio.env - DEBUG - Entering env context: <rasterio.env.Env object at 0x7fb9f4081b80>
2023-11-16 00:40:03,501 - rasterio.env - DEBUG - Starting outermost env
2023-11-16 00:40:03,502 - rasterio.env - DEBUG - No GDAL environment exists
2023-11-16 00:40:03,502 - rasterio.env - DEBUG - New GDAL environment <rasterio._env.GDALEnv object at 0x7fb9ee5873d0> created
2023-11-16 00:40:03,506 - rasterio._filepath - DEBUG - Installing FilePath filesystem handler plugin...
2023-11-16 00:40:03,506 - rasterio._env - DEBUG - GDAL data found in package: path='/home/swx/miniconda3/envs/present_weather/lib/python3.12/site-packages/rasterio/gdal_data'.
2023-11-16 00:40:03,506 - rasterio._env - DEBUG - PROJ_LIB found in environment.
2023-11-16 00:40:03,506 - rasterio._env - DEBUG - Started GDALEnv: self=<rasterio._env.GDALEnv object at 0x7fb9ee5873d0>.
2023-11-16 00:40:03,506 - rasterio.env - DEBUG - Entered env context: <rasterio.env.Env object at 0x7fb9f4081b80>
2023-11-16 00:40:03,507 - rasterio._base - DEBUG - Sharing flag: 0
2023-11-16 00:40:03,701 - rasterio._base - DEBUG - Nodata success: 1, Nodata value: nan
2023-11-16 00:40:03,701 - rasterio._base - DEBUG - Dataset <open DatasetReader name='https://radar.bmkg.go.id/raster/radarsatelit_202311160030.tif' mode='r'> is started.
2023-11-16 00:40:03,702 - rasterio.env - DEBUG - Exiting env context: <rasterio.env.Env object at 0x7fb9f4081b80>
2023-11-16 00:40:03,702 - rasterio.env - DEBUG - Cleared existing <rasterio._env.GDALEnv object at 0x7fb9ee5873d0> options
2023-11-16 00:40:03,702 - rasterio._env - DEBUG - Stopped GDALEnv <rasterio._env.GDALEnv object at 0x7fb9ee5873d0>.
2023-11-16 00:40:03,702 - rasterio.env - DEBUG - Exiting outermost env
2023-11-16 00:40:03,702 - rasterio.env - DEBUG - Exited env context: <rasterio.env.Env object at 0x7fb9f4081b80>
2023-11-16 00:40:03,702 - rasterio.env - DEBUG - Entering env context: <rasterio.env.Env object at 0x7fb9f4081b80>
2023-11-16 00:40:03,703 - rasterio.env - DEBUG - Starting outermost env
2023-11-16 00:40:03,703 - rasterio.env - DEBUG - No GDAL environment exists
2023-11-16 00:40:03,703 - rasterio.env - DEBUG - New GDAL environment <rasterio._env.GDALEnv object at 0x7fb9ee4f37f0> created
2023-11-16 00:40:03,703 - rasterio._env - DEBUG - GDAL data found in package: path='/home/swx/miniconda3/envs/present_weather/lib/python3.12/site-packages/rasterio/gdal_data'.
2023-11-16 00:40:03,704 - rasterio._env - DEBUG - PROJ_LIB found in environment.
2023-11-16 00:40:03,704 - rasterio._env - DEBUG - Started GDALEnv: self=<rasterio._env.GDALEnv object at 0x7fb9ee4f37f0>.
2023-11-16 00:40:03,704 - rasterio.env - DEBUG - Entered env context: <rasterio.env.Env object at 0x7fb9f4081b80>
2023-11-16 00:40:03,705 - rasterio.env - DEBUG - Got a copy of environment <rasterio._env.GDALEnv object at 0x7fb9ee4f37f0> options
2023-11-16 00:40:03,705 - rasterio.env - DEBUG - Entering env context: <rasterio.env.Env object at 0x7fba49018f20>
2023-11-16 00:40:03,705 - rasterio.env - DEBUG - Got a copy of environment <rasterio._env.GDALEnv object at 0x7fb9ee4f37f0> options
2023-11-16 00:40:03,705 - rasterio.env - DEBUG - Entered env context: <rasterio.env.Env object at 0x7fba49018f20>
2023-11-16 00:40:03,705 - rasterio._base - DEBUG - Sharing flag: 0
2023-11-16 00:40:03,706 - rasterio._base - DEBUG - Nodata success: 1, Nodata value: nan
2023-11-16 00:40:03,707 - rasterio._base - DEBUG - Dataset <open DatasetReader name='https://radar.bmkg.go.id/raster/radarsatelit_202311160030.tif' mode='r'> is started.
2023-11-16 00:40:03,707 - rasterio.env - DEBUG - Exiting env context: <rasterio.env.Env object at 0x7fba49018f20>
2023-11-16 00:40:03,707 - rasterio.env - DEBUG - Cleared existing <rasterio._env.GDALEnv object at 0x7fb9ee4f37f0> options
2023-11-16 00:40:03,707 - rasterio._env - DEBUG - Stopped GDALEnv <rasterio._env.GDALEnv object at 0x7fb9ee4f37f0>.
2023-11-16 00:40:03,707 - rasterio.env - DEBUG - No GDAL environment exists
2023-11-16 00:40:03,707 - rasterio.env - DEBUG - New GDAL environment <rasterio._env.GDALEnv object at 0x7fb9ee4f37f0> created
2023-11-16 00:40:03,708 - rasterio._env - DEBUG - GDAL data found in package: path='/home/swx/miniconda3/envs/present_weather/lib/python3.12/site-packages/rasterio/gdal_data'.
2023-11-16 00:40:03,708 - rasterio._env - DEBUG - PROJ_LIB found in environment.
2023-11-16 00:40:03,708 - rasterio._env - DEBUG - Started GDALEnv: self=<rasterio._env.GDALEnv object at 0x7fb9ee4f37f0>.
2023-11-16 00:40:03,708 - rasterio.env - DEBUG - Exited env context: <rasterio.env.Env object at 0x7fba49018f20>
2023-11-16 00:40:03,742 - rasterio._io - DEBUG - Output nodata value read from file: nan
2023-11-16 00:40:03,743 - rasterio._io - DEBUG - Output nodata values: [nan]
2023-11-16 00:40:03,743 - rasterio._io - DEBUG - all_valid: False
2023-11-16 00:40:03,743 - rasterio._io - DEBUG - mask_flags: ([<MaskFlags.nodata: 8>],)
2023-11-16 00:40:03,744 - rasterio._io - DEBUG - Jump straight to _read()
2023-11-16 00:40:03,744 - rasterio._io - DEBUG - Window: Window(col_off=0, row_off=0, width=10215, height=3792)
2023-11-16 00:40:03,744 - rasterio._io - DEBUG - IO window xoff=0.0 yoff=0.0 width=10215.0 height=3792.0
2023-11-16 00:40:04,435 - rasterio.env - DEBUG - Exiting env context: <rasterio.env.Env object at 0x7fb9f4081b80>
2023-11-16 00:40:04,435 - rasterio.env - DEBUG - Cleared existing <rasterio._env.GDALEnv object at 0x7fb9ee4f37f0> options
2023-11-16 00:40:04,435 - rasterio._env - DEBUG - Stopped GDALEnv <rasterio._env.GDALEnv object at 0x7fb9ee4f37f0>.
2023-11-16 00:40:04,435 - rasterio.env - DEBUG - Exiting outermost env
2023-11-16 00:40:04,435 - rasterio.env - DEBUG - Exited env context: <rasterio.env.Env object at 0x7fb9f4081b80>
2023-11-16 00:40:04,438 - urllib3.connectionpool - DEBUG - Starting new HTTPS connection (1): radar.bmkg.go.id:8060
2023-11-16 00:40:04,517 - urllib3.connectionpool - DEBUG - https://radar.bmkg.go.id:8060 "GET /getLatestLD?typeData=1 HTTP/1.1" 200 78001
2023-11-16 00:40:04,553 - asyncio - DEBUG - Using selector: EpollSelector
2023-11-16 00:40:11,213 - root - INFO - dask.bag<lambda, npartitions=34>
2023-11-16 00:55:39,345 - root - INFO - Total elapsed time: 0:15:35.919174
