2023-11-30 10:34:21,476 - root - INFO - Initiating present weather
2023-11-30 10:34:21,476 - asyncio - DEBUG - Using selector: KqueueSelector
2023-11-30 10:34:23,103 - urllib3.connectionpool - DEBUG - Starting new HTTPS connection (1): radar.bmkg.go.id:8060
2023-11-30 10:34:23,141 - urllib3.connectionpool - DEBUG - https://radar.bmkg.go.id:8060 "GET /getRadarGeotif?token=19387e71e78522ae4172ec0fda640983b8438c9cfa0ca571623cb69d8327&radar=amandemenForecast&type=latest HTTP/1.1" 200 90
2023-11-30 10:34:23,142 - rasterio.env - DEBUG - Entering env context: <rasterio.env.Env object at 0x14d82aea0>
2023-11-30 10:34:23,142 - rasterio.env - DEBUG - Starting outermost env
2023-11-30 10:34:23,142 - rasterio.env - DEBUG - No GDAL environment exists
2023-11-30 10:34:23,142 - rasterio.env - DEBUG - New GDAL environment <rasterio._env.GDALEnv object at 0x14d8cc460> created
2023-11-30 10:34:23,144 - rasterio._filepath - DEBUG - Installing FilePath filesystem handler plugin...
2023-11-30 10:34:23,144 - rasterio._env - DEBUG - GDAL_DATA found in environment.
2023-11-30 10:34:23,144 - rasterio._env - DEBUG - PROJ_DATA found in environment.
2023-11-30 10:34:23,144 - rasterio._env - DEBUG - Started GDALEnv: self=<rasterio._env.GDALEnv object at 0x14d8cc460>.
2023-11-30 10:34:23,144 - rasterio.env - DEBUG - Entered env context: <rasterio.env.Env object at 0x14d82aea0>
2023-11-30 10:34:23,144 - rasterio._base - DEBUG - Sharing flag: 0
2023-11-30 10:34:23,387 - rasterio._base - DEBUG - Nodata success: 1, Nodata value: nan
2023-11-30 10:34:23,387 - rasterio._base - DEBUG - Dataset <open DatasetReader name='https://radar.bmkg.go.id/raster/radarsatelit_202311300330.tif' mode='r'> is started.
2023-11-30 10:34:23,387 - rasterio.env - DEBUG - Exiting env context: <rasterio.env.Env object at 0x14d82aea0>
2023-11-30 10:34:23,387 - rasterio.env - DEBUG - Cleared existing <rasterio._env.GDALEnv object at 0x14d8cc460> options
2023-11-30 10:34:23,387 - rasterio._env - DEBUG - Stopped GDALEnv <rasterio._env.GDALEnv object at 0x14d8cc460>.
2023-11-30 10:34:23,387 - rasterio.env - DEBUG - Exiting outermost env
2023-11-30 10:34:23,387 - rasterio.env - DEBUG - Exited env context: <rasterio.env.Env object at 0x14d82aea0>
2023-11-30 10:34:23,388 - rasterio.env - DEBUG - Entering env context: <rasterio.env.Env object at 0x14cf5af00>
2023-11-30 10:34:23,388 - rasterio.env - DEBUG - Starting outermost env
2023-11-30 10:34:23,388 - rasterio.env - DEBUG - No GDAL environment exists
2023-11-30 10:34:23,388 - rasterio.env - DEBUG - New GDAL environment <rasterio._env.GDALEnv object at 0x14d8cc460> created
2023-11-30 10:34:23,388 - rasterio._env - DEBUG - GDAL_DATA found in environment.
2023-11-30 10:34:23,388 - rasterio._env - DEBUG - PROJ_DATA found in environment.
2023-11-30 10:34:23,388 - rasterio._env - DEBUG - Started GDALEnv: self=<rasterio._env.GDALEnv object at 0x14d8cc460>.
2023-11-30 10:34:23,389 - rasterio.env - DEBUG - Entered env context: <rasterio.env.Env object at 0x14cf5af00>
2023-11-30 10:34:23,389 - rasterio.env - DEBUG - Got a copy of environment <rasterio._env.GDALEnv object at 0x14d8cc460> options
2023-11-30 10:34:23,389 - rasterio.env - DEBUG - Entering env context: <rasterio.env.Env object at 0x14d957b00>
2023-11-30 10:34:23,389 - rasterio.env - DEBUG - Got a copy of environment <rasterio._env.GDALEnv object at 0x14d8cc460> options
2023-11-30 10:34:23,389 - rasterio.env - DEBUG - Entered env context: <rasterio.env.Env object at 0x14d957b00>
2023-11-30 10:34:23,389 - rasterio._base - DEBUG - Sharing flag: 0
2023-11-30 10:34:23,390 - rasterio._base - DEBUG - Nodata success: 1, Nodata value: nan
2023-11-30 10:34:23,390 - rasterio._base - DEBUG - Dataset <open DatasetReader name='https://radar.bmkg.go.id/raster/radarsatelit_202311300330.tif' mode='r'> is started.
2023-11-30 10:34:23,390 - rasterio.env - DEBUG - Exiting env context: <rasterio.env.Env object at 0x14d957b00>
2023-11-30 10:34:23,390 - rasterio.env - DEBUG - Cleared existing <rasterio._env.GDALEnv object at 0x14d8cc460> options
2023-11-30 10:34:23,390 - rasterio._env - DEBUG - Stopped GDALEnv <rasterio._env.GDALEnv object at 0x14d8cc460>.
2023-11-30 10:34:23,390 - rasterio.env - DEBUG - No GDAL environment exists
2023-11-30 10:34:23,390 - rasterio.env - DEBUG - New GDAL environment <rasterio._env.GDALEnv object at 0x14d8cc460> created
2023-11-30 10:34:23,390 - rasterio._env - DEBUG - GDAL_DATA found in environment.
2023-11-30 10:34:23,391 - rasterio._env - DEBUG - PROJ_DATA found in environment.
2023-11-30 10:34:23,391 - rasterio._env - DEBUG - Started GDALEnv: self=<rasterio._env.GDALEnv object at 0x14d8cc460>.
2023-11-30 10:34:23,391 - rasterio.env - DEBUG - Exited env context: <rasterio.env.Env object at 0x14d957b00>
2023-11-30 10:34:23,403 - rasterio._io - DEBUG - Output nodata value read from file: nan
2023-11-30 10:34:23,403 - rasterio._io - DEBUG - Output nodata values: [nan]
2023-11-30 10:34:23,404 - rasterio._io - DEBUG - all_valid: False
2023-11-30 10:34:23,404 - rasterio._io - DEBUG - mask_flags: ([<MaskFlags.nodata: 8>],)
2023-11-30 10:34:23,404 - rasterio._io - DEBUG - Jump straight to _read()
2023-11-30 10:34:23,404 - rasterio._io - DEBUG - Window: Window(col_off=0, row_off=0, width=10215, height=3792)
2023-11-30 10:34:23,404 - rasterio._io - DEBUG - IO window xoff=0.0 yoff=0.0 width=10215.0 height=3792.0
2023-11-30 10:34:23,836 - rasterio.env - DEBUG - Exiting env context: <rasterio.env.Env object at 0x14cf5af00>
2023-11-30 10:34:23,836 - rasterio.env - DEBUG - Cleared existing <rasterio._env.GDALEnv object at 0x14d8cc460> options
2023-11-30 10:34:23,836 - rasterio._env - DEBUG - Stopped GDALEnv <rasterio._env.GDALEnv object at 0x14d8cc460>.
2023-11-30 10:34:23,836 - rasterio.env - DEBUG - Exiting outermost env
2023-11-30 10:34:23,836 - rasterio.env - DEBUG - Exited env context: <rasterio.env.Env object at 0x14cf5af00>
2023-11-30 10:34:23,839 - urllib3.connectionpool - DEBUG - Starting new HTTPS connection (1): radar.bmkg.go.id:8060
2023-11-30 10:34:23,877 - urllib3.connectionpool - DEBUG - https://radar.bmkg.go.id:8060 "GET /getLatestLD?typeData=1 HTTP/1.1" 200 62
2023-11-30 10:34:25,319 - rasterio.env - DEBUG - Entering env context: <rasterio.env.Env object at 0x14d8524b0>
2023-11-30 10:34:25,320 - rasterio.env - DEBUG - Starting outermost env
2023-11-30 10:34:25,320 - rasterio.env - DEBUG - No GDAL environment exists
2023-11-30 10:34:25,320 - rasterio.env - DEBUG - New GDAL environment <rasterio._env.GDALEnv object at 0x14cfeb550> created
2023-11-30 10:34:25,321 - rasterio._env - DEBUG - GDAL_DATA found in environment.
2023-11-30 10:34:25,322 - rasterio._env - DEBUG - PROJ_DATA found in environment.
2023-11-30 10:34:25,322 - rasterio._env - DEBUG - Started GDALEnv: self=<rasterio._env.GDALEnv object at 0x14cfeb550>.
2023-11-30 10:34:25,322 - rasterio.env - DEBUG - Entered env context: <rasterio.env.Env object at 0x14d8524b0>
2023-11-30 10:34:25,323 - rasterio._base - DEBUG - Sharing flag: 0
2023-11-30 10:34:25,324 - rasterio._base - DEBUG - Nodata success: 0, Nodata value: 0.000000
2023-11-30 10:34:25,324 - rasterio._base - DEBUG - Dataset <open DatasetReader name='/Users/abidinz/Projects/present_weather/src/H09_B13_Indonesia_20231130.Z0320.cor.tiff' mode='r'> is started.
2023-11-30 10:34:25,324 - rasterio.env - DEBUG - Exiting env context: <rasterio.env.Env object at 0x14d8524b0>
2023-11-30 10:34:25,324 - rasterio.env - DEBUG - Cleared existing <rasterio._env.GDALEnv object at 0x14cfeb550> options
2023-11-30 10:34:25,324 - rasterio._env - DEBUG - Stopped GDALEnv <rasterio._env.GDALEnv object at 0x14cfeb550>.
2023-11-30 10:34:25,324 - rasterio.env - DEBUG - Exiting outermost env
2023-11-30 10:34:25,324 - rasterio.env - DEBUG - Exited env context: <rasterio.env.Env object at 0x14d8524b0>
2023-11-30 10:34:25,325 - rasterio.env - DEBUG - Entering env context: <rasterio.env.Env object at 0x14df073b0>
2023-11-30 10:34:25,325 - rasterio.env - DEBUG - Starting outermost env
2023-11-30 10:34:25,325 - rasterio.env - DEBUG - No GDAL environment exists
2023-11-30 10:34:25,325 - rasterio.env - DEBUG - New GDAL environment <rasterio._env.GDALEnv object at 0x14df05420> created
2023-11-30 10:34:25,326 - rasterio._env - DEBUG - GDAL_DATA found in environment.
2023-11-30 10:34:25,326 - rasterio._env - DEBUG - PROJ_DATA found in environment.
2023-11-30 10:34:25,326 - rasterio._env - DEBUG - Started GDALEnv: self=<rasterio._env.GDALEnv object at 0x14df05420>.
2023-11-30 10:34:25,326 - rasterio.env - DEBUG - Entered env context: <rasterio.env.Env object at 0x14df073b0>
2023-11-30 10:34:25,326 - rasterio._base - DEBUG - Sharing flag: 0
2023-11-30 10:34:25,326 - rasterio._base - DEBUG - Nodata success: 0, Nodata value: 0.000000
2023-11-30 10:34:25,326 - rasterio._base - DEBUG - Dataset <open DatasetReader name='/Users/abidinz/Projects/present_weather/src/H09_B13_Indonesia_20231130.Z0320.cor.tiff' mode='r'> is started.
2023-11-30 10:34:25,327 - rasterio.env - DEBUG - Exiting env context: <rasterio.env.Env object at 0x14df073b0>
2023-11-30 10:34:25,327 - rasterio.env - DEBUG - Cleared existing <rasterio._env.GDALEnv object at 0x14df05420> options
2023-11-30 10:34:25,327 - rasterio._env - DEBUG - Stopped GDALEnv <rasterio._env.GDALEnv object at 0x14df05420>.
2023-11-30 10:34:25,327 - rasterio.env - DEBUG - Exiting outermost env
2023-11-30 10:34:25,327 - rasterio.env - DEBUG - Exited env context: <rasterio.env.Env object at 0x14df073b0>
2023-11-30 10:34:25,333 - root - INFO - Generating present weather using SATELITE data
2023-11-30 10:34:46,573 - root - INFO - Total elapsed time: 0:00:25.098725
