2023-12-10 22:13:02,913 - root - INFO - Initiating present weather
2023-12-10 22:13:02,915 - asyncio - DEBUG - Using selector: EpollSelector
2023-12-10 22:13:04,534 - urllib3.connectionpool - DEBUG - Starting new HTTPS connection (1): radar.bmkg.go.id:8060
2023-12-10 22:13:04,551 - urllib3.connectionpool - DEBUG - https://radar.bmkg.go.id:8060 "GET /getLatestLD?typeData=1 HTTP/1.1" 200 62
2023-12-10 22:13:04,554 - urllib3.connectionpool - DEBUG - Starting new HTTPS connection (1): radar.bmkg.go.id:8060
2023-12-10 22:13:04,574 - urllib3.connectionpool - DEBUG - https://radar.bmkg.go.id:8060 "GET /getRadarGeotif?token=19387e71e78522ae4172ec0fda640983b8438c9cfa0ca571623cb69d8327&radar=amandemenForecast&type=latest HTTP/1.1" 200 90
2023-12-10 22:13:04,575 - rasterio.env - DEBUG - Entering env context: <rasterio.env.Env object at 0x7f3bdeb72e90>
2023-12-10 22:13:04,575 - rasterio.env - DEBUG - Starting outermost env
2023-12-10 22:13:04,575 - rasterio.env - DEBUG - No GDAL environment exists
2023-12-10 22:13:04,575 - rasterio.env - DEBUG - New GDAL environment <rasterio._env.GDALEnv object at 0x7f3bdeb72c80> created
2023-12-10 22:13:04,578 - rasterio._filepath - DEBUG - Installing FilePath filesystem handler plugin...
2023-12-10 22:13:04,578 - rasterio._env - DEBUG - GDAL data found in package: path='/home/metpublic/PYTHON_VENV/present_weather/lib/python3.10/site-packages/rasterio/gdal_data'.
2023-12-10 22:13:04,578 - rasterio._env - DEBUG - PROJ data found in package: path='/home/metpublic/PYTHON_VENV/present_weather/lib/python3.10/site-packages/rasterio/proj_data'.
2023-12-10 22:13:04,578 - rasterio._env - DEBUG - Started GDALEnv: self=<rasterio._env.GDALEnv object at 0x7f3bdeb72c80>.
2023-12-10 22:13:04,578 - rasterio.env - DEBUG - Entered env context: <rasterio.env.Env object at 0x7f3bdeb72e90>
2023-12-10 22:13:04,578 - rasterio._base - DEBUG - Sharing flag: 0
2023-12-10 22:13:04,845 - rasterio._base - DEBUG - Nodata success: 1, Nodata value: nan
2023-12-10 22:13:04,845 - rasterio._base - DEBUG - Dataset <open DatasetReader name='https://radar.bmkg.go.id/raster/radarsatelit_202312102210.tif' mode='r'> is started.
2023-12-10 22:13:04,846 - rasterio.env - DEBUG - Exiting env context: <rasterio.env.Env object at 0x7f3bdeb72e90>
2023-12-10 22:13:04,846 - rasterio.env - DEBUG - Cleared existing <rasterio._env.GDALEnv object at 0x7f3bdeb72c80> options
2023-12-10 22:13:04,846 - rasterio._env - DEBUG - Stopped GDALEnv <rasterio._env.GDALEnv object at 0x7f3bdeb72c80>.
2023-12-10 22:13:04,846 - rasterio.env - DEBUG - Exiting outermost env
2023-12-10 22:13:04,846 - rasterio.env - DEBUG - Exited env context: <rasterio.env.Env object at 0x7f3bdeb72e90>
2023-12-10 22:13:04,846 - rasterio.env - DEBUG - Entering env context: <rasterio.env.Env object at 0x7f3bdeb729e0>
2023-12-10 22:13:04,846 - rasterio.env - DEBUG - Starting outermost env
2023-12-10 22:13:04,846 - rasterio.env - DEBUG - No GDAL environment exists
2023-12-10 22:13:04,846 - rasterio.env - DEBUG - New GDAL environment <rasterio._env.GDALEnv object at 0x7f3bdeb72c80> created
2023-12-10 22:13:04,847 - rasterio._env - DEBUG - GDAL data found in package: path='/home/metpublic/PYTHON_VENV/present_weather/lib/python3.10/site-packages/rasterio/gdal_data'.
2023-12-10 22:13:04,847 - rasterio._env - DEBUG - PROJ data found in package: path='/home/metpublic/PYTHON_VENV/present_weather/lib/python3.10/site-packages/rasterio/proj_data'.
2023-12-10 22:13:04,847 - rasterio._env - DEBUG - Started GDALEnv: self=<rasterio._env.GDALEnv object at 0x7f3bdeb72c80>.
2023-12-10 22:13:04,847 - rasterio.env - DEBUG - Entered env context: <rasterio.env.Env object at 0x7f3bdeb729e0>
2023-12-10 22:13:04,847 - rasterio.env - DEBUG - Got a copy of environment <rasterio._env.GDALEnv object at 0x7f3bdeb72c80> options
2023-12-10 22:13:04,847 - rasterio.env - DEBUG - Entering env context: <rasterio.env.Env object at 0x7f3bdc10a0b0>
2023-12-10 22:13:04,847 - rasterio.env - DEBUG - Got a copy of environment <rasterio._env.GDALEnv object at 0x7f3bdeb72c80> options
2023-12-10 22:13:04,847 - rasterio.env - DEBUG - Entered env context: <rasterio.env.Env object at 0x7f3bdc10a0b0>
2023-12-10 22:13:04,848 - rasterio._base - DEBUG - Sharing flag: 0
2023-12-10 22:13:04,849 - rasterio._base - DEBUG - Nodata success: 1, Nodata value: nan
2023-12-10 22:13:04,849 - rasterio._base - DEBUG - Dataset <open DatasetReader name='https://radar.bmkg.go.id/raster/radarsatelit_202312102210.tif' mode='r'> is started.
2023-12-10 22:13:04,849 - rasterio.env - DEBUG - Exiting env context: <rasterio.env.Env object at 0x7f3bdc10a0b0>
2023-12-10 22:13:04,849 - rasterio.env - DEBUG - Cleared existing <rasterio._env.GDALEnv object at 0x7f3bdeb72c80> options
2023-12-10 22:13:04,849 - rasterio._env - DEBUG - Stopped GDALEnv <rasterio._env.GDALEnv object at 0x7f3bdeb72c80>.
2023-12-10 22:13:04,849 - rasterio.env - DEBUG - No GDAL environment exists
2023-12-10 22:13:04,849 - rasterio.env - DEBUG - New GDAL environment <rasterio._env.GDALEnv object at 0x7f3bdeb72c80> created
2023-12-10 22:13:04,849 - rasterio._env - DEBUG - GDAL data found in package: path='/home/metpublic/PYTHON_VENV/present_weather/lib/python3.10/site-packages/rasterio/gdal_data'.
2023-12-10 22:13:04,849 - rasterio._env - DEBUG - PROJ data found in package: path='/home/metpublic/PYTHON_VENV/present_weather/lib/python3.10/site-packages/rasterio/proj_data'.
2023-12-10 22:13:04,849 - rasterio._env - DEBUG - Started GDALEnv: self=<rasterio._env.GDALEnv object at 0x7f3bdeb72c80>.
2023-12-10 22:13:04,849 - rasterio.env - DEBUG - Exited env context: <rasterio.env.Env object at 0x7f3bdc10a0b0>
2023-12-10 22:13:04,866 - rasterio._io - DEBUG - Output nodata value read from file: nan
2023-12-10 22:13:04,867 - rasterio._io - DEBUG - Output nodata values: [nan]
2023-12-10 22:13:04,867 - rasterio._io - DEBUG - all_valid: False
2023-12-10 22:13:04,867 - rasterio._io - DEBUG - mask_flags: ([<MaskFlags.nodata: 8>],)
2023-12-10 22:13:04,867 - rasterio._io - DEBUG - Jump straight to _read()
2023-12-10 22:13:04,867 - rasterio._io - DEBUG - Window: Window(col_off=0, row_off=0, width=10178, height=3732)
2023-12-10 22:13:04,867 - rasterio._io - DEBUG - IO window xoff=0.0 yoff=0.0 width=10178.0 height=3732.0
2023-12-10 22:13:05,417 - rasterio.env - DEBUG - Exiting env context: <rasterio.env.Env object at 0x7f3bdeb729e0>
2023-12-10 22:13:05,418 - rasterio.env - DEBUG - Cleared existing <rasterio._env.GDALEnv object at 0x7f3bdeb72c80> options
2023-12-10 22:13:05,418 - rasterio._env - DEBUG - Stopped GDALEnv <rasterio._env.GDALEnv object at 0x7f3bdeb72c80>.
2023-12-10 22:13:05,418 - rasterio.env - DEBUG - Exiting outermost env
2023-12-10 22:13:05,418 - rasterio.env - DEBUG - Exited env context: <rasterio.env.Env object at 0x7f3bdeb729e0>
2023-12-10 22:17:50,301 - rasterio.env - DEBUG - Entering env context: <rasterio.env.Env object at 0x7f3bc451bc10>
2023-12-10 22:17:50,302 - rasterio.env - DEBUG - Starting outermost env
2023-12-10 22:17:50,302 - rasterio.env - DEBUG - No GDAL environment exists
2023-12-10 22:17:50,302 - rasterio.env - DEBUG - New GDAL environment <rasterio._env.GDALEnv object at 0x7f3bc451a3b0> created
2023-12-10 22:17:50,302 - rasterio._env - DEBUG - GDAL data found in package: path='/home/metpublic/PYTHON_VENV/present_weather/lib/python3.10/site-packages/rasterio/gdal_data'.
2023-12-10 22:17:50,303 - rasterio._env - DEBUG - PROJ data found in package: path='/home/metpublic/PYTHON_VENV/present_weather/lib/python3.10/site-packages/rasterio/proj_data'.
2023-12-10 22:17:50,303 - rasterio._env - DEBUG - Started GDALEnv: self=<rasterio._env.GDALEnv object at 0x7f3bc451a3b0>.
2023-12-10 22:17:50,303 - rasterio.env - DEBUG - Entered env context: <rasterio.env.Env object at 0x7f3bc451bc10>
2023-12-10 22:17:50,303 - rasterio._base - DEBUG - Sharing flag: 0
2023-12-10 22:17:50,305 - rasterio._base - DEBUG - Nodata success: 0, Nodata value: 0.000000
2023-12-10 22:17:50,305 - rasterio._base - DEBUG - Dataset <open DatasetReader name='/home/metpublic/TASK_RELEASE/EFAN/present_weather/src/H09_B13_Indonesia_20231210.Z2200.cor.tiff' mode='r'> is started.
2023-12-10 22:17:50,305 - rasterio.env - DEBUG - Exiting env context: <rasterio.env.Env object at 0x7f3bc451bc10>
2023-12-10 22:17:50,305 - rasterio.env - DEBUG - Cleared existing <rasterio._env.GDALEnv object at 0x7f3bc451a3b0> options
2023-12-10 22:17:50,305 - rasterio._env - DEBUG - Stopped GDALEnv <rasterio._env.GDALEnv object at 0x7f3bc451a3b0>.
2023-12-10 22:17:50,305 - rasterio.env - DEBUG - Exiting outermost env
2023-12-10 22:17:50,305 - rasterio.env - DEBUG - Exited env context: <rasterio.env.Env object at 0x7f3bc451bc10>
2023-12-10 22:17:50,305 - rasterio.env - DEBUG - Entering env context: <rasterio.env.Env object at 0x7f3bc4519c00>
2023-12-10 22:17:50,305 - rasterio.env - DEBUG - Starting outermost env
2023-12-10 22:17:50,305 - rasterio.env - DEBUG - No GDAL environment exists
2023-12-10 22:17:50,306 - rasterio.env - DEBUG - New GDAL environment <rasterio._env.GDALEnv object at 0x7f3bc451a680> created
2023-12-10 22:17:50,306 - rasterio._env - DEBUG - GDAL data found in package: path='/home/metpublic/PYTHON_VENV/present_weather/lib/python3.10/site-packages/rasterio/gdal_data'.
2023-12-10 22:17:50,306 - rasterio._env - DEBUG - PROJ data found in package: path='/home/metpublic/PYTHON_VENV/present_weather/lib/python3.10/site-packages/rasterio/proj_data'.
2023-12-10 22:17:50,306 - rasterio._env - DEBUG - Started GDALEnv: self=<rasterio._env.GDALEnv object at 0x7f3bc451a680>.
2023-12-10 22:17:50,306 - rasterio.env - DEBUG - Entered env context: <rasterio.env.Env object at 0x7f3bc4519c00>
2023-12-10 22:17:50,306 - rasterio._base - DEBUG - Sharing flag: 0
2023-12-10 22:17:50,307 - rasterio._base - DEBUG - Nodata success: 0, Nodata value: 0.000000
2023-12-10 22:17:50,307 - rasterio._base - DEBUG - Dataset <open DatasetReader name='/home/metpublic/TASK_RELEASE/EFAN/present_weather/src/H09_B13_Indonesia_20231210.Z2200.cor.tiff' mode='r'> is started.
2023-12-10 22:17:50,307 - rasterio.env - DEBUG - Exiting env context: <rasterio.env.Env object at 0x7f3bc4519c00>
2023-12-10 22:17:50,307 - rasterio.env - DEBUG - Cleared existing <rasterio._env.GDALEnv object at 0x7f3bc451a680> options
2023-12-10 22:17:50,307 - rasterio._env - DEBUG - Stopped GDALEnv <rasterio._env.GDALEnv object at 0x7f3bc451a680>.
2023-12-10 22:17:50,307 - rasterio.env - DEBUG - Exiting outermost env
2023-12-10 22:17:50,307 - rasterio.env - DEBUG - Exited env context: <rasterio.env.Env object at 0x7f3bc4519c00>
2023-12-10 22:17:50,317 - root - INFO - Generating present weather using SATELITE data
2023-12-10 22:19:04,454 - root - INFO - Total elapsed time: 0:06:01.541705
