2023-12-10 20:13:02,290 - root - INFO - Initiating present weather
2023-12-10 20:13:02,292 - asyncio - DEBUG - Using selector: EpollSelector
2023-12-10 20:13:03,919 - urllib3.connectionpool - DEBUG - Starting new HTTPS connection (1): radar.bmkg.go.id:8060
2023-12-10 20:13:03,931 - urllib3.connectionpool - DEBUG - https://radar.bmkg.go.id:8060 "GET /getLatestLD?typeData=1 HTTP/1.1" 200 62
2023-12-10 20:13:03,934 - urllib3.connectionpool - DEBUG - Starting new HTTPS connection (1): radar.bmkg.go.id:8060
2023-12-10 20:13:03,956 - urllib3.connectionpool - DEBUG - https://radar.bmkg.go.id:8060 "GET /getRadarGeotif?token=19387e71e78522ae4172ec0fda640983b8438c9cfa0ca571623cb69d8327&radar=amandemenForecast&type=latest HTTP/1.1" 200 90
2023-12-10 20:13:03,957 - rasterio.env - DEBUG - Entering env context: <rasterio.env.Env object at 0x7fd10d865810>
2023-12-10 20:13:03,957 - rasterio.env - DEBUG - Starting outermost env
2023-12-10 20:13:03,958 - rasterio.env - DEBUG - No GDAL environment exists
2023-12-10 20:13:03,958 - rasterio.env - DEBUG - New GDAL environment <rasterio._env.GDALEnv object at 0x7fd10d866ec0> created
2023-12-10 20:13:03,960 - rasterio._filepath - DEBUG - Installing FilePath filesystem handler plugin...
2023-12-10 20:13:03,960 - rasterio._env - DEBUG - GDAL data found in package: path='/home/metpublic/PYTHON_VENV/present_weather/lib/python3.10/site-packages/rasterio/gdal_data'.
2023-12-10 20:13:03,960 - rasterio._env - DEBUG - PROJ data found in package: path='/home/metpublic/PYTHON_VENV/present_weather/lib/python3.10/site-packages/rasterio/proj_data'.
2023-12-10 20:13:03,960 - rasterio._env - DEBUG - Started GDALEnv: self=<rasterio._env.GDALEnv object at 0x7fd10d866ec0>.
2023-12-10 20:13:03,960 - rasterio.env - DEBUG - Entered env context: <rasterio.env.Env object at 0x7fd10d865810>
2023-12-10 20:13:03,960 - rasterio._base - DEBUG - Sharing flag: 0
2023-12-10 20:13:04,238 - rasterio._base - DEBUG - Nodata success: 1, Nodata value: nan
2023-12-10 20:13:04,238 - rasterio._base - DEBUG - Dataset <open DatasetReader name='https://radar.bmkg.go.id/raster/radarsatelit_202312102010.tif' mode='r'> is started.
2023-12-10 20:13:04,238 - rasterio.env - DEBUG - Exiting env context: <rasterio.env.Env object at 0x7fd10d865810>
2023-12-10 20:13:04,238 - rasterio.env - DEBUG - Cleared existing <rasterio._env.GDALEnv object at 0x7fd10d866ec0> options
2023-12-10 20:13:04,239 - rasterio._env - DEBUG - Stopped GDALEnv <rasterio._env.GDALEnv object at 0x7fd10d866ec0>.
2023-12-10 20:13:04,239 - rasterio.env - DEBUG - Exiting outermost env
2023-12-10 20:13:04,239 - rasterio.env - DEBUG - Exited env context: <rasterio.env.Env object at 0x7fd10d865810>
2023-12-10 20:13:04,239 - rasterio.env - DEBUG - Entering env context: <rasterio.env.Env object at 0x7fd10c5aec80>
2023-12-10 20:13:04,239 - rasterio.env - DEBUG - Starting outermost env
2023-12-10 20:13:04,239 - rasterio.env - DEBUG - No GDAL environment exists
2023-12-10 20:13:04,239 - rasterio.env - DEBUG - New GDAL environment <rasterio._env.GDALEnv object at 0x7fd10d866ec0> created
2023-12-10 20:13:04,239 - rasterio._env - DEBUG - GDAL data found in package: path='/home/metpublic/PYTHON_VENV/present_weather/lib/python3.10/site-packages/rasterio/gdal_data'.
2023-12-10 20:13:04,241 - rasterio._env - DEBUG - PROJ data found in package: path='/home/metpublic/PYTHON_VENV/present_weather/lib/python3.10/site-packages/rasterio/proj_data'.
2023-12-10 20:13:04,241 - rasterio._env - DEBUG - Started GDALEnv: self=<rasterio._env.GDALEnv object at 0x7fd10d866ec0>.
2023-12-10 20:13:04,241 - rasterio.env - DEBUG - Entered env context: <rasterio.env.Env object at 0x7fd10c5aec80>
2023-12-10 20:13:04,241 - rasterio.env - DEBUG - Got a copy of environment <rasterio._env.GDALEnv object at 0x7fd10d866ec0> options
2023-12-10 20:13:04,242 - rasterio.env - DEBUG - Entering env context: <rasterio.env.Env object at 0x7fd10c5f92a0>
2023-12-10 20:13:04,242 - rasterio.env - DEBUG - Got a copy of environment <rasterio._env.GDALEnv object at 0x7fd10d866ec0> options
2023-12-10 20:13:04,242 - rasterio.env - DEBUG - Entered env context: <rasterio.env.Env object at 0x7fd10c5f92a0>
2023-12-10 20:13:04,242 - rasterio._base - DEBUG - Sharing flag: 0
2023-12-10 20:13:04,243 - rasterio._base - DEBUG - Nodata success: 1, Nodata value: nan
2023-12-10 20:13:04,243 - rasterio._base - DEBUG - Dataset <open DatasetReader name='https://radar.bmkg.go.id/raster/radarsatelit_202312102010.tif' mode='r'> is started.
2023-12-10 20:13:04,243 - rasterio.env - DEBUG - Exiting env context: <rasterio.env.Env object at 0x7fd10c5f92a0>
2023-12-10 20:13:04,243 - rasterio.env - DEBUG - Cleared existing <rasterio._env.GDALEnv object at 0x7fd10d866ec0> options
2023-12-10 20:13:04,243 - rasterio._env - DEBUG - Stopped GDALEnv <rasterio._env.GDALEnv object at 0x7fd10d866ec0>.
2023-12-10 20:13:04,243 - rasterio.env - DEBUG - No GDAL environment exists
2023-12-10 20:13:04,243 - rasterio.env - DEBUG - New GDAL environment <rasterio._env.GDALEnv object at 0x7fd10d866ec0> created
2023-12-10 20:13:04,244 - rasterio._env - DEBUG - GDAL data found in package: path='/home/metpublic/PYTHON_VENV/present_weather/lib/python3.10/site-packages/rasterio/gdal_data'.
2023-12-10 20:13:04,244 - rasterio._env - DEBUG - PROJ data found in package: path='/home/metpublic/PYTHON_VENV/present_weather/lib/python3.10/site-packages/rasterio/proj_data'.
2023-12-10 20:13:04,244 - rasterio._env - DEBUG - Started GDALEnv: self=<rasterio._env.GDALEnv object at 0x7fd10d866ec0>.
2023-12-10 20:13:04,244 - rasterio.env - DEBUG - Exited env context: <rasterio.env.Env object at 0x7fd10c5f92a0>
2023-12-10 20:13:04,261 - rasterio._io - DEBUG - Output nodata value read from file: nan
2023-12-10 20:13:04,261 - rasterio._io - DEBUG - Output nodata values: [nan]
2023-12-10 20:13:04,261 - rasterio._io - DEBUG - all_valid: False
2023-12-10 20:13:04,261 - rasterio._io - DEBUG - mask_flags: ([<MaskFlags.nodata: 8>],)
2023-12-10 20:13:04,262 - rasterio._io - DEBUG - Jump straight to _read()
2023-12-10 20:13:04,262 - rasterio._io - DEBUG - Window: Window(col_off=0, row_off=0, width=10177, height=3692)
2023-12-10 20:13:04,262 - rasterio._io - DEBUG - IO window xoff=0.0 yoff=0.0 width=10177.0 height=3692.0
2023-12-10 20:13:04,778 - rasterio.env - DEBUG - Exiting env context: <rasterio.env.Env object at 0x7fd10c5aec80>
2023-12-10 20:13:04,778 - rasterio.env - DEBUG - Cleared existing <rasterio._env.GDALEnv object at 0x7fd10d866ec0> options
2023-12-10 20:13:04,778 - rasterio._env - DEBUG - Stopped GDALEnv <rasterio._env.GDALEnv object at 0x7fd10d866ec0>.
2023-12-10 20:13:04,778 - rasterio.env - DEBUG - Exiting outermost env
2023-12-10 20:13:04,778 - rasterio.env - DEBUG - Exited env context: <rasterio.env.Env object at 0x7fd10c5aec80>
2023-12-10 20:17:45,984 - rasterio.env - DEBUG - Entering env context: <rasterio.env.Env object at 0x7fd10c5f9ea0>
2023-12-10 20:17:45,984 - rasterio.env - DEBUG - Starting outermost env
2023-12-10 20:17:45,984 - rasterio.env - DEBUG - No GDAL environment exists
2023-12-10 20:17:45,984 - rasterio.env - DEBUG - New GDAL environment <rasterio._env.GDALEnv object at 0x7fd10c544c40> created
2023-12-10 20:17:45,985 - rasterio._env - DEBUG - GDAL data found in package: path='/home/metpublic/PYTHON_VENV/present_weather/lib/python3.10/site-packages/rasterio/gdal_data'.
2023-12-10 20:17:45,985 - rasterio._env - DEBUG - PROJ data found in package: path='/home/metpublic/PYTHON_VENV/present_weather/lib/python3.10/site-packages/rasterio/proj_data'.
2023-12-10 20:17:45,986 - rasterio._env - DEBUG - Started GDALEnv: self=<rasterio._env.GDALEnv object at 0x7fd10c544c40>.
2023-12-10 20:17:45,986 - rasterio.env - DEBUG - Entered env context: <rasterio.env.Env object at 0x7fd10c5f9ea0>
2023-12-10 20:17:45,986 - rasterio._base - DEBUG - Sharing flag: 0
2023-12-10 20:17:45,987 - rasterio._base - DEBUG - Nodata success: 0, Nodata value: 0.000000
2023-12-10 20:17:45,988 - rasterio._base - DEBUG - Dataset <open DatasetReader name='/home/metpublic/TASK_RELEASE/EFAN/present_weather/src/H09_B13_Indonesia_20231210.Z2000.cor.tiff' mode='r'> is started.
2023-12-10 20:17:45,988 - rasterio.env - DEBUG - Exiting env context: <rasterio.env.Env object at 0x7fd10c5f9ea0>
2023-12-10 20:17:45,988 - rasterio.env - DEBUG - Cleared existing <rasterio._env.GDALEnv object at 0x7fd10c544c40> options
2023-12-10 20:17:45,988 - rasterio._env - DEBUG - Stopped GDALEnv <rasterio._env.GDALEnv object at 0x7fd10c544c40>.
2023-12-10 20:17:45,988 - rasterio.env - DEBUG - Exiting outermost env
2023-12-10 20:17:45,988 - rasterio.env - DEBUG - Exited env context: <rasterio.env.Env object at 0x7fd10c5f9ea0>
2023-12-10 20:17:45,989 - rasterio.env - DEBUG - Entering env context: <rasterio.env.Env object at 0x7fd10c545b70>
2023-12-10 20:17:45,989 - rasterio.env - DEBUG - Starting outermost env
2023-12-10 20:17:45,989 - rasterio.env - DEBUG - No GDAL environment exists
2023-12-10 20:17:45,989 - rasterio.env - DEBUG - New GDAL environment <rasterio._env.GDALEnv object at 0x7fd10c544fd0> created
2023-12-10 20:17:45,990 - rasterio._env - DEBUG - GDAL data found in package: path='/home/metpublic/PYTHON_VENV/present_weather/lib/python3.10/site-packages/rasterio/gdal_data'.
2023-12-10 20:17:45,990 - rasterio._env - DEBUG - PROJ data found in package: path='/home/metpublic/PYTHON_VENV/present_weather/lib/python3.10/site-packages/rasterio/proj_data'.
2023-12-10 20:17:45,990 - rasterio._env - DEBUG - Started GDALEnv: self=<rasterio._env.GDALEnv object at 0x7fd10c544fd0>.
2023-12-10 20:17:45,990 - rasterio.env - DEBUG - Entered env context: <rasterio.env.Env object at 0x7fd10c545b70>
2023-12-10 20:17:45,990 - rasterio._base - DEBUG - Sharing flag: 0
2023-12-10 20:17:45,992 - rasterio._base - DEBUG - Nodata success: 0, Nodata value: 0.000000
2023-12-10 20:17:45,992 - rasterio._base - DEBUG - Dataset <open DatasetReader name='/home/metpublic/TASK_RELEASE/EFAN/present_weather/src/H09_B13_Indonesia_20231210.Z2000.cor.tiff' mode='r'> is started.
2023-12-10 20:17:45,992 - rasterio.env - DEBUG - Exiting env context: <rasterio.env.Env object at 0x7fd10c545b70>
2023-12-10 20:17:45,992 - rasterio.env - DEBUG - Cleared existing <rasterio._env.GDALEnv object at 0x7fd10c544fd0> options
2023-12-10 20:17:45,992 - rasterio._env - DEBUG - Stopped GDALEnv <rasterio._env.GDALEnv object at 0x7fd10c544fd0>.
2023-12-10 20:17:45,992 - rasterio.env - DEBUG - Exiting outermost env
2023-12-10 20:17:45,992 - rasterio.env - DEBUG - Exited env context: <rasterio.env.Env object at 0x7fd10c545b70>
2023-12-10 20:17:46,003 - root - INFO - Generating present weather using SATELITE data
2023-12-10 20:19:01,464 - root - INFO - Total elapsed time: 0:05:59.174128
