2023-12-10 15:33:02,748 - root - INFO - Initiating present weather
2023-12-10 15:33:02,749 - asyncio - DEBUG - Using selector: EpollSelector
2023-12-10 15:33:04,291 - urllib3.connectionpool - DEBUG - Starting new HTTPS connection (1): radar.bmkg.go.id:8060
2023-12-10 15:33:04,304 - urllib3.connectionpool - DEBUG - https://radar.bmkg.go.id:8060 "GET /getLatestLD?typeData=1 HTTP/1.1" 200 62
2023-12-10 15:33:04,306 - urllib3.connectionpool - DEBUG - Starting new HTTPS connection (1): radar.bmkg.go.id:8060
2023-12-10 15:33:04,329 - urllib3.connectionpool - DEBUG - https://radar.bmkg.go.id:8060 "GET /getRadarGeotif?token=19387e71e78522ae4172ec0fda640983b8438c9cfa0ca571623cb69d8327&radar=amandemenForecast&type=latest HTTP/1.1" 200 90
2023-12-10 15:33:04,330 - rasterio.env - DEBUG - Entering env context: <rasterio.env.Env object at 0x7f80a05aa410>
2023-12-10 15:33:04,330 - rasterio.env - DEBUG - Starting outermost env
2023-12-10 15:33:04,330 - rasterio.env - DEBUG - No GDAL environment exists
2023-12-10 15:33:04,330 - rasterio.env - DEBUG - New GDAL environment <rasterio._env.GDALEnv object at 0x7f80a05aa4d0> created
2023-12-10 15:33:04,333 - rasterio._filepath - DEBUG - Installing FilePath filesystem handler plugin...
2023-12-10 15:33:04,333 - rasterio._env - DEBUG - GDAL data found in package: path='/home/metpublic/PYTHON_VENV/present_weather/lib/python3.10/site-packages/rasterio/gdal_data'.
2023-12-10 15:33:04,333 - rasterio._env - DEBUG - PROJ data found in package: path='/home/metpublic/PYTHON_VENV/present_weather/lib/python3.10/site-packages/rasterio/proj_data'.
2023-12-10 15:33:04,333 - rasterio._env - DEBUG - Started GDALEnv: self=<rasterio._env.GDALEnv object at 0x7f80a05aa4d0>.
2023-12-10 15:33:04,333 - rasterio.env - DEBUG - Entered env context: <rasterio.env.Env object at 0x7f80a05aa410>
2023-12-10 15:33:04,333 - rasterio._base - DEBUG - Sharing flag: 0
2023-12-10 15:33:04,613 - rasterio._base - DEBUG - Nodata success: 1, Nodata value: nan
2023-12-10 15:33:04,614 - rasterio._base - DEBUG - Dataset <open DatasetReader name='https://radar.bmkg.go.id/raster/radarsatelit_202312101530.tif' mode='r'> is started.
2023-12-10 15:33:04,615 - rasterio.env - DEBUG - Exiting env context: <rasterio.env.Env object at 0x7f80a05aa410>
2023-12-10 15:33:04,615 - rasterio.env - DEBUG - Cleared existing <rasterio._env.GDALEnv object at 0x7f80a05aa4d0> options
2023-12-10 15:33:04,615 - rasterio._env - DEBUG - Stopped GDALEnv <rasterio._env.GDALEnv object at 0x7f80a05aa4d0>.
2023-12-10 15:33:04,615 - rasterio.env - DEBUG - Exiting outermost env
2023-12-10 15:33:04,615 - rasterio.env - DEBUG - Exited env context: <rasterio.env.Env object at 0x7f80a05aa410>
2023-12-10 15:33:04,615 - rasterio.env - DEBUG - Entering env context: <rasterio.env.Env object at 0x7f80a04ec700>
2023-12-10 15:33:04,615 - rasterio.env - DEBUG - Starting outermost env
2023-12-10 15:33:04,615 - rasterio.env - DEBUG - No GDAL environment exists
2023-12-10 15:33:04,615 - rasterio.env - DEBUG - New GDAL environment <rasterio._env.GDALEnv object at 0x7f80a05abbe0> created
2023-12-10 15:33:04,615 - rasterio._env - DEBUG - GDAL data found in package: path='/home/metpublic/PYTHON_VENV/present_weather/lib/python3.10/site-packages/rasterio/gdal_data'.
2023-12-10 15:33:04,616 - rasterio._env - DEBUG - PROJ data found in package: path='/home/metpublic/PYTHON_VENV/present_weather/lib/python3.10/site-packages/rasterio/proj_data'.
2023-12-10 15:33:04,616 - rasterio._env - DEBUG - Started GDALEnv: self=<rasterio._env.GDALEnv object at 0x7f80a05abbe0>.
2023-12-10 15:33:04,616 - rasterio.env - DEBUG - Entered env context: <rasterio.env.Env object at 0x7f80a04ec700>
2023-12-10 15:33:04,616 - rasterio.env - DEBUG - Got a copy of environment <rasterio._env.GDALEnv object at 0x7f80a05abbe0> options
2023-12-10 15:33:04,616 - rasterio.env - DEBUG - Entering env context: <rasterio.env.Env object at 0x7f80a03fe140>
2023-12-10 15:33:04,616 - rasterio.env - DEBUG - Got a copy of environment <rasterio._env.GDALEnv object at 0x7f80a05abbe0> options
2023-12-10 15:33:04,616 - rasterio.env - DEBUG - Entered env context: <rasterio.env.Env object at 0x7f80a03fe140>
2023-12-10 15:33:04,617 - rasterio._base - DEBUG - Sharing flag: 0
2023-12-10 15:33:04,617 - rasterio._base - DEBUG - Nodata success: 1, Nodata value: nan
2023-12-10 15:33:04,618 - rasterio._base - DEBUG - Dataset <open DatasetReader name='https://radar.bmkg.go.id/raster/radarsatelit_202312101530.tif' mode='r'> is started.
2023-12-10 15:33:04,618 - rasterio.env - DEBUG - Exiting env context: <rasterio.env.Env object at 0x7f80a03fe140>
2023-12-10 15:33:04,618 - rasterio.env - DEBUG - Cleared existing <rasterio._env.GDALEnv object at 0x7f80a05abbe0> options
2023-12-10 15:33:04,618 - rasterio._env - DEBUG - Stopped GDALEnv <rasterio._env.GDALEnv object at 0x7f80a05abbe0>.
2023-12-10 15:33:04,618 - rasterio.env - DEBUG - No GDAL environment exists
2023-12-10 15:33:04,618 - rasterio.env - DEBUG - New GDAL environment <rasterio._env.GDALEnv object at 0x7f80a05abbe0> created
2023-12-10 15:33:04,618 - rasterio._env - DEBUG - GDAL data found in package: path='/home/metpublic/PYTHON_VENV/present_weather/lib/python3.10/site-packages/rasterio/gdal_data'.
2023-12-10 15:33:04,618 - rasterio._env - DEBUG - PROJ data found in package: path='/home/metpublic/PYTHON_VENV/present_weather/lib/python3.10/site-packages/rasterio/proj_data'.
2023-12-10 15:33:04,618 - rasterio._env - DEBUG - Started GDALEnv: self=<rasterio._env.GDALEnv object at 0x7f80a05abbe0>.
2023-12-10 15:33:04,618 - rasterio.env - DEBUG - Exited env context: <rasterio.env.Env object at 0x7f80a03fe140>
2023-12-10 15:33:04,636 - rasterio._io - DEBUG - Output nodata value read from file: nan
2023-12-10 15:33:04,636 - rasterio._io - DEBUG - Output nodata values: [nan]
2023-12-10 15:33:04,636 - rasterio._io - DEBUG - all_valid: False
2023-12-10 15:33:04,636 - rasterio._io - DEBUG - mask_flags: ([<MaskFlags.nodata: 8>],)
2023-12-10 15:33:04,637 - rasterio._io - DEBUG - Jump straight to _read()
2023-12-10 15:33:04,637 - rasterio._io - DEBUG - Window: Window(col_off=0, row_off=0, width=10177, height=3692)
2023-12-10 15:33:04,637 - rasterio._io - DEBUG - IO window xoff=0.0 yoff=0.0 width=10177.0 height=3692.0
2023-12-10 15:33:05,213 - rasterio.env - DEBUG - Exiting env context: <rasterio.env.Env object at 0x7f80a04ec700>
2023-12-10 15:33:05,214 - rasterio.env - DEBUG - Cleared existing <rasterio._env.GDALEnv object at 0x7f80a05abbe0> options
2023-12-10 15:33:05,214 - rasterio._env - DEBUG - Stopped GDALEnv <rasterio._env.GDALEnv object at 0x7f80a05abbe0>.
2023-12-10 15:33:05,214 - rasterio.env - DEBUG - Exiting outermost env
2023-12-10 15:33:05,214 - rasterio.env - DEBUG - Exited env context: <rasterio.env.Env object at 0x7f80a04ec700>
2023-12-10 15:37:48,609 - rasterio.env - DEBUG - Entering env context: <rasterio.env.Env object at 0x7f80a03fc0d0>
2023-12-10 15:37:48,609 - rasterio.env - DEBUG - Starting outermost env
2023-12-10 15:37:48,609 - rasterio.env - DEBUG - No GDAL environment exists
2023-12-10 15:37:48,609 - rasterio.env - DEBUG - New GDAL environment <rasterio._env.GDALEnv object at 0x7f80a03fd840> created
2023-12-10 15:37:48,610 - rasterio._env - DEBUG - GDAL data found in package: path='/home/metpublic/PYTHON_VENV/present_weather/lib/python3.10/site-packages/rasterio/gdal_data'.
2023-12-10 15:37:48,610 - rasterio._env - DEBUG - PROJ data found in package: path='/home/metpublic/PYTHON_VENV/present_weather/lib/python3.10/site-packages/rasterio/proj_data'.
2023-12-10 15:37:48,610 - rasterio._env - DEBUG - Started GDALEnv: self=<rasterio._env.GDALEnv object at 0x7f80a03fd840>.
2023-12-10 15:37:48,610 - rasterio.env - DEBUG - Entered env context: <rasterio.env.Env object at 0x7f80a03fc0d0>
2023-12-10 15:37:48,610 - rasterio._base - DEBUG - Sharing flag: 0
2023-12-10 15:37:48,611 - rasterio._base - DEBUG - Nodata success: 0, Nodata value: 0.000000
2023-12-10 15:37:48,611 - rasterio._base - DEBUG - Dataset <open DatasetReader name='/home/metpublic/TASK_RELEASE/EFAN/present_weather/src/H09_B13_Indonesia_20231210.Z1520.cor.tiff' mode='r'> is started.
2023-12-10 15:37:48,612 - rasterio.env - DEBUG - Exiting env context: <rasterio.env.Env object at 0x7f80a03fc0d0>
2023-12-10 15:37:48,612 - rasterio.env - DEBUG - Cleared existing <rasterio._env.GDALEnv object at 0x7f80a03fd840> options
2023-12-10 15:37:48,612 - rasterio._env - DEBUG - Stopped GDALEnv <rasterio._env.GDALEnv object at 0x7f80a03fd840>.
2023-12-10 15:37:48,612 - rasterio.env - DEBUG - Exiting outermost env
2023-12-10 15:37:48,612 - rasterio.env - DEBUG - Exited env context: <rasterio.env.Env object at 0x7f80a03fc0d0>
2023-12-10 15:37:48,612 - rasterio.env - DEBUG - Entering env context: <rasterio.env.Env object at 0x7f80a047e170>
2023-12-10 15:37:48,612 - rasterio.env - DEBUG - Starting outermost env
2023-12-10 15:37:48,612 - rasterio.env - DEBUG - No GDAL environment exists
2023-12-10 15:37:48,612 - rasterio.env - DEBUG - New GDAL environment <rasterio._env.GDALEnv object at 0x7f80a047f5b0> created
2023-12-10 15:37:48,613 - rasterio._env - DEBUG - GDAL data found in package: path='/home/metpublic/PYTHON_VENV/present_weather/lib/python3.10/site-packages/rasterio/gdal_data'.
2023-12-10 15:37:48,613 - rasterio._env - DEBUG - PROJ data found in package: path='/home/metpublic/PYTHON_VENV/present_weather/lib/python3.10/site-packages/rasterio/proj_data'.
2023-12-10 15:37:48,613 - rasterio._env - DEBUG - Started GDALEnv: self=<rasterio._env.GDALEnv object at 0x7f80a047f5b0>.
2023-12-10 15:37:48,613 - rasterio.env - DEBUG - Entered env context: <rasterio.env.Env object at 0x7f80a047e170>
2023-12-10 15:37:48,613 - rasterio._base - DEBUG - Sharing flag: 0
2023-12-10 15:37:48,615 - rasterio._base - DEBUG - Nodata success: 0, Nodata value: 0.000000
2023-12-10 15:37:48,615 - rasterio._base - DEBUG - Dataset <open DatasetReader name='/home/metpublic/TASK_RELEASE/EFAN/present_weather/src/H09_B13_Indonesia_20231210.Z1520.cor.tiff' mode='r'> is started.
2023-12-10 15:37:48,615 - rasterio.env - DEBUG - Exiting env context: <rasterio.env.Env object at 0x7f80a047e170>
2023-12-10 15:37:48,615 - rasterio.env - DEBUG - Cleared existing <rasterio._env.GDALEnv object at 0x7f80a047f5b0> options
2023-12-10 15:37:48,615 - rasterio._env - DEBUG - Stopped GDALEnv <rasterio._env.GDALEnv object at 0x7f80a047f5b0>.
2023-12-10 15:37:48,615 - rasterio.env - DEBUG - Exiting outermost env
2023-12-10 15:37:48,615 - rasterio.env - DEBUG - Exited env context: <rasterio.env.Env object at 0x7f80a047e170>
2023-12-10 15:37:48,627 - root - INFO - Generating present weather using SATELITE data
2023-12-10 15:40:07,732 - root - INFO - Total elapsed time: 0:07:04.984975
