2023-11-19 07:00:03,155 - root - INFO - Initiating present weather
2023-11-19 07:00:03,157 - urllib3.connectionpool - DEBUG - Starting new HTTPS connection (1): radar.bmkg.go.id:8060
2023-11-19 07:00:03,233 - urllib3.connectionpool - DEBUG - https://radar.bmkg.go.id:8060 "GET /getRadarGeotif?token=19387e71e78522ae4172ec0fda640983b8438c9cfa0ca571623cb69d8327&radar=amandemenForecast&type=latest HTTP/1.1" 200 90
2023-11-19 07:00:03,237 - rasterio.env - DEBUG - Entering env context: <rasterio.env.Env object at 0x7f54b04414c0>
2023-11-19 07:00:03,239 - rasterio.env - DEBUG - Starting outermost env
2023-11-19 07:00:03,239 - rasterio.env - DEBUG - No GDAL environment exists
2023-11-19 07:00:03,239 - rasterio.env - DEBUG - New GDAL environment <rasterio._env.GDALEnv object at 0x7f55158a5390> created
2023-11-19 07:00:03,244 - rasterio._filepath - DEBUG - Installing FilePath filesystem handler plugin...
2023-11-19 07:00:03,244 - rasterio._env - DEBUG - GDAL data found in package: path='/home/swx/miniconda3/envs/present_weather/lib/python3.12/site-packages/rasterio/gdal_data'.
2023-11-19 07:00:03,244 - rasterio._env - DEBUG - PROJ_LIB found in environment.
2023-11-19 07:00:03,244 - rasterio._env - DEBUG - Started GDALEnv: self=<rasterio._env.GDALEnv object at 0x7f55158a5390>.
2023-11-19 07:00:03,245 - rasterio.env - DEBUG - Entered env context: <rasterio.env.Env object at 0x7f54b04414c0>
2023-11-19 07:00:03,245 - rasterio._base - DEBUG - Sharing flag: 0
2023-11-19 07:00:03,436 - rasterio._base - DEBUG - Nodata success: 1, Nodata value: nan
2023-11-19 07:00:03,436 - rasterio._base - DEBUG - Dataset <open DatasetReader name='https://radar.bmkg.go.id/raster/radarsatelit_202311190650.tif' mode='r'> is started.
2023-11-19 07:00:03,437 - rasterio.env - DEBUG - Exiting env context: <rasterio.env.Env object at 0x7f54b04414c0>
2023-11-19 07:00:03,437 - rasterio.env - DEBUG - Cleared existing <rasterio._env.GDALEnv object at 0x7f55158a5390> options
2023-11-19 07:00:03,437 - rasterio._env - DEBUG - Stopped GDALEnv <rasterio._env.GDALEnv object at 0x7f55158a5390>.
2023-11-19 07:00:03,437 - rasterio.env - DEBUG - Exiting outermost env
2023-11-19 07:00:03,437 - rasterio.env - DEBUG - Exited env context: <rasterio.env.Env object at 0x7f54b04414c0>
2023-11-19 07:00:03,437 - rasterio.env - DEBUG - Entering env context: <rasterio.env.Env object at 0x7f54b0177d40>
2023-11-19 07:00:03,437 - rasterio.env - DEBUG - Starting outermost env
2023-11-19 07:00:03,437 - rasterio.env - DEBUG - No GDAL environment exists
2023-11-19 07:00:03,437 - rasterio.env - DEBUG - New GDAL environment <rasterio._env.GDALEnv object at 0x7f55158a5390> created
2023-11-19 07:00:03,438 - rasterio._env - DEBUG - GDAL data found in package: path='/home/swx/miniconda3/envs/present_weather/lib/python3.12/site-packages/rasterio/gdal_data'.
2023-11-19 07:00:03,438 - rasterio._env - DEBUG - PROJ_LIB found in environment.
2023-11-19 07:00:03,438 - rasterio._env - DEBUG - Started GDALEnv: self=<rasterio._env.GDALEnv object at 0x7f55158a5390>.
2023-11-19 07:00:03,438 - rasterio.env - DEBUG - Entered env context: <rasterio.env.Env object at 0x7f54b0177d40>
2023-11-19 07:00:03,440 - rasterio.env - DEBUG - Got a copy of environment <rasterio._env.GDALEnv object at 0x7f55158a5390> options
2023-11-19 07:00:03,440 - rasterio.env - DEBUG - Entering env context: <rasterio.env.Env object at 0x7f54f48c4b60>
2023-11-19 07:00:03,440 - rasterio.env - DEBUG - Got a copy of environment <rasterio._env.GDALEnv object at 0x7f55158a5390> options
2023-11-19 07:00:03,440 - rasterio.env - DEBUG - Entered env context: <rasterio.env.Env object at 0x7f54f48c4b60>
2023-11-19 07:00:03,440 - rasterio._base - DEBUG - Sharing flag: 0
2023-11-19 07:00:03,441 - rasterio._base - DEBUG - Nodata success: 1, Nodata value: nan
2023-11-19 07:00:03,441 - rasterio._base - DEBUG - Dataset <open DatasetReader name='https://radar.bmkg.go.id/raster/radarsatelit_202311190650.tif' mode='r'> is started.
2023-11-19 07:00:03,441 - rasterio.env - DEBUG - Exiting env context: <rasterio.env.Env object at 0x7f54f48c4b60>
2023-11-19 07:00:03,441 - rasterio.env - DEBUG - Cleared existing <rasterio._env.GDALEnv object at 0x7f55158a5390> options
2023-11-19 07:00:03,441 - rasterio._env - DEBUG - Stopped GDALEnv <rasterio._env.GDALEnv object at 0x7f55158a5390>.
2023-11-19 07:00:03,442 - rasterio.env - DEBUG - No GDAL environment exists
2023-11-19 07:00:03,442 - rasterio.env - DEBUG - New GDAL environment <rasterio._env.GDALEnv object at 0x7f55158a5390> created
2023-11-19 07:00:03,442 - rasterio._env - DEBUG - GDAL data found in package: path='/home/swx/miniconda3/envs/present_weather/lib/python3.12/site-packages/rasterio/gdal_data'.
2023-11-19 07:00:03,442 - rasterio._env - DEBUG - PROJ_LIB found in environment.
2023-11-19 07:00:03,442 - rasterio._env - DEBUG - Started GDALEnv: self=<rasterio._env.GDALEnv object at 0x7f55158a5390>.
2023-11-19 07:00:03,442 - rasterio.env - DEBUG - Exited env context: <rasterio.env.Env object at 0x7f54f48c4b60>
2023-11-19 07:00:03,477 - rasterio._io - DEBUG - Output nodata value read from file: nan
2023-11-19 07:00:03,477 - rasterio._io - DEBUG - Output nodata values: [nan]
2023-11-19 07:00:03,478 - rasterio._io - DEBUG - all_valid: False
2023-11-19 07:00:03,478 - rasterio._io - DEBUG - mask_flags: ([<MaskFlags.nodata: 8>],)
2023-11-19 07:00:03,478 - rasterio._io - DEBUG - Jump straight to _read()
2023-11-19 07:00:03,479 - rasterio._io - DEBUG - Window: Window(col_off=0, row_off=0, width=10215, height=3792)
2023-11-19 07:00:03,479 - rasterio._io - DEBUG - IO window xoff=0.0 yoff=0.0 width=10215.0 height=3792.0
2023-11-19 07:00:04,153 - rasterio.env - DEBUG - Exiting env context: <rasterio.env.Env object at 0x7f54b0177d40>
2023-11-19 07:00:04,153 - rasterio.env - DEBUG - Cleared existing <rasterio._env.GDALEnv object at 0x7f55158a5390> options
2023-11-19 07:00:04,153 - rasterio._env - DEBUG - Stopped GDALEnv <rasterio._env.GDALEnv object at 0x7f55158a5390>.
2023-11-19 07:00:04,153 - rasterio.env - DEBUG - Exiting outermost env
2023-11-19 07:00:04,153 - rasterio.env - DEBUG - Exited env context: <rasterio.env.Env object at 0x7f54b0177d40>
2023-11-19 07:00:04,156 - urllib3.connectionpool - DEBUG - Starting new HTTPS connection (1): radar.bmkg.go.id:8060
2023-11-19 07:00:04,213 - urllib3.connectionpool - DEBUG - https://radar.bmkg.go.id:8060 "GET /getLatestLD?typeData=1 HTTP/1.1" 200 108
2023-11-19 07:00:04,221 - asyncio - DEBUG - Using selector: EpollSelector
2023-11-19 07:00:10,876 - root - INFO - dask.bag<lambda, npartitions=34>
2023-11-19 07:00:14,685 - root - INFO - Total elapsed time: 0:00:11.530080
