2023-11-27 10:23:02,290 - root - INFO - Initiating present weather
2023-11-27 10:23:02,292 - asyncio - DEBUG - Using selector: EpollSelector
2023-11-27 10:23:03,746 - urllib3.connectionpool - DEBUG - Starting new HTTPS connection (1): radar.bmkg.go.id:8060
2023-11-27 10:23:03,771 - urllib3.connectionpool - DEBUG - https://radar.bmkg.go.id:8060 "GET /getRadarGeotif?token=19387e71e78522ae4172ec0fda640983b8438c9cfa0ca571623cb69d8327&radar=amandemenForecast&type=latest HTTP/1.1" 200 90
2023-11-27 10:23:03,772 - rasterio.env - DEBUG - Entering env context: <rasterio.env.Env object at 0x7f31ce1d7760>
2023-11-27 10:23:03,772 - rasterio.env - DEBUG - Starting outermost env
2023-11-27 10:23:03,773 - rasterio.env - DEBUG - No GDAL environment exists
2023-11-27 10:23:03,773 - rasterio.env - DEBUG - New GDAL environment <rasterio._env.GDALEnv object at 0x7f31ce1d77c0> created
2023-11-27 10:23:03,776 - rasterio._filepath - DEBUG - Installing FilePath filesystem handler plugin...
2023-11-27 10:23:03,776 - rasterio._env - DEBUG - GDAL data found in package: path='/home/metpublic/PYTHON_VENV/present_weather/lib/python3.10/site-packages/rasterio/gdal_data'.
2023-11-27 10:23:03,776 - rasterio._env - DEBUG - PROJ data found in package: path='/home/metpublic/PYTHON_VENV/present_weather/lib/python3.10/site-packages/rasterio/proj_data'.
2023-11-27 10:23:03,776 - rasterio._env - DEBUG - Started GDALEnv: self=<rasterio._env.GDALEnv object at 0x7f31ce1d77c0>.
2023-11-27 10:23:03,776 - rasterio.env - DEBUG - Entered env context: <rasterio.env.Env object at 0x7f31ce1d7760>
2023-11-27 10:23:03,776 - rasterio._base - DEBUG - Sharing flag: 0
2023-11-27 10:23:03,966 - rasterio._base - DEBUG - Nodata success: 1, Nodata value: nan
2023-11-27 10:23:03,967 - rasterio._base - DEBUG - Dataset <open DatasetReader name='https://radar.bmkg.go.id/raster/radarsatelit_202311271020.tif' mode='r'> is started.
2023-11-27 10:23:03,967 - rasterio.env - DEBUG - Exiting env context: <rasterio.env.Env object at 0x7f31ce1d7760>
2023-11-27 10:23:03,967 - rasterio.env - DEBUG - Cleared existing <rasterio._env.GDALEnv object at 0x7f31ce1d77c0> options
2023-11-27 10:23:03,967 - rasterio._env - DEBUG - Stopped GDALEnv <rasterio._env.GDALEnv object at 0x7f31ce1d77c0>.
2023-11-27 10:23:03,967 - rasterio.env - DEBUG - Exiting outermost env
2023-11-27 10:23:03,967 - rasterio.env - DEBUG - Exited env context: <rasterio.env.Env object at 0x7f31ce1d7760>
2023-11-27 10:23:03,967 - rasterio.env - DEBUG - Entering env context: <rasterio.env.Env object at 0x7f31ce1736d0>
2023-11-27 10:23:03,967 - rasterio.env - DEBUG - Starting outermost env
2023-11-27 10:23:03,967 - rasterio.env - DEBUG - No GDAL environment exists
2023-11-27 10:23:03,967 - rasterio.env - DEBUG - New GDAL environment <rasterio._env.GDALEnv object at 0x7f31ceb39ae0> created
2023-11-27 10:23:03,968 - rasterio._env - DEBUG - GDAL data found in package: path='/home/metpublic/PYTHON_VENV/present_weather/lib/python3.10/site-packages/rasterio/gdal_data'.
2023-11-27 10:23:03,968 - rasterio._env - DEBUG - PROJ data found in package: path='/home/metpublic/PYTHON_VENV/present_weather/lib/python3.10/site-packages/rasterio/proj_data'.
2023-11-27 10:23:03,968 - rasterio._env - DEBUG - Started GDALEnv: self=<rasterio._env.GDALEnv object at 0x7f31ceb39ae0>.
2023-11-27 10:23:03,968 - rasterio.env - DEBUG - Entered env context: <rasterio.env.Env object at 0x7f31ce1736d0>
2023-11-27 10:23:03,969 - rasterio.env - DEBUG - Got a copy of environment <rasterio._env.GDALEnv object at 0x7f31ceb39ae0> options
2023-11-27 10:23:03,969 - rasterio.env - DEBUG - Entering env context: <rasterio.env.Env object at 0x7f31cc0c14b0>
2023-11-27 10:23:03,969 - rasterio.env - DEBUG - Got a copy of environment <rasterio._env.GDALEnv object at 0x7f31ceb39ae0> options
2023-11-27 10:23:03,969 - rasterio.env - DEBUG - Entered env context: <rasterio.env.Env object at 0x7f31cc0c14b0>
2023-11-27 10:23:03,969 - rasterio._base - DEBUG - Sharing flag: 0
2023-11-27 10:23:03,970 - rasterio._base - DEBUG - Nodata success: 1, Nodata value: nan
2023-11-27 10:23:03,970 - rasterio._base - DEBUG - Dataset <open DatasetReader name='https://radar.bmkg.go.id/raster/radarsatelit_202311271020.tif' mode='r'> is started.
2023-11-27 10:23:03,970 - rasterio.env - DEBUG - Exiting env context: <rasterio.env.Env object at 0x7f31cc0c14b0>
2023-11-27 10:23:03,970 - rasterio.env - DEBUG - Cleared existing <rasterio._env.GDALEnv object at 0x7f31ceb39ae0> options
2023-11-27 10:23:03,970 - rasterio._env - DEBUG - Stopped GDALEnv <rasterio._env.GDALEnv object at 0x7f31ceb39ae0>.
2023-11-27 10:23:03,970 - rasterio.env - DEBUG - No GDAL environment exists
2023-11-27 10:23:03,970 - rasterio.env - DEBUG - New GDAL environment <rasterio._env.GDALEnv object at 0x7f31ceb39ae0> created
2023-11-27 10:23:03,970 - rasterio._env - DEBUG - GDAL data found in package: path='/home/metpublic/PYTHON_VENV/present_weather/lib/python3.10/site-packages/rasterio/gdal_data'.
2023-11-27 10:23:03,970 - rasterio._env - DEBUG - PROJ data found in package: path='/home/metpublic/PYTHON_VENV/present_weather/lib/python3.10/site-packages/rasterio/proj_data'.
2023-11-27 10:23:03,970 - rasterio._env - DEBUG - Started GDALEnv: self=<rasterio._env.GDALEnv object at 0x7f31ceb39ae0>.
2023-11-27 10:23:03,971 - rasterio.env - DEBUG - Exited env context: <rasterio.env.Env object at 0x7f31cc0c14b0>
2023-11-27 10:23:03,988 - rasterio._io - DEBUG - Output nodata value read from file: nan
2023-11-27 10:23:03,988 - rasterio._io - DEBUG - Output nodata values: [nan]
2023-11-27 10:23:03,988 - rasterio._io - DEBUG - all_valid: False
2023-11-27 10:23:03,988 - rasterio._io - DEBUG - mask_flags: ([<MaskFlags.nodata: 8>],)
2023-11-27 10:23:03,989 - rasterio._io - DEBUG - Jump straight to _read()
2023-11-27 10:23:03,989 - rasterio._io - DEBUG - Window: Window(col_off=0, row_off=0, width=10215, height=3792)
2023-11-27 10:23:03,989 - rasterio._io - DEBUG - IO window xoff=0.0 yoff=0.0 width=10215.0 height=3792.0
2023-11-27 10:23:04,614 - rasterio.env - DEBUG - Exiting env context: <rasterio.env.Env object at 0x7f31ce1736d0>
2023-11-27 10:23:04,615 - rasterio.env - DEBUG - Cleared existing <rasterio._env.GDALEnv object at 0x7f31ceb39ae0> options
2023-11-27 10:23:04,615 - rasterio._env - DEBUG - Stopped GDALEnv <rasterio._env.GDALEnv object at 0x7f31ceb39ae0>.
2023-11-27 10:23:04,615 - rasterio.env - DEBUG - Exiting outermost env
2023-11-27 10:23:04,615 - rasterio.env - DEBUG - Exited env context: <rasterio.env.Env object at 0x7f31ce1736d0>
2023-11-27 10:23:04,617 - urllib3.connectionpool - DEBUG - Starting new HTTPS connection (1): radar.bmkg.go.id:8060
2023-11-27 10:23:04,630 - urllib3.connectionpool - DEBUG - https://radar.bmkg.go.id:8060 "GET /getLatestLD?typeData=1 HTTP/1.1" 200 1698
2023-11-27 10:23:04,634 - root - INFO - Generating present weather using RADAR data
2023-11-27 10:23:08,659 - root - INFO - dask.bag<lambda, npartitions=34>
2023-11-27 10:29:34,888 - root - INFO - Total elapsed time: 0:06:32.597785
