2023-11-25 08:43:03,897 - root - INFO - Initiating present weather
2023-11-25 08:43:03,900 - asyncio - DEBUG - Using selector: EpollSelector
2023-11-25 08:43:07,298 - urllib3.connectionpool - DEBUG - Starting new HTTPS connection (1): radar.bmkg.go.id:8060
2023-11-25 08:43:07,368 - urllib3.connectionpool - DEBUG - https://radar.bmkg.go.id:8060 "GET /getRadarGeotif?token=19387e71e78522ae4172ec0fda640983b8438c9cfa0ca571623cb69d8327&radar=amandemenForecast&type=latest HTTP/1.1" 200 90
2023-11-25 08:43:07,371 - rasterio.env - DEBUG - Entering env context: <rasterio.env.Env object at 0x7ff87d705130>
2023-11-25 08:43:07,372 - rasterio.env - DEBUG - Starting outermost env
2023-11-25 08:43:07,372 - rasterio.env - DEBUG - No GDAL environment exists
2023-11-25 08:43:07,373 - rasterio.env - DEBUG - New GDAL environment <rasterio._env.GDALEnv object at 0x7ff87d681030> created
2023-11-25 08:43:07,377 - rasterio._filepath - DEBUG - Installing FilePath filesystem handler plugin...
2023-11-25 08:43:07,378 - rasterio._env - DEBUG - GDAL data found in package: path='/home/swx/miniconda3/envs/present_weather/lib/python3.12/site-packages/rasterio/gdal_data'.
2023-11-25 08:43:07,378 - rasterio._env - DEBUG - PROJ_LIB found in environment.
2023-11-25 08:43:07,378 - rasterio._env - DEBUG - Started GDALEnv: self=<rasterio._env.GDALEnv object at 0x7ff87d681030>.
2023-11-25 08:43:07,379 - rasterio.env - DEBUG - Entered env context: <rasterio.env.Env object at 0x7ff87d705130>
2023-11-25 08:43:07,379 - rasterio._base - DEBUG - Sharing flag: 0
2023-11-25 08:43:07,590 - rasterio._base - DEBUG - Nodata success: 1, Nodata value: nan
2023-11-25 08:43:07,590 - rasterio._base - DEBUG - Dataset <open DatasetReader name='https://radar.bmkg.go.id/raster/radarsatelit_202311250840.tif' mode='r'> is started.
2023-11-25 08:43:07,591 - rasterio.env - DEBUG - Exiting env context: <rasterio.env.Env object at 0x7ff87d705130>
2023-11-25 08:43:07,591 - rasterio.env - DEBUG - Cleared existing <rasterio._env.GDALEnv object at 0x7ff87d681030> options
2023-11-25 08:43:07,591 - rasterio._env - DEBUG - Stopped GDALEnv <rasterio._env.GDALEnv object at 0x7ff87d681030>.
2023-11-25 08:43:07,591 - rasterio.env - DEBUG - Exiting outermost env
2023-11-25 08:43:07,591 - rasterio.env - DEBUG - Exited env context: <rasterio.env.Env object at 0x7ff87d705130>
2023-11-25 08:43:07,592 - rasterio.env - DEBUG - Entering env context: <rasterio.env.Env object at 0x7ff87d55a7e0>
2023-11-25 08:43:07,592 - rasterio.env - DEBUG - Starting outermost env
2023-11-25 08:43:07,592 - rasterio.env - DEBUG - No GDAL environment exists
2023-11-25 08:43:07,592 - rasterio.env - DEBUG - New GDAL environment <rasterio._env.GDALEnv object at 0x7ff87d681030> created
2023-11-25 08:43:07,593 - rasterio._env - DEBUG - GDAL data found in package: path='/home/swx/miniconda3/envs/present_weather/lib/python3.12/site-packages/rasterio/gdal_data'.
2023-11-25 08:43:07,593 - rasterio._env - DEBUG - PROJ_LIB found in environment.
2023-11-25 08:43:07,593 - rasterio._env - DEBUG - Started GDALEnv: self=<rasterio._env.GDALEnv object at 0x7ff87d681030>.
2023-11-25 08:43:07,593 - rasterio.env - DEBUG - Entered env context: <rasterio.env.Env object at 0x7ff87d55a7e0>
2023-11-25 08:43:07,594 - rasterio.env - DEBUG - Got a copy of environment <rasterio._env.GDALEnv object at 0x7ff87d681030> options
2023-11-25 08:43:07,594 - rasterio.env - DEBUG - Entering env context: <rasterio.env.Env object at 0x7ff87e356060>
2023-11-25 08:43:07,594 - rasterio.env - DEBUG - Got a copy of environment <rasterio._env.GDALEnv object at 0x7ff87d681030> options
2023-11-25 08:43:07,594 - rasterio.env - DEBUG - Entered env context: <rasterio.env.Env object at 0x7ff87e356060>
2023-11-25 08:43:07,594 - rasterio._base - DEBUG - Sharing flag: 0
2023-11-25 08:43:07,595 - rasterio._base - DEBUG - Nodata success: 1, Nodata value: nan
2023-11-25 08:43:07,595 - rasterio._base - DEBUG - Dataset <open DatasetReader name='https://radar.bmkg.go.id/raster/radarsatelit_202311250840.tif' mode='r'> is started.
2023-11-25 08:43:07,596 - rasterio.env - DEBUG - Exiting env context: <rasterio.env.Env object at 0x7ff87e356060>
2023-11-25 08:43:07,596 - rasterio.env - DEBUG - Cleared existing <rasterio._env.GDALEnv object at 0x7ff87d681030> options
2023-11-25 08:43:07,596 - rasterio._env - DEBUG - Stopped GDALEnv <rasterio._env.GDALEnv object at 0x7ff87d681030>.
2023-11-25 08:43:07,596 - rasterio.env - DEBUG - No GDAL environment exists
2023-11-25 08:43:07,597 - rasterio.env - DEBUG - New GDAL environment <rasterio._env.GDALEnv object at 0x7ff87d681030> created
2023-11-25 08:43:07,597 - rasterio._env - DEBUG - GDAL data found in package: path='/home/swx/miniconda3/envs/present_weather/lib/python3.12/site-packages/rasterio/gdal_data'.
2023-11-25 08:43:07,598 - rasterio._env - DEBUG - PROJ_LIB found in environment.
2023-11-25 08:43:07,598 - rasterio._env - DEBUG - Started GDALEnv: self=<rasterio._env.GDALEnv object at 0x7ff87d681030>.
2023-11-25 08:43:07,598 - rasterio.env - DEBUG - Exited env context: <rasterio.env.Env object at 0x7ff87e356060>
2023-11-25 08:43:07,628 - rasterio._io - DEBUG - Output nodata value read from file: nan
2023-11-25 08:43:07,628 - rasterio._io - DEBUG - Output nodata values: [nan]
2023-11-25 08:43:07,629 - rasterio._io - DEBUG - all_valid: False
2023-11-25 08:43:07,629 - rasterio._io - DEBUG - mask_flags: ([<MaskFlags.nodata: 8>],)
2023-11-25 08:43:07,629 - rasterio._io - DEBUG - Jump straight to _read()
2023-11-25 08:43:07,629 - rasterio._io - DEBUG - Window: Window(col_off=0, row_off=0, width=10215, height=3792)
2023-11-25 08:43:07,630 - rasterio._io - DEBUG - IO window xoff=0.0 yoff=0.0 width=10215.0 height=3792.0
2023-11-25 08:43:08,472 - rasterio.env - DEBUG - Exiting env context: <rasterio.env.Env object at 0x7ff87d55a7e0>
2023-11-25 08:43:08,472 - rasterio.env - DEBUG - Cleared existing <rasterio._env.GDALEnv object at 0x7ff87d681030> options
2023-11-25 08:43:08,473 - rasterio._env - DEBUG - Stopped GDALEnv <rasterio._env.GDALEnv object at 0x7ff87d681030>.
2023-11-25 08:43:08,473 - rasterio.env - DEBUG - Exiting outermost env
2023-11-25 08:43:08,473 - rasterio.env - DEBUG - Exited env context: <rasterio.env.Env object at 0x7ff87d55a7e0>
2023-11-25 08:43:08,475 - urllib3.connectionpool - DEBUG - Starting new HTTPS connection (1): radar.bmkg.go.id:8060
2023-11-25 08:43:08,535 - urllib3.connectionpool - DEBUG - https://radar.bmkg.go.id:8060 "GET /getLatestLD?typeData=1 HTTP/1.1" 200 1697
2023-11-25 08:43:08,543 - root - INFO - Generating present weather using RADAR data
2023-11-25 08:43:11,911 - root - INFO - dask.bag<lambda, npartitions=20>
2023-11-25 08:54:33,288 - root - INFO - Total elapsed time: 0:11:29.392128
