2023-11-21 08:03:03,593 - root - INFO - Initiating present weather
2023-11-21 08:03:03,598 - urllib3.connectionpool - DEBUG - Starting new HTTPS connection (1): radar.bmkg.go.id:8060
2023-11-21 08:03:03,669 - urllib3.connectionpool - DEBUG - https://radar.bmkg.go.id:8060 "GET /getRadarGeotif?token=19387e71e78522ae4172ec0fda640983b8438c9cfa0ca571623cb69d8327&radar=amandemenForecast&type=latest HTTP/1.1" 200 90
2023-11-21 08:03:03,672 - rasterio.env - DEBUG - Entering env context: <rasterio.env.Env object at 0x7f115146e360>
2023-11-21 08:03:03,673 - rasterio.env - DEBUG - Starting outermost env
2023-11-21 08:03:03,673 - rasterio.env - DEBUG - No GDAL environment exists
2023-11-21 08:03:03,673 - rasterio.env - DEBUG - New GDAL environment <rasterio._env.GDALEnv object at 0x7f115146fd00> created
2023-11-21 08:03:03,677 - rasterio._filepath - DEBUG - Installing FilePath filesystem handler plugin...
2023-11-21 08:03:03,678 - rasterio._env - DEBUG - GDAL data found in package: path='/home/swx/miniconda3/envs/present_weather/lib/python3.12/site-packages/rasterio/gdal_data'.
2023-11-21 08:03:03,678 - rasterio._env - DEBUG - PROJ_LIB found in environment.
2023-11-21 08:03:03,678 - rasterio._env - DEBUG - Started GDALEnv: self=<rasterio._env.GDALEnv object at 0x7f115146fd00>.
2023-11-21 08:03:03,678 - rasterio.env - DEBUG - Entered env context: <rasterio.env.Env object at 0x7f115146e360>
2023-11-21 08:03:03,678 - rasterio._base - DEBUG - Sharing flag: 0
2023-11-21 08:03:03,881 - rasterio._base - DEBUG - Nodata success: 1, Nodata value: nan
2023-11-21 08:03:03,882 - rasterio._base - DEBUG - Dataset <open DatasetReader name='https://radar.bmkg.go.id/raster/radarsatelit_202311210800.tif' mode='r'> is started.
2023-11-21 08:03:03,882 - rasterio.env - DEBUG - Exiting env context: <rasterio.env.Env object at 0x7f115146e360>
2023-11-21 08:03:03,882 - rasterio.env - DEBUG - Cleared existing <rasterio._env.GDALEnv object at 0x7f115146fd00> options
2023-11-21 08:03:03,882 - rasterio._env - DEBUG - Stopped GDALEnv <rasterio._env.GDALEnv object at 0x7f115146fd00>.
2023-11-21 08:03:03,882 - rasterio.env - DEBUG - Exiting outermost env
2023-11-21 08:03:03,883 - rasterio.env - DEBUG - Exited env context: <rasterio.env.Env object at 0x7f115146e360>
2023-11-21 08:03:03,883 - rasterio.env - DEBUG - Entering env context: <rasterio.env.Env object at 0x7f11516edf40>
2023-11-21 08:03:03,883 - rasterio.env - DEBUG - Starting outermost env
2023-11-21 08:03:03,883 - rasterio.env - DEBUG - No GDAL environment exists
2023-11-21 08:03:03,883 - rasterio.env - DEBUG - New GDAL environment <rasterio._env.GDALEnv object at 0x7f115186dba0> created
2023-11-21 08:03:03,884 - rasterio._env - DEBUG - GDAL data found in package: path='/home/swx/miniconda3/envs/present_weather/lib/python3.12/site-packages/rasterio/gdal_data'.
2023-11-21 08:03:03,884 - rasterio._env - DEBUG - PROJ_LIB found in environment.
2023-11-21 08:03:03,884 - rasterio._env - DEBUG - Started GDALEnv: self=<rasterio._env.GDALEnv object at 0x7f115186dba0>.
2023-11-21 08:03:03,884 - rasterio.env - DEBUG - Entered env context: <rasterio.env.Env object at 0x7f11516edf40>
2023-11-21 08:03:03,885 - rasterio.env - DEBUG - Got a copy of environment <rasterio._env.GDALEnv object at 0x7f115186dba0> options
2023-11-21 08:03:03,885 - rasterio.env - DEBUG - Entering env context: <rasterio.env.Env object at 0x7f1110024bc0>
2023-11-21 08:03:03,885 - rasterio.env - DEBUG - Got a copy of environment <rasterio._env.GDALEnv object at 0x7f115186dba0> options
2023-11-21 08:03:03,885 - rasterio.env - DEBUG - Entered env context: <rasterio.env.Env object at 0x7f1110024bc0>
2023-11-21 08:03:03,885 - rasterio._base - DEBUG - Sharing flag: 0
2023-11-21 08:03:03,886 - rasterio._base - DEBUG - Nodata success: 1, Nodata value: nan
2023-11-21 08:03:03,887 - rasterio._base - DEBUG - Dataset <open DatasetReader name='https://radar.bmkg.go.id/raster/radarsatelit_202311210800.tif' mode='r'> is started.
2023-11-21 08:03:03,887 - rasterio.env - DEBUG - Exiting env context: <rasterio.env.Env object at 0x7f1110024bc0>
2023-11-21 08:03:03,887 - rasterio.env - DEBUG - Cleared existing <rasterio._env.GDALEnv object at 0x7f115186dba0> options
2023-11-21 08:03:03,887 - rasterio._env - DEBUG - Stopped GDALEnv <rasterio._env.GDALEnv object at 0x7f115186dba0>.
2023-11-21 08:03:03,887 - rasterio.env - DEBUG - No GDAL environment exists
2023-11-21 08:03:03,887 - rasterio.env - DEBUG - New GDAL environment <rasterio._env.GDALEnv object at 0x7f115186dba0> created
2023-11-21 08:03:03,888 - rasterio._env - DEBUG - GDAL data found in package: path='/home/swx/miniconda3/envs/present_weather/lib/python3.12/site-packages/rasterio/gdal_data'.
2023-11-21 08:03:03,888 - rasterio._env - DEBUG - PROJ_LIB found in environment.
2023-11-21 08:03:03,888 - rasterio._env - DEBUG - Started GDALEnv: self=<rasterio._env.GDALEnv object at 0x7f115186dba0>.
2023-11-21 08:03:03,888 - rasterio.env - DEBUG - Exited env context: <rasterio.env.Env object at 0x7f1110024bc0>
2023-11-21 08:03:03,918 - rasterio._io - DEBUG - Output nodata value read from file: nan
2023-11-21 08:03:03,919 - rasterio._io - DEBUG - Output nodata values: [nan]
2023-11-21 08:03:03,919 - rasterio._io - DEBUG - all_valid: False
2023-11-21 08:03:03,919 - rasterio._io - DEBUG - mask_flags: ([<MaskFlags.nodata: 8>],)
2023-11-21 08:03:03,919 - rasterio._io - DEBUG - Jump straight to _read()
2023-11-21 08:03:03,920 - rasterio._io - DEBUG - Window: Window(col_off=0, row_off=0, width=10215, height=3792)
2023-11-21 08:03:03,920 - rasterio._io - DEBUG - IO window xoff=0.0 yoff=0.0 width=10215.0 height=3792.0
2023-11-21 08:03:04,710 - rasterio.env - DEBUG - Exiting env context: <rasterio.env.Env object at 0x7f11516edf40>
2023-11-21 08:03:04,710 - rasterio.env - DEBUG - Cleared existing <rasterio._env.GDALEnv object at 0x7f115186dba0> options
2023-11-21 08:03:04,710 - rasterio._env - DEBUG - Stopped GDALEnv <rasterio._env.GDALEnv object at 0x7f115186dba0>.
2023-11-21 08:03:04,710 - rasterio.env - DEBUG - Exiting outermost env
2023-11-21 08:03:04,710 - rasterio.env - DEBUG - Exited env context: <rasterio.env.Env object at 0x7f11516edf40>
2023-11-21 08:03:04,712 - urllib3.connectionpool - DEBUG - Starting new HTTPS connection (1): radar.bmkg.go.id:8060
2023-11-21 08:03:04,796 - urllib3.connectionpool - DEBUG - https://radar.bmkg.go.id:8060 "GET /getLatestLD?typeData=1 HTTP/1.1" 200 109238
2023-11-21 08:03:04,841 - asyncio - DEBUG - Using selector: EpollSelector
2023-11-21 08:03:11,489 - root - INFO - dask.bag<lambda, npartitions=34>
2023-11-21 08:06:50,216 - root - INFO - Total elapsed time: 0:03:46.623302
