2023-12-05 18:13:02,706 - root - INFO - Initiating present weather
2023-12-05 18:13:02,708 - asyncio - DEBUG - Using selector: EpollSelector
2023-12-05 18:13:04,316 - urllib3.connectionpool - DEBUG - Starting new HTTPS connection (1): radar.bmkg.go.id:8060
2023-12-05 18:13:04,329 - urllib3.connectionpool - DEBUG - https://radar.bmkg.go.id:8060 "GET /getLatestLD?typeData=1 HTTP/1.1" 200 62
2023-12-05 18:13:04,331 - urllib3.connectionpool - DEBUG - Starting new HTTPS connection (1): radar.bmkg.go.id:8060
2023-12-05 18:13:04,351 - urllib3.connectionpool - DEBUG - https://radar.bmkg.go.id:8060 "GET /getRadarGeotif?token=19387e71e78522ae4172ec0fda640983b8438c9cfa0ca571623cb69d8327&radar=amandemenForecast&type=latest HTTP/1.1" 200 90
2023-12-05 18:13:04,351 - rasterio.env - DEBUG - Entering env context: <rasterio.env.Env object at 0x7effe84baef0>
2023-12-05 18:13:04,352 - rasterio.env - DEBUG - Starting outermost env
2023-12-05 18:13:04,352 - rasterio.env - DEBUG - No GDAL environment exists
2023-12-05 18:13:04,352 - rasterio.env - DEBUG - New GDAL environment <rasterio._env.GDALEnv object at 0x7effe84bad40> created
2023-12-05 18:13:04,355 - rasterio._filepath - DEBUG - Installing FilePath filesystem handler plugin...
2023-12-05 18:13:04,355 - rasterio._env - DEBUG - GDAL data found in package: path='/home/metpublic/PYTHON_VENV/present_weather/lib/python3.10/site-packages/rasterio/gdal_data'.
2023-12-05 18:13:04,355 - rasterio._env - DEBUG - PROJ data found in package: path='/home/metpublic/PYTHON_VENV/present_weather/lib/python3.10/site-packages/rasterio/proj_data'.
2023-12-05 18:13:04,355 - rasterio._env - DEBUG - Started GDALEnv: self=<rasterio._env.GDALEnv object at 0x7effe84bad40>.
2023-12-05 18:13:04,355 - rasterio.env - DEBUG - Entered env context: <rasterio.env.Env object at 0x7effe84baef0>
2023-12-05 18:13:04,355 - rasterio._base - DEBUG - Sharing flag: 0
2023-12-05 18:13:04,595 - rasterio._base - DEBUG - Nodata success: 1, Nodata value: nan
2023-12-05 18:13:04,595 - rasterio._base - DEBUG - Dataset <open DatasetReader name='https://radar.bmkg.go.id/raster/radarsatelit_202312051810.tif' mode='r'> is started.
2023-12-05 18:13:04,595 - rasterio.env - DEBUG - Exiting env context: <rasterio.env.Env object at 0x7effe84baef0>
2023-12-05 18:13:04,595 - rasterio.env - DEBUG - Cleared existing <rasterio._env.GDALEnv object at 0x7effe84bad40> options
2023-12-05 18:13:04,596 - rasterio._env - DEBUG - Stopped GDALEnv <rasterio._env.GDALEnv object at 0x7effe84bad40>.
2023-12-05 18:13:04,596 - rasterio.env - DEBUG - Exiting outermost env
2023-12-05 18:13:04,596 - rasterio.env - DEBUG - Exited env context: <rasterio.env.Env object at 0x7effe84baef0>
2023-12-05 18:13:04,596 - rasterio.env - DEBUG - Entering env context: <rasterio.env.Env object at 0x7effe7b44ac0>
2023-12-05 18:13:04,596 - rasterio.env - DEBUG - Starting outermost env
2023-12-05 18:13:04,596 - rasterio.env - DEBUG - No GDAL environment exists
2023-12-05 18:13:04,596 - rasterio.env - DEBUG - New GDAL environment <rasterio._env.GDALEnv object at 0x7effe84bad40> created
2023-12-05 18:13:04,596 - rasterio._env - DEBUG - GDAL data found in package: path='/home/metpublic/PYTHON_VENV/present_weather/lib/python3.10/site-packages/rasterio/gdal_data'.
2023-12-05 18:13:04,596 - rasterio._env - DEBUG - PROJ data found in package: path='/home/metpublic/PYTHON_VENV/present_weather/lib/python3.10/site-packages/rasterio/proj_data'.
2023-12-05 18:13:04,597 - rasterio._env - DEBUG - Started GDALEnv: self=<rasterio._env.GDALEnv object at 0x7effe84bad40>.
2023-12-05 18:13:04,597 - rasterio.env - DEBUG - Entered env context: <rasterio.env.Env object at 0x7effe7b44ac0>
2023-12-05 18:13:04,597 - rasterio.env - DEBUG - Got a copy of environment <rasterio._env.GDALEnv object at 0x7effe84bad40> options
2023-12-05 18:13:04,597 - rasterio.env - DEBUG - Entering env context: <rasterio.env.Env object at 0x7effe4116170>
2023-12-05 18:13:04,597 - rasterio.env - DEBUG - Got a copy of environment <rasterio._env.GDALEnv object at 0x7effe84bad40> options
2023-12-05 18:13:04,597 - rasterio.env - DEBUG - Entered env context: <rasterio.env.Env object at 0x7effe4116170>
2023-12-05 18:13:04,597 - rasterio._base - DEBUG - Sharing flag: 0
2023-12-05 18:13:04,598 - rasterio._base - DEBUG - Nodata success: 1, Nodata value: nan
2023-12-05 18:13:04,598 - rasterio._base - DEBUG - Dataset <open DatasetReader name='https://radar.bmkg.go.id/raster/radarsatelit_202312051810.tif' mode='r'> is started.
2023-12-05 18:13:04,599 - rasterio.env - DEBUG - Exiting env context: <rasterio.env.Env object at 0x7effe4116170>
2023-12-05 18:13:04,599 - rasterio.env - DEBUG - Cleared existing <rasterio._env.GDALEnv object at 0x7effe84bad40> options
2023-12-05 18:13:04,599 - rasterio._env - DEBUG - Stopped GDALEnv <rasterio._env.GDALEnv object at 0x7effe84bad40>.
2023-12-05 18:13:04,599 - rasterio.env - DEBUG - No GDAL environment exists
2023-12-05 18:13:04,599 - rasterio.env - DEBUG - New GDAL environment <rasterio._env.GDALEnv object at 0x7effe84bad40> created
2023-12-05 18:13:04,599 - rasterio._env - DEBUG - GDAL data found in package: path='/home/metpublic/PYTHON_VENV/present_weather/lib/python3.10/site-packages/rasterio/gdal_data'.
2023-12-05 18:13:04,599 - rasterio._env - DEBUG - PROJ data found in package: path='/home/metpublic/PYTHON_VENV/present_weather/lib/python3.10/site-packages/rasterio/proj_data'.
2023-12-05 18:13:04,599 - rasterio._env - DEBUG - Started GDALEnv: self=<rasterio._env.GDALEnv object at 0x7effe84bad40>.
2023-12-05 18:13:04,599 - rasterio.env - DEBUG - Exited env context: <rasterio.env.Env object at 0x7effe4116170>
2023-12-05 18:13:04,615 - rasterio._io - DEBUG - Output nodata value read from file: nan
2023-12-05 18:13:04,616 - rasterio._io - DEBUG - Output nodata values: [nan]
2023-12-05 18:13:04,616 - rasterio._io - DEBUG - all_valid: False
2023-12-05 18:13:04,616 - rasterio._io - DEBUG - mask_flags: ([<MaskFlags.nodata: 8>],)
2023-12-05 18:13:04,616 - rasterio._io - DEBUG - Jump straight to _read()
2023-12-05 18:13:04,616 - rasterio._io - DEBUG - Window: Window(col_off=0, row_off=0, width=10177, height=3732)
2023-12-05 18:13:04,617 - rasterio._io - DEBUG - IO window xoff=0.0 yoff=0.0 width=10177.0 height=3732.0
2023-12-05 18:13:05,155 - rasterio.env - DEBUG - Exiting env context: <rasterio.env.Env object at 0x7effe7b44ac0>
2023-12-05 18:13:05,155 - rasterio.env - DEBUG - Cleared existing <rasterio._env.GDALEnv object at 0x7effe84bad40> options
2023-12-05 18:13:05,156 - rasterio._env - DEBUG - Stopped GDALEnv <rasterio._env.GDALEnv object at 0x7effe84bad40>.
2023-12-05 18:13:05,156 - rasterio.env - DEBUG - Exiting outermost env
2023-12-05 18:13:05,156 - rasterio.env - DEBUG - Exited env context: <rasterio.env.Env object at 0x7effe7b44ac0>
2023-12-05 18:17:35,003 - rasterio.env - DEBUG - Entering env context: <rasterio.env.Env object at 0x7effe41a8d60>
2023-12-05 18:17:35,003 - rasterio.env - DEBUG - Starting outermost env
2023-12-05 18:17:35,004 - rasterio.env - DEBUG - No GDAL environment exists
2023-12-05 18:17:35,004 - rasterio.env - DEBUG - New GDAL environment <rasterio._env.GDALEnv object at 0x7effe41aacb0> created
2023-12-05 18:17:35,004 - rasterio._env - DEBUG - GDAL data found in package: path='/home/metpublic/PYTHON_VENV/present_weather/lib/python3.10/site-packages/rasterio/gdal_data'.
2023-12-05 18:17:35,005 - rasterio._env - DEBUG - PROJ data found in package: path='/home/metpublic/PYTHON_VENV/present_weather/lib/python3.10/site-packages/rasterio/proj_data'.
2023-12-05 18:17:35,005 - rasterio._env - DEBUG - Started GDALEnv: self=<rasterio._env.GDALEnv object at 0x7effe41aacb0>.
2023-12-05 18:17:35,005 - rasterio.env - DEBUG - Entered env context: <rasterio.env.Env object at 0x7effe41a8d60>
2023-12-05 18:17:35,005 - rasterio._base - DEBUG - Sharing flag: 0
2023-12-05 18:17:35,007 - rasterio._base - DEBUG - Nodata success: 0, Nodata value: 0.000000
2023-12-05 18:17:35,008 - rasterio._base - DEBUG - Dataset <open DatasetReader name='/home/metpublic/TASK_RELEASE/EFAN/present_weather/src/H09_B13_Indonesia_20231205.Z1800.cor.tiff' mode='r'> is started.
2023-12-05 18:17:35,008 - rasterio.env - DEBUG - Exiting env context: <rasterio.env.Env object at 0x7effe41a8d60>
2023-12-05 18:17:35,008 - rasterio.env - DEBUG - Cleared existing <rasterio._env.GDALEnv object at 0x7effe41aacb0> options
2023-12-05 18:17:35,008 - rasterio._env - DEBUG - Stopped GDALEnv <rasterio._env.GDALEnv object at 0x7effe41aacb0>.
2023-12-05 18:17:35,008 - rasterio.env - DEBUG - Exiting outermost env
2023-12-05 18:17:35,008 - rasterio.env - DEBUG - Exited env context: <rasterio.env.Env object at 0x7effe41a8d60>
2023-12-05 18:17:35,008 - rasterio.env - DEBUG - Entering env context: <rasterio.env.Env object at 0x7effc47cce80>
2023-12-05 18:17:35,008 - rasterio.env - DEBUG - Starting outermost env
2023-12-05 18:17:35,008 - rasterio.env - DEBUG - No GDAL environment exists
2023-12-05 18:17:35,009 - rasterio.env - DEBUG - New GDAL environment <rasterio._env.GDALEnv object at 0x7effc47ce590> created
2023-12-05 18:17:35,009 - rasterio._env - DEBUG - GDAL data found in package: path='/home/metpublic/PYTHON_VENV/present_weather/lib/python3.10/site-packages/rasterio/gdal_data'.
2023-12-05 18:17:35,010 - rasterio._env - DEBUG - PROJ data found in package: path='/home/metpublic/PYTHON_VENV/present_weather/lib/python3.10/site-packages/rasterio/proj_data'.
2023-12-05 18:17:35,010 - rasterio._env - DEBUG - Started GDALEnv: self=<rasterio._env.GDALEnv object at 0x7effc47ce590>.
2023-12-05 18:17:35,010 - rasterio.env - DEBUG - Entered env context: <rasterio.env.Env object at 0x7effc47cce80>
2023-12-05 18:17:35,010 - rasterio._base - DEBUG - Sharing flag: 0
2023-12-05 18:17:35,011 - rasterio._base - DEBUG - Nodata success: 0, Nodata value: 0.000000
2023-12-05 18:17:35,011 - rasterio._base - DEBUG - Dataset <open DatasetReader name='/home/metpublic/TASK_RELEASE/EFAN/present_weather/src/H09_B13_Indonesia_20231205.Z1800.cor.tiff' mode='r'> is started.
2023-12-05 18:17:35,011 - rasterio.env - DEBUG - Exiting env context: <rasterio.env.Env object at 0x7effc47cce80>
2023-12-05 18:17:35,011 - rasterio.env - DEBUG - Cleared existing <rasterio._env.GDALEnv object at 0x7effc47ce590> options
2023-12-05 18:17:35,011 - rasterio._env - DEBUG - Stopped GDALEnv <rasterio._env.GDALEnv object at 0x7effc47ce590>.
2023-12-05 18:17:35,011 - rasterio.env - DEBUG - Exiting outermost env
2023-12-05 18:17:35,011 - rasterio.env - DEBUG - Exited env context: <rasterio.env.Env object at 0x7effc47cce80>
2023-12-05 18:17:35,024 - root - INFO - Generating present weather using SATELITE data
2023-12-05 18:19:02,047 - root - INFO - Total elapsed time: 0:05:59.341495
