2023-11-27 16:13:02,879 - root - INFO - Initiating present weather
2023-11-27 16:13:02,881 - asyncio - DEBUG - Using selector: EpollSelector
2023-11-27 16:13:04,390 - urllib3.connectionpool - DEBUG - Starting new HTTPS connection (1): radar.bmkg.go.id:8060
2023-11-27 16:13:04,413 - urllib3.connectionpool - DEBUG - https://radar.bmkg.go.id:8060 "GET /getRadarGeotif?token=19387e71e78522ae4172ec0fda640983b8438c9cfa0ca571623cb69d8327&radar=amandemenForecast&type=latest HTTP/1.1" 200 90
2023-11-27 16:13:04,414 - rasterio.env - DEBUG - Entering env context: <rasterio.env.Env object at 0x7f5011475c30>
2023-11-27 16:13:04,414 - rasterio.env - DEBUG - Starting outermost env
2023-11-27 16:13:04,415 - rasterio.env - DEBUG - No GDAL environment exists
2023-11-27 16:13:04,415 - rasterio.env - DEBUG - New GDAL environment <rasterio._env.GDALEnv object at 0x7f5011475ed0> created
2023-11-27 16:13:04,417 - rasterio._filepath - DEBUG - Installing FilePath filesystem handler plugin...
2023-11-27 16:13:04,418 - rasterio._env - DEBUG - GDAL data found in package: path='/home/metpublic/PYTHON_VENV/present_weather/lib/python3.10/site-packages/rasterio/gdal_data'.
2023-11-27 16:13:04,418 - rasterio._env - DEBUG - PROJ data found in package: path='/home/metpublic/PYTHON_VENV/present_weather/lib/python3.10/site-packages/rasterio/proj_data'.
2023-11-27 16:13:04,418 - rasterio._env - DEBUG - Started GDALEnv: self=<rasterio._env.GDALEnv object at 0x7f5011475ed0>.
2023-11-27 16:13:04,418 - rasterio.env - DEBUG - Entered env context: <rasterio.env.Env object at 0x7f5011475c30>
2023-11-27 16:13:04,418 - rasterio._base - DEBUG - Sharing flag: 0
2023-11-27 16:13:04,593 - rasterio._base - DEBUG - Nodata success: 1, Nodata value: nan
2023-11-27 16:13:04,594 - rasterio._base - DEBUG - Dataset <open DatasetReader name='https://radar.bmkg.go.id/raster/radarsatelit_202311271610.tif' mode='r'> is started.
2023-11-27 16:13:04,594 - rasterio.env - DEBUG - Exiting env context: <rasterio.env.Env object at 0x7f5011475c30>
2023-11-27 16:13:04,594 - rasterio.env - DEBUG - Cleared existing <rasterio._env.GDALEnv object at 0x7f5011475ed0> options
2023-11-27 16:13:04,594 - rasterio._env - DEBUG - Stopped GDALEnv <rasterio._env.GDALEnv object at 0x7f5011475ed0>.
2023-11-27 16:13:04,594 - rasterio.env - DEBUG - Exiting outermost env
2023-11-27 16:13:04,594 - rasterio.env - DEBUG - Exited env context: <rasterio.env.Env object at 0x7f5011475c30>
2023-11-27 16:13:04,594 - rasterio.env - DEBUG - Entering env context: <rasterio.env.Env object at 0x7f5010ab36a0>
2023-11-27 16:13:04,594 - rasterio.env - DEBUG - Starting outermost env
2023-11-27 16:13:04,594 - rasterio.env - DEBUG - No GDAL environment exists
2023-11-27 16:13:04,594 - rasterio.env - DEBUG - New GDAL environment <rasterio._env.GDALEnv object at 0x7f5011475ed0> created
2023-11-27 16:13:04,595 - rasterio._env - DEBUG - GDAL data found in package: path='/home/metpublic/PYTHON_VENV/present_weather/lib/python3.10/site-packages/rasterio/gdal_data'.
2023-11-27 16:13:04,595 - rasterio._env - DEBUG - PROJ data found in package: path='/home/metpublic/PYTHON_VENV/present_weather/lib/python3.10/site-packages/rasterio/proj_data'.
2023-11-27 16:13:04,595 - rasterio._env - DEBUG - Started GDALEnv: self=<rasterio._env.GDALEnv object at 0x7f5011475ed0>.
2023-11-27 16:13:04,595 - rasterio.env - DEBUG - Entered env context: <rasterio.env.Env object at 0x7f5010ab36a0>
2023-11-27 16:13:04,595 - rasterio.env - DEBUG - Got a copy of environment <rasterio._env.GDALEnv object at 0x7f5011475ed0> options
2023-11-27 16:13:04,596 - rasterio.env - DEBUG - Entering env context: <rasterio.env.Env object at 0x7f50101ecf10>
2023-11-27 16:13:04,596 - rasterio.env - DEBUG - Got a copy of environment <rasterio._env.GDALEnv object at 0x7f5011475ed0> options
2023-11-27 16:13:04,596 - rasterio.env - DEBUG - Entered env context: <rasterio.env.Env object at 0x7f50101ecf10>
2023-11-27 16:13:04,596 - rasterio._base - DEBUG - Sharing flag: 0
2023-11-27 16:13:04,597 - rasterio._base - DEBUG - Nodata success: 1, Nodata value: nan
2023-11-27 16:13:04,597 - rasterio._base - DEBUG - Dataset <open DatasetReader name='https://radar.bmkg.go.id/raster/radarsatelit_202311271610.tif' mode='r'> is started.
2023-11-27 16:13:04,597 - rasterio.env - DEBUG - Exiting env context: <rasterio.env.Env object at 0x7f50101ecf10>
2023-11-27 16:13:04,597 - rasterio.env - DEBUG - Cleared existing <rasterio._env.GDALEnv object at 0x7f5011475ed0> options
2023-11-27 16:13:04,597 - rasterio._env - DEBUG - Stopped GDALEnv <rasterio._env.GDALEnv object at 0x7f5011475ed0>.
2023-11-27 16:13:04,597 - rasterio.env - DEBUG - No GDAL environment exists
2023-11-27 16:13:04,597 - rasterio.env - DEBUG - New GDAL environment <rasterio._env.GDALEnv object at 0x7f5011475ed0> created
2023-11-27 16:13:04,597 - rasterio._env - DEBUG - GDAL data found in package: path='/home/metpublic/PYTHON_VENV/present_weather/lib/python3.10/site-packages/rasterio/gdal_data'.
2023-11-27 16:13:04,597 - rasterio._env - DEBUG - PROJ data found in package: path='/home/metpublic/PYTHON_VENV/present_weather/lib/python3.10/site-packages/rasterio/proj_data'.
2023-11-27 16:13:04,598 - rasterio._env - DEBUG - Started GDALEnv: self=<rasterio._env.GDALEnv object at 0x7f5011475ed0>.
2023-11-27 16:13:04,598 - rasterio.env - DEBUG - Exited env context: <rasterio.env.Env object at 0x7f50101ecf10>
2023-11-27 16:13:04,613 - rasterio._io - DEBUG - Output nodata value read from file: nan
2023-11-27 16:13:04,613 - rasterio._io - DEBUG - Output nodata values: [nan]
2023-11-27 16:13:04,614 - rasterio._io - DEBUG - all_valid: False
2023-11-27 16:13:04,614 - rasterio._io - DEBUG - mask_flags: ([<MaskFlags.nodata: 8>],)
2023-11-27 16:13:04,614 - rasterio._io - DEBUG - Jump straight to _read()
2023-11-27 16:13:04,614 - rasterio._io - DEBUG - Window: Window(col_off=0, row_off=0, width=10215, height=3792)
2023-11-27 16:13:04,615 - rasterio._io - DEBUG - IO window xoff=0.0 yoff=0.0 width=10215.0 height=3792.0
2023-11-27 16:13:05,152 - rasterio.env - DEBUG - Exiting env context: <rasterio.env.Env object at 0x7f5010ab36a0>
2023-11-27 16:13:05,152 - rasterio.env - DEBUG - Cleared existing <rasterio._env.GDALEnv object at 0x7f5011475ed0> options
2023-11-27 16:13:05,152 - rasterio._env - DEBUG - Stopped GDALEnv <rasterio._env.GDALEnv object at 0x7f5011475ed0>.
2023-11-27 16:13:05,152 - rasterio.env - DEBUG - Exiting outermost env
2023-11-27 16:13:05,152 - rasterio.env - DEBUG - Exited env context: <rasterio.env.Env object at 0x7f5010ab36a0>
2023-11-27 16:13:05,154 - urllib3.connectionpool - DEBUG - Starting new HTTPS connection (1): radar.bmkg.go.id:8060
2023-11-27 16:13:05,173 - urllib3.connectionpool - DEBUG - https://radar.bmkg.go.id:8060 "GET /getLatestLD?typeData=1 HTTP/1.1" 200 13080
2023-11-27 16:13:05,178 - root - INFO - Generating present weather using RADAR data
2023-11-27 16:13:09,028 - root - INFO - dask.bag<lambda, npartitions=34>
2023-11-27 16:19:16,228 - root - INFO - Total elapsed time: 0:06:13.349171
