2023-11-25 09:23:04,039 - root - INFO - Initiating present weather
2023-11-25 09:23:04,042 - asyncio - DEBUG - Using selector: EpollSelector
2023-11-25 09:23:07,508 - urllib3.connectionpool - DEBUG - Starting new HTTPS connection (1): radar.bmkg.go.id:8060
2023-11-25 09:23:07,580 - urllib3.connectionpool - DEBUG - https://radar.bmkg.go.id:8060 "GET /getRadarGeotif?token=19387e71e78522ae4172ec0fda640983b8438c9cfa0ca571623cb69d8327&radar=amandemenForecast&type=latest HTTP/1.1" 200 90
2023-11-25 09:23:07,583 - rasterio.env - DEBUG - Entering env context: <rasterio.env.Env object at 0x7efffda73320>
2023-11-25 09:23:07,584 - rasterio.env - DEBUG - Starting outermost env
2023-11-25 09:23:07,584 - rasterio.env - DEBUG - No GDAL environment exists
2023-11-25 09:23:07,584 - rasterio.env - DEBUG - New GDAL environment <rasterio._env.GDALEnv object at 0x7efffda73430> created
2023-11-25 09:23:07,589 - rasterio._filepath - DEBUG - Installing FilePath filesystem handler plugin...
2023-11-25 09:23:07,589 - rasterio._env - DEBUG - GDAL data found in package: path='/home/swx/miniconda3/envs/present_weather/lib/python3.12/site-packages/rasterio/gdal_data'.
2023-11-25 09:23:07,589 - rasterio._env - DEBUG - PROJ_LIB found in environment.
2023-11-25 09:23:07,589 - rasterio._env - DEBUG - Started GDALEnv: self=<rasterio._env.GDALEnv object at 0x7efffda73430>.
2023-11-25 09:23:07,589 - rasterio.env - DEBUG - Entered env context: <rasterio.env.Env object at 0x7efffda73320>
2023-11-25 09:23:07,590 - rasterio._base - DEBUG - Sharing flag: 0
2023-11-25 09:23:07,792 - rasterio._base - DEBUG - Nodata success: 1, Nodata value: nan
2023-11-25 09:23:07,793 - rasterio._base - DEBUG - Dataset <open DatasetReader name='https://radar.bmkg.go.id/raster/radarsatelit_202311250920.tif' mode='r'> is started.
2023-11-25 09:23:07,793 - rasterio.env - DEBUG - Exiting env context: <rasterio.env.Env object at 0x7efffda73320>
2023-11-25 09:23:07,793 - rasterio.env - DEBUG - Cleared existing <rasterio._env.GDALEnv object at 0x7efffda73430> options
2023-11-25 09:23:07,793 - rasterio._env - DEBUG - Stopped GDALEnv <rasterio._env.GDALEnv object at 0x7efffda73430>.
2023-11-25 09:23:07,794 - rasterio.env - DEBUG - Exiting outermost env
2023-11-25 09:23:07,794 - rasterio.env - DEBUG - Exited env context: <rasterio.env.Env object at 0x7efffda73320>
2023-11-25 09:23:07,794 - rasterio.env - DEBUG - Entering env context: <rasterio.env.Env object at 0x7efffdaf7aa0>
2023-11-25 09:23:07,794 - rasterio.env - DEBUG - Starting outermost env
2023-11-25 09:23:07,794 - rasterio.env - DEBUG - No GDAL environment exists
2023-11-25 09:23:07,794 - rasterio.env - DEBUG - New GDAL environment <rasterio._env.GDALEnv object at 0x7efffda73310> created
2023-11-25 09:23:07,795 - rasterio._env - DEBUG - GDAL data found in package: path='/home/swx/miniconda3/envs/present_weather/lib/python3.12/site-packages/rasterio/gdal_data'.
2023-11-25 09:23:07,795 - rasterio._env - DEBUG - PROJ_LIB found in environment.
2023-11-25 09:23:07,795 - rasterio._env - DEBUG - Started GDALEnv: self=<rasterio._env.GDALEnv object at 0x7efffda73310>.
2023-11-25 09:23:07,796 - rasterio.env - DEBUG - Entered env context: <rasterio.env.Env object at 0x7efffdaf7aa0>
2023-11-25 09:23:07,796 - rasterio.env - DEBUG - Got a copy of environment <rasterio._env.GDALEnv object at 0x7efffda73310> options
2023-11-25 09:23:07,796 - rasterio.env - DEBUG - Entering env context: <rasterio.env.Env object at 0x7efffda07590>
2023-11-25 09:23:07,797 - rasterio.env - DEBUG - Got a copy of environment <rasterio._env.GDALEnv object at 0x7efffda73310> options
2023-11-25 09:23:07,797 - rasterio.env - DEBUG - Entered env context: <rasterio.env.Env object at 0x7efffda07590>
2023-11-25 09:23:07,797 - rasterio._base - DEBUG - Sharing flag: 0
2023-11-25 09:23:07,798 - rasterio._base - DEBUG - Nodata success: 1, Nodata value: nan
2023-11-25 09:23:07,798 - rasterio._base - DEBUG - Dataset <open DatasetReader name='https://radar.bmkg.go.id/raster/radarsatelit_202311250920.tif' mode='r'> is started.
2023-11-25 09:23:07,798 - rasterio.env - DEBUG - Exiting env context: <rasterio.env.Env object at 0x7efffda07590>
2023-11-25 09:23:07,798 - rasterio.env - DEBUG - Cleared existing <rasterio._env.GDALEnv object at 0x7efffda73310> options
2023-11-25 09:23:07,799 - rasterio._env - DEBUG - Stopped GDALEnv <rasterio._env.GDALEnv object at 0x7efffda73310>.
2023-11-25 09:23:07,799 - rasterio.env - DEBUG - No GDAL environment exists
2023-11-25 09:23:07,799 - rasterio.env - DEBUG - New GDAL environment <rasterio._env.GDALEnv object at 0x7efffda73310> created
2023-11-25 09:23:07,799 - rasterio._env - DEBUG - GDAL data found in package: path='/home/swx/miniconda3/envs/present_weather/lib/python3.12/site-packages/rasterio/gdal_data'.
2023-11-25 09:23:07,799 - rasterio._env - DEBUG - PROJ_LIB found in environment.
2023-11-25 09:23:07,800 - rasterio._env - DEBUG - Started GDALEnv: self=<rasterio._env.GDALEnv object at 0x7efffda73310>.
2023-11-25 09:23:07,800 - rasterio.env - DEBUG - Exited env context: <rasterio.env.Env object at 0x7efffda07590>
2023-11-25 09:23:07,829 - rasterio._io - DEBUG - Output nodata value read from file: nan
2023-11-25 09:23:07,830 - rasterio._io - DEBUG - Output nodata values: [nan]
2023-11-25 09:23:07,830 - rasterio._io - DEBUG - all_valid: False
2023-11-25 09:23:07,830 - rasterio._io - DEBUG - mask_flags: ([<MaskFlags.nodata: 8>],)
2023-11-25 09:23:07,830 - rasterio._io - DEBUG - Jump straight to _read()
2023-11-25 09:23:07,830 - rasterio._io - DEBUG - Window: Window(col_off=0, row_off=0, width=10215, height=3792)
2023-11-25 09:23:07,831 - rasterio._io - DEBUG - IO window xoff=0.0 yoff=0.0 width=10215.0 height=3792.0
2023-11-25 09:23:08,675 - rasterio.env - DEBUG - Exiting env context: <rasterio.env.Env object at 0x7efffdaf7aa0>
2023-11-25 09:23:08,675 - rasterio.env - DEBUG - Cleared existing <rasterio._env.GDALEnv object at 0x7efffda73310> options
2023-11-25 09:23:08,675 - rasterio._env - DEBUG - Stopped GDALEnv <rasterio._env.GDALEnv object at 0x7efffda73310>.
2023-11-25 09:23:08,675 - rasterio.env - DEBUG - Exiting outermost env
2023-11-25 09:23:08,675 - rasterio.env - DEBUG - Exited env context: <rasterio.env.Env object at 0x7efffdaf7aa0>
2023-11-25 09:23:08,678 - urllib3.connectionpool - DEBUG - Starting new HTTPS connection (1): radar.bmkg.go.id:8060
2023-11-25 09:23:08,724 - urllib3.connectionpool - DEBUG - https://radar.bmkg.go.id:8060 "GET /getLatestLD?typeData=1 HTTP/1.1" 200 13659
2023-11-25 09:23:08,735 - root - INFO - Generating present weather using RADAR data
2023-11-25 09:23:12,116 - root - INFO - dask.bag<lambda, npartitions=20>
2023-11-25 09:36:03,766 - root - INFO - Total elapsed time: 0:12:59.728784
