2023-11-22 13:23:03,464 - root - INFO - Initiating present weather
2023-11-22 13:23:03,467 - asyncio - DEBUG - Using selector: EpollSelector
2023-11-22 13:23:06,754 - urllib3.connectionpool - DEBUG - Starting new HTTPS connection (1): radar.bmkg.go.id:8060
2023-11-22 13:23:06,827 - urllib3.connectionpool - DEBUG - https://radar.bmkg.go.id:8060 "GET /getRadarGeotif?token=19387e71e78522ae4172ec0fda640983b8438c9cfa0ca571623cb69d8327&radar=amandemenForecast&type=latest HTTP/1.1" 200 90
2023-11-22 13:23:06,829 - rasterio.env - DEBUG - Entering env context: <rasterio.env.Env object at 0x7f97650bf2c0>
2023-11-22 13:23:06,830 - rasterio.env - DEBUG - Starting outermost env
2023-11-22 13:23:06,830 - rasterio.env - DEBUG - No GDAL environment exists
2023-11-22 13:23:06,830 - rasterio.env - DEBUG - New GDAL environment <rasterio._env.GDALEnv object at 0x7f97650bf7c0> created
2023-11-22 13:23:06,835 - rasterio._filepath - DEBUG - Installing FilePath filesystem handler plugin...
2023-11-22 13:23:06,835 - rasterio._env - DEBUG - GDAL data found in package: path='/home/swx/miniconda3/envs/present_weather/lib/python3.12/site-packages/rasterio/gdal_data'.
2023-11-22 13:23:06,835 - rasterio._env - DEBUG - PROJ_LIB found in environment.
2023-11-22 13:23:06,835 - rasterio._env - DEBUG - Started GDALEnv: self=<rasterio._env.GDALEnv object at 0x7f97650bf7c0>.
2023-11-22 13:23:06,835 - rasterio.env - DEBUG - Entered env context: <rasterio.env.Env object at 0x7f97650bf2c0>
2023-11-22 13:23:06,836 - rasterio._base - DEBUG - Sharing flag: 0
2023-11-22 13:23:07,037 - rasterio._base - DEBUG - Nodata success: 1, Nodata value: nan
2023-11-22 13:23:07,038 - rasterio._base - DEBUG - Dataset <open DatasetReader name='https://radar.bmkg.go.id/raster/radarsatelit_202311221320.tif' mode='r'> is started.
2023-11-22 13:23:07,038 - rasterio.env - DEBUG - Exiting env context: <rasterio.env.Env object at 0x7f97650bf2c0>
2023-11-22 13:23:07,038 - rasterio.env - DEBUG - Cleared existing <rasterio._env.GDALEnv object at 0x7f97650bf7c0> options
2023-11-22 13:23:07,038 - rasterio._env - DEBUG - Stopped GDALEnv <rasterio._env.GDALEnv object at 0x7f97650bf7c0>.
2023-11-22 13:23:07,038 - rasterio.env - DEBUG - Exiting outermost env
2023-11-22 13:23:07,039 - rasterio.env - DEBUG - Exited env context: <rasterio.env.Env object at 0x7f97650bf2c0>
2023-11-22 13:23:07,039 - rasterio.env - DEBUG - Entering env context: <rasterio.env.Env object at 0x7f97651e9af0>
2023-11-22 13:23:07,039 - rasterio.env - DEBUG - Starting outermost env
2023-11-22 13:23:07,039 - rasterio.env - DEBUG - No GDAL environment exists
2023-11-22 13:23:07,039 - rasterio.env - DEBUG - New GDAL environment <rasterio._env.GDALEnv object at 0x7f97650bf7c0> created
2023-11-22 13:23:07,040 - rasterio._env - DEBUG - GDAL data found in package: path='/home/swx/miniconda3/envs/present_weather/lib/python3.12/site-packages/rasterio/gdal_data'.
2023-11-22 13:23:07,040 - rasterio._env - DEBUG - PROJ_LIB found in environment.
2023-11-22 13:23:07,040 - rasterio._env - DEBUG - Started GDALEnv: self=<rasterio._env.GDALEnv object at 0x7f97650bf7c0>.
2023-11-22 13:23:07,040 - rasterio.env - DEBUG - Entered env context: <rasterio.env.Env object at 0x7f97651e9af0>
2023-11-22 13:23:07,041 - rasterio.env - DEBUG - Got a copy of environment <rasterio._env.GDALEnv object at 0x7f97650bf7c0> options
2023-11-22 13:23:07,041 - rasterio.env - DEBUG - Entering env context: <rasterio.env.Env object at 0x7f974c74c320>
2023-11-22 13:23:07,041 - rasterio.env - DEBUG - Got a copy of environment <rasterio._env.GDALEnv object at 0x7f97650bf7c0> options
2023-11-22 13:23:07,041 - rasterio.env - DEBUG - Entered env context: <rasterio.env.Env object at 0x7f974c74c320>
2023-11-22 13:23:07,041 - rasterio._base - DEBUG - Sharing flag: 0
2023-11-22 13:23:07,042 - rasterio._base - DEBUG - Nodata success: 1, Nodata value: nan
2023-11-22 13:23:07,042 - rasterio._base - DEBUG - Dataset <open DatasetReader name='https://radar.bmkg.go.id/raster/radarsatelit_202311221320.tif' mode='r'> is started.
2023-11-22 13:23:07,043 - rasterio.env - DEBUG - Exiting env context: <rasterio.env.Env object at 0x7f974c74c320>
2023-11-22 13:23:07,043 - rasterio.env - DEBUG - Cleared existing <rasterio._env.GDALEnv object at 0x7f97650bf7c0> options
2023-11-22 13:23:07,043 - rasterio._env - DEBUG - Stopped GDALEnv <rasterio._env.GDALEnv object at 0x7f97650bf7c0>.
2023-11-22 13:23:07,043 - rasterio.env - DEBUG - No GDAL environment exists
2023-11-22 13:23:07,043 - rasterio.env - DEBUG - New GDAL environment <rasterio._env.GDALEnv object at 0x7f97650bf7c0> created
2023-11-22 13:23:07,044 - rasterio._env - DEBUG - GDAL data found in package: path='/home/swx/miniconda3/envs/present_weather/lib/python3.12/site-packages/rasterio/gdal_data'.
2023-11-22 13:23:07,044 - rasterio._env - DEBUG - PROJ_LIB found in environment.
2023-11-22 13:23:07,044 - rasterio._env - DEBUG - Started GDALEnv: self=<rasterio._env.GDALEnv object at 0x7f97650bf7c0>.
2023-11-22 13:23:07,044 - rasterio.env - DEBUG - Exited env context: <rasterio.env.Env object at 0x7f974c74c320>
2023-11-22 13:23:07,072 - rasterio._io - DEBUG - Output nodata value read from file: nan
2023-11-22 13:23:07,072 - rasterio._io - DEBUG - Output nodata values: [nan]
2023-11-22 13:23:07,072 - rasterio._io - DEBUG - all_valid: False
2023-11-22 13:23:07,072 - rasterio._io - DEBUG - mask_flags: ([<MaskFlags.nodata: 8>],)
2023-11-22 13:23:07,073 - rasterio._io - DEBUG - Jump straight to _read()
2023-11-22 13:23:07,073 - rasterio._io - DEBUG - Window: Window(col_off=0, row_off=0, width=10215, height=3792)
2023-11-22 13:23:07,073 - rasterio._io - DEBUG - IO window xoff=0.0 yoff=0.0 width=10215.0 height=3792.0
2023-11-22 13:23:07,829 - rasterio.env - DEBUG - Exiting env context: <rasterio.env.Env object at 0x7f97651e9af0>
2023-11-22 13:23:07,829 - rasterio.env - DEBUG - Cleared existing <rasterio._env.GDALEnv object at 0x7f97650bf7c0> options
2023-11-22 13:23:07,829 - rasterio._env - DEBUG - Stopped GDALEnv <rasterio._env.GDALEnv object at 0x7f97650bf7c0>.
2023-11-22 13:23:07,829 - rasterio.env - DEBUG - Exiting outermost env
2023-11-22 13:23:07,829 - rasterio.env - DEBUG - Exited env context: <rasterio.env.Env object at 0x7f97651e9af0>
2023-11-22 13:23:07,832 - urllib3.connectionpool - DEBUG - Starting new HTTPS connection (1): radar.bmkg.go.id:8060
2023-11-22 13:23:07,906 - urllib3.connectionpool - DEBUG - https://radar.bmkg.go.id:8060 "GET /getLatestLD?typeData=1 HTTP/1.1" 200 59435
2023-11-22 13:23:11,297 - root - INFO - dask.bag<lambda, npartitions=34>
2023-11-22 13:39:45,325 - root - INFO - Total elapsed time: 0:16:41.861679
