2023-12-22 12:13:02,271 - root - INFO - Initiating present weather
2023-12-22 12:13:02,273 - asyncio - DEBUG - Using selector: EpollSelector
2023-12-22 12:13:03,901 - urllib3.connectionpool - DEBUG - Starting new HTTPS connection (1): radar.bmkg.go.id:8060
2023-12-22 12:13:03,915 - urllib3.connectionpool - DEBUG - https://radar.bmkg.go.id:8060 "GET /getLatestLD?typeData=1 HTTP/1.1" 200 62
2023-12-22 12:13:03,917 - urllib3.connectionpool - DEBUG - Starting new HTTPS connection (1): radar.bmkg.go.id:8060
2023-12-22 12:13:03,939 - urllib3.connectionpool - DEBUG - https://radar.bmkg.go.id:8060 "GET /getRadarGeotif?token=19387e71e78522ae4172ec0fda640983b8438c9cfa0ca571623cb69d8327&radar=amandemenForecast&type=latest HTTP/1.1" 200 90
2023-12-22 12:13:03,939 - rasterio.env - DEBUG - Entering env context: <rasterio.env.Env object at 0x7fc9e95f7910>
2023-12-22 12:13:03,940 - rasterio.env - DEBUG - Starting outermost env
2023-12-22 12:13:03,940 - rasterio.env - DEBUG - No GDAL environment exists
2023-12-22 12:13:03,940 - rasterio.env - DEBUG - New GDAL environment <rasterio._env.GDALEnv object at 0x7fc9e95f79a0> created
2023-12-22 12:13:03,942 - rasterio._filepath - DEBUG - Installing FilePath filesystem handler plugin...
2023-12-22 12:13:03,943 - rasterio._env - DEBUG - GDAL data found in package: path='/home/metpublic/PYTHON_VENV/present_weather/lib/python3.10/site-packages/rasterio/gdal_data'.
2023-12-22 12:13:03,943 - rasterio._env - DEBUG - PROJ data found in package: path='/home/metpublic/PYTHON_VENV/present_weather/lib/python3.10/site-packages/rasterio/proj_data'.
2023-12-22 12:13:03,943 - rasterio._env - DEBUG - Started GDALEnv: self=<rasterio._env.GDALEnv object at 0x7fc9e95f79a0>.
2023-12-22 12:13:03,943 - rasterio.env - DEBUG - Entered env context: <rasterio.env.Env object at 0x7fc9e95f7910>
2023-12-22 12:13:03,943 - rasterio._base - DEBUG - Sharing flag: 0
2023-12-22 12:13:04,280 - rasterio._base - DEBUG - Nodata success: 1, Nodata value: nan
2023-12-22 12:13:04,280 - rasterio._base - DEBUG - Dataset <open DatasetReader name='https://radar.bmkg.go.id/raster/radarsatelit_202312221210.tif' mode='r'> is started.
2023-12-22 12:13:04,281 - rasterio.env - DEBUG - Exiting env context: <rasterio.env.Env object at 0x7fc9e95f7910>
2023-12-22 12:13:04,281 - rasterio.env - DEBUG - Cleared existing <rasterio._env.GDALEnv object at 0x7fc9e95f79a0> options
2023-12-22 12:13:04,281 - rasterio._env - DEBUG - Stopped GDALEnv <rasterio._env.GDALEnv object at 0x7fc9e95f79a0>.
2023-12-22 12:13:04,281 - rasterio.env - DEBUG - Exiting outermost env
2023-12-22 12:13:04,281 - rasterio.env - DEBUG - Exited env context: <rasterio.env.Env object at 0x7fc9e95f7910>
2023-12-22 12:13:04,281 - rasterio.env - DEBUG - Entering env context: <rasterio.env.Env object at 0x7fc9e8c74c40>
2023-12-22 12:13:04,281 - rasterio.env - DEBUG - Starting outermost env
2023-12-22 12:13:04,281 - rasterio.env - DEBUG - No GDAL environment exists
2023-12-22 12:13:04,281 - rasterio.env - DEBUG - New GDAL environment <rasterio._env.GDALEnv object at 0x7fc9e95f79a0> created
2023-12-22 12:13:04,282 - rasterio._env - DEBUG - GDAL data found in package: path='/home/metpublic/PYTHON_VENV/present_weather/lib/python3.10/site-packages/rasterio/gdal_data'.
2023-12-22 12:13:04,282 - rasterio._env - DEBUG - PROJ data found in package: path='/home/metpublic/PYTHON_VENV/present_weather/lib/python3.10/site-packages/rasterio/proj_data'.
2023-12-22 12:13:04,282 - rasterio._env - DEBUG - Started GDALEnv: self=<rasterio._env.GDALEnv object at 0x7fc9e95f79a0>.
2023-12-22 12:13:04,282 - rasterio.env - DEBUG - Entered env context: <rasterio.env.Env object at 0x7fc9e8c74c40>
2023-12-22 12:13:04,283 - rasterio.env - DEBUG - Got a copy of environment <rasterio._env.GDALEnv object at 0x7fc9e95f79a0> options
2023-12-22 12:13:04,283 - rasterio.env - DEBUG - Entering env context: <rasterio.env.Env object at 0x7fc9e83821d0>
2023-12-22 12:13:04,283 - rasterio.env - DEBUG - Got a copy of environment <rasterio._env.GDALEnv object at 0x7fc9e95f79a0> options
2023-12-22 12:13:04,283 - rasterio.env - DEBUG - Entered env context: <rasterio.env.Env object at 0x7fc9e83821d0>
2023-12-22 12:13:04,283 - rasterio._base - DEBUG - Sharing flag: 0
2023-12-22 12:13:04,284 - rasterio._base - DEBUG - Nodata success: 1, Nodata value: nan
2023-12-22 12:13:04,284 - rasterio._base - DEBUG - Dataset <open DatasetReader name='https://radar.bmkg.go.id/raster/radarsatelit_202312221210.tif' mode='r'> is started.
2023-12-22 12:13:04,284 - rasterio.env - DEBUG - Exiting env context: <rasterio.env.Env object at 0x7fc9e83821d0>
2023-12-22 12:13:04,284 - rasterio.env - DEBUG - Cleared existing <rasterio._env.GDALEnv object at 0x7fc9e95f79a0> options
2023-12-22 12:13:04,285 - rasterio._env - DEBUG - Stopped GDALEnv <rasterio._env.GDALEnv object at 0x7fc9e95f79a0>.
2023-12-22 12:13:04,285 - rasterio.env - DEBUG - No GDAL environment exists
2023-12-22 12:13:04,285 - rasterio.env - DEBUG - New GDAL environment <rasterio._env.GDALEnv object at 0x7fc9e95f79a0> created
2023-12-22 12:13:04,285 - rasterio._env - DEBUG - GDAL data found in package: path='/home/metpublic/PYTHON_VENV/present_weather/lib/python3.10/site-packages/rasterio/gdal_data'.
2023-12-22 12:13:04,285 - rasterio._env - DEBUG - PROJ data found in package: path='/home/metpublic/PYTHON_VENV/present_weather/lib/python3.10/site-packages/rasterio/proj_data'.
2023-12-22 12:13:04,286 - rasterio._env - DEBUG - Started GDALEnv: self=<rasterio._env.GDALEnv object at 0x7fc9e95f79a0>.
2023-12-22 12:13:04,286 - rasterio.env - DEBUG - Exited env context: <rasterio.env.Env object at 0x7fc9e83821d0>
2023-12-22 12:13:04,308 - rasterio._io - DEBUG - Output nodata value read from file: nan
2023-12-22 12:13:04,309 - rasterio._io - DEBUG - Output nodata values: [nan]
2023-12-22 12:13:04,309 - rasterio._io - DEBUG - all_valid: False
2023-12-22 12:13:04,309 - rasterio._io - DEBUG - mask_flags: ([<MaskFlags.nodata: 8>],)
2023-12-22 12:13:04,310 - rasterio._io - DEBUG - Jump straight to _read()
2023-12-22 12:13:04,310 - rasterio._io - DEBUG - Window: Window(col_off=0, row_off=0, width=10177, height=3732)
2023-12-22 12:13:04,310 - rasterio._io - DEBUG - IO window xoff=0.0 yoff=0.0 width=10177.0 height=3732.0
2023-12-22 12:13:04,902 - rasterio.env - DEBUG - Exiting env context: <rasterio.env.Env object at 0x7fc9e8c74c40>
2023-12-22 12:13:04,902 - rasterio.env - DEBUG - Cleared existing <rasterio._env.GDALEnv object at 0x7fc9e95f79a0> options
2023-12-22 12:13:04,902 - rasterio._env - DEBUG - Stopped GDALEnv <rasterio._env.GDALEnv object at 0x7fc9e95f79a0>.
2023-12-22 12:13:04,903 - rasterio.env - DEBUG - Exiting outermost env
2023-12-22 12:13:04,903 - rasterio.env - DEBUG - Exited env context: <rasterio.env.Env object at 0x7fc9e8c74c40>
2023-12-22 12:17:35,204 - rasterio.env - DEBUG - Entering env context: <rasterio.env.Env object at 0x7fc9e842f4f0>
2023-12-22 12:17:35,205 - rasterio.env - DEBUG - Starting outermost env
2023-12-22 12:17:35,205 - rasterio.env - DEBUG - No GDAL environment exists
2023-12-22 12:17:35,205 - rasterio.env - DEBUG - New GDAL environment <rasterio._env.GDALEnv object at 0x7fc9e842c700> created
2023-12-22 12:17:35,206 - rasterio._env - DEBUG - GDAL data found in package: path='/home/metpublic/PYTHON_VENV/present_weather/lib/python3.10/site-packages/rasterio/gdal_data'.
2023-12-22 12:17:35,206 - rasterio._env - DEBUG - PROJ data found in package: path='/home/metpublic/PYTHON_VENV/present_weather/lib/python3.10/site-packages/rasterio/proj_data'.
2023-12-22 12:17:35,207 - rasterio._env - DEBUG - Started GDALEnv: self=<rasterio._env.GDALEnv object at 0x7fc9e842c700>.
2023-12-22 12:17:35,207 - rasterio.env - DEBUG - Entered env context: <rasterio.env.Env object at 0x7fc9e842f4f0>
2023-12-22 12:17:35,207 - rasterio._base - DEBUG - Sharing flag: 0
2023-12-22 12:17:35,208 - rasterio._base - DEBUG - Nodata success: 0, Nodata value: 0.000000
2023-12-22 12:17:35,209 - rasterio._base - DEBUG - Dataset <open DatasetReader name='/home/metpublic/TASK_RELEASE/EFAN/present_weather/src/H09_B13_Indonesia_20231222.Z1150.cor.tiff' mode='r'> is started.
2023-12-22 12:17:35,209 - rasterio.env - DEBUG - Exiting env context: <rasterio.env.Env object at 0x7fc9e842f4f0>
2023-12-22 12:17:35,209 - rasterio.env - DEBUG - Cleared existing <rasterio._env.GDALEnv object at 0x7fc9e842c700> options
2023-12-22 12:17:35,209 - rasterio._env - DEBUG - Stopped GDALEnv <rasterio._env.GDALEnv object at 0x7fc9e842c700>.
2023-12-22 12:17:35,209 - rasterio.env - DEBUG - Exiting outermost env
2023-12-22 12:17:35,209 - rasterio.env - DEBUG - Exited env context: <rasterio.env.Env object at 0x7fc9e842f4f0>
2023-12-22 12:17:35,209 - rasterio.env - DEBUG - Entering env context: <rasterio.env.Env object at 0x7fc9e817c1c0>
2023-12-22 12:17:35,210 - rasterio.env - DEBUG - Starting outermost env
2023-12-22 12:17:35,210 - rasterio.env - DEBUG - No GDAL environment exists
2023-12-22 12:17:35,211 - rasterio.env - DEBUG - New GDAL environment <rasterio._env.GDALEnv object at 0x7fc9e817d750> created
2023-12-22 12:17:35,211 - rasterio._env - DEBUG - GDAL data found in package: path='/home/metpublic/PYTHON_VENV/present_weather/lib/python3.10/site-packages/rasterio/gdal_data'.
2023-12-22 12:17:35,211 - rasterio._env - DEBUG - PROJ data found in package: path='/home/metpublic/PYTHON_VENV/present_weather/lib/python3.10/site-packages/rasterio/proj_data'.
2023-12-22 12:17:35,211 - rasterio._env - DEBUG - Started GDALEnv: self=<rasterio._env.GDALEnv object at 0x7fc9e817d750>.
2023-12-22 12:17:35,211 - rasterio.env - DEBUG - Entered env context: <rasterio.env.Env object at 0x7fc9e817c1c0>
2023-12-22 12:17:35,211 - rasterio._base - DEBUG - Sharing flag: 0
2023-12-22 12:17:35,212 - rasterio._base - DEBUG - Nodata success: 0, Nodata value: 0.000000
2023-12-22 12:17:35,213 - rasterio._base - DEBUG - Dataset <open DatasetReader name='/home/metpublic/TASK_RELEASE/EFAN/present_weather/src/H09_B13_Indonesia_20231222.Z1150.cor.tiff' mode='r'> is started.
2023-12-22 12:17:35,213 - rasterio.env - DEBUG - Exiting env context: <rasterio.env.Env object at 0x7fc9e817c1c0>
2023-12-22 12:17:35,213 - rasterio.env - DEBUG - Cleared existing <rasterio._env.GDALEnv object at 0x7fc9e817d750> options
2023-12-22 12:17:35,213 - rasterio._env - DEBUG - Stopped GDALEnv <rasterio._env.GDALEnv object at 0x7fc9e817d750>.
2023-12-22 12:17:35,213 - rasterio.env - DEBUG - Exiting outermost env
2023-12-22 12:17:35,213 - rasterio.env - DEBUG - Exited env context: <rasterio.env.Env object at 0x7fc9e817c1c0>
2023-12-22 12:17:35,225 - root - INFO - Generating present weather using SATELITE data
2023-12-22 12:19:00,952 - root - INFO - Total elapsed time: 0:05:58.681630
