2023-11-24 07:43:04,050 - root - INFO - Initiating present weather
2023-11-24 07:43:04,054 - asyncio - DEBUG - Using selector: EpollSelector
2023-11-24 07:43:07,349 - urllib3.connectionpool - DEBUG - Starting new HTTPS connection (1): radar.bmkg.go.id:8060
2023-11-24 07:43:07,410 - urllib3.connectionpool - DEBUG - https://radar.bmkg.go.id:8060 "GET /getRadarGeotif?token=19387e71e78522ae4172ec0fda640983b8438c9cfa0ca571623cb69d8327&radar=amandemenForecast&type=latest HTTP/1.1" 200 90
2023-11-24 07:43:07,414 - rasterio.env - DEBUG - Entering env context: <rasterio.env.Env object at 0x7f57160338f0>
2023-11-24 07:43:07,415 - rasterio.env - DEBUG - Starting outermost env
2023-11-24 07:43:07,415 - rasterio.env - DEBUG - No GDAL environment exists
2023-11-24 07:43:07,415 - rasterio.env - DEBUG - New GDAL environment <rasterio._env.GDALEnv object at 0x7f571612b8b0> created
2023-11-24 07:43:07,420 - rasterio._filepath - DEBUG - Installing FilePath filesystem handler plugin...
2023-11-24 07:43:07,420 - rasterio._env - DEBUG - GDAL data found in package: path='/home/swx/miniconda3/envs/present_weather/lib/python3.12/site-packages/rasterio/gdal_data'.
2023-11-24 07:43:07,420 - rasterio._env - DEBUG - PROJ_LIB found in environment.
2023-11-24 07:43:07,421 - rasterio._env - DEBUG - Started GDALEnv: self=<rasterio._env.GDALEnv object at 0x7f571612b8b0>.
2023-11-24 07:43:07,421 - rasterio.env - DEBUG - Entered env context: <rasterio.env.Env object at 0x7f57160338f0>
2023-11-24 07:43:07,421 - rasterio._base - DEBUG - Sharing flag: 0
2023-11-24 07:43:07,613 - rasterio._base - DEBUG - Nodata success: 1, Nodata value: nan
2023-11-24 07:43:07,613 - rasterio._base - DEBUG - Dataset <open DatasetReader name='https://radar.bmkg.go.id/raster/radarsatelit_202311240740.tif' mode='r'> is started.
2023-11-24 07:43:07,614 - rasterio.env - DEBUG - Exiting env context: <rasterio.env.Env object at 0x7f57160338f0>
2023-11-24 07:43:07,614 - rasterio.env - DEBUG - Cleared existing <rasterio._env.GDALEnv object at 0x7f571612b8b0> options
2023-11-24 07:43:07,614 - rasterio._env - DEBUG - Stopped GDALEnv <rasterio._env.GDALEnv object at 0x7f571612b8b0>.
2023-11-24 07:43:07,614 - rasterio.env - DEBUG - Exiting outermost env
2023-11-24 07:43:07,614 - rasterio.env - DEBUG - Exited env context: <rasterio.env.Env object at 0x7f57160338f0>
2023-11-24 07:43:07,614 - rasterio.env - DEBUG - Entering env context: <rasterio.env.Env object at 0x7f571612b8c0>
2023-11-24 07:43:07,614 - rasterio.env - DEBUG - Starting outermost env
2023-11-24 07:43:07,614 - rasterio.env - DEBUG - No GDAL environment exists
2023-11-24 07:43:07,615 - rasterio.env - DEBUG - New GDAL environment <rasterio._env.GDALEnv object at 0x7f5716032cb0> created
2023-11-24 07:43:07,615 - rasterio._env - DEBUG - GDAL data found in package: path='/home/swx/miniconda3/envs/present_weather/lib/python3.12/site-packages/rasterio/gdal_data'.
2023-11-24 07:43:07,615 - rasterio._env - DEBUG - PROJ_LIB found in environment.
2023-11-24 07:43:07,616 - rasterio._env - DEBUG - Started GDALEnv: self=<rasterio._env.GDALEnv object at 0x7f5716032cb0>.
2023-11-24 07:43:07,616 - rasterio.env - DEBUG - Entered env context: <rasterio.env.Env object at 0x7f571612b8c0>
2023-11-24 07:43:07,616 - rasterio.env - DEBUG - Got a copy of environment <rasterio._env.GDALEnv object at 0x7f5716032cb0> options
2023-11-24 07:43:07,616 - rasterio.env - DEBUG - Entering env context: <rasterio.env.Env object at 0x7f571434d460>
2023-11-24 07:43:07,617 - rasterio.env - DEBUG - Got a copy of environment <rasterio._env.GDALEnv object at 0x7f5716032cb0> options
2023-11-24 07:43:07,617 - rasterio.env - DEBUG - Entered env context: <rasterio.env.Env object at 0x7f571434d460>
2023-11-24 07:43:07,617 - rasterio._base - DEBUG - Sharing flag: 0
2023-11-24 07:43:07,618 - rasterio._base - DEBUG - Nodata success: 1, Nodata value: nan
2023-11-24 07:43:07,618 - rasterio._base - DEBUG - Dataset <open DatasetReader name='https://radar.bmkg.go.id/raster/radarsatelit_202311240740.tif' mode='r'> is started.
2023-11-24 07:43:07,618 - rasterio.env - DEBUG - Exiting env context: <rasterio.env.Env object at 0x7f571434d460>
2023-11-24 07:43:07,619 - rasterio.env - DEBUG - Cleared existing <rasterio._env.GDALEnv object at 0x7f5716032cb0> options
2023-11-24 07:43:07,619 - rasterio._env - DEBUG - Stopped GDALEnv <rasterio._env.GDALEnv object at 0x7f5716032cb0>.
2023-11-24 07:43:07,619 - rasterio.env - DEBUG - No GDAL environment exists
2023-11-24 07:43:07,619 - rasterio.env - DEBUG - New GDAL environment <rasterio._env.GDALEnv object at 0x7f5716032cb0> created
2023-11-24 07:43:07,619 - rasterio._env - DEBUG - GDAL data found in package: path='/home/swx/miniconda3/envs/present_weather/lib/python3.12/site-packages/rasterio/gdal_data'.
2023-11-24 07:43:07,620 - rasterio._env - DEBUG - PROJ_LIB found in environment.
2023-11-24 07:43:07,620 - rasterio._env - DEBUG - Started GDALEnv: self=<rasterio._env.GDALEnv object at 0x7f5716032cb0>.
2023-11-24 07:43:07,620 - rasterio.env - DEBUG - Exited env context: <rasterio.env.Env object at 0x7f571434d460>
2023-11-24 07:43:07,650 - rasterio._io - DEBUG - Output nodata value read from file: nan
2023-11-24 07:43:07,650 - rasterio._io - DEBUG - Output nodata values: [nan]
2023-11-24 07:43:07,650 - rasterio._io - DEBUG - all_valid: False
2023-11-24 07:43:07,650 - rasterio._io - DEBUG - mask_flags: ([<MaskFlags.nodata: 8>],)
2023-11-24 07:43:07,651 - rasterio._io - DEBUG - Jump straight to _read()
2023-11-24 07:43:07,651 - rasterio._io - DEBUG - Window: Window(col_off=0, row_off=0, width=10178, height=3732)
2023-11-24 07:43:07,651 - rasterio._io - DEBUG - IO window xoff=0.0 yoff=0.0 width=10178.0 height=3732.0
2023-11-24 07:43:08,610 - rasterio.env - DEBUG - Exiting env context: <rasterio.env.Env object at 0x7f571612b8c0>
2023-11-24 07:43:08,610 - rasterio.env - DEBUG - Cleared existing <rasterio._env.GDALEnv object at 0x7f5716032cb0> options
2023-11-24 07:43:08,610 - rasterio._env - DEBUG - Stopped GDALEnv <rasterio._env.GDALEnv object at 0x7f5716032cb0>.
2023-11-24 07:43:08,610 - rasterio.env - DEBUG - Exiting outermost env
2023-11-24 07:43:08,611 - rasterio.env - DEBUG - Exited env context: <rasterio.env.Env object at 0x7f571612b8c0>
2023-11-24 07:43:08,613 - urllib3.connectionpool - DEBUG - Starting new HTTPS connection (1): radar.bmkg.go.id:8060
2023-11-24 07:43:08,685 - urllib3.connectionpool - DEBUG - https://radar.bmkg.go.id:8060 "GET /getLatestLD?typeData=1 HTTP/1.1" 200 52602
2023-11-24 07:43:08,709 - root - INFO - Generating present weather using RADAR data
2023-11-24 07:43:11,971 - root - INFO - dask.bag<lambda, npartitions=20>
2023-11-24 07:43:28,664 - root - INFO - Total elapsed time: 0:00:24.614242
