2023-12-06 02:43:02,145 - root - INFO - Initiating present weather
2023-12-06 02:43:02,146 - asyncio - DEBUG - Using selector: EpollSelector
2023-12-06 02:43:03,805 - urllib3.connectionpool - DEBUG - Starting new HTTPS connection (1): radar.bmkg.go.id:8060
2023-12-06 02:43:03,819 - urllib3.connectionpool - DEBUG - https://radar.bmkg.go.id:8060 "GET /getLatestLD?typeData=1 HTTP/1.1" 200 62
2023-12-06 02:43:03,820 - urllib3.connectionpool - DEBUG - Starting new HTTPS connection (1): radar.bmkg.go.id:8060
2023-12-06 02:43:03,840 - urllib3.connectionpool - DEBUG - https://radar.bmkg.go.id:8060 "GET /getRadarGeotif?token=19387e71e78522ae4172ec0fda640983b8438c9cfa0ca571623cb69d8327&radar=amandemenForecast&type=latest HTTP/1.1" 200 90
2023-12-06 02:43:03,842 - rasterio.env - DEBUG - Entering env context: <rasterio.env.Env object at 0x7ff699bd4580>
2023-12-06 02:43:03,842 - rasterio.env - DEBUG - Starting outermost env
2023-12-06 02:43:03,842 - rasterio.env - DEBUG - No GDAL environment exists
2023-12-06 02:43:03,842 - rasterio.env - DEBUG - New GDAL environment <rasterio._env.GDALEnv object at 0x7ff699bd4790> created
2023-12-06 02:43:03,845 - rasterio._filepath - DEBUG - Installing FilePath filesystem handler plugin...
2023-12-06 02:43:03,845 - rasterio._env - DEBUG - GDAL data found in package: path='/home/metpublic/PYTHON_VENV/present_weather/lib/python3.10/site-packages/rasterio/gdal_data'.
2023-12-06 02:43:03,845 - rasterio._env - DEBUG - PROJ data found in package: path='/home/metpublic/PYTHON_VENV/present_weather/lib/python3.10/site-packages/rasterio/proj_data'.
2023-12-06 02:43:03,846 - rasterio._env - DEBUG - Started GDALEnv: self=<rasterio._env.GDALEnv object at 0x7ff699bd4790>.
2023-12-06 02:43:03,846 - rasterio.env - DEBUG - Entered env context: <rasterio.env.Env object at 0x7ff699bd4580>
2023-12-06 02:43:03,846 - rasterio._base - DEBUG - Sharing flag: 0
2023-12-06 02:43:04,086 - rasterio._base - DEBUG - Nodata success: 1, Nodata value: nan
2023-12-06 02:43:04,086 - rasterio._base - DEBUG - Dataset <open DatasetReader name='https://radar.bmkg.go.id/raster/radarsatelit_202312060240.tif' mode='r'> is started.
2023-12-06 02:43:04,087 - rasterio.env - DEBUG - Exiting env context: <rasterio.env.Env object at 0x7ff699bd4580>
2023-12-06 02:43:04,087 - rasterio.env - DEBUG - Cleared existing <rasterio._env.GDALEnv object at 0x7ff699bd4790> options
2023-12-06 02:43:04,087 - rasterio._env - DEBUG - Stopped GDALEnv <rasterio._env.GDALEnv object at 0x7ff699bd4790>.
2023-12-06 02:43:04,087 - rasterio.env - DEBUG - Exiting outermost env
2023-12-06 02:43:04,087 - rasterio.env - DEBUG - Exited env context: <rasterio.env.Env object at 0x7ff699bd4580>
2023-12-06 02:43:04,087 - rasterio.env - DEBUG - Entering env context: <rasterio.env.Env object at 0x7ff69a50e950>
2023-12-06 02:43:04,087 - rasterio.env - DEBUG - Starting outermost env
2023-12-06 02:43:04,087 - rasterio.env - DEBUG - No GDAL environment exists
2023-12-06 02:43:04,087 - rasterio.env - DEBUG - New GDAL environment <rasterio._env.GDALEnv object at 0x7ff699bd47f0> created
2023-12-06 02:43:04,088 - rasterio._env - DEBUG - GDAL data found in package: path='/home/metpublic/PYTHON_VENV/present_weather/lib/python3.10/site-packages/rasterio/gdal_data'.
2023-12-06 02:43:04,088 - rasterio._env - DEBUG - PROJ data found in package: path='/home/metpublic/PYTHON_VENV/present_weather/lib/python3.10/site-packages/rasterio/proj_data'.
2023-12-06 02:43:04,088 - rasterio._env - DEBUG - Started GDALEnv: self=<rasterio._env.GDALEnv object at 0x7ff699bd47f0>.
2023-12-06 02:43:04,088 - rasterio.env - DEBUG - Entered env context: <rasterio.env.Env object at 0x7ff69a50e950>
2023-12-06 02:43:04,089 - rasterio.env - DEBUG - Got a copy of environment <rasterio._env.GDALEnv object at 0x7ff699bd47f0> options
2023-12-06 02:43:04,089 - rasterio.env - DEBUG - Entering env context: <rasterio.env.Env object at 0x7ff6982a2230>
2023-12-06 02:43:04,089 - rasterio.env - DEBUG - Got a copy of environment <rasterio._env.GDALEnv object at 0x7ff699bd47f0> options
2023-12-06 02:43:04,089 - rasterio.env - DEBUG - Entered env context: <rasterio.env.Env object at 0x7ff6982a2230>
2023-12-06 02:43:04,089 - rasterio._base - DEBUG - Sharing flag: 0
2023-12-06 02:43:04,090 - rasterio._base - DEBUG - Nodata success: 1, Nodata value: nan
2023-12-06 02:43:04,090 - rasterio._base - DEBUG - Dataset <open DatasetReader name='https://radar.bmkg.go.id/raster/radarsatelit_202312060240.tif' mode='r'> is started.
2023-12-06 02:43:04,090 - rasterio.env - DEBUG - Exiting env context: <rasterio.env.Env object at 0x7ff6982a2230>
2023-12-06 02:43:04,090 - rasterio.env - DEBUG - Cleared existing <rasterio._env.GDALEnv object at 0x7ff699bd47f0> options
2023-12-06 02:43:04,090 - rasterio._env - DEBUG - Stopped GDALEnv <rasterio._env.GDALEnv object at 0x7ff699bd47f0>.
2023-12-06 02:43:04,090 - rasterio.env - DEBUG - No GDAL environment exists
2023-12-06 02:43:04,090 - rasterio.env - DEBUG - New GDAL environment <rasterio._env.GDALEnv object at 0x7ff699bd47f0> created
2023-12-06 02:43:04,091 - rasterio._env - DEBUG - GDAL data found in package: path='/home/metpublic/PYTHON_VENV/present_weather/lib/python3.10/site-packages/rasterio/gdal_data'.
2023-12-06 02:43:04,091 - rasterio._env - DEBUG - PROJ data found in package: path='/home/metpublic/PYTHON_VENV/present_weather/lib/python3.10/site-packages/rasterio/proj_data'.
2023-12-06 02:43:04,091 - rasterio._env - DEBUG - Started GDALEnv: self=<rasterio._env.GDALEnv object at 0x7ff699bd47f0>.
2023-12-06 02:43:04,091 - rasterio.env - DEBUG - Exited env context: <rasterio.env.Env object at 0x7ff6982a2230>
2023-12-06 02:43:04,108 - rasterio._io - DEBUG - Output nodata value read from file: nan
2023-12-06 02:43:04,108 - rasterio._io - DEBUG - Output nodata values: [nan]
2023-12-06 02:43:04,108 - rasterio._io - DEBUG - all_valid: False
2023-12-06 02:43:04,109 - rasterio._io - DEBUG - mask_flags: ([<MaskFlags.nodata: 8>],)
2023-12-06 02:43:04,109 - rasterio._io - DEBUG - Jump straight to _read()
2023-12-06 02:43:04,109 - rasterio._io - DEBUG - Window: Window(col_off=0, row_off=0, width=10177, height=3732)
2023-12-06 02:43:04,109 - rasterio._io - DEBUG - IO window xoff=0.0 yoff=0.0 width=10177.0 height=3732.0
2023-12-06 02:43:04,637 - rasterio.env - DEBUG - Exiting env context: <rasterio.env.Env object at 0x7ff69a50e950>
2023-12-06 02:43:04,637 - rasterio.env - DEBUG - Cleared existing <rasterio._env.GDALEnv object at 0x7ff699bd47f0> options
2023-12-06 02:43:04,637 - rasterio._env - DEBUG - Stopped GDALEnv <rasterio._env.GDALEnv object at 0x7ff699bd47f0>.
2023-12-06 02:43:04,638 - rasterio.env - DEBUG - Exiting outermost env
2023-12-06 02:43:04,638 - rasterio.env - DEBUG - Exited env context: <rasterio.env.Env object at 0x7ff69a50e950>
2023-12-06 02:47:34,621 - rasterio.env - DEBUG - Entering env context: <rasterio.env.Env object at 0x7ff69808b640>
2023-12-06 02:47:34,621 - rasterio.env - DEBUG - Starting outermost env
2023-12-06 02:47:34,621 - rasterio.env - DEBUG - No GDAL environment exists
2023-12-06 02:47:34,621 - rasterio.env - DEBUG - New GDAL environment <rasterio._env.GDALEnv object at 0x7ff698088d30> created
2023-12-06 02:47:34,622 - rasterio._env - DEBUG - GDAL data found in package: path='/home/metpublic/PYTHON_VENV/present_weather/lib/python3.10/site-packages/rasterio/gdal_data'.
2023-12-06 02:47:34,622 - rasterio._env - DEBUG - PROJ data found in package: path='/home/metpublic/PYTHON_VENV/present_weather/lib/python3.10/site-packages/rasterio/proj_data'.
2023-12-06 02:47:34,622 - rasterio._env - DEBUG - Started GDALEnv: self=<rasterio._env.GDALEnv object at 0x7ff698088d30>.
2023-12-06 02:47:34,622 - rasterio.env - DEBUG - Entered env context: <rasterio.env.Env object at 0x7ff69808b640>
2023-12-06 02:47:34,622 - rasterio._base - DEBUG - Sharing flag: 0
2023-12-06 02:47:34,624 - rasterio._base - DEBUG - Nodata success: 0, Nodata value: 0.000000
2023-12-06 02:47:34,625 - rasterio._base - DEBUG - Dataset <open DatasetReader name='/home/metpublic/TASK_RELEASE/EFAN/present_weather/src/H09_B13_Indonesia_20231206.Z0230.cor.tiff' mode='r'> is started.
2023-12-06 02:47:34,625 - rasterio.env - DEBUG - Exiting env context: <rasterio.env.Env object at 0x7ff69808b640>
2023-12-06 02:47:34,625 - rasterio.env - DEBUG - Cleared existing <rasterio._env.GDALEnv object at 0x7ff698088d30> options
2023-12-06 02:47:34,625 - rasterio._env - DEBUG - Stopped GDALEnv <rasterio._env.GDALEnv object at 0x7ff698088d30>.
2023-12-06 02:47:34,625 - rasterio.env - DEBUG - Exiting outermost env
2023-12-06 02:47:34,625 - rasterio.env - DEBUG - Exited env context: <rasterio.env.Env object at 0x7ff69808b640>
2023-12-06 02:47:34,626 - rasterio.env - DEBUG - Entering env context: <rasterio.env.Env object at 0x7ff698088d90>
2023-12-06 02:47:34,626 - rasterio.env - DEBUG - Starting outermost env
2023-12-06 02:47:34,626 - rasterio.env - DEBUG - No GDAL environment exists
2023-12-06 02:47:34,626 - rasterio.env - DEBUG - New GDAL environment <rasterio._env.GDALEnv object at 0x7ff698088430> created
2023-12-06 02:47:34,628 - rasterio._env - DEBUG - GDAL data found in package: path='/home/metpublic/PYTHON_VENV/present_weather/lib/python3.10/site-packages/rasterio/gdal_data'.
2023-12-06 02:47:34,632 - rasterio._env - DEBUG - PROJ data found in package: path='/home/metpublic/PYTHON_VENV/present_weather/lib/python3.10/site-packages/rasterio/proj_data'.
2023-12-06 02:47:34,633 - rasterio._env - DEBUG - Started GDALEnv: self=<rasterio._env.GDALEnv object at 0x7ff698088430>.
2023-12-06 02:47:34,633 - rasterio.env - DEBUG - Entered env context: <rasterio.env.Env object at 0x7ff698088d90>
2023-12-06 02:47:34,633 - rasterio._base - DEBUG - Sharing flag: 0
2023-12-06 02:47:34,634 - rasterio._base - DEBUG - Nodata success: 0, Nodata value: 0.000000
2023-12-06 02:47:34,634 - rasterio._base - DEBUG - Dataset <open DatasetReader name='/home/metpublic/TASK_RELEASE/EFAN/present_weather/src/H09_B13_Indonesia_20231206.Z0230.cor.tiff' mode='r'> is started.
2023-12-06 02:47:34,634 - rasterio.env - DEBUG - Exiting env context: <rasterio.env.Env object at 0x7ff698088d90>
2023-12-06 02:47:34,634 - rasterio.env - DEBUG - Cleared existing <rasterio._env.GDALEnv object at 0x7ff698088430> options
2023-12-06 02:47:34,635 - rasterio._env - DEBUG - Stopped GDALEnv <rasterio._env.GDALEnv object at 0x7ff698088430>.
2023-12-06 02:47:34,635 - rasterio.env - DEBUG - Exiting outermost env
2023-12-06 02:47:34,635 - rasterio.env - DEBUG - Exited env context: <rasterio.env.Env object at 0x7ff698088d90>
2023-12-06 02:47:34,651 - root - INFO - Generating present weather using SATELITE data
2023-12-06 02:49:03,390 - root - INFO - Total elapsed time: 0:06:01.245401
