2023-12-15 21:23:03,165 - root - INFO - Initiating present weather
2023-12-15 21:23:03,167 - asyncio - DEBUG - Using selector: EpollSelector
2023-12-15 21:23:04,729 - urllib3.connectionpool - DEBUG - Starting new HTTPS connection (1): radar.bmkg.go.id:8060
2023-12-15 21:23:04,742 - urllib3.connectionpool - DEBUG - https://radar.bmkg.go.id:8060 "GET /getLatestLD?typeData=1 HTTP/1.1" 200 62
2023-12-15 21:23:04,744 - urllib3.connectionpool - DEBUG - Starting new HTTPS connection (1): radar.bmkg.go.id:8060
2023-12-15 21:23:04,766 - urllib3.connectionpool - DEBUG - https://radar.bmkg.go.id:8060 "GET /getRadarGeotif?token=19387e71e78522ae4172ec0fda640983b8438c9cfa0ca571623cb69d8327&radar=amandemenForecast&type=latest HTTP/1.1" 200 90
2023-12-15 21:23:04,768 - rasterio.env - DEBUG - Entering env context: <rasterio.env.Env object at 0x7f6aa9b62260>
2023-12-15 21:23:04,768 - rasterio.env - DEBUG - Starting outermost env
2023-12-15 21:23:04,769 - rasterio.env - DEBUG - No GDAL environment exists
2023-12-15 21:23:04,769 - rasterio.env - DEBUG - New GDAL environment <rasterio._env.GDALEnv object at 0x7f6aa9b635e0> created
2023-12-15 21:23:04,772 - rasterio._filepath - DEBUG - Installing FilePath filesystem handler plugin...
2023-12-15 21:23:04,773 - rasterio._env - DEBUG - GDAL data found in package: path='/home/metpublic/PYTHON_VENV/present_weather/lib/python3.10/site-packages/rasterio/gdal_data'.
2023-12-15 21:23:04,773 - rasterio._env - DEBUG - PROJ data found in package: path='/home/metpublic/PYTHON_VENV/present_weather/lib/python3.10/site-packages/rasterio/proj_data'.
2023-12-15 21:23:04,773 - rasterio._env - DEBUG - Started GDALEnv: self=<rasterio._env.GDALEnv object at 0x7f6aa9b635e0>.
2023-12-15 21:23:04,773 - rasterio.env - DEBUG - Entered env context: <rasterio.env.Env object at 0x7f6aa9b62260>
2023-12-15 21:23:04,773 - rasterio._base - DEBUG - Sharing flag: 0
2023-12-15 21:23:05,073 - rasterio._base - DEBUG - Nodata success: 1, Nodata value: nan
2023-12-15 21:23:05,074 - rasterio._base - DEBUG - Dataset <open DatasetReader name='https://radar.bmkg.go.id/raster/radarsatelit_202312152120.tif' mode='r'> is started.
2023-12-15 21:23:05,074 - rasterio.env - DEBUG - Exiting env context: <rasterio.env.Env object at 0x7f6aa9b62260>
2023-12-15 21:23:05,074 - rasterio.env - DEBUG - Cleared existing <rasterio._env.GDALEnv object at 0x7f6aa9b635e0> options
2023-12-15 21:23:05,074 - rasterio._env - DEBUG - Stopped GDALEnv <rasterio._env.GDALEnv object at 0x7f6aa9b635e0>.
2023-12-15 21:23:05,075 - rasterio.env - DEBUG - Exiting outermost env
2023-12-15 21:23:05,075 - rasterio.env - DEBUG - Exited env context: <rasterio.env.Env object at 0x7f6aa9b62260>
2023-12-15 21:23:05,075 - rasterio.env - DEBUG - Entering env context: <rasterio.env.Env object at 0x7f6aa922bcd0>
2023-12-15 21:23:05,075 - rasterio.env - DEBUG - Starting outermost env
2023-12-15 21:23:05,075 - rasterio.env - DEBUG - No GDAL environment exists
2023-12-15 21:23:05,075 - rasterio.env - DEBUG - New GDAL environment <rasterio._env.GDALEnv object at 0x7f6aa9b635e0> created
2023-12-15 21:23:05,075 - rasterio._env - DEBUG - GDAL data found in package: path='/home/metpublic/PYTHON_VENV/present_weather/lib/python3.10/site-packages/rasterio/gdal_data'.
2023-12-15 21:23:05,076 - rasterio._env - DEBUG - PROJ data found in package: path='/home/metpublic/PYTHON_VENV/present_weather/lib/python3.10/site-packages/rasterio/proj_data'.
2023-12-15 21:23:05,076 - rasterio._env - DEBUG - Started GDALEnv: self=<rasterio._env.GDALEnv object at 0x7f6aa9b635e0>.
2023-12-15 21:23:05,076 - rasterio.env - DEBUG - Entered env context: <rasterio.env.Env object at 0x7f6aa922bcd0>
2023-12-15 21:23:05,076 - rasterio.env - DEBUG - Got a copy of environment <rasterio._env.GDALEnv object at 0x7f6aa9b635e0> options
2023-12-15 21:23:05,076 - rasterio.env - DEBUG - Entering env context: <rasterio.env.Env object at 0x7f6aa80e6ad0>
2023-12-15 21:23:05,077 - rasterio.env - DEBUG - Got a copy of environment <rasterio._env.GDALEnv object at 0x7f6aa9b635e0> options
2023-12-15 21:23:05,077 - rasterio.env - DEBUG - Entered env context: <rasterio.env.Env object at 0x7f6aa80e6ad0>
2023-12-15 21:23:05,077 - rasterio._base - DEBUG - Sharing flag: 0
2023-12-15 21:23:05,078 - rasterio._base - DEBUG - Nodata success: 1, Nodata value: nan
2023-12-15 21:23:05,078 - rasterio._base - DEBUG - Dataset <open DatasetReader name='https://radar.bmkg.go.id/raster/radarsatelit_202312152120.tif' mode='r'> is started.
2023-12-15 21:23:05,078 - rasterio.env - DEBUG - Exiting env context: <rasterio.env.Env object at 0x7f6aa80e6ad0>
2023-12-15 21:23:05,078 - rasterio.env - DEBUG - Cleared existing <rasterio._env.GDALEnv object at 0x7f6aa9b635e0> options
2023-12-15 21:23:05,078 - rasterio._env - DEBUG - Stopped GDALEnv <rasterio._env.GDALEnv object at 0x7f6aa9b635e0>.
2023-12-15 21:23:05,078 - rasterio.env - DEBUG - No GDAL environment exists
2023-12-15 21:23:05,078 - rasterio.env - DEBUG - New GDAL environment <rasterio._env.GDALEnv object at 0x7f6aa9b635e0> created
2023-12-15 21:23:05,079 - rasterio._env - DEBUG - GDAL data found in package: path='/home/metpublic/PYTHON_VENV/present_weather/lib/python3.10/site-packages/rasterio/gdal_data'.
2023-12-15 21:23:05,079 - rasterio._env - DEBUG - PROJ data found in package: path='/home/metpublic/PYTHON_VENV/present_weather/lib/python3.10/site-packages/rasterio/proj_data'.
2023-12-15 21:23:05,079 - rasterio._env - DEBUG - Started GDALEnv: self=<rasterio._env.GDALEnv object at 0x7f6aa9b635e0>.
2023-12-15 21:23:05,079 - rasterio.env - DEBUG - Exited env context: <rasterio.env.Env object at 0x7f6aa80e6ad0>
2023-12-15 21:23:05,096 - rasterio._io - DEBUG - Output nodata value read from file: nan
2023-12-15 21:23:05,097 - rasterio._io - DEBUG - Output nodata values: [nan]
2023-12-15 21:23:05,097 - rasterio._io - DEBUG - all_valid: False
2023-12-15 21:23:05,097 - rasterio._io - DEBUG - mask_flags: ([<MaskFlags.nodata: 8>],)
2023-12-15 21:23:05,097 - rasterio._io - DEBUG - Jump straight to _read()
2023-12-15 21:23:05,097 - rasterio._io - DEBUG - Window: Window(col_off=0, row_off=0, width=10215, height=3792)
2023-12-15 21:23:05,098 - rasterio._io - DEBUG - IO window xoff=0.0 yoff=0.0 width=10215.0 height=3792.0
2023-12-15 21:23:05,669 - rasterio.env - DEBUG - Exiting env context: <rasterio.env.Env object at 0x7f6aa922bcd0>
2023-12-15 21:23:05,669 - rasterio.env - DEBUG - Cleared existing <rasterio._env.GDALEnv object at 0x7f6aa9b635e0> options
2023-12-15 21:23:05,669 - rasterio._env - DEBUG - Stopped GDALEnv <rasterio._env.GDALEnv object at 0x7f6aa9b635e0>.
2023-12-15 21:23:05,670 - rasterio.env - DEBUG - Exiting outermost env
2023-12-15 21:23:05,670 - rasterio.env - DEBUG - Exited env context: <rasterio.env.Env object at 0x7f6aa922bcd0>
2023-12-15 21:30:00,914 - root - INFO - Total elapsed time: 0:06:57.749513
