2023-12-22 14:23:03,211 - root - INFO - Initiating present weather
2023-12-22 14:23:03,213 - asyncio - DEBUG - Using selector: EpollSelector
2023-12-22 14:23:04,933 - urllib3.connectionpool - DEBUG - Starting new HTTPS connection (1): radar.bmkg.go.id:8060
2023-12-22 14:23:04,945 - urllib3.connectionpool - DEBUG - https://radar.bmkg.go.id:8060 "GET /getLatestLD?typeData=1 HTTP/1.1" 200 62
2023-12-22 14:23:04,947 - urllib3.connectionpool - DEBUG - Starting new HTTPS connection (1): radar.bmkg.go.id:8060
2023-12-22 14:23:04,969 - urllib3.connectionpool - DEBUG - https://radar.bmkg.go.id:8060 "GET /getRadarGeotif?token=19387e71e78522ae4172ec0fda640983b8438c9cfa0ca571623cb69d8327&radar=amandemenForecast&type=latest HTTP/1.1" 200 90
2023-12-22 14:23:04,970 - rasterio.env - DEBUG - Entering env context: <rasterio.env.Env object at 0x7f7f9b441600>
2023-12-22 14:23:04,971 - rasterio.env - DEBUG - Starting outermost env
2023-12-22 14:23:04,971 - rasterio.env - DEBUG - No GDAL environment exists
2023-12-22 14:23:04,971 - rasterio.env - DEBUG - New GDAL environment <rasterio._env.GDALEnv object at 0x7f7f9b4415d0> created
2023-12-22 14:23:04,973 - rasterio._filepath - DEBUG - Installing FilePath filesystem handler plugin...
2023-12-22 14:23:04,974 - rasterio._env - DEBUG - GDAL data found in package: path='/home/metpublic/PYTHON_VENV/present_weather/lib/python3.10/site-packages/rasterio/gdal_data'.
2023-12-22 14:23:04,974 - rasterio._env - DEBUG - PROJ data found in package: path='/home/metpublic/PYTHON_VENV/present_weather/lib/python3.10/site-packages/rasterio/proj_data'.
2023-12-22 14:23:04,974 - rasterio._env - DEBUG - Started GDALEnv: self=<rasterio._env.GDALEnv object at 0x7f7f9b4415d0>.
2023-12-22 14:23:04,974 - rasterio.env - DEBUG - Entered env context: <rasterio.env.Env object at 0x7f7f9b441600>
2023-12-22 14:23:04,974 - rasterio._base - DEBUG - Sharing flag: 0
2023-12-22 14:23:05,334 - rasterio._base - DEBUG - Nodata success: 1, Nodata value: nan
2023-12-22 14:23:05,334 - rasterio._base - DEBUG - Dataset <open DatasetReader name='https://radar.bmkg.go.id/raster/radarsatelit_202312221420.tif' mode='r'> is started.
2023-12-22 14:23:05,335 - rasterio.env - DEBUG - Exiting env context: <rasterio.env.Env object at 0x7f7f9b441600>
2023-12-22 14:23:05,335 - rasterio.env - DEBUG - Cleared existing <rasterio._env.GDALEnv object at 0x7f7f9b4415d0> options
2023-12-22 14:23:05,335 - rasterio._env - DEBUG - Stopped GDALEnv <rasterio._env.GDALEnv object at 0x7f7f9b4415d0>.
2023-12-22 14:23:05,335 - rasterio.env - DEBUG - Exiting outermost env
2023-12-22 14:23:05,335 - rasterio.env - DEBUG - Exited env context: <rasterio.env.Env object at 0x7f7f9b441600>
2023-12-22 14:23:05,335 - rasterio.env - DEBUG - Entering env context: <rasterio.env.Env object at 0x7f7f9b3f98d0>
2023-12-22 14:23:05,335 - rasterio.env - DEBUG - Starting outermost env
2023-12-22 14:23:05,335 - rasterio.env - DEBUG - No GDAL environment exists
2023-12-22 14:23:05,335 - rasterio.env - DEBUG - New GDAL environment <rasterio._env.GDALEnv object at 0x7f7f9b441570> created
2023-12-22 14:23:05,336 - rasterio._env - DEBUG - GDAL data found in package: path='/home/metpublic/PYTHON_VENV/present_weather/lib/python3.10/site-packages/rasterio/gdal_data'.
2023-12-22 14:23:05,336 - rasterio._env - DEBUG - PROJ data found in package: path='/home/metpublic/PYTHON_VENV/present_weather/lib/python3.10/site-packages/rasterio/proj_data'.
2023-12-22 14:23:05,336 - rasterio._env - DEBUG - Started GDALEnv: self=<rasterio._env.GDALEnv object at 0x7f7f9b441570>.
2023-12-22 14:23:05,336 - rasterio.env - DEBUG - Entered env context: <rasterio.env.Env object at 0x7f7f9b3f98d0>
2023-12-22 14:23:05,337 - rasterio.env - DEBUG - Got a copy of environment <rasterio._env.GDALEnv object at 0x7f7f9b441570> options
2023-12-22 14:23:05,337 - rasterio.env - DEBUG - Entering env context: <rasterio.env.Env object at 0x7f7f982f7550>
2023-12-22 14:23:05,337 - rasterio.env - DEBUG - Got a copy of environment <rasterio._env.GDALEnv object at 0x7f7f9b441570> options
2023-12-22 14:23:05,337 - rasterio.env - DEBUG - Entered env context: <rasterio.env.Env object at 0x7f7f982f7550>
2023-12-22 14:23:05,337 - rasterio._base - DEBUG - Sharing flag: 0
2023-12-22 14:23:05,338 - rasterio._base - DEBUG - Nodata success: 1, Nodata value: nan
2023-12-22 14:23:05,338 - rasterio._base - DEBUG - Dataset <open DatasetReader name='https://radar.bmkg.go.id/raster/radarsatelit_202312221420.tif' mode='r'> is started.
2023-12-22 14:23:05,338 - rasterio.env - DEBUG - Exiting env context: <rasterio.env.Env object at 0x7f7f982f7550>
2023-12-22 14:23:05,338 - rasterio.env - DEBUG - Cleared existing <rasterio._env.GDALEnv object at 0x7f7f9b441570> options
2023-12-22 14:23:05,338 - rasterio._env - DEBUG - Stopped GDALEnv <rasterio._env.GDALEnv object at 0x7f7f9b441570>.
2023-12-22 14:23:05,338 - rasterio.env - DEBUG - No GDAL environment exists
2023-12-22 14:23:05,338 - rasterio.env - DEBUG - New GDAL environment <rasterio._env.GDALEnv object at 0x7f7f9b441570> created
2023-12-22 14:23:05,339 - rasterio._env - DEBUG - GDAL data found in package: path='/home/metpublic/PYTHON_VENV/present_weather/lib/python3.10/site-packages/rasterio/gdal_data'.
2023-12-22 14:23:05,339 - rasterio._env - DEBUG - PROJ data found in package: path='/home/metpublic/PYTHON_VENV/present_weather/lib/python3.10/site-packages/rasterio/proj_data'.
2023-12-22 14:23:05,339 - rasterio._env - DEBUG - Started GDALEnv: self=<rasterio._env.GDALEnv object at 0x7f7f9b441570>.
2023-12-22 14:23:05,339 - rasterio.env - DEBUG - Exited env context: <rasterio.env.Env object at 0x7f7f982f7550>
2023-12-22 14:23:05,355 - rasterio._io - DEBUG - Output nodata value read from file: nan
2023-12-22 14:23:05,355 - rasterio._io - DEBUG - Output nodata values: [nan]
2023-12-22 14:23:05,356 - rasterio._io - DEBUG - all_valid: False
2023-12-22 14:23:05,356 - rasterio._io - DEBUG - mask_flags: ([<MaskFlags.nodata: 8>],)
2023-12-22 14:23:05,356 - rasterio._io - DEBUG - Jump straight to _read()
2023-12-22 14:23:05,356 - rasterio._io - DEBUG - Window: Window(col_off=0, row_off=0, width=10177, height=3732)
2023-12-22 14:23:05,356 - rasterio._io - DEBUG - IO window xoff=0.0 yoff=0.0 width=10177.0 height=3732.0
2023-12-22 14:23:05,959 - rasterio.env - DEBUG - Exiting env context: <rasterio.env.Env object at 0x7f7f9b3f98d0>
2023-12-22 14:23:05,960 - rasterio.env - DEBUG - Cleared existing <rasterio._env.GDALEnv object at 0x7f7f9b441570> options
2023-12-22 14:23:05,960 - rasterio._env - DEBUG - Stopped GDALEnv <rasterio._env.GDALEnv object at 0x7f7f9b441570>.
2023-12-22 14:23:05,960 - rasterio.env - DEBUG - Exiting outermost env
2023-12-22 14:23:05,960 - rasterio.env - DEBUG - Exited env context: <rasterio.env.Env object at 0x7f7f9b3f98d0>
2023-12-22 14:27:52,702 - rasterio.env - DEBUG - Entering env context: <rasterio.env.Env object at 0x7f7f981840a0>
2023-12-22 14:27:52,702 - rasterio.env - DEBUG - Starting outermost env
2023-12-22 14:27:52,703 - rasterio.env - DEBUG - No GDAL environment exists
2023-12-22 14:27:52,703 - rasterio.env - DEBUG - New GDAL environment <rasterio._env.GDALEnv object at 0x7f7f98187b20> created
2023-12-22 14:27:52,703 - rasterio._env - DEBUG - GDAL data found in package: path='/home/metpublic/PYTHON_VENV/present_weather/lib/python3.10/site-packages/rasterio/gdal_data'.
2023-12-22 14:27:52,703 - rasterio._env - DEBUG - PROJ data found in package: path='/home/metpublic/PYTHON_VENV/present_weather/lib/python3.10/site-packages/rasterio/proj_data'.
2023-12-22 14:27:52,704 - rasterio._env - DEBUG - Started GDALEnv: self=<rasterio._env.GDALEnv object at 0x7f7f98187b20>.
2023-12-22 14:27:52,704 - rasterio.env - DEBUG - Entered env context: <rasterio.env.Env object at 0x7f7f981840a0>
2023-12-22 14:27:52,704 - rasterio._base - DEBUG - Sharing flag: 0
2023-12-22 14:27:52,705 - rasterio._base - DEBUG - Nodata success: 0, Nodata value: 0.000000
2023-12-22 14:27:52,706 - rasterio._base - DEBUG - Dataset <open DatasetReader name='/home/metpublic/TASK_RELEASE/EFAN/present_weather/src/H09_B13_Indonesia_20231222.Z1400.cor.tiff' mode='r'> is started.
2023-12-22 14:27:52,706 - rasterio.env - DEBUG - Exiting env context: <rasterio.env.Env object at 0x7f7f981840a0>
2023-12-22 14:27:52,707 - rasterio.env - DEBUG - Cleared existing <rasterio._env.GDALEnv object at 0x7f7f98187b20> options
2023-12-22 14:27:52,707 - rasterio._env - DEBUG - Stopped GDALEnv <rasterio._env.GDALEnv object at 0x7f7f98187b20>.
2023-12-22 14:27:52,707 - rasterio.env - DEBUG - Exiting outermost env
2023-12-22 14:27:52,707 - rasterio.env - DEBUG - Exited env context: <rasterio.env.Env object at 0x7f7f981840a0>
2023-12-22 14:27:52,707 - rasterio.env - DEBUG - Entering env context: <rasterio.env.Env object at 0x7f7f980edc30>
2023-12-22 14:27:52,707 - rasterio.env - DEBUG - Starting outermost env
2023-12-22 14:27:52,707 - rasterio.env - DEBUG - No GDAL environment exists
2023-12-22 14:27:52,707 - rasterio.env - DEBUG - New GDAL environment <rasterio._env.GDALEnv object at 0x7f7f980ed4e0> created
2023-12-22 14:27:52,708 - rasterio._env - DEBUG - GDAL data found in package: path='/home/metpublic/PYTHON_VENV/present_weather/lib/python3.10/site-packages/rasterio/gdal_data'.
2023-12-22 14:27:52,708 - rasterio._env - DEBUG - PROJ data found in package: path='/home/metpublic/PYTHON_VENV/present_weather/lib/python3.10/site-packages/rasterio/proj_data'.
2023-12-22 14:27:52,708 - rasterio._env - DEBUG - Started GDALEnv: self=<rasterio._env.GDALEnv object at 0x7f7f980ed4e0>.
2023-12-22 14:27:52,708 - rasterio.env - DEBUG - Entered env context: <rasterio.env.Env object at 0x7f7f980edc30>
2023-12-22 14:27:52,708 - rasterio._base - DEBUG - Sharing flag: 0
2023-12-22 14:27:52,709 - rasterio._base - DEBUG - Nodata success: 0, Nodata value: 0.000000
2023-12-22 14:27:52,710 - rasterio._base - DEBUG - Dataset <open DatasetReader name='/home/metpublic/TASK_RELEASE/EFAN/present_weather/src/H09_B13_Indonesia_20231222.Z1400.cor.tiff' mode='r'> is started.
2023-12-22 14:27:52,710 - rasterio.env - DEBUG - Exiting env context: <rasterio.env.Env object at 0x7f7f980edc30>
2023-12-22 14:27:52,710 - rasterio.env - DEBUG - Cleared existing <rasterio._env.GDALEnv object at 0x7f7f980ed4e0> options
2023-12-22 14:27:52,710 - rasterio._env - DEBUG - Stopped GDALEnv <rasterio._env.GDALEnv object at 0x7f7f980ed4e0>.
2023-12-22 14:27:52,710 - rasterio.env - DEBUG - Exiting outermost env
2023-12-22 14:27:52,710 - rasterio.env - DEBUG - Exited env context: <rasterio.env.Env object at 0x7f7f980edc30>
2023-12-22 14:27:52,721 - root - INFO - Generating present weather using SATELITE data
2023-12-22 14:29:07,705 - root - INFO - Total elapsed time: 0:06:04.494478
