2023-11-04 22:20:03,320 - root - INFO - Initiating present weather
2023-11-04 22:20:03,323 - urllib3.connectionpool - DEBUG - Starting new HTTPS connection (1): radar.bmkg.go.id:8060
2023-11-04 22:20:03,420 - urllib3.connectionpool - DEBUG - https://radar.bmkg.go.id:8060 "GET /getRadarGeotif?token=19387e71e78522ae4172ec0fda640983b8438c9cfa0ca571623cb69d8327&radar=amandemenForecast&type=latest HTTP/1.1" 200 90
2023-11-04 22:20:03,423 - rasterio.env - DEBUG - Entering env context: <rasterio.env.Env object at 0x7ff57c092330>
2023-11-04 22:20:03,424 - rasterio.env - DEBUG - Starting outermost env
2023-11-04 22:20:03,425 - rasterio.env - DEBUG - No GDAL environment exists
2023-11-04 22:20:03,425 - rasterio.env - DEBUG - New GDAL environment <rasterio._env.GDALEnv object at 0x7ff57c42ffa0> created
2023-11-04 22:20:03,429 - rasterio._filepath - DEBUG - Installing FilePath filesystem handler plugin...
2023-11-04 22:20:03,429 - rasterio._env - DEBUG - GDAL data found in package: path='/home/swx/miniconda3/envs/present_weather/lib/python3.12/site-packages/rasterio/gdal_data'.
2023-11-04 22:20:03,429 - rasterio._env - DEBUG - PROJ_LIB found in environment.
2023-11-04 22:20:03,430 - rasterio._env - DEBUG - Started GDALEnv: self=<rasterio._env.GDALEnv object at 0x7ff57c42ffa0>.
2023-11-04 22:20:03,430 - rasterio.env - DEBUG - Entered env context: <rasterio.env.Env object at 0x7ff57c092330>
2023-11-04 22:20:03,430 - rasterio._base - DEBUG - Sharing flag: 0
2023-11-04 22:20:03,651 - rasterio._base - DEBUG - Nodata success: 1, Nodata value: nan
2023-11-04 22:20:03,651 - rasterio._base - DEBUG - Dataset <open DatasetReader name='https://radar.bmkg.go.id/raster/radarsatelit_202311042200.tif' mode='r'> is started.
2023-11-04 22:20:03,652 - rasterio.env - DEBUG - Exiting env context: <rasterio.env.Env object at 0x7ff57c092330>
2023-11-04 22:20:03,652 - rasterio.env - DEBUG - Cleared existing <rasterio._env.GDALEnv object at 0x7ff57c42ffa0> options
2023-11-04 22:20:03,652 - rasterio._env - DEBUG - Stopped GDALEnv <rasterio._env.GDALEnv object at 0x7ff57c42ffa0>.
2023-11-04 22:20:03,652 - rasterio.env - DEBUG - Exiting outermost env
2023-11-04 22:20:03,652 - rasterio.env - DEBUG - Exited env context: <rasterio.env.Env object at 0x7ff57c092330>
2023-11-04 22:20:03,652 - rasterio.env - DEBUG - Entering env context: <rasterio.env.Env object at 0x7ff562c4e120>
2023-11-04 22:20:03,653 - rasterio.env - DEBUG - Starting outermost env
2023-11-04 22:20:03,653 - rasterio.env - DEBUG - No GDAL environment exists
2023-11-04 22:20:03,653 - rasterio.env - DEBUG - New GDAL environment <rasterio._env.GDALEnv object at 0x7ff57c42ffa0> created
2023-11-04 22:20:03,653 - rasterio._env - DEBUG - GDAL data found in package: path='/home/swx/miniconda3/envs/present_weather/lib/python3.12/site-packages/rasterio/gdal_data'.
2023-11-04 22:20:03,653 - rasterio._env - DEBUG - PROJ_LIB found in environment.
2023-11-04 22:20:03,653 - rasterio._env - DEBUG - Started GDALEnv: self=<rasterio._env.GDALEnv object at 0x7ff57c42ffa0>.
2023-11-04 22:20:03,654 - rasterio.env - DEBUG - Entered env context: <rasterio.env.Env object at 0x7ff562c4e120>
2023-11-04 22:20:03,654 - rasterio.env - DEBUG - Got a copy of environment <rasterio._env.GDALEnv object at 0x7ff57c42ffa0> options
2023-11-04 22:20:03,654 - rasterio.env - DEBUG - Entering env context: <rasterio.env.Env object at 0x7ff520fe8ef0>
2023-11-04 22:20:03,655 - rasterio.env - DEBUG - Got a copy of environment <rasterio._env.GDALEnv object at 0x7ff57c42ffa0> options
2023-11-04 22:20:03,655 - rasterio.env - DEBUG - Entered env context: <rasterio.env.Env object at 0x7ff520fe8ef0>
2023-11-04 22:20:03,655 - rasterio._base - DEBUG - Sharing flag: 0
2023-11-04 22:20:03,656 - rasterio._base - DEBUG - Nodata success: 1, Nodata value: nan
2023-11-04 22:20:03,656 - rasterio._base - DEBUG - Dataset <open DatasetReader name='https://radar.bmkg.go.id/raster/radarsatelit_202311042200.tif' mode='r'> is started.
2023-11-04 22:20:03,656 - rasterio.env - DEBUG - Exiting env context: <rasterio.env.Env object at 0x7ff520fe8ef0>
2023-11-04 22:20:03,656 - rasterio.env - DEBUG - Cleared existing <rasterio._env.GDALEnv object at 0x7ff57c42ffa0> options
2023-11-04 22:20:03,656 - rasterio._env - DEBUG - Stopped GDALEnv <rasterio._env.GDALEnv object at 0x7ff57c42ffa0>.
2023-11-04 22:20:03,656 - rasterio.env - DEBUG - No GDAL environment exists
2023-11-04 22:20:03,656 - rasterio.env - DEBUG - New GDAL environment <rasterio._env.GDALEnv object at 0x7ff57c42ffa0> created
2023-11-04 22:20:03,657 - rasterio._env - DEBUG - GDAL data found in package: path='/home/swx/miniconda3/envs/present_weather/lib/python3.12/site-packages/rasterio/gdal_data'.
2023-11-04 22:20:03,657 - rasterio._env - DEBUG - PROJ_LIB found in environment.
2023-11-04 22:20:03,657 - rasterio._env - DEBUG - Started GDALEnv: self=<rasterio._env.GDALEnv object at 0x7ff57c42ffa0>.
2023-11-04 22:20:03,657 - rasterio.env - DEBUG - Exited env context: <rasterio.env.Env object at 0x7ff520fe8ef0>
2023-11-04 22:20:03,687 - rasterio._io - DEBUG - Output nodata value read from file: nan
2023-11-04 22:20:03,687 - rasterio._io - DEBUG - Output nodata values: [nan]
2023-11-04 22:20:03,688 - rasterio._io - DEBUG - all_valid: False
2023-11-04 22:20:03,688 - rasterio._io - DEBUG - mask_flags: ([<MaskFlags.nodata: 8>],)
2023-11-04 22:20:03,688 - rasterio._io - DEBUG - Jump straight to _read()
2023-11-04 22:20:03,688 - rasterio._io - DEBUG - Window: Window(col_off=0, row_off=0, width=10215, height=3789)
2023-11-04 22:20:03,689 - rasterio._io - DEBUG - IO window xoff=0.0 yoff=0.0 width=10215.0 height=3789.0
2023-11-04 22:20:04,514 - rasterio.env - DEBUG - Exiting env context: <rasterio.env.Env object at 0x7ff562c4e120>
2023-11-04 22:20:04,514 - rasterio.env - DEBUG - Cleared existing <rasterio._env.GDALEnv object at 0x7ff57c42ffa0> options
2023-11-04 22:20:04,514 - rasterio._env - DEBUG - Stopped GDALEnv <rasterio._env.GDALEnv object at 0x7ff57c42ffa0>.
2023-11-04 22:20:04,514 - rasterio.env - DEBUG - Exiting outermost env
2023-11-04 22:20:04,514 - rasterio.env - DEBUG - Exited env context: <rasterio.env.Env object at 0x7ff562c4e120>
2023-11-04 22:20:04,517 - urllib3.connectionpool - DEBUG - Starting new HTTPS connection (1): radar.bmkg.go.id:8060
2023-11-04 22:20:04,626 - urllib3.connectionpool - DEBUG - https://radar.bmkg.go.id:8060 "GET /getLatestLD?typeData=1 HTTP/1.1" 200 116334
2023-11-04 22:20:04,704 - asyncio - DEBUG - Using selector: EpollSelector
2023-11-04 22:36:32,607 - root - INFO - Total elapsed time: 0:16:29.287372
