2023-12-10 21:33:02,863 - root - INFO - Initiating present weather
2023-12-10 21:33:02,865 - asyncio - DEBUG - Using selector: EpollSelector
2023-12-10 21:33:04,456 - urllib3.connectionpool - DEBUG - Starting new HTTPS connection (1): radar.bmkg.go.id:8060
2023-12-10 21:33:04,470 - urllib3.connectionpool - DEBUG - https://radar.bmkg.go.id:8060 "GET /getLatestLD?typeData=1 HTTP/1.1" 200 62
2023-12-10 21:33:04,473 - urllib3.connectionpool - DEBUG - Starting new HTTPS connection (1): radar.bmkg.go.id:8060
2023-12-10 21:33:04,497 - urllib3.connectionpool - DEBUG - https://radar.bmkg.go.id:8060 "GET /getRadarGeotif?token=19387e71e78522ae4172ec0fda640983b8438c9cfa0ca571623cb69d8327&radar=amandemenForecast&type=latest HTTP/1.1" 200 90
2023-12-10 21:33:04,498 - rasterio.env - DEBUG - Entering env context: <rasterio.env.Env object at 0x7fb73e96e9e0>
2023-12-10 21:33:04,499 - rasterio.env - DEBUG - Starting outermost env
2023-12-10 21:33:04,499 - rasterio.env - DEBUG - No GDAL environment exists
2023-12-10 21:33:04,499 - rasterio.env - DEBUG - New GDAL environment <rasterio._env.GDALEnv object at 0x7fb73e96ea70> created
2023-12-10 21:33:04,501 - rasterio._filepath - DEBUG - Installing FilePath filesystem handler plugin...
2023-12-10 21:33:04,502 - rasterio._env - DEBUG - GDAL data found in package: path='/home/metpublic/PYTHON_VENV/present_weather/lib/python3.10/site-packages/rasterio/gdal_data'.
2023-12-10 21:33:04,502 - rasterio._env - DEBUG - PROJ data found in package: path='/home/metpublic/PYTHON_VENV/present_weather/lib/python3.10/site-packages/rasterio/proj_data'.
2023-12-10 21:33:04,502 - rasterio._env - DEBUG - Started GDALEnv: self=<rasterio._env.GDALEnv object at 0x7fb73e96ea70>.
2023-12-10 21:33:04,502 - rasterio.env - DEBUG - Entered env context: <rasterio.env.Env object at 0x7fb73e96e9e0>
2023-12-10 21:33:04,502 - rasterio._base - DEBUG - Sharing flag: 0
2023-12-10 21:33:04,785 - rasterio._base - DEBUG - Nodata success: 1, Nodata value: nan
2023-12-10 21:33:04,785 - rasterio._base - DEBUG - Dataset <open DatasetReader name='https://radar.bmkg.go.id/raster/radarsatelit_202312102130.tif' mode='r'> is started.
2023-12-10 21:33:04,785 - rasterio.env - DEBUG - Exiting env context: <rasterio.env.Env object at 0x7fb73e96e9e0>
2023-12-10 21:33:04,785 - rasterio.env - DEBUG - Cleared existing <rasterio._env.GDALEnv object at 0x7fb73e96ea70> options
2023-12-10 21:33:04,785 - rasterio._env - DEBUG - Stopped GDALEnv <rasterio._env.GDALEnv object at 0x7fb73e96ea70>.
2023-12-10 21:33:04,786 - rasterio.env - DEBUG - Exiting outermost env
2023-12-10 21:33:04,786 - rasterio.env - DEBUG - Exited env context: <rasterio.env.Env object at 0x7fb73e96e9e0>
2023-12-10 21:33:04,786 - rasterio.env - DEBUG - Entering env context: <rasterio.env.Env object at 0x7fb73c6bfe20>
2023-12-10 21:33:04,786 - rasterio.env - DEBUG - Starting outermost env
2023-12-10 21:33:04,786 - rasterio.env - DEBUG - No GDAL environment exists
2023-12-10 21:33:04,786 - rasterio.env - DEBUG - New GDAL environment <rasterio._env.GDALEnv object at 0x7fb73e96eec0> created
2023-12-10 21:33:04,788 - rasterio._env - DEBUG - GDAL data found in package: path='/home/metpublic/PYTHON_VENV/present_weather/lib/python3.10/site-packages/rasterio/gdal_data'.
2023-12-10 21:33:04,788 - rasterio._env - DEBUG - PROJ data found in package: path='/home/metpublic/PYTHON_VENV/present_weather/lib/python3.10/site-packages/rasterio/proj_data'.
2023-12-10 21:33:04,788 - rasterio._env - DEBUG - Started GDALEnv: self=<rasterio._env.GDALEnv object at 0x7fb73e96eec0>.
2023-12-10 21:33:04,788 - rasterio.env - DEBUG - Entered env context: <rasterio.env.Env object at 0x7fb73c6bfe20>
2023-12-10 21:33:04,788 - rasterio.env - DEBUG - Got a copy of environment <rasterio._env.GDALEnv object at 0x7fb73e96eec0> options
2023-12-10 21:33:04,789 - rasterio.env - DEBUG - Entering env context: <rasterio.env.Env object at 0x7fb73c705ed0>
2023-12-10 21:33:04,789 - rasterio.env - DEBUG - Got a copy of environment <rasterio._env.GDALEnv object at 0x7fb73e96eec0> options
2023-12-10 21:33:04,789 - rasterio.env - DEBUG - Entered env context: <rasterio.env.Env object at 0x7fb73c705ed0>
2023-12-10 21:33:04,789 - rasterio._base - DEBUG - Sharing flag: 0
2023-12-10 21:33:04,790 - rasterio._base - DEBUG - Nodata success: 1, Nodata value: nan
2023-12-10 21:33:04,790 - rasterio._base - DEBUG - Dataset <open DatasetReader name='https://radar.bmkg.go.id/raster/radarsatelit_202312102130.tif' mode='r'> is started.
2023-12-10 21:33:04,790 - rasterio.env - DEBUG - Exiting env context: <rasterio.env.Env object at 0x7fb73c705ed0>
2023-12-10 21:33:04,790 - rasterio.env - DEBUG - Cleared existing <rasterio._env.GDALEnv object at 0x7fb73e96eec0> options
2023-12-10 21:33:04,790 - rasterio._env - DEBUG - Stopped GDALEnv <rasterio._env.GDALEnv object at 0x7fb73e96eec0>.
2023-12-10 21:33:04,790 - rasterio.env - DEBUG - No GDAL environment exists
2023-12-10 21:33:04,790 - rasterio.env - DEBUG - New GDAL environment <rasterio._env.GDALEnv object at 0x7fb73e96eec0> created
2023-12-10 21:33:04,790 - rasterio._env - DEBUG - GDAL data found in package: path='/home/metpublic/PYTHON_VENV/present_weather/lib/python3.10/site-packages/rasterio/gdal_data'.
2023-12-10 21:33:04,790 - rasterio._env - DEBUG - PROJ data found in package: path='/home/metpublic/PYTHON_VENV/present_weather/lib/python3.10/site-packages/rasterio/proj_data'.
2023-12-10 21:33:04,791 - rasterio._env - DEBUG - Started GDALEnv: self=<rasterio._env.GDALEnv object at 0x7fb73e96eec0>.
2023-12-10 21:33:04,791 - rasterio.env - DEBUG - Exited env context: <rasterio.env.Env object at 0x7fb73c705ed0>
2023-12-10 21:33:04,809 - rasterio._io - DEBUG - Output nodata value read from file: nan
2023-12-10 21:33:04,809 - rasterio._io - DEBUG - Output nodata values: [nan]
2023-12-10 21:33:04,810 - rasterio._io - DEBUG - all_valid: False
2023-12-10 21:33:04,810 - rasterio._io - DEBUG - mask_flags: ([<MaskFlags.nodata: 8>],)
2023-12-10 21:33:04,810 - rasterio._io - DEBUG - Jump straight to _read()
2023-12-10 21:33:04,810 - rasterio._io - DEBUG - Window: Window(col_off=0, row_off=0, width=10177, height=3692)
2023-12-10 21:33:04,810 - rasterio._io - DEBUG - IO window xoff=0.0 yoff=0.0 width=10177.0 height=3692.0
2023-12-10 21:33:05,362 - rasterio.env - DEBUG - Exiting env context: <rasterio.env.Env object at 0x7fb73c6bfe20>
2023-12-10 21:33:05,362 - rasterio.env - DEBUG - Cleared existing <rasterio._env.GDALEnv object at 0x7fb73e96eec0> options
2023-12-10 21:33:05,362 - rasterio._env - DEBUG - Stopped GDALEnv <rasterio._env.GDALEnv object at 0x7fb73e96eec0>.
2023-12-10 21:33:05,362 - rasterio.env - DEBUG - Exiting outermost env
2023-12-10 21:33:05,362 - rasterio.env - DEBUG - Exited env context: <rasterio.env.Env object at 0x7fb73c6bfe20>
2023-12-10 21:37:50,290 - rasterio.env - DEBUG - Entering env context: <rasterio.env.Env object at 0x7fb73c785f30>
2023-12-10 21:37:50,290 - rasterio.env - DEBUG - Starting outermost env
2023-12-10 21:37:50,290 - rasterio.env - DEBUG - No GDAL environment exists
2023-12-10 21:37:50,290 - rasterio.env - DEBUG - New GDAL environment <rasterio._env.GDALEnv object at 0x7fb73c786230> created
2023-12-10 21:37:50,291 - rasterio._env - DEBUG - GDAL data found in package: path='/home/metpublic/PYTHON_VENV/present_weather/lib/python3.10/site-packages/rasterio/gdal_data'.
2023-12-10 21:37:50,291 - rasterio._env - DEBUG - PROJ data found in package: path='/home/metpublic/PYTHON_VENV/present_weather/lib/python3.10/site-packages/rasterio/proj_data'.
2023-12-10 21:37:50,291 - rasterio._env - DEBUG - Started GDALEnv: self=<rasterio._env.GDALEnv object at 0x7fb73c786230>.
2023-12-10 21:37:50,291 - rasterio.env - DEBUG - Entered env context: <rasterio.env.Env object at 0x7fb73c785f30>
2023-12-10 21:37:50,291 - rasterio._base - DEBUG - Sharing flag: 0
2023-12-10 21:37:50,293 - rasterio._base - DEBUG - Nodata success: 0, Nodata value: 0.000000
2023-12-10 21:37:50,293 - rasterio._base - DEBUG - Dataset <open DatasetReader name='/home/metpublic/TASK_RELEASE/EFAN/present_weather/src/H09_B13_Indonesia_20231210.Z2120.cor.tiff' mode='r'> is started.
2023-12-10 21:37:50,294 - rasterio.env - DEBUG - Exiting env context: <rasterio.env.Env object at 0x7fb73c785f30>
2023-12-10 21:37:50,294 - rasterio.env - DEBUG - Cleared existing <rasterio._env.GDALEnv object at 0x7fb73c786230> options
2023-12-10 21:37:50,294 - rasterio._env - DEBUG - Stopped GDALEnv <rasterio._env.GDALEnv object at 0x7fb73c786230>.
2023-12-10 21:37:50,294 - rasterio.env - DEBUG - Exiting outermost env
2023-12-10 21:37:50,294 - rasterio.env - DEBUG - Exited env context: <rasterio.env.Env object at 0x7fb73c785f30>
2023-12-10 21:37:50,295 - rasterio.env - DEBUG - Entering env context: <rasterio.env.Env object at 0x7fb73c4f9c00>
2023-12-10 21:37:50,295 - rasterio.env - DEBUG - Starting outermost env
2023-12-10 21:37:50,295 - rasterio.env - DEBUG - No GDAL environment exists
2023-12-10 21:37:50,295 - rasterio.env - DEBUG - New GDAL environment <rasterio._env.GDALEnv object at 0x7fb73c4f9a50> created
2023-12-10 21:37:50,295 - rasterio._env - DEBUG - GDAL data found in package: path='/home/metpublic/PYTHON_VENV/present_weather/lib/python3.10/site-packages/rasterio/gdal_data'.
2023-12-10 21:37:50,296 - rasterio._env - DEBUG - PROJ data found in package: path='/home/metpublic/PYTHON_VENV/present_weather/lib/python3.10/site-packages/rasterio/proj_data'.
2023-12-10 21:37:50,296 - rasterio._env - DEBUG - Started GDALEnv: self=<rasterio._env.GDALEnv object at 0x7fb73c4f9a50>.
2023-12-10 21:37:50,296 - rasterio.env - DEBUG - Entered env context: <rasterio.env.Env object at 0x7fb73c4f9c00>
2023-12-10 21:37:50,296 - rasterio._base - DEBUG - Sharing flag: 0
2023-12-10 21:37:50,297 - rasterio._base - DEBUG - Nodata success: 0, Nodata value: 0.000000
2023-12-10 21:37:50,297 - rasterio._base - DEBUG - Dataset <open DatasetReader name='/home/metpublic/TASK_RELEASE/EFAN/present_weather/src/H09_B13_Indonesia_20231210.Z2120.cor.tiff' mode='r'> is started.
2023-12-10 21:37:50,297 - rasterio.env - DEBUG - Exiting env context: <rasterio.env.Env object at 0x7fb73c4f9c00>
2023-12-10 21:37:50,297 - rasterio.env - DEBUG - Cleared existing <rasterio._env.GDALEnv object at 0x7fb73c4f9a50> options
2023-12-10 21:37:50,297 - rasterio._env - DEBUG - Stopped GDALEnv <rasterio._env.GDALEnv object at 0x7fb73c4f9a50>.
2023-12-10 21:37:50,298 - rasterio.env - DEBUG - Exiting outermost env
2023-12-10 21:37:50,298 - rasterio.env - DEBUG - Exited env context: <rasterio.env.Env object at 0x7fb73c4f9c00>
2023-12-10 21:37:50,309 - root - INFO - Generating present weather using SATELITE data
2023-12-10 21:40:21,477 - root - INFO - Total elapsed time: 0:07:18.614075
