2023-11-12 05:14:05,949 - root - INFO - Initiating present weather
2023-11-12 05:14:05,953 - urllib3.connectionpool - DEBUG - Starting new HTTPS connection (1): radar.bmkg.go.id:8060
2023-11-12 05:14:06,028 - urllib3.connectionpool - DEBUG - https://radar.bmkg.go.id:8060 "GET /getRadarGeotif?token=19387e71e78522ae4172ec0fda640983b8438c9cfa0ca571623cb69d8327&radar=amandemenForecast&type=latest HTTP/1.1" 200 90
2023-11-12 05:14:06,031 - rasterio.env - DEBUG - Entering env context: <rasterio.env.Env object at 0x7f90d8e97920>
2023-11-12 05:14:06,032 - rasterio.env - DEBUG - Starting outermost env
2023-11-12 05:14:06,032 - rasterio.env - DEBUG - No GDAL environment exists
2023-11-12 05:14:06,032 - rasterio.env - DEBUG - New GDAL environment <rasterio._env.GDALEnv object at 0x7f90d8b07880> created
2023-11-12 05:14:06,036 - rasterio._filepath - DEBUG - Installing FilePath filesystem handler plugin...
2023-11-12 05:14:06,037 - rasterio._env - DEBUG - GDAL data found in package: path='/home/swx/miniconda3/envs/present_weather/lib/python3.12/site-packages/rasterio/gdal_data'.
2023-11-12 05:14:06,037 - rasterio._env - DEBUG - PROJ_LIB found in environment.
2023-11-12 05:14:06,037 - rasterio._env - DEBUG - Started GDALEnv: self=<rasterio._env.GDALEnv object at 0x7f90d8b07880>.
2023-11-12 05:14:06,037 - rasterio.env - DEBUG - Entered env context: <rasterio.env.Env object at 0x7f90d8e97920>
2023-11-12 05:14:06,037 - rasterio._base - DEBUG - Sharing flag: 0
2023-11-12 05:14:06,229 - rasterio._base - DEBUG - Nodata success: 1, Nodata value: nan
2023-11-12 05:14:06,229 - rasterio._base - DEBUG - Dataset <open DatasetReader name='https://radar.bmkg.go.id/raster/radarsatelit_202311120510.tif' mode='r'> is started.
2023-11-12 05:14:06,230 - rasterio.env - DEBUG - Exiting env context: <rasterio.env.Env object at 0x7f90d8e97920>
2023-11-12 05:14:06,230 - rasterio.env - DEBUG - Cleared existing <rasterio._env.GDALEnv object at 0x7f90d8b07880> options
2023-11-12 05:14:06,230 - rasterio._env - DEBUG - Stopped GDALEnv <rasterio._env.GDALEnv object at 0x7f90d8b07880>.
2023-11-12 05:14:06,230 - rasterio.env - DEBUG - Exiting outermost env
2023-11-12 05:14:06,230 - rasterio.env - DEBUG - Exited env context: <rasterio.env.Env object at 0x7f90d8e97920>
2023-11-12 05:14:06,230 - rasterio.env - DEBUG - Entering env context: <rasterio.env.Env object at 0x7f911a4e79e0>
2023-11-12 05:14:06,230 - rasterio.env - DEBUG - Starting outermost env
2023-11-12 05:14:06,230 - rasterio.env - DEBUG - No GDAL environment exists
2023-11-12 05:14:06,231 - rasterio.env - DEBUG - New GDAL environment <rasterio._env.GDALEnv object at 0x7f90d8e97910> created
2023-11-12 05:14:06,231 - rasterio._env - DEBUG - GDAL data found in package: path='/home/swx/miniconda3/envs/present_weather/lib/python3.12/site-packages/rasterio/gdal_data'.
2023-11-12 05:14:06,231 - rasterio._env - DEBUG - PROJ_LIB found in environment.
2023-11-12 05:14:06,231 - rasterio._env - DEBUG - Started GDALEnv: self=<rasterio._env.GDALEnv object at 0x7f90d8e97910>.
2023-11-12 05:14:06,232 - rasterio.env - DEBUG - Entered env context: <rasterio.env.Env object at 0x7f911a4e79e0>
2023-11-12 05:14:06,232 - rasterio.env - DEBUG - Got a copy of environment <rasterio._env.GDALEnv object at 0x7f90d8e97910> options
2023-11-12 05:14:06,232 - rasterio.env - DEBUG - Entering env context: <rasterio.env.Env object at 0x7f91668118e0>
2023-11-12 05:14:06,232 - rasterio.env - DEBUG - Got a copy of environment <rasterio._env.GDALEnv object at 0x7f90d8e97910> options
2023-11-12 05:14:06,232 - rasterio.env - DEBUG - Entered env context: <rasterio.env.Env object at 0x7f91668118e0>
2023-11-12 05:14:06,233 - rasterio._base - DEBUG - Sharing flag: 0
2023-11-12 05:14:06,234 - rasterio._base - DEBUG - Nodata success: 1, Nodata value: nan
2023-11-12 05:14:06,234 - rasterio._base - DEBUG - Dataset <open DatasetReader name='https://radar.bmkg.go.id/raster/radarsatelit_202311120510.tif' mode='r'> is started.
2023-11-12 05:14:06,234 - rasterio.env - DEBUG - Exiting env context: <rasterio.env.Env object at 0x7f91668118e0>
2023-11-12 05:14:06,234 - rasterio.env - DEBUG - Cleared existing <rasterio._env.GDALEnv object at 0x7f90d8e97910> options
2023-11-12 05:14:06,234 - rasterio._env - DEBUG - Stopped GDALEnv <rasterio._env.GDALEnv object at 0x7f90d8e97910>.
2023-11-12 05:14:06,234 - rasterio.env - DEBUG - No GDAL environment exists
2023-11-12 05:14:06,234 - rasterio.env - DEBUG - New GDAL environment <rasterio._env.GDALEnv object at 0x7f90d8e97910> created
2023-11-12 05:14:06,235 - rasterio._env - DEBUG - GDAL data found in package: path='/home/swx/miniconda3/envs/present_weather/lib/python3.12/site-packages/rasterio/gdal_data'.
2023-11-12 05:14:06,235 - rasterio._env - DEBUG - PROJ_LIB found in environment.
2023-11-12 05:14:06,235 - rasterio._env - DEBUG - Started GDALEnv: self=<rasterio._env.GDALEnv object at 0x7f90d8e97910>.
2023-11-12 05:14:06,235 - rasterio.env - DEBUG - Exited env context: <rasterio.env.Env object at 0x7f91668118e0>
2023-11-12 05:14:06,264 - rasterio._io - DEBUG - Output nodata value read from file: nan
2023-11-12 05:14:06,265 - rasterio._io - DEBUG - Output nodata values: [nan]
2023-11-12 05:14:06,265 - rasterio._io - DEBUG - all_valid: False
2023-11-12 05:14:06,265 - rasterio._io - DEBUG - mask_flags: ([<MaskFlags.nodata: 8>],)
2023-11-12 05:14:06,265 - rasterio._io - DEBUG - Jump straight to _read()
2023-11-12 05:14:06,266 - rasterio._io - DEBUG - Window: Window(col_off=0, row_off=0, width=10215, height=3792)
2023-11-12 05:14:06,266 - rasterio._io - DEBUG - IO window xoff=0.0 yoff=0.0 width=10215.0 height=3792.0
2023-11-12 05:14:06,968 - rasterio.env - DEBUG - Exiting env context: <rasterio.env.Env object at 0x7f911a4e79e0>
2023-11-12 05:14:06,968 - rasterio.env - DEBUG - Cleared existing <rasterio._env.GDALEnv object at 0x7f90d8e97910> options
2023-11-12 05:14:06,969 - rasterio._env - DEBUG - Stopped GDALEnv <rasterio._env.GDALEnv object at 0x7f90d8e97910>.
2023-11-12 05:14:06,969 - rasterio.env - DEBUG - Exiting outermost env
2023-11-12 05:14:06,969 - rasterio.env - DEBUG - Exited env context: <rasterio.env.Env object at 0x7f911a4e79e0>
2023-11-12 05:14:06,971 - urllib3.connectionpool - DEBUG - Starting new HTTPS connection (1): radar.bmkg.go.id:8060
2023-11-12 05:14:16,985 - asyncio - DEBUG - Using selector: EpollSelector
2023-11-12 05:14:23,647 - root - INFO - dask.bag<lambda, npartitions=34>
2023-11-12 05:14:31,650 - root - INFO - Total elapsed time: 0:00:25.702640
