2023-11-24 05:03:03,326 - root - INFO - Initiating present weather
2023-11-24 05:03:03,329 - asyncio - DEBUG - Using selector: EpollSelector
2023-11-24 05:03:06,640 - urllib3.connectionpool - DEBUG - Starting new HTTPS connection (1): radar.bmkg.go.id:8060
2023-11-24 05:03:11,713 - urllib3.connectionpool - DEBUG - https://radar.bmkg.go.id:8060 "GET /getRadarGeotif?token=19387e71e78522ae4172ec0fda640983b8438c9cfa0ca571623cb69d8327&radar=amandemenForecast&type=latest HTTP/1.1" 200 90
2023-11-24 05:03:11,715 - rasterio.env - DEBUG - Entering env context: <rasterio.env.Env object at 0x7fd9bccffa70>
2023-11-24 05:03:11,716 - rasterio.env - DEBUG - Starting outermost env
2023-11-24 05:03:11,717 - rasterio.env - DEBUG - No GDAL environment exists
2023-11-24 05:03:11,717 - rasterio.env - DEBUG - New GDAL environment <rasterio._env.GDALEnv object at 0x7fd9b7fcc280> created
2023-11-24 05:03:11,722 - rasterio._filepath - DEBUG - Installing FilePath filesystem handler plugin...
2023-11-24 05:03:11,722 - rasterio._env - DEBUG - GDAL data found in package: path='/home/swx/miniconda3/envs/present_weather/lib/python3.12/site-packages/rasterio/gdal_data'.
2023-11-24 05:03:11,722 - rasterio._env - DEBUG - PROJ_LIB found in environment.
2023-11-24 05:03:11,722 - rasterio._env - DEBUG - Started GDALEnv: self=<rasterio._env.GDALEnv object at 0x7fd9b7fcc280>.
2023-11-24 05:03:11,722 - rasterio.env - DEBUG - Entered env context: <rasterio.env.Env object at 0x7fd9bccffa70>
2023-11-24 05:03:11,723 - rasterio._base - DEBUG - Sharing flag: 0
2023-11-24 05:03:11,924 - rasterio._base - DEBUG - Nodata success: 1, Nodata value: nan
2023-11-24 05:03:11,924 - rasterio._base - DEBUG - Dataset <open DatasetReader name='https://radar.bmkg.go.id/raster/radarsatelit_202311240500.tif' mode='r'> is started.
2023-11-24 05:03:11,925 - rasterio.env - DEBUG - Exiting env context: <rasterio.env.Env object at 0x7fd9bccffa70>
2023-11-24 05:03:11,925 - rasterio.env - DEBUG - Cleared existing <rasterio._env.GDALEnv object at 0x7fd9b7fcc280> options
2023-11-24 05:03:11,925 - rasterio._env - DEBUG - Stopped GDALEnv <rasterio._env.GDALEnv object at 0x7fd9b7fcc280>.
2023-11-24 05:03:11,925 - rasterio.env - DEBUG - Exiting outermost env
2023-11-24 05:03:11,925 - rasterio.env - DEBUG - Exited env context: <rasterio.env.Env object at 0x7fd9bccffa70>
2023-11-24 05:03:11,925 - rasterio.env - DEBUG - Entering env context: <rasterio.env.Env object at 0x7fd9b7e6a030>
2023-11-24 05:03:11,925 - rasterio.env - DEBUG - Starting outermost env
2023-11-24 05:03:11,925 - rasterio.env - DEBUG - No GDAL environment exists
2023-11-24 05:03:11,926 - rasterio.env - DEBUG - New GDAL environment <rasterio._env.GDALEnv object at 0x7fd9bc154820> created
2023-11-24 05:03:11,926 - rasterio._env - DEBUG - GDAL data found in package: path='/home/swx/miniconda3/envs/present_weather/lib/python3.12/site-packages/rasterio/gdal_data'.
2023-11-24 05:03:11,926 - rasterio._env - DEBUG - PROJ_LIB found in environment.
2023-11-24 05:03:11,927 - rasterio._env - DEBUG - Started GDALEnv: self=<rasterio._env.GDALEnv object at 0x7fd9bc154820>.
2023-11-24 05:03:11,927 - rasterio.env - DEBUG - Entered env context: <rasterio.env.Env object at 0x7fd9b7e6a030>
2023-11-24 05:03:11,927 - rasterio.env - DEBUG - Got a copy of environment <rasterio._env.GDALEnv object at 0x7fd9bc154820> options
2023-11-24 05:03:11,928 - rasterio.env - DEBUG - Entering env context: <rasterio.env.Env object at 0x7fd9b751af00>
2023-11-24 05:03:11,928 - rasterio.env - DEBUG - Got a copy of environment <rasterio._env.GDALEnv object at 0x7fd9bc154820> options
2023-11-24 05:03:11,928 - rasterio.env - DEBUG - Entered env context: <rasterio.env.Env object at 0x7fd9b751af00>
2023-11-24 05:03:11,928 - rasterio._base - DEBUG - Sharing flag: 0
2023-11-24 05:03:11,929 - rasterio._base - DEBUG - Nodata success: 1, Nodata value: nan
2023-11-24 05:03:11,929 - rasterio._base - DEBUG - Dataset <open DatasetReader name='https://radar.bmkg.go.id/raster/radarsatelit_202311240500.tif' mode='r'> is started.
2023-11-24 05:03:11,930 - rasterio.env - DEBUG - Exiting env context: <rasterio.env.Env object at 0x7fd9b751af00>
2023-11-24 05:03:11,930 - rasterio.env - DEBUG - Cleared existing <rasterio._env.GDALEnv object at 0x7fd9bc154820> options
2023-11-24 05:03:11,930 - rasterio._env - DEBUG - Stopped GDALEnv <rasterio._env.GDALEnv object at 0x7fd9bc154820>.
2023-11-24 05:03:11,930 - rasterio.env - DEBUG - No GDAL environment exists
2023-11-24 05:03:11,930 - rasterio.env - DEBUG - New GDAL environment <rasterio._env.GDALEnv object at 0x7fd9bc154820> created
2023-11-24 05:03:11,931 - rasterio._env - DEBUG - GDAL data found in package: path='/home/swx/miniconda3/envs/present_weather/lib/python3.12/site-packages/rasterio/gdal_data'.
2023-11-24 05:03:11,931 - rasterio._env - DEBUG - PROJ_LIB found in environment.
2023-11-24 05:03:11,931 - rasterio._env - DEBUG - Started GDALEnv: self=<rasterio._env.GDALEnv object at 0x7fd9bc154820>.
2023-11-24 05:03:11,931 - rasterio.env - DEBUG - Exited env context: <rasterio.env.Env object at 0x7fd9b751af00>
2023-11-24 05:03:11,962 - rasterio._io - DEBUG - Output nodata value read from file: nan
2023-11-24 05:03:11,962 - rasterio._io - DEBUG - Output nodata values: [nan]
2023-11-24 05:03:11,962 - rasterio._io - DEBUG - all_valid: False
2023-11-24 05:03:11,962 - rasterio._io - DEBUG - mask_flags: ([<MaskFlags.nodata: 8>],)
2023-11-24 05:03:11,963 - rasterio._io - DEBUG - Jump straight to _read()
2023-11-24 05:03:11,963 - rasterio._io - DEBUG - Window: Window(col_off=0, row_off=0, width=10177, height=3732)
2023-11-24 05:03:11,963 - rasterio._io - DEBUG - IO window xoff=0.0 yoff=0.0 width=10177.0 height=3732.0
2023-11-24 05:03:12,768 - rasterio.env - DEBUG - Exiting env context: <rasterio.env.Env object at 0x7fd9b7e6a030>
2023-11-24 05:03:12,768 - rasterio.env - DEBUG - Cleared existing <rasterio._env.GDALEnv object at 0x7fd9bc154820> options
2023-11-24 05:03:12,768 - rasterio._env - DEBUG - Stopped GDALEnv <rasterio._env.GDALEnv object at 0x7fd9bc154820>.
2023-11-24 05:03:12,768 - rasterio.env - DEBUG - Exiting outermost env
2023-11-24 05:03:12,768 - rasterio.env - DEBUG - Exited env context: <rasterio.env.Env object at 0x7fd9b7e6a030>
2023-11-24 05:03:12,771 - urllib3.connectionpool - DEBUG - Starting new HTTPS connection (1): radar.bmkg.go.id:8060
2023-11-24 05:03:12,841 - urllib3.connectionpool - DEBUG - https://radar.bmkg.go.id:8060 "GET /getLatestLD?typeData=1 HTTP/1.1" 200 100972
2023-11-24 05:03:16,179 - root - INFO - dask.bag<lambda, npartitions=20>
2023-11-24 05:03:32,079 - root - INFO - Total elapsed time: 0:00:28.754315
