2023-11-29 18:35:01,072 - root - INFO - Initiating present weather
2023-11-29 18:35:01,072 - asyncio - DEBUG - Using selector: KqueueSelector
2023-11-29 18:35:02,488 - urllib3.connectionpool - DEBUG - Starting new HTTPS connection (1): radar.bmkg.go.id:8060
2023-11-29 18:35:02,567 - urllib3.connectionpool - DEBUG - https://radar.bmkg.go.id:8060 "GET /getRadarGeotif?token=19387e71e78522ae4172ec0fda640983b8438c9cfa0ca571623cb69d8327&radar=amandemenForecast&type=latest HTTP/1.1" 200 90
2023-11-29 18:35:02,568 - rasterio.env - DEBUG - Entering env context: <rasterio.env.Env object at 0x12eac35f0>
2023-11-29 18:35:02,568 - rasterio.env - DEBUG - Starting outermost env
2023-11-29 18:35:02,569 - rasterio.env - DEBUG - No GDAL environment exists
2023-11-29 18:35:02,569 - rasterio.env - DEBUG - New GDAL environment <rasterio._env.GDALEnv object at 0x12e9b9870> created
2023-11-29 18:35:02,591 - rasterio._filepath - DEBUG - Installing FilePath filesystem handler plugin...
2023-11-29 18:35:02,591 - rasterio._env - DEBUG - GDAL_DATA found in environment.
2023-11-29 18:35:02,591 - rasterio._env - DEBUG - PROJ_DATA found in environment.
2023-11-29 18:35:02,591 - rasterio._env - DEBUG - Started GDALEnv: self=<rasterio._env.GDALEnv object at 0x12e9b9870>.
2023-11-29 18:35:02,591 - rasterio.env - DEBUG - Entered env context: <rasterio.env.Env object at 0x12eac35f0>
2023-11-29 18:35:02,591 - rasterio._base - DEBUG - Sharing flag: 0
2023-11-29 18:35:02,949 - rasterio._base - DEBUG - Nodata success: 1, Nodata value: nan
2023-11-29 18:35:02,954 - rasterio._base - DEBUG - Dataset <open DatasetReader name='https://radar.bmkg.go.id/raster/radarsatelit_202311291130.tif' mode='r'> is started.
2023-11-29 18:35:02,955 - rasterio.env - DEBUG - Exiting env context: <rasterio.env.Env object at 0x12eac35f0>
2023-11-29 18:35:02,955 - rasterio.env - DEBUG - Cleared existing <rasterio._env.GDALEnv object at 0x12e9b9870> options
2023-11-29 18:35:02,955 - rasterio._env - DEBUG - Stopped GDALEnv <rasterio._env.GDALEnv object at 0x12e9b9870>.
2023-11-29 18:35:02,955 - rasterio.env - DEBUG - Exiting outermost env
2023-11-29 18:35:02,955 - rasterio.env - DEBUG - Exited env context: <rasterio.env.Env object at 0x12eac35f0>
2023-11-29 18:35:02,955 - rasterio.env - DEBUG - Entering env context: <rasterio.env.Env object at 0x12eac2d50>
2023-11-29 18:35:02,955 - rasterio.env - DEBUG - Starting outermost env
2023-11-29 18:35:02,955 - rasterio.env - DEBUG - No GDAL environment exists
2023-11-29 18:35:02,955 - rasterio.env - DEBUG - New GDAL environment <rasterio._env.GDALEnv object at 0x12e9b9870> created
2023-11-29 18:35:02,956 - rasterio._env - DEBUG - GDAL_DATA found in environment.
2023-11-29 18:35:02,956 - rasterio._env - DEBUG - PROJ_DATA found in environment.
2023-11-29 18:35:02,956 - rasterio._env - DEBUG - Started GDALEnv: self=<rasterio._env.GDALEnv object at 0x12e9b9870>.
2023-11-29 18:35:02,956 - rasterio.env - DEBUG - Entered env context: <rasterio.env.Env object at 0x12eac2d50>
2023-11-29 18:35:02,956 - rasterio.env - DEBUG - Got a copy of environment <rasterio._env.GDALEnv object at 0x12e9b9870> options
2023-11-29 18:35:02,956 - rasterio.env - DEBUG - Entering env context: <rasterio.env.Env object at 0x12eb33dd0>
2023-11-29 18:35:02,956 - rasterio.env - DEBUG - Got a copy of environment <rasterio._env.GDALEnv object at 0x12e9b9870> options
2023-11-29 18:35:02,956 - rasterio.env - DEBUG - Entered env context: <rasterio.env.Env object at 0x12eb33dd0>
2023-11-29 18:35:02,957 - rasterio._base - DEBUG - Sharing flag: 0
2023-11-29 18:35:02,957 - rasterio._base - DEBUG - Nodata success: 1, Nodata value: nan
2023-11-29 18:35:02,957 - rasterio._base - DEBUG - Dataset <open DatasetReader name='https://radar.bmkg.go.id/raster/radarsatelit_202311291130.tif' mode='r'> is started.
2023-11-29 18:35:02,957 - rasterio.env - DEBUG - Exiting env context: <rasterio.env.Env object at 0x12eb33dd0>
2023-11-29 18:35:02,957 - rasterio.env - DEBUG - Cleared existing <rasterio._env.GDALEnv object at 0x12e9b9870> options
2023-11-29 18:35:02,957 - rasterio._env - DEBUG - Stopped GDALEnv <rasterio._env.GDALEnv object at 0x12e9b9870>.
2023-11-29 18:35:02,957 - rasterio.env - DEBUG - No GDAL environment exists
2023-11-29 18:35:02,957 - rasterio.env - DEBUG - New GDAL environment <rasterio._env.GDALEnv object at 0x12e9b9870> created
2023-11-29 18:35:02,957 - rasterio._env - DEBUG - GDAL_DATA found in environment.
2023-11-29 18:35:02,957 - rasterio._env - DEBUG - PROJ_DATA found in environment.
2023-11-29 18:35:02,958 - rasterio._env - DEBUG - Started GDALEnv: self=<rasterio._env.GDALEnv object at 0x12e9b9870>.
2023-11-29 18:35:02,958 - rasterio.env - DEBUG - Exited env context: <rasterio.env.Env object at 0x12eb33dd0>
2023-11-29 18:35:02,971 - rasterio._io - DEBUG - Output nodata value read from file: nan
2023-11-29 18:35:02,971 - rasterio._io - DEBUG - Output nodata values: [nan]
2023-11-29 18:35:02,971 - rasterio._io - DEBUG - all_valid: False
2023-11-29 18:35:02,971 - rasterio._io - DEBUG - mask_flags: ([<MaskFlags.nodata: 8>],)
2023-11-29 18:35:02,972 - rasterio._io - DEBUG - Jump straight to _read()
2023-11-29 18:35:02,972 - rasterio._io - DEBUG - Window: Window(col_off=0, row_off=0, width=10215, height=3792)
2023-11-29 18:35:02,972 - rasterio._io - DEBUG - IO window xoff=0.0 yoff=0.0 width=10215.0 height=3792.0
2023-11-29 18:35:03,505 - rasterio.env - DEBUG - Exiting env context: <rasterio.env.Env object at 0x12eac2d50>
2023-11-29 18:35:03,505 - rasterio.env - DEBUG - Cleared existing <rasterio._env.GDALEnv object at 0x12e9b9870> options
2023-11-29 18:35:03,505 - rasterio._env - DEBUG - Stopped GDALEnv <rasterio._env.GDALEnv object at 0x12e9b9870>.
2023-11-29 18:35:03,505 - rasterio.env - DEBUG - Exiting outermost env
2023-11-29 18:35:03,505 - rasterio.env - DEBUG - Exited env context: <rasterio.env.Env object at 0x12eac2d50>
2023-11-29 18:35:03,507 - urllib3.connectionpool - DEBUG - Starting new HTTPS connection (1): radar.bmkg.go.id:8060
2023-11-29 18:35:03,585 - urllib3.connectionpool - DEBUG - https://radar.bmkg.go.id:8060 "GET /getLatestLD?typeData=1 HTTP/1.1" 200 62
2023-11-29 18:35:05,323 - rasterio.env - DEBUG - Entering env context: <rasterio.env.Env object at 0x12e852960>
2023-11-29 18:35:05,323 - rasterio.env - DEBUG - Starting outermost env
2023-11-29 18:35:05,323 - rasterio.env - DEBUG - No GDAL environment exists
2023-11-29 18:35:05,324 - rasterio.env - DEBUG - New GDAL environment <rasterio._env.GDALEnv object at 0x12e992da0> created
2023-11-29 18:35:05,325 - rasterio._env - DEBUG - GDAL_DATA found in environment.
2023-11-29 18:35:05,325 - rasterio._env - DEBUG - PROJ_DATA found in environment.
2023-11-29 18:35:05,326 - rasterio._env - DEBUG - Started GDALEnv: self=<rasterio._env.GDALEnv object at 0x12e992da0>.
2023-11-29 18:35:05,326 - rasterio.env - DEBUG - Entered env context: <rasterio.env.Env object at 0x12e852960>
2023-11-29 18:35:05,326 - rasterio._base - DEBUG - Sharing flag: 0
2023-11-29 18:35:05,327 - rasterio._base - DEBUG - Nodata success: 0, Nodata value: 0.000000
2023-11-29 18:35:05,328 - rasterio._base - DEBUG - Dataset <open DatasetReader name='/Users/abidinz/Projects/present_weather/src/H09_B13_Indonesia_20231129.Z1120.cor.tiff' mode='r'> is started.
2023-11-29 18:35:05,328 - rasterio.env - DEBUG - Exiting env context: <rasterio.env.Env object at 0x12e852960>
2023-11-29 18:35:05,328 - rasterio.env - DEBUG - Cleared existing <rasterio._env.GDALEnv object at 0x12e992da0> options
2023-11-29 18:35:05,328 - rasterio._env - DEBUG - Stopped GDALEnv <rasterio._env.GDALEnv object at 0x12e992da0>.
2023-11-29 18:35:05,328 - rasterio.env - DEBUG - Exiting outermost env
2023-11-29 18:35:05,328 - rasterio.env - DEBUG - Exited env context: <rasterio.env.Env object at 0x12e852960>
2023-11-29 18:35:05,328 - rasterio.env - DEBUG - Entering env context: <rasterio.env.Env object at 0x12ed06b40>
2023-11-29 18:35:05,328 - rasterio.env - DEBUG - Starting outermost env
2023-11-29 18:35:05,328 - rasterio.env - DEBUG - No GDAL environment exists
2023-11-29 18:35:05,328 - rasterio.env - DEBUG - New GDAL environment <rasterio._env.GDALEnv object at 0x12ed05390> created
2023-11-29 18:35:05,329 - rasterio._env - DEBUG - GDAL_DATA found in environment.
2023-11-29 18:35:05,329 - rasterio._env - DEBUG - PROJ_DATA found in environment.
2023-11-29 18:35:05,329 - rasterio._env - DEBUG - Started GDALEnv: self=<rasterio._env.GDALEnv object at 0x12ed05390>.
2023-11-29 18:35:05,329 - rasterio.env - DEBUG - Entered env context: <rasterio.env.Env object at 0x12ed06b40>
2023-11-29 18:35:05,329 - rasterio._base - DEBUG - Sharing flag: 0
2023-11-29 18:35:05,330 - rasterio._base - DEBUG - Nodata success: 0, Nodata value: 0.000000
2023-11-29 18:35:05,330 - rasterio._base - DEBUG - Dataset <open DatasetReader name='/Users/abidinz/Projects/present_weather/src/H09_B13_Indonesia_20231129.Z1120.cor.tiff' mode='r'> is started.
2023-11-29 18:35:05,330 - rasterio.env - DEBUG - Exiting env context: <rasterio.env.Env object at 0x12ed06b40>
2023-11-29 18:35:05,330 - rasterio.env - DEBUG - Cleared existing <rasterio._env.GDALEnv object at 0x12ed05390> options
2023-11-29 18:35:05,330 - rasterio._env - DEBUG - Stopped GDALEnv <rasterio._env.GDALEnv object at 0x12ed05390>.
2023-11-29 18:35:05,330 - rasterio.env - DEBUG - Exiting outermost env
2023-11-29 18:35:05,330 - rasterio.env - DEBUG - Exited env context: <rasterio.env.Env object at 0x12ed06b40>
2023-11-29 18:35:05,336 - root - INFO - Generating present weather using SATELITE data
2023-11-29 18:35:23,686 - root - INFO - Total elapsed time: 0:00:22.613979
