2023-12-05 17:03:02,344 - root - INFO - Initiating present weather
2023-12-05 17:03:02,347 - asyncio - DEBUG - Using selector: EpollSelector
2023-12-05 17:03:03,819 - urllib3.connectionpool - DEBUG - Starting new HTTPS connection (1): radar.bmkg.go.id:8060
2023-12-05 17:03:03,831 - urllib3.connectionpool - DEBUG - https://radar.bmkg.go.id:8060 "GET /getLatestLD?typeData=1 HTTP/1.1" 200 62
2023-12-05 17:03:03,833 - urllib3.connectionpool - DEBUG - Starting new HTTPS connection (1): radar.bmkg.go.id:8060
2023-12-05 17:03:03,854 - urllib3.connectionpool - DEBUG - https://radar.bmkg.go.id:8060 "GET /getRadarGeotif?token=19387e71e78522ae4172ec0fda640983b8438c9cfa0ca571623cb69d8327&radar=amandemenForecast&type=latest HTTP/1.1" 200 90
2023-12-05 17:03:03,855 - rasterio.env - DEBUG - Entering env context: <rasterio.env.Env object at 0x7fd25865ab00>
2023-12-05 17:03:03,855 - rasterio.env - DEBUG - Starting outermost env
2023-12-05 17:03:03,856 - rasterio.env - DEBUG - No GDAL environment exists
2023-12-05 17:03:03,856 - rasterio.env - DEBUG - New GDAL environment <rasterio._env.GDALEnv object at 0x7fd25865b250> created
2023-12-05 17:03:03,859 - rasterio._filepath - DEBUG - Installing FilePath filesystem handler plugin...
2023-12-05 17:03:03,859 - rasterio._env - DEBUG - GDAL data found in package: path='/home/metpublic/PYTHON_VENV/present_weather/lib/python3.10/site-packages/rasterio/gdal_data'.
2023-12-05 17:03:03,859 - rasterio._env - DEBUG - PROJ data found in package: path='/home/metpublic/PYTHON_VENV/present_weather/lib/python3.10/site-packages/rasterio/proj_data'.
2023-12-05 17:03:03,859 - rasterio._env - DEBUG - Started GDALEnv: self=<rasterio._env.GDALEnv object at 0x7fd25865b250>.
2023-12-05 17:03:03,859 - rasterio.env - DEBUG - Entered env context: <rasterio.env.Env object at 0x7fd25865ab00>
2023-12-05 17:03:03,859 - rasterio._base - DEBUG - Sharing flag: 0
2023-12-05 17:03:04,079 - rasterio._base - DEBUG - Nodata success: 1, Nodata value: nan
2023-12-05 17:03:04,080 - rasterio._base - DEBUG - Dataset <open DatasetReader name='https://radar.bmkg.go.id/raster/radarsatelit_202312051700.tif' mode='r'> is started.
2023-12-05 17:03:04,080 - rasterio.env - DEBUG - Exiting env context: <rasterio.env.Env object at 0x7fd25865ab00>
2023-12-05 17:03:04,080 - rasterio.env - DEBUG - Cleared existing <rasterio._env.GDALEnv object at 0x7fd25865b250> options
2023-12-05 17:03:04,080 - rasterio._env - DEBUG - Stopped GDALEnv <rasterio._env.GDALEnv object at 0x7fd25865b250>.
2023-12-05 17:03:04,081 - rasterio.env - DEBUG - Exiting outermost env
2023-12-05 17:03:04,081 - rasterio.env - DEBUG - Exited env context: <rasterio.env.Env object at 0x7fd25865ab00>
2023-12-05 17:03:04,081 - rasterio.env - DEBUG - Entering env context: <rasterio.env.Env object at 0x7fd258f9c5b0>
2023-12-05 17:03:04,081 - rasterio.env - DEBUG - Starting outermost env
2023-12-05 17:03:04,081 - rasterio.env - DEBUG - No GDAL environment exists
2023-12-05 17:03:04,081 - rasterio.env - DEBUG - New GDAL environment <rasterio._env.GDALEnv object at 0x7fd25865b250> created
2023-12-05 17:03:04,081 - rasterio._env - DEBUG - GDAL data found in package: path='/home/metpublic/PYTHON_VENV/present_weather/lib/python3.10/site-packages/rasterio/gdal_data'.
2023-12-05 17:03:04,081 - rasterio._env - DEBUG - PROJ data found in package: path='/home/metpublic/PYTHON_VENV/present_weather/lib/python3.10/site-packages/rasterio/proj_data'.
2023-12-05 17:03:04,081 - rasterio._env - DEBUG - Started GDALEnv: self=<rasterio._env.GDALEnv object at 0x7fd25865b250>.
2023-12-05 17:03:04,081 - rasterio.env - DEBUG - Entered env context: <rasterio.env.Env object at 0x7fd258f9c5b0>
2023-12-05 17:03:04,082 - rasterio.env - DEBUG - Got a copy of environment <rasterio._env.GDALEnv object at 0x7fd25865b250> options
2023-12-05 17:03:04,082 - rasterio.env - DEBUG - Entering env context: <rasterio.env.Env object at 0x7fd2586aa2c0>
2023-12-05 17:03:04,082 - rasterio.env - DEBUG - Got a copy of environment <rasterio._env.GDALEnv object at 0x7fd25865b250> options
2023-12-05 17:03:04,082 - rasterio.env - DEBUG - Entered env context: <rasterio.env.Env object at 0x7fd2586aa2c0>
2023-12-05 17:03:04,082 - rasterio._base - DEBUG - Sharing flag: 0
2023-12-05 17:03:04,083 - rasterio._base - DEBUG - Nodata success: 1, Nodata value: nan
2023-12-05 17:03:04,083 - rasterio._base - DEBUG - Dataset <open DatasetReader name='https://radar.bmkg.go.id/raster/radarsatelit_202312051700.tif' mode='r'> is started.
2023-12-05 17:03:04,083 - rasterio.env - DEBUG - Exiting env context: <rasterio.env.Env object at 0x7fd2586aa2c0>
2023-12-05 17:03:04,083 - rasterio.env - DEBUG - Cleared existing <rasterio._env.GDALEnv object at 0x7fd25865b250> options
2023-12-05 17:03:04,084 - rasterio._env - DEBUG - Stopped GDALEnv <rasterio._env.GDALEnv object at 0x7fd25865b250>.
2023-12-05 17:03:04,084 - rasterio.env - DEBUG - No GDAL environment exists
2023-12-05 17:03:04,084 - rasterio.env - DEBUG - New GDAL environment <rasterio._env.GDALEnv object at 0x7fd25865b250> created
2023-12-05 17:03:04,084 - rasterio._env - DEBUG - GDAL data found in package: path='/home/metpublic/PYTHON_VENV/present_weather/lib/python3.10/site-packages/rasterio/gdal_data'.
2023-12-05 17:03:04,084 - rasterio._env - DEBUG - PROJ data found in package: path='/home/metpublic/PYTHON_VENV/present_weather/lib/python3.10/site-packages/rasterio/proj_data'.
2023-12-05 17:03:04,084 - rasterio._env - DEBUG - Started GDALEnv: self=<rasterio._env.GDALEnv object at 0x7fd25865b250>.
2023-12-05 17:03:04,085 - rasterio.env - DEBUG - Exited env context: <rasterio.env.Env object at 0x7fd2586aa2c0>
2023-12-05 17:03:04,101 - rasterio._io - DEBUG - Output nodata value read from file: nan
2023-12-05 17:03:04,101 - rasterio._io - DEBUG - Output nodata values: [nan]
2023-12-05 17:03:04,102 - rasterio._io - DEBUG - all_valid: False
2023-12-05 17:03:04,102 - rasterio._io - DEBUG - mask_flags: ([<MaskFlags.nodata: 8>],)
2023-12-05 17:03:04,103 - rasterio._io - DEBUG - Jump straight to _read()
2023-12-05 17:03:04,103 - rasterio._io - DEBUG - Window: Window(col_off=0, row_off=0, width=10177, height=3732)
2023-12-05 17:03:04,103 - rasterio._io - DEBUG - IO window xoff=0.0 yoff=0.0 width=10177.0 height=3732.0
2023-12-05 17:03:04,650 - rasterio.env - DEBUG - Exiting env context: <rasterio.env.Env object at 0x7fd258f9c5b0>
2023-12-05 17:03:04,650 - rasterio.env - DEBUG - Cleared existing <rasterio._env.GDALEnv object at 0x7fd25865b250> options
2023-12-05 17:03:04,650 - rasterio._env - DEBUG - Stopped GDALEnv <rasterio._env.GDALEnv object at 0x7fd25865b250>.
2023-12-05 17:03:04,650 - rasterio.env - DEBUG - Exiting outermost env
2023-12-05 17:03:04,650 - rasterio.env - DEBUG - Exited env context: <rasterio.env.Env object at 0x7fd258f9c5b0>
2023-12-05 17:07:33,500 - rasterio.env - DEBUG - Entering env context: <rasterio.env.Env object at 0x7fd2584e9090>
2023-12-05 17:07:33,500 - rasterio.env - DEBUG - Starting outermost env
2023-12-05 17:07:33,500 - rasterio.env - DEBUG - No GDAL environment exists
2023-12-05 17:07:33,501 - rasterio.env - DEBUG - New GDAL environment <rasterio._env.GDALEnv object at 0x7fd2584e87c0> created
2023-12-05 17:07:33,502 - rasterio._env - DEBUG - GDAL data found in package: path='/home/metpublic/PYTHON_VENV/present_weather/lib/python3.10/site-packages/rasterio/gdal_data'.
2023-12-05 17:07:33,505 - rasterio._env - DEBUG - PROJ data found in package: path='/home/metpublic/PYTHON_VENV/present_weather/lib/python3.10/site-packages/rasterio/proj_data'.
2023-12-05 17:07:33,505 - rasterio._env - DEBUG - Started GDALEnv: self=<rasterio._env.GDALEnv object at 0x7fd2584e87c0>.
2023-12-05 17:07:33,505 - rasterio.env - DEBUG - Entered env context: <rasterio.env.Env object at 0x7fd2584e9090>
2023-12-05 17:07:33,505 - rasterio._base - DEBUG - Sharing flag: 0
2023-12-05 17:07:33,507 - rasterio._base - DEBUG - Nodata success: 0, Nodata value: 0.000000
2023-12-05 17:07:33,507 - rasterio._base - DEBUG - Dataset <open DatasetReader name='/home/metpublic/TASK_RELEASE/EFAN/present_weather/src/H09_B13_Indonesia_20231205.Z1650.cor.tiff' mode='r'> is started.
2023-12-05 17:07:33,507 - rasterio.env - DEBUG - Exiting env context: <rasterio.env.Env object at 0x7fd2584e9090>
2023-12-05 17:07:33,508 - rasterio.env - DEBUG - Cleared existing <rasterio._env.GDALEnv object at 0x7fd2584e87c0> options
2023-12-05 17:07:33,508 - rasterio._env - DEBUG - Stopped GDALEnv <rasterio._env.GDALEnv object at 0x7fd2584e87c0>.
2023-12-05 17:07:33,508 - rasterio.env - DEBUG - Exiting outermost env
2023-12-05 17:07:33,508 - rasterio.env - DEBUG - Exited env context: <rasterio.env.Env object at 0x7fd2584e9090>
2023-12-05 17:07:33,508 - rasterio.env - DEBUG - Entering env context: <rasterio.env.Env object at 0x7fd25872c1f0>
2023-12-05 17:07:33,508 - rasterio.env - DEBUG - Starting outermost env
2023-12-05 17:07:33,508 - rasterio.env - DEBUG - No GDAL environment exists
2023-12-05 17:07:33,508 - rasterio.env - DEBUG - New GDAL environment <rasterio._env.GDALEnv object at 0x7fd25872ceb0> created
2023-12-05 17:07:33,509 - rasterio._env - DEBUG - GDAL data found in package: path='/home/metpublic/PYTHON_VENV/present_weather/lib/python3.10/site-packages/rasterio/gdal_data'.
2023-12-05 17:07:33,509 - rasterio._env - DEBUG - PROJ data found in package: path='/home/metpublic/PYTHON_VENV/present_weather/lib/python3.10/site-packages/rasterio/proj_data'.
2023-12-05 17:07:33,509 - rasterio._env - DEBUG - Started GDALEnv: self=<rasterio._env.GDALEnv object at 0x7fd25872ceb0>.
2023-12-05 17:07:33,510 - rasterio.env - DEBUG - Entered env context: <rasterio.env.Env object at 0x7fd25872c1f0>
2023-12-05 17:07:33,510 - rasterio._base - DEBUG - Sharing flag: 0
2023-12-05 17:07:33,511 - rasterio._base - DEBUG - Nodata success: 0, Nodata value: 0.000000
2023-12-05 17:07:33,511 - rasterio._base - DEBUG - Dataset <open DatasetReader name='/home/metpublic/TASK_RELEASE/EFAN/present_weather/src/H09_B13_Indonesia_20231205.Z1650.cor.tiff' mode='r'> is started.
2023-12-05 17:07:33,511 - rasterio.env - DEBUG - Exiting env context: <rasterio.env.Env object at 0x7fd25872c1f0>
2023-12-05 17:07:33,511 - rasterio.env - DEBUG - Cleared existing <rasterio._env.GDALEnv object at 0x7fd25872ceb0> options
2023-12-05 17:07:33,511 - rasterio._env - DEBUG - Stopped GDALEnv <rasterio._env.GDALEnv object at 0x7fd25872ceb0>.
2023-12-05 17:07:33,511 - rasterio.env - DEBUG - Exiting outermost env
2023-12-05 17:07:33,511 - rasterio.env - DEBUG - Exited env context: <rasterio.env.Env object at 0x7fd25872c1f0>
2023-12-05 17:07:33,522 - root - INFO - Generating present weather using SATELITE data
2023-12-05 17:09:02,105 - root - INFO - Total elapsed time: 0:05:59.761161
