2023-11-17 16:40:03,852 - root - INFO - Initiating present weather
2023-11-17 16:40:03,857 - urllib3.connectionpool - DEBUG - Starting new HTTPS connection (1): radar.bmkg.go.id:8060
2023-11-17 16:40:03,927 - urllib3.connectionpool - DEBUG - https://radar.bmkg.go.id:8060 "GET /getRadarGeotif?token=19387e71e78522ae4172ec0fda640983b8438c9cfa0ca571623cb69d8327&radar=amandemenForecast&type=latest HTTP/1.1" 200 90
2023-11-17 16:40:03,930 - rasterio.env - DEBUG - Entering env context: <rasterio.env.Env object at 0x7fdc36dd7e60>
2023-11-17 16:40:03,931 - rasterio.env - DEBUG - Starting outermost env
2023-11-17 16:40:03,931 - rasterio.env - DEBUG - No GDAL environment exists
2023-11-17 16:40:03,931 - rasterio.env - DEBUG - New GDAL environment <rasterio._env.GDALEnv object at 0x7fdbecf27160> created
2023-11-17 16:40:03,936 - rasterio._filepath - DEBUG - Installing FilePath filesystem handler plugin...
2023-11-17 16:40:03,936 - rasterio._env - DEBUG - GDAL data found in package: path='/home/swx/miniconda3/envs/present_weather/lib/python3.12/site-packages/rasterio/gdal_data'.
2023-11-17 16:40:03,936 - rasterio._env - DEBUG - PROJ_LIB found in environment.
2023-11-17 16:40:03,936 - rasterio._env - DEBUG - Started GDALEnv: self=<rasterio._env.GDALEnv object at 0x7fdbecf27160>.
2023-11-17 16:40:03,936 - rasterio.env - DEBUG - Entered env context: <rasterio.env.Env object at 0x7fdc36dd7e60>
2023-11-17 16:40:03,936 - rasterio._base - DEBUG - Sharing flag: 0
2023-11-17 16:40:04,140 - rasterio._base - DEBUG - Nodata success: 1, Nodata value: nan
2023-11-17 16:40:04,140 - rasterio._base - DEBUG - Dataset <open DatasetReader name='https://radar.bmkg.go.id/raster/radarsatelit_202311171630.tif' mode='r'> is started.
2023-11-17 16:40:04,141 - rasterio.env - DEBUG - Exiting env context: <rasterio.env.Env object at 0x7fdc36dd7e60>
2023-11-17 16:40:04,141 - rasterio.env - DEBUG - Cleared existing <rasterio._env.GDALEnv object at 0x7fdbecf27160> options
2023-11-17 16:40:04,141 - rasterio._env - DEBUG - Stopped GDALEnv <rasterio._env.GDALEnv object at 0x7fdbecf27160>.
2023-11-17 16:40:04,141 - rasterio.env - DEBUG - Exiting outermost env
2023-11-17 16:40:04,141 - rasterio.env - DEBUG - Exited env context: <rasterio.env.Env object at 0x7fdc36dd7e60>
2023-11-17 16:40:04,141 - rasterio.env - DEBUG - Entering env context: <rasterio.env.Env object at 0x7fdc2e4ff800>
2023-11-17 16:40:04,141 - rasterio.env - DEBUG - Starting outermost env
2023-11-17 16:40:04,141 - rasterio.env - DEBUG - No GDAL environment exists
2023-11-17 16:40:04,142 - rasterio.env - DEBUG - New GDAL environment <rasterio._env.GDALEnv object at 0x7fdc7a581e40> created
2023-11-17 16:40:04,142 - rasterio._env - DEBUG - GDAL data found in package: path='/home/swx/miniconda3/envs/present_weather/lib/python3.12/site-packages/rasterio/gdal_data'.
2023-11-17 16:40:04,142 - rasterio._env - DEBUG - PROJ_LIB found in environment.
2023-11-17 16:40:04,143 - rasterio._env - DEBUG - Started GDALEnv: self=<rasterio._env.GDALEnv object at 0x7fdc7a581e40>.
2023-11-17 16:40:04,143 - rasterio.env - DEBUG - Entered env context: <rasterio.env.Env object at 0x7fdc2e4ff800>
2023-11-17 16:40:04,144 - rasterio.env - DEBUG - Got a copy of environment <rasterio._env.GDALEnv object at 0x7fdc7a581e40> options
2023-11-17 16:40:04,144 - rasterio.env - DEBUG - Entering env context: <rasterio.env.Env object at 0x7fdc36dd7140>
2023-11-17 16:40:04,144 - rasterio.env - DEBUG - Got a copy of environment <rasterio._env.GDALEnv object at 0x7fdc7a581e40> options
2023-11-17 16:40:04,144 - rasterio.env - DEBUG - Entered env context: <rasterio.env.Env object at 0x7fdc36dd7140>
2023-11-17 16:40:04,144 - rasterio._base - DEBUG - Sharing flag: 0
2023-11-17 16:40:04,145 - rasterio._base - DEBUG - Nodata success: 1, Nodata value: nan
2023-11-17 16:40:04,145 - rasterio._base - DEBUG - Dataset <open DatasetReader name='https://radar.bmkg.go.id/raster/radarsatelit_202311171630.tif' mode='r'> is started.
2023-11-17 16:40:04,145 - rasterio.env - DEBUG - Exiting env context: <rasterio.env.Env object at 0x7fdc36dd7140>
2023-11-17 16:40:04,146 - rasterio.env - DEBUG - Cleared existing <rasterio._env.GDALEnv object at 0x7fdc7a581e40> options
2023-11-17 16:40:04,146 - rasterio._env - DEBUG - Stopped GDALEnv <rasterio._env.GDALEnv object at 0x7fdc7a581e40>.
2023-11-17 16:40:04,146 - rasterio.env - DEBUG - No GDAL environment exists
2023-11-17 16:40:04,146 - rasterio.env - DEBUG - New GDAL environment <rasterio._env.GDALEnv object at 0x7fdc7a581e40> created
2023-11-17 16:40:04,146 - rasterio._env - DEBUG - GDAL data found in package: path='/home/swx/miniconda3/envs/present_weather/lib/python3.12/site-packages/rasterio/gdal_data'.
2023-11-17 16:40:04,147 - rasterio._env - DEBUG - PROJ_LIB found in environment.
2023-11-17 16:40:04,147 - rasterio._env - DEBUG - Started GDALEnv: self=<rasterio._env.GDALEnv object at 0x7fdc7a581e40>.
2023-11-17 16:40:04,147 - rasterio.env - DEBUG - Exited env context: <rasterio.env.Env object at 0x7fdc36dd7140>
2023-11-17 16:40:04,179 - rasterio._io - DEBUG - Output nodata value read from file: nan
2023-11-17 16:40:04,179 - rasterio._io - DEBUG - Output nodata values: [nan]
2023-11-17 16:40:04,179 - rasterio._io - DEBUG - all_valid: False
2023-11-17 16:40:04,179 - rasterio._io - DEBUG - mask_flags: ([<MaskFlags.nodata: 8>],)
2023-11-17 16:40:04,180 - rasterio._io - DEBUG - Jump straight to _read()
2023-11-17 16:40:04,180 - rasterio._io - DEBUG - Window: Window(col_off=0, row_off=0, width=10215, height=3792)
2023-11-17 16:40:04,180 - rasterio._io - DEBUG - IO window xoff=0.0 yoff=0.0 width=10215.0 height=3792.0
2023-11-17 16:40:04,950 - rasterio.env - DEBUG - Exiting env context: <rasterio.env.Env object at 0x7fdc2e4ff800>
2023-11-17 16:40:04,950 - rasterio.env - DEBUG - Cleared existing <rasterio._env.GDALEnv object at 0x7fdc7a581e40> options
2023-11-17 16:40:04,950 - rasterio._env - DEBUG - Stopped GDALEnv <rasterio._env.GDALEnv object at 0x7fdc7a581e40>.
2023-11-17 16:40:04,950 - rasterio.env - DEBUG - Exiting outermost env
2023-11-17 16:40:04,951 - rasterio.env - DEBUG - Exited env context: <rasterio.env.Env object at 0x7fdc2e4ff800>
2023-11-17 16:40:04,953 - urllib3.connectionpool - DEBUG - Starting new HTTPS connection (1): radar.bmkg.go.id:8060
2023-11-17 16:40:05,036 - urllib3.connectionpool - DEBUG - https://radar.bmkg.go.id:8060 "GET /getLatestLD?typeData=1 HTTP/1.1" 200 109138
2023-11-17 16:40:05,083 - asyncio - DEBUG - Using selector: EpollSelector
2023-11-17 16:40:11,741 - root - INFO - dask.bag<lambda, npartitions=34>
2023-11-17 16:55:39,326 - root - INFO - Total elapsed time: 0:15:35.475144
