2023-12-09 13:03:02,967 - root - INFO - Initiating present weather
2023-12-09 13:03:02,969 - asyncio - DEBUG - Using selector: EpollSelector
2023-12-09 13:03:04,531 - urllib3.connectionpool - DEBUG - Starting new HTTPS connection (1): radar.bmkg.go.id:8060
2023-12-09 13:03:04,544 - urllib3.connectionpool - DEBUG - https://radar.bmkg.go.id:8060 "GET /getLatestLD?typeData=1 HTTP/1.1" 200 62
2023-12-09 13:03:04,546 - urllib3.connectionpool - DEBUG - Starting new HTTPS connection (1): radar.bmkg.go.id:8060
2023-12-09 13:03:04,565 - urllib3.connectionpool - DEBUG - https://radar.bmkg.go.id:8060 "GET /getRadarGeotif?token=19387e71e78522ae4172ec0fda640983b8438c9cfa0ca571623cb69d8327&radar=amandemenForecast&type=latest HTTP/1.1" 200 90
2023-12-09 13:03:04,566 - rasterio.env - DEBUG - Entering env context: <rasterio.env.Env object at 0x7fa4ec86a950>
2023-12-09 13:03:04,567 - rasterio.env - DEBUG - Starting outermost env
2023-12-09 13:03:04,567 - rasterio.env - DEBUG - No GDAL environment exists
2023-12-09 13:03:04,567 - rasterio.env - DEBUG - New GDAL environment <rasterio._env.GDALEnv object at 0x7fa4ec86ac20> created
2023-12-09 13:03:04,569 - rasterio._filepath - DEBUG - Installing FilePath filesystem handler plugin...
2023-12-09 13:03:04,571 - rasterio._env - DEBUG - GDAL data found in package: path='/home/metpublic/PYTHON_VENV/present_weather/lib/python3.10/site-packages/rasterio/gdal_data'.
2023-12-09 13:03:04,571 - rasterio._env - DEBUG - PROJ data found in package: path='/home/metpublic/PYTHON_VENV/present_weather/lib/python3.10/site-packages/rasterio/proj_data'.
2023-12-09 13:03:04,571 - rasterio._env - DEBUG - Started GDALEnv: self=<rasterio._env.GDALEnv object at 0x7fa4ec86ac20>.
2023-12-09 13:03:04,571 - rasterio.env - DEBUG - Entered env context: <rasterio.env.Env object at 0x7fa4ec86a950>
2023-12-09 13:03:04,571 - rasterio._base - DEBUG - Sharing flag: 0
2023-12-09 13:03:04,838 - rasterio._base - DEBUG - Nodata success: 1, Nodata value: nan
2023-12-09 13:03:04,838 - rasterio._base - DEBUG - Dataset <open DatasetReader name='https://radar.bmkg.go.id/raster/radarsatelit_202312091300.tif' mode='r'> is started.
2023-12-09 13:03:04,839 - rasterio.env - DEBUG - Exiting env context: <rasterio.env.Env object at 0x7fa4ec86a950>
2023-12-09 13:03:04,839 - rasterio.env - DEBUG - Cleared existing <rasterio._env.GDALEnv object at 0x7fa4ec86ac20> options
2023-12-09 13:03:04,839 - rasterio._env - DEBUG - Stopped GDALEnv <rasterio._env.GDALEnv object at 0x7fa4ec86ac20>.
2023-12-09 13:03:04,839 - rasterio.env - DEBUG - Exiting outermost env
2023-12-09 13:03:04,839 - rasterio.env - DEBUG - Exited env context: <rasterio.env.Env object at 0x7fa4ec86a950>
2023-12-09 13:03:04,839 - rasterio.env - DEBUG - Entering env context: <rasterio.env.Env object at 0x7fa4ebf50040>
2023-12-09 13:03:04,839 - rasterio.env - DEBUG - Starting outermost env
2023-12-09 13:03:04,839 - rasterio.env - DEBUG - No GDAL environment exists
2023-12-09 13:03:04,839 - rasterio.env - DEBUG - New GDAL environment <rasterio._env.GDALEnv object at 0x7fa4ec86ac20> created
2023-12-09 13:03:04,840 - rasterio._env - DEBUG - GDAL data found in package: path='/home/metpublic/PYTHON_VENV/present_weather/lib/python3.10/site-packages/rasterio/gdal_data'.
2023-12-09 13:03:04,840 - rasterio._env - DEBUG - PROJ data found in package: path='/home/metpublic/PYTHON_VENV/present_weather/lib/python3.10/site-packages/rasterio/proj_data'.
2023-12-09 13:03:04,840 - rasterio._env - DEBUG - Started GDALEnv: self=<rasterio._env.GDALEnv object at 0x7fa4ec86ac20>.
2023-12-09 13:03:04,840 - rasterio.env - DEBUG - Entered env context: <rasterio.env.Env object at 0x7fa4ebf50040>
2023-12-09 13:03:04,840 - rasterio.env - DEBUG - Got a copy of environment <rasterio._env.GDALEnv object at 0x7fa4ec86ac20> options
2023-12-09 13:03:04,840 - rasterio.env - DEBUG - Entering env context: <rasterio.env.Env object at 0x7fa4e85f82b0>
2023-12-09 13:03:04,840 - rasterio.env - DEBUG - Got a copy of environment <rasterio._env.GDALEnv object at 0x7fa4ec86ac20> options
2023-12-09 13:03:04,840 - rasterio.env - DEBUG - Entered env context: <rasterio.env.Env object at 0x7fa4e85f82b0>
2023-12-09 13:03:04,841 - rasterio._base - DEBUG - Sharing flag: 0
2023-12-09 13:03:04,841 - rasterio._base - DEBUG - Nodata success: 1, Nodata value: nan
2023-12-09 13:03:04,842 - rasterio._base - DEBUG - Dataset <open DatasetReader name='https://radar.bmkg.go.id/raster/radarsatelit_202312091300.tif' mode='r'> is started.
2023-12-09 13:03:04,842 - rasterio.env - DEBUG - Exiting env context: <rasterio.env.Env object at 0x7fa4e85f82b0>
2023-12-09 13:03:04,842 - rasterio.env - DEBUG - Cleared existing <rasterio._env.GDALEnv object at 0x7fa4ec86ac20> options
2023-12-09 13:03:04,842 - rasterio._env - DEBUG - Stopped GDALEnv <rasterio._env.GDALEnv object at 0x7fa4ec86ac20>.
2023-12-09 13:03:04,842 - rasterio.env - DEBUG - No GDAL environment exists
2023-12-09 13:03:04,842 - rasterio.env - DEBUG - New GDAL environment <rasterio._env.GDALEnv object at 0x7fa4ec86ac20> created
2023-12-09 13:03:04,842 - rasterio._env - DEBUG - GDAL data found in package: path='/home/metpublic/PYTHON_VENV/present_weather/lib/python3.10/site-packages/rasterio/gdal_data'.
2023-12-09 13:03:04,842 - rasterio._env - DEBUG - PROJ data found in package: path='/home/metpublic/PYTHON_VENV/present_weather/lib/python3.10/site-packages/rasterio/proj_data'.
2023-12-09 13:03:04,842 - rasterio._env - DEBUG - Started GDALEnv: self=<rasterio._env.GDALEnv object at 0x7fa4ec86ac20>.
2023-12-09 13:03:04,842 - rasterio.env - DEBUG - Exited env context: <rasterio.env.Env object at 0x7fa4e85f82b0>
2023-12-09 13:03:04,858 - rasterio._io - DEBUG - Output nodata value read from file: nan
2023-12-09 13:03:04,858 - rasterio._io - DEBUG - Output nodata values: [nan]
2023-12-09 13:03:04,859 - rasterio._io - DEBUG - all_valid: False
2023-12-09 13:03:04,859 - rasterio._io - DEBUG - mask_flags: ([<MaskFlags.nodata: 8>],)
2023-12-09 13:03:04,859 - rasterio._io - DEBUG - Jump straight to _read()
2023-12-09 13:03:04,859 - rasterio._io - DEBUG - Window: Window(col_off=0, row_off=0, width=10215, height=3792)
2023-12-09 13:03:04,859 - rasterio._io - DEBUG - IO window xoff=0.0 yoff=0.0 width=10215.0 height=3792.0
2023-12-09 13:03:05,470 - rasterio.env - DEBUG - Exiting env context: <rasterio.env.Env object at 0x7fa4ebf50040>
2023-12-09 13:03:05,470 - rasterio.env - DEBUG - Cleared existing <rasterio._env.GDALEnv object at 0x7fa4ec86ac20> options
2023-12-09 13:03:05,470 - rasterio._env - DEBUG - Stopped GDALEnv <rasterio._env.GDALEnv object at 0x7fa4ec86ac20>.
2023-12-09 13:03:05,470 - rasterio.env - DEBUG - Exiting outermost env
2023-12-09 13:03:05,470 - rasterio.env - DEBUG - Exited env context: <rasterio.env.Env object at 0x7fa4ebf50040>
2023-12-09 13:09:54,472 - root - INFO - Total elapsed time: 0:06:51.505027
