2023-11-24 16:03:03,413 - root - INFO - Initiating present weather
2023-11-24 16:03:03,416 - asyncio - DEBUG - Using selector: EpollSelector
2023-11-24 16:03:06,676 - urllib3.connectionpool - DEBUG - Starting new HTTPS connection (1): radar.bmkg.go.id:8060
2023-11-24 16:03:06,736 - urllib3.connectionpool - DEBUG - https://radar.bmkg.go.id:8060 "GET /getRadarGeotif?token=19387e71e78522ae4172ec0fda640983b8438c9cfa0ca571623cb69d8327&radar=amandemenForecast&type=latest HTTP/1.1" 200 90
2023-11-24 16:03:06,738 - rasterio.env - DEBUG - Entering env context: <rasterio.env.Env object at 0x7f4bf704b350>
2023-11-24 16:03:06,738 - rasterio.env - DEBUG - Starting outermost env
2023-11-24 16:03:06,739 - rasterio.env - DEBUG - No GDAL environment exists
2023-11-24 16:03:06,739 - rasterio.env - DEBUG - New GDAL environment <rasterio._env.GDALEnv object at 0x7f4c490f9060> created
2023-11-24 16:03:06,743 - rasterio._filepath - DEBUG - Installing FilePath filesystem handler plugin...
2023-11-24 16:03:06,743 - rasterio._env - DEBUG - GDAL data found in package: path='/home/swx/miniconda3/envs/present_weather/lib/python3.12/site-packages/rasterio/gdal_data'.
2023-11-24 16:03:06,743 - rasterio._env - DEBUG - PROJ_LIB found in environment.
2023-11-24 16:03:06,743 - rasterio._env - DEBUG - Started GDALEnv: self=<rasterio._env.GDALEnv object at 0x7f4c490f9060>.
2023-11-24 16:03:06,743 - rasterio.env - DEBUG - Entered env context: <rasterio.env.Env object at 0x7f4bf704b350>
2023-11-24 16:03:06,743 - rasterio._base - DEBUG - Sharing flag: 0
2023-11-24 16:03:06,951 - rasterio._base - DEBUG - Nodata success: 1, Nodata value: nan
2023-11-24 16:03:06,951 - rasterio._base - DEBUG - Dataset <open DatasetReader name='https://radar.bmkg.go.id/raster/radarsatelit_202311241600.tif' mode='r'> is started.
2023-11-24 16:03:06,952 - rasterio.env - DEBUG - Exiting env context: <rasterio.env.Env object at 0x7f4bf704b350>
2023-11-24 16:03:06,952 - rasterio.env - DEBUG - Cleared existing <rasterio._env.GDALEnv object at 0x7f4c490f9060> options
2023-11-24 16:03:06,952 - rasterio._env - DEBUG - Stopped GDALEnv <rasterio._env.GDALEnv object at 0x7f4c490f9060>.
2023-11-24 16:03:06,952 - rasterio.env - DEBUG - Exiting outermost env
2023-11-24 16:03:06,953 - rasterio.env - DEBUG - Exited env context: <rasterio.env.Env object at 0x7f4bf704b350>
2023-11-24 16:03:06,953 - rasterio.env - DEBUG - Entering env context: <rasterio.env.Env object at 0x7f4bf6415520>
2023-11-24 16:03:06,953 - rasterio.env - DEBUG - Starting outermost env
2023-11-24 16:03:06,953 - rasterio.env - DEBUG - No GDAL environment exists
2023-11-24 16:03:06,954 - rasterio.env - DEBUG - New GDAL environment <rasterio._env.GDALEnv object at 0x7f4c490f9060> created
2023-11-24 16:03:06,954 - rasterio._env - DEBUG - GDAL data found in package: path='/home/swx/miniconda3/envs/present_weather/lib/python3.12/site-packages/rasterio/gdal_data'.
2023-11-24 16:03:06,954 - rasterio._env - DEBUG - PROJ_LIB found in environment.
2023-11-24 16:03:06,955 - rasterio._env - DEBUG - Started GDALEnv: self=<rasterio._env.GDALEnv object at 0x7f4c490f9060>.
2023-11-24 16:03:06,955 - rasterio.env - DEBUG - Entered env context: <rasterio.env.Env object at 0x7f4bf6415520>
2023-11-24 16:03:06,955 - rasterio.env - DEBUG - Got a copy of environment <rasterio._env.GDALEnv object at 0x7f4c490f9060> options
2023-11-24 16:03:06,955 - rasterio.env - DEBUG - Entering env context: <rasterio.env.Env object at 0x7f4bf6173ef0>
2023-11-24 16:03:06,955 - rasterio.env - DEBUG - Got a copy of environment <rasterio._env.GDALEnv object at 0x7f4c490f9060> options
2023-11-24 16:03:06,956 - rasterio.env - DEBUG - Entered env context: <rasterio.env.Env object at 0x7f4bf6173ef0>
2023-11-24 16:03:06,956 - rasterio._base - DEBUG - Sharing flag: 0
2023-11-24 16:03:06,957 - rasterio._base - DEBUG - Nodata success: 1, Nodata value: nan
2023-11-24 16:03:06,957 - rasterio._base - DEBUG - Dataset <open DatasetReader name='https://radar.bmkg.go.id/raster/radarsatelit_202311241600.tif' mode='r'> is started.
2023-11-24 16:03:06,957 - rasterio.env - DEBUG - Exiting env context: <rasterio.env.Env object at 0x7f4bf6173ef0>
2023-11-24 16:03:06,957 - rasterio.env - DEBUG - Cleared existing <rasterio._env.GDALEnv object at 0x7f4c490f9060> options
2023-11-24 16:03:06,957 - rasterio._env - DEBUG - Stopped GDALEnv <rasterio._env.GDALEnv object at 0x7f4c490f9060>.
2023-11-24 16:03:06,957 - rasterio.env - DEBUG - No GDAL environment exists
2023-11-24 16:03:06,957 - rasterio.env - DEBUG - New GDAL environment <rasterio._env.GDALEnv object at 0x7f4c490f9060> created
2023-11-24 16:03:06,958 - rasterio._env - DEBUG - GDAL data found in package: path='/home/swx/miniconda3/envs/present_weather/lib/python3.12/site-packages/rasterio/gdal_data'.
2023-11-24 16:03:06,958 - rasterio._env - DEBUG - PROJ_LIB found in environment.
2023-11-24 16:03:06,958 - rasterio._env - DEBUG - Started GDALEnv: self=<rasterio._env.GDALEnv object at 0x7f4c490f9060>.
2023-11-24 16:03:06,958 - rasterio.env - DEBUG - Exited env context: <rasterio.env.Env object at 0x7f4bf6173ef0>
2023-11-24 16:03:06,983 - rasterio._io - DEBUG - Output nodata value read from file: nan
2023-11-24 16:03:06,983 - rasterio._io - DEBUG - Output nodata values: [nan]
2023-11-24 16:03:06,983 - rasterio._io - DEBUG - all_valid: False
2023-11-24 16:03:06,983 - rasterio._io - DEBUG - mask_flags: ([<MaskFlags.nodata: 8>],)
2023-11-24 16:03:06,984 - rasterio._io - DEBUG - Jump straight to _read()
2023-11-24 16:03:06,984 - rasterio._io - DEBUG - Window: Window(col_off=0, row_off=0, width=10215, height=3792)
2023-11-24 16:03:06,984 - rasterio._io - DEBUG - IO window xoff=0.0 yoff=0.0 width=10215.0 height=3792.0
2023-11-24 16:03:07,786 - rasterio.env - DEBUG - Exiting env context: <rasterio.env.Env object at 0x7f4bf6415520>
2023-11-24 16:03:07,786 - rasterio.env - DEBUG - Cleared existing <rasterio._env.GDALEnv object at 0x7f4c490f9060> options
2023-11-24 16:03:07,786 - rasterio._env - DEBUG - Stopped GDALEnv <rasterio._env.GDALEnv object at 0x7f4c490f9060>.
2023-11-24 16:03:07,786 - rasterio.env - DEBUG - Exiting outermost env
2023-11-24 16:03:07,786 - rasterio.env - DEBUG - Exited env context: <rasterio.env.Env object at 0x7f4bf6415520>
2023-11-24 16:03:07,789 - urllib3.connectionpool - DEBUG - Starting new HTTPS connection (1): radar.bmkg.go.id:8060
2023-11-24 16:03:07,851 - urllib3.connectionpool - DEBUG - https://radar.bmkg.go.id:8060 "GET /getLatestLD?typeData=1 HTTP/1.1" 200 13900
2023-11-24 16:03:07,864 - root - INFO - Generating present weather using RADAR data
2023-11-24 16:03:11,233 - root - INFO - dask.bag<lambda, npartitions=20>
2023-11-24 16:16:04,865 - root - INFO - Total elapsed time: 0:13:01.453491
