2023-12-22 17:03:02,507 - root - INFO - Initiating present weather
2023-12-22 17:03:02,509 - asyncio - DEBUG - Using selector: EpollSelector
2023-12-22 17:03:04,163 - urllib3.connectionpool - DEBUG - Starting new HTTPS connection (1): radar.bmkg.go.id:8060
2023-12-22 17:03:04,176 - urllib3.connectionpool - DEBUG - https://radar.bmkg.go.id:8060 "GET /getLatestLD?typeData=1 HTTP/1.1" 200 62
2023-12-22 17:03:04,178 - urllib3.connectionpool - DEBUG - Starting new HTTPS connection (1): radar.bmkg.go.id:8060
2023-12-22 17:03:04,204 - urllib3.connectionpool - DEBUG - https://radar.bmkg.go.id:8060 "GET /getRadarGeotif?token=19387e71e78522ae4172ec0fda640983b8438c9cfa0ca571623cb69d8327&radar=amandemenForecast&type=latest HTTP/1.1" 200 90
2023-12-22 17:03:04,205 - rasterio.env - DEBUG - Entering env context: <rasterio.env.Env object at 0x7f7daf6d0b50>
2023-12-22 17:03:04,205 - rasterio.env - DEBUG - Starting outermost env
2023-12-22 17:03:04,205 - rasterio.env - DEBUG - No GDAL environment exists
2023-12-22 17:03:04,205 - rasterio.env - DEBUG - New GDAL environment <rasterio._env.GDALEnv object at 0x7f7daf6d01c0> created
2023-12-22 17:03:04,208 - rasterio._filepath - DEBUG - Installing FilePath filesystem handler plugin...
2023-12-22 17:03:04,208 - rasterio._env - DEBUG - GDAL data found in package: path='/home/metpublic/PYTHON_VENV/present_weather/lib/python3.10/site-packages/rasterio/gdal_data'.
2023-12-22 17:03:04,208 - rasterio._env - DEBUG - PROJ data found in package: path='/home/metpublic/PYTHON_VENV/present_weather/lib/python3.10/site-packages/rasterio/proj_data'.
2023-12-22 17:03:04,208 - rasterio._env - DEBUG - Started GDALEnv: self=<rasterio._env.GDALEnv object at 0x7f7daf6d01c0>.
2023-12-22 17:03:04,209 - rasterio.env - DEBUG - Entered env context: <rasterio.env.Env object at 0x7f7daf6d0b50>
2023-12-22 17:03:04,209 - rasterio._base - DEBUG - Sharing flag: 0
2023-12-22 17:03:04,569 - rasterio._base - DEBUG - Nodata success: 1, Nodata value: nan
2023-12-22 17:03:04,569 - rasterio._base - DEBUG - Dataset <open DatasetReader name='https://radar.bmkg.go.id/raster/radarsatelit_202312221700.tif' mode='r'> is started.
2023-12-22 17:03:04,570 - rasterio.env - DEBUG - Exiting env context: <rasterio.env.Env object at 0x7f7daf6d0b50>
2023-12-22 17:03:04,570 - rasterio.env - DEBUG - Cleared existing <rasterio._env.GDALEnv object at 0x7f7daf6d01c0> options
2023-12-22 17:03:04,570 - rasterio._env - DEBUG - Stopped GDALEnv <rasterio._env.GDALEnv object at 0x7f7daf6d01c0>.
2023-12-22 17:03:04,570 - rasterio.env - DEBUG - Exiting outermost env
2023-12-22 17:03:04,570 - rasterio.env - DEBUG - Exited env context: <rasterio.env.Env object at 0x7f7daf6d0b50>
2023-12-22 17:03:04,571 - rasterio.env - DEBUG - Entering env context: <rasterio.env.Env object at 0x7f7daf661810>
2023-12-22 17:03:04,571 - rasterio.env - DEBUG - Starting outermost env
2023-12-22 17:03:04,571 - rasterio.env - DEBUG - No GDAL environment exists
2023-12-22 17:03:04,571 - rasterio.env - DEBUG - New GDAL environment <rasterio._env.GDALEnv object at 0x7f7daf6d01c0> created
2023-12-22 17:03:04,571 - rasterio._env - DEBUG - GDAL data found in package: path='/home/metpublic/PYTHON_VENV/present_weather/lib/python3.10/site-packages/rasterio/gdal_data'.
2023-12-22 17:03:04,571 - rasterio._env - DEBUG - PROJ data found in package: path='/home/metpublic/PYTHON_VENV/present_weather/lib/python3.10/site-packages/rasterio/proj_data'.
2023-12-22 17:03:04,571 - rasterio._env - DEBUG - Started GDALEnv: self=<rasterio._env.GDALEnv object at 0x7f7daf6d01c0>.
2023-12-22 17:03:04,571 - rasterio.env - DEBUG - Entered env context: <rasterio.env.Env object at 0x7f7daf661810>
2023-12-22 17:03:04,572 - rasterio.env - DEBUG - Got a copy of environment <rasterio._env.GDALEnv object at 0x7f7daf6d01c0> options
2023-12-22 17:03:04,572 - rasterio.env - DEBUG - Entering env context: <rasterio.env.Env object at 0x7f7dac559a50>
2023-12-22 17:03:04,572 - rasterio.env - DEBUG - Got a copy of environment <rasterio._env.GDALEnv object at 0x7f7daf6d01c0> options
2023-12-22 17:03:04,572 - rasterio.env - DEBUG - Entered env context: <rasterio.env.Env object at 0x7f7dac559a50>
2023-12-22 17:03:04,572 - rasterio._base - DEBUG - Sharing flag: 0
2023-12-22 17:03:04,573 - rasterio._base - DEBUG - Nodata success: 1, Nodata value: nan
2023-12-22 17:03:04,573 - rasterio._base - DEBUG - Dataset <open DatasetReader name='https://radar.bmkg.go.id/raster/radarsatelit_202312221700.tif' mode='r'> is started.
2023-12-22 17:03:04,573 - rasterio.env - DEBUG - Exiting env context: <rasterio.env.Env object at 0x7f7dac559a50>
2023-12-22 17:03:04,573 - rasterio.env - DEBUG - Cleared existing <rasterio._env.GDALEnv object at 0x7f7daf6d01c0> options
2023-12-22 17:03:04,573 - rasterio._env - DEBUG - Stopped GDALEnv <rasterio._env.GDALEnv object at 0x7f7daf6d01c0>.
2023-12-22 17:03:04,574 - rasterio.env - DEBUG - No GDAL environment exists
2023-12-22 17:03:04,574 - rasterio.env - DEBUG - New GDAL environment <rasterio._env.GDALEnv object at 0x7f7daf6d01c0> created
2023-12-22 17:03:04,574 - rasterio._env - DEBUG - GDAL data found in package: path='/home/metpublic/PYTHON_VENV/present_weather/lib/python3.10/site-packages/rasterio/gdal_data'.
2023-12-22 17:03:04,574 - rasterio._env - DEBUG - PROJ data found in package: path='/home/metpublic/PYTHON_VENV/present_weather/lib/python3.10/site-packages/rasterio/proj_data'.
2023-12-22 17:03:04,574 - rasterio._env - DEBUG - Started GDALEnv: self=<rasterio._env.GDALEnv object at 0x7f7daf6d01c0>.
2023-12-22 17:03:04,574 - rasterio.env - DEBUG - Exited env context: <rasterio.env.Env object at 0x7f7dac559a50>
2023-12-22 17:03:04,592 - rasterio._io - DEBUG - Output nodata value read from file: nan
2023-12-22 17:03:04,592 - rasterio._io - DEBUG - Output nodata values: [nan]
2023-12-22 17:03:04,592 - rasterio._io - DEBUG - all_valid: False
2023-12-22 17:03:04,592 - rasterio._io - DEBUG - mask_flags: ([<MaskFlags.nodata: 8>],)
2023-12-22 17:03:04,592 - rasterio._io - DEBUG - Jump straight to _read()
2023-12-22 17:03:04,592 - rasterio._io - DEBUG - Window: Window(col_off=0, row_off=0, width=10176, height=3732)
2023-12-22 17:03:04,593 - rasterio._io - DEBUG - IO window xoff=0.0 yoff=0.0 width=10176.0 height=3732.0
2023-12-22 17:03:05,216 - rasterio.env - DEBUG - Exiting env context: <rasterio.env.Env object at 0x7f7daf661810>
2023-12-22 17:03:05,216 - rasterio.env - DEBUG - Cleared existing <rasterio._env.GDALEnv object at 0x7f7daf6d01c0> options
2023-12-22 17:03:05,216 - rasterio._env - DEBUG - Stopped GDALEnv <rasterio._env.GDALEnv object at 0x7f7daf6d01c0>.
2023-12-22 17:03:05,216 - rasterio.env - DEBUG - Exiting outermost env
2023-12-22 17:03:05,217 - rasterio.env - DEBUG - Exited env context: <rasterio.env.Env object at 0x7f7daf661810>
2023-12-22 17:07:53,738 - rasterio.env - DEBUG - Entering env context: <rasterio.env.Env object at 0x7f7dac427790>
2023-12-22 17:07:53,738 - rasterio.env - DEBUG - Starting outermost env
2023-12-22 17:07:53,738 - rasterio.env - DEBUG - No GDAL environment exists
2023-12-22 17:07:53,738 - rasterio.env - DEBUG - New GDAL environment <rasterio._env.GDALEnv object at 0x7f7dac426410> created
2023-12-22 17:07:53,739 - rasterio._env - DEBUG - GDAL data found in package: path='/home/metpublic/PYTHON_VENV/present_weather/lib/python3.10/site-packages/rasterio/gdal_data'.
2023-12-22 17:07:53,739 - rasterio._env - DEBUG - PROJ data found in package: path='/home/metpublic/PYTHON_VENV/present_weather/lib/python3.10/site-packages/rasterio/proj_data'.
2023-12-22 17:07:53,739 - rasterio._env - DEBUG - Started GDALEnv: self=<rasterio._env.GDALEnv object at 0x7f7dac426410>.
2023-12-22 17:07:53,739 - rasterio.env - DEBUG - Entered env context: <rasterio.env.Env object at 0x7f7dac427790>
2023-12-22 17:07:53,739 - rasterio._base - DEBUG - Sharing flag: 0
2023-12-22 17:07:53,741 - rasterio._base - DEBUG - Nodata success: 0, Nodata value: 0.000000
2023-12-22 17:07:53,742 - rasterio._base - DEBUG - Dataset <open DatasetReader name='/home/metpublic/TASK_RELEASE/EFAN/present_weather/src/H09_B13_Indonesia_20231222.Z1640.cor.tiff' mode='r'> is started.
2023-12-22 17:07:53,742 - rasterio.env - DEBUG - Exiting env context: <rasterio.env.Env object at 0x7f7dac427790>
2023-12-22 17:07:53,742 - rasterio.env - DEBUG - Cleared existing <rasterio._env.GDALEnv object at 0x7f7dac426410> options
2023-12-22 17:07:53,742 - rasterio._env - DEBUG - Stopped GDALEnv <rasterio._env.GDALEnv object at 0x7f7dac426410>.
2023-12-22 17:07:53,742 - rasterio.env - DEBUG - Exiting outermost env
2023-12-22 17:07:53,742 - rasterio.env - DEBUG - Exited env context: <rasterio.env.Env object at 0x7f7dac427790>
2023-12-22 17:07:53,742 - rasterio.env - DEBUG - Entering env context: <rasterio.env.Env object at 0x7f7dac4265f0>
2023-12-22 17:07:53,742 - rasterio.env - DEBUG - Starting outermost env
2023-12-22 17:07:53,742 - rasterio.env - DEBUG - No GDAL environment exists
2023-12-22 17:07:53,742 - rasterio.env - DEBUG - New GDAL environment <rasterio._env.GDALEnv object at 0x7f7dac425180> created
2023-12-22 17:07:53,743 - rasterio._env - DEBUG - GDAL data found in package: path='/home/metpublic/PYTHON_VENV/present_weather/lib/python3.10/site-packages/rasterio/gdal_data'.
2023-12-22 17:07:53,743 - rasterio._env - DEBUG - PROJ data found in package: path='/home/metpublic/PYTHON_VENV/present_weather/lib/python3.10/site-packages/rasterio/proj_data'.
2023-12-22 17:07:53,743 - rasterio._env - DEBUG - Started GDALEnv: self=<rasterio._env.GDALEnv object at 0x7f7dac425180>.
2023-12-22 17:07:53,743 - rasterio.env - DEBUG - Entered env context: <rasterio.env.Env object at 0x7f7dac4265f0>
2023-12-22 17:07:53,743 - rasterio._base - DEBUG - Sharing flag: 0
2023-12-22 17:07:53,744 - rasterio._base - DEBUG - Nodata success: 0, Nodata value: 0.000000
2023-12-22 17:07:53,744 - rasterio._base - DEBUG - Dataset <open DatasetReader name='/home/metpublic/TASK_RELEASE/EFAN/present_weather/src/H09_B13_Indonesia_20231222.Z1640.cor.tiff' mode='r'> is started.
2023-12-22 17:07:53,744 - rasterio.env - DEBUG - Exiting env context: <rasterio.env.Env object at 0x7f7dac4265f0>
2023-12-22 17:07:53,744 - rasterio.env - DEBUG - Cleared existing <rasterio._env.GDALEnv object at 0x7f7dac425180> options
2023-12-22 17:07:53,744 - rasterio._env - DEBUG - Stopped GDALEnv <rasterio._env.GDALEnv object at 0x7f7dac425180>.
2023-12-22 17:07:53,744 - rasterio.env - DEBUG - Exiting outermost env
2023-12-22 17:07:53,744 - rasterio.env - DEBUG - Exited env context: <rasterio.env.Env object at 0x7f7dac4265f0>
2023-12-22 17:07:53,756 - root - INFO - Generating present weather using SATELITE data
2023-12-22 17:09:07,476 - root - INFO - Total elapsed time: 0:06:04.969733
