2023-11-12 15:20:04,008 - root - INFO - Initiating present weather
2023-11-12 15:20:04,012 - urllib3.connectionpool - DEBUG - Starting new HTTPS connection (1): radar.bmkg.go.id:8060
2023-11-12 15:20:04,079 - urllib3.connectionpool - DEBUG - https://radar.bmkg.go.id:8060 "GET /getRadarGeotif?token=19387e71e78522ae4172ec0fda640983b8438c9cfa0ca571623cb69d8327&radar=amandemenForecast&type=latest HTTP/1.1" 200 90
2023-11-12 15:20:04,082 - rasterio.env - DEBUG - Entering env context: <rasterio.env.Env object at 0x7f9cd1dfdd00>
2023-11-12 15:20:04,083 - rasterio.env - DEBUG - Starting outermost env
2023-11-12 15:20:04,083 - rasterio.env - DEBUG - No GDAL environment exists
2023-11-12 15:20:04,083 - rasterio.env - DEBUG - New GDAL environment <rasterio._env.GDALEnv object at 0x7f9cd191a080> created
2023-11-12 15:20:04,087 - rasterio._filepath - DEBUG - Installing FilePath filesystem handler plugin...
2023-11-12 15:20:04,087 - rasterio._env - DEBUG - GDAL data found in package: path='/home/swx/miniconda3/envs/present_weather/lib/python3.12/site-packages/rasterio/gdal_data'.
2023-11-12 15:20:04,088 - rasterio._env - DEBUG - PROJ_LIB found in environment.
2023-11-12 15:20:04,088 - rasterio._env - DEBUG - Started GDALEnv: self=<rasterio._env.GDALEnv object at 0x7f9cd191a080>.
2023-11-12 15:20:04,088 - rasterio.env - DEBUG - Entered env context: <rasterio.env.Env object at 0x7f9cd1dfdd00>
2023-11-12 15:20:04,088 - rasterio._base - DEBUG - Sharing flag: 0
2023-11-12 15:20:04,283 - rasterio._base - DEBUG - Nodata success: 1, Nodata value: nan
2023-11-12 15:20:04,283 - rasterio._base - DEBUG - Dataset <open DatasetReader name='https://radar.bmkg.go.id/raster/radarsatelit_202311121510.tif' mode='r'> is started.
2023-11-12 15:20:04,284 - rasterio.env - DEBUG - Exiting env context: <rasterio.env.Env object at 0x7f9cd1dfdd00>
2023-11-12 15:20:04,284 - rasterio.env - DEBUG - Cleared existing <rasterio._env.GDALEnv object at 0x7f9cd191a080> options
2023-11-12 15:20:04,284 - rasterio._env - DEBUG - Stopped GDALEnv <rasterio._env.GDALEnv object at 0x7f9cd191a080>.
2023-11-12 15:20:04,284 - rasterio.env - DEBUG - Exiting outermost env
2023-11-12 15:20:04,284 - rasterio.env - DEBUG - Exited env context: <rasterio.env.Env object at 0x7f9cd1dfdd00>
2023-11-12 15:20:04,284 - rasterio.env - DEBUG - Entering env context: <rasterio.env.Env object at 0x7f9cb0138d40>
2023-11-12 15:20:04,285 - rasterio.env - DEBUG - Starting outermost env
2023-11-12 15:20:04,285 - rasterio.env - DEBUG - No GDAL environment exists
2023-11-12 15:20:04,285 - rasterio.env - DEBUG - New GDAL environment <rasterio._env.GDALEnv object at 0x7f9cd191a080> created
2023-11-12 15:20:04,285 - rasterio._env - DEBUG - GDAL data found in package: path='/home/swx/miniconda3/envs/present_weather/lib/python3.12/site-packages/rasterio/gdal_data'.
2023-11-12 15:20:04,286 - rasterio._env - DEBUG - PROJ_LIB found in environment.
2023-11-12 15:20:04,286 - rasterio._env - DEBUG - Started GDALEnv: self=<rasterio._env.GDALEnv object at 0x7f9cd191a080>.
2023-11-12 15:20:04,286 - rasterio.env - DEBUG - Entered env context: <rasterio.env.Env object at 0x7f9cb0138d40>
2023-11-12 15:20:04,287 - rasterio.env - DEBUG - Got a copy of environment <rasterio._env.GDALEnv object at 0x7f9cd191a080> options
2023-11-12 15:20:04,287 - rasterio.env - DEBUG - Entering env context: <rasterio.env.Env object at 0x7f9cb8850f20>
2023-11-12 15:20:04,287 - rasterio.env - DEBUG - Got a copy of environment <rasterio._env.GDALEnv object at 0x7f9cd191a080> options
2023-11-12 15:20:04,287 - rasterio.env - DEBUG - Entered env context: <rasterio.env.Env object at 0x7f9cb8850f20>
2023-11-12 15:20:04,287 - rasterio._base - DEBUG - Sharing flag: 0
2023-11-12 15:20:04,288 - rasterio._base - DEBUG - Nodata success: 1, Nodata value: nan
2023-11-12 15:20:04,289 - rasterio._base - DEBUG - Dataset <open DatasetReader name='https://radar.bmkg.go.id/raster/radarsatelit_202311121510.tif' mode='r'> is started.
2023-11-12 15:20:04,289 - rasterio.env - DEBUG - Exiting env context: <rasterio.env.Env object at 0x7f9cb8850f20>
2023-11-12 15:20:04,289 - rasterio.env - DEBUG - Cleared existing <rasterio._env.GDALEnv object at 0x7f9cd191a080> options
2023-11-12 15:20:04,289 - rasterio._env - DEBUG - Stopped GDALEnv <rasterio._env.GDALEnv object at 0x7f9cd191a080>.
2023-11-12 15:20:04,289 - rasterio.env - DEBUG - No GDAL environment exists
2023-11-12 15:20:04,289 - rasterio.env - DEBUG - New GDAL environment <rasterio._env.GDALEnv object at 0x7f9cd191a080> created
2023-11-12 15:20:04,290 - rasterio._env - DEBUG - GDAL data found in package: path='/home/swx/miniconda3/envs/present_weather/lib/python3.12/site-packages/rasterio/gdal_data'.
2023-11-12 15:20:04,290 - rasterio._env - DEBUG - PROJ_LIB found in environment.
2023-11-12 15:20:04,290 - rasterio._env - DEBUG - Started GDALEnv: self=<rasterio._env.GDALEnv object at 0x7f9cd191a080>.
2023-11-12 15:20:04,290 - rasterio.env - DEBUG - Exited env context: <rasterio.env.Env object at 0x7f9cb8850f20>
2023-11-12 15:20:04,324 - rasterio._io - DEBUG - Output nodata value read from file: nan
2023-11-12 15:20:04,324 - rasterio._io - DEBUG - Output nodata values: [nan]
2023-11-12 15:20:04,325 - rasterio._io - DEBUG - all_valid: False
2023-11-12 15:20:04,325 - rasterio._io - DEBUG - mask_flags: ([<MaskFlags.nodata: 8>],)
2023-11-12 15:20:04,325 - rasterio._io - DEBUG - Jump straight to _read()
2023-11-12 15:20:04,325 - rasterio._io - DEBUG - Window: Window(col_off=0, row_off=0, width=10215, height=3792)
2023-11-12 15:20:04,326 - rasterio._io - DEBUG - IO window xoff=0.0 yoff=0.0 width=10215.0 height=3792.0
2023-11-12 15:20:05,052 - rasterio.env - DEBUG - Exiting env context: <rasterio.env.Env object at 0x7f9cb0138d40>
2023-11-12 15:20:05,052 - rasterio.env - DEBUG - Cleared existing <rasterio._env.GDALEnv object at 0x7f9cd191a080> options
2023-11-12 15:20:05,052 - rasterio._env - DEBUG - Stopped GDALEnv <rasterio._env.GDALEnv object at 0x7f9cd191a080>.
2023-11-12 15:20:05,052 - rasterio.env - DEBUG - Exiting outermost env
2023-11-12 15:20:05,052 - rasterio.env - DEBUG - Exited env context: <rasterio.env.Env object at 0x7f9cb0138d40>
2023-11-12 15:20:05,054 - urllib3.connectionpool - DEBUG - Starting new HTTPS connection (1): radar.bmkg.go.id:8060
2023-11-12 15:20:05,113 - urllib3.connectionpool - DEBUG - https://radar.bmkg.go.id:8060 "GET /getLatestLD?typeData=1 HTTP/1.1" 200 3816
2023-11-12 15:20:05,127 - asyncio - DEBUG - Using selector: EpollSelector
2023-11-12 15:20:11,820 - root - INFO - dask.bag<lambda, npartitions=34>
2023-11-12 15:36:24,034 - root - INFO - Total elapsed time: 0:16:20.026638
