2023-12-05 10:53:02,220 - root - INFO - Initiating present weather
2023-12-05 10:53:02,222 - asyncio - DEBUG - Using selector: EpollSelector
2023-12-05 10:53:03,670 - urllib3.connectionpool - DEBUG - Starting new HTTPS connection (1): radar.bmkg.go.id:8060
2023-12-05 10:53:03,688 - urllib3.connectionpool - DEBUG - https://radar.bmkg.go.id:8060 "GET /getLatestLD?typeData=1 HTTP/1.1" 200 62
2023-12-05 10:53:03,690 - urllib3.connectionpool - DEBUG - Starting new HTTPS connection (1): radar.bmkg.go.id:8060
2023-12-05 10:53:03,711 - urllib3.connectionpool - DEBUG - https://radar.bmkg.go.id:8060 "GET /getRadarGeotif?token=19387e71e78522ae4172ec0fda640983b8438c9cfa0ca571623cb69d8327&radar=amandemenForecast&type=latest HTTP/1.1" 200 90
2023-12-05 10:53:03,711 - rasterio.env - DEBUG - Entering env context: <rasterio.env.Env object at 0x7f3dd1017ac0>
2023-12-05 10:53:03,712 - rasterio.env - DEBUG - Starting outermost env
2023-12-05 10:53:03,712 - rasterio.env - DEBUG - No GDAL environment exists
2023-12-05 10:53:03,712 - rasterio.env - DEBUG - New GDAL environment <rasterio._env.GDALEnv object at 0x7f3dd18d2980> created
2023-12-05 10:53:03,714 - rasterio._filepath - DEBUG - Installing FilePath filesystem handler plugin...
2023-12-05 10:53:03,715 - rasterio._env - DEBUG - GDAL data found in package: path='/home/metpublic/PYTHON_VENV/present_weather/lib/python3.10/site-packages/rasterio/gdal_data'.
2023-12-05 10:53:03,715 - rasterio._env - DEBUG - PROJ data found in package: path='/home/metpublic/PYTHON_VENV/present_weather/lib/python3.10/site-packages/rasterio/proj_data'.
2023-12-05 10:53:03,715 - rasterio._env - DEBUG - Started GDALEnv: self=<rasterio._env.GDALEnv object at 0x7f3dd18d2980>.
2023-12-05 10:53:03,715 - rasterio.env - DEBUG - Entered env context: <rasterio.env.Env object at 0x7f3dd1017ac0>
2023-12-05 10:53:03,715 - rasterio._base - DEBUG - Sharing flag: 0
2023-12-05 10:53:03,934 - rasterio._base - DEBUG - Nodata success: 1, Nodata value: nan
2023-12-05 10:53:03,934 - rasterio._base - DEBUG - Dataset <open DatasetReader name='https://radar.bmkg.go.id/raster/radarsatelit_202312051050.tif' mode='r'> is started.
2023-12-05 10:53:03,934 - rasterio.env - DEBUG - Exiting env context: <rasterio.env.Env object at 0x7f3dd1017ac0>
2023-12-05 10:53:03,934 - rasterio.env - DEBUG - Cleared existing <rasterio._env.GDALEnv object at 0x7f3dd18d2980> options
2023-12-05 10:53:03,934 - rasterio._env - DEBUG - Stopped GDALEnv <rasterio._env.GDALEnv object at 0x7f3dd18d2980>.
2023-12-05 10:53:03,934 - rasterio.env - DEBUG - Exiting outermost env
2023-12-05 10:53:03,935 - rasterio.env - DEBUG - Exited env context: <rasterio.env.Env object at 0x7f3dd1017ac0>
2023-12-05 10:53:03,935 - rasterio.env - DEBUG - Entering env context: <rasterio.env.Env object at 0x7f3dd0f58a60>
2023-12-05 10:53:03,935 - rasterio.env - DEBUG - Starting outermost env
2023-12-05 10:53:03,935 - rasterio.env - DEBUG - No GDAL environment exists
2023-12-05 10:53:03,935 - rasterio.env - DEBUG - New GDAL environment <rasterio._env.GDALEnv object at 0x7f3dd18d2980> created
2023-12-05 10:53:03,935 - rasterio._env - DEBUG - GDAL data found in package: path='/home/metpublic/PYTHON_VENV/present_weather/lib/python3.10/site-packages/rasterio/gdal_data'.
2023-12-05 10:53:03,935 - rasterio._env - DEBUG - PROJ data found in package: path='/home/metpublic/PYTHON_VENV/present_weather/lib/python3.10/site-packages/rasterio/proj_data'.
2023-12-05 10:53:03,936 - rasterio._env - DEBUG - Started GDALEnv: self=<rasterio._env.GDALEnv object at 0x7f3dd18d2980>.
2023-12-05 10:53:03,936 - rasterio.env - DEBUG - Entered env context: <rasterio.env.Env object at 0x7f3dd0f58a60>
2023-12-05 10:53:03,936 - rasterio.env - DEBUG - Got a copy of environment <rasterio._env.GDALEnv object at 0x7f3dd18d2980> options
2023-12-05 10:53:03,936 - rasterio.env - DEBUG - Entering env context: <rasterio.env.Env object at 0x7f3dd065a110>
2023-12-05 10:53:03,936 - rasterio.env - DEBUG - Got a copy of environment <rasterio._env.GDALEnv object at 0x7f3dd18d2980> options
2023-12-05 10:53:03,936 - rasterio.env - DEBUG - Entered env context: <rasterio.env.Env object at 0x7f3dd065a110>
2023-12-05 10:53:03,936 - rasterio._base - DEBUG - Sharing flag: 0
2023-12-05 10:53:03,937 - rasterio._base - DEBUG - Nodata success: 1, Nodata value: nan
2023-12-05 10:53:03,938 - rasterio._base - DEBUG - Dataset <open DatasetReader name='https://radar.bmkg.go.id/raster/radarsatelit_202312051050.tif' mode='r'> is started.
2023-12-05 10:53:03,938 - rasterio.env - DEBUG - Exiting env context: <rasterio.env.Env object at 0x7f3dd065a110>
2023-12-05 10:53:03,938 - rasterio.env - DEBUG - Cleared existing <rasterio._env.GDALEnv object at 0x7f3dd18d2980> options
2023-12-05 10:53:03,938 - rasterio._env - DEBUG - Stopped GDALEnv <rasterio._env.GDALEnv object at 0x7f3dd18d2980>.
2023-12-05 10:53:03,938 - rasterio.env - DEBUG - No GDAL environment exists
2023-12-05 10:53:03,938 - rasterio.env - DEBUG - New GDAL environment <rasterio._env.GDALEnv object at 0x7f3dd18d2980> created
2023-12-05 10:53:03,938 - rasterio._env - DEBUG - GDAL data found in package: path='/home/metpublic/PYTHON_VENV/present_weather/lib/python3.10/site-packages/rasterio/gdal_data'.
2023-12-05 10:53:03,938 - rasterio._env - DEBUG - PROJ data found in package: path='/home/metpublic/PYTHON_VENV/present_weather/lib/python3.10/site-packages/rasterio/proj_data'.
2023-12-05 10:53:03,938 - rasterio._env - DEBUG - Started GDALEnv: self=<rasterio._env.GDALEnv object at 0x7f3dd18d2980>.
2023-12-05 10:53:03,938 - rasterio.env - DEBUG - Exited env context: <rasterio.env.Env object at 0x7f3dd065a110>
2023-12-05 10:53:03,955 - rasterio._io - DEBUG - Output nodata value read from file: nan
2023-12-05 10:53:03,955 - rasterio._io - DEBUG - Output nodata values: [nan]
2023-12-05 10:53:03,956 - rasterio._io - DEBUG - all_valid: False
2023-12-05 10:53:03,956 - rasterio._io - DEBUG - mask_flags: ([<MaskFlags.nodata: 8>],)
2023-12-05 10:53:03,956 - rasterio._io - DEBUG - Jump straight to _read()
2023-12-05 10:53:03,956 - rasterio._io - DEBUG - Window: Window(col_off=0, row_off=0, width=10177, height=3732)
2023-12-05 10:53:03,957 - rasterio._io - DEBUG - IO window xoff=0.0 yoff=0.0 width=10177.0 height=3732.0
2023-12-05 10:53:04,527 - rasterio.env - DEBUG - Exiting env context: <rasterio.env.Env object at 0x7f3dd0f58a60>
2023-12-05 10:53:04,527 - rasterio.env - DEBUG - Cleared existing <rasterio._env.GDALEnv object at 0x7f3dd18d2980> options
2023-12-05 10:53:04,527 - rasterio._env - DEBUG - Stopped GDALEnv <rasterio._env.GDALEnv object at 0x7f3dd18d2980>.
2023-12-05 10:53:04,527 - rasterio.env - DEBUG - Exiting outermost env
2023-12-05 10:53:04,528 - rasterio.env - DEBUG - Exited env context: <rasterio.env.Env object at 0x7f3dd0f58a60>
2023-12-05 10:57:47,384 - rasterio.env - DEBUG - Entering env context: <rasterio.env.Env object at 0x7f3dd0f97b50>
2023-12-05 10:57:47,385 - rasterio.env - DEBUG - Starting outermost env
2023-12-05 10:57:47,385 - rasterio.env - DEBUG - No GDAL environment exists
2023-12-05 10:57:47,385 - rasterio.env - DEBUG - New GDAL environment <rasterio._env.GDALEnv object at 0x7f3dd0f94580> created
2023-12-05 10:57:47,385 - rasterio._env - DEBUG - GDAL data found in package: path='/home/metpublic/PYTHON_VENV/present_weather/lib/python3.10/site-packages/rasterio/gdal_data'.
2023-12-05 10:57:47,386 - rasterio._env - DEBUG - PROJ data found in package: path='/home/metpublic/PYTHON_VENV/present_weather/lib/python3.10/site-packages/rasterio/proj_data'.
2023-12-05 10:57:47,386 - rasterio._env - DEBUG - Started GDALEnv: self=<rasterio._env.GDALEnv object at 0x7f3dd0f94580>.
2023-12-05 10:57:47,386 - rasterio.env - DEBUG - Entered env context: <rasterio.env.Env object at 0x7f3dd0f97b50>
2023-12-05 10:57:47,386 - rasterio._base - DEBUG - Sharing flag: 0
2023-12-05 10:57:47,388 - rasterio._base - DEBUG - Nodata success: 0, Nodata value: 0.000000
2023-12-05 10:57:47,388 - rasterio._base - DEBUG - Dataset <open DatasetReader name='/home/metpublic/TASK_RELEASE/EFAN/present_weather/src/H09_B13_Indonesia_20231205.Z1040.cor.tiff' mode='r'> is started.
2023-12-05 10:57:47,388 - rasterio.env - DEBUG - Exiting env context: <rasterio.env.Env object at 0x7f3dd0f97b50>
2023-12-05 10:57:47,388 - rasterio.env - DEBUG - Cleared existing <rasterio._env.GDALEnv object at 0x7f3dd0f94580> options
2023-12-05 10:57:47,388 - rasterio._env - DEBUG - Stopped GDALEnv <rasterio._env.GDALEnv object at 0x7f3dd0f94580>.
2023-12-05 10:57:47,389 - rasterio.env - DEBUG - Exiting outermost env
2023-12-05 10:57:47,389 - rasterio.env - DEBUG - Exited env context: <rasterio.env.Env object at 0x7f3dd0f97b50>
2023-12-05 10:57:47,389 - rasterio.env - DEBUG - Entering env context: <rasterio.env.Env object at 0x7f3dd04698a0>
2023-12-05 10:57:47,389 - rasterio.env - DEBUG - Starting outermost env
2023-12-05 10:57:47,389 - rasterio.env - DEBUG - No GDAL environment exists
2023-12-05 10:57:47,389 - rasterio.env - DEBUG - New GDAL environment <rasterio._env.GDALEnv object at 0x7f3dd04681f0> created
2023-12-05 10:57:47,390 - rasterio._env - DEBUG - GDAL data found in package: path='/home/metpublic/PYTHON_VENV/present_weather/lib/python3.10/site-packages/rasterio/gdal_data'.
2023-12-05 10:57:47,390 - rasterio._env - DEBUG - PROJ data found in package: path='/home/metpublic/PYTHON_VENV/present_weather/lib/python3.10/site-packages/rasterio/proj_data'.
2023-12-05 10:57:47,390 - rasterio._env - DEBUG - Started GDALEnv: self=<rasterio._env.GDALEnv object at 0x7f3dd04681f0>.
2023-12-05 10:57:47,390 - rasterio.env - DEBUG - Entered env context: <rasterio.env.Env object at 0x7f3dd04698a0>
2023-12-05 10:57:47,390 - rasterio._base - DEBUG - Sharing flag: 0
2023-12-05 10:57:47,391 - rasterio._base - DEBUG - Nodata success: 0, Nodata value: 0.000000
2023-12-05 10:57:47,391 - rasterio._base - DEBUG - Dataset <open DatasetReader name='/home/metpublic/TASK_RELEASE/EFAN/present_weather/src/H09_B13_Indonesia_20231205.Z1040.cor.tiff' mode='r'> is started.
2023-12-05 10:57:47,391 - rasterio.env - DEBUG - Exiting env context: <rasterio.env.Env object at 0x7f3dd04698a0>
2023-12-05 10:57:47,391 - rasterio.env - DEBUG - Cleared existing <rasterio._env.GDALEnv object at 0x7f3dd04681f0> options
2023-12-05 10:57:47,391 - rasterio._env - DEBUG - Stopped GDALEnv <rasterio._env.GDALEnv object at 0x7f3dd04681f0>.
2023-12-05 10:57:47,391 - rasterio.env - DEBUG - Exiting outermost env
2023-12-05 10:57:47,391 - rasterio.env - DEBUG - Exited env context: <rasterio.env.Env object at 0x7f3dd04698a0>
2023-12-05 10:57:47,403 - root - INFO - Generating present weather using SATELITE data
2023-12-05 10:59:01,197 - root - INFO - Total elapsed time: 0:05:58.977967
