2023-11-16 01:20:03,230 - root - INFO - Initiating present weather
2023-11-16 01:20:03,235 - urllib3.connectionpool - DEBUG - Starting new HTTPS connection (1): radar.bmkg.go.id:8060
2023-11-16 01:20:15,534 - rasterio.env - DEBUG - Entering env context: <rasterio.env.Env object at 0x7fc8b620cb90>
2023-11-16 01:20:15,534 - rasterio.env - DEBUG - Starting outermost env
2023-11-16 01:20:15,535 - rasterio.env - DEBUG - No GDAL environment exists
2023-11-16 01:20:15,535 - rasterio.env - DEBUG - New GDAL environment <rasterio._env.GDALEnv object at 0x7fc861a75900> created
2023-11-16 01:20:15,541 - rasterio._filepath - DEBUG - Installing FilePath filesystem handler plugin...
2023-11-16 01:20:15,541 - rasterio._env - DEBUG - GDAL data found in package: path='/home/swx/miniconda3/envs/present_weather/lib/python3.12/site-packages/rasterio/gdal_data'.
2023-11-16 01:20:15,541 - rasterio._env - DEBUG - PROJ_LIB found in environment.
2023-11-16 01:20:15,541 - rasterio._env - DEBUG - Started GDALEnv: self=<rasterio._env.GDALEnv object at 0x7fc861a75900>.
2023-11-16 01:20:15,541 - rasterio.env - DEBUG - Entered env context: <rasterio.env.Env object at 0x7fc8b620cb90>
2023-11-16 01:20:15,541 - rasterio._base - DEBUG - Sharing flag: 0
2023-11-16 01:20:15,562 - rasterio._base - DEBUG - Nodata success: 0, Nodata value: 0.000000
2023-11-16 01:20:15,562 - rasterio._base - DEBUG - Dataset <open DatasetReader name='/home/swx/present_weather/src/H09_B13_Indonesia_20231116.Z0110.cor.tiff' mode='r'> is started.
2023-11-16 01:20:15,562 - rasterio.env - DEBUG - Exiting env context: <rasterio.env.Env object at 0x7fc8b620cb90>
2023-11-16 01:20:15,562 - rasterio.env - DEBUG - Cleared existing <rasterio._env.GDALEnv object at 0x7fc861a75900> options
2023-11-16 01:20:15,563 - rasterio._env - DEBUG - Stopped GDALEnv <rasterio._env.GDALEnv object at 0x7fc861a75900>.
2023-11-16 01:20:15,563 - rasterio.env - DEBUG - Exiting outermost env
2023-11-16 01:20:15,563 - rasterio.env - DEBUG - Exited env context: <rasterio.env.Env object at 0x7fc8b620cb90>
2023-11-16 01:20:15,563 - rasterio.env - DEBUG - Entering env context: <rasterio.env.Env object at 0x7fc8b61cf440>
2023-11-16 01:20:15,563 - rasterio.env - DEBUG - Starting outermost env
2023-11-16 01:20:15,563 - rasterio.env - DEBUG - No GDAL environment exists
2023-11-16 01:20:15,563 - rasterio.env - DEBUG - New GDAL environment <rasterio._env.GDALEnv object at 0x7fc8532e4c40> created
2023-11-16 01:20:15,564 - rasterio._env - DEBUG - GDAL data found in package: path='/home/swx/miniconda3/envs/present_weather/lib/python3.12/site-packages/rasterio/gdal_data'.
2023-11-16 01:20:15,564 - rasterio._env - DEBUG - PROJ_LIB found in environment.
2023-11-16 01:20:15,564 - rasterio._env - DEBUG - Started GDALEnv: self=<rasterio._env.GDALEnv object at 0x7fc8532e4c40>.
2023-11-16 01:20:15,564 - rasterio.env - DEBUG - Entered env context: <rasterio.env.Env object at 0x7fc8b61cf440>
2023-11-16 01:20:15,565 - rasterio._base - DEBUG - Sharing flag: 0
2023-11-16 01:20:15,566 - rasterio._base - DEBUG - Nodata success: 0, Nodata value: 0.000000
2023-11-16 01:20:15,566 - rasterio._base - DEBUG - Dataset <open DatasetReader name='/home/swx/present_weather/src/H09_B13_Indonesia_20231116.Z0110.cor.tiff' mode='r'> is started.
2023-11-16 01:20:15,566 - rasterio.env - DEBUG - Exiting env context: <rasterio.env.Env object at 0x7fc8b61cf440>
2023-11-16 01:20:15,566 - rasterio.env - DEBUG - Cleared existing <rasterio._env.GDALEnv object at 0x7fc8532e4c40> options
2023-11-16 01:20:15,566 - rasterio._env - DEBUG - Stopped GDALEnv <rasterio._env.GDALEnv object at 0x7fc8532e4c40>.
2023-11-16 01:20:15,566 - rasterio.env - DEBUG - Exiting outermost env
2023-11-16 01:20:15,566 - rasterio.env - DEBUG - Exited env context: <rasterio.env.Env object at 0x7fc8b61cf440>
2023-11-16 01:20:15,586 - asyncio - DEBUG - Using selector: EpollSelector
2023-11-16 01:20:18,856 - root - INFO - dask.bag<lambda, npartitions=34>
2023-11-16 01:20:38,607 - root - INFO - Total elapsed time: 0:00:35.377475
