2023-11-26 12:43:03,778 - root - INFO - Initiating present weather
2023-11-26 12:43:03,782 - asyncio - DEBUG - Using selector: EpollSelector
2023-11-26 12:43:07,035 - urllib3.connectionpool - DEBUG - Starting new HTTPS connection (1): radar.bmkg.go.id:8060
2023-11-26 12:43:07,096 - urllib3.connectionpool - DEBUG - https://radar.bmkg.go.id:8060 "GET /getRadarGeotif?token=19387e71e78522ae4172ec0fda640983b8438c9cfa0ca571623cb69d8327&radar=amandemenForecast&type=latest HTTP/1.1" 200 90
2023-11-26 12:43:07,098 - rasterio.env - DEBUG - Entering env context: <rasterio.env.Env object at 0x7ff20b4074d0>
2023-11-26 12:43:07,099 - rasterio.env - DEBUG - Starting outermost env
2023-11-26 12:43:07,099 - rasterio.env - DEBUG - No GDAL environment exists
2023-11-26 12:43:07,099 - rasterio.env - DEBUG - New GDAL environment <rasterio._env.GDALEnv object at 0x7ff20b406cb0> created
2023-11-26 12:43:07,103 - rasterio._filepath - DEBUG - Installing FilePath filesystem handler plugin...
2023-11-26 12:43:07,103 - rasterio._env - DEBUG - GDAL data found in package: path='/home/swx/miniconda3/envs/present_weather/lib/python3.12/site-packages/rasterio/gdal_data'.
2023-11-26 12:43:07,103 - rasterio._env - DEBUG - PROJ_LIB found in environment.
2023-11-26 12:43:07,103 - rasterio._env - DEBUG - Started GDALEnv: self=<rasterio._env.GDALEnv object at 0x7ff20b406cb0>.
2023-11-26 12:43:07,103 - rasterio.env - DEBUG - Entered env context: <rasterio.env.Env object at 0x7ff20b4074d0>
2023-11-26 12:43:07,103 - rasterio._base - DEBUG - Sharing flag: 0
2023-11-26 12:43:07,315 - rasterio._base - DEBUG - Nodata success: 1, Nodata value: nan
2023-11-26 12:43:07,316 - rasterio._base - DEBUG - Dataset <open DatasetReader name='https://radar.bmkg.go.id/raster/radarsatelit_202311261240.tif' mode='r'> is started.
2023-11-26 12:43:07,316 - rasterio.env - DEBUG - Exiting env context: <rasterio.env.Env object at 0x7ff20b4074d0>
2023-11-26 12:43:07,316 - rasterio.env - DEBUG - Cleared existing <rasterio._env.GDALEnv object at 0x7ff20b406cb0> options
2023-11-26 12:43:07,316 - rasterio._env - DEBUG - Stopped GDALEnv <rasterio._env.GDALEnv object at 0x7ff20b406cb0>.
2023-11-26 12:43:07,316 - rasterio.env - DEBUG - Exiting outermost env
2023-11-26 12:43:07,317 - rasterio.env - DEBUG - Exited env context: <rasterio.env.Env object at 0x7ff20b4074d0>
2023-11-26 12:43:07,317 - rasterio.env - DEBUG - Entering env context: <rasterio.env.Env object at 0x7ff20b5a0770>
2023-11-26 12:43:07,317 - rasterio.env - DEBUG - Starting outermost env
2023-11-26 12:43:07,317 - rasterio.env - DEBUG - No GDAL environment exists
2023-11-26 12:43:07,317 - rasterio.env - DEBUG - New GDAL environment <rasterio._env.GDALEnv object at 0x7ff20b4074c0> created
2023-11-26 12:43:07,318 - rasterio._env - DEBUG - GDAL data found in package: path='/home/swx/miniconda3/envs/present_weather/lib/python3.12/site-packages/rasterio/gdal_data'.
2023-11-26 12:43:07,318 - rasterio._env - DEBUG - PROJ_LIB found in environment.
2023-11-26 12:43:07,318 - rasterio._env - DEBUG - Started GDALEnv: self=<rasterio._env.GDALEnv object at 0x7ff20b4074c0>.
2023-11-26 12:43:07,318 - rasterio.env - DEBUG - Entered env context: <rasterio.env.Env object at 0x7ff20b5a0770>
2023-11-26 12:43:07,319 - rasterio.env - DEBUG - Got a copy of environment <rasterio._env.GDALEnv object at 0x7ff20b4074c0> options
2023-11-26 12:43:07,319 - rasterio.env - DEBUG - Entering env context: <rasterio.env.Env object at 0x7ff2102cddc0>
2023-11-26 12:43:07,319 - rasterio.env - DEBUG - Got a copy of environment <rasterio._env.GDALEnv object at 0x7ff20b4074c0> options
2023-11-26 12:43:07,319 - rasterio.env - DEBUG - Entered env context: <rasterio.env.Env object at 0x7ff2102cddc0>
2023-11-26 12:43:07,320 - rasterio._base - DEBUG - Sharing flag: 0
2023-11-26 12:43:07,321 - rasterio._base - DEBUG - Nodata success: 1, Nodata value: nan
2023-11-26 12:43:07,321 - rasterio._base - DEBUG - Dataset <open DatasetReader name='https://radar.bmkg.go.id/raster/radarsatelit_202311261240.tif' mode='r'> is started.
2023-11-26 12:43:07,321 - rasterio.env - DEBUG - Exiting env context: <rasterio.env.Env object at 0x7ff2102cddc0>
2023-11-26 12:43:07,321 - rasterio.env - DEBUG - Cleared existing <rasterio._env.GDALEnv object at 0x7ff20b4074c0> options
2023-11-26 12:43:07,321 - rasterio._env - DEBUG - Stopped GDALEnv <rasterio._env.GDALEnv object at 0x7ff20b4074c0>.
2023-11-26 12:43:07,321 - rasterio.env - DEBUG - No GDAL environment exists
2023-11-26 12:43:07,321 - rasterio.env - DEBUG - New GDAL environment <rasterio._env.GDALEnv object at 0x7ff20b4074c0> created
2023-11-26 12:43:07,322 - rasterio._env - DEBUG - GDAL data found in package: path='/home/swx/miniconda3/envs/present_weather/lib/python3.12/site-packages/rasterio/gdal_data'.
2023-11-26 12:43:07,322 - rasterio._env - DEBUG - PROJ_LIB found in environment.
2023-11-26 12:43:07,323 - rasterio._env - DEBUG - Started GDALEnv: self=<rasterio._env.GDALEnv object at 0x7ff20b4074c0>.
2023-11-26 12:43:07,323 - rasterio.env - DEBUG - Exited env context: <rasterio.env.Env object at 0x7ff2102cddc0>
2023-11-26 12:43:07,354 - rasterio._io - DEBUG - Output nodata value read from file: nan
2023-11-26 12:43:07,354 - rasterio._io - DEBUG - Output nodata values: [nan]
2023-11-26 12:43:07,354 - rasterio._io - DEBUG - all_valid: False
2023-11-26 12:43:07,354 - rasterio._io - DEBUG - mask_flags: ([<MaskFlags.nodata: 8>],)
2023-11-26 12:43:07,355 - rasterio._io - DEBUG - Jump straight to _read()
2023-11-26 12:43:07,355 - rasterio._io - DEBUG - Window: Window(col_off=0, row_off=0, width=10215, height=3792)
2023-11-26 12:43:07,355 - rasterio._io - DEBUG - IO window xoff=0.0 yoff=0.0 width=10215.0 height=3792.0
2023-11-26 12:43:08,246 - rasterio.env - DEBUG - Exiting env context: <rasterio.env.Env object at 0x7ff20b5a0770>
2023-11-26 12:43:08,246 - rasterio.env - DEBUG - Cleared existing <rasterio._env.GDALEnv object at 0x7ff20b4074c0> options
2023-11-26 12:43:08,246 - rasterio._env - DEBUG - Stopped GDALEnv <rasterio._env.GDALEnv object at 0x7ff20b4074c0>.
2023-11-26 12:43:08,246 - rasterio.env - DEBUG - Exiting outermost env
2023-11-26 12:43:08,246 - rasterio.env - DEBUG - Exited env context: <rasterio.env.Env object at 0x7ff20b5a0770>
2023-11-26 12:43:08,248 - urllib3.connectionpool - DEBUG - Starting new HTTPS connection (1): radar.bmkg.go.id:8060
2023-11-26 12:43:08,314 - urllib3.connectionpool - DEBUG - https://radar.bmkg.go.id:8060 "GET /getLatestLD?typeData=1 HTTP/1.1" 200 22123
2023-11-26 12:43:08,330 - root - INFO - Generating present weather using RADAR data
2023-11-26 12:43:11,696 - root - INFO - dask.bag<lambda, npartitions=20>
2023-11-26 12:56:16,932 - root - INFO - Total elapsed time: 0:13:13.154831
