2023-11-27 11:33:02,190 - root - INFO - Initiating present weather
2023-11-27 11:33:02,192 - asyncio - DEBUG - Using selector: EpollSelector
2023-11-27 11:33:03,762 - urllib3.connectionpool - DEBUG - Starting new HTTPS connection (1): radar.bmkg.go.id:8060
2023-11-27 11:33:03,786 - urllib3.connectionpool - DEBUG - https://radar.bmkg.go.id:8060 "GET /getRadarGeotif?token=19387e71e78522ae4172ec0fda640983b8438c9cfa0ca571623cb69d8327&radar=amandemenForecast&type=latest HTTP/1.1" 200 90
2023-11-27 11:33:03,786 - rasterio.env - DEBUG - Entering env context: <rasterio.env.Env object at 0x7f1ac52def20>
2023-11-27 11:33:03,787 - rasterio.env - DEBUG - Starting outermost env
2023-11-27 11:33:03,787 - rasterio.env - DEBUG - No GDAL environment exists
2023-11-27 11:33:03,787 - rasterio.env - DEBUG - New GDAL environment <rasterio._env.GDALEnv object at 0x7f1ac52deec0> created
2023-11-27 11:33:03,790 - rasterio._filepath - DEBUG - Installing FilePath filesystem handler plugin...
2023-11-27 11:33:03,791 - rasterio._env - DEBUG - GDAL data found in package: path='/home/metpublic/PYTHON_VENV/present_weather/lib/python3.10/site-packages/rasterio/gdal_data'.
2023-11-27 11:33:03,791 - rasterio._env - DEBUG - PROJ data found in package: path='/home/metpublic/PYTHON_VENV/present_weather/lib/python3.10/site-packages/rasterio/proj_data'.
2023-11-27 11:33:03,791 - rasterio._env - DEBUG - Started GDALEnv: self=<rasterio._env.GDALEnv object at 0x7f1ac52deec0>.
2023-11-27 11:33:03,791 - rasterio.env - DEBUG - Entered env context: <rasterio.env.Env object at 0x7f1ac52def20>
2023-11-27 11:33:03,791 - rasterio._base - DEBUG - Sharing flag: 0
2023-11-27 11:33:03,977 - rasterio._base - DEBUG - Nodata success: 1, Nodata value: nan
2023-11-27 11:33:03,977 - rasterio._base - DEBUG - Dataset <open DatasetReader name='https://radar.bmkg.go.id/raster/radarsatelit_202311271120.tif' mode='r'> is started.
2023-11-27 11:33:03,978 - rasterio.env - DEBUG - Exiting env context: <rasterio.env.Env object at 0x7f1ac52def20>
2023-11-27 11:33:03,978 - rasterio.env - DEBUG - Cleared existing <rasterio._env.GDALEnv object at 0x7f1ac52deec0> options
2023-11-27 11:33:03,978 - rasterio._env - DEBUG - Stopped GDALEnv <rasterio._env.GDALEnv object at 0x7f1ac52deec0>.
2023-11-27 11:33:03,978 - rasterio.env - DEBUG - Exiting outermost env
2023-11-27 11:33:03,978 - rasterio.env - DEBUG - Exited env context: <rasterio.env.Env object at 0x7f1ac52def20>
2023-11-27 11:33:03,978 - rasterio.env - DEBUG - Entering env context: <rasterio.env.Env object at 0x7f1ac5c5ae90>
2023-11-27 11:33:03,978 - rasterio.env - DEBUG - Starting outermost env
2023-11-27 11:33:03,978 - rasterio.env - DEBUG - No GDAL environment exists
2023-11-27 11:33:03,978 - rasterio.env - DEBUG - New GDAL environment <rasterio._env.GDALEnv object at 0x7f1ac52deec0> created
2023-11-27 11:33:03,979 - rasterio._env - DEBUG - GDAL data found in package: path='/home/metpublic/PYTHON_VENV/present_weather/lib/python3.10/site-packages/rasterio/gdal_data'.
2023-11-27 11:33:03,979 - rasterio._env - DEBUG - PROJ data found in package: path='/home/metpublic/PYTHON_VENV/present_weather/lib/python3.10/site-packages/rasterio/proj_data'.
2023-11-27 11:33:03,979 - rasterio._env - DEBUG - Started GDALEnv: self=<rasterio._env.GDALEnv object at 0x7f1ac52deec0>.
2023-11-27 11:33:03,979 - rasterio.env - DEBUG - Entered env context: <rasterio.env.Env object at 0x7f1ac5c5ae90>
2023-11-27 11:33:03,979 - rasterio.env - DEBUG - Got a copy of environment <rasterio._env.GDALEnv object at 0x7f1ac52deec0> options
2023-11-27 11:33:03,980 - rasterio.env - DEBUG - Entering env context: <rasterio.env.Env object at 0x7f1ac41a0100>
2023-11-27 11:33:03,980 - rasterio.env - DEBUG - Got a copy of environment <rasterio._env.GDALEnv object at 0x7f1ac52deec0> options
2023-11-27 11:33:03,980 - rasterio.env - DEBUG - Entered env context: <rasterio.env.Env object at 0x7f1ac41a0100>
2023-11-27 11:33:03,980 - rasterio._base - DEBUG - Sharing flag: 0
2023-11-27 11:33:03,981 - rasterio._base - DEBUG - Nodata success: 1, Nodata value: nan
2023-11-27 11:33:03,981 - rasterio._base - DEBUG - Dataset <open DatasetReader name='https://radar.bmkg.go.id/raster/radarsatelit_202311271120.tif' mode='r'> is started.
2023-11-27 11:33:03,981 - rasterio.env - DEBUG - Exiting env context: <rasterio.env.Env object at 0x7f1ac41a0100>
2023-11-27 11:33:03,981 - rasterio.env - DEBUG - Cleared existing <rasterio._env.GDALEnv object at 0x7f1ac52deec0> options
2023-11-27 11:33:03,981 - rasterio._env - DEBUG - Stopped GDALEnv <rasterio._env.GDALEnv object at 0x7f1ac52deec0>.
2023-11-27 11:33:03,981 - rasterio.env - DEBUG - No GDAL environment exists
2023-11-27 11:33:03,981 - rasterio.env - DEBUG - New GDAL environment <rasterio._env.GDALEnv object at 0x7f1ac52deec0> created
2023-11-27 11:33:03,982 - rasterio._env - DEBUG - GDAL data found in package: path='/home/metpublic/PYTHON_VENV/present_weather/lib/python3.10/site-packages/rasterio/gdal_data'.
2023-11-27 11:33:03,982 - rasterio._env - DEBUG - PROJ data found in package: path='/home/metpublic/PYTHON_VENV/present_weather/lib/python3.10/site-packages/rasterio/proj_data'.
2023-11-27 11:33:03,983 - rasterio._env - DEBUG - Started GDALEnv: self=<rasterio._env.GDALEnv object at 0x7f1ac52deec0>.
2023-11-27 11:33:03,983 - rasterio.env - DEBUG - Exited env context: <rasterio.env.Env object at 0x7f1ac41a0100>
2023-11-27 11:33:04,001 - rasterio._io - DEBUG - Output nodata value read from file: nan
2023-11-27 11:33:04,001 - rasterio._io - DEBUG - Output nodata values: [nan]
2023-11-27 11:33:04,001 - rasterio._io - DEBUG - all_valid: False
2023-11-27 11:33:04,001 - rasterio._io - DEBUG - mask_flags: ([<MaskFlags.nodata: 8>],)
2023-11-27 11:33:04,002 - rasterio._io - DEBUG - Jump straight to _read()
2023-11-27 11:33:04,002 - rasterio._io - DEBUG - Window: Window(col_off=0, row_off=0, width=10215, height=3792)
2023-11-27 11:33:04,002 - rasterio._io - DEBUG - IO window xoff=0.0 yoff=0.0 width=10215.0 height=3792.0
2023-11-27 11:33:04,683 - rasterio.env - DEBUG - Exiting env context: <rasterio.env.Env object at 0x7f1ac5c5ae90>
2023-11-27 11:33:04,683 - rasterio.env - DEBUG - Cleared existing <rasterio._env.GDALEnv object at 0x7f1ac52deec0> options
2023-11-27 11:33:04,683 - rasterio._env - DEBUG - Stopped GDALEnv <rasterio._env.GDALEnv object at 0x7f1ac52deec0>.
2023-11-27 11:33:04,683 - rasterio.env - DEBUG - Exiting outermost env
2023-11-27 11:33:04,683 - rasterio.env - DEBUG - Exited env context: <rasterio.env.Env object at 0x7f1ac5c5ae90>
2023-11-27 11:33:04,685 - urllib3.connectionpool - DEBUG - Starting new HTTPS connection (1): radar.bmkg.go.id:8060
2023-11-27 11:33:04,707 - urllib3.connectionpool - DEBUG - https://radar.bmkg.go.id:8060 "GET /getLatestLD?typeData=1 HTTP/1.1" 200 17832
2023-11-27 11:33:04,714 - root - INFO - Generating present weather using RADAR data
2023-11-27 11:33:08,716 - root - INFO - dask.bag<lambda, npartitions=34>
2023-11-27 11:40:04,234 - root - INFO - Total elapsed time: 0:07:02.044770
