2023-11-25 21:43:04,010 - root - INFO - Initiating present weather
2023-11-25 21:43:04,013 - asyncio - DEBUG - Using selector: EpollSelector
2023-11-25 21:43:07,249 - urllib3.connectionpool - DEBUG - Starting new HTTPS connection (1): radar.bmkg.go.id:8060
2023-11-25 21:43:07,315 - urllib3.connectionpool - DEBUG - https://radar.bmkg.go.id:8060 "GET /getRadarGeotif?token=19387e71e78522ae4172ec0fda640983b8438c9cfa0ca571623cb69d8327&radar=amandemenForecast&type=latest HTTP/1.1" 200 90
2023-11-25 21:43:07,317 - rasterio.env - DEBUG - Entering env context: <rasterio.env.Env object at 0x7ff92032f410>
2023-11-25 21:43:07,318 - rasterio.env - DEBUG - Starting outermost env
2023-11-25 21:43:07,318 - rasterio.env - DEBUG - No GDAL environment exists
2023-11-25 21:43:07,318 - rasterio.env - DEBUG - New GDAL environment <rasterio._env.GDALEnv object at 0x7ff92032f520> created
2023-11-25 21:43:07,322 - rasterio._filepath - DEBUG - Installing FilePath filesystem handler plugin...
2023-11-25 21:43:07,323 - rasterio._env - DEBUG - GDAL data found in package: path='/home/swx/miniconda3/envs/present_weather/lib/python3.12/site-packages/rasterio/gdal_data'.
2023-11-25 21:43:07,323 - rasterio._env - DEBUG - PROJ_LIB found in environment.
2023-11-25 21:43:07,323 - rasterio._env - DEBUG - Started GDALEnv: self=<rasterio._env.GDALEnv object at 0x7ff92032f520>.
2023-11-25 21:43:07,323 - rasterio.env - DEBUG - Entered env context: <rasterio.env.Env object at 0x7ff92032f410>
2023-11-25 21:43:07,323 - rasterio._base - DEBUG - Sharing flag: 0
2023-11-25 21:43:07,525 - rasterio._base - DEBUG - Nodata success: 1, Nodata value: nan
2023-11-25 21:43:07,525 - rasterio._base - DEBUG - Dataset <open DatasetReader name='https://radar.bmkg.go.id/raster/radarsatelit_202311252140.tif' mode='r'> is started.
2023-11-25 21:43:07,526 - rasterio.env - DEBUG - Exiting env context: <rasterio.env.Env object at 0x7ff92032f410>
2023-11-25 21:43:07,526 - rasterio.env - DEBUG - Cleared existing <rasterio._env.GDALEnv object at 0x7ff92032f520> options
2023-11-25 21:43:07,526 - rasterio._env - DEBUG - Stopped GDALEnv <rasterio._env.GDALEnv object at 0x7ff92032f520>.
2023-11-25 21:43:07,526 - rasterio.env - DEBUG - Exiting outermost env
2023-11-25 21:43:07,526 - rasterio.env - DEBUG - Exited env context: <rasterio.env.Env object at 0x7ff92032f410>
2023-11-25 21:43:07,526 - rasterio.env - DEBUG - Entering env context: <rasterio.env.Env object at 0x7ff9210ac680>
2023-11-25 21:43:07,526 - rasterio.env - DEBUG - Starting outermost env
2023-11-25 21:43:07,527 - rasterio.env - DEBUG - No GDAL environment exists
2023-11-25 21:43:07,527 - rasterio.env - DEBUG - New GDAL environment <rasterio._env.GDALEnv object at 0x7ff92032e860> created
2023-11-25 21:43:07,527 - rasterio._env - DEBUG - GDAL data found in package: path='/home/swx/miniconda3/envs/present_weather/lib/python3.12/site-packages/rasterio/gdal_data'.
2023-11-25 21:43:07,527 - rasterio._env - DEBUG - PROJ_LIB found in environment.
2023-11-25 21:43:07,528 - rasterio._env - DEBUG - Started GDALEnv: self=<rasterio._env.GDALEnv object at 0x7ff92032e860>.
2023-11-25 21:43:07,528 - rasterio.env - DEBUG - Entered env context: <rasterio.env.Env object at 0x7ff9210ac680>
2023-11-25 21:43:07,528 - rasterio.env - DEBUG - Got a copy of environment <rasterio._env.GDALEnv object at 0x7ff92032e860> options
2023-11-25 21:43:07,528 - rasterio.env - DEBUG - Entering env context: <rasterio.env.Env object at 0x7ff9200a1e50>
2023-11-25 21:43:07,529 - rasterio.env - DEBUG - Got a copy of environment <rasterio._env.GDALEnv object at 0x7ff92032e860> options
2023-11-25 21:43:07,529 - rasterio.env - DEBUG - Entered env context: <rasterio.env.Env object at 0x7ff9200a1e50>
2023-11-25 21:43:07,529 - rasterio._base - DEBUG - Sharing flag: 0
2023-11-25 21:43:07,530 - rasterio._base - DEBUG - Nodata success: 1, Nodata value: nan
2023-11-25 21:43:07,530 - rasterio._base - DEBUG - Dataset <open DatasetReader name='https://radar.bmkg.go.id/raster/radarsatelit_202311252140.tif' mode='r'> is started.
2023-11-25 21:43:07,530 - rasterio.env - DEBUG - Exiting env context: <rasterio.env.Env object at 0x7ff9200a1e50>
2023-11-25 21:43:07,530 - rasterio.env - DEBUG - Cleared existing <rasterio._env.GDALEnv object at 0x7ff92032e860> options
2023-11-25 21:43:07,531 - rasterio._env - DEBUG - Stopped GDALEnv <rasterio._env.GDALEnv object at 0x7ff92032e860>.
2023-11-25 21:43:07,531 - rasterio.env - DEBUG - No GDAL environment exists
2023-11-25 21:43:07,531 - rasterio.env - DEBUG - New GDAL environment <rasterio._env.GDALEnv object at 0x7ff92032e860> created
2023-11-25 21:43:07,531 - rasterio._env - DEBUG - GDAL data found in package: path='/home/swx/miniconda3/envs/present_weather/lib/python3.12/site-packages/rasterio/gdal_data'.
2023-11-25 21:43:07,531 - rasterio._env - DEBUG - PROJ_LIB found in environment.
2023-11-25 21:43:07,532 - rasterio._env - DEBUG - Started GDALEnv: self=<rasterio._env.GDALEnv object at 0x7ff92032e860>.
2023-11-25 21:43:07,532 - rasterio.env - DEBUG - Exited env context: <rasterio.env.Env object at 0x7ff9200a1e50>
2023-11-25 21:43:07,560 - rasterio._io - DEBUG - Output nodata value read from file: nan
2023-11-25 21:43:07,560 - rasterio._io - DEBUG - Output nodata values: [nan]
2023-11-25 21:43:07,560 - rasterio._io - DEBUG - all_valid: False
2023-11-25 21:43:07,561 - rasterio._io - DEBUG - mask_flags: ([<MaskFlags.nodata: 8>],)
2023-11-25 21:43:07,561 - rasterio._io - DEBUG - Jump straight to _read()
2023-11-25 21:43:07,561 - rasterio._io - DEBUG - Window: Window(col_off=0, row_off=0, width=10215, height=3792)
2023-11-25 21:43:07,561 - rasterio._io - DEBUG - IO window xoff=0.0 yoff=0.0 width=10215.0 height=3792.0
2023-11-25 21:43:08,295 - rasterio.env - DEBUG - Exiting env context: <rasterio.env.Env object at 0x7ff9210ac680>
2023-11-25 21:43:08,296 - rasterio.env - DEBUG - Cleared existing <rasterio._env.GDALEnv object at 0x7ff92032e860> options
2023-11-25 21:43:08,296 - rasterio._env - DEBUG - Stopped GDALEnv <rasterio._env.GDALEnv object at 0x7ff92032e860>.
2023-11-25 21:43:08,296 - rasterio.env - DEBUG - Exiting outermost env
2023-11-25 21:43:08,296 - rasterio.env - DEBUG - Exited env context: <rasterio.env.Env object at 0x7ff9210ac680>
2023-11-25 21:43:08,299 - urllib3.connectionpool - DEBUG - Starting new HTTPS connection (1): radar.bmkg.go.id:8060
2023-11-25 21:43:08,339 - urllib3.connectionpool - DEBUG - https://radar.bmkg.go.id:8060 "GET /getLatestLD?typeData=1 HTTP/1.1" 200 903
2023-11-25 21:43:08,346 - root - INFO - Generating present weather using RADAR data
2023-11-25 21:43:11,739 - root - INFO - dask.bag<lambda, npartitions=20>
2023-11-25 21:55:37,251 - root - INFO - Total elapsed time: 0:12:33.242408
