2023-12-27 22:33:02,858 - root - INFO - Initiating present weather
2023-12-27 22:33:02,859 - asyncio - DEBUG - Using selector: EpollSelector
2023-12-27 22:33:04,473 - urllib3.connectionpool - DEBUG - Starting new HTTPS connection (1): radar.bmkg.go.id:8060
2023-12-27 22:33:04,486 - urllib3.connectionpool - DEBUG - https://radar.bmkg.go.id:8060 "GET /getLatestLD?typeData=1 HTTP/1.1" 200 62
2023-12-27 22:33:04,488 - urllib3.connectionpool - DEBUG - Starting new HTTPS connection (1): radar.bmkg.go.id:8060
2023-12-27 22:33:04,510 - urllib3.connectionpool - DEBUG - https://radar.bmkg.go.id:8060 "GET /getRadarGeotif?token=19387e71e78522ae4172ec0fda640983b8438c9cfa0ca571623cb69d8327&radar=amandemenForecast&type=latest HTTP/1.1" 200 90
2023-12-27 22:33:04,511 - rasterio.env - DEBUG - Entering env context: <rasterio.env.Env object at 0x7efc3f6a15d0>
2023-12-27 22:33:04,511 - rasterio.env - DEBUG - Starting outermost env
2023-12-27 22:33:04,511 - rasterio.env - DEBUG - No GDAL environment exists
2023-12-27 22:33:04,512 - rasterio.env - DEBUG - New GDAL environment <rasterio._env.GDALEnv object at 0x7efc3f6a1390> created
2023-12-27 22:33:04,514 - rasterio._filepath - DEBUG - Installing FilePath filesystem handler plugin...
2023-12-27 22:33:04,515 - rasterio._env - DEBUG - GDAL data found in package: path='/home/metpublic/PYTHON_VENV/present_weather/lib/python3.10/site-packages/rasterio/gdal_data'.
2023-12-27 22:33:04,515 - rasterio._env - DEBUG - PROJ data found in package: path='/home/metpublic/PYTHON_VENV/present_weather/lib/python3.10/site-packages/rasterio/proj_data'.
2023-12-27 22:33:04,515 - rasterio._env - DEBUG - Started GDALEnv: self=<rasterio._env.GDALEnv object at 0x7efc3f6a1390>.
2023-12-27 22:33:04,515 - rasterio.env - DEBUG - Entered env context: <rasterio.env.Env object at 0x7efc3f6a15d0>
2023-12-27 22:33:04,515 - rasterio._base - DEBUG - Sharing flag: 0
2023-12-27 22:33:04,896 - rasterio._base - DEBUG - Nodata success: 1, Nodata value: nan
2023-12-27 22:33:04,897 - rasterio._base - DEBUG - Dataset <open DatasetReader name='https://radar.bmkg.go.id/raster/radarsatelit_202312272110.tif' mode='r'> is started.
2023-12-27 22:33:04,898 - rasterio.env - DEBUG - Exiting env context: <rasterio.env.Env object at 0x7efc3f6a15d0>
2023-12-27 22:33:04,898 - rasterio.env - DEBUG - Cleared existing <rasterio._env.GDALEnv object at 0x7efc3f6a1390> options
2023-12-27 22:33:04,898 - rasterio._env - DEBUG - Stopped GDALEnv <rasterio._env.GDALEnv object at 0x7efc3f6a1390>.
2023-12-27 22:33:04,898 - rasterio.env - DEBUG - Exiting outermost env
2023-12-27 22:33:04,898 - rasterio.env - DEBUG - Exited env context: <rasterio.env.Env object at 0x7efc3f6a15d0>
2023-12-27 22:33:04,898 - rasterio.env - DEBUG - Entering env context: <rasterio.env.Env object at 0x7efc3f6594e0>
2023-12-27 22:33:04,898 - rasterio.env - DEBUG - Starting outermost env
2023-12-27 22:33:04,898 - rasterio.env - DEBUG - No GDAL environment exists
2023-12-27 22:33:04,898 - rasterio.env - DEBUG - New GDAL environment <rasterio._env.GDALEnv object at 0x7efc3f6a15a0> created
2023-12-27 22:33:04,898 - rasterio._env - DEBUG - GDAL data found in package: path='/home/metpublic/PYTHON_VENV/present_weather/lib/python3.10/site-packages/rasterio/gdal_data'.
2023-12-27 22:33:04,899 - rasterio._env - DEBUG - PROJ data found in package: path='/home/metpublic/PYTHON_VENV/present_weather/lib/python3.10/site-packages/rasterio/proj_data'.
2023-12-27 22:33:04,899 - rasterio._env - DEBUG - Started GDALEnv: self=<rasterio._env.GDALEnv object at 0x7efc3f6a15a0>.
2023-12-27 22:33:04,899 - rasterio.env - DEBUG - Entered env context: <rasterio.env.Env object at 0x7efc3f6594e0>
2023-12-27 22:33:04,899 - rasterio.env - DEBUG - Got a copy of environment <rasterio._env.GDALEnv object at 0x7efc3f6a15a0> options
2023-12-27 22:33:04,899 - rasterio.env - DEBUG - Entering env context: <rasterio.env.Env object at 0x7efc3c46f610>
2023-12-27 22:33:04,899 - rasterio.env - DEBUG - Got a copy of environment <rasterio._env.GDALEnv object at 0x7efc3f6a15a0> options
2023-12-27 22:33:04,899 - rasterio.env - DEBUG - Entered env context: <rasterio.env.Env object at 0x7efc3c46f610>
2023-12-27 22:33:04,900 - rasterio._base - DEBUG - Sharing flag: 0
2023-12-27 22:33:04,901 - rasterio._base - DEBUG - Nodata success: 1, Nodata value: nan
2023-12-27 22:33:04,901 - rasterio._base - DEBUG - Dataset <open DatasetReader name='https://radar.bmkg.go.id/raster/radarsatelit_202312272110.tif' mode='r'> is started.
2023-12-27 22:33:04,901 - rasterio.env - DEBUG - Exiting env context: <rasterio.env.Env object at 0x7efc3c46f610>
2023-12-27 22:33:04,901 - rasterio.env - DEBUG - Cleared existing <rasterio._env.GDALEnv object at 0x7efc3f6a15a0> options
2023-12-27 22:33:04,901 - rasterio._env - DEBUG - Stopped GDALEnv <rasterio._env.GDALEnv object at 0x7efc3f6a15a0>.
2023-12-27 22:33:04,901 - rasterio.env - DEBUG - No GDAL environment exists
2023-12-27 22:33:04,901 - rasterio.env - DEBUG - New GDAL environment <rasterio._env.GDALEnv object at 0x7efc3f6a15a0> created
2023-12-27 22:33:04,902 - rasterio._env - DEBUG - GDAL data found in package: path='/home/metpublic/PYTHON_VENV/present_weather/lib/python3.10/site-packages/rasterio/gdal_data'.
2023-12-27 22:33:04,902 - rasterio._env - DEBUG - PROJ data found in package: path='/home/metpublic/PYTHON_VENV/present_weather/lib/python3.10/site-packages/rasterio/proj_data'.
2023-12-27 22:33:04,902 - rasterio._env - DEBUG - Started GDALEnv: self=<rasterio._env.GDALEnv object at 0x7efc3f6a15a0>.
2023-12-27 22:33:04,902 - rasterio.env - DEBUG - Exited env context: <rasterio.env.Env object at 0x7efc3c46f610>
2023-12-27 22:33:04,918 - rasterio._io - DEBUG - Output nodata value read from file: nan
2023-12-27 22:33:04,918 - rasterio._io - DEBUG - Output nodata values: [nan]
2023-12-27 22:33:04,919 - rasterio._io - DEBUG - all_valid: False
2023-12-27 22:33:04,919 - rasterio._io - DEBUG - mask_flags: ([<MaskFlags.nodata: 8>],)
2023-12-27 22:33:04,919 - rasterio._io - DEBUG - Jump straight to _read()
2023-12-27 22:33:04,919 - rasterio._io - DEBUG - Window: Window(col_off=0, row_off=0, width=10215, height=3792)
2023-12-27 22:33:04,919 - rasterio._io - DEBUG - IO window xoff=0.0 yoff=0.0 width=10215.0 height=3792.0
2023-12-27 22:33:05,471 - rasterio.env - DEBUG - Exiting env context: <rasterio.env.Env object at 0x7efc3f6594e0>
2023-12-27 22:33:05,471 - rasterio.env - DEBUG - Cleared existing <rasterio._env.GDALEnv object at 0x7efc3f6a15a0> options
2023-12-27 22:33:05,471 - rasterio._env - DEBUG - Stopped GDALEnv <rasterio._env.GDALEnv object at 0x7efc3f6a15a0>.
2023-12-27 22:33:05,472 - rasterio.env - DEBUG - Exiting outermost env
2023-12-27 22:33:05,472 - rasterio.env - DEBUG - Exited env context: <rasterio.env.Env object at 0x7efc3f6594e0>
2023-12-27 22:33:05,473 - urllib3.connectionpool - DEBUG - Starting new HTTPS connection (1): radar.bmkg.go.id:8060
2023-12-27 22:33:05,593 - urllib3.connectionpool - DEBUG - https://radar.bmkg.go.id:8060 "GET /getRadarGeotif?token=19387e71e78522ae4172ec0fda640983b8438c9cfa0ca571623cb69d8327&radar=amandemenForecastRadarMosaic&type=latest HTTP/1.1" 200 84
2023-12-27 22:33:05,593 - rasterio.env - DEBUG - Entering env context: <rasterio.env.Env object at 0x7efc3f6a1600>
2023-12-27 22:33:05,594 - rasterio.env - DEBUG - Starting outermost env
2023-12-27 22:33:05,594 - rasterio.env - DEBUG - No GDAL environment exists
2023-12-27 22:33:05,594 - rasterio.env - DEBUG - New GDAL environment <rasterio._env.GDALEnv object at 0x7efc3f6a15d0> created
2023-12-27 22:33:05,594 - rasterio._env - DEBUG - GDAL data found in package: path='/home/metpublic/PYTHON_VENV/present_weather/lib/python3.10/site-packages/rasterio/gdal_data'.
2023-12-27 22:33:05,594 - rasterio._env - DEBUG - PROJ data found in package: path='/home/metpublic/PYTHON_VENV/present_weather/lib/python3.10/site-packages/rasterio/proj_data'.
2023-12-27 22:33:05,594 - rasterio._env - DEBUG - Started GDALEnv: self=<rasterio._env.GDALEnv object at 0x7efc3f6a15d0>.
2023-12-27 22:33:05,595 - rasterio.env - DEBUG - Entered env context: <rasterio.env.Env object at 0x7efc3f6a1600>
2023-12-27 22:33:05,595 - rasterio._base - DEBUG - Sharing flag: 0
2023-12-27 22:33:05,600 - rasterio._base - DEBUG - Nodata success: 1, Nodata value: nan
2023-12-27 22:33:05,600 - rasterio._base - DEBUG - Dataset <open DatasetReader name='https://radar.bmkg.go.id/raster/mosaic_202312272230.tif' mode='r'> is started.
2023-12-27 22:33:05,600 - rasterio.env - DEBUG - Exiting env context: <rasterio.env.Env object at 0x7efc3f6a1600>
2023-12-27 22:33:05,600 - rasterio.env - DEBUG - Cleared existing <rasterio._env.GDALEnv object at 0x7efc3f6a15d0> options
2023-12-27 22:33:05,600 - rasterio._env - DEBUG - Stopped GDALEnv <rasterio._env.GDALEnv object at 0x7efc3f6a15d0>.
2023-12-27 22:33:05,600 - rasterio.env - DEBUG - Exiting outermost env
2023-12-27 22:33:05,600 - rasterio.env - DEBUG - Exited env context: <rasterio.env.Env object at 0x7efc3f6a1600>
2023-12-27 22:33:05,600 - rasterio.env - DEBUG - Entering env context: <rasterio.env.Env object at 0x7efc3f6c8a90>
2023-12-27 22:33:05,600 - rasterio.env - DEBUG - Starting outermost env
2023-12-27 22:33:05,600 - rasterio.env - DEBUG - No GDAL environment exists
2023-12-27 22:33:05,600 - rasterio.env - DEBUG - New GDAL environment <rasterio._env.GDALEnv object at 0x7efc3f6a15a0> created
2023-12-27 22:33:05,601 - rasterio._env - DEBUG - GDAL data found in package: path='/home/metpublic/PYTHON_VENV/present_weather/lib/python3.10/site-packages/rasterio/gdal_data'.
2023-12-27 22:33:05,601 - rasterio._env - DEBUG - PROJ data found in package: path='/home/metpublic/PYTHON_VENV/present_weather/lib/python3.10/site-packages/rasterio/proj_data'.
2023-12-27 22:33:05,601 - rasterio._env - DEBUG - Started GDALEnv: self=<rasterio._env.GDALEnv object at 0x7efc3f6a15a0>.
2023-12-27 22:33:05,601 - rasterio.env - DEBUG - Entered env context: <rasterio.env.Env object at 0x7efc3f6c8a90>
2023-12-27 22:33:05,601 - rasterio.env - DEBUG - Got a copy of environment <rasterio._env.GDALEnv object at 0x7efc3f6a15a0> options
2023-12-27 22:33:05,601 - rasterio.env - DEBUG - Entering env context: <rasterio.env.Env object at 0x7efc3c46ecb0>
2023-12-27 22:33:05,601 - rasterio.env - DEBUG - Got a copy of environment <rasterio._env.GDALEnv object at 0x7efc3f6a15a0> options
2023-12-27 22:33:05,601 - rasterio.env - DEBUG - Entered env context: <rasterio.env.Env object at 0x7efc3c46ecb0>
2023-12-27 22:33:05,601 - rasterio._base - DEBUG - Sharing flag: 0
2023-12-27 22:33:05,602 - rasterio._base - DEBUG - Nodata success: 1, Nodata value: nan
2023-12-27 22:33:05,602 - rasterio._base - DEBUG - Dataset <open DatasetReader name='https://radar.bmkg.go.id/raster/mosaic_202312272230.tif' mode='r'> is started.
2023-12-27 22:33:05,602 - rasterio.env - DEBUG - Exiting env context: <rasterio.env.Env object at 0x7efc3c46ecb0>
2023-12-27 22:33:05,602 - rasterio.env - DEBUG - Cleared existing <rasterio._env.GDALEnv object at 0x7efc3f6a15a0> options
2023-12-27 22:33:05,602 - rasterio._env - DEBUG - Stopped GDALEnv <rasterio._env.GDALEnv object at 0x7efc3f6a15a0>.
2023-12-27 22:33:05,602 - rasterio.env - DEBUG - No GDAL environment exists
2023-12-27 22:33:05,602 - rasterio.env - DEBUG - New GDAL environment <rasterio._env.GDALEnv object at 0x7efc3f6a15a0> created
2023-12-27 22:33:05,603 - rasterio._env - DEBUG - GDAL data found in package: path='/home/metpublic/PYTHON_VENV/present_weather/lib/python3.10/site-packages/rasterio/gdal_data'.
2023-12-27 22:33:05,603 - rasterio._env - DEBUG - PROJ data found in package: path='/home/metpublic/PYTHON_VENV/present_weather/lib/python3.10/site-packages/rasterio/proj_data'.
2023-12-27 22:33:05,603 - rasterio._env - DEBUG - Started GDALEnv: self=<rasterio._env.GDALEnv object at 0x7efc3f6a15a0>.
2023-12-27 22:33:05,603 - rasterio.env - DEBUG - Exited env context: <rasterio.env.Env object at 0x7efc3c46ecb0>
2023-12-27 22:33:05,612 - rasterio._io - DEBUG - Output nodata value read from file: nan
2023-12-27 22:33:05,613 - rasterio._io - DEBUG - Output nodata values: [nan]
2023-12-27 22:33:05,613 - rasterio._io - DEBUG - all_valid: False
2023-12-27 22:33:05,613 - rasterio._io - DEBUG - mask_flags: ([<MaskFlags.nodata: 8>],)
2023-12-27 22:33:05,613 - rasterio._io - DEBUG - Jump straight to _read()
2023-12-27 22:33:05,614 - rasterio._io - DEBUG - Window: Window(col_off=0, row_off=0, width=10215, height=3792)
2023-12-27 22:33:05,614 - rasterio._io - DEBUG - IO window xoff=0.0 yoff=0.0 width=10215.0 height=3792.0
2023-12-27 22:33:10,065 - rasterio.env - DEBUG - Exiting env context: <rasterio.env.Env object at 0x7efc3f6c8a90>
2023-12-27 22:33:10,066 - rasterio.env - DEBUG - Cleared existing <rasterio._env.GDALEnv object at 0x7efc3f6a15a0> options
2023-12-27 22:33:10,066 - rasterio._env - DEBUG - Stopped GDALEnv <rasterio._env.GDALEnv object at 0x7efc3f6a15a0>.
2023-12-27 22:33:10,066 - rasterio.env - DEBUG - Exiting outermost env
2023-12-27 22:33:10,066 - rasterio.env - DEBUG - Exited env context: <rasterio.env.Env object at 0x7efc3f6c8a90>
2023-12-27 22:39:43,327 - root - INFO - Total elapsed time: 0:06:40.469301
