2023-12-22 23:03:02,586 - root - INFO - Initiating present weather
2023-12-22 23:03:02,588 - asyncio - DEBUG - Using selector: EpollSelector
2023-12-22 23:03:04,497 - urllib3.connectionpool - DEBUG - Starting new HTTPS connection (1): radar.bmkg.go.id:8060
2023-12-22 23:03:04,510 - urllib3.connectionpool - DEBUG - https://radar.bmkg.go.id:8060 "GET /getLatestLD?typeData=1 HTTP/1.1" 200 62
2023-12-22 23:03:04,512 - urllib3.connectionpool - DEBUG - Starting new HTTPS connection (1): radar.bmkg.go.id:8060
2023-12-22 23:03:04,530 - urllib3.connectionpool - DEBUG - https://radar.bmkg.go.id:8060 "GET /getRadarGeotif?token=19387e71e78522ae4172ec0fda640983b8438c9cfa0ca571623cb69d8327&radar=amandemenForecast&type=latest HTTP/1.1" 200 90
2023-12-22 23:03:04,531 - rasterio.env - DEBUG - Entering env context: <rasterio.env.Env object at 0x7feae09c8e80>
2023-12-22 23:03:04,531 - rasterio.env - DEBUG - Starting outermost env
2023-12-22 23:03:04,531 - rasterio.env - DEBUG - No GDAL environment exists
2023-12-22 23:03:04,531 - rasterio.env - DEBUG - New GDAL environment <rasterio._env.GDALEnv object at 0x7feae09c8520> created
2023-12-22 23:03:04,534 - rasterio._filepath - DEBUG - Installing FilePath filesystem handler plugin...
2023-12-22 23:03:04,534 - rasterio._env - DEBUG - GDAL data found in package: path='/home/metpublic/PYTHON_VENV/present_weather/lib/python3.10/site-packages/rasterio/gdal_data'.
2023-12-22 23:03:04,534 - rasterio._env - DEBUG - PROJ data found in package: path='/home/metpublic/PYTHON_VENV/present_weather/lib/python3.10/site-packages/rasterio/proj_data'.
2023-12-22 23:03:04,535 - rasterio._env - DEBUG - Started GDALEnv: self=<rasterio._env.GDALEnv object at 0x7feae09c8520>.
2023-12-22 23:03:04,535 - rasterio.env - DEBUG - Entered env context: <rasterio.env.Env object at 0x7feae09c8e80>
2023-12-22 23:03:04,535 - rasterio._base - DEBUG - Sharing flag: 0
2023-12-22 23:03:04,891 - rasterio._base - DEBUG - Nodata success: 1, Nodata value: nan
2023-12-22 23:03:04,891 - rasterio._base - DEBUG - Dataset <open DatasetReader name='https://radar.bmkg.go.id/raster/radarsatelit_202312222250.tif' mode='r'> is started.
2023-12-22 23:03:04,892 - rasterio.env - DEBUG - Exiting env context: <rasterio.env.Env object at 0x7feae09c8e80>
2023-12-22 23:03:04,892 - rasterio.env - DEBUG - Cleared existing <rasterio._env.GDALEnv object at 0x7feae09c8520> options
2023-12-22 23:03:04,892 - rasterio._env - DEBUG - Stopped GDALEnv <rasterio._env.GDALEnv object at 0x7feae09c8520>.
2023-12-22 23:03:04,892 - rasterio.env - DEBUG - Exiting outermost env
2023-12-22 23:03:04,892 - rasterio.env - DEBUG - Exited env context: <rasterio.env.Env object at 0x7feae09c8e80>
2023-12-22 23:03:04,892 - rasterio.env - DEBUG - Entering env context: <rasterio.env.Env object at 0x7feae095d4b0>
2023-12-22 23:03:04,892 - rasterio.env - DEBUG - Starting outermost env
2023-12-22 23:03:04,892 - rasterio.env - DEBUG - No GDAL environment exists
2023-12-22 23:03:04,893 - rasterio.env - DEBUG - New GDAL environment <rasterio._env.GDALEnv object at 0x7feae09a1360> created
2023-12-22 23:03:04,893 - rasterio._env - DEBUG - GDAL data found in package: path='/home/metpublic/PYTHON_VENV/present_weather/lib/python3.10/site-packages/rasterio/gdal_data'.
2023-12-22 23:03:04,893 - rasterio._env - DEBUG - PROJ data found in package: path='/home/metpublic/PYTHON_VENV/present_weather/lib/python3.10/site-packages/rasterio/proj_data'.
2023-12-22 23:03:04,893 - rasterio._env - DEBUG - Started GDALEnv: self=<rasterio._env.GDALEnv object at 0x7feae09a1360>.
2023-12-22 23:03:04,894 - rasterio.env - DEBUG - Entered env context: <rasterio.env.Env object at 0x7feae095d4b0>
2023-12-22 23:03:04,894 - rasterio.env - DEBUG - Got a copy of environment <rasterio._env.GDALEnv object at 0x7feae09a1360> options
2023-12-22 23:03:04,894 - rasterio.env - DEBUG - Entering env context: <rasterio.env.Env object at 0x7feae005b2e0>
2023-12-22 23:03:04,894 - rasterio.env - DEBUG - Got a copy of environment <rasterio._env.GDALEnv object at 0x7feae09a1360> options
2023-12-22 23:03:04,894 - rasterio.env - DEBUG - Entered env context: <rasterio.env.Env object at 0x7feae005b2e0>
2023-12-22 23:03:04,894 - rasterio._base - DEBUG - Sharing flag: 0
2023-12-22 23:03:04,895 - rasterio._base - DEBUG - Nodata success: 1, Nodata value: nan
2023-12-22 23:03:04,895 - rasterio._base - DEBUG - Dataset <open DatasetReader name='https://radar.bmkg.go.id/raster/radarsatelit_202312222250.tif' mode='r'> is started.
2023-12-22 23:03:04,895 - rasterio.env - DEBUG - Exiting env context: <rasterio.env.Env object at 0x7feae005b2e0>
2023-12-22 23:03:04,895 - rasterio.env - DEBUG - Cleared existing <rasterio._env.GDALEnv object at 0x7feae09a1360> options
2023-12-22 23:03:04,895 - rasterio._env - DEBUG - Stopped GDALEnv <rasterio._env.GDALEnv object at 0x7feae09a1360>.
2023-12-22 23:03:04,895 - rasterio.env - DEBUG - No GDAL environment exists
2023-12-22 23:03:04,895 - rasterio.env - DEBUG - New GDAL environment <rasterio._env.GDALEnv object at 0x7feae09a1360> created
2023-12-22 23:03:04,896 - rasterio._env - DEBUG - GDAL data found in package: path='/home/metpublic/PYTHON_VENV/present_weather/lib/python3.10/site-packages/rasterio/gdal_data'.
2023-12-22 23:03:04,896 - rasterio._env - DEBUG - PROJ data found in package: path='/home/metpublic/PYTHON_VENV/present_weather/lib/python3.10/site-packages/rasterio/proj_data'.
2023-12-22 23:03:04,896 - rasterio._env - DEBUG - Started GDALEnv: self=<rasterio._env.GDALEnv object at 0x7feae09a1360>.
2023-12-22 23:03:04,896 - rasterio.env - DEBUG - Exited env context: <rasterio.env.Env object at 0x7feae005b2e0>
2023-12-22 23:03:04,912 - rasterio._io - DEBUG - Output nodata value read from file: nan
2023-12-22 23:03:04,913 - rasterio._io - DEBUG - Output nodata values: [nan]
2023-12-22 23:03:04,913 - rasterio._io - DEBUG - all_valid: False
2023-12-22 23:03:04,913 - rasterio._io - DEBUG - mask_flags: ([<MaskFlags.nodata: 8>],)
2023-12-22 23:03:04,913 - rasterio._io - DEBUG - Jump straight to _read()
2023-12-22 23:03:04,913 - rasterio._io - DEBUG - Window: Window(col_off=0, row_off=0, width=10176, height=3732)
2023-12-22 23:03:04,914 - rasterio._io - DEBUG - IO window xoff=0.0 yoff=0.0 width=10176.0 height=3732.0
2023-12-22 23:03:05,485 - rasterio.env - DEBUG - Exiting env context: <rasterio.env.Env object at 0x7feae095d4b0>
2023-12-22 23:03:05,486 - rasterio.env - DEBUG - Cleared existing <rasterio._env.GDALEnv object at 0x7feae09a1360> options
2023-12-22 23:03:05,486 - rasterio._env - DEBUG - Stopped GDALEnv <rasterio._env.GDALEnv object at 0x7feae09a1360>.
2023-12-22 23:03:05,486 - rasterio.env - DEBUG - Exiting outermost env
2023-12-22 23:03:05,486 - rasterio.env - DEBUG - Exited env context: <rasterio.env.Env object at 0x7feae095d4b0>
2023-12-22 23:07:36,688 - rasterio.env - DEBUG - Entering env context: <rasterio.env.Env object at 0x7feae005ae30>
2023-12-22 23:07:36,688 - rasterio.env - DEBUG - Starting outermost env
2023-12-22 23:07:36,689 - rasterio.env - DEBUG - No GDAL environment exists
2023-12-22 23:07:36,689 - rasterio.env - DEBUG - New GDAL environment <rasterio._env.GDALEnv object at 0x7feae005b160> created
2023-12-22 23:07:36,689 - rasterio._env - DEBUG - GDAL data found in package: path='/home/metpublic/PYTHON_VENV/present_weather/lib/python3.10/site-packages/rasterio/gdal_data'.
2023-12-22 23:07:36,689 - rasterio._env - DEBUG - PROJ data found in package: path='/home/metpublic/PYTHON_VENV/present_weather/lib/python3.10/site-packages/rasterio/proj_data'.
2023-12-22 23:07:36,690 - rasterio._env - DEBUG - Started GDALEnv: self=<rasterio._env.GDALEnv object at 0x7feae005b160>.
2023-12-22 23:07:36,690 - rasterio.env - DEBUG - Entered env context: <rasterio.env.Env object at 0x7feae005ae30>
2023-12-22 23:07:36,690 - rasterio._base - DEBUG - Sharing flag: 0
2023-12-22 23:07:36,691 - rasterio._base - DEBUG - Nodata success: 0, Nodata value: 0.000000
2023-12-22 23:07:36,691 - rasterio._base - DEBUG - Dataset <open DatasetReader name='/home/metpublic/TASK_RELEASE/EFAN/present_weather/src/H09_B13_Indonesia_20231222.Z2230.cor.tiff' mode='r'> is started.
2023-12-22 23:07:36,691 - rasterio.env - DEBUG - Exiting env context: <rasterio.env.Env object at 0x7feae005ae30>
2023-12-22 23:07:36,692 - rasterio.env - DEBUG - Cleared existing <rasterio._env.GDALEnv object at 0x7feae005b160> options
2023-12-22 23:07:36,692 - rasterio._env - DEBUG - Stopped GDALEnv <rasterio._env.GDALEnv object at 0x7feae005b160>.
2023-12-22 23:07:36,692 - rasterio.env - DEBUG - Exiting outermost env
2023-12-22 23:07:36,692 - rasterio.env - DEBUG - Exited env context: <rasterio.env.Env object at 0x7feae005ae30>
2023-12-22 23:07:36,693 - rasterio.env - DEBUG - Entering env context: <rasterio.env.Env object at 0x7fead86b36a0>
2023-12-22 23:07:36,693 - rasterio.env - DEBUG - Starting outermost env
2023-12-22 23:07:36,693 - rasterio.env - DEBUG - No GDAL environment exists
2023-12-22 23:07:36,693 - rasterio.env - DEBUG - New GDAL environment <rasterio._env.GDALEnv object at 0x7fead86b1b40> created
2023-12-22 23:07:36,693 - rasterio._env - DEBUG - GDAL data found in package: path='/home/metpublic/PYTHON_VENV/present_weather/lib/python3.10/site-packages/rasterio/gdal_data'.
2023-12-22 23:07:36,693 - rasterio._env - DEBUG - PROJ data found in package: path='/home/metpublic/PYTHON_VENV/present_weather/lib/python3.10/site-packages/rasterio/proj_data'.
2023-12-22 23:07:36,694 - rasterio._env - DEBUG - Started GDALEnv: self=<rasterio._env.GDALEnv object at 0x7fead86b1b40>.
2023-12-22 23:07:36,694 - rasterio.env - DEBUG - Entered env context: <rasterio.env.Env object at 0x7fead86b36a0>
2023-12-22 23:07:36,694 - rasterio._base - DEBUG - Sharing flag: 0
2023-12-22 23:07:36,695 - rasterio._base - DEBUG - Nodata success: 0, Nodata value: 0.000000
2023-12-22 23:07:36,695 - rasterio._base - DEBUG - Dataset <open DatasetReader name='/home/metpublic/TASK_RELEASE/EFAN/present_weather/src/H09_B13_Indonesia_20231222.Z2230.cor.tiff' mode='r'> is started.
2023-12-22 23:07:36,695 - rasterio.env - DEBUG - Exiting env context: <rasterio.env.Env object at 0x7fead86b36a0>
2023-12-22 23:07:36,695 - rasterio.env - DEBUG - Cleared existing <rasterio._env.GDALEnv object at 0x7fead86b1b40> options
2023-12-22 23:07:36,695 - rasterio._env - DEBUG - Stopped GDALEnv <rasterio._env.GDALEnv object at 0x7fead86b1b40>.
2023-12-22 23:07:36,696 - rasterio.env - DEBUG - Exiting outermost env
2023-12-22 23:07:36,696 - rasterio.env - DEBUG - Exited env context: <rasterio.env.Env object at 0x7fead86b36a0>
2023-12-22 23:07:36,709 - root - INFO - Generating present weather using SATELITE data
2023-12-22 23:09:05,634 - root - INFO - Total elapsed time: 0:06:03.048075
