2023-11-05 05:00:03,604 - root - INFO - Initiating present weather
2023-11-05 05:00:03,609 - urllib3.connectionpool - DEBUG - Starting new HTTPS connection (1): radar.bmkg.go.id:8060
2023-11-05 05:00:03,685 - urllib3.connectionpool - DEBUG - https://radar.bmkg.go.id:8060 "GET /getRadarGeotif?token=19387e71e78522ae4172ec0fda640983b8438c9cfa0ca571623cb69d8327&radar=amandemenForecast&type=latest HTTP/1.1" 200 90
2023-11-05 05:00:03,688 - rasterio.env - DEBUG - Entering env context: <rasterio.env.Env object at 0x7f7ca0b52600>
2023-11-05 05:00:03,689 - rasterio.env - DEBUG - Starting outermost env
2023-11-05 05:00:03,690 - rasterio.env - DEBUG - No GDAL environment exists
2023-11-05 05:00:03,690 - rasterio.env - DEBUG - New GDAL environment <rasterio._env.GDALEnv object at 0x7f7d2e475060> created
2023-11-05 05:00:03,695 - rasterio._filepath - DEBUG - Installing FilePath filesystem handler plugin...
2023-11-05 05:00:03,695 - rasterio._env - DEBUG - GDAL data found in package: path='/home/swx/miniconda3/envs/present_weather/lib/python3.12/site-packages/rasterio/gdal_data'.
2023-11-05 05:00:03,695 - rasterio._env - DEBUG - PROJ_LIB found in environment.
2023-11-05 05:00:03,695 - rasterio._env - DEBUG - Started GDALEnv: self=<rasterio._env.GDALEnv object at 0x7f7d2e475060>.
2023-11-05 05:00:03,695 - rasterio.env - DEBUG - Entered env context: <rasterio.env.Env object at 0x7f7ca0b52600>
2023-11-05 05:00:03,696 - rasterio._base - DEBUG - Sharing flag: 0
2023-11-05 05:00:03,867 - rasterio._base - DEBUG - Nodata success: 1, Nodata value: nan
2023-11-05 05:00:03,867 - rasterio._base - DEBUG - Dataset <open DatasetReader name='https://radar.bmkg.go.id/raster/radarsatelit_202311050440.tif' mode='r'> is started.
2023-11-05 05:00:03,868 - rasterio.env - DEBUG - Exiting env context: <rasterio.env.Env object at 0x7f7ca0b52600>
2023-11-05 05:00:03,868 - rasterio.env - DEBUG - Cleared existing <rasterio._env.GDALEnv object at 0x7f7d2e475060> options
2023-11-05 05:00:03,868 - rasterio._env - DEBUG - Stopped GDALEnv <rasterio._env.GDALEnv object at 0x7f7d2e475060>.
2023-11-05 05:00:03,868 - rasterio.env - DEBUG - Exiting outermost env
2023-11-05 05:00:03,868 - rasterio.env - DEBUG - Exited env context: <rasterio.env.Env object at 0x7f7ca0b52600>
2023-11-05 05:00:03,869 - rasterio.env - DEBUG - Entering env context: <rasterio.env.Env object at 0x7f7cea8ea360>
2023-11-05 05:00:03,869 - rasterio.env - DEBUG - Starting outermost env
2023-11-05 05:00:03,869 - rasterio.env - DEBUG - No GDAL environment exists
2023-11-05 05:00:03,869 - rasterio.env - DEBUG - New GDAL environment <rasterio._env.GDALEnv object at 0x7f7d2e475060> created
2023-11-05 05:00:03,870 - rasterio._env - DEBUG - GDAL data found in package: path='/home/swx/miniconda3/envs/present_weather/lib/python3.12/site-packages/rasterio/gdal_data'.
2023-11-05 05:00:03,870 - rasterio._env - DEBUG - PROJ_LIB found in environment.
2023-11-05 05:00:03,870 - rasterio._env - DEBUG - Started GDALEnv: self=<rasterio._env.GDALEnv object at 0x7f7d2e475060>.
2023-11-05 05:00:03,870 - rasterio.env - DEBUG - Entered env context: <rasterio.env.Env object at 0x7f7cea8ea360>
2023-11-05 05:00:03,871 - rasterio.env - DEBUG - Got a copy of environment <rasterio._env.GDALEnv object at 0x7f7d2e475060> options
2023-11-05 05:00:03,871 - rasterio.env - DEBUG - Entering env context: <rasterio.env.Env object at 0x7f7ca0a0e2d0>
2023-11-05 05:00:03,871 - rasterio.env - DEBUG - Got a copy of environment <rasterio._env.GDALEnv object at 0x7f7d2e475060> options
2023-11-05 05:00:03,871 - rasterio.env - DEBUG - Entered env context: <rasterio.env.Env object at 0x7f7ca0a0e2d0>
2023-11-05 05:00:03,872 - rasterio._base - DEBUG - Sharing flag: 0
2023-11-05 05:00:03,873 - rasterio._base - DEBUG - Nodata success: 1, Nodata value: nan
2023-11-05 05:00:03,873 - rasterio._base - DEBUG - Dataset <open DatasetReader name='https://radar.bmkg.go.id/raster/radarsatelit_202311050440.tif' mode='r'> is started.
2023-11-05 05:00:03,873 - rasterio.env - DEBUG - Exiting env context: <rasterio.env.Env object at 0x7f7ca0a0e2d0>
2023-11-05 05:00:03,873 - rasterio.env - DEBUG - Cleared existing <rasterio._env.GDALEnv object at 0x7f7d2e475060> options
2023-11-05 05:00:03,873 - rasterio._env - DEBUG - Stopped GDALEnv <rasterio._env.GDALEnv object at 0x7f7d2e475060>.
2023-11-05 05:00:03,873 - rasterio.env - DEBUG - No GDAL environment exists
2023-11-05 05:00:03,873 - rasterio.env - DEBUG - New GDAL environment <rasterio._env.GDALEnv object at 0x7f7d2e475060> created
2023-11-05 05:00:03,874 - rasterio._env - DEBUG - GDAL data found in package: path='/home/swx/miniconda3/envs/present_weather/lib/python3.12/site-packages/rasterio/gdal_data'.
2023-11-05 05:00:03,874 - rasterio._env - DEBUG - PROJ_LIB found in environment.
2023-11-05 05:00:03,874 - rasterio._env - DEBUG - Started GDALEnv: self=<rasterio._env.GDALEnv object at 0x7f7d2e475060>.
2023-11-05 05:00:03,874 - rasterio.env - DEBUG - Exited env context: <rasterio.env.Env object at 0x7f7ca0a0e2d0>
2023-11-05 05:00:03,907 - rasterio._io - DEBUG - Output nodata value read from file: nan
2023-11-05 05:00:03,908 - rasterio._io - DEBUG - Output nodata values: [nan]
2023-11-05 05:00:03,908 - rasterio._io - DEBUG - all_valid: False
2023-11-05 05:00:03,908 - rasterio._io - DEBUG - mask_flags: ([<MaskFlags.nodata: 8>],)
2023-11-05 05:00:03,909 - rasterio._io - DEBUG - Jump straight to _read()
2023-11-05 05:00:03,909 - rasterio._io - DEBUG - Window: Window(col_off=0, row_off=0, width=10215, height=3792)
2023-11-05 05:00:03,909 - rasterio._io - DEBUG - IO window xoff=0.0 yoff=0.0 width=10215.0 height=3792.0
2023-11-05 05:00:04,603 - rasterio.env - DEBUG - Exiting env context: <rasterio.env.Env object at 0x7f7cea8ea360>
2023-11-05 05:00:04,603 - rasterio.env - DEBUG - Cleared existing <rasterio._env.GDALEnv object at 0x7f7d2e475060> options
2023-11-05 05:00:04,603 - rasterio._env - DEBUG - Stopped GDALEnv <rasterio._env.GDALEnv object at 0x7f7d2e475060>.
2023-11-05 05:00:04,603 - rasterio.env - DEBUG - Exiting outermost env
2023-11-05 05:00:04,603 - rasterio.env - DEBUG - Exited env context: <rasterio.env.Env object at 0x7f7cea8ea360>
2023-11-05 05:00:04,606 - urllib3.connectionpool - DEBUG - Starting new HTTPS connection (1): radar.bmkg.go.id:8060
2023-11-05 05:00:04,714 - urllib3.connectionpool - DEBUG - https://radar.bmkg.go.id:8060 "GET /getLatestLD?typeData=1 HTTP/1.1" 200 241180
2023-11-05 05:00:04,795 - asyncio - DEBUG - Using selector: EpollSelector
2023-11-05 05:16:38,896 - root - INFO - Total elapsed time: 0:16:35.292291
