2023-11-28 03:13:02,890 - root - INFO - Initiating present weather
2023-11-28 03:13:02,892 - asyncio - DEBUG - Using selector: EpollSelector
2023-11-28 03:13:04,377 - urllib3.connectionpool - DEBUG - Starting new HTTPS connection (1): radar.bmkg.go.id:8060
2023-11-28 03:13:04,392 - urllib3.connectionpool - DEBUG - https://radar.bmkg.go.id:8060 "GET /getRadarGeotif?token=19387e71e78522ae4172ec0fda640983b8438c9cfa0ca571623cb69d8327&radar=amandemenForecast&type=latest HTTP/1.1" 200 90
2023-11-28 03:13:04,393 - rasterio.env - DEBUG - Entering env context: <rasterio.env.Env object at 0x7f1916d32440>
2023-11-28 03:13:04,394 - rasterio.env - DEBUG - Starting outermost env
2023-11-28 03:13:04,394 - rasterio.env - DEBUG - No GDAL environment exists
2023-11-28 03:13:04,394 - rasterio.env - DEBUG - New GDAL environment <rasterio._env.GDALEnv object at 0x7f1916d32cb0> created
2023-11-28 03:13:04,397 - rasterio._filepath - DEBUG - Installing FilePath filesystem handler plugin...
2023-11-28 03:13:04,397 - rasterio._env - DEBUG - GDAL data found in package: path='/home/metpublic/PYTHON_VENV/present_weather/lib/python3.10/site-packages/rasterio/gdal_data'.
2023-11-28 03:13:04,397 - rasterio._env - DEBUG - PROJ data found in package: path='/home/metpublic/PYTHON_VENV/present_weather/lib/python3.10/site-packages/rasterio/proj_data'.
2023-11-28 03:13:04,397 - rasterio._env - DEBUG - Started GDALEnv: self=<rasterio._env.GDALEnv object at 0x7f1916d32cb0>.
2023-11-28 03:13:04,397 - rasterio.env - DEBUG - Entered env context: <rasterio.env.Env object at 0x7f1916d32440>
2023-11-28 03:13:04,397 - rasterio._base - DEBUG - Sharing flag: 0
2023-11-28 03:13:04,581 - rasterio._base - DEBUG - Nodata success: 1, Nodata value: nan
2023-11-28 03:13:04,581 - rasterio._base - DEBUG - Dataset <open DatasetReader name='https://radar.bmkg.go.id/raster/radarsatelit_202311280300.tif' mode='r'> is started.
2023-11-28 03:13:04,582 - rasterio.env - DEBUG - Exiting env context: <rasterio.env.Env object at 0x7f1916d32440>
2023-11-28 03:13:04,582 - rasterio.env - DEBUG - Cleared existing <rasterio._env.GDALEnv object at 0x7f1916d32cb0> options
2023-11-28 03:13:04,582 - rasterio._env - DEBUG - Stopped GDALEnv <rasterio._env.GDALEnv object at 0x7f1916d32cb0>.
2023-11-28 03:13:04,582 - rasterio.env - DEBUG - Exiting outermost env
2023-11-28 03:13:04,582 - rasterio.env - DEBUG - Exited env context: <rasterio.env.Env object at 0x7f1916d32440>
2023-11-28 03:13:04,582 - rasterio.env - DEBUG - Entering env context: <rasterio.env.Env object at 0x7f1916cb36a0>
2023-11-28 03:13:04,582 - rasterio.env - DEBUG - Starting outermost env
2023-11-28 03:13:04,582 - rasterio.env - DEBUG - No GDAL environment exists
2023-11-28 03:13:04,582 - rasterio.env - DEBUG - New GDAL environment <rasterio._env.GDALEnv object at 0x7f1916d32cb0> created
2023-11-28 03:13:04,583 - rasterio._env - DEBUG - GDAL data found in package: path='/home/metpublic/PYTHON_VENV/present_weather/lib/python3.10/site-packages/rasterio/gdal_data'.
2023-11-28 03:13:04,583 - rasterio._env - DEBUG - PROJ data found in package: path='/home/metpublic/PYTHON_VENV/present_weather/lib/python3.10/site-packages/rasterio/proj_data'.
2023-11-28 03:13:04,583 - rasterio._env - DEBUG - Started GDALEnv: self=<rasterio._env.GDALEnv object at 0x7f1916d32cb0>.
2023-11-28 03:13:04,583 - rasterio.env - DEBUG - Entered env context: <rasterio.env.Env object at 0x7f1916cb36a0>
2023-11-28 03:13:04,583 - rasterio.env - DEBUG - Got a copy of environment <rasterio._env.GDALEnv object at 0x7f1916d32cb0> options
2023-11-28 03:13:04,583 - rasterio.env - DEBUG - Entering env context: <rasterio.env.Env object at 0x7f19143fcfa0>
2023-11-28 03:13:04,584 - rasterio.env - DEBUG - Got a copy of environment <rasterio._env.GDALEnv object at 0x7f1916d32cb0> options
2023-11-28 03:13:04,584 - rasterio.env - DEBUG - Entered env context: <rasterio.env.Env object at 0x7f19143fcfa0>
2023-11-28 03:13:04,584 - rasterio._base - DEBUG - Sharing flag: 0
2023-11-28 03:13:04,585 - rasterio._base - DEBUG - Nodata success: 1, Nodata value: nan
2023-11-28 03:13:04,585 - rasterio._base - DEBUG - Dataset <open DatasetReader name='https://radar.bmkg.go.id/raster/radarsatelit_202311280300.tif' mode='r'> is started.
2023-11-28 03:13:04,585 - rasterio.env - DEBUG - Exiting env context: <rasterio.env.Env object at 0x7f19143fcfa0>
2023-11-28 03:13:04,585 - rasterio.env - DEBUG - Cleared existing <rasterio._env.GDALEnv object at 0x7f1916d32cb0> options
2023-11-28 03:13:04,585 - rasterio._env - DEBUG - Stopped GDALEnv <rasterio._env.GDALEnv object at 0x7f1916d32cb0>.
2023-11-28 03:13:04,585 - rasterio.env - DEBUG - No GDAL environment exists
2023-11-28 03:13:04,585 - rasterio.env - DEBUG - New GDAL environment <rasterio._env.GDALEnv object at 0x7f1916d32cb0> created
2023-11-28 03:13:04,585 - rasterio._env - DEBUG - GDAL data found in package: path='/home/metpublic/PYTHON_VENV/present_weather/lib/python3.10/site-packages/rasterio/gdal_data'.
2023-11-28 03:13:04,586 - rasterio._env - DEBUG - PROJ data found in package: path='/home/metpublic/PYTHON_VENV/present_weather/lib/python3.10/site-packages/rasterio/proj_data'.
2023-11-28 03:13:04,586 - rasterio._env - DEBUG - Started GDALEnv: self=<rasterio._env.GDALEnv object at 0x7f1916d32cb0>.
2023-11-28 03:13:04,586 - rasterio.env - DEBUG - Exited env context: <rasterio.env.Env object at 0x7f19143fcfa0>
2023-11-28 03:13:04,602 - rasterio._io - DEBUG - Output nodata value read from file: nan
2023-11-28 03:13:04,603 - rasterio._io - DEBUG - Output nodata values: [nan]
2023-11-28 03:13:04,603 - rasterio._io - DEBUG - all_valid: False
2023-11-28 03:13:04,603 - rasterio._io - DEBUG - mask_flags: ([<MaskFlags.nodata: 8>],)
2023-11-28 03:13:04,604 - rasterio._io - DEBUG - Jump straight to _read()
2023-11-28 03:13:04,604 - rasterio._io - DEBUG - Window: Window(col_off=0, row_off=0, width=10215, height=3792)
2023-11-28 03:13:04,604 - rasterio._io - DEBUG - IO window xoff=0.0 yoff=0.0 width=10215.0 height=3792.0
2023-11-28 03:13:05,146 - rasterio.env - DEBUG - Exiting env context: <rasterio.env.Env object at 0x7f1916cb36a0>
2023-11-28 03:13:05,147 - rasterio.env - DEBUG - Cleared existing <rasterio._env.GDALEnv object at 0x7f1916d32cb0> options
2023-11-28 03:13:05,147 - rasterio._env - DEBUG - Stopped GDALEnv <rasterio._env.GDALEnv object at 0x7f1916d32cb0>.
2023-11-28 03:13:05,147 - rasterio.env - DEBUG - Exiting outermost env
2023-11-28 03:13:05,147 - rasterio.env - DEBUG - Exited env context: <rasterio.env.Env object at 0x7f1916cb36a0>
2023-11-28 03:13:05,149 - urllib3.connectionpool - DEBUG - Starting new HTTPS connection (1): radar.bmkg.go.id:8060
2023-11-28 03:13:05,159 - urllib3.connectionpool - DEBUG - https://radar.bmkg.go.id:8060 "GET /getLatestLD?typeData=1 HTTP/1.1" 200 62
2023-11-28 03:13:07,214 - rasterio.env - DEBUG - Entering env context: <rasterio.env.Env object at 0x7f1916d32cb0>
2023-11-28 03:13:07,214 - rasterio.env - DEBUG - Starting outermost env
2023-11-28 03:13:07,214 - rasterio.env - DEBUG - No GDAL environment exists
2023-11-28 03:13:07,215 - rasterio.env - DEBUG - New GDAL environment <rasterio._env.GDALEnv object at 0x7f1916d32b00> created
2023-11-28 03:13:07,215 - rasterio._env - DEBUG - GDAL data found in package: path='/home/metpublic/PYTHON_VENV/present_weather/lib/python3.10/site-packages/rasterio/gdal_data'.
2023-11-28 03:13:07,215 - rasterio._env - DEBUG - PROJ data found in package: path='/home/metpublic/PYTHON_VENV/present_weather/lib/python3.10/site-packages/rasterio/proj_data'.
2023-11-28 03:13:07,216 - rasterio._env - DEBUG - Started GDALEnv: self=<rasterio._env.GDALEnv object at 0x7f1916d32b00>.
2023-11-28 03:13:07,216 - rasterio.env - DEBUG - Entered env context: <rasterio.env.Env object at 0x7f1916d32cb0>
2023-11-28 03:13:07,216 - rasterio._base - DEBUG - Sharing flag: 0
2023-11-28 03:13:07,216 - rasterio._base - DEBUG - Nodata success: 0, Nodata value: 0.000000
2023-11-28 03:13:07,217 - rasterio._base - DEBUG - Dataset <open DatasetReader name='/home/metpublic/TASK_RELEASE/EFAN/present_weather/src/H09_B13_Indonesia_20231128.Z0300.cor.tiff' mode='r'> is started.
2023-11-28 03:13:07,217 - rasterio.env - DEBUG - Exiting env context: <rasterio.env.Env object at 0x7f1916d32cb0>
2023-11-28 03:13:07,217 - rasterio.env - DEBUG - Cleared existing <rasterio._env.GDALEnv object at 0x7f1916d32b00> options
2023-11-28 03:13:07,217 - rasterio._env - DEBUG - Stopped GDALEnv <rasterio._env.GDALEnv object at 0x7f1916d32b00>.
2023-11-28 03:13:07,217 - rasterio.env - DEBUG - Exiting outermost env
2023-11-28 03:13:07,217 - rasterio.env - DEBUG - Exited env context: <rasterio.env.Env object at 0x7f1916d32cb0>
2023-11-28 03:13:07,217 - rasterio.env - DEBUG - Entering env context: <rasterio.env.Env object at 0x7f19143fc3a0>
2023-11-28 03:13:07,217 - rasterio.env - DEBUG - Starting outermost env
2023-11-28 03:13:07,217 - rasterio.env - DEBUG - No GDAL environment exists
2023-11-28 03:13:07,217 - rasterio.env - DEBUG - New GDAL environment <rasterio._env.GDALEnv object at 0x7f19143fc7f0> created
2023-11-28 03:13:07,217 - rasterio._env - DEBUG - GDAL data found in package: path='/home/metpublic/PYTHON_VENV/present_weather/lib/python3.10/site-packages/rasterio/gdal_data'.
2023-11-28 03:13:07,217 - rasterio._env - DEBUG - PROJ data found in package: path='/home/metpublic/PYTHON_VENV/present_weather/lib/python3.10/site-packages/rasterio/proj_data'.
2023-11-28 03:13:07,218 - rasterio._env - DEBUG - Started GDALEnv: self=<rasterio._env.GDALEnv object at 0x7f19143fc7f0>.
2023-11-28 03:13:07,218 - rasterio.env - DEBUG - Entered env context: <rasterio.env.Env object at 0x7f19143fc3a0>
2023-11-28 03:13:07,218 - rasterio._base - DEBUG - Sharing flag: 0
2023-11-28 03:13:07,218 - rasterio._base - DEBUG - Nodata success: 0, Nodata value: 0.000000
2023-11-28 03:13:07,218 - rasterio._base - DEBUG - Dataset <open DatasetReader name='/home/metpublic/TASK_RELEASE/EFAN/present_weather/src/H09_B13_Indonesia_20231128.Z0300.cor.tiff' mode='r'> is started.
2023-11-28 03:13:07,218 - rasterio.env - DEBUG - Exiting env context: <rasterio.env.Env object at 0x7f19143fc3a0>
2023-11-28 03:13:07,218 - rasterio.env - DEBUG - Cleared existing <rasterio._env.GDALEnv object at 0x7f19143fc7f0> options
2023-11-28 03:13:07,219 - rasterio._env - DEBUG - Stopped GDALEnv <rasterio._env.GDALEnv object at 0x7f19143fc7f0>.
2023-11-28 03:13:07,219 - rasterio.env - DEBUG - Exiting outermost env
2023-11-28 03:13:07,219 - rasterio.env - DEBUG - Exited env context: <rasterio.env.Env object at 0x7f19143fc3a0>
2023-11-28 03:13:07,226 - root - INFO - Generating present weather using SATELITE data
2023-11-28 03:14:01,801 - root - INFO - Total elapsed time: 0:00:58.912194
