2023-11-26 21:43:03,398 - root - INFO - Initiating present weather
2023-11-26 21:43:03,402 - asyncio - DEBUG - Using selector: EpollSelector
2023-11-26 21:43:06,790 - urllib3.connectionpool - DEBUG - Starting new HTTPS connection (1): radar.bmkg.go.id:8060
2023-11-26 21:43:06,862 - urllib3.connectionpool - DEBUG - https://radar.bmkg.go.id:8060 "GET /getRadarGeotif?token=19387e71e78522ae4172ec0fda640983b8438c9cfa0ca571623cb69d8327&radar=amandemenForecast&type=latest HTTP/1.1" 200 90
2023-11-26 21:43:06,865 - rasterio.env - DEBUG - Entering env context: <rasterio.env.Env object at 0x7f3290d9dfa0>
2023-11-26 21:43:06,866 - rasterio.env - DEBUG - Starting outermost env
2023-11-26 21:43:06,866 - rasterio.env - DEBUG - No GDAL environment exists
2023-11-26 21:43:06,866 - rasterio.env - DEBUG - New GDAL environment <rasterio._env.GDALEnv object at 0x7f3290d9d360> created
2023-11-26 21:43:06,871 - rasterio._filepath - DEBUG - Installing FilePath filesystem handler plugin...
2023-11-26 21:43:06,871 - rasterio._env - DEBUG - GDAL data found in package: path='/home/swx/miniconda3/envs/present_weather/lib/python3.12/site-packages/rasterio/gdal_data'.
2023-11-26 21:43:06,871 - rasterio._env - DEBUG - PROJ_LIB found in environment.
2023-11-26 21:43:06,871 - rasterio._env - DEBUG - Started GDALEnv: self=<rasterio._env.GDALEnv object at 0x7f3290d9d360>.
2023-11-26 21:43:06,871 - rasterio.env - DEBUG - Entered env context: <rasterio.env.Env object at 0x7f3290d9dfa0>
2023-11-26 21:43:06,872 - rasterio._base - DEBUG - Sharing flag: 0
2023-11-26 21:43:07,085 - rasterio._base - DEBUG - Nodata success: 1, Nodata value: nan
2023-11-26 21:43:07,085 - rasterio._base - DEBUG - Dataset <open DatasetReader name='https://radar.bmkg.go.id/raster/radarsatelit_202311262140.tif' mode='r'> is started.
2023-11-26 21:43:07,086 - rasterio.env - DEBUG - Exiting env context: <rasterio.env.Env object at 0x7f3290d9dfa0>
2023-11-26 21:43:07,086 - rasterio.env - DEBUG - Cleared existing <rasterio._env.GDALEnv object at 0x7f3290d9d360> options
2023-11-26 21:43:07,086 - rasterio._env - DEBUG - Stopped GDALEnv <rasterio._env.GDALEnv object at 0x7f3290d9d360>.
2023-11-26 21:43:07,086 - rasterio.env - DEBUG - Exiting outermost env
2023-11-26 21:43:07,086 - rasterio.env - DEBUG - Exited env context: <rasterio.env.Env object at 0x7f3290d9dfa0>
2023-11-26 21:43:07,086 - rasterio.env - DEBUG - Entering env context: <rasterio.env.Env object at 0x7f3290113740>
2023-11-26 21:43:07,086 - rasterio.env - DEBUG - Starting outermost env
2023-11-26 21:43:07,087 - rasterio.env - DEBUG - No GDAL environment exists
2023-11-26 21:43:07,087 - rasterio.env - DEBUG - New GDAL environment <rasterio._env.GDALEnv object at 0x7f328bfd8460> created
2023-11-26 21:43:07,087 - rasterio._env - DEBUG - GDAL data found in package: path='/home/swx/miniconda3/envs/present_weather/lib/python3.12/site-packages/rasterio/gdal_data'.
2023-11-26 21:43:07,088 - rasterio._env - DEBUG - PROJ_LIB found in environment.
2023-11-26 21:43:07,088 - rasterio._env - DEBUG - Started GDALEnv: self=<rasterio._env.GDALEnv object at 0x7f328bfd8460>.
2023-11-26 21:43:07,088 - rasterio.env - DEBUG - Entered env context: <rasterio.env.Env object at 0x7f3290113740>
2023-11-26 21:43:07,088 - rasterio.env - DEBUG - Got a copy of environment <rasterio._env.GDALEnv object at 0x7f328bfd8460> options
2023-11-26 21:43:07,089 - rasterio.env - DEBUG - Entering env context: <rasterio.env.Env object at 0x7f328be45ac0>
2023-11-26 21:43:07,089 - rasterio.env - DEBUG - Got a copy of environment <rasterio._env.GDALEnv object at 0x7f328bfd8460> options
2023-11-26 21:43:07,089 - rasterio.env - DEBUG - Entered env context: <rasterio.env.Env object at 0x7f328be45ac0>
2023-11-26 21:43:07,089 - rasterio._base - DEBUG - Sharing flag: 0
2023-11-26 21:43:07,091 - rasterio._base - DEBUG - Nodata success: 1, Nodata value: nan
2023-11-26 21:43:07,091 - rasterio._base - DEBUG - Dataset <open DatasetReader name='https://radar.bmkg.go.id/raster/radarsatelit_202311262140.tif' mode='r'> is started.
2023-11-26 21:43:07,091 - rasterio.env - DEBUG - Exiting env context: <rasterio.env.Env object at 0x7f328be45ac0>
2023-11-26 21:43:07,091 - rasterio.env - DEBUG - Cleared existing <rasterio._env.GDALEnv object at 0x7f328bfd8460> options
2023-11-26 21:43:07,091 - rasterio._env - DEBUG - Stopped GDALEnv <rasterio._env.GDALEnv object at 0x7f328bfd8460>.
2023-11-26 21:43:07,091 - rasterio.env - DEBUG - No GDAL environment exists
2023-11-26 21:43:07,091 - rasterio.env - DEBUG - New GDAL environment <rasterio._env.GDALEnv object at 0x7f328bfd8460> created
2023-11-26 21:43:07,092 - rasterio._env - DEBUG - GDAL data found in package: path='/home/swx/miniconda3/envs/present_weather/lib/python3.12/site-packages/rasterio/gdal_data'.
2023-11-26 21:43:07,092 - rasterio._env - DEBUG - PROJ_LIB found in environment.
2023-11-26 21:43:07,092 - rasterio._env - DEBUG - Started GDALEnv: self=<rasterio._env.GDALEnv object at 0x7f328bfd8460>.
2023-11-26 21:43:07,092 - rasterio.env - DEBUG - Exited env context: <rasterio.env.Env object at 0x7f328be45ac0>
2023-11-26 21:43:07,120 - rasterio._io - DEBUG - Output nodata value read from file: nan
2023-11-26 21:43:07,121 - rasterio._io - DEBUG - Output nodata values: [nan]
2023-11-26 21:43:07,121 - rasterio._io - DEBUG - all_valid: False
2023-11-26 21:43:07,121 - rasterio._io - DEBUG - mask_flags: ([<MaskFlags.nodata: 8>],)
2023-11-26 21:43:07,122 - rasterio._io - DEBUG - Jump straight to _read()
2023-11-26 21:43:07,122 - rasterio._io - DEBUG - Window: Window(col_off=0, row_off=0, width=10215, height=3792)
2023-11-26 21:43:07,122 - rasterio._io - DEBUG - IO window xoff=0.0 yoff=0.0 width=10215.0 height=3792.0
2023-11-26 21:43:07,896 - rasterio.env - DEBUG - Exiting env context: <rasterio.env.Env object at 0x7f3290113740>
2023-11-26 21:43:07,896 - rasterio.env - DEBUG - Cleared existing <rasterio._env.GDALEnv object at 0x7f328bfd8460> options
2023-11-26 21:43:07,896 - rasterio._env - DEBUG - Stopped GDALEnv <rasterio._env.GDALEnv object at 0x7f328bfd8460>.
2023-11-26 21:43:07,896 - rasterio.env - DEBUG - Exiting outermost env
2023-11-26 21:43:07,896 - rasterio.env - DEBUG - Exited env context: <rasterio.env.Env object at 0x7f3290113740>
2023-11-26 21:43:07,898 - urllib3.connectionpool - DEBUG - Starting new HTTPS connection (1): radar.bmkg.go.id:8060
2023-11-26 21:43:07,953 - urllib3.connectionpool - DEBUG - https://radar.bmkg.go.id:8060 "GET /getLatestLD?typeData=1 HTTP/1.1" 200 4616
2023-11-26 21:43:07,963 - root - INFO - Generating present weather using RADAR data
2023-11-26 21:43:11,319 - root - INFO - dask.bag<lambda, npartitions=20>
2023-11-26 21:54:39,069 - root - INFO - Total elapsed time: 0:11:35.671361
