2023-11-26 01:28:02,862 - root - INFO - Initiating present weather
2023-11-26 01:28:02,864 - asyncio - DEBUG - Using selector: EpollSelector
2023-11-26 01:28:04,412 - urllib3.connectionpool - DEBUG - Starting new HTTPS connection (1): radar.bmkg.go.id:8060
2023-11-26 01:28:04,428 - urllib3.connectionpool - DEBUG - https://radar.bmkg.go.id:8060 "GET /getRadarGeotif?token=19387e71e78522ae4172ec0fda640983b8438c9cfa0ca571623cb69d8327&radar=amandemenForecast&type=latest HTTP/1.1" 200 90
2023-11-26 01:28:04,429 - rasterio.env - DEBUG - Entering env context: <rasterio.env.Env object at 0x7fd1536ee470>
2023-11-26 01:28:04,430 - rasterio.env - DEBUG - Starting outermost env
2023-11-26 01:28:04,430 - rasterio.env - DEBUG - No GDAL environment exists
2023-11-26 01:28:04,430 - rasterio.env - DEBUG - New GDAL environment <rasterio._env.GDALEnv object at 0x7fd1536eeda0> created
2023-11-26 01:28:04,433 - rasterio._filepath - DEBUG - Installing FilePath filesystem handler plugin...
2023-11-26 01:28:04,433 - rasterio._env - DEBUG - GDAL data found in package: path='/home/metpublic/PYTHON_VENV/present_weather/lib/python3.10/site-packages/rasterio/gdal_data'.
2023-11-26 01:28:04,433 - rasterio._env - DEBUG - PROJ data found in package: path='/home/metpublic/PYTHON_VENV/present_weather/lib/python3.10/site-packages/rasterio/proj_data'.
2023-11-26 01:28:04,433 - rasterio._env - DEBUG - Started GDALEnv: self=<rasterio._env.GDALEnv object at 0x7fd1536eeda0>.
2023-11-26 01:28:04,433 - rasterio.env - DEBUG - Entered env context: <rasterio.env.Env object at 0x7fd1536ee470>
2023-11-26 01:28:04,433 - rasterio._base - DEBUG - Sharing flag: 0
2023-11-26 01:28:04,607 - rasterio._base - DEBUG - Nodata success: 1, Nodata value: nan
2023-11-26 01:28:04,608 - rasterio._base - DEBUG - Dataset <open DatasetReader name='https://radar.bmkg.go.id/raster/radarsatelit_202311260120.tif' mode='r'> is started.
2023-11-26 01:28:04,608 - rasterio.env - DEBUG - Exiting env context: <rasterio.env.Env object at 0x7fd1536ee470>
2023-11-26 01:28:04,608 - rasterio.env - DEBUG - Cleared existing <rasterio._env.GDALEnv object at 0x7fd1536eeda0> options
2023-11-26 01:28:04,608 - rasterio._env - DEBUG - Stopped GDALEnv <rasterio._env.GDALEnv object at 0x7fd1536eeda0>.
2023-11-26 01:28:04,608 - rasterio.env - DEBUG - Exiting outermost env
2023-11-26 01:28:04,608 - rasterio.env - DEBUG - Exited env context: <rasterio.env.Env object at 0x7fd1536ee470>
2023-11-26 01:28:04,608 - rasterio.env - DEBUG - Entering env context: <rasterio.env.Env object at 0x7fd1536737c0>
2023-11-26 01:28:04,609 - rasterio.env - DEBUG - Starting outermost env
2023-11-26 01:28:04,609 - rasterio.env - DEBUG - No GDAL environment exists
2023-11-26 01:28:04,609 - rasterio.env - DEBUG - New GDAL environment <rasterio._env.GDALEnv object at 0x7fd1536eeda0> created
2023-11-26 01:28:04,609 - rasterio._env - DEBUG - GDAL data found in package: path='/home/metpublic/PYTHON_VENV/present_weather/lib/python3.10/site-packages/rasterio/gdal_data'.
2023-11-26 01:28:04,609 - rasterio._env - DEBUG - PROJ data found in package: path='/home/metpublic/PYTHON_VENV/present_weather/lib/python3.10/site-packages/rasterio/proj_data'.
2023-11-26 01:28:04,609 - rasterio._env - DEBUG - Started GDALEnv: self=<rasterio._env.GDALEnv object at 0x7fd1536eeda0>.
2023-11-26 01:28:04,609 - rasterio.env - DEBUG - Entered env context: <rasterio.env.Env object at 0x7fd1536737c0>
2023-11-26 01:28:04,609 - rasterio.env - DEBUG - Got a copy of environment <rasterio._env.GDALEnv object at 0x7fd1536eeda0> options
2023-11-26 01:28:04,610 - rasterio.env - DEBUG - Entering env context: <rasterio.env.Env object at 0x7fd1540316f0>
2023-11-26 01:28:04,610 - rasterio.env - DEBUG - Got a copy of environment <rasterio._env.GDALEnv object at 0x7fd1536eeda0> options
2023-11-26 01:28:04,610 - rasterio.env - DEBUG - Entered env context: <rasterio.env.Env object at 0x7fd1540316f0>
2023-11-26 01:28:04,610 - rasterio._base - DEBUG - Sharing flag: 0
2023-11-26 01:28:04,611 - rasterio._base - DEBUG - Nodata success: 1, Nodata value: nan
2023-11-26 01:28:04,611 - rasterio._base - DEBUG - Dataset <open DatasetReader name='https://radar.bmkg.go.id/raster/radarsatelit_202311260120.tif' mode='r'> is started.
2023-11-26 01:28:04,611 - rasterio.env - DEBUG - Exiting env context: <rasterio.env.Env object at 0x7fd1540316f0>
2023-11-26 01:28:04,611 - rasterio.env - DEBUG - Cleared existing <rasterio._env.GDALEnv object at 0x7fd1536eeda0> options
2023-11-26 01:28:04,611 - rasterio._env - DEBUG - Stopped GDALEnv <rasterio._env.GDALEnv object at 0x7fd1536eeda0>.
2023-11-26 01:28:04,611 - rasterio.env - DEBUG - No GDAL environment exists
2023-11-26 01:28:04,611 - rasterio.env - DEBUG - New GDAL environment <rasterio._env.GDALEnv object at 0x7fd1536eeda0> created
2023-11-26 01:28:04,611 - rasterio._env - DEBUG - GDAL data found in package: path='/home/metpublic/PYTHON_VENV/present_weather/lib/python3.10/site-packages/rasterio/gdal_data'.
2023-11-26 01:28:04,611 - rasterio._env - DEBUG - PROJ data found in package: path='/home/metpublic/PYTHON_VENV/present_weather/lib/python3.10/site-packages/rasterio/proj_data'.
2023-11-26 01:28:04,611 - rasterio._env - DEBUG - Started GDALEnv: self=<rasterio._env.GDALEnv object at 0x7fd1536eeda0>.
2023-11-26 01:28:04,611 - rasterio.env - DEBUG - Exited env context: <rasterio.env.Env object at 0x7fd1540316f0>
2023-11-26 01:28:04,626 - rasterio._io - DEBUG - Output nodata value read from file: nan
2023-11-26 01:28:04,627 - rasterio._io - DEBUG - Output nodata values: [nan]
2023-11-26 01:28:04,627 - rasterio._io - DEBUG - all_valid: False
2023-11-26 01:28:04,627 - rasterio._io - DEBUG - mask_flags: ([<MaskFlags.nodata: 8>],)
2023-11-26 01:28:04,627 - rasterio._io - DEBUG - Jump straight to _read()
2023-11-26 01:28:04,628 - rasterio._io - DEBUG - Window: Window(col_off=0, row_off=0, width=10215, height=3792)
2023-11-26 01:28:04,628 - rasterio._io - DEBUG - IO window xoff=0.0 yoff=0.0 width=10215.0 height=3792.0
2023-11-26 01:28:05,155 - rasterio.env - DEBUG - Exiting env context: <rasterio.env.Env object at 0x7fd1536737c0>
2023-11-26 01:28:05,155 - rasterio.env - DEBUG - Cleared existing <rasterio._env.GDALEnv object at 0x7fd1536eeda0> options
2023-11-26 01:28:05,155 - rasterio._env - DEBUG - Stopped GDALEnv <rasterio._env.GDALEnv object at 0x7fd1536eeda0>.
2023-11-26 01:28:05,155 - rasterio.env - DEBUG - Exiting outermost env
2023-11-26 01:28:05,155 - rasterio.env - DEBUG - Exited env context: <rasterio.env.Env object at 0x7fd1536737c0>
2023-11-26 01:28:05,157 - urllib3.connectionpool - DEBUG - Starting new HTTPS connection (1): radar.bmkg.go.id:8060
2023-11-26 01:28:05,170 - urllib3.connectionpool - DEBUG - https://radar.bmkg.go.id:8060 "GET /getLatestLD?typeData=1 HTTP/1.1" 200 3550
2023-11-26 01:28:05,176 - root - INFO - Generating present weather using RADAR data
2023-11-26 01:28:09,028 - root - INFO - dask.bag<lambda, npartitions=20>
2023-11-26 01:34:12,384 - root - INFO - Total elapsed time: 0:06:09.521929
