2023-11-15 14:40:03,820 - root - INFO - Initiating present weather
2023-11-15 14:40:03,825 - urllib3.connectionpool - DEBUG - Starting new HTTPS connection (1): radar.bmkg.go.id:8060
2023-11-15 14:40:03,895 - urllib3.connectionpool - DEBUG - https://radar.bmkg.go.id:8060 "GET /getRadarGeotif?token=19387e71e78522ae4172ec0fda640983b8438c9cfa0ca571623cb69d8327&radar=amandemenForecast&type=latest HTTP/1.1" 200 90
2023-11-15 14:40:03,897 - rasterio.env - DEBUG - Entering env context: <rasterio.env.Env object at 0x7f10258deab0>
2023-11-15 14:40:03,899 - rasterio.env - DEBUG - Starting outermost env
2023-11-15 14:40:03,899 - rasterio.env - DEBUG - No GDAL environment exists
2023-11-15 14:40:03,899 - rasterio.env - DEBUG - New GDAL environment <rasterio._env.GDALEnv object at 0x7f10258df310> created
2023-11-15 14:40:03,903 - rasterio._filepath - DEBUG - Installing FilePath filesystem handler plugin...
2023-11-15 14:40:03,903 - rasterio._env - DEBUG - GDAL data found in package: path='/home/swx/miniconda3/envs/present_weather/lib/python3.12/site-packages/rasterio/gdal_data'.
2023-11-15 14:40:03,904 - rasterio._env - DEBUG - PROJ_LIB found in environment.
2023-11-15 14:40:03,904 - rasterio._env - DEBUG - Started GDALEnv: self=<rasterio._env.GDALEnv object at 0x7f10258df310>.
2023-11-15 14:40:03,904 - rasterio.env - DEBUG - Entered env context: <rasterio.env.Env object at 0x7f10258deab0>
2023-11-15 14:40:03,904 - rasterio._base - DEBUG - Sharing flag: 0
2023-11-15 14:40:04,098 - rasterio._base - DEBUG - Nodata success: 1, Nodata value: nan
2023-11-15 14:40:04,098 - rasterio._base - DEBUG - Dataset <open DatasetReader name='https://radar.bmkg.go.id/raster/radarsatelit_202311151430.tif' mode='r'> is started.
2023-11-15 14:40:04,099 - rasterio.env - DEBUG - Exiting env context: <rasterio.env.Env object at 0x7f10258deab0>
2023-11-15 14:40:04,099 - rasterio.env - DEBUG - Cleared existing <rasterio._env.GDALEnv object at 0x7f10258df310> options
2023-11-15 14:40:04,099 - rasterio._env - DEBUG - Stopped GDALEnv <rasterio._env.GDALEnv object at 0x7f10258df310>.
2023-11-15 14:40:04,099 - rasterio.env - DEBUG - Exiting outermost env
2023-11-15 14:40:04,099 - rasterio.env - DEBUG - Exited env context: <rasterio.env.Env object at 0x7f10258deab0>
2023-11-15 14:40:04,100 - rasterio.env - DEBUG - Entering env context: <rasterio.env.Env object at 0x7f1080d136e0>
2023-11-15 14:40:04,100 - rasterio.env - DEBUG - Starting outermost env
2023-11-15 14:40:04,100 - rasterio.env - DEBUG - No GDAL environment exists
2023-11-15 14:40:04,100 - rasterio.env - DEBUG - New GDAL environment <rasterio._env.GDALEnv object at 0x7f10258df310> created
2023-11-15 14:40:04,100 - rasterio._env - DEBUG - GDAL data found in package: path='/home/swx/miniconda3/envs/present_weather/lib/python3.12/site-packages/rasterio/gdal_data'.
2023-11-15 14:40:04,101 - rasterio._env - DEBUG - PROJ_LIB found in environment.
2023-11-15 14:40:04,101 - rasterio._env - DEBUG - Started GDALEnv: self=<rasterio._env.GDALEnv object at 0x7f10258df310>.
2023-11-15 14:40:04,101 - rasterio.env - DEBUG - Entered env context: <rasterio.env.Env object at 0x7f1080d136e0>
2023-11-15 14:40:04,102 - rasterio.env - DEBUG - Got a copy of environment <rasterio._env.GDALEnv object at 0x7f10258df310> options
2023-11-15 14:40:04,102 - rasterio.env - DEBUG - Entering env context: <rasterio.env.Env object at 0x7f10258b0bc0>
2023-11-15 14:40:04,102 - rasterio.env - DEBUG - Got a copy of environment <rasterio._env.GDALEnv object at 0x7f10258df310> options
2023-11-15 14:40:04,102 - rasterio.env - DEBUG - Entered env context: <rasterio.env.Env object at 0x7f10258b0bc0>
2023-11-15 14:40:04,102 - rasterio._base - DEBUG - Sharing flag: 0
2023-11-15 14:40:04,103 - rasterio._base - DEBUG - Nodata success: 1, Nodata value: nan
2023-11-15 14:40:04,103 - rasterio._base - DEBUG - Dataset <open DatasetReader name='https://radar.bmkg.go.id/raster/radarsatelit_202311151430.tif' mode='r'> is started.
2023-11-15 14:40:04,104 - rasterio.env - DEBUG - Exiting env context: <rasterio.env.Env object at 0x7f10258b0bc0>
2023-11-15 14:40:04,104 - rasterio.env - DEBUG - Cleared existing <rasterio._env.GDALEnv object at 0x7f10258df310> options
2023-11-15 14:40:04,104 - rasterio._env - DEBUG - Stopped GDALEnv <rasterio._env.GDALEnv object at 0x7f10258df310>.
2023-11-15 14:40:04,104 - rasterio.env - DEBUG - No GDAL environment exists
2023-11-15 14:40:04,104 - rasterio.env - DEBUG - New GDAL environment <rasterio._env.GDALEnv object at 0x7f10258df310> created
2023-11-15 14:40:04,105 - rasterio._env - DEBUG - GDAL data found in package: path='/home/swx/miniconda3/envs/present_weather/lib/python3.12/site-packages/rasterio/gdal_data'.
2023-11-15 14:40:04,105 - rasterio._env - DEBUG - PROJ_LIB found in environment.
2023-11-15 14:40:04,105 - rasterio._env - DEBUG - Started GDALEnv: self=<rasterio._env.GDALEnv object at 0x7f10258df310>.
2023-11-15 14:40:04,105 - rasterio.env - DEBUG - Exited env context: <rasterio.env.Env object at 0x7f10258b0bc0>
2023-11-15 14:40:04,138 - rasterio._io - DEBUG - Output nodata value read from file: nan
2023-11-15 14:40:04,138 - rasterio._io - DEBUG - Output nodata values: [nan]
2023-11-15 14:40:04,139 - rasterio._io - DEBUG - all_valid: False
2023-11-15 14:40:04,139 - rasterio._io - DEBUG - mask_flags: ([<MaskFlags.nodata: 8>],)
2023-11-15 14:40:04,139 - rasterio._io - DEBUG - Jump straight to _read()
2023-11-15 14:40:04,139 - rasterio._io - DEBUG - Window: Window(col_off=0, row_off=0, width=10215, height=3789)
2023-11-15 14:40:04,140 - rasterio._io - DEBUG - IO window xoff=0.0 yoff=0.0 width=10215.0 height=3789.0
2023-11-15 14:40:04,883 - rasterio.env - DEBUG - Exiting env context: <rasterio.env.Env object at 0x7f1080d136e0>
2023-11-15 14:40:04,884 - rasterio.env - DEBUG - Cleared existing <rasterio._env.GDALEnv object at 0x7f10258df310> options
2023-11-15 14:40:04,884 - rasterio._env - DEBUG - Stopped GDALEnv <rasterio._env.GDALEnv object at 0x7f10258df310>.
2023-11-15 14:40:04,884 - rasterio.env - DEBUG - Exiting outermost env
2023-11-15 14:40:04,884 - rasterio.env - DEBUG - Exited env context: <rasterio.env.Env object at 0x7f1080d136e0>
2023-11-15 14:40:04,886 - urllib3.connectionpool - DEBUG - Starting new HTTPS connection (1): radar.bmkg.go.id:8060
2023-11-15 14:40:04,952 - urllib3.connectionpool - DEBUG - https://radar.bmkg.go.id:8060 "GET /getLatestLD?typeData=1 HTTP/1.1" 200 92891
2023-11-15 14:40:04,986 - asyncio - DEBUG - Using selector: EpollSelector
2023-11-15 14:40:11,651 - root - INFO - dask.bag<lambda, npartitions=34>
2023-11-15 14:54:30,228 - root - INFO - Total elapsed time: 0:14:26.409219
