2023-12-05 12:23:02,360 - root - INFO - Initiating present weather
2023-12-05 12:23:02,362 - asyncio - DEBUG - Using selector: EpollSelector
2023-12-05 12:23:03,858 - urllib3.connectionpool - DEBUG - Starting new HTTPS connection (1): radar.bmkg.go.id:8060
2023-12-05 12:23:03,870 - urllib3.connectionpool - DEBUG - https://radar.bmkg.go.id:8060 "GET /getLatestLD?typeData=1 HTTP/1.1" 200 62
2023-12-05 12:23:03,873 - urllib3.connectionpool - DEBUG - Starting new HTTPS connection (1): radar.bmkg.go.id:8060
2023-12-05 12:23:03,894 - urllib3.connectionpool - DEBUG - https://radar.bmkg.go.id:8060 "GET /getRadarGeotif?token=19387e71e78522ae4172ec0fda640983b8438c9cfa0ca571623cb69d8327&radar=amandemenForecast&type=latest HTTP/1.1" 200 90
2023-12-05 12:23:03,894 - rasterio.env - DEBUG - Entering env context: <rasterio.env.Env object at 0x7fb9cfb82950>
2023-12-05 12:23:03,895 - rasterio.env - DEBUG - Starting outermost env
2023-12-05 12:23:03,895 - rasterio.env - DEBUG - No GDAL environment exists
2023-12-05 12:23:03,895 - rasterio.env - DEBUG - New GDAL environment <rasterio._env.GDALEnv object at 0x7fb9cfb82b90> created
2023-12-05 12:23:03,898 - rasterio._filepath - DEBUG - Installing FilePath filesystem handler plugin...
2023-12-05 12:23:03,898 - rasterio._env - DEBUG - GDAL data found in package: path='/home/metpublic/PYTHON_VENV/present_weather/lib/python3.10/site-packages/rasterio/gdal_data'.
2023-12-05 12:23:03,898 - rasterio._env - DEBUG - PROJ data found in package: path='/home/metpublic/PYTHON_VENV/present_weather/lib/python3.10/site-packages/rasterio/proj_data'.
2023-12-05 12:23:03,898 - rasterio._env - DEBUG - Started GDALEnv: self=<rasterio._env.GDALEnv object at 0x7fb9cfb82b90>.
2023-12-05 12:23:03,898 - rasterio.env - DEBUG - Entered env context: <rasterio.env.Env object at 0x7fb9cfb82950>
2023-12-05 12:23:03,898 - rasterio._base - DEBUG - Sharing flag: 0
2023-12-05 12:23:04,127 - rasterio._base - DEBUG - Nodata success: 1, Nodata value: nan
2023-12-05 12:23:04,127 - rasterio._base - DEBUG - Dataset <open DatasetReader name='https://radar.bmkg.go.id/raster/radarsatelit_202312051220.tif' mode='r'> is started.
2023-12-05 12:23:04,127 - rasterio.env - DEBUG - Exiting env context: <rasterio.env.Env object at 0x7fb9cfb82950>
2023-12-05 12:23:04,127 - rasterio.env - DEBUG - Cleared existing <rasterio._env.GDALEnv object at 0x7fb9cfb82b90> options
2023-12-05 12:23:04,127 - rasterio._env - DEBUG - Stopped GDALEnv <rasterio._env.GDALEnv object at 0x7fb9cfb82b90>.
2023-12-05 12:23:04,127 - rasterio.env - DEBUG - Exiting outermost env
2023-12-05 12:23:04,127 - rasterio.env - DEBUG - Exited env context: <rasterio.env.Env object at 0x7fb9cfb82950>
2023-12-05 12:23:04,127 - rasterio.env - DEBUG - Entering env context: <rasterio.env.Env object at 0x7fb9cc0cbc40>
2023-12-05 12:23:04,128 - rasterio.env - DEBUG - Starting outermost env
2023-12-05 12:23:04,128 - rasterio.env - DEBUG - No GDAL environment exists
2023-12-05 12:23:04,128 - rasterio.env - DEBUG - New GDAL environment <rasterio._env.GDALEnv object at 0x7fb9cfb82b90> created
2023-12-05 12:23:04,128 - rasterio._env - DEBUG - GDAL data found in package: path='/home/metpublic/PYTHON_VENV/present_weather/lib/python3.10/site-packages/rasterio/gdal_data'.
2023-12-05 12:23:04,128 - rasterio._env - DEBUG - PROJ data found in package: path='/home/metpublic/PYTHON_VENV/present_weather/lib/python3.10/site-packages/rasterio/proj_data'.
2023-12-05 12:23:04,128 - rasterio._env - DEBUG - Started GDALEnv: self=<rasterio._env.GDALEnv object at 0x7fb9cfb82b90>.
2023-12-05 12:23:04,128 - rasterio.env - DEBUG - Entered env context: <rasterio.env.Env object at 0x7fb9cc0cbc40>
2023-12-05 12:23:04,129 - rasterio.env - DEBUG - Got a copy of environment <rasterio._env.GDALEnv object at 0x7fb9cfb82b90> options
2023-12-05 12:23:04,129 - rasterio.env - DEBUG - Entering env context: <rasterio.env.Env object at 0x7fb9cf24b1c0>
2023-12-05 12:23:04,129 - rasterio.env - DEBUG - Got a copy of environment <rasterio._env.GDALEnv object at 0x7fb9cfb82b90> options
2023-12-05 12:23:04,129 - rasterio.env - DEBUG - Entered env context: <rasterio.env.Env object at 0x7fb9cf24b1c0>
2023-12-05 12:23:04,129 - rasterio._base - DEBUG - Sharing flag: 0
2023-12-05 12:23:04,131 - rasterio._base - DEBUG - Nodata success: 1, Nodata value: nan
2023-12-05 12:23:04,131 - rasterio._base - DEBUG - Dataset <open DatasetReader name='https://radar.bmkg.go.id/raster/radarsatelit_202312051220.tif' mode='r'> is started.
2023-12-05 12:23:04,131 - rasterio.env - DEBUG - Exiting env context: <rasterio.env.Env object at 0x7fb9cf24b1c0>
2023-12-05 12:23:04,131 - rasterio.env - DEBUG - Cleared existing <rasterio._env.GDALEnv object at 0x7fb9cfb82b90> options
2023-12-05 12:23:04,131 - rasterio._env - DEBUG - Stopped GDALEnv <rasterio._env.GDALEnv object at 0x7fb9cfb82b90>.
2023-12-05 12:23:04,132 - rasterio.env - DEBUG - No GDAL environment exists
2023-12-05 12:23:04,132 - rasterio.env - DEBUG - New GDAL environment <rasterio._env.GDALEnv object at 0x7fb9cfb82b90> created
2023-12-05 12:23:04,132 - rasterio._env - DEBUG - GDAL data found in package: path='/home/metpublic/PYTHON_VENV/present_weather/lib/python3.10/site-packages/rasterio/gdal_data'.
2023-12-05 12:23:04,132 - rasterio._env - DEBUG - PROJ data found in package: path='/home/metpublic/PYTHON_VENV/present_weather/lib/python3.10/site-packages/rasterio/proj_data'.
2023-12-05 12:23:04,132 - rasterio._env - DEBUG - Started GDALEnv: self=<rasterio._env.GDALEnv object at 0x7fb9cfb82b90>.
2023-12-05 12:23:04,132 - rasterio.env - DEBUG - Exited env context: <rasterio.env.Env object at 0x7fb9cf24b1c0>
2023-12-05 12:23:04,149 - rasterio._io - DEBUG - Output nodata value read from file: nan
2023-12-05 12:23:04,149 - rasterio._io - DEBUG - Output nodata values: [nan]
2023-12-05 12:23:04,150 - rasterio._io - DEBUG - all_valid: False
2023-12-05 12:23:04,150 - rasterio._io - DEBUG - mask_flags: ([<MaskFlags.nodata: 8>],)
2023-12-05 12:23:04,150 - rasterio._io - DEBUG - Jump straight to _read()
2023-12-05 12:23:04,150 - rasterio._io - DEBUG - Window: Window(col_off=0, row_off=0, width=10177, height=3732)
2023-12-05 12:23:04,151 - rasterio._io - DEBUG - IO window xoff=0.0 yoff=0.0 width=10177.0 height=3732.0
2023-12-05 12:23:04,716 - rasterio.env - DEBUG - Exiting env context: <rasterio.env.Env object at 0x7fb9cc0cbc40>
2023-12-05 12:23:04,716 - rasterio.env - DEBUG - Cleared existing <rasterio._env.GDALEnv object at 0x7fb9cfb82b90> options
2023-12-05 12:23:04,716 - rasterio._env - DEBUG - Stopped GDALEnv <rasterio._env.GDALEnv object at 0x7fb9cfb82b90>.
2023-12-05 12:23:04,716 - rasterio.env - DEBUG - Exiting outermost env
2023-12-05 12:23:04,716 - rasterio.env - DEBUG - Exited env context: <rasterio.env.Env object at 0x7fb9cc0cbc40>
2023-12-05 12:27:48,252 - rasterio.env - DEBUG - Entering env context: <rasterio.env.Env object at 0x7fb9ac519390>
2023-12-05 12:27:48,253 - rasterio.env - DEBUG - Starting outermost env
2023-12-05 12:27:48,253 - rasterio.env - DEBUG - No GDAL environment exists
2023-12-05 12:27:48,253 - rasterio.env - DEBUG - New GDAL environment <rasterio._env.GDALEnv object at 0x7fb9ac678c40> created
2023-12-05 12:27:48,254 - rasterio._env - DEBUG - GDAL data found in package: path='/home/metpublic/PYTHON_VENV/present_weather/lib/python3.10/site-packages/rasterio/gdal_data'.
2023-12-05 12:27:48,254 - rasterio._env - DEBUG - PROJ data found in package: path='/home/metpublic/PYTHON_VENV/present_weather/lib/python3.10/site-packages/rasterio/proj_data'.
2023-12-05 12:27:48,254 - rasterio._env - DEBUG - Started GDALEnv: self=<rasterio._env.GDALEnv object at 0x7fb9ac678c40>.
2023-12-05 12:27:48,255 - rasterio.env - DEBUG - Entered env context: <rasterio.env.Env object at 0x7fb9ac519390>
2023-12-05 12:27:48,255 - rasterio._base - DEBUG - Sharing flag: 0
2023-12-05 12:27:48,256 - rasterio._base - DEBUG - Nodata success: 0, Nodata value: 0.000000
2023-12-05 12:27:48,256 - rasterio._base - DEBUG - Dataset <open DatasetReader name='/home/metpublic/TASK_RELEASE/EFAN/present_weather/src/H09_B13_Indonesia_20231205.Z1210.cor.tiff' mode='r'> is started.
2023-12-05 12:27:48,257 - rasterio.env - DEBUG - Exiting env context: <rasterio.env.Env object at 0x7fb9ac519390>
2023-12-05 12:27:48,257 - rasterio.env - DEBUG - Cleared existing <rasterio._env.GDALEnv object at 0x7fb9ac678c40> options
2023-12-05 12:27:48,257 - rasterio._env - DEBUG - Stopped GDALEnv <rasterio._env.GDALEnv object at 0x7fb9ac678c40>.
2023-12-05 12:27:48,257 - rasterio.env - DEBUG - Exiting outermost env
2023-12-05 12:27:48,257 - rasterio.env - DEBUG - Exited env context: <rasterio.env.Env object at 0x7fb9ac519390>
2023-12-05 12:27:48,257 - rasterio.env - DEBUG - Entering env context: <rasterio.env.Env object at 0x7fb9ac679a50>
2023-12-05 12:27:48,257 - rasterio.env - DEBUG - Starting outermost env
2023-12-05 12:27:48,258 - rasterio.env - DEBUG - No GDAL environment exists
2023-12-05 12:27:48,258 - rasterio.env - DEBUG - New GDAL environment <rasterio._env.GDALEnv object at 0x7fb9ac51a410> created
2023-12-05 12:27:48,259 - rasterio._env - DEBUG - GDAL data found in package: path='/home/metpublic/PYTHON_VENV/present_weather/lib/python3.10/site-packages/rasterio/gdal_data'.
2023-12-05 12:27:48,259 - rasterio._env - DEBUG - PROJ data found in package: path='/home/metpublic/PYTHON_VENV/present_weather/lib/python3.10/site-packages/rasterio/proj_data'.
2023-12-05 12:27:48,260 - rasterio._env - DEBUG - Started GDALEnv: self=<rasterio._env.GDALEnv object at 0x7fb9ac51a410>.
2023-12-05 12:27:48,260 - rasterio.env - DEBUG - Entered env context: <rasterio.env.Env object at 0x7fb9ac679a50>
2023-12-05 12:27:48,260 - rasterio._base - DEBUG - Sharing flag: 0
2023-12-05 12:27:48,261 - rasterio._base - DEBUG - Nodata success: 0, Nodata value: 0.000000
2023-12-05 12:27:48,261 - rasterio._base - DEBUG - Dataset <open DatasetReader name='/home/metpublic/TASK_RELEASE/EFAN/present_weather/src/H09_B13_Indonesia_20231205.Z1210.cor.tiff' mode='r'> is started.
2023-12-05 12:27:48,261 - rasterio.env - DEBUG - Exiting env context: <rasterio.env.Env object at 0x7fb9ac679a50>
2023-12-05 12:27:48,261 - rasterio.env - DEBUG - Cleared existing <rasterio._env.GDALEnv object at 0x7fb9ac51a410> options
2023-12-05 12:27:48,261 - rasterio._env - DEBUG - Stopped GDALEnv <rasterio._env.GDALEnv object at 0x7fb9ac51a410>.
2023-12-05 12:27:48,261 - rasterio.env - DEBUG - Exiting outermost env
2023-12-05 12:27:48,261 - rasterio.env - DEBUG - Exited env context: <rasterio.env.Env object at 0x7fb9ac679a50>
2023-12-05 12:27:48,274 - root - INFO - Generating present weather using SATELITE data
2023-12-05 12:29:39,542 - root - INFO - Total elapsed time: 0:06:37.182661
