2023-12-05 22:53:02,177 - root - INFO - Initiating present weather
2023-12-05 22:53:02,179 - asyncio - DEBUG - Using selector: EpollSelector
2023-12-05 22:53:03,631 - urllib3.connectionpool - DEBUG - Starting new HTTPS connection (1): radar.bmkg.go.id:8060
2023-12-05 22:53:03,646 - urllib3.connectionpool - DEBUG - https://radar.bmkg.go.id:8060 "GET /getLatestLD?typeData=1 HTTP/1.1" 200 62
2023-12-05 22:53:03,648 - urllib3.connectionpool - DEBUG - Starting new HTTPS connection (1): radar.bmkg.go.id:8060
2023-12-05 22:53:03,666 - urllib3.connectionpool - DEBUG - https://radar.bmkg.go.id:8060 "GET /getRadarGeotif?token=19387e71e78522ae4172ec0fda640983b8438c9cfa0ca571623cb69d8327&radar=amandemenForecast&type=latest HTTP/1.1" 200 90
2023-12-05 22:53:03,667 - rasterio.env - DEBUG - Entering env context: <rasterio.env.Env object at 0x7f1c431fad10>
2023-12-05 22:53:03,667 - rasterio.env - DEBUG - Starting outermost env
2023-12-05 22:53:03,667 - rasterio.env - DEBUG - No GDAL environment exists
2023-12-05 22:53:03,667 - rasterio.env - DEBUG - New GDAL environment <rasterio._env.GDALEnv object at 0x7f1c431fabf0> created
2023-12-05 22:53:03,670 - rasterio._filepath - DEBUG - Installing FilePath filesystem handler plugin...
2023-12-05 22:53:03,670 - rasterio._env - DEBUG - GDAL data found in package: path='/home/metpublic/PYTHON_VENV/present_weather/lib/python3.10/site-packages/rasterio/gdal_data'.
2023-12-05 22:53:03,671 - rasterio._env - DEBUG - PROJ data found in package: path='/home/metpublic/PYTHON_VENV/present_weather/lib/python3.10/site-packages/rasterio/proj_data'.
2023-12-05 22:53:03,671 - rasterio._env - DEBUG - Started GDALEnv: self=<rasterio._env.GDALEnv object at 0x7f1c431fabf0>.
2023-12-05 22:53:03,671 - rasterio.env - DEBUG - Entered env context: <rasterio.env.Env object at 0x7f1c431fad10>
2023-12-05 22:53:03,671 - rasterio._base - DEBUG - Sharing flag: 0
2023-12-05 22:53:03,897 - rasterio._base - DEBUG - Nodata success: 1, Nodata value: nan
2023-12-05 22:53:03,898 - rasterio._base - DEBUG - Dataset <open DatasetReader name='https://radar.bmkg.go.id/raster/radarsatelit_202312052200.tif' mode='r'> is started.
2023-12-05 22:53:03,898 - rasterio.env - DEBUG - Exiting env context: <rasterio.env.Env object at 0x7f1c431fad10>
2023-12-05 22:53:03,898 - rasterio.env - DEBUG - Cleared existing <rasterio._env.GDALEnv object at 0x7f1c431fabf0> options
2023-12-05 22:53:03,898 - rasterio._env - DEBUG - Stopped GDALEnv <rasterio._env.GDALEnv object at 0x7f1c431fabf0>.
2023-12-05 22:53:03,898 - rasterio.env - DEBUG - Exiting outermost env
2023-12-05 22:53:03,898 - rasterio.env - DEBUG - Exited env context: <rasterio.env.Env object at 0x7f1c431fad10>
2023-12-05 22:53:03,898 - rasterio.env - DEBUG - Entering env context: <rasterio.env.Env object at 0x7f1c428885e0>
2023-12-05 22:53:03,898 - rasterio.env - DEBUG - Starting outermost env
2023-12-05 22:53:03,898 - rasterio.env - DEBUG - No GDAL environment exists
2023-12-05 22:53:03,898 - rasterio.env - DEBUG - New GDAL environment <rasterio._env.GDALEnv object at 0x7f1c431fabf0> created
2023-12-05 22:53:03,899 - rasterio._env - DEBUG - GDAL data found in package: path='/home/metpublic/PYTHON_VENV/present_weather/lib/python3.10/site-packages/rasterio/gdal_data'.
2023-12-05 22:53:03,899 - rasterio._env - DEBUG - PROJ data found in package: path='/home/metpublic/PYTHON_VENV/present_weather/lib/python3.10/site-packages/rasterio/proj_data'.
2023-12-05 22:53:03,899 - rasterio._env - DEBUG - Started GDALEnv: self=<rasterio._env.GDALEnv object at 0x7f1c431fabf0>.
2023-12-05 22:53:03,899 - rasterio.env - DEBUG - Entered env context: <rasterio.env.Env object at 0x7f1c428885e0>
2023-12-05 22:53:03,899 - rasterio.env - DEBUG - Got a copy of environment <rasterio._env.GDALEnv object at 0x7f1c431fabf0> options
2023-12-05 22:53:03,899 - rasterio.env - DEBUG - Entering env context: <rasterio.env.Env object at 0x7f1c28756170>
2023-12-05 22:53:03,899 - rasterio.env - DEBUG - Got a copy of environment <rasterio._env.GDALEnv object at 0x7f1c431fabf0> options
2023-12-05 22:53:03,899 - rasterio.env - DEBUG - Entered env context: <rasterio.env.Env object at 0x7f1c28756170>
2023-12-05 22:53:03,900 - rasterio._base - DEBUG - Sharing flag: 0
2023-12-05 22:53:03,900 - rasterio._base - DEBUG - Nodata success: 1, Nodata value: nan
2023-12-05 22:53:03,901 - rasterio._base - DEBUG - Dataset <open DatasetReader name='https://radar.bmkg.go.id/raster/radarsatelit_202312052200.tif' mode='r'> is started.
2023-12-05 22:53:03,901 - rasterio.env - DEBUG - Exiting env context: <rasterio.env.Env object at 0x7f1c28756170>
2023-12-05 22:53:03,901 - rasterio.env - DEBUG - Cleared existing <rasterio._env.GDALEnv object at 0x7f1c431fabf0> options
2023-12-05 22:53:03,901 - rasterio._env - DEBUG - Stopped GDALEnv <rasterio._env.GDALEnv object at 0x7f1c431fabf0>.
2023-12-05 22:53:03,901 - rasterio.env - DEBUG - No GDAL environment exists
2023-12-05 22:53:03,901 - rasterio.env - DEBUG - New GDAL environment <rasterio._env.GDALEnv object at 0x7f1c431fabf0> created
2023-12-05 22:53:03,901 - rasterio._env - DEBUG - GDAL data found in package: path='/home/metpublic/PYTHON_VENV/present_weather/lib/python3.10/site-packages/rasterio/gdal_data'.
2023-12-05 22:53:03,901 - rasterio._env - DEBUG - PROJ data found in package: path='/home/metpublic/PYTHON_VENV/present_weather/lib/python3.10/site-packages/rasterio/proj_data'.
2023-12-05 22:53:03,901 - rasterio._env - DEBUG - Started GDALEnv: self=<rasterio._env.GDALEnv object at 0x7f1c431fabf0>.
2023-12-05 22:53:03,902 - rasterio.env - DEBUG - Exited env context: <rasterio.env.Env object at 0x7f1c28756170>
2023-12-05 22:53:03,918 - rasterio._io - DEBUG - Output nodata value read from file: nan
2023-12-05 22:53:03,919 - rasterio._io - DEBUG - Output nodata values: [nan]
2023-12-05 22:53:03,919 - rasterio._io - DEBUG - all_valid: False
2023-12-05 22:53:03,919 - rasterio._io - DEBUG - mask_flags: ([<MaskFlags.nodata: 8>],)
2023-12-05 22:53:03,919 - rasterio._io - DEBUG - Jump straight to _read()
2023-12-05 22:53:03,919 - rasterio._io - DEBUG - Window: Window(col_off=0, row_off=0, width=10177, height=3732)
2023-12-05 22:53:03,920 - rasterio._io - DEBUG - IO window xoff=0.0 yoff=0.0 width=10177.0 height=3732.0
2023-12-05 22:53:04,452 - rasterio.env - DEBUG - Exiting env context: <rasterio.env.Env object at 0x7f1c428885e0>
2023-12-05 22:53:04,452 - rasterio.env - DEBUG - Cleared existing <rasterio._env.GDALEnv object at 0x7f1c431fabf0> options
2023-12-05 22:53:04,452 - rasterio._env - DEBUG - Stopped GDALEnv <rasterio._env.GDALEnv object at 0x7f1c431fabf0>.
2023-12-05 22:53:04,452 - rasterio.env - DEBUG - Exiting outermost env
2023-12-05 22:53:04,452 - rasterio.env - DEBUG - Exited env context: <rasterio.env.Env object at 0x7f1c428885e0>
2023-12-05 22:56:48,161 - rasterio.env - DEBUG - Entering env context: <rasterio.env.Env object at 0x7f1c287d62f0>
2023-12-05 22:56:48,161 - rasterio.env - DEBUG - Starting outermost env
2023-12-05 22:56:48,161 - rasterio.env - DEBUG - No GDAL environment exists
2023-12-05 22:56:48,161 - rasterio.env - DEBUG - New GDAL environment <rasterio._env.GDALEnv object at 0x7f1c287d5c60> created
2023-12-05 22:56:48,162 - rasterio._env - DEBUG - GDAL data found in package: path='/home/metpublic/PYTHON_VENV/present_weather/lib/python3.10/site-packages/rasterio/gdal_data'.
2023-12-05 22:56:48,162 - rasterio._env - DEBUG - PROJ data found in package: path='/home/metpublic/PYTHON_VENV/present_weather/lib/python3.10/site-packages/rasterio/proj_data'.
2023-12-05 22:56:48,162 - rasterio._env - DEBUG - Started GDALEnv: self=<rasterio._env.GDALEnv object at 0x7f1c287d5c60>.
2023-12-05 22:56:48,162 - rasterio.env - DEBUG - Entered env context: <rasterio.env.Env object at 0x7f1c287d62f0>
2023-12-05 22:56:48,162 - rasterio._base - DEBUG - Sharing flag: 0
2023-12-05 22:56:48,163 - rasterio._base - DEBUG - Nodata success: 0, Nodata value: 0.000000
2023-12-05 22:56:48,163 - rasterio._base - DEBUG - Dataset <open DatasetReader name='/home/metpublic/TASK_RELEASE/EFAN/present_weather/src/H09_B13_Indonesia_20231205.Z2240.cor.tiff' mode='r'> is started.
2023-12-05 22:56:48,163 - rasterio.env - DEBUG - Exiting env context: <rasterio.env.Env object at 0x7f1c287d62f0>
2023-12-05 22:56:48,164 - rasterio.env - DEBUG - Cleared existing <rasterio._env.GDALEnv object at 0x7f1c287d5c60> options
2023-12-05 22:56:48,164 - rasterio._env - DEBUG - Stopped GDALEnv <rasterio._env.GDALEnv object at 0x7f1c287d5c60>.
2023-12-05 22:56:48,164 - rasterio.env - DEBUG - Exiting outermost env
2023-12-05 22:56:48,164 - rasterio.env - DEBUG - Exited env context: <rasterio.env.Env object at 0x7f1c287d62f0>
2023-12-05 22:56:48,164 - rasterio.env - DEBUG - Entering env context: <rasterio.env.Env object at 0x7f1c433efc40>
2023-12-05 22:56:48,164 - rasterio.env - DEBUG - Starting outermost env
2023-12-05 22:56:48,164 - rasterio.env - DEBUG - No GDAL environment exists
2023-12-05 22:56:48,164 - rasterio.env - DEBUG - New GDAL environment <rasterio._env.GDALEnv object at 0x7f1c28755420> created
2023-12-05 22:56:48,164 - rasterio._env - DEBUG - GDAL data found in package: path='/home/metpublic/PYTHON_VENV/present_weather/lib/python3.10/site-packages/rasterio/gdal_data'.
2023-12-05 22:56:48,164 - rasterio._env - DEBUG - PROJ data found in package: path='/home/metpublic/PYTHON_VENV/present_weather/lib/python3.10/site-packages/rasterio/proj_data'.
2023-12-05 22:56:48,165 - rasterio._env - DEBUG - Started GDALEnv: self=<rasterio._env.GDALEnv object at 0x7f1c28755420>.
2023-12-05 22:56:48,165 - rasterio.env - DEBUG - Entered env context: <rasterio.env.Env object at 0x7f1c433efc40>
2023-12-05 22:56:48,165 - rasterio._base - DEBUG - Sharing flag: 0
2023-12-05 22:56:48,165 - rasterio._base - DEBUG - Nodata success: 0, Nodata value: 0.000000
2023-12-05 22:56:48,166 - rasterio._base - DEBUG - Dataset <open DatasetReader name='/home/metpublic/TASK_RELEASE/EFAN/present_weather/src/H09_B13_Indonesia_20231205.Z2240.cor.tiff' mode='r'> is started.
2023-12-05 22:56:48,166 - rasterio.env - DEBUG - Exiting env context: <rasterio.env.Env object at 0x7f1c433efc40>
2023-12-05 22:56:48,166 - rasterio.env - DEBUG - Cleared existing <rasterio._env.GDALEnv object at 0x7f1c28755420> options
2023-12-05 22:56:48,166 - rasterio._env - DEBUG - Stopped GDALEnv <rasterio._env.GDALEnv object at 0x7f1c28755420>.
2023-12-05 22:56:48,166 - rasterio.env - DEBUG - Exiting outermost env
2023-12-05 22:56:48,166 - rasterio.env - DEBUG - Exited env context: <rasterio.env.Env object at 0x7f1c433efc40>
2023-12-05 22:56:48,175 - root - INFO - Generating present weather using SATELITE data
2023-12-05 22:58:20,023 - root - INFO - Total elapsed time: 0:05:17.846126
