2023-12-05 18:33:02,493 - root - INFO - Initiating present weather
2023-12-05 18:33:02,495 - asyncio - DEBUG - Using selector: EpollSelector
2023-12-05 18:33:04,000 - urllib3.connectionpool - DEBUG - Starting new HTTPS connection (1): radar.bmkg.go.id:8060
2023-12-05 18:33:04,012 - urllib3.connectionpool - DEBUG - https://radar.bmkg.go.id:8060 "GET /getLatestLD?typeData=1 HTTP/1.1" 200 62
2023-12-05 18:33:04,014 - urllib3.connectionpool - DEBUG - Starting new HTTPS connection (1): radar.bmkg.go.id:8060
2023-12-05 18:33:04,037 - urllib3.connectionpool - DEBUG - https://radar.bmkg.go.id:8060 "GET /getRadarGeotif?token=19387e71e78522ae4172ec0fda640983b8438c9cfa0ca571623cb69d8327&radar=amandemenForecast&type=latest HTTP/1.1" 200 90
2023-12-05 18:33:04,038 - rasterio.env - DEBUG - Entering env context: <rasterio.env.Env object at 0x7fc112656bf0>
2023-12-05 18:33:04,038 - rasterio.env - DEBUG - Starting outermost env
2023-12-05 18:33:04,038 - rasterio.env - DEBUG - No GDAL environment exists
2023-12-05 18:33:04,038 - rasterio.env - DEBUG - New GDAL environment <rasterio._env.GDALEnv object at 0x7fc1126569b0> created
2023-12-05 18:33:04,041 - rasterio._filepath - DEBUG - Installing FilePath filesystem handler plugin...
2023-12-05 18:33:04,041 - rasterio._env - DEBUG - GDAL data found in package: path='/home/metpublic/PYTHON_VENV/present_weather/lib/python3.10/site-packages/rasterio/gdal_data'.
2023-12-05 18:33:04,041 - rasterio._env - DEBUG - PROJ data found in package: path='/home/metpublic/PYTHON_VENV/present_weather/lib/python3.10/site-packages/rasterio/proj_data'.
2023-12-05 18:33:04,041 - rasterio._env - DEBUG - Started GDALEnv: self=<rasterio._env.GDALEnv object at 0x7fc1126569b0>.
2023-12-05 18:33:04,041 - rasterio.env - DEBUG - Entered env context: <rasterio.env.Env object at 0x7fc112656bf0>
2023-12-05 18:33:04,042 - rasterio._base - DEBUG - Sharing flag: 0
2023-12-05 18:33:04,277 - rasterio._base - DEBUG - Nodata success: 1, Nodata value: nan
2023-12-05 18:33:04,277 - rasterio._base - DEBUG - Dataset <open DatasetReader name='https://radar.bmkg.go.id/raster/radarsatelit_202312051830.tif' mode='r'> is started.
2023-12-05 18:33:04,277 - rasterio.env - DEBUG - Exiting env context: <rasterio.env.Env object at 0x7fc112656bf0>
2023-12-05 18:33:04,277 - rasterio.env - DEBUG - Cleared existing <rasterio._env.GDALEnv object at 0x7fc1126569b0> options
2023-12-05 18:33:04,277 - rasterio._env - DEBUG - Stopped GDALEnv <rasterio._env.GDALEnv object at 0x7fc1126569b0>.
2023-12-05 18:33:04,277 - rasterio.env - DEBUG - Exiting outermost env
2023-12-05 18:33:04,278 - rasterio.env - DEBUG - Exited env context: <rasterio.env.Env object at 0x7fc112656bf0>
2023-12-05 18:33:04,278 - rasterio.env - DEBUG - Entering env context: <rasterio.env.Env object at 0x7fc111cdc520>
2023-12-05 18:33:04,278 - rasterio.env - DEBUG - Starting outermost env
2023-12-05 18:33:04,278 - rasterio.env - DEBUG - No GDAL environment exists
2023-12-05 18:33:04,278 - rasterio.env - DEBUG - New GDAL environment <rasterio._env.GDALEnv object at 0x7fc1126569b0> created
2023-12-05 18:33:04,278 - rasterio._env - DEBUG - GDAL data found in package: path='/home/metpublic/PYTHON_VENV/present_weather/lib/python3.10/site-packages/rasterio/gdal_data'.
2023-12-05 18:33:04,278 - rasterio._env - DEBUG - PROJ data found in package: path='/home/metpublic/PYTHON_VENV/present_weather/lib/python3.10/site-packages/rasterio/proj_data'.
2023-12-05 18:33:04,278 - rasterio._env - DEBUG - Started GDALEnv: self=<rasterio._env.GDALEnv object at 0x7fc1126569b0>.
2023-12-05 18:33:04,278 - rasterio.env - DEBUG - Entered env context: <rasterio.env.Env object at 0x7fc111cdc520>
2023-12-05 18:33:04,279 - rasterio.env - DEBUG - Got a copy of environment <rasterio._env.GDALEnv object at 0x7fc1126569b0> options
2023-12-05 18:33:04,279 - rasterio.env - DEBUG - Entering env context: <rasterio.env.Env object at 0x7fc1102be080>
2023-12-05 18:33:04,279 - rasterio.env - DEBUG - Got a copy of environment <rasterio._env.GDALEnv object at 0x7fc1126569b0> options
2023-12-05 18:33:04,279 - rasterio.env - DEBUG - Entered env context: <rasterio.env.Env object at 0x7fc1102be080>
2023-12-05 18:33:04,279 - rasterio._base - DEBUG - Sharing flag: 0
2023-12-05 18:33:04,280 - rasterio._base - DEBUG - Nodata success: 1, Nodata value: nan
2023-12-05 18:33:04,280 - rasterio._base - DEBUG - Dataset <open DatasetReader name='https://radar.bmkg.go.id/raster/radarsatelit_202312051830.tif' mode='r'> is started.
2023-12-05 18:33:04,280 - rasterio.env - DEBUG - Exiting env context: <rasterio.env.Env object at 0x7fc1102be080>
2023-12-05 18:33:04,280 - rasterio.env - DEBUG - Cleared existing <rasterio._env.GDALEnv object at 0x7fc1126569b0> options
2023-12-05 18:33:04,280 - rasterio._env - DEBUG - Stopped GDALEnv <rasterio._env.GDALEnv object at 0x7fc1126569b0>.
2023-12-05 18:33:04,280 - rasterio.env - DEBUG - No GDAL environment exists
2023-12-05 18:33:04,280 - rasterio.env - DEBUG - New GDAL environment <rasterio._env.GDALEnv object at 0x7fc1126569b0> created
2023-12-05 18:33:04,281 - rasterio._env - DEBUG - GDAL data found in package: path='/home/metpublic/PYTHON_VENV/present_weather/lib/python3.10/site-packages/rasterio/gdal_data'.
2023-12-05 18:33:04,281 - rasterio._env - DEBUG - PROJ data found in package: path='/home/metpublic/PYTHON_VENV/present_weather/lib/python3.10/site-packages/rasterio/proj_data'.
2023-12-05 18:33:04,281 - rasterio._env - DEBUG - Started GDALEnv: self=<rasterio._env.GDALEnv object at 0x7fc1126569b0>.
2023-12-05 18:33:04,281 - rasterio.env - DEBUG - Exited env context: <rasterio.env.Env object at 0x7fc1102be080>
2023-12-05 18:33:04,297 - rasterio._io - DEBUG - Output nodata value read from file: nan
2023-12-05 18:33:04,298 - rasterio._io - DEBUG - Output nodata values: [nan]
2023-12-05 18:33:04,298 - rasterio._io - DEBUG - all_valid: False
2023-12-05 18:33:04,298 - rasterio._io - DEBUG - mask_flags: ([<MaskFlags.nodata: 8>],)
2023-12-05 18:33:04,299 - rasterio._io - DEBUG - Jump straight to _read()
2023-12-05 18:33:04,299 - rasterio._io - DEBUG - Window: Window(col_off=0, row_off=0, width=10177, height=3732)
2023-12-05 18:33:04,300 - rasterio._io - DEBUG - IO window xoff=0.0 yoff=0.0 width=10177.0 height=3732.0
2023-12-05 18:33:04,844 - rasterio.env - DEBUG - Exiting env context: <rasterio.env.Env object at 0x7fc111cdc520>
2023-12-05 18:33:04,845 - rasterio.env - DEBUG - Cleared existing <rasterio._env.GDALEnv object at 0x7fc1126569b0> options
2023-12-05 18:33:04,845 - rasterio._env - DEBUG - Stopped GDALEnv <rasterio._env.GDALEnv object at 0x7fc1126569b0>.
2023-12-05 18:33:04,845 - rasterio.env - DEBUG - Exiting outermost env
2023-12-05 18:33:04,845 - rasterio.env - DEBUG - Exited env context: <rasterio.env.Env object at 0x7fc111cdc520>
2023-12-05 18:37:50,341 - rasterio.env - DEBUG - Entering env context: <rasterio.env.Env object at 0x7fc1100b7070>
2023-12-05 18:37:50,341 - rasterio.env - DEBUG - Starting outermost env
2023-12-05 18:37:50,342 - rasterio.env - DEBUG - No GDAL environment exists
2023-12-05 18:37:50,342 - rasterio.env - DEBUG - New GDAL environment <rasterio._env.GDALEnv object at 0x7fc1100b58a0> created
2023-12-05 18:37:50,342 - rasterio._env - DEBUG - GDAL data found in package: path='/home/metpublic/PYTHON_VENV/present_weather/lib/python3.10/site-packages/rasterio/gdal_data'.
2023-12-05 18:37:50,342 - rasterio._env - DEBUG - PROJ data found in package: path='/home/metpublic/PYTHON_VENV/present_weather/lib/python3.10/site-packages/rasterio/proj_data'.
2023-12-05 18:37:50,343 - rasterio._env - DEBUG - Started GDALEnv: self=<rasterio._env.GDALEnv object at 0x7fc1100b58a0>.
2023-12-05 18:37:50,343 - rasterio.env - DEBUG - Entered env context: <rasterio.env.Env object at 0x7fc1100b7070>
2023-12-05 18:37:50,343 - rasterio._base - DEBUG - Sharing flag: 0
2023-12-05 18:37:50,344 - rasterio._base - DEBUG - Nodata success: 0, Nodata value: 0.000000
2023-12-05 18:37:50,344 - rasterio._base - DEBUG - Dataset <open DatasetReader name='/home/metpublic/TASK_RELEASE/EFAN/present_weather/src/H09_B13_Indonesia_20231205.Z1820.cor.tiff' mode='r'> is started.
2023-12-05 18:37:50,344 - rasterio.env - DEBUG - Exiting env context: <rasterio.env.Env object at 0x7fc1100b7070>
2023-12-05 18:37:50,345 - rasterio.env - DEBUG - Cleared existing <rasterio._env.GDALEnv object at 0x7fc1100b58a0> options
2023-12-05 18:37:50,345 - rasterio._env - DEBUG - Stopped GDALEnv <rasterio._env.GDALEnv object at 0x7fc1100b58a0>.
2023-12-05 18:37:50,345 - rasterio.env - DEBUG - Exiting outermost env
2023-12-05 18:37:50,345 - rasterio.env - DEBUG - Exited env context: <rasterio.env.Env object at 0x7fc1100b7070>
2023-12-05 18:37:50,345 - rasterio.env - DEBUG - Entering env context: <rasterio.env.Env object at 0x7fc11022d720>
2023-12-05 18:37:50,345 - rasterio.env - DEBUG - Starting outermost env
2023-12-05 18:37:50,345 - rasterio.env - DEBUG - No GDAL environment exists
2023-12-05 18:37:50,345 - rasterio.env - DEBUG - New GDAL environment <rasterio._env.GDALEnv object at 0x7fc11022d5a0> created
2023-12-05 18:37:50,346 - rasterio._env - DEBUG - GDAL data found in package: path='/home/metpublic/PYTHON_VENV/present_weather/lib/python3.10/site-packages/rasterio/gdal_data'.
2023-12-05 18:37:50,346 - rasterio._env - DEBUG - PROJ data found in package: path='/home/metpublic/PYTHON_VENV/present_weather/lib/python3.10/site-packages/rasterio/proj_data'.
2023-12-05 18:37:50,346 - rasterio._env - DEBUG - Started GDALEnv: self=<rasterio._env.GDALEnv object at 0x7fc11022d5a0>.
2023-12-05 18:37:50,346 - rasterio.env - DEBUG - Entered env context: <rasterio.env.Env object at 0x7fc11022d720>
2023-12-05 18:37:50,346 - rasterio._base - DEBUG - Sharing flag: 0
2023-12-05 18:37:50,347 - rasterio._base - DEBUG - Nodata success: 0, Nodata value: 0.000000
2023-12-05 18:37:50,347 - rasterio._base - DEBUG - Dataset <open DatasetReader name='/home/metpublic/TASK_RELEASE/EFAN/present_weather/src/H09_B13_Indonesia_20231205.Z1820.cor.tiff' mode='r'> is started.
2023-12-05 18:37:50,347 - rasterio.env - DEBUG - Exiting env context: <rasterio.env.Env object at 0x7fc11022d720>
2023-12-05 18:37:50,347 - rasterio.env - DEBUG - Cleared existing <rasterio._env.GDALEnv object at 0x7fc11022d5a0> options
2023-12-05 18:37:50,347 - rasterio._env - DEBUG - Stopped GDALEnv <rasterio._env.GDALEnv object at 0x7fc11022d5a0>.
2023-12-05 18:37:50,347 - rasterio.env - DEBUG - Exiting outermost env
2023-12-05 18:37:50,347 - rasterio.env - DEBUG - Exited env context: <rasterio.env.Env object at 0x7fc11022d720>
2023-12-05 18:37:50,359 - root - INFO - Generating present weather using SATELITE data
2023-12-05 18:39:49,925 - root - INFO - Total elapsed time: 0:06:47.432528
