2023-12-06 03:23:02,890 - root - INFO - Initiating present weather
2023-12-06 03:23:02,891 - asyncio - DEBUG - Using selector: EpollSelector
2023-12-06 03:23:04,455 - urllib3.connectionpool - DEBUG - Starting new HTTPS connection (1): radar.bmkg.go.id:8060
2023-12-06 03:23:04,468 - urllib3.connectionpool - DEBUG - https://radar.bmkg.go.id:8060 "GET /getLatestLD?typeData=1 HTTP/1.1" 200 62
2023-12-06 03:23:04,470 - urllib3.connectionpool - DEBUG - Starting new HTTPS connection (1): radar.bmkg.go.id:8060
2023-12-06 03:23:04,491 - urllib3.connectionpool - DEBUG - https://radar.bmkg.go.id:8060 "GET /getRadarGeotif?token=19387e71e78522ae4172ec0fda640983b8438c9cfa0ca571623cb69d8327&radar=amandemenForecast&type=latest HTTP/1.1" 200 90
2023-12-06 03:23:04,491 - rasterio.env - DEBUG - Entering env context: <rasterio.env.Env object at 0x7f3946885840>
2023-12-06 03:23:04,492 - rasterio.env - DEBUG - Starting outermost env
2023-12-06 03:23:04,492 - rasterio.env - DEBUG - No GDAL environment exists
2023-12-06 03:23:04,492 - rasterio.env - DEBUG - New GDAL environment <rasterio._env.GDALEnv object at 0x7f3946886ef0> created
2023-12-06 03:23:04,494 - rasterio._filepath - DEBUG - Installing FilePath filesystem handler plugin...
2023-12-06 03:23:04,495 - rasterio._env - DEBUG - GDAL data found in package: path='/home/metpublic/PYTHON_VENV/present_weather/lib/python3.10/site-packages/rasterio/gdal_data'.
2023-12-06 03:23:04,495 - rasterio._env - DEBUG - PROJ data found in package: path='/home/metpublic/PYTHON_VENV/present_weather/lib/python3.10/site-packages/rasterio/proj_data'.
2023-12-06 03:23:04,495 - rasterio._env - DEBUG - Started GDALEnv: self=<rasterio._env.GDALEnv object at 0x7f3946886ef0>.
2023-12-06 03:23:04,495 - rasterio.env - DEBUG - Entered env context: <rasterio.env.Env object at 0x7f3946885840>
2023-12-06 03:23:04,495 - rasterio._base - DEBUG - Sharing flag: 0
2023-12-06 03:23:04,739 - rasterio._base - DEBUG - Nodata success: 1, Nodata value: nan
2023-12-06 03:23:04,740 - rasterio._base - DEBUG - Dataset <open DatasetReader name='https://radar.bmkg.go.id/raster/radarsatelit_202312060320.tif' mode='r'> is started.
2023-12-06 03:23:04,740 - rasterio.env - DEBUG - Exiting env context: <rasterio.env.Env object at 0x7f3946885840>
2023-12-06 03:23:04,740 - rasterio.env - DEBUG - Cleared existing <rasterio._env.GDALEnv object at 0x7f3946886ef0> options
2023-12-06 03:23:04,740 - rasterio._env - DEBUG - Stopped GDALEnv <rasterio._env.GDALEnv object at 0x7f3946886ef0>.
2023-12-06 03:23:04,741 - rasterio.env - DEBUG - Exiting outermost env
2023-12-06 03:23:04,741 - rasterio.env - DEBUG - Exited env context: <rasterio.env.Env object at 0x7f3946885840>
2023-12-06 03:23:04,741 - rasterio.env - DEBUG - Entering env context: <rasterio.env.Env object at 0x7f3945fcb850>
2023-12-06 03:23:04,741 - rasterio.env - DEBUG - Starting outermost env
2023-12-06 03:23:04,741 - rasterio.env - DEBUG - No GDAL environment exists
2023-12-06 03:23:04,741 - rasterio.env - DEBUG - New GDAL environment <rasterio._env.GDALEnv object at 0x7f3946886ef0> created
2023-12-06 03:23:04,741 - rasterio._env - DEBUG - GDAL data found in package: path='/home/metpublic/PYTHON_VENV/present_weather/lib/python3.10/site-packages/rasterio/gdal_data'.
2023-12-06 03:23:04,741 - rasterio._env - DEBUG - PROJ data found in package: path='/home/metpublic/PYTHON_VENV/present_weather/lib/python3.10/site-packages/rasterio/proj_data'.
2023-12-06 03:23:04,741 - rasterio._env - DEBUG - Started GDALEnv: self=<rasterio._env.GDALEnv object at 0x7f3946886ef0>.
2023-12-06 03:23:04,741 - rasterio.env - DEBUG - Entered env context: <rasterio.env.Env object at 0x7f3945fcb850>
2023-12-06 03:23:04,742 - rasterio.env - DEBUG - Got a copy of environment <rasterio._env.GDALEnv object at 0x7f3946886ef0> options
2023-12-06 03:23:04,742 - rasterio.env - DEBUG - Entering env context: <rasterio.env.Env object at 0x7f3944616140>
2023-12-06 03:23:04,742 - rasterio.env - DEBUG - Got a copy of environment <rasterio._env.GDALEnv object at 0x7f3946886ef0> options
2023-12-06 03:23:04,742 - rasterio.env - DEBUG - Entered env context: <rasterio.env.Env object at 0x7f3944616140>
2023-12-06 03:23:04,742 - rasterio._base - DEBUG - Sharing flag: 0
2023-12-06 03:23:04,743 - rasterio._base - DEBUG - Nodata success: 1, Nodata value: nan
2023-12-06 03:23:04,743 - rasterio._base - DEBUG - Dataset <open DatasetReader name='https://radar.bmkg.go.id/raster/radarsatelit_202312060320.tif' mode='r'> is started.
2023-12-06 03:23:04,743 - rasterio.env - DEBUG - Exiting env context: <rasterio.env.Env object at 0x7f3944616140>
2023-12-06 03:23:04,743 - rasterio.env - DEBUG - Cleared existing <rasterio._env.GDALEnv object at 0x7f3946886ef0> options
2023-12-06 03:23:04,743 - rasterio._env - DEBUG - Stopped GDALEnv <rasterio._env.GDALEnv object at 0x7f3946886ef0>.
2023-12-06 03:23:04,743 - rasterio.env - DEBUG - No GDAL environment exists
2023-12-06 03:23:04,743 - rasterio.env - DEBUG - New GDAL environment <rasterio._env.GDALEnv object at 0x7f3946886ef0> created
2023-12-06 03:23:04,744 - rasterio._env - DEBUG - GDAL data found in package: path='/home/metpublic/PYTHON_VENV/present_weather/lib/python3.10/site-packages/rasterio/gdal_data'.
2023-12-06 03:23:04,744 - rasterio._env - DEBUG - PROJ data found in package: path='/home/metpublic/PYTHON_VENV/present_weather/lib/python3.10/site-packages/rasterio/proj_data'.
2023-12-06 03:23:04,744 - rasterio._env - DEBUG - Started GDALEnv: self=<rasterio._env.GDALEnv object at 0x7f3946886ef0>.
2023-12-06 03:23:04,744 - rasterio.env - DEBUG - Exited env context: <rasterio.env.Env object at 0x7f3944616140>
2023-12-06 03:23:04,759 - rasterio._io - DEBUG - Output nodata value read from file: nan
2023-12-06 03:23:04,759 - rasterio._io - DEBUG - Output nodata values: [nan]
2023-12-06 03:23:04,759 - rasterio._io - DEBUG - all_valid: False
2023-12-06 03:23:04,760 - rasterio._io - DEBUG - mask_flags: ([<MaskFlags.nodata: 8>],)
2023-12-06 03:23:04,760 - rasterio._io - DEBUG - Jump straight to _read()
2023-12-06 03:23:04,760 - rasterio._io - DEBUG - Window: Window(col_off=0, row_off=0, width=10177, height=3732)
2023-12-06 03:23:04,760 - rasterio._io - DEBUG - IO window xoff=0.0 yoff=0.0 width=10177.0 height=3732.0
2023-12-06 03:23:05,275 - rasterio.env - DEBUG - Exiting env context: <rasterio.env.Env object at 0x7f3945fcb850>
2023-12-06 03:23:05,275 - rasterio.env - DEBUG - Cleared existing <rasterio._env.GDALEnv object at 0x7f3946886ef0> options
2023-12-06 03:23:05,275 - rasterio._env - DEBUG - Stopped GDALEnv <rasterio._env.GDALEnv object at 0x7f3946886ef0>.
2023-12-06 03:23:05,275 - rasterio.env - DEBUG - Exiting outermost env
2023-12-06 03:23:05,275 - rasterio.env - DEBUG - Exited env context: <rasterio.env.Env object at 0x7f3945fcb850>
2023-12-06 03:27:50,304 - rasterio.env - DEBUG - Entering env context: <rasterio.env.Env object at 0x7f3944496470>
2023-12-06 03:27:50,305 - rasterio.env - DEBUG - Starting outermost env
2023-12-06 03:27:50,305 - rasterio.env - DEBUG - No GDAL environment exists
2023-12-06 03:27:50,305 - rasterio.env - DEBUG - New GDAL environment <rasterio._env.GDALEnv object at 0x7f3944495d20> created
2023-12-06 03:27:50,305 - rasterio._env - DEBUG - GDAL data found in package: path='/home/metpublic/PYTHON_VENV/present_weather/lib/python3.10/site-packages/rasterio/gdal_data'.
2023-12-06 03:27:50,306 - rasterio._env - DEBUG - PROJ data found in package: path='/home/metpublic/PYTHON_VENV/present_weather/lib/python3.10/site-packages/rasterio/proj_data'.
2023-12-06 03:27:50,306 - rasterio._env - DEBUG - Started GDALEnv: self=<rasterio._env.GDALEnv object at 0x7f3944495d20>.
2023-12-06 03:27:50,306 - rasterio.env - DEBUG - Entered env context: <rasterio.env.Env object at 0x7f3944496470>
2023-12-06 03:27:50,306 - rasterio._base - DEBUG - Sharing flag: 0
2023-12-06 03:27:50,308 - rasterio._base - DEBUG - Nodata success: 0, Nodata value: 0.000000
2023-12-06 03:27:50,309 - rasterio._base - DEBUG - Dataset <open DatasetReader name='/home/metpublic/TASK_RELEASE/EFAN/present_weather/src/H09_B13_Indonesia_20231206.Z0310.cor.tiff' mode='r'> is started.
2023-12-06 03:27:50,309 - rasterio.env - DEBUG - Exiting env context: <rasterio.env.Env object at 0x7f3944496470>
2023-12-06 03:27:50,310 - rasterio.env - DEBUG - Cleared existing <rasterio._env.GDALEnv object at 0x7f3944495d20> options
2023-12-06 03:27:50,310 - rasterio._env - DEBUG - Stopped GDALEnv <rasterio._env.GDALEnv object at 0x7f3944495d20>.
2023-12-06 03:27:50,310 - rasterio.env - DEBUG - Exiting outermost env
2023-12-06 03:27:50,310 - rasterio.env - DEBUG - Exited env context: <rasterio.env.Env object at 0x7f3944496470>
2023-12-06 03:27:50,310 - rasterio.env - DEBUG - Entering env context: <rasterio.env.Env object at 0x7f3944414250>
2023-12-06 03:27:50,310 - rasterio.env - DEBUG - Starting outermost env
2023-12-06 03:27:50,310 - rasterio.env - DEBUG - No GDAL environment exists
2023-12-06 03:27:50,311 - rasterio.env - DEBUG - New GDAL environment <rasterio._env.GDALEnv object at 0x7f3944414760> created
2023-12-06 03:27:50,311 - rasterio._env - DEBUG - GDAL data found in package: path='/home/metpublic/PYTHON_VENV/present_weather/lib/python3.10/site-packages/rasterio/gdal_data'.
2023-12-06 03:27:50,311 - rasterio._env - DEBUG - PROJ data found in package: path='/home/metpublic/PYTHON_VENV/present_weather/lib/python3.10/site-packages/rasterio/proj_data'.
2023-12-06 03:27:50,311 - rasterio._env - DEBUG - Started GDALEnv: self=<rasterio._env.GDALEnv object at 0x7f3944414760>.
2023-12-06 03:27:50,311 - rasterio.env - DEBUG - Entered env context: <rasterio.env.Env object at 0x7f3944414250>
2023-12-06 03:27:50,311 - rasterio._base - DEBUG - Sharing flag: 0
2023-12-06 03:27:50,312 - rasterio._base - DEBUG - Nodata success: 0, Nodata value: 0.000000
2023-12-06 03:27:50,312 - rasterio._base - DEBUG - Dataset <open DatasetReader name='/home/metpublic/TASK_RELEASE/EFAN/present_weather/src/H09_B13_Indonesia_20231206.Z0310.cor.tiff' mode='r'> is started.
2023-12-06 03:27:50,313 - rasterio.env - DEBUG - Exiting env context: <rasterio.env.Env object at 0x7f3944414250>
2023-12-06 03:27:50,313 - rasterio.env - DEBUG - Cleared existing <rasterio._env.GDALEnv object at 0x7f3944414760> options
2023-12-06 03:27:50,313 - rasterio._env - DEBUG - Stopped GDALEnv <rasterio._env.GDALEnv object at 0x7f3944414760>.
2023-12-06 03:27:50,313 - rasterio.env - DEBUG - Exiting outermost env
2023-12-06 03:27:50,313 - rasterio.env - DEBUG - Exited env context: <rasterio.env.Env object at 0x7f3944414250>
2023-12-06 03:27:50,324 - root - INFO - Generating present weather using SATELITE data
2023-12-06 03:29:06,620 - root - INFO - Total elapsed time: 0:06:03.730662
