2023-11-25 03:43:04,083 - root - INFO - Initiating present weather
2023-11-25 03:43:04,086 - asyncio - DEBUG - Using selector: EpollSelector
2023-11-25 03:43:07,556 - urllib3.connectionpool - DEBUG - Starting new HTTPS connection (1): radar.bmkg.go.id:8060
2023-11-25 03:43:07,626 - urllib3.connectionpool - DEBUG - https://radar.bmkg.go.id:8060 "GET /getRadarGeotif?token=19387e71e78522ae4172ec0fda640983b8438c9cfa0ca571623cb69d8327&radar=amandemenForecast&type=latest HTTP/1.1" 200 90
2023-11-25 03:43:07,628 - rasterio.env - DEBUG - Entering env context: <rasterio.env.Env object at 0x7f18697b3c50>
2023-11-25 03:43:07,629 - rasterio.env - DEBUG - Starting outermost env
2023-11-25 03:43:07,630 - rasterio.env - DEBUG - No GDAL environment exists
2023-11-25 03:43:07,630 - rasterio.env - DEBUG - New GDAL environment <rasterio._env.GDALEnv object at 0x7f18698183d0> created
2023-11-25 03:43:07,635 - rasterio._filepath - DEBUG - Installing FilePath filesystem handler plugin...
2023-11-25 03:43:07,635 - rasterio._env - DEBUG - GDAL data found in package: path='/home/swx/miniconda3/envs/present_weather/lib/python3.12/site-packages/rasterio/gdal_data'.
2023-11-25 03:43:07,635 - rasterio._env - DEBUG - PROJ_LIB found in environment.
2023-11-25 03:43:07,635 - rasterio._env - DEBUG - Started GDALEnv: self=<rasterio._env.GDALEnv object at 0x7f18698183d0>.
2023-11-25 03:43:07,635 - rasterio.env - DEBUG - Entered env context: <rasterio.env.Env object at 0x7f18697b3c50>
2023-11-25 03:43:07,636 - rasterio._base - DEBUG - Sharing flag: 0
2023-11-25 03:43:07,821 - rasterio._base - DEBUG - Nodata success: 1, Nodata value: nan
2023-11-25 03:43:07,821 - rasterio._base - DEBUG - Dataset <open DatasetReader name='https://radar.bmkg.go.id/raster/radarsatelit_202311250340.tif' mode='r'> is started.
2023-11-25 03:43:07,822 - rasterio.env - DEBUG - Exiting env context: <rasterio.env.Env object at 0x7f18697b3c50>
2023-11-25 03:43:07,822 - rasterio.env - DEBUG - Cleared existing <rasterio._env.GDALEnv object at 0x7f18698183d0> options
2023-11-25 03:43:07,822 - rasterio._env - DEBUG - Stopped GDALEnv <rasterio._env.GDALEnv object at 0x7f18698183d0>.
2023-11-25 03:43:07,823 - rasterio.env - DEBUG - Exiting outermost env
2023-11-25 03:43:07,823 - rasterio.env - DEBUG - Exited env context: <rasterio.env.Env object at 0x7f18697b3c50>
2023-11-25 03:43:07,823 - rasterio.env - DEBUG - Entering env context: <rasterio.env.Env object at 0x7f18698365d0>
2023-11-25 03:43:07,823 - rasterio.env - DEBUG - Starting outermost env
2023-11-25 03:43:07,823 - rasterio.env - DEBUG - No GDAL environment exists
2023-11-25 03:43:07,823 - rasterio.env - DEBUG - New GDAL environment <rasterio._env.GDALEnv object at 0x7f18698183d0> created
2023-11-25 03:43:07,824 - rasterio._env - DEBUG - GDAL data found in package: path='/home/swx/miniconda3/envs/present_weather/lib/python3.12/site-packages/rasterio/gdal_data'.
2023-11-25 03:43:07,824 - rasterio._env - DEBUG - PROJ_LIB found in environment.
2023-11-25 03:43:07,825 - rasterio._env - DEBUG - Started GDALEnv: self=<rasterio._env.GDALEnv object at 0x7f18698183d0>.
2023-11-25 03:43:07,825 - rasterio.env - DEBUG - Entered env context: <rasterio.env.Env object at 0x7f18698365d0>
2023-11-25 03:43:07,825 - rasterio.env - DEBUG - Got a copy of environment <rasterio._env.GDALEnv object at 0x7f18698183d0> options
2023-11-25 03:43:07,825 - rasterio.env - DEBUG - Entering env context: <rasterio.env.Env object at 0x7f186834cf20>
2023-11-25 03:43:07,825 - rasterio.env - DEBUG - Got a copy of environment <rasterio._env.GDALEnv object at 0x7f18698183d0> options
2023-11-25 03:43:07,826 - rasterio.env - DEBUG - Entered env context: <rasterio.env.Env object at 0x7f186834cf20>
2023-11-25 03:43:07,826 - rasterio._base - DEBUG - Sharing flag: 0
2023-11-25 03:43:07,827 - rasterio._base - DEBUG - Nodata success: 1, Nodata value: nan
2023-11-25 03:43:07,827 - rasterio._base - DEBUG - Dataset <open DatasetReader name='https://radar.bmkg.go.id/raster/radarsatelit_202311250340.tif' mode='r'> is started.
2023-11-25 03:43:07,827 - rasterio.env - DEBUG - Exiting env context: <rasterio.env.Env object at 0x7f186834cf20>
2023-11-25 03:43:07,827 - rasterio.env - DEBUG - Cleared existing <rasterio._env.GDALEnv object at 0x7f18698183d0> options
2023-11-25 03:43:07,827 - rasterio._env - DEBUG - Stopped GDALEnv <rasterio._env.GDALEnv object at 0x7f18698183d0>.
2023-11-25 03:43:07,827 - rasterio.env - DEBUG - No GDAL environment exists
2023-11-25 03:43:07,827 - rasterio.env - DEBUG - New GDAL environment <rasterio._env.GDALEnv object at 0x7f18698183d0> created
2023-11-25 03:43:07,828 - rasterio._env - DEBUG - GDAL data found in package: path='/home/swx/miniconda3/envs/present_weather/lib/python3.12/site-packages/rasterio/gdal_data'.
2023-11-25 03:43:07,828 - rasterio._env - DEBUG - PROJ_LIB found in environment.
2023-11-25 03:43:07,828 - rasterio._env - DEBUG - Started GDALEnv: self=<rasterio._env.GDALEnv object at 0x7f18698183d0>.
2023-11-25 03:43:07,829 - rasterio.env - DEBUG - Exited env context: <rasterio.env.Env object at 0x7f186834cf20>
2023-11-25 03:43:07,856 - rasterio._io - DEBUG - Output nodata value read from file: nan
2023-11-25 03:43:07,857 - rasterio._io - DEBUG - Output nodata values: [nan]
2023-11-25 03:43:07,857 - rasterio._io - DEBUG - all_valid: False
2023-11-25 03:43:07,857 - rasterio._io - DEBUG - mask_flags: ([<MaskFlags.nodata: 8>],)
2023-11-25 03:43:07,857 - rasterio._io - DEBUG - Jump straight to _read()
2023-11-25 03:43:07,858 - rasterio._io - DEBUG - Window: Window(col_off=0, row_off=0, width=10215, height=3792)
2023-11-25 03:43:07,858 - rasterio._io - DEBUG - IO window xoff=0.0 yoff=0.0 width=10215.0 height=3792.0
2023-11-25 03:43:08,568 - rasterio.env - DEBUG - Exiting env context: <rasterio.env.Env object at 0x7f18698365d0>
2023-11-25 03:43:08,569 - rasterio.env - DEBUG - Cleared existing <rasterio._env.GDALEnv object at 0x7f18698183d0> options
2023-11-25 03:43:08,569 - rasterio._env - DEBUG - Stopped GDALEnv <rasterio._env.GDALEnv object at 0x7f18698183d0>.
2023-11-25 03:43:08,569 - rasterio.env - DEBUG - Exiting outermost env
2023-11-25 03:43:08,569 - rasterio.env - DEBUG - Exited env context: <rasterio.env.Env object at 0x7f18698365d0>
2023-11-25 03:43:08,571 - urllib3.connectionpool - DEBUG - Starting new HTTPS connection (1): radar.bmkg.go.id:8060
2023-11-25 03:43:08,615 - urllib3.connectionpool - DEBUG - https://radar.bmkg.go.id:8060 "GET /getLatestLD?typeData=1 HTTP/1.1" 200 10450
2023-11-25 03:43:08,625 - root - INFO - Generating present weather using RADAR data
2023-11-25 03:43:11,969 - root - INFO - dask.bag<lambda, npartitions=20>
2023-11-25 03:54:50,761 - root - INFO - Total elapsed time: 0:11:46.679713
