2023-11-20 21:03:03,582 - root - INFO - Initiating present weather
2023-11-20 21:03:03,587 - urllib3.connectionpool - DEBUG - Starting new HTTPS connection (1): radar.bmkg.go.id:8060
2023-11-20 21:03:03,671 - urllib3.connectionpool - DEBUG - https://radar.bmkg.go.id:8060 "GET /getRadarGeotif?token=19387e71e78522ae4172ec0fda640983b8438c9cfa0ca571623cb69d8327&radar=amandemenForecast&type=latest HTTP/1.1" 200 90
2023-11-20 21:03:03,674 - rasterio.env - DEBUG - Entering env context: <rasterio.env.Env object at 0x7ff73f6110d0>
2023-11-20 21:03:03,675 - rasterio.env - DEBUG - Starting outermost env
2023-11-20 21:03:03,675 - rasterio.env - DEBUG - No GDAL environment exists
2023-11-20 21:03:03,675 - rasterio.env - DEBUG - New GDAL environment <rasterio._env.GDALEnv object at 0x7ff73f2568f0> created
2023-11-20 21:03:03,679 - rasterio._filepath - DEBUG - Installing FilePath filesystem handler plugin...
2023-11-20 21:03:03,679 - rasterio._env - DEBUG - GDAL data found in package: path='/home/swx/miniconda3/envs/present_weather/lib/python3.12/site-packages/rasterio/gdal_data'.
2023-11-20 21:03:03,680 - rasterio._env - DEBUG - PROJ_LIB found in environment.
2023-11-20 21:03:03,680 - rasterio._env - DEBUG - Started GDALEnv: self=<rasterio._env.GDALEnv object at 0x7ff73f2568f0>.
2023-11-20 21:03:03,680 - rasterio.env - DEBUG - Entered env context: <rasterio.env.Env object at 0x7ff73f6110d0>
2023-11-20 21:03:03,680 - rasterio._base - DEBUG - Sharing flag: 0
2023-11-20 21:03:03,870 - rasterio._base - DEBUG - Nodata success: 1, Nodata value: nan
2023-11-20 21:03:03,870 - rasterio._base - DEBUG - Dataset <open DatasetReader name='https://radar.bmkg.go.id/raster/radarsatelit_202311202100.tif' mode='r'> is started.
2023-11-20 21:03:03,870 - rasterio.env - DEBUG - Exiting env context: <rasterio.env.Env object at 0x7ff73f6110d0>
2023-11-20 21:03:03,871 - rasterio.env - DEBUG - Cleared existing <rasterio._env.GDALEnv object at 0x7ff73f2568f0> options
2023-11-20 21:03:03,871 - rasterio._env - DEBUG - Stopped GDALEnv <rasterio._env.GDALEnv object at 0x7ff73f2568f0>.
2023-11-20 21:03:03,871 - rasterio.env - DEBUG - Exiting outermost env
2023-11-20 21:03:03,871 - rasterio.env - DEBUG - Exited env context: <rasterio.env.Env object at 0x7ff73f6110d0>
2023-11-20 21:03:03,871 - rasterio.env - DEBUG - Entering env context: <rasterio.env.Env object at 0x7ff73f2f3b30>
2023-11-20 21:03:03,871 - rasterio.env - DEBUG - Starting outermost env
2023-11-20 21:03:03,871 - rasterio.env - DEBUG - No GDAL environment exists
2023-11-20 21:03:03,871 - rasterio.env - DEBUG - New GDAL environment <rasterio._env.GDALEnv object at 0x7ff73f2568f0> created
2023-11-20 21:03:03,872 - rasterio._env - DEBUG - GDAL data found in package: path='/home/swx/miniconda3/envs/present_weather/lib/python3.12/site-packages/rasterio/gdal_data'.
2023-11-20 21:03:03,872 - rasterio._env - DEBUG - PROJ_LIB found in environment.
2023-11-20 21:03:03,872 - rasterio._env - DEBUG - Started GDALEnv: self=<rasterio._env.GDALEnv object at 0x7ff73f2568f0>.
2023-11-20 21:03:03,873 - rasterio.env - DEBUG - Entered env context: <rasterio.env.Env object at 0x7ff73f2f3b30>
2023-11-20 21:03:03,873 - rasterio.env - DEBUG - Got a copy of environment <rasterio._env.GDALEnv object at 0x7ff73f2568f0> options
2023-11-20 21:03:03,873 - rasterio.env - DEBUG - Entering env context: <rasterio.env.Env object at 0x7ff73f4932c0>
2023-11-20 21:03:03,873 - rasterio.env - DEBUG - Got a copy of environment <rasterio._env.GDALEnv object at 0x7ff73f2568f0> options
2023-11-20 21:03:03,873 - rasterio.env - DEBUG - Entered env context: <rasterio.env.Env object at 0x7ff73f4932c0>
2023-11-20 21:03:03,874 - rasterio._base - DEBUG - Sharing flag: 0
2023-11-20 21:03:03,875 - rasterio._base - DEBUG - Nodata success: 1, Nodata value: nan
2023-11-20 21:03:03,875 - rasterio._base - DEBUG - Dataset <open DatasetReader name='https://radar.bmkg.go.id/raster/radarsatelit_202311202100.tif' mode='r'> is started.
2023-11-20 21:03:03,875 - rasterio.env - DEBUG - Exiting env context: <rasterio.env.Env object at 0x7ff73f4932c0>
2023-11-20 21:03:03,875 - rasterio.env - DEBUG - Cleared existing <rasterio._env.GDALEnv object at 0x7ff73f2568f0> options
2023-11-20 21:03:03,875 - rasterio._env - DEBUG - Stopped GDALEnv <rasterio._env.GDALEnv object at 0x7ff73f2568f0>.
2023-11-20 21:03:03,875 - rasterio.env - DEBUG - No GDAL environment exists
2023-11-20 21:03:03,875 - rasterio.env - DEBUG - New GDAL environment <rasterio._env.GDALEnv object at 0x7ff73f2568f0> created
2023-11-20 21:03:03,876 - rasterio._env - DEBUG - GDAL data found in package: path='/home/swx/miniconda3/envs/present_weather/lib/python3.12/site-packages/rasterio/gdal_data'.
2023-11-20 21:03:03,876 - rasterio._env - DEBUG - PROJ_LIB found in environment.
2023-11-20 21:03:03,876 - rasterio._env - DEBUG - Started GDALEnv: self=<rasterio._env.GDALEnv object at 0x7ff73f2568f0>.
2023-11-20 21:03:03,876 - rasterio.env - DEBUG - Exited env context: <rasterio.env.Env object at 0x7ff73f4932c0>
2023-11-20 21:03:03,907 - rasterio._io - DEBUG - Output nodata value read from file: nan
2023-11-20 21:03:03,908 - rasterio._io - DEBUG - Output nodata values: [nan]
2023-11-20 21:03:03,908 - rasterio._io - DEBUG - all_valid: False
2023-11-20 21:03:03,908 - rasterio._io - DEBUG - mask_flags: ([<MaskFlags.nodata: 8>],)
2023-11-20 21:03:03,909 - rasterio._io - DEBUG - Jump straight to _read()
2023-11-20 21:03:03,909 - rasterio._io - DEBUG - Window: Window(col_off=0, row_off=0, width=10215, height=3792)
2023-11-20 21:03:03,909 - rasterio._io - DEBUG - IO window xoff=0.0 yoff=0.0 width=10215.0 height=3792.0
2023-11-20 21:03:04,690 - rasterio.env - DEBUG - Exiting env context: <rasterio.env.Env object at 0x7ff73f2f3b30>
2023-11-20 21:03:04,690 - rasterio.env - DEBUG - Cleared existing <rasterio._env.GDALEnv object at 0x7ff73f2568f0> options
2023-11-20 21:03:04,690 - rasterio._env - DEBUG - Stopped GDALEnv <rasterio._env.GDALEnv object at 0x7ff73f2568f0>.
2023-11-20 21:03:04,690 - rasterio.env - DEBUG - Exiting outermost env
2023-11-20 21:03:04,690 - rasterio.env - DEBUG - Exited env context: <rasterio.env.Env object at 0x7ff73f2f3b30>
2023-11-20 21:03:04,692 - urllib3.connectionpool - DEBUG - Starting new HTTPS connection (1): radar.bmkg.go.id:8060
2023-11-20 21:03:04,744 - urllib3.connectionpool - DEBUG - https://radar.bmkg.go.id:8060 "GET /getLatestLD?typeData=1 HTTP/1.1" 200 1693
2023-11-20 21:03:04,754 - asyncio - DEBUG - Using selector: EpollSelector
2023-11-20 21:03:11,536 - root - INFO - dask.bag<lambda, npartitions=34>
2023-11-20 21:18:13,600 - root - INFO - Total elapsed time: 0:15:10.018399
