2023-11-25 19:43:03,457 - root - INFO - Initiating present weather
2023-11-25 19:43:03,460 - asyncio - DEBUG - Using selector: EpollSelector
2023-11-25 19:43:06,696 - urllib3.connectionpool - DEBUG - Starting new HTTPS connection (1): radar.bmkg.go.id:8060
2023-11-25 19:43:06,764 - urllib3.connectionpool - DEBUG - https://radar.bmkg.go.id:8060 "GET /getRadarGeotif?token=19387e71e78522ae4172ec0fda640983b8438c9cfa0ca571623cb69d8327&radar=amandemenForecast&type=latest HTTP/1.1" 200 90
2023-11-25 19:43:06,766 - rasterio.env - DEBUG - Entering env context: <rasterio.env.Env object at 0x7f0c3358f920>
2023-11-25 19:43:06,767 - rasterio.env - DEBUG - Starting outermost env
2023-11-25 19:43:06,767 - rasterio.env - DEBUG - No GDAL environment exists
2023-11-25 19:43:06,767 - rasterio.env - DEBUG - New GDAL environment <rasterio._env.GDALEnv object at 0x7f0c334dd8a0> created
2023-11-25 19:43:06,771 - rasterio._filepath - DEBUG - Installing FilePath filesystem handler plugin...
2023-11-25 19:43:06,771 - rasterio._env - DEBUG - GDAL data found in package: path='/home/swx/miniconda3/envs/present_weather/lib/python3.12/site-packages/rasterio/gdal_data'.
2023-11-25 19:43:06,771 - rasterio._env - DEBUG - PROJ_LIB found in environment.
2023-11-25 19:43:06,771 - rasterio._env - DEBUG - Started GDALEnv: self=<rasterio._env.GDALEnv object at 0x7f0c334dd8a0>.
2023-11-25 19:43:06,771 - rasterio.env - DEBUG - Entered env context: <rasterio.env.Env object at 0x7f0c3358f920>
2023-11-25 19:43:06,772 - rasterio._base - DEBUG - Sharing flag: 0
2023-11-25 19:43:06,978 - rasterio._base - DEBUG - Nodata success: 1, Nodata value: nan
2023-11-25 19:43:06,978 - rasterio._base - DEBUG - Dataset <open DatasetReader name='https://radar.bmkg.go.id/raster/radarsatelit_202311251930.tif' mode='r'> is started.
2023-11-25 19:43:06,979 - rasterio.env - DEBUG - Exiting env context: <rasterio.env.Env object at 0x7f0c3358f920>
2023-11-25 19:43:06,979 - rasterio.env - DEBUG - Cleared existing <rasterio._env.GDALEnv object at 0x7f0c334dd8a0> options
2023-11-25 19:43:06,979 - rasterio._env - DEBUG - Stopped GDALEnv <rasterio._env.GDALEnv object at 0x7f0c334dd8a0>.
2023-11-25 19:43:06,979 - rasterio.env - DEBUG - Exiting outermost env
2023-11-25 19:43:06,979 - rasterio.env - DEBUG - Exited env context: <rasterio.env.Env object at 0x7f0c3358f920>
2023-11-25 19:43:06,979 - rasterio.env - DEBUG - Entering env context: <rasterio.env.Env object at 0x7f0c334c9af0>
2023-11-25 19:43:06,979 - rasterio.env - DEBUG - Starting outermost env
2023-11-25 19:43:06,980 - rasterio.env - DEBUG - No GDAL environment exists
2023-11-25 19:43:06,980 - rasterio.env - DEBUG - New GDAL environment <rasterio._env.GDALEnv object at 0x7f0c334dd8a0> created
2023-11-25 19:43:06,980 - rasterio._env - DEBUG - GDAL data found in package: path='/home/swx/miniconda3/envs/present_weather/lib/python3.12/site-packages/rasterio/gdal_data'.
2023-11-25 19:43:06,980 - rasterio._env - DEBUG - PROJ_LIB found in environment.
2023-11-25 19:43:06,981 - rasterio._env - DEBUG - Started GDALEnv: self=<rasterio._env.GDALEnv object at 0x7f0c334dd8a0>.
2023-11-25 19:43:06,981 - rasterio.env - DEBUG - Entered env context: <rasterio.env.Env object at 0x7f0c334c9af0>
2023-11-25 19:43:06,982 - rasterio.env - DEBUG - Got a copy of environment <rasterio._env.GDALEnv object at 0x7f0c334dd8a0> options
2023-11-25 19:43:06,982 - rasterio.env - DEBUG - Entering env context: <rasterio.env.Env object at 0x7f0c3349b620>
2023-11-25 19:43:06,982 - rasterio.env - DEBUG - Got a copy of environment <rasterio._env.GDALEnv object at 0x7f0c334dd8a0> options
2023-11-25 19:43:06,982 - rasterio.env - DEBUG - Entered env context: <rasterio.env.Env object at 0x7f0c3349b620>
2023-11-25 19:43:06,982 - rasterio._base - DEBUG - Sharing flag: 0
2023-11-25 19:43:06,984 - rasterio._base - DEBUG - Nodata success: 1, Nodata value: nan
2023-11-25 19:43:06,984 - rasterio._base - DEBUG - Dataset <open DatasetReader name='https://radar.bmkg.go.id/raster/radarsatelit_202311251930.tif' mode='r'> is started.
2023-11-25 19:43:06,984 - rasterio.env - DEBUG - Exiting env context: <rasterio.env.Env object at 0x7f0c3349b620>
2023-11-25 19:43:06,984 - rasterio.env - DEBUG - Cleared existing <rasterio._env.GDALEnv object at 0x7f0c334dd8a0> options
2023-11-25 19:43:06,984 - rasterio._env - DEBUG - Stopped GDALEnv <rasterio._env.GDALEnv object at 0x7f0c334dd8a0>.
2023-11-25 19:43:06,984 - rasterio.env - DEBUG - No GDAL environment exists
2023-11-25 19:43:06,985 - rasterio.env - DEBUG - New GDAL environment <rasterio._env.GDALEnv object at 0x7f0c334dd8a0> created
2023-11-25 19:43:06,985 - rasterio._env - DEBUG - GDAL data found in package: path='/home/swx/miniconda3/envs/present_weather/lib/python3.12/site-packages/rasterio/gdal_data'.
2023-11-25 19:43:06,985 - rasterio._env - DEBUG - PROJ_LIB found in environment.
2023-11-25 19:43:06,986 - rasterio._env - DEBUG - Started GDALEnv: self=<rasterio._env.GDALEnv object at 0x7f0c334dd8a0>.
2023-11-25 19:43:06,986 - rasterio.env - DEBUG - Exited env context: <rasterio.env.Env object at 0x7f0c3349b620>
2023-11-25 19:43:07,013 - rasterio._io - DEBUG - Output nodata value read from file: nan
2023-11-25 19:43:07,013 - rasterio._io - DEBUG - Output nodata values: [nan]
2023-11-25 19:43:07,013 - rasterio._io - DEBUG - all_valid: False
2023-11-25 19:43:07,013 - rasterio._io - DEBUG - mask_flags: ([<MaskFlags.nodata: 8>],)
2023-11-25 19:43:07,014 - rasterio._io - DEBUG - Jump straight to _read()
2023-11-25 19:43:07,014 - rasterio._io - DEBUG - Window: Window(col_off=0, row_off=0, width=10215, height=3789)
2023-11-25 19:43:07,014 - rasterio._io - DEBUG - IO window xoff=0.0 yoff=0.0 width=10215.0 height=3789.0
2023-11-25 19:43:07,743 - rasterio.env - DEBUG - Exiting env context: <rasterio.env.Env object at 0x7f0c334c9af0>
2023-11-25 19:43:07,743 - rasterio.env - DEBUG - Cleared existing <rasterio._env.GDALEnv object at 0x7f0c334dd8a0> options
2023-11-25 19:43:07,743 - rasterio._env - DEBUG - Stopped GDALEnv <rasterio._env.GDALEnv object at 0x7f0c334dd8a0>.
2023-11-25 19:43:07,743 - rasterio.env - DEBUG - Exiting outermost env
2023-11-25 19:43:07,743 - rasterio.env - DEBUG - Exited env context: <rasterio.env.Env object at 0x7f0c334c9af0>
2023-11-25 19:43:07,746 - urllib3.connectionpool - DEBUG - Starting new HTTPS connection (1): radar.bmkg.go.id:8060
2023-11-25 19:43:07,802 - urllib3.connectionpool - DEBUG - https://radar.bmkg.go.id:8060 "GET /getLatestLD?typeData=1 HTTP/1.1" 200 1166
2023-11-25 19:43:07,811 - root - INFO - Generating present weather using RADAR data
2023-11-25 19:43:11,184 - root - INFO - dask.bag<lambda, npartitions=20>
2023-11-25 19:55:55,016 - root - INFO - Total elapsed time: 0:12:51.560318
