2023-11-28 09:23:02,233 - root - INFO - Initiating present weather
2023-11-28 09:23:02,235 - asyncio - DEBUG - Using selector: EpollSelector
2023-11-28 09:23:03,731 - urllib3.connectionpool - DEBUG - Starting new HTTPS connection (1): radar.bmkg.go.id:8060
2023-11-28 09:23:03,751 - urllib3.connectionpool - DEBUG - https://radar.bmkg.go.id:8060 "GET /getRadarGeotif?token=19387e71e78522ae4172ec0fda640983b8438c9cfa0ca571623cb69d8327&radar=amandemenForecast&type=latest HTTP/1.1" 200 90
2023-11-28 09:23:03,752 - rasterio.env - DEBUG - Entering env context: <rasterio.env.Env object at 0x7f663a24e800>
2023-11-28 09:23:03,752 - rasterio.env - DEBUG - Starting outermost env
2023-11-28 09:23:03,752 - rasterio.env - DEBUG - No GDAL environment exists
2023-11-28 09:23:03,752 - rasterio.env - DEBUG - New GDAL environment <rasterio._env.GDALEnv object at 0x7f663a24ec50> created
2023-11-28 09:23:03,755 - rasterio._filepath - DEBUG - Installing FilePath filesystem handler plugin...
2023-11-28 09:23:03,755 - rasterio._env - DEBUG - GDAL data found in package: path='/home/metpublic/PYTHON_VENV/present_weather/lib/python3.10/site-packages/rasterio/gdal_data'.
2023-11-28 09:23:03,755 - rasterio._env - DEBUG - PROJ data found in package: path='/home/metpublic/PYTHON_VENV/present_weather/lib/python3.10/site-packages/rasterio/proj_data'.
2023-11-28 09:23:03,755 - rasterio._env - DEBUG - Started GDALEnv: self=<rasterio._env.GDALEnv object at 0x7f663a24ec50>.
2023-11-28 09:23:03,755 - rasterio.env - DEBUG - Entered env context: <rasterio.env.Env object at 0x7f663a24e800>
2023-11-28 09:23:03,755 - rasterio._base - DEBUG - Sharing flag: 0
2023-11-28 09:23:03,934 - rasterio._base - DEBUG - Nodata success: 1, Nodata value: nan
2023-11-28 09:23:03,934 - rasterio._base - DEBUG - Dataset <open DatasetReader name='https://radar.bmkg.go.id/raster/radarsatelit_202311280920.tif' mode='r'> is started.
2023-11-28 09:23:03,935 - rasterio.env - DEBUG - Exiting env context: <rasterio.env.Env object at 0x7f663a24e800>
2023-11-28 09:23:03,935 - rasterio.env - DEBUG - Cleared existing <rasterio._env.GDALEnv object at 0x7f663a24ec50> options
2023-11-28 09:23:03,935 - rasterio._env - DEBUG - Stopped GDALEnv <rasterio._env.GDALEnv object at 0x7f663a24ec50>.
2023-11-28 09:23:03,935 - rasterio.env - DEBUG - Exiting outermost env
2023-11-28 09:23:03,937 - rasterio.env - DEBUG - Exited env context: <rasterio.env.Env object at 0x7f663a24e800>
2023-11-28 09:23:03,937 - rasterio.env - DEBUG - Entering env context: <rasterio.env.Env object at 0x7f663a1cf640>
2023-11-28 09:23:03,937 - rasterio.env - DEBUG - Starting outermost env
2023-11-28 09:23:03,937 - rasterio.env - DEBUG - No GDAL environment exists
2023-11-28 09:23:03,937 - rasterio.env - DEBUG - New GDAL environment <rasterio._env.GDALEnv object at 0x7f663a24ec50> created
2023-11-28 09:23:03,938 - rasterio._env - DEBUG - GDAL data found in package: path='/home/metpublic/PYTHON_VENV/present_weather/lib/python3.10/site-packages/rasterio/gdal_data'.
2023-11-28 09:23:03,938 - rasterio._env - DEBUG - PROJ data found in package: path='/home/metpublic/PYTHON_VENV/present_weather/lib/python3.10/site-packages/rasterio/proj_data'.
2023-11-28 09:23:03,938 - rasterio._env - DEBUG - Started GDALEnv: self=<rasterio._env.GDALEnv object at 0x7f663a24ec50>.
2023-11-28 09:23:03,938 - rasterio.env - DEBUG - Entered env context: <rasterio.env.Env object at 0x7f663a1cf640>
2023-11-28 09:23:03,939 - rasterio.env - DEBUG - Got a copy of environment <rasterio._env.GDALEnv object at 0x7f663a24ec50> options
2023-11-28 09:23:03,939 - rasterio.env - DEBUG - Entering env context: <rasterio.env.Env object at 0x7f66380c7760>
2023-11-28 09:23:03,939 - rasterio.env - DEBUG - Got a copy of environment <rasterio._env.GDALEnv object at 0x7f663a24ec50> options
2023-11-28 09:23:03,939 - rasterio.env - DEBUG - Entered env context: <rasterio.env.Env object at 0x7f66380c7760>
2023-11-28 09:23:03,939 - rasterio._base - DEBUG - Sharing flag: 0
2023-11-28 09:23:03,940 - rasterio._base - DEBUG - Nodata success: 1, Nodata value: nan
2023-11-28 09:23:03,940 - rasterio._base - DEBUG - Dataset <open DatasetReader name='https://radar.bmkg.go.id/raster/radarsatelit_202311280920.tif' mode='r'> is started.
2023-11-28 09:23:03,940 - rasterio.env - DEBUG - Exiting env context: <rasterio.env.Env object at 0x7f66380c7760>
2023-11-28 09:23:03,940 - rasterio.env - DEBUG - Cleared existing <rasterio._env.GDALEnv object at 0x7f663a24ec50> options
2023-11-28 09:23:03,940 - rasterio._env - DEBUG - Stopped GDALEnv <rasterio._env.GDALEnv object at 0x7f663a24ec50>.
2023-11-28 09:23:03,940 - rasterio.env - DEBUG - No GDAL environment exists
2023-11-28 09:23:03,940 - rasterio.env - DEBUG - New GDAL environment <rasterio._env.GDALEnv object at 0x7f663a24ec50> created
2023-11-28 09:23:03,941 - rasterio._env - DEBUG - GDAL data found in package: path='/home/metpublic/PYTHON_VENV/present_weather/lib/python3.10/site-packages/rasterio/gdal_data'.
2023-11-28 09:23:03,941 - rasterio._env - DEBUG - PROJ data found in package: path='/home/metpublic/PYTHON_VENV/present_weather/lib/python3.10/site-packages/rasterio/proj_data'.
2023-11-28 09:23:03,941 - rasterio._env - DEBUG - Started GDALEnv: self=<rasterio._env.GDALEnv object at 0x7f663a24ec50>.
2023-11-28 09:23:03,941 - rasterio.env - DEBUG - Exited env context: <rasterio.env.Env object at 0x7f66380c7760>
2023-11-28 09:23:03,957 - rasterio._io - DEBUG - Output nodata value read from file: nan
2023-11-28 09:23:03,957 - rasterio._io - DEBUG - Output nodata values: [nan]
2023-11-28 09:23:03,957 - rasterio._io - DEBUG - all_valid: False
2023-11-28 09:23:03,957 - rasterio._io - DEBUG - mask_flags: ([<MaskFlags.nodata: 8>],)
2023-11-28 09:23:03,957 - rasterio._io - DEBUG - Jump straight to _read()
2023-11-28 09:23:03,957 - rasterio._io - DEBUG - Window: Window(col_off=0, row_off=0, width=10215, height=3792)
2023-11-28 09:23:03,958 - rasterio._io - DEBUG - IO window xoff=0.0 yoff=0.0 width=10215.0 height=3792.0
2023-11-28 09:23:04,551 - rasterio.env - DEBUG - Exiting env context: <rasterio.env.Env object at 0x7f663a1cf640>
2023-11-28 09:23:04,551 - rasterio.env - DEBUG - Cleared existing <rasterio._env.GDALEnv object at 0x7f663a24ec50> options
2023-11-28 09:23:04,551 - rasterio._env - DEBUG - Stopped GDALEnv <rasterio._env.GDALEnv object at 0x7f663a24ec50>.
2023-11-28 09:23:04,551 - rasterio.env - DEBUG - Exiting outermost env
2023-11-28 09:23:04,551 - rasterio.env - DEBUG - Exited env context: <rasterio.env.Env object at 0x7f663a1cf640>
2023-11-28 09:23:04,553 - urllib3.connectionpool - DEBUG - Starting new HTTPS connection (1): radar.bmkg.go.id:8060
2023-11-28 09:23:04,567 - urllib3.connectionpool - DEBUG - https://radar.bmkg.go.id:8060 "GET /getLatestLD?typeData=1 HTTP/1.1" 200 62
2023-11-28 09:23:06,401 - rasterio.env - DEBUG - Entering env context: <rasterio.env.Env object at 0x7f663a22f760>
2023-11-28 09:23:06,401 - rasterio.env - DEBUG - Starting outermost env
2023-11-28 09:23:06,401 - rasterio.env - DEBUG - No GDAL environment exists
2023-11-28 09:23:06,401 - rasterio.env - DEBUG - New GDAL environment <rasterio._env.GDALEnv object at 0x7f663ab91c30> created
2023-11-28 09:23:06,402 - rasterio._env - DEBUG - GDAL data found in package: path='/home/metpublic/PYTHON_VENV/present_weather/lib/python3.10/site-packages/rasterio/gdal_data'.
2023-11-28 09:23:06,402 - rasterio._env - DEBUG - PROJ data found in package: path='/home/metpublic/PYTHON_VENV/present_weather/lib/python3.10/site-packages/rasterio/proj_data'.
2023-11-28 09:23:06,402 - rasterio._env - DEBUG - Started GDALEnv: self=<rasterio._env.GDALEnv object at 0x7f663ab91c30>.
2023-11-28 09:23:06,402 - rasterio.env - DEBUG - Entered env context: <rasterio.env.Env object at 0x7f663a22f760>
2023-11-28 09:23:06,402 - rasterio._base - DEBUG - Sharing flag: 0
2023-11-28 09:23:06,403 - rasterio._base - DEBUG - Nodata success: 0, Nodata value: 0.000000
2023-11-28 09:23:06,403 - rasterio._base - DEBUG - Dataset <open DatasetReader name='/home/metpublic/TASK_RELEASE/EFAN/present_weather/src/H09_B13_Indonesia_20231128.Z0910.cor.tiff' mode='r'> is started.
2023-11-28 09:23:06,403 - rasterio.env - DEBUG - Exiting env context: <rasterio.env.Env object at 0x7f663a22f760>
2023-11-28 09:23:06,403 - rasterio.env - DEBUG - Cleared existing <rasterio._env.GDALEnv object at 0x7f663ab91c30> options
2023-11-28 09:23:06,403 - rasterio._env - DEBUG - Stopped GDALEnv <rasterio._env.GDALEnv object at 0x7f663ab91c30>.
2023-11-28 09:23:06,403 - rasterio.env - DEBUG - Exiting outermost env
2023-11-28 09:23:06,403 - rasterio.env - DEBUG - Exited env context: <rasterio.env.Env object at 0x7f663a22f760>
2023-11-28 09:23:06,404 - rasterio.env - DEBUG - Entering env context: <rasterio.env.Env object at 0x7f66207770d0>
2023-11-28 09:23:06,404 - rasterio.env - DEBUG - Starting outermost env
2023-11-28 09:23:06,404 - rasterio.env - DEBUG - No GDAL environment exists
2023-11-28 09:23:06,404 - rasterio.env - DEBUG - New GDAL environment <rasterio._env.GDALEnv object at 0x7f66207752a0> created
2023-11-28 09:23:06,404 - rasterio._env - DEBUG - GDAL data found in package: path='/home/metpublic/PYTHON_VENV/present_weather/lib/python3.10/site-packages/rasterio/gdal_data'.
2023-11-28 09:23:06,404 - rasterio._env - DEBUG - PROJ data found in package: path='/home/metpublic/PYTHON_VENV/present_weather/lib/python3.10/site-packages/rasterio/proj_data'.
2023-11-28 09:23:06,404 - rasterio._env - DEBUG - Started GDALEnv: self=<rasterio._env.GDALEnv object at 0x7f66207752a0>.
2023-11-28 09:23:06,404 - rasterio.env - DEBUG - Entered env context: <rasterio.env.Env object at 0x7f66207770d0>
2023-11-28 09:23:06,404 - rasterio._base - DEBUG - Sharing flag: 0
2023-11-28 09:23:06,405 - rasterio._base - DEBUG - Nodata success: 0, Nodata value: 0.000000
2023-11-28 09:23:06,405 - rasterio._base - DEBUG - Dataset <open DatasetReader name='/home/metpublic/TASK_RELEASE/EFAN/present_weather/src/H09_B13_Indonesia_20231128.Z0910.cor.tiff' mode='r'> is started.
2023-11-28 09:23:06,405 - rasterio.env - DEBUG - Exiting env context: <rasterio.env.Env object at 0x7f66207770d0>
2023-11-28 09:23:06,405 - rasterio.env - DEBUG - Cleared existing <rasterio._env.GDALEnv object at 0x7f66207752a0> options
2023-11-28 09:23:06,405 - rasterio._env - DEBUG - Stopped GDALEnv <rasterio._env.GDALEnv object at 0x7f66207752a0>.
2023-11-28 09:23:06,405 - rasterio.env - DEBUG - Exiting outermost env
2023-11-28 09:23:06,405 - rasterio.env - DEBUG - Exited env context: <rasterio.env.Env object at 0x7f66207770d0>
2023-11-28 09:23:06,415 - root - INFO - Generating present weather using SATELITE data
2023-11-28 09:24:03,175 - root - INFO - Total elapsed time: 0:01:00.942161
