2023-11-06 01:00:04,020 - root - INFO - Initiating present weather
2023-11-06 01:00:04,024 - urllib3.connectionpool - DEBUG - Starting new HTTPS connection (1): radar.bmkg.go.id:8060
2023-11-06 01:00:04,096 - urllib3.connectionpool - DEBUG - https://radar.bmkg.go.id:8060 "GET /getRadarGeotif?token=19387e71e78522ae4172ec0fda640983b8438c9cfa0ca571623cb69d8327&radar=amandemenForecast&type=latest HTTP/1.1" 200 90
2023-11-06 01:00:04,099 - rasterio.env - DEBUG - Entering env context: <rasterio.env.Env object at 0x7fdbbbe32cc0>
2023-11-06 01:00:04,100 - rasterio.env - DEBUG - Starting outermost env
2023-11-06 01:00:04,101 - rasterio.env - DEBUG - No GDAL environment exists
2023-11-06 01:00:04,101 - rasterio.env - DEBUG - New GDAL environment <rasterio._env.GDALEnv object at 0x7fdbbbddc070> created
2023-11-06 01:00:04,105 - rasterio._filepath - DEBUG - Installing FilePath filesystem handler plugin...
2023-11-06 01:00:04,106 - rasterio._env - DEBUG - GDAL data found in package: path='/home/swx/miniconda3/envs/present_weather/lib/python3.12/site-packages/rasterio/gdal_data'.
2023-11-06 01:00:04,106 - rasterio._env - DEBUG - PROJ_LIB found in environment.
2023-11-06 01:00:04,106 - rasterio._env - DEBUG - Started GDALEnv: self=<rasterio._env.GDALEnv object at 0x7fdbbbddc070>.
2023-11-06 01:00:04,106 - rasterio.env - DEBUG - Entered env context: <rasterio.env.Env object at 0x7fdbbbe32cc0>
2023-11-06 01:00:04,106 - rasterio._base - DEBUG - Sharing flag: 0
2023-11-06 01:00:04,279 - rasterio._base - DEBUG - Nodata success: 1, Nodata value: nan
2023-11-06 01:00:04,279 - rasterio._base - DEBUG - Dataset <open DatasetReader name='https://radar.bmkg.go.id/raster/radarsatelit_202311060040.tif' mode='r'> is started.
2023-11-06 01:00:04,280 - rasterio.env - DEBUG - Exiting env context: <rasterio.env.Env object at 0x7fdbbbe32cc0>
2023-11-06 01:00:04,280 - rasterio.env - DEBUG - Cleared existing <rasterio._env.GDALEnv object at 0x7fdbbbddc070> options
2023-11-06 01:00:04,280 - rasterio._env - DEBUG - Stopped GDALEnv <rasterio._env.GDALEnv object at 0x7fdbbbddc070>.
2023-11-06 01:00:04,280 - rasterio.env - DEBUG - Exiting outermost env
2023-11-06 01:00:04,280 - rasterio.env - DEBUG - Exited env context: <rasterio.env.Env object at 0x7fdbbbe32cc0>
2023-11-06 01:00:04,281 - rasterio.env - DEBUG - Entering env context: <rasterio.env.Env object at 0x7fdb6140f920>
2023-11-06 01:00:04,281 - rasterio.env - DEBUG - Starting outermost env
2023-11-06 01:00:04,281 - rasterio.env - DEBUG - No GDAL environment exists
2023-11-06 01:00:04,281 - rasterio.env - DEBUG - New GDAL environment <rasterio._env.GDALEnv object at 0x7fdbbbddc070> created
2023-11-06 01:00:04,281 - rasterio._env - DEBUG - GDAL data found in package: path='/home/swx/miniconda3/envs/present_weather/lib/python3.12/site-packages/rasterio/gdal_data'.
2023-11-06 01:00:04,282 - rasterio._env - DEBUG - PROJ_LIB found in environment.
2023-11-06 01:00:04,282 - rasterio._env - DEBUG - Started GDALEnv: self=<rasterio._env.GDALEnv object at 0x7fdbbbddc070>.
2023-11-06 01:00:04,282 - rasterio.env - DEBUG - Entered env context: <rasterio.env.Env object at 0x7fdb6140f920>
2023-11-06 01:00:04,283 - rasterio.env - DEBUG - Got a copy of environment <rasterio._env.GDALEnv object at 0x7fdbbbddc070> options
2023-11-06 01:00:04,283 - rasterio.env - DEBUG - Entering env context: <rasterio.env.Env object at 0x7fdbe6a877a0>
2023-11-06 01:00:04,283 - rasterio.env - DEBUG - Got a copy of environment <rasterio._env.GDALEnv object at 0x7fdbbbddc070> options
2023-11-06 01:00:04,283 - rasterio.env - DEBUG - Entered env context: <rasterio.env.Env object at 0x7fdbe6a877a0>
2023-11-06 01:00:04,283 - rasterio._base - DEBUG - Sharing flag: 0
2023-11-06 01:00:04,284 - rasterio._base - DEBUG - Nodata success: 1, Nodata value: nan
2023-11-06 01:00:04,285 - rasterio._base - DEBUG - Dataset <open DatasetReader name='https://radar.bmkg.go.id/raster/radarsatelit_202311060040.tif' mode='r'> is started.
2023-11-06 01:00:04,285 - rasterio.env - DEBUG - Exiting env context: <rasterio.env.Env object at 0x7fdbe6a877a0>
2023-11-06 01:00:04,285 - rasterio.env - DEBUG - Cleared existing <rasterio._env.GDALEnv object at 0x7fdbbbddc070> options
2023-11-06 01:00:04,285 - rasterio._env - DEBUG - Stopped GDALEnv <rasterio._env.GDALEnv object at 0x7fdbbbddc070>.
2023-11-06 01:00:04,285 - rasterio.env - DEBUG - No GDAL environment exists
2023-11-06 01:00:04,285 - rasterio.env - DEBUG - New GDAL environment <rasterio._env.GDALEnv object at 0x7fdbbbddc070> created
2023-11-06 01:00:04,286 - rasterio._env - DEBUG - GDAL data found in package: path='/home/swx/miniconda3/envs/present_weather/lib/python3.12/site-packages/rasterio/gdal_data'.
2023-11-06 01:00:04,286 - rasterio._env - DEBUG - PROJ_LIB found in environment.
2023-11-06 01:00:04,286 - rasterio._env - DEBUG - Started GDALEnv: self=<rasterio._env.GDALEnv object at 0x7fdbbbddc070>.
2023-11-06 01:00:04,286 - rasterio.env - DEBUG - Exited env context: <rasterio.env.Env object at 0x7fdbe6a877a0>
2023-11-06 01:00:04,318 - rasterio._io - DEBUG - Output nodata value read from file: nan
2023-11-06 01:00:04,318 - rasterio._io - DEBUG - Output nodata values: [nan]
2023-11-06 01:00:04,319 - rasterio._io - DEBUG - all_valid: False
2023-11-06 01:00:04,319 - rasterio._io - DEBUG - mask_flags: ([<MaskFlags.nodata: 8>],)
2023-11-06 01:00:04,319 - rasterio._io - DEBUG - Jump straight to _read()
2023-11-06 01:00:04,319 - rasterio._io - DEBUG - Window: Window(col_off=0, row_off=0, width=10215, height=3792)
2023-11-06 01:00:04,319 - rasterio._io - DEBUG - IO window xoff=0.0 yoff=0.0 width=10215.0 height=3792.0
2023-11-06 01:00:04,960 - rasterio.env - DEBUG - Exiting env context: <rasterio.env.Env object at 0x7fdb6140f920>
2023-11-06 01:00:04,960 - rasterio.env - DEBUG - Cleared existing <rasterio._env.GDALEnv object at 0x7fdbbbddc070> options
2023-11-06 01:00:04,960 - rasterio._env - DEBUG - Stopped GDALEnv <rasterio._env.GDALEnv object at 0x7fdbbbddc070>.
2023-11-06 01:00:04,960 - rasterio.env - DEBUG - Exiting outermost env
2023-11-06 01:00:04,961 - rasterio.env - DEBUG - Exited env context: <rasterio.env.Env object at 0x7fdb6140f920>
2023-11-06 01:00:04,963 - urllib3.connectionpool - DEBUG - Starting new HTTPS connection (1): radar.bmkg.go.id:8060
2023-11-06 01:00:05,034 - urllib3.connectionpool - DEBUG - https://radar.bmkg.go.id:8060 "GET /getLatestLD?typeData=1 HTTP/1.1" 200 57025
2023-11-06 01:00:05,059 - asyncio - DEBUG - Using selector: EpollSelector
2023-11-06 01:19:34,521 - root - INFO - Total elapsed time: 0:19:30.501939
