2023-12-23 07:53:02,781 - root - INFO - Initiating present weather
2023-12-23 07:53:02,783 - asyncio - DEBUG - Using selector: EpollSelector
2023-12-23 07:53:04,446 - urllib3.connectionpool - DEBUG - Starting new HTTPS connection (1): radar.bmkg.go.id:8060
2023-12-23 07:53:04,458 - urllib3.connectionpool - DEBUG - https://radar.bmkg.go.id:8060 "GET /getLatestLD?typeData=1 HTTP/1.1" 200 62
2023-12-23 07:53:04,460 - urllib3.connectionpool - DEBUG - Starting new HTTPS connection (1): radar.bmkg.go.id:8060
2023-12-23 07:53:04,476 - urllib3.connectionpool - DEBUG - https://radar.bmkg.go.id:8060 "GET /getRadarGeotif?token=19387e71e78522ae4172ec0fda640983b8438c9cfa0ca571623cb69d8327&radar=amandemenForecast&type=latest HTTP/1.1" 200 90
2023-12-23 07:53:04,477 - rasterio.env - DEBUG - Entering env context: <rasterio.env.Env object at 0x7f5e34329660>
2023-12-23 07:53:04,477 - rasterio.env - DEBUG - Starting outermost env
2023-12-23 07:53:04,477 - rasterio.env - DEBUG - No GDAL environment exists
2023-12-23 07:53:04,477 - rasterio.env - DEBUG - New GDAL environment <rasterio._env.GDALEnv object at 0x7f5e34329420> created
2023-12-23 07:53:04,480 - rasterio._filepath - DEBUG - Installing FilePath filesystem handler plugin...
2023-12-23 07:53:04,480 - rasterio._env - DEBUG - GDAL data found in package: path='/home/metpublic/PYTHON_VENV/present_weather/lib/python3.10/site-packages/rasterio/gdal_data'.
2023-12-23 07:53:04,481 - rasterio._env - DEBUG - PROJ data found in package: path='/home/metpublic/PYTHON_VENV/present_weather/lib/python3.10/site-packages/rasterio/proj_data'.
2023-12-23 07:53:04,481 - rasterio._env - DEBUG - Started GDALEnv: self=<rasterio._env.GDALEnv object at 0x7f5e34329420>.
2023-12-23 07:53:04,481 - rasterio.env - DEBUG - Entered env context: <rasterio.env.Env object at 0x7f5e34329660>
2023-12-23 07:53:04,481 - rasterio._base - DEBUG - Sharing flag: 0
2023-12-23 07:53:04,812 - rasterio._base - DEBUG - Nodata success: 1, Nodata value: nan
2023-12-23 07:53:04,813 - rasterio._base - DEBUG - Dataset <open DatasetReader name='https://radar.bmkg.go.id/raster/radarsatelit_202312230700.tif' mode='r'> is started.
2023-12-23 07:53:04,813 - rasterio.env - DEBUG - Exiting env context: <rasterio.env.Env object at 0x7f5e34329660>
2023-12-23 07:53:04,814 - rasterio.env - DEBUG - Cleared existing <rasterio._env.GDALEnv object at 0x7f5e34329420> options
2023-12-23 07:53:04,814 - rasterio._env - DEBUG - Stopped GDALEnv <rasterio._env.GDALEnv object at 0x7f5e34329420>.
2023-12-23 07:53:04,814 - rasterio.env - DEBUG - Exiting outermost env
2023-12-23 07:53:04,814 - rasterio.env - DEBUG - Exited env context: <rasterio.env.Env object at 0x7f5e34329660>
2023-12-23 07:53:04,814 - rasterio.env - DEBUG - Entering env context: <rasterio.env.Env object at 0x7f5e342e16c0>
2023-12-23 07:53:04,814 - rasterio.env - DEBUG - Starting outermost env
2023-12-23 07:53:04,814 - rasterio.env - DEBUG - No GDAL environment exists
2023-12-23 07:53:04,814 - rasterio.env - DEBUG - New GDAL environment <rasterio._env.GDALEnv object at 0x7f5e34350bb0> created
2023-12-23 07:53:04,815 - rasterio._env - DEBUG - GDAL data found in package: path='/home/metpublic/PYTHON_VENV/present_weather/lib/python3.10/site-packages/rasterio/gdal_data'.
2023-12-23 07:53:04,816 - rasterio._env - DEBUG - PROJ data found in package: path='/home/metpublic/PYTHON_VENV/present_weather/lib/python3.10/site-packages/rasterio/proj_data'.
2023-12-23 07:53:04,816 - rasterio._env - DEBUG - Started GDALEnv: self=<rasterio._env.GDALEnv object at 0x7f5e34350bb0>.
2023-12-23 07:53:04,816 - rasterio.env - DEBUG - Entered env context: <rasterio.env.Env object at 0x7f5e342e16c0>
2023-12-23 07:53:04,817 - rasterio.env - DEBUG - Got a copy of environment <rasterio._env.GDALEnv object at 0x7f5e34350bb0> options
2023-12-23 07:53:04,817 - rasterio.env - DEBUG - Entering env context: <rasterio.env.Env object at 0x7f5e341e7c70>
2023-12-23 07:53:04,817 - rasterio.env - DEBUG - Got a copy of environment <rasterio._env.GDALEnv object at 0x7f5e34350bb0> options
2023-12-23 07:53:04,817 - rasterio.env - DEBUG - Entered env context: <rasterio.env.Env object at 0x7f5e341e7c70>
2023-12-23 07:53:04,818 - rasterio._base - DEBUG - Sharing flag: 0
2023-12-23 07:53:04,819 - rasterio._base - DEBUG - Nodata success: 1, Nodata value: nan
2023-12-23 07:53:04,819 - rasterio._base - DEBUG - Dataset <open DatasetReader name='https://radar.bmkg.go.id/raster/radarsatelit_202312230700.tif' mode='r'> is started.
2023-12-23 07:53:04,819 - rasterio.env - DEBUG - Exiting env context: <rasterio.env.Env object at 0x7f5e341e7c70>
2023-12-23 07:53:04,820 - rasterio.env - DEBUG - Cleared existing <rasterio._env.GDALEnv object at 0x7f5e34350bb0> options
2023-12-23 07:53:04,820 - rasterio._env - DEBUG - Stopped GDALEnv <rasterio._env.GDALEnv object at 0x7f5e34350bb0>.
2023-12-23 07:53:04,820 - rasterio.env - DEBUG - No GDAL environment exists
2023-12-23 07:53:04,820 - rasterio.env - DEBUG - New GDAL environment <rasterio._env.GDALEnv object at 0x7f5e34350bb0> created
2023-12-23 07:53:04,820 - rasterio._env - DEBUG - GDAL data found in package: path='/home/metpublic/PYTHON_VENV/present_weather/lib/python3.10/site-packages/rasterio/gdal_data'.
2023-12-23 07:53:04,820 - rasterio._env - DEBUG - PROJ data found in package: path='/home/metpublic/PYTHON_VENV/present_weather/lib/python3.10/site-packages/rasterio/proj_data'.
2023-12-23 07:53:04,821 - rasterio._env - DEBUG - Started GDALEnv: self=<rasterio._env.GDALEnv object at 0x7f5e34350bb0>.
2023-12-23 07:53:04,821 - rasterio.env - DEBUG - Exited env context: <rasterio.env.Env object at 0x7f5e341e7c70>
2023-12-23 07:53:04,842 - rasterio._io - DEBUG - Output nodata value read from file: nan
2023-12-23 07:53:04,842 - rasterio._io - DEBUG - Output nodata values: [nan]
2023-12-23 07:53:04,843 - rasterio._io - DEBUG - all_valid: False
2023-12-23 07:53:04,843 - rasterio._io - DEBUG - mask_flags: ([<MaskFlags.nodata: 8>],)
2023-12-23 07:53:04,843 - rasterio._io - DEBUG - Jump straight to _read()
2023-12-23 07:53:04,843 - rasterio._io - DEBUG - Window: Window(col_off=0, row_off=0, width=10215, height=3792)
2023-12-23 07:53:04,843 - rasterio._io - DEBUG - IO window xoff=0.0 yoff=0.0 width=10215.0 height=3792.0
2023-12-23 07:53:05,455 - rasterio.env - DEBUG - Exiting env context: <rasterio.env.Env object at 0x7f5e342e16c0>
2023-12-23 07:53:05,456 - rasterio.env - DEBUG - Cleared existing <rasterio._env.GDALEnv object at 0x7f5e34350bb0> options
2023-12-23 07:53:05,456 - rasterio._env - DEBUG - Stopped GDALEnv <rasterio._env.GDALEnv object at 0x7f5e34350bb0>.
2023-12-23 07:53:05,456 - rasterio.env - DEBUG - Exiting outermost env
2023-12-23 07:53:05,456 - rasterio.env - DEBUG - Exited env context: <rasterio.env.Env object at 0x7f5e342e16c0>
2023-12-23 07:53:05,458 - urllib3.connectionpool - DEBUG - Starting new HTTPS connection (1): radar.bmkg.go.id:8060
2023-12-23 07:53:05,569 - urllib3.connectionpool - DEBUG - https://radar.bmkg.go.id:8060 "GET /getRadarGeotif?token=19387e71e78522ae4172ec0fda640983b8438c9cfa0ca571623cb69d8327&radar=amandemenForecastRadarMosaic&type=latest HTTP/1.1" 200 84
2023-12-23 07:53:05,569 - rasterio.env - DEBUG - Entering env context: <rasterio.env.Env object at 0x7f5e342e16c0>
2023-12-23 07:53:05,570 - rasterio.env - DEBUG - Starting outermost env
2023-12-23 07:53:05,570 - rasterio.env - DEBUG - No GDAL environment exists
2023-12-23 07:53:05,570 - rasterio.env - DEBUG - New GDAL environment <rasterio._env.GDALEnv object at 0x7f5e34329420> created
2023-12-23 07:53:05,570 - rasterio._env - DEBUG - GDAL data found in package: path='/home/metpublic/PYTHON_VENV/present_weather/lib/python3.10/site-packages/rasterio/gdal_data'.
2023-12-23 07:53:05,570 - rasterio._env - DEBUG - PROJ data found in package: path='/home/metpublic/PYTHON_VENV/present_weather/lib/python3.10/site-packages/rasterio/proj_data'.
2023-12-23 07:53:05,571 - rasterio._env - DEBUG - Started GDALEnv: self=<rasterio._env.GDALEnv object at 0x7f5e34329420>.
2023-12-23 07:53:05,571 - rasterio.env - DEBUG - Entered env context: <rasterio.env.Env object at 0x7f5e342e16c0>
2023-12-23 07:53:05,571 - rasterio._base - DEBUG - Sharing flag: 0
2023-12-23 07:53:05,576 - rasterio._base - DEBUG - Nodata success: 1, Nodata value: nan
2023-12-23 07:53:05,576 - rasterio._base - DEBUG - Dataset <open DatasetReader name='https://radar.bmkg.go.id/raster/mosaic_202312230750.tif' mode='r'> is started.
2023-12-23 07:53:05,576 - rasterio.env - DEBUG - Exiting env context: <rasterio.env.Env object at 0x7f5e342e16c0>
2023-12-23 07:53:05,576 - rasterio.env - DEBUG - Cleared existing <rasterio._env.GDALEnv object at 0x7f5e34329420> options
2023-12-23 07:53:05,576 - rasterio._env - DEBUG - Stopped GDALEnv <rasterio._env.GDALEnv object at 0x7f5e34329420>.
2023-12-23 07:53:05,576 - rasterio.env - DEBUG - Exiting outermost env
2023-12-23 07:53:05,576 - rasterio.env - DEBUG - Exited env context: <rasterio.env.Env object at 0x7f5e342e16c0>
2023-12-23 07:53:05,576 - rasterio.env - DEBUG - Entering env context: <rasterio.env.Env object at 0x7f5e34c63a90>
2023-12-23 07:53:05,576 - rasterio.env - DEBUG - Starting outermost env
2023-12-23 07:53:05,576 - rasterio.env - DEBUG - No GDAL environment exists
2023-12-23 07:53:05,576 - rasterio.env - DEBUG - New GDAL environment <rasterio._env.GDALEnv object at 0x7f5e34329420> created
2023-12-23 07:53:05,576 - rasterio._env - DEBUG - GDAL data found in package: path='/home/metpublic/PYTHON_VENV/present_weather/lib/python3.10/site-packages/rasterio/gdal_data'.
2023-12-23 07:53:05,577 - rasterio._env - DEBUG - PROJ data found in package: path='/home/metpublic/PYTHON_VENV/present_weather/lib/python3.10/site-packages/rasterio/proj_data'.
2023-12-23 07:53:05,577 - rasterio._env - DEBUG - Started GDALEnv: self=<rasterio._env.GDALEnv object at 0x7f5e34329420>.
2023-12-23 07:53:05,577 - rasterio.env - DEBUG - Entered env context: <rasterio.env.Env object at 0x7f5e34c63a90>
2023-12-23 07:53:05,577 - rasterio.env - DEBUG - Got a copy of environment <rasterio._env.GDALEnv object at 0x7f5e34329420> options
2023-12-23 07:53:05,577 - rasterio.env - DEBUG - Entering env context: <rasterio.env.Env object at 0x7f5e341e6140>
2023-12-23 07:53:05,577 - rasterio.env - DEBUG - Got a copy of environment <rasterio._env.GDALEnv object at 0x7f5e34329420> options
2023-12-23 07:53:05,577 - rasterio.env - DEBUG - Entered env context: <rasterio.env.Env object at 0x7f5e341e6140>
2023-12-23 07:53:05,577 - rasterio._base - DEBUG - Sharing flag: 0
2023-12-23 07:53:05,578 - rasterio._base - DEBUG - Nodata success: 1, Nodata value: nan
2023-12-23 07:53:05,578 - rasterio._base - DEBUG - Dataset <open DatasetReader name='https://radar.bmkg.go.id/raster/mosaic_202312230750.tif' mode='r'> is started.
2023-12-23 07:53:05,578 - rasterio.env - DEBUG - Exiting env context: <rasterio.env.Env object at 0x7f5e341e6140>
2023-12-23 07:53:05,578 - rasterio.env - DEBUG - Cleared existing <rasterio._env.GDALEnv object at 0x7f5e34329420> options
2023-12-23 07:53:05,578 - rasterio._env - DEBUG - Stopped GDALEnv <rasterio._env.GDALEnv object at 0x7f5e34329420>.
2023-12-23 07:53:05,578 - rasterio.env - DEBUG - No GDAL environment exists
2023-12-23 07:53:05,578 - rasterio.env - DEBUG - New GDAL environment <rasterio._env.GDALEnv object at 0x7f5e34329420> created
2023-12-23 07:53:05,579 - rasterio._env - DEBUG - GDAL data found in package: path='/home/metpublic/PYTHON_VENV/present_weather/lib/python3.10/site-packages/rasterio/gdal_data'.
2023-12-23 07:53:05,579 - rasterio._env - DEBUG - PROJ data found in package: path='/home/metpublic/PYTHON_VENV/present_weather/lib/python3.10/site-packages/rasterio/proj_data'.
2023-12-23 07:53:05,579 - rasterio._env - DEBUG - Started GDALEnv: self=<rasterio._env.GDALEnv object at 0x7f5e34329420>.
2023-12-23 07:53:05,579 - rasterio.env - DEBUG - Exited env context: <rasterio.env.Env object at 0x7f5e341e6140>
2023-12-23 07:53:05,588 - rasterio._io - DEBUG - Output nodata value read from file: nan
2023-12-23 07:53:05,588 - rasterio._io - DEBUG - Output nodata values: [nan]
2023-12-23 07:53:05,588 - rasterio._io - DEBUG - all_valid: False
2023-12-23 07:53:05,588 - rasterio._io - DEBUG - mask_flags: ([<MaskFlags.nodata: 8>],)
2023-12-23 07:53:05,588 - rasterio._io - DEBUG - Jump straight to _read()
2023-12-23 07:53:05,589 - rasterio._io - DEBUG - Window: Window(col_off=0, row_off=0, width=10215, height=3792)
2023-12-23 07:53:05,589 - rasterio._io - DEBUG - IO window xoff=0.0 yoff=0.0 width=10215.0 height=3792.0
2023-12-23 07:53:09,433 - rasterio.env - DEBUG - Exiting env context: <rasterio.env.Env object at 0x7f5e34c63a90>
2023-12-23 07:53:09,434 - rasterio.env - DEBUG - Cleared existing <rasterio._env.GDALEnv object at 0x7f5e34329420> options
2023-12-23 07:53:09,434 - rasterio._env - DEBUG - Stopped GDALEnv <rasterio._env.GDALEnv object at 0x7f5e34329420>.
2023-12-23 07:53:09,434 - rasterio.env - DEBUG - Exiting outermost env
2023-12-23 07:53:09,434 - rasterio.env - DEBUG - Exited env context: <rasterio.env.Env object at 0x7f5e34c63a90>
2023-12-23 07:59:49,010 - root - INFO - Total elapsed time: 0:06:46.228675
