2023-11-19 10:20:03,676 - root - INFO - Initiating present weather
2023-11-19 10:20:03,682 - urllib3.connectionpool - DEBUG - Starting new HTTPS connection (1): radar.bmkg.go.id:8060
2023-11-19 10:20:15,511 - rasterio.env - DEBUG - Entering env context: <rasterio.env.Env object at 0x7fc94dcaa3f0>
2023-11-19 10:20:15,512 - rasterio.env - DEBUG - Starting outermost env
2023-11-19 10:20:15,512 - rasterio.env - DEBUG - No GDAL environment exists
2023-11-19 10:20:15,512 - rasterio.env - DEBUG - New GDAL environment <rasterio._env.GDALEnv object at 0x7fc8f3a2b580> created
2023-11-19 10:20:15,520 - rasterio._filepath - DEBUG - Installing FilePath filesystem handler plugin...
2023-11-19 10:20:15,520 - rasterio._env - DEBUG - GDAL data found in package: path='/home/swx/miniconda3/envs/present_weather/lib/python3.12/site-packages/rasterio/gdal_data'.
2023-11-19 10:20:15,520 - rasterio._env - DEBUG - PROJ_LIB found in environment.
2023-11-19 10:20:15,520 - rasterio._env - DEBUG - Started GDALEnv: self=<rasterio._env.GDALEnv object at 0x7fc8f3a2b580>.
2023-11-19 10:20:15,521 - rasterio.env - DEBUG - Entered env context: <rasterio.env.Env object at 0x7fc94dcaa3f0>
2023-11-19 10:20:15,521 - rasterio._base - DEBUG - Sharing flag: 0
2023-11-19 10:20:15,542 - rasterio._base - DEBUG - Nodata success: 0, Nodata value: 0.000000
2023-11-19 10:20:15,542 - rasterio._base - DEBUG - Dataset <open DatasetReader name='/home/swx/present_weather/src/H09_B13_Indonesia_20231119.Z1010.cor.tiff' mode='r'> is started.
2023-11-19 10:20:15,543 - rasterio.env - DEBUG - Exiting env context: <rasterio.env.Env object at 0x7fc94dcaa3f0>
2023-11-19 10:20:15,543 - rasterio.env - DEBUG - Cleared existing <rasterio._env.GDALEnv object at 0x7fc8f3a2b580> options
2023-11-19 10:20:15,543 - rasterio._env - DEBUG - Stopped GDALEnv <rasterio._env.GDALEnv object at 0x7fc8f3a2b580>.
2023-11-19 10:20:15,543 - rasterio.env - DEBUG - Exiting outermost env
2023-11-19 10:20:15,543 - rasterio.env - DEBUG - Exited env context: <rasterio.env.Env object at 0x7fc94dcaa3f0>
2023-11-19 10:20:15,544 - rasterio.env - DEBUG - Entering env context: <rasterio.env.Env object at 0x7fc94dca9820>
2023-11-19 10:20:15,544 - rasterio.env - DEBUG - Starting outermost env
2023-11-19 10:20:15,544 - rasterio.env - DEBUG - No GDAL environment exists
2023-11-19 10:20:15,544 - rasterio.env - DEBUG - New GDAL environment <rasterio._env.GDALEnv object at 0x7fc94dcab5e0> created
2023-11-19 10:20:15,545 - rasterio._env - DEBUG - GDAL data found in package: path='/home/swx/miniconda3/envs/present_weather/lib/python3.12/site-packages/rasterio/gdal_data'.
2023-11-19 10:20:15,545 - rasterio._env - DEBUG - PROJ_LIB found in environment.
2023-11-19 10:20:15,545 - rasterio._env - DEBUG - Started GDALEnv: self=<rasterio._env.GDALEnv object at 0x7fc94dcab5e0>.
2023-11-19 10:20:15,545 - rasterio.env - DEBUG - Entered env context: <rasterio.env.Env object at 0x7fc94dca9820>
2023-11-19 10:20:15,545 - rasterio._base - DEBUG - Sharing flag: 0
2023-11-19 10:20:15,546 - rasterio._base - DEBUG - Nodata success: 0, Nodata value: 0.000000
2023-11-19 10:20:15,546 - rasterio._base - DEBUG - Dataset <open DatasetReader name='/home/swx/present_weather/src/H09_B13_Indonesia_20231119.Z1010.cor.tiff' mode='r'> is started.
2023-11-19 10:20:15,547 - rasterio.env - DEBUG - Exiting env context: <rasterio.env.Env object at 0x7fc94dca9820>
2023-11-19 10:20:15,547 - rasterio.env - DEBUG - Cleared existing <rasterio._env.GDALEnv object at 0x7fc94dcab5e0> options
2023-11-19 10:20:15,547 - rasterio._env - DEBUG - Stopped GDALEnv <rasterio._env.GDALEnv object at 0x7fc94dcab5e0>.
2023-11-19 10:20:15,547 - rasterio.env - DEBUG - Exiting outermost env
2023-11-19 10:20:15,547 - rasterio.env - DEBUG - Exited env context: <rasterio.env.Env object at 0x7fc94dca9820>
2023-11-19 10:20:15,569 - asyncio - DEBUG - Using selector: EpollSelector
2023-11-19 10:20:19,069 - root - INFO - dask.bag<lambda, npartitions=34>
2023-11-19 10:21:31,218 - root - INFO - Total elapsed time: 0:01:27.543699
