2023-11-14 17:00:03,196 - root - INFO - Initiating present weather
2023-11-14 17:00:03,200 - urllib3.connectionpool - DEBUG - Starting new HTTPS connection (1): radar.bmkg.go.id:8060
2023-11-14 17:00:03,281 - urllib3.connectionpool - DEBUG - https://radar.bmkg.go.id:8060 "GET /getRadarGeotif?token=19387e71e78522ae4172ec0fda640983b8438c9cfa0ca571623cb69d8327&radar=amandemenForecast&type=latest HTTP/1.1" 200 90
2023-11-14 17:00:03,284 - rasterio.env - DEBUG - Entering env context: <rasterio.env.Env object at 0x7f115aadc500>
2023-11-14 17:00:03,285 - rasterio.env - DEBUG - Starting outermost env
2023-11-14 17:00:03,286 - rasterio.env - DEBUG - No GDAL environment exists
2023-11-14 17:00:03,286 - rasterio.env - DEBUG - New GDAL environment <rasterio._env.GDALEnv object at 0x7f11597f3a00> created
2023-11-14 17:00:03,290 - rasterio._filepath - DEBUG - Installing FilePath filesystem handler plugin...
2023-11-14 17:00:03,291 - rasterio._env - DEBUG - GDAL data found in package: path='/home/swx/miniconda3/envs/present_weather/lib/python3.12/site-packages/rasterio/gdal_data'.
2023-11-14 17:00:03,291 - rasterio._env - DEBUG - PROJ_LIB found in environment.
2023-11-14 17:00:03,291 - rasterio._env - DEBUG - Started GDALEnv: self=<rasterio._env.GDALEnv object at 0x7f11597f3a00>.
2023-11-14 17:00:03,291 - rasterio.env - DEBUG - Entered env context: <rasterio.env.Env object at 0x7f115aadc500>
2023-11-14 17:00:03,291 - rasterio._base - DEBUG - Sharing flag: 0
2023-11-14 17:00:03,464 - rasterio._base - DEBUG - Nodata success: 1, Nodata value: nan
2023-11-14 17:00:03,464 - rasterio._base - DEBUG - Dataset <open DatasetReader name='https://radar.bmkg.go.id/raster/radarsatelit_202311141650.tif' mode='r'> is started.
2023-11-14 17:00:03,465 - rasterio.env - DEBUG - Exiting env context: <rasterio.env.Env object at 0x7f115aadc500>
2023-11-14 17:00:03,465 - rasterio.env - DEBUG - Cleared existing <rasterio._env.GDALEnv object at 0x7f11597f3a00> options
2023-11-14 17:00:03,465 - rasterio._env - DEBUG - Stopped GDALEnv <rasterio._env.GDALEnv object at 0x7f11597f3a00>.
2023-11-14 17:00:03,465 - rasterio.env - DEBUG - Exiting outermost env
2023-11-14 17:00:03,465 - rasterio.env - DEBUG - Exited env context: <rasterio.env.Env object at 0x7f115aadc500>
2023-11-14 17:00:03,465 - rasterio.env - DEBUG - Entering env context: <rasterio.env.Env object at 0x7f1159c21730>
2023-11-14 17:00:03,465 - rasterio.env - DEBUG - Starting outermost env
2023-11-14 17:00:03,465 - rasterio.env - DEBUG - No GDAL environment exists
2023-11-14 17:00:03,466 - rasterio.env - DEBUG - New GDAL environment <rasterio._env.GDALEnv object at 0x7f11597f3a00> created
2023-11-14 17:00:03,466 - rasterio._env - DEBUG - GDAL data found in package: path='/home/swx/miniconda3/envs/present_weather/lib/python3.12/site-packages/rasterio/gdal_data'.
2023-11-14 17:00:03,466 - rasterio._env - DEBUG - PROJ_LIB found in environment.
2023-11-14 17:00:03,466 - rasterio._env - DEBUG - Started GDALEnv: self=<rasterio._env.GDALEnv object at 0x7f11597f3a00>.
2023-11-14 17:00:03,466 - rasterio.env - DEBUG - Entered env context: <rasterio.env.Env object at 0x7f1159c21730>
2023-11-14 17:00:03,467 - rasterio.env - DEBUG - Got a copy of environment <rasterio._env.GDALEnv object at 0x7f11597f3a00> options
2023-11-14 17:00:03,467 - rasterio.env - DEBUG - Entering env context: <rasterio.env.Env object at 0x7f11595dd250>
2023-11-14 17:00:03,468 - rasterio.env - DEBUG - Got a copy of environment <rasterio._env.GDALEnv object at 0x7f11597f3a00> options
2023-11-14 17:00:03,468 - rasterio.env - DEBUG - Entered env context: <rasterio.env.Env object at 0x7f11595dd250>
2023-11-14 17:00:03,468 - rasterio._base - DEBUG - Sharing flag: 0
2023-11-14 17:00:03,469 - rasterio._base - DEBUG - Nodata success: 1, Nodata value: nan
2023-11-14 17:00:03,469 - rasterio._base - DEBUG - Dataset <open DatasetReader name='https://radar.bmkg.go.id/raster/radarsatelit_202311141650.tif' mode='r'> is started.
2023-11-14 17:00:03,469 - rasterio.env - DEBUG - Exiting env context: <rasterio.env.Env object at 0x7f11595dd250>
2023-11-14 17:00:03,469 - rasterio.env - DEBUG - Cleared existing <rasterio._env.GDALEnv object at 0x7f11597f3a00> options
2023-11-14 17:00:03,469 - rasterio._env - DEBUG - Stopped GDALEnv <rasterio._env.GDALEnv object at 0x7f11597f3a00>.
2023-11-14 17:00:03,469 - rasterio.env - DEBUG - No GDAL environment exists
2023-11-14 17:00:03,469 - rasterio.env - DEBUG - New GDAL environment <rasterio._env.GDALEnv object at 0x7f11597f3a00> created
2023-11-14 17:00:03,470 - rasterio._env - DEBUG - GDAL data found in package: path='/home/swx/miniconda3/envs/present_weather/lib/python3.12/site-packages/rasterio/gdal_data'.
2023-11-14 17:00:03,470 - rasterio._env - DEBUG - PROJ_LIB found in environment.
2023-11-14 17:00:03,470 - rasterio._env - DEBUG - Started GDALEnv: self=<rasterio._env.GDALEnv object at 0x7f11597f3a00>.
2023-11-14 17:00:03,470 - rasterio.env - DEBUG - Exited env context: <rasterio.env.Env object at 0x7f11595dd250>
2023-11-14 17:00:03,497 - rasterio._io - DEBUG - Output nodata value read from file: nan
2023-11-14 17:00:03,498 - rasterio._io - DEBUG - Output nodata values: [nan]
2023-11-14 17:00:03,498 - rasterio._io - DEBUG - all_valid: False
2023-11-14 17:00:03,498 - rasterio._io - DEBUG - mask_flags: ([<MaskFlags.nodata: 8>],)
2023-11-14 17:00:03,498 - rasterio._io - DEBUG - Jump straight to _read()
2023-11-14 17:00:03,499 - rasterio._io - DEBUG - Window: Window(col_off=0, row_off=0, width=10215, height=3792)
2023-11-14 17:00:03,499 - rasterio._io - DEBUG - IO window xoff=0.0 yoff=0.0 width=10215.0 height=3792.0
2023-11-14 17:00:04,136 - rasterio.env - DEBUG - Exiting env context: <rasterio.env.Env object at 0x7f1159c21730>
2023-11-14 17:00:04,136 - rasterio.env - DEBUG - Cleared existing <rasterio._env.GDALEnv object at 0x7f11597f3a00> options
2023-11-14 17:00:04,136 - rasterio._env - DEBUG - Stopped GDALEnv <rasterio._env.GDALEnv object at 0x7f11597f3a00>.
2023-11-14 17:00:04,136 - rasterio.env - DEBUG - Exiting outermost env
2023-11-14 17:00:04,136 - rasterio.env - DEBUG - Exited env context: <rasterio.env.Env object at 0x7f1159c21730>
2023-11-14 17:00:04,139 - urllib3.connectionpool - DEBUG - Starting new HTTPS connection (1): radar.bmkg.go.id:8060
2023-11-14 17:00:09,213 - urllib3.connectionpool - DEBUG - https://radar.bmkg.go.id:8060 "GET /getLatestLD?typeData=1 HTTP/1.1" 200 50122
2023-11-14 17:00:09,238 - asyncio - DEBUG - Using selector: EpollSelector
2023-11-14 17:00:15,846 - root - INFO - dask.bag<lambda, npartitions=34>
2023-11-14 17:14:09,553 - root - INFO - Total elapsed time: 0:14:06.357726
