2023-11-24 20:23:03,792 - root - INFO - Initiating present weather
2023-11-24 20:23:03,796 - asyncio - DEBUG - Using selector: EpollSelector
2023-11-24 20:23:07,060 - urllib3.connectionpool - DEBUG - Starting new HTTPS connection (1): radar.bmkg.go.id:8060
2023-11-24 20:23:07,130 - urllib3.connectionpool - DEBUG - https://radar.bmkg.go.id:8060 "GET /getRadarGeotif?token=19387e71e78522ae4172ec0fda640983b8438c9cfa0ca571623cb69d8327&radar=amandemenForecast&type=latest HTTP/1.1" 200 90
2023-11-24 20:23:07,132 - rasterio.env - DEBUG - Entering env context: <rasterio.env.Env object at 0x7f32f316f290>
2023-11-24 20:23:07,133 - rasterio.env - DEBUG - Starting outermost env
2023-11-24 20:23:07,134 - rasterio.env - DEBUG - No GDAL environment exists
2023-11-24 20:23:07,134 - rasterio.env - DEBUG - New GDAL environment <rasterio._env.GDALEnv object at 0x7f32f316ff70> created
2023-11-24 20:23:07,139 - rasterio._filepath - DEBUG - Installing FilePath filesystem handler plugin...
2023-11-24 20:23:07,139 - rasterio._env - DEBUG - GDAL data found in package: path='/home/swx/miniconda3/envs/present_weather/lib/python3.12/site-packages/rasterio/gdal_data'.
2023-11-24 20:23:07,139 - rasterio._env - DEBUG - PROJ_LIB found in environment.
2023-11-24 20:23:07,139 - rasterio._env - DEBUG - Started GDALEnv: self=<rasterio._env.GDALEnv object at 0x7f32f316ff70>.
2023-11-24 20:23:07,139 - rasterio.env - DEBUG - Entered env context: <rasterio.env.Env object at 0x7f32f316f290>
2023-11-24 20:23:07,140 - rasterio._base - DEBUG - Sharing flag: 0
2023-11-24 20:23:12,344 - rasterio._base - DEBUG - Nodata success: 1, Nodata value: nan
2023-11-24 20:23:12,344 - rasterio._base - DEBUG - Dataset <open DatasetReader name='https://radar.bmkg.go.id/raster/radarsatelit_202311242020.tif' mode='r'> is started.
2023-11-24 20:23:12,345 - rasterio.env - DEBUG - Exiting env context: <rasterio.env.Env object at 0x7f32f316f290>
2023-11-24 20:23:12,345 - rasterio.env - DEBUG - Cleared existing <rasterio._env.GDALEnv object at 0x7f32f316ff70> options
2023-11-24 20:23:12,345 - rasterio._env - DEBUG - Stopped GDALEnv <rasterio._env.GDALEnv object at 0x7f32f316ff70>.
2023-11-24 20:23:12,345 - rasterio.env - DEBUG - Exiting outermost env
2023-11-24 20:23:12,346 - rasterio.env - DEBUG - Exited env context: <rasterio.env.Env object at 0x7f32f316f290>
2023-11-24 20:23:12,346 - rasterio.env - DEBUG - Entering env context: <rasterio.env.Env object at 0x7f32f3445dc0>
2023-11-24 20:23:12,346 - rasterio.env - DEBUG - Starting outermost env
2023-11-24 20:23:12,346 - rasterio.env - DEBUG - No GDAL environment exists
2023-11-24 20:23:12,346 - rasterio.env - DEBUG - New GDAL environment <rasterio._env.GDALEnv object at 0x7f32f3276500> created
2023-11-24 20:23:12,347 - rasterio._env - DEBUG - GDAL data found in package: path='/home/swx/miniconda3/envs/present_weather/lib/python3.12/site-packages/rasterio/gdal_data'.
2023-11-24 20:23:12,347 - rasterio._env - DEBUG - PROJ_LIB found in environment.
2023-11-24 20:23:12,347 - rasterio._env - DEBUG - Started GDALEnv: self=<rasterio._env.GDALEnv object at 0x7f32f3276500>.
2023-11-24 20:23:12,347 - rasterio.env - DEBUG - Entered env context: <rasterio.env.Env object at 0x7f32f3445dc0>
2023-11-24 20:23:12,348 - rasterio.env - DEBUG - Got a copy of environment <rasterio._env.GDALEnv object at 0x7f32f3276500> options
2023-11-24 20:23:12,348 - rasterio.env - DEBUG - Entering env context: <rasterio.env.Env object at 0x7f32f0559af0>
2023-11-24 20:23:12,348 - rasterio.env - DEBUG - Got a copy of environment <rasterio._env.GDALEnv object at 0x7f32f3276500> options
2023-11-24 20:23:12,348 - rasterio.env - DEBUG - Entered env context: <rasterio.env.Env object at 0x7f32f0559af0>
2023-11-24 20:23:12,348 - rasterio._base - DEBUG - Sharing flag: 0
2023-11-24 20:23:12,350 - rasterio._base - DEBUG - Nodata success: 1, Nodata value: nan
2023-11-24 20:23:12,350 - rasterio._base - DEBUG - Dataset <open DatasetReader name='https://radar.bmkg.go.id/raster/radarsatelit_202311242020.tif' mode='r'> is started.
2023-11-24 20:23:12,350 - rasterio.env - DEBUG - Exiting env context: <rasterio.env.Env object at 0x7f32f0559af0>
2023-11-24 20:23:12,350 - rasterio.env - DEBUG - Cleared existing <rasterio._env.GDALEnv object at 0x7f32f3276500> options
2023-11-24 20:23:12,350 - rasterio._env - DEBUG - Stopped GDALEnv <rasterio._env.GDALEnv object at 0x7f32f3276500>.
2023-11-24 20:23:12,350 - rasterio.env - DEBUG - No GDAL environment exists
2023-11-24 20:23:12,350 - rasterio.env - DEBUG - New GDAL environment <rasterio._env.GDALEnv object at 0x7f32f3276500> created
2023-11-24 20:23:12,351 - rasterio._env - DEBUG - GDAL data found in package: path='/home/swx/miniconda3/envs/present_weather/lib/python3.12/site-packages/rasterio/gdal_data'.
2023-11-24 20:23:12,351 - rasterio._env - DEBUG - PROJ_LIB found in environment.
2023-11-24 20:23:12,352 - rasterio._env - DEBUG - Started GDALEnv: self=<rasterio._env.GDALEnv object at 0x7f32f3276500>.
2023-11-24 20:23:12,352 - rasterio.env - DEBUG - Exited env context: <rasterio.env.Env object at 0x7f32f0559af0>
2023-11-24 20:23:12,379 - rasterio._io - DEBUG - Output nodata value read from file: nan
2023-11-24 20:23:12,380 - rasterio._io - DEBUG - Output nodata values: [nan]
2023-11-24 20:23:12,380 - rasterio._io - DEBUG - all_valid: False
2023-11-24 20:23:12,380 - rasterio._io - DEBUG - mask_flags: ([<MaskFlags.nodata: 8>],)
2023-11-24 20:23:12,380 - rasterio._io - DEBUG - Jump straight to _read()
2023-11-24 20:23:12,380 - rasterio._io - DEBUG - Window: Window(col_off=0, row_off=0, width=10215, height=3792)
2023-11-24 20:23:12,381 - rasterio._io - DEBUG - IO window xoff=0.0 yoff=0.0 width=10215.0 height=3792.0
2023-11-24 20:23:13,401 - rasterio.env - DEBUG - Exiting env context: <rasterio.env.Env object at 0x7f32f3445dc0>
2023-11-24 20:23:13,401 - rasterio.env - DEBUG - Cleared existing <rasterio._env.GDALEnv object at 0x7f32f3276500> options
2023-11-24 20:23:13,402 - rasterio._env - DEBUG - Stopped GDALEnv <rasterio._env.GDALEnv object at 0x7f32f3276500>.
2023-11-24 20:23:13,402 - rasterio.env - DEBUG - Exiting outermost env
2023-11-24 20:23:13,402 - rasterio.env - DEBUG - Exited env context: <rasterio.env.Env object at 0x7f32f3445dc0>
2023-11-24 20:23:13,404 - urllib3.connectionpool - DEBUG - Starting new HTTPS connection (1): radar.bmkg.go.id:8060
2023-11-24 20:23:18,472 - urllib3.connectionpool - DEBUG - https://radar.bmkg.go.id:8060 "GET /getLatestLD?typeData=1 HTTP/1.1" 200 15990
2023-11-24 20:23:18,488 - root - INFO - Generating present weather using RADAR data
2023-11-24 20:23:21,832 - root - INFO - dask.bag<lambda, npartitions=20>
2023-11-24 20:34:32,494 - root - INFO - Total elapsed time: 0:11:28.703301
