2023-11-30 14:17:17,148 - root - INFO - Initiating present weather
2023-11-30 14:17:17,149 - asyncio - DEBUG - Using selector: KqueueSelector
2023-11-30 14:17:18,763 - urllib3.connectionpool - DEBUG - Starting new HTTPS connection (1): radar.bmkg.go.id:8060
2023-11-30 14:17:18,803 - urllib3.connectionpool - DEBUG - https://radar.bmkg.go.id:8060 "GET /getRadarGeotif?token=19387e71e78522ae4172ec0fda640983b8438c9cfa0ca571623cb69d8327&radar=amandemenForecast&type=latest HTTP/1.1" 200 90
2023-11-30 14:17:18,804 - rasterio.env - DEBUG - Entering env context: <rasterio.env.Env object at 0x149ba1010>
2023-11-30 14:17:18,804 - rasterio.env - DEBUG - Starting outermost env
2023-11-30 14:17:18,804 - rasterio.env - DEBUG - No GDAL environment exists
2023-11-30 14:17:18,804 - rasterio.env - DEBUG - New GDAL environment <rasterio._env.GDALEnv object at 0x149ba0a00> created
2023-11-30 14:17:18,806 - rasterio._filepath - DEBUG - Installing FilePath filesystem handler plugin...
2023-11-30 14:17:18,806 - rasterio._env - DEBUG - GDAL_DATA found in environment.
2023-11-30 14:17:18,806 - rasterio._env - DEBUG - PROJ_DATA found in environment.
2023-11-30 14:17:18,806 - rasterio._env - DEBUG - Started GDALEnv: self=<rasterio._env.GDALEnv object at 0x149ba0a00>.
2023-11-30 14:17:18,806 - rasterio.env - DEBUG - Entered env context: <rasterio.env.Env object at 0x149ba1010>
2023-11-30 14:17:18,806 - rasterio._base - DEBUG - Sharing flag: 0
2023-11-30 14:17:19,042 - rasterio._base - DEBUG - Nodata success: 1, Nodata value: nan
2023-11-30 14:17:19,044 - rasterio._base - DEBUG - Dataset <open DatasetReader name='https://radar.bmkg.go.id/raster/radarsatelit_202311300710.tif' mode='r'> is started.
2023-11-30 14:17:19,045 - rasterio.env - DEBUG - Exiting env context: <rasterio.env.Env object at 0x149ba1010>
2023-11-30 14:17:19,045 - rasterio.env - DEBUG - Cleared existing <rasterio._env.GDALEnv object at 0x149ba0a00> options
2023-11-30 14:17:19,045 - rasterio._env - DEBUG - Stopped GDALEnv <rasterio._env.GDALEnv object at 0x149ba0a00>.
2023-11-30 14:17:19,045 - rasterio.env - DEBUG - Exiting outermost env
2023-11-30 14:17:19,045 - rasterio.env - DEBUG - Exited env context: <rasterio.env.Env object at 0x149ba1010>
2023-11-30 14:17:19,045 - rasterio.env - DEBUG - Entering env context: <rasterio.env.Env object at 0x14acb3200>
2023-11-30 14:17:19,045 - rasterio.env - DEBUG - Starting outermost env
2023-11-30 14:17:19,045 - rasterio.env - DEBUG - No GDAL environment exists
2023-11-30 14:17:19,045 - rasterio.env - DEBUG - New GDAL environment <rasterio._env.GDALEnv object at 0x14abb1780> created
2023-11-30 14:17:19,046 - rasterio._env - DEBUG - GDAL_DATA found in environment.
2023-11-30 14:17:19,046 - rasterio._env - DEBUG - PROJ_DATA found in environment.
2023-11-30 14:17:19,046 - rasterio._env - DEBUG - Started GDALEnv: self=<rasterio._env.GDALEnv object at 0x14abb1780>.
2023-11-30 14:17:19,046 - rasterio.env - DEBUG - Entered env context: <rasterio.env.Env object at 0x14acb3200>
2023-11-30 14:17:19,046 - rasterio.env - DEBUG - Got a copy of environment <rasterio._env.GDALEnv object at 0x14abb1780> options
2023-11-30 14:17:19,046 - rasterio.env - DEBUG - Entering env context: <rasterio.env.Env object at 0x14acc8590>
2023-11-30 14:17:19,046 - rasterio.env - DEBUG - Got a copy of environment <rasterio._env.GDALEnv object at 0x14abb1780> options
2023-11-30 14:17:19,046 - rasterio.env - DEBUG - Entered env context: <rasterio.env.Env object at 0x14acc8590>
2023-11-30 14:17:19,046 - rasterio._base - DEBUG - Sharing flag: 0
2023-11-30 14:17:19,047 - rasterio._base - DEBUG - Nodata success: 1, Nodata value: nan
2023-11-30 14:17:19,047 - rasterio._base - DEBUG - Dataset <open DatasetReader name='https://radar.bmkg.go.id/raster/radarsatelit_202311300710.tif' mode='r'> is started.
2023-11-30 14:17:19,047 - rasterio.env - DEBUG - Exiting env context: <rasterio.env.Env object at 0x14acc8590>
2023-11-30 14:17:19,047 - rasterio.env - DEBUG - Cleared existing <rasterio._env.GDALEnv object at 0x14abb1780> options
2023-11-30 14:17:19,047 - rasterio._env - DEBUG - Stopped GDALEnv <rasterio._env.GDALEnv object at 0x14abb1780>.
2023-11-30 14:17:19,047 - rasterio.env - DEBUG - No GDAL environment exists
2023-11-30 14:17:19,047 - rasterio.env - DEBUG - New GDAL environment <rasterio._env.GDALEnv object at 0x14abb1780> created
2023-11-30 14:17:19,048 - rasterio._env - DEBUG - GDAL_DATA found in environment.
2023-11-30 14:17:19,048 - rasterio._env - DEBUG - PROJ_DATA found in environment.
2023-11-30 14:17:19,048 - rasterio._env - DEBUG - Started GDALEnv: self=<rasterio._env.GDALEnv object at 0x14abb1780>.
2023-11-30 14:17:19,048 - rasterio.env - DEBUG - Exited env context: <rasterio.env.Env object at 0x14acc8590>
2023-11-30 14:17:19,060 - rasterio._io - DEBUG - Output nodata value read from file: nan
2023-11-30 14:17:19,060 - rasterio._io - DEBUG - Output nodata values: [nan]
2023-11-30 14:17:19,060 - rasterio._io - DEBUG - all_valid: False
2023-11-30 14:17:19,060 - rasterio._io - DEBUG - mask_flags: ([<MaskFlags.nodata: 8>],)
2023-11-30 14:17:19,060 - rasterio._io - DEBUG - Jump straight to _read()
2023-11-30 14:17:19,060 - rasterio._io - DEBUG - Window: Window(col_off=0, row_off=0, width=10215, height=3792)
2023-11-30 14:17:19,060 - rasterio._io - DEBUG - IO window xoff=0.0 yoff=0.0 width=10215.0 height=3792.0
2023-11-30 14:17:20,020 - rasterio.env - DEBUG - Exiting env context: <rasterio.env.Env object at 0x14acb3200>
2023-11-30 14:17:20,020 - rasterio.env - DEBUG - Cleared existing <rasterio._env.GDALEnv object at 0x14abb1780> options
2023-11-30 14:17:20,020 - rasterio._env - DEBUG - Stopped GDALEnv <rasterio._env.GDALEnv object at 0x14abb1780>.
2023-11-30 14:17:20,020 - rasterio.env - DEBUG - Exiting outermost env
2023-11-30 14:17:20,020 - rasterio.env - DEBUG - Exited env context: <rasterio.env.Env object at 0x14acb3200>
2023-11-30 14:17:20,023 - urllib3.connectionpool - DEBUG - Starting new HTTPS connection (1): radar.bmkg.go.id:8060
2023-11-30 14:17:20,055 - urllib3.connectionpool - DEBUG - https://radar.bmkg.go.id:8060 "GET /getLatestLD?typeData=1 HTTP/1.1" 200 62
2023-11-30 14:17:21,816 - rasterio.env - DEBUG - Entering env context: <rasterio.env.Env object at 0x149ba0d70>
2023-11-30 14:17:21,817 - rasterio.env - DEBUG - Starting outermost env
2023-11-30 14:17:21,817 - rasterio.env - DEBUG - No GDAL environment exists
2023-11-30 14:17:21,817 - rasterio.env - DEBUG - New GDAL environment <rasterio._env.GDALEnv object at 0x14ab50c40> created
2023-11-30 14:17:21,818 - rasterio._env - DEBUG - GDAL_DATA found in environment.
2023-11-30 14:17:21,818 - rasterio._env - DEBUG - PROJ_DATA found in environment.
2023-11-30 14:17:21,818 - rasterio._env - DEBUG - Started GDALEnv: self=<rasterio._env.GDALEnv object at 0x14ab50c40>.
2023-11-30 14:17:21,818 - rasterio.env - DEBUG - Entered env context: <rasterio.env.Env object at 0x149ba0d70>
2023-11-30 14:17:21,818 - rasterio._base - DEBUG - Sharing flag: 0
2023-11-30 14:17:21,819 - rasterio._base - DEBUG - Nodata success: 0, Nodata value: 0.000000
2023-11-30 14:17:21,819 - rasterio._base - DEBUG - Dataset <open DatasetReader name='/Users/abidinz/Projects/present_weather/src/H09_B13_Indonesia_20231130.Z0700.cor.tiff' mode='r'> is started.
2023-11-30 14:17:21,820 - rasterio.env - DEBUG - Exiting env context: <rasterio.env.Env object at 0x149ba0d70>
2023-11-30 14:17:21,820 - rasterio.env - DEBUG - Cleared existing <rasterio._env.GDALEnv object at 0x14ab50c40> options
2023-11-30 14:17:21,820 - rasterio._env - DEBUG - Stopped GDALEnv <rasterio._env.GDALEnv object at 0x14ab50c40>.
2023-11-30 14:17:21,820 - rasterio.env - DEBUG - Exiting outermost env
2023-11-30 14:17:21,820 - rasterio.env - DEBUG - Exited env context: <rasterio.env.Env object at 0x149ba0d70>
2023-11-30 14:17:21,820 - rasterio.env - DEBUG - Entering env context: <rasterio.env.Env object at 0x14d20a360>
2023-11-30 14:17:21,820 - rasterio.env - DEBUG - Starting outermost env
2023-11-30 14:17:21,820 - rasterio.env - DEBUG - No GDAL environment exists
2023-11-30 14:17:21,821 - rasterio.env - DEBUG - New GDAL environment <rasterio._env.GDALEnv object at 0x14ac54820> created
2023-11-30 14:17:21,821 - rasterio._env - DEBUG - GDAL_DATA found in environment.
2023-11-30 14:17:21,821 - rasterio._env - DEBUG - PROJ_DATA found in environment.
2023-11-30 14:17:21,821 - rasterio._env - DEBUG - Started GDALEnv: self=<rasterio._env.GDALEnv object at 0x14ac54820>.
2023-11-30 14:17:21,821 - rasterio.env - DEBUG - Entered env context: <rasterio.env.Env object at 0x14d20a360>
2023-11-30 14:17:21,821 - rasterio._base - DEBUG - Sharing flag: 0
2023-11-30 14:17:21,822 - rasterio._base - DEBUG - Nodata success: 0, Nodata value: 0.000000
2023-11-30 14:17:21,822 - rasterio._base - DEBUG - Dataset <open DatasetReader name='/Users/abidinz/Projects/present_weather/src/H09_B13_Indonesia_20231130.Z0700.cor.tiff' mode='r'> is started.
2023-11-30 14:17:21,823 - rasterio.env - DEBUG - Exiting env context: <rasterio.env.Env object at 0x14d20a360>
2023-11-30 14:17:21,823 - rasterio.env - DEBUG - Cleared existing <rasterio._env.GDALEnv object at 0x14ac54820> options
2023-11-30 14:17:21,823 - rasterio._env - DEBUG - Stopped GDALEnv <rasterio._env.GDALEnv object at 0x14ac54820>.
2023-11-30 14:17:21,823 - rasterio.env - DEBUG - Exiting outermost env
2023-11-30 14:17:21,823 - rasterio.env - DEBUG - Exited env context: <rasterio.env.Env object at 0x14d20a360>
2023-11-30 14:17:21,828 - root - INFO - Generating present weather using SATELITE data
2023-11-30 14:17:43,106 - root - INFO - Total elapsed time: 0:00:25.957866
