2023-11-28 15:53:02,887 - root - INFO - Initiating present weather
2023-11-28 15:53:02,889 - asyncio - DEBUG - Using selector: EpollSelector
2023-11-28 15:53:04,396 - urllib3.connectionpool - DEBUG - Starting new HTTPS connection (1): radar.bmkg.go.id:8060
2023-11-28 15:53:04,412 - urllib3.connectionpool - DEBUG - https://radar.bmkg.go.id:8060 "GET /getLatestLD?typeData=1 HTTP/1.1" 200 62
2023-11-28 15:53:04,415 - urllib3.connectionpool - DEBUG - Starting new HTTPS connection (1): radar.bmkg.go.id:8060
2023-11-28 15:53:04,437 - urllib3.connectionpool - DEBUG - https://radar.bmkg.go.id:8060 "GET /getRadarGeotif?token=19387e71e78522ae4172ec0fda640983b8438c9cfa0ca571623cb69d8327&radar=amandemenForecast&type=latest HTTP/1.1" 200 90
2023-11-28 15:53:04,439 - rasterio.env - DEBUG - Entering env context: <rasterio.env.Env object at 0x7f8ed3436bc0>
2023-11-28 15:53:04,439 - rasterio.env - DEBUG - Starting outermost env
2023-11-28 15:53:04,440 - rasterio.env - DEBUG - No GDAL environment exists
2023-11-28 15:53:04,440 - rasterio.env - DEBUG - New GDAL environment <rasterio._env.GDALEnv object at 0x7f8ed3436d10> created
2023-11-28 15:53:04,442 - rasterio._filepath - DEBUG - Installing FilePath filesystem handler plugin...
2023-11-28 15:53:04,443 - rasterio._env - DEBUG - GDAL data found in package: path='/home/metpublic/PYTHON_VENV/present_weather/lib/python3.10/site-packages/rasterio/gdal_data'.
2023-11-28 15:53:04,443 - rasterio._env - DEBUG - PROJ data found in package: path='/home/metpublic/PYTHON_VENV/present_weather/lib/python3.10/site-packages/rasterio/proj_data'.
2023-11-28 15:53:04,443 - rasterio._env - DEBUG - Started GDALEnv: self=<rasterio._env.GDALEnv object at 0x7f8ed3436d10>.
2023-11-28 15:53:04,443 - rasterio.env - DEBUG - Entered env context: <rasterio.env.Env object at 0x7f8ed3436bc0>
2023-11-28 15:53:04,443 - rasterio._base - DEBUG - Sharing flag: 0
2023-11-28 15:53:04,628 - rasterio._base - DEBUG - Nodata success: 1, Nodata value: nan
2023-11-28 15:53:04,628 - rasterio._base - DEBUG - Dataset <open DatasetReader name='https://radar.bmkg.go.id/raster/radarsatelit_202311281550.tif' mode='r'> is started.
2023-11-28 15:53:04,628 - rasterio.env - DEBUG - Exiting env context: <rasterio.env.Env object at 0x7f8ed3436bc0>
2023-11-28 15:53:04,629 - rasterio.env - DEBUG - Cleared existing <rasterio._env.GDALEnv object at 0x7f8ed3436d10> options
2023-11-28 15:53:04,629 - rasterio._env - DEBUG - Stopped GDALEnv <rasterio._env.GDALEnv object at 0x7f8ed3436d10>.
2023-11-28 15:53:04,629 - rasterio.env - DEBUG - Exiting outermost env
2023-11-28 15:53:04,629 - rasterio.env - DEBUG - Exited env context: <rasterio.env.Env object at 0x7f8ed3436bc0>
2023-11-28 15:53:04,629 - rasterio.env - DEBUG - Entering env context: <rasterio.env.Env object at 0x7f8ed2ac4a60>
2023-11-28 15:53:04,629 - rasterio.env - DEBUG - Starting outermost env
2023-11-28 15:53:04,629 - rasterio.env - DEBUG - No GDAL environment exists
2023-11-28 15:53:04,629 - rasterio.env - DEBUG - New GDAL environment <rasterio._env.GDALEnv object at 0x7f8ed3436d10> created
2023-11-28 15:53:04,629 - rasterio._env - DEBUG - GDAL data found in package: path='/home/metpublic/PYTHON_VENV/present_weather/lib/python3.10/site-packages/rasterio/gdal_data'.
2023-11-28 15:53:04,630 - rasterio._env - DEBUG - PROJ data found in package: path='/home/metpublic/PYTHON_VENV/present_weather/lib/python3.10/site-packages/rasterio/proj_data'.
2023-11-28 15:53:04,630 - rasterio._env - DEBUG - Started GDALEnv: self=<rasterio._env.GDALEnv object at 0x7f8ed3436d10>.
2023-11-28 15:53:04,630 - rasterio.env - DEBUG - Entered env context: <rasterio.env.Env object at 0x7f8ed2ac4a60>
2023-11-28 15:53:04,630 - rasterio.env - DEBUG - Got a copy of environment <rasterio._env.GDALEnv object at 0x7f8ed3436d10> options
2023-11-28 15:53:04,630 - rasterio.env - DEBUG - Entering env context: <rasterio.env.Env object at 0x7f8ed01ca0e0>
2023-11-28 15:53:04,630 - rasterio.env - DEBUG - Got a copy of environment <rasterio._env.GDALEnv object at 0x7f8ed3436d10> options
2023-11-28 15:53:04,630 - rasterio.env - DEBUG - Entered env context: <rasterio.env.Env object at 0x7f8ed01ca0e0>
2023-11-28 15:53:04,630 - rasterio._base - DEBUG - Sharing flag: 0
2023-11-28 15:53:04,631 - rasterio._base - DEBUG - Nodata success: 1, Nodata value: nan
2023-11-28 15:53:04,631 - rasterio._base - DEBUG - Dataset <open DatasetReader name='https://radar.bmkg.go.id/raster/radarsatelit_202311281550.tif' mode='r'> is started.
2023-11-28 15:53:04,631 - rasterio.env - DEBUG - Exiting env context: <rasterio.env.Env object at 0x7f8ed01ca0e0>
2023-11-28 15:53:04,632 - rasterio.env - DEBUG - Cleared existing <rasterio._env.GDALEnv object at 0x7f8ed3436d10> options
2023-11-28 15:53:04,632 - rasterio._env - DEBUG - Stopped GDALEnv <rasterio._env.GDALEnv object at 0x7f8ed3436d10>.
2023-11-28 15:53:04,632 - rasterio.env - DEBUG - No GDAL environment exists
2023-11-28 15:53:04,632 - rasterio.env - DEBUG - New GDAL environment <rasterio._env.GDALEnv object at 0x7f8ed3436d10> created
2023-11-28 15:53:04,632 - rasterio._env - DEBUG - GDAL data found in package: path='/home/metpublic/PYTHON_VENV/present_weather/lib/python3.10/site-packages/rasterio/gdal_data'.
2023-11-28 15:53:04,632 - rasterio._env - DEBUG - PROJ data found in package: path='/home/metpublic/PYTHON_VENV/present_weather/lib/python3.10/site-packages/rasterio/proj_data'.
2023-11-28 15:53:04,632 - rasterio._env - DEBUG - Started GDALEnv: self=<rasterio._env.GDALEnv object at 0x7f8ed3436d10>.
2023-11-28 15:53:04,632 - rasterio.env - DEBUG - Exited env context: <rasterio.env.Env object at 0x7f8ed01ca0e0>
2023-11-28 15:53:04,649 - rasterio._io - DEBUG - Output nodata value read from file: nan
2023-11-28 15:53:04,650 - rasterio._io - DEBUG - Output nodata values: [nan]
2023-11-28 15:53:04,650 - rasterio._io - DEBUG - all_valid: False
2023-11-28 15:53:04,650 - rasterio._io - DEBUG - mask_flags: ([<MaskFlags.nodata: 8>],)
2023-11-28 15:53:04,650 - rasterio._io - DEBUG - Jump straight to _read()
2023-11-28 15:53:04,650 - rasterio._io - DEBUG - Window: Window(col_off=0, row_off=0, width=10215, height=3792)
2023-11-28 15:53:04,651 - rasterio._io - DEBUG - IO window xoff=0.0 yoff=0.0 width=10215.0 height=3792.0
2023-11-28 15:53:05,228 - rasterio.env - DEBUG - Exiting env context: <rasterio.env.Env object at 0x7f8ed2ac4a60>
2023-11-28 15:53:05,229 - rasterio.env - DEBUG - Cleared existing <rasterio._env.GDALEnv object at 0x7f8ed3436d10> options
2023-11-28 15:53:05,229 - rasterio._env - DEBUG - Stopped GDALEnv <rasterio._env.GDALEnv object at 0x7f8ed3436d10>.
2023-11-28 15:53:05,229 - rasterio.env - DEBUG - Exiting outermost env
2023-11-28 15:53:05,229 - rasterio.env - DEBUG - Exited env context: <rasterio.env.Env object at 0x7f8ed2ac4a60>
2023-11-28 15:59:29,631 - root - INFO - Total elapsed time: 0:06:26.743884
