2023-11-26 16:43:04,042 - root - INFO - Initiating present weather
2023-11-26 16:43:04,045 - asyncio - DEBUG - Using selector: EpollSelector
2023-11-26 16:43:07,343 - urllib3.connectionpool - DEBUG - Starting new HTTPS connection (1): radar.bmkg.go.id:8060
2023-11-26 16:43:07,400 - urllib3.connectionpool - DEBUG - https://radar.bmkg.go.id:8060 "GET /getRadarGeotif?token=19387e71e78522ae4172ec0fda640983b8438c9cfa0ca571623cb69d8327&radar=amandemenForecast&type=latest HTTP/1.1" 200 90
2023-11-26 16:43:07,401 - rasterio.env - DEBUG - Entering env context: <rasterio.env.Env object at 0x7f2bb53ac950>
2023-11-26 16:43:07,402 - rasterio.env - DEBUG - Starting outermost env
2023-11-26 16:43:07,402 - rasterio.env - DEBUG - No GDAL environment exists
2023-11-26 16:43:07,402 - rasterio.env - DEBUG - New GDAL environment <rasterio._env.GDALEnv object at 0x7f2bb53adea0> created
2023-11-26 16:43:07,406 - rasterio._filepath - DEBUG - Installing FilePath filesystem handler plugin...
2023-11-26 16:43:07,406 - rasterio._env - DEBUG - GDAL data found in package: path='/home/swx/miniconda3/envs/present_weather/lib/python3.12/site-packages/rasterio/gdal_data'.
2023-11-26 16:43:07,406 - rasterio._env - DEBUG - PROJ_LIB found in environment.
2023-11-26 16:43:07,406 - rasterio._env - DEBUG - Started GDALEnv: self=<rasterio._env.GDALEnv object at 0x7f2bb53adea0>.
2023-11-26 16:43:07,406 - rasterio.env - DEBUG - Entered env context: <rasterio.env.Env object at 0x7f2bb53ac950>
2023-11-26 16:43:07,407 - rasterio._base - DEBUG - Sharing flag: 0
2023-11-26 16:43:07,615 - rasterio._base - DEBUG - Nodata success: 1, Nodata value: nan
2023-11-26 16:43:07,615 - rasterio._base - DEBUG - Dataset <open DatasetReader name='https://radar.bmkg.go.id/raster/radarsatelit_202311261640.tif' mode='r'> is started.
2023-11-26 16:43:07,616 - rasterio.env - DEBUG - Exiting env context: <rasterio.env.Env object at 0x7f2bb53ac950>
2023-11-26 16:43:07,616 - rasterio.env - DEBUG - Cleared existing <rasterio._env.GDALEnv object at 0x7f2bb53adea0> options
2023-11-26 16:43:07,616 - rasterio._env - DEBUG - Stopped GDALEnv <rasterio._env.GDALEnv object at 0x7f2bb53adea0>.
2023-11-26 16:43:07,616 - rasterio.env - DEBUG - Exiting outermost env
2023-11-26 16:43:07,616 - rasterio.env - DEBUG - Exited env context: <rasterio.env.Env object at 0x7f2bb53ac950>
2023-11-26 16:43:07,616 - rasterio.env - DEBUG - Entering env context: <rasterio.env.Env object at 0x7f2bb4692b40>
2023-11-26 16:43:07,617 - rasterio.env - DEBUG - Starting outermost env
2023-11-26 16:43:07,617 - rasterio.env - DEBUG - No GDAL environment exists
2023-11-26 16:43:07,617 - rasterio.env - DEBUG - New GDAL environment <rasterio._env.GDALEnv object at 0x7f2bb477fd00> created
2023-11-26 16:43:07,617 - rasterio._env - DEBUG - GDAL data found in package: path='/home/swx/miniconda3/envs/present_weather/lib/python3.12/site-packages/rasterio/gdal_data'.
2023-11-26 16:43:07,618 - rasterio._env - DEBUG - PROJ_LIB found in environment.
2023-11-26 16:43:07,618 - rasterio._env - DEBUG - Started GDALEnv: self=<rasterio._env.GDALEnv object at 0x7f2bb477fd00>.
2023-11-26 16:43:07,618 - rasterio.env - DEBUG - Entered env context: <rasterio.env.Env object at 0x7f2bb4692b40>
2023-11-26 16:43:07,619 - rasterio.env - DEBUG - Got a copy of environment <rasterio._env.GDALEnv object at 0x7f2bb477fd00> options
2023-11-26 16:43:07,619 - rasterio.env - DEBUG - Entering env context: <rasterio.env.Env object at 0x7f2bb53ae0c0>
2023-11-26 16:43:07,619 - rasterio.env - DEBUG - Got a copy of environment <rasterio._env.GDALEnv object at 0x7f2bb477fd00> options
2023-11-26 16:43:07,619 - rasterio.env - DEBUG - Entered env context: <rasterio.env.Env object at 0x7f2bb53ae0c0>
2023-11-26 16:43:07,619 - rasterio._base - DEBUG - Sharing flag: 0
2023-11-26 16:43:07,620 - rasterio._base - DEBUG - Nodata success: 1, Nodata value: nan
2023-11-26 16:43:07,620 - rasterio._base - DEBUG - Dataset <open DatasetReader name='https://radar.bmkg.go.id/raster/radarsatelit_202311261640.tif' mode='r'> is started.
2023-11-26 16:43:07,621 - rasterio.env - DEBUG - Exiting env context: <rasterio.env.Env object at 0x7f2bb53ae0c0>
2023-11-26 16:43:07,621 - rasterio.env - DEBUG - Cleared existing <rasterio._env.GDALEnv object at 0x7f2bb477fd00> options
2023-11-26 16:43:07,621 - rasterio._env - DEBUG - Stopped GDALEnv <rasterio._env.GDALEnv object at 0x7f2bb477fd00>.
2023-11-26 16:43:07,621 - rasterio.env - DEBUG - No GDAL environment exists
2023-11-26 16:43:07,621 - rasterio.env - DEBUG - New GDAL environment <rasterio._env.GDALEnv object at 0x7f2bb477fd00> created
2023-11-26 16:43:07,622 - rasterio._env - DEBUG - GDAL data found in package: path='/home/swx/miniconda3/envs/present_weather/lib/python3.12/site-packages/rasterio/gdal_data'.
2023-11-26 16:43:07,622 - rasterio._env - DEBUG - PROJ_LIB found in environment.
2023-11-26 16:43:07,622 - rasterio._env - DEBUG - Started GDALEnv: self=<rasterio._env.GDALEnv object at 0x7f2bb477fd00>.
2023-11-26 16:43:07,622 - rasterio.env - DEBUG - Exited env context: <rasterio.env.Env object at 0x7f2bb53ae0c0>
2023-11-26 16:43:07,651 - rasterio._io - DEBUG - Output nodata value read from file: nan
2023-11-26 16:43:07,651 - rasterio._io - DEBUG - Output nodata values: [nan]
2023-11-26 16:43:07,652 - rasterio._io - DEBUG - all_valid: False
2023-11-26 16:43:07,652 - rasterio._io - DEBUG - mask_flags: ([<MaskFlags.nodata: 8>],)
2023-11-26 16:43:07,652 - rasterio._io - DEBUG - Jump straight to _read()
2023-11-26 16:43:07,652 - rasterio._io - DEBUG - Window: Window(col_off=0, row_off=0, width=10215, height=3792)
2023-11-26 16:43:07,653 - rasterio._io - DEBUG - IO window xoff=0.0 yoff=0.0 width=10215.0 height=3792.0
2023-11-26 16:43:08,533 - rasterio.env - DEBUG - Exiting env context: <rasterio.env.Env object at 0x7f2bb4692b40>
2023-11-26 16:43:08,533 - rasterio.env - DEBUG - Cleared existing <rasterio._env.GDALEnv object at 0x7f2bb477fd00> options
2023-11-26 16:43:08,533 - rasterio._env - DEBUG - Stopped GDALEnv <rasterio._env.GDALEnv object at 0x7f2bb477fd00>.
2023-11-26 16:43:08,533 - rasterio.env - DEBUG - Exiting outermost env
2023-11-26 16:43:08,533 - rasterio.env - DEBUG - Exited env context: <rasterio.env.Env object at 0x7f2bb4692b40>
2023-11-26 16:43:08,535 - urllib3.connectionpool - DEBUG - Starting new HTTPS connection (1): radar.bmkg.go.id:8060
2023-11-26 16:43:08,595 - urllib3.connectionpool - DEBUG - https://radar.bmkg.go.id:8060 "GET /getLatestLD?typeData=1 HTTP/1.1" 200 5145
2023-11-26 16:43:08,605 - root - INFO - Generating present weather using RADAR data
2023-11-26 16:43:11,948 - root - INFO - dask.bag<lambda, npartitions=20>
2023-11-26 16:54:26,829 - root - INFO - Total elapsed time: 0:11:22.787996
