2023-11-19 11:20:03,921 - root - INFO - Initiating present weather
2023-11-19 11:20:03,926 - urllib3.connectionpool - DEBUG - Starting new HTTPS connection (1): radar.bmkg.go.id:8060
2023-11-19 11:20:03,994 - urllib3.connectionpool - DEBUG - https://radar.bmkg.go.id:8060 "GET /getRadarGeotif?token=19387e71e78522ae4172ec0fda640983b8438c9cfa0ca571623cb69d8327&radar=amandemenForecast&type=latest HTTP/1.1" 200 90
2023-11-19 11:20:03,996 - rasterio.env - DEBUG - Entering env context: <rasterio.env.Env object at 0x7f66d03329c0>
2023-11-19 11:20:03,997 - rasterio.env - DEBUG - Starting outermost env
2023-11-19 11:20:03,997 - rasterio.env - DEBUG - No GDAL environment exists
2023-11-19 11:20:03,998 - rasterio.env - DEBUG - New GDAL environment <rasterio._env.GDALEnv object at 0x7f671406c850> created
2023-11-19 11:20:04,002 - rasterio._filepath - DEBUG - Installing FilePath filesystem handler plugin...
2023-11-19 11:20:04,002 - rasterio._env - DEBUG - GDAL data found in package: path='/home/swx/miniconda3/envs/present_weather/lib/python3.12/site-packages/rasterio/gdal_data'.
2023-11-19 11:20:04,003 - rasterio._env - DEBUG - PROJ_LIB found in environment.
2023-11-19 11:20:04,003 - rasterio._env - DEBUG - Started GDALEnv: self=<rasterio._env.GDALEnv object at 0x7f671406c850>.
2023-11-19 11:20:04,003 - rasterio.env - DEBUG - Entered env context: <rasterio.env.Env object at 0x7f66d03329c0>
2023-11-19 11:20:04,003 - rasterio._base - DEBUG - Sharing flag: 0
2023-11-19 11:20:04,188 - rasterio._base - DEBUG - Nodata success: 1, Nodata value: nan
2023-11-19 11:20:04,188 - rasterio._base - DEBUG - Dataset <open DatasetReader name='https://radar.bmkg.go.id/raster/radarsatelit_202311191110.tif' mode='r'> is started.
2023-11-19 11:20:04,188 - rasterio.env - DEBUG - Exiting env context: <rasterio.env.Env object at 0x7f66d03329c0>
2023-11-19 11:20:04,188 - rasterio.env - DEBUG - Cleared existing <rasterio._env.GDALEnv object at 0x7f671406c850> options
2023-11-19 11:20:04,188 - rasterio._env - DEBUG - Stopped GDALEnv <rasterio._env.GDALEnv object at 0x7f671406c850>.
2023-11-19 11:20:04,189 - rasterio.env - DEBUG - Exiting outermost env
2023-11-19 11:20:04,189 - rasterio.env - DEBUG - Exited env context: <rasterio.env.Env object at 0x7f66d03329c0>
2023-11-19 11:20:04,189 - rasterio.env - DEBUG - Entering env context: <rasterio.env.Env object at 0x7f66e129d010>
2023-11-19 11:20:04,189 - rasterio.env - DEBUG - Starting outermost env
2023-11-19 11:20:04,189 - rasterio.env - DEBUG - No GDAL environment exists
2023-11-19 11:20:04,189 - rasterio.env - DEBUG - New GDAL environment <rasterio._env.GDALEnv object at 0x7f66d03329b0> created
2023-11-19 11:20:04,189 - rasterio._env - DEBUG - GDAL data found in package: path='/home/swx/miniconda3/envs/present_weather/lib/python3.12/site-packages/rasterio/gdal_data'.
2023-11-19 11:20:04,190 - rasterio._env - DEBUG - PROJ_LIB found in environment.
2023-11-19 11:20:04,190 - rasterio._env - DEBUG - Started GDALEnv: self=<rasterio._env.GDALEnv object at 0x7f66d03329b0>.
2023-11-19 11:20:04,190 - rasterio.env - DEBUG - Entered env context: <rasterio.env.Env object at 0x7f66e129d010>
2023-11-19 11:20:04,190 - rasterio.env - DEBUG - Got a copy of environment <rasterio._env.GDALEnv object at 0x7f66d03329b0> options
2023-11-19 11:20:04,190 - rasterio.env - DEBUG - Entering env context: <rasterio.env.Env object at 0x7f66d8e030e0>
2023-11-19 11:20:04,190 - rasterio.env - DEBUG - Got a copy of environment <rasterio._env.GDALEnv object at 0x7f66d03329b0> options
2023-11-19 11:20:04,191 - rasterio.env - DEBUG - Entered env context: <rasterio.env.Env object at 0x7f66d8e030e0>
2023-11-19 11:20:04,191 - rasterio._base - DEBUG - Sharing flag: 0
2023-11-19 11:20:04,191 - rasterio._base - DEBUG - Nodata success: 1, Nodata value: nan
2023-11-19 11:20:04,192 - rasterio._base - DEBUG - Dataset <open DatasetReader name='https://radar.bmkg.go.id/raster/radarsatelit_202311191110.tif' mode='r'> is started.
2023-11-19 11:20:04,192 - rasterio.env - DEBUG - Exiting env context: <rasterio.env.Env object at 0x7f66d8e030e0>
2023-11-19 11:20:04,192 - rasterio.env - DEBUG - Cleared existing <rasterio._env.GDALEnv object at 0x7f66d03329b0> options
2023-11-19 11:20:04,192 - rasterio._env - DEBUG - Stopped GDALEnv <rasterio._env.GDALEnv object at 0x7f66d03329b0>.
2023-11-19 11:20:04,192 - rasterio.env - DEBUG - No GDAL environment exists
2023-11-19 11:20:04,192 - rasterio.env - DEBUG - New GDAL environment <rasterio._env.GDALEnv object at 0x7f66d03329b0> created
2023-11-19 11:20:04,192 - rasterio._env - DEBUG - GDAL data found in package: path='/home/swx/miniconda3/envs/present_weather/lib/python3.12/site-packages/rasterio/gdal_data'.
2023-11-19 11:20:04,192 - rasterio._env - DEBUG - PROJ_LIB found in environment.
2023-11-19 11:20:04,193 - rasterio._env - DEBUG - Started GDALEnv: self=<rasterio._env.GDALEnv object at 0x7f66d03329b0>.
2023-11-19 11:20:04,193 - rasterio.env - DEBUG - Exited env context: <rasterio.env.Env object at 0x7f66d8e030e0>
2023-11-19 11:20:04,216 - rasterio._io - DEBUG - Output nodata value read from file: nan
2023-11-19 11:20:04,217 - rasterio._io - DEBUG - Output nodata values: [nan]
2023-11-19 11:20:04,217 - rasterio._io - DEBUG - all_valid: False
2023-11-19 11:20:04,217 - rasterio._io - DEBUG - mask_flags: ([<MaskFlags.nodata: 8>],)
2023-11-19 11:20:04,217 - rasterio._io - DEBUG - Jump straight to _read()
2023-11-19 11:20:04,217 - rasterio._io - DEBUG - Window: Window(col_off=0, row_off=0, width=10215, height=3792)
2023-11-19 11:20:04,218 - rasterio._io - DEBUG - IO window xoff=0.0 yoff=0.0 width=10215.0 height=3792.0
2023-11-19 11:20:04,896 - rasterio.env - DEBUG - Exiting env context: <rasterio.env.Env object at 0x7f66e129d010>
2023-11-19 11:20:04,897 - rasterio.env - DEBUG - Cleared existing <rasterio._env.GDALEnv object at 0x7f66d03329b0> options
2023-11-19 11:20:04,897 - rasterio._env - DEBUG - Stopped GDALEnv <rasterio._env.GDALEnv object at 0x7f66d03329b0>.
2023-11-19 11:20:04,897 - rasterio.env - DEBUG - Exiting outermost env
2023-11-19 11:20:04,897 - rasterio.env - DEBUG - Exited env context: <rasterio.env.Env object at 0x7f66e129d010>
2023-11-19 11:20:04,899 - urllib3.connectionpool - DEBUG - Starting new HTTPS connection (1): radar.bmkg.go.id:8060
2023-11-19 11:20:04,986 - urllib3.connectionpool - DEBUG - https://radar.bmkg.go.id:8060 "GET /getLatestLD?typeData=1 HTTP/1.1" 200 131681
2023-11-19 11:20:05,038 - asyncio - DEBUG - Using selector: EpollSelector
2023-11-19 11:20:11,769 - root - INFO - dask.bag<lambda, npartitions=34>
2023-11-19 11:36:27,848 - root - INFO - Total elapsed time: 0:16:23.927427
