2023-11-26 19:33:02,915 - root - INFO - Initiating present weather
2023-11-26 19:33:02,917 - asyncio - DEBUG - Using selector: EpollSelector
2023-11-26 19:33:04,480 - urllib3.connectionpool - DEBUG - Starting new HTTPS connection (1): radar.bmkg.go.id:8060
2023-11-26 19:33:04,507 - urllib3.connectionpool - DEBUG - https://radar.bmkg.go.id:8060 "GET /getRadarGeotif?token=19387e71e78522ae4172ec0fda640983b8438c9cfa0ca571623cb69d8327&radar=amandemenForecast&type=latest HTTP/1.1" 200 90
2023-11-26 19:33:04,508 - rasterio.env - DEBUG - Entering env context: <rasterio.env.Env object at 0x7fba9038aef0>
2023-11-26 19:33:04,509 - rasterio.env - DEBUG - Starting outermost env
2023-11-26 19:33:04,509 - rasterio.env - DEBUG - No GDAL environment exists
2023-11-26 19:33:04,509 - rasterio.env - DEBUG - New GDAL environment <rasterio._env.GDALEnv object at 0x7fba9038bdf0> created
2023-11-26 19:33:04,512 - rasterio._filepath - DEBUG - Installing FilePath filesystem handler plugin...
2023-11-26 19:33:04,512 - rasterio._env - DEBUG - GDAL data found in package: path='/home/metpublic/PYTHON_VENV/present_weather/lib/python3.10/site-packages/rasterio/gdal_data'.
2023-11-26 19:33:04,512 - rasterio._env - DEBUG - PROJ data found in package: path='/home/metpublic/PYTHON_VENV/present_weather/lib/python3.10/site-packages/rasterio/proj_data'.
2023-11-26 19:33:04,513 - rasterio._env - DEBUG - Started GDALEnv: self=<rasterio._env.GDALEnv object at 0x7fba9038bdf0>.
2023-11-26 19:33:04,513 - rasterio.env - DEBUG - Entered env context: <rasterio.env.Env object at 0x7fba9038aef0>
2023-11-26 19:33:04,513 - rasterio._base - DEBUG - Sharing flag: 0
2023-11-26 19:33:04,680 - rasterio._base - DEBUG - Nodata success: 1, Nodata value: nan
2023-11-26 19:33:04,680 - rasterio._base - DEBUG - Dataset <open DatasetReader name='https://radar.bmkg.go.id/raster/radarsatelit_202311261930.tif' mode='r'> is started.
2023-11-26 19:33:04,680 - rasterio.env - DEBUG - Exiting env context: <rasterio.env.Env object at 0x7fba9038aef0>
2023-11-26 19:33:04,680 - rasterio.env - DEBUG - Cleared existing <rasterio._env.GDALEnv object at 0x7fba9038bdf0> options
2023-11-26 19:33:04,680 - rasterio._env - DEBUG - Stopped GDALEnv <rasterio._env.GDALEnv object at 0x7fba9038bdf0>.
2023-11-26 19:33:04,680 - rasterio.env - DEBUG - Exiting outermost env
2023-11-26 19:33:04,681 - rasterio.env - DEBUG - Exited env context: <rasterio.env.Env object at 0x7fba9038aef0>
2023-11-26 19:33:04,681 - rasterio.env - DEBUG - Entering env context: <rasterio.env.Env object at 0x7fba9038ac80>
2023-11-26 19:33:04,681 - rasterio.env - DEBUG - Starting outermost env
2023-11-26 19:33:04,681 - rasterio.env - DEBUG - No GDAL environment exists
2023-11-26 19:33:04,681 - rasterio.env - DEBUG - New GDAL environment <rasterio._env.GDALEnv object at 0x7fba9038bdf0> created
2023-11-26 19:33:04,681 - rasterio._env - DEBUG - GDAL data found in package: path='/home/metpublic/PYTHON_VENV/present_weather/lib/python3.10/site-packages/rasterio/gdal_data'.
2023-11-26 19:33:04,681 - rasterio._env - DEBUG - PROJ data found in package: path='/home/metpublic/PYTHON_VENV/present_weather/lib/python3.10/site-packages/rasterio/proj_data'.
2023-11-26 19:33:04,681 - rasterio._env - DEBUG - Started GDALEnv: self=<rasterio._env.GDALEnv object at 0x7fba9038bdf0>.
2023-11-26 19:33:04,682 - rasterio.env - DEBUG - Entered env context: <rasterio.env.Env object at 0x7fba9038ac80>
2023-11-26 19:33:04,682 - rasterio.env - DEBUG - Got a copy of environment <rasterio._env.GDALEnv object at 0x7fba9038bdf0> options
2023-11-26 19:33:04,682 - rasterio.env - DEBUG - Entering env context: <rasterio.env.Env object at 0x7fba903d4f70>
2023-11-26 19:33:04,682 - rasterio.env - DEBUG - Got a copy of environment <rasterio._env.GDALEnv object at 0x7fba9038bdf0> options
2023-11-26 19:33:04,682 - rasterio.env - DEBUG - Entered env context: <rasterio.env.Env object at 0x7fba903d4f70>
2023-11-26 19:33:04,682 - rasterio._base - DEBUG - Sharing flag: 0
2023-11-26 19:33:04,683 - rasterio._base - DEBUG - Nodata success: 1, Nodata value: nan
2023-11-26 19:33:04,683 - rasterio._base - DEBUG - Dataset <open DatasetReader name='https://radar.bmkg.go.id/raster/radarsatelit_202311261930.tif' mode='r'> is started.
2023-11-26 19:33:04,683 - rasterio.env - DEBUG - Exiting env context: <rasterio.env.Env object at 0x7fba903d4f70>
2023-11-26 19:33:04,683 - rasterio.env - DEBUG - Cleared existing <rasterio._env.GDALEnv object at 0x7fba9038bdf0> options
2023-11-26 19:33:04,683 - rasterio._env - DEBUG - Stopped GDALEnv <rasterio._env.GDALEnv object at 0x7fba9038bdf0>.
2023-11-26 19:33:04,684 - rasterio.env - DEBUG - No GDAL environment exists
2023-11-26 19:33:04,684 - rasterio.env - DEBUG - New GDAL environment <rasterio._env.GDALEnv object at 0x7fba9038bdf0> created
2023-11-26 19:33:04,684 - rasterio._env - DEBUG - GDAL data found in package: path='/home/metpublic/PYTHON_VENV/present_weather/lib/python3.10/site-packages/rasterio/gdal_data'.
2023-11-26 19:33:04,684 - rasterio._env - DEBUG - PROJ data found in package: path='/home/metpublic/PYTHON_VENV/present_weather/lib/python3.10/site-packages/rasterio/proj_data'.
2023-11-26 19:33:04,684 - rasterio._env - DEBUG - Started GDALEnv: self=<rasterio._env.GDALEnv object at 0x7fba9038bdf0>.
2023-11-26 19:33:04,684 - rasterio.env - DEBUG - Exited env context: <rasterio.env.Env object at 0x7fba903d4f70>
2023-11-26 19:33:04,700 - rasterio._io - DEBUG - Output nodata value read from file: nan
2023-11-26 19:33:04,701 - rasterio._io - DEBUG - Output nodata values: [nan]
2023-11-26 19:33:04,701 - rasterio._io - DEBUG - all_valid: False
2023-11-26 19:33:04,701 - rasterio._io - DEBUG - mask_flags: ([<MaskFlags.nodata: 8>],)
2023-11-26 19:33:04,701 - rasterio._io - DEBUG - Jump straight to _read()
2023-11-26 19:33:04,701 - rasterio._io - DEBUG - Window: Window(col_off=0, row_off=0, width=10215, height=3792)
2023-11-26 19:33:04,702 - rasterio._io - DEBUG - IO window xoff=0.0 yoff=0.0 width=10215.0 height=3792.0
2023-11-26 19:33:05,275 - rasterio.env - DEBUG - Exiting env context: <rasterio.env.Env object at 0x7fba9038ac80>
2023-11-26 19:33:05,275 - rasterio.env - DEBUG - Cleared existing <rasterio._env.GDALEnv object at 0x7fba9038bdf0> options
2023-11-26 19:33:05,275 - rasterio._env - DEBUG - Stopped GDALEnv <rasterio._env.GDALEnv object at 0x7fba9038bdf0>.
2023-11-26 19:33:05,275 - rasterio.env - DEBUG - Exiting outermost env
2023-11-26 19:33:05,275 - rasterio.env - DEBUG - Exited env context: <rasterio.env.Env object at 0x7fba9038ac80>
2023-11-26 19:33:05,277 - urllib3.connectionpool - DEBUG - Starting new HTTPS connection (1): radar.bmkg.go.id:8060
2023-11-26 19:33:05,299 - urllib3.connectionpool - DEBUG - https://radar.bmkg.go.id:8060 "GET /getLatestLD?typeData=1 HTTP/1.1" 200 14703
2023-11-26 19:33:05,304 - root - INFO - Generating present weather using RADAR data
2023-11-26 19:33:09,290 - root - INFO - dask.bag<lambda, npartitions=34>
2023-11-26 19:39:17,259 - root - INFO - Total elapsed time: 0:06:14.343497
