2023-11-04 16:00:03,294 - root - INFO - Initiating present weather
2023-11-04 16:00:03,298 - urllib3.connectionpool - DEBUG - Starting new HTTPS connection (1): radar.bmkg.go.id:8060
2023-11-04 16:00:03,367 - urllib3.connectionpool - DEBUG - https://radar.bmkg.go.id:8060 "GET /getRadarGeotif?token=19387e71e78522ae4172ec0fda640983b8438c9cfa0ca571623cb69d8327&radar=amandemenForecast&type=latest HTTP/1.1" 200 90
2023-11-04 16:00:03,370 - rasterio.env - DEBUG - Entering env context: <rasterio.env.Env object at 0x7fab0a1bde80>
2023-11-04 16:00:03,371 - rasterio.env - DEBUG - Starting outermost env
2023-11-04 16:00:03,371 - rasterio.env - DEBUG - No GDAL environment exists
2023-11-04 16:00:03,371 - rasterio.env - DEBUG - New GDAL environment <rasterio._env.GDALEnv object at 0x7fab74fdcd30> created
2023-11-04 16:00:03,376 - rasterio._filepath - DEBUG - Installing FilePath filesystem handler plugin...
2023-11-04 16:00:03,376 - rasterio._env - DEBUG - GDAL data found in package: path='/home/swx/miniconda3/envs/present_weather/lib/python3.12/site-packages/rasterio/gdal_data'.
2023-11-04 16:00:03,376 - rasterio._env - DEBUG - PROJ_LIB found in environment.
2023-11-04 16:00:03,376 - rasterio._env - DEBUG - Started GDALEnv: self=<rasterio._env.GDALEnv object at 0x7fab74fdcd30>.
2023-11-04 16:00:03,376 - rasterio.env - DEBUG - Entered env context: <rasterio.env.Env object at 0x7fab0a1bde80>
2023-11-04 16:00:03,376 - rasterio._base - DEBUG - Sharing flag: 0
2023-11-04 16:00:03,534 - rasterio._base - DEBUG - Nodata success: 1, Nodata value: nan
2023-11-04 16:00:03,535 - rasterio._base - DEBUG - Dataset <open DatasetReader name='https://radar.bmkg.go.id/raster/radarsatelit_202311041540.tif' mode='r'> is started.
2023-11-04 16:00:03,535 - rasterio.env - DEBUG - Exiting env context: <rasterio.env.Env object at 0x7fab0a1bde80>
2023-11-04 16:00:03,535 - rasterio.env - DEBUG - Cleared existing <rasterio._env.GDALEnv object at 0x7fab74fdcd30> options
2023-11-04 16:00:03,536 - rasterio._env - DEBUG - Stopped GDALEnv <rasterio._env.GDALEnv object at 0x7fab74fdcd30>.
2023-11-04 16:00:03,536 - rasterio.env - DEBUG - Exiting outermost env
2023-11-04 16:00:03,536 - rasterio.env - DEBUG - Exited env context: <rasterio.env.Env object at 0x7fab0a1bde80>
2023-11-04 16:00:03,536 - rasterio.env - DEBUG - Entering env context: <rasterio.env.Env object at 0x7fab09eb3e30>
2023-11-04 16:00:03,536 - rasterio.env - DEBUG - Starting outermost env
2023-11-04 16:00:03,536 - rasterio.env - DEBUG - No GDAL environment exists
2023-11-04 16:00:03,536 - rasterio.env - DEBUG - New GDAL environment <rasterio._env.GDALEnv object at 0x7fab09eefdf0> created
2023-11-04 16:00:03,537 - rasterio._env - DEBUG - GDAL data found in package: path='/home/swx/miniconda3/envs/present_weather/lib/python3.12/site-packages/rasterio/gdal_data'.
2023-11-04 16:00:03,537 - rasterio._env - DEBUG - PROJ_LIB found in environment.
2023-11-04 16:00:03,537 - rasterio._env - DEBUG - Started GDALEnv: self=<rasterio._env.GDALEnv object at 0x7fab09eefdf0>.
2023-11-04 16:00:03,537 - rasterio.env - DEBUG - Entered env context: <rasterio.env.Env object at 0x7fab09eb3e30>
2023-11-04 16:00:03,538 - rasterio.env - DEBUG - Got a copy of environment <rasterio._env.GDALEnv object at 0x7fab09eefdf0> options
2023-11-04 16:00:03,538 - rasterio.env - DEBUG - Entering env context: <rasterio.env.Env object at 0x7fab97111e50>
2023-11-04 16:00:03,539 - rasterio.env - DEBUG - Got a copy of environment <rasterio._env.GDALEnv object at 0x7fab09eefdf0> options
2023-11-04 16:00:03,539 - rasterio.env - DEBUG - Entered env context: <rasterio.env.Env object at 0x7fab97111e50>
2023-11-04 16:00:03,539 - rasterio._base - DEBUG - Sharing flag: 0
2023-11-04 16:00:03,540 - rasterio._base - DEBUG - Nodata success: 1, Nodata value: nan
2023-11-04 16:00:03,540 - rasterio._base - DEBUG - Dataset <open DatasetReader name='https://radar.bmkg.go.id/raster/radarsatelit_202311041540.tif' mode='r'> is started.
2023-11-04 16:00:03,540 - rasterio.env - DEBUG - Exiting env context: <rasterio.env.Env object at 0x7fab97111e50>
2023-11-04 16:00:03,540 - rasterio.env - DEBUG - Cleared existing <rasterio._env.GDALEnv object at 0x7fab09eefdf0> options
2023-11-04 16:00:03,540 - rasterio._env - DEBUG - Stopped GDALEnv <rasterio._env.GDALEnv object at 0x7fab09eefdf0>.
2023-11-04 16:00:03,540 - rasterio.env - DEBUG - No GDAL environment exists
2023-11-04 16:00:03,541 - rasterio.env - DEBUG - New GDAL environment <rasterio._env.GDALEnv object at 0x7fab09eefdf0> created
2023-11-04 16:00:03,541 - rasterio._env - DEBUG - GDAL data found in package: path='/home/swx/miniconda3/envs/present_weather/lib/python3.12/site-packages/rasterio/gdal_data'.
2023-11-04 16:00:03,541 - rasterio._env - DEBUG - PROJ_LIB found in environment.
2023-11-04 16:00:03,541 - rasterio._env - DEBUG - Started GDALEnv: self=<rasterio._env.GDALEnv object at 0x7fab09eefdf0>.
2023-11-04 16:00:03,542 - rasterio.env - DEBUG - Exited env context: <rasterio.env.Env object at 0x7fab97111e50>
2023-11-04 16:00:03,574 - rasterio._io - DEBUG - Output nodata value read from file: nan
2023-11-04 16:00:03,574 - rasterio._io - DEBUG - Output nodata values: [nan]
2023-11-04 16:00:03,574 - rasterio._io - DEBUG - all_valid: False
2023-11-04 16:00:03,575 - rasterio._io - DEBUG - mask_flags: ([<MaskFlags.nodata: 8>],)
2023-11-04 16:00:03,575 - rasterio._io - DEBUG - Jump straight to _read()
2023-11-04 16:00:03,575 - rasterio._io - DEBUG - Window: Window(col_off=0, row_off=0, width=10215, height=3792)
2023-11-04 16:00:03,575 - rasterio._io - DEBUG - IO window xoff=0.0 yoff=0.0 width=10215.0 height=3792.0
2023-11-04 16:00:04,311 - rasterio.env - DEBUG - Exiting env context: <rasterio.env.Env object at 0x7fab09eb3e30>
2023-11-04 16:00:04,312 - rasterio.env - DEBUG - Cleared existing <rasterio._env.GDALEnv object at 0x7fab09eefdf0> options
2023-11-04 16:00:04,312 - rasterio._env - DEBUG - Stopped GDALEnv <rasterio._env.GDALEnv object at 0x7fab09eefdf0>.
2023-11-04 16:00:04,312 - rasterio.env - DEBUG - Exiting outermost env
2023-11-04 16:00:04,312 - rasterio.env - DEBUG - Exited env context: <rasterio.env.Env object at 0x7fab09eb3e30>
2023-11-04 16:00:04,314 - urllib3.connectionpool - DEBUG - Starting new HTTPS connection (1): radar.bmkg.go.id:8060
2023-11-04 16:00:09,462 - urllib3.connectionpool - DEBUG - https://radar.bmkg.go.id:8060 "GET /getLatestLD?typeData=1 HTTP/1.1" 200 424170
2023-11-04 16:00:09,584 - asyncio - DEBUG - Using selector: EpollSelector
2023-11-04 16:16:04,904 - root - INFO - Total elapsed time: 0:16:01.611296
