2023-12-26 10:23:02,970 - root - INFO - Initiating present weather
2023-12-26 10:23:02,971 - asyncio - DEBUG - Using selector: EpollSelector
2023-12-26 10:23:04,801 - urllib3.connectionpool - DEBUG - Starting new HTTPS connection (1): radar.bmkg.go.id:8060
2023-12-26 10:23:04,819 - urllib3.connectionpool - DEBUG - https://radar.bmkg.go.id:8060 "GET /getLatestLD?typeData=1 HTTP/1.1" 200 62
2023-12-26 10:23:04,821 - urllib3.connectionpool - DEBUG - Starting new HTTPS connection (1): radar.bmkg.go.id:8060
2023-12-26 10:23:04,842 - urllib3.connectionpool - DEBUG - https://radar.bmkg.go.id:8060 "GET /getRadarGeotif?token=19387e71e78522ae4172ec0fda640983b8438c9cfa0ca571623cb69d8327&radar=amandemenForecast&type=latest HTTP/1.1" 200 90
2023-12-26 10:23:04,843 - rasterio.env - DEBUG - Entering env context: <rasterio.env.Env object at 0x7fcd3dc455a0>
2023-12-26 10:23:04,844 - rasterio.env - DEBUG - Starting outermost env
2023-12-26 10:23:04,844 - rasterio.env - DEBUG - No GDAL environment exists
2023-12-26 10:23:04,844 - rasterio.env - DEBUG - New GDAL environment <rasterio._env.GDALEnv object at 0x7fcd3dbfd4b0> created
2023-12-26 10:23:04,846 - rasterio._filepath - DEBUG - Installing FilePath filesystem handler plugin...
2023-12-26 10:23:04,847 - rasterio._env - DEBUG - GDAL data found in package: path='/home/metpublic/PYTHON_VENV/present_weather/lib/python3.10/site-packages/rasterio/gdal_data'.
2023-12-26 10:23:04,848 - rasterio._env - DEBUG - PROJ data found in package: path='/home/metpublic/PYTHON_VENV/present_weather/lib/python3.10/site-packages/rasterio/proj_data'.
2023-12-26 10:23:04,848 - rasterio._env - DEBUG - Started GDALEnv: self=<rasterio._env.GDALEnv object at 0x7fcd3dbfd4b0>.
2023-12-26 10:23:04,848 - rasterio.env - DEBUG - Entered env context: <rasterio.env.Env object at 0x7fcd3dc455a0>
2023-12-26 10:23:04,848 - rasterio._base - DEBUG - Sharing flag: 0
2023-12-26 10:23:05,220 - rasterio._base - DEBUG - Nodata success: 1, Nodata value: nan
2023-12-26 10:23:05,221 - rasterio._base - DEBUG - Dataset <open DatasetReader name='https://radar.bmkg.go.id/raster/radarsatelit_202312261020.tif' mode='r'> is started.
2023-12-26 10:23:05,221 - rasterio.env - DEBUG - Exiting env context: <rasterio.env.Env object at 0x7fcd3dc455a0>
2023-12-26 10:23:05,221 - rasterio.env - DEBUG - Cleared existing <rasterio._env.GDALEnv object at 0x7fcd3dbfd4b0> options
2023-12-26 10:23:05,221 - rasterio._env - DEBUG - Stopped GDALEnv <rasterio._env.GDALEnv object at 0x7fcd3dbfd4b0>.
2023-12-26 10:23:05,221 - rasterio.env - DEBUG - Exiting outermost env
2023-12-26 10:23:05,221 - rasterio.env - DEBUG - Exited env context: <rasterio.env.Env object at 0x7fcd3dc455a0>
2023-12-26 10:23:05,221 - rasterio.env - DEBUG - Entering env context: <rasterio.env.Env object at 0x7fcd3dc455d0>
2023-12-26 10:23:05,221 - rasterio.env - DEBUG - Starting outermost env
2023-12-26 10:23:05,221 - rasterio.env - DEBUG - No GDAL environment exists
2023-12-26 10:23:05,221 - rasterio.env - DEBUG - New GDAL environment <rasterio._env.GDALEnv object at 0x7fcd3dc6ce80> created
2023-12-26 10:23:05,222 - rasterio._env - DEBUG - GDAL data found in package: path='/home/metpublic/PYTHON_VENV/present_weather/lib/python3.10/site-packages/rasterio/gdal_data'.
2023-12-26 10:23:05,222 - rasterio._env - DEBUG - PROJ data found in package: path='/home/metpublic/PYTHON_VENV/present_weather/lib/python3.10/site-packages/rasterio/proj_data'.
2023-12-26 10:23:05,222 - rasterio._env - DEBUG - Started GDALEnv: self=<rasterio._env.GDALEnv object at 0x7fcd3dc6ce80>.
2023-12-26 10:23:05,222 - rasterio.env - DEBUG - Entered env context: <rasterio.env.Env object at 0x7fcd3dc455d0>
2023-12-26 10:23:05,223 - rasterio.env - DEBUG - Got a copy of environment <rasterio._env.GDALEnv object at 0x7fcd3dc6ce80> options
2023-12-26 10:23:05,223 - rasterio.env - DEBUG - Entering env context: <rasterio.env.Env object at 0x7fcd3c217310>
2023-12-26 10:23:05,223 - rasterio.env - DEBUG - Got a copy of environment <rasterio._env.GDALEnv object at 0x7fcd3dc6ce80> options
2023-12-26 10:23:05,223 - rasterio.env - DEBUG - Entered env context: <rasterio.env.Env object at 0x7fcd3c217310>
2023-12-26 10:23:05,223 - rasterio._base - DEBUG - Sharing flag: 0
2023-12-26 10:23:05,226 - rasterio._base - DEBUG - Nodata success: 1, Nodata value: nan
2023-12-26 10:23:05,226 - rasterio._base - DEBUG - Dataset <open DatasetReader name='https://radar.bmkg.go.id/raster/radarsatelit_202312261020.tif' mode='r'> is started.
2023-12-26 10:23:05,226 - rasterio.env - DEBUG - Exiting env context: <rasterio.env.Env object at 0x7fcd3c217310>
2023-12-26 10:23:05,226 - rasterio.env - DEBUG - Cleared existing <rasterio._env.GDALEnv object at 0x7fcd3dc6ce80> options
2023-12-26 10:23:05,226 - rasterio._env - DEBUG - Stopped GDALEnv <rasterio._env.GDALEnv object at 0x7fcd3dc6ce80>.
2023-12-26 10:23:05,226 - rasterio.env - DEBUG - No GDAL environment exists
2023-12-26 10:23:05,227 - rasterio.env - DEBUG - New GDAL environment <rasterio._env.GDALEnv object at 0x7fcd3dc6ce80> created
2023-12-26 10:23:05,227 - rasterio._env - DEBUG - GDAL data found in package: path='/home/metpublic/PYTHON_VENV/present_weather/lib/python3.10/site-packages/rasterio/gdal_data'.
2023-12-26 10:23:05,227 - rasterio._env - DEBUG - PROJ data found in package: path='/home/metpublic/PYTHON_VENV/present_weather/lib/python3.10/site-packages/rasterio/proj_data'.
2023-12-26 10:23:05,227 - rasterio._env - DEBUG - Started GDALEnv: self=<rasterio._env.GDALEnv object at 0x7fcd3dc6ce80>.
2023-12-26 10:23:05,227 - rasterio.env - DEBUG - Exited env context: <rasterio.env.Env object at 0x7fcd3c217310>
2023-12-26 10:23:05,244 - rasterio._io - DEBUG - Output nodata value read from file: nan
2023-12-26 10:23:05,245 - rasterio._io - DEBUG - Output nodata values: [nan]
2023-12-26 10:23:05,245 - rasterio._io - DEBUG - all_valid: False
2023-12-26 10:23:05,245 - rasterio._io - DEBUG - mask_flags: ([<MaskFlags.nodata: 8>],)
2023-12-26 10:23:05,245 - rasterio._io - DEBUG - Jump straight to _read()
2023-12-26 10:23:05,245 - rasterio._io - DEBUG - Window: Window(col_off=0, row_off=0, width=10215, height=3792)
2023-12-26 10:23:05,246 - rasterio._io - DEBUG - IO window xoff=0.0 yoff=0.0 width=10215.0 height=3792.0
2023-12-26 10:23:05,837 - rasterio.env - DEBUG - Exiting env context: <rasterio.env.Env object at 0x7fcd3dc455d0>
2023-12-26 10:23:05,838 - rasterio.env - DEBUG - Cleared existing <rasterio._env.GDALEnv object at 0x7fcd3dc6ce80> options
2023-12-26 10:23:05,838 - rasterio._env - DEBUG - Stopped GDALEnv <rasterio._env.GDALEnv object at 0x7fcd3dc6ce80>.
2023-12-26 10:23:05,838 - rasterio.env - DEBUG - Exiting outermost env
2023-12-26 10:23:05,838 - rasterio.env - DEBUG - Exited env context: <rasterio.env.Env object at 0x7fcd3dc455d0>
2023-12-26 10:24:12,351 - rasterio.env - DEBUG - Entering env context: <rasterio.env.Env object at 0x7fcd3c179c30>
2023-12-26 10:24:12,352 - rasterio.env - DEBUG - Starting outermost env
2023-12-26 10:24:12,352 - rasterio.env - DEBUG - No GDAL environment exists
2023-12-26 10:24:12,352 - rasterio.env - DEBUG - New GDAL environment <rasterio._env.GDALEnv object at 0x7fcd3c17b6a0> created
2023-12-26 10:24:12,352 - rasterio._env - DEBUG - GDAL data found in package: path='/home/metpublic/PYTHON_VENV/present_weather/lib/python3.10/site-packages/rasterio/gdal_data'.
2023-12-26 10:24:12,353 - rasterio._env - DEBUG - PROJ data found in package: path='/home/metpublic/PYTHON_VENV/present_weather/lib/python3.10/site-packages/rasterio/proj_data'.
2023-12-26 10:24:12,353 - rasterio._env - DEBUG - Started GDALEnv: self=<rasterio._env.GDALEnv object at 0x7fcd3c17b6a0>.
2023-12-26 10:24:12,353 - rasterio.env - DEBUG - Entered env context: <rasterio.env.Env object at 0x7fcd3c179c30>
2023-12-26 10:24:12,353 - rasterio._base - DEBUG - Sharing flag: 0
2023-12-26 10:24:12,354 - rasterio._base - DEBUG - Nodata success: 0, Nodata value: 0.000000
2023-12-26 10:24:12,355 - rasterio._base - DEBUG - Dataset <open DatasetReader name='/home/metpublic/TASK_RELEASE/EFAN/present_weather/src/H09_B13_Indonesia_20231226.Z1010.cor.tiff' mode='r'> is started.
2023-12-26 10:24:12,355 - rasterio.env - DEBUG - Exiting env context: <rasterio.env.Env object at 0x7fcd3c179c30>
2023-12-26 10:24:12,355 - rasterio.env - DEBUG - Cleared existing <rasterio._env.GDALEnv object at 0x7fcd3c17b6a0> options
2023-12-26 10:24:12,355 - rasterio._env - DEBUG - Stopped GDALEnv <rasterio._env.GDALEnv object at 0x7fcd3c17b6a0>.
2023-12-26 10:24:12,355 - rasterio.env - DEBUG - Exiting outermost env
2023-12-26 10:24:12,355 - rasterio.env - DEBUG - Exited env context: <rasterio.env.Env object at 0x7fcd3c179c30>
2023-12-26 10:24:12,356 - rasterio.env - DEBUG - Entering env context: <rasterio.env.Env object at 0x7fcd3c17b670>
2023-12-26 10:24:12,356 - rasterio.env - DEBUG - Starting outermost env
2023-12-26 10:24:12,356 - rasterio.env - DEBUG - No GDAL environment exists
2023-12-26 10:24:12,356 - rasterio.env - DEBUG - New GDAL environment <rasterio._env.GDALEnv object at 0x7fcd3c17a0e0> created
2023-12-26 10:24:12,356 - rasterio._env - DEBUG - GDAL data found in package: path='/home/metpublic/PYTHON_VENV/present_weather/lib/python3.10/site-packages/rasterio/gdal_data'.
2023-12-26 10:24:12,357 - rasterio._env - DEBUG - PROJ data found in package: path='/home/metpublic/PYTHON_VENV/present_weather/lib/python3.10/site-packages/rasterio/proj_data'.
2023-12-26 10:24:12,357 - rasterio._env - DEBUG - Started GDALEnv: self=<rasterio._env.GDALEnv object at 0x7fcd3c17a0e0>.
2023-12-26 10:24:12,357 - rasterio.env - DEBUG - Entered env context: <rasterio.env.Env object at 0x7fcd3c17b670>
2023-12-26 10:24:12,357 - rasterio._base - DEBUG - Sharing flag: 0
2023-12-26 10:24:12,358 - rasterio._base - DEBUG - Nodata success: 0, Nodata value: 0.000000
2023-12-26 10:24:12,358 - rasterio._base - DEBUG - Dataset <open DatasetReader name='/home/metpublic/TASK_RELEASE/EFAN/present_weather/src/H09_B13_Indonesia_20231226.Z1010.cor.tiff' mode='r'> is started.
2023-12-26 10:24:12,359 - rasterio.env - DEBUG - Exiting env context: <rasterio.env.Env object at 0x7fcd3c17b670>
2023-12-26 10:24:12,359 - rasterio.env - DEBUG - Cleared existing <rasterio._env.GDALEnv object at 0x7fcd3c17a0e0> options
2023-12-26 10:24:12,359 - rasterio._env - DEBUG - Stopped GDALEnv <rasterio._env.GDALEnv object at 0x7fcd3c17a0e0>.
2023-12-26 10:24:12,359 - rasterio.env - DEBUG - Exiting outermost env
2023-12-26 10:24:12,359 - rasterio.env - DEBUG - Exited env context: <rasterio.env.Env object at 0x7fcd3c17b670>
2023-12-26 10:24:12,371 - root - INFO - Generating present weather using SATELITE data
2023-12-26 10:24:22,355 - root - INFO - Total elapsed time: 0:01:19.385938
