2023-12-05 10:43:02,962 - root - INFO - Initiating present weather
2023-12-05 10:43:02,964 - asyncio - DEBUG - Using selector: EpollSelector
2023-12-05 10:43:04,419 - urllib3.connectionpool - DEBUG - Starting new HTTPS connection (1): radar.bmkg.go.id:8060
2023-12-05 10:43:04,431 - urllib3.connectionpool - DEBUG - https://radar.bmkg.go.id:8060 "GET /getLatestLD?typeData=1 HTTP/1.1" 200 62
2023-12-05 10:43:04,433 - urllib3.connectionpool - DEBUG - Starting new HTTPS connection (1): radar.bmkg.go.id:8060
2023-12-05 10:43:04,455 - urllib3.connectionpool - DEBUG - https://radar.bmkg.go.id:8060 "GET /getRadarGeotif?token=19387e71e78522ae4172ec0fda640983b8438c9cfa0ca571623cb69d8327&radar=amandemenForecast&type=latest HTTP/1.1" 200 90
2023-12-05 10:43:04,456 - rasterio.env - DEBUG - Entering env context: <rasterio.env.Env object at 0x7f4a5c6bf9a0>
2023-12-05 10:43:04,456 - rasterio.env - DEBUG - Starting outermost env
2023-12-05 10:43:04,456 - rasterio.env - DEBUG - No GDAL environment exists
2023-12-05 10:43:04,457 - rasterio.env - DEBUG - New GDAL environment <rasterio._env.GDALEnv object at 0x7f4a5c6be8c0> created
2023-12-05 10:43:04,459 - rasterio._filepath - DEBUG - Installing FilePath filesystem handler plugin...
2023-12-05 10:43:04,460 - rasterio._env - DEBUG - GDAL data found in package: path='/home/metpublic/PYTHON_VENV/present_weather/lib/python3.10/site-packages/rasterio/gdal_data'.
2023-12-05 10:43:04,460 - rasterio._env - DEBUG - PROJ data found in package: path='/home/metpublic/PYTHON_VENV/present_weather/lib/python3.10/site-packages/rasterio/proj_data'.
2023-12-05 10:43:04,460 - rasterio._env - DEBUG - Started GDALEnv: self=<rasterio._env.GDALEnv object at 0x7f4a5c6be8c0>.
2023-12-05 10:43:04,460 - rasterio.env - DEBUG - Entered env context: <rasterio.env.Env object at 0x7f4a5c6bf9a0>
2023-12-05 10:43:04,460 - rasterio._base - DEBUG - Sharing flag: 0
2023-12-05 10:43:04,691 - rasterio._base - DEBUG - Nodata success: 1, Nodata value: nan
2023-12-05 10:43:04,691 - rasterio._base - DEBUG - Dataset <open DatasetReader name='https://radar.bmkg.go.id/raster/radarsatelit_202312051040.tif' mode='r'> is started.
2023-12-05 10:43:04,691 - rasterio.env - DEBUG - Exiting env context: <rasterio.env.Env object at 0x7f4a5c6bf9a0>
2023-12-05 10:43:04,691 - rasterio.env - DEBUG - Cleared existing <rasterio._env.GDALEnv object at 0x7f4a5c6be8c0> options
2023-12-05 10:43:04,691 - rasterio._env - DEBUG - Stopped GDALEnv <rasterio._env.GDALEnv object at 0x7f4a5c6be8c0>.
2023-12-05 10:43:04,691 - rasterio.env - DEBUG - Exiting outermost env
2023-12-05 10:43:04,691 - rasterio.env - DEBUG - Exited env context: <rasterio.env.Env object at 0x7f4a5c6bf9a0>
2023-12-05 10:43:04,692 - rasterio.env - DEBUG - Entering env context: <rasterio.env.Env object at 0x7f4a5f804a90>
2023-12-05 10:43:04,692 - rasterio.env - DEBUG - Starting outermost env
2023-12-05 10:43:04,692 - rasterio.env - DEBUG - No GDAL environment exists
2023-12-05 10:43:04,692 - rasterio.env - DEBUG - New GDAL environment <rasterio._env.GDALEnv object at 0x7f4a5f843c40> created
2023-12-05 10:43:04,692 - rasterio._env - DEBUG - GDAL data found in package: path='/home/metpublic/PYTHON_VENV/present_weather/lib/python3.10/site-packages/rasterio/gdal_data'.
2023-12-05 10:43:04,692 - rasterio._env - DEBUG - PROJ data found in package: path='/home/metpublic/PYTHON_VENV/present_weather/lib/python3.10/site-packages/rasterio/proj_data'.
2023-12-05 10:43:04,692 - rasterio._env - DEBUG - Started GDALEnv: self=<rasterio._env.GDALEnv object at 0x7f4a5f843c40>.
2023-12-05 10:43:04,692 - rasterio.env - DEBUG - Entered env context: <rasterio.env.Env object at 0x7f4a5f804a90>
2023-12-05 10:43:04,693 - rasterio.env - DEBUG - Got a copy of environment <rasterio._env.GDALEnv object at 0x7f4a5f843c40> options
2023-12-05 10:43:04,693 - rasterio.env - DEBUG - Entering env context: <rasterio.env.Env object at 0x7f4a5c70a020>
2023-12-05 10:43:04,693 - rasterio.env - DEBUG - Got a copy of environment <rasterio._env.GDALEnv object at 0x7f4a5f843c40> options
2023-12-05 10:43:04,693 - rasterio.env - DEBUG - Entered env context: <rasterio.env.Env object at 0x7f4a5c70a020>
2023-12-05 10:43:04,693 - rasterio._base - DEBUG - Sharing flag: 0
2023-12-05 10:43:04,694 - rasterio._base - DEBUG - Nodata success: 1, Nodata value: nan
2023-12-05 10:43:04,694 - rasterio._base - DEBUG - Dataset <open DatasetReader name='https://radar.bmkg.go.id/raster/radarsatelit_202312051040.tif' mode='r'> is started.
2023-12-05 10:43:04,695 - rasterio.env - DEBUG - Exiting env context: <rasterio.env.Env object at 0x7f4a5c70a020>
2023-12-05 10:43:04,695 - rasterio.env - DEBUG - Cleared existing <rasterio._env.GDALEnv object at 0x7f4a5f843c40> options
2023-12-05 10:43:04,695 - rasterio._env - DEBUG - Stopped GDALEnv <rasterio._env.GDALEnv object at 0x7f4a5f843c40>.
2023-12-05 10:43:04,695 - rasterio.env - DEBUG - No GDAL environment exists
2023-12-05 10:43:04,695 - rasterio.env - DEBUG - New GDAL environment <rasterio._env.GDALEnv object at 0x7f4a5f843c40> created
2023-12-05 10:43:04,695 - rasterio._env - DEBUG - GDAL data found in package: path='/home/metpublic/PYTHON_VENV/present_weather/lib/python3.10/site-packages/rasterio/gdal_data'.
2023-12-05 10:43:04,695 - rasterio._env - DEBUG - PROJ data found in package: path='/home/metpublic/PYTHON_VENV/present_weather/lib/python3.10/site-packages/rasterio/proj_data'.
2023-12-05 10:43:04,695 - rasterio._env - DEBUG - Started GDALEnv: self=<rasterio._env.GDALEnv object at 0x7f4a5f843c40>.
2023-12-05 10:43:04,695 - rasterio.env - DEBUG - Exited env context: <rasterio.env.Env object at 0x7f4a5c70a020>
2023-12-05 10:43:04,712 - rasterio._io - DEBUG - Output nodata value read from file: nan
2023-12-05 10:43:04,713 - rasterio._io - DEBUG - Output nodata values: [nan]
2023-12-05 10:43:04,713 - rasterio._io - DEBUG - all_valid: False
2023-12-05 10:43:04,713 - rasterio._io - DEBUG - mask_flags: ([<MaskFlags.nodata: 8>],)
2023-12-05 10:43:04,714 - rasterio._io - DEBUG - Jump straight to _read()
2023-12-05 10:43:04,714 - rasterio._io - DEBUG - Window: Window(col_off=0, row_off=0, width=10177, height=3732)
2023-12-05 10:43:04,714 - rasterio._io - DEBUG - IO window xoff=0.0 yoff=0.0 width=10177.0 height=3732.0
2023-12-05 10:43:05,263 - rasterio.env - DEBUG - Exiting env context: <rasterio.env.Env object at 0x7f4a5f804a90>
2023-12-05 10:43:05,263 - rasterio.env - DEBUG - Cleared existing <rasterio._env.GDALEnv object at 0x7f4a5f843c40> options
2023-12-05 10:43:05,263 - rasterio._env - DEBUG - Stopped GDALEnv <rasterio._env.GDALEnv object at 0x7f4a5f843c40>.
2023-12-05 10:43:05,263 - rasterio.env - DEBUG - Exiting outermost env
2023-12-05 10:43:05,263 - rasterio.env - DEBUG - Exited env context: <rasterio.env.Env object at 0x7f4a5f804a90>
2023-12-05 10:47:33,867 - rasterio.env - DEBUG - Entering env context: <rasterio.env.Env object at 0x7f4a5c6bef50>
2023-12-05 10:47:33,867 - rasterio.env - DEBUG - Starting outermost env
2023-12-05 10:47:33,867 - rasterio.env - DEBUG - No GDAL environment exists
2023-12-05 10:47:33,868 - rasterio.env - DEBUG - New GDAL environment <rasterio._env.GDALEnv object at 0x7f4a5c504c70> created
2023-12-05 10:47:33,868 - rasterio._env - DEBUG - GDAL data found in package: path='/home/metpublic/PYTHON_VENV/present_weather/lib/python3.10/site-packages/rasterio/gdal_data'.
2023-12-05 10:47:33,868 - rasterio._env - DEBUG - PROJ data found in package: path='/home/metpublic/PYTHON_VENV/present_weather/lib/python3.10/site-packages/rasterio/proj_data'.
2023-12-05 10:47:33,868 - rasterio._env - DEBUG - Started GDALEnv: self=<rasterio._env.GDALEnv object at 0x7f4a5c504c70>.
2023-12-05 10:47:33,869 - rasterio.env - DEBUG - Entered env context: <rasterio.env.Env object at 0x7f4a5c6bef50>
2023-12-05 10:47:33,869 - rasterio._base - DEBUG - Sharing flag: 0
2023-12-05 10:47:33,870 - rasterio._base - DEBUG - Nodata success: 0, Nodata value: 0.000000
2023-12-05 10:47:33,870 - rasterio._base - DEBUG - Dataset <open DatasetReader name='/home/metpublic/TASK_RELEASE/EFAN/present_weather/src/H09_B13_Indonesia_20231205.Z1030.cor.tiff' mode='r'> is started.
2023-12-05 10:47:33,870 - rasterio.env - DEBUG - Exiting env context: <rasterio.env.Env object at 0x7f4a5c6bef50>
2023-12-05 10:47:33,870 - rasterio.env - DEBUG - Cleared existing <rasterio._env.GDALEnv object at 0x7f4a5c504c70> options
2023-12-05 10:47:33,870 - rasterio._env - DEBUG - Stopped GDALEnv <rasterio._env.GDALEnv object at 0x7f4a5c504c70>.
2023-12-05 10:47:33,870 - rasterio.env - DEBUG - Exiting outermost env
2023-12-05 10:47:33,870 - rasterio.env - DEBUG - Exited env context: <rasterio.env.Env object at 0x7f4a5c6bef50>
2023-12-05 10:47:33,870 - rasterio.env - DEBUG - Entering env context: <rasterio.env.Env object at 0x7f4a5c504d90>
2023-12-05 10:47:33,870 - rasterio.env - DEBUG - Starting outermost env
2023-12-05 10:47:33,870 - rasterio.env - DEBUG - No GDAL environment exists
2023-12-05 10:47:33,871 - rasterio.env - DEBUG - New GDAL environment <rasterio._env.GDALEnv object at 0x7f4a5c505030> created
2023-12-05 10:47:33,871 - rasterio._env - DEBUG - GDAL data found in package: path='/home/metpublic/PYTHON_VENV/present_weather/lib/python3.10/site-packages/rasterio/gdal_data'.
2023-12-05 10:47:33,871 - rasterio._env - DEBUG - PROJ data found in package: path='/home/metpublic/PYTHON_VENV/present_weather/lib/python3.10/site-packages/rasterio/proj_data'.
2023-12-05 10:47:33,871 - rasterio._env - DEBUG - Started GDALEnv: self=<rasterio._env.GDALEnv object at 0x7f4a5c505030>.
2023-12-05 10:47:33,871 - rasterio.env - DEBUG - Entered env context: <rasterio.env.Env object at 0x7f4a5c504d90>
2023-12-05 10:47:33,871 - rasterio._base - DEBUG - Sharing flag: 0
2023-12-05 10:47:33,873 - rasterio._base - DEBUG - Nodata success: 0, Nodata value: 0.000000
2023-12-05 10:47:33,873 - rasterio._base - DEBUG - Dataset <open DatasetReader name='/home/metpublic/TASK_RELEASE/EFAN/present_weather/src/H09_B13_Indonesia_20231205.Z1030.cor.tiff' mode='r'> is started.
2023-12-05 10:47:33,873 - rasterio.env - DEBUG - Exiting env context: <rasterio.env.Env object at 0x7f4a5c504d90>
2023-12-05 10:47:33,874 - rasterio.env - DEBUG - Cleared existing <rasterio._env.GDALEnv object at 0x7f4a5c505030> options
2023-12-05 10:47:33,874 - rasterio._env - DEBUG - Stopped GDALEnv <rasterio._env.GDALEnv object at 0x7f4a5c505030>.
2023-12-05 10:47:33,874 - rasterio.env - DEBUG - Exiting outermost env
2023-12-05 10:47:33,874 - rasterio.env - DEBUG - Exited env context: <rasterio.env.Env object at 0x7f4a5c504d90>
2023-12-05 10:47:33,885 - root - INFO - Generating present weather using SATELITE data
2023-12-05 10:49:02,705 - root - INFO - Total elapsed time: 0:05:59.743147
