2023-12-20 00:53:03,041 - root - INFO - Initiating present weather
2023-12-20 00:53:03,043 - asyncio - DEBUG - Using selector: EpollSelector
2023-12-20 00:53:04,663 - urllib3.connectionpool - DEBUG - Starting new HTTPS connection (1): radar.bmkg.go.id:8060
2023-12-20 00:53:04,676 - urllib3.connectionpool - DEBUG - https://radar.bmkg.go.id:8060 "GET /getLatestLD?typeData=1 HTTP/1.1" 200 62
2023-12-20 00:53:04,678 - urllib3.connectionpool - DEBUG - Starting new HTTPS connection (1): radar.bmkg.go.id:8060
2023-12-20 00:53:04,697 - urllib3.connectionpool - DEBUG - https://radar.bmkg.go.id:8060 "GET /getRadarGeotif?token=19387e71e78522ae4172ec0fda640983b8438c9cfa0ca571623cb69d8327&radar=amandemenForecast&type=latest HTTP/1.1" 200 90
2023-12-20 00:53:04,698 - rasterio.env - DEBUG - Entering env context: <rasterio.env.Env object at 0x7f567b109240>
2023-12-20 00:53:04,698 - rasterio.env - DEBUG - Starting outermost env
2023-12-20 00:53:04,698 - rasterio.env - DEBUG - No GDAL environment exists
2023-12-20 00:53:04,698 - rasterio.env - DEBUG - New GDAL environment <rasterio._env.GDALEnv object at 0x7f567b0c5150> created
2023-12-20 00:53:04,701 - rasterio._filepath - DEBUG - Installing FilePath filesystem handler plugin...
2023-12-20 00:53:04,701 - rasterio._env - DEBUG - GDAL data found in package: path='/home/metpublic/PYTHON_VENV/present_weather/lib/python3.10/site-packages/rasterio/gdal_data'.
2023-12-20 00:53:04,701 - rasterio._env - DEBUG - PROJ data found in package: path='/home/metpublic/PYTHON_VENV/present_weather/lib/python3.10/site-packages/rasterio/proj_data'.
2023-12-20 00:53:04,701 - rasterio._env - DEBUG - Started GDALEnv: self=<rasterio._env.GDALEnv object at 0x7f567b0c5150>.
2023-12-20 00:53:04,701 - rasterio.env - DEBUG - Entered env context: <rasterio.env.Env object at 0x7f567b109240>
2023-12-20 00:53:04,701 - rasterio._base - DEBUG - Sharing flag: 0
2023-12-20 00:53:05,034 - rasterio._base - DEBUG - Nodata success: 1, Nodata value: nan
2023-12-20 00:53:05,034 - rasterio._base - DEBUG - Dataset <open DatasetReader name='https://radar.bmkg.go.id/raster/radarsatelit_202312200050.tif' mode='r'> is started.
2023-12-20 00:53:05,034 - rasterio.env - DEBUG - Exiting env context: <rasterio.env.Env object at 0x7f567b109240>
2023-12-20 00:53:05,034 - rasterio.env - DEBUG - Cleared existing <rasterio._env.GDALEnv object at 0x7f567b0c5150> options
2023-12-20 00:53:05,034 - rasterio._env - DEBUG - Stopped GDALEnv <rasterio._env.GDALEnv object at 0x7f567b0c5150>.
2023-12-20 00:53:05,034 - rasterio.env - DEBUG - Exiting outermost env
2023-12-20 00:53:05,034 - rasterio.env - DEBUG - Exited env context: <rasterio.env.Env object at 0x7f567b109240>
2023-12-20 00:53:05,034 - rasterio.env - DEBUG - Entering env context: <rasterio.env.Env object at 0x7f567b109270>
2023-12-20 00:53:05,034 - rasterio.env - DEBUG - Starting outermost env
2023-12-20 00:53:05,034 - rasterio.env - DEBUG - No GDAL environment exists
2023-12-20 00:53:05,035 - rasterio.env - DEBUG - New GDAL environment <rasterio._env.GDALEnv object at 0x7f567b134b20> created
2023-12-20 00:53:05,035 - rasterio._env - DEBUG - GDAL data found in package: path='/home/metpublic/PYTHON_VENV/present_weather/lib/python3.10/site-packages/rasterio/gdal_data'.
2023-12-20 00:53:05,035 - rasterio._env - DEBUG - PROJ data found in package: path='/home/metpublic/PYTHON_VENV/present_weather/lib/python3.10/site-packages/rasterio/proj_data'.
2023-12-20 00:53:05,035 - rasterio._env - DEBUG - Started GDALEnv: self=<rasterio._env.GDALEnv object at 0x7f567b134b20>.
2023-12-20 00:53:05,035 - rasterio.env - DEBUG - Entered env context: <rasterio.env.Env object at 0x7f567b109270>
2023-12-20 00:53:05,035 - rasterio.env - DEBUG - Got a copy of environment <rasterio._env.GDALEnv object at 0x7f567b134b20> options
2023-12-20 00:53:05,036 - rasterio.env - DEBUG - Entering env context: <rasterio.env.Env object at 0x7f5658f4a110>
2023-12-20 00:53:05,036 - rasterio.env - DEBUG - Got a copy of environment <rasterio._env.GDALEnv object at 0x7f567b134b20> options
2023-12-20 00:53:05,036 - rasterio.env - DEBUG - Entered env context: <rasterio.env.Env object at 0x7f5658f4a110>
2023-12-20 00:53:05,036 - rasterio._base - DEBUG - Sharing flag: 0
2023-12-20 00:53:05,039 - rasterio._base - DEBUG - Nodata success: 1, Nodata value: nan
2023-12-20 00:53:05,039 - rasterio._base - DEBUG - Dataset <open DatasetReader name='https://radar.bmkg.go.id/raster/radarsatelit_202312200050.tif' mode='r'> is started.
2023-12-20 00:53:05,039 - rasterio.env - DEBUG - Exiting env context: <rasterio.env.Env object at 0x7f5658f4a110>
2023-12-20 00:53:05,039 - rasterio.env - DEBUG - Cleared existing <rasterio._env.GDALEnv object at 0x7f567b134b20> options
2023-12-20 00:53:05,039 - rasterio._env - DEBUG - Stopped GDALEnv <rasterio._env.GDALEnv object at 0x7f567b134b20>.
2023-12-20 00:53:05,039 - rasterio.env - DEBUG - No GDAL environment exists
2023-12-20 00:53:05,039 - rasterio.env - DEBUG - New GDAL environment <rasterio._env.GDALEnv object at 0x7f567b134b20> created
2023-12-20 00:53:05,040 - rasterio._env - DEBUG - GDAL data found in package: path='/home/metpublic/PYTHON_VENV/present_weather/lib/python3.10/site-packages/rasterio/gdal_data'.
2023-12-20 00:53:05,040 - rasterio._env - DEBUG - PROJ data found in package: path='/home/metpublic/PYTHON_VENV/present_weather/lib/python3.10/site-packages/rasterio/proj_data'.
2023-12-20 00:53:05,040 - rasterio._env - DEBUG - Started GDALEnv: self=<rasterio._env.GDALEnv object at 0x7f567b134b20>.
2023-12-20 00:53:05,040 - rasterio.env - DEBUG - Exited env context: <rasterio.env.Env object at 0x7f5658f4a110>
2023-12-20 00:53:05,055 - rasterio._io - DEBUG - Output nodata value read from file: nan
2023-12-20 00:53:05,055 - rasterio._io - DEBUG - Output nodata values: [nan]
2023-12-20 00:53:05,056 - rasterio._io - DEBUG - all_valid: False
2023-12-20 00:53:05,056 - rasterio._io - DEBUG - mask_flags: ([<MaskFlags.nodata: 8>],)
2023-12-20 00:53:05,056 - rasterio._io - DEBUG - Jump straight to _read()
2023-12-20 00:53:05,056 - rasterio._io - DEBUG - Window: Window(col_off=0, row_off=0, width=10215, height=3792)
2023-12-20 00:53:05,056 - rasterio._io - DEBUG - IO window xoff=0.0 yoff=0.0 width=10215.0 height=3792.0
2023-12-20 00:53:05,538 - rasterio.env - DEBUG - Exiting env context: <rasterio.env.Env object at 0x7f567b109270>
2023-12-20 00:53:05,538 - rasterio.env - DEBUG - Cleared existing <rasterio._env.GDALEnv object at 0x7f567b134b20> options
2023-12-20 00:53:05,538 - rasterio._env - DEBUG - Stopped GDALEnv <rasterio._env.GDALEnv object at 0x7f567b134b20>.
2023-12-20 00:53:05,538 - rasterio.env - DEBUG - Exiting outermost env
2023-12-20 00:53:05,538 - rasterio.env - DEBUG - Exited env context: <rasterio.env.Env object at 0x7f567b109270>
2023-12-20 00:59:38,035 - root - INFO - Total elapsed time: 0:06:34.993734
