2023-12-12 07:43:02,940 - root - INFO - Initiating present weather
2023-12-12 07:43:02,942 - asyncio - DEBUG - Using selector: EpollSelector
2023-12-12 07:43:04,552 - urllib3.connectionpool - DEBUG - Starting new HTTPS connection (1): radar.bmkg.go.id:8060
2023-12-12 07:43:04,602 - urllib3.connectionpool - DEBUG - https://radar.bmkg.go.id:8060 "GET /getLatestLD?typeData=1 HTTP/1.1" 200 62
2023-12-12 07:43:04,604 - urllib3.connectionpool - DEBUG - Starting new HTTPS connection (1): radar.bmkg.go.id:8060
2023-12-12 07:43:04,623 - urllib3.connectionpool - DEBUG - https://radar.bmkg.go.id:8060 "GET /getRadarGeotif?token=19387e71e78522ae4172ec0fda640983b8438c9cfa0ca571623cb69d8327&radar=amandemenForecast&type=latest HTTP/1.1" 200 90
2023-12-12 07:43:04,624 - rasterio.env - DEBUG - Entering env context: <rasterio.env.Env object at 0x7f42197236d0>
2023-12-12 07:43:04,624 - rasterio.env - DEBUG - Starting outermost env
2023-12-12 07:43:04,624 - rasterio.env - DEBUG - No GDAL environment exists
2023-12-12 07:43:04,624 - rasterio.env - DEBUG - New GDAL environment <rasterio._env.GDALEnv object at 0x7f42197235b0> created
2023-12-12 07:43:04,627 - rasterio._filepath - DEBUG - Installing FilePath filesystem handler plugin...
2023-12-12 07:43:04,628 - rasterio._env - DEBUG - GDAL data found in package: path='/home/metpublic/PYTHON_VENV/present_weather/lib/python3.10/site-packages/rasterio/gdal_data'.
2023-12-12 07:43:04,628 - rasterio._env - DEBUG - PROJ data found in package: path='/home/metpublic/PYTHON_VENV/present_weather/lib/python3.10/site-packages/rasterio/proj_data'.
2023-12-12 07:43:04,628 - rasterio._env - DEBUG - Started GDALEnv: self=<rasterio._env.GDALEnv object at 0x7f42197235b0>.
2023-12-12 07:43:04,628 - rasterio.env - DEBUG - Entered env context: <rasterio.env.Env object at 0x7f42197236d0>
2023-12-12 07:43:04,629 - rasterio._base - DEBUG - Sharing flag: 0
2023-12-12 07:43:04,920 - rasterio._base - DEBUG - Nodata success: 1, Nodata value: nan
2023-12-12 07:43:04,920 - rasterio._base - DEBUG - Dataset <open DatasetReader name='https://radar.bmkg.go.id/raster/radarsatelit_202312120740.tif' mode='r'> is started.
2023-12-12 07:43:04,921 - rasterio.env - DEBUG - Exiting env context: <rasterio.env.Env object at 0x7f42197236d0>
2023-12-12 07:43:04,921 - rasterio.env - DEBUG - Cleared existing <rasterio._env.GDALEnv object at 0x7f42197235b0> options
2023-12-12 07:43:04,921 - rasterio._env - DEBUG - Stopped GDALEnv <rasterio._env.GDALEnv object at 0x7f42197235b0>.
2023-12-12 07:43:04,921 - rasterio.env - DEBUG - Exiting outermost env
2023-12-12 07:43:04,921 - rasterio.env - DEBUG - Exited env context: <rasterio.env.Env object at 0x7f42197236d0>
2023-12-12 07:43:04,921 - rasterio.env - DEBUG - Entering env context: <rasterio.env.Env object at 0x7f4219723550>
2023-12-12 07:43:04,921 - rasterio.env - DEBUG - Starting outermost env
2023-12-12 07:43:04,921 - rasterio.env - DEBUG - No GDAL environment exists
2023-12-12 07:43:04,921 - rasterio.env - DEBUG - New GDAL environment <rasterio._env.GDALEnv object at 0x7f4218e108e0> created
2023-12-12 07:43:04,922 - rasterio._env - DEBUG - GDAL data found in package: path='/home/metpublic/PYTHON_VENV/present_weather/lib/python3.10/site-packages/rasterio/gdal_data'.
2023-12-12 07:43:04,922 - rasterio._env - DEBUG - PROJ data found in package: path='/home/metpublic/PYTHON_VENV/present_weather/lib/python3.10/site-packages/rasterio/proj_data'.
2023-12-12 07:43:04,922 - rasterio._env - DEBUG - Started GDALEnv: self=<rasterio._env.GDALEnv object at 0x7f4218e108e0>.
2023-12-12 07:43:04,922 - rasterio.env - DEBUG - Entered env context: <rasterio.env.Env object at 0x7f4219723550>
2023-12-12 07:43:04,922 - rasterio.env - DEBUG - Got a copy of environment <rasterio._env.GDALEnv object at 0x7f4218e108e0> options
2023-12-12 07:43:04,923 - rasterio.env - DEBUG - Entering env context: <rasterio.env.Env object at 0x7f42184a2d10>
2023-12-12 07:43:04,923 - rasterio.env - DEBUG - Got a copy of environment <rasterio._env.GDALEnv object at 0x7f4218e108e0> options
2023-12-12 07:43:04,923 - rasterio.env - DEBUG - Entered env context: <rasterio.env.Env object at 0x7f42184a2d10>
2023-12-12 07:43:04,923 - rasterio._base - DEBUG - Sharing flag: 0
2023-12-12 07:43:04,924 - rasterio._base - DEBUG - Nodata success: 1, Nodata value: nan
2023-12-12 07:43:04,924 - rasterio._base - DEBUG - Dataset <open DatasetReader name='https://radar.bmkg.go.id/raster/radarsatelit_202312120740.tif' mode='r'> is started.
2023-12-12 07:43:04,924 - rasterio.env - DEBUG - Exiting env context: <rasterio.env.Env object at 0x7f42184a2d10>
2023-12-12 07:43:04,924 - rasterio.env - DEBUG - Cleared existing <rasterio._env.GDALEnv object at 0x7f4218e108e0> options
2023-12-12 07:43:04,924 - rasterio._env - DEBUG - Stopped GDALEnv <rasterio._env.GDALEnv object at 0x7f4218e108e0>.
2023-12-12 07:43:04,924 - rasterio.env - DEBUG - No GDAL environment exists
2023-12-12 07:43:04,924 - rasterio.env - DEBUG - New GDAL environment <rasterio._env.GDALEnv object at 0x7f4218e108e0> created
2023-12-12 07:43:04,924 - rasterio._env - DEBUG - GDAL data found in package: path='/home/metpublic/PYTHON_VENV/present_weather/lib/python3.10/site-packages/rasterio/gdal_data'.
2023-12-12 07:43:04,925 - rasterio._env - DEBUG - PROJ data found in package: path='/home/metpublic/PYTHON_VENV/present_weather/lib/python3.10/site-packages/rasterio/proj_data'.
2023-12-12 07:43:04,925 - rasterio._env - DEBUG - Started GDALEnv: self=<rasterio._env.GDALEnv object at 0x7f4218e108e0>.
2023-12-12 07:43:04,925 - rasterio.env - DEBUG - Exited env context: <rasterio.env.Env object at 0x7f42184a2d10>
2023-12-12 07:43:04,940 - rasterio._io - DEBUG - Output nodata value read from file: nan
2023-12-12 07:43:04,940 - rasterio._io - DEBUG - Output nodata values: [nan]
2023-12-12 07:43:04,940 - rasterio._io - DEBUG - all_valid: False
2023-12-12 07:43:04,940 - rasterio._io - DEBUG - mask_flags: ([<MaskFlags.nodata: 8>],)
2023-12-12 07:43:04,941 - rasterio._io - DEBUG - Jump straight to _read()
2023-12-12 07:43:04,941 - rasterio._io - DEBUG - Window: Window(col_off=0, row_off=0, width=10176, height=3692)
2023-12-12 07:43:04,941 - rasterio._io - DEBUG - IO window xoff=0.0 yoff=0.0 width=10176.0 height=3692.0
2023-12-12 07:43:05,471 - rasterio.env - DEBUG - Exiting env context: <rasterio.env.Env object at 0x7f4219723550>
2023-12-12 07:43:05,471 - rasterio.env - DEBUG - Cleared existing <rasterio._env.GDALEnv object at 0x7f4218e108e0> options
2023-12-12 07:43:05,471 - rasterio._env - DEBUG - Stopped GDALEnv <rasterio._env.GDALEnv object at 0x7f4218e108e0>.
2023-12-12 07:43:05,471 - rasterio.env - DEBUG - Exiting outermost env
2023-12-12 07:43:05,471 - rasterio.env - DEBUG - Exited env context: <rasterio.env.Env object at 0x7f4219723550>
2023-12-12 07:47:30,722 - rasterio.env - DEBUG - Entering env context: <rasterio.env.Env object at 0x7f42184a2530>
2023-12-12 07:47:30,722 - rasterio.env - DEBUG - Starting outermost env
2023-12-12 07:47:30,722 - rasterio.env - DEBUG - No GDAL environment exists
2023-12-12 07:47:30,722 - rasterio.env - DEBUG - New GDAL environment <rasterio._env.GDALEnv object at 0x7f42184a2ce0> created
2023-12-12 07:47:30,723 - rasterio._env - DEBUG - GDAL data found in package: path='/home/metpublic/PYTHON_VENV/present_weather/lib/python3.10/site-packages/rasterio/gdal_data'.
2023-12-12 07:47:30,723 - rasterio._env - DEBUG - PROJ data found in package: path='/home/metpublic/PYTHON_VENV/present_weather/lib/python3.10/site-packages/rasterio/proj_data'.
2023-12-12 07:47:30,725 - rasterio._env - DEBUG - Started GDALEnv: self=<rasterio._env.GDALEnv object at 0x7f42184a2ce0>.
2023-12-12 07:47:30,725 - rasterio.env - DEBUG - Entered env context: <rasterio.env.Env object at 0x7f42184a2530>
2023-12-12 07:47:30,725 - rasterio._base - DEBUG - Sharing flag: 0
2023-12-12 07:47:30,726 - rasterio._base - DEBUG - Nodata success: 0, Nodata value: 0.000000
2023-12-12 07:47:30,727 - rasterio._base - DEBUG - Dataset <open DatasetReader name='/home/metpublic/TASK_RELEASE/EFAN/present_weather/src/H09_B13_Indonesia_20231212.Z0730.cor.tiff' mode='r'> is started.
2023-12-12 07:47:30,727 - rasterio.env - DEBUG - Exiting env context: <rasterio.env.Env object at 0x7f42184a2530>
2023-12-12 07:47:30,727 - rasterio.env - DEBUG - Cleared existing <rasterio._env.GDALEnv object at 0x7f42184a2ce0> options
2023-12-12 07:47:30,727 - rasterio._env - DEBUG - Stopped GDALEnv <rasterio._env.GDALEnv object at 0x7f42184a2ce0>.
2023-12-12 07:47:30,727 - rasterio.env - DEBUG - Exiting outermost env
2023-12-12 07:47:30,727 - rasterio.env - DEBUG - Exited env context: <rasterio.env.Env object at 0x7f42184a2530>
2023-12-12 07:47:30,727 - rasterio.env - DEBUG - Entering env context: <rasterio.env.Env object at 0x7f42182a5210>
2023-12-12 07:47:30,728 - rasterio.env - DEBUG - Starting outermost env
2023-12-12 07:47:30,728 - rasterio.env - DEBUG - No GDAL environment exists
2023-12-12 07:47:30,728 - rasterio.env - DEBUG - New GDAL environment <rasterio._env.GDALEnv object at 0x7f42182a5870> created
2023-12-12 07:47:30,728 - rasterio._env - DEBUG - GDAL data found in package: path='/home/metpublic/PYTHON_VENV/present_weather/lib/python3.10/site-packages/rasterio/gdal_data'.
2023-12-12 07:47:30,728 - rasterio._env - DEBUG - PROJ data found in package: path='/home/metpublic/PYTHON_VENV/present_weather/lib/python3.10/site-packages/rasterio/proj_data'.
2023-12-12 07:47:30,729 - rasterio._env - DEBUG - Started GDALEnv: self=<rasterio._env.GDALEnv object at 0x7f42182a5870>.
2023-12-12 07:47:30,729 - rasterio.env - DEBUG - Entered env context: <rasterio.env.Env object at 0x7f42182a5210>
2023-12-12 07:47:30,729 - rasterio._base - DEBUG - Sharing flag: 0
2023-12-12 07:47:30,730 - rasterio._base - DEBUG - Nodata success: 0, Nodata value: 0.000000
2023-12-12 07:47:30,730 - rasterio._base - DEBUG - Dataset <open DatasetReader name='/home/metpublic/TASK_RELEASE/EFAN/present_weather/src/H09_B13_Indonesia_20231212.Z0730.cor.tiff' mode='r'> is started.
2023-12-12 07:47:30,730 - rasterio.env - DEBUG - Exiting env context: <rasterio.env.Env object at 0x7f42182a5210>
2023-12-12 07:47:30,730 - rasterio.env - DEBUG - Cleared existing <rasterio._env.GDALEnv object at 0x7f42182a5870> options
2023-12-12 07:47:30,730 - rasterio._env - DEBUG - Stopped GDALEnv <rasterio._env.GDALEnv object at 0x7f42182a5870>.
2023-12-12 07:47:30,730 - rasterio.env - DEBUG - Exiting outermost env
2023-12-12 07:47:30,730 - rasterio.env - DEBUG - Exited env context: <rasterio.env.Env object at 0x7f42182a5210>
2023-12-12 07:47:30,741 - root - INFO - Generating present weather using SATELITE data
2023-12-12 07:49:18,314 - root - INFO - Total elapsed time: 0:06:15.373698
