2023-12-17 02:53:03,186 - root - INFO - Initiating present weather
2023-12-17 02:53:03,188 - asyncio - DEBUG - Using selector: EpollSelector
2023-12-17 02:53:04,755 - urllib3.connectionpool - DEBUG - Starting new HTTPS connection (1): radar.bmkg.go.id:8060
2023-12-17 02:53:04,768 - urllib3.connectionpool - DEBUG - https://radar.bmkg.go.id:8060 "GET /getLatestLD?typeData=1 HTTP/1.1" 200 62
2023-12-17 02:53:04,770 - urllib3.connectionpool - DEBUG - Starting new HTTPS connection (1): radar.bmkg.go.id:8060
2023-12-17 02:53:04,787 - urllib3.connectionpool - DEBUG - https://radar.bmkg.go.id:8060 "GET /getRadarGeotif?token=19387e71e78522ae4172ec0fda640983b8438c9cfa0ca571623cb69d8327&radar=amandemenForecast&type=latest HTTP/1.1" 200 90
2023-12-17 02:53:04,787 - rasterio.env - DEBUG - Entering env context: <rasterio.env.Env object at 0x7f64bbd9a080>
2023-12-17 02:53:04,788 - rasterio.env - DEBUG - Starting outermost env
2023-12-17 02:53:04,788 - rasterio.env - DEBUG - No GDAL environment exists
2023-12-17 02:53:04,788 - rasterio.env - DEBUG - New GDAL environment <rasterio._env.GDALEnv object at 0x7f64bbd99270> created
2023-12-17 02:53:04,790 - rasterio._filepath - DEBUG - Installing FilePath filesystem handler plugin...
2023-12-17 02:53:04,790 - rasterio._env - DEBUG - GDAL data found in package: path='/home/metpublic/PYTHON_VENV/present_weather/lib/python3.10/site-packages/rasterio/gdal_data'.
2023-12-17 02:53:04,790 - rasterio._env - DEBUG - PROJ data found in package: path='/home/metpublic/PYTHON_VENV/present_weather/lib/python3.10/site-packages/rasterio/proj_data'.
2023-12-17 02:53:04,790 - rasterio._env - DEBUG - Started GDALEnv: self=<rasterio._env.GDALEnv object at 0x7f64bbd99270>.
2023-12-17 02:53:04,791 - rasterio.env - DEBUG - Entered env context: <rasterio.env.Env object at 0x7f64bbd9a080>
2023-12-17 02:53:04,791 - rasterio._base - DEBUG - Sharing flag: 0
2023-12-17 02:53:05,115 - rasterio._base - DEBUG - Nodata success: 1, Nodata value: nan
2023-12-17 02:53:05,115 - rasterio._base - DEBUG - Dataset <open DatasetReader name='https://radar.bmkg.go.id/raster/radarsatelit_202312170250.tif' mode='r'> is started.
2023-12-17 02:53:05,116 - rasterio.env - DEBUG - Exiting env context: <rasterio.env.Env object at 0x7f64bbd9a080>
2023-12-17 02:53:05,116 - rasterio.env - DEBUG - Cleared existing <rasterio._env.GDALEnv object at 0x7f64bbd99270> options
2023-12-17 02:53:05,116 - rasterio._env - DEBUG - Stopped GDALEnv <rasterio._env.GDALEnv object at 0x7f64bbd99270>.
2023-12-17 02:53:05,116 - rasterio.env - DEBUG - Exiting outermost env
2023-12-17 02:53:05,116 - rasterio.env - DEBUG - Exited env context: <rasterio.env.Env object at 0x7f64bbd9a080>
2023-12-17 02:53:05,116 - rasterio.env - DEBUG - Entering env context: <rasterio.env.Env object at 0x7f64bbd549a0>
2023-12-17 02:53:05,116 - rasterio.env - DEBUG - Starting outermost env
2023-12-17 02:53:05,116 - rasterio.env - DEBUG - No GDAL environment exists
2023-12-17 02:53:05,116 - rasterio.env - DEBUG - New GDAL environment <rasterio._env.GDALEnv object at 0x7f64bbd99270> created
2023-12-17 02:53:05,117 - rasterio._env - DEBUG - GDAL data found in package: path='/home/metpublic/PYTHON_VENV/present_weather/lib/python3.10/site-packages/rasterio/gdal_data'.
2023-12-17 02:53:05,117 - rasterio._env - DEBUG - PROJ data found in package: path='/home/metpublic/PYTHON_VENV/present_weather/lib/python3.10/site-packages/rasterio/proj_data'.
2023-12-17 02:53:05,117 - rasterio._env - DEBUG - Started GDALEnv: self=<rasterio._env.GDALEnv object at 0x7f64bbd99270>.
2023-12-17 02:53:05,117 - rasterio.env - DEBUG - Entered env context: <rasterio.env.Env object at 0x7f64bbd549a0>
2023-12-17 02:53:05,117 - rasterio.env - DEBUG - Got a copy of environment <rasterio._env.GDALEnv object at 0x7f64bbd99270> options
2023-12-17 02:53:05,117 - rasterio.env - DEBUG - Entering env context: <rasterio.env.Env object at 0x7f64b8456a70>
2023-12-17 02:53:05,117 - rasterio.env - DEBUG - Got a copy of environment <rasterio._env.GDALEnv object at 0x7f64bbd99270> options
2023-12-17 02:53:05,117 - rasterio.env - DEBUG - Entered env context: <rasterio.env.Env object at 0x7f64b8456a70>
2023-12-17 02:53:05,118 - rasterio._base - DEBUG - Sharing flag: 0
2023-12-17 02:53:05,118 - rasterio._base - DEBUG - Nodata success: 1, Nodata value: nan
2023-12-17 02:53:05,119 - rasterio._base - DEBUG - Dataset <open DatasetReader name='https://radar.bmkg.go.id/raster/radarsatelit_202312170250.tif' mode='r'> is started.
2023-12-17 02:53:05,119 - rasterio.env - DEBUG - Exiting env context: <rasterio.env.Env object at 0x7f64b8456a70>
2023-12-17 02:53:05,119 - rasterio.env - DEBUG - Cleared existing <rasterio._env.GDALEnv object at 0x7f64bbd99270> options
2023-12-17 02:53:05,119 - rasterio._env - DEBUG - Stopped GDALEnv <rasterio._env.GDALEnv object at 0x7f64bbd99270>.
2023-12-17 02:53:05,119 - rasterio.env - DEBUG - No GDAL environment exists
2023-12-17 02:53:05,119 - rasterio.env - DEBUG - New GDAL environment <rasterio._env.GDALEnv object at 0x7f64bbd99270> created
2023-12-17 02:53:05,119 - rasterio._env - DEBUG - GDAL data found in package: path='/home/metpublic/PYTHON_VENV/present_weather/lib/python3.10/site-packages/rasterio/gdal_data'.
2023-12-17 02:53:05,119 - rasterio._env - DEBUG - PROJ data found in package: path='/home/metpublic/PYTHON_VENV/present_weather/lib/python3.10/site-packages/rasterio/proj_data'.
2023-12-17 02:53:05,120 - rasterio._env - DEBUG - Started GDALEnv: self=<rasterio._env.GDALEnv object at 0x7f64bbd99270>.
2023-12-17 02:53:05,120 - rasterio.env - DEBUG - Exited env context: <rasterio.env.Env object at 0x7f64b8456a70>
2023-12-17 02:53:05,135 - rasterio._io - DEBUG - Output nodata value read from file: nan
2023-12-17 02:53:05,135 - rasterio._io - DEBUG - Output nodata values: [nan]
2023-12-17 02:53:05,135 - rasterio._io - DEBUG - all_valid: False
2023-12-17 02:53:05,136 - rasterio._io - DEBUG - mask_flags: ([<MaskFlags.nodata: 8>],)
2023-12-17 02:53:05,136 - rasterio._io - DEBUG - Jump straight to _read()
2023-12-17 02:53:05,136 - rasterio._io - DEBUG - Window: Window(col_off=0, row_off=0, width=10215, height=3792)
2023-12-17 02:53:05,136 - rasterio._io - DEBUG - IO window xoff=0.0 yoff=0.0 width=10215.0 height=3792.0
2023-12-17 02:53:05,632 - rasterio.env - DEBUG - Exiting env context: <rasterio.env.Env object at 0x7f64bbd549a0>
2023-12-17 02:53:05,633 - rasterio.env - DEBUG - Cleared existing <rasterio._env.GDALEnv object at 0x7f64bbd99270> options
2023-12-17 02:53:05,633 - rasterio._env - DEBUG - Stopped GDALEnv <rasterio._env.GDALEnv object at 0x7f64bbd99270>.
2023-12-17 02:53:05,633 - rasterio.env - DEBUG - Exiting outermost env
2023-12-17 02:53:05,633 - rasterio.env - DEBUG - Exited env context: <rasterio.env.Env object at 0x7f64bbd549a0>
2023-12-17 02:59:55,812 - root - INFO - Total elapsed time: 0:06:52.626874
