2023-12-12 04:20:31,650 - root - INFO - Initiating present weather
2023-12-12 04:20:31,651 - asyncio - DEBUG - Using selector: EpollSelector
2023-12-12 04:20:33,129 - urllib3.connectionpool - DEBUG - Starting new HTTPS connection (1): radar.bmkg.go.id:8060
2023-12-12 04:20:33,143 - urllib3.connectionpool - DEBUG - https://radar.bmkg.go.id:8060 "GET /getLatestLD?typeData=1 HTTP/1.1" 200 62
2023-12-12 04:20:33,144 - urllib3.connectionpool - DEBUG - Starting new HTTPS connection (1): radar.bmkg.go.id:8060
2023-12-12 04:20:33,164 - urllib3.connectionpool - DEBUG - https://radar.bmkg.go.id:8060 "GET /getRadarGeotif?token=19387e71e78522ae4172ec0fda640983b8438c9cfa0ca571623cb69d8327&radar=amandemenForecast&type=latest HTTP/1.1" 200 90
2023-12-12 04:20:33,165 - rasterio.env - DEBUG - Entering env context: <rasterio.env.Env object at 0x7fa0b66ec160>
2023-12-12 04:20:33,165 - rasterio.env - DEBUG - Starting outermost env
2023-12-12 04:20:33,165 - rasterio.env - DEBUG - No GDAL environment exists
2023-12-12 04:20:33,165 - rasterio.env - DEBUG - New GDAL environment <rasterio._env.GDALEnv object at 0x7fa0b66ed030> created
2023-12-12 04:20:33,168 - rasterio._filepath - DEBUG - Installing FilePath filesystem handler plugin...
2023-12-12 04:20:33,168 - rasterio._env - DEBUG - GDAL data found in package: path='/home/metpublic/PYTHON_VENV/present_weather/lib/python3.10/site-packages/rasterio/gdal_data'.
2023-12-12 04:20:33,168 - rasterio._env - DEBUG - PROJ data found in package: path='/home/metpublic/PYTHON_VENV/present_weather/lib/python3.10/site-packages/rasterio/proj_data'.
2023-12-12 04:20:33,168 - rasterio._env - DEBUG - Started GDALEnv: self=<rasterio._env.GDALEnv object at 0x7fa0b66ed030>.
2023-12-12 04:20:33,168 - rasterio.env - DEBUG - Entered env context: <rasterio.env.Env object at 0x7fa0b66ec160>
2023-12-12 04:20:33,168 - rasterio._base - DEBUG - Sharing flag: 0
2023-12-12 04:20:33,464 - rasterio._base - DEBUG - Nodata success: 1, Nodata value: nan
2023-12-12 04:20:33,464 - rasterio._base - DEBUG - Dataset <open DatasetReader name='https://radar.bmkg.go.id/raster/radarsatelit_202312120410.tif' mode='r'> is started.
2023-12-12 04:20:33,464 - rasterio.env - DEBUG - Exiting env context: <rasterio.env.Env object at 0x7fa0b66ec160>
2023-12-12 04:20:33,464 - rasterio.env - DEBUG - Cleared existing <rasterio._env.GDALEnv object at 0x7fa0b66ed030> options
2023-12-12 04:20:33,465 - rasterio._env - DEBUG - Stopped GDALEnv <rasterio._env.GDALEnv object at 0x7fa0b66ed030>.
2023-12-12 04:20:33,465 - rasterio.env - DEBUG - Exiting outermost env
2023-12-12 04:20:33,465 - rasterio.env - DEBUG - Exited env context: <rasterio.env.Env object at 0x7fa0b66ec160>
2023-12-12 04:20:33,465 - rasterio.env - DEBUG - Entering env context: <rasterio.env.Env object at 0x7fa0b66819c0>
2023-12-12 04:20:33,465 - rasterio.env - DEBUG - Starting outermost env
2023-12-12 04:20:33,465 - rasterio.env - DEBUG - No GDAL environment exists
2023-12-12 04:20:33,465 - rasterio.env - DEBUG - New GDAL environment <rasterio._env.GDALEnv object at 0x7fa0b7003c10> created
2023-12-12 04:20:33,465 - rasterio._env - DEBUG - GDAL data found in package: path='/home/metpublic/PYTHON_VENV/present_weather/lib/python3.10/site-packages/rasterio/gdal_data'.
2023-12-12 04:20:33,465 - rasterio._env - DEBUG - PROJ data found in package: path='/home/metpublic/PYTHON_VENV/present_weather/lib/python3.10/site-packages/rasterio/proj_data'.
2023-12-12 04:20:33,466 - rasterio._env - DEBUG - Started GDALEnv: self=<rasterio._env.GDALEnv object at 0x7fa0b7003c10>.
2023-12-12 04:20:33,466 - rasterio.env - DEBUG - Entered env context: <rasterio.env.Env object at 0x7fa0b66819c0>
2023-12-12 04:20:33,466 - rasterio.env - DEBUG - Got a copy of environment <rasterio._env.GDALEnv object at 0x7fa0b7003c10> options
2023-12-12 04:20:33,466 - rasterio.env - DEBUG - Entering env context: <rasterio.env.Env object at 0x7fa0b4583040>
2023-12-12 04:20:33,466 - rasterio.env - DEBUG - Got a copy of environment <rasterio._env.GDALEnv object at 0x7fa0b7003c10> options
2023-12-12 04:20:33,466 - rasterio.env - DEBUG - Entered env context: <rasterio.env.Env object at 0x7fa0b4583040>
2023-12-12 04:20:33,466 - rasterio._base - DEBUG - Sharing flag: 0
2023-12-12 04:20:33,467 - rasterio._base - DEBUG - Nodata success: 1, Nodata value: nan
2023-12-12 04:20:33,467 - rasterio._base - DEBUG - Dataset <open DatasetReader name='https://radar.bmkg.go.id/raster/radarsatelit_202312120410.tif' mode='r'> is started.
2023-12-12 04:20:33,467 - rasterio.env - DEBUG - Exiting env context: <rasterio.env.Env object at 0x7fa0b4583040>
2023-12-12 04:20:33,467 - rasterio.env - DEBUG - Cleared existing <rasterio._env.GDALEnv object at 0x7fa0b7003c10> options
2023-12-12 04:20:33,467 - rasterio._env - DEBUG - Stopped GDALEnv <rasterio._env.GDALEnv object at 0x7fa0b7003c10>.
2023-12-12 04:20:33,467 - rasterio.env - DEBUG - No GDAL environment exists
2023-12-12 04:20:33,467 - rasterio.env - DEBUG - New GDAL environment <rasterio._env.GDALEnv object at 0x7fa0b7003c10> created
2023-12-12 04:20:33,468 - rasterio._env - DEBUG - GDAL data found in package: path='/home/metpublic/PYTHON_VENV/present_weather/lib/python3.10/site-packages/rasterio/gdal_data'.
2023-12-12 04:20:33,468 - rasterio._env - DEBUG - PROJ data found in package: path='/home/metpublic/PYTHON_VENV/present_weather/lib/python3.10/site-packages/rasterio/proj_data'.
2023-12-12 04:20:33,468 - rasterio._env - DEBUG - Started GDALEnv: self=<rasterio._env.GDALEnv object at 0x7fa0b7003c10>.
2023-12-12 04:20:33,468 - rasterio.env - DEBUG - Exited env context: <rasterio.env.Env object at 0x7fa0b4583040>
2023-12-12 04:20:33,486 - rasterio._io - DEBUG - Output nodata value read from file: nan
2023-12-12 04:20:33,486 - rasterio._io - DEBUG - Output nodata values: [nan]
2023-12-12 04:20:33,487 - rasterio._io - DEBUG - all_valid: False
2023-12-12 04:20:33,487 - rasterio._io - DEBUG - mask_flags: ([<MaskFlags.nodata: 8>],)
2023-12-12 04:20:33,487 - rasterio._io - DEBUG - Jump straight to _read()
2023-12-12 04:20:33,487 - rasterio._io - DEBUG - Window: Window(col_off=0, row_off=0, width=10215, height=3792)
2023-12-12 04:20:33,487 - rasterio._io - DEBUG - IO window xoff=0.0 yoff=0.0 width=10215.0 height=3792.0
2023-12-12 04:20:34,010 - rasterio.env - DEBUG - Exiting env context: <rasterio.env.Env object at 0x7fa0b66819c0>
2023-12-12 04:20:34,010 - rasterio.env - DEBUG - Cleared existing <rasterio._env.GDALEnv object at 0x7fa0b7003c10> options
2023-12-12 04:20:34,010 - rasterio._env - DEBUG - Stopped GDALEnv <rasterio._env.GDALEnv object at 0x7fa0b7003c10>.
2023-12-12 04:20:34,010 - rasterio.env - DEBUG - Exiting outermost env
2023-12-12 04:20:34,010 - rasterio.env - DEBUG - Exited env context: <rasterio.env.Env object at 0x7fa0b66819c0>
2023-12-12 04:20:58,682 - rasterio.env - DEBUG - Entering env context: <rasterio.env.Env object at 0x7fa0b438b490>
2023-12-12 04:20:58,683 - rasterio.env - DEBUG - Starting outermost env
2023-12-12 04:20:58,683 - rasterio.env - DEBUG - No GDAL environment exists
2023-12-12 04:20:58,683 - rasterio.env - DEBUG - New GDAL environment <rasterio._env.GDALEnv object at 0x7fa0b438b7c0> created
2023-12-12 04:20:58,683 - rasterio._env - DEBUG - GDAL data found in package: path='/home/metpublic/PYTHON_VENV/present_weather/lib/python3.10/site-packages/rasterio/gdal_data'.
2023-12-12 04:20:58,683 - rasterio._env - DEBUG - PROJ data found in package: path='/home/metpublic/PYTHON_VENV/present_weather/lib/python3.10/site-packages/rasterio/proj_data'.
2023-12-12 04:20:58,684 - rasterio._env - DEBUG - Started GDALEnv: self=<rasterio._env.GDALEnv object at 0x7fa0b438b7c0>.
2023-12-12 04:20:58,684 - rasterio.env - DEBUG - Entered env context: <rasterio.env.Env object at 0x7fa0b438b490>
2023-12-12 04:20:58,684 - rasterio._base - DEBUG - Sharing flag: 0
2023-12-12 04:20:58,686 - rasterio._base - DEBUG - Nodata success: 0, Nodata value: 0.000000
2023-12-12 04:20:58,687 - rasterio._base - DEBUG - Dataset <open DatasetReader name='/home/metpublic/TASK_RELEASE/EFAN/present_weather/src/H09_B13_Indonesia_20231212.Z0410.cor.tiff' mode='r'> is started.
2023-12-12 04:20:58,687 - rasterio.env - DEBUG - Exiting env context: <rasterio.env.Env object at 0x7fa0b438b490>
2023-12-12 04:20:58,687 - rasterio.env - DEBUG - Cleared existing <rasterio._env.GDALEnv object at 0x7fa0b438b7c0> options
2023-12-12 04:20:58,687 - rasterio._env - DEBUG - Stopped GDALEnv <rasterio._env.GDALEnv object at 0x7fa0b438b7c0>.
2023-12-12 04:20:58,687 - rasterio.env - DEBUG - Exiting outermost env
2023-12-12 04:20:58,687 - rasterio.env - DEBUG - Exited env context: <rasterio.env.Env object at 0x7fa0b438b490>
2023-12-12 04:20:58,688 - rasterio.env - DEBUG - Entering env context: <rasterio.env.Env object at 0x7fa0b438a560>
2023-12-12 04:20:58,688 - rasterio.env - DEBUG - Starting outermost env
2023-12-12 04:20:58,688 - rasterio.env - DEBUG - No GDAL environment exists
2023-12-12 04:20:58,688 - rasterio.env - DEBUG - New GDAL environment <rasterio._env.GDALEnv object at 0x7fa0b438a0b0> created
2023-12-12 04:20:58,689 - rasterio._env - DEBUG - GDAL data found in package: path='/home/metpublic/PYTHON_VENV/present_weather/lib/python3.10/site-packages/rasterio/gdal_data'.
2023-12-12 04:20:58,689 - rasterio._env - DEBUG - PROJ data found in package: path='/home/metpublic/PYTHON_VENV/present_weather/lib/python3.10/site-packages/rasterio/proj_data'.
2023-12-12 04:20:58,689 - rasterio._env - DEBUG - Started GDALEnv: self=<rasterio._env.GDALEnv object at 0x7fa0b438a0b0>.
2023-12-12 04:20:58,689 - rasterio.env - DEBUG - Entered env context: <rasterio.env.Env object at 0x7fa0b438a560>
2023-12-12 04:20:58,690 - rasterio._base - DEBUG - Sharing flag: 0
2023-12-12 04:20:58,691 - rasterio._base - DEBUG - Nodata success: 0, Nodata value: 0.000000
2023-12-12 04:20:58,691 - rasterio._base - DEBUG - Dataset <open DatasetReader name='/home/metpublic/TASK_RELEASE/EFAN/present_weather/src/H09_B13_Indonesia_20231212.Z0410.cor.tiff' mode='r'> is started.
2023-12-12 04:20:58,691 - rasterio.env - DEBUG - Exiting env context: <rasterio.env.Env object at 0x7fa0b438a560>
2023-12-12 04:20:58,691 - rasterio.env - DEBUG - Cleared existing <rasterio._env.GDALEnv object at 0x7fa0b438a0b0> options
2023-12-12 04:20:58,691 - rasterio._env - DEBUG - Stopped GDALEnv <rasterio._env.GDALEnv object at 0x7fa0b438a0b0>.
2023-12-12 04:20:58,691 - rasterio.env - DEBUG - Exiting outermost env
2023-12-12 04:20:58,691 - rasterio.env - DEBUG - Exited env context: <rasterio.env.Env object at 0x7fa0b438a560>
2023-12-12 04:20:58,709 - root - INFO - Generating present weather using SATELITE data
2023-12-12 04:21:10,715 - root - INFO - Total elapsed time: 0:00:39.065793
