2023-11-22 14:43:03,945 - root - INFO - Initiating present weather
2023-11-22 14:43:03,949 - asyncio - DEBUG - Using selector: EpollSelector
2023-11-22 14:43:07,278 - urllib3.connectionpool - DEBUG - Starting new HTTPS connection (1): radar.bmkg.go.id:8060
2023-11-22 14:43:07,358 - urllib3.connectionpool - DEBUG - https://radar.bmkg.go.id:8060 "GET /getRadarGeotif?token=19387e71e78522ae4172ec0fda640983b8438c9cfa0ca571623cb69d8327&radar=amandemenForecast&type=latest HTTP/1.1" 200 90
2023-11-22 14:43:07,360 - rasterio.env - DEBUG - Entering env context: <rasterio.env.Env object at 0x7f38ca253ce0>
2023-11-22 14:43:07,361 - rasterio.env - DEBUG - Starting outermost env
2023-11-22 14:43:07,361 - rasterio.env - DEBUG - No GDAL environment exists
2023-11-22 14:43:07,362 - rasterio.env - DEBUG - New GDAL environment <rasterio._env.GDALEnv object at 0x7f38c9636bc0> created
2023-11-22 14:43:07,366 - rasterio._filepath - DEBUG - Installing FilePath filesystem handler plugin...
2023-11-22 14:43:07,366 - rasterio._env - DEBUG - GDAL data found in package: path='/home/swx/miniconda3/envs/present_weather/lib/python3.12/site-packages/rasterio/gdal_data'.
2023-11-22 14:43:07,366 - rasterio._env - DEBUG - PROJ_LIB found in environment.
2023-11-22 14:43:07,366 - rasterio._env - DEBUG - Started GDALEnv: self=<rasterio._env.GDALEnv object at 0x7f38c9636bc0>.
2023-11-22 14:43:07,366 - rasterio.env - DEBUG - Entered env context: <rasterio.env.Env object at 0x7f38ca253ce0>
2023-11-22 14:43:07,367 - rasterio._base - DEBUG - Sharing flag: 0
2023-11-22 14:43:07,611 - rasterio._base - DEBUG - Nodata success: 1, Nodata value: nan
2023-11-22 14:43:07,611 - rasterio._base - DEBUG - Dataset <open DatasetReader name='https://radar.bmkg.go.id/raster/radarsatelit_202311221440.tif' mode='r'> is started.
2023-11-22 14:43:07,612 - rasterio.env - DEBUG - Exiting env context: <rasterio.env.Env object at 0x7f38ca253ce0>
2023-11-22 14:43:07,612 - rasterio.env - DEBUG - Cleared existing <rasterio._env.GDALEnv object at 0x7f38c9636bc0> options
2023-11-22 14:43:07,612 - rasterio._env - DEBUG - Stopped GDALEnv <rasterio._env.GDALEnv object at 0x7f38c9636bc0>.
2023-11-22 14:43:07,613 - rasterio.env - DEBUG - Exiting outermost env
2023-11-22 14:43:07,613 - rasterio.env - DEBUG - Exited env context: <rasterio.env.Env object at 0x7f38ca253ce0>
2023-11-22 14:43:07,613 - rasterio.env - DEBUG - Entering env context: <rasterio.env.Env object at 0x7f38c9636bd0>
2023-11-22 14:43:07,613 - rasterio.env - DEBUG - Starting outermost env
2023-11-22 14:43:07,613 - rasterio.env - DEBUG - No GDAL environment exists
2023-11-22 14:43:07,613 - rasterio.env - DEBUG - New GDAL environment <rasterio._env.GDALEnv object at 0x7f38c95e9630> created
2023-11-22 14:43:07,614 - rasterio._env - DEBUG - GDAL data found in package: path='/home/swx/miniconda3/envs/present_weather/lib/python3.12/site-packages/rasterio/gdal_data'.
2023-11-22 14:43:07,614 - rasterio._env - DEBUG - PROJ_LIB found in environment.
2023-11-22 14:43:07,614 - rasterio._env - DEBUG - Started GDALEnv: self=<rasterio._env.GDALEnv object at 0x7f38c95e9630>.
2023-11-22 14:43:07,614 - rasterio.env - DEBUG - Entered env context: <rasterio.env.Env object at 0x7f38c9636bd0>
2023-11-22 14:43:07,615 - rasterio.env - DEBUG - Got a copy of environment <rasterio._env.GDALEnv object at 0x7f38c95e9630> options
2023-11-22 14:43:07,615 - rasterio.env - DEBUG - Entering env context: <rasterio.env.Env object at 0x7f38ca253ce0>
2023-11-22 14:43:07,615 - rasterio.env - DEBUG - Got a copy of environment <rasterio._env.GDALEnv object at 0x7f38c95e9630> options
2023-11-22 14:43:07,615 - rasterio.env - DEBUG - Entered env context: <rasterio.env.Env object at 0x7f38ca253ce0>
2023-11-22 14:43:07,615 - rasterio._base - DEBUG - Sharing flag: 0
2023-11-22 14:43:07,617 - rasterio._base - DEBUG - Nodata success: 1, Nodata value: nan
2023-11-22 14:43:07,617 - rasterio._base - DEBUG - Dataset <open DatasetReader name='https://radar.bmkg.go.id/raster/radarsatelit_202311221440.tif' mode='r'> is started.
2023-11-22 14:43:07,617 - rasterio.env - DEBUG - Exiting env context: <rasterio.env.Env object at 0x7f38ca253ce0>
2023-11-22 14:43:07,617 - rasterio.env - DEBUG - Cleared existing <rasterio._env.GDALEnv object at 0x7f38c95e9630> options
2023-11-22 14:43:07,617 - rasterio._env - DEBUG - Stopped GDALEnv <rasterio._env.GDALEnv object at 0x7f38c95e9630>.
2023-11-22 14:43:07,618 - rasterio.env - DEBUG - No GDAL environment exists
2023-11-22 14:43:07,618 - rasterio.env - DEBUG - New GDAL environment <rasterio._env.GDALEnv object at 0x7f38c95e9630> created
2023-11-22 14:43:07,618 - rasterio._env - DEBUG - GDAL data found in package: path='/home/swx/miniconda3/envs/present_weather/lib/python3.12/site-packages/rasterio/gdal_data'.
2023-11-22 14:43:07,618 - rasterio._env - DEBUG - PROJ_LIB found in environment.
2023-11-22 14:43:07,619 - rasterio._env - DEBUG - Started GDALEnv: self=<rasterio._env.GDALEnv object at 0x7f38c95e9630>.
2023-11-22 14:43:07,619 - rasterio.env - DEBUG - Exited env context: <rasterio.env.Env object at 0x7f38ca253ce0>
2023-11-22 14:43:07,649 - rasterio._io - DEBUG - Output nodata value read from file: nan
2023-11-22 14:43:07,650 - rasterio._io - DEBUG - Output nodata values: [nan]
2023-11-22 14:43:07,650 - rasterio._io - DEBUG - all_valid: False
2023-11-22 14:43:07,650 - rasterio._io - DEBUG - mask_flags: ([<MaskFlags.nodata: 8>],)
2023-11-22 14:43:07,650 - rasterio._io - DEBUG - Jump straight to _read()
2023-11-22 14:43:07,651 - rasterio._io - DEBUG - Window: Window(col_off=0, row_off=0, width=10215, height=3792)
2023-11-22 14:43:07,651 - rasterio._io - DEBUG - IO window xoff=0.0 yoff=0.0 width=10215.0 height=3792.0
2023-11-22 14:43:08,417 - rasterio.env - DEBUG - Exiting env context: <rasterio.env.Env object at 0x7f38c9636bd0>
2023-11-22 14:43:08,417 - rasterio.env - DEBUG - Cleared existing <rasterio._env.GDALEnv object at 0x7f38c95e9630> options
2023-11-22 14:43:08,417 - rasterio._env - DEBUG - Stopped GDALEnv <rasterio._env.GDALEnv object at 0x7f38c95e9630>.
2023-11-22 14:43:08,417 - rasterio.env - DEBUG - Exiting outermost env
2023-11-22 14:43:08,418 - rasterio.env - DEBUG - Exited env context: <rasterio.env.Env object at 0x7f38c9636bd0>
2023-11-22 14:43:08,420 - urllib3.connectionpool - DEBUG - Starting new HTTPS connection (1): radar.bmkg.go.id:8060
2023-11-22 14:43:08,465 - urllib3.connectionpool - DEBUG - https://radar.bmkg.go.id:8060 "GET /getLatestLD?typeData=1 HTTP/1.1" 200 8288
2023-11-22 14:43:11,810 - root - INFO - dask.bag<lambda, npartitions=34>
2023-11-22 14:59:28,730 - root - INFO - Total elapsed time: 0:16:24.785644
