2023-12-18 07:23:02,683 - root - INFO - Initiating present weather
2023-12-18 07:23:02,685 - asyncio - DEBUG - Using selector: EpollSelector
2023-12-18 07:23:04,291 - urllib3.connectionpool - DEBUG - Starting new HTTPS connection (1): radar.bmkg.go.id:8060
2023-12-18 07:23:04,304 - urllib3.connectionpool - DEBUG - https://radar.bmkg.go.id:8060 "GET /getLatestLD?typeData=1 HTTP/1.1" 200 62
2023-12-18 07:23:04,306 - urllib3.connectionpool - DEBUG - Starting new HTTPS connection (1): radar.bmkg.go.id:8060
2023-12-18 07:23:04,327 - urllib3.connectionpool - DEBUG - https://radar.bmkg.go.id:8060 "GET /getRadarGeotif?token=19387e71e78522ae4172ec0fda640983b8438c9cfa0ca571623cb69d8327&radar=amandemenForecast&type=latest HTTP/1.1" 200 90
2023-12-18 07:23:04,328 - rasterio.env - DEBUG - Entering env context: <rasterio.env.Env object at 0x7fdf022efeb0>
2023-12-18 07:23:04,329 - rasterio.env - DEBUG - Starting outermost env
2023-12-18 07:23:04,329 - rasterio.env - DEBUG - No GDAL environment exists
2023-12-18 07:23:04,329 - rasterio.env - DEBUG - New GDAL environment <rasterio._env.GDALEnv object at 0x7fdf022ed210> created
2023-12-18 07:23:04,331 - rasterio._filepath - DEBUG - Installing FilePath filesystem handler plugin...
2023-12-18 07:23:04,331 - rasterio._env - DEBUG - GDAL data found in package: path='/home/metpublic/PYTHON_VENV/present_weather/lib/python3.10/site-packages/rasterio/gdal_data'.
2023-12-18 07:23:04,332 - rasterio._env - DEBUG - PROJ data found in package: path='/home/metpublic/PYTHON_VENV/present_weather/lib/python3.10/site-packages/rasterio/proj_data'.
2023-12-18 07:23:04,332 - rasterio._env - DEBUG - Started GDALEnv: self=<rasterio._env.GDALEnv object at 0x7fdf022ed210>.
2023-12-18 07:23:04,332 - rasterio.env - DEBUG - Entered env context: <rasterio.env.Env object at 0x7fdf022efeb0>
2023-12-18 07:23:04,332 - rasterio._base - DEBUG - Sharing flag: 0
2023-12-18 07:23:04,663 - rasterio._base - DEBUG - Nodata success: 1, Nodata value: nan
2023-12-18 07:23:04,663 - rasterio._base - DEBUG - Dataset <open DatasetReader name='https://radar.bmkg.go.id/raster/radarsatelit_202312180720.tif' mode='r'> is started.
2023-12-18 07:23:04,664 - rasterio.env - DEBUG - Exiting env context: <rasterio.env.Env object at 0x7fdf022efeb0>
2023-12-18 07:23:04,664 - rasterio.env - DEBUG - Cleared existing <rasterio._env.GDALEnv object at 0x7fdf022ed210> options
2023-12-18 07:23:04,664 - rasterio._env - DEBUG - Stopped GDALEnv <rasterio._env.GDALEnv object at 0x7fdf022ed210>.
2023-12-18 07:23:04,664 - rasterio.env - DEBUG - Exiting outermost env
2023-12-18 07:23:04,664 - rasterio.env - DEBUG - Exited env context: <rasterio.env.Env object at 0x7fdf022efeb0>
2023-12-18 07:23:04,664 - rasterio.env - DEBUG - Entering env context: <rasterio.env.Env object at 0x7fdf022a9120>
2023-12-18 07:23:04,664 - rasterio.env - DEBUG - Starting outermost env
2023-12-18 07:23:04,664 - rasterio.env - DEBUG - No GDAL environment exists
2023-12-18 07:23:04,664 - rasterio.env - DEBUG - New GDAL environment <rasterio._env.GDALEnv object at 0x7fdf022ed210> created
2023-12-18 07:23:04,665 - rasterio._env - DEBUG - GDAL data found in package: path='/home/metpublic/PYTHON_VENV/present_weather/lib/python3.10/site-packages/rasterio/gdal_data'.
2023-12-18 07:23:04,665 - rasterio._env - DEBUG - PROJ data found in package: path='/home/metpublic/PYTHON_VENV/present_weather/lib/python3.10/site-packages/rasterio/proj_data'.
2023-12-18 07:23:04,665 - rasterio._env - DEBUG - Started GDALEnv: self=<rasterio._env.GDALEnv object at 0x7fdf022ed210>.
2023-12-18 07:23:04,665 - rasterio.env - DEBUG - Entered env context: <rasterio.env.Env object at 0x7fdf022a9120>
2023-12-18 07:23:04,665 - rasterio.env - DEBUG - Got a copy of environment <rasterio._env.GDALEnv object at 0x7fdf022ed210> options
2023-12-18 07:23:04,665 - rasterio.env - DEBUG - Entering env context: <rasterio.env.Env object at 0x7fdf000aaf20>
2023-12-18 07:23:04,665 - rasterio.env - DEBUG - Got a copy of environment <rasterio._env.GDALEnv object at 0x7fdf022ed210> options
2023-12-18 07:23:04,665 - rasterio.env - DEBUG - Entered env context: <rasterio.env.Env object at 0x7fdf000aaf20>
2023-12-18 07:23:04,665 - rasterio._base - DEBUG - Sharing flag: 0
2023-12-18 07:23:04,666 - rasterio._base - DEBUG - Nodata success: 1, Nodata value: nan
2023-12-18 07:23:04,666 - rasterio._base - DEBUG - Dataset <open DatasetReader name='https://radar.bmkg.go.id/raster/radarsatelit_202312180720.tif' mode='r'> is started.
2023-12-18 07:23:04,666 - rasterio.env - DEBUG - Exiting env context: <rasterio.env.Env object at 0x7fdf000aaf20>
2023-12-18 07:23:04,666 - rasterio.env - DEBUG - Cleared existing <rasterio._env.GDALEnv object at 0x7fdf022ed210> options
2023-12-18 07:23:04,666 - rasterio._env - DEBUG - Stopped GDALEnv <rasterio._env.GDALEnv object at 0x7fdf022ed210>.
2023-12-18 07:23:04,667 - rasterio.env - DEBUG - No GDAL environment exists
2023-12-18 07:23:04,667 - rasterio.env - DEBUG - New GDAL environment <rasterio._env.GDALEnv object at 0x7fdf022ed210> created
2023-12-18 07:23:04,667 - rasterio._env - DEBUG - GDAL data found in package: path='/home/metpublic/PYTHON_VENV/present_weather/lib/python3.10/site-packages/rasterio/gdal_data'.
2023-12-18 07:23:04,667 - rasterio._env - DEBUG - PROJ data found in package: path='/home/metpublic/PYTHON_VENV/present_weather/lib/python3.10/site-packages/rasterio/proj_data'.
2023-12-18 07:23:04,667 - rasterio._env - DEBUG - Started GDALEnv: self=<rasterio._env.GDALEnv object at 0x7fdf022ed210>.
2023-12-18 07:23:04,667 - rasterio.env - DEBUG - Exited env context: <rasterio.env.Env object at 0x7fdf000aaf20>
2023-12-18 07:23:04,683 - rasterio._io - DEBUG - Output nodata value read from file: nan
2023-12-18 07:23:04,683 - rasterio._io - DEBUG - Output nodata values: [nan]
2023-12-18 07:23:04,684 - rasterio._io - DEBUG - all_valid: False
2023-12-18 07:23:04,684 - rasterio._io - DEBUG - mask_flags: ([<MaskFlags.nodata: 8>],)
2023-12-18 07:23:04,684 - rasterio._io - DEBUG - Jump straight to _read()
2023-12-18 07:23:04,684 - rasterio._io - DEBUG - Window: Window(col_off=0, row_off=0, width=10215, height=3792)
2023-12-18 07:23:04,684 - rasterio._io - DEBUG - IO window xoff=0.0 yoff=0.0 width=10215.0 height=3792.0
2023-12-18 07:23:05,237 - rasterio.env - DEBUG - Exiting env context: <rasterio.env.Env object at 0x7fdf022a9120>
2023-12-18 07:23:05,237 - rasterio.env - DEBUG - Cleared existing <rasterio._env.GDALEnv object at 0x7fdf022ed210> options
2023-12-18 07:23:05,237 - rasterio._env - DEBUG - Stopped GDALEnv <rasterio._env.GDALEnv object at 0x7fdf022ed210>.
2023-12-18 07:23:05,237 - rasterio.env - DEBUG - Exiting outermost env
2023-12-18 07:23:05,238 - rasterio.env - DEBUG - Exited env context: <rasterio.env.Env object at 0x7fdf022a9120>
2023-12-18 07:29:32,698 - root - INFO - Total elapsed time: 0:06:30.014287
