2023-12-10 15:03:02,512 - root - INFO - Initiating present weather
2023-12-10 15:03:02,513 - asyncio - DEBUG - Using selector: EpollSelector
2023-12-10 15:03:04,129 - urllib3.connectionpool - DEBUG - Starting new HTTPS connection (1): radar.bmkg.go.id:8060
2023-12-10 15:03:04,142 - urllib3.connectionpool - DEBUG - https://radar.bmkg.go.id:8060 "GET /getLatestLD?typeData=1 HTTP/1.1" 200 62
2023-12-10 15:03:04,146 - urllib3.connectionpool - DEBUG - Starting new HTTPS connection (1): radar.bmkg.go.id:8060
2023-12-10 15:03:04,166 - urllib3.connectionpool - DEBUG - https://radar.bmkg.go.id:8060 "GET /getRadarGeotif?token=19387e71e78522ae4172ec0fda640983b8438c9cfa0ca571623cb69d8327&radar=amandemenForecast&type=latest HTTP/1.1" 200 90
2023-12-10 15:03:04,167 - rasterio.env - DEBUG - Entering env context: <rasterio.env.Env object at 0x7ff27c63ef20>
2023-12-10 15:03:04,168 - rasterio.env - DEBUG - Starting outermost env
2023-12-10 15:03:04,168 - rasterio.env - DEBUG - No GDAL environment exists
2023-12-10 15:03:04,168 - rasterio.env - DEBUG - New GDAL environment <rasterio._env.GDALEnv object at 0x7ff27c63ec20> created
2023-12-10 15:03:04,170 - rasterio._filepath - DEBUG - Installing FilePath filesystem handler plugin...
2023-12-10 15:03:04,171 - rasterio._env - DEBUG - GDAL data found in package: path='/home/metpublic/PYTHON_VENV/present_weather/lib/python3.10/site-packages/rasterio/gdal_data'.
2023-12-10 15:03:04,171 - rasterio._env - DEBUG - PROJ data found in package: path='/home/metpublic/PYTHON_VENV/present_weather/lib/python3.10/site-packages/rasterio/proj_data'.
2023-12-10 15:03:04,171 - rasterio._env - DEBUG - Started GDALEnv: self=<rasterio._env.GDALEnv object at 0x7ff27c63ec20>.
2023-12-10 15:03:04,171 - rasterio.env - DEBUG - Entered env context: <rasterio.env.Env object at 0x7ff27c63ef20>
2023-12-10 15:03:04,171 - rasterio._base - DEBUG - Sharing flag: 0
2023-12-10 15:03:04,447 - rasterio._base - DEBUG - Nodata success: 1, Nodata value: nan
2023-12-10 15:03:04,448 - rasterio._base - DEBUG - Dataset <open DatasetReader name='https://radar.bmkg.go.id/raster/radarsatelit_202312101500.tif' mode='r'> is started.
2023-12-10 15:03:04,448 - rasterio.env - DEBUG - Exiting env context: <rasterio.env.Env object at 0x7ff27c63ef20>
2023-12-10 15:03:04,448 - rasterio.env - DEBUG - Cleared existing <rasterio._env.GDALEnv object at 0x7ff27c63ec20> options
2023-12-10 15:03:04,448 - rasterio._env - DEBUG - Stopped GDALEnv <rasterio._env.GDALEnv object at 0x7ff27c63ec20>.
2023-12-10 15:03:04,448 - rasterio.env - DEBUG - Exiting outermost env
2023-12-10 15:03:04,450 - rasterio.env - DEBUG - Exited env context: <rasterio.env.Env object at 0x7ff27c63ef20>
2023-12-10 15:03:04,450 - rasterio.env - DEBUG - Entering env context: <rasterio.env.Env object at 0x7ff27bcc8760>
2023-12-10 15:03:04,450 - rasterio.env - DEBUG - Starting outermost env
2023-12-10 15:03:04,450 - rasterio.env - DEBUG - No GDAL environment exists
2023-12-10 15:03:04,450 - rasterio.env - DEBUG - New GDAL environment <rasterio._env.GDALEnv object at 0x7ff27bd048e0> created
2023-12-10 15:03:04,450 - rasterio._env - DEBUG - GDAL data found in package: path='/home/metpublic/PYTHON_VENV/present_weather/lib/python3.10/site-packages/rasterio/gdal_data'.
2023-12-10 15:03:04,451 - rasterio._env - DEBUG - PROJ data found in package: path='/home/metpublic/PYTHON_VENV/present_weather/lib/python3.10/site-packages/rasterio/proj_data'.
2023-12-10 15:03:04,451 - rasterio._env - DEBUG - Started GDALEnv: self=<rasterio._env.GDALEnv object at 0x7ff27bd048e0>.
2023-12-10 15:03:04,451 - rasterio.env - DEBUG - Entered env context: <rasterio.env.Env object at 0x7ff27bcc8760>
2023-12-10 15:03:04,451 - rasterio.env - DEBUG - Got a copy of environment <rasterio._env.GDALEnv object at 0x7ff27bd048e0> options
2023-12-10 15:03:04,451 - rasterio.env - DEBUG - Entering env context: <rasterio.env.Env object at 0x7ff2782ce1d0>
2023-12-10 15:03:04,451 - rasterio.env - DEBUG - Got a copy of environment <rasterio._env.GDALEnv object at 0x7ff27bd048e0> options
2023-12-10 15:03:04,451 - rasterio.env - DEBUG - Entered env context: <rasterio.env.Env object at 0x7ff2782ce1d0>
2023-12-10 15:03:04,451 - rasterio._base - DEBUG - Sharing flag: 0
2023-12-10 15:03:04,452 - rasterio._base - DEBUG - Nodata success: 1, Nodata value: nan
2023-12-10 15:03:04,452 - rasterio._base - DEBUG - Dataset <open DatasetReader name='https://radar.bmkg.go.id/raster/radarsatelit_202312101500.tif' mode='r'> is started.
2023-12-10 15:03:04,453 - rasterio.env - DEBUG - Exiting env context: <rasterio.env.Env object at 0x7ff2782ce1d0>
2023-12-10 15:03:04,453 - rasterio.env - DEBUG - Cleared existing <rasterio._env.GDALEnv object at 0x7ff27bd048e0> options
2023-12-10 15:03:04,453 - rasterio._env - DEBUG - Stopped GDALEnv <rasterio._env.GDALEnv object at 0x7ff27bd048e0>.
2023-12-10 15:03:04,453 - rasterio.env - DEBUG - No GDAL environment exists
2023-12-10 15:03:04,453 - rasterio.env - DEBUG - New GDAL environment <rasterio._env.GDALEnv object at 0x7ff27bd048e0> created
2023-12-10 15:03:04,453 - rasterio._env - DEBUG - GDAL data found in package: path='/home/metpublic/PYTHON_VENV/present_weather/lib/python3.10/site-packages/rasterio/gdal_data'.
2023-12-10 15:03:04,453 - rasterio._env - DEBUG - PROJ data found in package: path='/home/metpublic/PYTHON_VENV/present_weather/lib/python3.10/site-packages/rasterio/proj_data'.
2023-12-10 15:03:04,453 - rasterio._env - DEBUG - Started GDALEnv: self=<rasterio._env.GDALEnv object at 0x7ff27bd048e0>.
2023-12-10 15:03:04,454 - rasterio.env - DEBUG - Exited env context: <rasterio.env.Env object at 0x7ff2782ce1d0>
2023-12-10 15:03:04,470 - rasterio._io - DEBUG - Output nodata value read from file: nan
2023-12-10 15:03:04,471 - rasterio._io - DEBUG - Output nodata values: [nan]
2023-12-10 15:03:04,471 - rasterio._io - DEBUG - all_valid: False
2023-12-10 15:03:04,471 - rasterio._io - DEBUG - mask_flags: ([<MaskFlags.nodata: 8>],)
2023-12-10 15:03:04,471 - rasterio._io - DEBUG - Jump straight to _read()
2023-12-10 15:03:04,471 - rasterio._io - DEBUG - Window: Window(col_off=0, row_off=0, width=10177, height=3692)
2023-12-10 15:03:04,471 - rasterio._io - DEBUG - IO window xoff=0.0 yoff=0.0 width=10177.0 height=3692.0
2023-12-10 15:03:05,038 - rasterio.env - DEBUG - Exiting env context: <rasterio.env.Env object at 0x7ff27bcc8760>
2023-12-10 15:03:05,038 - rasterio.env - DEBUG - Cleared existing <rasterio._env.GDALEnv object at 0x7ff27bd048e0> options
2023-12-10 15:03:05,038 - rasterio._env - DEBUG - Stopped GDALEnv <rasterio._env.GDALEnv object at 0x7ff27bd048e0>.
2023-12-10 15:03:05,038 - rasterio.env - DEBUG - Exiting outermost env
2023-12-10 15:03:05,038 - rasterio.env - DEBUG - Exited env context: <rasterio.env.Env object at 0x7ff27bcc8760>
2023-12-10 15:07:52,529 - rasterio.env - DEBUG - Entering env context: <rasterio.env.Env object at 0x7ff278052530>
2023-12-10 15:07:52,529 - rasterio.env - DEBUG - Starting outermost env
2023-12-10 15:07:52,529 - rasterio.env - DEBUG - No GDAL environment exists
2023-12-10 15:07:52,529 - rasterio.env - DEBUG - New GDAL environment <rasterio._env.GDALEnv object at 0x7ff2781d8a60> created
2023-12-10 15:07:52,530 - rasterio._env - DEBUG - GDAL data found in package: path='/home/metpublic/PYTHON_VENV/present_weather/lib/python3.10/site-packages/rasterio/gdal_data'.
2023-12-10 15:07:52,530 - rasterio._env - DEBUG - PROJ data found in package: path='/home/metpublic/PYTHON_VENV/present_weather/lib/python3.10/site-packages/rasterio/proj_data'.
2023-12-10 15:07:52,530 - rasterio._env - DEBUG - Started GDALEnv: self=<rasterio._env.GDALEnv object at 0x7ff2781d8a60>.
2023-12-10 15:07:52,531 - rasterio.env - DEBUG - Entered env context: <rasterio.env.Env object at 0x7ff278052530>
2023-12-10 15:07:52,531 - rasterio._base - DEBUG - Sharing flag: 0
2023-12-10 15:07:52,532 - rasterio._base - DEBUG - Nodata success: 0, Nodata value: 0.000000
2023-12-10 15:07:52,532 - rasterio._base - DEBUG - Dataset <open DatasetReader name='/home/metpublic/TASK_RELEASE/EFAN/present_weather/src/H09_B13_Indonesia_20231210.Z1440.cor.tiff' mode='r'> is started.
2023-12-10 15:07:52,532 - rasterio.env - DEBUG - Exiting env context: <rasterio.env.Env object at 0x7ff278052530>
2023-12-10 15:07:52,533 - rasterio.env - DEBUG - Cleared existing <rasterio._env.GDALEnv object at 0x7ff2781d8a60> options
2023-12-10 15:07:52,533 - rasterio._env - DEBUG - Stopped GDALEnv <rasterio._env.GDALEnv object at 0x7ff2781d8a60>.
2023-12-10 15:07:52,533 - rasterio.env - DEBUG - Exiting outermost env
2023-12-10 15:07:52,533 - rasterio.env - DEBUG - Exited env context: <rasterio.env.Env object at 0x7ff278052530>
2023-12-10 15:07:52,533 - rasterio.env - DEBUG - Entering env context: <rasterio.env.Env object at 0x7ff2781d8b20>
2023-12-10 15:07:52,533 - rasterio.env - DEBUG - Starting outermost env
2023-12-10 15:07:52,533 - rasterio.env - DEBUG - No GDAL environment exists
2023-12-10 15:07:52,533 - rasterio.env - DEBUG - New GDAL environment <rasterio._env.GDALEnv object at 0x7ff2781d99f0> created
2023-12-10 15:07:52,534 - rasterio._env - DEBUG - GDAL data found in package: path='/home/metpublic/PYTHON_VENV/present_weather/lib/python3.10/site-packages/rasterio/gdal_data'.
2023-12-10 15:07:52,534 - rasterio._env - DEBUG - PROJ data found in package: path='/home/metpublic/PYTHON_VENV/present_weather/lib/python3.10/site-packages/rasterio/proj_data'.
2023-12-10 15:07:52,534 - rasterio._env - DEBUG - Started GDALEnv: self=<rasterio._env.GDALEnv object at 0x7ff2781d99f0>.
2023-12-10 15:07:52,534 - rasterio.env - DEBUG - Entered env context: <rasterio.env.Env object at 0x7ff2781d8b20>
2023-12-10 15:07:52,535 - rasterio._base - DEBUG - Sharing flag: 0
2023-12-10 15:07:52,536 - rasterio._base - DEBUG - Nodata success: 0, Nodata value: 0.000000
2023-12-10 15:07:52,536 - rasterio._base - DEBUG - Dataset <open DatasetReader name='/home/metpublic/TASK_RELEASE/EFAN/present_weather/src/H09_B13_Indonesia_20231210.Z1440.cor.tiff' mode='r'> is started.
2023-12-10 15:07:52,536 - rasterio.env - DEBUG - Exiting env context: <rasterio.env.Env object at 0x7ff2781d8b20>
2023-12-10 15:07:52,536 - rasterio.env - DEBUG - Cleared existing <rasterio._env.GDALEnv object at 0x7ff2781d99f0> options
2023-12-10 15:07:52,536 - rasterio._env - DEBUG - Stopped GDALEnv <rasterio._env.GDALEnv object at 0x7ff2781d99f0>.
2023-12-10 15:07:52,536 - rasterio.env - DEBUG - Exiting outermost env
2023-12-10 15:07:52,536 - rasterio.env - DEBUG - Exited env context: <rasterio.env.Env object at 0x7ff2781d8b20>
2023-12-10 15:07:52,547 - root - INFO - Generating present weather using SATELITE data
2023-12-10 15:09:55,607 - root - INFO - Total elapsed time: 0:06:53.095689
