2023-12-10 17:13:02,447 - root - INFO - Initiating present weather
2023-12-10 17:13:02,448 - asyncio - DEBUG - Using selector: EpollSelector
2023-12-10 17:13:04,011 - urllib3.connectionpool - DEBUG - Starting new HTTPS connection (1): radar.bmkg.go.id:8060
2023-12-10 17:13:04,024 - urllib3.connectionpool - DEBUG - https://radar.bmkg.go.id:8060 "GET /getLatestLD?typeData=1 HTTP/1.1" 200 62
2023-12-10 17:13:04,027 - urllib3.connectionpool - DEBUG - Starting new HTTPS connection (1): radar.bmkg.go.id:8060
2023-12-10 17:13:04,047 - urllib3.connectionpool - DEBUG - https://radar.bmkg.go.id:8060 "GET /getRadarGeotif?token=19387e71e78522ae4172ec0fda640983b8438c9cfa0ca571623cb69d8327&radar=amandemenForecast&type=latest HTTP/1.1" 200 90
2023-12-10 17:13:04,048 - rasterio.env - DEBUG - Entering env context: <rasterio.env.Env object at 0x7f2aae2a1810>
2023-12-10 17:13:04,049 - rasterio.env - DEBUG - Starting outermost env
2023-12-10 17:13:04,049 - rasterio.env - DEBUG - No GDAL environment exists
2023-12-10 17:13:04,049 - rasterio.env - DEBUG - New GDAL environment <rasterio._env.GDALEnv object at 0x7f2aae2a2980> created
2023-12-10 17:13:04,051 - rasterio._filepath - DEBUG - Installing FilePath filesystem handler plugin...
2023-12-10 17:13:04,052 - rasterio._env - DEBUG - GDAL data found in package: path='/home/metpublic/PYTHON_VENV/present_weather/lib/python3.10/site-packages/rasterio/gdal_data'.
2023-12-10 17:13:04,052 - rasterio._env - DEBUG - PROJ data found in package: path='/home/metpublic/PYTHON_VENV/present_weather/lib/python3.10/site-packages/rasterio/proj_data'.
2023-12-10 17:13:04,052 - rasterio._env - DEBUG - Started GDALEnv: self=<rasterio._env.GDALEnv object at 0x7f2aae2a2980>.
2023-12-10 17:13:04,052 - rasterio.env - DEBUG - Entered env context: <rasterio.env.Env object at 0x7f2aae2a1810>
2023-12-10 17:13:04,052 - rasterio._base - DEBUG - Sharing flag: 0
2023-12-10 17:13:04,315 - rasterio._base - DEBUG - Nodata success: 1, Nodata value: nan
2023-12-10 17:13:04,315 - rasterio._base - DEBUG - Dataset <open DatasetReader name='https://radar.bmkg.go.id/raster/radarsatelit_202312101710.tif' mode='r'> is started.
2023-12-10 17:13:04,316 - rasterio.env - DEBUG - Exiting env context: <rasterio.env.Env object at 0x7f2aae2a1810>
2023-12-10 17:13:04,316 - rasterio.env - DEBUG - Cleared existing <rasterio._env.GDALEnv object at 0x7f2aae2a2980> options
2023-12-10 17:13:04,316 - rasterio._env - DEBUG - Stopped GDALEnv <rasterio._env.GDALEnv object at 0x7f2aae2a2980>.
2023-12-10 17:13:04,316 - rasterio.env - DEBUG - Exiting outermost env
2023-12-10 17:13:04,316 - rasterio.env - DEBUG - Exited env context: <rasterio.env.Env object at 0x7f2aae2a1810>
2023-12-10 17:13:04,316 - rasterio.env - DEBUG - Entering env context: <rasterio.env.Env object at 0x7f2a9c717fd0>
2023-12-10 17:13:04,316 - rasterio.env - DEBUG - Starting outermost env
2023-12-10 17:13:04,316 - rasterio.env - DEBUG - No GDAL environment exists
2023-12-10 17:13:04,316 - rasterio.env - DEBUG - New GDAL environment <rasterio._env.GDALEnv object at 0x7f2aae2a2980> created
2023-12-10 17:13:04,317 - rasterio._env - DEBUG - GDAL data found in package: path='/home/metpublic/PYTHON_VENV/present_weather/lib/python3.10/site-packages/rasterio/gdal_data'.
2023-12-10 17:13:04,317 - rasterio._env - DEBUG - PROJ data found in package: path='/home/metpublic/PYTHON_VENV/present_weather/lib/python3.10/site-packages/rasterio/proj_data'.
2023-12-10 17:13:04,317 - rasterio._env - DEBUG - Started GDALEnv: self=<rasterio._env.GDALEnv object at 0x7f2aae2a2980>.
2023-12-10 17:13:04,317 - rasterio.env - DEBUG - Entered env context: <rasterio.env.Env object at 0x7f2a9c717fd0>
2023-12-10 17:13:04,317 - rasterio.env - DEBUG - Got a copy of environment <rasterio._env.GDALEnv object at 0x7f2aae2a2980> options
2023-12-10 17:13:04,317 - rasterio.env - DEBUG - Entering env context: <rasterio.env.Env object at 0x7f2a9c7520e0>
2023-12-10 17:13:04,318 - rasterio.env - DEBUG - Got a copy of environment <rasterio._env.GDALEnv object at 0x7f2aae2a2980> options
2023-12-10 17:13:04,318 - rasterio.env - DEBUG - Entered env context: <rasterio.env.Env object at 0x7f2a9c7520e0>
2023-12-10 17:13:04,318 - rasterio._base - DEBUG - Sharing flag: 0
2023-12-10 17:13:04,319 - rasterio._base - DEBUG - Nodata success: 1, Nodata value: nan
2023-12-10 17:13:04,319 - rasterio._base - DEBUG - Dataset <open DatasetReader name='https://radar.bmkg.go.id/raster/radarsatelit_202312101710.tif' mode='r'> is started.
2023-12-10 17:13:04,319 - rasterio.env - DEBUG - Exiting env context: <rasterio.env.Env object at 0x7f2a9c7520e0>
2023-12-10 17:13:04,319 - rasterio.env - DEBUG - Cleared existing <rasterio._env.GDALEnv object at 0x7f2aae2a2980> options
2023-12-10 17:13:04,319 - rasterio._env - DEBUG - Stopped GDALEnv <rasterio._env.GDALEnv object at 0x7f2aae2a2980>.
2023-12-10 17:13:04,319 - rasterio.env - DEBUG - No GDAL environment exists
2023-12-10 17:13:04,319 - rasterio.env - DEBUG - New GDAL environment <rasterio._env.GDALEnv object at 0x7f2aae2a2980> created
2023-12-10 17:13:04,320 - rasterio._env - DEBUG - GDAL data found in package: path='/home/metpublic/PYTHON_VENV/present_weather/lib/python3.10/site-packages/rasterio/gdal_data'.
2023-12-10 17:13:04,320 - rasterio._env - DEBUG - PROJ data found in package: path='/home/metpublic/PYTHON_VENV/present_weather/lib/python3.10/site-packages/rasterio/proj_data'.
2023-12-10 17:13:04,320 - rasterio._env - DEBUG - Started GDALEnv: self=<rasterio._env.GDALEnv object at 0x7f2aae2a2980>.
2023-12-10 17:13:04,320 - rasterio.env - DEBUG - Exited env context: <rasterio.env.Env object at 0x7f2a9c7520e0>
2023-12-10 17:13:04,338 - rasterio._io - DEBUG - Output nodata value read from file: nan
2023-12-10 17:13:04,338 - rasterio._io - DEBUG - Output nodata values: [nan]
2023-12-10 17:13:04,338 - rasterio._io - DEBUG - all_valid: False
2023-12-10 17:13:04,338 - rasterio._io - DEBUG - mask_flags: ([<MaskFlags.nodata: 8>],)
2023-12-10 17:13:04,338 - rasterio._io - DEBUG - Jump straight to _read()
2023-12-10 17:13:04,338 - rasterio._io - DEBUG - Window: Window(col_off=0, row_off=0, width=10177, height=3692)
2023-12-10 17:13:04,339 - rasterio._io - DEBUG - IO window xoff=0.0 yoff=0.0 width=10177.0 height=3692.0
2023-12-10 17:13:04,912 - rasterio.env - DEBUG - Exiting env context: <rasterio.env.Env object at 0x7f2a9c717fd0>
2023-12-10 17:13:04,912 - rasterio.env - DEBUG - Cleared existing <rasterio._env.GDALEnv object at 0x7f2aae2a2980> options
2023-12-10 17:13:04,912 - rasterio._env - DEBUG - Stopped GDALEnv <rasterio._env.GDALEnv object at 0x7f2aae2a2980>.
2023-12-10 17:13:04,912 - rasterio.env - DEBUG - Exiting outermost env
2023-12-10 17:13:04,912 - rasterio.env - DEBUG - Exited env context: <rasterio.env.Env object at 0x7f2a9c717fd0>
2023-12-10 17:17:49,290 - rasterio.env - DEBUG - Entering env context: <rasterio.env.Env object at 0x7f2a9c658df0>
2023-12-10 17:17:49,290 - rasterio.env - DEBUG - Starting outermost env
2023-12-10 17:17:49,290 - rasterio.env - DEBUG - No GDAL environment exists
2023-12-10 17:17:49,290 - rasterio.env - DEBUG - New GDAL environment <rasterio._env.GDALEnv object at 0x7f2a9c659300> created
2023-12-10 17:17:49,291 - rasterio._env - DEBUG - GDAL data found in package: path='/home/metpublic/PYTHON_VENV/present_weather/lib/python3.10/site-packages/rasterio/gdal_data'.
2023-12-10 17:17:49,291 - rasterio._env - DEBUG - PROJ data found in package: path='/home/metpublic/PYTHON_VENV/present_weather/lib/python3.10/site-packages/rasterio/proj_data'.
2023-12-10 17:17:49,291 - rasterio._env - DEBUG - Started GDALEnv: self=<rasterio._env.GDALEnv object at 0x7f2a9c659300>.
2023-12-10 17:17:49,291 - rasterio.env - DEBUG - Entered env context: <rasterio.env.Env object at 0x7f2a9c658df0>
2023-12-10 17:17:49,292 - rasterio._base - DEBUG - Sharing flag: 0
2023-12-10 17:17:49,293 - rasterio._base - DEBUG - Nodata success: 0, Nodata value: 0.000000
2023-12-10 17:17:49,293 - rasterio._base - DEBUG - Dataset <open DatasetReader name='/home/metpublic/TASK_RELEASE/EFAN/present_weather/src/H09_B13_Indonesia_20231210.Z1700.cor.tiff' mode='r'> is started.
2023-12-10 17:17:49,293 - rasterio.env - DEBUG - Exiting env context: <rasterio.env.Env object at 0x7f2a9c658df0>
2023-12-10 17:17:49,293 - rasterio.env - DEBUG - Cleared existing <rasterio._env.GDALEnv object at 0x7f2a9c659300> options
2023-12-10 17:17:49,293 - rasterio._env - DEBUG - Stopped GDALEnv <rasterio._env.GDALEnv object at 0x7f2a9c659300>.
2023-12-10 17:17:49,293 - rasterio.env - DEBUG - Exiting outermost env
2023-12-10 17:17:49,293 - rasterio.env - DEBUG - Exited env context: <rasterio.env.Env object at 0x7f2a9c658df0>
2023-12-10 17:17:49,294 - rasterio.env - DEBUG - Entering env context: <rasterio.env.Env object at 0x7f2a9c659270>
2023-12-10 17:17:49,294 - rasterio.env - DEBUG - Starting outermost env
2023-12-10 17:17:49,294 - rasterio.env - DEBUG - No GDAL environment exists
2023-12-10 17:17:49,294 - rasterio.env - DEBUG - New GDAL environment <rasterio._env.GDALEnv object at 0x7f2a9c658eb0> created
2023-12-10 17:17:49,294 - rasterio._env - DEBUG - GDAL data found in package: path='/home/metpublic/PYTHON_VENV/present_weather/lib/python3.10/site-packages/rasterio/gdal_data'.
2023-12-10 17:17:49,294 - rasterio._env - DEBUG - PROJ data found in package: path='/home/metpublic/PYTHON_VENV/present_weather/lib/python3.10/site-packages/rasterio/proj_data'.
2023-12-10 17:17:49,295 - rasterio._env - DEBUG - Started GDALEnv: self=<rasterio._env.GDALEnv object at 0x7f2a9c658eb0>.
2023-12-10 17:17:49,295 - rasterio.env - DEBUG - Entered env context: <rasterio.env.Env object at 0x7f2a9c659270>
2023-12-10 17:17:49,295 - rasterio._base - DEBUG - Sharing flag: 0
2023-12-10 17:17:49,296 - rasterio._base - DEBUG - Nodata success: 0, Nodata value: 0.000000
2023-12-10 17:17:49,297 - rasterio._base - DEBUG - Dataset <open DatasetReader name='/home/metpublic/TASK_RELEASE/EFAN/present_weather/src/H09_B13_Indonesia_20231210.Z1700.cor.tiff' mode='r'> is started.
2023-12-10 17:17:49,297 - rasterio.env - DEBUG - Exiting env context: <rasterio.env.Env object at 0x7f2a9c659270>
2023-12-10 17:17:49,297 - rasterio.env - DEBUG - Cleared existing <rasterio._env.GDALEnv object at 0x7f2a9c658eb0> options
2023-12-10 17:17:49,297 - rasterio._env - DEBUG - Stopped GDALEnv <rasterio._env.GDALEnv object at 0x7f2a9c658eb0>.
2023-12-10 17:17:49,297 - rasterio.env - DEBUG - Exiting outermost env
2023-12-10 17:17:49,297 - rasterio.env - DEBUG - Exited env context: <rasterio.env.Env object at 0x7f2a9c659270>
2023-12-10 17:17:49,308 - root - INFO - Generating present weather using SATELITE data
2023-12-10 17:19:40,110 - root - INFO - Total elapsed time: 0:06:37.663806
