2023-11-24 17:03:03,471 - root - INFO - Initiating present weather
2023-11-24 17:03:03,474 - asyncio - DEBUG - Using selector: EpollSelector
2023-11-24 17:03:06,790 - urllib3.connectionpool - DEBUG - Starting new HTTPS connection (1): radar.bmkg.go.id:8060
2023-11-24 17:03:06,865 - urllib3.connectionpool - DEBUG - https://radar.bmkg.go.id:8060 "GET /getRadarGeotif?token=19387e71e78522ae4172ec0fda640983b8438c9cfa0ca571623cb69d8327&radar=amandemenForecast&type=latest HTTP/1.1" 200 90
2023-11-24 17:03:06,868 - rasterio.env - DEBUG - Entering env context: <rasterio.env.Env object at 0x7faa2bab6270>
2023-11-24 17:03:06,869 - rasterio.env - DEBUG - Starting outermost env
2023-11-24 17:03:06,869 - rasterio.env - DEBUG - No GDAL environment exists
2023-11-24 17:03:06,869 - rasterio.env - DEBUG - New GDAL environment <rasterio._env.GDALEnv object at 0x7faa2bc47bb0> created
2023-11-24 17:03:06,874 - rasterio._filepath - DEBUG - Installing FilePath filesystem handler plugin...
2023-11-24 17:03:06,874 - rasterio._env - DEBUG - GDAL data found in package: path='/home/swx/miniconda3/envs/present_weather/lib/python3.12/site-packages/rasterio/gdal_data'.
2023-11-24 17:03:06,874 - rasterio._env - DEBUG - PROJ_LIB found in environment.
2023-11-24 17:03:06,874 - rasterio._env - DEBUG - Started GDALEnv: self=<rasterio._env.GDALEnv object at 0x7faa2bc47bb0>.
2023-11-24 17:03:06,874 - rasterio.env - DEBUG - Entered env context: <rasterio.env.Env object at 0x7faa2bab6270>
2023-11-24 17:03:06,875 - rasterio._base - DEBUG - Sharing flag: 0
2023-11-24 17:03:07,075 - rasterio._base - DEBUG - Nodata success: 1, Nodata value: nan
2023-11-24 17:03:07,076 - rasterio._base - DEBUG - Dataset <open DatasetReader name='https://radar.bmkg.go.id/raster/radarsatelit_202311241700.tif' mode='r'> is started.
2023-11-24 17:03:07,076 - rasterio.env - DEBUG - Exiting env context: <rasterio.env.Env object at 0x7faa2bab6270>
2023-11-24 17:03:07,077 - rasterio.env - DEBUG - Cleared existing <rasterio._env.GDALEnv object at 0x7faa2bc47bb0> options
2023-11-24 17:03:07,077 - rasterio._env - DEBUG - Stopped GDALEnv <rasterio._env.GDALEnv object at 0x7faa2bc47bb0>.
2023-11-24 17:03:07,077 - rasterio.env - DEBUG - Exiting outermost env
2023-11-24 17:03:07,077 - rasterio.env - DEBUG - Exited env context: <rasterio.env.Env object at 0x7faa2bab6270>
2023-11-24 17:03:07,077 - rasterio.env - DEBUG - Entering env context: <rasterio.env.Env object at 0x7faa2b99fd10>
2023-11-24 17:03:07,077 - rasterio.env - DEBUG - Starting outermost env
2023-11-24 17:03:07,077 - rasterio.env - DEBUG - No GDAL environment exists
2023-11-24 17:03:07,077 - rasterio.env - DEBUG - New GDAL environment <rasterio._env.GDALEnv object at 0x7faa2bc47bb0> created
2023-11-24 17:03:07,078 - rasterio._env - DEBUG - GDAL data found in package: path='/home/swx/miniconda3/envs/present_weather/lib/python3.12/site-packages/rasterio/gdal_data'.
2023-11-24 17:03:07,078 - rasterio._env - DEBUG - PROJ_LIB found in environment.
2023-11-24 17:03:07,079 - rasterio._env - DEBUG - Started GDALEnv: self=<rasterio._env.GDALEnv object at 0x7faa2bc47bb0>.
2023-11-24 17:03:07,079 - rasterio.env - DEBUG - Entered env context: <rasterio.env.Env object at 0x7faa2b99fd10>
2023-11-24 17:03:07,079 - rasterio.env - DEBUG - Got a copy of environment <rasterio._env.GDALEnv object at 0x7faa2bc47bb0> options
2023-11-24 17:03:07,079 - rasterio.env - DEBUG - Entering env context: <rasterio.env.Env object at 0x7faa28d70c20>
2023-11-24 17:03:07,079 - rasterio.env - DEBUG - Got a copy of environment <rasterio._env.GDALEnv object at 0x7faa2bc47bb0> options
2023-11-24 17:03:07,080 - rasterio.env - DEBUG - Entered env context: <rasterio.env.Env object at 0x7faa28d70c20>
2023-11-24 17:03:07,080 - rasterio._base - DEBUG - Sharing flag: 0
2023-11-24 17:03:07,081 - rasterio._base - DEBUG - Nodata success: 1, Nodata value: nan
2023-11-24 17:03:07,081 - rasterio._base - DEBUG - Dataset <open DatasetReader name='https://radar.bmkg.go.id/raster/radarsatelit_202311241700.tif' mode='r'> is started.
2023-11-24 17:03:07,081 - rasterio.env - DEBUG - Exiting env context: <rasterio.env.Env object at 0x7faa28d70c20>
2023-11-24 17:03:07,081 - rasterio.env - DEBUG - Cleared existing <rasterio._env.GDALEnv object at 0x7faa2bc47bb0> options
2023-11-24 17:03:07,082 - rasterio._env - DEBUG - Stopped GDALEnv <rasterio._env.GDALEnv object at 0x7faa2bc47bb0>.
2023-11-24 17:03:07,082 - rasterio.env - DEBUG - No GDAL environment exists
2023-11-24 17:03:07,082 - rasterio.env - DEBUG - New GDAL environment <rasterio._env.GDALEnv object at 0x7faa2bc47bb0> created
2023-11-24 17:03:07,082 - rasterio._env - DEBUG - GDAL data found in package: path='/home/swx/miniconda3/envs/present_weather/lib/python3.12/site-packages/rasterio/gdal_data'.
2023-11-24 17:03:07,083 - rasterio._env - DEBUG - PROJ_LIB found in environment.
2023-11-24 17:03:07,083 - rasterio._env - DEBUG - Started GDALEnv: self=<rasterio._env.GDALEnv object at 0x7faa2bc47bb0>.
2023-11-24 17:03:07,083 - rasterio.env - DEBUG - Exited env context: <rasterio.env.Env object at 0x7faa28d70c20>
2023-11-24 17:03:07,111 - rasterio._io - DEBUG - Output nodata value read from file: nan
2023-11-24 17:03:07,112 - rasterio._io - DEBUG - Output nodata values: [nan]
2023-11-24 17:03:07,112 - rasterio._io - DEBUG - all_valid: False
2023-11-24 17:03:07,112 - rasterio._io - DEBUG - mask_flags: ([<MaskFlags.nodata: 8>],)
2023-11-24 17:03:07,113 - rasterio._io - DEBUG - Jump straight to _read()
2023-11-24 17:03:07,113 - rasterio._io - DEBUG - Window: Window(col_off=0, row_off=0, width=10215, height=3792)
2023-11-24 17:03:07,113 - rasterio._io - DEBUG - IO window xoff=0.0 yoff=0.0 width=10215.0 height=3792.0
2023-11-24 17:03:07,915 - rasterio.env - DEBUG - Exiting env context: <rasterio.env.Env object at 0x7faa2b99fd10>
2023-11-24 17:03:07,915 - rasterio.env - DEBUG - Cleared existing <rasterio._env.GDALEnv object at 0x7faa2bc47bb0> options
2023-11-24 17:03:07,915 - rasterio._env - DEBUG - Stopped GDALEnv <rasterio._env.GDALEnv object at 0x7faa2bc47bb0>.
2023-11-24 17:03:07,915 - rasterio.env - DEBUG - Exiting outermost env
2023-11-24 17:03:07,915 - rasterio.env - DEBUG - Exited env context: <rasterio.env.Env object at 0x7faa2b99fd10>
2023-11-24 17:03:07,918 - urllib3.connectionpool - DEBUG - Starting new HTTPS connection (1): radar.bmkg.go.id:8060
2023-11-24 17:03:07,966 - urllib3.connectionpool - DEBUG - https://radar.bmkg.go.id:8060 "GET /getLatestLD?typeData=1 HTTP/1.1" 200 18150
2023-11-24 17:03:07,978 - root - INFO - Generating present weather using RADAR data
2023-11-24 17:03:11,322 - root - INFO - dask.bag<lambda, npartitions=20>
2023-11-24 17:15:01,291 - root - INFO - Total elapsed time: 0:11:57.820803
