2023-12-06 04:23:02,481 - root - INFO - Initiating present weather
2023-12-06 04:23:02,484 - asyncio - DEBUG - Using selector: EpollSelector
2023-12-06 04:23:04,133 - urllib3.connectionpool - DEBUG - Starting new HTTPS connection (1): radar.bmkg.go.id:8060
2023-12-06 04:23:04,148 - urllib3.connectionpool - DEBUG - https://radar.bmkg.go.id:8060 "GET /getLatestLD?typeData=1 HTTP/1.1" 200 62
2023-12-06 04:23:04,150 - urllib3.connectionpool - DEBUG - Starting new HTTPS connection (1): radar.bmkg.go.id:8060
2023-12-06 04:23:04,169 - urllib3.connectionpool - DEBUG - https://radar.bmkg.go.id:8060 "GET /getRadarGeotif?token=19387e71e78522ae4172ec0fda640983b8438c9cfa0ca571623cb69d8327&radar=amandemenForecast&type=latest HTTP/1.1" 200 90
2023-12-06 04:23:04,171 - rasterio.env - DEBUG - Entering env context: <rasterio.env.Env object at 0x7f4abb1140d0>
2023-12-06 04:23:04,171 - rasterio.env - DEBUG - Starting outermost env
2023-12-06 04:23:04,171 - rasterio.env - DEBUG - No GDAL environment exists
2023-12-06 04:23:04,171 - rasterio.env - DEBUG - New GDAL environment <rasterio._env.GDALEnv object at 0x7f4abba2ea70> created
2023-12-06 04:23:04,174 - rasterio._filepath - DEBUG - Installing FilePath filesystem handler plugin...
2023-12-06 04:23:04,174 - rasterio._env - DEBUG - GDAL data found in package: path='/home/metpublic/PYTHON_VENV/present_weather/lib/python3.10/site-packages/rasterio/gdal_data'.
2023-12-06 04:23:04,174 - rasterio._env - DEBUG - PROJ data found in package: path='/home/metpublic/PYTHON_VENV/present_weather/lib/python3.10/site-packages/rasterio/proj_data'.
2023-12-06 04:23:04,174 - rasterio._env - DEBUG - Started GDALEnv: self=<rasterio._env.GDALEnv object at 0x7f4abba2ea70>.
2023-12-06 04:23:04,174 - rasterio.env - DEBUG - Entered env context: <rasterio.env.Env object at 0x7f4abb1140d0>
2023-12-06 04:23:04,175 - rasterio._base - DEBUG - Sharing flag: 0
2023-12-06 04:23:04,413 - rasterio._base - DEBUG - Nodata success: 1, Nodata value: nan
2023-12-06 04:23:04,413 - rasterio._base - DEBUG - Dataset <open DatasetReader name='https://radar.bmkg.go.id/raster/radarsatelit_202312060420.tif' mode='r'> is started.
2023-12-06 04:23:04,413 - rasterio.env - DEBUG - Exiting env context: <rasterio.env.Env object at 0x7f4abb1140d0>
2023-12-06 04:23:04,413 - rasterio.env - DEBUG - Cleared existing <rasterio._env.GDALEnv object at 0x7f4abba2ea70> options
2023-12-06 04:23:04,414 - rasterio._env - DEBUG - Stopped GDALEnv <rasterio._env.GDALEnv object at 0x7f4abba2ea70>.
2023-12-06 04:23:04,414 - rasterio.env - DEBUG - Exiting outermost env
2023-12-06 04:23:04,414 - rasterio.env - DEBUG - Exited env context: <rasterio.env.Env object at 0x7f4abb1140d0>
2023-12-06 04:23:04,414 - rasterio.env - DEBUG - Entering env context: <rasterio.env.Env object at 0x7f4abb177df0>
2023-12-06 04:23:04,414 - rasterio.env - DEBUG - Starting outermost env
2023-12-06 04:23:04,414 - rasterio.env - DEBUG - No GDAL environment exists
2023-12-06 04:23:04,414 - rasterio.env - DEBUG - New GDAL environment <rasterio._env.GDALEnv object at 0x7f4abba2ea70> created
2023-12-06 04:23:04,415 - rasterio._env - DEBUG - GDAL data found in package: path='/home/metpublic/PYTHON_VENV/present_weather/lib/python3.10/site-packages/rasterio/gdal_data'.
2023-12-06 04:23:04,415 - rasterio._env - DEBUG - PROJ data found in package: path='/home/metpublic/PYTHON_VENV/present_weather/lib/python3.10/site-packages/rasterio/proj_data'.
2023-12-06 04:23:04,415 - rasterio._env - DEBUG - Started GDALEnv: self=<rasterio._env.GDALEnv object at 0x7f4abba2ea70>.
2023-12-06 04:23:04,415 - rasterio.env - DEBUG - Entered env context: <rasterio.env.Env object at 0x7f4abb177df0>
2023-12-06 04:23:04,416 - rasterio.env - DEBUG - Got a copy of environment <rasterio._env.GDALEnv object at 0x7f4abba2ea70> options
2023-12-06 04:23:04,416 - rasterio.env - DEBUG - Entering env context: <rasterio.env.Env object at 0x7f4a98736140>
2023-12-06 04:23:04,416 - rasterio.env - DEBUG - Got a copy of environment <rasterio._env.GDALEnv object at 0x7f4abba2ea70> options
2023-12-06 04:23:04,416 - rasterio.env - DEBUG - Entered env context: <rasterio.env.Env object at 0x7f4a98736140>
2023-12-06 04:23:04,416 - rasterio._base - DEBUG - Sharing flag: 0
2023-12-06 04:23:04,417 - rasterio._base - DEBUG - Nodata success: 1, Nodata value: nan
2023-12-06 04:23:04,417 - rasterio._base - DEBUG - Dataset <open DatasetReader name='https://radar.bmkg.go.id/raster/radarsatelit_202312060420.tif' mode='r'> is started.
2023-12-06 04:23:04,417 - rasterio.env - DEBUG - Exiting env context: <rasterio.env.Env object at 0x7f4a98736140>
2023-12-06 04:23:04,417 - rasterio.env - DEBUG - Cleared existing <rasterio._env.GDALEnv object at 0x7f4abba2ea70> options
2023-12-06 04:23:04,417 - rasterio._env - DEBUG - Stopped GDALEnv <rasterio._env.GDALEnv object at 0x7f4abba2ea70>.
2023-12-06 04:23:04,417 - rasterio.env - DEBUG - No GDAL environment exists
2023-12-06 04:23:04,417 - rasterio.env - DEBUG - New GDAL environment <rasterio._env.GDALEnv object at 0x7f4abba2ea70> created
2023-12-06 04:23:04,417 - rasterio._env - DEBUG - GDAL data found in package: path='/home/metpublic/PYTHON_VENV/present_weather/lib/python3.10/site-packages/rasterio/gdal_data'.
2023-12-06 04:23:04,417 - rasterio._env - DEBUG - PROJ data found in package: path='/home/metpublic/PYTHON_VENV/present_weather/lib/python3.10/site-packages/rasterio/proj_data'.
2023-12-06 04:23:04,418 - rasterio._env - DEBUG - Started GDALEnv: self=<rasterio._env.GDALEnv object at 0x7f4abba2ea70>.
2023-12-06 04:23:04,418 - rasterio.env - DEBUG - Exited env context: <rasterio.env.Env object at 0x7f4a98736140>
2023-12-06 04:23:04,433 - rasterio._io - DEBUG - Output nodata value read from file: nan
2023-12-06 04:23:04,433 - rasterio._io - DEBUG - Output nodata values: [nan]
2023-12-06 04:23:04,433 - rasterio._io - DEBUG - all_valid: False
2023-12-06 04:23:04,433 - rasterio._io - DEBUG - mask_flags: ([<MaskFlags.nodata: 8>],)
2023-12-06 04:23:04,434 - rasterio._io - DEBUG - Jump straight to _read()
2023-12-06 04:23:04,434 - rasterio._io - DEBUG - Window: Window(col_off=0, row_off=0, width=10177, height=3732)
2023-12-06 04:23:04,434 - rasterio._io - DEBUG - IO window xoff=0.0 yoff=0.0 width=10177.0 height=3732.0
2023-12-06 04:23:05,017 - rasterio.env - DEBUG - Exiting env context: <rasterio.env.Env object at 0x7f4abb177df0>
2023-12-06 04:23:05,017 - rasterio.env - DEBUG - Cleared existing <rasterio._env.GDALEnv object at 0x7f4abba2ea70> options
2023-12-06 04:23:05,017 - rasterio._env - DEBUG - Stopped GDALEnv <rasterio._env.GDALEnv object at 0x7f4abba2ea70>.
2023-12-06 04:23:05,017 - rasterio.env - DEBUG - Exiting outermost env
2023-12-06 04:23:05,017 - rasterio.env - DEBUG - Exited env context: <rasterio.env.Env object at 0x7f4abb177df0>
2023-12-06 04:27:43,406 - rasterio.env - DEBUG - Entering env context: <rasterio.env.Env object at 0x7f4a9854d120>
2023-12-06 04:27:43,407 - rasterio.env - DEBUG - Starting outermost env
2023-12-06 04:27:43,407 - rasterio.env - DEBUG - No GDAL environment exists
2023-12-06 04:27:43,407 - rasterio.env - DEBUG - New GDAL environment <rasterio._env.GDALEnv object at 0x7f4a9854ffa0> created
2023-12-06 04:27:43,408 - rasterio._env - DEBUG - GDAL data found in package: path='/home/metpublic/PYTHON_VENV/present_weather/lib/python3.10/site-packages/rasterio/gdal_data'.
2023-12-06 04:27:43,408 - rasterio._env - DEBUG - PROJ data found in package: path='/home/metpublic/PYTHON_VENV/present_weather/lib/python3.10/site-packages/rasterio/proj_data'.
2023-12-06 04:27:43,408 - rasterio._env - DEBUG - Started GDALEnv: self=<rasterio._env.GDALEnv object at 0x7f4a9854ffa0>.
2023-12-06 04:27:43,408 - rasterio.env - DEBUG - Entered env context: <rasterio.env.Env object at 0x7f4a9854d120>
2023-12-06 04:27:43,409 - rasterio._base - DEBUG - Sharing flag: 0
2023-12-06 04:27:43,410 - rasterio._base - DEBUG - Nodata success: 0, Nodata value: 0.000000
2023-12-06 04:27:43,411 - rasterio._base - DEBUG - Dataset <open DatasetReader name='/home/metpublic/TASK_RELEASE/EFAN/present_weather/src/H09_B13_Indonesia_20231206.Z0410.cor.tiff' mode='r'> is started.
2023-12-06 04:27:43,411 - rasterio.env - DEBUG - Exiting env context: <rasterio.env.Env object at 0x7f4a9854d120>
2023-12-06 04:27:43,411 - rasterio.env - DEBUG - Cleared existing <rasterio._env.GDALEnv object at 0x7f4a9854ffa0> options
2023-12-06 04:27:43,411 - rasterio._env - DEBUG - Stopped GDALEnv <rasterio._env.GDALEnv object at 0x7f4a9854ffa0>.
2023-12-06 04:27:43,411 - rasterio.env - DEBUG - Exiting outermost env
2023-12-06 04:27:43,411 - rasterio.env - DEBUG - Exited env context: <rasterio.env.Env object at 0x7f4a9854d120>
2023-12-06 04:27:43,411 - rasterio.env - DEBUG - Entering env context: <rasterio.env.Env object at 0x7f4a9854f0a0>
2023-12-06 04:27:43,411 - rasterio.env - DEBUG - Starting outermost env
2023-12-06 04:27:43,411 - rasterio.env - DEBUG - No GDAL environment exists
2023-12-06 04:27:43,412 - rasterio.env - DEBUG - New GDAL environment <rasterio._env.GDALEnv object at 0x7f4a9854f460> created
2023-12-06 04:27:43,413 - rasterio._env - DEBUG - GDAL data found in package: path='/home/metpublic/PYTHON_VENV/present_weather/lib/python3.10/site-packages/rasterio/gdal_data'.
2023-12-06 04:27:43,413 - rasterio._env - DEBUG - PROJ data found in package: path='/home/metpublic/PYTHON_VENV/present_weather/lib/python3.10/site-packages/rasterio/proj_data'.
2023-12-06 04:27:43,413 - rasterio._env - DEBUG - Started GDALEnv: self=<rasterio._env.GDALEnv object at 0x7f4a9854f460>.
2023-12-06 04:27:43,413 - rasterio.env - DEBUG - Entered env context: <rasterio.env.Env object at 0x7f4a9854f0a0>
2023-12-06 04:27:43,413 - rasterio._base - DEBUG - Sharing flag: 0
2023-12-06 04:27:43,414 - rasterio._base - DEBUG - Nodata success: 0, Nodata value: 0.000000
2023-12-06 04:27:43,414 - rasterio._base - DEBUG - Dataset <open DatasetReader name='/home/metpublic/TASK_RELEASE/EFAN/present_weather/src/H09_B13_Indonesia_20231206.Z0410.cor.tiff' mode='r'> is started.
2023-12-06 04:27:43,414 - rasterio.env - DEBUG - Exiting env context: <rasterio.env.Env object at 0x7f4a9854f0a0>
2023-12-06 04:27:43,415 - rasterio.env - DEBUG - Cleared existing <rasterio._env.GDALEnv object at 0x7f4a9854f460> options
2023-12-06 04:27:43,415 - rasterio._env - DEBUG - Stopped GDALEnv <rasterio._env.GDALEnv object at 0x7f4a9854f460>.
2023-12-06 04:27:43,415 - rasterio.env - DEBUG - Exiting outermost env
2023-12-06 04:27:43,415 - rasterio.env - DEBUG - Exited env context: <rasterio.env.Env object at 0x7f4a9854f0a0>
2023-12-06 04:27:43,428 - root - INFO - Generating present weather using SATELITE data
2023-12-06 04:28:53,717 - root - INFO - Total elapsed time: 0:05:51.235784
