2023-11-09 14:20:18,732 - root - INFO - Initiating present weather
2023-11-09 14:20:18,748 - urllib3.connectionpool - DEBUG - Starting new HTTPS connection (1): radar.bmkg.go.id:8060
2023-11-09 14:20:19,142 - urllib3.connectionpool - DEBUG - https://radar.bmkg.go.id:8060 "GET /getRadarGeotif?token=19387e71e78522ae4172ec0fda640983b8438c9cfa0ca571623cb69d8327&radar=amandemenForecast&type=latest HTTP/1.1" 200 90
2023-11-09 14:20:19,167 - rasterio.env - DEBUG - Entering env context: <rasterio.env.Env object at 0x7f1fd8cef080>
2023-11-09 14:20:19,175 - rasterio.env - DEBUG - Starting outermost env
2023-11-09 14:20:19,188 - rasterio.env - DEBUG - No GDAL environment exists
2023-11-09 14:20:19,189 - rasterio.env - DEBUG - New GDAL environment <rasterio._env.GDALEnv object at 0x7f1fd8f68e80> created
2023-11-09 14:20:19,240 - rasterio._filepath - DEBUG - Installing FilePath filesystem handler plugin...
2023-11-09 14:20:19,241 - rasterio._env - DEBUG - GDAL data found in package: path='/home/swx/miniconda3/envs/present_weather/lib/python3.12/site-packages/rasterio/gdal_data'.
2023-11-09 14:20:19,241 - rasterio._env - DEBUG - PROJ_LIB found in environment.
2023-11-09 14:20:19,242 - rasterio._env - DEBUG - Started GDALEnv: self=<rasterio._env.GDALEnv object at 0x7f1fd8f68e80>.
2023-11-09 14:20:19,243 - rasterio.env - DEBUG - Entered env context: <rasterio.env.Env object at 0x7f1fd8cef080>
2023-11-09 14:20:19,245 - rasterio._base - DEBUG - Sharing flag: 0
2023-11-09 14:20:19,657 - rasterio._base - DEBUG - Nodata success: 1, Nodata value: nan
2023-11-09 14:20:19,658 - rasterio._base - DEBUG - Dataset <open DatasetReader name='https://radar.bmkg.go.id/raster/radarsatelit_202311091410.tif' mode='r'> is started.
2023-11-09 14:20:19,660 - rasterio.env - DEBUG - Exiting env context: <rasterio.env.Env object at 0x7f1fd8cef080>
2023-11-09 14:20:19,660 - rasterio.env - DEBUG - Cleared existing <rasterio._env.GDALEnv object at 0x7f1fd8f68e80> options
2023-11-09 14:20:19,661 - rasterio._env - DEBUG - Stopped GDALEnv <rasterio._env.GDALEnv object at 0x7f1fd8f68e80>.
2023-11-09 14:20:19,661 - rasterio.env - DEBUG - Exiting outermost env
2023-11-09 14:20:19,662 - rasterio.env - DEBUG - Exited env context: <rasterio.env.Env object at 0x7f1fd8cef080>
2023-11-09 14:20:19,662 - rasterio.env - DEBUG - Entering env context: <rasterio.env.Env object at 0x7f1fdbb65160>
2023-11-09 14:20:19,662 - rasterio.env - DEBUG - Starting outermost env
2023-11-09 14:20:19,663 - rasterio.env - DEBUG - No GDAL environment exists
2023-11-09 14:20:19,663 - rasterio.env - DEBUG - New GDAL environment <rasterio._env.GDALEnv object at 0x7f1fd8dba890> created
2023-11-09 14:20:19,667 - rasterio._env - DEBUG - GDAL data found in package: path='/home/swx/miniconda3/envs/present_weather/lib/python3.12/site-packages/rasterio/gdal_data'.
2023-11-09 14:20:19,667 - rasterio._env - DEBUG - PROJ_LIB found in environment.
2023-11-09 14:20:19,669 - rasterio._env - DEBUG - Started GDALEnv: self=<rasterio._env.GDALEnv object at 0x7f1fd8dba890>.
2023-11-09 14:20:19,670 - rasterio.env - DEBUG - Entered env context: <rasterio.env.Env object at 0x7f1fdbb65160>
2023-11-09 14:20:19,672 - rasterio.env - DEBUG - Got a copy of environment <rasterio._env.GDALEnv object at 0x7f1fd8dba890> options
2023-11-09 14:20:19,673 - rasterio.env - DEBUG - Entering env context: <rasterio.env.Env object at 0x7f1fd8f68e90>
2023-11-09 14:20:19,674 - rasterio.env - DEBUG - Got a copy of environment <rasterio._env.GDALEnv object at 0x7f1fd8dba890> options
2023-11-09 14:20:19,675 - rasterio.env - DEBUG - Entered env context: <rasterio.env.Env object at 0x7f1fd8f68e90>
2023-11-09 14:20:19,678 - rasterio._base - DEBUG - Sharing flag: 0
2023-11-09 14:20:19,684 - rasterio._base - DEBUG - Nodata success: 1, Nodata value: nan
2023-11-09 14:20:19,686 - rasterio._base - DEBUG - Dataset <open DatasetReader name='https://radar.bmkg.go.id/raster/radarsatelit_202311091410.tif' mode='r'> is started.
2023-11-09 14:20:19,686 - rasterio.env - DEBUG - Exiting env context: <rasterio.env.Env object at 0x7f1fd8f68e90>
2023-11-09 14:20:19,687 - rasterio.env - DEBUG - Cleared existing <rasterio._env.GDALEnv object at 0x7f1fd8dba890> options
2023-11-09 14:20:19,687 - rasterio._env - DEBUG - Stopped GDALEnv <rasterio._env.GDALEnv object at 0x7f1fd8dba890>.
2023-11-09 14:20:19,688 - rasterio.env - DEBUG - No GDAL environment exists
2023-11-09 14:20:19,689 - rasterio.env - DEBUG - New GDAL environment <rasterio._env.GDALEnv object at 0x7f1fd8dba890> created
2023-11-09 14:20:19,691 - rasterio._env - DEBUG - GDAL data found in package: path='/home/swx/miniconda3/envs/present_weather/lib/python3.12/site-packages/rasterio/gdal_data'.
2023-11-09 14:20:19,692 - rasterio._env - DEBUG - PROJ_LIB found in environment.
2023-11-09 14:20:19,693 - rasterio._env - DEBUG - Started GDALEnv: self=<rasterio._env.GDALEnv object at 0x7f1fd8dba890>.
2023-11-09 14:20:19,695 - rasterio.env - DEBUG - Exited env context: <rasterio.env.Env object at 0x7f1fd8f68e90>
2023-11-09 14:20:19,871 - rasterio._io - DEBUG - Output nodata value read from file: nan
2023-11-09 14:20:19,872 - rasterio._io - DEBUG - Output nodata values: [nan]
2023-11-09 14:20:19,875 - rasterio._io - DEBUG - all_valid: False
2023-11-09 14:20:19,877 - rasterio._io - DEBUG - mask_flags: ([<MaskFlags.nodata: 8>],)
2023-11-09 14:20:19,880 - rasterio._io - DEBUG - Jump straight to _read()
2023-11-09 14:20:19,880 - rasterio._io - DEBUG - Window: Window(col_off=0, row_off=0, width=10215, height=3792)
2023-11-09 14:20:19,882 - rasterio._io - DEBUG - IO window xoff=0.0 yoff=0.0 width=10215.0 height=3792.0
2023-11-09 14:20:24,667 - rasterio.env - DEBUG - Exiting env context: <rasterio.env.Env object at 0x7f1fdbb65160>
2023-11-09 14:20:24,668 - rasterio.env - DEBUG - Cleared existing <rasterio._env.GDALEnv object at 0x7f1fd8dba890> options
2023-11-09 14:20:24,668 - rasterio._env - DEBUG - Stopped GDALEnv <rasterio._env.GDALEnv object at 0x7f1fd8dba890>.
2023-11-09 14:20:24,669 - rasterio.env - DEBUG - Exiting outermost env
2023-11-09 14:20:24,669 - rasterio.env - DEBUG - Exited env context: <rasterio.env.Env object at 0x7f1fdbb65160>
2023-11-09 14:20:24,690 - urllib3.connectionpool - DEBUG - Starting new HTTPS connection (1): radar.bmkg.go.id:8060
2023-11-09 14:20:24,929 - urllib3.connectionpool - DEBUG - https://radar.bmkg.go.id:8060 "GET /getLatestLD?typeData=1 HTTP/1.1" 200 29740
2023-11-09 14:20:25,060 - asyncio - DEBUG - Using selector: EpollSelector
2023-11-09 14:21:15,370 - root - INFO - dask.bag<lambda, npartitions=34>
2023-11-09 15:19:32,946 - root - INFO - Total elapsed time: 0:59:14.216741
