2023-11-18 01:20:03,366 - root - INFO - Initiating present weather
2023-11-18 01:20:03,370 - urllib3.connectionpool - DEBUG - Starting new HTTPS connection (1): radar.bmkg.go.id:8060
2023-11-18 01:20:03,438 - urllib3.connectionpool - DEBUG - https://radar.bmkg.go.id:8060 "GET /getRadarGeotif?token=19387e71e78522ae4172ec0fda640983b8438c9cfa0ca571623cb69d8327&radar=amandemenForecast&type=latest HTTP/1.1" 200 90
2023-11-18 01:20:03,440 - rasterio.env - DEBUG - Entering env context: <rasterio.env.Env object at 0x7f198385e120>
2023-11-18 01:20:03,441 - rasterio.env - DEBUG - Starting outermost env
2023-11-18 01:20:03,442 - rasterio.env - DEBUG - No GDAL environment exists
2023-11-18 01:20:03,442 - rasterio.env - DEBUG - New GDAL environment <rasterio._env.GDALEnv object at 0x7f19480f7910> created
2023-11-18 01:20:03,446 - rasterio._filepath - DEBUG - Installing FilePath filesystem handler plugin...
2023-11-18 01:20:03,447 - rasterio._env - DEBUG - GDAL data found in package: path='/home/swx/miniconda3/envs/present_weather/lib/python3.12/site-packages/rasterio/gdal_data'.
2023-11-18 01:20:03,447 - rasterio._env - DEBUG - PROJ_LIB found in environment.
2023-11-18 01:20:03,447 - rasterio._env - DEBUG - Started GDALEnv: self=<rasterio._env.GDALEnv object at 0x7f19480f7910>.
2023-11-18 01:20:03,447 - rasterio.env - DEBUG - Entered env context: <rasterio.env.Env object at 0x7f198385e120>
2023-11-18 01:20:03,447 - rasterio._base - DEBUG - Sharing flag: 0
2023-11-18 01:20:03,644 - rasterio._base - DEBUG - Nodata success: 1, Nodata value: nan
2023-11-18 01:20:03,645 - rasterio._base - DEBUG - Dataset <open DatasetReader name='https://radar.bmkg.go.id/raster/radarsatelit_202311180110.tif' mode='r'> is started.
2023-11-18 01:20:03,645 - rasterio.env - DEBUG - Exiting env context: <rasterio.env.Env object at 0x7f198385e120>
2023-11-18 01:20:03,645 - rasterio.env - DEBUG - Cleared existing <rasterio._env.GDALEnv object at 0x7f19480f7910> options
2023-11-18 01:20:03,646 - rasterio._env - DEBUG - Stopped GDALEnv <rasterio._env.GDALEnv object at 0x7f19480f7910>.
2023-11-18 01:20:03,646 - rasterio.env - DEBUG - Exiting outermost env
2023-11-18 01:20:03,646 - rasterio.env - DEBUG - Exited env context: <rasterio.env.Env object at 0x7f198385e120>
2023-11-18 01:20:03,646 - rasterio.env - DEBUG - Entering env context: <rasterio.env.Env object at 0x7f199cd76120>
2023-11-18 01:20:03,646 - rasterio.env - DEBUG - Starting outermost env
2023-11-18 01:20:03,646 - rasterio.env - DEBUG - No GDAL environment exists
2023-11-18 01:20:03,646 - rasterio.env - DEBUG - New GDAL environment <rasterio._env.GDALEnv object at 0x7f19480f7910> created
2023-11-18 01:20:03,647 - rasterio._env - DEBUG - GDAL data found in package: path='/home/swx/miniconda3/envs/present_weather/lib/python3.12/site-packages/rasterio/gdal_data'.
2023-11-18 01:20:03,647 - rasterio._env - DEBUG - PROJ_LIB found in environment.
2023-11-18 01:20:03,647 - rasterio._env - DEBUG - Started GDALEnv: self=<rasterio._env.GDALEnv object at 0x7f19480f7910>.
2023-11-18 01:20:03,647 - rasterio.env - DEBUG - Entered env context: <rasterio.env.Env object at 0x7f199cd76120>
2023-11-18 01:20:03,648 - rasterio.env - DEBUG - Got a copy of environment <rasterio._env.GDALEnv object at 0x7f19480f7910> options
2023-11-18 01:20:03,648 - rasterio.env - DEBUG - Entering env context: <rasterio.env.Env object at 0x7f194233d250>
2023-11-18 01:20:03,648 - rasterio.env - DEBUG - Got a copy of environment <rasterio._env.GDALEnv object at 0x7f19480f7910> options
2023-11-18 01:20:03,649 - rasterio.env - DEBUG - Entered env context: <rasterio.env.Env object at 0x7f194233d250>
2023-11-18 01:20:03,649 - rasterio._base - DEBUG - Sharing flag: 0
2023-11-18 01:20:03,650 - rasterio._base - DEBUG - Nodata success: 1, Nodata value: nan
2023-11-18 01:20:03,650 - rasterio._base - DEBUG - Dataset <open DatasetReader name='https://radar.bmkg.go.id/raster/radarsatelit_202311180110.tif' mode='r'> is started.
2023-11-18 01:20:03,650 - rasterio.env - DEBUG - Exiting env context: <rasterio.env.Env object at 0x7f194233d250>
2023-11-18 01:20:03,650 - rasterio.env - DEBUG - Cleared existing <rasterio._env.GDALEnv object at 0x7f19480f7910> options
2023-11-18 01:20:03,650 - rasterio._env - DEBUG - Stopped GDALEnv <rasterio._env.GDALEnv object at 0x7f19480f7910>.
2023-11-18 01:20:03,650 - rasterio.env - DEBUG - No GDAL environment exists
2023-11-18 01:20:03,650 - rasterio.env - DEBUG - New GDAL environment <rasterio._env.GDALEnv object at 0x7f19480f7910> created
2023-11-18 01:20:03,651 - rasterio._env - DEBUG - GDAL data found in package: path='/home/swx/miniconda3/envs/present_weather/lib/python3.12/site-packages/rasterio/gdal_data'.
2023-11-18 01:20:03,651 - rasterio._env - DEBUG - PROJ_LIB found in environment.
2023-11-18 01:20:03,651 - rasterio._env - DEBUG - Started GDALEnv: self=<rasterio._env.GDALEnv object at 0x7f19480f7910>.
2023-11-18 01:20:03,651 - rasterio.env - DEBUG - Exited env context: <rasterio.env.Env object at 0x7f194233d250>
2023-11-18 01:20:03,683 - rasterio._io - DEBUG - Output nodata value read from file: nan
2023-11-18 01:20:03,683 - rasterio._io - DEBUG - Output nodata values: [nan]
2023-11-18 01:20:03,683 - rasterio._io - DEBUG - all_valid: False
2023-11-18 01:20:03,684 - rasterio._io - DEBUG - mask_flags: ([<MaskFlags.nodata: 8>],)
2023-11-18 01:20:03,684 - rasterio._io - DEBUG - Jump straight to _read()
2023-11-18 01:20:03,684 - rasterio._io - DEBUG - Window: Window(col_off=0, row_off=0, width=10215, height=3792)
2023-11-18 01:20:03,684 - rasterio._io - DEBUG - IO window xoff=0.0 yoff=0.0 width=10215.0 height=3792.0
2023-11-18 01:20:04,345 - rasterio.env - DEBUG - Exiting env context: <rasterio.env.Env object at 0x7f199cd76120>
2023-11-18 01:20:04,345 - rasterio.env - DEBUG - Cleared existing <rasterio._env.GDALEnv object at 0x7f19480f7910> options
2023-11-18 01:20:04,345 - rasterio._env - DEBUG - Stopped GDALEnv <rasterio._env.GDALEnv object at 0x7f19480f7910>.
2023-11-18 01:20:04,345 - rasterio.env - DEBUG - Exiting outermost env
2023-11-18 01:20:04,345 - rasterio.env - DEBUG - Exited env context: <rasterio.env.Env object at 0x7f199cd76120>
2023-11-18 01:20:04,347 - urllib3.connectionpool - DEBUG - Starting new HTTPS connection (1): radar.bmkg.go.id:8060
2023-11-18 01:20:09,408 - urllib3.connectionpool - DEBUG - https://radar.bmkg.go.id:8060 "GET /getLatestLD?typeData=1 HTTP/1.1" 200 13066
2023-11-18 01:20:09,424 - asyncio - DEBUG - Using selector: EpollSelector
2023-11-18 01:20:16,152 - root - INFO - dask.bag<lambda, npartitions=34>
2023-11-18 01:31:38,904 - root - INFO - Total elapsed time: 0:11:35.539278
