2023-11-19 07:40:03,877 - root - INFO - Initiating present weather
2023-11-19 07:40:03,888 - urllib3.connectionpool - DEBUG - Starting new HTTPS connection (1): radar.bmkg.go.id:8060
2023-11-19 07:40:03,967 - urllib3.connectionpool - DEBUG - https://radar.bmkg.go.id:8060 "GET /getRadarGeotif?token=19387e71e78522ae4172ec0fda640983b8438c9cfa0ca571623cb69d8327&radar=amandemenForecast&type=latest HTTP/1.1" 200 90
2023-11-19 07:40:03,971 - rasterio.env - DEBUG - Entering env context: <rasterio.env.Env object at 0x7f85e7ce4920>
2023-11-19 07:40:03,972 - rasterio.env - DEBUG - Starting outermost env
2023-11-19 07:40:03,973 - rasterio.env - DEBUG - No GDAL environment exists
2023-11-19 07:40:03,973 - rasterio.env - DEBUG - New GDAL environment <rasterio._env.GDALEnv object at 0x7f85851a1120> created
2023-11-19 07:40:03,978 - rasterio._filepath - DEBUG - Installing FilePath filesystem handler plugin...
2023-11-19 07:40:03,978 - rasterio._env - DEBUG - GDAL data found in package: path='/home/swx/miniconda3/envs/present_weather/lib/python3.12/site-packages/rasterio/gdal_data'.
2023-11-19 07:40:03,978 - rasterio._env - DEBUG - PROJ_LIB found in environment.
2023-11-19 07:40:03,978 - rasterio._env - DEBUG - Started GDALEnv: self=<rasterio._env.GDALEnv object at 0x7f85851a1120>.
2023-11-19 07:40:03,978 - rasterio.env - DEBUG - Entered env context: <rasterio.env.Env object at 0x7f85e7ce4920>
2023-11-19 07:40:03,979 - rasterio._base - DEBUG - Sharing flag: 0
2023-11-19 07:40:04,175 - rasterio._base - DEBUG - Nodata success: 1, Nodata value: nan
2023-11-19 07:40:04,175 - rasterio._base - DEBUG - Dataset <open DatasetReader name='https://radar.bmkg.go.id/raster/radarsatelit_202311190730.tif' mode='r'> is started.
2023-11-19 07:40:04,176 - rasterio.env - DEBUG - Exiting env context: <rasterio.env.Env object at 0x7f85e7ce4920>
2023-11-19 07:40:04,176 - rasterio.env - DEBUG - Cleared existing <rasterio._env.GDALEnv object at 0x7f85851a1120> options
2023-11-19 07:40:04,176 - rasterio._env - DEBUG - Stopped GDALEnv <rasterio._env.GDALEnv object at 0x7f85851a1120>.
2023-11-19 07:40:04,176 - rasterio.env - DEBUG - Exiting outermost env
2023-11-19 07:40:04,176 - rasterio.env - DEBUG - Exited env context: <rasterio.env.Env object at 0x7f85e7ce4920>
2023-11-19 07:40:04,176 - rasterio.env - DEBUG - Entering env context: <rasterio.env.Env object at 0x7f85e7ce4920>
2023-11-19 07:40:04,176 - rasterio.env - DEBUG - Starting outermost env
2023-11-19 07:40:04,177 - rasterio.env - DEBUG - No GDAL environment exists
2023-11-19 07:40:04,177 - rasterio.env - DEBUG - New GDAL environment <rasterio._env.GDALEnv object at 0x7f85e7c66380> created
2023-11-19 07:40:04,177 - rasterio._env - DEBUG - GDAL data found in package: path='/home/swx/miniconda3/envs/present_weather/lib/python3.12/site-packages/rasterio/gdal_data'.
2023-11-19 07:40:04,177 - rasterio._env - DEBUG - PROJ_LIB found in environment.
2023-11-19 07:40:04,178 - rasterio._env - DEBUG - Started GDALEnv: self=<rasterio._env.GDALEnv object at 0x7f85e7c66380>.
2023-11-19 07:40:04,178 - rasterio.env - DEBUG - Entered env context: <rasterio.env.Env object at 0x7f85e7ce4920>
2023-11-19 07:40:04,179 - rasterio.env - DEBUG - Got a copy of environment <rasterio._env.GDALEnv object at 0x7f85e7c66380> options
2023-11-19 07:40:04,179 - rasterio.env - DEBUG - Entering env context: <rasterio.env.Env object at 0x7f85d72b2e70>
2023-11-19 07:40:04,179 - rasterio.env - DEBUG - Got a copy of environment <rasterio._env.GDALEnv object at 0x7f85e7c66380> options
2023-11-19 07:40:04,179 - rasterio.env - DEBUG - Entered env context: <rasterio.env.Env object at 0x7f85d72b2e70>
2023-11-19 07:40:04,179 - rasterio._base - DEBUG - Sharing flag: 0
2023-11-19 07:40:04,180 - rasterio._base - DEBUG - Nodata success: 1, Nodata value: nan
2023-11-19 07:40:04,181 - rasterio._base - DEBUG - Dataset <open DatasetReader name='https://radar.bmkg.go.id/raster/radarsatelit_202311190730.tif' mode='r'> is started.
2023-11-19 07:40:04,181 - rasterio.env - DEBUG - Exiting env context: <rasterio.env.Env object at 0x7f85d72b2e70>
2023-11-19 07:40:04,181 - rasterio.env - DEBUG - Cleared existing <rasterio._env.GDALEnv object at 0x7f85e7c66380> options
2023-11-19 07:40:04,181 - rasterio._env - DEBUG - Stopped GDALEnv <rasterio._env.GDALEnv object at 0x7f85e7c66380>.
2023-11-19 07:40:04,181 - rasterio.env - DEBUG - No GDAL environment exists
2023-11-19 07:40:04,181 - rasterio.env - DEBUG - New GDAL environment <rasterio._env.GDALEnv object at 0x7f85e7c66380> created
2023-11-19 07:40:04,182 - rasterio._env - DEBUG - GDAL data found in package: path='/home/swx/miniconda3/envs/present_weather/lib/python3.12/site-packages/rasterio/gdal_data'.
2023-11-19 07:40:04,182 - rasterio._env - DEBUG - PROJ_LIB found in environment.
2023-11-19 07:40:04,182 - rasterio._env - DEBUG - Started GDALEnv: self=<rasterio._env.GDALEnv object at 0x7f85e7c66380>.
2023-11-19 07:40:04,182 - rasterio.env - DEBUG - Exited env context: <rasterio.env.Env object at 0x7f85d72b2e70>
2023-11-19 07:40:04,217 - rasterio._io - DEBUG - Output nodata value read from file: nan
2023-11-19 07:40:04,217 - rasterio._io - DEBUG - Output nodata values: [nan]
2023-11-19 07:40:04,218 - rasterio._io - DEBUG - all_valid: False
2023-11-19 07:40:04,218 - rasterio._io - DEBUG - mask_flags: ([<MaskFlags.nodata: 8>],)
2023-11-19 07:40:04,218 - rasterio._io - DEBUG - Jump straight to _read()
2023-11-19 07:40:04,218 - rasterio._io - DEBUG - Window: Window(col_off=0, row_off=0, width=10215, height=3792)
2023-11-19 07:40:04,219 - rasterio._io - DEBUG - IO window xoff=0.0 yoff=0.0 width=10215.0 height=3792.0
2023-11-19 07:40:04,933 - rasterio.env - DEBUG - Exiting env context: <rasterio.env.Env object at 0x7f85e7ce4920>
2023-11-19 07:40:04,933 - rasterio.env - DEBUG - Cleared existing <rasterio._env.GDALEnv object at 0x7f85e7c66380> options
2023-11-19 07:40:04,933 - rasterio._env - DEBUG - Stopped GDALEnv <rasterio._env.GDALEnv object at 0x7f85e7c66380>.
2023-11-19 07:40:04,933 - rasterio.env - DEBUG - Exiting outermost env
2023-11-19 07:40:04,933 - rasterio.env - DEBUG - Exited env context: <rasterio.env.Env object at 0x7f85e7ce4920>
2023-11-19 07:40:04,935 - urllib3.connectionpool - DEBUG - Starting new HTTPS connection (1): radar.bmkg.go.id:8060
2023-11-19 07:40:05,023 - urllib3.connectionpool - DEBUG - https://radar.bmkg.go.id:8060 "GET /getLatestLD?typeData=1 HTTP/1.1" 200 191208
2023-11-19 07:40:05,095 - asyncio - DEBUG - Using selector: EpollSelector
2023-11-19 07:40:11,791 - root - INFO - dask.bag<lambda, npartitions=34>
2023-11-19 07:56:38,647 - root - INFO - Total elapsed time: 0:16:34.770519
