2023-12-22 22:43:02,540 - root - INFO - Initiating present weather
2023-12-22 22:43:02,542 - asyncio - DEBUG - Using selector: EpollSelector
2023-12-22 22:43:04,277 - urllib3.connectionpool - DEBUG - Starting new HTTPS connection (1): radar.bmkg.go.id:8060
2023-12-22 22:43:04,289 - urllib3.connectionpool - DEBUG - https://radar.bmkg.go.id:8060 "GET /getLatestLD?typeData=1 HTTP/1.1" 200 62
2023-12-22 22:43:04,291 - urllib3.connectionpool - DEBUG - Starting new HTTPS connection (1): radar.bmkg.go.id:8060
2023-12-22 22:43:04,311 - urllib3.connectionpool - DEBUG - https://radar.bmkg.go.id:8060 "GET /getRadarGeotif?token=19387e71e78522ae4172ec0fda640983b8438c9cfa0ca571623cb69d8327&radar=amandemenForecast&type=latest HTTP/1.1" 200 90
2023-12-22 22:43:04,311 - rasterio.env - DEBUG - Entering env context: <rasterio.env.Env object at 0x7fd7beb255d0>
2023-12-22 22:43:04,312 - rasterio.env - DEBUG - Starting outermost env
2023-12-22 22:43:04,312 - rasterio.env - DEBUG - No GDAL environment exists
2023-12-22 22:43:04,312 - rasterio.env - DEBUG - New GDAL environment <rasterio._env.GDALEnv object at 0x7fd7beb255a0> created
2023-12-22 22:43:04,315 - rasterio._filepath - DEBUG - Installing FilePath filesystem handler plugin...
2023-12-22 22:43:04,315 - rasterio._env - DEBUG - GDAL data found in package: path='/home/metpublic/PYTHON_VENV/present_weather/lib/python3.10/site-packages/rasterio/gdal_data'.
2023-12-22 22:43:04,315 - rasterio._env - DEBUG - PROJ data found in package: path='/home/metpublic/PYTHON_VENV/present_weather/lib/python3.10/site-packages/rasterio/proj_data'.
2023-12-22 22:43:04,315 - rasterio._env - DEBUG - Started GDALEnv: self=<rasterio._env.GDALEnv object at 0x7fd7beb255a0>.
2023-12-22 22:43:04,315 - rasterio.env - DEBUG - Entered env context: <rasterio.env.Env object at 0x7fd7beb255d0>
2023-12-22 22:43:04,315 - rasterio._base - DEBUG - Sharing flag: 0
2023-12-22 22:43:04,661 - rasterio._base - DEBUG - Nodata success: 1, Nodata value: nan
2023-12-22 22:43:04,662 - rasterio._base - DEBUG - Dataset <open DatasetReader name='https://radar.bmkg.go.id/raster/radarsatelit_202312222240.tif' mode='r'> is started.
2023-12-22 22:43:04,662 - rasterio.env - DEBUG - Exiting env context: <rasterio.env.Env object at 0x7fd7beb255d0>
2023-12-22 22:43:04,663 - rasterio.env - DEBUG - Cleared existing <rasterio._env.GDALEnv object at 0x7fd7beb255a0> options
2023-12-22 22:43:04,663 - rasterio._env - DEBUG - Stopped GDALEnv <rasterio._env.GDALEnv object at 0x7fd7beb255a0>.
2023-12-22 22:43:04,663 - rasterio.env - DEBUG - Exiting outermost env
2023-12-22 22:43:04,663 - rasterio.env - DEBUG - Exited env context: <rasterio.env.Env object at 0x7fd7beb255d0>
2023-12-22 22:43:04,663 - rasterio.env - DEBUG - Entering env context: <rasterio.env.Env object at 0x7fd7beadd840>
2023-12-22 22:43:04,663 - rasterio.env - DEBUG - Starting outermost env
2023-12-22 22:43:04,663 - rasterio.env - DEBUG - No GDAL environment exists
2023-12-22 22:43:04,663 - rasterio.env - DEBUG - New GDAL environment <rasterio._env.GDALEnv object at 0x7fd7beb255a0> created
2023-12-22 22:43:04,663 - rasterio._env - DEBUG - GDAL data found in package: path='/home/metpublic/PYTHON_VENV/present_weather/lib/python3.10/site-packages/rasterio/gdal_data'.
2023-12-22 22:43:04,664 - rasterio._env - DEBUG - PROJ data found in package: path='/home/metpublic/PYTHON_VENV/present_weather/lib/python3.10/site-packages/rasterio/proj_data'.
2023-12-22 22:43:04,664 - rasterio._env - DEBUG - Started GDALEnv: self=<rasterio._env.GDALEnv object at 0x7fd7beb255a0>.
2023-12-22 22:43:04,664 - rasterio.env - DEBUG - Entered env context: <rasterio.env.Env object at 0x7fd7beadd840>
2023-12-22 22:43:04,664 - rasterio.env - DEBUG - Got a copy of environment <rasterio._env.GDALEnv object at 0x7fd7beb255a0> options
2023-12-22 22:43:04,664 - rasterio.env - DEBUG - Entering env context: <rasterio.env.Env object at 0x7fd7bc1db8e0>
2023-12-22 22:43:04,664 - rasterio.env - DEBUG - Got a copy of environment <rasterio._env.GDALEnv object at 0x7fd7beb255a0> options
2023-12-22 22:43:04,664 - rasterio.env - DEBUG - Entered env context: <rasterio.env.Env object at 0x7fd7bc1db8e0>
2023-12-22 22:43:04,665 - rasterio._base - DEBUG - Sharing flag: 0
2023-12-22 22:43:04,667 - rasterio._base - DEBUG - Nodata success: 1, Nodata value: nan
2023-12-22 22:43:04,667 - rasterio._base - DEBUG - Dataset <open DatasetReader name='https://radar.bmkg.go.id/raster/radarsatelit_202312222240.tif' mode='r'> is started.
2023-12-22 22:43:04,667 - rasterio.env - DEBUG - Exiting env context: <rasterio.env.Env object at 0x7fd7bc1db8e0>
2023-12-22 22:43:04,667 - rasterio.env - DEBUG - Cleared existing <rasterio._env.GDALEnv object at 0x7fd7beb255a0> options
2023-12-22 22:43:04,667 - rasterio._env - DEBUG - Stopped GDALEnv <rasterio._env.GDALEnv object at 0x7fd7beb255a0>.
2023-12-22 22:43:04,667 - rasterio.env - DEBUG - No GDAL environment exists
2023-12-22 22:43:04,667 - rasterio.env - DEBUG - New GDAL environment <rasterio._env.GDALEnv object at 0x7fd7beb255a0> created
2023-12-22 22:43:04,667 - rasterio._env - DEBUG - GDAL data found in package: path='/home/metpublic/PYTHON_VENV/present_weather/lib/python3.10/site-packages/rasterio/gdal_data'.
2023-12-22 22:43:04,667 - rasterio._env - DEBUG - PROJ data found in package: path='/home/metpublic/PYTHON_VENV/present_weather/lib/python3.10/site-packages/rasterio/proj_data'.
2023-12-22 22:43:04,668 - rasterio._env - DEBUG - Started GDALEnv: self=<rasterio._env.GDALEnv object at 0x7fd7beb255a0>.
2023-12-22 22:43:04,668 - rasterio.env - DEBUG - Exited env context: <rasterio.env.Env object at 0x7fd7bc1db8e0>
2023-12-22 22:43:04,689 - rasterio._io - DEBUG - Output nodata value read from file: nan
2023-12-22 22:43:04,689 - rasterio._io - DEBUG - Output nodata values: [nan]
2023-12-22 22:43:04,690 - rasterio._io - DEBUG - all_valid: False
2023-12-22 22:43:04,690 - rasterio._io - DEBUG - mask_flags: ([<MaskFlags.nodata: 8>],)
2023-12-22 22:43:04,690 - rasterio._io - DEBUG - Jump straight to _read()
2023-12-22 22:43:04,690 - rasterio._io - DEBUG - Window: Window(col_off=0, row_off=0, width=10176, height=3732)
2023-12-22 22:43:04,690 - rasterio._io - DEBUG - IO window xoff=0.0 yoff=0.0 width=10176.0 height=3732.0
2023-12-22 22:43:05,229 - rasterio.env - DEBUG - Exiting env context: <rasterio.env.Env object at 0x7fd7beadd840>
2023-12-22 22:43:05,229 - rasterio.env - DEBUG - Cleared existing <rasterio._env.GDALEnv object at 0x7fd7beb255a0> options
2023-12-22 22:43:05,229 - rasterio._env - DEBUG - Stopped GDALEnv <rasterio._env.GDALEnv object at 0x7fd7beb255a0>.
2023-12-22 22:43:05,229 - rasterio.env - DEBUG - Exiting outermost env
2023-12-22 22:43:05,229 - rasterio.env - DEBUG - Exited env context: <rasterio.env.Env object at 0x7fd7beadd840>
2023-12-22 22:47:37,501 - rasterio.env - DEBUG - Entering env context: <rasterio.env.Env object at 0x7fd7bc1d8580>
2023-12-22 22:47:37,501 - rasterio.env - DEBUG - Starting outermost env
2023-12-22 22:47:37,501 - rasterio.env - DEBUG - No GDAL environment exists
2023-12-22 22:47:37,502 - rasterio.env - DEBUG - New GDAL environment <rasterio._env.GDALEnv object at 0x7fd7a45c40a0> created
2023-12-22 22:47:37,502 - rasterio._env - DEBUG - GDAL data found in package: path='/home/metpublic/PYTHON_VENV/present_weather/lib/python3.10/site-packages/rasterio/gdal_data'.
2023-12-22 22:47:37,502 - rasterio._env - DEBUG - PROJ data found in package: path='/home/metpublic/PYTHON_VENV/present_weather/lib/python3.10/site-packages/rasterio/proj_data'.
2023-12-22 22:47:37,503 - rasterio._env - DEBUG - Started GDALEnv: self=<rasterio._env.GDALEnv object at 0x7fd7a45c40a0>.
2023-12-22 22:47:37,503 - rasterio.env - DEBUG - Entered env context: <rasterio.env.Env object at 0x7fd7bc1d8580>
2023-12-22 22:47:37,503 - rasterio._base - DEBUG - Sharing flag: 0
2023-12-22 22:47:37,504 - rasterio._base - DEBUG - Nodata success: 0, Nodata value: 0.000000
2023-12-22 22:47:37,504 - rasterio._base - DEBUG - Dataset <open DatasetReader name='/home/metpublic/TASK_RELEASE/EFAN/present_weather/src/H09_B13_Indonesia_20231222.Z2230.cor.tiff' mode='r'> is started.
2023-12-22 22:47:37,504 - rasterio.env - DEBUG - Exiting env context: <rasterio.env.Env object at 0x7fd7bc1d8580>
2023-12-22 22:47:37,504 - rasterio.env - DEBUG - Cleared existing <rasterio._env.GDALEnv object at 0x7fd7a45c40a0> options
2023-12-22 22:47:37,504 - rasterio._env - DEBUG - Stopped GDALEnv <rasterio._env.GDALEnv object at 0x7fd7a45c40a0>.
2023-12-22 22:47:37,504 - rasterio.env - DEBUG - Exiting outermost env
2023-12-22 22:47:37,505 - rasterio.env - DEBUG - Exited env context: <rasterio.env.Env object at 0x7fd7bc1d8580>
2023-12-22 22:47:37,505 - rasterio.env - DEBUG - Entering env context: <rasterio.env.Env object at 0x7fd7a45c6410>
2023-12-22 22:47:37,505 - rasterio.env - DEBUG - Starting outermost env
2023-12-22 22:47:37,505 - rasterio.env - DEBUG - No GDAL environment exists
2023-12-22 22:47:37,505 - rasterio.env - DEBUG - New GDAL environment <rasterio._env.GDALEnv object at 0x7fd7a45c6620> created
2023-12-22 22:47:37,505 - rasterio._env - DEBUG - GDAL data found in package: path='/home/metpublic/PYTHON_VENV/present_weather/lib/python3.10/site-packages/rasterio/gdal_data'.
2023-12-22 22:47:37,506 - rasterio._env - DEBUG - PROJ data found in package: path='/home/metpublic/PYTHON_VENV/present_weather/lib/python3.10/site-packages/rasterio/proj_data'.
2023-12-22 22:47:37,506 - rasterio._env - DEBUG - Started GDALEnv: self=<rasterio._env.GDALEnv object at 0x7fd7a45c6620>.
2023-12-22 22:47:37,506 - rasterio.env - DEBUG - Entered env context: <rasterio.env.Env object at 0x7fd7a45c6410>
2023-12-22 22:47:37,506 - rasterio._base - DEBUG - Sharing flag: 0
2023-12-22 22:47:37,507 - rasterio._base - DEBUG - Nodata success: 0, Nodata value: 0.000000
2023-12-22 22:47:37,507 - rasterio._base - DEBUG - Dataset <open DatasetReader name='/home/metpublic/TASK_RELEASE/EFAN/present_weather/src/H09_B13_Indonesia_20231222.Z2230.cor.tiff' mode='r'> is started.
2023-12-22 22:47:37,507 - rasterio.env - DEBUG - Exiting env context: <rasterio.env.Env object at 0x7fd7a45c6410>
2023-12-22 22:47:37,507 - rasterio.env - DEBUG - Cleared existing <rasterio._env.GDALEnv object at 0x7fd7a45c6620> options
2023-12-22 22:47:37,507 - rasterio._env - DEBUG - Stopped GDALEnv <rasterio._env.GDALEnv object at 0x7fd7a45c6620>.
2023-12-22 22:47:37,507 - rasterio.env - DEBUG - Exiting outermost env
2023-12-22 22:47:37,507 - rasterio.env - DEBUG - Exited env context: <rasterio.env.Env object at 0x7fd7a45c6410>
2023-12-22 22:47:37,517 - root - INFO - Generating present weather using SATELITE data
2023-12-22 22:50:08,074 - root - INFO - Total elapsed time: 0:07:05.534425
