2023-11-23 23:23:03,178 - root - INFO - Initiating present weather
2023-11-23 23:23:03,182 - asyncio - DEBUG - Using selector: EpollSelector
2023-11-23 23:23:06,470 - urllib3.connectionpool - DEBUG - Starting new HTTPS connection (1): radar.bmkg.go.id:8060
2023-11-23 23:23:11,540 - urllib3.connectionpool - DEBUG - https://radar.bmkg.go.id:8060 "GET /getRadarGeotif?token=19387e71e78522ae4172ec0fda640983b8438c9cfa0ca571623cb69d8327&radar=amandemenForecast&type=latest HTTP/1.1" 200 90
2023-11-23 23:23:11,543 - rasterio.env - DEBUG - Entering env context: <rasterio.env.Env object at 0x7f892dbf61b0>
2023-11-23 23:23:11,544 - rasterio.env - DEBUG - Starting outermost env
2023-11-23 23:23:11,544 - rasterio.env - DEBUG - No GDAL environment exists
2023-11-23 23:23:11,544 - rasterio.env - DEBUG - New GDAL environment <rasterio._env.GDALEnv object at 0x7f892d070ee0> created
2023-11-23 23:23:11,549 - rasterio._filepath - DEBUG - Installing FilePath filesystem handler plugin...
2023-11-23 23:23:11,549 - rasterio._env - DEBUG - GDAL data found in package: path='/home/swx/miniconda3/envs/present_weather/lib/python3.12/site-packages/rasterio/gdal_data'.
2023-11-23 23:23:11,549 - rasterio._env - DEBUG - PROJ_LIB found in environment.
2023-11-23 23:23:11,550 - rasterio._env - DEBUG - Started GDALEnv: self=<rasterio._env.GDALEnv object at 0x7f892d070ee0>.
2023-11-23 23:23:11,550 - rasterio.env - DEBUG - Entered env context: <rasterio.env.Env object at 0x7f892dbf61b0>
2023-11-23 23:23:11,550 - rasterio._base - DEBUG - Sharing flag: 0
2023-11-23 23:23:11,755 - rasterio._base - DEBUG - Nodata success: 1, Nodata value: nan
2023-11-23 23:23:11,756 - rasterio._base - DEBUG - Dataset <open DatasetReader name='https://radar.bmkg.go.id/raster/radarsatelit_202311232320.tif' mode='r'> is started.
2023-11-23 23:23:11,757 - rasterio.env - DEBUG - Exiting env context: <rasterio.env.Env object at 0x7f892dbf61b0>
2023-11-23 23:23:11,757 - rasterio.env - DEBUG - Cleared existing <rasterio._env.GDALEnv object at 0x7f892d070ee0> options
2023-11-23 23:23:11,757 - rasterio._env - DEBUG - Stopped GDALEnv <rasterio._env.GDALEnv object at 0x7f892d070ee0>.
2023-11-23 23:23:11,757 - rasterio.env - DEBUG - Exiting outermost env
2023-11-23 23:23:11,757 - rasterio.env - DEBUG - Exited env context: <rasterio.env.Env object at 0x7f892dbf61b0>
2023-11-23 23:23:11,757 - rasterio.env - DEBUG - Entering env context: <rasterio.env.Env object at 0x7f892d070ef0>
2023-11-23 23:23:11,757 - rasterio.env - DEBUG - Starting outermost env
2023-11-23 23:23:11,757 - rasterio.env - DEBUG - No GDAL environment exists
2023-11-23 23:23:11,758 - rasterio.env - DEBUG - New GDAL environment <rasterio._env.GDALEnv object at 0x7f892cf4b880> created
2023-11-23 23:23:11,758 - rasterio._env - DEBUG - GDAL data found in package: path='/home/swx/miniconda3/envs/present_weather/lib/python3.12/site-packages/rasterio/gdal_data'.
2023-11-23 23:23:11,758 - rasterio._env - DEBUG - PROJ_LIB found in environment.
2023-11-23 23:23:11,759 - rasterio._env - DEBUG - Started GDALEnv: self=<rasterio._env.GDALEnv object at 0x7f892cf4b880>.
2023-11-23 23:23:11,759 - rasterio.env - DEBUG - Entered env context: <rasterio.env.Env object at 0x7f892d070ef0>
2023-11-23 23:23:11,759 - rasterio.env - DEBUG - Got a copy of environment <rasterio._env.GDALEnv object at 0x7f892cf4b880> options
2023-11-23 23:23:11,759 - rasterio.env - DEBUG - Entering env context: <rasterio.env.Env object at 0x7f892c4db9b0>
2023-11-23 23:23:11,759 - rasterio.env - DEBUG - Got a copy of environment <rasterio._env.GDALEnv object at 0x7f892cf4b880> options
2023-11-23 23:23:11,760 - rasterio.env - DEBUG - Entered env context: <rasterio.env.Env object at 0x7f892c4db9b0>
2023-11-23 23:23:11,760 - rasterio._base - DEBUG - Sharing flag: 0
2023-11-23 23:23:11,761 - rasterio._base - DEBUG - Nodata success: 1, Nodata value: nan
2023-11-23 23:23:11,761 - rasterio._base - DEBUG - Dataset <open DatasetReader name='https://radar.bmkg.go.id/raster/radarsatelit_202311232320.tif' mode='r'> is started.
2023-11-23 23:23:11,761 - rasterio.env - DEBUG - Exiting env context: <rasterio.env.Env object at 0x7f892c4db9b0>
2023-11-23 23:23:11,761 - rasterio.env - DEBUG - Cleared existing <rasterio._env.GDALEnv object at 0x7f892cf4b880> options
2023-11-23 23:23:11,761 - rasterio._env - DEBUG - Stopped GDALEnv <rasterio._env.GDALEnv object at 0x7f892cf4b880>.
2023-11-23 23:23:11,762 - rasterio.env - DEBUG - No GDAL environment exists
2023-11-23 23:23:11,762 - rasterio.env - DEBUG - New GDAL environment <rasterio._env.GDALEnv object at 0x7f892cf4b880> created
2023-11-23 23:23:11,762 - rasterio._env - DEBUG - GDAL data found in package: path='/home/swx/miniconda3/envs/present_weather/lib/python3.12/site-packages/rasterio/gdal_data'.
2023-11-23 23:23:11,762 - rasterio._env - DEBUG - PROJ_LIB found in environment.
2023-11-23 23:23:11,763 - rasterio._env - DEBUG - Started GDALEnv: self=<rasterio._env.GDALEnv object at 0x7f892cf4b880>.
2023-11-23 23:23:11,763 - rasterio.env - DEBUG - Exited env context: <rasterio.env.Env object at 0x7f892c4db9b0>
2023-11-23 23:23:11,791 - rasterio._io - DEBUG - Output nodata value read from file: nan
2023-11-23 23:23:11,791 - rasterio._io - DEBUG - Output nodata values: [nan]
2023-11-23 23:23:11,792 - rasterio._io - DEBUG - all_valid: False
2023-11-23 23:23:11,792 - rasterio._io - DEBUG - mask_flags: ([<MaskFlags.nodata: 8>],)
2023-11-23 23:23:11,792 - rasterio._io - DEBUG - Jump straight to _read()
2023-11-23 23:23:11,792 - rasterio._io - DEBUG - Window: Window(col_off=0, row_off=0, width=10215, height=3792)
2023-11-23 23:23:11,793 - rasterio._io - DEBUG - IO window xoff=0.0 yoff=0.0 width=10215.0 height=3792.0
2023-11-23 23:23:12,529 - rasterio.env - DEBUG - Exiting env context: <rasterio.env.Env object at 0x7f892d070ef0>
2023-11-23 23:23:12,529 - rasterio.env - DEBUG - Cleared existing <rasterio._env.GDALEnv object at 0x7f892cf4b880> options
2023-11-23 23:23:12,529 - rasterio._env - DEBUG - Stopped GDALEnv <rasterio._env.GDALEnv object at 0x7f892cf4b880>.
2023-11-23 23:23:12,529 - rasterio.env - DEBUG - Exiting outermost env
2023-11-23 23:23:12,529 - rasterio.env - DEBUG - Exited env context: <rasterio.env.Env object at 0x7f892d070ef0>
2023-11-23 23:23:12,532 - urllib3.connectionpool - DEBUG - Starting new HTTPS connection (1): radar.bmkg.go.id:8060
2023-11-23 23:23:17,608 - urllib3.connectionpool - DEBUG - https://radar.bmkg.go.id:8060 "GET /getLatestLD?typeData=1 HTTP/1.1" 200 44060
2023-11-23 23:23:21,024 - root - INFO - dask.bag<lambda, npartitions=20>
2023-11-23 23:36:18,335 - root - INFO - Total elapsed time: 0:13:15.157394
