2023-12-22 16:33:03,165 - root - INFO - Initiating present weather
2023-12-22 16:33:03,168 - asyncio - DEBUG - Using selector: EpollSelector
2023-12-22 16:33:04,872 - urllib3.connectionpool - DEBUG - Starting new HTTPS connection (1): radar.bmkg.go.id:8060
2023-12-22 16:33:04,886 - urllib3.connectionpool - DEBUG - https://radar.bmkg.go.id:8060 "GET /getLatestLD?typeData=1 HTTP/1.1" 200 62
2023-12-22 16:33:04,889 - urllib3.connectionpool - DEBUG - Starting new HTTPS connection (1): radar.bmkg.go.id:8060
2023-12-22 16:33:04,908 - urllib3.connectionpool - DEBUG - https://radar.bmkg.go.id:8060 "GET /getRadarGeotif?token=19387e71e78522ae4172ec0fda640983b8438c9cfa0ca571623cb69d8327&radar=amandemenForecast&type=latest HTTP/1.1" 200 90
2023-12-22 16:33:04,908 - rasterio.env - DEBUG - Entering env context: <rasterio.env.Env object at 0x7f3518919630>
2023-12-22 16:33:04,909 - rasterio.env - DEBUG - Starting outermost env
2023-12-22 16:33:04,909 - rasterio.env - DEBUG - No GDAL environment exists
2023-12-22 16:33:04,909 - rasterio.env - DEBUG - New GDAL environment <rasterio._env.GDALEnv object at 0x7f3518919600> created
2023-12-22 16:33:04,912 - rasterio._filepath - DEBUG - Installing FilePath filesystem handler plugin...
2023-12-22 16:33:04,912 - rasterio._env - DEBUG - GDAL data found in package: path='/home/metpublic/PYTHON_VENV/present_weather/lib/python3.10/site-packages/rasterio/gdal_data'.
2023-12-22 16:33:04,912 - rasterio._env - DEBUG - PROJ data found in package: path='/home/metpublic/PYTHON_VENV/present_weather/lib/python3.10/site-packages/rasterio/proj_data'.
2023-12-22 16:33:04,912 - rasterio._env - DEBUG - Started GDALEnv: self=<rasterio._env.GDALEnv object at 0x7f3518919600>.
2023-12-22 16:33:04,912 - rasterio.env - DEBUG - Entered env context: <rasterio.env.Env object at 0x7f3518919630>
2023-12-22 16:33:04,912 - rasterio._base - DEBUG - Sharing flag: 0
2023-12-22 16:33:05,262 - rasterio._base - DEBUG - Nodata success: 1, Nodata value: nan
2023-12-22 16:33:05,262 - rasterio._base - DEBUG - Dataset <open DatasetReader name='https://radar.bmkg.go.id/raster/radarsatelit_202312221620.tif' mode='r'> is started.
2023-12-22 16:33:05,263 - rasterio.env - DEBUG - Exiting env context: <rasterio.env.Env object at 0x7f3518919630>
2023-12-22 16:33:05,263 - rasterio.env - DEBUG - Cleared existing <rasterio._env.GDALEnv object at 0x7f3518919600> options
2023-12-22 16:33:05,263 - rasterio._env - DEBUG - Stopped GDALEnv <rasterio._env.GDALEnv object at 0x7f3518919600>.
2023-12-22 16:33:05,263 - rasterio.env - DEBUG - Exiting outermost env
2023-12-22 16:33:05,263 - rasterio.env - DEBUG - Exited env context: <rasterio.env.Env object at 0x7f3518919630>
2023-12-22 16:33:05,263 - rasterio.env - DEBUG - Entering env context: <rasterio.env.Env object at 0x7f35188d54b0>
2023-12-22 16:33:05,263 - rasterio.env - DEBUG - Starting outermost env
2023-12-22 16:33:05,263 - rasterio.env - DEBUG - No GDAL environment exists
2023-12-22 16:33:05,263 - rasterio.env - DEBUG - New GDAL environment <rasterio._env.GDALEnv object at 0x7f3519253c70> created
2023-12-22 16:33:05,264 - rasterio._env - DEBUG - GDAL data found in package: path='/home/metpublic/PYTHON_VENV/present_weather/lib/python3.10/site-packages/rasterio/gdal_data'.
2023-12-22 16:33:05,264 - rasterio._env - DEBUG - PROJ data found in package: path='/home/metpublic/PYTHON_VENV/present_weather/lib/python3.10/site-packages/rasterio/proj_data'.
2023-12-22 16:33:05,264 - rasterio._env - DEBUG - Started GDALEnv: self=<rasterio._env.GDALEnv object at 0x7f3519253c70>.
2023-12-22 16:33:05,264 - rasterio.env - DEBUG - Entered env context: <rasterio.env.Env object at 0x7f35188d54b0>
2023-12-22 16:33:05,264 - rasterio.env - DEBUG - Got a copy of environment <rasterio._env.GDALEnv object at 0x7f3519253c70> options
2023-12-22 16:33:05,264 - rasterio.env - DEBUG - Entering env context: <rasterio.env.Env object at 0x7f3510633370>
2023-12-22 16:33:05,264 - rasterio.env - DEBUG - Got a copy of environment <rasterio._env.GDALEnv object at 0x7f3519253c70> options
2023-12-22 16:33:05,264 - rasterio.env - DEBUG - Entered env context: <rasterio.env.Env object at 0x7f3510633370>
2023-12-22 16:33:05,264 - rasterio._base - DEBUG - Sharing flag: 0
2023-12-22 16:33:05,265 - rasterio._base - DEBUG - Nodata success: 1, Nodata value: nan
2023-12-22 16:33:05,266 - rasterio._base - DEBUG - Dataset <open DatasetReader name='https://radar.bmkg.go.id/raster/radarsatelit_202312221620.tif' mode='r'> is started.
2023-12-22 16:33:05,266 - rasterio.env - DEBUG - Exiting env context: <rasterio.env.Env object at 0x7f3510633370>
2023-12-22 16:33:05,266 - rasterio.env - DEBUG - Cleared existing <rasterio._env.GDALEnv object at 0x7f3519253c70> options
2023-12-22 16:33:05,266 - rasterio._env - DEBUG - Stopped GDALEnv <rasterio._env.GDALEnv object at 0x7f3519253c70>.
2023-12-22 16:33:05,266 - rasterio.env - DEBUG - No GDAL environment exists
2023-12-22 16:33:05,266 - rasterio.env - DEBUG - New GDAL environment <rasterio._env.GDALEnv object at 0x7f3519253c70> created
2023-12-22 16:33:05,266 - rasterio._env - DEBUG - GDAL data found in package: path='/home/metpublic/PYTHON_VENV/present_weather/lib/python3.10/site-packages/rasterio/gdal_data'.
2023-12-22 16:33:05,266 - rasterio._env - DEBUG - PROJ data found in package: path='/home/metpublic/PYTHON_VENV/present_weather/lib/python3.10/site-packages/rasterio/proj_data'.
2023-12-22 16:33:05,266 - rasterio._env - DEBUG - Started GDALEnv: self=<rasterio._env.GDALEnv object at 0x7f3519253c70>.
2023-12-22 16:33:05,266 - rasterio.env - DEBUG - Exited env context: <rasterio.env.Env object at 0x7f3510633370>
2023-12-22 16:33:05,283 - rasterio._io - DEBUG - Output nodata value read from file: nan
2023-12-22 16:33:05,284 - rasterio._io - DEBUG - Output nodata values: [nan]
2023-12-22 16:33:05,284 - rasterio._io - DEBUG - all_valid: False
2023-12-22 16:33:05,284 - rasterio._io - DEBUG - mask_flags: ([<MaskFlags.nodata: 8>],)
2023-12-22 16:33:05,284 - rasterio._io - DEBUG - Jump straight to _read()
2023-12-22 16:33:05,284 - rasterio._io - DEBUG - Window: Window(col_off=0, row_off=0, width=10176, height=3732)
2023-12-22 16:33:05,284 - rasterio._io - DEBUG - IO window xoff=0.0 yoff=0.0 width=10176.0 height=3732.0
2023-12-22 16:33:05,893 - rasterio.env - DEBUG - Exiting env context: <rasterio.env.Env object at 0x7f35188d54b0>
2023-12-22 16:33:05,893 - rasterio.env - DEBUG - Cleared existing <rasterio._env.GDALEnv object at 0x7f3519253c70> options
2023-12-22 16:33:05,893 - rasterio._env - DEBUG - Stopped GDALEnv <rasterio._env.GDALEnv object at 0x7f3519253c70>.
2023-12-22 16:33:05,894 - rasterio.env - DEBUG - Exiting outermost env
2023-12-22 16:33:05,894 - rasterio.env - DEBUG - Exited env context: <rasterio.env.Env object at 0x7f35188d54b0>
2023-12-22 16:37:26,726 - rasterio.env - DEBUG - Entering env context: <rasterio.env.Env object at 0x7f3510632b60>
2023-12-22 16:37:26,727 - rasterio.env - DEBUG - Starting outermost env
2023-12-22 16:37:26,727 - rasterio.env - DEBUG - No GDAL environment exists
2023-12-22 16:37:26,727 - rasterio.env - DEBUG - New GDAL environment <rasterio._env.GDALEnv object at 0x7f3510630af0> created
2023-12-22 16:37:26,727 - rasterio._env - DEBUG - GDAL data found in package: path='/home/metpublic/PYTHON_VENV/present_weather/lib/python3.10/site-packages/rasterio/gdal_data'.
2023-12-22 16:37:26,728 - rasterio._env - DEBUG - PROJ data found in package: path='/home/metpublic/PYTHON_VENV/present_weather/lib/python3.10/site-packages/rasterio/proj_data'.
2023-12-22 16:37:26,728 - rasterio._env - DEBUG - Started GDALEnv: self=<rasterio._env.GDALEnv object at 0x7f3510630af0>.
2023-12-22 16:37:26,728 - rasterio.env - DEBUG - Entered env context: <rasterio.env.Env object at 0x7f3510632b60>
2023-12-22 16:37:26,728 - rasterio._base - DEBUG - Sharing flag: 0
2023-12-22 16:37:26,729 - rasterio._base - DEBUG - Nodata success: 0, Nodata value: 0.000000
2023-12-22 16:37:26,730 - rasterio._base - DEBUG - Dataset <open DatasetReader name='/home/metpublic/TASK_RELEASE/EFAN/present_weather/src/H09_B13_Indonesia_20231222.Z1600.cor.tiff' mode='r'> is started.
2023-12-22 16:37:26,730 - rasterio.env - DEBUG - Exiting env context: <rasterio.env.Env object at 0x7f3510632b60>
2023-12-22 16:37:26,730 - rasterio.env - DEBUG - Cleared existing <rasterio._env.GDALEnv object at 0x7f3510630af0> options
2023-12-22 16:37:26,730 - rasterio._env - DEBUG - Stopped GDALEnv <rasterio._env.GDALEnv object at 0x7f3510630af0>.
2023-12-22 16:37:26,730 - rasterio.env - DEBUG - Exiting outermost env
2023-12-22 16:37:26,730 - rasterio.env - DEBUG - Exited env context: <rasterio.env.Env object at 0x7f3510632b60>
2023-12-22 16:37:26,730 - rasterio.env - DEBUG - Entering env context: <rasterio.env.Env object at 0x7f35102d61d0>
2023-12-22 16:37:26,730 - rasterio.env - DEBUG - Starting outermost env
2023-12-22 16:37:26,730 - rasterio.env - DEBUG - No GDAL environment exists
2023-12-22 16:37:26,730 - rasterio.env - DEBUG - New GDAL environment <rasterio._env.GDALEnv object at 0x7f35102d4f40> created
2023-12-22 16:37:26,731 - rasterio._env - DEBUG - GDAL data found in package: path='/home/metpublic/PYTHON_VENV/present_weather/lib/python3.10/site-packages/rasterio/gdal_data'.
2023-12-22 16:37:26,731 - rasterio._env - DEBUG - PROJ data found in package: path='/home/metpublic/PYTHON_VENV/present_weather/lib/python3.10/site-packages/rasterio/proj_data'.
2023-12-22 16:37:26,731 - rasterio._env - DEBUG - Started GDALEnv: self=<rasterio._env.GDALEnv object at 0x7f35102d4f40>.
2023-12-22 16:37:26,731 - rasterio.env - DEBUG - Entered env context: <rasterio.env.Env object at 0x7f35102d61d0>
2023-12-22 16:37:26,731 - rasterio._base - DEBUG - Sharing flag: 0
2023-12-22 16:37:26,733 - rasterio._base - DEBUG - Nodata success: 0, Nodata value: 0.000000
2023-12-22 16:37:26,733 - rasterio._base - DEBUG - Dataset <open DatasetReader name='/home/metpublic/TASK_RELEASE/EFAN/present_weather/src/H09_B13_Indonesia_20231222.Z1600.cor.tiff' mode='r'> is started.
2023-12-22 16:37:26,733 - rasterio.env - DEBUG - Exiting env context: <rasterio.env.Env object at 0x7f35102d61d0>
2023-12-22 16:37:26,733 - rasterio.env - DEBUG - Cleared existing <rasterio._env.GDALEnv object at 0x7f35102d4f40> options
2023-12-22 16:37:26,733 - rasterio._env - DEBUG - Stopped GDALEnv <rasterio._env.GDALEnv object at 0x7f35102d4f40>.
2023-12-22 16:37:26,733 - rasterio.env - DEBUG - Exiting outermost env
2023-12-22 16:37:26,733 - rasterio.env - DEBUG - Exited env context: <rasterio.env.Env object at 0x7f35102d61d0>
2023-12-22 16:37:26,746 - root - INFO - Generating present weather using SATELITE data
2023-12-22 16:39:03,668 - root - INFO - Total elapsed time: 0:06:00.503369
