2023-11-23 03:43:03,749 - root - INFO - Initiating present weather
2023-11-23 03:43:03,753 - asyncio - DEBUG - Using selector: EpollSelector
2023-11-23 03:43:07,134 - urllib3.connectionpool - DEBUG - Starting new HTTPS connection (1): radar.bmkg.go.id:8060
2023-11-23 03:43:18,788 - rasterio.env - DEBUG - Entering env context: <rasterio.env.Env object at 0x7f153b0c88f0>
2023-11-23 03:43:18,790 - rasterio.env - DEBUG - Starting outermost env
2023-11-23 03:43:18,790 - rasterio.env - DEBUG - No GDAL environment exists
2023-11-23 03:43:18,790 - rasterio.env - DEBUG - New GDAL environment <rasterio._env.GDALEnv object at 0x7f153b0b5b40> created
2023-11-23 03:43:18,798 - rasterio._filepath - DEBUG - Installing FilePath filesystem handler plugin...
2023-11-23 03:43:18,798 - rasterio._env - DEBUG - GDAL data found in package: path='/home/swx/miniconda3/envs/present_weather/lib/python3.12/site-packages/rasterio/gdal_data'.
2023-11-23 03:43:18,798 - rasterio._env - DEBUG - PROJ_LIB found in environment.
2023-11-23 03:43:18,799 - rasterio._env - DEBUG - Started GDALEnv: self=<rasterio._env.GDALEnv object at 0x7f153b0b5b40>.
2023-11-23 03:43:18,799 - rasterio.env - DEBUG - Entered env context: <rasterio.env.Env object at 0x7f153b0c88f0>
2023-11-23 03:43:18,799 - rasterio._base - DEBUG - Sharing flag: 0
2023-11-23 03:43:18,819 - rasterio._base - DEBUG - Nodata success: 0, Nodata value: 0.000000
2023-11-23 03:43:18,819 - rasterio._base - DEBUG - Dataset <open DatasetReader name='/home/swx/present_weather/src/H09_B13_Indonesia_20231123.Z0330.cor.tiff' mode='r'> is started.
2023-11-23 03:43:18,820 - rasterio.env - DEBUG - Exiting env context: <rasterio.env.Env object at 0x7f153b0c88f0>
2023-11-23 03:43:18,820 - rasterio.env - DEBUG - Cleared existing <rasterio._env.GDALEnv object at 0x7f153b0b5b40> options
2023-11-23 03:43:18,820 - rasterio._env - DEBUG - Stopped GDALEnv <rasterio._env.GDALEnv object at 0x7f153b0b5b40>.
2023-11-23 03:43:18,820 - rasterio.env - DEBUG - Exiting outermost env
2023-11-23 03:43:18,820 - rasterio.env - DEBUG - Exited env context: <rasterio.env.Env object at 0x7f153b0c88f0>
2023-11-23 03:43:18,821 - rasterio.env - DEBUG - Entering env context: <rasterio.env.Env object at 0x7f153b1487a0>
2023-11-23 03:43:18,821 - rasterio.env - DEBUG - Starting outermost env
2023-11-23 03:43:18,821 - rasterio.env - DEBUG - No GDAL environment exists
2023-11-23 03:43:18,821 - rasterio.env - DEBUG - New GDAL environment <rasterio._env.GDALEnv object at 0x7f153b1486a0> created
2023-11-23 03:43:18,822 - rasterio._env - DEBUG - GDAL data found in package: path='/home/swx/miniconda3/envs/present_weather/lib/python3.12/site-packages/rasterio/gdal_data'.
2023-11-23 03:43:18,822 - rasterio._env - DEBUG - PROJ_LIB found in environment.
2023-11-23 03:43:18,822 - rasterio._env - DEBUG - Started GDALEnv: self=<rasterio._env.GDALEnv object at 0x7f153b1486a0>.
2023-11-23 03:43:18,822 - rasterio.env - DEBUG - Entered env context: <rasterio.env.Env object at 0x7f153b1487a0>
2023-11-23 03:43:18,823 - rasterio._base - DEBUG - Sharing flag: 0
2023-11-23 03:43:18,823 - rasterio._base - DEBUG - Nodata success: 0, Nodata value: 0.000000
2023-11-23 03:43:18,824 - rasterio._base - DEBUG - Dataset <open DatasetReader name='/home/swx/present_weather/src/H09_B13_Indonesia_20231123.Z0330.cor.tiff' mode='r'> is started.
2023-11-23 03:43:18,824 - rasterio.env - DEBUG - Exiting env context: <rasterio.env.Env object at 0x7f153b1487a0>
2023-11-23 03:43:18,824 - rasterio.env - DEBUG - Cleared existing <rasterio._env.GDALEnv object at 0x7f153b1486a0> options
2023-11-23 03:43:18,824 - rasterio._env - DEBUG - Stopped GDALEnv <rasterio._env.GDALEnv object at 0x7f153b1486a0>.
2023-11-23 03:43:18,824 - rasterio.env - DEBUG - Exiting outermost env
2023-11-23 03:43:18,824 - rasterio.env - DEBUG - Exited env context: <rasterio.env.Env object at 0x7f153b1487a0>
2023-11-23 03:43:18,860 - root - INFO - dask.bag<lambda, npartitions=20>
2023-11-23 03:44:23,639 - root - INFO - Total elapsed time: 0:01:19.890991
