2023-11-05 02:00:03,685 - root - INFO - Initiating present weather
2023-11-05 02:00:03,694 - urllib3.connectionpool - DEBUG - Starting new HTTPS connection (1): radar.bmkg.go.id:8060
2023-11-05 02:00:08,772 - urllib3.connectionpool - DEBUG - https://radar.bmkg.go.id:8060 "GET /getRadarGeotif?token=19387e71e78522ae4172ec0fda640983b8438c9cfa0ca571623cb69d8327&radar=amandemenForecast&type=latest HTTP/1.1" 200 90
2023-11-05 02:00:08,775 - rasterio.env - DEBUG - Entering env context: <rasterio.env.Env object at 0x7f1ffbe10170>
2023-11-05 02:00:08,776 - rasterio.env - DEBUG - Starting outermost env
2023-11-05 02:00:08,776 - rasterio.env - DEBUG - No GDAL environment exists
2023-11-05 02:00:08,776 - rasterio.env - DEBUG - New GDAL environment <rasterio._env.GDALEnv object at 0x7f20459b1a80> created
2023-11-05 02:00:08,781 - rasterio._filepath - DEBUG - Installing FilePath filesystem handler plugin...
2023-11-05 02:00:08,782 - rasterio._env - DEBUG - GDAL data found in package: path='/home/swx/miniconda3/envs/present_weather/lib/python3.12/site-packages/rasterio/gdal_data'.
2023-11-05 02:00:08,782 - rasterio._env - DEBUG - PROJ_LIB found in environment.
2023-11-05 02:00:08,782 - rasterio._env - DEBUG - Started GDALEnv: self=<rasterio._env.GDALEnv object at 0x7f20459b1a80>.
2023-11-05 02:00:08,782 - rasterio.env - DEBUG - Entered env context: <rasterio.env.Env object at 0x7f1ffbe10170>
2023-11-05 02:00:08,782 - rasterio._base - DEBUG - Sharing flag: 0
2023-11-05 02:00:08,945 - rasterio._base - DEBUG - Nodata success: 1, Nodata value: nan
2023-11-05 02:00:08,946 - rasterio._base - DEBUG - Dataset <open DatasetReader name='https://radar.bmkg.go.id/raster/radarsatelit_202311050140.tif' mode='r'> is started.
2023-11-05 02:00:08,946 - rasterio.env - DEBUG - Exiting env context: <rasterio.env.Env object at 0x7f1ffbe10170>
2023-11-05 02:00:08,946 - rasterio.env - DEBUG - Cleared existing <rasterio._env.GDALEnv object at 0x7f20459b1a80> options
2023-11-05 02:00:08,946 - rasterio._env - DEBUG - Stopped GDALEnv <rasterio._env.GDALEnv object at 0x7f20459b1a80>.
2023-11-05 02:00:08,947 - rasterio.env - DEBUG - Exiting outermost env
2023-11-05 02:00:08,947 - rasterio.env - DEBUG - Exited env context: <rasterio.env.Env object at 0x7f1ffbe10170>
2023-11-05 02:00:08,947 - rasterio.env - DEBUG - Entering env context: <rasterio.env.Env object at 0x7f2045d3e2d0>
2023-11-05 02:00:08,947 - rasterio.env - DEBUG - Starting outermost env
2023-11-05 02:00:08,947 - rasterio.env - DEBUG - No GDAL environment exists
2023-11-05 02:00:08,947 - rasterio.env - DEBUG - New GDAL environment <rasterio._env.GDALEnv object at 0x7f203d088400> created
2023-11-05 02:00:08,948 - rasterio._env - DEBUG - GDAL data found in package: path='/home/swx/miniconda3/envs/present_weather/lib/python3.12/site-packages/rasterio/gdal_data'.
2023-11-05 02:00:08,948 - rasterio._env - DEBUG - PROJ_LIB found in environment.
2023-11-05 02:00:08,948 - rasterio._env - DEBUG - Started GDALEnv: self=<rasterio._env.GDALEnv object at 0x7f203d088400>.
2023-11-05 02:00:08,948 - rasterio.env - DEBUG - Entered env context: <rasterio.env.Env object at 0x7f2045d3e2d0>
2023-11-05 02:00:08,949 - rasterio.env - DEBUG - Got a copy of environment <rasterio._env.GDALEnv object at 0x7f203d088400> options
2023-11-05 02:00:08,949 - rasterio.env - DEBUG - Entering env context: <rasterio.env.Env object at 0x7f1ffbb41e50>
2023-11-05 02:00:08,949 - rasterio.env - DEBUG - Got a copy of environment <rasterio._env.GDALEnv object at 0x7f203d088400> options
2023-11-05 02:00:08,949 - rasterio.env - DEBUG - Entered env context: <rasterio.env.Env object at 0x7f1ffbb41e50>
2023-11-05 02:00:08,949 - rasterio._base - DEBUG - Sharing flag: 0
2023-11-05 02:00:08,950 - rasterio._base - DEBUG - Nodata success: 1, Nodata value: nan
2023-11-05 02:00:08,950 - rasterio._base - DEBUG - Dataset <open DatasetReader name='https://radar.bmkg.go.id/raster/radarsatelit_202311050140.tif' mode='r'> is started.
2023-11-05 02:00:08,950 - rasterio.env - DEBUG - Exiting env context: <rasterio.env.Env object at 0x7f1ffbb41e50>
2023-11-05 02:00:08,951 - rasterio.env - DEBUG - Cleared existing <rasterio._env.GDALEnv object at 0x7f203d088400> options
2023-11-05 02:00:08,951 - rasterio._env - DEBUG - Stopped GDALEnv <rasterio._env.GDALEnv object at 0x7f203d088400>.
2023-11-05 02:00:08,951 - rasterio.env - DEBUG - No GDAL environment exists
2023-11-05 02:00:08,951 - rasterio.env - DEBUG - New GDAL environment <rasterio._env.GDALEnv object at 0x7f203d088400> created
2023-11-05 02:00:08,951 - rasterio._env - DEBUG - GDAL data found in package: path='/home/swx/miniconda3/envs/present_weather/lib/python3.12/site-packages/rasterio/gdal_data'.
2023-11-05 02:00:08,951 - rasterio._env - DEBUG - PROJ_LIB found in environment.
2023-11-05 02:00:08,952 - rasterio._env - DEBUG - Started GDALEnv: self=<rasterio._env.GDALEnv object at 0x7f203d088400>.
2023-11-05 02:00:08,952 - rasterio.env - DEBUG - Exited env context: <rasterio.env.Env object at 0x7f1ffbb41e50>
2023-11-05 02:00:08,983 - rasterio._io - DEBUG - Output nodata value read from file: nan
2023-11-05 02:00:08,983 - rasterio._io - DEBUG - Output nodata values: [nan]
2023-11-05 02:00:08,984 - rasterio._io - DEBUG - all_valid: False
2023-11-05 02:00:08,984 - rasterio._io - DEBUG - mask_flags: ([<MaskFlags.nodata: 8>],)
2023-11-05 02:00:08,984 - rasterio._io - DEBUG - Jump straight to _read()
2023-11-05 02:00:08,984 - rasterio._io - DEBUG - Window: Window(col_off=0, row_off=0, width=10215, height=3792)
2023-11-05 02:00:08,984 - rasterio._io - DEBUG - IO window xoff=0.0 yoff=0.0 width=10215.0 height=3792.0
2023-11-05 02:00:09,607 - rasterio.env - DEBUG - Exiting env context: <rasterio.env.Env object at 0x7f2045d3e2d0>
2023-11-05 02:00:09,607 - rasterio.env - DEBUG - Cleared existing <rasterio._env.GDALEnv object at 0x7f203d088400> options
2023-11-05 02:00:09,607 - rasterio._env - DEBUG - Stopped GDALEnv <rasterio._env.GDALEnv object at 0x7f203d088400>.
2023-11-05 02:00:09,607 - rasterio.env - DEBUG - Exiting outermost env
2023-11-05 02:00:09,608 - rasterio.env - DEBUG - Exited env context: <rasterio.env.Env object at 0x7f2045d3e2d0>
2023-11-05 02:00:09,610 - urllib3.connectionpool - DEBUG - Starting new HTTPS connection (1): radar.bmkg.go.id:8060
2023-11-05 02:00:09,681 - urllib3.connectionpool - DEBUG - https://radar.bmkg.go.id:8060 "GET /getLatestLD?typeData=1 HTTP/1.1" 200 53087
2023-11-05 02:00:09,711 - asyncio - DEBUG - Using selector: EpollSelector
2023-11-05 02:19:20,716 - root - INFO - Total elapsed time: 0:19:17.031309
