2023-11-25 09:03:03,770 - root - INFO - Initiating present weather
2023-11-25 09:03:03,774 - asyncio - DEBUG - Using selector: EpollSelector
2023-11-25 09:03:07,084 - urllib3.connectionpool - DEBUG - Starting new HTTPS connection (1): radar.bmkg.go.id:8060
2023-11-25 09:03:07,151 - urllib3.connectionpool - DEBUG - https://radar.bmkg.go.id:8060 "GET /getRadarGeotif?token=19387e71e78522ae4172ec0fda640983b8438c9cfa0ca571623cb69d8327&radar=amandemenForecast&type=latest HTTP/1.1" 200 90
2023-11-25 09:03:07,154 - rasterio.env - DEBUG - Entering env context: <rasterio.env.Env object at 0x7fd1ef2b0c50>
2023-11-25 09:03:07,155 - rasterio.env - DEBUG - Starting outermost env
2023-11-25 09:03:07,155 - rasterio.env - DEBUG - No GDAL environment exists
2023-11-25 09:03:07,155 - rasterio.env - DEBUG - New GDAL environment <rasterio._env.GDALEnv object at 0x7fd1ee63a740> created
2023-11-25 09:03:07,160 - rasterio._filepath - DEBUG - Installing FilePath filesystem handler plugin...
2023-11-25 09:03:07,160 - rasterio._env - DEBUG - GDAL data found in package: path='/home/swx/miniconda3/envs/present_weather/lib/python3.12/site-packages/rasterio/gdal_data'.
2023-11-25 09:03:07,160 - rasterio._env - DEBUG - PROJ_LIB found in environment.
2023-11-25 09:03:07,160 - rasterio._env - DEBUG - Started GDALEnv: self=<rasterio._env.GDALEnv object at 0x7fd1ee63a740>.
2023-11-25 09:03:07,161 - rasterio.env - DEBUG - Entered env context: <rasterio.env.Env object at 0x7fd1ef2b0c50>
2023-11-25 09:03:07,161 - rasterio._base - DEBUG - Sharing flag: 0
2023-11-25 09:03:07,379 - rasterio._base - DEBUG - Nodata success: 1, Nodata value: nan
2023-11-25 09:03:07,379 - rasterio._base - DEBUG - Dataset <open DatasetReader name='https://radar.bmkg.go.id/raster/radarsatelit_202311250900.tif' mode='r'> is started.
2023-11-25 09:03:07,379 - rasterio.env - DEBUG - Exiting env context: <rasterio.env.Env object at 0x7fd1ef2b0c50>
2023-11-25 09:03:07,380 - rasterio.env - DEBUG - Cleared existing <rasterio._env.GDALEnv object at 0x7fd1ee63a740> options
2023-11-25 09:03:07,380 - rasterio._env - DEBUG - Stopped GDALEnv <rasterio._env.GDALEnv object at 0x7fd1ee63a740>.
2023-11-25 09:03:07,380 - rasterio.env - DEBUG - Exiting outermost env
2023-11-25 09:03:07,380 - rasterio.env - DEBUG - Exited env context: <rasterio.env.Env object at 0x7fd1ef2b0c50>
2023-11-25 09:03:07,380 - rasterio.env - DEBUG - Entering env context: <rasterio.env.Env object at 0x7fd1ee63a750>
2023-11-25 09:03:07,380 - rasterio.env - DEBUG - Starting outermost env
2023-11-25 09:03:07,380 - rasterio.env - DEBUG - No GDAL environment exists
2023-11-25 09:03:07,380 - rasterio.env - DEBUG - New GDAL environment <rasterio._env.GDALEnv object at 0x7fd1ee82b100> created
2023-11-25 09:03:07,381 - rasterio._env - DEBUG - GDAL data found in package: path='/home/swx/miniconda3/envs/present_weather/lib/python3.12/site-packages/rasterio/gdal_data'.
2023-11-25 09:03:07,381 - rasterio._env - DEBUG - PROJ_LIB found in environment.
2023-11-25 09:03:07,381 - rasterio._env - DEBUG - Started GDALEnv: self=<rasterio._env.GDALEnv object at 0x7fd1ee82b100>.
2023-11-25 09:03:07,381 - rasterio.env - DEBUG - Entered env context: <rasterio.env.Env object at 0x7fd1ee63a750>
2023-11-25 09:03:07,382 - rasterio.env - DEBUG - Got a copy of environment <rasterio._env.GDALEnv object at 0x7fd1ee82b100> options
2023-11-25 09:03:07,382 - rasterio.env - DEBUG - Entering env context: <rasterio.env.Env object at 0x7fd1ec11fe60>
2023-11-25 09:03:07,382 - rasterio.env - DEBUG - Got a copy of environment <rasterio._env.GDALEnv object at 0x7fd1ee82b100> options
2023-11-25 09:03:07,382 - rasterio.env - DEBUG - Entered env context: <rasterio.env.Env object at 0x7fd1ec11fe60>
2023-11-25 09:03:07,383 - rasterio._base - DEBUG - Sharing flag: 0
2023-11-25 09:03:07,383 - rasterio._base - DEBUG - Nodata success: 1, Nodata value: nan
2023-11-25 09:03:07,384 - rasterio._base - DEBUG - Dataset <open DatasetReader name='https://radar.bmkg.go.id/raster/radarsatelit_202311250900.tif' mode='r'> is started.
2023-11-25 09:03:07,384 - rasterio.env - DEBUG - Exiting env context: <rasterio.env.Env object at 0x7fd1ec11fe60>
2023-11-25 09:03:07,384 - rasterio.env - DEBUG - Cleared existing <rasterio._env.GDALEnv object at 0x7fd1ee82b100> options
2023-11-25 09:03:07,384 - rasterio._env - DEBUG - Stopped GDALEnv <rasterio._env.GDALEnv object at 0x7fd1ee82b100>.
2023-11-25 09:03:07,384 - rasterio.env - DEBUG - No GDAL environment exists
2023-11-25 09:03:07,384 - rasterio.env - DEBUG - New GDAL environment <rasterio._env.GDALEnv object at 0x7fd1ee82b100> created
2023-11-25 09:03:07,385 - rasterio._env - DEBUG - GDAL data found in package: path='/home/swx/miniconda3/envs/present_weather/lib/python3.12/site-packages/rasterio/gdal_data'.
2023-11-25 09:03:07,385 - rasterio._env - DEBUG - PROJ_LIB found in environment.
2023-11-25 09:03:07,385 - rasterio._env - DEBUG - Started GDALEnv: self=<rasterio._env.GDALEnv object at 0x7fd1ee82b100>.
2023-11-25 09:03:07,385 - rasterio.env - DEBUG - Exited env context: <rasterio.env.Env object at 0x7fd1ec11fe60>
2023-11-25 09:03:07,418 - rasterio._io - DEBUG - Output nodata value read from file: nan
2023-11-25 09:03:07,418 - rasterio._io - DEBUG - Output nodata values: [nan]
2023-11-25 09:03:07,418 - rasterio._io - DEBUG - all_valid: False
2023-11-25 09:03:07,418 - rasterio._io - DEBUG - mask_flags: ([<MaskFlags.nodata: 8>],)
2023-11-25 09:03:07,419 - rasterio._io - DEBUG - Jump straight to _read()
2023-11-25 09:03:07,419 - rasterio._io - DEBUG - Window: Window(col_off=0, row_off=0, width=10215, height=3792)
2023-11-25 09:03:07,419 - rasterio._io - DEBUG - IO window xoff=0.0 yoff=0.0 width=10215.0 height=3792.0
2023-11-25 09:03:08,269 - rasterio.env - DEBUG - Exiting env context: <rasterio.env.Env object at 0x7fd1ee63a750>
2023-11-25 09:03:08,269 - rasterio.env - DEBUG - Cleared existing <rasterio._env.GDALEnv object at 0x7fd1ee82b100> options
2023-11-25 09:03:08,269 - rasterio._env - DEBUG - Stopped GDALEnv <rasterio._env.GDALEnv object at 0x7fd1ee82b100>.
2023-11-25 09:03:08,269 - rasterio.env - DEBUG - Exiting outermost env
2023-11-25 09:03:08,269 - rasterio.env - DEBUG - Exited env context: <rasterio.env.Env object at 0x7fd1ee63a750>
2023-11-25 09:03:08,271 - urllib3.connectionpool - DEBUG - Starting new HTTPS connection (1): radar.bmkg.go.id:8060
2023-11-25 09:03:08,329 - urllib3.connectionpool - DEBUG - https://radar.bmkg.go.id:8060 "GET /getLatestLD?typeData=1 HTTP/1.1" 200 9129
2023-11-25 09:03:08,339 - root - INFO - Generating present weather using RADAR data
2023-11-25 09:03:11,668 - root - INFO - dask.bag<lambda, npartitions=20>
2023-11-25 09:15:38,223 - root - INFO - Total elapsed time: 0:12:34.453742
