2023-12-06 11:23:02,551 - root - INFO - Initiating present weather
2023-12-06 11:23:02,553 - asyncio - DEBUG - Using selector: EpollSelector
2023-12-06 11:23:04,121 - urllib3.connectionpool - DEBUG - Starting new HTTPS connection (1): radar.bmkg.go.id:8060
2023-12-06 11:23:04,133 - urllib3.connectionpool - DEBUG - https://radar.bmkg.go.id:8060 "GET /getLatestLD?typeData=1 HTTP/1.1" 200 62
2023-12-06 11:23:04,135 - urllib3.connectionpool - DEBUG - Starting new HTTPS connection (1): radar.bmkg.go.id:8060
2023-12-06 11:23:04,156 - urllib3.connectionpool - DEBUG - https://radar.bmkg.go.id:8060 "GET /getRadarGeotif?token=19387e71e78522ae4172ec0fda640983b8438c9cfa0ca571623cb69d8327&radar=amandemenForecast&type=latest HTTP/1.1" 200 90
2023-12-06 11:23:04,157 - rasterio.env - DEBUG - Entering env context: <rasterio.env.Env object at 0x7f3d9c06ff10>
2023-12-06 11:23:04,157 - rasterio.env - DEBUG - Starting outermost env
2023-12-06 11:23:04,157 - rasterio.env - DEBUG - No GDAL environment exists
2023-12-06 11:23:04,157 - rasterio.env - DEBUG - New GDAL environment <rasterio._env.GDALEnv object at 0x7f3d9c06feb0> created
2023-12-06 11:23:04,160 - rasterio._filepath - DEBUG - Installing FilePath filesystem handler plugin...
2023-12-06 11:23:04,160 - rasterio._env - DEBUG - GDAL data found in package: path='/home/metpublic/PYTHON_VENV/present_weather/lib/python3.10/site-packages/rasterio/gdal_data'.
2023-12-06 11:23:04,160 - rasterio._env - DEBUG - PROJ data found in package: path='/home/metpublic/PYTHON_VENV/present_weather/lib/python3.10/site-packages/rasterio/proj_data'.
2023-12-06 11:23:04,160 - rasterio._env - DEBUG - Started GDALEnv: self=<rasterio._env.GDALEnv object at 0x7f3d9c06feb0>.
2023-12-06 11:23:04,161 - rasterio.env - DEBUG - Entered env context: <rasterio.env.Env object at 0x7f3d9c06ff10>
2023-12-06 11:23:04,161 - rasterio._base - DEBUG - Sharing flag: 0
2023-12-06 11:23:04,405 - rasterio._base - DEBUG - Nodata success: 1, Nodata value: nan
2023-12-06 11:23:04,406 - rasterio._base - DEBUG - Dataset <open DatasetReader name='https://radar.bmkg.go.id/raster/radarsatelit_202312061120.tif' mode='r'> is started.
2023-12-06 11:23:04,407 - rasterio.env - DEBUG - Exiting env context: <rasterio.env.Env object at 0x7f3d9c06ff10>
2023-12-06 11:23:04,407 - rasterio.env - DEBUG - Cleared existing <rasterio._env.GDALEnv object at 0x7f3d9c06feb0> options
2023-12-06 11:23:04,407 - rasterio._env - DEBUG - Stopped GDALEnv <rasterio._env.GDALEnv object at 0x7f3d9c06feb0>.
2023-12-06 11:23:04,407 - rasterio.env - DEBUG - Exiting outermost env
2023-12-06 11:23:04,407 - rasterio.env - DEBUG - Exited env context: <rasterio.env.Env object at 0x7f3d9c06ff10>
2023-12-06 11:23:04,407 - rasterio.env - DEBUG - Entering env context: <rasterio.env.Env object at 0x7f3d9d9b46d0>
2023-12-06 11:23:04,407 - rasterio.env - DEBUG - Starting outermost env
2023-12-06 11:23:04,407 - rasterio.env - DEBUG - No GDAL environment exists
2023-12-06 11:23:04,407 - rasterio.env - DEBUG - New GDAL environment <rasterio._env.GDALEnv object at 0x7f3d9e32ac80> created
2023-12-06 11:23:04,408 - rasterio._env - DEBUG - GDAL data found in package: path='/home/metpublic/PYTHON_VENV/present_weather/lib/python3.10/site-packages/rasterio/gdal_data'.
2023-12-06 11:23:04,408 - rasterio._env - DEBUG - PROJ data found in package: path='/home/metpublic/PYTHON_VENV/present_weather/lib/python3.10/site-packages/rasterio/proj_data'.
2023-12-06 11:23:04,408 - rasterio._env - DEBUG - Started GDALEnv: self=<rasterio._env.GDALEnv object at 0x7f3d9e32ac80>.
2023-12-06 11:23:04,408 - rasterio.env - DEBUG - Entered env context: <rasterio.env.Env object at 0x7f3d9d9b46d0>
2023-12-06 11:23:04,409 - rasterio.env - DEBUG - Got a copy of environment <rasterio._env.GDALEnv object at 0x7f3d9e32ac80> options
2023-12-06 11:23:04,409 - rasterio.env - DEBUG - Entering env context: <rasterio.env.Env object at 0x7f3d9c0bc190>
2023-12-06 11:23:04,409 - rasterio.env - DEBUG - Got a copy of environment <rasterio._env.GDALEnv object at 0x7f3d9e32ac80> options
2023-12-06 11:23:04,409 - rasterio.env - DEBUG - Entered env context: <rasterio.env.Env object at 0x7f3d9c0bc190>
2023-12-06 11:23:04,409 - rasterio._base - DEBUG - Sharing flag: 0
2023-12-06 11:23:04,410 - rasterio._base - DEBUG - Nodata success: 1, Nodata value: nan
2023-12-06 11:23:04,411 - rasterio._base - DEBUG - Dataset <open DatasetReader name='https://radar.bmkg.go.id/raster/radarsatelit_202312061120.tif' mode='r'> is started.
2023-12-06 11:23:04,411 - rasterio.env - DEBUG - Exiting env context: <rasterio.env.Env object at 0x7f3d9c0bc190>
2023-12-06 11:23:04,411 - rasterio.env - DEBUG - Cleared existing <rasterio._env.GDALEnv object at 0x7f3d9e32ac80> options
2023-12-06 11:23:04,411 - rasterio._env - DEBUG - Stopped GDALEnv <rasterio._env.GDALEnv object at 0x7f3d9e32ac80>.
2023-12-06 11:23:04,411 - rasterio.env - DEBUG - No GDAL environment exists
2023-12-06 11:23:04,411 - rasterio.env - DEBUG - New GDAL environment <rasterio._env.GDALEnv object at 0x7f3d9e32ac80> created
2023-12-06 11:23:04,411 - rasterio._env - DEBUG - GDAL data found in package: path='/home/metpublic/PYTHON_VENV/present_weather/lib/python3.10/site-packages/rasterio/gdal_data'.
2023-12-06 11:23:04,411 - rasterio._env - DEBUG - PROJ data found in package: path='/home/metpublic/PYTHON_VENV/present_weather/lib/python3.10/site-packages/rasterio/proj_data'.
2023-12-06 11:23:04,412 - rasterio._env - DEBUG - Started GDALEnv: self=<rasterio._env.GDALEnv object at 0x7f3d9e32ac80>.
2023-12-06 11:23:04,412 - rasterio.env - DEBUG - Exited env context: <rasterio.env.Env object at 0x7f3d9c0bc190>
2023-12-06 11:23:04,429 - rasterio._io - DEBUG - Output nodata value read from file: nan
2023-12-06 11:23:04,429 - rasterio._io - DEBUG - Output nodata values: [nan]
2023-12-06 11:23:04,430 - rasterio._io - DEBUG - all_valid: False
2023-12-06 11:23:04,430 - rasterio._io - DEBUG - mask_flags: ([<MaskFlags.nodata: 8>],)
2023-12-06 11:23:04,430 - rasterio._io - DEBUG - Jump straight to _read()
2023-12-06 11:23:04,430 - rasterio._io - DEBUG - Window: Window(col_off=0, row_off=0, width=10215, height=3792)
2023-12-06 11:23:04,430 - rasterio._io - DEBUG - IO window xoff=0.0 yoff=0.0 width=10215.0 height=3792.0
2023-12-06 11:23:05,029 - rasterio.env - DEBUG - Exiting env context: <rasterio.env.Env object at 0x7f3d9d9b46d0>
2023-12-06 11:23:05,029 - rasterio.env - DEBUG - Cleared existing <rasterio._env.GDALEnv object at 0x7f3d9e32ac80> options
2023-12-06 11:23:05,029 - rasterio._env - DEBUG - Stopped GDALEnv <rasterio._env.GDALEnv object at 0x7f3d9e32ac80>.
2023-12-06 11:23:05,029 - rasterio.env - DEBUG - Exiting outermost env
2023-12-06 11:23:05,029 - rasterio.env - DEBUG - Exited env context: <rasterio.env.Env object at 0x7f3d9d9b46d0>
2023-12-06 11:29:54,009 - root - INFO - Total elapsed time: 0:06:51.457705
