2023-11-23 17:23:03,199 - root - INFO - Initiating present weather
2023-11-23 17:23:03,203 - asyncio - DEBUG - Using selector: EpollSelector
2023-11-23 17:23:06,490 - urllib3.connectionpool - DEBUG - Starting new HTTPS connection (1): radar.bmkg.go.id:8060
2023-11-23 17:23:06,558 - urllib3.connectionpool - DEBUG - https://radar.bmkg.go.id:8060 "GET /getRadarGeotif?token=19387e71e78522ae4172ec0fda640983b8438c9cfa0ca571623cb69d8327&radar=amandemenForecast&type=latest HTTP/1.1" 200 90
2023-11-23 17:23:06,561 - rasterio.env - DEBUG - Entering env context: <rasterio.env.Env object at 0x7f59a6c89250>
2023-11-23 17:23:06,561 - rasterio.env - DEBUG - Starting outermost env
2023-11-23 17:23:06,562 - rasterio.env - DEBUG - No GDAL environment exists
2023-11-23 17:23:06,562 - rasterio.env - DEBUG - New GDAL environment <rasterio._env.GDALEnv object at 0x7f59a6fa3ac0> created
2023-11-23 17:23:06,566 - rasterio._filepath - DEBUG - Installing FilePath filesystem handler plugin...
2023-11-23 17:23:06,566 - rasterio._env - DEBUG - GDAL data found in package: path='/home/swx/miniconda3/envs/present_weather/lib/python3.12/site-packages/rasterio/gdal_data'.
2023-11-23 17:23:06,566 - rasterio._env - DEBUG - PROJ_LIB found in environment.
2023-11-23 17:23:06,567 - rasterio._env - DEBUG - Started GDALEnv: self=<rasterio._env.GDALEnv object at 0x7f59a6fa3ac0>.
2023-11-23 17:23:06,567 - rasterio.env - DEBUG - Entered env context: <rasterio.env.Env object at 0x7f59a6c89250>
2023-11-23 17:23:06,568 - rasterio._base - DEBUG - Sharing flag: 0
2023-11-23 17:23:06,782 - rasterio._base - DEBUG - Nodata success: 1, Nodata value: nan
2023-11-23 17:23:06,782 - rasterio._base - DEBUG - Dataset <open DatasetReader name='https://radar.bmkg.go.id/raster/radarsatelit_202311231720.tif' mode='r'> is started.
2023-11-23 17:23:06,783 - rasterio.env - DEBUG - Exiting env context: <rasterio.env.Env object at 0x7f59a6c89250>
2023-11-23 17:23:06,783 - rasterio.env - DEBUG - Cleared existing <rasterio._env.GDALEnv object at 0x7f59a6fa3ac0> options
2023-11-23 17:23:06,783 - rasterio._env - DEBUG - Stopped GDALEnv <rasterio._env.GDALEnv object at 0x7f59a6fa3ac0>.
2023-11-23 17:23:06,783 - rasterio.env - DEBUG - Exiting outermost env
2023-11-23 17:23:06,783 - rasterio.env - DEBUG - Exited env context: <rasterio.env.Env object at 0x7f59a6c89250>
2023-11-23 17:23:06,783 - rasterio.env - DEBUG - Entering env context: <rasterio.env.Env object at 0x7f59a6fa3ad0>
2023-11-23 17:23:06,783 - rasterio.env - DEBUG - Starting outermost env
2023-11-23 17:23:06,784 - rasterio.env - DEBUG - No GDAL environment exists
2023-11-23 17:23:06,784 - rasterio.env - DEBUG - New GDAL environment <rasterio._env.GDALEnv object at 0x7f59a6d0a8c0> created
2023-11-23 17:23:06,785 - rasterio._env - DEBUG - GDAL data found in package: path='/home/swx/miniconda3/envs/present_weather/lib/python3.12/site-packages/rasterio/gdal_data'.
2023-11-23 17:23:06,785 - rasterio._env - DEBUG - PROJ_LIB found in environment.
2023-11-23 17:23:06,786 - rasterio._env - DEBUG - Started GDALEnv: self=<rasterio._env.GDALEnv object at 0x7f59a6d0a8c0>.
2023-11-23 17:23:06,786 - rasterio.env - DEBUG - Entered env context: <rasterio.env.Env object at 0x7f59a6fa3ad0>
2023-11-23 17:23:06,787 - rasterio.env - DEBUG - Got a copy of environment <rasterio._env.GDALEnv object at 0x7f59a6d0a8c0> options
2023-11-23 17:23:06,787 - rasterio.env - DEBUG - Entering env context: <rasterio.env.Env object at 0x7f59a6303fe0>
2023-11-23 17:23:06,787 - rasterio.env - DEBUG - Got a copy of environment <rasterio._env.GDALEnv object at 0x7f59a6d0a8c0> options
2023-11-23 17:23:06,787 - rasterio.env - DEBUG - Entered env context: <rasterio.env.Env object at 0x7f59a6303fe0>
2023-11-23 17:23:06,787 - rasterio._base - DEBUG - Sharing flag: 0
2023-11-23 17:23:06,788 - rasterio._base - DEBUG - Nodata success: 1, Nodata value: nan
2023-11-23 17:23:06,788 - rasterio._base - DEBUG - Dataset <open DatasetReader name='https://radar.bmkg.go.id/raster/radarsatelit_202311231720.tif' mode='r'> is started.
2023-11-23 17:23:06,789 - rasterio.env - DEBUG - Exiting env context: <rasterio.env.Env object at 0x7f59a6303fe0>
2023-11-23 17:23:06,789 - rasterio.env - DEBUG - Cleared existing <rasterio._env.GDALEnv object at 0x7f59a6d0a8c0> options
2023-11-23 17:23:06,789 - rasterio._env - DEBUG - Stopped GDALEnv <rasterio._env.GDALEnv object at 0x7f59a6d0a8c0>.
2023-11-23 17:23:06,789 - rasterio.env - DEBUG - No GDAL environment exists
2023-11-23 17:23:06,789 - rasterio.env - DEBUG - New GDAL environment <rasterio._env.GDALEnv object at 0x7f59a6d0a8c0> created
2023-11-23 17:23:06,789 - rasterio._env - DEBUG - GDAL data found in package: path='/home/swx/miniconda3/envs/present_weather/lib/python3.12/site-packages/rasterio/gdal_data'.
2023-11-23 17:23:06,790 - rasterio._env - DEBUG - PROJ_LIB found in environment.
2023-11-23 17:23:06,790 - rasterio._env - DEBUG - Started GDALEnv: self=<rasterio._env.GDALEnv object at 0x7f59a6d0a8c0>.
2023-11-23 17:23:06,790 - rasterio.env - DEBUG - Exited env context: <rasterio.env.Env object at 0x7f59a6303fe0>
2023-11-23 17:23:06,817 - rasterio._io - DEBUG - Output nodata value read from file: nan
2023-11-23 17:23:06,817 - rasterio._io - DEBUG - Output nodata values: [nan]
2023-11-23 17:23:06,818 - rasterio._io - DEBUG - all_valid: False
2023-11-23 17:23:06,818 - rasterio._io - DEBUG - mask_flags: ([<MaskFlags.nodata: 8>],)
2023-11-23 17:23:06,818 - rasterio._io - DEBUG - Jump straight to _read()
2023-11-23 17:23:06,818 - rasterio._io - DEBUG - Window: Window(col_off=0, row_off=0, width=10215, height=3789)
2023-11-23 17:23:06,819 - rasterio._io - DEBUG - IO window xoff=0.0 yoff=0.0 width=10215.0 height=3789.0
2023-11-23 17:23:07,607 - rasterio.env - DEBUG - Exiting env context: <rasterio.env.Env object at 0x7f59a6fa3ad0>
2023-11-23 17:23:07,608 - rasterio.env - DEBUG - Cleared existing <rasterio._env.GDALEnv object at 0x7f59a6d0a8c0> options
2023-11-23 17:23:07,608 - rasterio._env - DEBUG - Stopped GDALEnv <rasterio._env.GDALEnv object at 0x7f59a6d0a8c0>.
2023-11-23 17:23:07,608 - rasterio.env - DEBUG - Exiting outermost env
2023-11-23 17:23:07,608 - rasterio.env - DEBUG - Exited env context: <rasterio.env.Env object at 0x7f59a6fa3ad0>
2023-11-23 17:23:07,610 - urllib3.connectionpool - DEBUG - Starting new HTTPS connection (1): radar.bmkg.go.id:8060
2023-11-23 17:23:07,667 - urllib3.connectionpool - DEBUG - https://radar.bmkg.go.id:8060 "GET /getLatestLD?typeData=1 HTTP/1.1" 200 3557
2023-11-23 17:23:11,064 - root - INFO - dask.bag<lambda, npartitions=20>
2023-11-23 17:27:15,824 - root - INFO - Total elapsed time: 0:04:12.625913
