2023-11-20 07:03:03,179 - root - INFO - Initiating present weather
2023-11-20 07:03:03,183 - urllib3.connectionpool - DEBUG - Starting new HTTPS connection (1): radar.bmkg.go.id:8060
2023-11-20 07:03:03,256 - urllib3.connectionpool - DEBUG - https://radar.bmkg.go.id:8060 "GET /getRadarGeotif?token=19387e71e78522ae4172ec0fda640983b8438c9cfa0ca571623cb69d8327&radar=amandemenForecast&type=latest HTTP/1.1" 200 90
2023-11-20 07:03:03,258 - rasterio.env - DEBUG - Entering env context: <rasterio.env.Env object at 0x7f7e55566240>
2023-11-20 07:03:03,259 - rasterio.env - DEBUG - Starting outermost env
2023-11-20 07:03:03,259 - rasterio.env - DEBUG - No GDAL environment exists
2023-11-20 07:03:03,259 - rasterio.env - DEBUG - New GDAL environment <rasterio._env.GDALEnv object at 0x7f7e14124d60> created
2023-11-20 07:03:03,264 - rasterio._filepath - DEBUG - Installing FilePath filesystem handler plugin...
2023-11-20 07:03:03,264 - rasterio._env - DEBUG - GDAL data found in package: path='/home/swx/miniconda3/envs/present_weather/lib/python3.12/site-packages/rasterio/gdal_data'.
2023-11-20 07:03:03,264 - rasterio._env - DEBUG - PROJ_LIB found in environment.
2023-11-20 07:03:03,264 - rasterio._env - DEBUG - Started GDALEnv: self=<rasterio._env.GDALEnv object at 0x7f7e14124d60>.
2023-11-20 07:03:03,264 - rasterio.env - DEBUG - Entered env context: <rasterio.env.Env object at 0x7f7e55566240>
2023-11-20 07:03:03,265 - rasterio._base - DEBUG - Sharing flag: 0
2023-11-20 07:03:03,458 - rasterio._base - DEBUG - Nodata success: 1, Nodata value: nan
2023-11-20 07:03:03,459 - rasterio._base - DEBUG - Dataset <open DatasetReader name='https://radar.bmkg.go.id/raster/radarsatelit_202311200700.tif' mode='r'> is started.
2023-11-20 07:03:03,459 - rasterio.env - DEBUG - Exiting env context: <rasterio.env.Env object at 0x7f7e55566240>
2023-11-20 07:03:03,459 - rasterio.env - DEBUG - Cleared existing <rasterio._env.GDALEnv object at 0x7f7e14124d60> options
2023-11-20 07:03:03,459 - rasterio._env - DEBUG - Stopped GDALEnv <rasterio._env.GDALEnv object at 0x7f7e14124d60>.
2023-11-20 07:03:03,460 - rasterio.env - DEBUG - Exiting outermost env
2023-11-20 07:03:03,460 - rasterio.env - DEBUG - Exited env context: <rasterio.env.Env object at 0x7f7e55566240>
2023-11-20 07:03:03,460 - rasterio.env - DEBUG - Entering env context: <rasterio.env.Env object at 0x7f7e5e1ca720>
2023-11-20 07:03:03,460 - rasterio.env - DEBUG - Starting outermost env
2023-11-20 07:03:03,460 - rasterio.env - DEBUG - No GDAL environment exists
2023-11-20 07:03:03,460 - rasterio.env - DEBUG - New GDAL environment <rasterio._env.GDALEnv object at 0x7f7e14124d60> created
2023-11-20 07:03:03,461 - rasterio._env - DEBUG - GDAL data found in package: path='/home/swx/miniconda3/envs/present_weather/lib/python3.12/site-packages/rasterio/gdal_data'.
2023-11-20 07:03:03,461 - rasterio._env - DEBUG - PROJ_LIB found in environment.
2023-11-20 07:03:03,461 - rasterio._env - DEBUG - Started GDALEnv: self=<rasterio._env.GDALEnv object at 0x7f7e14124d60>.
2023-11-20 07:03:03,461 - rasterio.env - DEBUG - Entered env context: <rasterio.env.Env object at 0x7f7e5e1ca720>
2023-11-20 07:03:03,462 - rasterio.env - DEBUG - Got a copy of environment <rasterio._env.GDALEnv object at 0x7f7e14124d60> options
2023-11-20 07:03:03,462 - rasterio.env - DEBUG - Entering env context: <rasterio.env.Env object at 0x7f7e558e6cf0>
2023-11-20 07:03:03,462 - rasterio.env - DEBUG - Got a copy of environment <rasterio._env.GDALEnv object at 0x7f7e14124d60> options
2023-11-20 07:03:03,463 - rasterio.env - DEBUG - Entered env context: <rasterio.env.Env object at 0x7f7e558e6cf0>
2023-11-20 07:03:03,463 - rasterio._base - DEBUG - Sharing flag: 0
2023-11-20 07:03:03,464 - rasterio._base - DEBUG - Nodata success: 1, Nodata value: nan
2023-11-20 07:03:03,464 - rasterio._base - DEBUG - Dataset <open DatasetReader name='https://radar.bmkg.go.id/raster/radarsatelit_202311200700.tif' mode='r'> is started.
2023-11-20 07:03:03,464 - rasterio.env - DEBUG - Exiting env context: <rasterio.env.Env object at 0x7f7e558e6cf0>
2023-11-20 07:03:03,464 - rasterio.env - DEBUG - Cleared existing <rasterio._env.GDALEnv object at 0x7f7e14124d60> options
2023-11-20 07:03:03,464 - rasterio._env - DEBUG - Stopped GDALEnv <rasterio._env.GDALEnv object at 0x7f7e14124d60>.
2023-11-20 07:03:03,464 - rasterio.env - DEBUG - No GDAL environment exists
2023-11-20 07:03:03,464 - rasterio.env - DEBUG - New GDAL environment <rasterio._env.GDALEnv object at 0x7f7e14124d60> created
2023-11-20 07:03:03,465 - rasterio._env - DEBUG - GDAL data found in package: path='/home/swx/miniconda3/envs/present_weather/lib/python3.12/site-packages/rasterio/gdal_data'.
2023-11-20 07:03:03,465 - rasterio._env - DEBUG - PROJ_LIB found in environment.
2023-11-20 07:03:03,465 - rasterio._env - DEBUG - Started GDALEnv: self=<rasterio._env.GDALEnv object at 0x7f7e14124d60>.
2023-11-20 07:03:03,465 - rasterio.env - DEBUG - Exited env context: <rasterio.env.Env object at 0x7f7e558e6cf0>
2023-11-20 07:03:03,497 - rasterio._io - DEBUG - Output nodata value read from file: nan
2023-11-20 07:03:03,498 - rasterio._io - DEBUG - Output nodata values: [nan]
2023-11-20 07:03:03,498 - rasterio._io - DEBUG - all_valid: False
2023-11-20 07:03:03,498 - rasterio._io - DEBUG - mask_flags: ([<MaskFlags.nodata: 8>],)
2023-11-20 07:03:03,498 - rasterio._io - DEBUG - Jump straight to _read()
2023-11-20 07:03:03,499 - rasterio._io - DEBUG - Window: Window(col_off=0, row_off=0, width=10215, height=3792)
2023-11-20 07:03:03,499 - rasterio._io - DEBUG - IO window xoff=0.0 yoff=0.0 width=10215.0 height=3792.0
2023-11-20 07:03:04,178 - rasterio.env - DEBUG - Exiting env context: <rasterio.env.Env object at 0x7f7e5e1ca720>
2023-11-20 07:03:04,178 - rasterio.env - DEBUG - Cleared existing <rasterio._env.GDALEnv object at 0x7f7e14124d60> options
2023-11-20 07:03:04,178 - rasterio._env - DEBUG - Stopped GDALEnv <rasterio._env.GDALEnv object at 0x7f7e14124d60>.
2023-11-20 07:03:04,178 - rasterio.env - DEBUG - Exiting outermost env
2023-11-20 07:03:04,178 - rasterio.env - DEBUG - Exited env context: <rasterio.env.Env object at 0x7f7e5e1ca720>
2023-11-20 07:03:04,180 - urllib3.connectionpool - DEBUG - Starting new HTTPS connection (1): radar.bmkg.go.id:8060
2023-11-20 07:03:04,256 - urllib3.connectionpool - DEBUG - https://radar.bmkg.go.id:8060 "GET /getLatestLD?typeData=1 HTTP/1.1" 200 49127
2023-11-20 07:03:04,284 - asyncio - DEBUG - Using selector: EpollSelector
2023-11-20 07:03:11,124 - root - INFO - dask.bag<lambda, npartitions=34>
2023-11-20 07:19:17,238 - root - INFO - Total elapsed time: 0:16:14.060635
