2023-11-16 06:20:03,365 - root - INFO - Initiating present weather
2023-11-16 06:20:03,371 - urllib3.connectionpool - DEBUG - Starting new HTTPS connection (1): radar.bmkg.go.id:8060
2023-11-16 06:20:08,441 - urllib3.connectionpool - DEBUG - https://radar.bmkg.go.id:8060 "GET /getRadarGeotif?token=19387e71e78522ae4172ec0fda640983b8438c9cfa0ca571623cb69d8327&radar=amandemenForecast&type=latest HTTP/1.1" 200 90
2023-11-16 06:20:08,444 - rasterio.env - DEBUG - Entering env context: <rasterio.env.Env object at 0x7ff2209545c0>
2023-11-16 06:20:08,445 - rasterio.env - DEBUG - Starting outermost env
2023-11-16 06:20:08,445 - rasterio.env - DEBUG - No GDAL environment exists
2023-11-16 06:20:08,445 - rasterio.env - DEBUG - New GDAL environment <rasterio._env.GDALEnv object at 0x7ff22086fbb0> created
2023-11-16 06:20:08,450 - rasterio._filepath - DEBUG - Installing FilePath filesystem handler plugin...
2023-11-16 06:20:08,450 - rasterio._env - DEBUG - GDAL data found in package: path='/home/swx/miniconda3/envs/present_weather/lib/python3.12/site-packages/rasterio/gdal_data'.
2023-11-16 06:20:08,450 - rasterio._env - DEBUG - PROJ_LIB found in environment.
2023-11-16 06:20:08,450 - rasterio._env - DEBUG - Started GDALEnv: self=<rasterio._env.GDALEnv object at 0x7ff22086fbb0>.
2023-11-16 06:20:08,451 - rasterio.env - DEBUG - Entered env context: <rasterio.env.Env object at 0x7ff2209545c0>
2023-11-16 06:20:08,451 - rasterio._base - DEBUG - Sharing flag: 0
2023-11-16 06:20:08,686 - rasterio._base - DEBUG - Nodata success: 1, Nodata value: nan
2023-11-16 06:20:08,686 - rasterio._base - DEBUG - Dataset <open DatasetReader name='https://radar.bmkg.go.id/raster/radarsatelit_202311160610.tif' mode='r'> is started.
2023-11-16 06:20:08,686 - rasterio.env - DEBUG - Exiting env context: <rasterio.env.Env object at 0x7ff2209545c0>
2023-11-16 06:20:08,687 - rasterio.env - DEBUG - Cleared existing <rasterio._env.GDALEnv object at 0x7ff22086fbb0> options
2023-11-16 06:20:08,687 - rasterio._env - DEBUG - Stopped GDALEnv <rasterio._env.GDALEnv object at 0x7ff22086fbb0>.
2023-11-16 06:20:08,687 - rasterio.env - DEBUG - Exiting outermost env
2023-11-16 06:20:08,687 - rasterio.env - DEBUG - Exited env context: <rasterio.env.Env object at 0x7ff2209545c0>
2023-11-16 06:20:08,687 - rasterio.env - DEBUG - Entering env context: <rasterio.env.Env object at 0x7ff2286b01d0>
2023-11-16 06:20:08,687 - rasterio.env - DEBUG - Starting outermost env
2023-11-16 06:20:08,687 - rasterio.env - DEBUG - No GDAL environment exists
2023-11-16 06:20:08,687 - rasterio.env - DEBUG - New GDAL environment <rasterio._env.GDALEnv object at 0x7ff27b5c5930> created
2023-11-16 06:20:08,688 - rasterio._env - DEBUG - GDAL data found in package: path='/home/swx/miniconda3/envs/present_weather/lib/python3.12/site-packages/rasterio/gdal_data'.
2023-11-16 06:20:08,688 - rasterio._env - DEBUG - PROJ_LIB found in environment.
2023-11-16 06:20:08,688 - rasterio._env - DEBUG - Started GDALEnv: self=<rasterio._env.GDALEnv object at 0x7ff27b5c5930>.
2023-11-16 06:20:08,689 - rasterio.env - DEBUG - Entered env context: <rasterio.env.Env object at 0x7ff2286b01d0>
2023-11-16 06:20:08,689 - rasterio.env - DEBUG - Got a copy of environment <rasterio._env.GDALEnv object at 0x7ff27b5c5930> options
2023-11-16 06:20:08,689 - rasterio.env - DEBUG - Entering env context: <rasterio.env.Env object at 0x7ff220955eb0>
2023-11-16 06:20:08,689 - rasterio.env - DEBUG - Got a copy of environment <rasterio._env.GDALEnv object at 0x7ff27b5c5930> options
2023-11-16 06:20:08,689 - rasterio.env - DEBUG - Entered env context: <rasterio.env.Env object at 0x7ff220955eb0>
2023-11-16 06:20:08,690 - rasterio._base - DEBUG - Sharing flag: 0
2023-11-16 06:20:08,691 - rasterio._base - DEBUG - Nodata success: 1, Nodata value: nan
2023-11-16 06:20:08,691 - rasterio._base - DEBUG - Dataset <open DatasetReader name='https://radar.bmkg.go.id/raster/radarsatelit_202311160610.tif' mode='r'> is started.
2023-11-16 06:20:08,691 - rasterio.env - DEBUG - Exiting env context: <rasterio.env.Env object at 0x7ff220955eb0>
2023-11-16 06:20:08,691 - rasterio.env - DEBUG - Cleared existing <rasterio._env.GDALEnv object at 0x7ff27b5c5930> options
2023-11-16 06:20:08,691 - rasterio._env - DEBUG - Stopped GDALEnv <rasterio._env.GDALEnv object at 0x7ff27b5c5930>.
2023-11-16 06:20:08,691 - rasterio.env - DEBUG - No GDAL environment exists
2023-11-16 06:20:08,691 - rasterio.env - DEBUG - New GDAL environment <rasterio._env.GDALEnv object at 0x7ff27b5c5930> created
2023-11-16 06:20:08,692 - rasterio._env - DEBUG - GDAL data found in package: path='/home/swx/miniconda3/envs/present_weather/lib/python3.12/site-packages/rasterio/gdal_data'.
2023-11-16 06:20:08,692 - rasterio._env - DEBUG - PROJ_LIB found in environment.
2023-11-16 06:20:08,692 - rasterio._env - DEBUG - Started GDALEnv: self=<rasterio._env.GDALEnv object at 0x7ff27b5c5930>.
2023-11-16 06:20:08,692 - rasterio.env - DEBUG - Exited env context: <rasterio.env.Env object at 0x7ff220955eb0>
2023-11-16 06:20:08,723 - rasterio._io - DEBUG - Output nodata value read from file: nan
2023-11-16 06:20:08,723 - rasterio._io - DEBUG - Output nodata values: [nan]
2023-11-16 06:20:08,724 - rasterio._io - DEBUG - all_valid: False
2023-11-16 06:20:08,724 - rasterio._io - DEBUG - mask_flags: ([<MaskFlags.nodata: 8>],)
2023-11-16 06:20:08,724 - rasterio._io - DEBUG - Jump straight to _read()
2023-11-16 06:20:08,724 - rasterio._io - DEBUG - Window: Window(col_off=0, row_off=0, width=10215, height=3792)
2023-11-16 06:20:08,725 - rasterio._io - DEBUG - IO window xoff=0.0 yoff=0.0 width=10215.0 height=3792.0
2023-11-16 06:20:09,455 - rasterio.env - DEBUG - Exiting env context: <rasterio.env.Env object at 0x7ff2286b01d0>
2023-11-16 06:20:09,456 - rasterio.env - DEBUG - Cleared existing <rasterio._env.GDALEnv object at 0x7ff27b5c5930> options
2023-11-16 06:20:09,456 - rasterio._env - DEBUG - Stopped GDALEnv <rasterio._env.GDALEnv object at 0x7ff27b5c5930>.
2023-11-16 06:20:09,456 - rasterio.env - DEBUG - Exiting outermost env
2023-11-16 06:20:09,456 - rasterio.env - DEBUG - Exited env context: <rasterio.env.Env object at 0x7ff2286b01d0>
2023-11-16 06:20:09,458 - urllib3.connectionpool - DEBUG - Starting new HTTPS connection (1): radar.bmkg.go.id:8060
2023-11-16 06:20:14,614 - urllib3.connectionpool - DEBUG - https://radar.bmkg.go.id:8060 "GET /getLatestLD?typeData=1 HTTP/1.1" 200 465898
2023-11-16 06:20:14,751 - asyncio - DEBUG - Using selector: EpollSelector
2023-11-16 06:20:21,496 - root - INFO - dask.bag<lambda, npartitions=34>
2023-11-16 06:34:01,030 - root - INFO - Total elapsed time: 0:13:57.667128
