2023-12-05 17:53:03,173 - root - INFO - Initiating present weather
2023-12-05 17:53:03,175 - asyncio - DEBUG - Using selector: EpollSelector
2023-12-05 17:53:04,646 - urllib3.connectionpool - DEBUG - Starting new HTTPS connection (1): radar.bmkg.go.id:8060
2023-12-05 17:53:04,663 - urllib3.connectionpool - DEBUG - https://radar.bmkg.go.id:8060 "GET /getLatestLD?typeData=1 HTTP/1.1" 200 62
2023-12-05 17:53:04,664 - urllib3.connectionpool - DEBUG - Starting new HTTPS connection (1): radar.bmkg.go.id:8060
2023-12-05 17:53:04,689 - urllib3.connectionpool - DEBUG - https://radar.bmkg.go.id:8060 "GET /getRadarGeotif?token=19387e71e78522ae4172ec0fda640983b8438c9cfa0ca571623cb69d8327&radar=amandemenForecast&type=latest HTTP/1.1" 200 90
2023-12-05 17:53:04,691 - rasterio.env - DEBUG - Entering env context: <rasterio.env.Env object at 0x7f6608e540d0>
2023-12-05 17:53:04,691 - rasterio.env - DEBUG - Starting outermost env
2023-12-05 17:53:04,691 - rasterio.env - DEBUG - No GDAL environment exists
2023-12-05 17:53:04,692 - rasterio.env - DEBUG - New GDAL environment <rasterio._env.GDALEnv object at 0x7f66097669e0> created
2023-12-05 17:53:04,694 - rasterio._filepath - DEBUG - Installing FilePath filesystem handler plugin...
2023-12-05 17:53:04,695 - rasterio._env - DEBUG - GDAL data found in package: path='/home/metpublic/PYTHON_VENV/present_weather/lib/python3.10/site-packages/rasterio/gdal_data'.
2023-12-05 17:53:04,695 - rasterio._env - DEBUG - PROJ data found in package: path='/home/metpublic/PYTHON_VENV/present_weather/lib/python3.10/site-packages/rasterio/proj_data'.
2023-12-05 17:53:04,695 - rasterio._env - DEBUG - Started GDALEnv: self=<rasterio._env.GDALEnv object at 0x7f66097669e0>.
2023-12-05 17:53:04,695 - rasterio.env - DEBUG - Entered env context: <rasterio.env.Env object at 0x7f6608e540d0>
2023-12-05 17:53:04,695 - rasterio._base - DEBUG - Sharing flag: 0
2023-12-05 17:53:04,928 - rasterio._base - DEBUG - Nodata success: 1, Nodata value: nan
2023-12-05 17:53:04,929 - rasterio._base - DEBUG - Dataset <open DatasetReader name='https://radar.bmkg.go.id/raster/radarsatelit_202312051750.tif' mode='r'> is started.
2023-12-05 17:53:04,929 - rasterio.env - DEBUG - Exiting env context: <rasterio.env.Env object at 0x7f6608e540d0>
2023-12-05 17:53:04,929 - rasterio.env - DEBUG - Cleared existing <rasterio._env.GDALEnv object at 0x7f66097669e0> options
2023-12-05 17:53:04,929 - rasterio._env - DEBUG - Stopped GDALEnv <rasterio._env.GDALEnv object at 0x7f66097669e0>.
2023-12-05 17:53:04,929 - rasterio.env - DEBUG - Exiting outermost env
2023-12-05 17:53:04,929 - rasterio.env - DEBUG - Exited env context: <rasterio.env.Env object at 0x7f6608e540d0>
2023-12-05 17:53:04,929 - rasterio.env - DEBUG - Entering env context: <rasterio.env.Env object at 0x7f66084b3a60>
2023-12-05 17:53:04,929 - rasterio.env - DEBUG - Starting outermost env
2023-12-05 17:53:04,929 - rasterio.env - DEBUG - No GDAL environment exists
2023-12-05 17:53:04,930 - rasterio.env - DEBUG - New GDAL environment <rasterio._env.GDALEnv object at 0x7f66097669e0> created
2023-12-05 17:53:04,930 - rasterio._env - DEBUG - GDAL data found in package: path='/home/metpublic/PYTHON_VENV/present_weather/lib/python3.10/site-packages/rasterio/gdal_data'.
2023-12-05 17:53:04,931 - rasterio._env - DEBUG - PROJ data found in package: path='/home/metpublic/PYTHON_VENV/present_weather/lib/python3.10/site-packages/rasterio/proj_data'.
2023-12-05 17:53:04,931 - rasterio._env - DEBUG - Started GDALEnv: self=<rasterio._env.GDALEnv object at 0x7f66097669e0>.
2023-12-05 17:53:04,931 - rasterio.env - DEBUG - Entered env context: <rasterio.env.Env object at 0x7f66084b3a60>
2023-12-05 17:53:04,932 - rasterio.env - DEBUG - Got a copy of environment <rasterio._env.GDALEnv object at 0x7f66097669e0> options
2023-12-05 17:53:04,932 - rasterio.env - DEBUG - Entering env context: <rasterio.env.Env object at 0x7f6608502020>
2023-12-05 17:53:04,932 - rasterio.env - DEBUG - Got a copy of environment <rasterio._env.GDALEnv object at 0x7f66097669e0> options
2023-12-05 17:53:04,932 - rasterio.env - DEBUG - Entered env context: <rasterio.env.Env object at 0x7f6608502020>
2023-12-05 17:53:04,932 - rasterio._base - DEBUG - Sharing flag: 0
2023-12-05 17:53:04,933 - rasterio._base - DEBUG - Nodata success: 1, Nodata value: nan
2023-12-05 17:53:04,933 - rasterio._base - DEBUG - Dataset <open DatasetReader name='https://radar.bmkg.go.id/raster/radarsatelit_202312051750.tif' mode='r'> is started.
2023-12-05 17:53:04,933 - rasterio.env - DEBUG - Exiting env context: <rasterio.env.Env object at 0x7f6608502020>
2023-12-05 17:53:04,933 - rasterio.env - DEBUG - Cleared existing <rasterio._env.GDALEnv object at 0x7f66097669e0> options
2023-12-05 17:53:04,933 - rasterio._env - DEBUG - Stopped GDALEnv <rasterio._env.GDALEnv object at 0x7f66097669e0>.
2023-12-05 17:53:04,933 - rasterio.env - DEBUG - No GDAL environment exists
2023-12-05 17:53:04,933 - rasterio.env - DEBUG - New GDAL environment <rasterio._env.GDALEnv object at 0x7f66097669e0> created
2023-12-05 17:53:04,934 - rasterio._env - DEBUG - GDAL data found in package: path='/home/metpublic/PYTHON_VENV/present_weather/lib/python3.10/site-packages/rasterio/gdal_data'.
2023-12-05 17:53:04,934 - rasterio._env - DEBUG - PROJ data found in package: path='/home/metpublic/PYTHON_VENV/present_weather/lib/python3.10/site-packages/rasterio/proj_data'.
2023-12-05 17:53:04,934 - rasterio._env - DEBUG - Started GDALEnv: self=<rasterio._env.GDALEnv object at 0x7f66097669e0>.
2023-12-05 17:53:04,934 - rasterio.env - DEBUG - Exited env context: <rasterio.env.Env object at 0x7f6608502020>
2023-12-05 17:53:04,950 - rasterio._io - DEBUG - Output nodata value read from file: nan
2023-12-05 17:53:04,951 - rasterio._io - DEBUG - Output nodata values: [nan]
2023-12-05 17:53:04,951 - rasterio._io - DEBUG - all_valid: False
2023-12-05 17:53:04,951 - rasterio._io - DEBUG - mask_flags: ([<MaskFlags.nodata: 8>],)
2023-12-05 17:53:04,951 - rasterio._io - DEBUG - Jump straight to _read()
2023-12-05 17:53:04,951 - rasterio._io - DEBUG - Window: Window(col_off=0, row_off=0, width=10177, height=3732)
2023-12-05 17:53:04,952 - rasterio._io - DEBUG - IO window xoff=0.0 yoff=0.0 width=10177.0 height=3732.0
2023-12-05 17:53:05,496 - rasterio.env - DEBUG - Exiting env context: <rasterio.env.Env object at 0x7f66084b3a60>
2023-12-05 17:53:05,496 - rasterio.env - DEBUG - Cleared existing <rasterio._env.GDALEnv object at 0x7f66097669e0> options
2023-12-05 17:53:05,496 - rasterio._env - DEBUG - Stopped GDALEnv <rasterio._env.GDALEnv object at 0x7f66097669e0>.
2023-12-05 17:53:05,496 - rasterio.env - DEBUG - Exiting outermost env
2023-12-05 17:53:05,496 - rasterio.env - DEBUG - Exited env context: <rasterio.env.Env object at 0x7f66084b3a60>
2023-12-05 17:57:34,815 - rasterio.env - DEBUG - Entering env context: <rasterio.env.Env object at 0x7f660857d8a0>
2023-12-05 17:57:34,816 - rasterio.env - DEBUG - Starting outermost env
2023-12-05 17:57:34,816 - rasterio.env - DEBUG - No GDAL environment exists
2023-12-05 17:57:34,816 - rasterio.env - DEBUG - New GDAL environment <rasterio._env.GDALEnv object at 0x7f6609766c20> created
2023-12-05 17:57:34,816 - rasterio._env - DEBUG - GDAL data found in package: path='/home/metpublic/PYTHON_VENV/present_weather/lib/python3.10/site-packages/rasterio/gdal_data'.
2023-12-05 17:57:34,817 - rasterio._env - DEBUG - PROJ data found in package: path='/home/metpublic/PYTHON_VENV/present_weather/lib/python3.10/site-packages/rasterio/proj_data'.
2023-12-05 17:57:34,817 - rasterio._env - DEBUG - Started GDALEnv: self=<rasterio._env.GDALEnv object at 0x7f6609766c20>.
2023-12-05 17:57:34,817 - rasterio.env - DEBUG - Entered env context: <rasterio.env.Env object at 0x7f660857d8a0>
2023-12-05 17:57:34,817 - rasterio._base - DEBUG - Sharing flag: 0
2023-12-05 17:57:34,818 - rasterio._base - DEBUG - Nodata success: 0, Nodata value: 0.000000
2023-12-05 17:57:34,819 - rasterio._base - DEBUG - Dataset <open DatasetReader name='/home/metpublic/TASK_RELEASE/EFAN/present_weather/src/H09_B13_Indonesia_20231205.Z1740.cor.tiff' mode='r'> is started.
2023-12-05 17:57:34,819 - rasterio.env - DEBUG - Exiting env context: <rasterio.env.Env object at 0x7f660857d8a0>
2023-12-05 17:57:34,819 - rasterio.env - DEBUG - Cleared existing <rasterio._env.GDALEnv object at 0x7f6609766c20> options
2023-12-05 17:57:34,819 - rasterio._env - DEBUG - Stopped GDALEnv <rasterio._env.GDALEnv object at 0x7f6609766c20>.
2023-12-05 17:57:34,819 - rasterio.env - DEBUG - Exiting outermost env
2023-12-05 17:57:34,819 - rasterio.env - DEBUG - Exited env context: <rasterio.env.Env object at 0x7f660857d8a0>
2023-12-05 17:57:34,819 - rasterio.env - DEBUG - Entering env context: <rasterio.env.Env object at 0x7f6608501480>
2023-12-05 17:57:34,819 - rasterio.env - DEBUG - Starting outermost env
2023-12-05 17:57:34,819 - rasterio.env - DEBUG - No GDAL environment exists
2023-12-05 17:57:34,819 - rasterio.env - DEBUG - New GDAL environment <rasterio._env.GDALEnv object at 0x7f66085018d0> created
2023-12-05 17:57:34,820 - rasterio._env - DEBUG - GDAL data found in package: path='/home/metpublic/PYTHON_VENV/present_weather/lib/python3.10/site-packages/rasterio/gdal_data'.
2023-12-05 17:57:34,820 - rasterio._env - DEBUG - PROJ data found in package: path='/home/metpublic/PYTHON_VENV/present_weather/lib/python3.10/site-packages/rasterio/proj_data'.
2023-12-05 17:57:34,820 - rasterio._env - DEBUG - Started GDALEnv: self=<rasterio._env.GDALEnv object at 0x7f66085018d0>.
2023-12-05 17:57:34,820 - rasterio.env - DEBUG - Entered env context: <rasterio.env.Env object at 0x7f6608501480>
2023-12-05 17:57:34,820 - rasterio._base - DEBUG - Sharing flag: 0
2023-12-05 17:57:34,821 - rasterio._base - DEBUG - Nodata success: 0, Nodata value: 0.000000
2023-12-05 17:57:34,822 - rasterio._base - DEBUG - Dataset <open DatasetReader name='/home/metpublic/TASK_RELEASE/EFAN/present_weather/src/H09_B13_Indonesia_20231205.Z1740.cor.tiff' mode='r'> is started.
2023-12-05 17:57:34,822 - rasterio.env - DEBUG - Exiting env context: <rasterio.env.Env object at 0x7f6608501480>
2023-12-05 17:57:34,822 - rasterio.env - DEBUG - Cleared existing <rasterio._env.GDALEnv object at 0x7f66085018d0> options
2023-12-05 17:57:34,822 - rasterio._env - DEBUG - Stopped GDALEnv <rasterio._env.GDALEnv object at 0x7f66085018d0>.
2023-12-05 17:57:34,822 - rasterio.env - DEBUG - Exiting outermost env
2023-12-05 17:57:34,822 - rasterio.env - DEBUG - Exited env context: <rasterio.env.Env object at 0x7f6608501480>
2023-12-05 17:57:34,832 - root - INFO - Generating present weather using SATELITE data
2023-12-05 17:59:05,038 - root - INFO - Total elapsed time: 0:06:01.864882
