2023-11-28 14:43:03,207 - root - INFO - Initiating present weather
2023-11-28 14:43:03,209 - asyncio - DEBUG - Using selector: EpollSelector
2023-11-28 14:43:04,684 - urllib3.connectionpool - DEBUG - Starting new HTTPS connection (1): radar.bmkg.go.id:8060
2023-11-28 14:43:04,698 - urllib3.connectionpool - DEBUG - https://radar.bmkg.go.id:8060 "GET /getLatestLD?typeData=1 HTTP/1.1" 200 62
2023-11-28 14:43:04,700 - urllib3.connectionpool - DEBUG - Starting new HTTPS connection (1): radar.bmkg.go.id:8060
2023-11-28 14:43:04,721 - urllib3.connectionpool - DEBUG - https://radar.bmkg.go.id:8060 "GET /getRadarGeotif?token=19387e71e78522ae4172ec0fda640983b8438c9cfa0ca571623cb69d8327&radar=amandemenForecast&type=latest HTTP/1.1" 200 90
2023-11-28 14:43:04,722 - rasterio.env - DEBUG - Entering env context: <rasterio.env.Env object at 0x7f3be6bee6e0>
2023-11-28 14:43:04,723 - rasterio.env - DEBUG - Starting outermost env
2023-11-28 14:43:04,723 - rasterio.env - DEBUG - No GDAL environment exists
2023-11-28 14:43:04,723 - rasterio.env - DEBUG - New GDAL environment <rasterio._env.GDALEnv object at 0x7f3be6bee200> created
2023-11-28 14:43:04,726 - rasterio._filepath - DEBUG - Installing FilePath filesystem handler plugin...
2023-11-28 14:43:04,726 - rasterio._env - DEBUG - GDAL data found in package: path='/home/metpublic/PYTHON_VENV/present_weather/lib/python3.10/site-packages/rasterio/gdal_data'.
2023-11-28 14:43:04,726 - rasterio._env - DEBUG - PROJ data found in package: path='/home/metpublic/PYTHON_VENV/present_weather/lib/python3.10/site-packages/rasterio/proj_data'.
2023-11-28 14:43:04,726 - rasterio._env - DEBUG - Started GDALEnv: self=<rasterio._env.GDALEnv object at 0x7f3be6bee200>.
2023-11-28 14:43:04,726 - rasterio.env - DEBUG - Entered env context: <rasterio.env.Env object at 0x7f3be6bee6e0>
2023-11-28 14:43:04,727 - rasterio._base - DEBUG - Sharing flag: 0
2023-11-28 14:43:04,911 - rasterio._base - DEBUG - Nodata success: 1, Nodata value: nan
2023-11-28 14:43:04,912 - rasterio._base - DEBUG - Dataset <open DatasetReader name='https://radar.bmkg.go.id/raster/radarsatelit_202311281440.tif' mode='r'> is started.
2023-11-28 14:43:04,913 - rasterio.env - DEBUG - Exiting env context: <rasterio.env.Env object at 0x7f3be6bee6e0>
2023-11-28 14:43:04,913 - rasterio.env - DEBUG - Cleared existing <rasterio._env.GDALEnv object at 0x7f3be6bee200> options
2023-11-28 14:43:04,913 - rasterio._env - DEBUG - Stopped GDALEnv <rasterio._env.GDALEnv object at 0x7f3be6bee200>.
2023-11-28 14:43:04,913 - rasterio.env - DEBUG - Exiting outermost env
2023-11-28 14:43:04,913 - rasterio.env - DEBUG - Exited env context: <rasterio.env.Env object at 0x7f3be6bee6e0>
2023-11-28 14:43:04,913 - rasterio.env - DEBUG - Entering env context: <rasterio.env.Env object at 0x7f3be623bf40>
2023-11-28 14:43:04,913 - rasterio.env - DEBUG - Starting outermost env
2023-11-28 14:43:04,913 - rasterio.env - DEBUG - No GDAL environment exists
2023-11-28 14:43:04,913 - rasterio.env - DEBUG - New GDAL environment <rasterio._env.GDALEnv object at 0x7f3be6bee200> created
2023-11-28 14:43:04,913 - rasterio._env - DEBUG - GDAL data found in package: path='/home/metpublic/PYTHON_VENV/present_weather/lib/python3.10/site-packages/rasterio/gdal_data'.
2023-11-28 14:43:04,914 - rasterio._env - DEBUG - PROJ data found in package: path='/home/metpublic/PYTHON_VENV/present_weather/lib/python3.10/site-packages/rasterio/proj_data'.
2023-11-28 14:43:04,914 - rasterio._env - DEBUG - Started GDALEnv: self=<rasterio._env.GDALEnv object at 0x7f3be6bee200>.
2023-11-28 14:43:04,914 - rasterio.env - DEBUG - Entered env context: <rasterio.env.Env object at 0x7f3be623bf40>
2023-11-28 14:43:04,914 - rasterio.env - DEBUG - Got a copy of environment <rasterio._env.GDALEnv object at 0x7f3be6bee200> options
2023-11-28 14:43:04,914 - rasterio.env - DEBUG - Entering env context: <rasterio.env.Env object at 0x7f3be41857e0>
2023-11-28 14:43:04,914 - rasterio.env - DEBUG - Got a copy of environment <rasterio._env.GDALEnv object at 0x7f3be6bee200> options
2023-11-28 14:43:04,914 - rasterio.env - DEBUG - Entered env context: <rasterio.env.Env object at 0x7f3be41857e0>
2023-11-28 14:43:04,914 - rasterio._base - DEBUG - Sharing flag: 0
2023-11-28 14:43:04,915 - rasterio._base - DEBUG - Nodata success: 1, Nodata value: nan
2023-11-28 14:43:04,915 - rasterio._base - DEBUG - Dataset <open DatasetReader name='https://radar.bmkg.go.id/raster/radarsatelit_202311281440.tif' mode='r'> is started.
2023-11-28 14:43:04,915 - rasterio.env - DEBUG - Exiting env context: <rasterio.env.Env object at 0x7f3be41857e0>
2023-11-28 14:43:04,915 - rasterio.env - DEBUG - Cleared existing <rasterio._env.GDALEnv object at 0x7f3be6bee200> options
2023-11-28 14:43:04,916 - rasterio._env - DEBUG - Stopped GDALEnv <rasterio._env.GDALEnv object at 0x7f3be6bee200>.
2023-11-28 14:43:04,916 - rasterio.env - DEBUG - No GDAL environment exists
2023-11-28 14:43:04,916 - rasterio.env - DEBUG - New GDAL environment <rasterio._env.GDALEnv object at 0x7f3be6bee200> created
2023-11-28 14:43:04,916 - rasterio._env - DEBUG - GDAL data found in package: path='/home/metpublic/PYTHON_VENV/present_weather/lib/python3.10/site-packages/rasterio/gdal_data'.
2023-11-28 14:43:04,916 - rasterio._env - DEBUG - PROJ data found in package: path='/home/metpublic/PYTHON_VENV/present_weather/lib/python3.10/site-packages/rasterio/proj_data'.
2023-11-28 14:43:04,916 - rasterio._env - DEBUG - Started GDALEnv: self=<rasterio._env.GDALEnv object at 0x7f3be6bee200>.
2023-11-28 14:43:04,916 - rasterio.env - DEBUG - Exited env context: <rasterio.env.Env object at 0x7f3be41857e0>
2023-11-28 14:43:04,933 - rasterio._io - DEBUG - Output nodata value read from file: nan
2023-11-28 14:43:04,933 - rasterio._io - DEBUG - Output nodata values: [nan]
2023-11-28 14:43:04,933 - rasterio._io - DEBUG - all_valid: False
2023-11-28 14:43:04,934 - rasterio._io - DEBUG - mask_flags: ([<MaskFlags.nodata: 8>],)
2023-11-28 14:43:04,934 - rasterio._io - DEBUG - Jump straight to _read()
2023-11-28 14:43:04,934 - rasterio._io - DEBUG - Window: Window(col_off=0, row_off=0, width=10177, height=3732)
2023-11-28 14:43:04,934 - rasterio._io - DEBUG - IO window xoff=0.0 yoff=0.0 width=10177.0 height=3732.0
2023-11-28 14:43:05,504 - rasterio.env - DEBUG - Exiting env context: <rasterio.env.Env object at 0x7f3be623bf40>
2023-11-28 14:43:05,504 - rasterio.env - DEBUG - Cleared existing <rasterio._env.GDALEnv object at 0x7f3be6bee200> options
2023-11-28 14:43:05,504 - rasterio._env - DEBUG - Stopped GDALEnv <rasterio._env.GDALEnv object at 0x7f3be6bee200>.
2023-11-28 14:43:05,504 - rasterio.env - DEBUG - Exiting outermost env
2023-11-28 14:43:05,504 - rasterio.env - DEBUG - Exited env context: <rasterio.env.Env object at 0x7f3be623bf40>
2023-11-28 14:47:34,791 - rasterio.env - DEBUG - Entering env context: <rasterio.env.Env object at 0x7f3be4184be0>
2023-11-28 14:47:34,791 - rasterio.env - DEBUG - Starting outermost env
2023-11-28 14:47:34,791 - rasterio.env - DEBUG - No GDAL environment exists
2023-11-28 14:47:34,791 - rasterio.env - DEBUG - New GDAL environment <rasterio._env.GDALEnv object at 0x7f3be4200910> created
2023-11-28 14:47:34,792 - rasterio._env - DEBUG - GDAL data found in package: path='/home/metpublic/PYTHON_VENV/present_weather/lib/python3.10/site-packages/rasterio/gdal_data'.
2023-11-28 14:47:34,793 - rasterio._env - DEBUG - PROJ data found in package: path='/home/metpublic/PYTHON_VENV/present_weather/lib/python3.10/site-packages/rasterio/proj_data'.
2023-11-28 14:47:34,793 - rasterio._env - DEBUG - Started GDALEnv: self=<rasterio._env.GDALEnv object at 0x7f3be4200910>.
2023-11-28 14:47:34,793 - rasterio.env - DEBUG - Entered env context: <rasterio.env.Env object at 0x7f3be4184be0>
2023-11-28 14:47:34,793 - rasterio._base - DEBUG - Sharing flag: 0
2023-11-28 14:47:34,795 - rasterio._base - DEBUG - Nodata success: 0, Nodata value: 0.000000
2023-11-28 14:47:34,795 - rasterio._base - DEBUG - Dataset <open DatasetReader name='/home/metpublic/TASK_RELEASE/EFAN/present_weather/src/H09_B13_Indonesia_20231128.Z1430.cor.tiff' mode='r'> is started.
2023-11-28 14:47:34,795 - rasterio.env - DEBUG - Exiting env context: <rasterio.env.Env object at 0x7f3be4184be0>
2023-11-28 14:47:34,795 - rasterio.env - DEBUG - Cleared existing <rasterio._env.GDALEnv object at 0x7f3be4200910> options
2023-11-28 14:47:34,795 - rasterio._env - DEBUG - Stopped GDALEnv <rasterio._env.GDALEnv object at 0x7f3be4200910>.
2023-11-28 14:47:34,795 - rasterio.env - DEBUG - Exiting outermost env
2023-11-28 14:47:34,795 - rasterio.env - DEBUG - Exited env context: <rasterio.env.Env object at 0x7f3be4184be0>
2023-11-28 14:47:34,795 - rasterio.env - DEBUG - Entering env context: <rasterio.env.Env object at 0x7f3bcc4ff1f0>
2023-11-28 14:47:34,796 - rasterio.env - DEBUG - Starting outermost env
2023-11-28 14:47:34,796 - rasterio.env - DEBUG - No GDAL environment exists
2023-11-28 14:47:34,796 - rasterio.env - DEBUG - New GDAL environment <rasterio._env.GDALEnv object at 0x7f3bcc4fce50> created
2023-11-28 14:47:34,796 - rasterio._env - DEBUG - GDAL data found in package: path='/home/metpublic/PYTHON_VENV/present_weather/lib/python3.10/site-packages/rasterio/gdal_data'.
2023-11-28 14:47:34,797 - rasterio._env - DEBUG - PROJ data found in package: path='/home/metpublic/PYTHON_VENV/present_weather/lib/python3.10/site-packages/rasterio/proj_data'.
2023-11-28 14:47:34,797 - rasterio._env - DEBUG - Started GDALEnv: self=<rasterio._env.GDALEnv object at 0x7f3bcc4fce50>.
2023-11-28 14:47:34,797 - rasterio.env - DEBUG - Entered env context: <rasterio.env.Env object at 0x7f3bcc4ff1f0>
2023-11-28 14:47:34,797 - rasterio._base - DEBUG - Sharing flag: 0
2023-11-28 14:47:34,798 - rasterio._base - DEBUG - Nodata success: 0, Nodata value: 0.000000
2023-11-28 14:47:34,798 - rasterio._base - DEBUG - Dataset <open DatasetReader name='/home/metpublic/TASK_RELEASE/EFAN/present_weather/src/H09_B13_Indonesia_20231128.Z1430.cor.tiff' mode='r'> is started.
2023-11-28 14:47:34,798 - rasterio.env - DEBUG - Exiting env context: <rasterio.env.Env object at 0x7f3bcc4ff1f0>
2023-11-28 14:47:34,799 - rasterio.env - DEBUG - Cleared existing <rasterio._env.GDALEnv object at 0x7f3bcc4fce50> options
2023-11-28 14:47:34,799 - rasterio._env - DEBUG - Stopped GDALEnv <rasterio._env.GDALEnv object at 0x7f3bcc4fce50>.
2023-11-28 14:47:34,799 - rasterio.env - DEBUG - Exiting outermost env
2023-11-28 14:47:34,799 - rasterio.env - DEBUG - Exited env context: <rasterio.env.Env object at 0x7f3bcc4ff1f0>
2023-11-28 14:47:34,811 - root - INFO - Generating present weather using SATELITE data
2023-11-28 14:49:05,915 - root - INFO - Total elapsed time: 0:06:02.707684
