2023-12-27 13:43:03,079 - root - INFO - Initiating present weather
2023-12-27 13:43:03,081 - asyncio - DEBUG - Using selector: EpollSelector
2023-12-27 13:43:04,684 - urllib3.connectionpool - DEBUG - Starting new HTTPS connection (1): radar.bmkg.go.id:8060
2023-12-27 13:43:04,696 - urllib3.connectionpool - DEBUG - https://radar.bmkg.go.id:8060 "GET /getLatestLD?typeData=1 HTTP/1.1" 200 62
2023-12-27 13:43:04,698 - urllib3.connectionpool - DEBUG - Starting new HTTPS connection (1): radar.bmkg.go.id:8060
2023-12-27 13:43:04,718 - urllib3.connectionpool - DEBUG - https://radar.bmkg.go.id:8060 "GET /getRadarGeotif?token=19387e71e78522ae4172ec0fda640983b8438c9cfa0ca571623cb69d8327&radar=amandemenForecast&type=latest HTTP/1.1" 200 90
2023-12-27 13:43:04,719 - rasterio.env - DEBUG - Entering env context: <rasterio.env.Env object at 0x7f03456bc400>
2023-12-27 13:43:04,719 - rasterio.env - DEBUG - Starting outermost env
2023-12-27 13:43:04,719 - rasterio.env - DEBUG - No GDAL environment exists
2023-12-27 13:43:04,719 - rasterio.env - DEBUG - New GDAL environment <rasterio._env.GDALEnv object at 0x7f03456bc220> created
2023-12-27 13:43:04,722 - rasterio._filepath - DEBUG - Installing FilePath filesystem handler plugin...
2023-12-27 13:43:04,722 - rasterio._env - DEBUG - GDAL data found in package: path='/home/metpublic/PYTHON_VENV/present_weather/lib/python3.10/site-packages/rasterio/gdal_data'.
2023-12-27 13:43:04,722 - rasterio._env - DEBUG - PROJ data found in package: path='/home/metpublic/PYTHON_VENV/present_weather/lib/python3.10/site-packages/rasterio/proj_data'.
2023-12-27 13:43:04,723 - rasterio._env - DEBUG - Started GDALEnv: self=<rasterio._env.GDALEnv object at 0x7f03456bc220>.
2023-12-27 13:43:04,723 - rasterio.env - DEBUG - Entered env context: <rasterio.env.Env object at 0x7f03456bc400>
2023-12-27 13:43:04,723 - rasterio._base - DEBUG - Sharing flag: 0
2023-12-27 13:43:05,109 - rasterio._base - DEBUG - Nodata success: 1, Nodata value: nan
2023-12-27 13:43:05,109 - rasterio._base - DEBUG - Dataset <open DatasetReader name='https://radar.bmkg.go.id/raster/radarsatelit_202312271340.tif' mode='r'> is started.
2023-12-27 13:43:05,110 - rasterio.env - DEBUG - Exiting env context: <rasterio.env.Env object at 0x7f03456bc400>
2023-12-27 13:43:05,110 - rasterio.env - DEBUG - Cleared existing <rasterio._env.GDALEnv object at 0x7f03456bc220> options
2023-12-27 13:43:05,110 - rasterio._env - DEBUG - Stopped GDALEnv <rasterio._env.GDALEnv object at 0x7f03456bc220>.
2023-12-27 13:43:05,110 - rasterio.env - DEBUG - Exiting outermost env
2023-12-27 13:43:05,110 - rasterio.env - DEBUG - Exited env context: <rasterio.env.Env object at 0x7f03456bc400>
2023-12-27 13:43:05,110 - rasterio.env - DEBUG - Entering env context: <rasterio.env.Env object at 0x7f034564d870>
2023-12-27 13:43:05,110 - rasterio.env - DEBUG - Starting outermost env
2023-12-27 13:43:05,110 - rasterio.env - DEBUG - No GDAL environment exists
2023-12-27 13:43:05,110 - rasterio.env - DEBUG - New GDAL environment <rasterio._env.GDALEnv object at 0x7f03456bc220> created
2023-12-27 13:43:05,111 - rasterio._env - DEBUG - GDAL data found in package: path='/home/metpublic/PYTHON_VENV/present_weather/lib/python3.10/site-packages/rasterio/gdal_data'.
2023-12-27 13:43:05,111 - rasterio._env - DEBUG - PROJ data found in package: path='/home/metpublic/PYTHON_VENV/present_weather/lib/python3.10/site-packages/rasterio/proj_data'.
2023-12-27 13:43:05,111 - rasterio._env - DEBUG - Started GDALEnv: self=<rasterio._env.GDALEnv object at 0x7f03456bc220>.
2023-12-27 13:43:05,111 - rasterio.env - DEBUG - Entered env context: <rasterio.env.Env object at 0x7f034564d870>
2023-12-27 13:43:05,111 - rasterio.env - DEBUG - Got a copy of environment <rasterio._env.GDALEnv object at 0x7f03456bc220> options
2023-12-27 13:43:05,112 - rasterio.env - DEBUG - Entering env context: <rasterio.env.Env object at 0x7f034454f1f0>
2023-12-27 13:43:05,112 - rasterio.env - DEBUG - Got a copy of environment <rasterio._env.GDALEnv object at 0x7f03456bc220> options
2023-12-27 13:43:05,112 - rasterio.env - DEBUG - Entered env context: <rasterio.env.Env object at 0x7f034454f1f0>
2023-12-27 13:43:05,112 - rasterio._base - DEBUG - Sharing flag: 0
2023-12-27 13:43:05,113 - rasterio._base - DEBUG - Nodata success: 1, Nodata value: nan
2023-12-27 13:43:05,113 - rasterio._base - DEBUG - Dataset <open DatasetReader name='https://radar.bmkg.go.id/raster/radarsatelit_202312271340.tif' mode='r'> is started.
2023-12-27 13:43:05,113 - rasterio.env - DEBUG - Exiting env context: <rasterio.env.Env object at 0x7f034454f1f0>
2023-12-27 13:43:05,113 - rasterio.env - DEBUG - Cleared existing <rasterio._env.GDALEnv object at 0x7f03456bc220> options
2023-12-27 13:43:05,113 - rasterio._env - DEBUG - Stopped GDALEnv <rasterio._env.GDALEnv object at 0x7f03456bc220>.
2023-12-27 13:43:05,113 - rasterio.env - DEBUG - No GDAL environment exists
2023-12-27 13:43:05,113 - rasterio.env - DEBUG - New GDAL environment <rasterio._env.GDALEnv object at 0x7f03456bc220> created
2023-12-27 13:43:05,113 - rasterio._env - DEBUG - GDAL data found in package: path='/home/metpublic/PYTHON_VENV/present_weather/lib/python3.10/site-packages/rasterio/gdal_data'.
2023-12-27 13:43:05,113 - rasterio._env - DEBUG - PROJ data found in package: path='/home/metpublic/PYTHON_VENV/present_weather/lib/python3.10/site-packages/rasterio/proj_data'.
2023-12-27 13:43:05,113 - rasterio._env - DEBUG - Started GDALEnv: self=<rasterio._env.GDALEnv object at 0x7f03456bc220>.
2023-12-27 13:43:05,114 - rasterio.env - DEBUG - Exited env context: <rasterio.env.Env object at 0x7f034454f1f0>
2023-12-27 13:43:05,130 - rasterio._io - DEBUG - Output nodata value read from file: nan
2023-12-27 13:43:05,131 - rasterio._io - DEBUG - Output nodata values: [nan]
2023-12-27 13:43:05,131 - rasterio._io - DEBUG - all_valid: False
2023-12-27 13:43:05,131 - rasterio._io - DEBUG - mask_flags: ([<MaskFlags.nodata: 8>],)
2023-12-27 13:43:05,131 - rasterio._io - DEBUG - Jump straight to _read()
2023-12-27 13:43:05,131 - rasterio._io - DEBUG - Window: Window(col_off=0, row_off=0, width=10215, height=3792)
2023-12-27 13:43:05,131 - rasterio._io - DEBUG - IO window xoff=0.0 yoff=0.0 width=10215.0 height=3792.0
2023-12-27 13:43:05,690 - rasterio.env - DEBUG - Exiting env context: <rasterio.env.Env object at 0x7f034564d870>
2023-12-27 13:43:05,691 - rasterio.env - DEBUG - Cleared existing <rasterio._env.GDALEnv object at 0x7f03456bc220> options
2023-12-27 13:43:05,691 - rasterio._env - DEBUG - Stopped GDALEnv <rasterio._env.GDALEnv object at 0x7f03456bc220>.
2023-12-27 13:43:05,691 - rasterio.env - DEBUG - Exiting outermost env
2023-12-27 13:43:05,691 - rasterio.env - DEBUG - Exited env context: <rasterio.env.Env object at 0x7f034564d870>
2023-12-27 13:49:47,577 - root - INFO - Total elapsed time: 0:06:44.498736
