2023-11-24 05:23:03,587 - root - INFO - Initiating present weather
2023-11-24 05:23:03,591 - asyncio - DEBUG - Using selector: EpollSelector
2023-11-24 05:23:06,910 - urllib3.connectionpool - DEBUG - Starting new HTTPS connection (1): radar.bmkg.go.id:8060
2023-11-24 05:23:06,982 - urllib3.connectionpool - DEBUG - https://radar.bmkg.go.id:8060 "GET /getRadarGeotif?token=19387e71e78522ae4172ec0fda640983b8438c9cfa0ca571623cb69d8327&radar=amandemenForecast&type=latest HTTP/1.1" 200 90
2023-11-24 05:23:06,984 - rasterio.env - DEBUG - Entering env context: <rasterio.env.Env object at 0x7f2f15410d70>
2023-11-24 05:23:06,985 - rasterio.env - DEBUG - Starting outermost env
2023-11-24 05:23:06,985 - rasterio.env - DEBUG - No GDAL environment exists
2023-11-24 05:23:06,986 - rasterio.env - DEBUG - New GDAL environment <rasterio._env.GDALEnv object at 0x7f2f161636d0> created
2023-11-24 05:23:06,990 - rasterio._filepath - DEBUG - Installing FilePath filesystem handler plugin...
2023-11-24 05:23:06,990 - rasterio._env - DEBUG - GDAL data found in package: path='/home/swx/miniconda3/envs/present_weather/lib/python3.12/site-packages/rasterio/gdal_data'.
2023-11-24 05:23:06,991 - rasterio._env - DEBUG - PROJ_LIB found in environment.
2023-11-24 05:23:06,991 - rasterio._env - DEBUG - Started GDALEnv: self=<rasterio._env.GDALEnv object at 0x7f2f161636d0>.
2023-11-24 05:23:06,991 - rasterio.env - DEBUG - Entered env context: <rasterio.env.Env object at 0x7f2f15410d70>
2023-11-24 05:23:06,991 - rasterio._base - DEBUG - Sharing flag: 0
2023-11-24 05:23:07,211 - rasterio._base - DEBUG - Nodata success: 1, Nodata value: nan
2023-11-24 05:23:07,211 - rasterio._base - DEBUG - Dataset <open DatasetReader name='https://radar.bmkg.go.id/raster/radarsatelit_202311240520.tif' mode='r'> is started.
2023-11-24 05:23:07,212 - rasterio.env - DEBUG - Exiting env context: <rasterio.env.Env object at 0x7f2f15410d70>
2023-11-24 05:23:07,212 - rasterio.env - DEBUG - Cleared existing <rasterio._env.GDALEnv object at 0x7f2f161636d0> options
2023-11-24 05:23:07,212 - rasterio._env - DEBUG - Stopped GDALEnv <rasterio._env.GDALEnv object at 0x7f2f161636d0>.
2023-11-24 05:23:07,212 - rasterio.env - DEBUG - Exiting outermost env
2023-11-24 05:23:07,212 - rasterio.env - DEBUG - Exited env context: <rasterio.env.Env object at 0x7f2f15410d70>
2023-11-24 05:23:07,212 - rasterio.env - DEBUG - Entering env context: <rasterio.env.Env object at 0x7f2f1562be00>
2023-11-24 05:23:07,212 - rasterio.env - DEBUG - Starting outermost env
2023-11-24 05:23:07,213 - rasterio.env - DEBUG - No GDAL environment exists
2023-11-24 05:23:07,213 - rasterio.env - DEBUG - New GDAL environment <rasterio._env.GDALEnv object at 0x7f2f1523ea70> created
2023-11-24 05:23:07,213 - rasterio._env - DEBUG - GDAL data found in package: path='/home/swx/miniconda3/envs/present_weather/lib/python3.12/site-packages/rasterio/gdal_data'.
2023-11-24 05:23:07,214 - rasterio._env - DEBUG - PROJ_LIB found in environment.
2023-11-24 05:23:07,214 - rasterio._env - DEBUG - Started GDALEnv: self=<rasterio._env.GDALEnv object at 0x7f2f1523ea70>.
2023-11-24 05:23:07,214 - rasterio.env - DEBUG - Entered env context: <rasterio.env.Env object at 0x7f2f1562be00>
2023-11-24 05:23:07,214 - rasterio.env - DEBUG - Got a copy of environment <rasterio._env.GDALEnv object at 0x7f2f1523ea70> options
2023-11-24 05:23:07,215 - rasterio.env - DEBUG - Entering env context: <rasterio.env.Env object at 0x7f2efc773860>
2023-11-24 05:23:07,215 - rasterio.env - DEBUG - Got a copy of environment <rasterio._env.GDALEnv object at 0x7f2f1523ea70> options
2023-11-24 05:23:07,215 - rasterio.env - DEBUG - Entered env context: <rasterio.env.Env object at 0x7f2efc773860>
2023-11-24 05:23:07,215 - rasterio._base - DEBUG - Sharing flag: 0
2023-11-24 05:23:07,216 - rasterio._base - DEBUG - Nodata success: 1, Nodata value: nan
2023-11-24 05:23:07,216 - rasterio._base - DEBUG - Dataset <open DatasetReader name='https://radar.bmkg.go.id/raster/radarsatelit_202311240520.tif' mode='r'> is started.
2023-11-24 05:23:07,217 - rasterio.env - DEBUG - Exiting env context: <rasterio.env.Env object at 0x7f2efc773860>
2023-11-24 05:23:07,217 - rasterio.env - DEBUG - Cleared existing <rasterio._env.GDALEnv object at 0x7f2f1523ea70> options
2023-11-24 05:23:07,217 - rasterio._env - DEBUG - Stopped GDALEnv <rasterio._env.GDALEnv object at 0x7f2f1523ea70>.
2023-11-24 05:23:07,217 - rasterio.env - DEBUG - No GDAL environment exists
2023-11-24 05:23:07,217 - rasterio.env - DEBUG - New GDAL environment <rasterio._env.GDALEnv object at 0x7f2f1523ea70> created
2023-11-24 05:23:07,218 - rasterio._env - DEBUG - GDAL data found in package: path='/home/swx/miniconda3/envs/present_weather/lib/python3.12/site-packages/rasterio/gdal_data'.
2023-11-24 05:23:07,218 - rasterio._env - DEBUG - PROJ_LIB found in environment.
2023-11-24 05:23:07,218 - rasterio._env - DEBUG - Started GDALEnv: self=<rasterio._env.GDALEnv object at 0x7f2f1523ea70>.
2023-11-24 05:23:07,218 - rasterio.env - DEBUG - Exited env context: <rasterio.env.Env object at 0x7f2efc773860>
2023-11-24 05:23:07,247 - rasterio._io - DEBUG - Output nodata value read from file: nan
2023-11-24 05:23:07,247 - rasterio._io - DEBUG - Output nodata values: [nan]
2023-11-24 05:23:07,248 - rasterio._io - DEBUG - all_valid: False
2023-11-24 05:23:07,248 - rasterio._io - DEBUG - mask_flags: ([<MaskFlags.nodata: 8>],)
2023-11-24 05:23:07,248 - rasterio._io - DEBUG - Jump straight to _read()
2023-11-24 05:23:07,248 - rasterio._io - DEBUG - Window: Window(col_off=0, row_off=0, width=10177, height=3732)
2023-11-24 05:23:07,249 - rasterio._io - DEBUG - IO window xoff=0.0 yoff=0.0 width=10177.0 height=3732.0
2023-11-24 05:23:08,057 - rasterio.env - DEBUG - Exiting env context: <rasterio.env.Env object at 0x7f2f1562be00>
2023-11-24 05:23:08,057 - rasterio.env - DEBUG - Cleared existing <rasterio._env.GDALEnv object at 0x7f2f1523ea70> options
2023-11-24 05:23:08,057 - rasterio._env - DEBUG - Stopped GDALEnv <rasterio._env.GDALEnv object at 0x7f2f1523ea70>.
2023-11-24 05:23:08,057 - rasterio.env - DEBUG - Exiting outermost env
2023-11-24 05:23:08,057 - rasterio.env - DEBUG - Exited env context: <rasterio.env.Env object at 0x7f2f1562be00>
2023-11-24 05:23:08,060 - urllib3.connectionpool - DEBUG - Starting new HTTPS connection (1): radar.bmkg.go.id:8060
2023-11-24 05:23:08,148 - urllib3.connectionpool - DEBUG - https://radar.bmkg.go.id:8060 "GET /getLatestLD?typeData=1 HTTP/1.1" 200 82041
2023-11-24 05:23:11,465 - root - INFO - dask.bag<lambda, npartitions=20>
2023-11-24 05:23:29,129 - root - INFO - Total elapsed time: 0:00:25.542927
