2023-11-28 15:33:02,447 - root - INFO - Initiating present weather
2023-11-28 15:33:02,449 - asyncio - DEBUG - Using selector: EpollSelector
2023-11-28 15:33:03,974 - urllib3.connectionpool - DEBUG - Starting new HTTPS connection (1): radar.bmkg.go.id:8060
2023-11-28 15:33:03,989 - urllib3.connectionpool - DEBUG - https://radar.bmkg.go.id:8060 "GET /getLatestLD?typeData=1 HTTP/1.1" 200 62
2023-11-28 15:33:03,991 - urllib3.connectionpool - DEBUG - Starting new HTTPS connection (1): radar.bmkg.go.id:8060
2023-11-28 15:33:04,014 - urllib3.connectionpool - DEBUG - https://radar.bmkg.go.id:8060 "GET /getRadarGeotif?token=19387e71e78522ae4172ec0fda640983b8438c9cfa0ca571623cb69d8327&radar=amandemenForecast&type=latest HTTP/1.1" 200 90
2023-11-28 15:33:04,014 - rasterio.env - DEBUG - Entering env context: <rasterio.env.Env object at 0x7ff49bd6ec50>
2023-11-28 15:33:04,015 - rasterio.env - DEBUG - Starting outermost env
2023-11-28 15:33:04,015 - rasterio.env - DEBUG - No GDAL environment exists
2023-11-28 15:33:04,015 - rasterio.env - DEBUG - New GDAL environment <rasterio._env.GDALEnv object at 0x7ff49bd6ecb0> created
2023-11-28 15:33:04,018 - rasterio._filepath - DEBUG - Installing FilePath filesystem handler plugin...
2023-11-28 15:33:04,018 - rasterio._env - DEBUG - GDAL data found in package: path='/home/metpublic/PYTHON_VENV/present_weather/lib/python3.10/site-packages/rasterio/gdal_data'.
2023-11-28 15:33:04,018 - rasterio._env - DEBUG - PROJ data found in package: path='/home/metpublic/PYTHON_VENV/present_weather/lib/python3.10/site-packages/rasterio/proj_data'.
2023-11-28 15:33:04,019 - rasterio._env - DEBUG - Started GDALEnv: self=<rasterio._env.GDALEnv object at 0x7ff49bd6ecb0>.
2023-11-28 15:33:04,019 - rasterio.env - DEBUG - Entered env context: <rasterio.env.Env object at 0x7ff49bd6ec50>
2023-11-28 15:33:04,019 - rasterio._base - DEBUG - Sharing flag: 0
2023-11-28 15:33:04,215 - rasterio._base - DEBUG - Nodata success: 1, Nodata value: nan
2023-11-28 15:33:04,215 - rasterio._base - DEBUG - Dataset <open DatasetReader name='https://radar.bmkg.go.id/raster/radarsatelit_202311281530.tif' mode='r'> is started.
2023-11-28 15:33:04,216 - rasterio.env - DEBUG - Exiting env context: <rasterio.env.Env object at 0x7ff49bd6ec50>
2023-11-28 15:33:04,216 - rasterio.env - DEBUG - Cleared existing <rasterio._env.GDALEnv object at 0x7ff49bd6ecb0> options
2023-11-28 15:33:04,216 - rasterio._env - DEBUG - Stopped GDALEnv <rasterio._env.GDALEnv object at 0x7ff49bd6ecb0>.
2023-11-28 15:33:04,216 - rasterio.env - DEBUG - Exiting outermost env
2023-11-28 15:33:04,216 - rasterio.env - DEBUG - Exited env context: <rasterio.env.Env object at 0x7ff49bd6ec50>
2023-11-28 15:33:04,216 - rasterio.env - DEBUG - Entering env context: <rasterio.env.Env object at 0x7ff49b3fca90>
2023-11-28 15:33:04,216 - rasterio.env - DEBUG - Starting outermost env
2023-11-28 15:33:04,216 - rasterio.env - DEBUG - No GDAL environment exists
2023-11-28 15:33:04,216 - rasterio.env - DEBUG - New GDAL environment <rasterio._env.GDALEnv object at 0x7ff49bd6ecb0> created
2023-11-28 15:33:04,217 - rasterio._env - DEBUG - GDAL data found in package: path='/home/metpublic/PYTHON_VENV/present_weather/lib/python3.10/site-packages/rasterio/gdal_data'.
2023-11-28 15:33:04,217 - rasterio._env - DEBUG - PROJ data found in package: path='/home/metpublic/PYTHON_VENV/present_weather/lib/python3.10/site-packages/rasterio/proj_data'.
2023-11-28 15:33:04,217 - rasterio._env - DEBUG - Started GDALEnv: self=<rasterio._env.GDALEnv object at 0x7ff49bd6ecb0>.
2023-11-28 15:33:04,217 - rasterio.env - DEBUG - Entered env context: <rasterio.env.Env object at 0x7ff49b3fca90>
2023-11-28 15:33:04,217 - rasterio.env - DEBUG - Got a copy of environment <rasterio._env.GDALEnv object at 0x7ff49bd6ecb0> options
2023-11-28 15:33:04,217 - rasterio.env - DEBUG - Entering env context: <rasterio.env.Env object at 0x7ff4983060b0>
2023-11-28 15:33:04,217 - rasterio.env - DEBUG - Got a copy of environment <rasterio._env.GDALEnv object at 0x7ff49bd6ecb0> options
2023-11-28 15:33:04,217 - rasterio.env - DEBUG - Entered env context: <rasterio.env.Env object at 0x7ff4983060b0>
2023-11-28 15:33:04,218 - rasterio._base - DEBUG - Sharing flag: 0
2023-11-28 15:33:04,219 - rasterio._base - DEBUG - Nodata success: 1, Nodata value: nan
2023-11-28 15:33:04,219 - rasterio._base - DEBUG - Dataset <open DatasetReader name='https://radar.bmkg.go.id/raster/radarsatelit_202311281530.tif' mode='r'> is started.
2023-11-28 15:33:04,219 - rasterio.env - DEBUG - Exiting env context: <rasterio.env.Env object at 0x7ff4983060b0>
2023-11-28 15:33:04,219 - rasterio.env - DEBUG - Cleared existing <rasterio._env.GDALEnv object at 0x7ff49bd6ecb0> options
2023-11-28 15:33:04,219 - rasterio._env - DEBUG - Stopped GDALEnv <rasterio._env.GDALEnv object at 0x7ff49bd6ecb0>.
2023-11-28 15:33:04,219 - rasterio.env - DEBUG - No GDAL environment exists
2023-11-28 15:33:04,219 - rasterio.env - DEBUG - New GDAL environment <rasterio._env.GDALEnv object at 0x7ff49bd6ecb0> created
2023-11-28 15:33:04,219 - rasterio._env - DEBUG - GDAL data found in package: path='/home/metpublic/PYTHON_VENV/present_weather/lib/python3.10/site-packages/rasterio/gdal_data'.
2023-11-28 15:33:04,220 - rasterio._env - DEBUG - PROJ data found in package: path='/home/metpublic/PYTHON_VENV/present_weather/lib/python3.10/site-packages/rasterio/proj_data'.
2023-11-28 15:33:04,220 - rasterio._env - DEBUG - Started GDALEnv: self=<rasterio._env.GDALEnv object at 0x7ff49bd6ecb0>.
2023-11-28 15:33:04,220 - rasterio.env - DEBUG - Exited env context: <rasterio.env.Env object at 0x7ff4983060b0>
2023-11-28 15:33:04,238 - rasterio._io - DEBUG - Output nodata value read from file: nan
2023-11-28 15:33:04,238 - rasterio._io - DEBUG - Output nodata values: [nan]
2023-11-28 15:33:04,239 - rasterio._io - DEBUG - all_valid: False
2023-11-28 15:33:04,239 - rasterio._io - DEBUG - mask_flags: ([<MaskFlags.nodata: 8>],)
2023-11-28 15:33:04,239 - rasterio._io - DEBUG - Jump straight to _read()
2023-11-28 15:33:04,239 - rasterio._io - DEBUG - Window: Window(col_off=0, row_off=0, width=10215, height=3792)
2023-11-28 15:33:04,240 - rasterio._io - DEBUG - IO window xoff=0.0 yoff=0.0 width=10215.0 height=3792.0
2023-11-28 15:33:04,817 - rasterio.env - DEBUG - Exiting env context: <rasterio.env.Env object at 0x7ff49b3fca90>
2023-11-28 15:33:04,818 - rasterio.env - DEBUG - Cleared existing <rasterio._env.GDALEnv object at 0x7ff49bd6ecb0> options
2023-11-28 15:33:04,818 - rasterio._env - DEBUG - Stopped GDALEnv <rasterio._env.GDALEnv object at 0x7ff49bd6ecb0>.
2023-11-28 15:33:04,818 - rasterio.env - DEBUG - Exiting outermost env
2023-11-28 15:33:04,818 - rasterio.env - DEBUG - Exited env context: <rasterio.env.Env object at 0x7ff49b3fca90>
2023-11-28 15:39:44,009 - rasterio.env - DEBUG - Entering env context: <rasterio.env.Env object at 0x7ff49810d7e0>
2023-11-28 15:39:44,009 - rasterio.env - DEBUG - Starting outermost env
2023-11-28 15:39:44,009 - rasterio.env - DEBUG - No GDAL environment exists
2023-11-28 15:39:44,009 - rasterio.env - DEBUG - New GDAL environment <rasterio._env.GDALEnv object at 0x7ff49810e950> created
2023-11-28 15:39:44,010 - rasterio._env - DEBUG - GDAL data found in package: path='/home/metpublic/PYTHON_VENV/present_weather/lib/python3.10/site-packages/rasterio/gdal_data'.
2023-11-28 15:39:44,010 - rasterio._env - DEBUG - PROJ data found in package: path='/home/metpublic/PYTHON_VENV/present_weather/lib/python3.10/site-packages/rasterio/proj_data'.
2023-11-28 15:39:44,010 - rasterio._env - DEBUG - Started GDALEnv: self=<rasterio._env.GDALEnv object at 0x7ff49810e950>.
2023-11-28 15:39:44,010 - rasterio.env - DEBUG - Entered env context: <rasterio.env.Env object at 0x7ff49810d7e0>
2023-11-28 15:39:44,010 - rasterio._base - DEBUG - Sharing flag: 0
2023-11-28 15:39:44,012 - rasterio._base - DEBUG - Nodata success: 0, Nodata value: 0.000000
2023-11-28 15:39:44,012 - rasterio._base - DEBUG - Dataset <open DatasetReader name='/home/metpublic/TASK_RELEASE/EFAN/present_weather/src/H09_B13_Indonesia_20231128.Z1520.cor.tiff' mode='r'> is started.
2023-11-28 15:39:44,012 - rasterio.env - DEBUG - Exiting env context: <rasterio.env.Env object at 0x7ff49810d7e0>
2023-11-28 15:39:44,012 - rasterio.env - DEBUG - Cleared existing <rasterio._env.GDALEnv object at 0x7ff49810e950> options
2023-11-28 15:39:44,012 - rasterio._env - DEBUG - Stopped GDALEnv <rasterio._env.GDALEnv object at 0x7ff49810e950>.
2023-11-28 15:39:44,012 - rasterio.env - DEBUG - Exiting outermost env
2023-11-28 15:39:44,012 - rasterio.env - DEBUG - Exited env context: <rasterio.env.Env object at 0x7ff49810d7e0>
2023-11-28 15:39:44,013 - rasterio.env - DEBUG - Entering env context: <rasterio.env.Env object at 0x7ff49810fc70>
2023-11-28 15:39:44,013 - rasterio.env - DEBUG - Starting outermost env
2023-11-28 15:39:44,013 - rasterio.env - DEBUG - No GDAL environment exists
2023-11-28 15:39:44,013 - rasterio.env - DEBUG - New GDAL environment <rasterio._env.GDALEnv object at 0x7ff49810ca90> created
2023-11-28 15:39:44,013 - rasterio._env - DEBUG - GDAL data found in package: path='/home/metpublic/PYTHON_VENV/present_weather/lib/python3.10/site-packages/rasterio/gdal_data'.
2023-11-28 15:39:44,013 - rasterio._env - DEBUG - PROJ data found in package: path='/home/metpublic/PYTHON_VENV/present_weather/lib/python3.10/site-packages/rasterio/proj_data'.
2023-11-28 15:39:44,013 - rasterio._env - DEBUG - Started GDALEnv: self=<rasterio._env.GDALEnv object at 0x7ff49810ca90>.
2023-11-28 15:39:44,013 - rasterio.env - DEBUG - Entered env context: <rasterio.env.Env object at 0x7ff49810fc70>
2023-11-28 15:39:44,014 - rasterio._base - DEBUG - Sharing flag: 0
2023-11-28 15:39:44,014 - rasterio._base - DEBUG - Nodata success: 0, Nodata value: 0.000000
2023-11-28 15:39:44,014 - rasterio._base - DEBUG - Dataset <open DatasetReader name='/home/metpublic/TASK_RELEASE/EFAN/present_weather/src/H09_B13_Indonesia_20231128.Z1520.cor.tiff' mode='r'> is started.
2023-11-28 15:39:44,014 - rasterio.env - DEBUG - Exiting env context: <rasterio.env.Env object at 0x7ff49810fc70>
2023-11-28 15:39:44,015 - rasterio.env - DEBUG - Cleared existing <rasterio._env.GDALEnv object at 0x7ff49810ca90> options
2023-11-28 15:39:44,015 - rasterio._env - DEBUG - Stopped GDALEnv <rasterio._env.GDALEnv object at 0x7ff49810ca90>.
2023-11-28 15:39:44,015 - rasterio.env - DEBUG - Exiting outermost env
2023-11-28 15:39:44,015 - rasterio.env - DEBUG - Exited env context: <rasterio.env.Env object at 0x7ff49810fc70>
2023-11-28 15:39:44,025 - root - INFO - Generating present weather using SATELITE data
2023-11-28 15:41:35,860 - root - INFO - Total elapsed time: 0:08:33.413178
