2023-12-21 23:13:02,588 - root - INFO - Initiating present weather
2023-12-21 23:13:02,590 - asyncio - DEBUG - Using selector: EpollSelector
2023-12-21 23:13:04,260 - urllib3.connectionpool - DEBUG - Starting new HTTPS connection (1): radar.bmkg.go.id:8060
2023-12-21 23:13:04,280 - urllib3.connectionpool - DEBUG - https://radar.bmkg.go.id:8060 "GET /getLatestLD?typeData=1 HTTP/1.1" 200 62
2023-12-21 23:13:04,282 - urllib3.connectionpool - DEBUG - Starting new HTTPS connection (1): radar.bmkg.go.id:8060
2023-12-21 23:13:04,300 - urllib3.connectionpool - DEBUG - https://radar.bmkg.go.id:8060 "GET /getRadarGeotif?token=19387e71e78522ae4172ec0fda640983b8438c9cfa0ca571623cb69d8327&radar=amandemenForecast&type=latest HTTP/1.1" 200 90
2023-12-21 23:13:04,301 - rasterio.env - DEBUG - Entering env context: <rasterio.env.Env object at 0x7fd04999d540>
2023-12-21 23:13:04,301 - rasterio.env - DEBUG - Starting outermost env
2023-12-21 23:13:04,301 - rasterio.env - DEBUG - No GDAL environment exists
2023-12-21 23:13:04,301 - rasterio.env - DEBUG - New GDAL environment <rasterio._env.GDALEnv object at 0x7fd04999d570> created
2023-12-21 23:13:04,304 - rasterio._filepath - DEBUG - Installing FilePath filesystem handler plugin...
2023-12-21 23:13:04,304 - rasterio._env - DEBUG - GDAL data found in package: path='/home/metpublic/PYTHON_VENV/present_weather/lib/python3.10/site-packages/rasterio/gdal_data'.
2023-12-21 23:13:04,304 - rasterio._env - DEBUG - PROJ data found in package: path='/home/metpublic/PYTHON_VENV/present_weather/lib/python3.10/site-packages/rasterio/proj_data'.
2023-12-21 23:13:04,304 - rasterio._env - DEBUG - Started GDALEnv: self=<rasterio._env.GDALEnv object at 0x7fd04999d570>.
2023-12-21 23:13:04,304 - rasterio.env - DEBUG - Entered env context: <rasterio.env.Env object at 0x7fd04999d540>
2023-12-21 23:13:04,304 - rasterio._base - DEBUG - Sharing flag: 0
2023-12-21 23:13:04,637 - rasterio._base - DEBUG - Nodata success: 1, Nodata value: nan
2023-12-21 23:13:04,637 - rasterio._base - DEBUG - Dataset <open DatasetReader name='https://radar.bmkg.go.id/raster/radarsatelit_202312212230.tif' mode='r'> is started.
2023-12-21 23:13:04,638 - rasterio.env - DEBUG - Exiting env context: <rasterio.env.Env object at 0x7fd04999d540>
2023-12-21 23:13:04,638 - rasterio.env - DEBUG - Cleared existing <rasterio._env.GDALEnv object at 0x7fd04999d570> options
2023-12-21 23:13:04,638 - rasterio._env - DEBUG - Stopped GDALEnv <rasterio._env.GDALEnv object at 0x7fd04999d570>.
2023-12-21 23:13:04,638 - rasterio.env - DEBUG - Exiting outermost env
2023-12-21 23:13:04,638 - rasterio.env - DEBUG - Exited env context: <rasterio.env.Env object at 0x7fd04999d540>
2023-12-21 23:13:04,638 - rasterio.env - DEBUG - Entering env context: <rasterio.env.Env object at 0x7fd049955840>
2023-12-21 23:13:04,638 - rasterio.env - DEBUG - Starting outermost env
2023-12-21 23:13:04,638 - rasterio.env - DEBUG - No GDAL environment exists
2023-12-21 23:13:04,638 - rasterio.env - DEBUG - New GDAL environment <rasterio._env.GDALEnv object at 0x7fd04a2d7730> created
2023-12-21 23:13:04,639 - rasterio._env - DEBUG - GDAL data found in package: path='/home/metpublic/PYTHON_VENV/present_weather/lib/python3.10/site-packages/rasterio/gdal_data'.
2023-12-21 23:13:04,639 - rasterio._env - DEBUG - PROJ data found in package: path='/home/metpublic/PYTHON_VENV/present_weather/lib/python3.10/site-packages/rasterio/proj_data'.
2023-12-21 23:13:04,640 - rasterio._env - DEBUG - Started GDALEnv: self=<rasterio._env.GDALEnv object at 0x7fd04a2d7730>.
2023-12-21 23:13:04,640 - rasterio.env - DEBUG - Entered env context: <rasterio.env.Env object at 0x7fd049955840>
2023-12-21 23:13:04,641 - rasterio.env - DEBUG - Got a copy of environment <rasterio._env.GDALEnv object at 0x7fd04a2d7730> options
2023-12-21 23:13:04,641 - rasterio.env - DEBUG - Entering env context: <rasterio.env.Env object at 0x7fd048057b80>
2023-12-21 23:13:04,641 - rasterio.env - DEBUG - Got a copy of environment <rasterio._env.GDALEnv object at 0x7fd04a2d7730> options
2023-12-21 23:13:04,641 - rasterio.env - DEBUG - Entered env context: <rasterio.env.Env object at 0x7fd048057b80>
2023-12-21 23:13:04,641 - rasterio._base - DEBUG - Sharing flag: 0
2023-12-21 23:13:04,642 - rasterio._base - DEBUG - Nodata success: 1, Nodata value: nan
2023-12-21 23:13:04,643 - rasterio._base - DEBUG - Dataset <open DatasetReader name='https://radar.bmkg.go.id/raster/radarsatelit_202312212230.tif' mode='r'> is started.
2023-12-21 23:13:04,643 - rasterio.env - DEBUG - Exiting env context: <rasterio.env.Env object at 0x7fd048057b80>
2023-12-21 23:13:04,643 - rasterio.env - DEBUG - Cleared existing <rasterio._env.GDALEnv object at 0x7fd04a2d7730> options
2023-12-21 23:13:04,643 - rasterio._env - DEBUG - Stopped GDALEnv <rasterio._env.GDALEnv object at 0x7fd04a2d7730>.
2023-12-21 23:13:04,643 - rasterio.env - DEBUG - No GDAL environment exists
2023-12-21 23:13:04,643 - rasterio.env - DEBUG - New GDAL environment <rasterio._env.GDALEnv object at 0x7fd04a2d7730> created
2023-12-21 23:13:04,644 - rasterio._env - DEBUG - GDAL data found in package: path='/home/metpublic/PYTHON_VENV/present_weather/lib/python3.10/site-packages/rasterio/gdal_data'.
2023-12-21 23:13:04,644 - rasterio._env - DEBUG - PROJ data found in package: path='/home/metpublic/PYTHON_VENV/present_weather/lib/python3.10/site-packages/rasterio/proj_data'.
2023-12-21 23:13:04,644 - rasterio._env - DEBUG - Started GDALEnv: self=<rasterio._env.GDALEnv object at 0x7fd04a2d7730>.
2023-12-21 23:13:04,644 - rasterio.env - DEBUG - Exited env context: <rasterio.env.Env object at 0x7fd048057b80>
2023-12-21 23:13:04,663 - rasterio._io - DEBUG - Output nodata value read from file: nan
2023-12-21 23:13:04,663 - rasterio._io - DEBUG - Output nodata values: [nan]
2023-12-21 23:13:04,663 - rasterio._io - DEBUG - all_valid: False
2023-12-21 23:13:04,663 - rasterio._io - DEBUG - mask_flags: ([<MaskFlags.nodata: 8>],)
2023-12-21 23:13:04,664 - rasterio._io - DEBUG - Jump straight to _read()
2023-12-21 23:13:04,664 - rasterio._io - DEBUG - Window: Window(col_off=0, row_off=0, width=10215, height=3792)
2023-12-21 23:13:04,664 - rasterio._io - DEBUG - IO window xoff=0.0 yoff=0.0 width=10215.0 height=3792.0
2023-12-21 23:13:05,181 - rasterio.env - DEBUG - Exiting env context: <rasterio.env.Env object at 0x7fd049955840>
2023-12-21 23:13:05,181 - rasterio.env - DEBUG - Cleared existing <rasterio._env.GDALEnv object at 0x7fd04a2d7730> options
2023-12-21 23:13:05,181 - rasterio._env - DEBUG - Stopped GDALEnv <rasterio._env.GDALEnv object at 0x7fd04a2d7730>.
2023-12-21 23:13:05,182 - rasterio.env - DEBUG - Exiting outermost env
2023-12-21 23:13:05,182 - rasterio.env - DEBUG - Exited env context: <rasterio.env.Env object at 0x7fd049955840>
2023-12-21 23:13:05,184 - urllib3.connectionpool - DEBUG - Starting new HTTPS connection (1): radar.bmkg.go.id:8060
2023-12-21 23:13:05,300 - urllib3.connectionpool - DEBUG - https://radar.bmkg.go.id:8060 "GET /getRadarGeotif?token=19387e71e78522ae4172ec0fda640983b8438c9cfa0ca571623cb69d8327&radar=amandemenForecastRadarMosaic&type=latest HTTP/1.1" 200 84
2023-12-21 23:13:05,301 - rasterio.env - DEBUG - Entering env context: <rasterio.env.Env object at 0x7fd0499c4e20>
2023-12-21 23:13:05,302 - rasterio.env - DEBUG - Starting outermost env
2023-12-21 23:13:05,302 - rasterio.env - DEBUG - No GDAL environment exists
2023-12-21 23:13:05,302 - rasterio.env - DEBUG - New GDAL environment <rasterio._env.GDALEnv object at 0x7fd04999d5d0> created
2023-12-21 23:13:05,302 - rasterio._env - DEBUG - GDAL data found in package: path='/home/metpublic/PYTHON_VENV/present_weather/lib/python3.10/site-packages/rasterio/gdal_data'.
2023-12-21 23:13:05,302 - rasterio._env - DEBUG - PROJ data found in package: path='/home/metpublic/PYTHON_VENV/present_weather/lib/python3.10/site-packages/rasterio/proj_data'.
2023-12-21 23:13:05,302 - rasterio._env - DEBUG - Started GDALEnv: self=<rasterio._env.GDALEnv object at 0x7fd04999d5d0>.
2023-12-21 23:13:05,302 - rasterio.env - DEBUG - Entered env context: <rasterio.env.Env object at 0x7fd0499c4e20>
2023-12-21 23:13:05,303 - rasterio._base - DEBUG - Sharing flag: 0
2023-12-21 23:13:05,308 - rasterio._base - DEBUG - Nodata success: 1, Nodata value: nan
2023-12-21 23:13:05,308 - rasterio._base - DEBUG - Dataset <open DatasetReader name='https://radar.bmkg.go.id/raster/mosaic_202312212310.tif' mode='r'> is started.
2023-12-21 23:13:05,308 - rasterio.env - DEBUG - Exiting env context: <rasterio.env.Env object at 0x7fd0499c4e20>
2023-12-21 23:13:05,308 - rasterio.env - DEBUG - Cleared existing <rasterio._env.GDALEnv object at 0x7fd04999d5d0> options
2023-12-21 23:13:05,308 - rasterio._env - DEBUG - Stopped GDALEnv <rasterio._env.GDALEnv object at 0x7fd04999d5d0>.
2023-12-21 23:13:05,308 - rasterio.env - DEBUG - Exiting outermost env
2023-12-21 23:13:05,309 - rasterio.env - DEBUG - Exited env context: <rasterio.env.Env object at 0x7fd0499c4e20>
2023-12-21 23:13:05,309 - rasterio.env - DEBUG - Entering env context: <rasterio.env.Env object at 0x7fd0499c4670>
2023-12-21 23:13:05,309 - rasterio.env - DEBUG - Starting outermost env
2023-12-21 23:13:05,309 - rasterio.env - DEBUG - No GDAL environment exists
2023-12-21 23:13:05,309 - rasterio.env - DEBUG - New GDAL environment <rasterio._env.GDALEnv object at 0x7fd04999d5d0> created
2023-12-21 23:13:05,309 - rasterio._env - DEBUG - GDAL data found in package: path='/home/metpublic/PYTHON_VENV/present_weather/lib/python3.10/site-packages/rasterio/gdal_data'.
2023-12-21 23:13:05,309 - rasterio._env - DEBUG - PROJ data found in package: path='/home/metpublic/PYTHON_VENV/present_weather/lib/python3.10/site-packages/rasterio/proj_data'.
2023-12-21 23:13:05,309 - rasterio._env - DEBUG - Started GDALEnv: self=<rasterio._env.GDALEnv object at 0x7fd04999d5d0>.
2023-12-21 23:13:05,309 - rasterio.env - DEBUG - Entered env context: <rasterio.env.Env object at 0x7fd0499c4670>
2023-12-21 23:13:05,310 - rasterio.env - DEBUG - Got a copy of environment <rasterio._env.GDALEnv object at 0x7fd04999d5d0> options
2023-12-21 23:13:05,310 - rasterio.env - DEBUG - Entering env context: <rasterio.env.Env object at 0x7fd048057be0>
2023-12-21 23:13:05,310 - rasterio.env - DEBUG - Got a copy of environment <rasterio._env.GDALEnv object at 0x7fd04999d5d0> options
2023-12-21 23:13:05,310 - rasterio.env - DEBUG - Entered env context: <rasterio.env.Env object at 0x7fd048057be0>
2023-12-21 23:13:05,310 - rasterio._base - DEBUG - Sharing flag: 0
2023-12-21 23:13:05,311 - rasterio._base - DEBUG - Nodata success: 1, Nodata value: nan
2023-12-21 23:13:05,311 - rasterio._base - DEBUG - Dataset <open DatasetReader name='https://radar.bmkg.go.id/raster/mosaic_202312212310.tif' mode='r'> is started.
2023-12-21 23:13:05,311 - rasterio.env - DEBUG - Exiting env context: <rasterio.env.Env object at 0x7fd048057be0>
2023-12-21 23:13:05,311 - rasterio.env - DEBUG - Cleared existing <rasterio._env.GDALEnv object at 0x7fd04999d5d0> options
2023-12-21 23:13:05,311 - rasterio._env - DEBUG - Stopped GDALEnv <rasterio._env.GDALEnv object at 0x7fd04999d5d0>.
2023-12-21 23:13:05,311 - rasterio.env - DEBUG - No GDAL environment exists
2023-12-21 23:13:05,311 - rasterio.env - DEBUG - New GDAL environment <rasterio._env.GDALEnv object at 0x7fd04999d5d0> created
2023-12-21 23:13:05,311 - rasterio._env - DEBUG - GDAL data found in package: path='/home/metpublic/PYTHON_VENV/present_weather/lib/python3.10/site-packages/rasterio/gdal_data'.
2023-12-21 23:13:05,311 - rasterio._env - DEBUG - PROJ data found in package: path='/home/metpublic/PYTHON_VENV/present_weather/lib/python3.10/site-packages/rasterio/proj_data'.
2023-12-21 23:13:05,311 - rasterio._env - DEBUG - Started GDALEnv: self=<rasterio._env.GDALEnv object at 0x7fd04999d5d0>.
2023-12-21 23:13:05,311 - rasterio.env - DEBUG - Exited env context: <rasterio.env.Env object at 0x7fd048057be0>
2023-12-21 23:13:05,319 - rasterio._io - DEBUG - Output nodata value read from file: nan
2023-12-21 23:13:05,320 - rasterio._io - DEBUG - Output nodata values: [nan]
2023-12-21 23:13:05,320 - rasterio._io - DEBUG - all_valid: False
2023-12-21 23:13:05,320 - rasterio._io - DEBUG - mask_flags: ([<MaskFlags.nodata: 8>],)
2023-12-21 23:13:05,320 - rasterio._io - DEBUG - Jump straight to _read()
2023-12-21 23:13:05,320 - rasterio._io - DEBUG - Window: Window(col_off=0, row_off=0, width=10215, height=3792)
2023-12-21 23:13:05,320 - rasterio._io - DEBUG - IO window xoff=0.0 yoff=0.0 width=10215.0 height=3792.0
2023-12-21 23:13:09,504 - rasterio.env - DEBUG - Exiting env context: <rasterio.env.Env object at 0x7fd0499c4670>
2023-12-21 23:13:09,504 - rasterio.env - DEBUG - Cleared existing <rasterio._env.GDALEnv object at 0x7fd04999d5d0> options
2023-12-21 23:13:09,504 - rasterio._env - DEBUG - Stopped GDALEnv <rasterio._env.GDALEnv object at 0x7fd04999d5d0>.
2023-12-21 23:13:09,504 - rasterio.env - DEBUG - Exiting outermost env
2023-12-21 23:13:09,504 - rasterio.env - DEBUG - Exited env context: <rasterio.env.Env object at 0x7fd0499c4670>
2023-12-21 23:19:46,925 - root - INFO - Total elapsed time: 0:06:44.336913
