2023-11-12 17:00:03,614 - root - INFO - Initiating present weather
2023-11-12 17:00:03,618 - urllib3.connectionpool - DEBUG - Starting new HTTPS connection (1): radar.bmkg.go.id:8060
2023-11-12 17:00:03,693 - urllib3.connectionpool - DEBUG - https://radar.bmkg.go.id:8060 "GET /getRadarGeotif?token=19387e71e78522ae4172ec0fda640983b8438c9cfa0ca571623cb69d8327&radar=amandemenForecast&type=latest HTTP/1.1" 200 90
2023-11-12 17:00:03,696 - rasterio.env - DEBUG - Entering env context: <rasterio.env.Env object at 0x7f67c9878170>
2023-11-12 17:00:03,697 - rasterio.env - DEBUG - Starting outermost env
2023-11-12 17:00:03,697 - rasterio.env - DEBUG - No GDAL environment exists
2023-11-12 17:00:03,698 - rasterio.env - DEBUG - New GDAL environment <rasterio._env.GDALEnv object at 0x7f67d1cb3ac0> created
2023-11-12 17:00:03,702 - rasterio._filepath - DEBUG - Installing FilePath filesystem handler plugin...
2023-11-12 17:00:03,703 - rasterio._env - DEBUG - GDAL data found in package: path='/home/swx/miniconda3/envs/present_weather/lib/python3.12/site-packages/rasterio/gdal_data'.
2023-11-12 17:00:03,703 - rasterio._env - DEBUG - PROJ_LIB found in environment.
2023-11-12 17:00:03,703 - rasterio._env - DEBUG - Started GDALEnv: self=<rasterio._env.GDALEnv object at 0x7f67d1cb3ac0>.
2023-11-12 17:00:03,703 - rasterio.env - DEBUG - Entered env context: <rasterio.env.Env object at 0x7f67c9878170>
2023-11-12 17:00:03,703 - rasterio._base - DEBUG - Sharing flag: 0
2023-11-12 17:00:03,896 - rasterio._base - DEBUG - Nodata success: 1, Nodata value: nan
2023-11-12 17:00:03,896 - rasterio._base - DEBUG - Dataset <open DatasetReader name='https://radar.bmkg.go.id/raster/radarsatelit_202311121650.tif' mode='r'> is started.
2023-11-12 17:00:03,897 - rasterio.env - DEBUG - Exiting env context: <rasterio.env.Env object at 0x7f67c9878170>
2023-11-12 17:00:03,897 - rasterio.env - DEBUG - Cleared existing <rasterio._env.GDALEnv object at 0x7f67d1cb3ac0> options
2023-11-12 17:00:03,897 - rasterio._env - DEBUG - Stopped GDALEnv <rasterio._env.GDALEnv object at 0x7f67d1cb3ac0>.
2023-11-12 17:00:03,897 - rasterio.env - DEBUG - Exiting outermost env
2023-11-12 17:00:03,897 - rasterio.env - DEBUG - Exited env context: <rasterio.env.Env object at 0x7f67c9878170>
2023-11-12 17:00:03,897 - rasterio.env - DEBUG - Entering env context: <rasterio.env.Env object at 0x7f677f8ed7f0>
2023-11-12 17:00:03,898 - rasterio.env - DEBUG - Starting outermost env
2023-11-12 17:00:03,898 - rasterio.env - DEBUG - No GDAL environment exists
2023-11-12 17:00:03,898 - rasterio.env - DEBUG - New GDAL environment <rasterio._env.GDALEnv object at 0x7f677f9db940> created
2023-11-12 17:00:03,898 - rasterio._env - DEBUG - GDAL data found in package: path='/home/swx/miniconda3/envs/present_weather/lib/python3.12/site-packages/rasterio/gdal_data'.
2023-11-12 17:00:03,899 - rasterio._env - DEBUG - PROJ_LIB found in environment.
2023-11-12 17:00:03,899 - rasterio._env - DEBUG - Started GDALEnv: self=<rasterio._env.GDALEnv object at 0x7f677f9db940>.
2023-11-12 17:00:03,899 - rasterio.env - DEBUG - Entered env context: <rasterio.env.Env object at 0x7f677f8ed7f0>
2023-11-12 17:00:03,900 - rasterio.env - DEBUG - Got a copy of environment <rasterio._env.GDALEnv object at 0x7f677f9db940> options
2023-11-12 17:00:03,900 - rasterio.env - DEBUG - Entering env context: <rasterio.env.Env object at 0x7f67c12f9c40>
2023-11-12 17:00:03,900 - rasterio.env - DEBUG - Got a copy of environment <rasterio._env.GDALEnv object at 0x7f677f9db940> options
2023-11-12 17:00:03,900 - rasterio.env - DEBUG - Entered env context: <rasterio.env.Env object at 0x7f67c12f9c40>
2023-11-12 17:00:03,900 - rasterio._base - DEBUG - Sharing flag: 0
2023-11-12 17:00:03,901 - rasterio._base - DEBUG - Nodata success: 1, Nodata value: nan
2023-11-12 17:00:03,902 - rasterio._base - DEBUG - Dataset <open DatasetReader name='https://radar.bmkg.go.id/raster/radarsatelit_202311121650.tif' mode='r'> is started.
2023-11-12 17:00:03,902 - rasterio.env - DEBUG - Exiting env context: <rasterio.env.Env object at 0x7f67c12f9c40>
2023-11-12 17:00:03,902 - rasterio.env - DEBUG - Cleared existing <rasterio._env.GDALEnv object at 0x7f677f9db940> options
2023-11-12 17:00:03,902 - rasterio._env - DEBUG - Stopped GDALEnv <rasterio._env.GDALEnv object at 0x7f677f9db940>.
2023-11-12 17:00:03,902 - rasterio.env - DEBUG - No GDAL environment exists
2023-11-12 17:00:03,902 - rasterio.env - DEBUG - New GDAL environment <rasterio._env.GDALEnv object at 0x7f677f9db940> created
2023-11-12 17:00:03,903 - rasterio._env - DEBUG - GDAL data found in package: path='/home/swx/miniconda3/envs/present_weather/lib/python3.12/site-packages/rasterio/gdal_data'.
2023-11-12 17:00:03,903 - rasterio._env - DEBUG - PROJ_LIB found in environment.
2023-11-12 17:00:03,903 - rasterio._env - DEBUG - Started GDALEnv: self=<rasterio._env.GDALEnv object at 0x7f677f9db940>.
2023-11-12 17:00:03,903 - rasterio.env - DEBUG - Exited env context: <rasterio.env.Env object at 0x7f67c12f9c40>
2023-11-12 17:00:03,936 - rasterio._io - DEBUG - Output nodata value read from file: nan
2023-11-12 17:00:03,937 - rasterio._io - DEBUG - Output nodata values: [nan]
2023-11-12 17:00:03,937 - rasterio._io - DEBUG - all_valid: False
2023-11-12 17:00:03,937 - rasterio._io - DEBUG - mask_flags: ([<MaskFlags.nodata: 8>],)
2023-11-12 17:00:03,938 - rasterio._io - DEBUG - Jump straight to _read()
2023-11-12 17:00:03,938 - rasterio._io - DEBUG - Window: Window(col_off=0, row_off=0, width=10215, height=3792)
2023-11-12 17:00:03,938 - rasterio._io - DEBUG - IO window xoff=0.0 yoff=0.0 width=10215.0 height=3792.0
2023-11-12 17:00:04,659 - rasterio.env - DEBUG - Exiting env context: <rasterio.env.Env object at 0x7f677f8ed7f0>
2023-11-12 17:00:04,660 - rasterio.env - DEBUG - Cleared existing <rasterio._env.GDALEnv object at 0x7f677f9db940> options
2023-11-12 17:00:04,660 - rasterio._env - DEBUG - Stopped GDALEnv <rasterio._env.GDALEnv object at 0x7f677f9db940>.
2023-11-12 17:00:04,660 - rasterio.env - DEBUG - Exiting outermost env
2023-11-12 17:00:04,660 - rasterio.env - DEBUG - Exited env context: <rasterio.env.Env object at 0x7f677f8ed7f0>
2023-11-12 17:00:04,662 - urllib3.connectionpool - DEBUG - Starting new HTTPS connection (1): radar.bmkg.go.id:8060
2023-11-12 17:00:04,745 - urllib3.connectionpool - DEBUG - https://radar.bmkg.go.id:8060 "GET /getLatestLD?typeData=1 HTTP/1.1" 200 97663
2023-11-12 17:00:04,786 - asyncio - DEBUG - Using selector: EpollSelector
2023-11-12 17:00:11,532 - root - INFO - dask.bag<lambda, npartitions=34>
2023-11-12 17:16:15,922 - root - INFO - Total elapsed time: 0:16:12.309492
