2023-11-23 23:03:03,873 - root - INFO - Initiating present weather
2023-11-23 23:03:03,877 - asyncio - DEBUG - Using selector: EpollSelector
2023-11-23 23:03:07,115 - urllib3.connectionpool - DEBUG - Starting new HTTPS connection (1): radar.bmkg.go.id:8060
2023-11-23 23:03:12,188 - urllib3.connectionpool - DEBUG - https://radar.bmkg.go.id:8060 "GET /getRadarGeotif?token=19387e71e78522ae4172ec0fda640983b8438c9cfa0ca571623cb69d8327&radar=amandemenForecast&type=latest HTTP/1.1" 200 90
2023-11-23 23:03:12,190 - rasterio.env - DEBUG - Entering env context: <rasterio.env.Env object at 0x7fd65066fb00>
2023-11-23 23:03:12,191 - rasterio.env - DEBUG - Starting outermost env
2023-11-23 23:03:12,191 - rasterio.env - DEBUG - No GDAL environment exists
2023-11-23 23:03:12,192 - rasterio.env - DEBUG - New GDAL environment <rasterio._env.GDALEnv object at 0x7fd64b9df010> created
2023-11-23 23:03:12,196 - rasterio._filepath - DEBUG - Installing FilePath filesystem handler plugin...
2023-11-23 23:03:12,196 - rasterio._env - DEBUG - GDAL data found in package: path='/home/swx/miniconda3/envs/present_weather/lib/python3.12/site-packages/rasterio/gdal_data'.
2023-11-23 23:03:12,196 - rasterio._env - DEBUG - PROJ_LIB found in environment.
2023-11-23 23:03:12,196 - rasterio._env - DEBUG - Started GDALEnv: self=<rasterio._env.GDALEnv object at 0x7fd64b9df010>.
2023-11-23 23:03:12,196 - rasterio.env - DEBUG - Entered env context: <rasterio.env.Env object at 0x7fd65066fb00>
2023-11-23 23:03:12,196 - rasterio._base - DEBUG - Sharing flag: 0
2023-11-23 23:03:12,405 - rasterio._base - DEBUG - Nodata success: 1, Nodata value: nan
2023-11-23 23:03:12,406 - rasterio._base - DEBUG - Dataset <open DatasetReader name='https://radar.bmkg.go.id/raster/radarsatelit_202311232300.tif' mode='r'> is started.
2023-11-23 23:03:12,406 - rasterio.env - DEBUG - Exiting env context: <rasterio.env.Env object at 0x7fd65066fb00>
2023-11-23 23:03:12,406 - rasterio.env - DEBUG - Cleared existing <rasterio._env.GDALEnv object at 0x7fd64b9df010> options
2023-11-23 23:03:12,406 - rasterio._env - DEBUG - Stopped GDALEnv <rasterio._env.GDALEnv object at 0x7fd64b9df010>.
2023-11-23 23:03:12,407 - rasterio.env - DEBUG - Exiting outermost env
2023-11-23 23:03:12,407 - rasterio.env - DEBUG - Exited env context: <rasterio.env.Env object at 0x7fd65066fb00>
2023-11-23 23:03:12,407 - rasterio.env - DEBUG - Entering env context: <rasterio.env.Env object at 0x7fd64b87e180>
2023-11-23 23:03:12,407 - rasterio.env - DEBUG - Starting outermost env
2023-11-23 23:03:12,407 - rasterio.env - DEBUG - No GDAL environment exists
2023-11-23 23:03:12,407 - rasterio.env - DEBUG - New GDAL environment <rasterio._env.GDALEnv object at 0x7fd64b9df070> created
2023-11-23 23:03:12,408 - rasterio._env - DEBUG - GDAL data found in package: path='/home/swx/miniconda3/envs/present_weather/lib/python3.12/site-packages/rasterio/gdal_data'.
2023-11-23 23:03:12,408 - rasterio._env - DEBUG - PROJ_LIB found in environment.
2023-11-23 23:03:12,408 - rasterio._env - DEBUG - Started GDALEnv: self=<rasterio._env.GDALEnv object at 0x7fd64b9df070>.
2023-11-23 23:03:12,408 - rasterio.env - DEBUG - Entered env context: <rasterio.env.Env object at 0x7fd64b87e180>
2023-11-23 23:03:12,409 - rasterio.env - DEBUG - Got a copy of environment <rasterio._env.GDALEnv object at 0x7fd64b9df070> options
2023-11-23 23:03:12,409 - rasterio.env - DEBUG - Entering env context: <rasterio.env.Env object at 0x7fd64aff2a80>
2023-11-23 23:03:12,409 - rasterio.env - DEBUG - Got a copy of environment <rasterio._env.GDALEnv object at 0x7fd64b9df070> options
2023-11-23 23:03:12,409 - rasterio.env - DEBUG - Entered env context: <rasterio.env.Env object at 0x7fd64aff2a80>
2023-11-23 23:03:12,409 - rasterio._base - DEBUG - Sharing flag: 0
2023-11-23 23:03:12,411 - rasterio._base - DEBUG - Nodata success: 1, Nodata value: nan
2023-11-23 23:03:12,411 - rasterio._base - DEBUG - Dataset <open DatasetReader name='https://radar.bmkg.go.id/raster/radarsatelit_202311232300.tif' mode='r'> is started.
2023-11-23 23:03:12,411 - rasterio.env - DEBUG - Exiting env context: <rasterio.env.Env object at 0x7fd64aff2a80>
2023-11-23 23:03:12,412 - rasterio.env - DEBUG - Cleared existing <rasterio._env.GDALEnv object at 0x7fd64b9df070> options
2023-11-23 23:03:12,412 - rasterio._env - DEBUG - Stopped GDALEnv <rasterio._env.GDALEnv object at 0x7fd64b9df070>.
2023-11-23 23:03:12,412 - rasterio.env - DEBUG - No GDAL environment exists
2023-11-23 23:03:12,412 - rasterio.env - DEBUG - New GDAL environment <rasterio._env.GDALEnv object at 0x7fd64b9df070> created
2023-11-23 23:03:12,412 - rasterio._env - DEBUG - GDAL data found in package: path='/home/swx/miniconda3/envs/present_weather/lib/python3.12/site-packages/rasterio/gdal_data'.
2023-11-23 23:03:12,413 - rasterio._env - DEBUG - PROJ_LIB found in environment.
2023-11-23 23:03:12,413 - rasterio._env - DEBUG - Started GDALEnv: self=<rasterio._env.GDALEnv object at 0x7fd64b9df070>.
2023-11-23 23:03:12,413 - rasterio.env - DEBUG - Exited env context: <rasterio.env.Env object at 0x7fd64aff2a80>
2023-11-23 23:03:12,441 - rasterio._io - DEBUG - Output nodata value read from file: nan
2023-11-23 23:03:12,441 - rasterio._io - DEBUG - Output nodata values: [nan]
2023-11-23 23:03:12,441 - rasterio._io - DEBUG - all_valid: False
2023-11-23 23:03:12,442 - rasterio._io - DEBUG - mask_flags: ([<MaskFlags.nodata: 8>],)
2023-11-23 23:03:12,442 - rasterio._io - DEBUG - Jump straight to _read()
2023-11-23 23:03:12,442 - rasterio._io - DEBUG - Window: Window(col_off=0, row_off=0, width=10215, height=3792)
2023-11-23 23:03:12,443 - rasterio._io - DEBUG - IO window xoff=0.0 yoff=0.0 width=10215.0 height=3792.0
2023-11-23 23:03:13,165 - rasterio.env - DEBUG - Exiting env context: <rasterio.env.Env object at 0x7fd64b87e180>
2023-11-23 23:03:13,165 - rasterio.env - DEBUG - Cleared existing <rasterio._env.GDALEnv object at 0x7fd64b9df070> options
2023-11-23 23:03:13,165 - rasterio._env - DEBUG - Stopped GDALEnv <rasterio._env.GDALEnv object at 0x7fd64b9df070>.
2023-11-23 23:03:13,165 - rasterio.env - DEBUG - Exiting outermost env
2023-11-23 23:03:13,165 - rasterio.env - DEBUG - Exited env context: <rasterio.env.Env object at 0x7fd64b87e180>
2023-11-23 23:03:13,168 - urllib3.connectionpool - DEBUG - Starting new HTTPS connection (1): radar.bmkg.go.id:8060
2023-11-23 23:03:13,221 - urllib3.connectionpool - DEBUG - https://radar.bmkg.go.id:8060 "GET /getLatestLD?typeData=1 HTTP/1.1" 200 44060
2023-11-23 23:03:16,567 - root - INFO - dask.bag<lambda, npartitions=20>
2023-11-23 23:16:17,960 - root - INFO - Total elapsed time: 0:13:14.087470
