2023-11-05 17:00:03,692 - root - INFO - Initiating present weather
2023-11-05 17:00:03,696 - urllib3.connectionpool - DEBUG - Starting new HTTPS connection (1): radar.bmkg.go.id:8060
2023-11-05 17:00:03,768 - urllib3.connectionpool - DEBUG - https://radar.bmkg.go.id:8060 "GET /getRadarGeotif?token=19387e71e78522ae4172ec0fda640983b8438c9cfa0ca571623cb69d8327&radar=amandemenForecast&type=latest HTTP/1.1" 200 90
2023-11-05 17:00:03,771 - rasterio.env - DEBUG - Entering env context: <rasterio.env.Env object at 0x7fd4607226f0>
2023-11-05 17:00:03,771 - rasterio.env - DEBUG - Starting outermost env
2023-11-05 17:00:03,772 - rasterio.env - DEBUG - No GDAL environment exists
2023-11-05 17:00:03,772 - rasterio.env - DEBUG - New GDAL environment <rasterio._env.GDALEnv object at 0x7fd4607742b0> created
2023-11-05 17:00:03,776 - rasterio._filepath - DEBUG - Installing FilePath filesystem handler plugin...
2023-11-05 17:00:03,776 - rasterio._env - DEBUG - GDAL data found in package: path='/home/swx/miniconda3/envs/present_weather/lib/python3.12/site-packages/rasterio/gdal_data'.
2023-11-05 17:00:03,777 - rasterio._env - DEBUG - PROJ_LIB found in environment.
2023-11-05 17:00:03,777 - rasterio._env - DEBUG - Started GDALEnv: self=<rasterio._env.GDALEnv object at 0x7fd4607742b0>.
2023-11-05 17:00:03,777 - rasterio.env - DEBUG - Entered env context: <rasterio.env.Env object at 0x7fd4607226f0>
2023-11-05 17:00:03,777 - rasterio._base - DEBUG - Sharing flag: 0
2023-11-05 17:00:03,944 - rasterio._base - DEBUG - Nodata success: 1, Nodata value: nan
2023-11-05 17:00:03,944 - rasterio._base - DEBUG - Dataset <open DatasetReader name='https://radar.bmkg.go.id/raster/radarsatelit_202311051640.tif' mode='r'> is started.
2023-11-05 17:00:03,945 - rasterio.env - DEBUG - Exiting env context: <rasterio.env.Env object at 0x7fd4607226f0>
2023-11-05 17:00:03,945 - rasterio.env - DEBUG - Cleared existing <rasterio._env.GDALEnv object at 0x7fd4607742b0> options
2023-11-05 17:00:03,945 - rasterio._env - DEBUG - Stopped GDALEnv <rasterio._env.GDALEnv object at 0x7fd4607742b0>.
2023-11-05 17:00:03,945 - rasterio.env - DEBUG - Exiting outermost env
2023-11-05 17:00:03,945 - rasterio.env - DEBUG - Exited env context: <rasterio.env.Env object at 0x7fd4607226f0>
2023-11-05 17:00:03,945 - rasterio.env - DEBUG - Entering env context: <rasterio.env.Env object at 0x7fd4aa86f9e0>
2023-11-05 17:00:03,946 - rasterio.env - DEBUG - Starting outermost env
2023-11-05 17:00:03,946 - rasterio.env - DEBUG - No GDAL environment exists
2023-11-05 17:00:03,946 - rasterio.env - DEBUG - New GDAL environment <rasterio._env.GDALEnv object at 0x7fd4609d9420> created
2023-11-05 17:00:03,946 - rasterio._env - DEBUG - GDAL data found in package: path='/home/swx/miniconda3/envs/present_weather/lib/python3.12/site-packages/rasterio/gdal_data'.
2023-11-05 17:00:03,946 - rasterio._env - DEBUG - PROJ_LIB found in environment.
2023-11-05 17:00:03,947 - rasterio._env - DEBUG - Started GDALEnv: self=<rasterio._env.GDALEnv object at 0x7fd4609d9420>.
2023-11-05 17:00:03,947 - rasterio.env - DEBUG - Entered env context: <rasterio.env.Env object at 0x7fd4aa86f9e0>
2023-11-05 17:00:03,947 - rasterio.env - DEBUG - Got a copy of environment <rasterio._env.GDALEnv object at 0x7fd4609d9420> options
2023-11-05 17:00:03,947 - rasterio.env - DEBUG - Entering env context: <rasterio.env.Env object at 0x7fd4608a71d0>
2023-11-05 17:00:03,948 - rasterio.env - DEBUG - Got a copy of environment <rasterio._env.GDALEnv object at 0x7fd4609d9420> options
2023-11-05 17:00:03,948 - rasterio.env - DEBUG - Entered env context: <rasterio.env.Env object at 0x7fd4608a71d0>
2023-11-05 17:00:03,948 - rasterio._base - DEBUG - Sharing flag: 0
2023-11-05 17:00:03,949 - rasterio._base - DEBUG - Nodata success: 1, Nodata value: nan
2023-11-05 17:00:03,949 - rasterio._base - DEBUG - Dataset <open DatasetReader name='https://radar.bmkg.go.id/raster/radarsatelit_202311051640.tif' mode='r'> is started.
2023-11-05 17:00:03,949 - rasterio.env - DEBUG - Exiting env context: <rasterio.env.Env object at 0x7fd4608a71d0>
2023-11-05 17:00:03,949 - rasterio.env - DEBUG - Cleared existing <rasterio._env.GDALEnv object at 0x7fd4609d9420> options
2023-11-05 17:00:03,949 - rasterio._env - DEBUG - Stopped GDALEnv <rasterio._env.GDALEnv object at 0x7fd4609d9420>.
2023-11-05 17:00:03,949 - rasterio.env - DEBUG - No GDAL environment exists
2023-11-05 17:00:03,949 - rasterio.env - DEBUG - New GDAL environment <rasterio._env.GDALEnv object at 0x7fd4609d9420> created
2023-11-05 17:00:03,950 - rasterio._env - DEBUG - GDAL data found in package: path='/home/swx/miniconda3/envs/present_weather/lib/python3.12/site-packages/rasterio/gdal_data'.
2023-11-05 17:00:03,950 - rasterio._env - DEBUG - PROJ_LIB found in environment.
2023-11-05 17:00:03,950 - rasterio._env - DEBUG - Started GDALEnv: self=<rasterio._env.GDALEnv object at 0x7fd4609d9420>.
2023-11-05 17:00:03,950 - rasterio.env - DEBUG - Exited env context: <rasterio.env.Env object at 0x7fd4608a71d0>
2023-11-05 17:00:03,978 - rasterio._io - DEBUG - Output nodata value read from file: nan
2023-11-05 17:00:03,978 - rasterio._io - DEBUG - Output nodata values: [nan]
2023-11-05 17:00:03,979 - rasterio._io - DEBUG - all_valid: False
2023-11-05 17:00:03,979 - rasterio._io - DEBUG - mask_flags: ([<MaskFlags.nodata: 8>],)
2023-11-05 17:00:03,979 - rasterio._io - DEBUG - Jump straight to _read()
2023-11-05 17:00:03,979 - rasterio._io - DEBUG - Window: Window(col_off=0, row_off=0, width=10215, height=3792)
2023-11-05 17:00:03,980 - rasterio._io - DEBUG - IO window xoff=0.0 yoff=0.0 width=10215.0 height=3792.0
2023-11-05 17:00:04,659 - rasterio.env - DEBUG - Exiting env context: <rasterio.env.Env object at 0x7fd4aa86f9e0>
2023-11-05 17:00:04,659 - rasterio.env - DEBUG - Cleared existing <rasterio._env.GDALEnv object at 0x7fd4609d9420> options
2023-11-05 17:00:04,659 - rasterio._env - DEBUG - Stopped GDALEnv <rasterio._env.GDALEnv object at 0x7fd4609d9420>.
2023-11-05 17:00:04,659 - rasterio.env - DEBUG - Exiting outermost env
2023-11-05 17:00:04,659 - rasterio.env - DEBUG - Exited env context: <rasterio.env.Env object at 0x7fd4aa86f9e0>
2023-11-05 17:00:04,662 - urllib3.connectionpool - DEBUG - Starting new HTTPS connection (1): radar.bmkg.go.id:8060
2023-11-05 17:00:04,740 - urllib3.connectionpool - DEBUG - https://radar.bmkg.go.id:8060 "GET /getLatestLD?typeData=1 HTTP/1.1" 200 141869
2023-11-05 17:00:04,786 - asyncio - DEBUG - Using selector: EpollSelector
2023-11-05 17:13:18,502 - root - INFO - Total elapsed time: 0:13:14.811205
