2023-12-15 14:33:02,874 - root - INFO - Initiating present weather
2023-12-15 14:33:02,876 - asyncio - DEBUG - Using selector: EpollSelector
2023-12-15 14:33:04,581 - urllib3.connectionpool - DEBUG - Starting new HTTPS connection (1): radar.bmkg.go.id:8060
2023-12-15 14:33:04,594 - urllib3.connectionpool - DEBUG - https://radar.bmkg.go.id:8060 "GET /getLatestLD?typeData=1 HTTP/1.1" 200 62
2023-12-15 14:33:04,596 - urllib3.connectionpool - DEBUG - Starting new HTTPS connection (1): radar.bmkg.go.id:8060
2023-12-15 14:33:04,620 - urllib3.connectionpool - DEBUG - https://radar.bmkg.go.id:8060 "GET /getRadarGeotif?token=19387e71e78522ae4172ec0fda640983b8438c9cfa0ca571623cb69d8327&radar=amandemenForecast&type=latest HTTP/1.1" 200 90
2023-12-15 14:33:04,621 - rasterio.env - DEBUG - Entering env context: <rasterio.env.Env object at 0x7f10cd8f48b0>
2023-12-15 14:33:04,621 - rasterio.env - DEBUG - Starting outermost env
2023-12-15 14:33:04,621 - rasterio.env - DEBUG - No GDAL environment exists
2023-12-15 14:33:04,621 - rasterio.env - DEBUG - New GDAL environment <rasterio._env.GDALEnv object at 0x7f10cd8f4730> created
2023-12-15 14:33:04,624 - rasterio._filepath - DEBUG - Installing FilePath filesystem handler plugin...
2023-12-15 14:33:04,624 - rasterio._env - DEBUG - GDAL data found in package: path='/home/metpublic/PYTHON_VENV/present_weather/lib/python3.10/site-packages/rasterio/gdal_data'.
2023-12-15 14:33:04,624 - rasterio._env - DEBUG - PROJ data found in package: path='/home/metpublic/PYTHON_VENV/present_weather/lib/python3.10/site-packages/rasterio/proj_data'.
2023-12-15 14:33:04,625 - rasterio._env - DEBUG - Started GDALEnv: self=<rasterio._env.GDALEnv object at 0x7f10cd8f4730>.
2023-12-15 14:33:04,625 - rasterio.env - DEBUG - Entered env context: <rasterio.env.Env object at 0x7f10cd8f48b0>
2023-12-15 14:33:04,625 - rasterio._base - DEBUG - Sharing flag: 0
2023-12-15 14:33:04,930 - rasterio._base - DEBUG - Nodata success: 1, Nodata value: nan
2023-12-15 14:33:04,930 - rasterio._base - DEBUG - Dataset <open DatasetReader name='https://radar.bmkg.go.id/raster/radarsatelit_202312151430.tif' mode='r'> is started.
2023-12-15 14:33:04,931 - rasterio.env - DEBUG - Exiting env context: <rasterio.env.Env object at 0x7f10cd8f48b0>
2023-12-15 14:33:04,931 - rasterio.env - DEBUG - Cleared existing <rasterio._env.GDALEnv object at 0x7f10cd8f4730> options
2023-12-15 14:33:04,931 - rasterio._env - DEBUG - Stopped GDALEnv <rasterio._env.GDALEnv object at 0x7f10cd8f4730>.
2023-12-15 14:33:04,931 - rasterio.env - DEBUG - Exiting outermost env
2023-12-15 14:33:04,931 - rasterio.env - DEBUG - Exited env context: <rasterio.env.Env object at 0x7f10cd8f48b0>
2023-12-15 14:33:04,931 - rasterio.env - DEBUG - Entering env context: <rasterio.env.Env object at 0x7f10cd884970>
2023-12-15 14:33:04,931 - rasterio.env - DEBUG - Starting outermost env
2023-12-15 14:33:04,931 - rasterio.env - DEBUG - No GDAL environment exists
2023-12-15 14:33:04,931 - rasterio.env - DEBUG - New GDAL environment <rasterio._env.GDALEnv object at 0x7f10cd8f4730> created
2023-12-15 14:33:04,932 - rasterio._env - DEBUG - GDAL data found in package: path='/home/metpublic/PYTHON_VENV/present_weather/lib/python3.10/site-packages/rasterio/gdal_data'.
2023-12-15 14:33:04,932 - rasterio._env - DEBUG - PROJ data found in package: path='/home/metpublic/PYTHON_VENV/present_weather/lib/python3.10/site-packages/rasterio/proj_data'.
2023-12-15 14:33:04,932 - rasterio._env - DEBUG - Started GDALEnv: self=<rasterio._env.GDALEnv object at 0x7f10cd8f4730>.
2023-12-15 14:33:04,932 - rasterio.env - DEBUG - Entered env context: <rasterio.env.Env object at 0x7f10cd884970>
2023-12-15 14:33:04,933 - rasterio.env - DEBUG - Got a copy of environment <rasterio._env.GDALEnv object at 0x7f10cd8f4730> options
2023-12-15 14:33:04,933 - rasterio.env - DEBUG - Entering env context: <rasterio.env.Env object at 0x7f10bc71b430>
2023-12-15 14:33:04,933 - rasterio.env - DEBUG - Got a copy of environment <rasterio._env.GDALEnv object at 0x7f10cd8f4730> options
2023-12-15 14:33:04,933 - rasterio.env - DEBUG - Entered env context: <rasterio.env.Env object at 0x7f10bc71b430>
2023-12-15 14:33:04,933 - rasterio._base - DEBUG - Sharing flag: 0
2023-12-15 14:33:04,934 - rasterio._base - DEBUG - Nodata success: 1, Nodata value: nan
2023-12-15 14:33:04,934 - rasterio._base - DEBUG - Dataset <open DatasetReader name='https://radar.bmkg.go.id/raster/radarsatelit_202312151430.tif' mode='r'> is started.
2023-12-15 14:33:04,934 - rasterio.env - DEBUG - Exiting env context: <rasterio.env.Env object at 0x7f10bc71b430>
2023-12-15 14:33:04,934 - rasterio.env - DEBUG - Cleared existing <rasterio._env.GDALEnv object at 0x7f10cd8f4730> options
2023-12-15 14:33:04,934 - rasterio._env - DEBUG - Stopped GDALEnv <rasterio._env.GDALEnv object at 0x7f10cd8f4730>.
2023-12-15 14:33:04,935 - rasterio.env - DEBUG - No GDAL environment exists
2023-12-15 14:33:04,935 - rasterio.env - DEBUG - New GDAL environment <rasterio._env.GDALEnv object at 0x7f10cd8f4730> created
2023-12-15 14:33:04,935 - rasterio._env - DEBUG - GDAL data found in package: path='/home/metpublic/PYTHON_VENV/present_weather/lib/python3.10/site-packages/rasterio/gdal_data'.
2023-12-15 14:33:04,935 - rasterio._env - DEBUG - PROJ data found in package: path='/home/metpublic/PYTHON_VENV/present_weather/lib/python3.10/site-packages/rasterio/proj_data'.
2023-12-15 14:33:04,935 - rasterio._env - DEBUG - Started GDALEnv: self=<rasterio._env.GDALEnv object at 0x7f10cd8f4730>.
2023-12-15 14:33:04,936 - rasterio.env - DEBUG - Exited env context: <rasterio.env.Env object at 0x7f10bc71b430>
2023-12-15 14:33:04,953 - rasterio._io - DEBUG - Output nodata value read from file: nan
2023-12-15 14:33:04,953 - rasterio._io - DEBUG - Output nodata values: [nan]
2023-12-15 14:33:04,953 - rasterio._io - DEBUG - all_valid: False
2023-12-15 14:33:04,953 - rasterio._io - DEBUG - mask_flags: ([<MaskFlags.nodata: 8>],)
2023-12-15 14:33:04,954 - rasterio._io - DEBUG - Jump straight to _read()
2023-12-15 14:33:04,954 - rasterio._io - DEBUG - Window: Window(col_off=0, row_off=0, width=10177, height=3732)
2023-12-15 14:33:04,954 - rasterio._io - DEBUG - IO window xoff=0.0 yoff=0.0 width=10177.0 height=3732.0
2023-12-15 14:33:05,505 - rasterio.env - DEBUG - Exiting env context: <rasterio.env.Env object at 0x7f10cd884970>
2023-12-15 14:33:05,505 - rasterio.env - DEBUG - Cleared existing <rasterio._env.GDALEnv object at 0x7f10cd8f4730> options
2023-12-15 14:33:05,505 - rasterio._env - DEBUG - Stopped GDALEnv <rasterio._env.GDALEnv object at 0x7f10cd8f4730>.
2023-12-15 14:33:05,505 - rasterio.env - DEBUG - Exiting outermost env
2023-12-15 14:33:05,506 - rasterio.env - DEBUG - Exited env context: <rasterio.env.Env object at 0x7f10cd884970>
2023-12-15 14:36:39,974 - rasterio.env - DEBUG - Entering env context: <rasterio.env.Env object at 0x7f10bc5208b0>
2023-12-15 14:36:39,975 - rasterio.env - DEBUG - Starting outermost env
2023-12-15 14:36:39,975 - rasterio.env - DEBUG - No GDAL environment exists
2023-12-15 14:36:39,975 - rasterio.env - DEBUG - New GDAL environment <rasterio._env.GDALEnv object at 0x7f10bc522230> created
2023-12-15 14:36:39,975 - rasterio._env - DEBUG - GDAL data found in package: path='/home/metpublic/PYTHON_VENV/present_weather/lib/python3.10/site-packages/rasterio/gdal_data'.
2023-12-15 14:36:39,976 - rasterio._env - DEBUG - PROJ data found in package: path='/home/metpublic/PYTHON_VENV/present_weather/lib/python3.10/site-packages/rasterio/proj_data'.
2023-12-15 14:36:39,976 - rasterio._env - DEBUG - Started GDALEnv: self=<rasterio._env.GDALEnv object at 0x7f10bc522230>.
2023-12-15 14:36:39,976 - rasterio.env - DEBUG - Entered env context: <rasterio.env.Env object at 0x7f10bc5208b0>
2023-12-15 14:36:39,976 - rasterio._base - DEBUG - Sharing flag: 0
2023-12-15 14:36:39,977 - rasterio._base - DEBUG - Nodata success: 0, Nodata value: 0.000000
2023-12-15 14:36:39,978 - rasterio._base - DEBUG - Dataset <open DatasetReader name='/home/metpublic/TASK_RELEASE/EFAN/present_weather/src/H09_B13_Indonesia_20231215.Z1420.cor.tiff' mode='r'> is started.
2023-12-15 14:36:39,978 - rasterio.env - DEBUG - Exiting env context: <rasterio.env.Env object at 0x7f10bc5208b0>
2023-12-15 14:36:39,978 - rasterio.env - DEBUG - Cleared existing <rasterio._env.GDALEnv object at 0x7f10bc522230> options
2023-12-15 14:36:39,978 - rasterio._env - DEBUG - Stopped GDALEnv <rasterio._env.GDALEnv object at 0x7f10bc522230>.
2023-12-15 14:36:39,978 - rasterio.env - DEBUG - Exiting outermost env
2023-12-15 14:36:39,978 - rasterio.env - DEBUG - Exited env context: <rasterio.env.Env object at 0x7f10bc5208b0>
2023-12-15 14:36:39,979 - rasterio.env - DEBUG - Entering env context: <rasterio.env.Env object at 0x7f10bc521420>
2023-12-15 14:36:39,979 - rasterio.env - DEBUG - Starting outermost env
2023-12-15 14:36:39,979 - rasterio.env - DEBUG - No GDAL environment exists
2023-12-15 14:36:39,979 - rasterio.env - DEBUG - New GDAL environment <rasterio._env.GDALEnv object at 0x7f10bc521660> created
2023-12-15 14:36:39,979 - rasterio._env - DEBUG - GDAL data found in package: path='/home/metpublic/PYTHON_VENV/present_weather/lib/python3.10/site-packages/rasterio/gdal_data'.
2023-12-15 14:36:39,980 - rasterio._env - DEBUG - PROJ data found in package: path='/home/metpublic/PYTHON_VENV/present_weather/lib/python3.10/site-packages/rasterio/proj_data'.
2023-12-15 14:36:39,980 - rasterio._env - DEBUG - Started GDALEnv: self=<rasterio._env.GDALEnv object at 0x7f10bc521660>.
2023-12-15 14:36:39,980 - rasterio.env - DEBUG - Entered env context: <rasterio.env.Env object at 0x7f10bc521420>
2023-12-15 14:36:39,980 - rasterio._base - DEBUG - Sharing flag: 0
2023-12-15 14:36:39,981 - rasterio._base - DEBUG - Nodata success: 0, Nodata value: 0.000000
2023-12-15 14:36:39,981 - rasterio._base - DEBUG - Dataset <open DatasetReader name='/home/metpublic/TASK_RELEASE/EFAN/present_weather/src/H09_B13_Indonesia_20231215.Z1420.cor.tiff' mode='r'> is started.
2023-12-15 14:36:39,981 - rasterio.env - DEBUG - Exiting env context: <rasterio.env.Env object at 0x7f10bc521420>
2023-12-15 14:36:39,981 - rasterio.env - DEBUG - Cleared existing <rasterio._env.GDALEnv object at 0x7f10bc521660> options
2023-12-15 14:36:39,982 - rasterio._env - DEBUG - Stopped GDALEnv <rasterio._env.GDALEnv object at 0x7f10bc521660>.
2023-12-15 14:36:39,982 - rasterio.env - DEBUG - Exiting outermost env
2023-12-15 14:36:39,982 - rasterio.env - DEBUG - Exited env context: <rasterio.env.Env object at 0x7f10bc521420>
2023-12-15 14:36:39,995 - root - INFO - Generating present weather using SATELITE data
2023-12-15 14:38:41,254 - root - INFO - Total elapsed time: 0:05:38.380338
