2023-11-26 13:43:03,454 - root - INFO - Initiating present weather
2023-11-26 13:43:03,457 - asyncio - DEBUG - Using selector: EpollSelector
2023-11-26 13:43:06,776 - urllib3.connectionpool - DEBUG - Starting new HTTPS connection (1): radar.bmkg.go.id:8060
2023-11-26 13:43:06,851 - urllib3.connectionpool - DEBUG - https://radar.bmkg.go.id:8060 "GET /getRadarGeotif?token=19387e71e78522ae4172ec0fda640983b8438c9cfa0ca571623cb69d8327&radar=amandemenForecast&type=latest HTTP/1.1" 200 90
2023-11-26 13:43:06,853 - rasterio.env - DEBUG - Entering env context: <rasterio.env.Env object at 0x7f7289bdfe00>
2023-11-26 13:43:06,854 - rasterio.env - DEBUG - Starting outermost env
2023-11-26 13:43:06,854 - rasterio.env - DEBUG - No GDAL environment exists
2023-11-26 13:43:06,854 - rasterio.env - DEBUG - New GDAL environment <rasterio._env.GDALEnv object at 0x7f7289bbbdc0> created
2023-11-26 13:43:06,858 - rasterio._filepath - DEBUG - Installing FilePath filesystem handler plugin...
2023-11-26 13:43:06,859 - rasterio._env - DEBUG - GDAL data found in package: path='/home/swx/miniconda3/envs/present_weather/lib/python3.12/site-packages/rasterio/gdal_data'.
2023-11-26 13:43:06,859 - rasterio._env - DEBUG - PROJ_LIB found in environment.
2023-11-26 13:43:06,859 - rasterio._env - DEBUG - Started GDALEnv: self=<rasterio._env.GDALEnv object at 0x7f7289bbbdc0>.
2023-11-26 13:43:06,859 - rasterio.env - DEBUG - Entered env context: <rasterio.env.Env object at 0x7f7289bdfe00>
2023-11-26 13:43:06,859 - rasterio._base - DEBUG - Sharing flag: 0
2023-11-26 13:43:07,068 - rasterio._base - DEBUG - Nodata success: 1, Nodata value: nan
2023-11-26 13:43:07,068 - rasterio._base - DEBUG - Dataset <open DatasetReader name='https://radar.bmkg.go.id/raster/radarsatelit_202311261340.tif' mode='r'> is started.
2023-11-26 13:43:07,069 - rasterio.env - DEBUG - Exiting env context: <rasterio.env.Env object at 0x7f7289bdfe00>
2023-11-26 13:43:07,069 - rasterio.env - DEBUG - Cleared existing <rasterio._env.GDALEnv object at 0x7f7289bbbdc0> options
2023-11-26 13:43:07,069 - rasterio._env - DEBUG - Stopped GDALEnv <rasterio._env.GDALEnv object at 0x7f7289bbbdc0>.
2023-11-26 13:43:07,069 - rasterio.env - DEBUG - Exiting outermost env
2023-11-26 13:43:07,069 - rasterio.env - DEBUG - Exited env context: <rasterio.env.Env object at 0x7f7289bdfe00>
2023-11-26 13:43:07,069 - rasterio.env - DEBUG - Entering env context: <rasterio.env.Env object at 0x7f7289bbbdd0>
2023-11-26 13:43:07,069 - rasterio.env - DEBUG - Starting outermost env
2023-11-26 13:43:07,070 - rasterio.env - DEBUG - No GDAL environment exists
2023-11-26 13:43:07,070 - rasterio.env - DEBUG - New GDAL environment <rasterio._env.GDALEnv object at 0x7f7289bdf4c0> created
2023-11-26 13:43:07,070 - rasterio._env - DEBUG - GDAL data found in package: path='/home/swx/miniconda3/envs/present_weather/lib/python3.12/site-packages/rasterio/gdal_data'.
2023-11-26 13:43:07,071 - rasterio._env - DEBUG - PROJ_LIB found in environment.
2023-11-26 13:43:07,071 - rasterio._env - DEBUG - Started GDALEnv: self=<rasterio._env.GDALEnv object at 0x7f7289bdf4c0>.
2023-11-26 13:43:07,071 - rasterio.env - DEBUG - Entered env context: <rasterio.env.Env object at 0x7f7289bbbdd0>
2023-11-26 13:43:07,071 - rasterio.env - DEBUG - Got a copy of environment <rasterio._env.GDALEnv object at 0x7f7289bdf4c0> options
2023-11-26 13:43:07,072 - rasterio.env - DEBUG - Entering env context: <rasterio.env.Env object at 0x7f7289d6e120>
2023-11-26 13:43:07,072 - rasterio.env - DEBUG - Got a copy of environment <rasterio._env.GDALEnv object at 0x7f7289bdf4c0> options
2023-11-26 13:43:07,072 - rasterio.env - DEBUG - Entered env context: <rasterio.env.Env object at 0x7f7289d6e120>
2023-11-26 13:43:07,072 - rasterio._base - DEBUG - Sharing flag: 0
2023-11-26 13:43:07,074 - rasterio._base - DEBUG - Nodata success: 1, Nodata value: nan
2023-11-26 13:43:07,074 - rasterio._base - DEBUG - Dataset <open DatasetReader name='https://radar.bmkg.go.id/raster/radarsatelit_202311261340.tif' mode='r'> is started.
2023-11-26 13:43:07,074 - rasterio.env - DEBUG - Exiting env context: <rasterio.env.Env object at 0x7f7289d6e120>
2023-11-26 13:43:07,075 - rasterio.env - DEBUG - Cleared existing <rasterio._env.GDALEnv object at 0x7f7289bdf4c0> options
2023-11-26 13:43:07,075 - rasterio._env - DEBUG - Stopped GDALEnv <rasterio._env.GDALEnv object at 0x7f7289bdf4c0>.
2023-11-26 13:43:07,075 - rasterio.env - DEBUG - No GDAL environment exists
2023-11-26 13:43:07,075 - rasterio.env - DEBUG - New GDAL environment <rasterio._env.GDALEnv object at 0x7f7289bdf4c0> created
2023-11-26 13:43:07,075 - rasterio._env - DEBUG - GDAL data found in package: path='/home/swx/miniconda3/envs/present_weather/lib/python3.12/site-packages/rasterio/gdal_data'.
2023-11-26 13:43:07,076 - rasterio._env - DEBUG - PROJ_LIB found in environment.
2023-11-26 13:43:07,076 - rasterio._env - DEBUG - Started GDALEnv: self=<rasterio._env.GDALEnv object at 0x7f7289bdf4c0>.
2023-11-26 13:43:07,076 - rasterio.env - DEBUG - Exited env context: <rasterio.env.Env object at 0x7f7289d6e120>
2023-11-26 13:43:07,105 - rasterio._io - DEBUG - Output nodata value read from file: nan
2023-11-26 13:43:07,105 - rasterio._io - DEBUG - Output nodata values: [nan]
2023-11-26 13:43:07,105 - rasterio._io - DEBUG - all_valid: False
2023-11-26 13:43:07,106 - rasterio._io - DEBUG - mask_flags: ([<MaskFlags.nodata: 8>],)
2023-11-26 13:43:07,106 - rasterio._io - DEBUG - Jump straight to _read()
2023-11-26 13:43:07,106 - rasterio._io - DEBUG - Window: Window(col_off=0, row_off=0, width=10215, height=3792)
2023-11-26 13:43:07,107 - rasterio._io - DEBUG - IO window xoff=0.0 yoff=0.0 width=10215.0 height=3792.0
2023-11-26 13:43:08,018 - rasterio.env - DEBUG - Exiting env context: <rasterio.env.Env object at 0x7f7289bbbdd0>
2023-11-26 13:43:08,018 - rasterio.env - DEBUG - Cleared existing <rasterio._env.GDALEnv object at 0x7f7289bdf4c0> options
2023-11-26 13:43:08,019 - rasterio._env - DEBUG - Stopped GDALEnv <rasterio._env.GDALEnv object at 0x7f7289bdf4c0>.
2023-11-26 13:43:08,019 - rasterio.env - DEBUG - Exiting outermost env
2023-11-26 13:43:08,019 - rasterio.env - DEBUG - Exited env context: <rasterio.env.Env object at 0x7f7289bbbdd0>
2023-11-26 13:43:08,021 - urllib3.connectionpool - DEBUG - Starting new HTTPS connection (1): radar.bmkg.go.id:8060
2023-11-26 13:43:08,065 - urllib3.connectionpool - DEBUG - https://radar.bmkg.go.id:8060 "GET /getLatestLD?typeData=1 HTTP/1.1" 200 3019
2023-11-26 13:43:08,073 - root - INFO - Generating present weather using RADAR data
2023-11-26 13:43:11,430 - root - INFO - dask.bag<lambda, npartitions=20>
2023-11-26 13:56:01,884 - root - INFO - Total elapsed time: 0:12:58.430933
