2023-11-24 01:03:03,378 - root - INFO - Initiating present weather
2023-11-24 01:03:03,381 - asyncio - DEBUG - Using selector: EpollSelector
2023-11-24 01:03:06,616 - urllib3.connectionpool - DEBUG - Starting new HTTPS connection (1): radar.bmkg.go.id:8060
2023-11-24 01:03:11,696 - urllib3.connectionpool - DEBUG - https://radar.bmkg.go.id:8060 "GET /getRadarGeotif?token=19387e71e78522ae4172ec0fda640983b8438c9cfa0ca571623cb69d8327&radar=amandemenForecast&type=latest HTTP/1.1" 200 90
2023-11-24 01:03:11,699 - rasterio.env - DEBUG - Entering env context: <rasterio.env.Env object at 0x7f5c02902e10>
2023-11-24 01:03:11,700 - rasterio.env - DEBUG - Starting outermost env
2023-11-24 01:03:11,700 - rasterio.env - DEBUG - No GDAL environment exists
2023-11-24 01:03:11,700 - rasterio.env - DEBUG - New GDAL environment <rasterio._env.GDALEnv object at 0x7f5c02915780> created
2023-11-24 01:03:11,705 - rasterio._filepath - DEBUG - Installing FilePath filesystem handler plugin...
2023-11-24 01:03:11,706 - rasterio._env - DEBUG - GDAL data found in package: path='/home/swx/miniconda3/envs/present_weather/lib/python3.12/site-packages/rasterio/gdal_data'.
2023-11-24 01:03:11,706 - rasterio._env - DEBUG - PROJ_LIB found in environment.
2023-11-24 01:03:11,706 - rasterio._env - DEBUG - Started GDALEnv: self=<rasterio._env.GDALEnv object at 0x7f5c02915780>.
2023-11-24 01:03:11,706 - rasterio.env - DEBUG - Entered env context: <rasterio.env.Env object at 0x7f5c02902e10>
2023-11-24 01:03:11,706 - rasterio._base - DEBUG - Sharing flag: 0
2023-11-24 01:03:11,918 - rasterio._base - DEBUG - Nodata success: 1, Nodata value: nan
2023-11-24 01:03:11,918 - rasterio._base - DEBUG - Dataset <open DatasetReader name='https://radar.bmkg.go.id/raster/radarsatelit_202311240100.tif' mode='r'> is started.
2023-11-24 01:03:11,919 - rasterio.env - DEBUG - Exiting env context: <rasterio.env.Env object at 0x7f5c02902e10>
2023-11-24 01:03:11,919 - rasterio.env - DEBUG - Cleared existing <rasterio._env.GDALEnv object at 0x7f5c02915780> options
2023-11-24 01:03:11,919 - rasterio._env - DEBUG - Stopped GDALEnv <rasterio._env.GDALEnv object at 0x7f5c02915780>.
2023-11-24 01:03:11,919 - rasterio.env - DEBUG - Exiting outermost env
2023-11-24 01:03:11,919 - rasterio.env - DEBUG - Exited env context: <rasterio.env.Env object at 0x7f5c02902e10>
2023-11-24 01:03:11,920 - rasterio.env - DEBUG - Entering env context: <rasterio.env.Env object at 0x7f5c03bae8d0>
2023-11-24 01:03:11,920 - rasterio.env - DEBUG - Starting outermost env
2023-11-24 01:03:11,920 - rasterio.env - DEBUG - No GDAL environment exists
2023-11-24 01:03:11,920 - rasterio.env - DEBUG - New GDAL environment <rasterio._env.GDALEnv object at 0x7f5c02915780> created
2023-11-24 01:03:11,921 - rasterio._env - DEBUG - GDAL data found in package: path='/home/swx/miniconda3/envs/present_weather/lib/python3.12/site-packages/rasterio/gdal_data'.
2023-11-24 01:03:11,921 - rasterio._env - DEBUG - PROJ_LIB found in environment.
2023-11-24 01:03:11,921 - rasterio._env - DEBUG - Started GDALEnv: self=<rasterio._env.GDALEnv object at 0x7f5c02915780>.
2023-11-24 01:03:11,921 - rasterio.env - DEBUG - Entered env context: <rasterio.env.Env object at 0x7f5c03bae8d0>
2023-11-24 01:03:11,922 - rasterio.env - DEBUG - Got a copy of environment <rasterio._env.GDALEnv object at 0x7f5c02915780> options
2023-11-24 01:03:11,922 - rasterio.env - DEBUG - Entering env context: <rasterio.env.Env object at 0x7f5c03ad8980>
2023-11-24 01:03:11,922 - rasterio.env - DEBUG - Got a copy of environment <rasterio._env.GDALEnv object at 0x7f5c02915780> options
2023-11-24 01:03:11,922 - rasterio.env - DEBUG - Entered env context: <rasterio.env.Env object at 0x7f5c03ad8980>
2023-11-24 01:03:11,922 - rasterio._base - DEBUG - Sharing flag: 0
2023-11-24 01:03:11,923 - rasterio._base - DEBUG - Nodata success: 1, Nodata value: nan
2023-11-24 01:03:11,923 - rasterio._base - DEBUG - Dataset <open DatasetReader name='https://radar.bmkg.go.id/raster/radarsatelit_202311240100.tif' mode='r'> is started.
2023-11-24 01:03:11,924 - rasterio.env - DEBUG - Exiting env context: <rasterio.env.Env object at 0x7f5c03ad8980>
2023-11-24 01:03:11,924 - rasterio.env - DEBUG - Cleared existing <rasterio._env.GDALEnv object at 0x7f5c02915780> options
2023-11-24 01:03:11,924 - rasterio._env - DEBUG - Stopped GDALEnv <rasterio._env.GDALEnv object at 0x7f5c02915780>.
2023-11-24 01:03:11,924 - rasterio.env - DEBUG - No GDAL environment exists
2023-11-24 01:03:11,924 - rasterio.env - DEBUG - New GDAL environment <rasterio._env.GDALEnv object at 0x7f5c02915780> created
2023-11-24 01:03:11,925 - rasterio._env - DEBUG - GDAL data found in package: path='/home/swx/miniconda3/envs/present_weather/lib/python3.12/site-packages/rasterio/gdal_data'.
2023-11-24 01:03:11,925 - rasterio._env - DEBUG - PROJ_LIB found in environment.
2023-11-24 01:03:11,925 - rasterio._env - DEBUG - Started GDALEnv: self=<rasterio._env.GDALEnv object at 0x7f5c02915780>.
2023-11-24 01:03:11,925 - rasterio.env - DEBUG - Exited env context: <rasterio.env.Env object at 0x7f5c03ad8980>
2023-11-24 01:03:11,954 - rasterio._io - DEBUG - Output nodata value read from file: nan
2023-11-24 01:03:11,954 - rasterio._io - DEBUG - Output nodata values: [nan]
2023-11-24 01:03:11,954 - rasterio._io - DEBUG - all_valid: False
2023-11-24 01:03:11,955 - rasterio._io - DEBUG - mask_flags: ([<MaskFlags.nodata: 8>],)
2023-11-24 01:03:11,955 - rasterio._io - DEBUG - Jump straight to _read()
2023-11-24 01:03:11,955 - rasterio._io - DEBUG - Window: Window(col_off=0, row_off=0, width=10215, height=3792)
2023-11-24 01:03:11,956 - rasterio._io - DEBUG - IO window xoff=0.0 yoff=0.0 width=10215.0 height=3792.0
2023-11-24 01:03:12,649 - rasterio.env - DEBUG - Exiting env context: <rasterio.env.Env object at 0x7f5c03bae8d0>
2023-11-24 01:03:12,649 - rasterio.env - DEBUG - Cleared existing <rasterio._env.GDALEnv object at 0x7f5c02915780> options
2023-11-24 01:03:12,649 - rasterio._env - DEBUG - Stopped GDALEnv <rasterio._env.GDALEnv object at 0x7f5c02915780>.
2023-11-24 01:03:12,649 - rasterio.env - DEBUG - Exiting outermost env
2023-11-24 01:03:12,649 - rasterio.env - DEBUG - Exited env context: <rasterio.env.Env object at 0x7f5c03bae8d0>
2023-11-24 01:03:12,651 - urllib3.connectionpool - DEBUG - Starting new HTTPS connection (1): radar.bmkg.go.id:8060
2023-11-24 01:03:12,717 - urllib3.connectionpool - DEBUG - https://radar.bmkg.go.id:8060 "GET /getLatestLD?typeData=1 HTTP/1.1" 200 20460
2023-11-24 01:03:16,054 - root - INFO - dask.bag<lambda, npartitions=20>
2023-11-24 01:16:02,875 - root - INFO - Total elapsed time: 0:12:59.498070
