2023-12-23 07:33:02,789 - root - INFO - Initiating present weather
2023-12-23 07:33:02,790 - asyncio - DEBUG - Using selector: EpollSelector
2023-12-23 07:33:04,444 - urllib3.connectionpool - DEBUG - Starting new HTTPS connection (1): radar.bmkg.go.id:8060
2023-12-23 07:33:04,456 - urllib3.connectionpool - DEBUG - https://radar.bmkg.go.id:8060 "GET /getLatestLD?typeData=1 HTTP/1.1" 200 62
2023-12-23 07:33:04,458 - urllib3.connectionpool - DEBUG - Starting new HTTPS connection (1): radar.bmkg.go.id:8060
2023-12-23 07:33:04,475 - urllib3.connectionpool - DEBUG - https://radar.bmkg.go.id:8060 "GET /getRadarGeotif?token=19387e71e78522ae4172ec0fda640983b8438c9cfa0ca571623cb69d8327&radar=amandemenForecast&type=latest HTTP/1.1" 200 90
2023-12-23 07:33:04,476 - rasterio.env - DEBUG - Entering env context: <rasterio.env.Env object at 0x7fa10f93fa30>
2023-12-23 07:33:04,476 - rasterio.env - DEBUG - Starting outermost env
2023-12-23 07:33:04,476 - rasterio.env - DEBUG - No GDAL environment exists
2023-12-23 07:33:04,477 - rasterio.env - DEBUG - New GDAL environment <rasterio._env.GDALEnv object at 0x7fa10f93e6e0> created
2023-12-23 07:33:04,479 - rasterio._filepath - DEBUG - Installing FilePath filesystem handler plugin...
2023-12-23 07:33:04,479 - rasterio._env - DEBUG - GDAL data found in package: path='/home/metpublic/PYTHON_VENV/present_weather/lib/python3.10/site-packages/rasterio/gdal_data'.
2023-12-23 07:33:04,479 - rasterio._env - DEBUG - PROJ data found in package: path='/home/metpublic/PYTHON_VENV/present_weather/lib/python3.10/site-packages/rasterio/proj_data'.
2023-12-23 07:33:04,479 - rasterio._env - DEBUG - Started GDALEnv: self=<rasterio._env.GDALEnv object at 0x7fa10f93e6e0>.
2023-12-23 07:33:04,479 - rasterio.env - DEBUG - Entered env context: <rasterio.env.Env object at 0x7fa10f93fa30>
2023-12-23 07:33:04,480 - rasterio._base - DEBUG - Sharing flag: 0
2023-12-23 07:33:04,822 - rasterio._base - DEBUG - Nodata success: 1, Nodata value: nan
2023-12-23 07:33:04,822 - rasterio._base - DEBUG - Dataset <open DatasetReader name='https://radar.bmkg.go.id/raster/radarsatelit_202312230700.tif' mode='r'> is started.
2023-12-23 07:33:04,823 - rasterio.env - DEBUG - Exiting env context: <rasterio.env.Env object at 0x7fa10f93fa30>
2023-12-23 07:33:04,823 - rasterio.env - DEBUG - Cleared existing <rasterio._env.GDALEnv object at 0x7fa10f93e6e0> options
2023-12-23 07:33:04,823 - rasterio._env - DEBUG - Stopped GDALEnv <rasterio._env.GDALEnv object at 0x7fa10f93e6e0>.
2023-12-23 07:33:04,823 - rasterio.env - DEBUG - Exiting outermost env
2023-12-23 07:33:04,823 - rasterio.env - DEBUG - Exited env context: <rasterio.env.Env object at 0x7fa10f93fa30>
2023-12-23 07:33:04,823 - rasterio.env - DEBUG - Entering env context: <rasterio.env.Env object at 0x7fa10efbd870>
2023-12-23 07:33:04,823 - rasterio.env - DEBUG - Starting outermost env
2023-12-23 07:33:04,823 - rasterio.env - DEBUG - No GDAL environment exists
2023-12-23 07:33:04,823 - rasterio.env - DEBUG - New GDAL environment <rasterio._env.GDALEnv object at 0x7fa10f93e6e0> created
2023-12-23 07:33:04,823 - rasterio._env - DEBUG - GDAL data found in package: path='/home/metpublic/PYTHON_VENV/present_weather/lib/python3.10/site-packages/rasterio/gdal_data'.
2023-12-23 07:33:04,824 - rasterio._env - DEBUG - PROJ data found in package: path='/home/metpublic/PYTHON_VENV/present_weather/lib/python3.10/site-packages/rasterio/proj_data'.
2023-12-23 07:33:04,824 - rasterio._env - DEBUG - Started GDALEnv: self=<rasterio._env.GDALEnv object at 0x7fa10f93e6e0>.
2023-12-23 07:33:04,824 - rasterio.env - DEBUG - Entered env context: <rasterio.env.Env object at 0x7fa10efbd870>
2023-12-23 07:33:04,824 - rasterio.env - DEBUG - Got a copy of environment <rasterio._env.GDALEnv object at 0x7fa10f93e6e0> options
2023-12-23 07:33:04,824 - rasterio.env - DEBUG - Entering env context: <rasterio.env.Env object at 0x7fa10c6bf010>
2023-12-23 07:33:04,824 - rasterio.env - DEBUG - Got a copy of environment <rasterio._env.GDALEnv object at 0x7fa10f93e6e0> options
2023-12-23 07:33:04,824 - rasterio.env - DEBUG - Entered env context: <rasterio.env.Env object at 0x7fa10c6bf010>
2023-12-23 07:33:04,825 - rasterio._base - DEBUG - Sharing flag: 0
2023-12-23 07:33:04,826 - rasterio._base - DEBUG - Nodata success: 1, Nodata value: nan
2023-12-23 07:33:04,826 - rasterio._base - DEBUG - Dataset <open DatasetReader name='https://radar.bmkg.go.id/raster/radarsatelit_202312230700.tif' mode='r'> is started.
2023-12-23 07:33:04,826 - rasterio.env - DEBUG - Exiting env context: <rasterio.env.Env object at 0x7fa10c6bf010>
2023-12-23 07:33:04,826 - rasterio.env - DEBUG - Cleared existing <rasterio._env.GDALEnv object at 0x7fa10f93e6e0> options
2023-12-23 07:33:04,826 - rasterio._env - DEBUG - Stopped GDALEnv <rasterio._env.GDALEnv object at 0x7fa10f93e6e0>.
2023-12-23 07:33:04,826 - rasterio.env - DEBUG - No GDAL environment exists
2023-12-23 07:33:04,827 - rasterio.env - DEBUG - New GDAL environment <rasterio._env.GDALEnv object at 0x7fa10f93e6e0> created
2023-12-23 07:33:04,827 - rasterio._env - DEBUG - GDAL data found in package: path='/home/metpublic/PYTHON_VENV/present_weather/lib/python3.10/site-packages/rasterio/gdal_data'.
2023-12-23 07:33:04,828 - rasterio._env - DEBUG - PROJ data found in package: path='/home/metpublic/PYTHON_VENV/present_weather/lib/python3.10/site-packages/rasterio/proj_data'.
2023-12-23 07:33:04,828 - rasterio._env - DEBUG - Started GDALEnv: self=<rasterio._env.GDALEnv object at 0x7fa10f93e6e0>.
2023-12-23 07:33:04,828 - rasterio.env - DEBUG - Exited env context: <rasterio.env.Env object at 0x7fa10c6bf010>
2023-12-23 07:33:04,847 - rasterio._io - DEBUG - Output nodata value read from file: nan
2023-12-23 07:33:04,847 - rasterio._io - DEBUG - Output nodata values: [nan]
2023-12-23 07:33:04,847 - rasterio._io - DEBUG - all_valid: False
2023-12-23 07:33:04,848 - rasterio._io - DEBUG - mask_flags: ([<MaskFlags.nodata: 8>],)
2023-12-23 07:33:04,848 - rasterio._io - DEBUG - Jump straight to _read()
2023-12-23 07:33:04,848 - rasterio._io - DEBUG - Window: Window(col_off=0, row_off=0, width=10215, height=3792)
2023-12-23 07:33:04,848 - rasterio._io - DEBUG - IO window xoff=0.0 yoff=0.0 width=10215.0 height=3792.0
2023-12-23 07:33:05,454 - rasterio.env - DEBUG - Exiting env context: <rasterio.env.Env object at 0x7fa10efbd870>
2023-12-23 07:33:05,455 - rasterio.env - DEBUG - Cleared existing <rasterio._env.GDALEnv object at 0x7fa10f93e6e0> options
2023-12-23 07:33:05,455 - rasterio._env - DEBUG - Stopped GDALEnv <rasterio._env.GDALEnv object at 0x7fa10f93e6e0>.
2023-12-23 07:33:05,455 - rasterio.env - DEBUG - Exiting outermost env
2023-12-23 07:33:05,455 - rasterio.env - DEBUG - Exited env context: <rasterio.env.Env object at 0x7fa10efbd870>
2023-12-23 07:33:05,457 - urllib3.connectionpool - DEBUG - Starting new HTTPS connection (1): radar.bmkg.go.id:8060
2023-12-23 07:33:05,607 - urllib3.connectionpool - DEBUG - https://radar.bmkg.go.id:8060 "GET /getRadarGeotif?token=19387e71e78522ae4172ec0fda640983b8438c9cfa0ca571623cb69d8327&radar=amandemenForecastRadarMosaic&type=latest HTTP/1.1" 200 84
2023-12-23 07:33:05,608 - rasterio.env - DEBUG - Entering env context: <rasterio.env.Env object at 0x7fa10f93f850>
2023-12-23 07:33:05,609 - rasterio.env - DEBUG - Starting outermost env
2023-12-23 07:33:05,609 - rasterio.env - DEBUG - No GDAL environment exists
2023-12-23 07:33:05,609 - rasterio.env - DEBUG - New GDAL environment <rasterio._env.GDALEnv object at 0x7fa10f93f7f0> created
2023-12-23 07:33:05,609 - rasterio._env - DEBUG - GDAL data found in package: path='/home/metpublic/PYTHON_VENV/present_weather/lib/python3.10/site-packages/rasterio/gdal_data'.
2023-12-23 07:33:05,609 - rasterio._env - DEBUG - PROJ data found in package: path='/home/metpublic/PYTHON_VENV/present_weather/lib/python3.10/site-packages/rasterio/proj_data'.
2023-12-23 07:33:05,609 - rasterio._env - DEBUG - Started GDALEnv: self=<rasterio._env.GDALEnv object at 0x7fa10f93f7f0>.
2023-12-23 07:33:05,609 - rasterio.env - DEBUG - Entered env context: <rasterio.env.Env object at 0x7fa10f93f850>
2023-12-23 07:33:05,610 - rasterio._base - DEBUG - Sharing flag: 0
2023-12-23 07:33:05,615 - rasterio._base - DEBUG - Nodata success: 1, Nodata value: nan
2023-12-23 07:33:05,615 - rasterio._base - DEBUG - Dataset <open DatasetReader name='https://radar.bmkg.go.id/raster/mosaic_202312230730.tif' mode='r'> is started.
2023-12-23 07:33:05,615 - rasterio.env - DEBUG - Exiting env context: <rasterio.env.Env object at 0x7fa10f93f850>
2023-12-23 07:33:05,615 - rasterio.env - DEBUG - Cleared existing <rasterio._env.GDALEnv object at 0x7fa10f93f7f0> options
2023-12-23 07:33:05,615 - rasterio._env - DEBUG - Stopped GDALEnv <rasterio._env.GDALEnv object at 0x7fa10f93f7f0>.
2023-12-23 07:33:05,615 - rasterio.env - DEBUG - Exiting outermost env
2023-12-23 07:33:05,615 - rasterio.env - DEBUG - Exited env context: <rasterio.env.Env object at 0x7fa10f93f850>
2023-12-23 07:33:05,615 - rasterio.env - DEBUG - Entering env context: <rasterio.env.Env object at 0x7fa10f93faf0>
2023-12-23 07:33:05,615 - rasterio.env - DEBUG - Starting outermost env
2023-12-23 07:33:05,615 - rasterio.env - DEBUG - No GDAL environment exists
2023-12-23 07:33:05,615 - rasterio.env - DEBUG - New GDAL environment <rasterio._env.GDALEnv object at 0x7fa10f93f7f0> created
2023-12-23 07:33:05,616 - rasterio._env - DEBUG - GDAL data found in package: path='/home/metpublic/PYTHON_VENV/present_weather/lib/python3.10/site-packages/rasterio/gdal_data'.
2023-12-23 07:33:05,616 - rasterio._env - DEBUG - PROJ data found in package: path='/home/metpublic/PYTHON_VENV/present_weather/lib/python3.10/site-packages/rasterio/proj_data'.
2023-12-23 07:33:05,616 - rasterio._env - DEBUG - Started GDALEnv: self=<rasterio._env.GDALEnv object at 0x7fa10f93f7f0>.
2023-12-23 07:33:05,616 - rasterio.env - DEBUG - Entered env context: <rasterio.env.Env object at 0x7fa10f93faf0>
2023-12-23 07:33:05,616 - rasterio.env - DEBUG - Got a copy of environment <rasterio._env.GDALEnv object at 0x7fa10f93f7f0> options
2023-12-23 07:33:05,616 - rasterio.env - DEBUG - Entering env context: <rasterio.env.Env object at 0x7fa10c6bea40>
2023-12-23 07:33:05,616 - rasterio.env - DEBUG - Got a copy of environment <rasterio._env.GDALEnv object at 0x7fa10f93f7f0> options
2023-12-23 07:33:05,616 - rasterio.env - DEBUG - Entered env context: <rasterio.env.Env object at 0x7fa10c6bea40>
2023-12-23 07:33:05,616 - rasterio._base - DEBUG - Sharing flag: 0
2023-12-23 07:33:05,617 - rasterio._base - DEBUG - Nodata success: 1, Nodata value: nan
2023-12-23 07:33:05,617 - rasterio._base - DEBUG - Dataset <open DatasetReader name='https://radar.bmkg.go.id/raster/mosaic_202312230730.tif' mode='r'> is started.
2023-12-23 07:33:05,617 - rasterio.env - DEBUG - Exiting env context: <rasterio.env.Env object at 0x7fa10c6bea40>
2023-12-23 07:33:05,617 - rasterio.env - DEBUG - Cleared existing <rasterio._env.GDALEnv object at 0x7fa10f93f7f0> options
2023-12-23 07:33:05,617 - rasterio._env - DEBUG - Stopped GDALEnv <rasterio._env.GDALEnv object at 0x7fa10f93f7f0>.
2023-12-23 07:33:05,617 - rasterio.env - DEBUG - No GDAL environment exists
2023-12-23 07:33:05,617 - rasterio.env - DEBUG - New GDAL environment <rasterio._env.GDALEnv object at 0x7fa10f93f7f0> created
2023-12-23 07:33:05,617 - rasterio._env - DEBUG - GDAL data found in package: path='/home/metpublic/PYTHON_VENV/present_weather/lib/python3.10/site-packages/rasterio/gdal_data'.
2023-12-23 07:33:05,618 - rasterio._env - DEBUG - PROJ data found in package: path='/home/metpublic/PYTHON_VENV/present_weather/lib/python3.10/site-packages/rasterio/proj_data'.
2023-12-23 07:33:05,618 - rasterio._env - DEBUG - Started GDALEnv: self=<rasterio._env.GDALEnv object at 0x7fa10f93f7f0>.
2023-12-23 07:33:05,618 - rasterio.env - DEBUG - Exited env context: <rasterio.env.Env object at 0x7fa10c6bea40>
2023-12-23 07:33:05,626 - rasterio._io - DEBUG - Output nodata value read from file: nan
2023-12-23 07:33:05,627 - rasterio._io - DEBUG - Output nodata values: [nan]
2023-12-23 07:33:05,627 - rasterio._io - DEBUG - all_valid: False
2023-12-23 07:33:05,627 - rasterio._io - DEBUG - mask_flags: ([<MaskFlags.nodata: 8>],)
2023-12-23 07:33:05,627 - rasterio._io - DEBUG - Jump straight to _read()
2023-12-23 07:33:05,627 - rasterio._io - DEBUG - Window: Window(col_off=0, row_off=0, width=10215, height=3792)
2023-12-23 07:33:05,627 - rasterio._io - DEBUG - IO window xoff=0.0 yoff=0.0 width=10215.0 height=3792.0
2023-12-23 07:33:10,388 - rasterio.env - DEBUG - Exiting env context: <rasterio.env.Env object at 0x7fa10f93faf0>
2023-12-23 07:33:10,388 - rasterio.env - DEBUG - Cleared existing <rasterio._env.GDALEnv object at 0x7fa10f93f7f0> options
2023-12-23 07:33:10,388 - rasterio._env - DEBUG - Stopped GDALEnv <rasterio._env.GDALEnv object at 0x7fa10f93f7f0>.
2023-12-23 07:33:10,388 - rasterio.env - DEBUG - Exiting outermost env
2023-12-23 07:33:10,388 - rasterio.env - DEBUG - Exited env context: <rasterio.env.Env object at 0x7fa10f93faf0>
2023-12-23 07:39:39,557 - root - INFO - Total elapsed time: 0:06:36.768734
