2023-12-12 15:33:03,056 - root - INFO - Initiating present weather
2023-12-12 15:33:03,058 - asyncio - DEBUG - Using selector: EpollSelector
2023-12-12 15:33:04,669 - urllib3.connectionpool - DEBUG - Starting new HTTPS connection (1): radar.bmkg.go.id:8060
2023-12-12 15:33:04,681 - urllib3.connectionpool - DEBUG - https://radar.bmkg.go.id:8060 "GET /getLatestLD?typeData=1 HTTP/1.1" 200 62
2023-12-12 15:33:04,683 - urllib3.connectionpool - DEBUG - Starting new HTTPS connection (1): radar.bmkg.go.id:8060
2023-12-12 15:33:04,707 - urllib3.connectionpool - DEBUG - https://radar.bmkg.go.id:8060 "GET /getRadarGeotif?token=19387e71e78522ae4172ec0fda640983b8438c9cfa0ca571623cb69d8327&radar=amandemenForecast&type=latest HTTP/1.1" 200 90
2023-12-12 15:33:04,708 - rasterio.env - DEBUG - Entering env context: <rasterio.env.Env object at 0x7f9d478a1330>
2023-12-12 15:33:04,708 - rasterio.env - DEBUG - Starting outermost env
2023-12-12 15:33:04,709 - rasterio.env - DEBUG - No GDAL environment exists
2023-12-12 15:33:04,709 - rasterio.env - DEBUG - New GDAL environment <rasterio._env.GDALEnv object at 0x7f9d478a1300> created
2023-12-12 15:33:04,712 - rasterio._filepath - DEBUG - Installing FilePath filesystem handler plugin...
2023-12-12 15:33:04,712 - rasterio._env - DEBUG - GDAL data found in package: path='/home/metpublic/PYTHON_VENV/present_weather/lib/python3.10/site-packages/rasterio/gdal_data'.
2023-12-12 15:33:04,712 - rasterio._env - DEBUG - PROJ data found in package: path='/home/metpublic/PYTHON_VENV/present_weather/lib/python3.10/site-packages/rasterio/proj_data'.
2023-12-12 15:33:04,712 - rasterio._env - DEBUG - Started GDALEnv: self=<rasterio._env.GDALEnv object at 0x7f9d478a1300>.
2023-12-12 15:33:04,712 - rasterio.env - DEBUG - Entered env context: <rasterio.env.Env object at 0x7f9d478a1330>
2023-12-12 15:33:04,712 - rasterio._base - DEBUG - Sharing flag: 0
2023-12-12 15:33:04,997 - rasterio._base - DEBUG - Nodata success: 1, Nodata value: nan
2023-12-12 15:33:04,997 - rasterio._base - DEBUG - Dataset <open DatasetReader name='https://radar.bmkg.go.id/raster/radarsatelit_202312121530.tif' mode='r'> is started.
2023-12-12 15:33:04,997 - rasterio.env - DEBUG - Exiting env context: <rasterio.env.Env object at 0x7f9d478a1330>
2023-12-12 15:33:04,998 - rasterio.env - DEBUG - Cleared existing <rasterio._env.GDALEnv object at 0x7f9d478a1300> options
2023-12-12 15:33:04,998 - rasterio._env - DEBUG - Stopped GDALEnv <rasterio._env.GDALEnv object at 0x7f9d478a1300>.
2023-12-12 15:33:04,998 - rasterio.env - DEBUG - Exiting outermost env
2023-12-12 15:33:04,998 - rasterio.env - DEBUG - Exited env context: <rasterio.env.Env object at 0x7f9d478a1330>
2023-12-12 15:33:04,998 - rasterio.env - DEBUG - Entering env context: <rasterio.env.Env object at 0x7f9d478591b0>
2023-12-12 15:33:04,998 - rasterio.env - DEBUG - Starting outermost env
2023-12-12 15:33:04,998 - rasterio.env - DEBUG - No GDAL environment exists
2023-12-12 15:33:04,998 - rasterio.env - DEBUG - New GDAL environment <rasterio._env.GDALEnv object at 0x7f9d478a1360> created
2023-12-12 15:33:04,998 - rasterio._env - DEBUG - GDAL data found in package: path='/home/metpublic/PYTHON_VENV/present_weather/lib/python3.10/site-packages/rasterio/gdal_data'.
2023-12-12 15:33:04,999 - rasterio._env - DEBUG - PROJ data found in package: path='/home/metpublic/PYTHON_VENV/present_weather/lib/python3.10/site-packages/rasterio/proj_data'.
2023-12-12 15:33:04,999 - rasterio._env - DEBUG - Started GDALEnv: self=<rasterio._env.GDALEnv object at 0x7f9d478a1360>.
2023-12-12 15:33:04,999 - rasterio.env - DEBUG - Entered env context: <rasterio.env.Env object at 0x7f9d478591b0>
2023-12-12 15:33:04,999 - rasterio.env - DEBUG - Got a copy of environment <rasterio._env.GDALEnv object at 0x7f9d478a1360> options
2023-12-12 15:33:04,999 - rasterio.env - DEBUG - Entering env context: <rasterio.env.Env object at 0x7f9d26756c20>
2023-12-12 15:33:04,999 - rasterio.env - DEBUG - Got a copy of environment <rasterio._env.GDALEnv object at 0x7f9d478a1360> options
2023-12-12 15:33:04,999 - rasterio.env - DEBUG - Entered env context: <rasterio.env.Env object at 0x7f9d26756c20>
2023-12-12 15:33:04,999 - rasterio._base - DEBUG - Sharing flag: 0
2023-12-12 15:33:05,000 - rasterio._base - DEBUG - Nodata success: 1, Nodata value: nan
2023-12-12 15:33:05,000 - rasterio._base - DEBUG - Dataset <open DatasetReader name='https://radar.bmkg.go.id/raster/radarsatelit_202312121530.tif' mode='r'> is started.
2023-12-12 15:33:05,001 - rasterio.env - DEBUG - Exiting env context: <rasterio.env.Env object at 0x7f9d26756c20>
2023-12-12 15:33:05,001 - rasterio.env - DEBUG - Cleared existing <rasterio._env.GDALEnv object at 0x7f9d478a1360> options
2023-12-12 15:33:05,001 - rasterio._env - DEBUG - Stopped GDALEnv <rasterio._env.GDALEnv object at 0x7f9d478a1360>.
2023-12-12 15:33:05,001 - rasterio.env - DEBUG - No GDAL environment exists
2023-12-12 15:33:05,001 - rasterio.env - DEBUG - New GDAL environment <rasterio._env.GDALEnv object at 0x7f9d478a1360> created
2023-12-12 15:33:05,001 - rasterio._env - DEBUG - GDAL data found in package: path='/home/metpublic/PYTHON_VENV/present_weather/lib/python3.10/site-packages/rasterio/gdal_data'.
2023-12-12 15:33:05,001 - rasterio._env - DEBUG - PROJ data found in package: path='/home/metpublic/PYTHON_VENV/present_weather/lib/python3.10/site-packages/rasterio/proj_data'.
2023-12-12 15:33:05,001 - rasterio._env - DEBUG - Started GDALEnv: self=<rasterio._env.GDALEnv object at 0x7f9d478a1360>.
2023-12-12 15:33:05,001 - rasterio.env - DEBUG - Exited env context: <rasterio.env.Env object at 0x7f9d26756c20>
2023-12-12 15:33:05,020 - rasterio._io - DEBUG - Output nodata value read from file: nan
2023-12-12 15:33:05,020 - rasterio._io - DEBUG - Output nodata values: [nan]
2023-12-12 15:33:05,020 - rasterio._io - DEBUG - all_valid: False
2023-12-12 15:33:05,020 - rasterio._io - DEBUG - mask_flags: ([<MaskFlags.nodata: 8>],)
2023-12-12 15:33:05,021 - rasterio._io - DEBUG - Jump straight to _read()
2023-12-12 15:33:05,021 - rasterio._io - DEBUG - Window: Window(col_off=0, row_off=0, width=10215, height=3792)
2023-12-12 15:33:05,021 - rasterio._io - DEBUG - IO window xoff=0.0 yoff=0.0 width=10215.0 height=3792.0
2023-12-12 15:33:05,605 - rasterio.env - DEBUG - Exiting env context: <rasterio.env.Env object at 0x7f9d478591b0>
2023-12-12 15:33:05,605 - rasterio.env - DEBUG - Cleared existing <rasterio._env.GDALEnv object at 0x7f9d478a1360> options
2023-12-12 15:33:05,605 - rasterio._env - DEBUG - Stopped GDALEnv <rasterio._env.GDALEnv object at 0x7f9d478a1360>.
2023-12-12 15:33:05,605 - rasterio.env - DEBUG - Exiting outermost env
2023-12-12 15:33:05,605 - rasterio.env - DEBUG - Exited env context: <rasterio.env.Env object at 0x7f9d478591b0>
2023-12-12 15:39:53,787 - root - INFO - Total elapsed time: 0:06:50.731029
