2023-11-16 04:00:03,394 - root - INFO - Initiating present weather
2023-11-16 04:00:03,399 - urllib3.connectionpool - DEBUG - Starting new HTTPS connection (1): radar.bmkg.go.id:8060
2023-11-16 04:00:03,464 - urllib3.connectionpool - DEBUG - https://radar.bmkg.go.id:8060 "GET /getRadarGeotif?token=19387e71e78522ae4172ec0fda640983b8438c9cfa0ca571623cb69d8327&radar=amandemenForecast&type=latest HTTP/1.1" 200 90
2023-11-16 04:00:03,466 - rasterio.env - DEBUG - Entering env context: <rasterio.env.Env object at 0x7f938b8be3c0>
2023-11-16 04:00:03,467 - rasterio.env - DEBUG - Starting outermost env
2023-11-16 04:00:03,467 - rasterio.env - DEBUG - No GDAL environment exists
2023-11-16 04:00:03,467 - rasterio.env - DEBUG - New GDAL environment <rasterio._env.GDALEnv object at 0x7f934a131c30> created
2023-11-16 04:00:03,471 - rasterio._filepath - DEBUG - Installing FilePath filesystem handler plugin...
2023-11-16 04:00:03,472 - rasterio._env - DEBUG - GDAL data found in package: path='/home/swx/miniconda3/envs/present_weather/lib/python3.12/site-packages/rasterio/gdal_data'.
2023-11-16 04:00:03,472 - rasterio._env - DEBUG - PROJ_LIB found in environment.
2023-11-16 04:00:03,472 - rasterio._env - DEBUG - Started GDALEnv: self=<rasterio._env.GDALEnv object at 0x7f934a131c30>.
2023-11-16 04:00:03,472 - rasterio.env - DEBUG - Entered env context: <rasterio.env.Env object at 0x7f938b8be3c0>
2023-11-16 04:00:03,472 - rasterio._base - DEBUG - Sharing flag: 0
2023-11-16 04:00:03,669 - rasterio._base - DEBUG - Nodata success: 1, Nodata value: nan
2023-11-16 04:00:03,669 - rasterio._base - DEBUG - Dataset <open DatasetReader name='https://radar.bmkg.go.id/raster/radarsatelit_202311160350.tif' mode='r'> is started.
2023-11-16 04:00:03,670 - rasterio.env - DEBUG - Exiting env context: <rasterio.env.Env object at 0x7f938b8be3c0>
2023-11-16 04:00:03,670 - rasterio.env - DEBUG - Cleared existing <rasterio._env.GDALEnv object at 0x7f934a131c30> options
2023-11-16 04:00:03,670 - rasterio._env - DEBUG - Stopped GDALEnv <rasterio._env.GDALEnv object at 0x7f934a131c30>.
2023-11-16 04:00:03,670 - rasterio.env - DEBUG - Exiting outermost env
2023-11-16 04:00:03,670 - rasterio.env - DEBUG - Exited env context: <rasterio.env.Env object at 0x7f938b8be3c0>
2023-11-16 04:00:03,670 - rasterio.env - DEBUG - Entering env context: <rasterio.env.Env object at 0x7f93b50c5d30>
2023-11-16 04:00:03,670 - rasterio.env - DEBUG - Starting outermost env
2023-11-16 04:00:03,670 - rasterio.env - DEBUG - No GDAL environment exists
2023-11-16 04:00:03,671 - rasterio.env - DEBUG - New GDAL environment <rasterio._env.GDALEnv object at 0x7f934a131c30> created
2023-11-16 04:00:03,671 - rasterio._env - DEBUG - GDAL data found in package: path='/home/swx/miniconda3/envs/present_weather/lib/python3.12/site-packages/rasterio/gdal_data'.
2023-11-16 04:00:03,671 - rasterio._env - DEBUG - PROJ_LIB found in environment.
2023-11-16 04:00:03,672 - rasterio._env - DEBUG - Started GDALEnv: self=<rasterio._env.GDALEnv object at 0x7f934a131c30>.
2023-11-16 04:00:03,672 - rasterio.env - DEBUG - Entered env context: <rasterio.env.Env object at 0x7f93b50c5d30>
2023-11-16 04:00:03,672 - rasterio.env - DEBUG - Got a copy of environment <rasterio._env.GDALEnv object at 0x7f934a131c30> options
2023-11-16 04:00:03,673 - rasterio.env - DEBUG - Entering env context: <rasterio.env.Env object at 0x7f938b5bd460>
2023-11-16 04:00:03,673 - rasterio.env - DEBUG - Got a copy of environment <rasterio._env.GDALEnv object at 0x7f934a131c30> options
2023-11-16 04:00:03,673 - rasterio.env - DEBUG - Entered env context: <rasterio.env.Env object at 0x7f938b5bd460>
2023-11-16 04:00:03,673 - rasterio._base - DEBUG - Sharing flag: 0
2023-11-16 04:00:03,674 - rasterio._base - DEBUG - Nodata success: 1, Nodata value: nan
2023-11-16 04:00:03,674 - rasterio._base - DEBUG - Dataset <open DatasetReader name='https://radar.bmkg.go.id/raster/radarsatelit_202311160350.tif' mode='r'> is started.
2023-11-16 04:00:03,674 - rasterio.env - DEBUG - Exiting env context: <rasterio.env.Env object at 0x7f938b5bd460>
2023-11-16 04:00:03,674 - rasterio.env - DEBUG - Cleared existing <rasterio._env.GDALEnv object at 0x7f934a131c30> options
2023-11-16 04:00:03,674 - rasterio._env - DEBUG - Stopped GDALEnv <rasterio._env.GDALEnv object at 0x7f934a131c30>.
2023-11-16 04:00:03,675 - rasterio.env - DEBUG - No GDAL environment exists
2023-11-16 04:00:03,675 - rasterio.env - DEBUG - New GDAL environment <rasterio._env.GDALEnv object at 0x7f934a131c30> created
2023-11-16 04:00:03,675 - rasterio._env - DEBUG - GDAL data found in package: path='/home/swx/miniconda3/envs/present_weather/lib/python3.12/site-packages/rasterio/gdal_data'.
2023-11-16 04:00:03,675 - rasterio._env - DEBUG - PROJ_LIB found in environment.
2023-11-16 04:00:03,675 - rasterio._env - DEBUG - Started GDALEnv: self=<rasterio._env.GDALEnv object at 0x7f934a131c30>.
2023-11-16 04:00:03,676 - rasterio.env - DEBUG - Exited env context: <rasterio.env.Env object at 0x7f938b5bd460>
2023-11-16 04:00:03,707 - rasterio._io - DEBUG - Output nodata value read from file: nan
2023-11-16 04:00:03,707 - rasterio._io - DEBUG - Output nodata values: [nan]
2023-11-16 04:00:03,708 - rasterio._io - DEBUG - all_valid: False
2023-11-16 04:00:03,708 - rasterio._io - DEBUG - mask_flags: ([<MaskFlags.nodata: 8>],)
2023-11-16 04:00:03,708 - rasterio._io - DEBUG - Jump straight to _read()
2023-11-16 04:00:03,708 - rasterio._io - DEBUG - Window: Window(col_off=0, row_off=0, width=10215, height=3792)
2023-11-16 04:00:03,709 - rasterio._io - DEBUG - IO window xoff=0.0 yoff=0.0 width=10215.0 height=3792.0
2023-11-16 04:00:04,373 - rasterio.env - DEBUG - Exiting env context: <rasterio.env.Env object at 0x7f93b50c5d30>
2023-11-16 04:00:04,373 - rasterio.env - DEBUG - Cleared existing <rasterio._env.GDALEnv object at 0x7f934a131c30> options
2023-11-16 04:00:04,373 - rasterio._env - DEBUG - Stopped GDALEnv <rasterio._env.GDALEnv object at 0x7f934a131c30>.
2023-11-16 04:00:04,373 - rasterio.env - DEBUG - Exiting outermost env
2023-11-16 04:00:04,373 - rasterio.env - DEBUG - Exited env context: <rasterio.env.Env object at 0x7f93b50c5d30>
2023-11-16 04:00:04,375 - urllib3.connectionpool - DEBUG - Starting new HTTPS connection (1): radar.bmkg.go.id:8060
2023-11-16 04:00:04,466 - urllib3.connectionpool - DEBUG - https://radar.bmkg.go.id:8060 "GET /getLatestLD?typeData=1 HTTP/1.1" 200 137736
2023-11-16 04:00:04,520 - asyncio - DEBUG - Using selector: EpollSelector
2023-11-16 04:00:11,250 - root - INFO - dask.bag<lambda, npartitions=34>
2023-11-16 04:04:10,513 - root - INFO - Total elapsed time: 0:04:07.119685
