2023-11-24 08:43:03,593 - root - INFO - Initiating present weather
2023-11-24 08:43:03,597 - asyncio - DEBUG - Using selector: EpollSelector
2023-11-24 08:43:06,962 - urllib3.connectionpool - DEBUG - Starting new HTTPS connection (1): radar.bmkg.go.id:8060
2023-11-24 08:43:07,036 - urllib3.connectionpool - DEBUG - https://radar.bmkg.go.id:8060 "GET /getRadarGeotif?token=19387e71e78522ae4172ec0fda640983b8438c9cfa0ca571623cb69d8327&radar=amandemenForecast&type=latest HTTP/1.1" 200 90
2023-11-24 08:43:07,038 - rasterio.env - DEBUG - Entering env context: <rasterio.env.Env object at 0x7f1ef149a060>
2023-11-24 08:43:07,039 - rasterio.env - DEBUG - Starting outermost env
2023-11-24 08:43:07,040 - rasterio.env - DEBUG - No GDAL environment exists
2023-11-24 08:43:07,040 - rasterio.env - DEBUG - New GDAL environment <rasterio._env.GDALEnv object at 0x7f1ef149b340> created
2023-11-24 08:43:07,044 - rasterio._filepath - DEBUG - Installing FilePath filesystem handler plugin...
2023-11-24 08:43:07,045 - rasterio._env - DEBUG - GDAL data found in package: path='/home/swx/miniconda3/envs/present_weather/lib/python3.12/site-packages/rasterio/gdal_data'.
2023-11-24 08:43:07,045 - rasterio._env - DEBUG - PROJ_LIB found in environment.
2023-11-24 08:43:07,045 - rasterio._env - DEBUG - Started GDALEnv: self=<rasterio._env.GDALEnv object at 0x7f1ef149b340>.
2023-11-24 08:43:07,045 - rasterio.env - DEBUG - Entered env context: <rasterio.env.Env object at 0x7f1ef149a060>
2023-11-24 08:43:07,046 - rasterio._base - DEBUG - Sharing flag: 0
2023-11-24 08:43:07,276 - rasterio._base - DEBUG - Nodata success: 1, Nodata value: nan
2023-11-24 08:43:07,276 - rasterio._base - DEBUG - Dataset <open DatasetReader name='https://radar.bmkg.go.id/raster/radarsatelit_202311240840.tif' mode='r'> is started.
2023-11-24 08:43:07,277 - rasterio.env - DEBUG - Exiting env context: <rasterio.env.Env object at 0x7f1ef149a060>
2023-11-24 08:43:07,277 - rasterio.env - DEBUG - Cleared existing <rasterio._env.GDALEnv object at 0x7f1ef149b340> options
2023-11-24 08:43:07,277 - rasterio._env - DEBUG - Stopped GDALEnv <rasterio._env.GDALEnv object at 0x7f1ef149b340>.
2023-11-24 08:43:07,277 - rasterio.env - DEBUG - Exiting outermost env
2023-11-24 08:43:07,278 - rasterio.env - DEBUG - Exited env context: <rasterio.env.Env object at 0x7f1ef149a060>
2023-11-24 08:43:07,278 - rasterio.env - DEBUG - Entering env context: <rasterio.env.Env object at 0x7f1ef1453740>
2023-11-24 08:43:07,278 - rasterio.env - DEBUG - Starting outermost env
2023-11-24 08:43:07,278 - rasterio.env - DEBUG - No GDAL environment exists
2023-11-24 08:43:07,278 - rasterio.env - DEBUG - New GDAL environment <rasterio._env.GDALEnv object at 0x7f1ef149b340> created
2023-11-24 08:43:07,279 - rasterio._env - DEBUG - GDAL data found in package: path='/home/swx/miniconda3/envs/present_weather/lib/python3.12/site-packages/rasterio/gdal_data'.
2023-11-24 08:43:07,279 - rasterio._env - DEBUG - PROJ_LIB found in environment.
2023-11-24 08:43:07,279 - rasterio._env - DEBUG - Started GDALEnv: self=<rasterio._env.GDALEnv object at 0x7f1ef149b340>.
2023-11-24 08:43:07,280 - rasterio.env - DEBUG - Entered env context: <rasterio.env.Env object at 0x7f1ef1453740>
2023-11-24 08:43:07,280 - rasterio.env - DEBUG - Got a copy of environment <rasterio._env.GDALEnv object at 0x7f1ef149b340> options
2023-11-24 08:43:07,280 - rasterio.env - DEBUG - Entering env context: <rasterio.env.Env object at 0x7f1ed874ca10>
2023-11-24 08:43:07,280 - rasterio.env - DEBUG - Got a copy of environment <rasterio._env.GDALEnv object at 0x7f1ef149b340> options
2023-11-24 08:43:07,280 - rasterio.env - DEBUG - Entered env context: <rasterio.env.Env object at 0x7f1ed874ca10>
2023-11-24 08:43:07,281 - rasterio._base - DEBUG - Sharing flag: 0
2023-11-24 08:43:07,282 - rasterio._base - DEBUG - Nodata success: 1, Nodata value: nan
2023-11-24 08:43:07,282 - rasterio._base - DEBUG - Dataset <open DatasetReader name='https://radar.bmkg.go.id/raster/radarsatelit_202311240840.tif' mode='r'> is started.
2023-11-24 08:43:07,282 - rasterio.env - DEBUG - Exiting env context: <rasterio.env.Env object at 0x7f1ed874ca10>
2023-11-24 08:43:07,282 - rasterio.env - DEBUG - Cleared existing <rasterio._env.GDALEnv object at 0x7f1ef149b340> options
2023-11-24 08:43:07,282 - rasterio._env - DEBUG - Stopped GDALEnv <rasterio._env.GDALEnv object at 0x7f1ef149b340>.
2023-11-24 08:43:07,282 - rasterio.env - DEBUG - No GDAL environment exists
2023-11-24 08:43:07,282 - rasterio.env - DEBUG - New GDAL environment <rasterio._env.GDALEnv object at 0x7f1ef149b340> created
2023-11-24 08:43:07,283 - rasterio._env - DEBUG - GDAL data found in package: path='/home/swx/miniconda3/envs/present_weather/lib/python3.12/site-packages/rasterio/gdal_data'.
2023-11-24 08:43:07,283 - rasterio._env - DEBUG - PROJ_LIB found in environment.
2023-11-24 08:43:07,283 - rasterio._env - DEBUG - Started GDALEnv: self=<rasterio._env.GDALEnv object at 0x7f1ef149b340>.
2023-11-24 08:43:07,283 - rasterio.env - DEBUG - Exited env context: <rasterio.env.Env object at 0x7f1ed874ca10>
2023-11-24 08:43:07,310 - rasterio._io - DEBUG - Output nodata value read from file: nan
2023-11-24 08:43:07,310 - rasterio._io - DEBUG - Output nodata values: [nan]
2023-11-24 08:43:07,311 - rasterio._io - DEBUG - all_valid: False
2023-11-24 08:43:07,311 - rasterio._io - DEBUG - mask_flags: ([<MaskFlags.nodata: 8>],)
2023-11-24 08:43:07,311 - rasterio._io - DEBUG - Jump straight to _read()
2023-11-24 08:43:07,311 - rasterio._io - DEBUG - Window: Window(col_off=0, row_off=0, width=10178, height=3732)
2023-11-24 08:43:07,312 - rasterio._io - DEBUG - IO window xoff=0.0 yoff=0.0 width=10178.0 height=3732.0
2023-11-24 08:43:08,261 - rasterio.env - DEBUG - Exiting env context: <rasterio.env.Env object at 0x7f1ef1453740>
2023-11-24 08:43:08,262 - rasterio.env - DEBUG - Cleared existing <rasterio._env.GDALEnv object at 0x7f1ef149b340> options
2023-11-24 08:43:08,262 - rasterio._env - DEBUG - Stopped GDALEnv <rasterio._env.GDALEnv object at 0x7f1ef149b340>.
2023-11-24 08:43:08,262 - rasterio.env - DEBUG - Exiting outermost env
2023-11-24 08:43:08,262 - rasterio.env - DEBUG - Exited env context: <rasterio.env.Env object at 0x7f1ef1453740>
2023-11-24 08:43:08,264 - urllib3.connectionpool - DEBUG - Starting new HTTPS connection (1): radar.bmkg.go.id:8060
2023-11-24 08:43:08,335 - urllib3.connectionpool - DEBUG - https://radar.bmkg.go.id:8060 "GET /getLatestLD?typeData=1 HTTP/1.1" 200 54739
2023-11-24 08:43:08,361 - root - INFO - Generating present weather using RADAR data
2023-11-24 08:43:11,651 - root - INFO - dask.bag<lambda, npartitions=20>
2023-11-24 08:43:30,107 - root - INFO - Total elapsed time: 0:00:26.515064
